x 0 33000
x 1 33001
h 0 10.0.0.10
p 0 100775 33000
h 1 10.0.0.10
p 1 693 33001
x 2 33002
h 2 10.0.0.10
p 2 271 33002
x 0 33003
p 0 245 33003
x 0 33004
p 0 244 33004
x 0 33005
p 0 241 33005
x 0 33006
p 0 266 33006
x 0 33007
p 0 287 33007
x 0 33008
p 0 267 33008
x 0 33009
p 0 317 33009
x 0 33010
p 0 283 33010
x 0 33011
p 0 256 33011
x 0 33012
p 0 243 33012
x 0 33013
p 0 109 33013
x 0 33014
p 0 183 33014
x 0 33015
p 0 227 33015
x 0 33016
p 0 230 33016
x 0 33017
p 0 258 33017
x 0 33018
p 0 229 33018
x 0 33019
p 0 225 33019
x 0 33020
p 0 235 33020
x 0 33021
p 0 232 33021
x 0 33022
p 0 222 33022
x 0 33023
p 0 228 33023
x 0 33024
p 0 224 33024
x 0 33025
p 0 228 33025
x 0 33026
p 0 226 33026
x 0 33027
p 0 225 33027
x 0 33028
p 0 227 33028
x 0 33029
p 0 234 33029
x 0 33030
p 0 228 33030
x 0 33031
p 0 265 33031
x 0 33032
p 0 224 33032
x 0 33033
p 0 222 33033
x 0 33034
p 0 219 33034
x 0 33035
p 0 222 33035
x 0 33036
p 0 225 33036
x 0 33037
p 0 223 33037
x 0 33038
p 0 227 33038
x 0 33039
p 0 228 33039
x 0 33040
p 0 258 33040
x 0 33041
p 0 236 33041
x 0 33042
p 0 219 33042
x 0 33043
p 0 239 33043
x 0 33044
p 0 353 33044
x 0 33045
p 0 215 33045
x 0 33046
p 0 217 33046
x 0 33047
p 0 226 33047
x 0 33048
p 0 217 33048
x 0 33049
p 0 218 33049
x 0 33050
p 0 221 33050
x 0 33051
p 0 1901 33051
x 0 33052
p 0 220 33052
x 0 33053
p 0 221 33053
x 0 33054
p 0 232 33054
x 0 33055
p 0 223 33055
x 0 33056
p 0 207 33056
x 0 33057
p 0 298 33057
x 0 33058
p 0 218 33058
x 0 33059
p 0 225 33059
x 0 33060
p 0 229 33060
x 0 33061
p 0 228 33061
x 0 33000
h 0 10.0.0.10
p 0 46944 33000
x 1 33001
h 1 10.0.0.10
p 1 1254 33001
x 0 33002
p 0 218 33002
x 0 33003
p 0 216 33003
x 0 33004
p 0 210 33004
x 0 33005
p 0 229 33005
x 0 33006
p 0 222 33006
x 0 33007
p 0 220 33007
x 0 33008
p 0 213 33008
x 0 33009
p 0 232 33009
x 0 33010
p 0 218 33010
x 0 33011
p 0 220 33011
x 0 33012
p 0 189 33012
x 0 33013
p 0 222 33013
x 0 33014
p 0 215 33014
x 0 33015
p 0 223 33015
x 0 33016
p 0 222 33016
x 0 33017
p 0 244 33017
x 0 33018
p 0 218 33018
x 0 33019
p 0 221 33019
x 0 33020
p 0 221 33020
x 0 33021
p 0 242 33021
x 0 33022
p 0 191 33022
x 0 33023
p 0 248 33023
x 0 33024
p 0 236 33024
x 0 33025
p 0 230 33025
x 0 33026
p 0 192 33026
x 0 33027
p 0 183 33027
x 0 33028
p 0 219 33028
x 0 33029
p 0 222 33029
x 0 33030
p 0 193 33030
x 0 33031
p 0 192 33031
x 0 33032
p 0 185 33032
x 0 33033
p 0 214 33033
x 0 33034
p 0 170 33034
x 0 33035
p 0 235 33035
x 0 33036
p 0 262 33036
x 0 33037
p 0 256 33037
x 0 33038
p 0 236 33038
x 0 33039
p 0 237 33039
x 0 33040
p 0 267 33040
x 0 33041
p 0 226 33041
x 0 33042
p 0 229 33042
x 0 33043
p 0 225 33043
x 0 33044
p 0 283 33044
x 0 33045
p 0 224 33045
x 0 33046
p 0 247 33046
x 0 33047
p 0 226 33047
x 0 33048
p 0 219 33048
x 0 33049
p 0 236 33049
x 0 33050
p 0 221 33050
x 0 33051
p 0 220 33051
x 0 33052
p 0 235 33052
x 0 33053
p 0 220 33053
x 0 33054
p 0 252 33054
x 0 33055
p 0 259 33055
x 0 33056
p 0 254 33056
x 0 33057
p 0 234 33057
x 0 33058
p 0 294 33058
x 0 33059
p 0 253 33059
x 0 33060
p 0 233 33060
x 0 33000
h 0 10.0.0.10
p 0 45188 33000
x 1 33001
h 1 10.0.0.10
p 1 1412 33001
x 0 33002
p 0 227 33002
x 0 33003
p 0 228 33003
x 0 33004
p 0 270 33004
x 0 33005
p 0 234 33005
x 0 33006
p 0 221 33006
x 0 33007
p 0 219 33007
x 0 33008
p 0 196 33008
x 0 33009
p 0 230 33009
x 0 33010
p 0 223 33010
x 0 33011
p 0 223 33011
x 0 33012
p 0 224 33012
x 0 33013
p 0 253 33013
x 0 33014
p 0 223 33014
x 0 33015
p 0 221 33015
x 0 33016
p 0 223 33016
x 0 33017
p 0 226 33017
x 0 33018
p 0 221 33018
x 0 33019
p 0 221 33019
x 0 33020
p 0 221 33020
x 0 33021
p 0 226 33021
x 0 33022
p 0 221 33022
x 0 33023
p 0 227 33023
x 0 33024
p 0 189 33024
x 0 33025
p 0 228 33025
x 0 33026
p 0 219 33026
x 0 33027
p 0 224 33027
x 0 33028
p 0 223 33028
x 0 33029
p 0 229 33029
x 0 33030
p 0 216 33030
x 0 33031
p 0 221 33031
x 0 33032
p 0 218 33032
x 0 33033
p 0 256 33033
x 0 33034
p 0 219 33034
x 0 33035
p 0 217 33035
x 0 33036
p 0 219 33036
x 0 33037
p 0 217 33037
x 0 33038
p 0 185 33038
x 0 33039
p 0 224 33039
x 0 33040
p 0 218 33040
x 0 33041
p 0 223 33041
x 0 33042
p 0 187 33042
x 0 33043
p 0 185 33043
x 0 33044
p 0 186 33044
x 0 33045
p 0 209 33045
x 0 33046
p 0 183 33046
x 0 33047
p 0 186 33047
x 0 33048
p 0 178 33048
x 0 33049
p 0 227 33049
x 0 33050
p 0 174 33050
x 0 33051
p 0 182 33051
x 0 33052
p 0 296 33052
x 0 33053
p 0 170 33053
x 0 33054
p 0 187 33054
x 0 33055
p 0 287 33055
x 0 33056
p 0 230 33056
x 0 33057
p 0 239 33057
x 0 33058
p 0 251 33058
x 0 33059
p 0 259 33059
x 0 33060
p 0 229 33060
