x 0 33000
x 1 33001
x 2 33002
x 3 33003
x 4 33004
h 2 10.0.0.9
p 2 292745 33002
x 5 33005
h 5 10.0.0.9
p 5 610 33005
h 3 10.0.0.9
p 3 234953 33003
h 4 10.0.0.9
p 4 164424 33004
x 0 33006
h 0 10.0.0.9
p 0 181 33006
x 1 33007
h 1 10.0.0.9
p 1 219 33007
p 0 1016524 33000
p 1 1012235 33001
x 0 33008
p 0 212 33008
x 0 33009
p 0 300 33009
x 0 33010
p 0 255 33010
x 0 33011
p 0 239 33011
x 0 33012
p 0 225 33012
x 0 33013
p 0 243 33013
x 0 33014
p 0 228 33014
x 0 33015
p 0 225 33015
x 0 33016
p 0 226 33016
x 0 33017
p 0 226 33017
x 0 33018
p 0 236 33018
x 0 33019
p 0 282 33019
x 0 33020
p 0 227 33020
x 0 33021
p 0 315 33021
x 0 33022
p 0 310 33022
x 0 33023
p 0 329 33023
x 0 33024
p 0 226 33024
x 0 33025
p 0 219 33025
x 0 33026
p 0 215 33026
x 0 33027
p 0 216 33027
x 0 33028
p 0 204 33028
x 0 33029
p 0 219 33029
x 0 33030
p 0 219 33030
x 0 33031
p 0 219 33031
x 0 33032
p 0 228 33032
x 0 33033
p 0 233 33033
x 0 33034
p 0 394 33034
x 0 33035
p 0 305 33035
x 0 33036
p 0 225 33036
x 0 33037
p 0 93 33037
x 0 33038
p 0 325 33038
x 0 33039
p 0 313 33039
x 0 33040
p 0 232 33040
x 0 33041
p 0 351 33041
x 0 33042
p 0 316 33042
x 0 33043
p 0 366 33043
x 0 33044
p 0 353 33044
x 0 33045
p 0 411 33045
x 0 33046
p 0 322 33046
x 0 33047
p 0 338 33047
x 0 33048
p 0 242 33048
x 0 33049
p 0 232 33049
x 0 33050
p 0 240 33050
x 0 33051
p 0 321 33051
x 0 33052
p 0 201 33052
x 0 33053
p 0 272 33053
x 0 33054
p 0 208 33054
x 0 33055
p 0 205 33055
x 0 33056
p 0 204 33056
x 0 33057
p 0 228 33057
x 0 33058
p 0 207 33058
x 0 33059
p 0 129 33059
x 0 33060
p 0 201 33060
x 0 33061
p 0 220 33061
x 0 33062
p 0 194 33062
x 0 33063
p 0 232 33063
x 0 33064
p 0 193 33064
x 0 33065
p 0 189 33065
x 0 33000
x 1 33001
h 1 10.0.0.9
p 1 661 33001
x 2 33002
h 2 10.0.0.9
p 2 172 33002
x 0 33003
h 0 10.0.0.9
p 0 150 33003
x 1 33004
p 1 171 33004
p 0 1009010 33000
x 0 33005
p 0 183 33005
x 0 33006
p 0 179 33006
x 0 33007
p 0 178 33007
x 0 33008
p 0 213 33008
x 0 33009
p 0 192 33009
x 0 33010
p 0 225 33010
x 0 33011
p 0 221 33011
x 0 33012
p 0 307 33012
x 0 33013
p 0 225 33013
x 0 33014
p 0 220 33014
x 0 33015
p 0 400 33015
x 0 33016
p 0 222 33016
x 0 33017
p 0 223 33017
x 0 33018
p 0 225 33018
x 0 33019
p 0 224 33019
x 0 33020
p 0 225 33020
x 0 33021
p 0 216 33021
x 0 33022
p 0 219 33022
x 0 33023
p 0 217 33023
x 0 33024
p 0 221 33024
x 0 33025
p 0 212 33025
x 0 33026
p 0 218 33026
x 0 33027
p 0 221 33027
x 0 33028
p 0 228 33028
x 0 33029
p 0 213 33029
x 0 33030
p 0 220 33030
x 0 33031
p 0 213 33031
x 0 33032
p 0 221 33032
x 0 33033
p 0 217 33033
x 0 33034
p 0 218 33034
x 0 33035
p 0 217 33035
x 0 33036
p 0 221 33036
x 0 33037
p 0 215 33037
x 0 33038
p 0 222 33038
x 0 33039
p 0 221 33039
x 0 33040
p 0 230 33040
x 0 33041
p 0 217 33041
x 0 33042
p 0 219 33042
x 0 33043
p 0 217 33043
x 0 33044
p 0 219 33044
x 0 33045
p 0 220 33045
x 0 33046
p 0 215 33046
x 0 33047
p 0 216 33047
x 0 33048
p 0 220 33048
x 0 33049
p 0 219 33049
x 0 33050
p 0 217 33050
x 0 33051
p 0 228 33051
x 0 33052
p 0 215 33052
x 0 33053
p 0 214 33053
x 0 33054
p 0 212 33054
x 0 33055
p 0 215 33055
x 0 33056
p 0 210 33056
x 0 33057
p 0 220 33057
x 0 33058
p 0 211 33058
x 0 33059
p 0 211 33059
x 0 33060
p 0 215 33060
x 0 33061
p 0 215 33061
x 0 33062
p 0 305 33062
x 0 33000
x 1 33001
h 1 10.0.0.9
p 1 1007 33001
x 2 33002
h 2 10.0.0.9
p 2 253 33002
x 0 33003
h 0 10.0.0.9
p 0 223 33003
x 1 33004
p 1 214 33004
p 0 1029062 33000
x 0 33005
p 0 250 33005
x 0 33006
p 0 215 33006
x 0 33007
p 0 218 33007
x 0 33008
p 0 208 33008
x 0 33009
p 0 210 33009
x 0 33010
p 0 209 33010
x 0 33011
p 0 207 33011
x 0 33012
p 0 209 33012
x 0 33013
p 0 207 33013
x 0 33014
p 0 207 33014
x 0 33015
p 0 208 33015
x 0 33016
p 0 185 33016
x 0 33017
p 0 207 33017
x 0 33018
p 0 207 33018
x 0 33019
p 0 205 33019
x 0 33020
p 0 206 33020
x 0 33021
p 0 208 33021
x 0 33022
p 0 208 33022
x 0 33023
p 0 207 33023
x 0 33024
p 0 177 33024
x 0 33025
p 0 204 33025
x 0 33026
p 0 204 33026
x 0 33027
p 0 207 33027
x 0 33028
p 0 204 33028
x 0 33029
p 0 204 33029
x 0 33030
p 0 208 33030
x 0 33031
p 0 204 33031
x 0 33032
p 0 207 33032
x 0 33033
p 0 208 33033
x 0 33034
p 0 209 33034
x 0 33035
p 0 210 33035
x 0 33036
p 0 209 33036
x 0 33037
p 0 209 33037
x 0 33038
p 0 264 33038
x 0 33039
p 0 207 33039
x 0 33040
p 0 232 33040
x 0 33041
p 0 210 33041
x 0 33042
p 0 208 33042
x 0 33043
p 0 181 33043
x 0 33044
p 0 207 33044
x 0 33045
p 0 210 33045
x 0 33046
p 0 208 33046
x 0 33047
p 0 179 33047
x 0 33048
p 0 206 33048
x 0 33049
p 0 177 33049
x 0 33050
p 0 207 33050
x 0 33051
p 0 177 33051
x 0 33052
p 0 211 33052
x 0 33053
p 0 181 33053
x 0 33054
p 0 178 33054
x 0 33055
p 0 181 33055
x 0 33056
p 0 177 33056
x 0 33057
p 0 178 33057
x 0 33058
p 0 182 33058
x 0 33059
p 0 182 33059
x 0 33060
p 0 185 33060
x 0 33061
p 0 180 33061
x 0 33062
p 0 180 33062
x 0 33000
x 1 33001
h 1 10.0.0.9
p 1 813 33001
x 2 33002
h 2 10.0.0.9
p 2 246 33002
x 0 33003
h 0 10.0.0.9
p 0 249 33003
x 1 33004
p 1 214 33004
p 0 1011062 33000
x 0 33005
p 0 247 33005
x 0 33006
p 0 219 33006
x 0 33007
p 0 223 33007
x 0 33008
p 0 216 33008
x 0 33009
p 0 181 33009
x 0 33010
p 0 214 33010
x 0 33011
p 0 212 33011
x 0 33012
p 0 215 33012
x 0 33013
p 0 213 33013
x 0 33014
p 0 215 33014
x 0 33015
p 0 214 33015
x 0 33016
p 0 213 33016
x 0 33017
p 0 214 33017
x 0 33018
p 0 211 33018
x 0 33019
p 0 217 33019
x 0 33020
p 0 218 33020
x 0 33021
p 0 286 33021
x 0 33022
p 0 217 33022
x 0 33023
p 0 82 33023
x 0 33024
p 0 218 33024
x 0 33025
p 0 216 33025
x 0 33026
p 0 278 33026
x 0 33027
p 0 203 33027
x 0 33028
p 0 255 33028
x 0 33029
p 0 212 33029
x 0 33030
p 0 214 33030
x 0 33031
p 0 213 33031
x 0 33032
p 0 216 33032
x 0 33033
p 0 212 33033
x 0 33034
p 0 213 33034
x 0 33035
p 0 223 33035
x 0 33036
p 0 217 33036
x 0 33037
p 0 222 33037
x 0 33038
p 0 219 33038
x 0 33039
p 0 256 33039
x 0 33040
p 0 224 33040
x 0 33041
p 0 225 33041
x 0 33042
p 0 222 33042
x 0 33043
p 0 221 33043
x 0 33044
p 0 224 33044
x 0 33045
p 0 217 33045
x 0 33046
p 0 254 33046
x 0 33047
p 0 213 33047
x 0 33048
p 0 212 33048
x 0 33049
p 0 214 33049
x 0 33050
p 0 215 33050
x 0 33051
p 0 216 33051
x 0 33052
p 0 219 33052
x 0 33053
p 0 252 33053
x 0 33054
p 0 214 33054
x 0 33055
p 0 217 33055
x 0 33056
p 0 216 33056
x 0 33057
p 0 216 33057
x 0 33058
p 0 216 33058
x 0 33059
p 0 218 33059
x 0 33060
p 0 216 33060
x 0 33061
p 0 215 33061
x 0 33062
p 0 209 33062
x 0 33000
x 1 33001
h 1 10.0.0.9
p 1 569 33001
x 2 33002
h 2 10.0.0.9
p 2 146 33002
x 0 33003
h 0 10.0.0.9
p 0 140 33003
x 1 33004
p 1 184 33004
p 0 1031476 33000
x 0 33005
p 0 161 33005
x 0 33006
p 0 177 33006
x 0 33007
p 0 98 33007
x 0 33008
p 0 211 33008
x 0 33009
p 0 324 33009
x 0 33010
p 0 207 33010
x 0 33011
p 0 273 33011
x 0 33012
p 0 207 33012
x 0 33013
p 0 178 33013
x 0 33014
p 0 362 33014
x 0 33015
p 0 412 33015
x 0 33016
p 0 263 33016
x 0 33017
p 0 392 33017
x 0 33018
p 0 347 33018
x 0 33019
p 0 259 33019
x 0 33020
p 0 368 33020
x 0 33021
p 0 349 33021
x 0 33022
p 0 194 33022
x 0 33023
p 0 351 33023
x 0 33024
p 0 341 33024
x 0 33025
p 0 350 33025
x 0 33026
p 0 390 33026
x 0 33027
p 0 362 33027
x 0 33028
p 0 206 33028
x 0 33029
p 0 206 33029
x 0 33030
p 0 206 33030
x 0 33031
p 0 204 33031
x 0 33032
p 0 174 33032
x 0 33033
p 0 209 33033
x 0 33034
p 0 375 33034
x 0 33035
p 0 359 33035
x 0 33036
p 0 339 33036
x 0 33037
p 0 344 33037
x 0 33038
p 0 373 33038
x 0 33039
p 0 355 33039
x 0 33040
p 0 236 33040
x 0 33041
p 0 178 33041
x 0 33042
p 0 175 33042
x 0 33043
p 0 216 33043
x 0 33044
p 0 357 33044
x 0 33045
p 0 354 33045
x 0 33046
p 0 350 33046
x 0 33047
p 0 374 33047
x 0 33048
p 0 324 33048
x 0 33049
p 0 325 33049
x 0 33050
p 0 361 33050
x 0 33051
p 0 320 33051
x 0 33052
p 0 352 33052
x 0 33053
p 0 320 33053
x 0 33054
p 0 306 33054
x 0 33055
p 0 213 33055
x 0 33056
p 0 206 33056
x 0 33057
p 0 178 33057
x 0 33058
p 0 212 33058
x 0 33059
p 0 180 33059
x 0 33060
p 0 211 33060
x 0 33061
p 0 177 33061
x 0 33062
p 0 206 33062
x 0 33000
x 1 33001
h 1 10.0.0.9
p 1 719 33001
x 2 33002
h 2 10.0.0.9
p 2 206 33002
x 0 33003
h 0 10.0.0.9
p 0 208 33003
x 1 33004
p 1 204 33004
p 0 1016649 33000
x 0 33005
p 0 205 33005
x 0 33006
p 0 207 33006
x 0 33007
p 0 169 33007
x 0 33008
p 0 318 33008
x 0 33009
p 0 197 33009
x 0 33010
p 0 327 33010
x 0 33011
p 0 311 33011
x 0 33012
p 0 283 33012
x 0 33013
p 0 314 33013
x 0 33014
p 0 189 33014
x 0 33015
p 0 174 33015
x 0 33016
p 0 206 33016
x 0 33017
p 0 176 33017
x 0 33018
p 0 179 33018
x 0 33019
p 0 178 33019
x 0 33020
p 0 255 33020
x 0 33021
p 0 176 33021
x 0 33022
p 0 199 33022
x 0 33023
p 0 180 33023
x 0 33024
p 0 188 33024
x 0 33025
p 0 196 33025
x 0 33026
p 0 183 33026
x 0 33027
p 0 207 33027
x 0 33028
p 0 208 33028
x 0 33029
p 0 172 33029
x 0 33030
p 0 194 33030
x 0 33031
p 0 111 33031
x 0 33032
p 0 207 33032
x 0 33033
p 0 207 33033
x 0 33034
p 0 212 33034
x 0 33035
p 0 182 33035
x 0 33036
p 0 299 33036
x 0 33037
p 0 297 33037
x 0 33038
p 0 276 33038
x 0 33039
p 0 187 33039
x 0 33040
p 0 212 33040
x 0 33041
p 0 298 33041
x 0 33042
p 0 214 33042
x 0 33043
p 0 180 33043
x 0 33044
p 0 207 33044
x 0 33045
p 0 208 33045
x 0 33046
p 0 207 33046
x 0 33047
p 0 124 33047
x 0 33048
p 0 183 33048
x 0 33049
p 0 206 33049
x 0 33050
p 0 303 33050
x 0 33051
p 0 181 33051
x 0 33052
p 0 280 33052
x 0 33053
p 0 214 33053
x 0 33054
p 0 216 33054
x 0 33055
p 0 183 33055
x 0 33056
p 0 213 33056
x 0 33057
p 0 179 33057
x 0 33058
p 0 210 33058
x 0 33059
p 0 180 33059
x 0 33060
p 0 213 33060
x 0 33061
p 0 168 33061
x 0 33062
p 0 207 33062
x 0 33000
x 1 33001
h 1 10.0.0.9
p 1 938 33001
x 2 33002
h 2 10.0.0.9
p 2 207 33002
x 0 33003
h 0 10.0.0.9
p 0 238 33003
x 1 33004
p 1 230 33004
p 0 1002555 33000
x 0 33005
p 0 211 33005
x 0 33006
p 0 212 33006
x 0 33007
p 0 217 33007
x 0 33008
p 0 214 33008
x 0 33009
p 0 216 33009
x 0 33010
p 0 222 33010
x 0 33011
p 0 210 33011
x 0 33012
p 0 211 33012
x 0 33013
p 0 208 33013
x 0 33014
p 0 210 33014
x 0 33015
p 0 187 33015
x 0 33016
p 0 212 33016
x 0 33017
p 0 271 33017
x 0 33018
p 0 222 33018
x 0 33019
p 0 256 33019
x 0 33020
p 0 219 33020
x 0 33021
p 0 196 33021
x 0 33022
p 0 267 33022
x 0 33023
p 0 217 33023
x 0 33024
p 0 804 33024
x 0 33025
p 0 222 33025
x 0 33026
p 0 228 33026
x 0 33027
p 0 223 33027
x 0 33028
p 0 206 33028
x 0 33029
p 0 216 33029
x 0 33030
p 0 216 33030
x 0 33031
p 0 759 33031
x 0 33032
p 0 214 33032
x 0 33033
p 0 213 33033
x 0 33034
p 0 224 33034
x 0 33035
p 0 221 33035
x 0 33036
p 0 216 33036
x 0 33037
p 0 215 33037
x 0 33038
p 0 213 33038
x 0 33039
p 0 163 33039
x 0 33040
p 0 164 33040
x 0 33041
p 0 162 33041
x 0 33042
p 0 341 33042
x 0 33043
p 0 166 33043
x 0 33044
p 0 164 33044
x 0 33045
p 0 201 33045
x 0 33046
p 0 163 33046
x 0 33047
p 0 162 33047
x 0 33048
p 0 150 33048
x 0 33049
p 0 164 33049
x 0 33050
p 0 165 33050
x 0 33051
p 0 191 33051
x 0 33052
p 0 166 33052
x 0 33053
p 0 168 33053
x 0 33054
p 0 189 33054
x 0 33055
p 0 246 33055
x 0 33056
p 0 192 33056
x 0 33057
p 0 180 33057
x 0 33058
p 0 202 33058
x 0 33059
p 0 181 33059
x 0 33060
p 0 161 33060
x 0 33061
p 0 239 33061
x 0 33062
p 0 152 33062
x 0 33000
x 1 33001
h 1 10.0.0.9
p 1 825 33001
x 2 33002
h 2 10.0.0.9
p 2 285 33002
x 0 33003
h 0 10.0.0.9
p 0 223 33003
x 1 33004
p 1 219 33004
p 0 1008717 33000
x 0 33005
p 0 216 33005
x 0 33006
p 0 219 33006
x 0 33007
p 0 222 33007
x 0 33008
p 0 213 33008
x 0 33009
p 0 216 33009
x 0 33010
p 0 219 33010
x 0 33011
p 0 213 33011
x 0 33012
p 0 183 33012
x 0 33013
p 0 214 33013
x 0 33014
p 0 209 33014
x 0 33015
p 0 182 33015
x 0 33016
p 0 210 33016
x 0 33017
p 0 210 33017
x 0 33018
p 0 216 33018
x 0 33019
p 0 214 33019
x 0 33020
p 0 210 33020
x 0 33021
p 0 211 33021
x 0 33022
p 0 212 33022
x 0 33023
p 0 182 33023
x 0 33024
p 0 209 33024
x 0 33025
p 0 210 33025
x 0 33026
p 0 210 33026
x 0 33027
p 0 208 33027
x 0 33028
p 0 211 33028
x 0 33029
p 0 212 33029
x 0 33030
p 0 213 33030
x 0 33031
p 0 212 33031
x 0 33032
p 0 211 33032
x 0 33033
p 0 215 33033
x 0 33034
p 0 183 33034
x 0 33035
p 0 225 33035
x 0 33036
p 0 188 33036
x 0 33037
p 0 217 33037
x 0 33038
p 0 216 33038
x 0 33039
p 0 181 33039
x 0 33040
p 0 186 33040
x 0 33041
p 0 214 33041
x 0 33042
p 0 219 33042
x 0 33043
p 0 64 33043
x 0 33044
p 0 171 33044
x 0 33045
p 0 301 33045
x 0 33046
p 0 290 33046
x 0 33047
p 0 210 33047
x 0 33048
p 0 212 33048
x 0 33049
p 0 213 33049
x 0 33050
p 0 212 33050
x 0 33051
p 0 213 33051
x 0 33052
p 0 215 33052
x 0 33053
p 0 213 33053
x 0 33054
p 0 212 33054
x 0 33055
p 0 212 33055
x 0 33056
p 0 208 33056
x 0 33057
p 0 209 33057
x 0 33058
p 0 211 33058
x 0 33059
p 0 211 33059
x 0 33060
p 0 213 33060
x 0 33061
p 0 212 33061
x 0 33062
p 0 241 33062
x 0 33000
x 1 33001
h 1 10.0.0.9
p 1 809 33001
x 2 33002
h 2 10.0.0.9
p 2 251 33002
x 0 33003
h 0 10.0.0.9
p 0 176 33003
x 1 33004
p 1 213 33004
p 0 1006075 33000
x 0 33005
p 0 205 33005
x 0 33006
p 0 214 33006
x 0 33007
p 0 194 33007
x 0 33008
p 0 211 33008
x 0 33009
p 0 254 33009
x 0 33010
p 0 206 33010
x 0 33011
p 0 183 33011
x 0 33012
p 0 207 33012
x 0 33013
p 0 205 33013
x 0 33014
p 0 205 33014
x 0 33015
p 0 237 33015
x 0 33016
p 0 208 33016
x 0 33017
p 0 211 33017
x 0 33018
p 0 208 33018
x 0 33019
p 0 205 33019
x 0 33020
p 0 205 33020
x 0 33021
p 0 209 33021
x 0 33022
p 0 207 33022
x 0 33023
p 0 205 33023
x 0 33024
p 0 206 33024
x 0 33025
p 0 207 33025
x 0 33026
p 0 200 33026
x 0 33027
p 0 206 33027
x 0 33028
p 0 206 33028
x 0 33029
p 0 206 33029
x 0 33030
p 0 208 33030
x 0 33031
p 0 275 33031
x 0 33032
p 0 206 33032
x 0 33033
p 0 206 33033
x 0 33034
p 0 207 33034
x 0 33035
p 0 222 33035
x 0 33036
p 0 182 33036
x 0 33037
p 0 209 33037
x 0 33038
p 0 208 33038
x 0 33039
p 0 208 33039
x 0 33040
p 0 161 33040
x 0 33041
p 0 208 33041
x 0 33042
p 0 212 33042
x 0 33043
p 0 210 33043
x 0 33044
p 0 110 33044
x 0 33045
p 0 191 33045
x 0 33046
p 0 212 33046
x 0 33047
p 0 210 33047
x 0 33048
p 0 207 33048
x 0 33049
p 0 212 33049
x 0 33050
p 0 192 33050
x 0 33051
p 0 279 33051
x 0 33052
p 0 209 33052
x 0 33053
p 0 208 33053
x 0 33054
p 0 212 33054
x 0 33055
p 0 232 33055
x 0 33056
p 0 215 33056
x 0 33057
p 0 214 33057
x 0 33058
p 0 216 33058
x 0 33059
p 0 163 33059
x 0 33060
p 0 213 33060
x 0 33061
p 0 190 33061
x 0 33062
p 0 211 33062
x 0 33000
x 1 33001
h 1 10.0.0.9
p 1 741 33001
x 2 33002
h 2 10.0.0.9
p 2 177 33002
x 0 33003
h 0 10.0.0.9
p 0 195 33003
x 1 33004
p 1 121 33004
p 0 1025774 33000
x 0 33005
p 0 210 33005
x 0 33006
p 0 316 33006
x 0 33007
p 0 165 33007
x 0 33008
p 0 212 33008
x 0 33009
p 0 223 33009
x 0 33010
p 0 220 33010
x 0 33011
p 0 222 33011
x 0 33012
p 0 216 33012
x 0 33013
p 0 218 33013
x 0 33014
p 0 218 33014
x 0 33015
p 0 218 33015
x 0 33016
p 0 223 33016
x 0 33017
p 0 218 33017
x 0 33018
p 0 219 33018
x 0 33019
p 0 220 33019
x 0 33020
p 0 187 33020
x 0 33021
p 0 223 33021
x 0 33022
p 0 219 33022
x 0 33023
p 0 218 33023
x 0 33024
p 0 216 33024
x 0 33025
p 0 215 33025
x 0 33026
p 0 222 33026
x 0 33027
p 0 218 33027
x 0 33028
p 0 220 33028
x 0 33029
p 0 215 33029
x 0 33030
p 0 218 33030
x 0 33031
p 0 217 33031
x 0 33032
p 0 216 33032
x 0 33033
p 0 217 33033
x 0 33034
p 0 219 33034
x 0 33035
p 0 217 33035
x 0 33036
p 0 218 33036
x 0 33037
p 0 215 33037
x 0 33038
p 0 219 33038
x 0 33039
p 0 218 33039
x 0 33040
p 0 219 33040
x 0 33041
p 0 215 33041
x 0 33042
p 0 218 33042
x 0 33043
p 0 220 33043
x 0 33044
p 0 216 33044
x 0 33045
p 0 214 33045
x 0 33046
p 0 218 33046
x 0 33047
p 0 216 33047
x 0 33048
p 0 216 33048
x 0 33049
p 0 217 33049
x 0 33050
p 0 220 33050
x 0 33051
p 0 218 33051
x 0 33052
p 0 220 33052
x 0 33053
p 0 217 33053
x 0 33054
p 0 219 33054
x 0 33055
p 0 218 33055
x 0 33056
p 0 218 33056
x 0 33057
p 0 216 33057
x 0 33058
p 0 218 33058
x 0 33059
p 0 441 33059
x 0 33060
p 0 208 33060
x 0 33061
p 0 208 33061
x 0 33062
p 0 208 33062
x 0 33000
x 1 33001
h 1 10.0.0.9
p 1 799 33001
x 2 33002
h 2 10.0.0.9
p 2 213 33002
x 0 33003
h 0 10.0.0.9
p 0 256 33003
x 1 33004
p 1 211 33004
p 0 1021704 33000
x 0 33005
p 0 215 33005
x 0 33006
p 0 217 33006
x 0 33007
p 0 212 33007
x 0 33008
p 0 216 33008
x 0 33009
p 0 193 33009
x 0 33010
p 0 218 33010
x 0 33011
p 0 230 33011
x 0 33012
p 0 173 33012
x 0 33013
p 0 173 33013
x 0 33014
p 0 171 33014
x 0 33015
p 0 171 33015
x 0 33016
p 0 170 33016
x 0 33017
p 0 204 33017
x 0 33018
p 0 294 33018
x 0 33019
p 0 169 33019
x 0 33020
p 0 172 33020
x 0 33021
p 0 170 33021
x 0 33022
p 0 170 33022
x 0 33023
p 0 171 33023
x 0 33024
p 0 212 33024
x 0 33025
p 0 212 33025
x 0 33026
p 0 212 33026
x 0 33027
p 0 168 33027
x 0 33028
p 0 165 33028
x 0 33029
p 0 165 33029
x 0 33030
p 0 174 33030
x 0 33031
p 0 206 33031
x 0 33032
p 0 171 33032
x 0 33033
p 0 175 33033
x 0 33034
p 0 167 33034
x 0 33035
p 0 166 33035
x 0 33036
p 0 170 33036
x 0 33037
p 0 210 33037
x 0 33038
p 0 225 33038
x 0 33039
p 0 209 33039
x 0 33040
p 0 213 33040
x 0 33041
p 0 195 33041
x 0 33042
p 0 211 33042
x 0 33043
p 0 214 33043
x 0 33044
p 0 258 33044
x 0 33045
p 0 209 33045
x 0 33046
p 0 214 33046
x 0 33047
p 0 152 33047
x 0 33048
p 0 212 33048
x 0 33049
p 0 208 33049
x 0 33050
p 0 215 33050
x 0 33051
p 0 216 33051
x 0 33052
p 0 211 33052
x 0 33053
p 0 213 33053
x 0 33054
p 0 209 33054
x 0 33055
p 0 164 33055
x 0 33056
p 0 212 33056
x 0 33057
p 0 214 33057
x 0 33058
p 0 169 33058
x 0 33059
p 0 173 33059
x 0 33060
p 0 177 33060
x 0 33061
p 0 179 33061
x 0 33062
p 0 211 33062
x 0 33000
x 1 33001
h 1 10.0.0.9
p 1 805 33001
x 2 33002
h 2 10.0.0.9
p 2 206 33002
x 0 33003
h 0 10.0.0.9
p 0 158 33003
x 1 33004
p 1 206 33004
p 0 1005357 33000
x 0 33005
p 0 228 33005
x 0 33006
p 0 432 33006
x 0 33007
p 0 324 33007
x 0 33008
p 0 378 33008
x 0 33009
p 0 451 33009
x 0 33010
p 0 364 33010
x 0 33011
p 0 367 33011
x 0 33012
p 0 317 33012
x 0 33013
p 0 270 33013
x 0 33014
p 0 257 33014
x 0 33015
p 0 269 33015
x 0 33016
p 0 375 33016
x 0 33017
p 0 264 33017
x 0 33018
p 0 353 33018
x 0 33019
p 0 356 33019
x 0 33020
p 0 828 33020
x 0 33021
p 0 173 33021
x 0 33022
p 0 177 33022
x 0 33023
p 0 183 33023
x 0 33024
p 0 178 33024
x 0 33025
p 0 260 33025
x 0 33026
p 0 221 33026
x 0 33027
p 0 215 33027
x 0 33028
p 0 217 33028
x 0 33029
p 0 227 33029
x 0 33030
p 0 221 33030
x 0 33031
p 0 223 33031
x 0 33032
p 0 252 33032
x 0 33033
p 0 261 33033
x 0 33034
p 0 702 33034
x 0 33035
p 0 338 33035
x 0 33036
p 0 161 33036
x 0 33037
p 0 184 33037
x 0 33038
p 0 231 33038
x 0 33039
p 0 229 33039
x 0 33040
p 0 233 33040
x 0 33041
p 0 282 33041
x 0 33042
p 0 218 33042
x 0 33043
p 0 249 33043
x 0 33044
p 0 243 33044
x 0 33045
p 0 227 33045
x 0 33046
p 0 226 33046
x 0 33047
p 0 221 33047
x 0 33048
p 0 220 33048
x 0 33049
p 0 223 33049
x 0 33050
p 0 217 33050
x 0 33051
p 0 200 33051
x 0 33052
p 0 171 33052
x 0 33053
p 0 264 33053
x 0 33054
p 0 239 33054
x 0 33055
p 0 376 33055
x 0 33056
p 0 183 33056
x 0 33057
p 0 268 33057
x 0 33058
p 0 272 33058
x 0 33059
p 0 362 33059
x 0 33060
p 0 305 33060
x 0 33061
p 0 241 33061
x 0 33062
p 0 345 33062
x 0 33000
x 1 33001
h 1 10.0.0.9
p 1 742 33001
x 2 33002
h 2 10.0.0.9
p 2 214 33002
x 0 33003
h 0 10.0.0.9
p 0 279 33003
x 1 33004
p 1 210 33004
p 0 1013265 33000
x 0 33005
p 0 169 33005
x 0 33006
p 0 215 33006
x 0 33007
p 0 213 33007
x 0 33008
p 0 172 33008
x 0 33009
p 0 216 33009
x 0 33010
p 0 213 33010
x 0 33011
p 0 214 33011
x 0 33012
p 0 191 33012
x 0 33013
p 0 181 33013
x 0 33014
p 0 184 33014
x 0 33015
p 0 363 33015
x 0 33016
p 0 365 33016
x 0 33017
p 0 367 33017
x 0 33018
p 0 407 33018
x 0 33019
p 0 377 33019
x 0 33020
p 0 381 33020
x 0 33021
p 0 366 33021
x 0 33022
p 0 441 33022
x 0 33023
p 0 362 33023
x 0 33024
p 0 366 33024
x 0 33025
p 0 383 33025
x 0 33026
p 0 410 33026
x 0 33027
p 0 368 33027
x 0 33028
p 0 351 33028
x 0 33029
p 0 355 33029
x 0 33030
p 0 400 33030
x 0 33031
p 0 224 33031
x 0 33032
p 0 221 33032
x 0 33033
p 0 322 33033
x 0 33034
p 0 258 33034
x 0 33035
p 0 251 33035
x 0 33036
p 0 253 33036
x 0 33037
p 0 250 33037
x 0 33038
p 0 261 33038
x 0 33039
p 0 350 33039
x 0 33040
p 0 250 33040
x 0 33041
p 0 212 33041
x 0 33042
p 0 215 33042
x 0 33043
p 0 256 33043
x 0 33044
p 0 244 33044
x 0 33045
p 0 247 33045
x 0 33046
p 0 218 33046
x 0 33047
p 0 340 33047
x 0 33048
p 0 302 33048
x 0 33049
p 0 313 33049
x 0 33050
p 0 341 33050
x 0 33051
p 0 220 33051
x 0 33052
p 0 227 33052
x 0 33053
p 0 219 33053
x 0 33054
p 0 251 33054
x 0 33055
p 0 252 33055
x 0 33056
p 0 305 33056
x 0 33057
p 0 304 33057
x 0 33058
p 0 321 33058
x 0 33059
p 0 396 33059
x 0 33060
p 0 293 33060
x 0 33061
p 0 213 33061
x 0 33062
p 0 214 33062
x 0 33000
x 1 33001
h 1 10.0.0.9
p 1 902 33001
x 2 33002
h 2 10.0.0.9
p 2 216 33002
x 0 33003
h 0 10.0.0.9
p 0 213 33003
x 1 33004
p 1 212 33004
p 0 1004030 33000
x 0 33005
p 0 292 33005
x 0 33006
p 0 197 33006
x 0 33007
p 0 259 33007
x 0 33008
p 0 217 33008
x 0 33009
p 0 218 33009
x 0 33010
p 0 213 33010
x 0 33011
p 0 212 33011
x 0 33012
p 0 215 33012
x 0 33013
p 0 211 33013
x 0 33014
p 0 218 33014
x 0 33015
p 0 217 33015
x 0 33016
p 0 214 33016
x 0 33017
p 0 191 33017
x 0 33018
p 0 215 33018
x 0 33019
p 0 215 33019
x 0 33020
p 0 219 33020
x 0 33021
p 0 215 33021
x 0 33022
p 0 179 33022
x 0 33023
p 0 211 33023
x 0 33024
p 0 214 33024
x 0 33025
p 0 206 33025
x 0 33026
p 0 178 33026
x 0 33027
p 0 178 33027
x 0 33028
p 0 178 33028
x 0 33029
p 0 179 33029
x 0 33030
p 0 189 33030
x 0 33031
p 0 181 33031
x 0 33032
p 0 181 33032
x 0 33033
p 0 186 33033
x 0 33034
p 0 166 33034
x 0 33035
p 0 182 33035
x 0 33036
p 0 147 33036
x 0 33037
p 0 163 33037
x 0 33038
p 0 144 33038
x 0 33039
p 0 235 33039
x 0 33040
p 0 159 33040
x 0 33041
p 0 128 33041
x 0 33042
p 0 182 33042
x 0 33043
p 0 175 33043
x 0 33044
p 0 121 33044
x 0 33045
p 0 126 33045
x 0 33046
p 0 146 33046
x 0 33047
p 0 124 33047
x 0 33048
p 0 192 33048
x 0 33049
p 0 115 33049
x 0 33050
p 0 178 33050
x 0 33051
p 0 179 33051
x 0 33052
p 0 179 33052
x 0 33053
p 0 182 33053
x 0 33054
p 0 183 33054
x 0 33055
p 0 182 33055
x 0 33056
p 0 177 33056
x 0 33057
p 0 170 33057
x 0 33058
p 0 172 33058
x 0 33059
p 0 178 33059
x 0 33060
p 0 182 33060
x 0 33061
p 0 178 33061
x 0 33062
p 0 213 33062
x 0 33000
x 1 33001
h 1 10.0.0.9
p 1 960 33001
x 2 33002
h 2 10.0.0.9
p 2 205 33002
x 0 33003
h 0 10.0.0.9
p 0 236 33003
x 1 33004
p 1 184 33004
p 0 1012329 33000
x 0 33005
p 0 208 33005
x 0 33006
p 0 213 33006
x 0 33007
p 0 242 33007
x 0 33008
p 0 212 33008
x 0 33009
p 0 220 33009
x 0 33010
p 0 210 33010
x 0 33011
p 0 209 33011
x 0 33012
p 0 208 33012
x 0 33013
p 0 213 33013
x 0 33014
p 0 214 33014
x 0 33015
p 0 217 33015
x 0 33016
p 0 213 33016
x 0 33017
p 0 216 33017
x 0 33018
p 0 213 33018
x 0 33019
p 0 212 33019
x 0 33020
p 0 214 33020
x 0 33021
p 0 216 33021
x 0 33022
p 0 211 33022
x 0 33023
p 0 186 33023
x 0 33024
p 0 183 33024
x 0 33025
p 0 178 33025
x 0 33026
p 0 220 33026
x 0 33027
p 0 209 33027
x 0 33028
p 0 211 33028
x 0 33029
p 0 210 33029
x 0 33030
p 0 212 33030
x 0 33031
p 0 242 33031
x 0 33032
p 0 211 33032
x 0 33033
p 0 270 33033
x 0 33034
p 0 239 33034
x 0 33035
p 0 209 33035
x 0 33036
p 0 210 33036
x 0 33037
p 0 245 33037
x 0 33038
p 0 215 33038
x 0 33039
p 0 215 33039
x 0 33040
p 0 195 33040
x 0 33041
p 0 210 33041
x 0 33042
p 0 211 33042
x 0 33043
p 0 256 33043
x 0 33044
p 0 215 33044
x 0 33045
p 0 190 33045
x 0 33046
p 0 212 33046
x 0 33047
p 0 212 33047
x 0 33048
p 0 215 33048
x 0 33049
p 0 215 33049
x 0 33050
p 0 213 33050
x 0 33051
p 0 213 33051
x 0 33052
p 0 209 33052
x 0 33053
p 0 212 33053
x 0 33054
p 0 305 33054
x 0 33055
p 0 210 33055
x 0 33056
p 0 184 33056
x 0 33057
p 0 208 33057
x 0 33058
p 0 218 33058
x 0 33059
p 0 215 33059
x 0 33060
p 0 209 33060
x 0 33061
p 0 212 33061
x 0 33062
p 0 214 33062
x 0 33000
x 1 33001
h 1 10.0.0.9
p 1 749 33001
x 2 33002
h 2 10.0.0.9
p 2 207 33002
x 0 33003
h 0 10.0.0.9
p 0 211 33003
x 1 33004
p 1 173 33004
p 0 1026142 33000
x 0 33005
p 0 207 33005
x 0 33006
p 0 210 33006
x 0 33007
p 0 235 33007
x 0 33008
p 0 215 33008
x 0 33009
p 0 279 33009
x 0 33010
p 0 188 33010
x 0 33011
p 0 189 33011
x 0 33012
p 0 183 33012
x 0 33013
p 0 183 33013
x 0 33014
p 0 183 33014
x 0 33015
p 0 181 33015
x 0 33016
p 0 186 33016
x 0 33017
p 0 184 33017
x 0 33018
p 0 216 33018
x 0 33019
p 0 213 33019
x 0 33020
p 0 257 33020
x 0 33021
p 0 210 33021
x 0 33022
p 0 218 33022
x 0 33023
p 0 241 33023
x 0 33024
p 0 213 33024
x 0 33025
p 0 213 33025
x 0 33026
p 0 213 33026
x 0 33027
p 0 214 33027
x 0 33028
p 0 214 33028
x 0 33029
p 0 213 33029
x 0 33030
p 0 214 33030
x 0 33031
p 0 214 33031
x 0 33032
p 0 212 33032
x 0 33033
p 0 212 33033
x 0 33034
p 0 243 33034
x 0 33035
p 0 211 33035
x 0 33036
p 0 213 33036
x 0 33037
p 0 213 33037
x 0 33038
p 0 213 33038
x 0 33039
p 0 212 33039
x 0 33040
p 0 210 33040
x 0 33041
p 0 211 33041
x 0 33042
p 0 211 33042
x 0 33043
p 0 215 33043
x 0 33044
p 0 214 33044
x 0 33045
p 0 216 33045
x 0 33046
p 0 221 33046
x 0 33047
p 0 220 33047
x 0 33048
p 0 253 33048
x 0 33049
p 0 218 33049
x 0 33050
p 0 216 33050
x 0 33051
p 0 219 33051
x 0 33052
p 0 218 33052
x 0 33053
p 0 238 33053
x 0 33054
p 0 216 33054
x 0 33055
p 0 257 33055
x 0 33056
p 0 211 33056
x 0 33057
p 0 213 33057
x 0 33058
p 0 303 33058
x 0 33059
p 0 214 33059
x 0 33060
p 0 216 33060
x 0 33061
p 0 212 33061
x 0 33062
p 0 251 33062
x 0 33000
x 1 33001
h 1 10.0.0.9
p 1 765 33001
x 2 33002
h 2 10.0.0.9
p 2 212 33002
x 0 33003
h 0 10.0.0.9
p 0 188 33003
x 1 33004
p 1 179 33004
p 0 1011815 33000
x 0 33005
p 0 445 33005
x 0 33006
p 0 369 33006
x 0 33007
p 0 321 33007
x 0 33008
p 0 211 33008
x 0 33009
p 0 215 33009
x 0 33010
p 0 330 33010
x 0 33011
p 0 195 33011
x 0 33012
p 0 225 33012
x 0 33013
p 0 186 33013
x 0 33014
p 0 186 33014
x 0 33015
p 0 183 33015
x 0 33016
p 0 184 33016
x 0 33017
p 0 360 33017
x 0 33018
p 0 357 33018
x 0 33019
p 0 237 33019
x 0 33020
p 0 179 33020
x 0 33021
p 0 228 33021
x 0 33022
p 0 248 33022
x 0 33023
p 0 244 33023
x 0 33024
p 0 243 33024
x 0 33025
p 0 199 33025
x 0 33026
p 0 242 33026
x 0 33027
p 0 219 33027
x 0 33028
p 0 229 33028
x 0 33029
p 0 255 33029
x 0 33030
p 0 257 33030
x 0 33031
p 0 260 33031
x 0 33032
p 0 260 33032
x 0 33033
p 0 182 33033
x 0 33034
p 0 158 33034
x 0 33035
p 0 77 33035
x 0 33036
p 0 158 33036
x 0 33037
p 0 250 33037
x 0 33038
p 0 184 33038
x 0 33039
p 0 251 33039
x 0 33040
p 0 256 33040
x 0 33041
p 0 171 33041
x 0 33042
p 0 171 33042
x 0 33043
p 0 116 33043
x 0 33044
p 0 254 33044
x 0 33045
p 0 227 33045
x 0 33046
p 0 270 33046
x 0 33047
p 0 219 33047
x 0 33048
p 0 220 33048
x 0 33049
p 0 219 33049
x 0 33050
p 0 360 33050
x 0 33051
p 0 331 33051
x 0 33052
p 0 285 33052
x 0 33053
p 0 243 33053
x 0 33054
p 0 238 33054
x 0 33055
p 0 299 33055
x 0 33056
p 0 258 33056
x 0 33057
p 0 247 33057
x 0 33058
p 0 215 33058
x 0 33059
p 0 236 33059
x 0 33060
p 0 281 33060
x 0 33061
p 0 515 33061
x 0 33062
p 0 261 33062
x 0 33000
x 1 33001
h 1 10.0.0.9
p 1 980 33001
x 2 33002
h 2 10.0.0.9
p 2 306 33002
x 0 33003
h 0 10.0.0.9
p 0 214 33003
x 1 33004
p 1 226 33004
p 0 1028551 33000
x 0 33005
p 0 209 33005
x 0 33006
p 0 214 33006
x 0 33007
p 0 215 33007
x 0 33008
p 0 214 33008
x 0 33009
p 0 222 33009
x 0 33010
p 0 209 33010
x 0 33011
p 0 208 33011
x 0 33012
p 0 174 33012
x 0 33013
p 0 213 33013
x 0 33014
p 0 215 33014
x 0 33015
p 0 207 33015
x 0 33016
p 0 209 33016
x 0 33017
p 0 209 33017
x 0 33018
p 0 212 33018
x 0 33019
p 0 208 33019
x 0 33020
p 0 214 33020
x 0 33021
p 0 210 33021
x 0 33022
p 0 209 33022
x 0 33023
p 0 216 33023
x 0 33024
p 0 218 33024
x 0 33025
p 0 209 33025
x 0 33026
p 0 211 33026
x 0 33027
p 0 210 33027
x 0 33028
p 0 208 33028
x 0 33029
p 0 211 33029
x 0 33030
p 0 197 33030
x 0 33031
p 0 211 33031
x 0 33032
p 0 212 33032
x 0 33033
p 0 180 33033
x 0 33034
p 0 212 33034
x 0 33035
p 0 183 33035
x 0 33036
p 0 209 33036
x 0 33037
p 0 180 33037
x 0 33038
p 0 182 33038
x 0 33039
p 0 184 33039
x 0 33040
p 0 179 33040
x 0 33041
p 0 178 33041
x 0 33042
p 0 204 33042
x 0 33043
p 0 180 33043
x 0 33044
p 0 183 33044
x 0 33045
p 0 173 33045
x 0 33046
p 0 174 33046
x 0 33047
p 0 176 33047
x 0 33048
p 0 218 33048
x 0 33049
p 0 181 33049
x 0 33050
p 0 183 33050
x 0 33051
p 0 181 33051
x 0 33052
p 0 173 33052
x 0 33053
p 0 169 33053
x 0 33054
p 0 278 33054
x 0 33055
p 0 173 33055
x 0 33056
p 0 171 33056
x 0 33057
p 0 172 33057
x 0 33058
p 0 276 33058
x 0 33059
p 0 182 33059
x 0 33060
p 0 177 33060
x 0 33061
p 0 201 33061
x 0 33062
p 0 175 33062
x 0 33000
x 1 33001
h 1 10.0.0.9
p 1 1093 33001
x 2 33002
h 2 10.0.0.9
p 2 203 33002
x 0 33003
h 0 10.0.0.9
p 0 207 33003
x 1 33004
p 1 205 33004
p 0 1013708 33000
x 0 33005
p 0 206 33005
x 0 33006
p 0 207 33006
x 0 33007
p 0 209 33007
x 0 33008
p 0 187 33008
x 0 33009
p 0 207 33009
x 0 33010
p 0 210 33010
x 0 33011
p 0 207 33011
x 0 33012
p 0 210 33012
x 0 33013
p 0 209 33013
x 0 33014
p 0 207 33014
x 0 33015
p 0 208 33015
x 0 33016
p 0 211 33016
x 0 33017
p 0 213 33017
x 0 33018
p 0 256 33018
x 0 33019
p 0 208 33019
x 0 33020
p 0 211 33020
x 0 33021
p 0 243 33021
x 0 33022
p 0 209 33022
x 0 33023
p 0 213 33023
x 0 33024
p 0 211 33024
x 0 33025
p 0 185 33025
x 0 33026
p 0 209 33026
x 0 33027
p 0 207 33027
x 0 33028
p 0 212 33028
x 0 33029
p 0 206 33029
x 0 33030
p 0 212 33030
x 0 33031
p 0 210 33031
x 0 33032
p 0 239 33032
x 0 33033
p 0 209 33033
x 0 33034
p 0 210 33034
x 0 33035
p 0 211 33035
x 0 33036
p 0 207 33036
x 0 33037
p 0 209 33037
x 0 33038
p 0 209 33038
x 0 33039
p 0 207 33039
x 0 33040
p 0 208 33040
x 0 33041
p 0 207 33041
x 0 33042
p 0 214 33042
x 0 33043
p 0 235 33043
x 0 33044
p 0 223 33044
x 0 33045
p 0 210 33045
x 0 33046
p 0 208 33046
x 0 33047
p 0 208 33047
x 0 33048
p 0 207 33048
x 0 33049
p 0 246 33049
x 0 33050
p 0 211 33050
x 0 33051
p 0 233 33051
x 0 33052
p 0 212 33052
x 0 33053
p 0 209 33053
x 0 33054
p 0 206 33054
x 0 33055
p 0 247 33055
x 0 33056
p 0 208 33056
x 0 33057
p 0 221 33057
x 0 33058
p 0 213 33058
x 0 33059
p 0 207 33059
x 0 33060
p 0 209 33060
x 0 33061
p 0 211 33061
x 0 33062
p 0 213 33062
x 0 33000
x 1 33001
h 1 10.0.0.9
p 1 857 33001
x 2 33002
h 2 10.0.0.9
p 2 214 33002
x 0 33003
h 0 10.0.0.9
p 0 217 33003
x 1 33004
p 1 214 33004
p 0 1011534 33000
x 0 33005
p 0 211 33005
x 0 33006
p 0 216 33006
x 0 33007
p 0 257 33007
x 0 33008
p 0 247 33008
x 0 33009
p 0 227 33009
x 0 33010
p 0 222 33010
x 0 33011
p 0 261 33011
x 0 33012
p 0 215 33012
x 0 33013
p 0 220 33013
x 0 33014
p 0 221 33014
x 0 33015
p 0 253 33015
x 0 33016
p 0 216 33016
x 0 33017
p 0 215 33017
x 0 33018
p 0 217 33018
x 0 33019
p 0 221 33019
x 0 33020
p 0 225 33020
x 0 33021
p 0 223 33021
x 0 33022
p 0 219 33022
x 0 33023
p 0 220 33023
x 0 33024
p 0 228 33024
x 0 33025
p 0 220 33025
x 0 33026
p 0 222 33026
x 0 33027
p 0 215 33027
x 0 33028
p 0 223 33028
x 0 33029
p 0 226 33029
x 0 33030
p 0 233 33030
x 0 33031
p 0 222 33031
x 0 33032
p 0 218 33032
x 0 33033
p 0 243 33033
x 0 33034
p 0 224 33034
x 0 33035
p 0 231 33035
x 0 33036
p 0 228 33036
x 0 33037
p 0 218 33037
x 0 33038
p 0 222 33038
x 0 33039
p 0 225 33039
x 0 33040
p 0 222 33040
x 0 33041
p 0 197 33041
x 0 33042
p 0 218 33042
x 0 33043
p 0 278 33043
x 0 33044
p 0 196 33044
x 0 33045
p 0 215 33045
x 0 33046
p 0 216 33046
x 0 33047
p 0 191 33047
x 0 33048
p 0 169 33048
x 0 33049
p 0 177 33049
x 0 33050
p 0 174 33050
x 0 33051
p 0 175 33051
x 0 33052
p 0 169 33052
x 0 33053
p 0 176 33053
x 0 33054
p 0 212 33054
x 0 33055
p 0 172 33055
x 0 33056
p 0 171 33056
x 0 33057
p 0 181 33057
x 0 33058
p 0 215 33058
x 0 33059
p 0 220 33059
x 0 33060
p 0 213 33060
x 0 33061
p 0 215 33061
x 0 33062
p 0 214 33062
x 0 33000
x 1 33001
h 1 10.0.0.9
p 1 921 33001
x 2 33002
h 2 10.0.0.9
p 2 167 33002
x 0 33003
h 0 10.0.0.9
p 0 247 33003
x 1 33004
p 1 170 33004
p 0 1006223 33000
x 0 33005
p 0 169 33005
x 0 33006
p 0 187 33006
x 0 33007
p 0 234 33007
x 0 33008
p 0 170 33008
x 0 33009
p 0 213 33009
x 0 33010
p 0 328 33010
x 0 33011
p 0 240 33011
x 0 33012
p 0 208 33012
x 0 33013
p 0 213 33013
x 0 33014
p 0 212 33014
x 0 33015
p 0 235 33015
x 0 33016
p 0 209 33016
x 0 33017
p 0 213 33017
x 0 33018
p 0 213 33018
x 0 33019
p 0 266 33019
x 0 33020
p 0 206 33020
x 0 33021
p 0 208 33021
x 0 33022
p 0 261 33022
x 0 33023
p 0 208 33023
x 0 33024
p 0 207 33024
x 0 33025
p 0 208 33025
x 0 33026
p 0 242 33026
x 0 33027
p 0 210 33027
x 0 33028
p 0 322 33028
x 0 33029
p 0 211 33029
x 0 33030
p 0 213 33030
x 0 33031
p 0 284 33031
x 0 33032
p 0 368 33032
x 0 33033
p 0 298 33033
x 0 33034
p 0 304 33034
x 0 33035
p 0 183 33035
x 0 33036
p 0 209 33036
x 0 33037
p 0 210 33037
x 0 33038
p 0 209 33038
x 0 33039
p 0 213 33039
x 0 33040
p 0 212 33040
x 0 33041
p 0 77 33041
x 0 33042
p 0 213 33042
x 0 33043
p 0 214 33043
x 0 33044
p 0 173 33044
x 0 33045
p 0 251 33045
x 0 33046
p 0 26353 33046
x 0 33047
p 0 256 33047
x 0 33048
p 0 208 33048
x 0 33049
p 0 173 33049
x 0 33050
p 0 214 33050
x 0 33051
p 0 169 33051
x 0 33052
p 0 169 33052
x 0 33053
p 0 214 33053
x 0 33054
p 0 217 33054
x 0 33055
p 0 209 33055
x 0 33056
p 0 168 33056
x 0 33057
p 0 178 33057
x 0 33058
p 0 175 33058
x 0 33059
p 0 177 33059
x 0 33060
p 0 208 33060
x 0 33061
p 0 174 33061
x 0 33062
p 0 209 33062
x 0 33000
x 1 33001
h 1 10.0.0.9
p 1 651 33001
x 2 33002
h 2 10.0.0.9
p 2 249 33002
x 0 33003
h 0 10.0.0.9
p 0 199 33003
x 1 33004
p 1 222 33004
p 0 1014315 33000
x 0 33005
p 0 173 33005
x 0 33006
p 0 167 33006
x 0 33007
p 0 413 33007
x 0 33008
p 0 200 33008
x 0 33009
p 0 171 33009
x 0 33010
p 0 169 33010
x 0 33011
p 0 164 33011
x 0 33012
p 0 179 33012
x 0 33013
p 0 175 33013
x 0 33014
p 0 177 33014
x 0 33015
p 0 174 33015
x 0 33016
p 0 172 33016
x 0 33017
p 0 179 33017
x 0 33018
p 0 179 33018
x 0 33019
p 0 230 33019
x 0 33020
p 0 177 33020
x 0 33021
p 0 167 33021
x 0 33022
p 0 169 33022
x 0 33023
p 0 219 33023
x 0 33024
p 0 223 33024
x 0 33025
p 0 375 33025
x 0 33026
p 0 181 33026
x 0 33027
p 0 218 33027
x 0 33028
p 0 188 33028
x 0 33029
p 0 802 33029
x 0 33030
p 0 274 33030
x 0 33031
p 0 228 33031
x 0 33032
p 0 756 33032
x 0 33033
p 0 183 33033
x 0 33034
p 0 180 33034
x 0 33035
p 0 119 33035
x 0 33036
p 0 264 33036
x 0 33037
p 0 172 33037
x 0 33038
p 0 173 33038
x 0 33039
p 0 211 33039
x 0 33040
p 0 230 33040
x 0 33041
p 0 224 33041
x 0 33042
p 0 225 33042
x 0 33043
p 0 530 33043
x 0 33044
p 0 223 33044
x 0 33045
p 0 216 33045
x 0 33046
p 0 261 33046
x 0 33047
p 0 172 33047
x 0 33048
p 0 228 33048
x 0 33049
p 0 251 33049
x 0 33050
p 0 298 33050
x 0 33051
p 0 205 33051
x 0 33052
p 0 409 33052
x 0 33053
p 0 301 33053
x 0 33054
p 0 252 33054
x 0 33055
p 0 274 33055
x 0 33056
p 0 330 33056
x 0 33057
p 0 335 33057
x 0 33058
p 0 349 33058
x 0 33059
p 0 226 33059
x 0 33060
p 0 185 33060
x 0 33061
p 0 226 33061
x 0 33062
p 0 188 33062
x 0 33000
x 1 33001
h 1 10.0.0.9
p 1 1252 33001
x 2 33002
h 2 10.0.0.9
p 2 278 33002
x 0 33003
h 0 10.0.0.9
p 0 174 33003
x 1 33004
p 1 243 33004
p 0 1013204 33000
x 0 33005
p 0 297 33005
x 0 33006
p 0 253 33006
x 0 33007
p 0 212 33007
x 0 33008
p 0 212 33008
x 0 33009
p 0 213 33009
x 0 33010
p 0 211 33010
x 0 33011
p 0 239 33011
x 0 33012
p 0 247 33012
x 0 33013
p 0 210 33013
x 0 33014
p 0 215 33014
x 0 33015
p 0 251 33015
x 0 33016
p 0 261 33016
x 0 33017
p 0 299 33017
x 0 33018
p 0 207 33018
x 0 33019
p 0 208 33019
x 0 33020
p 0 246 33020
x 0 33021
p 0 208 33021
x 0 33022
p 0 209 33022
x 0 33023
p 0 209 33023
x 0 33024
p 0 209 33024
x 0 33025
p 0 213 33025
x 0 33026
p 0 214 33026
x 0 33027
p 0 215 33027
x 0 33028
p 0 310 33028
x 0 33029
p 0 304 33029
x 0 33030
p 0 308 33030
x 0 33031
p 0 303 33031
x 0 33032
p 0 304 33032
x 0 33033
p 0 219 33033
x 0 33034
p 0 219 33034
x 0 33035
p 0 180 33035
x 0 33036
p 0 218 33036
x 0 33037
p 0 216 33037
x 0 33038
p 0 299 33038
x 0 33039
p 0 216 33039
x 0 33040
p 0 214 33040
x 0 33041
p 0 207 33041
x 0 33042
p 0 216 33042
x 0 33043
p 0 213 33043
x 0 33044
p 0 215 33044
x 0 33045
p 0 216 33045
x 0 33046
p 0 212 33046
x 0 33047
p 0 208 33047
x 0 33048
p 0 210 33048
x 0 33049
p 0 207 33049
x 0 33050
p 0 210 33050
x 0 33051
p 0 207 33051
x 0 33052
p 0 210 33052
x 0 33053
p 0 208 33053
x 0 33054
p 0 208 33054
x 0 33055
p 0 182 33055
x 0 33056
p 0 211 33056
x 0 33057
p 0 212 33057
x 0 33058
p 0 185 33058
x 0 33059
p 0 186 33059
x 0 33060
p 0 184 33060
x 0 33061
p 0 213 33061
x 0 33062
p 0 189 33062
x 0 33000
x 1 33001
h 1 10.0.0.9
p 1 715 33001
x 2 33002
h 2 10.0.0.9
p 2 208 33002
x 0 33003
h 0 10.0.0.9
p 0 189 33003
x 1 33004
p 1 210 33004
p 0 1009076 33000
x 0 33005
p 0 208 33005
x 0 33006
p 0 280 33006
x 0 33007
p 0 207 33007
x 0 33008
p 0 210 33008
x 0 33009
p 0 213 33009
x 0 33010
p 0 248 33010
x 0 33011
p 0 179 33011
x 0 33012
p 0 183 33012
x 0 33013
p 0 181 33013
x 0 33014
p 0 182 33014
x 0 33015
p 0 212 33015
x 0 33016
p 0 294 33016
x 0 33017
p 0 212 33017
x 0 33018
p 0 445 33018
x 0 33019
p 0 334 33019
x 0 33020
p 0 345 33020
x 0 33021
p 0 324 33021
x 0 33022
p 0 402 33022
x 0 33023
p 0 350 33023
x 0 33024
p 0 320 33024
x 0 33025
p 0 344 33025
x 0 33026
p 0 440 33026
x 0 33027
p 0 213 33027
x 0 33028
p 0 286 33028
x 0 33029
p 0 214 33029
x 0 33030
p 0 217 33030
x 0 33031
p 0 364 33031
x 0 33032
p 0 185 33032
x 0 33033
p 0 214 33033
x 0 33034
p 0 219 33034
x 0 33035
p 0 214 33035
x 0 33036
p 0 210 33036
x 0 33037
p 0 258 33037
x 0 33038
p 0 209 33038
x 0 33039
p 0 210 33039
x 0 33040
p 0 211 33040
x 0 33041
p 0 207 33041
x 0 33042
p 0 216 33042
x 0 33043
p 0 307 33043
x 0 33044
p 0 226 33044
x 0 33045
p 0 352 33045
x 0 33046
p 0 451 33046
x 0 33047
p 0 331 33047
x 0 33048
p 0 324 33048
x 0 33049
p 0 179 33049
x 0 33050
p 0 182 33050
x 0 33051
p 0 183 33051
x 0 33052
p 0 210 33052
x 0 33053
p 0 208 33053
x 0 33054
p 0 213 33054
x 0 33055
p 0 212 33055
x 0 33056
p 0 213 33056
x 0 33057
p 0 257 33057
x 0 33058
p 0 214 33058
x 0 33059
p 0 213 33059
x 0 33060
p 0 219 33060
x 0 33061
p 0 216 33061
x 0 33062
p 0 217 33062
x 0 33000
x 1 33001
h 1 10.0.0.9
p 1 528 33001
x 2 33002
h 2 10.0.0.9
p 2 207 33002
x 0 33003
h 0 10.0.0.9
p 0 239 33003
x 1 33004
p 1 163 33004
p 0 1006846 33000
x 0 33005
p 0 207 33005
x 0 33006
p 0 302 33006
x 0 33007
p 0 176 33007
x 0 33008
p 0 209 33008
x 0 33009
p 0 249 33009
x 0 33010
p 0 167 33010
x 0 33011
p 0 245 33011
x 0 33012
p 0 208 33012
x 0 33013
p 0 179 33013
x 0 33014
p 0 209 33014
x 0 33015
p 0 242 33015
x 0 33016
p 0 207 33016
x 0 33017
p 0 209 33017
x 0 33018
p 0 208 33018
x 0 33019
p 0 244 33019
x 0 33020
p 0 211 33020
x 0 33021
p 0 210 33021
x 0 33022
p 0 189 33022
x 0 33023
p 0 184 33023
x 0 33024
p 0 249 33024
x 0 33025
p 0 192 33025
x 0 33026
p 0 201 33026
x 0 33027
p 0 223 33027
x 0 33028
p 0 187 33028
x 0 33029
p 0 217 33029
x 0 33030
p 0 186 33030
x 0 33031
p 0 183 33031
x 0 33032
p 0 191 33032
x 0 33033
p 0 179 33033
x 0 33034
p 0 159 33034
x 0 33035
p 0 158 33035
x 0 33036
p 0 160 33036
x 0 33037
p 0 239 33037
x 0 33038
p 0 154 33038
x 0 33039
p 0 154 33039
x 0 33040
p 0 275 33040
x 0 33041
p 0 164 33041
x 0 33042
p 0 160 33042
x 0 33043
p 0 229 33043
x 0 33044
p 0 196 33044
x 0 33045
p 0 262 33045
x 0 33046
p 0 225 33046
x 0 33047
p 0 226 33047
x 0 33048
p 0 222 33048
x 0 33049
p 0 266 33049
x 0 33050
p 0 224 33050
x 0 33051
p 0 162 33051
x 0 33052
p 0 269 33052
x 0 33053
p 0 157 33053
x 0 33054
p 0 195 33054
x 0 33055
p 0 156 33055
x 0 33056
p 0 279 33056
x 0 33057
p 0 159 33057
x 0 33058
p 0 220 33058
x 0 33059
p 0 157 33059
x 0 33060
p 0 298 33060
x 0 33061
p 0 79 33061
x 0 33062
p 0 231 33062
x 0 33000
x 1 33001
h 1 10.0.0.9
p 1 867 33001
x 2 33002
h 2 10.0.0.9
p 2 256 33002
x 0 33003
h 0 10.0.0.9
p 0 244 33003
x 1 33004
p 1 195 33004
p 0 1030486 33000
x 0 33005
p 0 232 33005
x 0 33006
p 0 249 33006
x 0 33007
p 0 239 33007
x 0 33008
p 0 276 33008
x 0 33009
p 0 270 33009
x 0 33010
p 0 276 33010
x 0 33011
p 0 279 33011
x 0 33012
p 0 207 33012
x 0 33013
p 0 208 33013
x 0 33014
p 0 209 33014
x 0 33015
p 0 184 33015
x 0 33016
p 0 208 33016
x 0 33017
p 0 208 33017
x 0 33018
p 0 208 33018
x 0 33019
p 0 210 33019
x 0 33020
p 0 207 33020
x 0 33021
p 0 212 33021
x 0 33022
p 0 182 33022
x 0 33023
p 0 183 33023
x 0 33024
p 0 210 33024
x 0 33025
p 0 299 33025
x 0 33026
p 0 180 33026
x 0 33027
p 0 210 33027
x 0 33028
p 0 208 33028
x 0 33029
p 0 181 33029
x 0 33030
p 0 183 33030
x 0 33031
p 0 259 33031
x 0 33032
p 0 210 33032
x 0 33033
p 0 181 33033
x 0 33034
p 0 184 33034
x 0 33035
p 0 210 33035
x 0 33036
p 0 179 33036
x 0 33037
p 0 185 33037
x 0 33038
p 0 180 33038
x 0 33039
p 0 178 33039
x 0 33040
p 0 181 33040
x 0 33041
p 0 178 33041
x 0 33042
p 0 177 33042
x 0 33043
p 0 213 33043
x 0 33044
p 0 280 33044
x 0 33045
p 0 250 33045
x 0 33046
p 0 212 33046
x 0 33047
p 0 216 33047
x 0 33048
p 0 210 33048
x 0 33049
p 0 213 33049
x 0 33050
p 0 215 33050
x 0 33051
p 0 274 33051
x 0 33052
p 0 251 33052
x 0 33053
p 0 212 33053
x 0 33054
p 0 214 33054
x 0 33055
p 0 214 33055
x 0 33056
p 0 212 33056
x 0 33057
p 0 213 33057
x 0 33058
p 0 266 33058
x 0 33059
p 0 249 33059
x 0 33060
p 0 214 33060
x 0 33061
p 0 212 33061
x 0 33062
p 0 214 33062
x 0 33000
x 1 33001
h 1 10.0.0.9
p 1 748 33001
x 2 33002
h 2 10.0.0.9
p 2 205 33002
x 0 33003
h 0 10.0.0.9
p 0 192 33003
x 1 33004
p 1 274 33004
p 0 1008551 33000
x 0 33005
p 0 261 33005
x 0 33006
p 0 212 33006
x 0 33007
p 0 215 33007
x 0 33008
p 0 251 33008
x 0 33009
p 0 223 33009
x 0 33010
p 0 208 33010
x 0 33011
p 0 231 33011
x 0 33012
p 0 208 33012
x 0 33013
p 0 412 33013
x 0 33014
p 0 209 33014
x 0 33015
p 0 210 33015
x 0 33016
p 0 206 33016
x 0 33017
p 0 185 33017
x 0 33018
p 0 174 33018
x 0 33019
p 0 192 33019
x 0 33020
p 0 208 33020
x 0 33021
p 0 210 33021
x 0 33022
p 0 213 33022
x 0 33023
p 0 294 33023
x 0 33024
p 0 234 33024
x 0 33025
p 0 294 33025
x 0 33026
p 0 216 33026
x 0 33027
p 0 209 33027
x 0 33028
p 0 183 33028
x 0 33029
p 0 209 33029
x 0 33030
p 0 209 33030
x 0 33031
p 0 208 33031
x 0 33032
p 0 233 33032
x 0 33033
p 0 211 33033
x 0 33034
p 0 208 33034
x 0 33035
p 0 213 33035
x 0 33036
p 0 236 33036
x 0 33037
p 0 208 33037
x 0 33038
p 0 206 33038
x 0 33039
p 0 216 33039
x 0 33040
p 0 239 33040
x 0 33041
p 0 206 33041
x 0 33042
p 0 207 33042
x 0 33043
p 0 209 33043
x 0 33044
p 0 232 33044
x 0 33045
p 0 207 33045
x 0 33046
p 0 207 33046
x 0 33047
p 0 206 33047
x 0 33048
p 0 238 33048
x 0 33049
p 0 208 33049
x 0 33050
p 0 263 33050
x 0 33051
p 0 209 33051
x 0 33052
p 0 301 33052
x 0 33053
p 0 212 33053
x 0 33054
p 0 208 33054
x 0 33055
p 0 209 33055
x 0 33056
p 0 207 33056
x 0 33057
p 0 208 33057
x 0 33058
p 0 210 33058
x 0 33059
p 0 210 33059
x 0 33060
p 0 182 33060
x 0 33061
p 0 298 33061
x 0 33062
p 0 208 33062
x 0 33000
x 1 33001
h 1 10.0.0.9
p 1 781 33001
x 2 33002
h 2 10.0.0.9
p 2 208 33002
x 0 33003
h 0 10.0.0.9
p 0 230 33003
x 1 33004
p 1 209 33004
p 0 1023922 33000
x 0 33005
p 0 218 33005
x 0 33006
p 0 212 33006
x 0 33007
p 0 209 33007
x 0 33008
p 0 223 33008
x 0 33009
p 0 215 33009
x 0 33010
p 0 214 33010
x 0 33011
p 0 384 33011
x 0 33012
p 0 219 33012
x 0 33013
p 0 217 33013
x 0 33014
p 0 218 33014
x 0 33015
p 0 215 33015
x 0 33016
p 0 412 33016
x 0 33017
p 0 214 33017
x 0 33018
p 0 233 33018
x 0 33019
p 0 213 33019
x 0 33020
p 0 214 33020
x 0 33021
p 0 255 33021
x 0 33022
p 0 211 33022
x 0 33023
p 0 212 33023
x 0 33024
p 0 214 33024
x 0 33025
p 0 320 33025
x 0 33026
p 0 215 33026
x 0 33027
p 0 192 33027
x 0 33028
p 0 214 33028
x 0 33029
p 0 210 33029
x 0 33030
p 0 215 33030
x 0 33031
p 0 242 33031
x 0 33032
p 0 214 33032
x 0 33033
p 0 213 33033
x 0 33034
p 0 213 33034
x 0 33035
p 0 216 33035
x 0 33036
p 0 268 33036
x 0 33037
p 0 293 33037
x 0 33038
p 0 216 33038
x 0 33039
p 0 280 33039
x 0 33040
p 0 214 33040
x 0 33041
p 0 251 33041
x 0 33042
p 0 225 33042
x 0 33043
p 0 222 33043
x 0 33044
p 0 219 33044
x 0 33045
p 0 222 33045
x 0 33046
p 0 224 33046
x 0 33047
p 0 222 33047
x 0 33048
p 0 222 33048
x 0 33049
p 0 221 33049
x 0 33050
p 0 195 33050
x 0 33051
p 0 182 33051
x 0 33052
p 0 232 33052
x 0 33053
p 0 182 33053
x 0 33054
p 0 187 33054
x 0 33055
p 0 189 33055
x 0 33056
p 0 213 33056
x 0 33057
p 0 214 33057
x 0 33058
p 0 269 33058
x 0 33059
p 0 217 33059
x 0 33060
p 0 215 33060
x 0 33061
p 0 260 33061
x 0 33062
p 0 214 33062
x 0 33000
x 1 33001
h 1 10.0.0.9
p 1 704 33001
x 2 33002
h 2 10.0.0.9
p 2 211 33002
x 0 33003
h 0 10.0.0.9
p 0 217 33003
x 1 33004
p 1 210 33004
p 0 1029951 33000
x 0 33005
p 0 208 33005
x 0 33006
p 0 256 33006
x 0 33007
p 0 210 33007
x 0 33008
p 0 211 33008
x 0 33009
p 0 236 33009
x 0 33010
p 0 210 33010
x 0 33011
p 0 183 33011
x 0 33012
p 0 379 33012
x 0 33013
p 0 180 33013
x 0 33014
p 0 206 33014
x 0 33015
p 0 209 33015
x 0 33016
p 0 209 33016
x 0 33017
p 0 208 33017
x 0 33018
p 0 210 33018
x 0 33019
p 0 207 33019
x 0 33020
p 0 207 33020
x 0 33021
p 0 210 33021
x 0 33022
p 0 206 33022
x 0 33023
p 0 205 33023
x 0 33024
p 0 177 33024
x 0 33025
p 0 207 33025
x 0 33026
p 0 207 33026
x 0 33027
p 0 206 33027
x 0 33028
p 0 207 33028
x 0 33029
p 0 211 33029
x 0 33030
p 0 209 33030
x 0 33031
p 0 304 33031
x 0 33032
p 0 206 33032
x 0 33033
p 0 206 33033
x 0 33034
p 0 186 33034
x 0 33035
p 0 205 33035
x 0 33036
p 0 207 33036
x 0 33037
p 0 175 33037
x 0 33038
p 0 210 33038
x 0 33039
p 0 177 33039
x 0 33040
p 0 178 33040
x 0 33041
p 0 175 33041
x 0 33042
p 0 206 33042
x 0 33043
p 0 206 33043
x 0 33044
p 0 209 33044
x 0 33045
p 0 205 33045
x 0 33046
p 0 213 33046
x 0 33047
p 0 204 33047
x 0 33048
p 0 207 33048
x 0 33049
p 0 177 33049
x 0 33050
p 0 209 33050
x 0 33051
p 0 380 33051
x 0 33052
p 0 209 33052
x 0 33053
p 0 210 33053
x 0 33054
p 0 213 33054
x 0 33055
p 0 208 33055
x 0 33056
p 0 208 33056
x 0 33057
p 0 210 33057
x 0 33058
p 0 180 33058
x 0 33059
p 0 206 33059
x 0 33060
p 0 204 33060
x 0 33061
p 0 204 33061
x 0 33062
p 0 154 33062
x 0 33000
x 1 33001
h 1 10.0.0.9
p 1 731 33001
x 2 33002
h 2 10.0.0.9
p 2 259 33002
x 0 33003
h 0 10.0.0.9
p 0 217 33003
x 1 33004
p 1 237 33004
p 0 1012942 33000
x 0 33005
p 0 292 33005
x 0 33006
p 0 214 33006
x 0 33007
p 0 258 33007
x 0 33008
p 0 314 33008
x 0 33009
p 0 219 33009
x 0 33010
p 0 190 33010
x 0 33011
p 0 218 33011
x 0 33012
p 0 218 33012
x 0 33013
p 0 166 33013
x 0 33014
p 0 189 33014
x 0 33015
p 0 194 33015
x 0 33016
p 0 191 33016
x 0 33017
p 0 182 33017
x 0 33018
p 0 165 33018
x 0 33019
p 0 186 33019
x 0 33020
p 0 214 33020
x 0 33021
p 0 163 33021
x 0 33022
p 0 183 33022
x 0 33023
p 0 180 33023
x 0 33024
p 0 207 33024
x 0 33025
p 0 184 33025
x 0 33026
p 0 180 33026
x 0 33027
p 0 182 33027
x 0 33028
p 0 207 33028
x 0 33029
p 0 181 33029
x 0 33030
p 0 187 33030
x 0 33031
p 0 183 33031
x 0 33032
p 0 205 33032
x 0 33033
p 0 272 33033
x 0 33034
p 0 314 33034
x 0 33035
p 0 180 33035
x 0 33036
p 0 248 33036
x 0 33037
p 0 210 33037
x 0 33038
p 0 290 33038
x 0 33039
p 0 187 33039
x 0 33040
p 0 219 33040
x 0 33041
p 0 212 33041
x 0 33042
p 0 215 33042
x 0 33043
p 0 271 33043
x 0 33044
p 0 218 33044
x 0 33045
p 0 211 33045
x 0 33046
p 0 349 33046
x 0 33047
p 0 256 33047
x 0 33048
p 0 212 33048
x 0 33049
p 0 180 33049
x 0 33050
p 0 183 33050
x 0 33051
p 0 167 33051
x 0 33052
p 0 250 33052
x 0 33053
p 0 212 33053
x 0 33054
p 0 213 33054
x 0 33055
p 0 186 33055
x 0 33056
p 0 288 33056
x 0 33057
p 0 133 33057
x 0 33058
p 0 319 33058
x 0 33059
p 0 184 33059
x 0 33060
p 0 245 33060
x 0 33061
p 0 212 33061
x 0 33062
p 0 212 33062
x 0 33000
x 1 33001
h 1 10.0.0.9
p 1 816 33001
x 2 33002
h 2 10.0.0.9
p 2 195 33002
x 0 33003
h 0 10.0.0.9
p 0 131 33003
x 1 33004
p 1 283 33004
p 0 1025716 33000
x 0 33005
p 0 211 33005
x 0 33006
p 0 128 33006
x 0 33007
p 0 303 33007
x 0 33008
p 0 212 33008
x 0 33009
p 0 206 33009
x 0 33010
p 0 208 33010
x 0 33011
p 0 211 33011
x 0 33012
p 0 211 33012
x 0 33013
p 0 304 33013
x 0 33014
p 0 328 33014
x 0 33015
p 0 210 33015
x 0 33016
p 0 278 33016
x 0 33017
p 0 209 33017
x 0 33018
p 0 211 33018
x 0 33019
p 0 211 33019
x 0 33020
p 0 209 33020
x 0 33021
p 0 208 33021
x 0 33022
p 0 210 33022
x 0 33023
p 0 314 33023
x 0 33024
p 0 212 33024
x 0 33025
p 0 210 33025
x 0 33026
p 0 210 33026
x 0 33027
p 0 210 33027
x 0 33028
p 0 211 33028
x 0 33029
p 0 280 33029
x 0 33030
p 0 189 33030
x 0 33031
p 0 185 33031
x 0 33032
p 0 211 33032
x 0 33033
p 0 213 33033
x 0 33034
p 0 182 33034
x 0 33035
p 0 183 33035
x 0 33036
p 0 312 33036
x 0 33037
p 0 318 33037
x 0 33038
p 0 183 33038
x 0 33039
p 0 185 33039
x 0 33040
p 0 211 33040
x 0 33041
p 0 183 33041
x 0 33042
p 0 180 33042
x 0 33043
p 0 187 33043
x 0 33044
p 0 180 33044
x 0 33045
p 0 261 33045
x 0 33046
p 0 182 33046
x 0 33047
p 0 184 33047
x 0 33048
p 0 219 33048
x 0 33049
p 0 211 33049
x 0 33050
p 0 210 33050
x 0 33051
p 0 264 33051
x 0 33052
p 0 212 33052
x 0 33053
p 0 265 33053
x 0 33054
p 0 214 33054
x 0 33055
p 0 177 33055
x 0 33056
p 0 316 33056
x 0 33057
p 0 310 33057
x 0 33058
p 0 319 33058
x 0 33059
p 0 186 33059
x 0 33060
p 0 211 33060
x 0 33061
p 0 209 33061
x 0 33062
p 0 313 33062
x 0 33000
x 1 33001
h 1 10.0.0.9
p 1 738 33001
x 2 33002
h 2 10.0.0.9
p 2 176 33002
x 0 33003
h 0 10.0.0.9
p 0 213 33003
x 1 33004
p 1 272 33004
p 0 1016517 33000
x 0 33005
p 0 177 33005
x 0 33006
p 0 212 33006
x 0 33007
p 0 212 33007
x 0 33008
p 0 214 33008
x 0 33009
p 0 181 33009
x 0 33010
p 0 181 33010
x 0 33011
p 0 180 33011
x 0 33012
p 0 206 33012
x 0 33013
p 0 181 33013
x 0 33014
p 0 183 33014
x 0 33015
p 0 210 33015
x 0 33016
p 0 181 33016
x 0 33017
p 0 182 33017
x 0 33018
p 0 182 33018
x 0 33019
p 0 177 33019
x 0 33020
p 0 182 33020
x 0 33021
p 0 181 33021
x 0 33022
p 0 183 33022
x 0 33023
p 0 178 33023
x 0 33024
p 0 179 33024
x 0 33025
p 0 181 33025
x 0 33026
p 0 180 33026
x 0 33027
p 0 177 33027
x 0 33028
p 0 181 33028
x 0 33029
p 0 204 33029
x 0 33030
p 0 197 33030
x 0 33031
p 0 183 33031
x 0 33032
p 0 179 33032
x 0 33033
p 0 186 33033
x 0 33034
p 0 174 33034
x 0 33035
p 0 170 33035
x 0 33036
p 0 281 33036
x 0 33037
p 0 275 33037
x 0 33038
p 0 176 33038
x 0 33039
p 0 182 33039
x 0 33040
p 0 177 33040
x 0 33041
p 0 180 33041
x 0 33042
p 0 178 33042
x 0 33043
p 0 177 33043
x 0 33044
p 0 218 33044
x 0 33045
p 0 252 33045
x 0 33046
p 0 217 33046
x 0 33047
p 0 211 33047
x 0 33048
p 0 182 33048
x 0 33049
p 0 213 33049
x 0 33050
p 0 214 33050
x 0 33051
p 0 270 33051
x 0 33052
p 0 217 33052
x 0 33053
p 0 211 33053
x 0 33054
p 0 313 33054
x 0 33055
p 0 331 33055
x 0 33056
p 0 262 33056
x 0 33057
p 0 290 33057
x 0 33058
p 0 310 33058
x 0 33059
p 0 187 33059
x 0 33060
p 0 479 33060
x 0 33061
p 0 213 33061
x 0 33062
p 0 214 33062
x 0 33000
x 1 33001
h 1 10.0.0.9
p 1 671 33001
x 2 33002
h 2 10.0.0.9
p 2 246 33002
x 0 33003
h 0 10.0.0.9
p 0 198 33003
x 1 33004
p 1 243 33004
p 0 1032288 33000
x 0 33005
p 0 238 33005
x 0 33006
p 0 255 33006
x 0 33007
p 0 275 33007
x 0 33008
p 0 196 33008
x 0 33009
p 0 217 33009
x 0 33010
p 0 314 33010
x 0 33011
p 0 245 33011
x 0 33012
p 0 249 33012
x 0 33013
p 0 228 33013
x 0 33014
p 0 332 33014
x 0 33015
p 0 249 33015
x 0 33016
p 0 245 33016
x 0 33017
p 0 297 33017
x 0 33018
p 0 181 33018
x 0 33019
p 0 211 33019
x 0 33020
p 0 247 33020
x 0 33021
p 0 213 33021
x 0 33022
p 0 220 33022
x 0 33023
p 0 223 33023
x 0 33024
p 0 105 33024
x 0 33025
p 0 220 33025
x 0 33026
p 0 220 33026
x 0 33027
p 0 223 33027
x 0 33028
p 0 292 33028
x 0 33029
p 0 204 33029
x 0 33030
p 0 239 33030
x 0 33031
p 0 259 33031
x 0 33032
p 0 221 33032
x 0 33033
p 0 220 33033
x 0 33034
p 0 118 33034
x 0 33035
p 0 218 33035
x 0 33036
p 0 221 33036
x 0 33037
p 0 219 33037
x 0 33038
p 0 224 33038
x 0 33039
p 0 244 33039
x 0 33040
p 0 219 33040
x 0 33041
p 0 215 33041
x 0 33042
p 0 217 33042
x 0 33043
p 0 218 33043
x 0 33044
p 0 218 33044
x 0 33045
p 0 218 33045
x 0 33046
p 0 217 33046
x 0 33047
p 0 216 33047
x 0 33048
p 0 218 33048
x 0 33049
p 0 234 33049
x 0 33050
p 0 222 33050
x 0 33051
p 0 217 33051
x 0 33052
p 0 196 33052
x 0 33053
p 0 282 33053
x 0 33054
p 0 218 33054
x 0 33055
p 0 218 33055
x 0 33056
p 0 214 33056
x 0 33057
p 0 214 33057
x 0 33058
p 0 216 33058
x 0 33059
p 0 220 33059
x 0 33060
p 0 198 33060
x 0 33061
p 0 214 33061
x 0 33062
p 0 215 33062
x 0 33000
x 1 33001
h 1 10.0.0.9
p 1 717 33001
x 2 33002
h 2 10.0.0.9
p 2 336 33002
x 0 33003
h 0 10.0.0.9
p 0 269 33003
x 1 33004
p 1 192 33004
p 0 1031910 33000
x 0 33005
p 0 178 33005
x 0 33006
p 0 205 33006
x 0 33007
p 0 171 33007
x 0 33008
p 0 217 33008
x 0 33009
p 0 211 33009
x 0 33010
p 0 214 33010
x 0 33011
p 0 217 33011
x 0 33012
p 0 213 33012
x 0 33013
p 0 209 33013
x 0 33014
p 0 211 33014
x 0 33015
p 0 214 33015
x 0 33016
p 0 185 33016
x 0 33017
p 0 214 33017
x 0 33018
p 0 271 33018
x 0 33019
p 0 215 33019
x 0 33020
p 0 211 33020
x 0 33021
p 0 212 33021
x 0 33022
p 0 281 33022
x 0 33023
p 0 209 33023
x 0 33024
p 0 212 33024
x 0 33025
p 0 238 33025
x 0 33026
p 0 214 33026
x 0 33027
p 0 213 33027
x 0 33028
p 0 215 33028
x 0 33029
p 0 274 33029
x 0 33030
p 0 212 33030
x 0 33031
p 0 249 33031
x 0 33032
p 0 218 33032
x 0 33033
p 0 212 33033
x 0 33034
p 0 187 33034
x 0 33035
p 0 183 33035
x 0 33036
p 0 195 33036
x 0 33037
p 0 212 33037
x 0 33038
p 0 181 33038
x 0 33039
p 0 182 33039
x 0 33040
p 0 181 33040
x 0 33041
p 0 185 33041
x 0 33042
p 0 183 33042
x 0 33043
p 0 184 33043
x 0 33044
p 0 186 33044
x 0 33045
p 0 187 33045
x 0 33046
p 0 187 33046
x 0 33047
p 0 195 33047
x 0 33048
p 0 236 33048
x 0 33049
p 0 183 33049
x 0 33050
p 0 179 33050
x 0 33051
p 0 181 33051
x 0 33052
p 0 181 33052
x 0 33053
p 0 180 33053
x 0 33054
p 0 212 33054
x 0 33055
p 0 209 33055
x 0 33056
p 0 185 33056
x 0 33057
p 0 209 33057
x 0 33058
p 0 208 33058
x 0 33059
p 0 211 33059
x 0 33060
p 0 184 33060
x 0 33061
p 0 212 33061
x 0 33062
p 0 254 33062
x 0 33000
x 1 33001
h 1 10.0.0.9
p 1 834 33001
x 2 33002
h 2 10.0.0.9
p 2 205 33002
x 0 33003
h 0 10.0.0.9
p 0 209 33003
x 1 33004
p 1 206 33004
p 0 1022111 33000
x 0 33005
p 0 206 33005
x 0 33006
p 0 209 33006
x 0 33007
p 0 210 33007
x 0 33008
p 0 232 33008
x 0 33009
p 0 271 33009
x 0 33010
p 0 221 33010
x 0 33011
p 0 191 33011
x 0 33012
p 0 217 33012
x 0 33013
p 0 304 33013
x 0 33014
p 0 222 33014
x 0 33015
p 0 218 33015
x 0 33016
p 0 311 33016
x 0 33017
p 0 336 33017
x 0 33018
p 0 221 33018
x 0 33019
p 0 220 33019
x 0 33020
p 0 309 33020
x 0 33021
p 0 222 33021
x 0 33022
p 0 218 33022
x 0 33023
p 0 216 33023
x 0 33024
p 0 220 33024
x 0 33025
p 0 250 33025
x 0 33026
p 0 220 33026
x 0 33027
p 0 221 33027
x 0 33028
p 0 220 33028
x 0 33029
p 0 255 33029
x 0 33030
p 0 269 33030
x 0 33031
p 0 219 33031
x 0 33032
p 0 219 33032
x 0 33033
p 0 253 33033
x 0 33034
p 0 221 33034
x 0 33035
p 0 219 33035
x 0 33036
p 0 217 33036
x 0 33037
p 0 254 33037
x 0 33038
p 0 218 33038
x 0 33039
p 0 316 33039
x 0 33040
p 0 271 33040
x 0 33041
p 0 250 33041
x 0 33042
p 0 343 33042
x 0 33043
p 0 218 33043
x 0 33044
p 0 293 33044
x 0 33045
p 0 217 33045
x 0 33046
p 0 273 33046
x 0 33047
p 0 206 33047
x 0 33048
p 0 184 33048
x 0 33049
p 0 207 33049
x 0 33050
p 0 238 33050
x 0 33051
p 0 204 33051
x 0 33052
p 0 183 33052
x 0 33053
p 0 206 33053
x 0 33054
p 0 242 33054
x 0 33055
p 0 207 33055
x 0 33056
p 0 179 33056
x 0 33057
p 0 205 33057
x 0 33058
p 0 207 33058
x 0 33059
p 0 262 33059
x 0 33060
p 0 180 33060
x 0 33061
p 0 183 33061
x 0 33062
p 0 175 33062
x 0 33000
x 1 33001
h 1 10.0.0.9
p 1 781 33001
x 2 33002
h 2 10.0.0.9
p 2 203 33002
x 0 33003
h 0 10.0.0.9
p 0 210 33003
x 1 33004
p 1 205 33004
p 0 1020754 33000
x 0 33005
p 0 289 33005
x 0 33006
p 0 187 33006
x 0 33007
p 0 202 33007
x 0 33008
p 0 168 33008
x 0 33009
p 0 171 33009
x 0 33010
p 0 334 33010
x 0 33011
p 0 218 33011
x 0 33012
p 0 220 33012
x 0 33013
p 0 171 33013
x 0 33014
p 0 171 33014
x 0 33015
p 0 170 33015
x 0 33016
p 0 174 33016
x 0 33017
p 0 191 33017
x 0 33018
p 0 213 33018
x 0 33019
p 0 194 33019
x 0 33020
p 0 191 33020
x 0 33021
p 0 190 33021
x 0 33022
p 0 194 33022
x 0 33023
p 0 170 33023
x 0 33024
p 0 273 33024
x 0 33025
p 0 247 33025
x 0 33026
p 0 197 33026
x 0 33027
p 0 196 33027
x 0 33028
p 0 221 33028
x 0 33029
p 0 184 33029
x 0 33030
p 0 175 33030
x 0 33031
p 0 173 33031
x 0 33032
p 0 182 33032
x 0 33033
p 0 340 33033
x 0 33034
p 0 257 33034
x 0 33035
p 0 256 33035
x 0 33036
p 0 261 33036
x 0 33037
p 0 224 33037
x 0 33038
p 0 232 33038
x 0 33039
p 0 256 33039
x 0 33040
p 0 246 33040
x 0 33041
p 0 222 33041
x 0 33042
p 0 224 33042
x 0 33043
p 0 221 33043
x 0 33044
p 0 165 33044
x 0 33045
p 0 220 33045
x 0 33046
p 0 162 33046
x 0 33047
p 0 232 33047
x 0 33048
p 0 260 33048
x 0 33049
p 0 230 33049
x 0 33050
p 0 245 33050
x 0 33051
p 0 241 33051
x 0 33052
p 0 182 33052
x 0 33053
p 0 316 33053
x 0 33054
p 0 221 33054
x 0 33055
p 0 216 33055
x 0 33056
p 0 224 33056
x 0 33057
p 0 222 33057
x 0 33058
p 0 253 33058
x 0 33059
p 0 168 33059
x 0 33060
p 0 167 33060
x 0 33061
p 0 216 33061
x 0 33062
p 0 279 33062
x 0 33000
x 1 33001
h 1 10.0.0.9
p 1 768 33001
x 2 33002
h 2 10.0.0.9
p 2 173 33002
x 0 33003
h 0 10.0.0.9
p 0 182 33003
x 1 33004
p 1 210 33004
p 0 1010211 33000
x 0 33005
p 0 208 33005
x 0 33006
p 0 179 33006
x 0 33007
p 0 182 33007
x 0 33008
p 0 216 33008
x 0 33009
p 0 214 33009
x 0 33010
p 0 211 33010
x 0 33011
p 0 211 33011
x 0 33012
p 0 209 33012
x 0 33013
p 0 213 33013
x 0 33014
p 0 215 33014
x 0 33015
p 0 208 33015
x 0 33016
p 0 213 33016
x 0 33017
p 0 212 33017
x 0 33018
p 0 211 33018
x 0 33019
p 0 212 33019
x 0 33020
p 0 209 33020
x 0 33021
p 0 211 33021
x 0 33022
p 0 212 33022
x 0 33023
p 0 270 33023
x 0 33024
p 0 215 33024
x 0 33025
p 0 214 33025
x 0 33026
p 0 207 33026
x 0 33027
p 0 211 33027
x 0 33028
p 0 216 33028
x 0 33029
p 0 218 33029
x 0 33030
p 0 215 33030
x 0 33031
p 0 214 33031
x 0 33032
p 0 214 33032
x 0 33033
p 0 214 33033
x 0 33034
p 0 262 33034
x 0 33035
p 0 214 33035
x 0 33036
p 0 211 33036
x 0 33037
p 0 270 33037
x 0 33038
p 0 209 33038
x 0 33039
p 0 211 33039
x 0 33040
p 0 209 33040
x 0 33041
p 0 207 33041
x 0 33042
p 0 209 33042
x 0 33043
p 0 210 33043
x 0 33044
p 0 211 33044
x 0 33045
p 0 263 33045
x 0 33046
p 0 210 33046
x 0 33047
p 0 211 33047
x 0 33048
p 0 210 33048
x 0 33049
p 0 211 33049
x 0 33050
p 0 209 33050
x 0 33051
p 0 209 33051
x 0 33052
p 0 208 33052
x 0 33053
p 0 210 33053
x 0 33054
p 0 186 33054
x 0 33055
p 0 211 33055
x 0 33056
p 0 210 33056
x 0 33057
p 0 213 33057
x 0 33058
p 0 212 33058
x 0 33059
p 0 207 33059
x 0 33060
p 0 211 33060
x 0 33061
p 0 213 33061
x 0 33062
p 0 178 33062
x 0 33000
x 1 33001
h 1 10.0.0.9
p 1 727 33001
x 2 33002
h 2 10.0.0.9
p 2 211 33002
x 0 33003
h 0 10.0.0.9
p 0 236 33003
x 1 33004
p 1 213 33004
p 0 1018764 33000
x 0 33005
p 0 210 33005
x 0 33006
p 0 211 33006
x 0 33007
p 0 214 33007
x 0 33008
p 0 214 33008
x 0 33009
p 0 256 33009
x 0 33010
p 0 209 33010
x 0 33011
p 0 210 33011
x 0 33012
p 0 210 33012
x 0 33013
p 0 207 33013
x 0 33014
p 0 207 33014
x 0 33015
p 0 206 33015
x 0 33016
p 0 210 33016
x 0 33017
p 0 305 33017
x 0 33018
p 0 211 33018
x 0 33019
p 0 211 33019
x 0 33020
p 0 242 33020
x 0 33021
p 0 291 33021
x 0 33022
p 0 184 33022
x 0 33023
p 0 209 33023
x 0 33024
p 0 208 33024
x 0 33025
p 0 209 33025
x 0 33026
p 0 209 33026
x 0 33027
p 0 207 33027
x 0 33028
p 0 211 33028
x 0 33029
p 0 208 33029
x 0 33030
p 0 209 33030
x 0 33031
p 0 213 33031
x 0 33032
p 0 243 33032
x 0 33033
p 0 288 33033
x 0 33034
p 0 209 33034
x 0 33035
p 0 183 33035
x 0 33036
p 0 211 33036
x 0 33037
p 0 209 33037
x 0 33038
p 0 185 33038
x 0 33039
p 0 211 33039
x 0 33040
p 0 210 33040
x 0 33041
p 0 209 33041
x 0 33042
p 0 207 33042
x 0 33043
p 0 212 33043
x 0 33044
p 0 256 33044
x 0 33045
p 0 303 33045
x 0 33046
p 0 266 33046
x 0 33047
p 0 229 33047
x 0 33048
p 0 212 33048
x 0 33049
p 0 301 33049
x 0 33050
p 0 266 33050
x 0 33051
p 0 295 33051
x 0 33052
p 0 191 33052
x 0 33053
p 0 277 33053
x 0 33054
p 0 271 33054
x 0 33055
p 0 253 33055
x 0 33056
p 0 270 33056
x 0 33057
p 0 272 33057
x 0 33058
p 0 199 33058
x 0 33059
p 0 174 33059
x 0 33060
p 0 209 33060
x 0 33061
p 0 263 33061
x 0 33062
p 0 216 33062
x 0 33000
x 1 33001
h 1 10.0.0.9
p 1 1001 33001
x 2 33002
h 2 10.0.0.9
p 2 209 33002
x 0 33003
h 0 10.0.0.9
p 0 209 33003
x 1 33004
p 1 206 33004
p 0 1031762 33000
x 0 33005
p 0 246 33005
x 0 33006
p 0 235 33006
x 0 33007
p 0 222 33007
x 0 33008
p 0 461 33008
x 0 33009
p 0 95 33009
x 0 33010
p 0 426 33010
x 0 33011
p 0 441 33011
x 0 33012
p 0 183 33012
x 0 33013
p 0 214 33013
x 0 33014
p 0 214 33014
x 0 33015
p 0 211 33015
x 0 33016
p 0 392 33016
x 0 33017
p 0 316 33017
x 0 33018
p 0 214 33018
x 0 33019
p 0 322 33019
x 0 33020
p 0 433 33020
x 0 33021
p 0 212 33021
x 0 33022
p 0 210 33022
x 0 33023
p 0 208 33023
x 0 33024
p 0 208 33024
x 0 33025
p 0 238 33025
x 0 33026
p 0 211 33026
x 0 33027
p 0 208 33027
x 0 33028
p 0 211 33028
x 0 33029
p 0 247 33029
x 0 33030
p 0 226 33030
x 0 33031
p 0 217 33031
x 0 33032
p 0 210 33032
x 0 33033
p 0 214 33033
x 0 33034
p 0 209 33034
x 0 33035
p 0 212 33035
x 0 33036
p 0 210 33036
x 0 33037
p 0 209 33037
x 0 33038
p 0 210 33038
x 0 33039
p 0 212 33039
x 0 33040
p 0 209 33040
x 0 33041
p 0 254 33041
x 0 33042
p 0 207 33042
x 0 33043
p 0 211 33043
x 0 33044
p 0 213 33044
x 0 33045
p 0 242 33045
x 0 33046
p 0 213 33046
x 0 33047
p 0 211 33047
x 0 33048
p 0 208 33048
x 0 33049
p 0 336 33049
x 0 33050
p 0 215 33050
x 0 33051
p 0 377 33051
x 0 33052
p 0 324 33052
x 0 33053
p 0 324 33053
x 0 33054
p 0 209 33054
x 0 33055
p 0 215 33055
x 0 33056
p 0 213 33056
x 0 33057
p 0 244 33057
x 0 33058
p 0 211 33058
x 0 33059
p 0 209 33059
x 0 33060
p 0 214 33060
x 0 33061
p 0 238 33061
x 0 33062
p 0 306 33062
x 0 33000
x 1 33001
h 1 10.0.0.9
p 1 831 33001
x 2 33002
h 2 10.0.0.9
p 2 254 33002
x 0 33003
h 0 10.0.0.9
p 0 194 33003
x 1 33004
p 1 210 33004
p 0 1024709 33000
x 0 33005
p 0 208 33005
x 0 33006
p 0 215 33006
x 0 33007
p 0 212 33007
x 0 33008
p 0 212 33008
x 0 33009
p 0 212 33009
x 0 33010
p 0 220 33010
x 0 33011
p 0 207 33011
x 0 33012
p 0 216 33012
x 0 33013
p 0 208 33013
x 0 33014
p 0 215 33014
x 0 33015
p 0 206 33015
x 0 33016
p 0 213 33016
x 0 33017
p 0 211 33017
x 0 33018
p 0 210 33018
x 0 33019
p 0 209 33019
x 0 33020
p 0 204 33020
x 0 33021
p 0 208 33021
x 0 33022
p 0 214 33022
x 0 33023
p 0 209 33023
x 0 33024
p 0 206 33024
x 0 33025
p 0 208 33025
x 0 33026
p 0 207 33026
x 0 33027
p 0 208 33027
x 0 33028
p 0 244 33028
x 0 33029
p 0 217 33029
x 0 33030
p 0 207 33030
x 0 33031
p 0 206 33031
x 0 33032
p 0 209 33032
x 0 33033
p 0 209 33033
x 0 33034
p 0 216 33034
x 0 33035
p 0 245 33035
x 0 33036
p 0 207 33036
x 0 33037
p 0 211 33037
x 0 33038
p 0 202 33038
x 0 33039
p 0 248 33039
x 0 33040
p 0 213 33040
x 0 33041
p 0 211 33041
x 0 33042
p 0 254 33042
x 0 33043
p 0 216 33043
x 0 33044
p 0 209 33044
x 0 33045
p 0 215 33045
x 0 33046
p 0 245 33046
x 0 33047
p 0 216 33047
x 0 33048
p 0 214 33048
x 0 33049
p 0 252 33049
x 0 33050
p 0 245 33050
x 0 33051
p 0 213 33051
x 0 33052
p 0 216 33052
x 0 33053
p 0 214 33053
x 0 33054
p 0 211 33054
x 0 33055
p 0 215 33055
x 0 33056
p 0 212 33056
x 0 33057
p 0 214 33057
x 0 33058
p 0 213 33058
x 0 33059
p 0 272 33059
x 0 33060
p 0 215 33060
x 0 33061
p 0 213 33061
x 0 33062
p 0 219 33062
x 0 33000
x 1 33001
h 1 10.0.0.9
p 1 1276 33001
x 2 33002
h 2 10.0.0.9
p 2 179 33002
x 0 33003
h 0 10.0.0.9
p 0 179 33003
x 1 33004
p 1 181 33004
p 0 1031938 33000
x 0 33005
p 0 170 33005
x 0 33006
p 0 210 33006
x 0 33007
p 0 222 33007
x 0 33008
p 0 268 33008
x 0 33009
p 0 216 33009
x 0 33010
p 0 214 33010
x 0 33011
p 0 247 33011
x 0 33012
p 0 212 33012
x 0 33013
p 0 247 33013
x 0 33014
p 0 210 33014
x 0 33015
p 0 242 33015
x 0 33016
p 0 209 33016
x 0 33017
p 0 212 33017
x 0 33018
p 0 250 33018
x 0 33019
p 0 208 33019
x 0 33020
p 0 207 33020
x 0 33021
p 0 209 33021
x 0 33022
p 0 250 33022
x 0 33023
p 0 209 33023
x 0 33024
p 0 208 33024
x 0 33025
p 0 251 33025
x 0 33026
p 0 209 33026
x 0 33027
p 0 210 33027
x 0 33028
p 0 213 33028
x 0 33029
p 0 215 33029
x 0 33030
p 0 211 33030
x 0 33031
p 0 214 33031
x 0 33032
p 0 209 33032
x 0 33033
p 0 213 33033
x 0 33034
p 0 212 33034
x 0 33035
p 0 209 33035
x 0 33036
p 0 207 33036
x 0 33037
p 0 205 33037
x 0 33038
p 0 215 33038
x 0 33039
p 0 215 33039
x 0 33040
p 0 207 33040
x 0 33041
p 0 206 33041
x 0 33042
p 0 208 33042
x 0 33043
p 0 234 33043
x 0 33044
p 0 372 33044
x 0 33045
p 0 129 33045
x 0 33046
p 0 407 33046
x 0 33047
p 0 183 33047
x 0 33048
p 0 98 33048
x 0 33049
p 0 184 33049
x 0 33050
p 0 185 33050
x 0 33051
p 0 190 33051
x 0 33052
p 0 179 33052
x 0 33053
p 0 189 33053
x 0 33054
p 0 217 33054
x 0 33055
p 0 188 33055
x 0 33056
p 0 205 33056
x 0 33057
p 0 275 33057
x 0 33058
p 0 124 33058
x 0 33059
p 0 183 33059
x 0 33060
p 0 268 33060
x 0 33061
p 0 212 33061
x 0 33062
p 0 208 33062
x 0 33000
x 1 33001
h 1 10.0.0.9
p 1 1038 33001
x 2 33002
h 2 10.0.0.9
p 2 233 33002
x 0 33003
h 0 10.0.0.9
p 0 222 33003
x 1 33004
p 1 229 33004
p 0 1018015 33000
x 0 33005
p 0 228 33005
x 0 33006
p 0 275 33006
x 0 33007
p 0 239 33007
x 0 33008
p 0 230 33008
x 0 33009
p 0 317 33009
x 0 33010
p 0 216 33010
x 0 33011
p 0 214 33011
x 0 33012
p 0 214 33012
x 0 33013
p 0 210 33013
x 0 33014
p 0 213 33014
x 0 33015
p 0 212 33015
x 0 33016
p 0 216 33016
x 0 33017
p 0 214 33017
x 0 33018
p 0 214 33018
x 0 33019
p 0 211 33019
x 0 33020
p 0 303 33020
x 0 33021
p 0 342 33021
x 0 33022
p 0 211 33022
x 0 33023
p 0 211 33023
x 0 33024
p 0 218 33024
x 0 33025
p 0 213 33025
x 0 33026
p 0 217 33026
x 0 33027
p 0 213 33027
x 0 33028
p 0 214 33028
x 0 33029
p 0 216 33029
x 0 33030
p 0 217 33030
x 0 33031
p 0 286 33031
x 0 33032
p 0 218 33032
x 0 33033
p 0 215 33033
x 0 33034
p 0 217 33034
x 0 33035
p 0 210 33035
x 0 33036
p 0 219 33036
x 0 33037
p 0 188 33037
x 0 33038
p 0 218 33038
x 0 33039
p 0 216 33039
x 0 33040
p 0 213 33040
x 0 33041
p 0 216 33041
x 0 33042
p 0 205 33042
x 0 33043
p 0 213 33043
x 0 33044
p 0 215 33044
x 0 33045
p 0 217 33045
x 0 33046
p 0 221 33046
x 0 33047
p 0 214 33047
x 0 33048
p 0 221 33048
x 0 33049
p 0 216 33049
x 0 33050
p 0 212 33050
x 0 33051
p 0 211 33051
x 0 33052
p 0 214 33052
x 0 33053
p 0 211 33053
x 0 33054
p 0 219 33054
x 0 33055
p 0 214 33055
x 0 33056
p 0 217 33056
x 0 33057
p 0 217 33057
x 0 33058
p 0 215 33058
x 0 33059
p 0 212 33059
x 0 33060
p 0 212 33060
x 0 33061
p 0 215 33061
x 0 33062
p 0 214 33062
x 0 33000
x 1 33001
h 1 10.0.0.9
p 1 818 33001
x 2 33002
h 2 10.0.0.9
p 2 211 33002
x 0 33003
h 0 10.0.0.9
p 0 149 33003
x 1 33004
p 1 212 33004
p 0 1021635 33000
x 0 33005
p 0 264 33005
x 0 33006
p 0 236 33006
x 0 33007
p 0 210 33007
x 0 33008
p 0 211 33008
x 0 33009
p 0 208 33009
x 0 33010
p 0 216 33010
x 0 33011
p 0 210 33011
x 0 33012
p 0 210 33012
x 0 33013
p 0 241 33013
x 0 33014
p 0 206 33014
x 0 33015
p 0 213 33015
x 0 33016
p 0 210 33016
x 0 33017
p 0 209 33017
x 0 33018
p 0 213 33018
x 0 33019
p 0 273 33019
x 0 33020
p 0 269 33020
x 0 33021
p 0 240 33021
x 0 33022
p 0 241 33022
x 0 33023
p 0 247 33023
x 0 33024
p 0 242 33024
x 0 33025
p 0 251 33025
x 0 33026
p 0 241 33026
x 0 33027
p 0 325 33027
x 0 33028
p 0 252 33028
x 0 33029
p 0 240 33029
x 0 33030
p 0 282 33030
x 0 33031
p 0 206 33031
x 0 33032
p 0 208 33032
x 0 33033
p 0 210 33033
x 0 33034
p 0 273 33034
x 0 33035
p 0 207 33035
x 0 33036
p 0 208 33036
x 0 33037
p 0 209 33037
x 0 33038
p 0 234 33038
x 0 33039
p 0 211 33039
x 0 33040
p 0 212 33040
x 0 33041
p 0 267 33041
x 0 33042
p 0 209 33042
x 0 33043
p 0 207 33043
x 0 33044
p 0 209 33044
x 0 33045
p 0 207 33045
x 0 33046
p 0 207 33046
x 0 33047
p 0 208 33047
x 0 33048
p 0 208 33048
x 0 33049
p 0 209 33049
x 0 33050
p 0 209 33050
x 0 33051
p 0 211 33051
x 0 33052
p 0 206 33052
x 0 33053
p 0 208 33053
x 0 33054
p 0 210 33054
x 0 33055
p 0 208 33055
x 0 33056
p 0 208 33056
x 0 33057
p 0 206 33057
x 0 33058
p 0 209 33058
x 0 33059
p 0 207 33059
x 0 33060
p 0 210 33060
x 0 33061
p 0 210 33061
x 0 33062
p 0 208 33062
x 0 33000
x 1 33001
h 1 10.0.0.9
p 1 873 33001
x 2 33002
h 2 10.0.0.9
p 2 172 33002
x 0 33003
h 0 10.0.0.9
p 0 174 33003
x 1 33004
p 1 208 33004
p 0 1016683 33000
x 0 33005
p 0 178 33005
x 0 33006
p 0 235 33006
x 0 33007
p 0 207 33007
x 0 33008
p 0 222 33008
x 0 33009
p 0 248 33009
x 0 33010
p 0 163 33010
x 0 33011
p 0 207 33011
x 0 33012
p 0 204 33012
x 0 33013
p 0 213 33013
x 0 33014
p 0 207 33014
x 0 33015
p 0 205 33015
x 0 33016
p 0 208 33016
x 0 33017
p 0 210 33017
x 0 33018
p 0 206 33018
x 0 33019
p 0 207 33019
x 0 33020
p 0 209 33020
x 0 33021
p 0 179 33021
x 0 33022
p 0 208 33022
x 0 33023
p 0 182 33023
x 0 33024
p 0 236 33024
x 0 33025
p 0 181 33025
x 0 33026
p 0 176 33026
x 0 33027
p 0 174 33027
x 0 33028
p 0 178 33028
x 0 33029
p 0 235 33029
x 0 33030
p 0 177 33030
x 0 33031
p 0 172 33031
x 0 33032
p 0 169 33032
x 0 33033
p 0 174 33033
x 0 33034
p 0 172 33034
x 0 33035
p 0 172 33035
x 0 33036
p 0 170 33036
x 0 33037
p 0 221 33037
x 0 33038
p 0 177 33038
x 0 33039
p 0 178 33039
x 0 33040
p 0 175 33040
x 0 33041
p 0 172 33041
x 0 33042
p 0 171 33042
x 0 33043
p 0 176 33043
x 0 33044
p 0 222 33044
x 0 33045
p 0 170 33045
x 0 33046
p 0 167 33046
x 0 33047
p 0 208 33047
x 0 33048
p 0 258 33048
x 0 33049
p 0 208 33049
x 0 33050
p 0 264 33050
x 0 33051
p 0 206 33051
x 0 33052
p 0 208 33052
x 0 33053
p 0 209 33053
x 0 33054
p 0 215 33054
x 0 33055
p 0 260 33055
x 0 33056
p 0 194 33056
x 0 33057
p 0 311 33057
x 0 33058
p 0 241 33058
x 0 33059
p 0 243 33059
x 0 33060
p 0 216 33060
x 0 33061
p 0 227 33061
x 0 33062
p 0 226 33062
x 0 33000
x 1 33001
h 1 10.0.0.9
p 1 1314 33001
x 2 33002
h 2 10.0.0.9
p 2 247 33002
x 0 33003
h 0 10.0.0.9
p 0 209 33003
x 1 33004
p 1 205 33004
p 0 1029160 33000
x 0 33005
p 0 262 33005
x 0 33006
p 0 211 33006
x 0 33007
p 0 209 33007
x 0 33008
p 0 206 33008
x 0 33009
p 0 210 33009
x 0 33010
p 0 211 33010
x 0 33011
p 0 209 33011
x 0 33012
p 0 214 33012
x 0 33013
p 0 212 33013
x 0 33014
p 0 211 33014
x 0 33015
p 0 180 33015
x 0 33016
p 0 210 33016
x 0 33017
p 0 209 33017
x 0 33018
p 0 211 33018
x 0 33019
p 0 240 33019
x 0 33020
p 0 207 33020
x 0 33021
p 0 212 33021
x 0 33022
p 0 216 33022
x 0 33023
p 0 238 33023
x 0 33024
p 0 211 33024
x 0 33025
p 0 219 33025
x 0 33026
p 0 213 33026
x 0 33027
p 0 237 33027
x 0 33028
p 0 213 33028
x 0 33029
p 0 216 33029
x 0 33030
p 0 210 33030
x 0 33031
p 0 235 33031
x 0 33032
p 0 219 33032
x 0 33033
p 0 214 33033
x 0 33034
p 0 214 33034
x 0 33035
p 0 201 33035
x 0 33036
p 0 210 33036
x 0 33037
p 0 216 33037
x 0 33038
p 0 216 33038
x 0 33039
p 0 206 33039
x 0 33040
p 0 212 33040
x 0 33041
p 0 210 33041
x 0 33042
p 0 215 33042
x 0 33043
p 0 209 33043
x 0 33044
p 0 193 33044
x 0 33045
p 0 213 33045
x 0 33046
p 0 214 33046
x 0 33047
p 0 188 33047
x 0 33048
p 0 191 33048
x 0 33049
p 0 216 33049
x 0 33050
p 0 219 33050
x 0 33051
p 0 210 33051
x 0 33052
p 0 172 33052
x 0 33053
p 0 191 33053
x 0 33054
p 0 213 33054
x 0 33055
p 0 187 33055
x 0 33056
p 0 186 33056
x 0 33057
p 0 212 33057
x 0 33058
p 0 182 33058
x 0 33059
p 0 313 33059
x 0 33060
p 0 291 33060
x 0 33061
p 0 222 33061
x 0 33062
p 0 211 33062
x 0 33000
x 1 33001
h 1 10.0.0.9
p 1 775 33001
x 2 33002
h 2 10.0.0.9
p 2 255 33002
x 0 33003
h 0 10.0.0.9
p 0 209 33003
x 1 33004
p 1 208 33004
p 0 1028686 33000
x 0 33005
p 0 244 33005
x 0 33006
p 0 209 33006
x 0 33007
p 0 211 33007
x 0 33008
p 0 218 33008
x 0 33009
p 0 293 33009
x 0 33010
p 0 210 33010
x 0 33011
p 0 211 33011
x 0 33012
p 0 211 33012
x 0 33013
p 0 212 33013
x 0 33014
p 0 210 33014
x 0 33015
p 0 289 33015
x 0 33016
p 0 318 33016
x 0 33017
p 0 286 33017
x 0 33018
p 0 158 33018
x 0 33019
p 0 161 33019
x 0 33020
p 0 165 33020
x 0 33021
p 0 160 33021
x 0 33022
p 0 157 33022
x 0 33023
p 0 161 33023
x 0 33024
p 0 157 33024
x 0 33025
p 0 160 33025
x 0 33026
p 0 156 33026
x 0 33027
p 0 158 33027
x 0 33028
p 0 162 33028
x 0 33029
p 0 347 33029
x 0 33030
p 0 161 33030
x 0 33031
p 0 159 33031
x 0 33032
p 0 162 33032
x 0 33033
p 0 157 33033
x 0 33034
p 0 158 33034
x 0 33035
p 0 159 33035
x 0 33036
p 0 208 33036
x 0 33037
p 0 160 33037
x 0 33038
p 0 160 33038
x 0 33039
p 0 165 33039
x 0 33040
p 0 164 33040
x 0 33041
p 0 158 33041
x 0 33042
p 0 156 33042
x 0 33043
p 0 160 33043
x 0 33044
p 0 191 33044
x 0 33045
p 0 157 33045
x 0 33046
p 0 156 33046
x 0 33047
p 0 198 33047
x 0 33048
p 0 194 33048
x 0 33049
p 0 164 33049
x 0 33050
p 0 159 33050
x 0 33051
p 0 156 33051
x 0 33052
p 0 207 33052
x 0 33053
p 0 162 33053
x 0 33054
p 0 165 33054
x 0 33055
p 0 159 33055
x 0 33056
p 0 200 33056
x 0 33057
p 0 168 33057
x 0 33058
p 0 162 33058
x 0 33059
p 0 173 33059
x 0 33060
p 0 149 33060
x 0 33061
p 0 402 33061
x 0 33062
p 0 154 33062
x 0 33000
x 1 33001
h 1 10.0.0.9
p 1 664 33001
x 2 33002
h 2 10.0.0.9
p 2 213 33002
x 0 33003
h 0 10.0.0.9
p 0 215 33003
x 1 33004
p 1 211 33004
p 0 1014633 33000
x 0 33005
p 0 207 33005
x 0 33006
p 0 257 33006
x 0 33007
p 0 213 33007
x 0 33008
p 0 210 33008
x 0 33009
p 0 216 33009
x 0 33010
p 0 252 33010
x 0 33011
p 0 208 33011
x 0 33012
p 0 207 33012
x 0 33013
p 0 207 33013
x 0 33014
p 0 210 33014
x 0 33015
p 0 209 33015
x 0 33016
p 0 207 33016
x 0 33017
p 0 207 33017
x 0 33018
p 0 244 33018
x 0 33019
p 0 207 33019
x 0 33020
p 0 207 33020
x 0 33021
p 0 209 33021
x 0 33022
p 0 271 33022
x 0 33023
p 0 205 33023
x 0 33024
p 0 207 33024
x 0 33025
p 0 211 33025
x 0 33026
p 0 241 33026
x 0 33027
p 0 208 33027
x 0 33028
p 0 208 33028
x 0 33029
p 0 212 33029
x 0 33030
p 0 234 33030
x 0 33031
p 0 214 33031
x 0 33032
p 0 210 33032
x 0 33033
p 0 211 33033
x 0 33034
p 0 210 33034
x 0 33035
p 0 207 33035
x 0 33036
p 0 210 33036
x 0 33037
p 0 212 33037
x 0 33038
p 0 209 33038
x 0 33039
p 0 215 33039
x 0 33040
p 0 218 33040
x 0 33041
p 0 211 33041
x 0 33042
p 0 208 33042
x 0 33043
p 0 208 33043
x 0 33044
p 0 211 33044
x 0 33045
p 0 211 33045
x 0 33046
p 0 217 33046
x 0 33047
p 0 219 33047
x 0 33048
p 0 210 33048
x 0 33049
p 0 226 33049
x 0 33050
p 0 216 33050
x 0 33051
p 0 215 33051
x 0 33052
p 0 215 33052
x 0 33053
p 0 217 33053
x 0 33054
p 0 216 33054
x 0 33055
p 0 217 33055
x 0 33056
p 0 214 33056
x 0 33057
p 0 215 33057
x 0 33058
p 0 214 33058
x 0 33059
p 0 213 33059
x 0 33060
p 0 208 33060
x 0 33061
p 0 210 33061
x 0 33062
p 0 208 33062
x 0 33000
x 1 33001
h 1 10.0.0.9
p 1 871 33001
x 2 33002
h 2 10.0.0.9
p 2 215 33002
x 0 33003
h 0 10.0.0.9
p 0 217 33003
x 1 33004
p 1 242 33004
p 0 1013083 33000
x 0 33005
p 0 179 33005
x 0 33006
p 0 300 33006
x 0 33007
p 0 244 33007
x 0 33008
p 0 177 33008
x 0 33009
p 0 226 33009
x 0 33010
p 0 248 33010
x 0 33011
p 0 384 33011
x 0 33012
p 0 179 33012
x 0 33013
p 0 306 33013
x 0 33014
p 0 187 33014
x 0 33015
p 0 181 33015
x 0 33016
p 0 178 33016
x 0 33017
p 0 221 33017
x 0 33018
p 0 183 33018
x 0 33019
p 0 370 33019
x 0 33020
p 0 308 33020
x 0 33021
p 0 231 33021
x 0 33022
p 0 220 33022
x 0 33023
p 0 175 33023
x 0 33024
p 0 174 33024
x 0 33025
p 0 392 33025
x 0 33026
p 0 177 33026
x 0 33027
p 0 174 33027
x 0 33028
p 0 187 33028
x 0 33029
p 0 277 33029
x 0 33030
p 0 303 33030
x 0 33031
p 0 296 33031
x 0 33032
p 0 415 33032
x 0 33033
p 0 305 33033
x 0 33034
p 0 346 33034
x 0 33035
p 0 399 33035
x 0 33036
p 0 288 33036
x 0 33037
p 0 285 33037
x 0 33038
p 0 216 33038
x 0 33039
p 0 330 33039
x 0 33040
p 0 339 33040
x 0 33041
p 0 277 33041
x 0 33042
p 0 302 33042
x 0 33043
p 0 220 33043
x 0 33044
p 0 375 33044
x 0 33045
p 0 354 33045
x 0 33046
p 0 220 33046
x 0 33047
p 0 266 33047
x 0 33048
p 0 218 33048
x 0 33049
p 0 184 33049
x 0 33050
p 0 228 33050
x 0 33051
p 0 218 33051
x 0 33052
p 0 218 33052
x 0 33053
p 0 215 33053
x 0 33054
p 0 222 33054
x 0 33055
p 0 232 33055
x 0 33056
p 0 222 33056
x 0 33057
p 0 219 33057
x 0 33058
p 0 231 33058
x 0 33059
p 0 230 33059
x 0 33060
p 0 230 33060
x 0 33061
p 0 344 33061
x 0 33062
p 0 218 33062
x 0 33000
x 1 33001
h 1 10.0.0.9
p 1 905 33001
x 2 33002
h 2 10.0.0.9
p 2 209 33002
x 0 33003
h 0 10.0.0.9
p 0 195 33003
x 1 33004
p 1 397 33004
p 0 1005327 33000
x 0 33005
p 0 212 33005
x 0 33006
p 0 217 33006
x 0 33007
p 0 216 33007
x 0 33008
p 0 273 33008
x 0 33009
p 0 284 33009
x 0 33010
p 0 216 33010
x 0 33011
p 0 255 33011
x 0 33012
p 0 212 33012
x 0 33013
p 0 319 33013
x 0 33014
p 0 207 33014
x 0 33015
p 0 217 33015
x 0 33016
p 0 314 33016
x 0 33017
p 0 316 33017
x 0 33018
p 0 218 33018
x 0 33019
p 0 213 33019
x 0 33020
p 0 214 33020
x 0 33021
p 0 318 33021
x 0 33022
p 0 218 33022
x 0 33023
p 0 212 33023
x 0 33024
p 0 214 33024
x 0 33025
p 0 290 33025
x 0 33026
p 0 219 33026
x 0 33027
p 0 309 33027
x 0 33028
p 0 251 33028
x 0 33029
p 0 244 33029
x 0 33030
p 0 291 33030
x 0 33031
p 0 296 33031
x 0 33032
p 0 283 33032
x 0 33033
p 0 215 33033
x 0 33034
p 0 209 33034
x 0 33035
p 0 207 33035
x 0 33036
p 0 215 33036
x 0 33037
p 0 210 33037
x 0 33038
p 0 213 33038
x 0 33039
p 0 212 33039
x 0 33040
p 0 206 33040
x 0 33041
p 0 207 33041
x 0 33042
p 0 207 33042
x 0 33043
p 0 208 33043
x 0 33044
p 0 209 33044
x 0 33045
p 0 205 33045
x 0 33046
p 0 213 33046
x 0 33047
p 0 209 33047
x 0 33048
p 0 205 33048
x 0 33049
p 0 211 33049
x 0 33050
p 0 206 33050
x 0 33051
p 0 209 33051
x 0 33052
p 0 209 33052
x 0 33053
p 0 204 33053
x 0 33054
p 0 213 33054
x 0 33055
p 0 205 33055
x 0 33056
p 0 211 33056
x 0 33057
p 0 208 33057
x 0 33058
p 0 207 33058
x 0 33059
p 0 206 33059
x 0 33060
p 0 206 33060
x 0 33061
p 0 209 33061
x 0 33062
p 0 207 33062
x 0 33000
x 1 33001
h 1 10.0.0.9
p 1 756 33001
x 2 33002
h 2 10.0.0.9
p 2 224 33002
x 0 33003
h 0 10.0.0.9
p 0 87 33003
x 1 33004
p 1 171 33004
p 0 1018375 33000
x 0 33005
p 0 167 33005
x 0 33006
p 0 181 33006
x 0 33007
p 0 223 33007
x 0 33008
p 0 215 33008
x 0 33009
p 0 213 33009
x 0 33010
p 0 212 33010
x 0 33011
p 0 213 33011
x 0 33012
p 0 210 33012
x 0 33013
p 0 243 33013
x 0 33014
p 0 211 33014
x 0 33015
p 0 212 33015
x 0 33016
p 0 211 33016
x 0 33017
p 0 210 33017
x 0 33018
p 0 218 33018
x 0 33019
p 0 210 33019
x 0 33020
p 0 214 33020
x 0 33021
p 0 211 33021
x 0 33022
p 0 210 33022
x 0 33023
p 0 211 33023
x 0 33024
p 0 217 33024
x 0 33025
p 0 211 33025
x 0 33026
p 0 212 33026
x 0 33027
p 0 210 33027
x 0 33028
p 0 209 33028
x 0 33029
p 0 215 33029
x 0 33030
p 0 205 33030
x 0 33031
p 0 210 33031
x 0 33032
p 0 207 33032
x 0 33033
p 0 212 33033
x 0 33034
p 0 315 33034
x 0 33035
p 0 209 33035
x 0 33036
p 0 211 33036
x 0 33037
p 0 211 33037
x 0 33038
p 0 213 33038
x 0 33039
p 0 234 33039
x 0 33040
p 0 180 33040
x 0 33041
p 0 179 33041
x 0 33042
p 0 179 33042
x 0 33043
p 0 347 33043
x 0 33044
p 0 351 33044
x 0 33045
p 0 344 33045
x 0 33046
p 0 412 33046
x 0 33047
p 0 348 33047
x 0 33048
p 0 119 33048
x 0 33049
p 0 345 33049
x 0 33050
p 0 406 33050
x 0 33051
p 0 236 33051
x 0 33052
p 0 354 33052
x 0 33053
p 0 354 33053
x 0 33054
p 0 346 33054
x 0 33055
p 0 407 33055
x 0 33056
p 0 345 33056
x 0 33057
p 0 345 33057
x 0 33058
p 0 345 33058
x 0 33059
p 0 325 33059
x 0 33060
p 0 355 33060
x 0 33061
p 0 219 33061
x 0 33062
p 0 180 33062
