x 0 33000
h 0 10.0.0.11
p 0 92401 33000
x 1 33001
h 1 10.0.0.11
p 1 25566 33001
x 0 33002
p 0 977 33002
x 0 33003
p 0 194 33003
x 0 33004
p 0 195 33004
x 0 33005
p 0 194 33005
x 0 33006
p 0 195 33006
x 0 33007
p 0 202 33007
x 0 33008
p 0 193 33008
x 0 33009
p 0 196 33009
x 0 33010
p 0 199 33010
x 0 33011
p 0 194 33011
x 0 33012
p 0 198 33012
x 0 33013
p 0 194 33013
x 0 33014
p 0 193 33014
x 0 33015
p 0 193 33015
x 0 33016
p 0 198 33016
x 0 33017
p 0 201 33017
x 0 33018
p 0 195 33018
x 0 33019
p 0 195 33019
x 0 33020
p 0 189 33020
x 0 33021
p 0 189 33021
x 0 33022
p 0 192 33022
x 0 33023
p 0 190 33023
x 0 33024
p 0 188 33024
x 0 33025
p 0 224 33025
x 0 33026
p 0 193 33026
x 0 33027
p 0 195 33027
x 0 33028
p 0 194 33028
x 0 33029
p 0 192 33029
x 0 33030
p 0 200 33030
x 0 33031
p 0 198 33031
x 0 33032
p 0 232 33032
x 0 33033
p 0 177 33033
x 0 33034
p 0 241 33034
x 0 33035
p 0 102 33035
x 0 33036
p 0 203 33036
x 0 33037
p 0 214 33037
x 0 33038
p 0 206 33038
x 0 33039
p 0 199 33039
x 0 33040
p 0 199 33040
x 0 33041
p 0 200 33041
x 0 33042
p 0 202 33042
x 0 33043
p 0 200 33043
x 0 33044
p 0 203 33044
x 0 33045
p 0 198 33045
x 0 33046
p 0 197 33046
x 0 33047
p 0 216 33047
x 0 33048
p 0 204 33048
x 0 33049
p 0 199 33049
x 0 33050
p 0 204 33050
x 0 33051
p 0 244 33051
x 0 33052
p 0 203 33052
x 0 33053
p 0 203 33053
x 0 33054
p 0 199 33054
x 0 33055
p 0 195 33055
x 0 33056
p 0 197 33056
x 0 33057
p 0 195 33057
x 0 33058
p 0 238 33058
x 0 33059
p 0 199 33059
x 0 33060
p 0 192 33060
x 0 33000
h 0 10.0.0.11
p 0 15880 33000
x 1 33001
h 1 10.0.0.11
p 1 928 33001
x 0 33002
p 0 169 33002
x 0 33003
p 0 156 33003
x 0 33004
p 0 159 33004
x 0 33005
p 0 169 33005
x 0 33006
p 0 211 33006
x 0 33007
p 0 234 33007
x 0 33008
p 0 251 33008
x 0 33009
p 0 227 33009
x 0 33010
p 0 229 33010
x 0 33011
p 0 230 33011
x 0 33012
p 0 225 33012
x 0 33013
p 0 228 33013
x 0 33014
p 0 266 33014
x 0 33015
p 0 217 33015
x 0 33016
p 0 225 33016
x 0 33017
p 0 231 33017
x 0 33018
p 0 219 33018
x 0 33019
p 0 223 33019
x 0 33020
p 0 222 33020
x 0 33021
p 0 256 33021
x 0 33022
p 0 216 33022
x 0 33023
p 0 211 33023
x 0 33024
p 0 208 33024
x 0 33025
p 0 216 33025
x 0 33026
p 0 219 33026
x 0 33027
p 0 226 33027
x 0 33028
p 0 247 33028
x 0 33029
p 0 214 33029
x 0 33030
p 0 215 33030
x 0 33031
p 0 220 33031
x 0 33032
p 0 218 33032
x 0 33033
p 0 258 33033
x 0 33034
p 0 212 33034
x 0 33035
p 0 210 33035
x 0 33036
p 0 251 33036
x 0 33037
p 0 358 33037
x 0 33038
p 0 359 33038
x 0 33039
p 0 355 33039
x 0 33040
p 0 358 33040
x 0 33041
p 0 366 33041
x 0 33042
p 0 324 33042
x 0 33043
p 0 381 33043
x 0 33044
p 0 342 33044
x 0 33045
p 0 181 33045
x 0 33046
p 0 184 33046
x 0 33047
p 0 370 33047
x 0 33048
p 0 219 33048
x 0 33049
p 0 185 33049
x 0 33050
p 0 181 33050
x 0 33051
p 0 127 33051
x 0 33052
p 0 167 33052
x 0 33053
p 0 152 33053
x 0 33054
p 0 166 33054
x 0 33055
p 0 143 33055
x 0 33056
p 0 181 33056
x 0 33057
p 0 241 33057
x 0 33058
p 0 147 33058
x 0 33059
p 0 164 33059
x 0 33060
p 0 164 33060
x 0 33000
h 0 10.0.0.11
p 0 15029 33000
x 1 33001
h 1 10.0.0.11
p 1 960 33001
x 0 33002
p 0 256 33002
x 0 33003
p 0 258 33003
x 0 33004
p 0 258 33004
x 0 33005
p 0 342 33005
x 0 33006
p 0 275 33006
x 0 33007
p 0 272 33007
x 0 33008
p 0 225 33008
x 0 33009
p 0 238 33009
x 0 33010
p 0 206 33010
x 0 33011
p 0 195 33011
x 0 33012
p 0 239 33012
x 0 33013
p 0 194 33013
x 0 33014
p 0 193 33014
x 0 33015
p 0 198 33015
x 0 33016
p 0 195 33016
x 0 33017
p 0 210 33017
x 0 33018
p 0 207 33018
x 0 33019
p 0 234 33019
x 0 33020
p 0 205 33020
x 0 33021
p 0 197 33021
x 0 33022
p 0 216 33022
x 0 33023
p 0 196 33023
x 0 33024
p 0 151 33024
x 0 33025
p 0 207 33025
x 0 33026
p 0 247 33026
x 0 33027
p 0 200 33027
x 0 33028
p 0 204 33028
x 0 33029
p 0 225 33029
x 0 33030
p 0 205 33030
x 0 33031
p 0 207 33031
x 0 33032
p 0 198 33032
x 0 33033
p 0 204 33033
x 0 33034
p 0 195 33034
x 0 33035
p 0 204 33035
x 0 33036
p 0 213 33036
x 0 33037
p 0 229 33037
x 0 33038
p 0 223 33038
x 0 33039
p 0 202 33039
x 0 33040
p 0 204 33040
x 0 33041
p 0 208 33041
x 0 33042
p 0 208 33042
x 0 33043
p 0 209 33043
x 0 33044
p 0 203 33044
x 0 33045
p 0 214 33045
x 0 33046
p 0 230 33046
x 0 33047
p 0 213 33047
x 0 33048
p 0 204 33048
x 0 33049
p 0 201 33049
x 0 33050
p 0 210 33050
x 0 33051
p 0 231 33051
x 0 33052
p 0 208 33052
x 0 33053
p 0 230 33053
x 0 33054
p 0 206 33054
x 0 33055
p 0 215 33055
x 0 33056
p 0 203 33056
x 0 33057
p 0 254 33057
x 0 33058
p 0 234 33058
x 0 33059
p 0 214 33059
x 0 33060
p 0 213 33060
x 0 33000
h 0 10.0.0.11
p 0 21037 33000
x 1 33001
h 1 10.0.0.11
p 1 718 33001
x 0 33002
p 0 227 33002
x 0 33003
p 0 211 33003
x 0 33004
p 0 258 33004
x 0 33005
p 0 203 33005
x 0 33006
p 0 138 33006
x 0 33007
p 0 168 33007
x 0 33008
p 0 239 33008
x 0 33009
p 0 254 33009
x 0 33010
p 0 200 33010
x 0 33011
p 0 219 33011
x 0 33012
p 0 199 33012
x 0 33013
p 0 201 33013
x 0 33014
p 0 176 33014
x 0 33015
p 0 201 33015
x 0 33016
p 0 202 33016
x 0 33017
p 0 201 33017
x 0 33018
p 0 213 33018
x 0 33019
p 0 205 33019
x 0 33020
p 0 207 33020
x 0 33021
p 0 210 33021
x 0 33022
p 0 244 33022
x 0 33023
p 0 210 33023
x 0 33024
p 0 212 33024
x 0 33025
p 0 281 33025
x 0 33026
p 0 212 33026
x 0 33027
p 0 210 33027
x 0 33028
p 0 205 33028
x 0 33029
p 0 159 33029
x 0 33030
p 0 142 33030
x 0 33031
p 0 150 33031
x 0 33032
p 0 173 33032
x 0 33033
p 0 148 33033
x 0 33034
p 0 150 33034
x 0 33035
p 0 197 33035
x 0 33036
p 0 153 33036
x 0 33037
p 0 153 33037
x 0 33038
p 0 286 33038
x 0 33039
p 0 205 33039
x 0 33040
p 0 198 33040
x 0 33041
p 0 211 33041
x 0 33042
p 0 211 33042
x 0 33043
p 0 208 33043
x 0 33044
p 0 231 33044
x 0 33045
p 0 197 33045
x 0 33046
p 0 198 33046
x 0 33047
p 0 204 33047
x 0 33048
p 0 205 33048
x 0 33049
p 0 205 33049
x 0 33050
p 0 165 33050
x 0 33051
p 0 162 33051
x 0 33052
p 0 163 33052
x 0 33053
p 0 195 33053
x 0 33054
p 0 194 33054
x 0 33055
p 0 169 33055
x 0 33056
p 0 226 33056
x 0 33057
p 0 195 33057
x 0 33058
p 0 200 33058
x 0 33059
p 0 168 33059
x 0 33060
p 0 223 33060
x 0 33000
h 0 10.0.0.11
p 0 8842 33000
x 1 33001
h 1 10.0.0.11
p 1 1319 33001
x 0 33002
p 0 191 33002
x 0 33003
p 0 215 33003
x 0 33004
p 0 206 33004
x 0 33005
p 0 211 33005
x 0 33006
p 0 240 33006
x 0 33007
p 0 210 33007
x 0 33008
p 0 208 33008
x 0 33009
p 0 176 33009
x 0 33010
p 0 198 33010
x 0 33011
p 0 170 33011
x 0 33012
p 0 198 33012
x 0 33013
p 0 171 33013
x 0 33014
p 0 227 33014
x 0 33015
p 0 173 33015
x 0 33016
p 0 178 33016
x 0 33017
p 0 189 33017
x 0 33018
p 0 219 33018
x 0 33019
p 0 169 33019
x 0 33020
p 0 179 33020
x 0 33021
p 0 183 33021
x 0 33022
p 0 214 33022
x 0 33023
p 0 218 33023
x 0 33024
p 0 263 33024
x 0 33025
p 0 202 33025
x 0 33026
p 0 224 33026
x 0 33027
p 0 214 33027
x 0 33028
p 0 146 33028
x 0 33029
p 0 234 33029
x 0 33030
p 0 158 33030
x 0 33031
p 0 276 33031
x 0 33032
p 0 198 33032
x 0 33033
p 0 196 33033
x 0 33034
p 0 254 33034
x 0 33035
p 0 191 33035
x 0 33036
p 0 194 33036
x 0 33037
p 0 197 33037
x 0 33038
p 0 197 33038
x 0 33039
p 0 278 33039
x 0 33040
p 0 195 33040
x 0 33041
p 0 193 33041
x 0 33042
p 0 191 33042
x 0 33043
p 0 190 33043
x 0 33044
p 0 193 33044
x 0 33045
p 0 195 33045
x 0 33046
p 0 193 33046
x 0 33047
p 0 193 33047
x 0 33048
p 0 198 33048
x 0 33049
p 0 196 33049
x 0 33050
p 0 165 33050
x 0 33051
p 0 209 33051
x 0 33052
p 0 170 33052
x 0 33053
p 0 170 33053
x 0 33054
p 0 271 33054
x 0 33055
p 0 169 33055
x 0 33056
p 0 180 33056
x 0 33057
p 0 168 33057
x 0 33058
p 0 211 33058
x 0 33059
p 0 169 33059
x 0 33060
p 0 168 33060
x 0 33000
h 0 10.0.0.11
p 0 18169 33000
x 1 33001
h 1 10.0.0.11
p 1 722 33001
x 0 33002
p 0 200 33002
x 0 33003
p 0 202 33003
x 0 33004
p 0 182 33004
x 0 33005
p 0 205 33005
x 0 33006
p 0 206 33006
x 0 33007
p 0 234 33007
x 0 33008
p 0 203 33008
x 0 33009
p 0 166 33009
x 0 33010
p 0 162 33010
x 0 33011
p 0 194 33011
x 0 33012
p 0 162 33012
x 0 33013
p 0 161 33013
x 0 33014
p 0 202 33014
x 0 33015
p 0 200 33015
x 0 33016
p 0 208 33016
x 0 33017
p 0 208 33017
x 0 33018
p 0 203 33018
x 0 33019
p 0 238 33019
x 0 33020
p 0 203 33020
x 0 33021
p 0 206 33021
x 0 33022
p 0 203 33022
x 0 33023
p 0 201 33023
x 0 33024
p 0 205 33024
x 0 33025
p 0 210 33025
x 0 33026
p 0 266 33026
x 0 33027
p 0 203 33027
x 0 33028
p 0 200 33028
x 0 33029
p 0 201 33029
x 0 33030
p 0 202 33030
x 0 33031
p 0 203 33031
x 0 33032
p 0 203 33032
x 0 33033
p 0 268 33033
x 0 33034
p 0 198 33034
x 0 33035
p 0 201 33035
x 0 33036
p 0 212 33036
x 0 33037
p 0 206 33037
x 0 33038
p 0 207 33038
x 0 33039
p 0 208 33039
x 0 33040
p 0 254 33040
x 0 33041
p 0 204 33041
x 0 33042
p 0 209 33042
x 0 33043
p 0 207 33043
x 0 33044
p 0 207 33044
x 0 33045
p 0 265 33045
x 0 33046
p 0 208 33046
x 0 33047
p 0 198 33047
x 0 33048
p 0 198 33048
x 0 33049
p 0 200 33049
x 0 33050
p 0 198 33050
x 0 33051
p 0 204 33051
x 0 33052
p 0 196 33052
x 0 33053
p 0 203 33053
x 0 33054
p 0 206 33054
x 0 33055
p 0 207 33055
x 0 33056
p 0 213 33056
x 0 33057
p 0 206 33057
x 0 33058
p 0 203 33058
x 0 33059
p 0 202 33059
x 0 33060
p 0 207 33060
x 0 33000
h 0 10.0.0.11
p 0 8806 33000
x 1 33001
h 1 10.0.0.11
p 1 1456 33001
x 0 33002
p 0 199 33002
x 0 33003
p 0 197 33003
x 0 33004
p 0 208 33004
x 0 33005
p 0 209 33005
x 0 33006
p 0 208 33006
x 0 33007
p 0 242 33007
x 0 33008
p 0 207 33008
x 0 33009
p 0 207 33009
x 0 33010
p 0 214 33010
x 0 33011
p 0 206 33011
x 0 33012
p 0 203 33012
x 0 33013
p 0 206 33013
x 0 33014
p 0 237 33014
x 0 33015
p 0 247 33015
x 0 33016
p 0 200 33016
x 0 33017
p 0 196 33017
x 0 33018
p 0 229 33018
x 0 33019
p 0 229 33019
x 0 33020
p 0 201 33020
x 0 33021
p 0 208 33021
x 0 33022
p 0 202 33022
x 0 33023
p 0 205 33023
x 0 33024
p 0 205 33024
x 0 33025
p 0 206 33025
x 0 33026
p 0 209 33026
x 0 33027
p 0 207 33027
x 0 33028
p 0 204 33028
x 0 33029
p 0 208 33029
x 0 33030
p 0 204 33030
x 0 33031
p 0 203 33031
x 0 33032
p 0 199 33032
x 0 33033
p 0 198 33033
x 0 33034
p 0 198 33034
x 0 33035
p 0 200 33035
x 0 33036
p 0 229 33036
x 0 33037
p 0 202 33037
x 0 33038
p 0 210 33038
x 0 33039
p 0 207 33039
x 0 33040
p 0 207 33040
x 0 33041
p 0 207 33041
x 0 33042
p 0 203 33042
x 0 33043
p 0 235 33043
x 0 33044
p 0 205 33044
x 0 33045
p 0 207 33045
x 0 33046
p 0 208 33046
x 0 33047
p 0 201 33047
x 0 33048
p 0 197 33048
x 0 33049
p 0 197 33049
x 0 33050
p 0 215 33050
x 0 33051
p 0 200 33051
x 0 33052
p 0 196 33052
x 0 33053
p 0 201 33053
x 0 33054
p 0 203 33054
x 0 33055
p 0 264 33055
x 0 33056
p 0 205 33056
x 0 33057
p 0 201 33057
x 0 33058
p 0 200 33058
x 0 33059
p 0 203 33059
x 0 33060
p 0 207 33060
x 0 33000
h 0 10.0.0.11
p 0 11219 33000
x 1 33001
h 1 10.0.0.11
p 1 579 33001
x 0 33002
p 0 236 33002
x 0 33003
p 0 172 33003
x 0 33004
p 0 177 33004
x 0 33005
p 0 205 33005
x 0 33006
p 0 204 33006
x 0 33007
p 0 212 33007
x 0 33008
p 0 239 33008
x 0 33009
p 0 212 33009
x 0 33010
p 0 215 33010
x 0 33011
p 0 210 33011
x 0 33012
p 0 209 33012
x 0 33013
p 0 207 33013
x 0 33014
p 0 209 33014
x 0 33015
p 0 241 33015
x 0 33016
p 0 203 33016
x 0 33017
p 0 203 33017
x 0 33018
p 0 206 33018
x 0 33019
p 0 203 33019
x 0 33020
p 0 263 33020
x 0 33021
p 0 204 33021
x 0 33022
p 0 239 33022
x 0 33023
p 0 204 33023
x 0 33024
p 0 205 33024
x 0 33025
p 0 204 33025
x 0 33026
p 0 209 33026
x 0 33027
p 0 202 33027
x 0 33028
p 0 204 33028
x 0 33029
p 0 202 33029
x 0 33030
p 0 203 33030
x 0 33031
p 0 197 33031
x 0 33032
p 0 207 33032
x 0 33033
p 0 203 33033
x 0 33034
p 0 207 33034
x 0 33035
p 0 207 33035
x 0 33036
p 0 212 33036
x 0 33037
p 0 202 33037
x 0 33038
p 0 204 33038
x 0 33039
p 0 208 33039
x 0 33040
p 0 208 33040
x 0 33041
p 0 205 33041
x 0 33042
p 0 212 33042
x 0 33043
p 0 212 33043
x 0 33044
p 0 206 33044
x 0 33045
p 0 205 33045
x 0 33046
p 0 211 33046
x 0 33047
p 0 202 33047
x 0 33048
p 0 203 33048
x 0 33049
p 0 206 33049
x 0 33050
p 0 200 33050
x 0 33051
p 0 197 33051
x 0 33052
p 0 203 33052
x 0 33053
p 0 202 33053
x 0 33054
p 0 203 33054
x 0 33055
p 0 203 33055
x 0 33056
p 0 224 33056
x 0 33057
p 0 200 33057
x 0 33058
p 0 215 33058
x 0 33059
p 0 259 33059
x 0 33060
p 0 158 33060
x 0 33000
h 0 10.0.0.11
p 0 17560 33000
x 1 33001
h 1 10.0.0.11
p 1 1213 33001
x 0 33002
p 0 288 33002
x 0 33003
p 0 210 33003
x 0 33004
p 0 244 33004
x 0 33005
p 0 241 33005
x 0 33006
p 0 244 33006
x 0 33007
p 0 223 33007
x 0 33008
p 0 330 33008
x 0 33009
p 0 330 33009
x 0 33010
p 0 402 33010
x 0 33011
p 0 339 33011
x 0 33012
p 0 208 33012
x 0 33013
p 0 358 33013
x 0 33014
p 0 326 33014
x 0 33015
p 0 354 33015
x 0 33016
p 0 347 33016
x 0 33017
p 0 382 33017
x 0 33018
p 0 354 33018
x 0 33019
p 0 329 33019
x 0 33020
p 0 323 33020
x 0 33021
p 0 347 33021
x 0 33022
p 0 342 33022
x 0 33023
p 0 327 33023
x 0 33024
p 0 455 33024
x 0 33025
p 0 344 33025
x 0 33026
p 0 339 33026
x 0 33027
p 0 328 33027
x 0 33028
p 0 366 33028
x 0 33029
p 0 343 33029
x 0 33030
p 0 361 33030
x 0 33031
p 0 268 33031
x 0 33032
p 0 191 33032
x 0 33033
p 0 210 33033
x 0 33034
p 0 194 33034
x 0 33035
p 0 207 33035
x 0 33036
p 0 196 33036
x 0 33037
p 0 194 33037
x 0 33038
p 0 196 33038
x 0 33039
p 0 202 33039
x 0 33040
p 0 195 33040
x 0 33041
p 0 226 33041
x 0 33042
p 0 191 33042
x 0 33043
p 0 211 33043
x 0 33044
p 0 143 33044
x 0 33045
p 0 154 33045
x 0 33046
p 0 150 33046
x 0 33047
p 0 195 33047
x 0 33048
p 0 200 33048
x 0 33049
p 0 192 33049
x 0 33050
p 0 192 33050
x 0 33051
p 0 193 33051
x 0 33052
p 0 190 33052
x 0 33053
p 0 279 33053
x 0 33054
p 0 193 33054
x 0 33055
p 0 243 33055
x 0 33056
p 0 195 33056
x 0 33057
p 0 197 33057
x 0 33058
p 0 201 33058
x 0 33059
p 0 195 33059
x 0 33060
p 0 225 33060
x 0 33000
h 0 10.0.0.11
p 0 9839 33000
x 1 33001
h 1 10.0.0.11
p 1 892 33001
x 0 33002
p 0 200 33002
x 0 33003
p 0 202 33003
x 0 33004
p 0 198 33004
x 0 33005
p 0 199 33005
x 0 33006
p 0 204 33006
x 0 33007
p 0 196 33007
x 0 33008
p 0 195 33008
x 0 33009
p 0 195 33009
x 0 33010
p 0 198 33010
x 0 33011
p 0 195 33011
x 0 33012
p 0 200 33012
x 0 33013
p 0 197 33013
x 0 33014
p 0 197 33014
x 0 33015
p 0 214 33015
x 0 33016
p 0 207 33016
x 0 33017
p 0 214 33017
x 0 33018
p 0 157 33018
x 0 33019
p 0 212 33019
x 0 33020
p 0 236 33020
x 0 33021
p 0 209 33021
x 0 33022
p 0 222 33022
x 0 33023
p 0 204 33023
x 0 33024
p 0 225 33024
x 0 33025
p 0 244 33025
x 0 33026
p 0 222 33026
x 0 33027
p 0 149 33027
x 0 33028
p 0 221 33028
x 0 33029
p 0 208 33029
x 0 33030
p 0 201 33030
x 0 33031
p 0 158 33031
x 0 33032
p 0 162 33032
x 0 33033
p 0 144 33033
x 0 33034
p 0 236 33034
x 0 33035
p 0 213 33035
x 0 33036
p 0 207 33036
x 0 33037
p 0 146 33037
x 0 33038
p 0 288 33038
x 0 33039
p 0 148 33039
x 0 33040
p 0 203 33040
x 0 33041
p 0 210 33041
x 0 33042
p 0 207 33042
x 0 33043
p 0 205 33043
x 0 33044
p 0 158 33044
x 0 33045
p 0 201 33045
x 0 33046
p 0 195 33046
x 0 33047
p 0 206 33047
x 0 33048
p 0 204 33048
x 0 33049
p 0 218 33049
x 0 33050
p 0 199 33050
x 0 33051
p 0 206 33051
x 0 33052
p 0 203 33052
x 0 33053
p 0 205 33053
x 0 33054
p 0 204 33054
x 0 33055
p 0 213 33055
x 0 33056
p 0 206 33056
x 0 33057
p 0 204 33057
x 0 33058
p 0 204 33058
x 0 33059
p 0 207 33059
x 0 33060
p 0 223 33060
