x 0 33000
h 0 10.0.0.11
p 0 89316 33000
x 1 33001
h 1 10.0.0.11
p 1 24992 33001
x 0 33002
p 0 755 33002
x 0 33003
p 0 204 33003
x 0 33004
p 0 203 33004
x 0 33005
p 0 277 33005
x 0 33006
p 0 199 33006
x 0 33007
p 0 150 33007
x 0 33008
p 0 232 33008
x 0 33009
p 0 199 33009
x 0 33010
p 0 199 33010
x 0 33011
p 0 197 33011
x 0 33012
p 0 199 33012
x 0 33013
p 0 235 33013
x 0 33014
p 0 198 33014
x 0 33015
p 0 227 33015
x 0 33016
p 0 200 33016
x 0 33017
p 0 200 33017
x 0 33018
p 0 198 33018
x 0 33019
p 0 198 33019
x 0 33020
p 0 197 33020
x 0 33021
p 0 196 33021
x 0 33022
p 0 222 33022
x 0 33023
p 0 198 33023
x 0 33024
p 0 196 33024
x 0 33025
p 0 200 33025
x 0 33026
p 0 201 33026
x 0 33027
p 0 198 33027
x 0 33028
p 0 199 33028
x 0 33029
p 0 227 33029
x 0 33030
p 0 201 33030
x 0 33031
p 0 203 33031
x 0 33032
p 0 205 33032
x 0 33033
p 0 207 33033
x 0 33034
p 0 203 33034
x 0 33035
p 0 245 33035
x 0 33036
p 0 205 33036
x 0 33037
p 0 205 33037
x 0 33038
p 0 204 33038
x 0 33039
p 0 205 33039
x 0 33040
p 0 201 33040
x 0 33041
p 0 201 33041
x 0 33042
p 0 203 33042
x 0 33043
p 0 206 33043
x 0 33044
p 0 205 33044
x 0 33045
p 0 203 33045
x 0 33046
p 0 204 33046
x 0 33047
p 0 209 33047
x 0 33048
p 0 204 33048
x 0 33049
p 0 204 33049
x 0 33050
p 0 207 33050
x 0 33051
p 0 233 33051
x 0 33052
p 0 203 33052
x 0 33053
p 0 206 33053
x 0 33054
p 0 205 33054
x 0 33055
p 0 201 33055
x 0 33056
p 0 202 33056
x 0 33057
p 0 201 33057
x 0 33058
p 0 230 33058
x 0 33059
p 0 154 33059
x 0 33060
p 0 198 33060
x 0 33000
h 0 10.0.0.11
p 0 9836 33000
x 1 33001
h 1 10.0.0.11
p 1 674 33001
x 0 33002
p 0 106 33002
x 0 33003
p 0 293 33003
x 0 33004
p 0 254 33004
x 0 33005
p 0 164 33005
x 0 33006
p 0 167 33006
x 0 33007
p 0 212 33007
x 0 33008
p 0 212 33008
x 0 33009
p 0 209 33009
x 0 33010
p 0 241 33010
x 0 33011
p 0 209 33011
x 0 33012
p 0 209 33012
x 0 33013
p 0 211 33013
x 0 33014
p 0 207 33014
x 0 33015
p 0 208 33015
x 0 33016
p 0 209 33016
x 0 33017
p 0 240 33017
x 0 33018
p 0 206 33018
x 0 33019
p 0 213 33019
x 0 33020
p 0 212 33020
x 0 33021
p 0 213 33021
x 0 33022
p 0 209 33022
x 0 33023
p 0 211 33023
x 0 33024
p 0 209 33024
x 0 33025
p 0 209 33025
x 0 33026
p 0 210 33026
x 0 33027
p 0 209 33027
x 0 33028
p 0 160 33028
x 0 33029
p 0 162 33029
x 0 33030
p 0 148 33030
x 0 33031
p 0 154 33031
x 0 33032
p 0 149 33032
x 0 33033
p 0 147 33033
x 0 33034
p 0 146 33034
x 0 33035
p 0 144 33035
x 0 33036
p 0 158 33036
x 0 33037
p 0 140 33037
x 0 33038
p 0 185 33038
x 0 33039
p 0 160 33039
x 0 33040
p 0 64 33040
x 0 33041
p 0 156 33041
x 0 33042
p 0 155 33042
x 0 33043
p 0 156 33043
x 0 33044
p 0 153 33044
x 0 33045
p 0 154 33045
x 0 33046
p 0 152 33046
x 0 33047
p 0 156 33047
x 0 33048
p 0 162 33048
x 0 33049
p 0 165 33049
x 0 33050
p 0 170 33050
x 0 33051
p 0 164 33051
x 0 33052
p 0 203 33052
x 0 33053
p 0 168 33053
x 0 33054
p 0 226 33054
x 0 33055
p 0 198 33055
x 0 33056
p 0 199 33056
x 0 33057
p 0 169 33057
x 0 33058
p 0 224 33058
x 0 33059
p 0 195 33059
x 0 33060
p 0 193 33060
x 0 33000
h 0 10.0.0.11
p 0 11363 33000
x 1 33001
h 1 10.0.0.11
p 1 916 33001
x 0 33002
p 0 347 33002
x 0 33003
p 0 196 33003
x 0 33004
p 0 275 33004
x 0 33005
p 0 193 33005
x 0 33006
p 0 195 33006
x 0 33007
p 0 275 33007
x 0 33008
p 0 213 33008
x 0 33009
p 0 189 33009
x 0 33010
p 0 192 33010
x 0 33011
p 0 188 33011
x 0 33012
p 0 221 33012
x 0 33013
p 0 191 33013
x 0 33014
p 0 278 33014
x 0 33015
p 0 191 33015
x 0 33016
p 0 220 33016
x 0 33017
p 0 190 33017
x 0 33018
p 0 189 33018
x 0 33019
p 0 189 33019
x 0 33020
p 0 224 33020
x 0 33021
p 0 189 33021
x 0 33022
p 0 189 33022
x 0 33023
p 0 192 33023
x 0 33024
p 0 224 33024
x 0 33025
p 0 191 33025
x 0 33026
p 0 195 33026
x 0 33027
p 0 192 33027
x 0 33028
p 0 222 33028
x 0 33029
p 0 192 33029
x 0 33030
p 0 192 33030
x 0 33031
p 0 148 33031
x 0 33032
p 0 161 33032
x 0 33033
p 0 160 33033
x 0 33034
p 0 146 33034
x 0 33035
p 0 143 33035
x 0 33036
p 0 196 33036
x 0 33037
p 0 144 33037
x 0 33038
p 0 253 33038
x 0 33039
p 0 146 33039
x 0 33040
p 0 182 33040
x 0 33041
p 0 199 33041
x 0 33042
p 0 150 33042
x 0 33043
p 0 202 33043
x 0 33044
p 0 151 33044
x 0 33045
p 0 585 33045
x 0 33046
p 0 151 33046
x 0 33047
p 0 146 33047
x 0 33048
p 0 203 33048
x 0 33049
p 0 157 33049
x 0 33050
p 0 147 33050
x 0 33051
p 0 145 33051
x 0 33052
p 0 146 33052
x 0 33053
p 0 145 33053
x 0 33054
p 0 72 33054
x 0 33055
p 0 204 33055
x 0 33056
p 0 198 33056
x 0 33057
p 0 294 33057
x 0 33058
p 0 202 33058
x 0 33059
p 0 284 33059
x 0 33060
p 0 201 33060
x 0 33000
h 0 10.0.0.11
p 0 9653 33000
x 1 33001
h 1 10.0.0.11
p 1 613 33001
x 0 33002
p 0 63 33002
x 0 33003
p 0 147 33003
x 0 33004
p 0 194 33004
x 0 33005
p 0 198 33005
x 0 33006
p 0 241 33006
x 0 33007
p 0 203 33007
x 0 33008
p 0 149 33008
x 0 33009
p 0 164 33009
x 0 33010
p 0 193 33010
x 0 33011
p 0 191 33011
x 0 33012
p 0 194 33012
x 0 33013
p 0 338 33013
x 0 33014
p 0 174 33014
x 0 33015
p 0 159 33015
x 0 33016
p 0 154 33016
x 0 33017
p 0 154 33017
x 0 33018
p 0 158 33018
x 0 33019
p 0 146 33019
x 0 33020
p 0 167 33020
x 0 33021
p 0 142 33021
x 0 33022
p 0 140 33022
x 0 33023
p 0 145 33023
x 0 33024
p 0 193 33024
x 0 33025
p 0 164 33025
x 0 33026
p 0 167 33026
x 0 33027
p 0 229 33027
x 0 33028
p 0 110 33028
x 0 33029
p 0 161 33029
x 0 33030
p 0 202 33030
x 0 33031
p 0 226 33031
x 0 33032
p 0 161 33032
x 0 33033
p 0 159 33033
x 0 33034
p 0 179 33034
x 0 33035
p 0 221 33035
x 0 33036
p 0 1658 33036
x 0 33037
p 0 171 33037
x 0 33038
p 0 162 33038
x 0 33039
p 0 195 33039
x 0 33040
p 0 162 33040
x 0 33041
p 0 205 33041
x 0 33042
p 0 127 33042
x 0 33043
p 0 149 33043
x 0 33044
p 0 195 33044
x 0 33045
p 0 189 33045
x 0 33046
p 0 199 33046
x 0 33047
p 0 312 33047
x 0 33048
p 0 280 33048
x 0 33049
p 0 277 33049
x 0 33050
p 0 195 33050
x 0 33051
p 0 287 33051
x 0 33052
p 0 193 33052
x 0 33053
p 0 195 33053
x 0 33054
p 0 193 33054
x 0 33055
p 0 196 33055
x 0 33056
p 0 195 33056
x 0 33057
p 0 197 33057
x 0 33058
p 0 236 33058
x 0 33059
p 0 194 33059
x 0 33060
p 0 191 33060
x 0 33000
h 0 10.0.0.11
p 0 8766 33000
x 1 33001
h 1 10.0.0.11
p 1 577 33001
x 0 33002
p 0 152 33002
x 0 33003
p 0 194 33003
x 0 33004
p 0 194 33004
x 0 33005
p 0 251 33005
x 0 33006
p 0 158 33006
x 0 33007
p 0 195 33007
x 0 33008
p 0 195 33008
x 0 33009
p 0 166 33009
x 0 33010
p 0 346 33010
x 0 33011
p 0 167 33011
x 0 33012
p 0 224 33012
x 0 33013
p 0 182 33013
x 0 33014
p 0 223 33014
x 0 33015
p 0 193 33015
x 0 33016
p 0 192 33016
x 0 33017
p 0 166 33017
x 0 33018
p 0 194 33018
x 0 33019
p 0 192 33019
x 0 33020
p 0 167 33020
x 0 33021
p 0 164 33021
x 0 33022
p 0 220 33022
x 0 33023
p 0 191 33023
x 0 33024
p 0 190 33024
x 0 33025
p 0 166 33025
x 0 33026
p 0 194 33026
x 0 33027
p 0 166 33027
x 0 33028
p 0 225 33028
x 0 33029
p 0 170 33029
x 0 33030
p 0 194 33030
x 0 33031
p 0 162 33031
x 0 33032
p 0 191 33032
x 0 33033
p 0 163 33033
x 0 33034
p 0 189 33034
x 0 33035
p 0 160 33035
x 0 33036
p 0 167 33036
x 0 33037
p 0 166 33037
x 0 33038
p 0 228 33038
x 0 33039
p 0 161 33039
x 0 33040
p 0 163 33040
x 0 33041
p 0 164 33041
x 0 33042
p 0 214 33042
x 0 33043
p 0 160 33043
x 0 33044
p 0 163 33044
x 0 33045
p 0 163 33045
x 0 33046
p 0 151 33046
x 0 33047
p 0 160 33047
x 0 33048
p 0 161 33048
x 0 33049
p 0 163 33049
x 0 33050
p 0 156 33050
x 0 33051
p 0 158 33051
x 0 33052
p 0 160 33052
x 0 33053
p 0 136 33053
x 0 33054
p 0 56 33054
x 0 33055
p 0 187 33055
x 0 33056
p 0 148 33056
x 0 33057
p 0 163 33057
x 0 33058
p 0 161 33058
x 0 33059
p 0 180 33059
x 0 33060
p 0 194 33060
x 0 33000
h 0 10.0.0.11
p 0 31375 33000
x 1 33001
h 1 10.0.0.11
p 1 555 33001
x 0 33002
p 0 158 33002
x 0 33003
p 0 194 33003
x 0 33004
p 0 183 33004
x 0 33005
p 0 193 33005
x 0 33006
p 0 193 33006
x 0 33007
p 0 274 33007
x 0 33008
p 0 229 33008
x 0 33009
p 0 192 33009
x 0 33010
p 0 258 33010
x 0 33011
p 0 260 33011
x 0 33012
p 0 282 33012
x 0 33013
p 0 274 33013
x 0 33014
p 0 193 33014
x 0 33015
p 0 191 33015
x 0 33016
p 0 195 33016
x 0 33017
p 0 164 33017
x 0 33018
p 0 223 33018
x 0 33019
p 0 191 33019
x 0 33020
p 0 194 33020
x 0 33021
p 0 176 33021
x 0 33022
p 0 193 33022
x 0 33023
p 0 190 33023
x 0 33024
p 0 157 33024
x 0 33025
p 0 163 33025
x 0 33026
p 0 218 33026
x 0 33027
p 0 193 33027
x 0 33028
p 0 191 33028
x 0 33029
p 0 170 33029
x 0 33030
p 0 195 33030
x 0 33031
p 0 192 33031
x 0 33032
p 0 217 33032
x 0 33033
p 0 166 33033
x 0 33034
p 0 194 33034
x 0 33035
p 0 165 33035
x 0 33036
p 0 180 33036
x 0 33037
p 0 173 33037
x 0 33038
p 0 196 33038
x 0 33039
p 0 172 33039
x 0 33040
p 0 174 33040
x 0 33041
p 0 173 33041
x 0 33042
p 0 154 33042
x 0 33043
p 0 197 33043
x 0 33044
p 0 153 33044
x 0 33045
p 0 147 33045
x 0 33046
p 0 177 33046
x 0 33047
p 0 144 33047
x 0 33048
p 0 193 33048
x 0 33049
p 0 139 33049
x 0 33050
p 0 138 33050
x 0 33051
p 0 147 33051
x 0 33052
p 0 140 33052
x 0 33053
p 0 201 33053
x 0 33054
p 0 152 33054
x 0 33055
p 0 147 33055
x 0 33056
p 0 178 33056
x 0 33057
p 0 149 33057
x 0 33058
p 0 200 33058
x 0 33059
p 0 147 33059
x 0 33060
p 0 146 33060
x 0 33000
h 0 10.0.0.11
p 0 5826 33000
x 1 33001
h 1 10.0.0.11
p 1 700 33001
x 0 33002
p 0 270 33002
x 0 33003
p 0 194 33003
x 0 33004
p 0 202 33004
x 0 33005
p 0 203 33005
x 0 33006
p 0 213 33006
x 0 33007
p 0 235 33007
x 0 33008
p 0 262 33008
x 0 33009
p 0 204 33009
x 0 33010
p 0 199 33010
x 0 33011
p 0 199 33011
x 0 33012
p 0 197 33012
x 0 33013
p 0 196 33013
x 0 33014
p 0 188 33014
x 0 33015
p 0 166 33015
x 0 33016
p 0 202 33016
x 0 33017
p 0 153 33017
x 0 33018
p 0 196 33018
x 0 33019
p 0 244 33019
x 0 33020
p 0 191 33020
x 0 33021
p 0 199 33021
x 0 33022
p 0 198 33022
x 0 33023
p 0 275 33023
x 0 33024
p 0 199 33024
x 0 33025
p 0 200 33025
x 0 33026
p 0 201 33026
x 0 33027
p 0 171 33027
x 0 33028
p 0 199 33028
x 0 33029
p 0 200 33029
x 0 33030
p 0 200 33030
x 0 33031
p 0 192 33031
x 0 33032
p 0 192 33032
x 0 33033
p 0 194 33033
x 0 33034
p 0 194 33034
x 0 33035
p 0 195 33035
x 0 33036
p 0 196 33036
x 0 33037
p 0 199 33037
x 0 33038
p 0 257 33038
x 0 33039
p 0 203 33039
x 0 33040
p 0 202 33040
x 0 33041
p 0 199 33041
x 0 33042
p 0 199 33042
x 0 33043
p 0 185 33043
x 0 33044
p 0 201 33044
x 0 33045
p 0 286 33045
x 0 33046
p 0 170 33046
x 0 33047
p 0 164 33047
x 0 33048
p 0 191 33048
x 0 33049
p 0 164 33049
x 0 33050
p 0 162 33050
x 0 33051
p 0 170 33051
x 0 33052
p 0 183 33052
x 0 33053
p 0 162 33053
x 0 33054
p 0 166 33054
x 0 33055
p 0 145 33055
x 0 33056
p 0 144 33056
x 0 33057
p 0 143 33057
x 0 33058
p 0 199 33058
x 0 33059
p 0 197 33059
x 0 33060
p 0 202 33060
x 0 33000
h 0 10.0.0.11
p 0 9074 33000
x 1 33001
h 1 10.0.0.11
p 1 1335 33001
x 0 33002
p 0 176 33002
x 0 33003
p 0 195 33003
x 0 33004
p 0 201 33004
x 0 33005
p 0 199 33005
x 0 33006
p 0 196 33006
x 0 33007
p 0 196 33007
x 0 33008
p 0 196 33008
x 0 33009
p 0 195 33009
x 0 33010
p 0 193 33010
x 0 33011
p 0 195 33011
x 0 33012
p 0 192 33012
x 0 33013
p 0 196 33013
x 0 33014
p 0 194 33014
x 0 33015
p 0 191 33015
x 0 33016
p 0 191 33016
x 0 33017
p 0 192 33017
x 0 33018
p 0 190 33018
x 0 33019
p 0 191 33019
x 0 33020
p 0 192 33020
x 0 33021
p 0 192 33021
x 0 33022
p 0 189 33022
x 0 33023
p 0 192 33023
x 0 33024
p 0 192 33024
x 0 33025
p 0 191 33025
x 0 33026
p 0 192 33026
x 0 33027
p 0 191 33027
x 0 33028
p 0 251 33028
x 0 33029
p 0 191 33029
x 0 33030
p 0 192 33030
x 0 33031
p 0 190 33031
x 0 33032
p 0 263 33032
x 0 33033
p 0 191 33033
x 0 33034
p 0 266 33034
x 0 33035
p 0 193 33035
x 0 33036
p 0 193 33036
x 0 33037
p 0 193 33037
x 0 33038
p 0 195 33038
x 0 33039
p 0 195 33039
x 0 33040
p 0 192 33040
x 0 33041
p 0 191 33041
x 0 33042
p 0 206 33042
x 0 33043
p 0 146 33043
x 0 33044
p 0 271 33044
x 0 33045
p 0 194 33045
x 0 33046
p 0 190 33046
x 0 33047
p 0 191 33047
x 0 33048
p 0 340 33048
x 0 33049
p 0 341 33049
x 0 33050
p 0 383 33050
x 0 33051
p 0 337 33051
x 0 33052
p 0 337 33052
x 0 33053
p 0 153 33053
x 0 33054
p 0 184 33054
x 0 33055
p 0 162 33055
x 0 33056
p 0 191 33056
x 0 33057
p 0 192 33057
x 0 33058
p 0 192 33058
x 0 33059
p 0 192 33059
x 0 33060
p 0 191 33060
x 0 33000
h 0 10.0.0.11
p 0 9100 33000
x 1 33001
h 1 10.0.0.11
p 1 458 33001
x 0 33002
p 0 207 33002
x 0 33003
p 0 200 33003
x 0 33004
p 0 200 33004
x 0 33005
p 0 206 33005
x 0 33006
p 0 259 33006
x 0 33007
p 0 200 33007
x 0 33008
p 0 194 33008
x 0 33009
p 0 191 33009
x 0 33010
p 0 170 33010
x 0 33011
p 0 287 33011
x 0 33012
p 0 191 33012
x 0 33013
p 0 192 33013
x 0 33014
p 0 191 33014
x 0 33015
p 0 298 33015
x 0 33016
p 0 192 33016
x 0 33017
p 0 191 33017
x 0 33018
p 0 221 33018
x 0 33019
p 0 193 33019
x 0 33020
p 0 190 33020
x 0 33021
p 0 191 33021
x 0 33022
p 0 192 33022
x 0 33023
p 0 190 33023
x 0 33024
p 0 169 33024
x 0 33025
p 0 192 33025
x 0 33026
p 0 191 33026
x 0 33027
p 0 189 33027
x 0 33028
p 0 167 33028
x 0 33029
p 0 196 33029
x 0 33030
p 0 192 33030
x 0 33031
p 0 193 33031
x 0 33032
p 0 195 33032
x 0 33033
p 0 196 33033
x 0 33034
p 0 192 33034
x 0 33035
p 0 198 33035
x 0 33036
p 0 194 33036
x 0 33037
p 0 194 33037
x 0 33038
p 0 195 33038
x 0 33039
p 0 164 33039
x 0 33040
p 0 266 33040
x 0 33041
p 0 166 33041
x 0 33042
p 0 193 33042
x 0 33043
p 0 191 33043
x 0 33044
p 0 287 33044
x 0 33045
p 0 243 33045
x 0 33046
p 0 194 33046
x 0 33047
p 0 197 33047
x 0 33048
p 0 194 33048
x 0 33049
p 0 168 33049
x 0 33050
p 0 198 33050
x 0 33051
p 0 195 33051
x 0 33052
p 0 196 33052
x 0 33053
p 0 194 33053
x 0 33054
p 0 193 33054
x 0 33055
p 0 200 33055
x 0 33056
p 0 160 33056
x 0 33057
p 0 166 33057
x 0 33058
p 0 194 33058
x 0 33059
p 0 150 33059
x 0 33060
p 0 142 33060
x 0 33000
h 0 10.0.0.11
p 0 11557 33000
x 1 33001
h 1 10.0.0.11
p 1 470 33001
x 0 33002
p 0 121 33002
x 0 33003
p 0 168 33003
x 0 33004
p 0 168 33004
x 0 33005
p 0 166 33005
x 0 33006
p 0 146 33006
x 0 33007
p 0 211 33007
x 0 33008
p 0 228 33008
x 0 33009
p 0 191 33009
x 0 33010
p 0 201 33010
x 0 33011
p 0 190 33011
x 0 33012
p 0 192 33012
x 0 33013
p 0 191 33013
x 0 33014
p 0 190 33014
x 0 33015
p 0 200 33015
x 0 33016
p 0 195 33016
x 0 33017
p 0 195 33017
x 0 33018
p 0 193 33018
x 0 33019
p 0 191 33019
x 0 33020
p 0 191 33020
x 0 33021
p 0 193 33021
x 0 33022
p 0 193 33022
x 0 33023
p 0 217 33023
x 0 33024
p 0 194 33024
x 0 33025
p 0 193 33025
x 0 33026
p 0 190 33026
x 0 33027
p 0 194 33027
x 0 33028
p 0 230 33028
x 0 33029
p 0 226 33029
x 0 33030
p 0 224 33030
x 0 33031
p 0 193 33031
x 0 33032
p 0 196 33032
x 0 33033
p 0 193 33033
x 0 33034
p 0 192 33034
x 0 33035
p 0 237 33035
x 0 33036
p 0 193 33036
x 0 33037
p 0 225 33037
x 0 33038
p 0 192 33038
x 0 33039
p 0 191 33039
x 0 33040
p 0 193 33040
x 0 33041
p 0 192 33041
x 0 33042
p 0 238 33042
x 0 33043
p 0 203 33043
x 0 33044
p 0 190 33044
x 0 33045
p 0 198 33045
x 0 33046
p 0 198 33046
x 0 33047
p 0 197 33047
x 0 33048
p 0 192 33048
x 0 33049
p 0 190 33049
x 0 33050
p 0 191 33050
x 0 33051
p 0 193 33051
x 0 33052
p 0 196 33052
x 0 33053
p 0 196 33053
x 0 33054
p 0 190 33054
x 0 33055
p 0 199 33055
x 0 33056
p 0 199 33056
x 0 33057
p 0 196 33057
x 0 33058
p 0 195 33058
x 0 33059
p 0 192 33059
x 0 33060
p 0 191 33060
