x 0 33000
h 0 10.0.0.12
p 0 19635 33000
x 1 33001
h 1 10.0.0.12
p 1 1827 33001
x 0 33002
p 0 209 33002
x 0 33003
p 0 174 33003
x 0 33004
p 0 214 33004
x 0 33005
p 0 182 33005
x 0 33006
p 0 151 33006
x 0 33007
p 0 215 33007
x 0 33008
p 0 181 33008
x 0 33009
p 0 144 33009
x 0 33010
p 0 163 33010
x 0 33011
p 0 179 33011
x 0 33012
p 0 214 33012
x 0 33013
p 0 178 33013
x 0 33014
p 0 130 33014
x 0 33015
p 0 193 33015
x 0 33016
p 0 160 33016
x 0 33017
p 0 178 33017
x 0 33018
p 0 181 33018
x 0 33019
p 0 213 33019
x 0 33020
p 0 211 33020
x 0 33021
p 0 176 33021
x 0 33022
p 0 178 33022
x 0 33023
p 0 213 33023
x 0 33024
p 0 211 33024
x 0 33025
p 0 172 33025
x 0 33026
p 0 171 33026
x 0 33027
p 0 209 33027
x 0 33028
p 0 207 33028
x 0 33029
p 0 169 33029
x 0 33030
p 0 173 33030
x 0 33031
p 0 208 33031
x 0 33032
p 0 209 33032
x 0 33033
p 0 183 33033
x 0 33034
p 0 209 33034
x 0 33035
p 0 210 33035
x 0 33036
p 0 185 33036
x 0 33037
p 0 175 33037
x 0 33038
p 0 258 33038
x 0 33039
p 0 207 33039
x 0 33040
p 0 208 33040
x 0 33041
p 0 171 33041
x 0 33042
p 0 208 33042
x 0 33043
p 0 207 33043
x 0 33044
p 0 167 33044
x 0 33045
p 0 175 33045
x 0 33046
p 0 190 33046
x 0 33047
p 0 209 33047
x 0 33048
p 0 206 33048
x 0 33049
p 0 174 33049
x 0 33050
p 0 175 33050
x 0 33051
p 0 200 33051
x 0 33052
p 0 170 33052
x 0 33053
p 0 88 33053
x 0 33054
p 0 211 33054
x 0 33055
p 0 209 33055
x 0 33056
p 0 177 33056
x 0 33057
p 0 187 33057
x 0 33058
p 0 216 33058
x 0 33059
p 0 209 33059
x 0 33060
p 0 252 33060
x 0 33000
h 0 10.0.0.12
p 0 11056 33000
x 1 33001
h 1 10.0.0.12
p 1 1688 33001
x 0 33002
p 0 228 33002
x 0 33003
p 0 160 33003
x 0 33004
p 0 228 33004
x 0 33005
p 0 230 33005
x 0 33006
p 0 203 33006
x 0 33007
p 0 198 33007
x 0 33008
p 0 204 33008
x 0 33009
p 0 279 33009
x 0 33010
p 0 308 33010
x 0 33011
p 0 319 33011
x 0 33012
p 0 200 33012
x 0 33013
p 0 201 33013
x 0 33014
p 0 171 33014
x 0 33015
p 0 198 33015
x 0 33016
p 0 201 33016
x 0 33017
p 0 281 33017
x 0 33018
p 0 198 33018
x 0 33019
p 0 201 33019
x 0 33020
p 0 209 33020
x 0 33021
p 0 290 33021
x 0 33022
p 0 304 33022
x 0 33023
p 0 204 33023
x 0 33024
p 0 209 33024
x 0 33025
p 0 191 33025
x 0 33026
p 0 207 33026
x 0 33027
p 0 291 33027
x 0 33028
p 0 208 33028
x 0 33029
p 0 279 33029
x 0 33030
p 0 205 33030
x 0 33031
p 0 179 33031
x 0 33032
p 0 209 33032
x 0 33033
p 0 205 33033
x 0 33034
p 0 204 33034
x 0 33035
p 0 211 33035
x 0 33036
p 0 210 33036
x 0 33037
p 0 210 33037
x 0 33038
p 0 211 33038
x 0 33039
p 0 209 33039
x 0 33040
p 0 211 33040
x 0 33041
p 0 211 33041
x 0 33042
p 0 209 33042
x 0 33043
p 0 208 33043
x 0 33044
p 0 212 33044
x 0 33045
p 0 205 33045
x 0 33046
p 0 75 33046
x 0 33047
p 0 205 33047
x 0 33048
p 0 210 33048
x 0 33049
p 0 205 33049
x 0 33050
p 0 210 33050
x 0 33051
p 0 218 33051
x 0 33052
p 0 209 33052
x 0 33053
p 0 235 33053
x 0 33054
p 0 205 33054
x 0 33055
p 0 209 33055
x 0 33056
p 0 230 33056
x 0 33057
p 0 202 33057
x 0 33058
p 0 202 33058
x 0 33059
p 0 236 33059
x 0 33060
p 0 342 33060
x 0 33000
h 0 10.0.0.12
p 0 12184 33000
x 1 33001
h 1 10.0.0.12
p 1 1943 33001
x 0 33002
p 0 201 33002
x 0 33003
p 0 204 33003
x 0 33004
p 0 205 33004
x 0 33005
p 0 204 33005
x 0 33006
p 0 202 33006
x 0 33007
p 0 203 33007
x 0 33008
p 0 202 33008
x 0 33009
p 0 205 33009
x 0 33010
p 0 205 33010
x 0 33011
p 0 204 33011
x 0 33012
p 0 206 33012
x 0 33013
p 0 205 33013
x 0 33014
p 0 201 33014
x 0 33015
p 0 199 33015
x 0 33016
p 0 200 33016
x 0 33017
p 0 204 33017
x 0 33018
p 0 198 33018
x 0 33019
p 0 199 33019
x 0 33020
p 0 202 33020
x 0 33021
p 0 206 33021
x 0 33022
p 0 198 33022
x 0 33023
p 0 200 33023
x 0 33024
p 0 202 33024
x 0 33025
p 0 199 33025
x 0 33026
p 0 198 33026
x 0 33027
p 0 199 33027
x 0 33028
p 0 199 33028
x 0 33029
p 0 200 33029
x 0 33030
p 0 202 33030
x 0 33031
p 0 200 33031
x 0 33032
p 0 201 33032
x 0 33033
p 0 201 33033
x 0 33034
p 0 207 33034
x 0 33035
p 0 200 33035
x 0 33036
p 0 199 33036
x 0 33037
p 0 202 33037
x 0 33038
p 0 194 33038
x 0 33039
p 0 201 33039
x 0 33040
p 0 199 33040
x 0 33041
p 0 202 33041
x 0 33042
p 0 199 33042
x 0 33043
p 0 201 33043
x 0 33044
p 0 198 33044
x 0 33045
p 0 204 33045
x 0 33046
p 0 201 33046
x 0 33047
p 0 204 33047
x 0 33048
p 0 201 33048
x 0 33049
p 0 200 33049
x 0 33050
p 0 205 33050
x 0 33051
p 0 206 33051
x 0 33052
p 0 206 33052
x 0 33053
p 0 207 33053
x 0 33054
p 0 217 33054
x 0 33055
p 0 209 33055
x 0 33056
p 0 213 33056
x 0 33057
p 0 224 33057
x 0 33058
p 0 460 33058
x 0 33059
p 0 227 33059
x 0 33060
p 0 206 33060
x 0 33000
h 0 10.0.0.12
p 0 10167 33000
x 1 33001
h 1 10.0.0.12
p 1 2055 33001
x 0 33002
p 0 216 33002
x 0 33003
p 0 219 33003
x 0 33004
p 0 214 33004
x 0 33005
p 0 218 33005
x 0 33006
p 0 219 33006
x 0 33007
p 0 212 33007
x 0 33008
p 0 215 33008
x 0 33009
p 0 208 33009
x 0 33010
p 0 183 33010
x 0 33011
p 0 180 33011
x 0 33012
p 0 266 33012
x 0 33013
p 0 205 33013
x 0 33014
p 0 181 33014
x 0 33015
p 0 185 33015
x 0 33016
p 0 211 33016
x 0 33017
p 0 194 33017
x 0 33018
p 0 185 33018
x 0 33019
p 0 182 33019
x 0 33020
p 0 212 33020
x 0 33021
p 0 213 33021
x 0 33022
p 0 212 33022
x 0 33023
p 0 239 33023
x 0 33024
p 0 280 33024
x 0 33025
p 0 207 33025
x 0 33026
p 0 206 33026
x 0 33027
p 0 206 33027
x 0 33028
p 0 225 33028
x 0 33029
p 0 206 33029
x 0 33030
p 0 232 33030
x 0 33031
p 0 339 33031
x 0 33032
p 0 213 33032
x 0 33033
p 0 212 33033
x 0 33034
p 0 212 33034
x 0 33035
p 0 214 33035
x 0 33036
p 0 212 33036
x 0 33037
p 0 244 33037
x 0 33038
p 0 270 33038
x 0 33039
p 0 215 33039
x 0 33040
p 0 212 33040
x 0 33041
p 0 209 33041
x 0 33042
p 0 223 33042
x 0 33043
p 0 207 33043
x 0 33044
p 0 246 33044
x 0 33045
p 0 246 33045
x 0 33046
p 0 209 33046
x 0 33047
p 0 213 33047
x 0 33048
p 0 214 33048
x 0 33049
p 0 216 33049
x 0 33050
p 0 211 33050
x 0 33051
p 0 237 33051
x 0 33052
p 0 213 33052
x 0 33053
p 0 226 33053
x 0 33054
p 0 216 33054
x 0 33055
p 0 216 33055
x 0 33056
p 0 236 33056
x 0 33057
p 0 217 33057
x 0 33058
p 0 242 33058
x 0 33059
p 0 285 33059
x 0 33060
p 0 239 33060
x 0 33000
h 0 10.0.0.12
p 0 9076 33000
x 1 33001
h 1 10.0.0.12
p 1 1719 33001
x 0 33002
p 0 203 33002
x 0 33003
p 0 210 33003
x 0 33004
p 0 204 33004
x 0 33005
p 0 206 33005
x 0 33006
p 0 204 33006
x 0 33007
p 0 202 33007
x 0 33008
p 0 204 33008
x 0 33009
p 0 203 33009
x 0 33010
p 0 214 33010
x 0 33011
p 0 203 33011
x 0 33012
p 0 202 33012
x 0 33013
p 0 205 33013
x 0 33014
p 0 203 33014
x 0 33015
p 0 202 33015
x 0 33016
p 0 206 33016
x 0 33017
p 0 205 33017
x 0 33018
p 0 201 33018
x 0 33019
p 0 203 33019
x 0 33020
p 0 206 33020
x 0 33021
p 0 234 33021
x 0 33022
p 0 243 33022
x 0 33023
p 0 203 33023
x 0 33024
p 0 204 33024
x 0 33025
p 0 204 33025
x 0 33026
p 0 154 33026
x 0 33027
p 0 129 33027
x 0 33028
p 0 203 33028
x 0 33029
p 0 201 33029
x 0 33030
p 0 228 33030
x 0 33031
p 0 205 33031
x 0 33032
p 0 158 33032
x 0 33033
p 0 203 33033
x 0 33034
p 0 213 33034
x 0 33035
p 0 107 33035
x 0 33036
p 0 206 33036
x 0 33037
p 0 175 33037
x 0 33038
p 0 208 33038
x 0 33039
p 0 203 33039
x 0 33040
p 0 198 33040
x 0 33041
p 0 204 33041
x 0 33042
p 0 209 33042
x 0 33043
p 0 202 33043
x 0 33044
p 0 195 33044
x 0 33045
p 0 195 33045
x 0 33046
p 0 204 33046
x 0 33047
p 0 182 33047
x 0 33048
p 0 207 33048
x 0 33049
p 0 206 33049
x 0 33050
p 0 172 33050
x 0 33051
p 0 206 33051
x 0 33052
p 0 210 33052
x 0 33053
p 0 212 33053
x 0 33054
p 0 208 33054
x 0 33055
p 0 214 33055
x 0 33056
p 0 215 33056
x 0 33057
p 0 214 33057
x 0 33058
p 0 209 33058
x 0 33059
p 0 209 33059
x 0 33060
p 0 254 33060
x 0 33000
h 0 10.0.0.12
p 0 9423 33000
x 1 33001
h 1 10.0.0.12
p 1 1751 33001
x 0 33002
p 0 204 33002
x 0 33003
p 0 205 33003
x 0 33004
p 0 200 33004
x 0 33005
p 0 202 33005
x 0 33006
p 0 172 33006
x 0 33007
p 0 185 33007
x 0 33008
p 0 200 33008
x 0 33009
p 0 199 33009
x 0 33010
p 0 171 33010
x 0 33011
p 0 197 33011
x 0 33012
p 0 199 33012
x 0 33013
p 0 199 33013
x 0 33014
p 0 170 33014
x 0 33015
p 0 201 33015
x 0 33016
p 0 202 33016
x 0 33017
p 0 202 33017
x 0 33018
p 0 198 33018
x 0 33019
p 0 204 33019
x 0 33020
p 0 199 33020
x 0 33021
p 0 201 33021
x 0 33022
p 0 200 33022
x 0 33023
p 0 200 33023
x 0 33024
p 0 236 33024
x 0 33025
p 0 200 33025
x 0 33026
p 0 200 33026
x 0 33027
p 0 200 33027
x 0 33028
p 0 198 33028
x 0 33029
p 0 199 33029
x 0 33030
p 0 200 33030
x 0 33031
p 0 200 33031
x 0 33032
p 0 202 33032
x 0 33033
p 0 201 33033
x 0 33034
p 0 200 33034
x 0 33035
p 0 204 33035
x 0 33036
p 0 203 33036
x 0 33037
p 0 205 33037
x 0 33038
p 0 202 33038
x 0 33039
p 0 201 33039
x 0 33040
p 0 198 33040
x 0 33041
p 0 207 33041
x 0 33042
p 0 239 33042
x 0 33043
p 0 257 33043
x 0 33044
p 0 204 33044
x 0 33045
p 0 203 33045
x 0 33046
p 0 206 33046
x 0 33047
p 0 203 33047
x 0 33048
p 0 203 33048
x 0 33049
p 0 246 33049
x 0 33050
p 0 202 33050
x 0 33051
p 0 205 33051
x 0 33052
p 0 201 33052
x 0 33053
p 0 205 33053
x 0 33054
p 0 208 33054
x 0 33055
p 0 286 33055
x 0 33056
p 0 212 33056
x 0 33057
p 0 213 33057
x 0 33058
p 0 212 33058
x 0 33059
p 0 212 33059
x 0 33060
p 0 245 33060
x 0 33000
h 0 10.0.0.12
p 0 9666 33000
x 1 33001
h 1 10.0.0.12
p 1 1155 33001
x 0 33002
p 0 244 33002
x 0 33003
p 0 205 33003
x 0 33004
p 0 246 33004
x 0 33005
p 0 173 33005
x 0 33006
p 0 172 33006
x 0 33007
p 0 202 33007
x 0 33008
p 0 201 33008
x 0 33009
p 0 152 33009
x 0 33010
p 0 169 33010
x 0 33011
p 0 274 33011
x 0 33012
p 0 203 33012
x 0 33013
p 0 202 33013
x 0 33014
p 0 157 33014
x 0 33015
p 0 202 33015
x 0 33016
p 0 204 33016
x 0 33017
p 0 203 33017
x 0 33018
p 0 200 33018
x 0 33019
p 0 202 33019
x 0 33020
p 0 201 33020
x 0 33021
p 0 200 33021
x 0 33022
p 0 263 33022
x 0 33023
p 0 200 33023
x 0 33024
p 0 207 33024
x 0 33025
p 0 205 33025
x 0 33026
p 0 205 33026
x 0 33027
p 0 206 33027
x 0 33028
p 0 204 33028
x 0 33029
p 0 207 33029
x 0 33030
p 0 206 33030
x 0 33031
p 0 209 33031
x 0 33032
p 0 207 33032
x 0 33033
p 0 213 33033
x 0 33034
p 0 206 33034
x 0 33035
p 0 202 33035
x 0 33036
p 0 206 33036
x 0 33037
p 0 204 33037
x 0 33038
p 0 209 33038
x 0 33039
p 0 204 33039
x 0 33040
p 0 203 33040
x 0 33041
p 0 215 33041
x 0 33042
p 0 216 33042
x 0 33043
p 0 214 33043
x 0 33044
p 0 214 33044
x 0 33045
p 0 218 33045
x 0 33046
p 0 230 33046
x 0 33047
p 0 217 33047
x 0 33048
p 0 215 33048
x 0 33049
p 0 214 33049
x 0 33050
p 0 216 33050
x 0 33051
p 0 220 33051
x 0 33052
p 0 207 33052
x 0 33053
p 0 212 33053
x 0 33054
p 0 212 33054
x 0 33055
p 0 241 33055
x 0 33056
p 0 291 33056
x 0 33057
p 0 214 33057
x 0 33058
p 0 237 33058
x 0 33059
p 0 252 33059
x 0 33060
p 0 623 33060
x 0 33000
h 0 10.0.0.12
p 0 10422 33000
x 1 33001
h 1 10.0.0.12
p 1 1481 33001
x 0 33002
p 0 203 33002
x 0 33003
p 0 205 33003
x 0 33004
p 0 166 33004
x 0 33005
p 0 184 33005
x 0 33006
p 0 203 33006
x 0 33007
p 0 207 33007
x 0 33008
p 0 206 33008
x 0 33009
p 0 207 33009
x 0 33010
p 0 208 33010
x 0 33011
p 0 207 33011
x 0 33012
p 0 208 33012
x 0 33013
p 0 210 33013
x 0 33014
p 0 207 33014
x 0 33015
p 0 207 33015
x 0 33016
p 0 209 33016
x 0 33017
p 0 196 33017
x 0 33018
p 0 203 33018
x 0 33019
p 0 203 33019
x 0 33020
p 0 207 33020
x 0 33021
p 0 182 33021
x 0 33022
p 0 204 33022
x 0 33023
p 0 203 33023
x 0 33024
p 0 203 33024
x 0 33025
p 0 203 33025
x 0 33026
p 0 202 33026
x 0 33027
p 0 204 33027
x 0 33028
p 0 202 33028
x 0 33029
p 0 205 33029
x 0 33030
p 0 205 33030
x 0 33031
p 0 204 33031
x 0 33032
p 0 204 33032
x 0 33033
p 0 209 33033
x 0 33034
p 0 206 33034
x 0 33035
p 0 207 33035
x 0 33036
p 0 205 33036
x 0 33037
p 0 208 33037
x 0 33038
p 0 205 33038
x 0 33039
p 0 311 33039
x 0 33040
p 0 222 33040
x 0 33041
p 0 215 33041
x 0 33042
p 0 217 33042
x 0 33043
p 0 231 33043
x 0 33044
p 0 212 33044
x 0 33045
p 0 221 33045
x 0 33046
p 0 213 33046
x 0 33047
p 0 215 33047
x 0 33048
p 0 213 33048
x 0 33049
p 0 309 33049
x 0 33050
p 0 207 33050
x 0 33051
p 0 209 33051
x 0 33052
p 0 219 33052
x 0 33053
p 0 215 33053
x 0 33054
p 0 226 33054
x 0 33055
p 0 208 33055
x 0 33056
p 0 217 33056
x 0 33057
p 0 196 33057
x 0 33058
p 0 238 33058
x 0 33059
p 0 232 33059
x 0 33060
p 0 250 33060
x 0 33000
h 0 10.0.0.12
p 0 9682 33000
x 1 33001
h 1 10.0.0.12
p 1 1833 33001
x 0 33002
p 0 268 33002
x 0 33003
p 0 205 33003
x 0 33004
p 0 204 33004
x 0 33005
p 0 204 33005
x 0 33006
p 0 204 33006
x 0 33007
p 0 205 33007
x 0 33008
p 0 204 33008
x 0 33009
p 0 202 33009
x 0 33010
p 0 201 33010
x 0 33011
p 0 203 33011
x 0 33012
p 0 203 33012
x 0 33013
p 0 201 33013
x 0 33014
p 0 206 33014
x 0 33015
p 0 204 33015
x 0 33016
p 0 204 33016
x 0 33017
p 0 202 33017
x 0 33018
p 0 202 33018
x 0 33019
p 0 202 33019
x 0 33020
p 0 203 33020
x 0 33021
p 0 203 33021
x 0 33022
p 0 203 33022
x 0 33023
p 0 204 33023
x 0 33024
p 0 205 33024
x 0 33025
p 0 204 33025
x 0 33026
p 0 205 33026
x 0 33027
p 0 204 33027
x 0 33028
p 0 231 33028
x 0 33029
p 0 257 33029
x 0 33030
p 0 204 33030
x 0 33031
p 0 204 33031
x 0 33032
p 0 219 33032
x 0 33033
p 0 202 33033
x 0 33034
p 0 208 33034
x 0 33035
p 0 234 33035
x 0 33036
p 0 286 33036
x 0 33037
p 0 205 33037
x 0 33038
p 0 203 33038
x 0 33039
p 0 204 33039
x 0 33040
p 0 204 33040
x 0 33041
p 0 205 33041
x 0 33042
p 0 183 33042
x 0 33043
p 0 256 33043
x 0 33044
p 0 206 33044
x 0 33045
p 0 204 33045
x 0 33046
p 0 205 33046
x 0 33047
p 0 201 33047
x 0 33048
p 0 202 33048
x 0 33049
p 0 202 33049
x 0 33050
p 0 204 33050
x 0 33051
p 0 208 33051
x 0 33052
p 0 205 33052
x 0 33053
p 0 216 33053
x 0 33054
p 0 214 33054
x 0 33055
p 0 231 33055
x 0 33056
p 0 225 33056
x 0 33057
p 0 217 33057
x 0 33058
p 0 207 33058
x 0 33059
p 0 220 33059
x 0 33060
p 0 219 33060
x 0 33000
h 0 10.0.0.12
p 0 9257 33000
x 1 33001
h 1 10.0.0.12
p 1 1732 33001
x 0 33002
p 0 193 33002
x 0 33003
p 0 202 33003
x 0 33004
p 0 206 33004
x 0 33005
p 0 209 33005
x 0 33006
p 0 202 33006
x 0 33007
p 0 206 33007
x 0 33008
p 0 202 33008
x 0 33009
p 0 208 33009
x 0 33010
p 0 207 33010
x 0 33011
p 0 204 33011
x 0 33012
p 0 203 33012
x 0 33013
p 0 202 33013
x 0 33014
p 0 204 33014
x 0 33015
p 0 204 33015
x 0 33016
p 0 206 33016
x 0 33017
p 0 199 33017
x 0 33018
p 0 213 33018
x 0 33019
p 0 203 33019
x 0 33020
p 0 208 33020
x 0 33021
p 0 207 33021
x 0 33022
p 0 259 33022
x 0 33023
p 0 199 33023
x 0 33024
p 0 203 33024
x 0 33025
p 0 205 33025
x 0 33026
p 0 204 33026
x 0 33027
p 0 254 33027
x 0 33028
p 0 201 33028
x 0 33029
p 0 208 33029
x 0 33030
p 0 202 33030
x 0 33031
p 0 204 33031
x 0 33032
p 0 201 33032
x 0 33033
p 0 200 33033
x 0 33034
p 0 203 33034
x 0 33035
p 0 209 33035
x 0 33036
p 0 203 33036
x 0 33037
p 0 204 33037
x 0 33038
p 0 233 33038
x 0 33039
p 0 202 33039
x 0 33040
p 0 213 33040
x 0 33041
p 0 210 33041
x 0 33042
p 0 214 33042
x 0 33043
p 0 202 33043
x 0 33044
p 0 205 33044
x 0 33045
p 0 215 33045
x 0 33046
p 0 210 33046
x 0 33047
p 0 208 33047
x 0 33048
p 0 201 33048
x 0 33049
p 0 204 33049
x 0 33050
p 0 217 33050
x 0 33051
p 0 210 33051
x 0 33052
p 0 210 33052
x 0 33053
p 0 206 33053
x 0 33054
p 0 209 33054
x 0 33055
p 0 242 33055
x 0 33056
p 0 290 33056
x 0 33057
p 0 249 33057
x 0 33058
p 0 207 33058
x 0 33059
p 0 207 33059
x 0 33060
p 0 228 33060
x 0 33000
h 0 10.0.0.12
p 0 9177 33000
x 1 33001
h 1 10.0.0.12
p 1 1889 33001
x 0 33002
p 0 201 33002
x 0 33003
p 0 266 33003
x 0 33004
p 0 166 33004
x 0 33005
p 0 202 33005
x 0 33006
p 0 203 33006
x 0 33007
p 0 182 33007
x 0 33008
p 0 150 33008
x 0 33009
p 0 200 33009
x 0 33010
p 0 204 33010
x 0 33011
p 0 198 33011
x 0 33012
p 0 331 33012
x 0 33013
p 0 201 33013
x 0 33014
p 0 200 33014
x 0 33015
p 0 191 33015
x 0 33016
p 0 213 33016
x 0 33017
p 0 200 33017
x 0 33018
p 0 201 33018
x 0 33019
p 0 200 33019
x 0 33020
p 0 200 33020
x 0 33021
p 0 125 33021
x 0 33022
p 0 203 33022
x 0 33023
p 0 198 33023
x 0 33024
p 0 200 33024
x 0 33025
p 0 200 33025
x 0 33026
p 0 168 33026
x 0 33027
p 0 200 33027
x 0 33028
p 0 202 33028
x 0 33029
p 0 200 33029
x 0 33030
p 0 203 33030
x 0 33031
p 0 235 33031
x 0 33032
p 0 201 33032
x 0 33033
p 0 199 33033
x 0 33034
p 0 204 33034
x 0 33035
p 0 200 33035
x 0 33036
p 0 209 33036
x 0 33037
p 0 200 33037
x 0 33038
p 0 202 33038
x 0 33039
p 0 203 33039
x 0 33040
p 0 203 33040
x 0 33041
p 0 202 33041
x 0 33042
p 0 200 33042
x 0 33043
p 0 201 33043
x 0 33044
p 0 246 33044
x 0 33045
p 0 202 33045
x 0 33046
p 0 203 33046
x 0 33047
p 0 242 33047
x 0 33048
p 0 199 33048
x 0 33049
p 0 201 33049
x 0 33050
p 0 202 33050
x 0 33051
p 0 200 33051
x 0 33052
p 0 205 33052
x 0 33053
p 0 220 33053
x 0 33054
p 0 206 33054
x 0 33055
p 0 203 33055
x 0 33056
p 0 212 33056
x 0 33057
p 0 233 33057
x 0 33058
p 0 221 33058
x 0 33059
p 0 223 33059
x 0 33060
p 0 222 33060
x 0 33000
h 0 10.0.0.12
p 0 8693 33000
x 1 33001
h 1 10.0.0.12
p 1 1799 33001
x 0 33002
p 0 203 33002
x 0 33003
p 0 202 33003
x 0 33004
p 0 202 33004
x 0 33005
p 0 200 33005
x 0 33006
p 0 183 33006
x 0 33007
p 0 200 33007
x 0 33008
p 0 202 33008
x 0 33009
p 0 162 33009
x 0 33010
p 0 201 33010
x 0 33011
p 0 199 33011
x 0 33012
p 0 200 33012
x 0 33013
p 0 200 33013
x 0 33014
p 0 202 33014
x 0 33015
p 0 200 33015
x 0 33016
p 0 202 33016
x 0 33017
p 0 202 33017
x 0 33018
p 0 203 33018
x 0 33019
p 0 202 33019
x 0 33020
p 0 205 33020
x 0 33021
p 0 204 33021
x 0 33022
p 0 202 33022
x 0 33023
p 0 202 33023
x 0 33024
p 0 205 33024
x 0 33025
p 0 201 33025
x 0 33026
p 0 204 33026
x 0 33027
p 0 199 33027
x 0 33028
p 0 203 33028
x 0 33029
p 0 201 33029
x 0 33030
p 0 238 33030
x 0 33031
p 0 172 33031
x 0 33032
p 0 205 33032
x 0 33033
p 0 203 33033
x 0 33034
p 0 204 33034
x 0 33035
p 0 202 33035
x 0 33036
p 0 247 33036
x 0 33037
p 0 203 33037
x 0 33038
p 0 203 33038
x 0 33039
p 0 207 33039
x 0 33040
p 0 255 33040
x 0 33041
p 0 205 33041
x 0 33042
p 0 204 33042
x 0 33043
p 0 206 33043
x 0 33044
p 0 207 33044
x 0 33045
p 0 203 33045
x 0 33046
p 0 203 33046
x 0 33047
p 0 205 33047
x 0 33048
p 0 207 33048
x 0 33049
p 0 209 33049
x 0 33050
p 0 211 33050
x 0 33051
p 0 209 33051
x 0 33052
p 0 214 33052
x 0 33053
p 0 213 33053
x 0 33054
p 0 181 33054
x 0 33055
p 0 213 33055
x 0 33056
p 0 214 33056
x 0 33057
p 0 214 33057
x 0 33058
p 0 226 33058
x 0 33059
p 0 257 33059
x 0 33060
p 0 266 33060
x 0 33000
h 0 10.0.0.12
p 0 6382 33000
x 1 33001
h 1 10.0.0.12
p 1 1974 33001
x 0 33002
p 0 187 33002
x 0 33003
p 0 163 33003
x 0 33004
p 0 158 33004
x 0 33005
p 0 165 33005
x 0 33006
p 0 166 33006
x 0 33007
p 0 166 33007
x 0 33008
p 0 162 33008
x 0 33009
p 0 163 33009
x 0 33010
p 0 159 33010
x 0 33011
p 0 156 33011
x 0 33012
p 0 163 33012
x 0 33013
p 0 167 33013
x 0 33014
p 0 170 33014
x 0 33015
p 0 167 33015
x 0 33016
p 0 167 33016
x 0 33017
p 0 152 33017
x 0 33018
p 0 211 33018
x 0 33019
p 0 212 33019
x 0 33020
p 0 160 33020
x 0 33021
p 0 325 33021
x 0 33022
p 0 148 33022
x 0 33023
p 0 205 33023
x 0 33024
p 0 149 33024
x 0 33025
p 0 204 33025
x 0 33026
p 0 144 33026
x 0 33027
p 0 208 33027
x 0 33028
p 0 206 33028
x 0 33029
p 0 208 33029
x 0 33030
p 0 151 33030
x 0 33031
p 0 146 33031
x 0 33032
p 0 204 33032
x 0 33033
p 0 150 33033
x 0 33034
p 0 206 33034
x 0 33035
p 0 151 33035
x 0 33036
p 0 209 33036
x 0 33037
p 0 188 33037
x 0 33038
p 0 149 33038
x 0 33039
p 0 155 33039
x 0 33040
p 0 208 33040
x 0 33041
p 0 207 33041
x 0 33042
p 0 147 33042
x 0 33043
p 0 206 33043
x 0 33044
p 0 155 33044
x 0 33045
p 0 239 33045
x 0 33046
p 0 216 33046
x 0 33047
p 0 236 33047
x 0 33048
p 0 159 33048
x 0 33049
p 0 214 33049
x 0 33050
p 0 154 33050
x 0 33051
p 0 312 33051
x 0 33052
p 0 193 33052
x 0 33053
p 0 773 33053
x 0 33054
p 0 185 33054
x 0 33055
p 0 219 33055
x 0 33056
p 0 255 33056
x 0 33057
p 0 192 33057
x 0 33058
p 0 245 33058
x 0 33059
p 0 184 33059
x 0 33060
p 0 233 33060
x 0 33000
h 0 10.0.0.12
p 0 8230 33000
x 1 33001
h 1 10.0.0.12
p 1 2228 33001
x 0 33002
p 0 213 33002
x 0 33003
p 0 225 33003
x 0 33004
p 0 234 33004
x 0 33005
p 0 203 33005
x 0 33006
p 0 202 33006
x 0 33007
p 0 171 33007
x 0 33008
p 0 167 33008
x 0 33009
p 0 203 33009
x 0 33010
p 0 200 33010
x 0 33011
p 0 172 33011
x 0 33012
p 0 171 33012
x 0 33013
p 0 207 33013
x 0 33014
p 0 203 33014
x 0 33015
p 0 166 33015
x 0 33016
p 0 173 33016
x 0 33017
p 0 203 33017
x 0 33018
p 0 205 33018
x 0 33019
p 0 168 33019
x 0 33020
p 0 175 33020
x 0 33021
p 0 201 33021
x 0 33022
p 0 200 33022
x 0 33023
p 0 166 33023
x 0 33024
p 0 169 33024
x 0 33025
p 0 203 33025
x 0 33026
p 0 199 33026
x 0 33027
p 0 174 33027
x 0 33028
p 0 172 33028
x 0 33029
p 0 206 33029
x 0 33030
p 0 207 33030
x 0 33031
p 0 172 33031
x 0 33032
p 0 177 33032
x 0 33033
p 0 209 33033
x 0 33034
p 0 204 33034
x 0 33035
p 0 177 33035
x 0 33036
p 0 172 33036
x 0 33037
p 0 208 33037
x 0 33038
p 0 201 33038
x 0 33039
p 0 172 33039
x 0 33040
p 0 176 33040
x 0 33041
p 0 186 33041
x 0 33042
p 0 200 33042
x 0 33043
p 0 172 33043
x 0 33044
p 0 178 33044
x 0 33045
p 0 206 33045
x 0 33046
p 0 203 33046
x 0 33047
p 0 192 33047
x 0 33048
p 0 172 33048
x 0 33049
p 0 206 33049
x 0 33050
p 0 133 33050
x 0 33051
p 0 176 33051
x 0 33052
p 0 171 33052
x 0 33053
p 0 212 33053
x 0 33054
p 0 205 33054
x 0 33055
p 0 171 33055
x 0 33056
p 0 204 33056
x 0 33057
p 0 279 33057
x 0 33058
p 0 209 33058
x 0 33059
p 0 226 33059
x 0 33060
p 0 245 33060
x 0 33000
h 0 10.0.0.12
p 0 8878 33000
x 1 33001
h 1 10.0.0.12
p 1 1727 33001
x 0 33002
p 0 211 33002
x 0 33003
p 0 207 33003
x 0 33004
p 0 208 33004
x 0 33005
p 0 202 33005
x 0 33006
p 0 203 33006
x 0 33007
p 0 203 33007
x 0 33008
p 0 201 33008
x 0 33009
p 0 202 33009
x 0 33010
p 0 205 33010
x 0 33011
p 0 200 33011
x 0 33012
p 0 203 33012
x 0 33013
p 0 206 33013
x 0 33014
p 0 206 33014
x 0 33015
p 0 203 33015
x 0 33016
p 0 203 33016
x 0 33017
p 0 201 33017
x 0 33018
p 0 204 33018
x 0 33019
p 0 201 33019
x 0 33020
p 0 202 33020
x 0 33021
p 0 203 33021
x 0 33022
p 0 203 33022
x 0 33023
p 0 203 33023
x 0 33024
p 0 203 33024
x 0 33025
p 0 205 33025
x 0 33026
p 0 201 33026
x 0 33027
p 0 205 33027
x 0 33028
p 0 203 33028
x 0 33029
p 0 203 33029
x 0 33030
p 0 207 33030
x 0 33031
p 0 204 33031
x 0 33032
p 0 204 33032
x 0 33033
p 0 205 33033
x 0 33034
p 0 204 33034
x 0 33035
p 0 206 33035
x 0 33036
p 0 206 33036
x 0 33037
p 0 204 33037
x 0 33038
p 0 205 33038
x 0 33039
p 0 207 33039
x 0 33040
p 0 207 33040
x 0 33041
p 0 207 33041
x 0 33042
p 0 205 33042
x 0 33043
p 0 226 33043
x 0 33044
p 0 206 33044
x 0 33045
p 0 207 33045
x 0 33046
p 0 206 33046
x 0 33047
p 0 204 33047
x 0 33048
p 0 206 33048
x 0 33049
p 0 205 33049
x 0 33050
p 0 207 33050
x 0 33051
p 0 204 33051
x 0 33052
p 0 206 33052
x 0 33053
p 0 209 33053
x 0 33054
p 0 212 33054
x 0 33055
p 0 211 33055
x 0 33056
p 0 260 33056
x 0 33057
p 0 212 33057
x 0 33058
p 0 213 33058
x 0 33059
p 0 135 33059
x 0 33060
p 0 248 33060
x 0 33000
h 0 10.0.0.12
p 0 9514 33000
x 1 33001
h 1 10.0.0.12
p 1 1677 33001
x 0 33002
p 0 201 33002
x 0 33003
p 0 204 33003
x 0 33004
p 0 201 33004
x 0 33005
p 0 167 33005
x 0 33006
p 0 208 33006
x 0 33007
p 0 200 33007
x 0 33008
p 0 201 33008
x 0 33009
p 0 209 33009
x 0 33010
p 0 206 33010
x 0 33011
p 0 204 33011
x 0 33012
p 0 214 33012
x 0 33013
p 0 206 33013
x 0 33014
p 0 203 33014
x 0 33015
p 0 204 33015
x 0 33016
p 0 208 33016
x 0 33017
p 0 204 33017
x 0 33018
p 0 202 33018
x 0 33019
p 0 205 33019
x 0 33020
p 0 206 33020
x 0 33021
p 0 204 33021
x 0 33022
p 0 278 33022
x 0 33023
p 0 206 33023
x 0 33024
p 0 203 33024
x 0 33025
p 0 206 33025
x 0 33026
p 0 206 33026
x 0 33027
p 0 207 33027
x 0 33028
p 0 203 33028
x 0 33029
p 0 204 33029
x 0 33030
p 0 205 33030
x 0 33031
p 0 204 33031
x 0 33032
p 0 239 33032
x 0 33033
p 0 206 33033
x 0 33034
p 0 206 33034
x 0 33035
p 0 205 33035
x 0 33036
p 0 201 33036
x 0 33037
p 0 207 33037
x 0 33038
p 0 232 33038
x 0 33039
p 0 203 33039
x 0 33040
p 0 205 33040
x 0 33041
p 0 208 33041
x 0 33042
p 0 284 33042
x 0 33043
p 0 204 33043
x 0 33044
p 0 204 33044
x 0 33045
p 0 204 33045
x 0 33046
p 0 206 33046
x 0 33047
p 0 204 33047
x 0 33048
p 0 203 33048
x 0 33049
p 0 205 33049
x 0 33050
p 0 204 33050
x 0 33051
p 0 204 33051
x 0 33052
p 0 283 33052
x 0 33053
p 0 209 33053
x 0 33054
p 0 209 33054
x 0 33055
p 0 233 33055
x 0 33056
p 0 211 33056
x 0 33057
p 0 214 33057
x 0 33058
p 0 203 33058
x 0 33059
p 0 208 33059
x 0 33060
p 0 256 33060
x 0 33000
h 0 10.0.0.12
p 0 9027 33000
x 1 33001
h 1 10.0.0.12
p 1 1881 33001
x 0 33002
p 0 185 33002
x 0 33003
p 0 204 33003
x 0 33004
p 0 163 33004
x 0 33005
p 0 203 33005
x 0 33006
p 0 204 33006
x 0 33007
p 0 204 33007
x 0 33008
p 0 208 33008
x 0 33009
p 0 204 33009
x 0 33010
p 0 202 33010
x 0 33011
p 0 204 33011
x 0 33012
p 0 172 33012
x 0 33013
p 0 204 33013
x 0 33014
p 0 201 33014
x 0 33015
p 0 206 33015
x 0 33016
p 0 203 33016
x 0 33017
p 0 204 33017
x 0 33018
p 0 203 33018
x 0 33019
p 0 204 33019
x 0 33020
p 0 204 33020
x 0 33021
p 0 204 33021
x 0 33022
p 0 201 33022
x 0 33023
p 0 174 33023
x 0 33024
p 0 201 33024
x 0 33025
p 0 202 33025
x 0 33026
p 0 202 33026
x 0 33027
p 0 295 33027
x 0 33028
p 0 204 33028
x 0 33029
p 0 202 33029
x 0 33030
p 0 174 33030
x 0 33031
p 0 204 33031
x 0 33032
p 0 200 33032
x 0 33033
p 0 202 33033
x 0 33034
p 0 174 33034
x 0 33035
p 0 204 33035
x 0 33036
p 0 201 33036
x 0 33037
p 0 183 33037
x 0 33038
p 0 170 33038
x 0 33039
p 0 169 33039
x 0 33040
p 0 204 33040
x 0 33041
p 0 173 33041
x 0 33042
p 0 184 33042
x 0 33043
p 0 205 33043
x 0 33044
p 0 176 33044
x 0 33045
p 0 180 33045
x 0 33046
p 0 173 33046
x 0 33047
p 0 187 33047
x 0 33048
p 0 187 33048
x 0 33049
p 0 174 33049
x 0 33050
p 0 174 33050
x 0 33051
p 0 170 33051
x 0 33052
p 0 176 33052
x 0 33053
p 0 174 33053
x 0 33054
p 0 174 33054
x 0 33055
p 0 170 33055
x 0 33056
p 0 169 33056
x 0 33057
p 0 167 33057
x 0 33058
p 0 236 33058
x 0 33059
p 0 217 33059
x 0 33060
p 0 257 33060
x 0 33000
h 0 10.0.0.12
p 0 9116 33000
x 1 33001
h 1 10.0.0.12
p 1 1966 33001
x 0 33002
p 0 206 33002
x 0 33003
p 0 208 33003
x 0 33004
p 0 205 33004
x 0 33005
p 0 202 33005
x 0 33006
p 0 205 33006
x 0 33007
p 0 235 33007
x 0 33008
p 0 201 33008
x 0 33009
p 0 204 33009
x 0 33010
p 0 205 33010
x 0 33011
p 0 204 33011
x 0 33012
p 0 210 33012
x 0 33013
p 0 202 33013
x 0 33014
p 0 201 33014
x 0 33015
p 0 203 33015
x 0 33016
p 0 206 33016
x 0 33017
p 0 202 33017
x 0 33018
p 0 198 33018
x 0 33019
p 0 202 33019
x 0 33020
p 0 201 33020
x 0 33021
p 0 292 33021
x 0 33022
p 0 203 33022
x 0 33023
p 0 204 33023
x 0 33024
p 0 202 33024
x 0 33025
p 0 200 33025
x 0 33026
p 0 201 33026
x 0 33027
p 0 201 33027
x 0 33028
p 0 206 33028
x 0 33029
p 0 202 33029
x 0 33030
p 0 204 33030
x 0 33031
p 0 203 33031
x 0 33032
p 0 201 33032
x 0 33033
p 0 204 33033
x 0 33034
p 0 202 33034
x 0 33035
p 0 202 33035
x 0 33036
p 0 200 33036
x 0 33037
p 0 201 33037
x 0 33038
p 0 203 33038
x 0 33039
p 0 203 33039
x 0 33040
p 0 318 33040
x 0 33041
p 0 204 33041
x 0 33042
p 0 209 33042
x 0 33043
p 0 210 33043
x 0 33044
p 0 206 33044
x 0 33045
p 0 205 33045
x 0 33046
p 0 208 33046
x 0 33047
p 0 201 33047
x 0 33048
p 0 208 33048
x 0 33049
p 0 205 33049
x 0 33050
p 0 208 33050
x 0 33051
p 0 206 33051
x 0 33052
p 0 253 33052
x 0 33053
p 0 215 33053
x 0 33054
p 0 214 33054
x 0 33055
p 0 213 33055
x 0 33056
p 0 213 33056
x 0 33057
p 0 213 33057
x 0 33058
p 0 215 33058
x 0 33059
p 0 206 33059
x 0 33060
p 0 241 33060
x 0 33000
h 0 10.0.0.12
p 0 9233 33000
x 1 33001
h 1 10.0.0.12
p 1 8313 33001
x 0 33002
p 0 1909 33002
x 0 33003
p 0 249 33003
x 0 33004
p 0 270 33004
x 0 33005
p 0 320 33005
x 0 33006
p 0 228 33006
x 0 33007
p 0 224 33007
x 0 33008
p 0 234 33008
x 0 33009
p 0 230 33009
x 0 33010
p 0 282 33010
x 0 33011
p 0 230 33011
x 0 33012
p 0 219 33012
x 0 33013
p 0 237 33013
x 0 33014
p 0 238 33014
x 0 33015
p 0 271 33015
x 0 33016
p 0 294 33016
x 0 33017
p 0 223 33017
x 0 33018
p 0 236 33018
x 0 33019
p 0 236 33019
x 0 33020
p 0 243 33020
x 0 33021
p 0 225 33021
x 0 33022
p 0 248 33022
x 0 33023
p 0 338 33023
x 0 33024
p 0 232 33024
x 0 33025
p 0 244 33025
x 0 33026
p 0 223 33026
x 0 33027
p 0 219 33027
x 0 33028
p 0 237 33028
x 0 33029
p 0 264 33029
x 0 33030
p 0 323 33030
x 0 33031
p 0 215 33031
x 0 33032
p 0 228 33032
x 0 33033
p 0 243 33033
x 0 33034
p 0 232 33034
x 0 33035
p 0 236 33035
x 0 33036
p 0 248 33036
x 0 33037
p 0 287 33037
x 0 33038
p 0 224 33038
x 0 33039
p 0 224 33039
x 0 33040
p 0 235 33040
x 0 33041
p 0 224 33041
x 0 33042
p 0 212 33042
x 0 33043
p 0 308 33043
x 0 33044
p 0 309 33044
x 0 33045
p 0 239 33045
x 0 33046
p 0 233 33046
x 0 33047
p 0 213 33047
x 0 33048
p 0 231 33048
x 0 33049
p 0 227 33049
x 0 33050
p 0 267 33050
x 0 33051
p 0 276 33051
x 0 33052
p 0 217 33052
x 0 33053
p 0 712 33053
x 0 33054
p 0 297 33054
x 0 33055
p 0 328 33055
x 0 33056
p 0 268 33056
x 0 33057
p 0 292 33057
x 0 33058
p 0 281 33058
x 0 33059
p 0 289 33059
x 0 33060
p 0 283 33060
x 0 33000
h 0 10.0.0.12
p 0 8052 33000
x 1 33001
h 1 10.0.0.12
p 1 2056 33001
x 0 33002
p 0 231 33002
x 0 33003
p 0 203 33003
x 0 33004
p 0 208 33004
x 0 33005
p 0 200 33005
x 0 33006
p 0 168 33006
x 0 33007
p 0 165 33007
x 0 33008
p 0 200 33008
x 0 33009
p 0 200 33009
x 0 33010
p 0 166 33010
x 0 33011
p 0 166 33011
x 0 33012
p 0 198 33012
x 0 33013
p 0 204 33013
x 0 33014
p 0 168 33014
x 0 33015
p 0 166 33015
x 0 33016
p 0 201 33016
x 0 33017
p 0 199 33017
x 0 33018
p 0 165 33018
x 0 33019
p 0 167 33019
x 0 33020
p 0 200 33020
x 0 33021
p 0 198 33021
x 0 33022
p 0 176 33022
x 0 33023
p 0 165 33023
x 0 33024
p 0 202 33024
x 0 33025
p 0 198 33025
x 0 33026
p 0 167 33026
x 0 33027
p 0 161 33027
x 0 33028
p 0 201 33028
x 0 33029
p 0 199 33029
x 0 33030
p 0 167 33030
x 0 33031
p 0 161 33031
x 0 33032
p 0 204 33032
x 0 33033
p 0 164 33033
x 0 33034
p 0 169 33034
x 0 33035
p 0 169 33035
x 0 33036
p 0 204 33036
x 0 33037
p 0 204 33037
x 0 33038
p 0 169 33038
x 0 33039
p 0 168 33039
x 0 33040
p 0 203 33040
x 0 33041
p 0 189 33041
x 0 33042
p 0 169 33042
x 0 33043
p 0 173 33043
x 0 33044
p 0 168 33044
x 0 33045
p 0 171 33045
x 0 33046
p 0 170 33046
x 0 33047
p 0 168 33047
x 0 33048
p 0 168 33048
x 0 33049
p 0 172 33049
x 0 33050
p 0 154 33050
x 0 33051
p 0 208 33051
x 0 33052
p 0 207 33052
x 0 33053
p 0 209 33053
x 0 33054
p 0 211 33054
x 0 33055
p 0 219 33055
x 0 33056
p 0 225 33056
x 0 33057
p 0 213 33057
x 0 33058
p 0 212 33058
x 0 33059
p 0 207 33059
x 0 33060
p 0 244 33060
x 0 33000
h 0 10.0.0.12
p 0 10856 33000
x 1 33001
h 1 10.0.0.12
p 1 1973 33001
x 0 33002
p 0 182 33002
x 0 33003
p 0 179 33003
x 0 33004
p 0 204 33004
x 0 33005
p 0 202 33005
x 0 33006
p 0 202 33006
x 0 33007
p 0 201 33007
x 0 33008
p 0 200 33008
x 0 33009
p 0 201 33009
x 0 33010
p 0 199 33010
x 0 33011
p 0 200 33011
x 0 33012
p 0 201 33012
x 0 33013
p 0 200 33013
x 0 33014
p 0 199 33014
x 0 33015
p 0 202 33015
x 0 33016
p 0 113 33016
x 0 33017
p 0 200 33017
x 0 33018
p 0 200 33018
x 0 33019
p 0 199 33019
x 0 33020
p 0 201 33020
x 0 33021
p 0 202 33021
x 0 33022
p 0 199 33022
x 0 33023
p 0 200 33023
x 0 33024
p 0 202 33024
x 0 33025
p 0 202 33025
x 0 33026
p 0 206 33026
x 0 33027
p 0 225 33027
x 0 33028
p 0 200 33028
x 0 33029
p 0 200 33029
x 0 33030
p 0 202 33030
x 0 33031
p 0 204 33031
x 0 33032
p 0 201 33032
x 0 33033
p 0 201 33033
x 0 33034
p 0 200 33034
x 0 33035
p 0 201 33035
x 0 33036
p 0 203 33036
x 0 33037
p 0 201 33037
x 0 33038
p 0 168 33038
x 0 33039
p 0 285 33039
x 0 33040
p 0 283 33040
x 0 33041
p 0 207 33041
x 0 33042
p 0 321 33042
x 0 33043
p 0 283 33043
x 0 33044
p 0 294 33044
x 0 33045
p 0 288 33045
x 0 33046
p 0 291 33046
x 0 33047
p 0 185 33047
x 0 33048
p 0 205 33048
x 0 33049
p 0 207 33049
x 0 33050
p 0 209 33050
x 0 33051
p 0 295 33051
x 0 33052
p 0 294 33052
x 0 33053
p 0 204 33053
x 0 33054
p 0 202 33054
x 0 33055
p 0 208 33055
x 0 33056
p 0 206 33056
x 0 33057
p 0 213 33057
x 0 33058
p 0 205 33058
x 0 33059
p 0 204 33059
x 0 33060
p 0 229 33060
x 0 33000
h 0 10.0.0.12
p 0 8991 33000
x 1 33001
h 1 10.0.0.12
p 1 2033 33001
x 0 33002
p 0 207 33002
x 0 33003
p 0 206 33003
x 0 33004
p 0 170 33004
x 0 33005
p 0 187 33005
x 0 33006
p 0 201 33006
x 0 33007
p 0 200 33007
x 0 33008
p 0 65 33008
x 0 33009
p 0 201 33009
x 0 33010
p 0 198 33010
x 0 33011
p 0 198 33011
x 0 33012
p 0 169 33012
x 0 33013
p 0 169 33013
x 0 33014
p 0 183 33014
x 0 33015
p 0 198 33015
x 0 33016
p 0 170 33016
x 0 33017
p 0 201 33017
x 0 33018
p 0 200 33018
x 0 33019
p 0 198 33019
x 0 33020
p 0 169 33020
x 0 33021
p 0 234 33021
x 0 33022
p 0 199 33022
x 0 33023
p 0 200 33023
x 0 33024
p 0 183 33024
x 0 33025
p 0 200 33025
x 0 33026
p 0 200 33026
x 0 33027
p 0 199 33027
x 0 33028
p 0 171 33028
x 0 33029
p 0 201 33029
x 0 33030
p 0 200 33030
x 0 33031
p 0 200 33031
x 0 33032
p 0 169 33032
x 0 33033
p 0 170 33033
x 0 33034
p 0 200 33034
x 0 33035
p 0 200 33035
x 0 33036
p 0 171 33036
x 0 33037
p 0 200 33037
x 0 33038
p 0 198 33038
x 0 33039
p 0 201 33039
x 0 33040
p 0 168 33040
x 0 33041
p 0 201 33041
x 0 33042
p 0 199 33042
x 0 33043
p 0 202 33043
x 0 33044
p 0 171 33044
x 0 33045
p 0 202 33045
x 0 33046
p 0 204 33046
x 0 33047
p 0 205 33047
x 0 33048
p 0 171 33048
x 0 33049
p 0 176 33049
x 0 33050
p 0 218 33050
x 0 33051
p 0 189 33051
x 0 33052
p 0 173 33052
x 0 33053
p 0 211 33053
x 0 33054
p 0 215 33054
x 0 33055
p 0 224 33055
x 0 33056
p 0 187 33056
x 0 33057
p 0 216 33057
x 0 33058
p 0 182 33058
x 0 33059
p 0 180 33059
x 0 33060
p 0 242 33060
x 0 33000
h 0 10.0.0.12
p 0 8354 33000
x 1 33001
h 1 10.0.0.12
p 1 1728 33001
x 0 33002
p 0 205 33002
x 0 33003
p 0 206 33003
x 0 33004
p 0 200 33004
x 0 33005
p 0 203 33005
x 0 33006
p 0 200 33006
x 0 33007
p 0 199 33007
x 0 33008
p 0 153 33008
x 0 33009
p 0 200 33009
x 0 33010
p 0 200 33010
x 0 33011
p 0 197 33011
x 0 33012
p 0 202 33012
x 0 33013
p 0 182 33013
x 0 33014
p 0 199 33014
x 0 33015
p 0 200 33015
x 0 33016
p 0 199 33016
x 0 33017
p 0 203 33017
x 0 33018
p 0 199 33018
x 0 33019
p 0 198 33019
x 0 33020
p 0 200 33020
x 0 33021
p 0 203 33021
x 0 33022
p 0 198 33022
x 0 33023
p 0 165 33023
x 0 33024
p 0 201 33024
x 0 33025
p 0 202 33025
x 0 33026
p 0 201 33026
x 0 33027
p 0 201 33027
x 0 33028
p 0 201 33028
x 0 33029
p 0 203 33029
x 0 33030
p 0 214 33030
x 0 33031
p 0 200 33031
x 0 33032
p 0 198 33032
x 0 33033
p 0 203 33033
x 0 33034
p 0 203 33034
x 0 33035
p 0 199 33035
x 0 33036
p 0 201 33036
x 0 33037
p 0 138 33037
x 0 33038
p 0 165 33038
x 0 33039
p 0 200 33039
x 0 33040
p 0 201 33040
x 0 33041
p 0 203 33041
x 0 33042
p 0 201 33042
x 0 33043
p 0 200 33043
x 0 33044
p 0 201 33044
x 0 33045
p 0 209 33045
x 0 33046
p 0 200 33046
x 0 33047
p 0 201 33047
x 0 33048
p 0 199 33048
x 0 33049
p 0 200 33049
x 0 33050
p 0 200 33050
x 0 33051
p 0 199 33051
x 0 33052
p 0 199 33052
x 0 33053
p 0 205 33053
x 0 33054
p 0 203 33054
x 0 33055
p 0 203 33055
x 0 33056
p 0 204 33056
x 0 33057
p 0 203 33057
x 0 33058
p 0 202 33058
x 0 33059
p 0 203 33059
x 0 33060
p 0 233 33060
x 0 33000
h 0 10.0.0.12
p 0 9299 33000
x 1 33001
h 1 10.0.0.12
p 1 1553 33001
x 0 33002
p 0 79 33002
x 0 33003
p 0 205 33003
x 0 33004
p 0 201 33004
x 0 33005
p 0 168 33005
x 0 33006
p 0 151 33006
x 0 33007
p 0 198 33007
x 0 33008
p 0 198 33008
x 0 33009
p 0 184 33009
x 0 33010
p 0 180 33010
x 0 33011
p 0 198 33011
x 0 33012
p 0 198 33012
x 0 33013
p 0 163 33013
x 0 33014
p 0 201 33014
x 0 33015
p 0 202 33015
x 0 33016
p 0 190 33016
x 0 33017
p 0 227 33017
x 0 33018
p 0 173 33018
x 0 33019
p 0 222 33019
x 0 33020
p 0 161 33020
x 0 33021
p 0 212 33021
x 0 33022
p 0 241 33022
x 0 33023
p 0 199 33023
x 0 33024
p 0 214 33024
x 0 33025
p 0 169 33025
x 0 33026
p 0 203 33026
x 0 33027
p 0 200 33027
x 0 33028
p 0 231 33028
x 0 33029
p 0 192 33029
x 0 33030
p 0 170 33030
x 0 33031
p 0 232 33031
x 0 33032
p 0 200 33032
x 0 33033
p 0 201 33033
x 0 33034
p 0 171 33034
x 0 33035
p 0 203 33035
x 0 33036
p 0 196 33036
x 0 33037
p 0 227 33037
x 0 33038
p 0 169 33038
x 0 33039
p 0 199 33039
x 0 33040
p 0 171 33040
x 0 33041
p 0 201 33041
x 0 33042
p 0 200 33042
x 0 33043
p 0 170 33043
x 0 33044
p 0 201 33044
x 0 33045
p 0 206 33045
x 0 33046
p 0 168 33046
x 0 33047
p 0 212 33047
x 0 33048
p 0 200 33048
x 0 33049
p 0 167 33049
x 0 33050
p 0 171 33050
x 0 33051
p 0 201 33051
x 0 33052
p 0 201 33052
x 0 33053
p 0 204 33053
x 0 33054
p 0 172 33054
x 0 33055
p 0 207 33055
x 0 33056
p 0 201 33056
x 0 33057
p 0 171 33057
x 0 33058
p 0 172 33058
x 0 33059
p 0 223 33059
x 0 33060
p 0 242 33060
x 0 33000
h 0 10.0.0.12
p 0 8525 33000
x 1 33001
h 1 10.0.0.12
p 1 1818 33001
x 0 33002
p 0 208 33002
x 0 33003
p 0 235 33003
x 0 33004
p 0 265 33004
x 0 33005
p 0 201 33005
x 0 33006
p 0 168 33006
x 0 33007
p 0 200 33007
x 0 33008
p 0 198 33008
x 0 33009
p 0 278 33009
x 0 33010
p 0 173 33010
x 0 33011
p 0 202 33011
x 0 33012
p 0 199 33012
x 0 33013
p 0 199 33013
x 0 33014
p 0 168 33014
x 0 33015
p 0 200 33015
x 0 33016
p 0 201 33016
x 0 33017
p 0 198 33017
x 0 33018
p 0 165 33018
x 0 33019
p 0 200 33019
x 0 33020
p 0 142 33020
x 0 33021
p 0 200 33021
x 0 33022
p 0 168 33022
x 0 33023
p 0 201 33023
x 0 33024
p 0 199 33024
x 0 33025
p 0 169 33025
x 0 33026
p 0 174 33026
x 0 33027
p 0 201 33027
x 0 33028
p 0 199 33028
x 0 33029
p 0 202 33029
x 0 33030
p 0 170 33030
x 0 33031
p 0 174 33031
x 0 33032
p 0 201 33032
x 0 33033
p 0 173 33033
x 0 33034
p 0 169 33034
x 0 33035
p 0 200 33035
x 0 33036
p 0 201 33036
x 0 33037
p 0 201 33037
x 0 33038
p 0 171 33038
x 0 33039
p 0 201 33039
x 0 33040
p 0 201 33040
x 0 33041
p 0 202 33041
x 0 33042
p 0 172 33042
x 0 33043
p 0 207 33043
x 0 33044
p 0 172 33044
x 0 33045
p 0 203 33045
x 0 33046
p 0 169 33046
x 0 33047
p 0 169 33047
x 0 33048
p 0 200 33048
x 0 33049
p 0 201 33049
x 0 33050
p 0 171 33050
x 0 33051
p 0 204 33051
x 0 33052
p 0 228 33052
x 0 33053
p 0 175 33053
x 0 33054
p 0 171 33054
x 0 33055
p 0 216 33055
x 0 33056
p 0 232 33056
x 0 33057
p 0 204 33057
x 0 33058
p 0 175 33058
x 0 33059
p 0 175 33059
x 0 33060
p 0 335 33060
x 0 33000
h 0 10.0.0.12
p 0 7820 33000
x 1 33001
h 1 10.0.0.12
p 1 1862 33001
x 0 33002
p 0 216 33002
x 0 33003
p 0 207 33003
x 0 33004
p 0 276 33004
x 0 33005
p 0 200 33005
x 0 33006
p 0 203 33006
x 0 33007
p 0 202 33007
x 0 33008
p 0 198 33008
x 0 33009
p 0 201 33009
x 0 33010
p 0 203 33010
x 0 33011
p 0 201 33011
x 0 33012
p 0 238 33012
x 0 33013
p 0 200 33013
x 0 33014
p 0 202 33014
x 0 33015
p 0 200 33015
x 0 33016
p 0 204 33016
x 0 33017
p 0 202 33017
x 0 33018
p 0 203 33018
x 0 33019
p 0 201 33019
x 0 33020
p 0 199 33020
x 0 33021
p 0 203 33021
x 0 33022
p 0 202 33022
x 0 33023
p 0 202 33023
x 0 33024
p 0 202 33024
x 0 33025
p 0 204 33025
x 0 33026
p 0 203 33026
x 0 33027
p 0 202 33027
x 0 33028
p 0 204 33028
x 0 33029
p 0 236 33029
x 0 33030
p 0 205 33030
x 0 33031
p 0 202 33031
x 0 33032
p 0 205 33032
x 0 33033
p 0 205 33033
x 0 33034
p 0 207 33034
x 0 33035
p 0 210 33035
x 0 33036
p 0 238 33036
x 0 33037
p 0 259 33037
x 0 33038
p 0 211 33038
x 0 33039
p 0 210 33039
x 0 33040
p 0 209 33040
x 0 33041
p 0 209 33041
x 0 33042
p 0 210 33042
x 0 33043
p 0 212 33043
x 0 33044
p 0 209 33044
x 0 33045
p 0 209 33045
x 0 33046
p 0 207 33046
x 0 33047
p 0 209 33047
x 0 33048
p 0 210 33048
x 0 33049
p 0 204 33049
x 0 33050
p 0 211 33050
x 0 33051
p 0 205 33051
x 0 33052
p 0 255 33052
x 0 33053
p 0 217 33053
x 0 33054
p 0 254 33054
x 0 33055
p 0 227 33055
x 0 33056
p 0 214 33056
x 0 33057
p 0 221 33057
x 0 33058
p 0 227 33058
x 0 33059
p 0 270 33059
x 0 33060
p 0 264 33060
x 0 33000
h 0 10.0.0.12
p 0 9421 33000
x 1 33001
h 1 10.0.0.12
p 1 1708 33001
x 0 33002
p 0 207 33002
x 0 33003
p 0 201 33003
x 0 33004
p 0 200 33004
x 0 33005
p 0 201 33005
x 0 33006
p 0 199 33006
x 0 33007
p 0 200 33007
x 0 33008
p 0 198 33008
x 0 33009
p 0 199 33009
x 0 33010
p 0 172 33010
x 0 33011
p 0 199 33011
x 0 33012
p 0 201 33012
x 0 33013
p 0 201 33013
x 0 33014
p 0 166 33014
x 0 33015
p 0 200 33015
x 0 33016
p 0 197 33016
x 0 33017
p 0 169 33017
x 0 33018
p 0 169 33018
x 0 33019
p 0 201 33019
x 0 33020
p 0 199 33020
x 0 33021
p 0 166 33021
x 0 33022
p 0 166 33022
x 0 33023
p 0 165 33023
x 0 33024
p 0 166 33024
x 0 33025
p 0 168 33025
x 0 33026
p 0 167 33026
x 0 33027
p 0 166 33027
x 0 33028
p 0 164 33028
x 0 33029
p 0 168 33029
x 0 33030
p 0 167 33030
x 0 33031
p 0 155 33031
x 0 33032
p 0 160 33032
x 0 33033
p 0 161 33033
x 0 33034
p 0 161 33034
x 0 33035
p 0 149 33035
x 0 33036
p 0 207 33036
x 0 33037
p 0 209 33037
x 0 33038
p 0 153 33038
x 0 33039
p 0 209 33039
x 0 33040
p 0 607 33040
x 0 33041
p 0 152 33041
x 0 33042
p 0 153 33042
x 0 33043
p 0 206 33043
x 0 33044
p 0 201 33044
x 0 33045
p 0 149 33045
x 0 33046
p 0 199 33046
x 0 33047
p 0 202 33047
x 0 33048
p 0 148 33048
x 0 33049
p 0 143 33049
x 0 33050
p 0 147 33050
x 0 33051
p 0 201 33051
x 0 33052
p 0 202 33052
x 0 33053
p 0 172 33053
x 0 33054
p 0 147 33054
x 0 33055
p 0 150 33055
x 0 33056
p 0 199 33056
x 0 33057
p 0 204 33057
x 0 33058
p 0 200 33058
x 0 33059
p 0 203 33059
x 0 33060
p 0 207 33060
x 0 33000
h 0 10.0.0.12
p 0 8786 33000
x 1 33001
h 1 10.0.0.12
p 1 1848 33001
x 0 33002
p 0 209 33002
x 0 33003
p 0 207 33003
x 0 33004
p 0 211 33004
x 0 33005
p 0 172 33005
x 0 33006
p 0 201 33006
x 0 33007
p 0 200 33007
x 0 33008
p 0 199 33008
x 0 33009
p 0 201 33009
x 0 33010
p 0 203 33010
x 0 33011
p 0 202 33011
x 0 33012
p 0 201 33012
x 0 33013
p 0 200 33013
x 0 33014
p 0 170 33014
x 0 33015
p 0 207 33015
x 0 33016
p 0 208 33016
x 0 33017
p 0 209 33017
x 0 33018
p 0 171 33018
x 0 33019
p 0 223 33019
x 0 33020
p 0 210 33020
x 0 33021
p 0 210 33021
x 0 33022
p 0 210 33022
x 0 33023
p 0 210 33023
x 0 33024
p 0 206 33024
x 0 33025
p 0 208 33025
x 0 33026
p 0 201 33026
x 0 33027
p 0 197 33027
x 0 33028
p 0 199 33028
x 0 33029
p 0 168 33029
x 0 33030
p 0 199 33030
x 0 33031
p 0 199 33031
x 0 33032
p 0 204 33032
x 0 33033
p 0 203 33033
x 0 33034
p 0 200 33034
x 0 33035
p 0 200 33035
x 0 33036
p 0 202 33036
x 0 33037
p 0 201 33037
x 0 33038
p 0 201 33038
x 0 33039
p 0 201 33039
x 0 33040
p 0 200 33040
x 0 33041
p 0 201 33041
x 0 33042
p 0 201 33042
x 0 33043
p 0 202 33043
x 0 33044
p 0 204 33044
x 0 33045
p 0 200 33045
x 0 33046
p 0 203 33046
x 0 33047
p 0 201 33047
x 0 33048
p 0 204 33048
x 0 33049
p 0 201 33049
x 0 33050
p 0 202 33050
x 0 33051
p 0 201 33051
x 0 33052
p 0 204 33052
x 0 33053
p 0 206 33053
x 0 33054
p 0 207 33054
x 0 33055
p 0 210 33055
x 0 33056
p 0 209 33056
x 0 33057
p 0 209 33057
x 0 33058
p 0 211 33058
x 0 33059
p 0 257 33059
x 0 33060
p 0 275 33060
x 0 33000
h 0 10.0.0.12
p 0 9601 33000
x 1 33001
h 1 10.0.0.12
p 1 2202 33001
x 0 33002
p 0 215 33002
x 0 33003
p 0 175 33003
x 0 33004
p 0 219 33004
x 0 33005
p 0 267 33005
x 0 33006
p 0 245 33006
x 0 33007
p 0 209 33007
x 0 33008
p 0 207 33008
x 0 33009
p 0 205 33009
x 0 33010
p 0 207 33010
x 0 33011
p 0 206 33011
x 0 33012
p 0 208 33012
x 0 33013
p 0 207 33013
x 0 33014
p 0 204 33014
x 0 33015
p 0 208 33015
x 0 33016
p 0 208 33016
x 0 33017
p 0 132 33017
x 0 33018
p 0 205 33018
x 0 33019
p 0 209 33019
x 0 33020
p 0 210 33020
x 0 33021
p 0 214 33021
x 0 33022
p 0 209 33022
x 0 33023
p 0 207 33023
x 0 33024
p 0 208 33024
x 0 33025
p 0 210 33025
x 0 33026
p 0 207 33026
x 0 33027
p 0 210 33027
x 0 33028
p 0 208 33028
x 0 33029
p 0 207 33029
x 0 33030
p 0 209 33030
x 0 33031
p 0 209 33031
x 0 33032
p 0 238 33032
x 0 33033
p 0 210 33033
x 0 33034
p 0 208 33034
x 0 33035
p 0 211 33035
x 0 33036
p 0 152 33036
x 0 33037
p 0 238 33037
x 0 33038
p 0 214 33038
x 0 33039
p 0 208 33039
x 0 33040
p 0 254 33040
x 0 33041
p 0 211 33041
x 0 33042
p 0 209 33042
x 0 33043
p 0 216 33043
x 0 33044
p 0 225 33044
x 0 33045
p 0 225 33045
x 0 33046
p 0 214 33046
x 0 33047
p 0 219 33047
x 0 33048
p 0 220 33048
x 0 33049
p 0 227 33049
x 0 33050
p 0 222 33050
x 0 33051
p 0 217 33051
x 0 33052
p 0 206 33052
x 0 33053
p 0 210 33053
x 0 33054
p 0 206 33054
x 0 33055
p 0 211 33055
x 0 33056
p 0 227 33056
x 0 33057
p 0 203 33057
x 0 33058
p 0 231 33058
x 0 33059
p 0 208 33059
x 0 33060
p 0 206 33060
x 0 33000
h 0 10.0.0.12
p 0 8573 33000
x 1 33001
h 1 10.0.0.12
p 1 1803 33001
x 0 33002
p 0 235 33002
x 0 33003
p 0 205 33003
x 0 33004
p 0 259 33004
x 0 33005
p 0 163 33005
x 0 33006
p 0 164 33006
x 0 33007
p 0 200 33007
x 0 33008
p 0 200 33008
x 0 33009
p 0 163 33009
x 0 33010
p 0 161 33010
x 0 33011
p 0 204 33011
x 0 33012
p 0 199 33012
x 0 33013
p 0 165 33013
x 0 33014
p 0 160 33014
x 0 33015
p 0 202 33015
x 0 33016
p 0 180 33016
x 0 33017
p 0 159 33017
x 0 33018
p 0 164 33018
x 0 33019
p 0 204 33019
x 0 33020
p 0 199 33020
x 0 33021
p 0 161 33021
x 0 33022
p 0 163 33022
x 0 33023
p 0 200 33023
x 0 33024
p 0 199 33024
x 0 33025
p 0 159 33025
x 0 33026
p 0 164 33026
x 0 33027
p 0 229 33027
x 0 33028
p 0 198 33028
x 0 33029
p 0 162 33029
x 0 33030
p 0 160 33030
x 0 33031
p 0 201 33031
x 0 33032
p 0 199 33032
x 0 33033
p 0 159 33033
x 0 33034
p 0 159 33034
x 0 33035
p 0 200 33035
x 0 33036
p 0 202 33036
x 0 33037
p 0 185 33037
x 0 33038
p 0 153 33038
x 0 33039
p 0 203 33039
x 0 33040
p 0 153 33040
x 0 33041
p 0 201 33041
x 0 33042
p 0 169 33042
x 0 33043
p 0 182 33043
x 0 33044
p 0 203 33044
x 0 33045
p 0 203 33045
x 0 33046
p 0 171 33046
x 0 33047
p 0 140 33047
x 0 33048
p 0 170 33048
x 0 33049
p 0 139 33049
x 0 33050
p 0 170 33050
x 0 33051
p 0 161 33051
x 0 33052
p 0 162 33052
x 0 33053
p 0 204 33053
x 0 33054
p 0 171 33054
x 0 33055
p 0 209 33055
x 0 33056
p 0 205 33056
x 0 33057
p 0 208 33057
x 0 33058
p 0 178 33058
x 0 33059
p 0 212 33059
x 0 33060
p 0 251 33060
x 0 33000
h 0 10.0.0.12
p 0 8196 33000
x 1 33001
h 1 10.0.0.12
p 1 2064 33001
x 0 33002
p 0 204 33002
x 0 33003
p 0 205 33003
x 0 33004
p 0 163 33004
x 0 33005
p 0 188 33005
x 0 33006
p 0 361 33006
x 0 33007
p 0 340 33007
x 0 33008
p 0 362 33008
x 0 33009
p 0 420 33009
x 0 33010
p 0 354 33010
x 0 33011
p 0 357 33011
x 0 33012
p 0 361 33012
x 0 33013
p 0 205 33013
x 0 33014
p 0 202 33014
x 0 33015
p 0 207 33015
x 0 33016
p 0 208 33016
x 0 33017
p 0 204 33017
x 0 33018
p 0 267 33018
x 0 33019
p 0 203 33019
x 0 33020
p 0 286 33020
x 0 33021
p 0 206 33021
x 0 33022
p 0 296 33022
x 0 33023
p 0 291 33023
x 0 33024
p 0 204 33024
x 0 33025
p 0 201 33025
x 0 33026
p 0 205 33026
x 0 33027
p 0 287 33027
x 0 33028
p 0 296 33028
x 0 33029
p 0 202 33029
x 0 33030
p 0 293 33030
x 0 33031
p 0 295 33031
x 0 33032
p 0 204 33032
x 0 33033
p 0 202 33033
x 0 33034
p 0 293 33034
x 0 33035
p 0 235 33035
x 0 33036
p 0 207 33036
x 0 33037
p 0 203 33037
x 0 33038
p 0 203 33038
x 0 33039
p 0 202 33039
x 0 33040
p 0 208 33040
x 0 33041
p 0 204 33041
x 0 33042
p 0 202 33042
x 0 33043
p 0 203 33043
x 0 33044
p 0 207 33044
x 0 33045
p 0 221 33045
x 0 33046
p 0 235 33046
x 0 33047
p 0 205 33047
x 0 33048
p 0 206 33048
x 0 33049
p 0 206 33049
x 0 33050
p 0 204 33050
x 0 33051
p 0 208 33051
x 0 33052
p 0 210 33052
x 0 33053
p 0 212 33053
x 0 33054
p 0 213 33054
x 0 33055
p 0 214 33055
x 0 33056
p 0 223 33056
x 0 33057
p 0 219 33057
x 0 33058
p 0 237 33058
x 0 33059
p 0 242 33059
x 0 33060
p 0 269 33060
x 0 33000
h 0 10.0.0.12
p 0 7574 33000
x 1 33001
h 1 10.0.0.12
p 1 1747 33001
x 0 33002
p 0 254 33002
x 0 33003
p 0 204 33003
x 0 33004
p 0 206 33004
x 0 33005
p 0 203 33005
x 0 33006
p 0 199 33006
x 0 33007
p 0 201 33007
x 0 33008
p 0 198 33008
x 0 33009
p 0 198 33009
x 0 33010
p 0 197 33010
x 0 33011
p 0 200 33011
x 0 33012
p 0 197 33012
x 0 33013
p 0 197 33013
x 0 33014
p 0 199 33014
x 0 33015
p 0 201 33015
x 0 33016
p 0 274 33016
x 0 33017
p 0 200 33017
x 0 33018
p 0 199 33018
x 0 33019
p 0 201 33019
x 0 33020
p 0 209 33020
x 0 33021
p 0 201 33021
x 0 33022
p 0 200 33022
x 0 33023
p 0 201 33023
x 0 33024
p 0 201 33024
x 0 33025
p 0 199 33025
x 0 33026
p 0 202 33026
x 0 33027
p 0 200 33027
x 0 33028
p 0 201 33028
x 0 33029
p 0 193 33029
x 0 33030
p 0 200 33030
x 0 33031
p 0 207 33031
x 0 33032
p 0 200 33032
x 0 33033
p 0 198 33033
x 0 33034
p 0 200 33034
x 0 33035
p 0 201 33035
x 0 33036
p 0 203 33036
x 0 33037
p 0 200 33037
x 0 33038
p 0 202 33038
x 0 33039
p 0 202 33039
x 0 33040
p 0 199 33040
x 0 33041
p 0 205 33041
x 0 33042
p 0 200 33042
x 0 33043
p 0 201 33043
x 0 33044
p 0 198 33044
x 0 33045
p 0 201 33045
x 0 33046
p 0 202 33046
x 0 33047
p 0 202 33047
x 0 33048
p 0 200 33048
x 0 33049
p 0 200 33049
x 0 33050
p 0 202 33050
x 0 33051
p 0 203 33051
x 0 33052
p 0 201 33052
x 0 33053
p 0 206 33053
x 0 33054
p 0 207 33054
x 0 33055
p 0 211 33055
x 0 33056
p 0 210 33056
x 0 33057
p 0 237 33057
x 0 33058
p 0 209 33058
x 0 33059
p 0 213 33059
x 0 33060
p 0 235 33060
x 0 33000
h 0 10.0.0.12
p 0 9920 33000
x 1 33001
h 1 10.0.0.12
p 1 1755 33001
x 0 33002
p 0 181 33002
x 0 33003
p 0 202 33003
x 0 33004
p 0 202 33004
x 0 33005
p 0 203 33005
x 0 33006
p 0 205 33006
x 0 33007
p 0 202 33007
x 0 33008
p 0 200 33008
x 0 33009
p 0 200 33009
x 0 33010
p 0 200 33010
x 0 33011
p 0 202 33011
x 0 33012
p 0 200 33012
x 0 33013
p 0 201 33013
x 0 33014
p 0 174 33014
x 0 33015
p 0 199 33015
x 0 33016
p 0 201 33016
x 0 33017
p 0 200 33017
x 0 33018
p 0 174 33018
x 0 33019
p 0 200 33019
x 0 33020
p 0 199 33020
x 0 33021
p 0 203 33021
x 0 33022
p 0 172 33022
x 0 33023
p 0 201 33023
x 0 33024
p 0 198 33024
x 0 33025
p 0 170 33025
x 0 33026
p 0 172 33026
x 0 33027
p 0 198 33027
x 0 33028
p 0 200 33028
x 0 33029
p 0 170 33029
x 0 33030
p 0 165 33030
x 0 33031
p 0 200 33031
x 0 33032
p 0 200 33032
x 0 33033
p 0 167 33033
x 0 33034
p 0 169 33034
x 0 33035
p 0 168 33035
x 0 33036
p 0 168 33036
x 0 33037
p 0 166 33037
x 0 33038
p 0 164 33038
x 0 33039
p 0 165 33039
x 0 33040
p 0 166 33040
x 0 33041
p 0 152 33041
x 0 33042
p 0 143 33042
x 0 33043
p 0 145 33043
x 0 33044
p 0 143 33044
x 0 33045
p 0 204 33045
x 0 33046
p 0 147 33046
x 0 33047
p 0 151 33047
x 0 33048
p 0 206 33048
x 0 33049
p 0 201 33049
x 0 33050
p 0 149 33050
x 0 33051
p 0 236 33051
x 0 33052
p 0 157 33052
x 0 33053
p 0 151 33053
x 0 33054
p 0 150 33054
x 0 33055
p 0 200 33055
x 0 33056
p 0 204 33056
x 0 33057
p 0 200 33057
x 0 33058
p 0 233 33058
x 0 33059
p 0 202 33059
x 0 33060
p 0 202 33060
x 0 33000
h 0 10.0.0.12
p 0 9362 33000
x 1 33001
h 1 10.0.0.12
p 1 1793 33001
x 0 33002
p 0 202 33002
x 0 33003
p 0 230 33003
x 0 33004
p 0 204 33004
x 0 33005
p 0 171 33005
x 0 33006
p 0 165 33006
x 0 33007
p 0 167 33007
x 0 33008
p 0 172 33008
x 0 33009
p 0 163 33009
x 0 33010
p 0 138 33010
x 0 33011
p 0 135 33011
x 0 33012
p 0 173 33012
x 0 33013
p 0 164 33013
x 0 33014
p 0 161 33014
x 0 33015
p 0 154 33015
x 0 33016
p 0 177 33016
x 0 33017
p 0 165 33017
x 0 33018
p 0 246 33018
x 0 33019
p 0 150 33019
x 0 33020
p 0 197 33020
x 0 33021
p 0 95 33021
x 0 33022
p 0 162 33022
x 0 33023
p 0 153 33023
x 0 33024
p 0 201 33024
x 0 33025
p 0 170 33025
x 0 33026
p 0 207 33026
x 0 33027
p 0 202 33027
x 0 33028
p 0 255 33028
x 0 33029
p 0 340 33029
x 0 33030
p 0 309 33030
x 0 33031
p 0 292 33031
x 0 33032
p 0 333 33032
x 0 33033
p 0 371 33033
x 0 33034
p 0 295 33034
x 0 33035
p 0 320 33035
x 0 33036
p 0 338 33036
x 0 33037
p 0 368 33037
x 0 33038
p 0 292 33038
x 0 33039
p 0 317 33039
x 0 33040
p 0 336 33040
x 0 33041
p 0 305 33041
x 0 33042
p 0 295 33042
x 0 33043
p 0 310 33043
x 0 33044
p 0 307 33044
x 0 33045
p 0 310 33045
x 0 33046
p 0 321 33046
x 0 33047
p 0 313 33047
x 0 33048
p 0 234 33048
x 0 33049
p 0 232 33049
x 0 33050
p 0 325 33050
x 0 33051
p 0 153 33051
x 0 33052
p 0 155 33052
x 0 33053
p 0 168 33053
x 0 33054
p 0 171 33054
x 0 33055
p 0 172 33055
x 0 33056
p 0 169 33056
x 0 33057
p 0 202 33057
x 0 33058
p 0 230 33058
x 0 33059
p 0 278 33059
x 0 33060
p 0 239 33060
x 0 33000
h 0 10.0.0.12
p 0 9196 33000
x 1 33001
h 1 10.0.0.12
p 1 1509 33001
x 0 33002
p 0 205 33002
x 0 33003
p 0 204 33003
x 0 33004
p 0 205 33004
x 0 33005
p 0 204 33005
x 0 33006
p 0 214 33006
x 0 33007
p 0 168 33007
x 0 33008
p 0 201 33008
x 0 33009
p 0 158 33009
x 0 33010
p 0 198 33010
x 0 33011
p 0 169 33011
x 0 33012
p 0 200 33012
x 0 33013
p 0 200 33013
x 0 33014
p 0 201 33014
x 0 33015
p 0 169 33015
x 0 33016
p 0 204 33016
x 0 33017
p 0 198 33017
x 0 33018
p 0 198 33018
x 0 33019
p 0 167 33019
x 0 33020
p 0 200 33020
x 0 33021
p 0 199 33021
x 0 33022
p 0 202 33022
x 0 33023
p 0 162 33023
x 0 33024
p 0 201 33024
x 0 33025
p 0 198 33025
x 0 33026
p 0 164 33026
x 0 33027
p 0 166 33027
x 0 33028
p 0 205 33028
x 0 33029
p 0 163 33029
x 0 33030
p 0 202 33030
x 0 33031
p 0 164 33031
x 0 33032
p 0 208 33032
x 0 33033
p 0 204 33033
x 0 33034
p 0 205 33034
x 0 33035
p 0 168 33035
x 0 33036
p 0 209 33036
x 0 33037
p 0 205 33037
x 0 33038
p 0 175 33038
x 0 33039
p 0 206 33039
x 0 33040
p 0 206 33040
x 0 33041
p 0 171 33041
x 0 33042
p 0 289 33042
x 0 33043
p 0 203 33043
x 0 33044
p 0 157 33044
x 0 33045
p 0 214 33045
x 0 33046
p 0 208 33046
x 0 33047
p 0 208 33047
x 0 33048
p 0 210 33048
x 0 33049
p 0 175 33049
x 0 33050
p 0 181 33050
x 0 33051
p 0 208 33051
x 0 33052
p 0 215 33052
x 0 33053
p 0 201 33053
x 0 33054
p 0 221 33054
x 0 33055
p 0 225 33055
x 0 33056
p 0 210 33056
x 0 33057
p 0 223 33057
x 0 33058
p 0 370 33058
x 0 33059
p 0 286 33059
x 0 33060
p 0 257 33060
x 0 33000
h 0 10.0.0.12
p 0 8112 33000
x 1 33001
h 1 10.0.0.12
p 1 1773 33001
x 0 33002
p 0 235 33002
x 0 33003
p 0 317 33003
x 0 33004
p 0 232 33004
x 0 33005
p 0 256 33005
x 0 33006
p 0 210 33006
x 0 33007
p 0 203 33007
x 0 33008
p 0 201 33008
x 0 33009
p 0 201 33009
x 0 33010
p 0 203 33010
x 0 33011
p 0 204 33011
x 0 33012
p 0 203 33012
x 0 33013
p 0 202 33013
x 0 33014
p 0 206 33014
x 0 33015
p 0 207 33015
x 0 33016
p 0 203 33016
x 0 33017
p 0 204 33017
x 0 33018
p 0 204 33018
x 0 33019
p 0 202 33019
x 0 33020
p 0 205 33020
x 0 33021
p 0 206 33021
x 0 33022
p 0 225 33022
x 0 33023
p 0 202 33023
x 0 33024
p 0 203 33024
x 0 33025
p 0 205 33025
x 0 33026
p 0 203 33026
x 0 33027
p 0 204 33027
x 0 33028
p 0 204 33028
x 0 33029
p 0 154 33029
x 0 33030
p 0 201 33030
x 0 33031
p 0 204 33031
x 0 33032
p 0 201 33032
x 0 33033
p 0 204 33033
x 0 33034
p 0 268 33034
x 0 33035
p 0 205 33035
x 0 33036
p 0 213 33036
x 0 33037
p 0 202 33037
x 0 33038
p 0 208 33038
x 0 33039
p 0 208 33039
x 0 33040
p 0 209 33040
x 0 33041
p 0 208 33041
x 0 33042
p 0 207 33042
x 0 33043
p 0 233 33043
x 0 33044
p 0 236 33044
x 0 33045
p 0 206 33045
x 0 33046
p 0 207 33046
x 0 33047
p 0 204 33047
x 0 33048
p 0 206 33048
x 0 33049
p 0 205 33049
x 0 33050
p 0 205 33050
x 0 33051
p 0 206 33051
x 0 33052
p 0 210 33052
x 0 33053
p 0 214 33053
x 0 33054
p 0 212 33054
x 0 33055
p 0 215 33055
x 0 33056
p 0 235 33056
x 0 33057
p 0 240 33057
x 0 33058
p 0 234 33058
x 0 33059
p 0 225 33059
x 0 33060
p 0 319 33060
x 0 33000
h 0 10.0.0.12
p 0 10224 33000
x 1 33001
h 1 10.0.0.12
p 1 2064 33001
x 0 33002
p 0 205 33002
x 0 33003
p 0 206 33003
x 0 33004
p 0 206 33004
x 0 33005
p 0 207 33005
x 0 33006
p 0 207 33006
x 0 33007
p 0 209 33007
x 0 33008
p 0 208 33008
x 0 33009
p 0 206 33009
x 0 33010
p 0 208 33010
x 0 33011
p 0 205 33011
x 0 33012
p 0 204 33012
x 0 33013
p 0 202 33013
x 0 33014
p 0 208 33014
x 0 33015
p 0 205 33015
x 0 33016
p 0 205 33016
x 0 33017
p 0 206 33017
x 0 33018
p 0 204 33018
x 0 33019
p 0 233 33019
x 0 33020
p 0 204 33020
x 0 33021
p 0 207 33021
x 0 33022
p 0 205 33022
x 0 33023
p 0 205 33023
x 0 33024
p 0 203 33024
x 0 33025
p 0 203 33025
x 0 33026
p 0 233 33026
x 0 33027
p 0 205 33027
x 0 33028
p 0 204 33028
x 0 33029
p 0 206 33029
x 0 33030
p 0 207 33030
x 0 33031
p 0 210 33031
x 0 33032
p 0 206 33032
x 0 33033
p 0 240 33033
x 0 33034
p 0 203 33034
x 0 33035
p 0 207 33035
x 0 33036
p 0 206 33036
x 0 33037
p 0 204 33037
x 0 33038
p 0 203 33038
x 0 33039
p 0 209 33039
x 0 33040
p 0 205 33040
x 0 33041
p 0 260 33041
x 0 33042
p 0 207 33042
x 0 33043
p 0 208 33043
x 0 33044
p 0 202 33044
x 0 33045
p 0 199 33045
x 0 33046
p 0 202 33046
x 0 33047
p 0 202 33047
x 0 33048
p 0 236 33048
x 0 33049
p 0 202 33049
x 0 33050
p 0 203 33050
x 0 33051
p 0 203 33051
x 0 33052
p 0 201 33052
x 0 33053
p 0 216 33053
x 0 33054
p 0 208 33054
x 0 33055
p 0 206 33055
x 0 33056
p 0 213 33056
x 0 33057
p 0 213 33057
x 0 33058
p 0 224 33058
x 0 33059
p 0 212 33059
x 0 33060
p 0 236 33060
x 0 33000
h 0 10.0.0.12
p 0 9335 33000
x 1 33001
h 1 10.0.0.12
p 1 1676 33001
x 0 33002
p 0 211 33002
x 0 33003
p 0 202 33003
x 0 33004
p 0 205 33004
x 0 33005
p 0 200 33005
x 0 33006
p 0 203 33006
x 0 33007
p 0 199 33007
x 0 33008
p 0 199 33008
x 0 33009
p 0 200 33009
x 0 33010
p 0 203 33010
x 0 33011
p 0 201 33011
x 0 33012
p 0 203 33012
x 0 33013
p 0 232 33013
x 0 33014
p 0 202 33014
x 0 33015
p 0 199 33015
x 0 33016
p 0 200 33016
x 0 33017
p 0 198 33017
x 0 33018
p 0 199 33018
x 0 33019
p 0 197 33019
x 0 33020
p 0 200 33020
x 0 33021
p 0 201 33021
x 0 33022
p 0 201 33022
x 0 33023
p 0 227 33023
x 0 33024
p 0 200 33024
x 0 33025
p 0 200 33025
x 0 33026
p 0 200 33026
x 0 33027
p 0 199 33027
x 0 33028
p 0 201 33028
x 0 33029
p 0 203 33029
x 0 33030
p 0 203 33030
x 0 33031
p 0 204 33031
x 0 33032
p 0 200 33032
x 0 33033
p 0 201 33033
x 0 33034
p 0 203 33034
x 0 33035
p 0 200 33035
x 0 33036
p 0 202 33036
x 0 33037
p 0 200 33037
x 0 33038
p 0 202 33038
x 0 33039
p 0 236 33039
x 0 33040
p 0 199 33040
x 0 33041
p 0 225 33041
x 0 33042
p 0 202 33042
x 0 33043
p 0 202 33043
x 0 33044
p 0 202 33044
x 0 33045
p 0 270 33045
x 0 33046
p 0 206 33046
x 0 33047
p 0 201 33047
x 0 33048
p 0 203 33048
x 0 33049
p 0 204 33049
x 0 33050
p 0 266 33050
x 0 33051
p 0 104 33051
x 0 33052
p 0 201 33052
x 0 33053
p 0 204 33053
x 0 33054
p 0 210 33054
x 0 33055
p 0 134 33055
x 0 33056
p 0 211 33056
x 0 33057
p 0 209 33057
x 0 33058
p 0 208 33058
x 0 33059
p 0 239 33059
x 0 33060
p 0 176 33060
x 0 33000
h 0 10.0.0.12
p 0 8513 33000
x 1 33001
h 1 10.0.0.12
p 1 1935 33001
x 0 33002
p 0 170 33002
x 0 33003
p 0 181 33003
x 0 33004
p 0 186 33004
x 0 33005
p 0 207 33005
x 0 33006
p 0 205 33006
x 0 33007
p 0 207 33007
x 0 33008
p 0 205 33008
x 0 33009
p 0 204 33009
x 0 33010
p 0 207 33010
x 0 33011
p 0 205 33011
x 0 33012
p 0 204 33012
x 0 33013
p 0 205 33013
x 0 33014
p 0 208 33014
x 0 33015
p 0 202 33015
x 0 33016
p 0 207 33016
x 0 33017
p 0 201 33017
x 0 33018
p 0 236 33018
x 0 33019
p 0 235 33019
x 0 33020
p 0 202 33020
x 0 33021
p 0 202 33021
x 0 33022
p 0 199 33022
x 0 33023
p 0 207 33023
x 0 33024
p 0 202 33024
x 0 33025
p 0 199 33025
x 0 33026
p 0 199 33026
x 0 33027
p 0 205 33027
x 0 33028
p 0 200 33028
x 0 33029
p 0 207 33029
x 0 33030
p 0 201 33030
x 0 33031
p 0 207 33031
x 0 33032
p 0 198 33032
x 0 33033
p 0 203 33033
x 0 33034
p 0 202 33034
x 0 33035
p 0 205 33035
x 0 33036
p 0 233 33036
x 0 33037
p 0 201 33037
x 0 33038
p 0 203 33038
x 0 33039
p 0 199 33039
x 0 33040
p 0 201 33040
x 0 33041
p 0 208 33041
x 0 33042
p 0 205 33042
x 0 33043
p 0 156 33043
x 0 33044
p 0 261 33044
x 0 33045
p 0 203 33045
x 0 33046
p 0 208 33046
x 0 33047
p 0 204 33047
x 0 33048
p 0 202 33048
x 0 33049
p 0 202 33049
x 0 33050
p 0 206 33050
x 0 33051
p 0 266 33051
x 0 33052
p 0 217 33052
x 0 33053
p 0 210 33053
x 0 33054
p 0 103 33054
x 0 33055
p 0 212 33055
x 0 33056
p 0 210 33056
x 0 33057
p 0 214 33057
x 0 33058
p 0 212 33058
x 0 33059
p 0 209 33059
x 0 33060
p 0 237 33060
x 0 33000
h 0 10.0.0.12
p 0 8386 33000
x 1 33001
h 1 10.0.0.12
p 1 1874 33001
x 0 33002
p 0 155 33002
x 0 33003
p 0 205 33003
x 0 33004
p 0 200 33004
x 0 33005
p 0 168 33005
x 0 33006
p 0 175 33006
x 0 33007
p 0 199 33007
x 0 33008
p 0 201 33008
x 0 33009
p 0 203 33009
x 0 33010
p 0 173 33010
x 0 33011
p 0 202 33011
x 0 33012
p 0 201 33012
x 0 33013
p 0 202 33013
x 0 33014
p 0 173 33014
x 0 33015
p 0 201 33015
x 0 33016
p 0 201 33016
x 0 33017
p 0 204 33017
x 0 33018
p 0 172 33018
x 0 33019
p 0 201 33019
x 0 33020
p 0 201 33020
x 0 33021
p 0 204 33021
x 0 33022
p 0 173 33022
x 0 33023
p 0 204 33023
x 0 33024
p 0 171 33024
x 0 33025
p 0 201 33025
x 0 33026
p 0 170 33026
x 0 33027
p 0 168 33027
x 0 33028
p 0 200 33028
x 0 33029
p 0 203 33029
x 0 33030
p 0 167 33030
x 0 33031
p 0 294 33031
x 0 33032
p 0 153 33032
x 0 33033
p 0 202 33033
x 0 33034
p 0 173 33034
x 0 33035
p 0 184 33035
x 0 33036
p 0 165 33036
x 0 33037
p 0 292 33037
x 0 33038
p 0 151 33038
x 0 33039
p 0 204 33039
x 0 33040
p 0 259 33040
x 0 33041
p 0 234 33041
x 0 33042
p 0 172 33042
x 0 33043
p 0 171 33043
x 0 33044
p 0 201 33044
x 0 33045
p 0 181 33045
x 0 33046
p 0 254 33046
x 0 33047
p 0 170 33047
x 0 33048
p 0 152 33048
x 0 33049
p 0 290 33049
x 0 33050
p 0 211 33050
x 0 33051
p 0 208 33051
x 0 33052
p 0 206 33052
x 0 33053
p 0 230 33053
x 0 33054
p 0 211 33054
x 0 33055
p 0 114 33055
x 0 33056
p 0 231 33056
x 0 33057
p 0 229 33057
x 0 33058
p 0 215 33058
x 0 33059
p 0 227 33059
x 0 33060
p 0 124 33060
x 0 33000
h 0 10.0.0.12
p 0 9777 33000
x 1 33001
h 1 10.0.0.12
p 1 1903 33001
x 0 33002
p 0 262 33002
x 0 33003
p 0 207 33003
x 0 33004
p 0 203 33004
x 0 33005
p 0 203 33005
x 0 33006
p 0 205 33006
x 0 33007
p 0 201 33007
x 0 33008
p 0 206 33008
x 0 33009
p 0 204 33009
x 0 33010
p 0 204 33010
x 0 33011
p 0 202 33011
x 0 33012
p 0 206 33012
x 0 33013
p 0 203 33013
x 0 33014
p 0 206 33014
x 0 33015
p 0 207 33015
x 0 33016
p 0 207 33016
x 0 33017
p 0 209 33017
x 0 33018
p 0 207 33018
x 0 33019
p 0 202 33019
x 0 33020
p 0 204 33020
x 0 33021
p 0 204 33021
x 0 33022
p 0 205 33022
x 0 33023
p 0 204 33023
x 0 33024
p 0 205 33024
x 0 33025
p 0 205 33025
x 0 33026
p 0 205 33026
x 0 33027
p 0 202 33027
x 0 33028
p 0 204 33028
x 0 33029
p 0 203 33029
x 0 33030
p 0 171 33030
x 0 33031
p 0 202 33031
x 0 33032
p 0 202 33032
x 0 33033
p 0 207 33033
x 0 33034
p 0 204 33034
x 0 33035
p 0 204 33035
x 0 33036
p 0 207 33036
x 0 33037
p 0 210 33037
x 0 33038
p 0 204 33038
x 0 33039
p 0 202 33039
x 0 33040
p 0 230 33040
x 0 33041
p 0 249 33041
x 0 33042
p 0 170 33042
x 0 33043
p 0 271 33043
x 0 33044
p 0 327 33044
x 0 33045
p 0 304 33045
x 0 33046
p 0 261 33046
x 0 33047
p 0 242 33047
x 0 33048
p 0 306 33048
x 0 33049
p 0 318 33049
x 0 33050
p 0 460 33050
x 0 33051
p 0 157 33051
x 0 33052
p 0 205 33052
x 0 33053
p 0 210 33053
x 0 33054
p 0 250 33054
x 0 33055
p 0 213 33055
x 0 33056
p 0 248 33056
x 0 33057
p 0 249 33057
x 0 33058
p 0 240 33058
x 0 33059
p 0 269 33059
x 0 33060
p 0 235 33060
x 0 33000
h 0 10.0.0.12
p 0 8927 33000
x 1 33001
h 1 10.0.0.12
p 1 1956 33001
x 0 33002
p 0 202 33002
x 0 33003
p 0 204 33003
x 0 33004
p 0 203 33004
x 0 33005
p 0 201 33005
x 0 33006
p 0 201 33006
x 0 33007
p 0 201 33007
x 0 33008
p 0 202 33008
x 0 33009
p 0 201 33009
x 0 33010
p 0 198 33010
x 0 33011
p 0 197 33011
x 0 33012
p 0 200 33012
x 0 33013
p 0 200 33013
x 0 33014
p 0 201 33014
x 0 33015
p 0 197 33015
x 0 33016
p 0 199 33016
x 0 33017
p 0 200 33017
x 0 33018
p 0 200 33018
x 0 33019
p 0 199 33019
x 0 33020
p 0 199 33020
x 0 33021
p 0 197 33021
x 0 33022
p 0 200 33022
x 0 33023
p 0 199 33023
x 0 33024
p 0 203 33024
x 0 33025
p 0 200 33025
x 0 33026
p 0 200 33026
x 0 33027
p 0 199 33027
x 0 33028
p 0 202 33028
x 0 33029
p 0 202 33029
x 0 33030
p 0 202 33030
x 0 33031
p 0 204 33031
x 0 33032
p 0 200 33032
x 0 33033
p 0 202 33033
x 0 33034
p 0 201 33034
x 0 33035
p 0 199 33035
x 0 33036
p 0 199 33036
x 0 33037
p 0 265 33037
x 0 33038
p 0 235 33038
x 0 33039
p 0 201 33039
x 0 33040
p 0 201 33040
x 0 33041
p 0 202 33041
x 0 33042
p 0 203 33042
x 0 33043
p 0 201 33043
x 0 33044
p 0 201 33044
x 0 33045
p 0 243 33045
x 0 33046
p 0 204 33046
x 0 33047
p 0 205 33047
x 0 33048
p 0 236 33048
x 0 33049
p 0 206 33049
x 0 33050
p 0 204 33050
x 0 33051
p 0 205 33051
x 0 33052
p 0 269 33052
x 0 33053
p 0 210 33053
x 0 33054
p 0 207 33054
x 0 33055
p 0 210 33055
x 0 33056
p 0 211 33056
x 0 33057
p 0 210 33057
x 0 33058
p 0 212 33058
x 0 33059
p 0 214 33059
x 0 33060
p 0 236 33060
x 0 33000
h 0 10.0.0.12
p 0 7898 33000
x 1 33001
h 1 10.0.0.12
p 1 2071 33001
x 0 33002
p 0 203 33002
x 0 33003
p 0 207 33003
x 0 33004
p 0 208 33004
x 0 33005
p 0 207 33005
x 0 33006
p 0 211 33006
x 0 33007
p 0 209 33007
x 0 33008
p 0 206 33008
x 0 33009
p 0 207 33009
x 0 33010
p 0 209 33010
x 0 33011
p 0 207 33011
x 0 33012
p 0 206 33012
x 0 33013
p 0 207 33013
x 0 33014
p 0 207 33014
x 0 33015
p 0 206 33015
x 0 33016
p 0 205 33016
x 0 33017
p 0 211 33017
x 0 33018
p 0 209 33018
x 0 33019
p 0 254 33019
x 0 33020
p 0 209 33020
x 0 33021
p 0 210 33021
x 0 33022
p 0 207 33022
x 0 33023
p 0 207 33023
x 0 33024
p 0 211 33024
x 0 33025
p 0 208 33025
x 0 33026
p 0 204 33026
x 0 33027
p 0 207 33027
x 0 33028
p 0 209 33028
x 0 33029
p 0 206 33029
x 0 33030
p 0 206 33030
x 0 33031
p 0 210 33031
x 0 33032
p 0 208 33032
x 0 33033
p 0 207 33033
x 0 33034
p 0 209 33034
x 0 33035
p 0 209 33035
x 0 33036
p 0 207 33036
x 0 33037
p 0 207 33037
x 0 33038
p 0 209 33038
x 0 33039
p 0 292 33039
x 0 33040
p 0 206 33040
x 0 33041
p 0 211 33041
x 0 33042
p 0 209 33042
x 0 33043
p 0 207 33043
x 0 33044
p 0 209 33044
x 0 33045
p 0 222 33045
x 0 33046
p 0 207 33046
x 0 33047
p 0 209 33047
x 0 33048
p 0 205 33048
x 0 33049
p 0 209 33049
x 0 33050
p 0 207 33050
x 0 33051
p 0 209 33051
x 0 33052
p 0 209 33052
x 0 33053
p 0 219 33053
x 0 33054
p 0 356 33054
x 0 33055
p 0 216 33055
x 0 33056
p 0 213 33056
x 0 33057
p 0 217 33057
x 0 33058
p 0 214 33058
x 0 33059
p 0 214 33059
x 0 33060
p 0 254 33060
x 0 33000
h 0 10.0.0.12
p 0 9763 33000
x 1 33001
h 1 10.0.0.12
p 1 2042 33001
x 0 33002
p 0 233 33002
x 0 33003
p 0 182 33003
x 0 33004
p 0 203 33004
x 0 33005
p 0 231 33005
x 0 33006
p 0 179 33006
x 0 33007
p 0 200 33007
x 0 33008
p 0 229 33008
x 0 33009
p 0 199 33009
x 0 33010
p 0 199 33010
x 0 33011
p 0 197 33011
x 0 33012
p 0 198 33012
x 0 33013
p 0 198 33013
x 0 33014
p 0 199 33014
x 0 33015
p 0 197 33015
x 0 33016
p 0 197 33016
x 0 33017
p 0 199 33017
x 0 33018
p 0 198 33018
x 0 33019
p 0 196 33019
x 0 33020
p 0 200 33020
x 0 33021
p 0 199 33021
x 0 33022
p 0 228 33022
x 0 33023
p 0 196 33023
x 0 33024
p 0 199 33024
x 0 33025
p 0 198 33025
x 0 33026
p 0 198 33026
x 0 33027
p 0 153 33027
x 0 33028
p 0 202 33028
x 0 33029
p 0 200 33029
x 0 33030
p 0 227 33030
x 0 33031
p 0 200 33031
x 0 33032
p 0 199 33032
x 0 33033
p 0 231 33033
x 0 33034
p 0 197 33034
x 0 33035
p 0 198 33035
x 0 33036
p 0 200 33036
x 0 33037
p 0 199 33037
x 0 33038
p 0 199 33038
x 0 33039
p 0 200 33039
x 0 33040
p 0 201 33040
x 0 33041
p 0 199 33041
x 0 33042
p 0 199 33042
x 0 33043
p 0 200 33043
x 0 33044
p 0 233 33044
x 0 33045
p 0 202 33045
x 0 33046
p 0 202 33046
x 0 33047
p 0 201 33047
x 0 33048
p 0 198 33048
x 0 33049
p 0 201 33049
x 0 33050
p 0 202 33050
x 0 33051
p 0 204 33051
x 0 33052
p 0 199 33052
x 0 33053
p 0 205 33053
x 0 33054
p 0 207 33054
x 0 33055
p 0 208 33055
x 0 33056
p 0 209 33056
x 0 33057
p 0 211 33057
x 0 33058
p 0 207 33058
x 0 33059
p 0 217 33059
x 0 33060
p 0 265 33060
x 0 33000
h 0 10.0.0.12
p 0 8975 33000
x 1 33001
h 1 10.0.0.12
p 1 1892 33001
x 0 33002
p 0 204 33002
x 0 33003
p 0 204 33003
x 0 33004
p 0 206 33004
x 0 33005
p 0 265 33005
x 0 33006
p 0 187 33006
x 0 33007
p 0 181 33007
x 0 33008
p 0 202 33008
x 0 33009
p 0 205 33009
x 0 33010
p 0 183 33010
x 0 33011
p 0 181 33011
x 0 33012
p 0 152 33012
x 0 33013
p 0 202 33013
x 0 33014
p 0 204 33014
x 0 33015
p 0 187 33015
x 0 33016
p 0 203 33016
x 0 33017
p 0 203 33017
x 0 33018
p 0 209 33018
x 0 33019
p 0 204 33019
x 0 33020
p 0 204 33020
x 0 33021
p 0 203 33021
x 0 33022
p 0 200 33022
x 0 33023
p 0 166 33023
x 0 33024
p 0 205 33024
x 0 33025
p 0 189 33025
x 0 33026
p 0 206 33026
x 0 33027
p 0 207 33027
x 0 33028
p 0 206 33028
x 0 33029
p 0 206 33029
x 0 33030
p 0 207 33030
x 0 33031
p 0 206 33031
x 0 33032
p 0 160 33032
x 0 33033
p 0 159 33033
x 0 33034
p 0 159 33034
x 0 33035
p 0 166 33035
x 0 33036
p 0 164 33036
x 0 33037
p 0 162 33037
x 0 33038
p 0 160 33038
x 0 33039
p 0 161 33039
x 0 33040
p 0 169 33040
x 0 33041
p 0 161 33041
x 0 33042
p 0 163 33042
x 0 33043
p 0 205 33043
x 0 33044
p 0 205 33044
x 0 33045
p 0 210 33045
x 0 33046
p 0 210 33046
x 0 33047
p 0 205 33047
x 0 33048
p 0 204 33048
x 0 33049
p 0 210 33049
x 0 33050
p 0 209 33050
x 0 33051
p 0 204 33051
x 0 33052
p 0 206 33052
x 0 33053
p 0 203 33053
x 0 33054
p 0 207 33054
x 0 33055
p 0 214 33055
x 0 33056
p 0 207 33056
x 0 33057
p 0 207 33057
x 0 33058
p 0 206 33058
x 0 33059
p 0 209 33059
x 0 33060
p 0 211 33060
x 0 33000
h 0 10.0.0.12
p 0 7795 33000
x 1 33001
h 1 10.0.0.12
p 1 1664 33001
x 0 33002
p 0 204 33002
x 0 33003
p 0 164 33003
x 0 33004
p 0 207 33004
x 0 33005
p 0 203 33005
x 0 33006
p 0 205 33006
x 0 33007
p 0 154 33007
x 0 33008
p 0 166 33008
x 0 33009
p 0 198 33009
x 0 33010
p 0 162 33010
x 0 33011
p 0 140 33011
x 0 33012
p 0 52 33012
x 0 33013
p 0 147 33013
x 0 33014
p 0 153 33014
x 0 33015
p 0 151 33015
x 0 33016
p 0 162 33016
x 0 33017
p 0 162 33017
x 0 33018
p 0 194 33018
x 0 33019
p 0 155 33019
x 0 33020
p 0 149 33020
x 0 33021
p 0 163 33021
x 0 33022
p 0 146 33022
x 0 33023
p 0 212 33023
x 0 33024
p 0 146 33024
x 0 33025
p 0 138 33025
x 0 33026
p 0 146 33026
x 0 33027
p 0 142 33027
x 0 33028
p 0 164 33028
x 0 33029
p 0 207 33029
x 0 33030
p 0 152 33030
x 0 33031
p 0 657 33031
x 0 33032
p 0 152 33032
x 0 33033
p 0 207 33033
x 0 33034
p 0 208 33034
x 0 33035
p 0 150 33035
x 0 33036
p 0 203 33036
x 0 33037
p 0 179 33037
x 0 33038
p 0 203 33038
x 0 33039
p 0 153 33039
x 0 33040
p 0 205 33040
x 0 33041
p 0 265 33041
x 0 33042
p 0 150 33042
x 0 33043
p 0 238 33043
x 0 33044
p 0 206 33044
x 0 33045
p 0 151 33045
x 0 33046
p 0 164 33046
x 0 33047
p 0 207 33047
x 0 33048
p 0 244 33048
x 0 33049
p 0 656 33049
x 0 33050
p 0 211 33050
x 0 33051
p 0 207 33051
x 0 33052
p 0 205 33052
x 0 33053
p 0 146 33053
x 0 33054
p 0 151 33054
x 0 33055
p 0 154 33055
x 0 33056
p 0 150 33056
x 0 33057
p 0 281 33057
x 0 33058
p 0 250 33058
x 0 33059
p 0 249 33059
x 0 33060
p 0 275 33060
x 0 33000
h 0 10.0.0.12
p 0 8811 33000
x 1 33001
h 1 10.0.0.12
p 1 2111 33001
x 0 33002
p 0 215 33002
x 0 33003
p 0 204 33003
x 0 33004
p 0 203 33004
x 0 33005
p 0 191 33005
x 0 33006
p 0 169 33006
x 0 33007
p 0 203 33007
x 0 33008
p 0 199 33008
x 0 33009
p 0 170 33009
x 0 33010
p 0 141 33010
x 0 33011
p 0 207 33011
x 0 33012
p 0 205 33012
x 0 33013
p 0 209 33013
x 0 33014
p 0 205 33014
x 0 33015
p 0 210 33015
x 0 33016
p 0 204 33016
x 0 33017
p 0 206 33017
x 0 33018
p 0 206 33018
x 0 33019
p 0 209 33019
x 0 33020
p 0 215 33020
x 0 33021
p 0 204 33021
x 0 33022
p 0 235 33022
x 0 33023
p 0 204 33023
x 0 33024
p 0 207 33024
x 0 33025
p 0 138 33025
x 0 33026
p 0 203 33026
x 0 33027
p 0 203 33027
x 0 33028
p 0 203 33028
x 0 33029
p 0 206 33029
x 0 33030
p 0 126 33030
x 0 33031
p 0 203 33031
x 0 33032
p 0 206 33032
x 0 33033
p 0 205 33033
x 0 33034
p 0 203 33034
x 0 33035
p 0 161 33035
x 0 33036
p 0 203 33036
x 0 33037
p 0 203 33037
x 0 33038
p 0 178 33038
x 0 33039
p 0 205 33039
x 0 33040
p 0 163 33040
x 0 33041
p 0 256 33041
x 0 33042
p 0 209 33042
x 0 33043
p 0 210 33043
x 0 33044
p 0 211 33044
x 0 33045
p 0 211 33045
x 0 33046
p 0 209 33046
x 0 33047
p 0 211 33047
x 0 33048
p 0 212 33048
x 0 33049
p 0 207 33049
x 0 33050
p 0 210 33050
x 0 33051
p 0 205 33051
x 0 33052
p 0 207 33052
x 0 33053
p 0 216 33053
x 0 33054
p 0 218 33054
x 0 33055
p 0 180 33055
x 0 33056
p 0 213 33056
x 0 33057
p 0 215 33057
x 0 33058
p 0 193 33058
x 0 33059
p 0 218 33059
x 0 33060
p 0 167 33060
x 0 33000
h 0 10.0.0.12
p 0 9190 33000
x 1 33001
h 1 10.0.0.12
p 1 1725 33001
x 0 33002
p 0 203 33002
x 0 33003
p 0 202 33003
x 0 33004
p 0 202 33004
x 0 33005
p 0 201 33005
x 0 33006
p 0 198 33006
x 0 33007
p 0 202 33007
x 0 33008
p 0 197 33008
x 0 33009
p 0 200 33009
x 0 33010
p 0 201 33010
x 0 33011
p 0 199 33011
x 0 33012
p 0 200 33012
x 0 33013
p 0 202 33013
x 0 33014
p 0 199 33014
x 0 33015
p 0 202 33015
x 0 33016
p 0 200 33016
x 0 33017
p 0 201 33017
x 0 33018
p 0 200 33018
x 0 33019
p 0 229 33019
x 0 33020
p 0 201 33020
x 0 33021
p 0 203 33021
x 0 33022
p 0 203 33022
x 0 33023
p 0 203 33023
x 0 33024
p 0 203 33024
x 0 33025
p 0 202 33025
x 0 33026
p 0 200 33026
x 0 33027
p 0 203 33027
x 0 33028
p 0 226 33028
x 0 33029
p 0 210 33029
x 0 33030
p 0 203 33030
x 0 33031
p 0 202 33031
x 0 33032
p 0 205 33032
x 0 33033
p 0 202 33033
x 0 33034
p 0 203 33034
x 0 33035
p 0 204 33035
x 0 33036
p 0 201 33036
x 0 33037
p 0 199 33037
x 0 33038
p 0 200 33038
x 0 33039
p 0 200 33039
x 0 33040
p 0 200 33040
x 0 33041
p 0 207 33041
x 0 33042
p 0 208 33042
x 0 33043
p 0 208 33043
x 0 33044
p 0 211 33044
x 0 33045
p 0 210 33045
x 0 33046
p 0 212 33046
x 0 33047
p 0 208 33047
x 0 33048
p 0 209 33048
x 0 33049
p 0 207 33049
x 0 33050
p 0 213 33050
x 0 33051
p 0 205 33051
x 0 33052
p 0 203 33052
x 0 33053
p 0 210 33053
x 0 33054
p 0 233 33054
x 0 33055
p 0 209 33055
x 0 33056
p 0 220 33056
x 0 33057
p 0 234 33057
x 0 33058
p 0 223 33058
x 0 33059
p 0 224 33059
x 0 33060
p 0 247 33060
x 0 33000
h 0 10.0.0.12
p 0 8939 33000
x 1 33001
h 1 10.0.0.12
p 1 1890 33001
x 0 33002
p 0 202 33002
x 0 33003
p 0 202 33003
x 0 33004
p 0 200 33004
x 0 33005
p 0 202 33005
x 0 33006
p 0 217 33006
x 0 33007
p 0 199 33007
x 0 33008
p 0 203 33008
x 0 33009
p 0 163 33009
x 0 33010
p 0 202 33010
x 0 33011
p 0 200 33011
x 0 33012
p 0 202 33012
x 0 33013
p 0 204 33013
x 0 33014
p 0 180 33014
x 0 33015
p 0 201 33015
x 0 33016
p 0 203 33016
x 0 33017
p 0 200 33017
x 0 33018
p 0 202 33018
x 0 33019
p 0 199 33019
x 0 33020
p 0 201 33020
x 0 33021
p 0 201 33021
x 0 33022
p 0 201 33022
x 0 33023
p 0 202 33023
x 0 33024
p 0 201 33024
x 0 33025
p 0 177 33025
x 0 33026
p 0 201 33026
x 0 33027
p 0 204 33027
x 0 33028
p 0 202 33028
x 0 33029
p 0 205 33029
x 0 33030
p 0 204 33030
x 0 33031
p 0 204 33031
x 0 33032
p 0 206 33032
x 0 33033
p 0 204 33033
x 0 33034
p 0 204 33034
x 0 33035
p 0 167 33035
x 0 33036
p 0 165 33036
x 0 33037
p 0 165 33037
x 0 33038
p 0 163 33038
x 0 33039
p 0 161 33039
x 0 33040
p 0 153 33040
x 0 33041
p 0 218 33041
x 0 33042
p 0 165 33042
x 0 33043
p 0 162 33043
x 0 33044
p 0 163 33044
x 0 33045
p 0 174 33045
x 0 33046
p 0 163 33046
x 0 33047
p 0 164 33047
x 0 33048
p 0 157 33048
x 0 33049
p 0 166 33049
x 0 33050
p 0 161 33050
x 0 33051
p 0 164 33051
x 0 33052
p 0 163 33052
x 0 33053
p 0 238 33053
x 0 33054
p 0 172 33054
x 0 33055
p 0 164 33055
x 0 33056
p 0 175 33056
x 0 33057
p 0 177 33057
x 0 33058
p 0 175 33058
x 0 33059
p 0 170 33059
x 0 33060
p 0 192 33060
x 0 33000
h 0 10.0.0.12
p 0 8750 33000
x 1 33001
h 1 10.0.0.12
p 1 1907 33001
x 0 33002
p 0 168 33002
x 0 33003
p 0 284 33003
x 0 33004
p 0 300 33004
x 0 33005
p 0 249 33005
x 0 33006
p 0 185 33006
x 0 33007
p 0 240 33007
x 0 33008
p 0 284 33008
x 0 33009
p 0 183 33009
x 0 33010
p 0 207 33010
x 0 33011
p 0 175 33011
x 0 33012
p 0 204 33012
x 0 33013
p 0 205 33013
x 0 33014
p 0 206 33014
x 0 33015
p 0 288 33015
x 0 33016
p 0 202 33016
x 0 33017
p 0 201 33017
x 0 33018
p 0 204 33018
x 0 33019
p 0 210 33019
x 0 33020
p 0 201 33020
x 0 33021
p 0 200 33021
x 0 33022
p 0 204 33022
x 0 33023
p 0 236 33023
x 0 33024
p 0 234 33024
x 0 33025
p 0 183 33025
x 0 33026
p 0 201 33026
x 0 33027
p 0 184 33027
x 0 33028
p 0 202 33028
x 0 33029
p 0 202 33029
x 0 33030
p 0 107 33030
x 0 33031
p 0 184 33031
x 0 33032
p 0 202 33032
x 0 33033
p 0 207 33033
x 0 33034
p 0 203 33034
x 0 33035
p 0 208 33035
x 0 33036
p 0 170 33036
x 0 33037
p 0 213 33037
x 0 33038
p 0 205 33038
x 0 33039
p 0 205 33039
x 0 33040
p 0 204 33040
x 0 33041
p 0 204 33041
x 0 33042
p 0 205 33042
x 0 33043
p 0 205 33043
x 0 33044
p 0 202 33044
x 0 33045
p 0 154 33045
x 0 33046
p 0 203 33046
x 0 33047
p 0 204 33047
x 0 33048
p 0 155 33048
x 0 33049
p 0 200 33049
x 0 33050
p 0 200 33050
x 0 33051
p 0 204 33051
x 0 33052
p 0 203 33052
x 0 33053
p 0 189 33053
x 0 33054
p 0 185 33054
x 0 33055
p 0 212 33055
x 0 33056
p 0 219 33056
x 0 33057
p 0 214 33057
x 0 33058
p 0 213 33058
x 0 33059
p 0 227 33059
x 0 33060
p 0 283 33060
