x 0 33000
x 1 33001
h 0 10.0.0.9
p 0 153693 33000
x 2 33002
h 1 10.0.0.9
p 1 55293 33001
h 2 10.0.0.9
p 2 53327 33002
x 0 33003
p 0 1642 33003
x 0 33004
p 0 284 33004
x 0 33005
p 0 281 33005
x 0 33006
p 0 310 33006
x 0 33007
p 0 234 33007
x 0 33008
p 0 232 33008
x 0 33009
p 0 270 33009
x 0 33010
p 0 253 33010
x 0 33011
p 0 235 33011
x 0 33012
p 0 223 33012
x 0 33013
p 0 270 33013
x 0 33014
p 0 210 33014
x 0 33015
p 0 257 33015
x 0 33016
p 0 229 33016
x 0 33017
p 0 230 33017
x 0 33018
p 0 236 33018
x 0 33019
p 0 265 33019
x 0 33020
p 0 227 33020
x 0 33021
p 0 248 33021
x 0 33022
p 0 249 33022
x 0 33023
p 0 261 33023
x 0 33024
p 0 224 33024
x 0 33025
p 0 220 33025
x 0 33026
p 0 213 33026
x 0 33027
p 0 231 33027
x 0 33028
p 0 250 33028
x 0 33029
p 0 231 33029
x 0 33030
p 0 225 33030
x 0 33031
p 0 270 33031
x 0 33032
p 0 227 33032
x 0 33033
p 0 299 33033
x 0 33034
p 0 231 33034
x 0 33035
p 0 227 33035
x 0 33036
p 0 231 33036
x 0 33037
p 0 258 33037
x 0 33038
p 0 277 33038
x 0 33039
p 0 255 33039
x 0 33040
p 0 228 33040
x 0 33041
p 0 254 33041
x 0 33042
p 0 240 33042
x 0 33043
p 0 240 33043
x 0 33044
p 0 218 33044
x 0 33045
p 0 272 33045
x 0 33046
p 0 221 33046
x 0 33047
p 0 230 33047
x 0 33048
p 0 245 33048
x 0 33049
p 0 239 33049
x 0 33050
p 0 223 33050
x 0 33051
p 0 229 33051
x 0 33052
p 0 297 33052
x 0 33053
p 0 241 33053
x 0 33054
p 0 274 33054
x 0 33055
p 0 262 33055
x 0 33056
p 0 224 33056
x 0 33057
p 0 220 33057
x 0 33058
p 0 238 33058
x 0 33059
p 0 240 33059
x 0 33060
p 0 225 33060
x 0 33061
p 0 218 33061
x 0 33000
h 0 10.0.0.9
p 0 11914 33000
x 1 33001
h 1 10.0.0.9
p 1 517 33001
x 0 33002
p 0 244 33002
x 0 33003
p 0 221 33003
x 0 33004
p 0 225 33004
x 0 33005
p 0 220 33005
x 0 33006
p 0 270 33006
x 0 33007
p 0 196 33007
x 0 33008
p 0 202 33008
x 0 33009
p 0 86 33009
x 0 33010
p 0 243 33010
x 0 33011
p 0 198 33011
x 0 33012
p 0 195 33012
x 0 33013
p 0 207 33013
x 0 33014
p 0 268 33014
x 0 33015
p 0 195 33015
x 0 33016
p 0 263 33016
x 0 33017
p 0 230 33017
x 0 33018
p 0 209 33018
x 0 33019
p 0 230 33019
x 0 33020
p 0 225 33020
x 0 33021
p 0 283 33021
x 0 33022
p 0 226 33022
x 0 33023
p 0 229 33023
x 0 33024
p 0 194 33024
x 0 33025
p 0 223 33025
x 0 33026
p 0 247 33026
x 0 33027
p 0 229 33027
x 0 33028
p 0 288 33028
x 0 33029
p 0 232 33029
x 0 33030
p 0 219 33030
x 0 33031
p 0 228 33031
x 0 33032
p 0 197 33032
x 0 33033
p 0 224 33033
x 0 33034
p 0 88 33034
x 0 33035
p 0 231 33035
x 0 33036
p 0 228 33036
x 0 33037
p 0 224 33037
x 0 33038
p 0 227 33038
x 0 33039
p 0 283 33039
x 0 33040
p 0 226 33040
x 0 33041
p 0 228 33041
x 0 33042
p 0 223 33042
x 0 33043
p 0 266 33043
x 0 33044
p 0 276 33044
x 0 33045
p 0 267 33045
x 0 33046
p 0 320 33046
x 0 33047
p 0 270 33047
x 0 33048
p 0 269 33048
x 0 33049
p 0 265 33049
x 0 33050
p 0 267 33050
x 0 33051
p 0 116 33051
x 0 33052
p 0 260 33052
x 0 33053
p 0 261 33053
x 0 33054
p 0 206 33054
x 0 33055
p 0 190 33055
x 0 33056
p 0 224 33056
x 0 33057
p 0 191 33057
x 0 33058
p 0 196 33058
x 0 33059
p 0 190 33059
x 0 33060
p 0 189 33060
x 0 33000
h 0 10.0.0.9
p 0 15079 33000
x 1 33001
h 1 10.0.0.9
p 1 931 33001
x 0 33002
p 0 218 33002
x 0 33003
p 0 217 33003
x 0 33004
p 0 214 33004
x 0 33005
p 0 218 33005
x 0 33006
p 0 259 33006
x 0 33007
p 0 227 33007
x 0 33008
p 0 215 33008
x 0 33009
p 0 220 33009
x 0 33010
p 0 210 33010
x 0 33011
p 0 209 33011
x 0 33012
p 0 209 33012
x 0 33013
p 0 210 33013
x 0 33014
p 0 136 33014
x 0 33015
p 0 211 33015
x 0 33016
p 0 211 33016
x 0 33017
p 0 210 33017
x 0 33018
p 0 211 33018
x 0 33019
p 0 134 33019
x 0 33020
p 0 215 33020
x 0 33021
p 0 205 33021
x 0 33022
p 0 215 33022
x 0 33023
p 0 342 33023
x 0 33024
p 0 223 33024
x 0 33025
p 0 219 33025
x 0 33026
p 0 217 33026
x 0 33027
p 0 216 33027
x 0 33028
p 0 218 33028
x 0 33029
p 0 218 33029
x 0 33030
p 0 217 33030
x 0 33031
p 0 222 33031
x 0 33032
p 0 217 33032
x 0 33033
p 0 219 33033
x 0 33034
p 0 217 33034
x 0 33035
p 0 213 33035
x 0 33036
p 0 219 33036
x 0 33037
p 0 246 33037
x 0 33038
p 0 223 33038
x 0 33039
p 0 219 33039
x 0 33040
p 0 217 33040
x 0 33041
p 0 240 33041
x 0 33042
p 0 255 33042
x 0 33043
p 0 224 33043
x 0 33044
p 0 183 33044
x 0 33045
p 0 225 33045
x 0 33046
p 0 221 33046
x 0 33047
p 0 205 33047
x 0 33048
p 0 222 33048
x 0 33049
p 0 223 33049
x 0 33050
p 0 251 33050
x 0 33051
p 0 227 33051
x 0 33052
p 0 226 33052
x 0 33053
p 0 221 33053
x 0 33054
p 0 226 33054
x 0 33055
p 0 285 33055
x 0 33056
p 0 225 33056
x 0 33057
p 0 220 33057
x 0 33058
p 0 225 33058
x 0 33059
p 0 224 33059
x 0 33060
p 0 243 33060
x 0 33000
h 0 10.0.0.9
p 0 10176 33000
x 1 33001
h 1 10.0.0.9
p 1 1142 33001
x 0 33002
p 0 357 33002
x 0 33003
p 0 253 33003
x 0 33004
p 0 228 33004
x 0 33005
p 0 258 33005
x 0 33006
p 0 213 33006
x 0 33007
p 0 193 33007
x 0 33008
p 0 178 33008
x 0 33009
p 0 224 33009
x 0 33010
p 0 202 33010
x 0 33011
p 0 237 33011
x 0 33012
p 0 229 33012
x 0 33013
p 0 234 33013
x 0 33014
p 0 228 33014
x 0 33015
p 0 224 33015
x 0 33016
p 0 256 33016
x 0 33017
p 0 221 33017
x 0 33018
p 0 239 33018
x 0 33019
p 0 224 33019
x 0 33020
p 0 210 33020
x 0 33021
p 0 256 33021
x 0 33022
p 0 216 33022
x 0 33023
p 0 256 33023
x 0 33024
p 0 224 33024
x 0 33025
p 0 213 33025
x 0 33026
p 0 240 33026
x 0 33027
p 0 229 33027
x 0 33028
p 0 266 33028
x 0 33029
p 0 220 33029
x 0 33030
p 0 249 33030
x 0 33031
p 0 218 33031
x 0 33032
p 0 227 33032
x 0 33033
p 0 235 33033
x 0 33034
p 0 228 33034
x 0 33035
p 0 221 33035
x 0 33036
p 0 235 33036
x 0 33037
p 0 255 33037
x 0 33038
p 0 236 33038
x 0 33039
p 0 172 33039
x 0 33040
p 0 168 33040
x 0 33041
p 0 167 33041
x 0 33042
p 0 168 33042
x 0 33043
p 0 176 33043
x 0 33044
p 0 172 33044
x 0 33045
p 0 173 33045
x 0 33046
p 0 183 33046
x 0 33047
p 0 225 33047
x 0 33048
p 0 174 33048
x 0 33049
p 0 231 33049
x 0 33050
p 0 649 33050
x 0 33051
p 0 169 33051
x 0 33052
p 0 223 33052
x 0 33053
p 0 172 33053
x 0 33054
p 0 165 33054
x 0 33055
p 0 212 33055
x 0 33056
p 0 166 33056
x 0 33057
p 0 170 33057
x 0 33058
p 0 219 33058
x 0 33059
p 0 175 33059
x 0 33060
p 0 219 33060
x 0 33000
h 0 10.0.0.9
p 0 10424 33000
x 1 33001
h 1 10.0.0.9
p 1 658 33001
x 0 33002
p 0 166 33002
x 0 33003
p 0 239 33003
x 0 33004
p 0 211 33004
x 0 33005
p 0 214 33005
x 0 33006
p 0 214 33006
x 0 33007
p 0 220 33007
x 0 33008
p 0 219 33008
x 0 33009
p 0 239 33009
x 0 33010
p 0 227 33010
x 0 33011
p 0 228 33011
x 0 33012
p 0 228 33012
x 0 33013
p 0 227 33013
x 0 33014
p 0 224 33014
x 0 33015
p 0 229 33015
x 0 33016
p 0 226 33016
x 0 33017
p 0 233 33017
x 0 33018
p 0 223 33018
x 0 33019
p 0 223 33019
x 0 33020
p 0 224 33020
x 0 33021
p 0 227 33021
x 0 33022
p 0 228 33022
x 0 33023
p 0 224 33023
x 0 33024
p 0 225 33024
x 0 33025
p 0 229 33025
x 0 33026
p 0 233 33026
x 0 33027
p 0 336 33027
x 0 33028
p 0 227 33028
x 0 33029
p 0 390 33029
x 0 33030
p 0 237 33030
x 0 33031
p 0 360 33031
x 0 33032
p 0 233 33032
x 0 33033
p 0 233 33033
x 0 33034
p 0 230 33034
x 0 33035
p 0 208 33035
x 0 33036
p 0 229 33036
x 0 33037
p 0 228 33037
x 0 33038
p 0 225 33038
x 0 33039
p 0 195 33039
x 0 33040
p 0 225 33040
x 0 33041
p 0 203 33041
x 0 33042
p 0 337 33042
x 0 33043
p 0 225 33043
x 0 33044
p 0 205 33044
x 0 33045
p 0 227 33045
x 0 33046
p 0 247 33046
x 0 33047
p 0 203 33047
x 0 33048
p 0 195 33048
x 0 33049
p 0 226 33049
x 0 33050
p 0 193 33050
x 0 33051
p 0 197 33051
x 0 33052
p 0 181 33052
x 0 33053
p 0 177 33053
x 0 33054
p 0 175 33054
x 0 33055
p 0 177 33055
x 0 33056
p 0 175 33056
x 0 33057
p 0 177 33057
x 0 33058
p 0 181 33058
x 0 33059
p 0 173 33059
x 0 33060
p 0 178 33060
x 0 33000
h 0 10.0.0.9
p 0 10506 33000
x 1 33001
h 1 10.0.0.9
p 1 1346 33001
x 0 33002
p 0 234 33002
x 0 33003
p 0 220 33003
x 0 33004
p 0 222 33004
x 0 33005
p 0 238 33005
x 0 33006
p 0 229 33006
x 0 33007
p 0 207 33007
x 0 33008
p 0 173 33008
x 0 33009
p 0 216 33009
x 0 33010
p 0 212 33010
x 0 33011
p 0 216 33011
x 0 33012
p 0 213 33012
x 0 33013
p 0 220 33013
x 0 33014
p 0 218 33014
x 0 33015
p 0 217 33015
x 0 33016
p 0 232 33016
x 0 33017
p 0 219 33017
x 0 33018
p 0 219 33018
x 0 33019
p 0 221 33019
x 0 33020
p 0 223 33020
x 0 33021
p 0 221 33021
x 0 33022
p 0 213 33022
x 0 33023
p 0 215 33023
x 0 33024
p 0 213 33024
x 0 33025
p 0 216 33025
x 0 33026
p 0 224 33026
x 0 33027
p 0 217 33027
x 0 33028
p 0 223 33028
x 0 33029
p 0 219 33029
x 0 33030
p 0 223 33030
x 0 33031
p 0 226 33031
x 0 33032
p 0 227 33032
x 0 33033
p 0 214 33033
x 0 33034
p 0 234 33034
x 0 33035
p 0 227 33035
x 0 33036
p 0 249 33036
x 0 33037
p 0 232 33037
x 0 33038
p 0 221 33038
x 0 33039
p 0 221 33039
x 0 33040
p 0 222 33040
x 0 33041
p 0 223 33041
x 0 33042
p 0 225 33042
x 0 33043
p 0 211 33043
x 0 33044
p 0 234 33044
x 0 33045
p 0 226 33045
x 0 33046
p 0 238 33046
x 0 33047
p 0 221 33047
x 0 33048
p 0 223 33048
x 0 33049
p 0 223 33049
x 0 33050
p 0 233 33050
x 0 33051
p 0 240 33051
x 0 33052
p 0 237 33052
x 0 33053
p 0 219 33053
x 0 33054
p 0 231 33054
x 0 33055
p 0 189 33055
x 0 33056
p 0 256 33056
x 0 33057
p 0 220 33057
x 0 33058
p 0 181 33058
x 0 33059
p 0 217 33059
x 0 33060
p 0 201 33060
x 0 33000
h 0 10.0.0.9
p 0 23489 33000
x 1 33001
h 1 10.0.0.9
p 1 950 33001
x 0 33002
p 0 100 33002
x 0 33003
p 0 220 33003
x 0 33004
p 0 290 33004
x 0 33005
p 0 219 33005
x 0 33006
p 0 251 33006
x 0 33007
p 0 227 33007
x 0 33008
p 0 222 33008
x 0 33009
p 0 219 33009
x 0 33010
p 0 220 33010
x 0 33011
p 0 274 33011
x 0 33012
p 0 225 33012
x 0 33013
p 0 200 33013
x 0 33014
p 0 198 33014
x 0 33015
p 0 203 33015
x 0 33016
p 0 200 33016
x 0 33017
p 0 197 33017
x 0 33018
p 0 197 33018
x 0 33019
p 0 199 33019
x 0 33020
p 0 200 33020
x 0 33021
p 0 203 33021
x 0 33022
p 0 282 33022
x 0 33023
p 0 204 33023
x 0 33024
p 0 190 33024
x 0 33025
p 0 209 33025
x 0 33026
p 0 201 33026
x 0 33027
p 0 192 33027
x 0 33028
p 0 363 33028
x 0 33029
p 0 360 33029
x 0 33030
p 0 392 33030
x 0 33031
p 0 326 33031
x 0 33032
p 0 374 33032
x 0 33033
p 0 350 33033
x 0 33034
p 0 366 33034
x 0 33035
p 0 332 33035
x 0 33036
p 0 233 33036
x 0 33037
p 0 221 33037
x 0 33038
p 0 229 33038
x 0 33039
p 0 229 33039
x 0 33040
p 0 229 33040
x 0 33041
p 0 225 33041
x 0 33042
p 0 266 33042
x 0 33043
p 0 222 33043
x 0 33044
p 0 226 33044
x 0 33045
p 0 235 33045
x 0 33046
p 0 229 33046
x 0 33047
p 0 231 33047
x 0 33048
p 0 230 33048
x 0 33049
p 0 269 33049
x 0 33050
p 0 240 33050
x 0 33051
p 0 233 33051
x 0 33052
p 0 221 33052
x 0 33053
p 0 228 33053
x 0 33054
p 0 225 33054
x 0 33055
p 0 220 33055
x 0 33056
p 0 257 33056
x 0 33057
p 0 178 33057
x 0 33058
p 0 225 33058
x 0 33059
p 0 227 33059
x 0 33060
p 0 229 33060
x 0 33000
h 0 10.0.0.9
p 0 12352 33000
x 1 33001
h 1 10.0.0.9
p 1 880 33001
x 0 33002
p 0 216 33002
x 0 33003
p 0 215 33003
x 0 33004
p 0 214 33004
x 0 33005
p 0 213 33005
x 0 33006
p 0 255 33006
x 0 33007
p 0 209 33007
x 0 33008
p 0 208 33008
x 0 33009
p 0 206 33009
x 0 33010
p 0 208 33010
x 0 33011
p 0 266 33011
x 0 33012
p 0 292 33012
x 0 33013
p 0 210 33013
x 0 33014
p 0 211 33014
x 0 33015
p 0 319 33015
x 0 33016
p 0 212 33016
x 0 33017
p 0 210 33017
x 0 33018
p 0 210 33018
x 0 33019
p 0 209 33019
x 0 33020
p 0 208 33020
x 0 33021
p 0 101 33021
x 0 33022
p 0 211 33022
x 0 33023
p 0 207 33023
x 0 33024
p 0 206 33024
x 0 33025
p 0 212 33025
x 0 33026
p 0 247 33026
x 0 33027
p 0 205 33027
x 0 33028
p 0 205 33028
x 0 33029
p 0 214 33029
x 0 33030
p 0 214 33030
x 0 33031
p 0 224 33031
x 0 33032
p 0 215 33032
x 0 33033
p 0 217 33033
x 0 33034
p 0 217 33034
x 0 33035
p 0 217 33035
x 0 33036
p 0 216 33036
x 0 33037
p 0 215 33037
x 0 33038
p 0 215 33038
x 0 33039
p 0 212 33039
x 0 33040
p 0 206 33040
x 0 33041
p 0 249 33041
x 0 33042
p 0 252 33042
x 0 33043
p 0 239 33043
x 0 33044
p 0 207 33044
x 0 33045
p 0 207 33045
x 0 33046
p 0 214 33046
x 0 33047
p 0 212 33047
x 0 33048
p 0 245 33048
x 0 33049
p 0 242 33049
x 0 33050
p 0 241 33050
x 0 33051
p 0 212 33051
x 0 33052
p 0 247 33052
x 0 33053
p 0 246 33053
x 0 33054
p 0 229 33054
x 0 33055
p 0 216 33055
x 0 33056
p 0 210 33056
x 0 33057
p 0 209 33057
x 0 33058
p 0 207 33058
x 0 33059
p 0 208 33059
x 0 33060
p 0 209 33060
x 0 33000
h 0 10.0.0.9
p 0 21902 33000
x 1 33001
h 1 10.0.0.9
p 1 7875 33001
x 0 33002
p 0 1860 33002
x 0 33003
p 0 339 33003
x 0 33004
p 0 225 33004
x 0 33005
p 0 236 33005
x 0 33006
p 0 243 33006
x 0 33007
p 0 188 33007
x 0 33008
p 0 254 33008
x 0 33009
p 0 220 33009
x 0 33010
p 0 216 33010
x 0 33011
p 0 276 33011
x 0 33012
p 0 195 33012
x 0 33013
p 0 226 33013
x 0 33014
p 0 205 33014
x 0 33015
p 0 232 33015
x 0 33016
p 0 191 33016
x 0 33017
p 0 222 33017
x 0 33018
p 0 220 33018
x 0 33019
p 0 199 33019
x 0 33020
p 0 226 33020
x 0 33021
p 0 217 33021
x 0 33022
p 0 226 33022
x 0 33023
p 0 205 33023
x 0 33024
p 0 263 33024
x 0 33025
p 0 203 33025
x 0 33026
p 0 190 33026
x 0 33027
p 0 123 33027
x 0 33028
p 0 227 33028
x 0 33029
p 0 293 33029
x 0 33030
p 0 234 33030
x 0 33031
p 0 225 33031
x 0 33032
p 0 224 33032
x 0 33033
p 0 227 33033
x 0 33034
p 0 231 33034
x 0 33035
p 0 245 33035
x 0 33036
p 0 227 33036
x 0 33037
p 0 225 33037
x 0 33038
p 0 226 33038
x 0 33039
p 0 170 33039
x 0 33040
p 0 168 33040
x 0 33041
p 0 161 33041
x 0 33042
p 0 164 33042
x 0 33043
p 0 165 33043
x 0 33044
p 0 168 33044
x 0 33045
p 0 168 33045
x 0 33046
p 0 158 33046
x 0 33047
p 0 175 33047
x 0 33048
p 0 226 33048
x 0 33049
p 0 225 33049
x 0 33050
p 0 227 33050
x 0 33051
p 0 226 33051
x 0 33052
p 0 223 33052
x 0 33053
p 0 233 33053
x 0 33054
p 0 274 33054
x 0 33055
p 0 231 33055
x 0 33056
p 0 219 33056
x 0 33057
p 0 229 33057
x 0 33058
p 0 231 33058
x 0 33059
p 0 228 33059
x 0 33060
p 0 467 33060
x 0 33000
h 0 10.0.0.9
p 0 12833 33000
x 1 33001
h 1 10.0.0.9
p 1 1015 33001
x 0 33002
p 0 223 33002
x 0 33003
p 0 170 33003
x 0 33004
p 0 214 33004
x 0 33005
p 0 164 33005
x 0 33006
p 0 259 33006
x 0 33007
p 0 166 33007
x 0 33008
p 0 212 33008
x 0 33009
p 0 261 33009
x 0 33010
p 0 215 33010
x 0 33011
p 0 195 33011
x 0 33012
p 0 261 33012
x 0 33013
p 0 231 33013
x 0 33014
p 0 264 33014
x 0 33015
p 0 251 33015
x 0 33016
p 0 230 33016
x 0 33017
p 0 238 33017
x 0 33018
p 0 231 33018
x 0 33019
p 0 227 33019
x 0 33020
p 0 228 33020
x 0 33021
p 0 227 33021
x 0 33022
p 0 231 33022
x 0 33023
p 0 228 33023
x 0 33024
p 0 233 33024
x 0 33025
p 0 187 33025
x 0 33026
p 0 183 33026
x 0 33027
p 0 237 33027
x 0 33028
p 0 148 33028
x 0 33029
p 0 181 33029
x 0 33030
p 0 239 33030
x 0 33031
p 0 177 33031
x 0 33032
p 0 233 33032
x 0 33033
p 0 190 33033
x 0 33034
p 0 178 33034
x 0 33035
p 0 230 33035
x 0 33036
p 0 180 33036
x 0 33037
p 0 230 33037
x 0 33038
p 0 178 33038
x 0 33039
p 0 236 33039
x 0 33040
p 0 224 33040
x 0 33041
p 0 175 33041
x 0 33042
p 0 177 33042
x 0 33043
p 0 231 33043
x 0 33044
p 0 175 33044
x 0 33045
p 0 188 33045
x 0 33046
p 0 229 33046
x 0 33047
p 0 232 33047
x 0 33048
p 0 228 33048
x 0 33049
p 0 180 33049
x 0 33050
p 0 175 33050
x 0 33051
p 0 177 33051
x 0 33052
p 0 190 33052
x 0 33053
p 0 226 33053
x 0 33054
p 0 255 33054
x 0 33055
p 0 180 33055
x 0 33056
p 0 180 33056
x 0 33057
p 0 180 33057
x 0 33058
p 0 232 33058
x 0 33059
p 0 177 33059
x 0 33060
p 0 179 33060
x 0 33000
h 0 10.0.0.9
p 0 12747 33000
x 1 33001
h 1 10.0.0.9
p 1 1094 33001
x 0 33002
p 0 217 33002
x 0 33003
p 0 243 33003
x 0 33004
p 0 217 33004
x 0 33005
p 0 199 33005
x 0 33006
p 0 212 33006
x 0 33007
p 0 172 33007
x 0 33008
p 0 170 33008
x 0 33009
p 0 319 33009
x 0 33010
p 0 213 33010
x 0 33011
p 0 311 33011
x 0 33012
p 0 311 33012
x 0 33013
p 0 310 33013
x 0 33014
p 0 218 33014
x 0 33015
p 0 218 33015
x 0 33016
p 0 219 33016
x 0 33017
p 0 220 33017
x 0 33018
p 0 219 33018
x 0 33019
p 0 298 33019
x 0 33020
p 0 301 33020
x 0 33021
p 0 305 33021
x 0 33022
p 0 215 33022
x 0 33023
p 0 306 33023
x 0 33024
p 0 222 33024
x 0 33025
p 0 218 33025
x 0 33026
p 0 168 33026
x 0 33027
p 0 214 33027
x 0 33028
p 0 212 33028
x 0 33029
p 0 220 33029
x 0 33030
p 0 212 33030
x 0 33031
p 0 216 33031
x 0 33032
p 0 190 33032
x 0 33033
p 0 218 33033
x 0 33034
p 0 218 33034
x 0 33035
p 0 216 33035
x 0 33036
p 0 225 33036
x 0 33037
p 0 221 33037
x 0 33038
p 0 274 33038
x 0 33039
p 0 308 33039
x 0 33040
p 0 194 33040
x 0 33041
p 0 227 33041
x 0 33042
p 0 313 33042
x 0 33043
p 0 218 33043
x 0 33044
p 0 221 33044
x 0 33045
p 0 217 33045
x 0 33046
p 0 222 33046
x 0 33047
p 0 214 33047
x 0 33048
p 0 223 33048
x 0 33049
p 0 192 33049
x 0 33050
p 0 221 33050
x 0 33051
p 0 194 33051
x 0 33052
p 0 178 33052
x 0 33053
p 0 221 33053
x 0 33054
p 0 154 33054
x 0 33055
p 0 233 33055
x 0 33056
p 0 171 33056
x 0 33057
p 0 227 33057
x 0 33058
p 0 172 33058
x 0 33059
p 0 160 33059
x 0 33060
p 0 164 33060
x 0 33000
h 0 10.0.0.9
p 0 16669 33000
x 1 33001
h 1 10.0.0.9
p 1 827 33001
x 0 33002
p 0 216 33002
x 0 33003
p 0 213 33003
x 0 33004
p 0 164 33004
x 0 33005
p 0 211 33005
x 0 33006
p 0 171 33006
x 0 33007
p 0 173 33007
x 0 33008
p 0 220 33008
x 0 33009
p 0 135 33009
x 0 33010
p 0 210 33010
x 0 33011
p 0 224 33011
x 0 33012
p 0 212 33012
x 0 33013
p 0 183 33013
x 0 33014
p 0 189 33014
x 0 33015
p 0 185 33015
x 0 33016
p 0 185 33016
x 0 33017
p 0 186 33017
x 0 33018
p 0 208 33018
x 0 33019
p 0 185 33019
x 0 33020
p 0 184 33020
x 0 33021
p 0 230 33021
x 0 33022
p 0 227 33022
x 0 33023
p 0 224 33023
x 0 33024
p 0 267 33024
x 0 33025
p 0 219 33025
x 0 33026
p 0 249 33026
x 0 33027
p 0 221 33027
x 0 33028
p 0 194 33028
x 0 33029
p 0 161 33029
x 0 33030
p 0 158 33030
x 0 33031
p 0 627 33031
x 0 33032
p 0 159 33032
x 0 33033
p 0 191 33033
x 0 33034
p 0 158 33034
x 0 33035
p 0 194 33035
x 0 33036
p 0 197 33036
x 0 33037
p 0 196 33037
x 0 33038
p 0 543 33038
x 0 33039
p 0 314 33039
x 0 33040
p 0 320 33040
x 0 33041
p 0 278 33041
x 0 33042
p 0 304 33042
x 0 33043
p 0 297 33043
x 0 33044
p 0 254 33044
x 0 33045
p 0 373 33045
x 0 33046
p 0 407 33046
x 0 33047
p 0 372 33047
x 0 33048
p 0 376 33048
x 0 33049
p 0 277 33049
x 0 33050
p 0 377 33050
x 0 33051
p 0 303 33051
x 0 33052
p 0 294 33052
x 0 33053
p 0 299 33053
x 0 33054
p 0 280 33054
x 0 33055
p 0 231 33055
x 0 33056
p 0 358 33056
x 0 33057
p 0 226 33057
x 0 33058
p 0 224 33058
x 0 33059
p 0 228 33059
x 0 33060
p 0 217 33060
x 0 33000
h 0 10.0.0.9
p 0 21526 33000
x 1 33001
h 1 10.0.0.9
p 1 737 33001
x 0 33002
p 0 253 33002
x 0 33003
p 0 218 33003
x 0 33004
p 0 220 33004
x 0 33005
p 0 217 33005
x 0 33006
p 0 220 33006
x 0 33007
p 0 230 33007
x 0 33008
p 0 219 33008
x 0 33009
p 0 153 33009
x 0 33010
p 0 214 33010
x 0 33011
p 0 211 33011
x 0 33012
p 0 210 33012
x 0 33013
p 0 213 33013
x 0 33014
p 0 231 33014
x 0 33015
p 0 208 33015
x 0 33016
p 0 430 33016
x 0 33017
p 0 363 33017
x 0 33018
p 0 348 33018
x 0 33019
p 0 228 33019
x 0 33020
p 0 224 33020
x 0 33021
p 0 221 33021
x 0 33022
p 0 198 33022
x 0 33023
p 0 220 33023
x 0 33024
p 0 221 33024
x 0 33025
p 0 223 33025
x 0 33026
p 0 220 33026
x 0 33027
p 0 211 33027
x 0 33028
p 0 303 33028
x 0 33029
p 0 219 33029
x 0 33030
p 0 217 33030
x 0 33031
p 0 214 33031
x 0 33032
p 0 219 33032
x 0 33033
p 0 208 33033
x 0 33034
p 0 226 33034
x 0 33035
p 0 223 33035
x 0 33036
p 0 190 33036
x 0 33037
p 0 192 33037
x 0 33038
p 0 226 33038
x 0 33039
p 0 217 33039
x 0 33040
p 0 219 33040
x 0 33041
p 0 319 33041
x 0 33042
p 0 227 33042
x 0 33043
p 0 214 33043
x 0 33044
p 0 191 33044
x 0 33045
p 0 183 33045
x 0 33046
p 0 217 33046
x 0 33047
p 0 194 33047
x 0 33048
p 0 221 33048
x 0 33049
p 0 190 33049
x 0 33050
p 0 249 33050
x 0 33051
p 0 213 33051
x 0 33052
p 0 224 33052
x 0 33053
p 0 199 33053
x 0 33054
p 0 235 33054
x 0 33055
p 0 198 33055
x 0 33056
p 0 221 33056
x 0 33057
p 0 198 33057
x 0 33058
p 0 201 33058
x 0 33059
p 0 273 33059
x 0 33060
p 0 220 33060
x 0 33000
h 0 10.0.0.9
p 0 11689 33000
x 1 33001
h 1 10.0.0.9
p 1 829 33001
x 0 33002
p 0 303 33002
x 0 33003
p 0 217 33003
x 0 33004
p 0 216 33004
x 0 33005
p 0 214 33005
x 0 33006
p 0 218 33006
x 0 33007
p 0 286 33007
x 0 33008
p 0 212 33008
x 0 33009
p 0 212 33009
x 0 33010
p 0 242 33010
x 0 33011
p 0 210 33011
x 0 33012
p 0 213 33012
x 0 33013
p 0 216 33013
x 0 33014
p 0 217 33014
x 0 33015
p 0 213 33015
x 0 33016
p 0 216 33016
x 0 33017
p 0 214 33017
x 0 33018
p 0 221 33018
x 0 33019
p 0 221 33019
x 0 33020
p 0 225 33020
x 0 33021
p 0 189 33021
x 0 33022
p 0 226 33022
x 0 33023
p 0 188 33023
x 0 33024
p 0 217 33024
x 0 33025
p 0 186 33025
x 0 33026
p 0 217 33026
x 0 33027
p 0 192 33027
x 0 33028
p 0 180 33028
x 0 33029
p 0 178 33029
x 0 33030
p 0 201 33030
x 0 33031
p 0 178 33031
x 0 33032
p 0 180 33032
x 0 33033
p 0 186 33033
x 0 33034
p 0 248 33034
x 0 33035
p 0 184 33035
x 0 33036
p 0 179 33036
x 0 33037
p 0 181 33037
x 0 33038
p 0 206 33038
x 0 33039
p 0 179 33039
x 0 33040
p 0 187 33040
x 0 33041
p 0 182 33041
x 0 33042
p 0 164 33042
x 0 33043
p 0 183 33043
x 0 33044
p 0 228 33044
x 0 33045
p 0 234 33045
x 0 33046
p 0 194 33046
x 0 33047
p 0 158 33047
x 0 33048
p 0 198 33048
x 0 33049
p 0 195 33049
x 0 33050
p 0 158 33050
x 0 33051
p 0 197 33051
x 0 33052
p 0 202 33052
x 0 33053
p 0 146 33053
x 0 33054
p 0 196 33054
x 0 33055
p 0 192 33055
x 0 33056
p 0 199 33056
x 0 33057
p 0 201 33057
x 0 33058
p 0 195 33058
x 0 33059
p 0 250 33059
x 0 33060
p 0 162 33060
x 0 33000
h 0 10.0.0.9
p 0 15144 33000
x 1 33001
h 1 10.0.0.9
p 1 721 33001
x 0 33002
p 0 205 33002
x 0 33003
p 0 220 33003
x 0 33004
p 0 215 33004
x 0 33005
p 0 195 33005
x 0 33006
p 0 222 33006
x 0 33007
p 0 198 33007
x 0 33008
p 0 215 33008
x 0 33009
p 0 183 33009
x 0 33010
p 0 215 33010
x 0 33011
p 0 186 33011
x 0 33012
p 0 181 33012
x 0 33013
p 0 180 33013
x 0 33014
p 0 240 33014
x 0 33015
p 0 182 33015
x 0 33016
p 0 178 33016
x 0 33017
p 0 179 33017
x 0 33018
p 0 206 33018
x 0 33019
p 0 185 33019
x 0 33020
p 0 182 33020
x 0 33021
p 0 187 33021
x 0 33022
p 0 218 33022
x 0 33023
p 0 226 33023
x 0 33024
p 0 278 33024
x 0 33025
p 0 218 33025
x 0 33026
p 0 177 33026
x 0 33027
p 0 176 33027
x 0 33028
p 0 177 33028
x 0 33029
p 0 167 33029
x 0 33030
p 0 166 33030
x 0 33031
p 0 174 33031
x 0 33032
p 0 210 33032
x 0 33033
p 0 310 33033
x 0 33034
p 0 213 33034
x 0 33035
p 0 224 33035
x 0 33036
p 0 225 33036
x 0 33037
p 0 165 33037
x 0 33038
p 0 164 33038
x 0 33039
p 0 219 33039
x 0 33040
p 0 221 33040
x 0 33041
p 0 169 33041
x 0 33042
p 0 169 33042
x 0 33043
p 0 223 33043
x 0 33044
p 0 167 33044
x 0 33045
p 0 164 33045
x 0 33046
p 0 217 33046
x 0 33047
p 0 165 33047
x 0 33048
p 0 160 33048
x 0 33049
p 0 214 33049
x 0 33050
p 0 162 33050
x 0 33051
p 0 164 33051
x 0 33052
p 0 594 33052
x 0 33053
p 0 211 33053
x 0 33054
p 0 195 33054
x 0 33055
p 0 163 33055
x 0 33056
p 0 160 33056
x 0 33057
p 0 219 33057
x 0 33058
p 0 195 33058
x 0 33059
p 0 153 33059
x 0 33060
p 0 216 33060
x 0 33000
h 0 10.0.0.9
p 0 6424 33000
x 1 33001
h 1 10.0.0.9
p 1 1007 33001
x 0 33002
p 0 222 33002
x 0 33003
p 0 222 33003
x 0 33004
p 0 241 33004
x 0 33005
p 0 249 33005
x 0 33006
p 0 215 33006
x 0 33007
p 0 198 33007
x 0 33008
p 0 211 33008
x 0 33009
p 0 211 33009
x 0 33010
p 0 212 33010
x 0 33011
p 0 208 33011
x 0 33012
p 0 212 33012
x 0 33013
p 0 212 33013
x 0 33014
p 0 209 33014
x 0 33015
p 0 211 33015
x 0 33016
p 0 210 33016
x 0 33017
p 0 210 33017
x 0 33018
p 0 208 33018
x 0 33019
p 0 209 33019
x 0 33020
p 0 217 33020
x 0 33021
p 0 263 33021
x 0 33022
p 0 215 33022
x 0 33023
p 0 219 33023
x 0 33024
p 0 192 33024
x 0 33025
p 0 219 33025
x 0 33026
p 0 186 33026
x 0 33027
p 0 260 33027
x 0 33028
p 0 215 33028
x 0 33029
p 0 215 33029
x 0 33030
p 0 211 33030
x 0 33031
p 0 209 33031
x 0 33032
p 0 212 33032
x 0 33033
p 0 213 33033
x 0 33034
p 0 210 33034
x 0 33035
p 0 209 33035
x 0 33036
p 0 212 33036
x 0 33037
p 0 209 33037
x 0 33038
p 0 210 33038
x 0 33039
p 0 172 33039
x 0 33040
p 0 213 33040
x 0 33041
p 0 212 33041
x 0 33042
p 0 102 33042
x 0 33043
p 0 209 33043
x 0 33044
p 0 207 33044
x 0 33045
p 0 209 33045
x 0 33046
p 0 209 33046
x 0 33047
p 0 210 33047
x 0 33048
p 0 207 33048
x 0 33049
p 0 212 33049
x 0 33050
p 0 211 33050
x 0 33051
p 0 240 33051
x 0 33052
p 0 211 33052
x 0 33053
p 0 219 33053
x 0 33054
p 0 216 33054
x 0 33055
p 0 241 33055
x 0 33056
p 0 214 33056
x 0 33057
p 0 301 33057
x 0 33058
p 0 215 33058
x 0 33059
p 0 215 33059
x 0 33060
p 0 217 33060
x 0 33000
h 0 10.0.0.9
p 0 9096 33000
x 1 33001
h 1 10.0.0.9
p 1 826 33001
x 0 33002
p 0 266 33002
x 0 33003
p 0 220 33003
x 0 33004
p 0 223 33004
x 0 33005
p 0 251 33005
x 0 33006
p 0 243 33006
x 0 33007
p 0 254 33007
x 0 33008
p 0 224 33008
x 0 33009
p 0 227 33009
x 0 33010
p 0 220 33010
x 0 33011
p 0 221 33011
x 0 33012
p 0 223 33012
x 0 33013
p 0 222 33013
x 0 33014
p 0 250 33014
x 0 33015
p 0 218 33015
x 0 33016
p 0 220 33016
x 0 33017
p 0 225 33017
x 0 33018
p 0 220 33018
x 0 33019
p 0 282 33019
x 0 33020
p 0 222 33020
x 0 33021
p 0 222 33021
x 0 33022
p 0 221 33022
x 0 33023
p 0 259 33023
x 0 33024
p 0 224 33024
x 0 33025
p 0 216 33025
x 0 33026
p 0 237 33026
x 0 33027
p 0 237 33027
x 0 33028
p 0 222 33028
x 0 33029
p 0 248 33029
x 0 33030
p 0 222 33030
x 0 33031
p 0 226 33031
x 0 33032
p 0 224 33032
x 0 33033
p 0 220 33033
x 0 33034
p 0 261 33034
x 0 33035
p 0 221 33035
x 0 33036
p 0 432 33036
x 0 33037
p 0 269 33037
x 0 33038
p 0 263 33038
x 0 33039
p 0 254 33039
x 0 33040
p 0 263 33040
x 0 33041
p 0 306 33041
x 0 33042
p 0 220 33042
x 0 33043
p 0 196 33043
x 0 33044
p 0 225 33044
x 0 33045
p 0 197 33045
x 0 33046
p 0 194 33046
x 0 33047
p 0 270 33047
x 0 33048
p 0 252 33048
x 0 33049
p 0 224 33049
x 0 33050
p 0 219 33050
x 0 33051
p 0 250 33051
x 0 33052
p 0 242 33052
x 0 33053
p 0 256 33053
x 0 33054
p 0 206 33054
x 0 33055
p 0 220 33055
x 0 33056
p 0 222 33056
x 0 33057
p 0 196 33057
x 0 33058
p 0 220 33058
x 0 33059
p 0 195 33059
x 0 33060
p 0 195 33060
x 0 33000
h 0 10.0.0.9
p 0 11434 33000
x 1 33001
h 1 10.0.0.9
p 1 1407 33001
x 0 33002
p 0 314 33002
x 0 33003
p 0 178 33003
x 0 33004
p 0 121 33004
x 0 33005
p 0 229 33005
x 0 33006
p 0 304 33006
x 0 33007
p 0 250 33007
x 0 33008
p 0 218 33008
x 0 33009
p 0 387 33009
x 0 33010
p 0 219 33010
x 0 33011
p 0 248 33011
x 0 33012
p 0 222 33012
x 0 33013
p 0 220 33013
x 0 33014
p 0 217 33014
x 0 33015
p 0 214 33015
x 0 33016
p 0 214 33016
x 0 33017
p 0 220 33017
x 0 33018
p 0 220 33018
x 0 33019
p 0 213 33019
x 0 33020
p 0 217 33020
x 0 33021
p 0 218 33021
x 0 33022
p 0 218 33022
x 0 33023
p 0 219 33023
x 0 33024
p 0 213 33024
x 0 33025
p 0 219 33025
x 0 33026
p 0 259 33026
x 0 33027
p 0 214 33027
x 0 33028
p 0 220 33028
x 0 33029
p 0 215 33029
x 0 33030
p 0 215 33030
x 0 33031
p 0 253 33031
x 0 33032
p 0 218 33032
x 0 33033
p 0 220 33033
x 0 33034
p 0 214 33034
x 0 33035
p 0 219 33035
x 0 33036
p 0 219 33036
x 0 33037
p 0 214 33037
x 0 33038
p 0 277 33038
x 0 33039
p 0 223 33039
x 0 33040
p 0 214 33040
x 0 33041
p 0 216 33041
x 0 33042
p 0 192 33042
x 0 33043
p 0 217 33043
x 0 33044
p 0 218 33044
x 0 33045
p 0 217 33045
x 0 33046
p 0 409 33046
x 0 33047
p 0 192 33047
x 0 33048
p 0 196 33048
x 0 33049
p 0 257 33049
x 0 33050
p 0 198 33050
x 0 33051
p 0 219 33051
x 0 33052
p 0 256 33052
x 0 33053
p 0 218 33053
x 0 33054
p 0 220 33054
x 0 33055
p 0 191 33055
x 0 33056
p 0 217 33056
x 0 33057
p 0 214 33057
x 0 33058
p 0 193 33058
x 0 33059
p 0 218 33059
x 0 33060
p 0 218 33060
x 0 33000
h 0 10.0.0.9
p 0 22374 33000
x 1 33001
h 1 10.0.0.9
p 1 738 33001
x 0 33002
p 0 215 33002
x 0 33003
p 0 218 33003
x 0 33004
p 0 210 33004
x 0 33005
p 0 215 33005
x 0 33006
p 0 217 33006
x 0 33007
p 0 216 33007
x 0 33008
p 0 220 33008
x 0 33009
p 0 214 33009
x 0 33010
p 0 218 33010
x 0 33011
p 0 218 33011
x 0 33012
p 0 219 33012
x 0 33013
p 0 245 33013
x 0 33014
p 0 215 33014
x 0 33015
p 0 218 33015
x 0 33016
p 0 217 33016
x 0 33017
p 0 218 33017
x 0 33018
p 0 253 33018
x 0 33019
p 0 112 33019
x 0 33020
p 0 220 33020
x 0 33021
p 0 218 33021
x 0 33022
p 0 219 33022
x 0 33023
p 0 218 33023
x 0 33024
p 0 213 33024
x 0 33025
p 0 218 33025
x 0 33026
p 0 217 33026
x 0 33027
p 0 217 33027
x 0 33028
p 0 221 33028
x 0 33029
p 0 217 33029
x 0 33030
p 0 218 33030
x 0 33031
p 0 216 33031
x 0 33032
p 0 218 33032
x 0 33033
p 0 219 33033
x 0 33034
p 0 211 33034
x 0 33035
p 0 217 33035
x 0 33036
p 0 218 33036
x 0 33037
p 0 286 33037
x 0 33038
p 0 218 33038
x 0 33039
p 0 213 33039
x 0 33040
p 0 220 33040
x 0 33041
p 0 218 33041
x 0 33042
p 0 222 33042
x 0 33043
p 0 218 33043
x 0 33044
p 0 218 33044
x 0 33045
p 0 215 33045
x 0 33046
p 0 214 33046
x 0 33047
p 0 218 33047
x 0 33048
p 0 218 33048
x 0 33049
p 0 216 33049
x 0 33050
p 0 223 33050
x 0 33051
p 0 289 33051
x 0 33052
p 0 229 33052
x 0 33053
p 0 496 33053
x 0 33054
p 0 224 33054
x 0 33055
p 0 174 33055
x 0 33056
p 0 175 33056
x 0 33057
p 0 181 33057
x 0 33058
p 0 173 33058
x 0 33059
p 0 174 33059
x 0 33060
p 0 180 33060
x 0 33000
h 0 10.0.0.9
p 0 52513 33000
x 1 33001
h 1 10.0.0.9
p 1 886 33001
x 0 33002
p 0 297 33002
x 0 33003
p 0 222 33003
x 0 33004
p 0 222 33004
x 0 33005
p 0 220 33005
x 0 33006
p 0 222 33006
x 0 33007
p 0 229 33007
x 0 33008
p 0 212 33008
x 0 33009
p 0 215 33009
x 0 33010
p 0 214 33010
x 0 33011
p 0 223 33011
x 0 33012
p 0 218 33012
x 0 33013
p 0 220 33013
x 0 33014
p 0 214 33014
x 0 33015
p 0 218 33015
x 0 33016
p 0 217 33016
x 0 33017
p 0 213 33017
x 0 33018
p 0 211 33018
x 0 33019
p 0 215 33019
x 0 33020
p 0 212 33020
x 0 33021
p 0 219 33021
x 0 33022
p 0 221 33022
x 0 33023
p 0 215 33023
x 0 33024
p 0 212 33024
x 0 33025
p 0 218 33025
x 0 33026
p 0 217 33026
x 0 33027
p 0 214 33027
x 0 33028
p 0 212 33028
x 0 33029
p 0 222 33029
x 0 33030
p 0 211 33030
x 0 33031
p 0 265 33031
x 0 33032
p 0 221 33032
x 0 33033
p 0 310 33033
x 0 33034
p 0 216 33034
x 0 33035
p 0 525 33035
x 0 33036
p 0 219 33036
x 0 33037
p 0 188 33037
x 0 33038
p 0 219 33038
x 0 33039
p 0 189 33039
x 0 33040
p 0 187 33040
x 0 33041
p 0 187 33041
x 0 33042
p 0 223 33042
x 0 33043
p 0 186 33043
x 0 33044
p 0 186 33044
x 0 33045
p 0 189 33045
x 0 33046
p 0 221 33046
x 0 33047
p 0 190 33047
x 0 33048
p 0 189 33048
x 0 33049
p 0 189 33049
x 0 33050
p 0 209 33050
x 0 33051
p 0 184 33051
x 0 33052
p 0 186 33052
x 0 33053
p 0 182 33053
x 0 33054
p 0 212 33054
x 0 33055
p 0 184 33055
x 0 33056
p 0 186 33056
x 0 33057
p 0 219 33057
x 0 33058
p 0 166 33058
x 0 33059
p 0 626 33059
x 0 33060
p 0 173 33060
x 0 33000
h 0 10.0.0.9
p 0 7667 33000
x 1 33001
h 1 10.0.0.9
p 1 793 33001
x 0 33002
p 0 221 33002
x 0 33003
p 0 252 33003
x 0 33004
p 0 216 33004
x 0 33005
p 0 219 33005
x 0 33006
p 0 224 33006
x 0 33007
p 0 223 33007
x 0 33008
p 0 283 33008
x 0 33009
p 0 223 33009
x 0 33010
p 0 223 33010
x 0 33011
p 0 224 33011
x 0 33012
p 0 216 33012
x 0 33013
p 0 217 33013
x 0 33014
p 0 216 33014
x 0 33015
p 0 218 33015
x 0 33016
p 0 219 33016
x 0 33017
p 0 219 33017
x 0 33018
p 0 226 33018
x 0 33019
p 0 222 33019
x 0 33020
p 0 223 33020
x 0 33021
p 0 222 33021
x 0 33022
p 0 216 33022
x 0 33023
p 0 217 33023
x 0 33024
p 0 218 33024
x 0 33025
p 0 222 33025
x 0 33026
p 0 217 33026
x 0 33027
p 0 215 33027
x 0 33028
p 0 221 33028
x 0 33029
p 0 226 33029
x 0 33030
p 0 228 33030
x 0 33031
p 0 220 33031
x 0 33032
p 0 231 33032
x 0 33033
p 0 239 33033
x 0 33034
p 0 264 33034
x 0 33035
p 0 274 33035
x 0 33036
p 0 299 33036
x 0 33037
p 0 482 33037
x 0 33038
p 0 299 33038
x 0 33039
p 0 286 33039
x 0 33040
p 0 288 33040
x 0 33041
p 0 209 33041
x 0 33042
p 0 287 33042
x 0 33043
p 0 284 33043
x 0 33044
p 0 219 33044
x 0 33045
p 0 220 33045
x 0 33046
p 0 216 33046
x 0 33047
p 0 241 33047
x 0 33048
p 0 306 33048
x 0 33049
p 0 213 33049
x 0 33050
p 0 221 33050
x 0 33051
p 0 300 33051
x 0 33052
p 0 218 33052
x 0 33053
p 0 219 33053
x 0 33054
p 0 220 33054
x 0 33055
p 0 226 33055
x 0 33056
p 0 224 33056
x 0 33057
p 0 218 33057
x 0 33058
p 0 217 33058
x 0 33059
p 0 220 33059
x 0 33060
p 0 221 33060
x 0 33000
h 0 10.0.0.9
p 0 8013 33000
x 1 33001
h 1 10.0.0.9
p 1 914 33001
x 0 33002
p 0 308 33002
x 0 33003
p 0 228 33003
x 0 33004
p 0 225 33004
x 0 33005
p 0 221 33005
x 0 33006
p 0 218 33006
x 0 33007
p 0 220 33007
x 0 33008
p 0 218 33008
x 0 33009
p 0 218 33009
x 0 33010
p 0 227 33010
x 0 33011
p 0 212 33011
x 0 33012
p 0 214 33012
x 0 33013
p 0 211 33013
x 0 33014
p 0 213 33014
x 0 33015
p 0 213 33015
x 0 33016
p 0 213 33016
x 0 33017
p 0 211 33017
x 0 33018
p 0 212 33018
x 0 33019
p 0 209 33019
x 0 33020
p 0 177 33020
x 0 33021
p 0 212 33021
x 0 33022
p 0 210 33022
x 0 33023
p 0 211 33023
x 0 33024
p 0 212 33024
x 0 33025
p 0 175 33025
x 0 33026
p 0 214 33026
x 0 33027
p 0 180 33027
x 0 33028
p 0 250 33028
x 0 33029
p 0 212 33029
x 0 33030
p 0 216 33030
x 0 33031
p 0 177 33031
x 0 33032
p 0 213 33032
x 0 33033
p 0 295 33033
x 0 33034
p 0 188 33034
x 0 33035
p 0 188 33035
x 0 33036
p 0 241 33036
x 0 33037
p 0 190 33037
x 0 33038
p 0 214 33038
x 0 33039
p 0 182 33039
x 0 33040
p 0 182 33040
x 0 33041
p 0 214 33041
x 0 33042
p 0 216 33042
x 0 33043
p 0 198 33043
x 0 33044
p 0 215 33044
x 0 33045
p 0 214 33045
x 0 33046
p 0 181 33046
x 0 33047
p 0 180 33047
x 0 33048
p 0 237 33048
x 0 33049
p 0 207 33049
x 0 33050
p 0 284 33050
x 0 33051
p 0 221 33051
x 0 33052
p 0 196 33052
x 0 33053
p 0 224 33053
x 0 33054
p 0 275 33054
x 0 33055
p 0 250 33055
x 0 33056
p 0 225 33056
x 0 33057
p 0 222 33057
x 0 33058
p 0 307 33058
x 0 33059
p 0 224 33059
x 0 33060
p 0 258 33060
x 0 33000
h 0 10.0.0.9
p 0 13417 33000
x 1 33001
h 1 10.0.0.9
p 1 1087 33001
x 0 33002
p 0 409 33002
x 0 33003
p 0 255 33003
x 0 33004
p 0 245 33004
x 0 33005
p 0 219 33005
x 0 33006
p 0 220 33006
x 0 33007
p 0 217 33007
x 0 33008
p 0 215 33008
x 0 33009
p 0 218 33009
x 0 33010
p 0 191 33010
x 0 33011
p 0 215 33011
x 0 33012
p 0 222 33012
x 0 33013
p 0 272 33013
x 0 33014
p 0 215 33014
x 0 33015
p 0 301 33015
x 0 33016
p 0 217 33016
x 0 33017
p 0 220 33017
x 0 33018
p 0 218 33018
x 0 33019
p 0 210 33019
x 0 33020
p 0 185 33020
x 0 33021
p 0 191 33021
x 0 33022
p 0 181 33022
x 0 33023
p 0 182 33023
x 0 33024
p 0 181 33024
x 0 33025
p 0 181 33025
x 0 33026
p 0 186 33026
x 0 33027
p 0 170 33027
x 0 33028
p 0 178 33028
x 0 33029
p 0 220 33029
x 0 33030
p 0 172 33030
x 0 33031
p 0 176 33031
x 0 33032
p 0 231 33032
x 0 33033
p 0 176 33033
x 0 33034
p 0 171 33034
x 0 33035
p 0 228 33035
x 0 33036
p 0 385 33036
x 0 33037
p 0 281 33037
x 0 33038
p 0 224 33038
x 0 33039
p 0 220 33039
x 0 33040
p 0 226 33040
x 0 33041
p 0 227 33041
x 0 33042
p 0 256 33042
x 0 33043
p 0 223 33043
x 0 33044
p 0 224 33044
x 0 33045
p 0 224 33045
x 0 33046
p 0 220 33046
x 0 33047
p 0 126 33047
x 0 33048
p 0 375 33048
x 0 33049
p 0 225 33049
x 0 33050
p 0 225 33050
x 0 33051
p 0 231 33051
x 0 33052
p 0 260 33052
x 0 33053
p 0 220 33053
x 0 33054
p 0 294 33054
x 0 33055
p 0 222 33055
x 0 33056
p 0 223 33056
x 0 33057
p 0 221 33057
x 0 33058
p 0 225 33058
x 0 33059
p 0 293 33059
x 0 33060
p 0 248 33060
x 0 33000
h 0 10.0.0.9
p 0 7419 33000
x 1 33001
h 1 10.0.0.9
p 1 733 33001
x 0 33002
p 0 222 33002
x 0 33003
p 0 218 33003
x 0 33004
p 0 218 33004
x 0 33005
p 0 244 33005
x 0 33006
p 0 123 33006
x 0 33007
p 0 213 33007
x 0 33008
p 0 214 33008
x 0 33009
p 0 212 33009
x 0 33010
p 0 212 33010
x 0 33011
p 0 185 33011
x 0 33012
p 0 215 33012
x 0 33013
p 0 185 33013
x 0 33014
p 0 216 33014
x 0 33015
p 0 212 33015
x 0 33016
p 0 144 33016
x 0 33017
p 0 186 33017
x 0 33018
p 0 213 33018
x 0 33019
p 0 210 33019
x 0 33020
p 0 178 33020
x 0 33021
p 0 133 33021
x 0 33022
p 0 215 33022
x 0 33023
p 0 210 33023
x 0 33024
p 0 213 33024
x 0 33025
p 0 185 33025
x 0 33026
p 0 184 33026
x 0 33027
p 0 213 33027
x 0 33028
p 0 213 33028
x 0 33029
p 0 132 33029
x 0 33030
p 0 215 33030
x 0 33031
p 0 142 33031
x 0 33032
p 0 215 33032
x 0 33033
p 0 184 33033
x 0 33034
p 0 216 33034
x 0 33035
p 0 215 33035
x 0 33036
p 0 215 33036
x 0 33037
p 0 185 33037
x 0 33038
p 0 211 33038
x 0 33039
p 0 357 33039
x 0 33040
p 0 182 33040
x 0 33041
p 0 166 33041
x 0 33042
p 0 212 33042
x 0 33043
p 0 247 33043
x 0 33044
p 0 214 33044
x 0 33045
p 0 214 33045
x 0 33046
p 0 245 33046
x 0 33047
p 0 214 33047
x 0 33048
p 0 214 33048
x 0 33049
p 0 214 33049
x 0 33050
p 0 183 33050
x 0 33051
p 0 215 33051
x 0 33052
p 0 185 33052
x 0 33053
p 0 211 33053
x 0 33054
p 0 187 33054
x 0 33055
p 0 212 33055
x 0 33056
p 0 138 33056
x 0 33057
p 0 346 33057
x 0 33058
p 0 327 33058
x 0 33059
p 0 341 33059
x 0 33060
p 0 234 33060
x 0 33000
h 0 10.0.0.9
p 0 2597 33000
x 1 33001
h 1 10.0.0.9
p 1 1054 33001
x 0 33002
p 0 197 33002
x 0 33003
p 0 215 33003
x 0 33004
p 0 215 33004
x 0 33005
p 0 216 33005
x 0 33006
p 0 216 33006
x 0 33007
p 0 219 33007
x 0 33008
p 0 220 33008
x 0 33009
p 0 218 33009
x 0 33010
p 0 250 33010
x 0 33011
p 0 221 33011
x 0 33012
p 0 157 33012
x 0 33013
p 0 221 33013
x 0 33014
p 0 219 33014
x 0 33015
p 0 285 33015
x 0 33016
p 0 220 33016
x 0 33017
p 0 224 33017
x 0 33018
p 0 220 33018
x 0 33019
p 0 414 33019
x 0 33020
p 0 382 33020
x 0 33021
p 0 371 33021
x 0 33022
p 0 341 33022
x 0 33023
p 0 190 33023
x 0 33024
p 0 189 33024
x 0 33025
p 0 191 33025
x 0 33026
p 0 193 33026
x 0 33027
p 0 132 33027
x 0 33028
p 0 262 33028
x 0 33029
p 0 200 33029
x 0 33030
p 0 203 33030
x 0 33031
p 0 197 33031
x 0 33032
p 0 143 33032
x 0 33033
p 0 201 33033
x 0 33034
p 0 223 33034
x 0 33035
p 0 227 33035
x 0 33036
p 0 228 33036
x 0 33037
p 0 247 33037
x 0 33038
p 0 221 33038
x 0 33039
p 0 219 33039
x 0 33040
p 0 218 33040
x 0 33041
p 0 222 33041
x 0 33042
p 0 221 33042
x 0 33043
p 0 218 33043
x 0 33044
p 0 222 33044
x 0 33045
p 0 226 33045
x 0 33046
p 0 225 33046
x 0 33047
p 0 223 33047
x 0 33048
p 0 221 33048
x 0 33049
p 0 221 33049
x 0 33050
p 0 227 33050
x 0 33051
p 0 226 33051
x 0 33052
p 0 221 33052
x 0 33053
p 0 260 33053
x 0 33054
p 0 214 33054
x 0 33055
p 0 165 33055
x 0 33056
p 0 167 33056
x 0 33057
p 0 166 33057
x 0 33058
p 0 168 33058
x 0 33059
p 0 162 33059
x 0 33060
p 0 228 33060
x 0 33000
h 0 10.0.0.9
p 0 13553 33000
x 1 33001
h 1 10.0.0.9
p 1 1038 33001
x 0 33002
p 0 232 33002
x 0 33003
p 0 258 33003
x 0 33004
p 0 226 33004
x 0 33005
p 0 259 33005
x 0 33006
p 0 253 33006
x 0 33007
p 0 224 33007
x 0 33008
p 0 216 33008
x 0 33009
p 0 194 33009
x 0 33010
p 0 221 33010
x 0 33011
p 0 219 33011
x 0 33012
p 0 190 33012
x 0 33013
p 0 218 33013
x 0 33014
p 0 188 33014
x 0 33015
p 0 195 33015
x 0 33016
p 0 190 33016
x 0 33017
p 0 219 33017
x 0 33018
p 0 195 33018
x 0 33019
p 0 220 33019
x 0 33020
p 0 194 33020
x 0 33021
p 0 177 33021
x 0 33022
p 0 167 33022
x 0 33023
p 0 223 33023
x 0 33024
p 0 239 33024
x 0 33025
p 0 229 33025
x 0 33026
p 0 228 33026
x 0 33027
p 0 229 33027
x 0 33028
p 0 270 33028
x 0 33029
p 0 227 33029
x 0 33030
p 0 262 33030
x 0 33031
p 0 221 33031
x 0 33032
p 0 228 33032
x 0 33033
p 0 217 33033
x 0 33034
p 0 222 33034
x 0 33035
p 0 223 33035
x 0 33036
p 0 226 33036
x 0 33037
p 0 257 33037
x 0 33038
p 0 223 33038
x 0 33039
p 0 229 33039
x 0 33040
p 0 205 33040
x 0 33041
p 0 228 33041
x 0 33042
p 0 166 33042
x 0 33043
p 0 220 33043
x 0 33044
p 0 170 33044
x 0 33045
p 0 226 33045
x 0 33046
p 0 156 33046
x 0 33047
p 0 195 33047
x 0 33048
p 0 234 33048
x 0 33049
p 0 235 33049
x 0 33050
p 0 246 33050
x 0 33051
p 0 233 33051
x 0 33052
p 0 254 33052
x 0 33053
p 0 454 33053
x 0 33054
p 0 239 33054
x 0 33055
p 0 230 33055
x 0 33056
p 0 172 33056
x 0 33057
p 0 244 33057
x 0 33058
p 0 174 33058
x 0 33059
p 0 163 33059
x 0 33060
p 0 420 33060
x 0 33000
h 0 10.0.0.9
p 0 5904 33000
x 1 33001
h 1 10.0.0.9
p 1 1042 33001
x 0 33002
p 0 216 33002
x 0 33003
p 0 217 33003
x 0 33004
p 0 218 33004
x 0 33005
p 0 182 33005
x 0 33006
p 0 291 33006
x 0 33007
p 0 228 33007
x 0 33008
p 0 225 33008
x 0 33009
p 0 221 33009
x 0 33010
p 0 228 33010
x 0 33011
p 0 224 33011
x 0 33012
p 0 220 33012
x 0 33013
p 0 221 33013
x 0 33014
p 0 223 33014
x 0 33015
p 0 216 33015
x 0 33016
p 0 219 33016
x 0 33017
p 0 215 33017
x 0 33018
p 0 228 33018
x 0 33019
p 0 220 33019
x 0 33020
p 0 225 33020
x 0 33021
p 0 267 33021
x 0 33022
p 0 221 33022
x 0 33023
p 0 228 33023
x 0 33024
p 0 224 33024
x 0 33025
p 0 217 33025
x 0 33026
p 0 214 33026
x 0 33027
p 0 217 33027
x 0 33028
p 0 288 33028
x 0 33029
p 0 219 33029
x 0 33030
p 0 217 33030
x 0 33031
p 0 219 33031
x 0 33032
p 0 215 33032
x 0 33033
p 0 221 33033
x 0 33034
p 0 219 33034
x 0 33035
p 0 220 33035
x 0 33036
p 0 216 33036
x 0 33037
p 0 219 33037
x 0 33038
p 0 222 33038
x 0 33039
p 0 321 33039
x 0 33040
p 0 219 33040
x 0 33041
p 0 218 33041
x 0 33042
p 0 218 33042
x 0 33043
p 0 219 33043
x 0 33044
p 0 216 33044
x 0 33045
p 0 214 33045
x 0 33046
p 0 256 33046
x 0 33047
p 0 217 33047
x 0 33048
p 0 220 33048
x 0 33049
p 0 216 33049
x 0 33050
p 0 220 33050
x 0 33051
p 0 215 33051
x 0 33052
p 0 215 33052
x 0 33053
p 0 225 33053
x 0 33054
p 0 216 33054
x 0 33055
p 0 215 33055
x 0 33056
p 0 219 33056
x 0 33057
p 0 222 33057
x 0 33058
p 0 220 33058
x 0 33059
p 0 219 33059
x 0 33060
p 0 217 33060
x 0 33000
h 0 10.0.0.9
p 0 22598 33000
x 1 33001
h 1 10.0.0.9
p 1 494 33001
x 0 33002
p 0 215 33002
x 0 33003
p 0 212 33003
x 0 33004
p 0 214 33004
x 0 33005
p 0 212 33005
x 0 33006
p 0 256 33006
x 0 33007
p 0 223 33007
x 0 33008
p 0 228 33008
x 0 33009
p 0 227 33009
x 0 33010
p 0 222 33010
x 0 33011
p 0 217 33011
x 0 33012
p 0 227 33012
x 0 33013
p 0 256 33013
x 0 33014
p 0 213 33014
x 0 33015
p 0 220 33015
x 0 33016
p 0 216 33016
x 0 33017
p 0 436 33017
x 0 33018
p 0 217 33018
x 0 33019
p 0 225 33019
x 0 33020
p 0 261 33020
x 0 33021
p 0 219 33021
x 0 33022
p 0 226 33022
x 0 33023
p 0 218 33023
x 0 33024
p 0 219 33024
x 0 33025
p 0 219 33025
x 0 33026
p 0 217 33026
x 0 33027
p 0 268 33027
x 0 33028
p 0 268 33028
x 0 33029
p 0 275 33029
x 0 33030
p 0 270 33030
x 0 33031
p 0 286 33031
x 0 33032
p 0 233 33032
x 0 33033
p 0 226 33033
x 0 33034
p 0 145 33034
x 0 33035
p 0 257 33035
x 0 33036
p 0 298 33036
x 0 33037
p 0 237 33037
x 0 33038
p 0 227 33038
x 0 33039
p 0 257 33039
x 0 33040
p 0 266 33040
x 0 33041
p 0 254 33041
x 0 33042
p 0 252 33042
x 0 33043
p 0 220 33043
x 0 33044
p 0 213 33044
x 0 33045
p 0 168 33045
x 0 33046
p 0 165 33046
x 0 33047
p 0 167 33047
x 0 33048
p 0 166 33048
x 0 33049
p 0 231 33049
x 0 33050
p 0 252 33050
x 0 33051
p 0 217 33051
x 0 33052
p 0 171 33052
x 0 33053
p 0 169 33053
x 0 33054
p 0 167 33054
x 0 33055
p 0 215 33055
x 0 33056
p 0 166 33056
x 0 33057
p 0 172 33057
x 0 33058
p 0 218 33058
x 0 33059
p 0 165 33059
x 0 33060
p 0 223 33060
x 0 33000
h 0 10.0.0.9
p 0 8237 33000
x 1 33001
h 1 10.0.0.9
p 1 534 33001
x 0 33002
p 0 215 33002
x 0 33003
p 0 215 33003
x 0 33004
p 0 214 33004
x 0 33005
p 0 216 33005
x 0 33006
p 0 233 33006
x 0 33007
p 0 338 33007
x 0 33008
p 0 203 33008
x 0 33009
p 0 215 33009
x 0 33010
p 0 212 33010
x 0 33011
p 0 168 33011
x 0 33012
p 0 182 33012
x 0 33013
p 0 213 33013
x 0 33014
p 0 214 33014
x 0 33015
p 0 217 33015
x 0 33016
p 0 143 33016
x 0 33017
p 0 163 33017
x 0 33018
p 0 182 33018
x 0 33019
p 0 184 33019
x 0 33020
p 0 220 33020
x 0 33021
p 0 252 33021
x 0 33022
p 0 217 33022
x 0 33023
p 0 216 33023
x 0 33024
p 0 169 33024
x 0 33025
p 0 169 33025
x 0 33026
p 0 170 33026
x 0 33027
p 0 169 33027
x 0 33028
p 0 172 33028
x 0 33029
p 0 247 33029
x 0 33030
p 0 400 33030
x 0 33031
p 0 225 33031
x 0 33032
p 0 225 33032
x 0 33033
p 0 259 33033
x 0 33034
p 0 227 33034
x 0 33035
p 0 227 33035
x 0 33036
p 0 221 33036
x 0 33037
p 0 223 33037
x 0 33038
p 0 224 33038
x 0 33039
p 0 223 33039
x 0 33040
p 0 260 33040
x 0 33041
p 0 270 33041
x 0 33042
p 0 227 33042
x 0 33043
p 0 225 33043
x 0 33044
p 0 221 33044
x 0 33045
p 0 223 33045
x 0 33046
p 0 224 33046
x 0 33047
p 0 224 33047
x 0 33048
p 0 221 33048
x 0 33049
p 0 277 33049
x 0 33050
p 0 225 33050
x 0 33051
p 0 228 33051
x 0 33052
p 0 195 33052
x 0 33053
p 0 194 33053
x 0 33054
p 0 220 33054
x 0 33055
p 0 219 33055
x 0 33056
p 0 264 33056
x 0 33057
p 0 266 33057
x 0 33058
p 0 262 33058
x 0 33059
p 0 306 33059
x 0 33060
p 0 261 33060
x 0 33000
h 0 10.0.0.9
p 0 3840 33000
x 1 33001
h 1 10.0.0.9
p 1 552 33001
x 0 33002
p 0 216 33002
x 0 33003
p 0 216 33003
x 0 33004
p 0 214 33004
x 0 33005
p 0 229 33005
x 0 33006
p 0 347 33006
x 0 33007
p 0 225 33007
x 0 33008
p 0 305 33008
x 0 33009
p 0 220 33009
x 0 33010
p 0 219 33010
x 0 33011
p 0 217 33011
x 0 33012
p 0 218 33012
x 0 33013
p 0 220 33013
x 0 33014
p 0 215 33014
x 0 33015
p 0 219 33015
x 0 33016
p 0 220 33016
x 0 33017
p 0 251 33017
x 0 33018
p 0 216 33018
x 0 33019
p 0 308 33019
x 0 33020
p 0 220 33020
x 0 33021
p 0 218 33021
x 0 33022
p 0 214 33022
x 0 33023
p 0 193 33023
x 0 33024
p 0 213 33024
x 0 33025
p 0 302 33025
x 0 33026
p 0 216 33026
x 0 33027
p 0 215 33027
x 0 33028
p 0 211 33028
x 0 33029
p 0 213 33029
x 0 33030
p 0 211 33030
x 0 33031
p 0 249 33031
x 0 33032
p 0 208 33032
x 0 33033
p 0 208 33033
x 0 33034
p 0 210 33034
x 0 33035
p 0 212 33035
x 0 33036
p 0 269 33036
x 0 33037
p 0 215 33037
x 0 33038
p 0 213 33038
x 0 33039
p 0 215 33039
x 0 33040
p 0 214 33040
x 0 33041
p 0 213 33041
x 0 33042
p 0 212 33042
x 0 33043
p 0 215 33043
x 0 33044
p 0 216 33044
x 0 33045
p 0 213 33045
x 0 33046
p 0 212 33046
x 0 33047
p 0 213 33047
x 0 33048
p 0 214 33048
x 0 33049
p 0 214 33049
x 0 33050
p 0 212 33050
x 0 33051
p 0 184 33051
x 0 33052
p 0 213 33052
x 0 33053
p 0 214 33053
x 0 33054
p 0 213 33054
x 0 33055
p 0 214 33055
x 0 33056
p 0 218 33056
x 0 33057
p 0 240 33057
x 0 33058
p 0 327 33058
x 0 33059
p 0 229 33059
x 0 33060
p 0 301 33060
x 0 33000
h 0 10.0.0.9
p 0 7702 33000
x 1 33001
h 1 10.0.0.9
p 1 838 33001
x 0 33002
p 0 212 33002
x 0 33003
p 0 248 33003
x 0 33004
p 0 210 33004
x 0 33005
p 0 211 33005
x 0 33006
p 0 228 33006
x 0 33007
p 0 220 33007
x 0 33008
p 0 218 33008
x 0 33009
p 0 252 33009
x 0 33010
p 0 220 33010
x 0 33011
p 0 215 33011
x 0 33012
p 0 212 33012
x 0 33013
p 0 213 33013
x 0 33014
p 0 276 33014
x 0 33015
p 0 216 33015
x 0 33016
p 0 211 33016
x 0 33017
p 0 217 33017
x 0 33018
p 0 211 33018
x 0 33019
p 0 213 33019
x 0 33020
p 0 222 33020
x 0 33021
p 0 304 33021
x 0 33022
p 0 214 33022
x 0 33023
p 0 216 33023
x 0 33024
p 0 218 33024
x 0 33025
p 0 216 33025
x 0 33026
p 0 213 33026
x 0 33027
p 0 215 33027
x 0 33028
p 0 215 33028
x 0 33029
p 0 216 33029
x 0 33030
p 0 216 33030
x 0 33031
p 0 212 33031
x 0 33032
p 0 215 33032
x 0 33033
p 0 215 33033
x 0 33034
p 0 216 33034
x 0 33035
p 0 212 33035
x 0 33036
p 0 212 33036
x 0 33037
p 0 211 33037
x 0 33038
p 0 222 33038
x 0 33039
p 0 218 33039
x 0 33040
p 0 216 33040
x 0 33041
p 0 213 33041
x 0 33042
p 0 216 33042
x 0 33043
p 0 212 33043
x 0 33044
p 0 254 33044
x 0 33045
p 0 216 33045
x 0 33046
p 0 215 33046
x 0 33047
p 0 214 33047
x 0 33048
p 0 214 33048
x 0 33049
p 0 228 33049
x 0 33050
p 0 259 33050
x 0 33051
p 0 224 33051
x 0 33052
p 0 263 33052
x 0 33053
p 0 222 33053
x 0 33054
p 0 230 33054
x 0 33055
p 0 221 33055
x 0 33056
p 0 222 33056
x 0 33057
p 0 281 33057
x 0 33058
p 0 221 33058
x 0 33059
p 0 215 33059
x 0 33060
p 0 213 33060
x 0 33000
h 0 10.0.0.9
p 0 9750 33000
x 1 33001
h 1 10.0.0.9
p 1 944 33001
x 0 33002
p 0 259 33002
x 0 33003
p 0 229 33003
x 0 33004
p 0 220 33004
x 0 33005
p 0 228 33005
x 0 33006
p 0 244 33006
x 0 33007
p 0 223 33007
x 0 33008
p 0 217 33008
x 0 33009
p 0 212 33009
x 0 33010
p 0 218 33010
x 0 33011
p 0 211 33011
x 0 33012
p 0 295 33012
x 0 33013
p 0 258 33013
x 0 33014
p 0 212 33014
x 0 33015
p 0 210 33015
x 0 33016
p 0 212 33016
x 0 33017
p 0 211 33017
x 0 33018
p 0 219 33018
x 0 33019
p 0 217 33019
x 0 33020
p 0 210 33020
x 0 33021
p 0 210 33021
x 0 33022
p 0 209 33022
x 0 33023
p 0 214 33023
x 0 33024
p 0 211 33024
x 0 33025
p 0 209 33025
x 0 33026
p 0 216 33026
x 0 33027
p 0 209 33027
x 0 33028
p 0 219 33028
x 0 33029
p 0 215 33029
x 0 33030
p 0 212 33030
x 0 33031
p 0 230 33031
x 0 33032
p 0 216 33032
x 0 33033
p 0 220 33033
x 0 33034
p 0 210 33034
x 0 33035
p 0 218 33035
x 0 33036
p 0 213 33036
x 0 33037
p 0 216 33037
x 0 33038
p 0 218 33038
x 0 33039
p 0 211 33039
x 0 33040
p 0 280 33040
x 0 33041
p 0 217 33041
x 0 33042
p 0 214 33042
x 0 33043
p 0 285 33043
x 0 33044
p 0 214 33044
x 0 33045
p 0 212 33045
x 0 33046
p 0 209 33046
x 0 33047
p 0 215 33047
x 0 33048
p 0 221 33048
x 0 33049
p 0 217 33049
x 0 33050
p 0 213 33050
x 0 33051
p 0 216 33051
x 0 33052
p 0 212 33052
x 0 33053
p 0 227 33053
x 0 33054
p 0 247 33054
x 0 33055
p 0 213 33055
x 0 33056
p 0 219 33056
x 0 33057
p 0 216 33057
x 0 33058
p 0 235 33058
x 0 33059
p 0 217 33059
x 0 33060
p 0 216 33060
x 0 33000
h 0 10.0.0.9
p 0 9223 33000
x 1 33001
h 1 10.0.0.9
p 1 630 33001
x 0 33002
p 0 218 33002
x 0 33003
p 0 247 33003
x 0 33004
p 0 215 33004
x 0 33005
p 0 174 33005
x 0 33006
p 0 215 33006
x 0 33007
p 0 230 33007
x 0 33008
p 0 236 33008
x 0 33009
p 0 225 33009
x 0 33010
p 0 218 33010
x 0 33011
p 0 219 33011
x 0 33012
p 0 222 33012
x 0 33013
p 0 220 33013
x 0 33014
p 0 212 33014
x 0 33015
p 0 212 33015
x 0 33016
p 0 218 33016
x 0 33017
p 0 220 33017
x 0 33018
p 0 232 33018
x 0 33019
p 0 194 33019
x 0 33020
p 0 231 33020
x 0 33021
p 0 223 33021
x 0 33022
p 0 231 33022
x 0 33023
p 0 283 33023
x 0 33024
p 0 225 33024
x 0 33025
p 0 253 33025
x 0 33026
p 0 218 33026
x 0 33027
p 0 228 33027
x 0 33028
p 0 222 33028
x 0 33029
p 0 226 33029
x 0 33030
p 0 217 33030
x 0 33031
p 0 223 33031
x 0 33032
p 0 226 33032
x 0 33033
p 0 228 33033
x 0 33034
p 0 219 33034
x 0 33035
p 0 218 33035
x 0 33036
p 0 212 33036
x 0 33037
p 0 221 33037
x 0 33038
p 0 223 33038
x 0 33039
p 0 221 33039
x 0 33040
p 0 219 33040
x 0 33041
p 0 217 33041
x 0 33042
p 0 218 33042
x 0 33043
p 0 240 33043
x 0 33044
p 0 216 33044
x 0 33045
p 0 213 33045
x 0 33046
p 0 230 33046
x 0 33047
p 0 222 33047
x 0 33048
p 0 292 33048
x 0 33049
p 0 220 33049
x 0 33050
p 0 214 33050
x 0 33051
p 0 212 33051
x 0 33052
p 0 220 33052
x 0 33053
p 0 209 33053
x 0 33054
p 0 213 33054
x 0 33055
p 0 243 33055
x 0 33056
p 0 216 33056
x 0 33057
p 0 218 33057
x 0 33058
p 0 223 33058
x 0 33059
p 0 220 33059
x 0 33060
p 0 210 33060
x 0 33000
h 0 10.0.0.9
p 0 12304 33000
x 1 33001
h 1 10.0.0.9
p 1 1262 33001
x 0 33002
p 0 264 33002
x 0 33003
p 0 223 33003
x 0 33004
p 0 215 33004
x 0 33005
p 0 216 33005
x 0 33006
p 0 352 33006
x 0 33007
p 0 216 33007
x 0 33008
p 0 225 33008
x 0 33009
p 0 218 33009
x 0 33010
p 0 220 33010
x 0 33011
p 0 223 33011
x 0 33012
p 0 220 33012
x 0 33013
p 0 279 33013
x 0 33014
p 0 217 33014
x 0 33015
p 0 220 33015
x 0 33016
p 0 192 33016
x 0 33017
p 0 185 33017
x 0 33018
p 0 238 33018
x 0 33019
p 0 237 33019
x 0 33020
p 0 231 33020
x 0 33021
p 0 277 33021
x 0 33022
p 0 231 33022
x 0 33023
p 0 221 33023
x 0 33024
p 0 227 33024
x 0 33025
p 0 351 33025
x 0 33026
p 0 419 33026
x 0 33027
p 0 387 33027
x 0 33028
p 0 418 33028
x 0 33029
p 0 395 33029
x 0 33030
p 0 390 33030
x 0 33031
p 0 388 33031
x 0 33032
p 0 638 33032
x 0 33033
p 0 218 33033
x 0 33034
p 0 216 33034
x 0 33035
p 0 182 33035
x 0 33036
p 0 212 33036
x 0 33037
p 0 184 33037
x 0 33038
p 0 185 33038
x 0 33039
p 0 184 33039
x 0 33040
p 0 104 33040
x 0 33041
p 0 229 33041
x 0 33042
p 0 181 33042
x 0 33043
p 0 184 33043
x 0 33044
p 0 215 33044
x 0 33045
p 0 185 33045
x 0 33046
p 0 172 33046
x 0 33047
p 0 181 33047
x 0 33048
p 0 184 33048
x 0 33049
p 0 161 33049
x 0 33050
p 0 264 33050
x 0 33051
p 0 234 33051
x 0 33052
p 0 251 33052
x 0 33053
p 0 232 33053
x 0 33054
p 0 223 33054
x 0 33055
p 0 220 33055
x 0 33056
p 0 237 33056
x 0 33057
p 0 217 33057
x 0 33058
p 0 251 33058
x 0 33059
p 0 257 33059
x 0 33060
p 0 167 33060
x 0 33000
h 0 10.0.0.9
p 0 15048 33000
x 1 33001
h 1 10.0.0.9
p 1 2584 33001
x 0 33002
p 0 222 33002
x 0 33003
p 0 359 33003
x 0 33004
p 0 214 33004
x 0 33005
p 0 216 33005
x 0 33006
p 0 214 33006
x 0 33007
p 0 259 33007
x 0 33008
p 0 212 33008
x 0 33009
p 0 216 33009
x 0 33010
p 0 222 33010
x 0 33011
p 0 214 33011
x 0 33012
p 0 170 33012
x 0 33013
p 0 173 33013
x 0 33014
p 0 167 33014
x 0 33015
p 0 169 33015
x 0 33016
p 0 166 33016
x 0 33017
p 0 431 33017
x 0 33018
p 0 218 33018
x 0 33019
p 0 215 33019
x 0 33020
p 0 218 33020
x 0 33021
p 0 209 33021
x 0 33022
p 0 210 33022
x 0 33023
p 0 211 33023
x 0 33024
p 0 208 33024
x 0 33025
p 0 212 33025
x 0 33026
p 0 249 33026
x 0 33027
p 0 209 33027
x 0 33028
p 0 211 33028
x 0 33029
p 0 212 33029
x 0 33030
p 0 138 33030
x 0 33031
p 0 211 33031
x 0 33032
p 0 212 33032
x 0 33033
p 0 245 33033
x 0 33034
p 0 211 33034
x 0 33035
p 0 221 33035
x 0 33036
p 0 208 33036
x 0 33037
p 0 211 33037
x 0 33038
p 0 220 33038
x 0 33039
p 0 213 33039
x 0 33040
p 0 255 33040
x 0 33041
p 0 213 33041
x 0 33042
p 0 213 33042
x 0 33043
p 0 214 33043
x 0 33044
p 0 167 33044
x 0 33045
p 0 341 33045
x 0 33046
p 0 216 33046
x 0 33047
p 0 214 33047
x 0 33048
p 0 309 33048
x 0 33049
p 0 215 33049
x 0 33050
p 0 263 33050
x 0 33051
p 0 219 33051
x 0 33052
p 0 213 33052
x 0 33053
p 0 215 33053
x 0 33054
p 0 212 33054
x 0 33055
p 0 163 33055
x 0 33056
p 0 198 33056
x 0 33057
p 0 165 33057
x 0 33058
p 0 305 33058
x 0 33059
p 0 204 33059
x 0 33060
p 0 220 33060
x 0 33000
h 0 10.0.0.9
p 0 6565 33000
x 1 33001
h 1 10.0.0.9
p 1 699 33001
x 0 33002
p 0 221 33002
x 0 33003
p 0 249 33003
x 0 33004
p 0 248 33004
x 0 33005
p 0 166 33005
x 0 33006
p 0 248 33006
x 0 33007
p 0 176 33007
x 0 33008
p 0 171 33008
x 0 33009
p 0 154 33009
x 0 33010
p 0 176 33010
x 0 33011
p 0 175 33011
x 0 33012
p 0 212 33012
x 0 33013
p 0 184 33013
x 0 33014
p 0 186 33014
x 0 33015
p 0 182 33015
x 0 33016
p 0 207 33016
x 0 33017
p 0 184 33017
x 0 33018
p 0 181 33018
x 0 33019
p 0 180 33019
x 0 33020
p 0 206 33020
x 0 33021
p 0 181 33021
x 0 33022
p 0 182 33022
x 0 33023
p 0 180 33023
x 0 33024
p 0 208 33024
x 0 33025
p 0 180 33025
x 0 33026
p 0 180 33026
x 0 33027
p 0 216 33027
x 0 33028
p 0 214 33028
x 0 33029
p 0 178 33029
x 0 33030
p 0 328 33030
x 0 33031
p 0 335 33031
x 0 33032
p 0 441 33032
x 0 33033
p 0 336 33033
x 0 33034
p 0 227 33034
x 0 33035
p 0 205 33035
x 0 33036
p 0 331 33036
x 0 33037
p 0 201 33037
x 0 33038
p 0 181 33038
x 0 33039
p 0 189 33039
x 0 33040
p 0 241 33040
x 0 33041
p 0 179 33041
x 0 33042
p 0 181 33042
x 0 33043
p 0 179 33043
x 0 33044
p 0 251 33044
x 0 33045
p 0 214 33045
x 0 33046
p 0 214 33046
x 0 33047
p 0 211 33047
x 0 33048
p 0 219 33048
x 0 33049
p 0 218 33049
x 0 33050
p 0 244 33050
x 0 33051
p 0 190 33051
x 0 33052
p 0 216 33052
x 0 33053
p 0 192 33053
x 0 33054
p 0 217 33054
x 0 33055
p 0 190 33055
x 0 33056
p 0 210 33056
x 0 33057
p 0 214 33057
x 0 33058
p 0 218 33058
x 0 33059
p 0 197 33059
x 0 33060
p 0 213 33060
x 0 33000
h 0 10.0.0.9
p 0 2792 33000
x 1 33001
h 1 10.0.0.9
p 1 1117 33001
x 0 33002
p 0 225 33002
x 0 33003
p 0 220 33003
x 0 33004
p 0 220 33004
x 0 33005
p 0 216 33005
x 0 33006
p 0 215 33006
x 0 33007
p 0 224 33007
x 0 33008
p 0 216 33008
x 0 33009
p 0 207 33009
x 0 33010
p 0 210 33010
x 0 33011
p 0 210 33011
x 0 33012
p 0 210 33012
x 0 33013
p 0 210 33013
x 0 33014
p 0 209 33014
x 0 33015
p 0 213 33015
x 0 33016
p 0 212 33016
x 0 33017
p 0 213 33017
x 0 33018
p 0 216 33018
x 0 33019
p 0 157 33019
x 0 33020
p 0 217 33020
x 0 33021
p 0 236 33021
x 0 33022
p 0 264 33022
x 0 33023
p 0 210 33023
x 0 33024
p 0 211 33024
x 0 33025
p 0 213 33025
x 0 33026
p 0 294 33026
x 0 33027
p 0 225 33027
x 0 33028
p 0 223 33028
x 0 33029
p 0 209 33029
x 0 33030
p 0 217 33030
x 0 33031
p 0 212 33031
x 0 33032
p 0 278 33032
x 0 33033
p 0 216 33033
x 0 33034
p 0 212 33034
x 0 33035
p 0 213 33035
x 0 33036
p 0 214 33036
x 0 33037
p 0 219 33037
x 0 33038
p 0 225 33038
x 0 33039
p 0 216 33039
x 0 33040
p 0 220 33040
x 0 33041
p 0 217 33041
x 0 33042
p 0 224 33042
x 0 33043
p 0 231 33043
x 0 33044
p 0 213 33044
x 0 33045
p 0 220 33045
x 0 33046
p 0 218 33046
x 0 33047
p 0 229 33047
x 0 33048
p 0 223 33048
x 0 33049
p 0 217 33049
x 0 33050
p 0 219 33050
x 0 33051
p 0 222 33051
x 0 33052
p 0 223 33052
x 0 33053
p 0 222 33053
x 0 33054
p 0 225 33054
x 0 33055
p 0 293 33055
x 0 33056
p 0 194 33056
x 0 33057
p 0 202 33057
x 0 33058
p 0 198 33058
x 0 33059
p 0 190 33059
x 0 33060
p 0 248 33060
x 0 33000
h 0 10.0.0.9
p 0 11057 33000
x 1 33001
h 1 10.0.0.9
p 1 1397 33001
x 0 33002
p 0 215 33002
x 0 33003
p 0 219 33003
x 0 33004
p 0 217 33004
x 0 33005
p 0 218 33005
x 0 33006
p 0 227 33006
x 0 33007
p 0 215 33007
x 0 33008
p 0 236 33008
x 0 33009
p 0 217 33009
x 0 33010
p 0 217 33010
x 0 33011
p 0 222 33011
x 0 33012
p 0 214 33012
x 0 33013
p 0 273 33013
x 0 33014
p 0 216 33014
x 0 33015
p 0 216 33015
x 0 33016
p 0 216 33016
x 0 33017
p 0 218 33017
x 0 33018
p 0 216 33018
x 0 33019
p 0 195 33019
x 0 33020
p 0 221 33020
x 0 33021
p 0 218 33021
x 0 33022
p 0 217 33022
x 0 33023
p 0 215 33023
x 0 33024
p 0 222 33024
x 0 33025
p 0 215 33025
x 0 33026
p 0 281 33026
x 0 33027
p 0 220 33027
x 0 33028
p 0 216 33028
x 0 33029
p 0 216 33029
x 0 33030
p 0 217 33030
x 0 33031
p 0 221 33031
x 0 33032
p 0 222 33032
x 0 33033
p 0 286 33033
x 0 33034
p 0 216 33034
x 0 33035
p 0 313 33035
x 0 33036
p 0 291 33036
x 0 33037
p 0 220 33037
x 0 33038
p 0 304 33038
x 0 33039
p 0 230 33039
x 0 33040
p 0 218 33040
x 0 33041
p 0 217 33041
x 0 33042
p 0 226 33042
x 0 33043
p 0 221 33043
x 0 33044
p 0 164 33044
x 0 33045
p 0 219 33045
x 0 33046
p 0 222 33046
x 0 33047
p 0 226 33047
x 0 33048
p 0 224 33048
x 0 33049
p 0 214 33049
x 0 33050
p 0 217 33050
x 0 33051
p 0 222 33051
x 0 33052
p 0 260 33052
x 0 33053
p 0 219 33053
x 0 33054
p 0 218 33054
x 0 33055
p 0 224 33055
x 0 33056
p 0 321 33056
x 0 33057
p 0 262 33057
x 0 33058
p 0 261 33058
x 0 33059
p 0 363 33059
x 0 33060
p 0 216 33060
x 0 33000
h 0 10.0.0.9
p 0 20816 33000
x 1 33001
h 1 10.0.0.9
p 1 644 33001
x 0 33002
p 0 286 33002
x 0 33003
p 0 260 33003
x 0 33004
p 0 246 33004
x 0 33005
p 0 261 33005
x 0 33006
p 0 252 33006
x 0 33007
p 0 214 33007
x 0 33008
p 0 251 33008
x 0 33009
p 0 249 33009
x 0 33010
p 0 245 33010
x 0 33011
p 0 215 33011
x 0 33012
p 0 213 33012
x 0 33013
p 0 255 33013
x 0 33014
p 0 214 33014
x 0 33015
p 0 247 33015
x 0 33016
p 0 214 33016
x 0 33017
p 0 217 33017
x 0 33018
p 0 213 33018
x 0 33019
p 0 215 33019
x 0 33020
p 0 380 33020
x 0 33021
p 0 216 33021
x 0 33022
p 0 212 33022
x 0 33023
p 0 279 33023
x 0 33024
p 0 215 33024
x 0 33025
p 0 211 33025
x 0 33026
p 0 220 33026
x 0 33027
p 0 215 33027
x 0 33028
p 0 218 33028
x 0 33029
p 0 218 33029
x 0 33030
p 0 217 33030
x 0 33031
p 0 248 33031
x 0 33032
p 0 220 33032
x 0 33033
p 0 304 33033
x 0 33034
p 0 224 33034
x 0 33035
p 0 224 33035
x 0 33036
p 0 222 33036
x 0 33037
p 0 270 33037
x 0 33038
p 0 221 33038
x 0 33039
p 0 231 33039
x 0 33040
p 0 228 33040
x 0 33041
p 0 241 33041
x 0 33042
p 0 225 33042
x 0 33043
p 0 227 33043
x 0 33044
p 0 223 33044
x 0 33045
p 0 227 33045
x 0 33046
p 0 224 33046
x 0 33047
p 0 235 33047
x 0 33048
p 0 233 33048
x 0 33049
p 0 226 33049
x 0 33050
p 0 255 33050
x 0 33051
p 0 243 33051
x 0 33052
p 0 226 33052
x 0 33053
p 0 319 33053
x 0 33054
p 0 228 33054
x 0 33055
p 0 236 33055
x 0 33056
p 0 296 33056
x 0 33057
p 0 251 33057
x 0 33058
p 0 257 33058
x 0 33059
p 0 254 33059
x 0 33060
p 0 237 33060
x 0 33000
h 0 10.0.0.9
p 0 16805 33000
x 1 33001
h 1 10.0.0.9
p 1 676 33001
x 0 33002
p 0 257 33002
x 0 33003
p 0 217 33003
x 0 33004
p 0 216 33004
x 0 33005
p 0 218 33005
x 0 33006
p 0 220 33006
x 0 33007
p 0 217 33007
x 0 33008
p 0 217 33008
x 0 33009
p 0 226 33009
x 0 33010
p 0 218 33010
x 0 33011
p 0 215 33011
x 0 33012
p 0 211 33012
x 0 33013
p 0 217 33013
x 0 33014
p 0 223 33014
x 0 33015
p 0 253 33015
x 0 33016
p 0 218 33016
x 0 33017
p 0 212 33017
x 0 33018
p 0 212 33018
x 0 33019
p 0 220 33019
x 0 33020
p 0 217 33020
x 0 33021
p 0 238 33021
x 0 33022
p 0 249 33022
x 0 33023
p 0 216 33023
x 0 33024
p 0 218 33024
x 0 33025
p 0 216 33025
x 0 33026
p 0 217 33026
x 0 33027
p 0 216 33027
x 0 33028
p 0 218 33028
x 0 33029
p 0 251 33029
x 0 33030
p 0 219 33030
x 0 33031
p 0 216 33031
x 0 33032
p 0 214 33032
x 0 33033
p 0 216 33033
x 0 33034
p 0 218 33034
x 0 33035
p 0 219 33035
x 0 33036
p 0 254 33036
x 0 33037
p 0 217 33037
x 0 33038
p 0 215 33038
x 0 33039
p 0 217 33039
x 0 33040
p 0 217 33040
x 0 33041
p 0 220 33041
x 0 33042
p 0 217 33042
x 0 33043
p 0 216 33043
x 0 33044
p 0 244 33044
x 0 33045
p 0 213 33045
x 0 33046
p 0 219 33046
x 0 33047
p 0 220 33047
x 0 33048
p 0 218 33048
x 0 33049
p 0 217 33049
x 0 33050
p 0 223 33050
x 0 33051
p 0 249 33051
x 0 33052
p 0 211 33052
x 0 33053
p 0 214 33053
x 0 33054
p 0 216 33054
x 0 33055
p 0 211 33055
x 0 33056
p 0 219 33056
x 0 33057
p 0 215 33057
x 0 33058
p 0 217 33058
x 0 33059
p 0 241 33059
x 0 33060
p 0 222 33060
x 0 33000
h 0 10.0.0.9
p 0 13566 33000
x 1 33001
h 1 10.0.0.9
p 1 1948 33001
x 0 33002
p 0 245 33002
x 0 33003
p 0 404 33003
x 0 33004
p 0 128 33004
x 0 33005
p 0 319 33005
x 0 33006
p 0 223 33006
x 0 33007
p 0 224 33007
x 0 33008
p 0 199 33008
x 0 33009
p 0 251 33009
x 0 33010
p 0 215 33010
x 0 33011
p 0 288 33011
x 0 33012
p 0 187 33012
x 0 33013
p 0 327 33013
x 0 33014
p 0 302 33014
x 0 33015
p 0 221 33015
x 0 33016
p 0 187 33016
x 0 33017
p 0 245 33017
x 0 33018
p 0 218 33018
x 0 33019
p 0 301 33019
x 0 33020
p 0 190 33020
x 0 33021
p 0 242 33021
x 0 33022
p 0 184 33022
x 0 33023
p 0 218 33023
x 0 33024
p 0 216 33024
x 0 33025
p 0 329 33025
x 0 33026
p 0 213 33026
x 0 33027
p 0 297 33027
x 0 33028
p 0 185 33028
x 0 33029
p 0 196 33029
x 0 33030
p 0 162 33030
x 0 33031
p 0 169 33031
x 0 33032
p 0 214 33032
x 0 33033
p 0 217 33033
x 0 33034
p 0 215 33034
x 0 33035
p 0 272 33035
x 0 33036
p 0 215 33036
x 0 33037
p 0 189 33037
x 0 33038
p 0 245 33038
x 0 33039
p 0 218 33039
x 0 33040
p 0 202 33040
x 0 33041
p 0 313 33041
x 0 33042
p 0 185 33042
x 0 33043
p 0 334 33043
x 0 33044
p 0 214 33044
x 0 33045
p 0 220 33045
x 0 33046
p 0 188 33046
x 0 33047
p 0 255 33047
x 0 33048
p 0 254 33048
x 0 33049
p 0 170 33049
x 0 33050
p 0 186 33050
x 0 33051
p 0 254 33051
x 0 33052
p 0 215 33052
x 0 33053
p 0 221 33053
x 0 33054
p 0 187 33054
x 0 33055
p 0 133 33055
x 0 33056
p 0 217 33056
x 0 33057
p 0 188 33057
x 0 33058
p 0 188 33058
x 0 33059
p 0 246 33059
x 0 33060
p 0 217 33060
x 0 33000
h 0 10.0.0.9
p 0 23840 33000
x 1 33001
h 1 10.0.0.9
p 1 779 33001
x 0 33002
p 0 231 33002
x 0 33003
p 0 221 33003
x 0 33004
p 0 230 33004
x 0 33005
p 0 222 33005
x 0 33006
p 0 231 33006
x 0 33007
p 0 229 33007
x 0 33008
p 0 215 33008
x 0 33009
p 0 250 33009
x 0 33010
p 0 214 33010
x 0 33011
p 0 213 33011
x 0 33012
p 0 223 33012
x 0 33013
p 0 248 33013
x 0 33014
p 0 231 33014
x 0 33015
p 0 219 33015
x 0 33016
p 0 191 33016
x 0 33017
p 0 254 33017
x 0 33018
p 0 220 33018
x 0 33019
p 0 218 33019
x 0 33020
p 0 212 33020
x 0 33021
p 0 260 33021
x 0 33022
p 0 219 33022
x 0 33023
p 0 213 33023
x 0 33024
p 0 220 33024
x 0 33025
p 0 245 33025
x 0 33026
p 0 214 33026
x 0 33027
p 0 223 33027
x 0 33028
p 0 210 33028
x 0 33029
p 0 245 33029
x 0 33030
p 0 213 33030
x 0 33031
p 0 224 33031
x 0 33032
p 0 225 33032
x 0 33033
p 0 254 33033
x 0 33034
p 0 221 33034
x 0 33035
p 0 212 33035
x 0 33036
p 0 190 33036
x 0 33037
p 0 267 33037
x 0 33038
p 0 218 33038
x 0 33039
p 0 229 33039
x 0 33040
p 0 193 33040
x 0 33041
p 0 188 33041
x 0 33042
p 0 224 33042
x 0 33043
p 0 216 33043
x 0 33044
p 0 219 33044
x 0 33045
p 0 242 33045
x 0 33046
p 0 199 33046
x 0 33047
p 0 218 33047
x 0 33048
p 0 196 33048
x 0 33049
p 0 249 33049
x 0 33050
p 0 184 33050
x 0 33051
p 0 220 33051
x 0 33052
p 0 238 33052
x 0 33053
p 0 213 33053
x 0 33054
p 0 283 33054
x 0 33055
p 0 263 33055
x 0 33056
p 0 446 33056
x 0 33057
p 0 294 33057
x 0 33058
p 0 216 33058
x 0 33059
p 0 219 33059
x 0 33060
p 0 225 33060
x 0 33000
h 0 10.0.0.9
p 0 11836 33000
x 1 33001
h 1 10.0.0.9
p 1 1015 33001
x 0 33002
p 0 225 33002
x 0 33003
p 0 228 33003
x 0 33004
p 0 213 33004
x 0 33005
p 0 246 33005
x 0 33006
p 0 225 33006
x 0 33007
p 0 230 33007
x 0 33008
p 0 222 33008
x 0 33009
p 0 212 33009
x 0 33010
p 0 217 33010
x 0 33011
p 0 273 33011
x 0 33012
p 0 247 33012
x 0 33013
p 0 217 33013
x 0 33014
p 0 221 33014
x 0 33015
p 0 220 33015
x 0 33016
p 0 222 33016
x 0 33017
p 0 220 33017
x 0 33018
p 0 181 33018
x 0 33019
p 0 248 33019
x 0 33020
p 0 210 33020
x 0 33021
p 0 229 33021
x 0 33022
p 0 217 33022
x 0 33023
p 0 218 33023
x 0 33024
p 0 220 33024
x 0 33025
p 0 217 33025
x 0 33026
p 0 250 33026
x 0 33027
p 0 226 33027
x 0 33028
p 0 96 33028
x 0 33029
p 0 181 33029
x 0 33030
p 0 212 33030
x 0 33031
p 0 278 33031
x 0 33032
p 0 197 33032
x 0 33033
p 0 234 33033
x 0 33034
p 0 219 33034
x 0 33035
p 0 215 33035
x 0 33036
p 0 240 33036
x 0 33037
p 0 186 33037
x 0 33038
p 0 189 33038
x 0 33039
p 0 179 33039
x 0 33040
p 0 122 33040
x 0 33041
p 0 168 33041
x 0 33042
p 0 165 33042
x 0 33043
p 0 163 33043
x 0 33044
p 0 165 33044
x 0 33045
p 0 169 33045
x 0 33046
p 0 192 33046
x 0 33047
p 0 209 33047
x 0 33048
p 0 209 33048
x 0 33049
p 0 211 33049
x 0 33050
p 0 205 33050
x 0 33051
p 0 76 33051
x 0 33052
p 0 242 33052
x 0 33053
p 0 172 33053
x 0 33054
p 0 237 33054
x 0 33055
p 0 229 33055
x 0 33056
p 0 230 33056
x 0 33057
p 0 202 33057
x 0 33058
p 0 154 33058
x 0 33059
p 0 155 33059
x 0 33060
p 0 154 33060
x 0 33000
h 0 10.0.0.9
p 0 9451 33000
x 1 33001
h 1 10.0.0.9
p 1 578 33001
x 0 33002
p 0 218 33002
x 0 33003
p 0 215 33003
x 0 33004
p 0 212 33004
x 0 33005
p 0 216 33005
x 0 33006
p 0 262 33006
x 0 33007
p 0 230 33007
x 0 33008
p 0 236 33008
x 0 33009
p 0 218 33009
x 0 33010
p 0 226 33010
x 0 33011
p 0 225 33011
x 0 33012
p 0 220 33012
x 0 33013
p 0 254 33013
x 0 33014
p 0 218 33014
x 0 33015
p 0 251 33015
x 0 33016
p 0 226 33016
x 0 33017
p 0 223 33017
x 0 33018
p 0 222 33018
x 0 33019
p 0 238 33019
x 0 33020
p 0 250 33020
x 0 33021
p 0 222 33021
x 0 33022
p 0 220 33022
x 0 33023
p 0 220 33023
x 0 33024
p 0 217 33024
x 0 33025
p 0 247 33025
x 0 33026
p 0 232 33026
x 0 33027
p 0 249 33027
x 0 33028
p 0 223 33028
x 0 33029
p 0 226 33029
x 0 33030
p 0 230 33030
x 0 33031
p 0 231 33031
x 0 33032
p 0 222 33032
x 0 33033
p 0 221 33033
x 0 33034
p 0 241 33034
x 0 33035
p 0 238 33035
x 0 33036
p 0 229 33036
x 0 33037
p 0 219 33037
x 0 33038
p 0 222 33038
x 0 33039
p 0 232 33039
x 0 33040
p 0 230 33040
x 0 33041
p 0 260 33041
x 0 33042
p 0 225 33042
x 0 33043
p 0 235 33043
x 0 33044
p 0 224 33044
x 0 33045
p 0 238 33045
x 0 33046
p 0 228 33046
x 0 33047
p 0 228 33047
x 0 33048
p 0 261 33048
x 0 33049
p 0 228 33049
x 0 33050
p 0 236 33050
x 0 33051
p 0 229 33051
x 0 33052
p 0 227 33052
x 0 33053
p 0 221 33053
x 0 33054
p 0 219 33054
x 0 33055
p 0 257 33055
x 0 33056
p 0 220 33056
x 0 33057
p 0 220 33057
x 0 33058
p 0 212 33058
x 0 33059
p 0 214 33059
x 0 33060
p 0 213 33060
x 0 33000
h 0 10.0.0.9
p 0 4365 33000
x 1 33001
h 1 10.0.0.9
p 1 1148 33001
x 0 33002
p 0 251 33002
x 0 33003
p 0 223 33003
x 0 33004
p 0 272 33004
x 0 33005
p 0 274 33005
x 0 33006
p 0 223 33006
x 0 33007
p 0 222 33007
x 0 33008
p 0 213 33008
x 0 33009
p 0 219 33009
x 0 33010
p 0 219 33010
x 0 33011
p 0 247 33011
x 0 33012
p 0 216 33012
x 0 33013
p 0 230 33013
x 0 33014
p 0 219 33014
x 0 33015
p 0 247 33015
x 0 33016
p 0 222 33016
x 0 33017
p 0 214 33017
x 0 33018
p 0 217 33018
x 0 33019
p 0 220 33019
x 0 33020
p 0 217 33020
x 0 33021
p 0 217 33021
x 0 33022
p 0 239 33022
x 0 33023
p 0 216 33023
x 0 33024
p 0 219 33024
x 0 33025
p 0 224 33025
x 0 33026
p 0 221 33026
x 0 33027
p 0 218 33027
x 0 33028
p 0 217 33028
x 0 33029
p 0 224 33029
x 0 33030
p 0 216 33030
x 0 33031
p 0 215 33031
x 0 33032
p 0 224 33032
x 0 33033
p 0 215 33033
x 0 33034
p 0 226 33034
x 0 33035
p 0 223 33035
x 0 33036
p 0 298 33036
x 0 33037
p 0 215 33037
x 0 33038
p 0 222 33038
x 0 33039
p 0 220 33039
x 0 33040
p 0 216 33040
x 0 33041
p 0 220 33041
x 0 33042
p 0 215 33042
x 0 33043
p 0 214 33043
x 0 33044
p 0 226 33044
x 0 33045
p 0 220 33045
x 0 33046
p 0 214 33046
x 0 33047
p 0 218 33047
x 0 33048
p 0 220 33048
x 0 33049
p 0 225 33049
x 0 33050
p 0 221 33050
x 0 33051
p 0 218 33051
x 0 33052
p 0 221 33052
x 0 33053
p 0 214 33053
x 0 33054
p 0 225 33054
x 0 33055
p 0 264 33055
x 0 33056
p 0 220 33056
x 0 33057
p 0 223 33057
x 0 33058
p 0 219 33058
x 0 33059
p 0 223 33059
x 0 33060
p 0 250 33060
x 0 33000
h 0 10.0.0.9
p 0 19185 33000
x 1 33001
h 1 10.0.0.9
p 1 919 33001
x 0 33002
p 0 233 33002
x 0 33003
p 0 216 33003
x 0 33004
p 0 215 33004
x 0 33005
p 0 213 33005
x 0 33006
p 0 191 33006
x 0 33007
p 0 186 33007
x 0 33008
p 0 188 33008
x 0 33009
p 0 187 33009
x 0 33010
p 0 244 33010
x 0 33011
p 0 182 33011
x 0 33012
p 0 201 33012
x 0 33013
p 0 294 33013
x 0 33014
p 0 190 33014
x 0 33015
p 0 190 33015
x 0 33016
p 0 195 33016
x 0 33017
p 0 194 33017
x 0 33018
p 0 190 33018
x 0 33019
p 0 378 33019
x 0 33020
p 0 194 33020
x 0 33021
p 0 190 33021
x 0 33022
p 0 184 33022
x 0 33023
p 0 187 33023
x 0 33024
p 0 117 33024
x 0 33025
p 0 222 33025
x 0 33026
p 0 163 33026
x 0 33027
p 0 167 33027
x 0 33028
p 0 166 33028
x 0 33029
p 0 168 33029
x 0 33030
p 0 175 33030
x 0 33031
p 0 210 33031
x 0 33032
p 0 167 33032
x 0 33033
p 0 224 33033
x 0 33034
p 0 167 33034
x 0 33035
p 0 225 33035
x 0 33036
p 0 164 33036
x 0 33037
p 0 204 33037
x 0 33038
p 0 169 33038
x 0 33039
p 0 222 33039
x 0 33040
p 0 164 33040
x 0 33041
p 0 165 33041
x 0 33042
p 0 221 33042
x 0 33043
p 0 170 33043
x 0 33044
p 0 167 33044
x 0 33045
p 0 223 33045
x 0 33046
p 0 165 33046
x 0 33047
p 0 223 33047
x 0 33048
p 0 168 33048
x 0 33049
p 0 177 33049
x 0 33050
p 0 226 33050
x 0 33051
p 0 192 33051
x 0 33052
p 0 266 33052
x 0 33053
p 0 233 33053
x 0 33054
p 0 237 33054
x 0 33055
p 0 245 33055
x 0 33056
p 0 247 33056
x 0 33057
p 0 245 33057
x 0 33058
p 0 252 33058
x 0 33059
p 0 316 33059
x 0 33060
p 0 244 33060
x 0 33000
h 0 10.0.0.9
p 0 12227 33000
x 1 33001
h 1 10.0.0.9
p 1 1039 33001
x 0 33002
p 0 225 33002
x 0 33003
p 0 218 33003
x 0 33004
p 0 216 33004
x 0 33005
p 0 217 33005
x 0 33006
p 0 214 33006
x 0 33007
p 0 243 33007
x 0 33008
p 0 212 33008
x 0 33009
p 0 218 33009
x 0 33010
p 0 211 33010
x 0 33011
p 0 213 33011
x 0 33012
p 0 218 33012
x 0 33013
p 0 210 33013
x 0 33014
p 0 245 33014
x 0 33015
p 0 212 33015
x 0 33016
p 0 209 33016
x 0 33017
p 0 216 33017
x 0 33018
p 0 211 33018
x 0 33019
p 0 211 33019
x 0 33020
p 0 210 33020
x 0 33021
p 0 238 33021
x 0 33022
p 0 213 33022
x 0 33023
p 0 209 33023
x 0 33024
p 0 208 33024
x 0 33025
p 0 210 33025
x 0 33026
p 0 211 33026
x 0 33027
p 0 215 33027
x 0 33028
p 0 238 33028
x 0 33029
p 0 209 33029
x 0 33030
p 0 209 33030
x 0 33031
p 0 218 33031
x 0 33032
p 0 258 33032
x 0 33033
p 0 211 33033
x 0 33034
p 0 211 33034
x 0 33035
p 0 211 33035
x 0 33036
p 0 210 33036
x 0 33037
p 0 217 33037
x 0 33038
p 0 211 33038
x 0 33039
p 0 210 33039
x 0 33040
p 0 211 33040
x 0 33041
p 0 214 33041
x 0 33042
p 0 215 33042
x 0 33043
p 0 210 33043
x 0 33044
p 0 215 33044
x 0 33045
p 0 209 33045
x 0 33046
p 0 211 33046
x 0 33047
p 0 214 33047
x 0 33048
p 0 211 33048
x 0 33049
p 0 210 33049
x 0 33050
p 0 238 33050
x 0 33051
p 0 212 33051
x 0 33052
p 0 219 33052
x 0 33053
p 0 211 33053
x 0 33054
p 0 215 33054
x 0 33055
p 0 214 33055
x 0 33056
p 0 216 33056
x 0 33057
p 0 233 33057
x 0 33058
p 0 220 33058
x 0 33059
p 0 218 33059
x 0 33060
p 0 216 33060
x 0 33000
h 0 10.0.0.9
p 0 6270 33000
x 1 33001
h 1 10.0.0.9
p 1 712 33001
x 0 33002
p 0 159 33002
x 0 33003
p 0 233 33003
x 0 33004
p 0 224 33004
x 0 33005
p 0 222 33005
x 0 33006
p 0 228 33006
x 0 33007
p 0 276 33007
x 0 33008
p 0 223 33008
x 0 33009
p 0 225 33009
x 0 33010
p 0 225 33010
x 0 33011
p 0 229 33011
x 0 33012
p 0 225 33012
x 0 33013
p 0 227 33013
x 0 33014
p 0 340 33014
x 0 33015
p 0 226 33015
x 0 33016
p 0 228 33016
x 0 33017
p 0 224 33017
x 0 33018
p 0 228 33018
x 0 33019
p 0 225 33019
x 0 33020
p 0 257 33020
x 0 33021
p 0 271 33021
x 0 33022
p 0 231 33022
x 0 33023
p 0 226 33023
x 0 33024
p 0 229 33024
x 0 33025
p 0 229 33025
x 0 33026
p 0 234 33026
x 0 33027
p 0 227 33027
x 0 33028
p 0 300 33028
x 0 33029
p 0 226 33029
x 0 33030
p 0 227 33030
x 0 33031
p 0 231 33031
x 0 33032
p 0 225 33032
x 0 33033
p 0 225 33033
x 0 33034
p 0 247 33034
x 0 33035
p 0 285 33035
x 0 33036
p 0 226 33036
x 0 33037
p 0 225 33037
x 0 33038
p 0 223 33038
x 0 33039
p 0 224 33039
x 0 33040
p 0 225 33040
x 0 33041
p 0 233 33041
x 0 33042
p 0 283 33042
x 0 33043
p 0 225 33043
x 0 33044
p 0 229 33044
x 0 33045
p 0 140 33045
x 0 33046
p 0 227 33046
x 0 33047
p 0 223 33047
x 0 33048
p 0 227 33048
x 0 33049
p 0 298 33049
x 0 33050
p 0 227 33050
x 0 33051
p 0 230 33051
x 0 33052
p 0 226 33052
x 0 33053
p 0 225 33053
x 0 33054
p 0 224 33054
x 0 33055
p 0 227 33055
x 0 33056
p 0 321 33056
x 0 33057
p 0 222 33057
x 0 33058
p 0 225 33058
x 0 33059
p 0 222 33059
x 0 33060
p 0 222 33060
x 0 33000
h 0 10.0.0.9
p 0 12210 33000
x 1 33001
h 1 10.0.0.9
p 1 1133 33001
x 0 33002
p 0 286 33002
x 0 33003
p 0 287 33003
x 0 33004
p 0 376 33004
x 0 33005
p 0 441 33005
x 0 33006
p 0 361 33006
x 0 33007
p 0 260 33007
x 0 33008
p 0 244 33008
x 0 33009
p 0 246 33009
x 0 33010
p 0 263 33010
x 0 33011
p 0 268 33011
x 0 33012
p 0 213 33012
x 0 33013
p 0 179 33013
x 0 33014
p 0 221 33014
x 0 33015
p 0 249 33015
x 0 33016
p 0 215 33016
x 0 33017
p 0 222 33017
x 0 33018
p 0 215 33018
x 0 33019
p 0 167 33019
x 0 33020
p 0 219 33020
x 0 33021
p 0 244 33021
x 0 33022
p 0 244 33022
x 0 33023
p 0 275 33023
x 0 33024
p 0 221 33024
x 0 33025
p 0 216 33025
x 0 33026
p 0 310 33026
x 0 33027
p 0 248 33027
x 0 33028
p 0 213 33028
x 0 33029
p 0 332 33029
x 0 33030
p 0 350 33030
x 0 33031
p 0 228 33031
x 0 33032
p 0 222 33032
x 0 33033
p 0 227 33033
x 0 33034
p 0 226 33034
x 0 33035
p 0 225 33035
x 0 33036
p 0 223 33036
x 0 33037
p 0 270 33037
x 0 33038
p 0 225 33038
x 0 33039
p 0 228 33039
x 0 33040
p 0 225 33040
x 0 33041
p 0 218 33041
x 0 33042
p 0 217 33042
x 0 33043
p 0 266 33043
x 0 33044
p 0 238 33044
x 0 33045
p 0 222 33045
x 0 33046
p 0 216 33046
x 0 33047
p 0 247 33047
x 0 33048
p 0 166 33048
x 0 33049
p 0 274 33049
x 0 33050
p 0 216 33050
x 0 33051
p 0 219 33051
x 0 33052
p 0 216 33052
x 0 33053
p 0 219 33053
x 0 33054
p 0 195 33054
x 0 33055
p 0 194 33055
x 0 33056
p 0 191 33056
x 0 33057
p 0 192 33057
x 0 33058
p 0 224 33058
x 0 33059
p 0 334 33059
x 0 33060
p 0 225 33060
x 0 33000
h 0 10.0.0.9
p 0 11959 33000
x 1 33001
h 1 10.0.0.9
p 1 803 33001
x 0 33002
p 0 221 33002
x 0 33003
p 0 223 33003
x 0 33004
p 0 257 33004
x 0 33005
p 0 218 33005
x 0 33006
p 0 256 33006
x 0 33007
p 0 187 33007
x 0 33008
p 0 194 33008
x 0 33009
p 0 191 33009
x 0 33010
p 0 214 33010
x 0 33011
p 0 217 33011
x 0 33012
p 0 243 33012
x 0 33013
p 0 220 33013
x 0 33014
p 0 216 33014
x 0 33015
p 0 216 33015
x 0 33016
p 0 216 33016
x 0 33017
p 0 248 33017
x 0 33018
p 0 219 33018
x 0 33019
p 0 215 33019
x 0 33020
p 0 215 33020
x 0 33021
p 0 216 33021
x 0 33022
p 0 256 33022
x 0 33023
p 0 219 33023
x 0 33024
p 0 191 33024
x 0 33025
p 0 240 33025
x 0 33026
p 0 217 33026
x 0 33027
p 0 190 33027
x 0 33028
p 0 222 33028
x 0 33029
p 0 287 33029
x 0 33030
p 0 218 33030
x 0 33031
p 0 220 33031
x 0 33032
p 0 203 33032
x 0 33033
p 0 224 33033
x 0 33034
p 0 286 33034
x 0 33035
p 0 286 33035
x 0 33036
p 0 329 33036
x 0 33037
p 0 299 33037
x 0 33038
p 0 289 33038
x 0 33039
p 0 299 33039
x 0 33040
p 0 289 33040
x 0 33041
p 0 367 33041
x 0 33042
p 0 295 33042
x 0 33043
p 0 295 33043
x 0 33044
p 0 303 33044
x 0 33045
p 0 425 33045
x 0 33046
p 0 374 33046
x 0 33047
p 0 359 33047
x 0 33048
p 0 393 33048
x 0 33049
p 0 189 33049
x 0 33050
p 0 190 33050
x 0 33051
p 0 189 33051
x 0 33052
p 0 194 33052
x 0 33053
p 0 283 33053
x 0 33054
p 0 268 33054
x 0 33055
p 0 305 33055
x 0 33056
p 0 271 33056
x 0 33057
p 0 220 33057
x 0 33058
p 0 226 33058
x 0 33059
p 0 225 33059
x 0 33060
p 0 254 33060
