x 0 33000
h 0 10.0.0.3
p 0 27562 33000
x 1 33001
h 1 10.0.0.3
p 1 1102 33001
x 0 33002
p 0 244 33002
x 0 33003
p 0 236 33003
x 0 33004
p 0 250 33004
x 0 33005
p 0 249 33005
x 0 33006
p 0 232 33006
x 0 33007
p 0 241 33007
x 0 33008
p 0 244 33008
x 0 33009
p 0 227 33009
x 0 33010
p 0 238 33010
x 0 33011
p 0 244 33011
x 0 33012
p 0 229 33012
x 0 33013
p 0 229 33013
x 0 33014
p 0 185 33014
x 0 33015
p 0 231 33015
x 0 33016
p 0 203 33016
x 0 33017
p 0 233 33017
x 0 33018
p 0 232 33018
x 0 33019
p 0 201 33019
x 0 33020
p 0 198 33020
x 0 33021
p 0 203 33021
x 0 33022
p 0 201 33022
x 0 33023
p 0 181 33023
x 0 33024
p 0 205 33024
x 0 33025
p 0 206 33025
x 0 33026
p 0 235 33026
x 0 33027
p 0 207 33027
x 0 33028
p 0 211 33028
x 0 33029
p 0 207 33029
x 0 33030
p 0 237 33030
x 0 33031
p 0 189 33031
x 0 33032
p 0 198 33032
x 0 33033
p 0 198 33033
x 0 33034
p 0 149 33034
x 0 33035
p 0 101 33035
x 0 33036
p 0 198 33036
x 0 33037
p 0 198 33037
x 0 33038
p 0 198 33038
x 0 33039
p 0 244 33039
x 0 33040
p 0 198 33040
x 0 33041
p 0 199 33041
x 0 33042
p 0 200 33042
x 0 33043
p 0 215 33043
x 0 33044
p 0 199 33044
x 0 33045
p 0 204 33045
x 0 33046
p 0 202 33046
x 0 33047
p 0 200 33047
x 0 33048
p 0 200 33048
x 0 33049
p 0 198 33049
x 0 33050
p 0 200 33050
x 0 33051
p 0 199 33051
x 0 33052
p 0 199 33052
x 0 33053
p 0 195 33053
x 0 33054
p 0 197 33054
x 0 33055
p 0 195 33055
x 0 33056
p 0 197 33056
x 0 33057
p 0 195 33057
x 0 33058
p 0 195 33058
x 0 33059
p 0 248 33059
x 0 33060
p 0 201 33060
x 0 33000
h 0 10.0.0.3
p 0 14438 33000
x 1 33001
h 1 10.0.0.3
p 1 895 33001
x 0 33002
p 0 201 33002
x 0 33003
p 0 217 33003
x 0 33004
p 0 202 33004
x 0 33005
p 0 448 33005
x 0 33006
p 0 237 33006
x 0 33007
p 0 286 33007
x 0 33008
p 0 198 33008
x 0 33009
p 0 199 33009
x 0 33010
p 0 167 33010
x 0 33011
p 0 199 33011
x 0 33012
p 0 198 33012
x 0 33013
p 0 199 33013
x 0 33014
p 0 194 33014
x 0 33015
p 0 197 33015
x 0 33016
p 0 198 33016
x 0 33017
p 0 180 33017
x 0 33018
p 0 199 33018
x 0 33019
p 0 194 33019
x 0 33020
p 0 196 33020
x 0 33021
p 0 227 33021
x 0 33022
p 0 237 33022
x 0 33023
p 0 200 33023
x 0 33024
p 0 167 33024
x 0 33025
p 0 196 33025
x 0 33026
p 0 166 33026
x 0 33027
p 0 165 33027
x 0 33028
p 0 177 33028
x 0 33029
p 0 172 33029
x 0 33030
p 0 167 33030
x 0 33031
p 0 171 33031
x 0 33032
p 0 164 33032
x 0 33033
p 0 165 33033
x 0 33034
p 0 170 33034
x 0 33035
p 0 173 33035
x 0 33036
p 0 168 33036
x 0 33037
p 0 200 33037
x 0 33038
p 0 146 33038
x 0 33039
p 0 180 33039
x 0 33040
p 0 150 33040
x 0 33041
p 0 263 33041
x 0 33042
p 0 123 33042
x 0 33043
p 0 214 33043
x 0 33044
p 0 208 33044
x 0 33045
p 0 221 33045
x 0 33046
p 0 205 33046
x 0 33047
p 0 512 33047
x 0 33048
p 0 151 33048
x 0 33049
p 0 204 33049
x 0 33050
p 0 212 33050
x 0 33051
p 0 152 33051
x 0 33052
p 0 167 33052
x 0 33053
p 0 222 33053
x 0 33054
p 0 209 33054
x 0 33055
p 0 210 33055
x 0 33056
p 0 259 33056
x 0 33057
p 0 215 33057
x 0 33058
p 0 208 33058
x 0 33059
p 0 209 33059
x 0 33060
p 0 231 33060
x 0 33000
h 0 10.0.0.3
p 0 13001 33000
x 1 33001
h 1 10.0.0.3
p 1 1147 33001
x 0 33002
p 0 261 33002
x 0 33003
p 0 203 33003
x 0 33004
p 0 232 33004
x 0 33005
p 0 214 33005
x 0 33006
p 0 214 33006
x 0 33007
p 0 226 33007
x 0 33008
p 0 206 33008
x 0 33009
p 0 203 33009
x 0 33010
p 0 210 33010
x 0 33011
p 0 212 33011
x 0 33012
p 0 204 33012
x 0 33013
p 0 204 33013
x 0 33014
p 0 214 33014
x 0 33015
p 0 170 33015
x 0 33016
p 0 173 33016
x 0 33017
p 0 192 33017
x 0 33018
p 0 151 33018
x 0 33019
p 0 184 33019
x 0 33020
p 0 132 33020
x 0 33021
p 0 147 33021
x 0 33022
p 0 146 33022
x 0 33023
p 0 146 33023
x 0 33024
p 0 148 33024
x 0 33025
p 0 147 33025
x 0 33026
p 0 189 33026
x 0 33027
p 0 142 33027
x 0 33028
p 0 146 33028
x 0 33029
p 0 199 33029
x 0 33030
p 0 145 33030
x 0 33031
p 0 142 33031
x 0 33032
p 0 140 33032
x 0 33033
p 0 92 33033
x 0 33034
p 0 154 33034
x 0 33035
p 0 177 33035
x 0 33036
p 0 145 33036
x 0 33037
p 0 191 33037
x 0 33038
p 0 175 33038
x 0 33039
p 0 143 33039
x 0 33040
p 0 146 33040
x 0 33041
p 0 144 33041
x 0 33042
p 0 139 33042
x 0 33043
p 0 139 33043
x 0 33044
p 0 209 33044
x 0 33045
p 0 210 33045
x 0 33046
p 0 234 33046
x 0 33047
p 0 138 33047
x 0 33048
p 0 149 33048
x 0 33049
p 0 198 33049
x 0 33050
p 0 207 33050
x 0 33051
p 0 181 33051
x 0 33052
p 0 201 33052
x 0 33053
p 0 149 33053
x 0 33054
p 0 214 33054
x 0 33055
p 0 216 33055
x 0 33056
p 0 146 33056
x 0 33057
p 0 240 33057
x 0 33058
p 0 153 33058
x 0 33059
p 0 199 33059
x 0 33060
p 0 144 33060
x 0 33000
h 0 10.0.0.3
p 0 15292 33000
x 1 33001
h 1 10.0.0.3
p 1 1102 33001
x 0 33002
p 0 200 33002
x 0 33003
p 0 208 33003
x 0 33004
p 0 206 33004
x 0 33005
p 0 200 33005
x 0 33006
p 0 165 33006
x 0 33007
p 0 200 33007
x 0 33008
p 0 203 33008
x 0 33009
p 0 148 33009
x 0 33010
p 0 646 33010
x 0 33011
p 0 150 33011
x 0 33012
p 0 206 33012
x 0 33013
p 0 233 33013
x 0 33014
p 0 149 33014
x 0 33015
p 0 203 33015
x 0 33016
p 0 206 33016
x 0 33017
p 0 187 33017
x 0 33018
p 0 255 33018
x 0 33019
p 0 148 33019
x 0 33020
p 0 178 33020
x 0 33021
p 0 199 33021
x 0 33022
p 0 227 33022
x 0 33023
p 0 201 33023
x 0 33024
p 0 164 33024
x 0 33025
p 0 143 33025
x 0 33026
p 0 147 33026
x 0 33027
p 0 149 33027
x 0 33028
p 0 155 33028
x 0 33029
p 0 153 33029
x 0 33030
p 0 154 33030
x 0 33031
p 0 170 33031
x 0 33032
p 0 215 33032
x 0 33033
p 0 212 33033
x 0 33034
p 0 206 33034
x 0 33035
p 0 308 33035
x 0 33036
p 0 290 33036
x 0 33037
p 0 204 33037
x 0 33038
p 0 208 33038
x 0 33039
p 0 200 33039
x 0 33040
p 0 197 33040
x 0 33041
p 0 210 33041
x 0 33042
p 0 108 33042
x 0 33043
p 0 202 33043
x 0 33044
p 0 168 33044
x 0 33045
p 0 162 33045
x 0 33046
p 0 298 33046
x 0 33047
p 0 170 33047
x 0 33048
p 0 175 33048
x 0 33049
p 0 170 33049
x 0 33050
p 0 198 33050
x 0 33051
p 0 244 33051
x 0 33052
p 0 187 33052
x 0 33053
p 0 167 33053
x 0 33054
p 0 164 33054
x 0 33055
p 0 199 33055
x 0 33056
p 0 199 33056
x 0 33057
p 0 195 33057
x 0 33058
p 0 327 33058
x 0 33059
p 0 367 33059
x 0 33060
p 0 236 33060
x 0 33000
h 0 10.0.0.3
p 0 12738 33000
x 1 33001
h 1 10.0.0.3
p 1 526 33001
x 0 33002
p 0 263 33002
x 0 33003
p 0 272 33003
x 0 33004
p 0 227 33004
x 0 33005
p 0 258 33005
x 0 33006
p 0 236 33006
x 0 33007
p 0 250 33007
x 0 33008
p 0 242 33008
x 0 33009
p 0 232 33009
x 0 33010
p 0 246 33010
x 0 33011
p 0 246 33011
x 0 33012
p 0 243 33012
x 0 33013
p 0 244 33013
x 0 33014
p 0 248 33014
x 0 33015
p 0 236 33015
x 0 33016
p 0 220 33016
x 0 33017
p 0 240 33017
x 0 33018
p 0 244 33018
x 0 33019
p 0 154 33019
x 0 33020
p 0 145 33020
x 0 33021
p 0 209 33021
x 0 33022
p 0 13914 33022
x 0 33023
p 0 151 33023
x 0 33024
p 0 372 33024
x 0 33025
p 0 211 33025
x 0 33026
p 0 444 33026
x 0 33027
p 0 257 33027
x 0 33028
p 0 231 33028
x 0 33029
p 0 212 33029
x 0 33030
p 0 239 33030
x 0 33031
p 0 232 33031
x 0 33032
p 0 211 33032
x 0 33033
p 0 264 33033
x 0 33034
p 0 200 33034
x 0 33035
p 0 203 33035
x 0 33036
p 0 209 33036
x 0 33037
p 0 205 33037
x 0 33038
p 0 239 33038
x 0 33039
p 0 202 33039
x 0 33040
p 0 288 33040
x 0 33041
p 0 210 33041
x 0 33042
p 0 214 33042
x 0 33043
p 0 198 33043
x 0 33044
p 0 204 33044
x 0 33045
p 0 244 33045
x 0 33046
p 0 325 33046
x 0 33047
p 0 280 33047
x 0 33048
p 0 198 33048
x 0 33049
p 0 202 33049
x 0 33050
p 0 205 33050
x 0 33051
p 0 298 33051
x 0 33052
p 0 205 33052
x 0 33053
p 0 198 33053
x 0 33054
p 0 206 33054
x 0 33055
p 0 206 33055
x 0 33056
p 0 210 33056
x 0 33057
p 0 203 33057
x 0 33058
p 0 199 33058
x 0 33059
p 0 232 33059
x 0 33060
p 0 205 33060
x 0 33000
h 0 10.0.0.3
p 0 18227 33000
x 1 33001
h 1 10.0.0.3
p 1 951 33001
x 0 33002
p 0 199 33002
x 0 33003
p 0 207 33003
x 0 33004
p 0 206 33004
x 0 33005
p 0 254 33005
x 0 33006
p 0 231 33006
x 0 33007
p 0 206 33007
x 0 33008
p 0 208 33008
x 0 33009
p 0 203 33009
x 0 33010
p 0 202 33010
x 0 33011
p 0 216 33011
x 0 33012
p 0 202 33012
x 0 33013
p 0 204 33013
x 0 33014
p 0 205 33014
x 0 33015
p 0 204 33015
x 0 33016
p 0 205 33016
x 0 33017
p 0 206 33017
x 0 33018
p 0 205 33018
x 0 33019
p 0 198 33019
x 0 33020
p 0 197 33020
x 0 33021
p 0 204 33021
x 0 33022
p 0 202 33022
x 0 33023
p 0 202 33023
x 0 33024
p 0 196 33024
x 0 33025
p 0 200 33025
x 0 33026
p 0 201 33026
x 0 33027
p 0 202 33027
x 0 33028
p 0 202 33028
x 0 33029
p 0 204 33029
x 0 33030
p 0 203 33030
x 0 33031
p 0 198 33031
x 0 33032
p 0 200 33032
x 0 33033
p 0 151 33033
x 0 33034
p 0 196 33034
x 0 33035
p 0 152 33035
x 0 33036
p 0 197 33036
x 0 33037
p 0 198 33037
x 0 33038
p 0 192 33038
x 0 33039
p 0 196 33039
x 0 33040
p 0 192 33040
x 0 33041
p 0 201 33041
x 0 33042
p 0 252 33042
x 0 33043
p 0 197 33043
x 0 33044
p 0 203 33044
x 0 33045
p 0 149 33045
x 0 33046
p 0 156 33046
x 0 33047
p 0 200 33047
x 0 33048
p 0 180 33048
x 0 33049
p 0 148 33049
x 0 33050
p 0 197 33050
x 0 33051
p 0 142 33051
x 0 33052
p 0 197 33052
x 0 33053
p 0 199 33053
x 0 33054
p 0 140 33054
x 0 33055
p 0 152 33055
x 0 33056
p 0 121 33056
x 0 33057
p 0 199 33057
x 0 33058
p 0 225 33058
x 0 33059
p 0 196 33059
x 0 33060
p 0 206 33060
x 0 33000
h 0 10.0.0.3
p 0 13695 33000
x 1 33001
h 1 10.0.0.3
p 1 1008 33001
x 0 33002
p 0 165 33002
x 0 33003
p 0 201 33003
x 0 33004
p 0 220 33004
x 0 33005
p 0 209 33005
x 0 33006
p 0 218 33006
x 0 33007
p 0 206 33007
x 0 33008
p 0 199 33008
x 0 33009
p 0 198 33009
x 0 33010
p 0 201 33010
x 0 33011
p 0 207 33011
x 0 33012
p 0 210 33012
x 0 33013
p 0 202 33013
x 0 33014
p 0 208 33014
x 0 33015
p 0 199 33015
x 0 33016
p 0 207 33016
x 0 33017
p 0 199 33017
x 0 33018
p 0 206 33018
x 0 33019
p 0 209 33019
x 0 33020
p 0 207 33020
x 0 33021
p 0 226 33021
x 0 33022
p 0 204 33022
x 0 33023
p 0 213 33023
x 0 33024
p 0 204 33024
x 0 33025
p 0 203 33025
x 0 33026
p 0 214 33026
x 0 33027
p 0 206 33027
x 0 33028
p 0 249 33028
x 0 33029
p 0 201 33029
x 0 33030
p 0 198 33030
x 0 33031
p 0 213 33031
x 0 33032
p 0 201 33032
x 0 33033
p 0 201 33033
x 0 33034
p 0 200 33034
x 0 33035
p 0 205 33035
x 0 33036
p 0 209 33036
x 0 33037
p 0 200 33037
x 0 33038
p 0 235 33038
x 0 33039
p 0 203 33039
x 0 33040
p 0 232 33040
x 0 33041
p 0 214 33041
x 0 33042
p 0 219 33042
x 0 33043
p 0 198 33043
x 0 33044
p 0 199 33044
x 0 33045
p 0 241 33045
x 0 33046
p 0 212 33046
x 0 33047
p 0 209 33047
x 0 33048
p 0 221 33048
x 0 33049
p 0 205 33049
x 0 33050
p 0 228 33050
x 0 33051
p 0 233 33051
x 0 33052
p 0 209 33052
x 0 33053
p 0 206 33053
x 0 33054
p 0 281 33054
x 0 33055
p 0 234 33055
x 0 33056
p 0 221 33056
x 0 33057
p 0 67 33057
x 0 33058
p 0 196 33058
x 0 33059
p 0 198 33059
x 0 33060
p 0 195 33060
x 0 33000
h 0 10.0.0.3
p 0 14457 33000
x 1 33001
h 1 10.0.0.3
p 1 1065 33001
x 0 33002
p 0 197 33002
x 0 33003
p 0 167 33003
x 0 33004
p 0 162 33004
x 0 33005
p 0 208 33005
x 0 33006
p 0 173 33006
x 0 33007
p 0 169 33007
x 0 33008
p 0 182 33008
x 0 33009
p 0 167 33009
x 0 33010
p 0 165 33010
x 0 33011
p 0 167 33011
x 0 33012
p 0 147 33012
x 0 33013
p 0 231 33013
x 0 33014
p 0 221 33014
x 0 33015
p 0 214 33015
x 0 33016
p 0 246 33016
x 0 33017
p 0 211 33017
x 0 33018
p 0 205 33018
x 0 33019
p 0 142 33019
x 0 33020
p 0 146 33020
x 0 33021
p 0 214 33021
x 0 33022
p 0 170 33022
x 0 33023
p 0 147 33023
x 0 33024
p 0 143 33024
x 0 33025
p 0 147 33025
x 0 33026
p 0 142 33026
x 0 33027
p 0 142 33027
x 0 33028
p 0 144 33028
x 0 33029
p 0 167 33029
x 0 33030
p 0 277 33030
x 0 33031
p 0 137 33031
x 0 33032
p 0 136 33032
x 0 33033
p 0 147 33033
x 0 33034
p 0 152 33034
x 0 33035
p 0 151 33035
x 0 33036
p 0 229 33036
x 0 33037
p 0 168 33037
x 0 33038
p 0 215 33038
x 0 33039
p 0 815 33039
x 0 33040
p 0 178 33040
x 0 33041
p 0 223 33041
x 0 33042
p 0 232 33042
x 0 33043
p 0 209 33043
x 0 33044
p 0 154 33044
x 0 33045
p 0 235 33045
x 0 33046
p 0 274 33046
x 0 33047
p 0 216 33047
x 0 33048
p 0 301 33048
x 0 33049
p 0 215 33049
x 0 33050
p 0 207 33050
x 0 33051
p 0 168 33051
x 0 33052
p 0 191 33052
x 0 33053
p 0 214 33053
x 0 33054
p 0 239 33054
x 0 33055
p 0 152 33055
x 0 33056
p 0 212 33056
x 0 33057
p 0 241 33057
x 0 33058
p 0 198 33058
x 0 33059
p 0 145 33059
x 0 33060
p 0 169 33060
x 0 33000
h 0 10.0.0.3
p 0 13377 33000
x 1 33001
h 1 10.0.0.3
p 1 1082 33001
x 0 33002
p 0 212 33002
x 0 33003
p 0 208 33003
x 0 33004
p 0 207 33004
x 0 33005
p 0 212 33005
x 0 33006
p 0 213 33006
x 0 33007
p 0 210 33007
x 0 33008
p 0 169 33008
x 0 33009
p 0 229 33009
x 0 33010
p 0 226 33010
x 0 33011
p 0 226 33011
x 0 33012
p 0 257 33012
x 0 33013
p 0 218 33013
x 0 33014
p 0 227 33014
x 0 33015
p 0 221 33015
x 0 33016
p 0 231 33016
x 0 33017
p 0 236 33017
x 0 33018
p 0 220 33018
x 0 33019
p 0 247 33019
x 0 33020
p 0 224 33020
x 0 33021
p 0 228 33021
x 0 33022
p 0 233 33022
x 0 33023
p 0 222 33023
x 0 33024
p 0 190 33024
x 0 33025
p 0 145 33025
x 0 33026
p 0 146 33026
x 0 33027
p 0 150 33027
x 0 33028
p 0 148 33028
x 0 33029
p 0 188 33029
x 0 33030
p 0 181 33030
x 0 33031
p 0 225 33031
x 0 33032
p 0 150 33032
x 0 33033
p 0 220 33033
x 0 33034
p 0 300 33034
x 0 33035
p 0 295 33035
x 0 33036
p 0 220 33036
x 0 33037
p 0 225 33037
x 0 33038
p 0 232 33038
x 0 33039
p 0 346 33039
x 0 33040
p 0 217 33040
x 0 33041
p 0 219 33041
x 0 33042
p 0 277 33042
x 0 33043
p 0 251 33043
x 0 33044
p 0 208 33044
x 0 33045
p 0 218 33045
x 0 33046
p 0 261 33046
x 0 33047
p 0 233 33047
x 0 33048
p 0 210 33048
x 0 33049
p 0 274 33049
x 0 33050
p 0 230 33050
x 0 33051
p 0 271 33051
x 0 33052
p 0 230 33052
x 0 33053
p 0 215 33053
x 0 33054
p 0 215 33054
x 0 33055
p 0 202 33055
x 0 33056
p 0 217 33056
x 0 33057
p 0 223 33057
x 0 33058
p 0 218 33058
x 0 33059
p 0 209 33059
x 0 33060
p 0 222 33060
x 0 33000
h 0 10.0.0.3
p 0 14356 33000
x 1 33001
h 1 10.0.0.3
p 1 1133 33001
x 0 33002
p 0 195 33002
x 0 33003
p 0 215 33003
x 0 33004
p 0 212 33004
x 0 33005
p 0 221 33005
x 0 33006
p 0 221 33006
x 0 33007
p 0 204 33007
x 0 33008
p 0 200 33008
x 0 33009
p 0 284 33009
x 0 33010
p 0 335 33010
x 0 33011
p 0 308 33011
x 0 33012
p 0 214 33012
x 0 33013
p 0 102 33013
x 0 33014
p 0 208 33014
x 0 33015
p 0 219 33015
x 0 33016
p 0 254 33016
x 0 33017
p 0 234 33017
x 0 33018
p 0 372 33018
x 0 33019
p 0 363 33019
x 0 33020
p 0 358 33020
x 0 33021
p 0 296 33021
x 0 33022
p 0 293 33022
x 0 33023
p 0 211 33023
x 0 33024
p 0 344 33024
x 0 33025
p 0 290 33025
x 0 33026
p 0 202 33026
x 0 33027
p 0 209 33027
x 0 33028
p 0 209 33028
x 0 33029
p 0 213 33029
x 0 33030
p 0 267 33030
x 0 33031
p 0 230 33031
x 0 33032
p 0 201 33032
x 0 33033
p 0 298 33033
x 0 33034
p 0 307 33034
x 0 33035
p 0 310 33035
x 0 33036
p 0 202 33036
x 0 33037
p 0 202 33037
x 0 33038
p 0 200 33038
x 0 33039
p 0 203 33039
x 0 33040
p 0 205 33040
x 0 33041
p 0 201 33041
x 0 33042
p 0 204 33042
x 0 33043
p 0 200 33043
x 0 33044
p 0 205 33044
x 0 33045
p 0 239 33045
x 0 33046
p 0 207 33046
x 0 33047
p 0 201 33047
x 0 33048
p 0 205 33048
x 0 33049
p 0 201 33049
x 0 33050
p 0 207 33050
x 0 33051
p 0 203 33051
x 0 33052
p 0 205 33052
x 0 33053
p 0 202 33053
x 0 33054
p 0 205 33054
x 0 33055
p 0 208 33055
x 0 33056
p 0 203 33056
x 0 33057
p 0 356 33057
x 0 33058
p 0 181 33058
x 0 33059
p 0 209 33059
x 0 33060
p 0 224 33060
x 0 33000
h 0 10.0.0.3
p 0 14719 33000
x 1 33001
h 1 10.0.0.3
p 1 1121 33001
x 0 33002
p 0 198 33002
x 0 33003
p 0 156 33003
x 0 33004
p 0 207 33004
x 0 33005
p 0 203 33005
x 0 33006
p 0 210 33006
x 0 33007
p 0 171 33007
x 0 33008
p 0 167 33008
x 0 33009
p 0 168 33009
x 0 33010
p 0 180 33010
x 0 33011
p 0 170 33011
x 0 33012
p 0 167 33012
x 0 33013
p 0 166 33013
x 0 33014
p 0 172 33014
x 0 33015
p 0 145 33015
x 0 33016
p 0 141 33016
x 0 33017
p 0 205 33017
x 0 33018
p 0 205 33018
x 0 33019
p 0 293 33019
x 0 33020
p 0 142 33020
x 0 33021
p 0 199 33021
x 0 33022
p 0 235 33022
x 0 33023
p 0 293 33023
x 0 33024
p 0 205 33024
x 0 33025
p 0 203 33025
x 0 33026
p 0 203 33026
x 0 33027
p 0 204 33027
x 0 33028
p 0 206 33028
x 0 33029
p 0 204 33029
x 0 33030
p 0 177 33030
x 0 33031
p 0 207 33031
x 0 33032
p 0 203 33032
x 0 33033
p 0 203 33033
x 0 33034
p 0 274 33034
x 0 33035
p 0 206 33035
x 0 33036
p 0 236 33036
x 0 33037
p 0 198 33037
x 0 33038
p 0 200 33038
x 0 33039
p 0 201 33039
x 0 33040
p 0 202 33040
x 0 33041
p 0 143 33041
x 0 33042
p 0 204 33042
x 0 33043
p 0 233 33043
x 0 33044
p 0 201 33044
x 0 33045
p 0 142 33045
x 0 33046
p 0 99 33046
x 0 33047
p 0 201 33047
x 0 33048
p 0 202 33048
x 0 33049
p 0 193 33049
x 0 33050
p 0 242 33050
x 0 33051
p 0 207 33051
x 0 33052
p 0 222 33052
x 0 33053
p 0 348 33053
x 0 33054
p 0 270 33054
x 0 33055
p 0 241 33055
x 0 33056
p 0 224 33056
x 0 33057
p 0 274 33057
x 0 33058
p 0 261 33058
x 0 33059
p 0 229 33059
x 0 33060
p 0 329 33060
x 0 33000
h 0 10.0.0.3
p 0 17164 33000
x 1 33001
h 1 10.0.0.3
p 1 1034 33001
x 0 33002
p 0 267 33002
x 0 33003
p 0 145 33003
x 0 33004
p 0 200 33004
x 0 33005
p 0 178 33005
x 0 33006
p 0 290 33006
x 0 33007
p 0 195 33007
x 0 33008
p 0 174 33008
x 0 33009
p 0 174 33009
x 0 33010
p 0 166 33010
x 0 33011
p 0 166 33011
x 0 33012
p 0 170 33012
x 0 33013
p 0 165 33013
x 0 33014
p 0 163 33014
x 0 33015
p 0 169 33015
x 0 33016
p 0 169 33016
x 0 33017
p 0 151 33017
x 0 33018
p 0 209 33018
x 0 33019
p 0 205 33019
x 0 33020
p 0 205 33020
x 0 33021
p 0 148 33021
x 0 33022
p 0 194 33022
x 0 33023
p 0 208 33023
x 0 33024
p 0 168 33024
x 0 33025
p 0 148 33025
x 0 33026
p 0 207 33026
x 0 33027
p 0 205 33027
x 0 33028
p 0 213 33028
x 0 33029
p 0 206 33029
x 0 33030
p 0 209 33030
x 0 33031
p 0 147 33031
x 0 33032
p 0 154 33032
x 0 33033
p 0 171 33033
x 0 33034
p 0 203 33034
x 0 33035
p 0 239 33035
x 0 33036
p 0 241 33036
x 0 33037
p 0 208 33037
x 0 33038
p 0 215 33038
x 0 33039
p 0 215 33039
x 0 33040
p 0 215 33040
x 0 33041
p 0 217 33041
x 0 33042
p 0 231 33042
x 0 33043
p 0 228 33043
x 0 33044
p 0 205 33044
x 0 33045
p 0 208 33045
x 0 33046
p 0 191 33046
x 0 33047
p 0 162 33047
x 0 33048
p 0 217 33048
x 0 33049
p 0 211 33049
x 0 33050
p 0 225 33050
x 0 33051
p 0 232 33051
x 0 33052
p 0 236 33052
x 0 33053
p 0 208 33053
x 0 33054
p 0 204 33054
x 0 33055
p 0 192 33055
x 0 33056
p 0 169 33056
x 0 33057
p 0 202 33057
x 0 33058
p 0 204 33058
x 0 33059
p 0 197 33059
x 0 33060
p 0 205 33060
x 0 33000
h 0 10.0.0.3
p 0 14986 33000
x 1 33001
h 1 10.0.0.3
p 1 1019 33001
x 0 33002
p 0 201 33002
x 0 33003
p 0 207 33003
x 0 33004
p 0 209 33004
x 0 33005
p 0 204 33005
x 0 33006
p 0 239 33006
x 0 33007
p 0 206 33007
x 0 33008
p 0 205 33008
x 0 33009
p 0 203 33009
x 0 33010
p 0 211 33010
x 0 33011
p 0 210 33011
x 0 33012
p 0 204 33012
x 0 33013
p 0 238 33013
x 0 33014
p 0 203 33014
x 0 33015
p 0 207 33015
x 0 33016
p 0 214 33016
x 0 33017
p 0 213 33017
x 0 33018
p 0 205 33018
x 0 33019
p 0 206 33019
x 0 33020
p 0 249 33020
x 0 33021
p 0 218 33021
x 0 33022
p 0 214 33022
x 0 33023
p 0 265 33023
x 0 33024
p 0 211 33024
x 0 33025
p 0 201 33025
x 0 33026
p 0 227 33026
x 0 33027
p 0 206 33027
x 0 33028
p 0 215 33028
x 0 33029
p 0 205 33029
x 0 33030
p 0 259 33030
x 0 33031
p 0 208 33031
x 0 33032
p 0 201 33032
x 0 33033
p 0 204 33033
x 0 33034
p 0 267 33034
x 0 33035
p 0 175 33035
x 0 33036
p 0 223 33036
x 0 33037
p 0 210 33037
x 0 33038
p 0 209 33038
x 0 33039
p 0 214 33039
x 0 33040
p 0 208 33040
x 0 33041
p 0 211 33041
x 0 33042
p 0 205 33042
x 0 33043
p 0 213 33043
x 0 33044
p 0 206 33044
x 0 33045
p 0 205 33045
x 0 33046
p 0 169 33046
x 0 33047
p 0 207 33047
x 0 33048
p 0 217 33048
x 0 33049
p 0 208 33049
x 0 33050
p 0 223 33050
x 0 33051
p 0 205 33051
x 0 33052
p 0 205 33052
x 0 33053
p 0 217 33053
x 0 33054
p 0 206 33054
x 0 33055
p 0 205 33055
x 0 33056
p 0 206 33056
x 0 33057
p 0 212 33057
x 0 33058
p 0 207 33058
x 0 33059
p 0 201 33059
x 0 33060
p 0 205 33060
x 0 33000
h 0 10.0.0.3
p 0 15294 33000
x 1 33001
h 1 10.0.0.3
p 1 914 33001
x 0 33002
p 0 207 33002
x 0 33003
p 0 210 33003
x 0 33004
p 0 216 33004
x 0 33005
p 0 251 33005
x 0 33006
p 0 209 33006
x 0 33007
p 0 211 33007
x 0 33008
p 0 312 33008
x 0 33009
p 0 250 33009
x 0 33010
p 0 235 33010
x 0 33011
p 0 224 33011
x 0 33012
p 0 211 33012
x 0 33013
p 0 216 33013
x 0 33014
p 0 255 33014
x 0 33015
p 0 210 33015
x 0 33016
p 0 209 33016
x 0 33017
p 0 231 33017
x 0 33018
p 0 213 33018
x 0 33019
p 0 233 33019
x 0 33020
p 0 241 33020
x 0 33021
p 0 207 33021
x 0 33022
p 0 131 33022
x 0 33023
p 0 208 33023
x 0 33024
p 0 203 33024
x 0 33025
p 0 200 33025
x 0 33026
p 0 201 33026
x 0 33027
p 0 202 33027
x 0 33028
p 0 201 33028
x 0 33029
p 0 206 33029
x 0 33030
p 0 208 33030
x 0 33031
p 0 211 33031
x 0 33032
p 0 200 33032
x 0 33033
p 0 204 33033
x 0 33034
p 0 277 33034
x 0 33035
p 0 203 33035
x 0 33036
p 0 207 33036
x 0 33037
p 0 203 33037
x 0 33038
p 0 202 33038
x 0 33039
p 0 208 33039
x 0 33040
p 0 210 33040
x 0 33041
p 0 206 33041
x 0 33042
p 0 240 33042
x 0 33043
p 0 201 33043
x 0 33044
p 0 204 33044
x 0 33045
p 0 245 33045
x 0 33046
p 0 201 33046
x 0 33047
p 0 208 33047
x 0 33048
p 0 204 33048
x 0 33049
p 0 240 33049
x 0 33050
p 0 206 33050
x 0 33051
p 0 215 33051
x 0 33052
p 0 247 33052
x 0 33053
p 0 185 33053
x 0 33054
p 0 207 33054
x 0 33055
p 0 206 33055
x 0 33056
p 0 243 33056
x 0 33057
p 0 210 33057
x 0 33058
p 0 200 33058
x 0 33059
p 0 204 33059
x 0 33060
p 0 214 33060
x 0 33000
h 0 10.0.0.3
p 0 14125 33000
x 1 33001
h 1 10.0.0.3
p 1 1065 33001
x 0 33002
p 0 177 33002
x 0 33003
p 0 250 33003
x 0 33004
p 0 211 33004
x 0 33005
p 0 203 33005
x 0 33006
p 0 205 33006
x 0 33007
p 0 223 33007
x 0 33008
p 0 200 33008
x 0 33009
p 0 203 33009
x 0 33010
p 0 200 33010
x 0 33011
p 0 231 33011
x 0 33012
p 0 243 33012
x 0 33013
p 0 198 33013
x 0 33014
p 0 201 33014
x 0 33015
p 0 203 33015
x 0 33016
p 0 174 33016
x 0 33017
p 0 205 33017
x 0 33018
p 0 203 33018
x 0 33019
p 0 234 33019
x 0 33020
p 0 167 33020
x 0 33021
p 0 204 33021
x 0 33022
p 0 204 33022
x 0 33023
p 0 236 33023
x 0 33024
p 0 176 33024
x 0 33025
p 0 163 33025
x 0 33026
p 0 163 33026
x 0 33027
p 0 191 33027
x 0 33028
p 0 170 33028
x 0 33029
p 0 170 33029
x 0 33030
p 0 231 33030
x 0 33031
p 0 199 33031
x 0 33032
p 0 238 33032
x 0 33033
p 0 156 33033
x 0 33034
p 0 214 33034
x 0 33035
p 0 269 33035
x 0 33036
p 0 231 33036
x 0 33037
p 0 220 33037
x 0 33038
p 0 224 33038
x 0 33039
p 0 230 33039
x 0 33040
p 0 242 33040
x 0 33041
p 0 220 33041
x 0 33042
p 0 206 33042
x 0 33043
p 0 216 33043
x 0 33044
p 0 215 33044
x 0 33045
p 0 210 33045
x 0 33046
p 0 232 33046
x 0 33047
p 0 208 33047
x 0 33048
p 0 207 33048
x 0 33049
p 0 151 33049
x 0 33050
p 0 144 33050
x 0 33051
p 0 146 33051
x 0 33052
p 0 143 33052
x 0 33053
p 0 147 33053
x 0 33054
p 0 149 33054
x 0 33055
p 0 147 33055
x 0 33056
p 0 205 33056
x 0 33057
p 0 202 33057
x 0 33058
p 0 207 33058
x 0 33059
p 0 146 33059
x 0 33060
p 0 259 33060
x 0 33000
h 0 10.0.0.3
p 0 12187 33000
x 1 33001
h 1 10.0.0.3
p 1 1107 33001
x 0 33002
p 0 210 33002
x 0 33003
p 0 206 33003
x 0 33004
p 0 206 33004
x 0 33005
p 0 214 33005
x 0 33006
p 0 289 33006
x 0 33007
p 0 205 33007
x 0 33008
p 0 200 33008
x 0 33009
p 0 211 33009
x 0 33010
p 0 237 33010
x 0 33011
p 0 219 33011
x 0 33012
p 0 220 33012
x 0 33013
p 0 212 33013
x 0 33014
p 0 247 33014
x 0 33015
p 0 215 33015
x 0 33016
p 0 213 33016
x 0 33017
p 0 233 33017
x 0 33018
p 0 208 33018
x 0 33019
p 0 164 33019
x 0 33020
p 0 226 33020
x 0 33021
p 0 209 33021
x 0 33022
p 0 217 33022
x 0 33023
p 0 209 33023
x 0 33024
p 0 209 33024
x 0 33025
p 0 206 33025
x 0 33026
p 0 211 33026
x 0 33027
p 0 258 33027
x 0 33028
p 0 238 33028
x 0 33029
p 0 218 33029
x 0 33030
p 0 210 33030
x 0 33031
p 0 218 33031
x 0 33032
p 0 218 33032
x 0 33033
p 0 209 33033
x 0 33034
p 0 206 33034
x 0 33035
p 0 210 33035
x 0 33036
p 0 213 33036
x 0 33037
p 0 226 33037
x 0 33038
p 0 207 33038
x 0 33039
p 0 236 33039
x 0 33040
p 0 226 33040
x 0 33041
p 0 199 33041
x 0 33042
p 0 221 33042
x 0 33043
p 0 205 33043
x 0 33044
p 0 205 33044
x 0 33045
p 0 217 33045
x 0 33046
p 0 279 33046
x 0 33047
p 0 245 33047
x 0 33048
p 0 210 33048
x 0 33049
p 0 228 33049
x 0 33050
p 0 216 33050
x 0 33051
p 0 207 33051
x 0 33052
p 0 212 33052
x 0 33053
p 0 199 33053
x 0 33054
p 0 199 33054
x 0 33055
p 0 205 33055
x 0 33056
p 0 201 33056
x 0 33057
p 0 218 33057
x 0 33058
p 0 199 33058
x 0 33059
p 0 233 33059
x 0 33060
p 0 220 33060
x 0 33000
h 0 10.0.0.3
p 0 14235 33000
x 1 33001
h 1 10.0.0.3
p 1 1146 33001
x 0 33002
p 0 193 33002
x 0 33003
p 0 174 33003
x 0 33004
p 0 168 33004
x 0 33005
p 0 168 33005
x 0 33006
p 0 189 33006
x 0 33007
p 0 165 33007
x 0 33008
p 0 162 33008
x 0 33009
p 0 168 33009
x 0 33010
p 0 165 33010
x 0 33011
p 0 187 33011
x 0 33012
p 0 147 33012
x 0 33013
p 0 148 33013
x 0 33014
p 0 148 33014
x 0 33015
p 0 229 33015
x 0 33016
p 0 149 33016
x 0 33017
p 0 149 33017
x 0 33018
p 0 156 33018
x 0 33019
p 0 149 33019
x 0 33020
p 0 235 33020
x 0 33021
p 0 201 33021
x 0 33022
p 0 203 33022
x 0 33023
p 0 211 33023
x 0 33024
p 0 261 33024
x 0 33025
p 0 200 33025
x 0 33026
p 0 273 33026
x 0 33027
p 0 205 33027
x 0 33028
p 0 209 33028
x 0 33029
p 0 199 33029
x 0 33030
p 0 208 33030
x 0 33031
p 0 272 33031
x 0 33032
p 0 196 33032
x 0 33033
p 0 216 33033
x 0 33034
p 0 162 33034
x 0 33035
p 0 210 33035
x 0 33036
p 0 261 33036
x 0 33037
p 0 345 33037
x 0 33038
p 0 218 33038
x 0 33039
p 0 212 33039
x 0 33040
p 0 208 33040
x 0 33041
p 0 218 33041
x 0 33042
p 0 200 33042
x 0 33043
p 0 232 33043
x 0 33044
p 0 235 33044
x 0 33045
p 0 327 33045
x 0 33046
p 0 281 33046
x 0 33047
p 0 257 33047
x 0 33048
p 0 206 33048
x 0 33049
p 0 220 33049
x 0 33050
p 0 216 33050
x 0 33051
p 0 211 33051
x 0 33052
p 0 205 33052
x 0 33053
p 0 307 33053
x 0 33054
p 0 219 33054
x 0 33055
p 0 246 33055
x 0 33056
p 0 199 33056
x 0 33057
p 0 202 33057
x 0 33058
p 0 206 33058
x 0 33059
p 0 219 33059
x 0 33060
p 0 204 33060
x 0 33000
h 0 10.0.0.3
p 0 16920 33000
x 1 33001
h 1 10.0.0.3
p 1 1165 33001
x 0 33002
p 0 261 33002
x 0 33003
p 0 231 33003
x 0 33004
p 0 262 33004
x 0 33005
p 0 254 33005
x 0 33006
p 0 228 33006
x 0 33007
p 0 231 33007
x 0 33008
p 0 240 33008
x 0 33009
p 0 226 33009
x 0 33010
p 0 229 33010
x 0 33011
p 0 241 33011
x 0 33012
p 0 227 33012
x 0 33013
p 0 227 33013
x 0 33014
p 0 241 33014
x 0 33015
p 0 226 33015
x 0 33016
p 0 199 33016
x 0 33017
p 0 234 33017
x 0 33018
p 0 202 33018
x 0 33019
p 0 195 33019
x 0 33020
p 0 197 33020
x 0 33021
p 0 200 33021
x 0 33022
p 0 200 33022
x 0 33023
p 0 204 33023
x 0 33024
p 0 182 33024
x 0 33025
p 0 200 33025
x 0 33026
p 0 225 33026
x 0 33027
p 0 198 33027
x 0 33028
p 0 175 33028
x 0 33029
p 0 167 33029
x 0 33030
p 0 230 33030
x 0 33031
p 0 164 33031
x 0 33032
p 0 170 33032
x 0 33033
p 0 167 33033
x 0 33034
p 0 166 33034
x 0 33035
p 0 193 33035
x 0 33036
p 0 167 33036
x 0 33037
p 0 166 33037
x 0 33038
p 0 167 33038
x 0 33039
p 0 246 33039
x 0 33040
p 0 203 33040
x 0 33041
p 0 203 33041
x 0 33042
p 0 206 33042
x 0 33043
p 0 201 33043
x 0 33044
p 0 210 33044
x 0 33045
p 0 269 33045
x 0 33046
p 0 236 33046
x 0 33047
p 0 212 33047
x 0 33048
p 0 221 33048
x 0 33049
p 0 243 33049
x 0 33050
p 0 204 33050
x 0 33051
p 0 201 33051
x 0 33052
p 0 204 33052
x 0 33053
p 0 237 33053
x 0 33054
p 0 221 33054
x 0 33055
p 0 201 33055
x 0 33056
p 0 202 33056
x 0 33057
p 0 203 33057
x 0 33058
p 0 209 33058
x 0 33059
p 0 233 33059
x 0 33060
p 0 219 33060
x 0 33000
h 0 10.0.0.3
p 0 13545 33000
x 1 33001
h 1 10.0.0.3
p 1 916 33001
x 0 33002
p 0 149 33002
x 0 33003
p 0 166 33003
x 0 33004
p 0 206 33004
x 0 33005
p 0 276 33005
x 0 33006
p 0 294 33006
x 0 33007
p 0 244 33007
x 0 33008
p 0 205 33008
x 0 33009
p 0 204 33009
x 0 33010
p 0 211 33010
x 0 33011
p 0 211 33011
x 0 33012
p 0 205 33012
x 0 33013
p 0 215 33013
x 0 33014
p 0 202 33014
x 0 33015
p 0 263 33015
x 0 33016
p 0 208 33016
x 0 33017
p 0 208 33017
x 0 33018
p 0 203 33018
x 0 33019
p 0 205 33019
x 0 33020
p 0 209 33020
x 0 33021
p 0 185 33021
x 0 33022
p 0 205 33022
x 0 33023
p 0 210 33023
x 0 33024
p 0 202 33024
x 0 33025
p 0 202 33025
x 0 33026
p 0 204 33026
x 0 33027
p 0 207 33027
x 0 33028
p 0 211 33028
x 0 33029
p 0 204 33029
x 0 33030
p 0 204 33030
x 0 33031
p 0 201 33031
x 0 33032
p 0 235 33032
x 0 33033
p 0 207 33033
x 0 33034
p 0 202 33034
x 0 33035
p 0 213 33035
x 0 33036
p 0 216 33036
x 0 33037
p 0 235 33037
x 0 33038
p 0 287 33038
x 0 33039
p 0 215 33039
x 0 33040
p 0 217 33040
x 0 33041
p 0 218 33041
x 0 33042
p 0 225 33042
x 0 33043
p 0 230 33043
x 0 33044
p 0 215 33044
x 0 33045
p 0 250 33045
x 0 33046
p 0 217 33046
x 0 33047
p 0 228 33047
x 0 33048
p 0 215 33048
x 0 33049
p 0 711 33049
x 0 33050
p 0 245 33050
x 0 33051
p 0 280 33051
x 0 33052
p 0 222 33052
x 0 33053
p 0 247 33053
x 0 33054
p 0 205 33054
x 0 33055
p 0 224 33055
x 0 33056
p 0 221 33056
x 0 33057
p 0 214 33057
x 0 33058
p 0 218 33058
x 0 33059
p 0 202 33059
x 0 33060
p 0 222 33060
x 0 33000
h 0 10.0.0.3
p 0 15602 33000
x 1 33001
h 1 10.0.0.3
p 1 1017 33001
x 0 33002
p 0 199 33002
x 0 33003
p 0 201 33003
x 0 33004
p 0 204 33004
x 0 33005
p 0 207 33005
x 0 33006
p 0 209 33006
x 0 33007
p 0 199 33007
x 0 33008
p 0 197 33008
x 0 33009
p 0 201 33009
x 0 33010
p 0 200 33010
x 0 33011
p 0 203 33011
x 0 33012
p 0 180 33012
x 0 33013
p 0 197 33013
x 0 33014
p 0 197 33014
x 0 33015
p 0 201 33015
x 0 33016
p 0 207 33016
x 0 33017
p 0 203 33017
x 0 33018
p 0 172 33018
x 0 33019
p 0 197 33019
x 0 33020
p 0 170 33020
x 0 33021
p 0 201 33021
x 0 33022
p 0 171 33022
x 0 33023
p 0 169 33023
x 0 33024
p 0 172 33024
x 0 33025
p 0 180 33025
x 0 33026
p 0 169 33026
x 0 33027
p 0 173 33027
x 0 33028
p 0 169 33028
x 0 33029
p 0 169 33029
x 0 33030
p 0 216 33030
x 0 33031
p 0 159 33031
x 0 33032
p 0 213 33032
x 0 33033
p 0 147 33033
x 0 33034
p 0 152 33034
x 0 33035
p 0 212 33035
x 0 33036
p 0 220 33036
x 0 33037
p 0 152 33037
x 0 33038
p 0 215 33038
x 0 33039
p 0 285 33039
x 0 33040
p 0 275 33040
x 0 33041
p 0 222 33041
x 0 33042
p 0 219 33042
x 0 33043
p 0 266 33043
x 0 33044
p 0 238 33044
x 0 33045
p 0 314 33045
x 0 33046
p 0 234 33046
x 0 33047
p 0 226 33047
x 0 33048
p 0 225 33048
x 0 33049
p 0 218 33049
x 0 33050
p 0 219 33050
x 0 33051
p 0 220 33051
x 0 33052
p 0 218 33052
x 0 33053
p 0 220 33053
x 0 33054
p 0 211 33054
x 0 33055
p 0 257 33055
x 0 33056
p 0 270 33056
x 0 33057
p 0 273 33057
x 0 33058
p 0 245 33058
x 0 33059
p 0 257 33059
x 0 33060
p 0 267 33060
x 0 33000
h 0 10.0.0.3
p 0 14920 33000
x 1 33001
h 1 10.0.0.3
p 1 1081 33001
x 0 33002
p 0 200 33002
x 0 33003
p 0 242 33003
x 0 33004
p 0 242 33004
x 0 33005
p 0 213 33005
x 0 33006
p 0 247 33006
x 0 33007
p 0 200 33007
x 0 33008
p 0 200 33008
x 0 33009
p 0 201 33009
x 0 33010
p 0 206 33010
x 0 33011
p 0 207 33011
x 0 33012
p 0 201 33012
x 0 33013
p 0 198 33013
x 0 33014
p 0 199 33014
x 0 33015
p 0 196 33015
x 0 33016
p 0 201 33016
x 0 33017
p 0 272 33017
x 0 33018
p 0 201 33018
x 0 33019
p 0 197 33019
x 0 33020
p 0 206 33020
x 0 33021
p 0 246 33021
x 0 33022
p 0 231 33022
x 0 33023
p 0 200 33023
x 0 33024
p 0 200 33024
x 0 33025
p 0 247 33025
x 0 33026
p 0 196 33026
x 0 33027
p 0 197 33027
x 0 33028
p 0 264 33028
x 0 33029
p 0 235 33029
x 0 33030
p 0 204 33030
x 0 33031
p 0 212 33031
x 0 33032
p 0 199 33032
x 0 33033
p 0 202 33033
x 0 33034
p 0 204 33034
x 0 33035
p 0 205 33035
x 0 33036
p 0 231 33036
x 0 33037
p 0 251 33037
x 0 33038
p 0 197 33038
x 0 33039
p 0 208 33039
x 0 33040
p 0 206 33040
x 0 33041
p 0 203 33041
x 0 33042
p 0 206 33042
x 0 33043
p 0 196 33043
x 0 33044
p 0 200 33044
x 0 33045
p 0 199 33045
x 0 33046
p 0 205 33046
x 0 33047
p 0 196 33047
x 0 33048
p 0 200 33048
x 0 33049
p 0 197 33049
x 0 33050
p 0 201 33050
x 0 33051
p 0 205 33051
x 0 33052
p 0 201 33052
x 0 33053
p 0 201 33053
x 0 33054
p 0 197 33054
x 0 33055
p 0 236 33055
x 0 33056
p 0 205 33056
x 0 33057
p 0 197 33057
x 0 33058
p 0 161 33058
x 0 33059
p 0 207 33059
x 0 33060
p 0 199 33060
x 0 33000
h 0 10.0.0.3
p 0 24460 33000
x 1 33001
h 1 10.0.0.3
p 1 1001 33001
x 0 33002
p 0 198 33002
x 0 33003
p 0 174 33003
x 0 33004
p 0 207 33004
x 0 33005
p 0 179 33005
x 0 33006
p 0 162 33006
x 0 33007
p 0 171 33007
x 0 33008
p 0 224 33008
x 0 33009
p 0 215 33009
x 0 33010
p 0 176 33010
x 0 33011
p 0 249 33011
x 0 33012
p 0 217 33012
x 0 33013
p 0 213 33013
x 0 33014
p 0 234 33014
x 0 33015
p 0 207 33015
x 0 33016
p 0 214 33016
x 0 33017
p 0 235 33017
x 0 33018
p 0 261 33018
x 0 33019
p 0 301 33019
x 0 33020
p 0 307 33020
x 0 33021
p 0 313 33021
x 0 33022
p 0 211 33022
x 0 33023
p 0 318 33023
x 0 33024
p 0 332 33024
x 0 33025
p 0 290 33025
x 0 33026
p 0 302 33026
x 0 33027
p 0 309 33027
x 0 33028
p 0 318 33028
x 0 33029
p 0 214 33029
x 0 33030
p 0 306 33030
x 0 33031
p 0 208 33031
x 0 33032
p 0 241 33032
x 0 33033
p 0 201 33033
x 0 33034
p 0 208 33034
x 0 33035
p 0 202 33035
x 0 33036
p 0 202 33036
x 0 33037
p 0 200 33037
x 0 33038
p 0 211 33038
x 0 33039
p 0 241 33039
x 0 33040
p 0 202 33040
x 0 33041
p 0 201 33041
x 0 33042
p 0 246 33042
x 0 33043
p 0 206 33043
x 0 33044
p 0 203 33044
x 0 33045
p 0 209 33045
x 0 33046
p 0 284 33046
x 0 33047
p 0 264 33047
x 0 33048
p 0 206 33048
x 0 33049
p 0 201 33049
x 0 33050
p 0 194 33050
x 0 33051
p 0 201 33051
x 0 33052
p 0 197 33052
x 0 33053
p 0 260 33053
x 0 33054
p 0 203 33054
x 0 33055
p 0 207 33055
x 0 33056
p 0 230 33056
x 0 33057
p 0 242 33057
x 0 33058
p 0 200 33058
x 0 33059
p 0 210 33059
x 0 33060
p 0 251 33060
x 0 33000
h 0 10.0.0.3
p 0 13458 33000
x 1 33001
h 1 10.0.0.3
p 1 922 33001
x 0 33002
p 0 193 33002
x 0 33003
p 0 238 33003
x 0 33004
p 0 146 33004
x 0 33005
p 0 178 33005
x 0 33006
p 0 212 33006
x 0 33007
p 0 208 33007
x 0 33008
p 0 145 33008
x 0 33009
p 0 213 33009
x 0 33010
p 0 147 33010
x 0 33011
p 0 149 33011
x 0 33012
p 0 151 33012
x 0 33013
p 0 146 33013
x 0 33014
p 0 201 33014
x 0 33015
p 0 151 33015
x 0 33016
p 0 149 33016
x 0 33017
p 0 146 33017
x 0 33018
p 0 148 33018
x 0 33019
p 0 150 33019
x 0 33020
p 0 204 33020
x 0 33021
p 0 218 33021
x 0 33022
p 0 240 33022
x 0 33023
p 0 149 33023
x 0 33024
p 0 148 33024
x 0 33025
p 0 201 33025
x 0 33026
p 0 143 33026
x 0 33027
p 0 147 33027
x 0 33028
p 0 146 33028
x 0 33029
p 0 206 33029
x 0 33030
p 0 148 33030
x 0 33031
p 0 148 33031
x 0 33032
p 0 144 33032
x 0 33033
p 0 143 33033
x 0 33034
p 0 207 33034
x 0 33035
p 0 168 33035
x 0 33036
p 0 250 33036
x 0 33037
p 0 212 33037
x 0 33038
p 0 148 33038
x 0 33039
p 0 206 33039
x 0 33040
p 0 205 33040
x 0 33041
p 0 197 33041
x 0 33042
p 0 145 33042
x 0 33043
p 0 314 33043
x 0 33044
p 0 201 33044
x 0 33045
p 0 144 33045
x 0 33046
p 0 144 33046
x 0 33047
p 0 146 33047
x 0 33048
p 0 141 33048
x 0 33049
p 0 204 33049
x 0 33050
p 0 294 33050
x 0 33051
p 0 145 33051
x 0 33052
p 0 142 33052
x 0 33053
p 0 141 33053
x 0 33054
p 0 199 33054
x 0 33055
p 0 142 33055
x 0 33056
p 0 144 33056
x 0 33057
p 0 162 33057
x 0 33058
p 0 157 33058
x 0 33059
p 0 169 33059
x 0 33060
p 0 173 33060
x 0 33000
h 0 10.0.0.3
p 0 15077 33000
x 1 33001
h 1 10.0.0.3
p 1 990 33001
x 0 33002
p 0 242 33002
x 0 33003
p 0 293 33003
x 0 33004
p 0 285 33004
x 0 33005
p 0 279 33005
x 0 33006
p 0 241 33006
x 0 33007
p 0 279 33007
x 0 33008
p 0 248 33008
x 0 33009
p 0 235 33009
x 0 33010
p 0 242 33010
x 0 33011
p 0 291 33011
x 0 33012
p 0 240 33012
x 0 33013
p 0 236 33013
x 0 33014
p 0 315 33014
x 0 33015
p 0 242 33015
x 0 33016
p 0 214 33016
x 0 33017
p 0 241 33017
x 0 33018
p 0 242 33018
x 0 33019
p 0 212 33019
x 0 33020
p 0 161 33020
x 0 33021
p 0 167 33021
x 0 33022
p 0 147 33022
x 0 33023
p 0 149 33023
x 0 33024
p 0 146 33024
x 0 33025
p 0 146 33025
x 0 33026
p 0 176 33026
x 0 33027
p 0 143 33027
x 0 33028
p 0 169 33028
x 0 33029
p 0 203 33029
x 0 33030
p 0 233 33030
x 0 33031
p 0 202 33031
x 0 33032
p 0 202 33032
x 0 33033
p 0 211 33033
x 0 33034
p 0 210 33034
x 0 33035
p 0 231 33035
x 0 33036
p 0 210 33036
x 0 33037
p 0 204 33037
x 0 33038
p 0 164 33038
x 0 33039
p 0 205 33039
x 0 33040
p 0 205 33040
x 0 33041
p 0 187 33041
x 0 33042
p 0 205 33042
x 0 33043
p 0 211 33043
x 0 33044
p 0 249 33044
x 0 33045
p 0 208 33045
x 0 33046
p 0 234 33046
x 0 33047
p 0 306 33047
x 0 33048
p 0 260 33048
x 0 33049
p 0 203 33049
x 0 33050
p 0 245 33050
x 0 33051
p 0 207 33051
x 0 33052
p 0 207 33052
x 0 33053
p 0 231 33053
x 0 33054
p 0 93 33054
x 0 33055
p 0 206 33055
x 0 33056
p 0 205 33056
x 0 33057
p 0 197 33057
x 0 33058
p 0 197 33058
x 0 33059
p 0 222 33059
x 0 33060
p 0 214 33060
x 0 33000
h 0 10.0.0.3
p 0 14704 33000
x 1 33001
h 1 10.0.0.3
p 1 1095 33001
x 0 33002
p 0 173 33002
x 0 33003
p 0 201 33003
x 0 33004
p 0 207 33004
x 0 33005
p 0 206 33005
x 0 33006
p 0 211 33006
x 0 33007
p 0 227 33007
x 0 33008
p 0 222 33008
x 0 33009
p 0 266 33009
x 0 33010
p 0 221 33010
x 0 33011
p 0 253 33011
x 0 33012
p 0 235 33012
x 0 33013
p 0 216 33013
x 0 33014
p 0 234 33014
x 0 33015
p 0 221 33015
x 0 33016
p 0 222 33016
x 0 33017
p 0 227 33017
x 0 33018
p 0 223 33018
x 0 33019
p 0 216 33019
x 0 33020
p 0 209 33020
x 0 33021
p 0 234 33021
x 0 33022
p 0 222 33022
x 0 33023
p 0 214 33023
x 0 33024
p 0 319 33024
x 0 33025
p 0 216 33025
x 0 33026
p 0 206 33026
x 0 33027
p 0 230 33027
x 0 33028
p 0 215 33028
x 0 33029
p 0 219 33029
x 0 33030
p 0 219 33030
x 0 33031
p 0 282 33031
x 0 33032
p 0 223 33032
x 0 33033
p 0 208 33033
x 0 33034
p 0 208 33034
x 0 33035
p 0 206 33035
x 0 33036
p 0 205 33036
x 0 33037
p 0 212 33037
x 0 33038
p 0 152 33038
x 0 33039
p 0 168 33039
x 0 33040
p 0 167 33040
x 0 33041
p 0 161 33041
x 0 33042
p 0 148 33042
x 0 33043
p 0 144 33043
x 0 33044
p 0 149 33044
x 0 33045
p 0 146 33045
x 0 33046
p 0 142 33046
x 0 33047
p 0 148 33047
x 0 33048
p 0 303 33048
x 0 33049
p 0 184 33049
x 0 33050
p 0 147 33050
x 0 33051
p 0 203 33051
x 0 33052
p 0 164 33052
x 0 33053
p 0 150 33053
x 0 33054
p 0 207 33054
x 0 33055
p 0 150 33055
x 0 33056
p 0 209 33056
x 0 33057
p 0 226 33057
x 0 33058
p 0 246 33058
x 0 33059
p 0 182 33059
x 0 33060
p 0 168 33060
x 0 33000
h 0 10.0.0.3
p 0 14034 33000
x 1 33001
h 1 10.0.0.3
p 1 989 33001
x 0 33002
p 0 197 33002
x 0 33003
p 0 197 33003
x 0 33004
p 0 199 33004
x 0 33005
p 0 205 33005
x 0 33006
p 0 202 33006
x 0 33007
p 0 197 33007
x 0 33008
p 0 193 33008
x 0 33009
p 0 197 33009
x 0 33010
p 0 196 33010
x 0 33011
p 0 194 33011
x 0 33012
p 0 192 33012
x 0 33013
p 0 195 33013
x 0 33014
p 0 196 33014
x 0 33015
p 0 198 33015
x 0 33016
p 0 195 33016
x 0 33017
p 0 196 33017
x 0 33018
p 0 193 33018
x 0 33019
p 0 195 33019
x 0 33020
p 0 196 33020
x 0 33021
p 0 198 33021
x 0 33022
p 0 199 33022
x 0 33023
p 0 200 33023
x 0 33024
p 0 195 33024
x 0 33025
p 0 195 33025
x 0 33026
p 0 197 33026
x 0 33027
p 0 320 33027
x 0 33028
p 0 195 33028
x 0 33029
p 0 200 33029
x 0 33030
p 0 199 33030
x 0 33031
p 0 196 33031
x 0 33032
p 0 194 33032
x 0 33033
p 0 193 33033
x 0 33034
p 0 199 33034
x 0 33035
p 0 200 33035
x 0 33036
p 0 199 33036
x 0 33037
p 0 214 33037
x 0 33038
p 0 195 33038
x 0 33039
p 0 134 33039
x 0 33040
p 0 197 33040
x 0 33041
p 0 196 33041
x 0 33042
p 0 728 33042
x 0 33043
p 0 205 33043
x 0 33044
p 0 211 33044
x 0 33045
p 0 199 33045
x 0 33046
p 0 196 33046
x 0 33047
p 0 81 33047
x 0 33048
p 0 198 33048
x 0 33049
p 0 253 33049
x 0 33050
p 0 196 33050
x 0 33051
p 0 196 33051
x 0 33052
p 0 198 33052
x 0 33053
p 0 197 33053
x 0 33054
p 0 198 33054
x 0 33055
p 0 198 33055
x 0 33056
p 0 270 33056
x 0 33057
p 0 197 33057
x 0 33058
p 0 199 33058
x 0 33059
p 0 197 33059
x 0 33060
p 0 204 33060
x 0 33000
h 0 10.0.0.3
p 0 15336 33000
x 1 33001
h 1 10.0.0.3
p 1 1012 33001
x 0 33002
p 0 215 33002
x 0 33003
p 0 222 33003
x 0 33004
p 0 214 33004
x 0 33005
p 0 214 33005
x 0 33006
p 0 225 33006
x 0 33007
p 0 233 33007
x 0 33008
p 0 260 33008
x 0 33009
p 0 242 33009
x 0 33010
p 0 198 33010
x 0 33011
p 0 189 33011
x 0 33012
p 0 167 33012
x 0 33013
p 0 163 33013
x 0 33014
p 0 158 33014
x 0 33015
p 0 165 33015
x 0 33016
p 0 170 33016
x 0 33017
p 0 171 33017
x 0 33018
p 0 91 33018
x 0 33019
p 0 188 33019
x 0 33020
p 0 138 33020
x 0 33021
p 0 207 33021
x 0 33022
p 0 211 33022
x 0 33023
p 0 256 33023
x 0 33024
p 0 219 33024
x 0 33025
p 0 211 33025
x 0 33026
p 0 212 33026
x 0 33027
p 0 186 33027
x 0 33028
p 0 210 33028
x 0 33029
p 0 213 33029
x 0 33030
p 0 252 33030
x 0 33031
p 0 207 33031
x 0 33032
p 0 228 33032
x 0 33033
p 0 211 33033
x 0 33034
p 0 206 33034
x 0 33035
p 0 217 33035
x 0 33036
p 0 226 33036
x 0 33037
p 0 260 33037
x 0 33038
p 0 219 33038
x 0 33039
p 0 215 33039
x 0 33040
p 0 212 33040
x 0 33041
p 0 259 33041
x 0 33042
p 0 348 33042
x 0 33043
p 0 1026 33043
x 0 33044
p 0 242 33044
x 0 33045
p 0 358 33045
x 0 33046
p 0 228 33046
x 0 33047
p 0 229 33047
x 0 33048
p 0 204 33048
x 0 33049
p 0 209 33049
x 0 33050
p 0 226 33050
x 0 33051
p 0 234 33051
x 0 33052
p 0 236 33052
x 0 33053
p 0 211 33053
x 0 33054
p 0 216 33054
x 0 33055
p 0 209 33055
x 0 33056
p 0 244 33056
x 0 33057
p 0 310 33057
x 0 33058
p 0 250 33058
x 0 33059
p 0 218 33059
x 0 33060
p 0 231 33060
x 0 33000
h 0 10.0.0.3
p 0 15884 33000
x 1 33001
h 1 10.0.0.3
p 1 1012 33001
x 0 33002
p 0 200 33002
x 0 33003
p 0 250 33003
x 0 33004
p 0 212 33004
x 0 33005
p 0 229 33005
x 0 33006
p 0 223 33006
x 0 33007
p 0 207 33007
x 0 33008
p 0 208 33008
x 0 33009
p 0 211 33009
x 0 33010
p 0 239 33010
x 0 33011
p 0 230 33011
x 0 33012
p 0 217 33012
x 0 33013
p 0 211 33013
x 0 33014
p 0 213 33014
x 0 33015
p 0 223 33015
x 0 33016
p 0 221 33016
x 0 33017
p 0 218 33017
x 0 33018
p 0 210 33018
x 0 33019
p 0 207 33019
x 0 33020
p 0 220 33020
x 0 33021
p 0 226 33021
x 0 33022
p 0 212 33022
x 0 33023
p 0 220 33023
x 0 33024
p 0 295 33024
x 0 33025
p 0 209 33025
x 0 33026
p 0 204 33026
x 0 33027
p 0 217 33027
x 0 33028
p 0 203 33028
x 0 33029
p 0 201 33029
x 0 33030
p 0 206 33030
x 0 33031
p 0 247 33031
x 0 33032
p 0 203 33032
x 0 33033
p 0 206 33033
x 0 33034
p 0 209 33034
x 0 33035
p 0 220 33035
x 0 33036
p 0 236 33036
x 0 33037
p 0 216 33037
x 0 33038
p 0 253 33038
x 0 33039
p 0 218 33039
x 0 33040
p 0 229 33040
x 0 33041
p 0 233 33041
x 0 33042
p 0 250 33042
x 0 33043
p 0 214 33043
x 0 33044
p 0 199 33044
x 0 33045
p 0 215 33045
x 0 33046
p 0 208 33046
x 0 33047
p 0 197 33047
x 0 33048
p 0 217 33048
x 0 33049
p 0 206 33049
x 0 33050
p 0 203 33050
x 0 33051
p 0 204 33051
x 0 33052
p 0 194 33052
x 0 33053
p 0 196 33053
x 0 33054
p 0 144 33054
x 0 33055
p 0 204 33055
x 0 33056
p 0 199 33056
x 0 33057
p 0 149 33057
x 0 33058
p 0 201 33058
x 0 33059
p 0 137 33059
x 0 33060
p 0 262 33060
x 0 33000
h 0 10.0.0.3
p 0 15915 33000
x 1 33001
h 1 10.0.0.3
p 1 842 33001
x 0 33002
p 0 187 33002
x 0 33003
p 0 202 33003
x 0 33004
p 0 210 33004
x 0 33005
p 0 173 33005
x 0 33006
p 0 166 33006
x 0 33007
p 0 163 33007
x 0 33008
p 0 191 33008
x 0 33009
p 0 148 33009
x 0 33010
p 0 202 33010
x 0 33011
p 0 203 33011
x 0 33012
p 0 169 33012
x 0 33013
p 0 144 33013
x 0 33014
p 0 148 33014
x 0 33015
p 0 858 33015
x 0 33016
p 0 146 33016
x 0 33017
p 0 145 33017
x 0 33018
p 0 153 33018
x 0 33019
p 0 154 33019
x 0 33020
p 0 155 33020
x 0 33021
p 0 212 33021
x 0 33022
p 0 277 33022
x 0 33023
p 0 218 33023
x 0 33024
p 0 232 33024
x 0 33025
p 0 235 33025
x 0 33026
p 0 212 33026
x 0 33027
p 0 205 33027
x 0 33028
p 0 206 33028
x 0 33029
p 0 203 33029
x 0 33030
p 0 202 33030
x 0 33031
p 0 202 33031
x 0 33032
p 0 201 33032
x 0 33033
p 0 179 33033
x 0 33034
p 0 207 33034
x 0 33035
p 0 205 33035
x 0 33036
p 0 203 33036
x 0 33037
p 0 201 33037
x 0 33038
p 0 203 33038
x 0 33039
p 0 203 33039
x 0 33040
p 0 234 33040
x 0 33041
p 0 262 33041
x 0 33042
p 0 229 33042
x 0 33043
p 0 202 33043
x 0 33044
p 0 221 33044
x 0 33045
p 0 200 33045
x 0 33046
p 0 200 33046
x 0 33047
p 0 373 33047
x 0 33048
p 0 203 33048
x 0 33049
p 0 200 33049
x 0 33050
p 0 202 33050
x 0 33051
p 0 229 33051
x 0 33052
p 0 201 33052
x 0 33053
p 0 204 33053
x 0 33054
p 0 251 33054
x 0 33055
p 0 246 33055
x 0 33056
p 0 204 33056
x 0 33057
p 0 208 33057
x 0 33058
p 0 232 33058
x 0 33059
p 0 212 33059
x 0 33060
p 0 201 33060
x 0 33000
h 0 10.0.0.3
p 0 14413 33000
x 1 33001
h 1 10.0.0.3
p 1 1095 33001
x 0 33002
p 0 211 33002
x 0 33003
p 0 216 33003
x 0 33004
p 0 209 33004
x 0 33005
p 0 210 33005
x 0 33006
p 0 224 33006
x 0 33007
p 0 221 33007
x 0 33008
p 0 232 33008
x 0 33009
p 0 213 33009
x 0 33010
p 0 216 33010
x 0 33011
p 0 220 33011
x 0 33012
p 0 148 33012
x 0 33013
p 0 177 33013
x 0 33014
p 0 207 33014
x 0 33015
p 0 146 33015
x 0 33016
p 0 714 33016
x 0 33017
p 0 197 33017
x 0 33018
p 0 150 33018
x 0 33019
p 0 213 33019
x 0 33020
p 0 147 33020
x 0 33021
p 0 212 33021
x 0 33022
p 0 150 33022
x 0 33023
p 0 431 33023
x 0 33024
p 0 151 33024
x 0 33025
p 0 145 33025
x 0 33026
p 0 142 33026
x 0 33027
p 0 199 33027
x 0 33028
p 0 221 33028
x 0 33029
p 0 144 33029
x 0 33030
p 0 149 33030
x 0 33031
p 0 216 33031
x 0 33032
p 0 149 33032
x 0 33033
p 0 225 33033
x 0 33034
p 0 147 33034
x 0 33035
p 0 304 33035
x 0 33036
p 0 152 33036
x 0 33037
p 0 145 33037
x 0 33038
p 0 222 33038
x 0 33039
p 0 223 33039
x 0 33040
p 0 180 33040
x 0 33041
p 0 188 33041
x 0 33042
p 0 119 33042
x 0 33043
p 0 354 33043
x 0 33044
p 0 204 33044
x 0 33045
p 0 237 33045
x 0 33046
p 0 253 33046
x 0 33047
p 0 224 33047
x 0 33048
p 0 287 33048
x 0 33049
p 0 237 33049
x 0 33050
p 0 221 33050
x 0 33051
p 0 222 33051
x 0 33052
p 0 217 33052
x 0 33053
p 0 308 33053
x 0 33054
p 0 301 33054
x 0 33055
p 0 204 33055
x 0 33056
p 0 476 33056
x 0 33057
p 0 326 33057
x 0 33058
p 0 216 33058
x 0 33059
p 0 243 33059
x 0 33060
p 0 239 33060
x 0 33000
h 0 10.0.0.3
p 0 15214 33000
x 1 33001
h 1 10.0.0.3
p 1 1181 33001
x 0 33002
p 0 244 33002
x 0 33003
p 0 220 33003
x 0 33004
p 0 211 33004
x 0 33005
p 0 212 33005
x 0 33006
p 0 213 33006
x 0 33007
p 0 212 33007
x 0 33008
p 0 208 33008
x 0 33009
p 0 211 33009
x 0 33010
p 0 220 33010
x 0 33011
p 0 215 33011
x 0 33012
p 0 210 33012
x 0 33013
p 0 214 33013
x 0 33014
p 0 214 33014
x 0 33015
p 0 209 33015
x 0 33016
p 0 208 33016
x 0 33017
p 0 212 33017
x 0 33018
p 0 231 33018
x 0 33019
p 0 219 33019
x 0 33020
p 0 214 33020
x 0 33021
p 0 214 33021
x 0 33022
p 0 219 33022
x 0 33023
p 0 284 33023
x 0 33024
p 0 217 33024
x 0 33025
p 0 216 33025
x 0 33026
p 0 221 33026
x 0 33027
p 0 253 33027
x 0 33028
p 0 225 33028
x 0 33029
p 0 223 33029
x 0 33030
p 0 217 33030
x 0 33031
p 0 219 33031
x 0 33032
p 0 232 33032
x 0 33033
p 0 201 33033
x 0 33034
p 0 156 33034
x 0 33035
p 0 181 33035
x 0 33036
p 0 156 33036
x 0 33037
p 0 158 33037
x 0 33038
p 0 115 33038
x 0 33039
p 0 153 33039
x 0 33040
p 0 292 33040
x 0 33041
p 0 183 33041
x 0 33042
p 0 151 33042
x 0 33043
p 0 115 33043
x 0 33044
p 0 215 33044
x 0 33045
p 0 274 33045
x 0 33046
p 0 216 33046
x 0 33047
p 0 221 33047
x 0 33048
p 0 227 33048
x 0 33049
p 0 360 33049
x 0 33050
p 0 312 33050
x 0 33051
p 0 607 33051
x 0 33052
p 0 238 33052
x 0 33053
p 0 163 33053
x 0 33054
p 0 218 33054
x 0 33055
p 0 213 33055
x 0 33056
p 0 217 33056
x 0 33057
p 0 223 33057
x 0 33058
p 0 253 33058
x 0 33059
p 0 211 33059
x 0 33060
p 0 217 33060
x 0 33000
h 0 10.0.0.3
p 0 14137 33000
x 1 33001
h 1 10.0.0.3
p 1 1026 33001
x 0 33002
p 0 196 33002
x 0 33003
p 0 209 33003
x 0 33004
p 0 207 33004
x 0 33005
p 0 209 33005
x 0 33006
p 0 214 33006
x 0 33007
p 0 237 33007
x 0 33008
p 0 204 33008
x 0 33009
p 0 206 33009
x 0 33010
p 0 212 33010
x 0 33011
p 0 215 33011
x 0 33012
p 0 207 33012
x 0 33013
p 0 207 33013
x 0 33014
p 0 206 33014
x 0 33015
p 0 203 33015
x 0 33016
p 0 202 33016
x 0 33017
p 0 211 33017
x 0 33018
p 0 205 33018
x 0 33019
p 0 200 33019
x 0 33020
p 0 202 33020
x 0 33021
p 0 205 33021
x 0 33022
p 0 209 33022
x 0 33023
p 0 201 33023
x 0 33024
p 0 203 33024
x 0 33025
p 0 198 33025
x 0 33026
p 0 202 33026
x 0 33027
p 0 106 33027
x 0 33028
p 0 308 33028
x 0 33029
p 0 178 33029
x 0 33030
p 0 180 33030
x 0 33031
p 0 166 33031
x 0 33032
p 0 250 33032
x 0 33033
p 0 184 33033
x 0 33034
p 0 196 33034
x 0 33035
p 0 203 33035
x 0 33036
p 0 197 33036
x 0 33037
p 0 288 33037
x 0 33038
p 0 198 33038
x 0 33039
p 0 202 33039
x 0 33040
p 0 200 33040
x 0 33041
p 0 614 33041
x 0 33042
p 0 199 33042
x 0 33043
p 0 147 33043
x 0 33044
p 0 143 33044
x 0 33045
p 0 202 33045
x 0 33046
p 0 203 33046
x 0 33047
p 0 203 33047
x 0 33048
p 0 199 33048
x 0 33049
p 0 347 33049
x 0 33050
p 0 196 33050
x 0 33051
p 0 196 33051
x 0 33052
p 0 144 33052
x 0 33053
p 0 133 33053
x 0 33054
p 0 133 33054
x 0 33055
p 0 135 33055
x 0 33056
p 0 131 33056
x 0 33057
p 0 133 33057
x 0 33058
p 0 201 33058
x 0 33059
p 0 198 33059
x 0 33060
p 0 167 33060
x 0 33000
h 0 10.0.0.3
p 0 15311 33000
x 1 33001
h 1 10.0.0.3
p 1 1008 33001
x 0 33002
p 0 200 33002
x 0 33003
p 0 151 33003
x 0 33004
p 0 203 33004
x 0 33005
p 0 203 33005
x 0 33006
p 0 208 33006
x 0 33007
p 0 206 33007
x 0 33008
p 0 208 33008
x 0 33009
p 0 213 33009
x 0 33010
p 0 206 33010
x 0 33011
p 0 211 33011
x 0 33012
p 0 208 33012
x 0 33013
p 0 207 33013
x 0 33014
p 0 213 33014
x 0 33015
p 0 207 33015
x 0 33016
p 0 209 33016
x 0 33017
p 0 209 33017
x 0 33018
p 0 216 33018
x 0 33019
p 0 222 33019
x 0 33020
p 0 239 33020
x 0 33021
p 0 287 33021
x 0 33022
p 0 222 33022
x 0 33023
p 0 251 33023
x 0 33024
p 0 217 33024
x 0 33025
p 0 199 33025
x 0 33026
p 0 194 33026
x 0 33027
p 0 202 33027
x 0 33028
p 0 202 33028
x 0 33029
p 0 200 33029
x 0 33030
p 0 297 33030
x 0 33031
p 0 207 33031
x 0 33032
p 0 199 33032
x 0 33033
p 0 200 33033
x 0 33034
p 0 152 33034
x 0 33035
p 0 205 33035
x 0 33036
p 0 144 33036
x 0 33037
p 0 145 33037
x 0 33038
p 0 184 33038
x 0 33039
p 0 147 33039
x 0 33040
p 0 143 33040
x 0 33041
p 0 149 33041
x 0 33042
p 0 144 33042
x 0 33043
p 0 204 33043
x 0 33044
p 0 643 33044
x 0 33045
p 0 180 33045
x 0 33046
p 0 199 33046
x 0 33047
p 0 203 33047
x 0 33048
p 0 226 33048
x 0 33049
p 0 145 33049
x 0 33050
p 0 201 33050
x 0 33051
p 0 152 33051
x 0 33052
p 0 205 33052
x 0 33053
p 0 147 33053
x 0 33054
p 0 210 33054
x 0 33055
p 0 146 33055
x 0 33056
p 0 200 33056
x 0 33057
p 0 203 33057
x 0 33058
p 0 258 33058
x 0 33059
p 0 147 33059
x 0 33060
p 0 197 33060
x 0 33000
h 0 10.0.0.3
p 0 16773 33000
x 1 33001
h 1 10.0.0.3
p 1 1220 33001
x 0 33002
p 0 206 33002
x 0 33003
p 0 249 33003
x 0 33004
p 0 175 33004
x 0 33005
p 0 212 33005
x 0 33006
p 0 206 33006
x 0 33007
p 0 206 33007
x 0 33008
p 0 204 33008
x 0 33009
p 0 204 33009
x 0 33010
p 0 235 33010
x 0 33011
p 0 206 33011
x 0 33012
p 0 208 33012
x 0 33013
p 0 203 33013
x 0 33014
p 0 202 33014
x 0 33015
p 0 201 33015
x 0 33016
p 0 205 33016
x 0 33017
p 0 207 33017
x 0 33018
p 0 207 33018
x 0 33019
p 0 200 33019
x 0 33020
p 0 199 33020
x 0 33021
p 0 203 33021
x 0 33022
p 0 209 33022
x 0 33023
p 0 209 33023
x 0 33024
p 0 233 33024
x 0 33025
p 0 205 33025
x 0 33026
p 0 207 33026
x 0 33027
p 0 206 33027
x 0 33028
p 0 205 33028
x 0 33029
p 0 203 33029
x 0 33030
p 0 204 33030
x 0 33031
p 0 274 33031
x 0 33032
p 0 201 33032
x 0 33033
p 0 204 33033
x 0 33034
p 0 201 33034
x 0 33035
p 0 204 33035
x 0 33036
p 0 201 33036
x 0 33037
p 0 201 33037
x 0 33038
p 0 235 33038
x 0 33039
p 0 204 33039
x 0 33040
p 0 205 33040
x 0 33041
p 0 261 33041
x 0 33042
p 0 203 33042
x 0 33043
p 0 231 33043
x 0 33044
p 0 197 33044
x 0 33045
p 0 236 33045
x 0 33046
p 0 215 33046
x 0 33047
p 0 206 33047
x 0 33048
p 0 327 33048
x 0 33049
p 0 176 33049
x 0 33050
p 0 177 33050
x 0 33051
p 0 175 33051
x 0 33052
p 0 97 33052
x 0 33053
p 0 200 33053
x 0 33054
p 0 158 33054
x 0 33055
p 0 156 33055
x 0 33056
p 0 452 33056
x 0 33057
p 0 101 33057
x 0 33058
p 0 369 33058
x 0 33059
p 0 193 33059
x 0 33060
p 0 172 33060
x 0 33000
h 0 10.0.0.3
p 0 14223 33000
x 1 33001
h 1 10.0.0.3
p 1 1024 33001
x 0 33002
p 0 196 33002
x 0 33003
p 0 187 33003
x 0 33004
p 0 183 33004
x 0 33005
p 0 157 33005
x 0 33006
p 0 216 33006
x 0 33007
p 0 208 33007
x 0 33008
p 0 204 33008
x 0 33009
p 0 180 33009
x 0 33010
p 0 163 33010
x 0 33011
p 0 164 33011
x 0 33012
p 0 150 33012
x 0 33013
p 0 180 33013
x 0 33014
p 0 149 33014
x 0 33015
p 0 218 33015
x 0 33016
p 0 239 33016
x 0 33017
p 0 293 33017
x 0 33018
p 0 210 33018
x 0 33019
p 0 212 33019
x 0 33020
p 0 234 33020
x 0 33021
p 0 263 33021
x 0 33022
p 0 257 33022
x 0 33023
p 0 218 33023
x 0 33024
p 0 212 33024
x 0 33025
p 0 174 33025
x 0 33026
p 0 396 33026
x 0 33027
p 0 292 33027
x 0 33028
p 0 164 33028
x 0 33029
p 0 153 33029
x 0 33030
p 0 160 33030
x 0 33031
p 0 231 33031
x 0 33032
p 0 224 33032
x 0 33033
p 0 246 33033
x 0 33034
p 0 165 33034
x 0 33035
p 0 166 33035
x 0 33036
p 0 173 33036
x 0 33037
p 0 175 33037
x 0 33038
p 0 224 33038
x 0 33039
p 0 218 33039
x 0 33040
p 0 412 33040
x 0 33041
p 0 240 33041
x 0 33042
p 0 214 33042
x 0 33043
p 0 212 33043
x 0 33044
p 0 211 33044
x 0 33045
p 0 228 33045
x 0 33046
p 0 251 33046
x 0 33047
p 0 213 33047
x 0 33048
p 0 209 33048
x 0 33049
p 0 209 33049
x 0 33050
p 0 236 33050
x 0 33051
p 0 233 33051
x 0 33052
p 0 218 33052
x 0 33053
p 0 264 33053
x 0 33054
p 0 212 33054
x 0 33055
p 0 225 33055
x 0 33056
p 0 219 33056
x 0 33057
p 0 221 33057
x 0 33058
p 0 206 33058
x 0 33059
p 0 97 33059
x 0 33060
p 0 242 33060
x 0 33000
h 0 10.0.0.3
p 0 14014 33000
x 1 33001
h 1 10.0.0.3
p 1 961 33001
x 0 33002
p 0 215 33002
x 0 33003
p 0 209 33003
x 0 33004
p 0 226 33004
x 0 33005
p 0 175 33005
x 0 33006
p 0 168 33006
x 0 33007
p 0 170 33007
x 0 33008
p 0 168 33008
x 0 33009
p 0 162 33009
x 0 33010
p 0 162 33010
x 0 33011
p 0 164 33011
x 0 33012
p 0 142 33012
x 0 33013
p 0 199 33013
x 0 33014
p 0 199 33014
x 0 33015
p 0 142 33015
x 0 33016
p 0 197 33016
x 0 33017
p 0 148 33017
x 0 33018
p 0 205 33018
x 0 33019
p 0 323 33019
x 0 33020
p 0 158 33020
x 0 33021
p 0 206 33021
x 0 33022
p 0 201 33022
x 0 33023
p 0 163 33023
x 0 33024
p 0 156 33024
x 0 33025
p 0 215 33025
x 0 33026
p 0 205 33026
x 0 33027
p 0 206 33027
x 0 33028
p 0 212 33028
x 0 33029
p 0 162 33029
x 0 33030
p 0 186 33030
x 0 33031
p 0 199 33031
x 0 33032
p 0 201 33032
x 0 33033
p 0 200 33033
x 0 33034
p 0 200 33034
x 0 33035
p 0 261 33035
x 0 33036
p 0 282 33036
x 0 33037
p 0 370 33037
x 0 33038
p 0 199 33038
x 0 33039
p 0 216 33039
x 0 33040
p 0 199 33040
x 0 33041
p 0 195 33041
x 0 33042
p 0 199 33042
x 0 33043
p 0 291 33043
x 0 33044
p 0 336 33044
x 0 33045
p 0 220 33045
x 0 33046
p 0 198 33046
x 0 33047
p 0 203 33047
x 0 33048
p 0 200 33048
x 0 33049
p 0 200 33049
x 0 33050
p 0 197 33050
x 0 33051
p 0 198 33051
x 0 33052
p 0 200 33052
x 0 33053
p 0 199 33053
x 0 33054
p 0 198 33054
x 0 33055
p 0 208 33055
x 0 33056
p 0 210 33056
x 0 33057
p 0 202 33057
x 0 33058
p 0 198 33058
x 0 33059
p 0 196 33059
x 0 33060
p 0 197 33060
x 0 33000
h 0 10.0.0.3
p 0 14711 33000
x 1 33001
h 1 10.0.0.3
p 1 1123 33001
x 0 33002
p 0 174 33002
x 0 33003
p 0 179 33003
x 0 33004
p 0 206 33004
x 0 33005
p 0 223 33005
x 0 33006
p 0 264 33006
x 0 33007
p 0 222 33007
x 0 33008
p 0 220 33008
x 0 33009
p 0 227 33009
x 0 33010
p 0 234 33010
x 0 33011
p 0 221 33011
x 0 33012
p 0 231 33012
x 0 33013
p 0 147 33013
x 0 33014
p 0 145 33014
x 0 33015
p 0 144 33015
x 0 33016
p 0 218 33016
x 0 33017
p 0 145 33017
x 0 33018
p 0 169 33018
x 0 33019
p 0 231 33019
x 0 33020
p 0 228 33020
x 0 33021
p 0 185 33021
x 0 33022
p 0 360 33022
x 0 33023
p 0 265 33023
x 0 33024
p 0 188 33024
x 0 33025
p 0 186 33025
x 0 33026
p 0 210 33026
x 0 33027
p 0 210 33027
x 0 33028
p 0 214 33028
x 0 33029
p 0 213 33029
x 0 33030
p 0 207 33030
x 0 33031
p 0 201 33031
x 0 33032
p 0 206 33032
x 0 33033
p 0 207 33033
x 0 33034
p 0 205 33034
x 0 33035
p 0 211 33035
x 0 33036
p 0 208 33036
x 0 33037
p 0 140 33037
x 0 33038
p 0 214 33038
x 0 33039
p 0 207 33039
x 0 33040
p 0 204 33040
x 0 33041
p 0 204 33041
x 0 33042
p 0 202 33042
x 0 33043
p 0 177 33043
x 0 33044
p 0 203 33044
x 0 33045
p 0 200 33045
x 0 33046
p 0 202 33046
x 0 33047
p 0 197 33047
x 0 33048
p 0 201 33048
x 0 33049
p 0 200 33049
x 0 33050
p 0 200 33050
x 0 33051
p 0 196 33051
x 0 33052
p 0 197 33052
x 0 33053
p 0 198 33053
x 0 33054
p 0 198 33054
x 0 33055
p 0 196 33055
x 0 33056
p 0 231 33056
x 0 33057
p 0 193 33057
x 0 33058
p 0 199 33058
x 0 33059
p 0 195 33059
x 0 33060
p 0 198 33060
x 0 33000
h 0 10.0.0.3
p 0 13744 33000
x 1 33001
h 1 10.0.0.3
p 1 1113 33001
x 0 33002
p 0 209 33002
x 0 33003
p 0 177 33003
x 0 33004
p 0 169 33004
x 0 33005
p 0 254 33005
x 0 33006
p 0 158 33006
x 0 33007
p 0 197 33007
x 0 33008
p 0 197 33008
x 0 33009
p 0 140 33009
x 0 33010
p 0 190 33010
x 0 33011
p 0 191 33011
x 0 33012
p 0 199 33012
x 0 33013
p 0 196 33013
x 0 33014
p 0 191 33014
x 0 33015
p 0 193 33015
x 0 33016
p 0 193 33016
x 0 33017
p 0 138 33017
x 0 33018
p 0 201 33018
x 0 33019
p 0 144 33019
x 0 33020
p 0 191 33020
x 0 33021
p 0 139 33021
x 0 33022
p 0 198 33022
x 0 33023
p 0 141 33023
x 0 33024
p 0 194 33024
x 0 33025
p 0 195 33025
x 0 33026
p 0 137 33026
x 0 33027
p 0 216 33027
x 0 33028
p 0 135 33028
x 0 33029
p 0 192 33029
x 0 33030
p 0 135 33030
x 0 33031
p 0 171 33031
x 0 33032
p 0 131 33032
x 0 33033
p 0 135 33033
x 0 33034
p 0 147 33034
x 0 33035
p 0 138 33035
x 0 33036
p 0 195 33036
x 0 33037
p 0 138 33037
x 0 33038
p 0 171 33038
x 0 33039
p 0 197 33039
x 0 33040
p 0 196 33040
x 0 33041
p 0 148 33041
x 0 33042
p 0 196 33042
x 0 33043
p 0 143 33043
x 0 33044
p 0 199 33044
x 0 33045
p 0 198 33045
x 0 33046
p 0 195 33046
x 0 33047
p 0 140 33047
x 0 33048
p 0 200 33048
x 0 33049
p 0 192 33049
x 0 33050
p 0 193 33050
x 0 33051
p 0 199 33051
x 0 33052
p 0 193 33052
x 0 33053
p 0 200 33053
x 0 33054
p 0 193 33054
x 0 33055
p 0 196 33055
x 0 33056
p 0 224 33056
x 0 33057
p 0 196 33057
x 0 33058
p 0 201 33058
x 0 33059
p 0 194 33059
x 0 33060
p 0 193 33060
x 0 33000
h 0 10.0.0.3
p 0 15252 33000
x 1 33001
h 1 10.0.0.3
p 1 1060 33001
x 0 33002
p 0 201 33002
x 0 33003
p 0 204 33003
x 0 33004
p 0 204 33004
x 0 33005
p 0 177 33005
x 0 33006
p 0 188 33006
x 0 33007
p 0 207 33007
x 0 33008
p 0 199 33008
x 0 33009
p 0 200 33009
x 0 33010
p 0 198 33010
x 0 33011
p 0 141 33011
x 0 33012
p 0 206 33012
x 0 33013
p 0 201 33013
x 0 33014
p 0 206 33014
x 0 33015
p 0 210 33015
x 0 33016
p 0 209 33016
x 0 33017
p 0 276 33017
x 0 33018
p 0 148 33018
x 0 33019
p 0 203 33019
x 0 33020
p 0 197 33020
x 0 33021
p 0 174 33021
x 0 33022
p 0 204 33022
x 0 33023
p 0 145 33023
x 0 33024
p 0 363 33024
x 0 33025
p 0 132 33025
x 0 33026
p 0 133 33026
x 0 33027
p 0 225 33027
x 0 33028
p 0 140 33028
x 0 33029
p 0 186 33029
x 0 33030
p 0 202 33030
x 0 33031
p 0 207 33031
x 0 33032
p 0 201 33032
x 0 33033
p 0 235 33033
x 0 33034
p 0 202 33034
x 0 33035
p 0 201 33035
x 0 33036
p 0 204 33036
x 0 33037
p 0 202 33037
x 0 33038
p 0 138 33038
x 0 33039
p 0 206 33039
x 0 33040
p 0 231 33040
x 0 33041
p 0 150 33041
x 0 33042
p 0 165 33042
x 0 33043
p 0 150 33043
x 0 33044
p 0 178 33044
x 0 33045
p 0 222 33045
x 0 33046
p 0 144 33046
x 0 33047
p 0 166 33047
x 0 33048
p 0 291 33048
x 0 33049
p 0 149 33049
x 0 33050
p 0 213 33050
x 0 33051
p 0 225 33051
x 0 33052
p 0 138 33052
x 0 33053
p 0 137 33053
x 0 33054
p 0 149 33054
x 0 33055
p 0 215 33055
x 0 33056
p 0 142 33056
x 0 33057
p 0 142 33057
x 0 33058
p 0 190 33058
x 0 33059
p 0 218 33059
x 0 33060
p 0 213 33060
x 0 33000
h 0 10.0.0.3
p 0 14357 33000
x 1 33001
h 1 10.0.0.3
p 1 1229 33001
x 0 33002
p 0 200 33002
x 0 33003
p 0 199 33003
x 0 33004
p 0 201 33004
x 0 33005
p 0 203 33005
x 0 33006
p 0 239 33006
x 0 33007
p 0 201 33007
x 0 33008
p 0 202 33008
x 0 33009
p 0 201 33009
x 0 33010
p 0 200 33010
x 0 33011
p 0 198 33011
x 0 33012
p 0 198 33012
x 0 33013
p 0 203 33013
x 0 33014
p 0 198 33014
x 0 33015
p 0 198 33015
x 0 33016
p 0 199 33016
x 0 33017
p 0 197 33017
x 0 33018
p 0 201 33018
x 0 33019
p 0 194 33019
x 0 33020
p 0 177 33020
x 0 33021
p 0 200 33021
x 0 33022
p 0 170 33022
x 0 33023
p 0 200 33023
x 0 33024
p 0 200 33024
x 0 33025
p 0 169 33025
x 0 33026
p 0 198 33026
x 0 33027
p 0 196 33027
x 0 33028
p 0 211 33028
x 0 33029
p 0 236 33029
x 0 33030
p 0 210 33030
x 0 33031
p 0 195 33031
x 0 33032
p 0 170 33032
x 0 33033
p 0 244 33033
x 0 33034
p 0 199 33034
x 0 33035
p 0 169 33035
x 0 33036
p 0 169 33036
x 0 33037
p 0 163 33037
x 0 33038
p 0 164 33038
x 0 33039
p 0 168 33039
x 0 33040
p 0 205 33040
x 0 33041
p 0 173 33041
x 0 33042
p 0 165 33042
x 0 33043
p 0 145 33043
x 0 33044
p 0 146 33044
x 0 33045
p 0 150 33045
x 0 33046
p 0 145 33046
x 0 33047
p 0 254 33047
x 0 33048
p 0 219 33048
x 0 33049
p 0 209 33049
x 0 33050
p 0 321 33050
x 0 33051
p 0 155 33051
x 0 33052
p 0 210 33052
x 0 33053
p 0 207 33053
x 0 33054
p 0 78 33054
x 0 33055
p 0 147 33055
x 0 33056
p 0 207 33056
x 0 33057
p 0 198 33057
x 0 33058
p 0 152 33058
x 0 33059
p 0 219 33059
x 0 33060
p 0 218 33060
x 0 33000
h 0 10.0.0.3
p 0 15672 33000
x 1 33001
h 1 10.0.0.3
p 1 985 33001
x 0 33002
p 0 194 33002
x 0 33003
p 0 155 33003
x 0 33004
p 0 220 33004
x 0 33005
p 0 214 33005
x 0 33006
p 0 201 33006
x 0 33007
p 0 132 33007
x 0 33008
p 0 170 33008
x 0 33009
p 0 171 33009
x 0 33010
p 0 201 33010
x 0 33011
p 0 202 33011
x 0 33012
p 0 174 33012
x 0 33013
p 0 173 33013
x 0 33014
p 0 201 33014
x 0 33015
p 0 203 33015
x 0 33016
p 0 174 33016
x 0 33017
p 0 176 33017
x 0 33018
p 0 173 33018
x 0 33019
p 0 175 33019
x 0 33020
p 0 202 33020
x 0 33021
p 0 173 33021
x 0 33022
p 0 206 33022
x 0 33023
p 0 205 33023
x 0 33024
p 0 200 33024
x 0 33025
p 0 195 33025
x 0 33026
p 0 203 33026
x 0 33027
p 0 168 33027
x 0 33028
p 0 173 33028
x 0 33029
p 0 172 33029
x 0 33030
p 0 176 33030
x 0 33031
p 0 176 33031
x 0 33032
p 0 179 33032
x 0 33033
p 0 179 33033
x 0 33034
p 0 182 33034
x 0 33035
p 0 208 33035
x 0 33036
p 0 180 33036
x 0 33037
p 0 180 33037
x 0 33038
p 0 174 33038
x 0 33039
p 0 178 33039
x 0 33040
p 0 179 33040
x 0 33041
p 0 179 33041
x 0 33042
p 0 209 33042
x 0 33043
p 0 207 33043
x 0 33044
p 0 260 33044
x 0 33045
p 0 151 33045
x 0 33046
p 0 226 33046
x 0 33047
p 0 151 33047
x 0 33048
p 0 208 33048
x 0 33049
p 0 209 33049
x 0 33050
p 0 210 33050
x 0 33051
p 0 219 33051
x 0 33052
p 0 152 33052
x 0 33053
p 0 152 33053
x 0 33054
p 0 212 33054
x 0 33055
p 0 242 33055
x 0 33056
p 0 158 33056
x 0 33057
p 0 212 33057
x 0 33058
p 0 154 33058
x 0 33059
p 0 208 33059
x 0 33060
p 0 205 33060
x 0 33000
h 0 10.0.0.3
p 0 20425 33000
x 1 33001
h 1 10.0.0.3
p 1 1047 33001
x 0 33002
p 0 198 33002
x 0 33003
p 0 232 33003
x 0 33004
p 0 188 33004
x 0 33005
p 0 213 33005
x 0 33006
p 0 209 33006
x 0 33007
p 0 262 33007
x 0 33008
p 0 205 33008
x 0 33009
p 0 211 33009
x 0 33010
p 0 299 33010
x 0 33011
p 0 202 33011
x 0 33012
p 0 206 33012
x 0 33013
p 0 695 33013
x 0 33014
p 0 209 33014
x 0 33015
p 0 189 33015
x 0 33016
p 0 184 33016
x 0 33017
p 0 207 33017
x 0 33018
p 0 178 33018
x 0 33019
p 0 188 33019
x 0 33020
p 0 180 33020
x 0 33021
p 0 182 33021
x 0 33022
p 0 177 33022
x 0 33023
p 0 182 33023
x 0 33024
p 0 176 33024
x 0 33025
p 0 153 33025
x 0 33026
p 0 154 33026
x 0 33027
p 0 154 33027
x 0 33028
p 0 154 33028
x 0 33029
p 0 159 33029
x 0 33030
p 0 160 33030
x 0 33031
p 0 158 33031
x 0 33032
p 0 160 33032
x 0 33033
p 0 159 33033
x 0 33034
p 0 227 33034
x 0 33035
p 0 224 33035
x 0 33036
p 0 218 33036
x 0 33037
p 0 158 33037
x 0 33038
p 0 215 33038
x 0 33039
p 0 223 33039
x 0 33040
p 0 253 33040
x 0 33041
p 0 204 33041
x 0 33042
p 0 304 33042
x 0 33043
p 0 202 33043
x 0 33044
p 0 204 33044
x 0 33045
p 0 233 33045
x 0 33046
p 0 196 33046
x 0 33047
p 0 197 33047
x 0 33048
p 0 198 33048
x 0 33049
p 0 205 33049
x 0 33050
p 0 201 33050
x 0 33051
p 0 200 33051
x 0 33052
p 0 202 33052
x 0 33053
p 0 200 33053
x 0 33054
p 0 205 33054
x 0 33055
p 0 205 33055
x 0 33056
p 0 200 33056
x 0 33057
p 0 200 33057
x 0 33058
p 0 200 33058
x 0 33059
p 0 200 33059
x 0 33060
p 0 229 33060
x 0 33000
h 0 10.0.0.3
p 0 18383 33000
x 1 33001
h 1 10.0.0.3
p 1 1030 33001
x 0 33002
p 0 207 33002
x 0 33003
p 0 330 33003
x 0 33004
p 0 234 33004
x 0 33005
p 0 249 33005
x 0 33006
p 0 220 33006
x 0 33007
p 0 219 33007
x 0 33008
p 0 214 33008
x 0 33009
p 0 211 33009
x 0 33010
p 0 212 33010
x 0 33011
p 0 209 33011
x 0 33012
p 0 217 33012
x 0 33013
p 0 211 33013
x 0 33014
p 0 219 33014
x 0 33015
p 0 212 33015
x 0 33016
p 0 213 33016
x 0 33017
p 0 214 33017
x 0 33018
p 0 215 33018
x 0 33019
p 0 213 33019
x 0 33020
p 0 218 33020
x 0 33021
p 0 222 33021
x 0 33022
p 0 214 33022
x 0 33023
p 0 208 33023
x 0 33024
p 0 203 33024
x 0 33025
p 0 206 33025
x 0 33026
p 0 212 33026
x 0 33027
p 0 207 33027
x 0 33028
p 0 260 33028
x 0 33029
p 0 208 33029
x 0 33030
p 0 212 33030
x 0 33031
p 0 208 33031
x 0 33032
p 0 213 33032
x 0 33033
p 0 213 33033
x 0 33034
p 0 213 33034
x 0 33035
p 0 270 33035
x 0 33036
p 0 158 33036
x 0 33037
p 0 147 33037
x 0 33038
p 0 145 33038
x 0 33039
p 0 148 33039
x 0 33040
p 0 208 33040
x 0 33041
p 0 210 33041
x 0 33042
p 0 247 33042
x 0 33043
p 0 201 33043
x 0 33044
p 0 232 33044
x 0 33045
p 0 369 33045
x 0 33046
p 0 219 33046
x 0 33047
p 0 208 33047
x 0 33048
p 0 160 33048
x 0 33049
p 0 230 33049
x 0 33050
p 0 212 33050
x 0 33051
p 0 419 33051
x 0 33052
p 0 147 33052
x 0 33053
p 0 198 33053
x 0 33054
p 0 216 33054
x 0 33055
p 0 203 33055
x 0 33056
p 0 202 33056
x 0 33057
p 0 214 33057
x 0 33058
p 0 210 33058
x 0 33059
p 0 233 33059
x 0 33060
p 0 157 33060
x 0 33000
h 0 10.0.0.3
p 0 13666 33000
x 1 33001
h 1 10.0.0.3
p 1 1068 33001
x 0 33002
p 0 150 33002
x 0 33003
p 0 158 33003
x 0 33004
p 0 158 33004
x 0 33005
p 0 151 33005
x 0 33006
p 0 171 33006
x 0 33007
p 0 206 33007
x 0 33008
p 0 145 33008
x 0 33009
p 0 217 33009
x 0 33010
p 0 151 33010
x 0 33011
p 0 167 33011
x 0 33012
p 0 199 33012
x 0 33013
p 0 200 33013
x 0 33014
p 0 201 33014
x 0 33015
p 0 200 33015
x 0 33016
p 0 199 33016
x 0 33017
p 0 196 33017
x 0 33018
p 0 256 33018
x 0 33019
p 0 202 33019
x 0 33020
p 0 197 33020
x 0 33021
p 0 198 33021
x 0 33022
p 0 198 33022
x 0 33023
p 0 197 33023
x 0 33024
p 0 197 33024
x 0 33025
p 0 143 33025
x 0 33026
p 0 196 33026
x 0 33027
p 0 195 33027
x 0 33028
p 0 143 33028
x 0 33029
p 0 222 33029
x 0 33030
p 0 208 33030
x 0 33031
p 0 204 33031
x 0 33032
p 0 213 33032
x 0 33033
p 0 207 33033
x 0 33034
p 0 205 33034
x 0 33035
p 0 312 33035
x 0 33036
p 0 204 33036
x 0 33037
p 0 203 33037
x 0 33038
p 0 151 33038
x 0 33039
p 0 259 33039
x 0 33040
p 0 147 33040
x 0 33041
p 0 207 33041
x 0 33042
p 0 144 33042
x 0 33043
p 0 176 33043
x 0 33044
p 0 144 33044
x 0 33045
p 0 205 33045
x 0 33046
p 0 202 33046
x 0 33047
p 0 145 33047
x 0 33048
p 0 210 33048
x 0 33049
p 0 149 33049
x 0 33050
p 0 150 33050
x 0 33051
p 0 202 33051
x 0 33052
p 0 146 33052
x 0 33053
p 0 148 33053
x 0 33054
p 0 253 33054
x 0 33055
p 0 209 33055
x 0 33056
p 0 358 33056
x 0 33057
p 0 200 33057
x 0 33058
p 0 376 33058
x 0 33059
p 0 208 33059
x 0 33060
p 0 220 33060
x 0 33000
h 0 10.0.0.3
p 0 14854 33000
x 1 33001
h 1 10.0.0.3
p 1 1043 33001
x 0 33002
p 0 220 33002
x 0 33003
p 0 207 33003
x 0 33004
p 0 179 33004
x 0 33005
p 0 171 33005
x 0 33006
p 0 249 33006
x 0 33007
p 0 170 33007
x 0 33008
p 0 212 33008
x 0 33009
p 0 148 33009
x 0 33010
p 0 204 33010
x 0 33011
p 0 147 33011
x 0 33012
p 0 209 33012
x 0 33013
p 0 147 33013
x 0 33014
p 0 144 33014
x 0 33015
p 0 205 33015
x 0 33016
p 0 208 33016
x 0 33017
p 0 150 33017
x 0 33018
p 0 672 33018
x 0 33019
p 0 150 33019
x 0 33020
p 0 204 33020
x 0 33021
p 0 152 33021
x 0 33022
p 0 224 33022
x 0 33023
p 0 222 33023
x 0 33024
p 0 212 33024
x 0 33025
p 0 265 33025
x 0 33026
p 0 209 33026
x 0 33027
p 0 208 33027
x 0 33028
p 0 149 33028
x 0 33029
p 0 211 33029
x 0 33030
p 0 205 33030
x 0 33031
p 0 207 33031
x 0 33032
p 0 218 33032
x 0 33033
p 0 218 33033
x 0 33034
p 0 149 33034
x 0 33035
p 0 207 33035
x 0 33036
p 0 145 33036
x 0 33037
p 0 211 33037
x 0 33038
p 0 210 33038
x 0 33039
p 0 212 33039
x 0 33040
p 0 146 33040
x 0 33041
p 0 149 33041
x 0 33042
p 0 153 33042
x 0 33043
p 0 147 33043
x 0 33044
p 0 213 33044
x 0 33045
p 0 200 33045
x 0 33046
p 0 207 33046
x 0 33047
p 0 164 33047
x 0 33048
p 0 149 33048
x 0 33049
p 0 149 33049
x 0 33050
p 0 206 33050
x 0 33051
p 0 209 33051
x 0 33052
p 0 208 33052
x 0 33053
p 0 242 33053
x 0 33054
p 0 221 33054
x 0 33055
p 0 195 33055
x 0 33056
p 0 204 33056
x 0 33057
p 0 166 33057
x 0 33058
p 0 210 33058
x 0 33059
p 0 204 33059
x 0 33060
p 0 254 33060
x 0 33000
h 0 10.0.0.3
p 0 11134 33000
x 1 33001
h 1 10.0.0.3
p 1 1016 33001
x 0 33002
p 0 197 33002
x 0 33003
p 0 161 33003
x 0 33004
p 0 201 33004
x 0 33005
p 0 203 33005
x 0 33006
p 0 172 33006
x 0 33007
p 0 169 33007
x 0 33008
p 0 168 33008
x 0 33009
p 0 164 33009
x 0 33010
p 0 168 33010
x 0 33011
p 0 116 33011
x 0 33012
p 0 166 33012
x 0 33013
p 0 168 33013
x 0 33014
p 0 161 33014
x 0 33015
p 0 146 33015
x 0 33016
p 0 174 33016
x 0 33017
p 0 148 33017
x 0 33018
p 0 149 33018
x 0 33019
p 0 197 33019
x 0 33020
p 0 200 33020
x 0 33021
p 0 201 33021
x 0 33022
p 0 163 33022
x 0 33023
p 0 205 33023
x 0 33024
p 0 143 33024
x 0 33025
p 0 144 33025
x 0 33026
p 0 201 33026
x 0 33027
p 0 144 33027
x 0 33028
p 0 187 33028
x 0 33029
p 0 196 33029
x 0 33030
p 0 195 33030
x 0 33031
p 0 214 33031
x 0 33032
p 0 198 33032
x 0 33033
p 0 200 33033
x 0 33034
p 0 195 33034
x 0 33035
p 0 172 33035
x 0 33036
p 0 197 33036
x 0 33037
p 0 196 33037
x 0 33038
p 0 197 33038
x 0 33039
p 0 196 33039
x 0 33040
p 0 197 33040
x 0 33041
p 0 198 33041
x 0 33042
p 0 198 33042
x 0 33043
p 0 194 33043
x 0 33044
p 0 194 33044
x 0 33045
p 0 177 33045
x 0 33046
p 0 198 33046
x 0 33047
p 0 199 33047
x 0 33048
p 0 196 33048
x 0 33049
p 0 232 33049
x 0 33050
p 0 196 33050
x 0 33051
p 0 199 33051
x 0 33052
p 0 197 33052
x 0 33053
p 0 275 33053
x 0 33054
p 0 160 33054
x 0 33055
p 0 193 33055
x 0 33056
p 0 201 33056
x 0 33057
p 0 288 33057
x 0 33058
p 0 165 33058
x 0 33059
p 0 200 33059
x 0 33060
p 0 196 33060
x 0 33000
h 0 10.0.0.3
p 0 14605 33000
x 1 33001
h 1 10.0.0.3
p 1 941 33001
x 0 33002
p 0 196 33002
x 0 33003
p 0 198 33003
x 0 33004
p 0 200 33004
x 0 33005
p 0 198 33005
x 0 33006
p 0 201 33006
x 0 33007
p 0 190 33007
x 0 33008
p 0 192 33008
x 0 33009
p 0 166 33009
x 0 33010
p 0 197 33010
x 0 33011
p 0 204 33011
x 0 33012
p 0 198 33012
x 0 33013
p 0 170 33013
x 0 33014
p 0 196 33014
x 0 33015
p 0 198 33015
x 0 33016
p 0 160 33016
x 0 33017
p 0 168 33017
x 0 33018
p 0 167 33018
x 0 33019
p 0 166 33019
x 0 33020
p 0 166 33020
x 0 33021
p 0 175 33021
x 0 33022
p 0 166 33022
x 0 33023
p 0 145 33023
x 0 33024
p 0 235 33024
x 0 33025
p 0 145 33025
x 0 33026
p 0 145 33026
x 0 33027
p 0 144 33027
x 0 33028
p 0 216 33028
x 0 33029
p 0 208 33029
x 0 33030
p 0 150 33030
x 0 33031
p 0 147 33031
x 0 33032
p 0 155 33032
x 0 33033
p 0 204 33033
x 0 33034
p 0 207 33034
x 0 33035
p 0 206 33035
x 0 33036
p 0 203 33036
x 0 33037
p 0 205 33037
x 0 33038
p 0 209 33038
x 0 33039
p 0 204 33039
x 0 33040
p 0 200 33040
x 0 33041
p 0 210 33041
x 0 33042
p 0 206 33042
x 0 33043
p 0 207 33043
x 0 33044
p 0 207 33044
x 0 33045
p 0 204 33045
x 0 33046
p 0 235 33046
x 0 33047
p 0 237 33047
x 0 33048
p 0 206 33048
x 0 33049
p 0 204 33049
x 0 33050
p 0 204 33050
x 0 33051
p 0 209 33051
x 0 33052
p 0 204 33052
x 0 33053
p 0 204 33053
x 0 33054
p 0 199 33054
x 0 33055
p 0 200 33055
x 0 33056
p 0 233 33056
x 0 33057
p 0 200 33057
x 0 33058
p 0 202 33058
x 0 33059
p 0 161 33059
x 0 33060
p 0 238 33060
x 0 33000
h 0 10.0.0.3
p 0 15700 33000
x 1 33001
h 1 10.0.0.3
p 1 1088 33001
x 0 33002
p 0 219 33002
x 0 33003
p 0 237 33003
x 0 33004
p 0 212 33004
x 0 33005
p 0 222 33005
x 0 33006
p 0 223 33006
x 0 33007
p 0 249 33007
x 0 33008
p 0 141 33008
x 0 33009
p 0 211 33009
x 0 33010
p 0 208 33010
x 0 33011
p 0 234 33011
x 0 33012
p 0 210 33012
x 0 33013
p 0 216 33013
x 0 33014
p 0 243 33014
x 0 33015
p 0 231 33015
x 0 33016
p 0 227 33016
x 0 33017
p 0 209 33017
x 0 33018
p 0 215 33018
x 0 33019
p 0 207 33019
x 0 33020
p 0 203 33020
x 0 33021
p 0 238 33021
x 0 33022
p 0 206 33022
x 0 33023
p 0 203 33023
x 0 33024
p 0 205 33024
x 0 33025
p 0 209 33025
x 0 33026
p 0 215 33026
x 0 33027
p 0 210 33027
x 0 33028
p 0 232 33028
x 0 33029
p 0 208 33029
x 0 33030
p 0 215 33030
x 0 33031
p 0 211 33031
x 0 33032
p 0 211 33032
x 0 33033
p 0 211 33033
x 0 33034
p 0 210 33034
x 0 33035
p 0 235 33035
x 0 33036
p 0 221 33036
x 0 33037
p 0 207 33037
x 0 33038
p 0 200 33038
x 0 33039
p 0 201 33039
x 0 33040
p 0 208 33040
x 0 33041
p 0 206 33041
x 0 33042
p 0 233 33042
x 0 33043
p 0 113 33043
x 0 33044
p 0 206 33044
x 0 33045
p 0 215 33045
x 0 33046
p 0 205 33046
x 0 33047
p 0 195 33047
x 0 33048
p 0 198 33048
x 0 33049
p 0 257 33049
x 0 33050
p 0 197 33050
x 0 33051
p 0 200 33051
x 0 33052
p 0 235 33052
x 0 33053
p 0 201 33053
x 0 33054
p 0 193 33054
x 0 33055
p 0 205 33055
x 0 33056
p 0 204 33056
x 0 33057
p 0 201 33057
x 0 33058
p 0 199 33058
x 0 33059
p 0 238 33059
x 0 33060
p 0 196 33060
x 0 33000
h 0 10.0.0.3
p 0 14044 33000
x 1 33001
h 1 10.0.0.3
p 1 1009 33001
x 0 33002
p 0 207 33002
x 0 33003
p 0 205 33003
x 0 33004
p 0 206 33004
x 0 33005
p 0 207 33005
x 0 33006
p 0 206 33006
x 0 33007
p 0 206 33007
x 0 33008
p 0 230 33008
x 0 33009
p 0 212 33009
x 0 33010
p 0 211 33010
x 0 33011
p 0 203 33011
x 0 33012
p 0 344 33012
x 0 33013
p 0 245 33013
x 0 33014
p 0 244 33014
x 0 33015
p 0 240 33015
x 0 33016
p 0 205 33016
x 0 33017
p 0 220 33017
x 0 33018
p 0 208 33018
x 0 33019
p 0 206 33019
x 0 33020
p 0 181 33020
x 0 33021
p 0 204 33021
x 0 33022
p 0 181 33022
x 0 33023
p 0 240 33023
x 0 33024
p 0 246 33024
x 0 33025
p 0 313 33025
x 0 33026
p 0 200 33026
x 0 33027
p 0 221 33027
x 0 33028
p 0 207 33028
x 0 33029
p 0 208 33029
x 0 33030
p 0 209 33030
x 0 33031
p 0 239 33031
x 0 33032
p 0 204 33032
x 0 33033
p 0 209 33033
x 0 33034
p 0 186 33034
x 0 33035
p 0 205 33035
x 0 33036
p 0 204 33036
x 0 33037
p 0 181 33037
x 0 33038
p 0 204 33038
x 0 33039
p 0 216 33039
x 0 33040
p 0 241 33040
x 0 33041
p 0 180 33041
x 0 33042
p 0 180 33042
x 0 33043
p 0 208 33043
x 0 33044
p 0 204 33044
x 0 33045
p 0 223 33045
x 0 33046
p 0 202 33046
x 0 33047
p 0 202 33047
x 0 33048
p 0 176 33048
x 0 33049
p 0 202 33049
x 0 33050
p 0 200 33050
x 0 33051
p 0 209 33051
x 0 33052
p 0 178 33052
x 0 33053
p 0 175 33053
x 0 33054
p 0 183 33054
x 0 33055
p 0 178 33055
x 0 33056
p 0 319 33056
x 0 33057
p 0 180 33057
x 0 33058
p 0 179 33058
x 0 33059
p 0 209 33059
x 0 33060
p 0 221 33060
x 0 33000
h 0 10.0.0.3
p 0 13925 33000
x 1 33001
h 1 10.0.0.3
p 1 940 33001
x 0 33002
p 0 219 33002
x 0 33003
p 0 246 33003
x 0 33004
p 0 214 33004
x 0 33005
p 0 215 33005
x 0 33006
p 0 213 33006
x 0 33007
p 0 206 33007
x 0 33008
p 0 199 33008
x 0 33009
p 0 200 33009
x 0 33010
p 0 200 33010
x 0 33011
p 0 202 33011
x 0 33012
p 0 200 33012
x 0 33013
p 0 289 33013
x 0 33014
p 0 204 33014
x 0 33015
p 0 201 33015
x 0 33016
p 0 200 33016
x 0 33017
p 0 205 33017
x 0 33018
p 0 231 33018
x 0 33019
p 0 199 33019
x 0 33020
p 0 204 33020
x 0 33021
p 0 233 33021
x 0 33022
p 0 202 33022
x 0 33023
p 0 200 33023
x 0 33024
p 0 201 33024
x 0 33025
p 0 204 33025
x 0 33026
p 0 204 33026
x 0 33027
p 0 204 33027
x 0 33028
p 0 202 33028
x 0 33029
p 0 202 33029
x 0 33030
p 0 198 33030
x 0 33031
p 0 200 33031
x 0 33032
p 0 205 33032
x 0 33033
p 0 201 33033
x 0 33034
p 0 198 33034
x 0 33035
p 0 203 33035
x 0 33036
p 0 199 33036
x 0 33037
p 0 203 33037
x 0 33038
p 0 199 33038
x 0 33039
p 0 199 33039
x 0 33040
p 0 202 33040
x 0 33041
p 0 199 33041
x 0 33042
p 0 196 33042
x 0 33043
p 0 201 33043
x 0 33044
p 0 203 33044
x 0 33045
p 0 201 33045
x 0 33046
p 0 203 33046
x 0 33047
p 0 198 33047
x 0 33048
p 0 200 33048
x 0 33049
p 0 206 33049
x 0 33050
p 0 198 33050
x 0 33051
p 0 199 33051
x 0 33052
p 0 200 33052
x 0 33053
p 0 197 33053
x 0 33054
p 0 199 33054
x 0 33055
p 0 201 33055
x 0 33056
p 0 198 33056
x 0 33057
p 0 194 33057
x 0 33058
p 0 199 33058
x 0 33059
p 0 197 33059
x 0 33060
p 0 198 33060
