x 0 33000
h 0 10.0.0.4
p 0 26473 33000
x 1 33001
h 1 10.0.0.4
p 1 2917 33001
x 0 33002
p 0 309 33002
x 0 33003
p 0 301 33003
x 0 33004
p 0 260 33004
x 0 33005
p 0 279 33005
x 0 33006
p 0 259 33006
x 0 33007
p 0 241 33007
x 0 33008
p 0 158 33008
x 0 33009
p 0 256 33009
x 0 33010
p 0 287 33010
x 0 33011
p 0 274 33011
x 0 33012
p 0 241 33012
x 0 33013
p 0 260 33013
x 0 33014
p 0 253 33014
x 0 33015
p 0 295 33015
x 0 33016
p 0 241 33016
x 0 33017
p 0 234 33017
x 0 33018
p 0 273 33018
x 0 33019
p 0 250 33019
x 0 33020
p 0 246 33020
x 0 33021
p 0 263 33021
x 0 33022
p 0 250 33022
x 0 33023
p 0 248 33023
x 0 33024
p 0 247 33024
x 0 33025
p 0 375 33025
x 0 33026
p 0 249 33026
x 0 33027
p 0 242 33027
x 0 33028
p 0 232 33028
x 0 33029
p 0 238 33029
x 0 33030
p 0 239 33030
x 0 33031
p 0 372 33031
x 0 33032
p 0 221 33032
x 0 33033
p 0 225 33033
x 0 33034
p 0 223 33034
x 0 33035
p 0 224 33035
x 0 33036
p 0 224 33036
x 0 33037
p 0 223 33037
x 0 33038
p 0 225 33038
x 0 33039
p 0 225 33039
x 0 33040
p 0 225 33040
x 0 33041
p 0 223 33041
x 0 33042
p 0 218 33042
x 0 33043
p 0 228 33043
x 0 33044
p 0 196 33044
x 0 33045
p 0 193 33045
x 0 33046
p 0 188 33046
x 0 33047
p 0 225 33047
x 0 33048
p 0 201 33048
x 0 33049
p 0 229 33049
x 0 33050
p 0 198 33050
x 0 33051
p 0 203 33051
x 0 33052
p 0 208 33052
x 0 33053
p 0 210 33053
x 0 33054
p 0 275 33054
x 0 33055
p 0 265 33055
x 0 33056
p 0 268 33056
x 0 33057
p 0 226 33057
x 0 33058
p 0 254 33058
x 0 33059
p 0 274 33059
x 0 33060
p 0 268 33060
x 0 33000
h 0 10.0.0.4
p 0 25066 33000
x 1 33001
h 1 10.0.0.4
p 1 284 33001
x 0 33002
p 0 221 33002
x 0 33003
p 0 228 33003
x 0 33004
p 0 219 33004
x 0 33005
p 0 226 33005
x 0 33006
p 0 221 33006
x 0 33007
p 0 214 33007
x 0 33008
p 0 215 33008
x 0 33009
p 0 215 33009
x 0 33010
p 0 221 33010
x 0 33011
p 0 160 33011
x 0 33012
p 0 191 33012
x 0 33013
p 0 217 33013
x 0 33014
p 0 219 33014
x 0 33015
p 0 192 33015
x 0 33016
p 0 235 33016
x 0 33017
p 0 220 33017
x 0 33018
p 0 221 33018
x 0 33019
p 0 222 33019
x 0 33020
p 0 221 33020
x 0 33021
p 0 220 33021
x 0 33022
p 0 221 33022
x 0 33023
p 0 219 33023
x 0 33024
p 0 219 33024
x 0 33025
p 0 221 33025
x 0 33026
p 0 220 33026
x 0 33027
p 0 226 33027
x 0 33028
p 0 220 33028
x 0 33029
p 0 221 33029
x 0 33030
p 0 221 33030
x 0 33031
p 0 167 33031
x 0 33032
p 0 221 33032
x 0 33033
p 0 219 33033
x 0 33034
p 0 272 33034
x 0 33035
p 0 282 33035
x 0 33036
p 0 219 33036
x 0 33037
p 0 220 33037
x 0 33038
p 0 222 33038
x 0 33039
p 0 217 33039
x 0 33040
p 0 237 33040
x 0 33041
p 0 255 33041
x 0 33042
p 0 223 33042
x 0 33043
p 0 290 33043
x 0 33044
p 0 305 33044
x 0 33045
p 0 222 33045
x 0 33046
p 0 222 33046
x 0 33047
p 0 218 33047
x 0 33048
p 0 223 33048
x 0 33049
p 0 221 33049
x 0 33050
p 0 233 33050
x 0 33051
p 0 223 33051
x 0 33052
p 0 233 33052
x 0 33053
p 0 224 33053
x 0 33054
p 0 228 33054
x 0 33055
p 0 168 33055
x 0 33056
p 0 231 33056
x 0 33057
p 0 236 33057
x 0 33058
p 0 220 33058
x 0 33059
p 0 272 33059
x 0 33060
p 0 264 33060
x 0 33000
h 0 10.0.0.4
p 0 20287 33000
x 1 33001
h 1 10.0.0.4
p 1 227 33001
x 0 33002
p 0 214 33002
x 0 33003
p 0 220 33003
x 0 33004
p 0 217 33004
x 0 33005
p 0 211 33005
x 0 33006
p 0 212 33006
x 0 33007
p 0 213 33007
x 0 33008
p 0 210 33008
x 0 33009
p 0 210 33009
x 0 33010
p 0 208 33010
x 0 33011
p 0 188 33011
x 0 33012
p 0 209 33012
x 0 33013
p 0 213 33013
x 0 33014
p 0 210 33014
x 0 33015
p 0 209 33015
x 0 33016
p 0 209 33016
x 0 33017
p 0 189 33017
x 0 33018
p 0 213 33018
x 0 33019
p 0 211 33019
x 0 33020
p 0 214 33020
x 0 33021
p 0 212 33021
x 0 33022
p 0 212 33022
x 0 33023
p 0 212 33023
x 0 33024
p 0 211 33024
x 0 33025
p 0 82 33025
x 0 33026
p 0 211 33026
x 0 33027
p 0 188 33027
x 0 33028
p 0 215 33028
x 0 33029
p 0 211 33029
x 0 33030
p 0 213 33030
x 0 33031
p 0 185 33031
x 0 33032
p 0 212 33032
x 0 33033
p 0 215 33033
x 0 33034
p 0 215 33034
x 0 33035
p 0 185 33035
x 0 33036
p 0 215 33036
x 0 33037
p 0 214 33037
x 0 33038
p 0 221 33038
x 0 33039
p 0 189 33039
x 0 33040
p 0 216 33040
x 0 33041
p 0 213 33041
x 0 33042
p 0 217 33042
x 0 33043
p 0 195 33043
x 0 33044
p 0 217 33044
x 0 33045
p 0 216 33045
x 0 33046
p 0 215 33046
x 0 33047
p 0 183 33047
x 0 33048
p 0 279 33048
x 0 33049
p 0 218 33049
x 0 33050
p 0 95 33050
x 0 33051
p 0 217 33051
x 0 33052
p 0 220 33052
x 0 33053
p 0 224 33053
x 0 33054
p 0 220 33054
x 0 33055
p 0 219 33055
x 0 33056
p 0 223 33056
x 0 33057
p 0 223 33057
x 0 33058
p 0 247 33058
x 0 33059
p 0 264 33059
x 0 33060
p 0 225 33060
x 0 33000
h 0 10.0.0.4
p 0 20817 33000
x 1 33001
h 1 10.0.0.4
p 1 219 33001
x 0 33002
p 0 215 33002
x 0 33003
p 0 214 33003
x 0 33004
p 0 221 33004
x 0 33005
p 0 234 33005
x 0 33006
p 0 215 33006
x 0 33007
p 0 222 33007
x 0 33008
p 0 219 33008
x 0 33009
p 0 225 33009
x 0 33010
p 0 222 33010
x 0 33011
p 0 225 33011
x 0 33012
p 0 259 33012
x 0 33013
p 0 220 33013
x 0 33014
p 0 223 33014
x 0 33015
p 0 224 33015
x 0 33016
p 0 225 33016
x 0 33017
p 0 215 33017
x 0 33018
p 0 213 33018
x 0 33019
p 0 214 33019
x 0 33020
p 0 216 33020
x 0 33021
p 0 214 33021
x 0 33022
p 0 212 33022
x 0 33023
p 0 221 33023
x 0 33024
p 0 220 33024
x 0 33025
p 0 222 33025
x 0 33026
p 0 246 33026
x 0 33027
p 0 223 33027
x 0 33028
p 0 243 33028
x 0 33029
p 0 220 33029
x 0 33030
p 0 221 33030
x 0 33031
p 0 220 33031
x 0 33032
p 0 221 33032
x 0 33033
p 0 208 33033
x 0 33034
p 0 211 33034
x 0 33035
p 0 203 33035
x 0 33036
p 0 218 33036
x 0 33037
p 0 215 33037
x 0 33038
p 0 237 33038
x 0 33039
p 0 216 33039
x 0 33040
p 0 222 33040
x 0 33041
p 0 289 33041
x 0 33042
p 0 237 33042
x 0 33043
p 0 220 33043
x 0 33044
p 0 221 33044
x 0 33045
p 0 221 33045
x 0 33046
p 0 223 33046
x 0 33047
p 0 223 33047
x 0 33048
p 0 222 33048
x 0 33049
p 0 220 33049
x 0 33050
p 0 217 33050
x 0 33051
p 0 222 33051
x 0 33052
p 0 256 33052
x 0 33053
p 0 213 33053
x 0 33054
p 0 220 33054
x 0 33055
p 0 225 33055
x 0 33056
p 0 241 33056
x 0 33057
p 0 227 33057
x 0 33058
p 0 221 33058
x 0 33059
p 0 272 33059
x 0 33060
p 0 232 33060
x 0 33000
h 0 10.0.0.4
p 0 20327 33000
x 1 33001
h 1 10.0.0.4
p 1 231 33001
x 0 33002
p 0 192 33002
x 0 33003
p 0 184 33003
x 0 33004
p 0 210 33004
x 0 33005
p 0 217 33005
x 0 33006
p 0 220 33006
x 0 33007
p 0 215 33007
x 0 33008
p 0 214 33008
x 0 33009
p 0 334 33009
x 0 33010
p 0 317 33010
x 0 33011
p 0 406 33011
x 0 33012
p 0 401 33012
x 0 33013
p 0 198 33013
x 0 33014
p 0 311 33014
x 0 33015
p 0 401 33015
x 0 33016
p 0 176 33016
x 0 33017
p 0 182 33017
x 0 33018
p 0 71 33018
x 0 33019
p 0 246 33019
x 0 33020
p 0 352 33020
x 0 33021
p 0 334 33021
x 0 33022
p 0 327 33022
x 0 33023
p 0 97 33023
x 0 33024
p 0 215 33024
x 0 33025
p 0 211 33025
x 0 33026
p 0 217 33026
x 0 33027
p 0 210 33027
x 0 33028
p 0 215 33028
x 0 33029
p 0 210 33029
x 0 33030
p 0 214 33030
x 0 33031
p 0 211 33031
x 0 33032
p 0 218 33032
x 0 33033
p 0 213 33033
x 0 33034
p 0 297 33034
x 0 33035
p 0 212 33035
x 0 33036
p 0 242 33036
x 0 33037
p 0 230 33037
x 0 33038
p 0 227 33038
x 0 33039
p 0 232 33039
x 0 33040
p 0 230 33040
x 0 33041
p 0 224 33041
x 0 33042
p 0 223 33042
x 0 33043
p 0 224 33043
x 0 33044
p 0 233 33044
x 0 33045
p 0 231 33045
x 0 33046
p 0 226 33046
x 0 33047
p 0 220 33047
x 0 33048
p 0 232 33048
x 0 33049
p 0 229 33049
x 0 33050
p 0 226 33050
x 0 33051
p 0 219 33051
x 0 33052
p 0 233 33052
x 0 33053
p 0 229 33053
x 0 33054
p 0 240 33054
x 0 33055
p 0 234 33055
x 0 33056
p 0 232 33056
x 0 33057
p 0 227 33057
x 0 33058
p 0 231 33058
x 0 33059
p 0 245 33059
x 0 33060
p 0 234 33060
x 0 33000
h 0 10.0.0.4
p 0 26029 33000
x 1 33001
h 1 10.0.0.4
p 1 295 33001
x 0 33002
p 0 214 33002
x 0 33003
p 0 220 33003
x 0 33004
p 0 226 33004
x 0 33005
p 0 213 33005
x 0 33006
p 0 217 33006
x 0 33007
p 0 214 33007
x 0 33008
p 0 217 33008
x 0 33009
p 0 256 33009
x 0 33010
p 0 213 33010
x 0 33011
p 0 251 33011
x 0 33012
p 0 218 33012
x 0 33013
p 0 211 33013
x 0 33014
p 0 215 33014
x 0 33015
p 0 215 33015
x 0 33016
p 0 272 33016
x 0 33017
p 0 215 33017
x 0 33018
p 0 212 33018
x 0 33019
p 0 215 33019
x 0 33020
p 0 214 33020
x 0 33021
p 0 218 33021
x 0 33022
p 0 220 33022
x 0 33023
p 0 209 33023
x 0 33024
p 0 220 33024
x 0 33025
p 0 250 33025
x 0 33026
p 0 158 33026
x 0 33027
p 0 238 33027
x 0 33028
p 0 232 33028
x 0 33029
p 0 227 33029
x 0 33030
p 0 234 33030
x 0 33031
p 0 270 33031
x 0 33032
p 0 239 33032
x 0 33033
p 0 284 33033
x 0 33034
p 0 232 33034
x 0 33035
p 0 246 33035
x 0 33036
p 0 1104 33036
x 0 33037
p 0 232 33037
x 0 33038
p 0 266 33038
x 0 33039
p 0 225 33039
x 0 33040
p 0 235 33040
x 0 33041
p 0 146 33041
x 0 33042
p 0 280 33042
x 0 33043
p 0 241 33043
x 0 33044
p 0 238 33044
x 0 33045
p 0 235 33045
x 0 33046
p 0 167 33046
x 0 33047
p 0 242 33047
x 0 33048
p 0 240 33048
x 0 33049
p 0 265 33049
x 0 33050
p 0 236 33050
x 0 33051
p 0 112 33051
x 0 33052
p 0 242 33052
x 0 33053
p 0 237 33053
x 0 33054
p 0 233 33054
x 0 33055
p 0 254 33055
x 0 33056
p 0 248 33056
x 0 33057
p 0 248 33057
x 0 33058
p 0 241 33058
x 0 33059
p 0 239 33059
x 0 33060
p 0 241 33060
x 0 33000
h 0 10.0.0.4
p 0 21174 33000
x 1 33001
h 1 10.0.0.4
p 1 230 33001
x 0 33002
p 0 214 33002
x 0 33003
p 0 193 33003
x 0 33004
p 0 162 33004
x 0 33005
p 0 213 33005
x 0 33006
p 0 204 33006
x 0 33007
p 0 173 33007
x 0 33008
p 0 219 33008
x 0 33009
p 0 218 33009
x 0 33010
p 0 205 33010
x 0 33011
p 0 186 33011
x 0 33012
p 0 219 33012
x 0 33013
p 0 180 33013
x 0 33014
p 0 180 33014
x 0 33015
p 0 180 33015
x 0 33016
p 0 180 33016
x 0 33017
p 0 221 33017
x 0 33018
p 0 203 33018
x 0 33019
p 0 175 33019
x 0 33020
p 0 209 33020
x 0 33021
p 0 292 33021
x 0 33022
p 0 211 33022
x 0 33023
p 0 119 33023
x 0 33024
p 0 184 33024
x 0 33025
p 0 221 33025
x 0 33026
p 0 214 33026
x 0 33027
p 0 180 33027
x 0 33028
p 0 219 33028
x 0 33029
p 0 219 33029
x 0 33030
p 0 202 33030
x 0 33031
p 0 181 33031
x 0 33032
p 0 218 33032
x 0 33033
p 0 179 33033
x 0 33034
p 0 213 33034
x 0 33035
p 0 116 33035
x 0 33036
p 0 180 33036
x 0 33037
p 0 274 33037
x 0 33038
p 0 201 33038
x 0 33039
p 0 174 33039
x 0 33040
p 0 209 33040
x 0 33041
p 0 217 33041
x 0 33042
p 0 234 33042
x 0 33043
p 0 184 33043
x 0 33044
p 0 184 33044
x 0 33045
p 0 128 33045
x 0 33046
p 0 184 33046
x 0 33047
p 0 186 33047
x 0 33048
p 0 212 33048
x 0 33049
p 0 223 33049
x 0 33050
p 0 225 33050
x 0 33051
p 0 218 33051
x 0 33052
p 0 248 33052
x 0 33053
p 0 213 33053
x 0 33054
p 0 250 33054
x 0 33055
p 0 194 33055
x 0 33056
p 0 219 33056
x 0 33057
p 0 230 33057
x 0 33058
p 0 191 33058
x 0 33059
p 0 196 33059
x 0 33060
p 0 303 33060
x 0 33000
h 0 10.0.0.4
p 0 18243 33000
x 1 33001
h 1 10.0.0.4
p 1 168 33001
x 0 33002
p 0 158 33002
x 0 33003
p 0 210 33003
x 0 33004
p 0 226 33004
x 0 33005
p 0 211 33005
x 0 33006
p 0 169 33006
x 0 33007
p 0 211 33007
x 0 33008
p 0 182 33008
x 0 33009
p 0 202 33009
x 0 33010
p 0 664 33010
x 0 33011
p 0 165 33011
x 0 33012
p 0 304 33012
x 0 33013
p 0 122 33013
x 0 33014
p 0 216 33014
x 0 33015
p 0 219 33015
x 0 33016
p 0 218 33016
x 0 33017
p 0 221 33017
x 0 33018
p 0 217 33018
x 0 33019
p 0 213 33019
x 0 33020
p 0 215 33020
x 0 33021
p 0 213 33021
x 0 33022
p 0 217 33022
x 0 33023
p 0 200 33023
x 0 33024
p 0 348 33024
x 0 33025
p 0 230 33025
x 0 33026
p 0 224 33026
x 0 33027
p 0 230 33027
x 0 33028
p 0 228 33028
x 0 33029
p 0 226 33029
x 0 33030
p 0 222 33030
x 0 33031
p 0 261 33031
x 0 33032
p 0 228 33032
x 0 33033
p 0 255 33033
x 0 33034
p 0 229 33034
x 0 33035
p 0 224 33035
x 0 33036
p 0 223 33036
x 0 33037
p 0 219 33037
x 0 33038
p 0 260 33038
x 0 33039
p 0 220 33039
x 0 33040
p 0 220 33040
x 0 33041
p 0 226 33041
x 0 33042
p 0 222 33042
x 0 33043
p 0 231 33043
x 0 33044
p 0 227 33044
x 0 33045
p 0 223 33045
x 0 33046
p 0 222 33046
x 0 33047
p 0 238 33047
x 0 33048
p 0 231 33048
x 0 33049
p 0 226 33049
x 0 33050
p 0 221 33050
x 0 33051
p 0 194 33051
x 0 33052
p 0 191 33052
x 0 33053
p 0 216 33053
x 0 33054
p 0 217 33054
x 0 33055
p 0 203 33055
x 0 33056
p 0 224 33056
x 0 33057
p 0 233 33057
x 0 33058
p 0 298 33058
x 0 33059
p 0 192 33059
x 0 33060
p 0 238 33060
x 0 33000
h 0 10.0.0.4
p 0 20061 33000
x 1 33001
h 1 10.0.0.4
p 1 225 33001
x 0 33002
p 0 211 33002
x 0 33003
p 0 213 33003
x 0 33004
p 0 191 33004
x 0 33005
p 0 179 33005
x 0 33006
p 0 173 33006
x 0 33007
p 0 206 33007
x 0 33008
p 0 212 33008
x 0 33009
p 0 185 33009
x 0 33010
p 0 200 33010
x 0 33011
p 0 247 33011
x 0 33012
p 0 175 33012
x 0 33013
p 0 162 33013
x 0 33014
p 0 173 33014
x 0 33015
p 0 209 33015
x 0 33016
p 0 210 33016
x 0 33017
p 0 178 33017
x 0 33018
p 0 169 33018
x 0 33019
p 0 205 33019
x 0 33020
p 0 206 33020
x 0 33021
p 0 176 33021
x 0 33022
p 0 190 33022
x 0 33023
p 0 204 33023
x 0 33024
p 0 127 33024
x 0 33025
p 0 177 33025
x 0 33026
p 0 178 33026
x 0 33027
p 0 209 33027
x 0 33028
p 0 174 33028
x 0 33029
p 0 177 33029
x 0 33030
p 0 180 33030
x 0 33031
p 0 210 33031
x 0 33032
p 0 173 33032
x 0 33033
p 0 168 33033
x 0 33034
p 0 181 33034
x 0 33035
p 0 210 33035
x 0 33036
p 0 182 33036
x 0 33037
p 0 177 33037
x 0 33038
p 0 178 33038
x 0 33039
p 0 210 33039
x 0 33040
p 0 194 33040
x 0 33041
p 0 181 33041
x 0 33042
p 0 177 33042
x 0 33043
p 0 159 33043
x 0 33044
p 0 290 33044
x 0 33045
p 0 234 33045
x 0 33046
p 0 216 33046
x 0 33047
p 0 260 33047
x 0 33048
p 0 256 33048
x 0 33049
p 0 222 33049
x 0 33050
p 0 228 33050
x 0 33051
p 0 223 33051
x 0 33052
p 0 222 33052
x 0 33053
p 0 229 33053
x 0 33054
p 0 219 33054
x 0 33055
p 0 257 33055
x 0 33056
p 0 227 33056
x 0 33057
p 0 226 33057
x 0 33058
p 0 305 33058
x 0 33059
p 0 258 33059
x 0 33060
p 0 260 33060
x 0 33000
h 0 10.0.0.4
p 0 20113 33000
x 1 33001
h 1 10.0.0.4
p 1 224 33001
x 0 33002
p 0 215 33002
x 0 33003
p 0 218 33003
x 0 33004
p 0 168 33004
x 0 33005
p 0 214 33005
x 0 33006
p 0 167 33006
x 0 33007
p 0 209 33007
x 0 33008
p 0 207 33008
x 0 33009
p 0 178 33009
x 0 33010
p 0 179 33010
x 0 33011
p 0 209 33011
x 0 33012
p 0 209 33012
x 0 33013
p 0 207 33013
x 0 33014
p 0 162 33014
x 0 33015
p 0 209 33015
x 0 33016
p 0 205 33016
x 0 33017
p 0 206 33017
x 0 33018
p 0 209 33018
x 0 33019
p 0 206 33019
x 0 33020
p 0 216 33020
x 0 33021
p 0 176 33021
x 0 33022
p 0 90 33022
x 0 33023
p 0 211 33023
x 0 33024
p 0 209 33024
x 0 33025
p 0 208 33025
x 0 33026
p 0 171 33026
x 0 33027
p 0 211 33027
x 0 33028
p 0 206 33028
x 0 33029
p 0 173 33029
x 0 33030
p 0 177 33030
x 0 33031
p 0 174 33031
x 0 33032
p 0 209 33032
x 0 33033
p 0 211 33033
x 0 33034
p 0 179 33034
x 0 33035
p 0 210 33035
x 0 33036
p 0 211 33036
x 0 33037
p 0 209 33037
x 0 33038
p 0 180 33038
x 0 33039
p 0 238 33039
x 0 33040
p 0 264 33040
x 0 33041
p 0 176 33041
x 0 33042
p 0 181 33042
x 0 33043
p 0 210 33043
x 0 33044
p 0 189 33044
x 0 33045
p 0 208 33045
x 0 33046
p 0 179 33046
x 0 33047
p 0 211 33047
x 0 33048
p 0 207 33048
x 0 33049
p 0 180 33049
x 0 33050
p 0 179 33050
x 0 33051
p 0 180 33051
x 0 33052
p 0 208 33052
x 0 33053
p 0 176 33053
x 0 33054
p 0 187 33054
x 0 33055
p 0 216 33055
x 0 33056
p 0 213 33056
x 0 33057
p 0 196 33057
x 0 33058
p 0 189 33058
x 0 33059
p 0 220 33059
x 0 33060
p 0 260 33060
x 0 33000
h 0 10.0.0.4
p 0 20717 33000
x 1 33001
h 1 10.0.0.4
p 1 276 33001
x 0 33002
p 0 211 33002
x 0 33003
p 0 214 33003
x 0 33004
p 0 165 33004
x 0 33005
p 0 197 33005
x 0 33006
p 0 209 33006
x 0 33007
p 0 208 33007
x 0 33008
p 0 210 33008
x 0 33009
p 0 210 33009
x 0 33010
p 0 183 33010
x 0 33011
p 0 208 33011
x 0 33012
p 0 190 33012
x 0 33013
p 0 210 33013
x 0 33014
p 0 210 33014
x 0 33015
p 0 195 33015
x 0 33016
p 0 213 33016
x 0 33017
p 0 186 33017
x 0 33018
p 0 257 33018
x 0 33019
p 0 251 33019
x 0 33020
p 0 250 33020
x 0 33021
p 0 215 33021
x 0 33022
p 0 214 33022
x 0 33023
p 0 246 33023
x 0 33024
p 0 152 33024
x 0 33025
p 0 112 33025
x 0 33026
p 0 242 33026
x 0 33027
p 0 211 33027
x 0 33028
p 0 238 33028
x 0 33029
p 0 214 33029
x 0 33030
p 0 144 33030
x 0 33031
p 0 266 33031
x 0 33032
p 0 239 33032
x 0 33033
p 0 210 33033
x 0 33034
p 0 210 33034
x 0 33035
p 0 213 33035
x 0 33036
p 0 242 33036
x 0 33037
p 0 210 33037
x 0 33038
p 0 209 33038
x 0 33039
p 0 398 33039
x 0 33040
p 0 141 33040
x 0 33041
p 0 223 33041
x 0 33042
p 0 218 33042
x 0 33043
p 0 246 33043
x 0 33044
p 0 218 33044
x 0 33045
p 0 168 33045
x 0 33046
p 0 258 33046
x 0 33047
p 0 225 33047
x 0 33048
p 0 222 33048
x 0 33049
p 0 219 33049
x 0 33050
p 0 169 33050
x 0 33051
p 0 224 33051
x 0 33052
p 0 227 33052
x 0 33053
p 0 231 33053
x 0 33054
p 0 281 33054
x 0 33055
p 0 106 33055
x 0 33056
p 0 247 33056
x 0 33057
p 0 221 33057
x 0 33058
p 0 220 33058
x 0 33059
p 0 221 33059
x 0 33060
p 0 264 33060
x 0 33000
h 0 10.0.0.4
p 0 19899 33000
x 1 33001
h 1 10.0.0.4
p 1 228 33001
x 0 33002
p 0 216 33002
x 0 33003
p 0 215 33003
x 0 33004
p 0 223 33004
x 0 33005
p 0 216 33005
x 0 33006
p 0 211 33006
x 0 33007
p 0 208 33007
x 0 33008
p 0 187 33008
x 0 33009
p 0 219 33009
x 0 33010
p 0 213 33010
x 0 33011
p 0 216 33011
x 0 33012
p 0 244 33012
x 0 33013
p 0 219 33013
x 0 33014
p 0 214 33014
x 0 33015
p 0 191 33015
x 0 33016
p 0 217 33016
x 0 33017
p 0 218 33017
x 0 33018
p 0 190 33018
x 0 33019
p 0 213 33019
x 0 33020
p 0 211 33020
x 0 33021
p 0 214 33021
x 0 33022
p 0 226 33022
x 0 33023
p 0 193 33023
x 0 33024
p 0 190 33024
x 0 33025
p 0 214 33025
x 0 33026
p 0 224 33026
x 0 33027
p 0 226 33027
x 0 33028
p 0 219 33028
x 0 33029
p 0 235 33029
x 0 33030
p 0 219 33030
x 0 33031
p 0 218 33031
x 0 33032
p 0 197 33032
x 0 33033
p 0 221 33033
x 0 33034
p 0 192 33034
x 0 33035
p 0 223 33035
x 0 33036
p 0 212 33036
x 0 33037
p 0 181 33037
x 0 33038
p 0 218 33038
x 0 33039
p 0 216 33039
x 0 33040
p 0 213 33040
x 0 33041
p 0 211 33041
x 0 33042
p 0 227 33042
x 0 33043
p 0 213 33043
x 0 33044
p 0 210 33044
x 0 33045
p 0 191 33045
x 0 33046
p 0 214 33046
x 0 33047
p 0 194 33047
x 0 33048
p 0 214 33048
x 0 33049
p 0 210 33049
x 0 33050
p 0 210 33050
x 0 33051
p 0 158 33051
x 0 33052
p 0 211 33052
x 0 33053
p 0 211 33053
x 0 33054
p 0 212 33054
x 0 33055
p 0 211 33055
x 0 33056
p 0 211 33056
x 0 33057
p 0 214 33057
x 0 33058
p 0 243 33058
x 0 33059
p 0 226 33059
x 0 33060
p 0 225 33060
x 0 33000
h 0 10.0.0.4
p 0 20171 33000
x 1 33001
h 1 10.0.0.4
p 1 248 33001
x 0 33002
p 0 206 33002
x 0 33003
p 0 215 33003
x 0 33004
p 0 222 33004
x 0 33005
p 0 218 33005
x 0 33006
p 0 213 33006
x 0 33007
p 0 248 33007
x 0 33008
p 0 217 33008
x 0 33009
p 0 227 33009
x 0 33010
p 0 349 33010
x 0 33011
p 0 221 33011
x 0 33012
p 0 219 33012
x 0 33013
p 0 222 33013
x 0 33014
p 0 259 33014
x 0 33015
p 0 220 33015
x 0 33016
p 0 221 33016
x 0 33017
p 0 224 33017
x 0 33018
p 0 220 33018
x 0 33019
p 0 175 33019
x 0 33020
p 0 216 33020
x 0 33021
p 0 213 33021
x 0 33022
p 0 222 33022
x 0 33023
p 0 214 33023
x 0 33024
p 0 214 33024
x 0 33025
p 0 105 33025
x 0 33026
p 0 218 33026
x 0 33027
p 0 225 33027
x 0 33028
p 0 219 33028
x 0 33029
p 0 220 33029
x 0 33030
p 0 224 33030
x 0 33031
p 0 222 33031
x 0 33032
p 0 224 33032
x 0 33033
p 0 221 33033
x 0 33034
p 0 224 33034
x 0 33035
p 0 222 33035
x 0 33036
p 0 221 33036
x 0 33037
p 0 216 33037
x 0 33038
p 0 219 33038
x 0 33039
p 0 221 33039
x 0 33040
p 0 218 33040
x 0 33041
p 0 218 33041
x 0 33042
p 0 267 33042
x 0 33043
p 0 215 33043
x 0 33044
p 0 216 33044
x 0 33045
p 0 217 33045
x 0 33046
p 0 260 33046
x 0 33047
p 0 220 33047
x 0 33048
p 0 218 33048
x 0 33049
p 0 219 33049
x 0 33050
p 0 252 33050
x 0 33051
p 0 219 33051
x 0 33052
p 0 217 33052
x 0 33053
p 0 219 33053
x 0 33054
p 0 247 33054
x 0 33055
p 0 228 33055
x 0 33056
p 0 224 33056
x 0 33057
p 0 226 33057
x 0 33058
p 0 224 33058
x 0 33059
p 0 242 33059
x 0 33060
p 0 276 33060
x 0 33000
h 0 10.0.0.4
p 0 20456 33000
x 1 33001
h 1 10.0.0.4
p 1 221 33001
x 0 33002
p 0 215 33002
x 0 33003
p 0 213 33003
x 0 33004
p 0 251 33004
x 0 33005
p 0 214 33005
x 0 33006
p 0 213 33006
x 0 33007
p 0 211 33007
x 0 33008
p 0 243 33008
x 0 33009
p 0 211 33009
x 0 33010
p 0 218 33010
x 0 33011
p 0 217 33011
x 0 33012
p 0 247 33012
x 0 33013
p 0 217 33013
x 0 33014
p 0 220 33014
x 0 33015
p 0 221 33015
x 0 33016
p 0 244 33016
x 0 33017
p 0 215 33017
x 0 33018
p 0 214 33018
x 0 33019
p 0 217 33019
x 0 33020
p 0 243 33020
x 0 33021
p 0 209 33021
x 0 33022
p 0 215 33022
x 0 33023
p 0 213 33023
x 0 33024
p 0 247 33024
x 0 33025
p 0 209 33025
x 0 33026
p 0 219 33026
x 0 33027
p 0 218 33027
x 0 33028
p 0 278 33028
x 0 33029
p 0 217 33029
x 0 33030
p 0 219 33030
x 0 33031
p 0 218 33031
x 0 33032
p 0 221 33032
x 0 33033
p 0 216 33033
x 0 33034
p 0 222 33034
x 0 33035
p 0 216 33035
x 0 33036
p 0 211 33036
x 0 33037
p 0 214 33037
x 0 33038
p 0 213 33038
x 0 33039
p 0 214 33039
x 0 33040
p 0 211 33040
x 0 33041
p 0 210 33041
x 0 33042
p 0 247 33042
x 0 33043
p 0 246 33043
x 0 33044
p 0 215 33044
x 0 33045
p 0 165 33045
x 0 33046
p 0 168 33046
x 0 33047
p 0 164 33047
x 0 33048
p 0 150 33048
x 0 33049
p 0 167 33049
x 0 33050
p 0 196 33050
x 0 33051
p 0 162 33051
x 0 33052
p 0 159 33052
x 0 33053
p 0 216 33053
x 0 33054
p 0 310 33054
x 0 33055
p 0 234 33055
x 0 33056
p 0 221 33056
x 0 33057
p 0 216 33057
x 0 33058
p 0 250 33058
x 0 33059
p 0 359 33059
x 0 33060
p 0 251 33060
x 0 33000
h 0 10.0.0.4
p 0 19858 33000
x 1 33001
h 1 10.0.0.4
p 1 226 33001
x 0 33002
p 0 260 33002
x 0 33003
p 0 241 33003
x 0 33004
p 0 212 33004
x 0 33005
p 0 211 33005
x 0 33006
p 0 212 33006
x 0 33007
p 0 212 33007
x 0 33008
p 0 214 33008
x 0 33009
p 0 217 33009
x 0 33010
p 0 219 33010
x 0 33011
p 0 213 33011
x 0 33012
p 0 213 33012
x 0 33013
p 0 212 33013
x 0 33014
p 0 281 33014
x 0 33015
p 0 219 33015
x 0 33016
p 0 214 33016
x 0 33017
p 0 160 33017
x 0 33018
p 0 248 33018
x 0 33019
p 0 214 33019
x 0 33020
p 0 212 33020
x 0 33021
p 0 212 33021
x 0 33022
p 0 215 33022
x 0 33023
p 0 213 33023
x 0 33024
p 0 212 33024
x 0 33025
p 0 216 33025
x 0 33026
p 0 214 33026
x 0 33027
p 0 216 33027
x 0 33028
p 0 216 33028
x 0 33029
p 0 101 33029
x 0 33030
p 0 302 33030
x 0 33031
p 0 213 33031
x 0 33032
p 0 215 33032
x 0 33033
p 0 214 33033
x 0 33034
p 0 213 33034
x 0 33035
p 0 279 33035
x 0 33036
p 0 191 33036
x 0 33037
p 0 308 33037
x 0 33038
p 0 215 33038
x 0 33039
p 0 212 33039
x 0 33040
p 0 213 33040
x 0 33041
p 0 211 33041
x 0 33042
p 0 215 33042
x 0 33043
p 0 212 33043
x 0 33044
p 0 210 33044
x 0 33045
p 0 209 33045
x 0 33046
p 0 301 33046
x 0 33047
p 0 210 33047
x 0 33048
p 0 216 33048
x 0 33049
p 0 213 33049
x 0 33050
p 0 211 33050
x 0 33051
p 0 211 33051
x 0 33052
p 0 221 33052
x 0 33053
p 0 219 33053
x 0 33054
p 0 213 33054
x 0 33055
p 0 306 33055
x 0 33056
p 0 216 33056
x 0 33057
p 0 224 33057
x 0 33058
p 0 226 33058
x 0 33059
p 0 222 33059
x 0 33060
p 0 217 33060
x 0 33000
h 0 10.0.0.4
p 0 23281 33000
x 1 33001
h 1 10.0.0.4
p 1 228 33001
x 0 33002
p 0 157 33002
x 0 33003
p 0 212 33003
x 0 33004
p 0 214 33004
x 0 33005
p 0 240 33005
x 0 33006
p 0 212 33006
x 0 33007
p 0 212 33007
x 0 33008
p 0 212 33008
x 0 33009
p 0 210 33009
x 0 33010
p 0 212 33010
x 0 33011
p 0 214 33011
x 0 33012
p 0 216 33012
x 0 33013
p 0 292 33013
x 0 33014
p 0 212 33014
x 0 33015
p 0 215 33015
x 0 33016
p 0 324 33016
x 0 33017
p 0 207 33017
x 0 33018
p 0 212 33018
x 0 33019
p 0 215 33019
x 0 33020
p 0 215 33020
x 0 33021
p 0 212 33021
x 0 33022
p 0 290 33022
x 0 33023
p 0 214 33023
x 0 33024
p 0 212 33024
x 0 33025
p 0 212 33025
x 0 33026
p 0 214 33026
x 0 33027
p 0 117 33027
x 0 33028
p 0 216 33028
x 0 33029
p 0 297 33029
x 0 33030
p 0 216 33030
x 0 33031
p 0 296 33031
x 0 33032
p 0 216 33032
x 0 33033
p 0 294 33033
x 0 33034
p 0 214 33034
x 0 33035
p 0 215 33035
x 0 33036
p 0 215 33036
x 0 33037
p 0 218 33037
x 0 33038
p 0 217 33038
x 0 33039
p 0 212 33039
x 0 33040
p 0 697 33040
x 0 33041
p 0 218 33041
x 0 33042
p 0 210 33042
x 0 33043
p 0 215 33043
x 0 33044
p 0 213 33044
x 0 33045
p 0 210 33045
x 0 33046
p 0 207 33046
x 0 33047
p 0 210 33047
x 0 33048
p 0 208 33048
x 0 33049
p 0 212 33049
x 0 33050
p 0 118 33050
x 0 33051
p 0 215 33051
x 0 33052
p 0 252 33052
x 0 33053
p 0 211 33053
x 0 33054
p 0 215 33054
x 0 33055
p 0 223 33055
x 0 33056
p 0 216 33056
x 0 33057
p 0 217 33057
x 0 33058
p 0 219 33058
x 0 33059
p 0 303 33059
x 0 33060
p 0 277 33060
x 0 33000
h 0 10.0.0.4
p 0 20921 33000
x 1 33001
h 1 10.0.0.4
p 1 223 33001
x 0 33002
p 0 167 33002
x 0 33003
p 0 228 33003
x 0 33004
p 0 223 33004
x 0 33005
p 0 178 33005
x 0 33006
p 0 211 33006
x 0 33007
p 0 100 33007
x 0 33008
p 0 210 33008
x 0 33009
p 0 211 33009
x 0 33010
p 0 210 33010
x 0 33011
p 0 211 33011
x 0 33012
p 0 207 33012
x 0 33013
p 0 208 33013
x 0 33014
p 0 212 33014
x 0 33015
p 0 216 33015
x 0 33016
p 0 215 33016
x 0 33017
p 0 218 33017
x 0 33018
p 0 213 33018
x 0 33019
p 0 213 33019
x 0 33020
p 0 212 33020
x 0 33021
p 0 212 33021
x 0 33022
p 0 211 33022
x 0 33023
p 0 212 33023
x 0 33024
p 0 212 33024
x 0 33025
p 0 214 33025
x 0 33026
p 0 227 33026
x 0 33027
p 0 214 33027
x 0 33028
p 0 213 33028
x 0 33029
p 0 241 33029
x 0 33030
p 0 208 33030
x 0 33031
p 0 212 33031
x 0 33032
p 0 211 33032
x 0 33033
p 0 211 33033
x 0 33034
p 0 212 33034
x 0 33035
p 0 211 33035
x 0 33036
p 0 211 33036
x 0 33037
p 0 213 33037
x 0 33038
p 0 210 33038
x 0 33039
p 0 213 33039
x 0 33040
p 0 164 33040
x 0 33041
p 0 211 33041
x 0 33042
p 0 215 33042
x 0 33043
p 0 222 33043
x 0 33044
p 0 217 33044
x 0 33045
p 0 218 33045
x 0 33046
p 0 216 33046
x 0 33047
p 0 221 33047
x 0 33048
p 0 219 33048
x 0 33049
p 0 280 33049
x 0 33050
p 0 217 33050
x 0 33051
p 0 245 33051
x 0 33052
p 0 289 33052
x 0 33053
p 0 217 33053
x 0 33054
p 0 214 33054
x 0 33055
p 0 336 33055
x 0 33056
p 0 258 33056
x 0 33057
p 0 274 33057
x 0 33058
p 0 344 33058
x 0 33059
p 0 260 33059
x 0 33060
p 0 254 33060
x 0 33000
h 0 10.0.0.4
p 0 15070 33000
x 1 33001
h 1 10.0.0.4
p 1 236 33001
x 0 33002
p 0 221 33002
x 0 33003
p 0 230 33003
x 0 33004
p 0 228 33004
x 0 33005
p 0 211 33005
x 0 33006
p 0 175 33006
x 0 33007
p 0 208 33007
x 0 33008
p 0 209 33008
x 0 33009
p 0 204 33009
x 0 33010
p 0 177 33010
x 0 33011
p 0 174 33011
x 0 33012
p 0 171 33012
x 0 33013
p 0 172 33013
x 0 33014
p 0 170 33014
x 0 33015
p 0 210 33015
x 0 33016
p 0 210 33016
x 0 33017
p 0 213 33017
x 0 33018
p 0 177 33018
x 0 33019
p 0 240 33019
x 0 33020
p 0 207 33020
x 0 33021
p 0 208 33021
x 0 33022
p 0 252 33022
x 0 33023
p 0 239 33023
x 0 33024
p 0 206 33024
x 0 33025
p 0 210 33025
x 0 33026
p 0 173 33026
x 0 33027
p 0 247 33027
x 0 33028
p 0 193 33028
x 0 33029
p 0 212 33029
x 0 33030
p 0 214 33030
x 0 33031
p 0 211 33031
x 0 33032
p 0 243 33032
x 0 33033
p 0 180 33033
x 0 33034
p 0 213 33034
x 0 33035
p 0 141 33035
x 0 33036
p 0 245 33036
x 0 33037
p 0 207 33037
x 0 33038
p 0 201 33038
x 0 33039
p 0 211 33039
x 0 33040
p 0 208 33040
x 0 33041
p 0 210 33041
x 0 33042
p 0 179 33042
x 0 33043
p 0 212 33043
x 0 33044
p 0 209 33044
x 0 33045
p 0 156 33045
x 0 33046
p 0 189 33046
x 0 33047
p 0 193 33047
x 0 33048
p 0 173 33048
x 0 33049
p 0 209 33049
x 0 33050
p 0 180 33050
x 0 33051
p 0 210 33051
x 0 33052
p 0 211 33052
x 0 33053
p 0 210 33053
x 0 33054
p 0 210 33054
x 0 33055
p 0 223 33055
x 0 33056
p 0 199 33056
x 0 33057
p 0 219 33057
x 0 33058
p 0 242 33058
x 0 33059
p 0 228 33059
x 0 33060
p 0 244 33060
x 0 33000
h 0 10.0.0.4
p 0 19469 33000
x 1 33001
h 1 10.0.0.4
p 1 230 33001
x 0 33002
p 0 175 33002
x 0 33003
p 0 173 33003
x 0 33004
p 0 174 33004
x 0 33005
p 0 218 33005
x 0 33006
p 0 212 33006
x 0 33007
p 0 179 33007
x 0 33008
p 0 177 33008
x 0 33009
p 0 211 33009
x 0 33010
p 0 176 33010
x 0 33011
p 0 210 33011
x 0 33012
p 0 177 33012
x 0 33013
p 0 175 33013
x 0 33014
p 0 175 33014
x 0 33015
p 0 207 33015
x 0 33016
p 0 213 33016
x 0 33017
p 0 213 33017
x 0 33018
p 0 265 33018
x 0 33019
p 0 212 33019
x 0 33020
p 0 213 33020
x 0 33021
p 0 211 33021
x 0 33022
p 0 211 33022
x 0 33023
p 0 208 33023
x 0 33024
p 0 210 33024
x 0 33025
p 0 211 33025
x 0 33026
p 0 213 33026
x 0 33027
p 0 209 33027
x 0 33028
p 0 209 33028
x 0 33029
p 0 209 33029
x 0 33030
p 0 236 33030
x 0 33031
p 0 208 33031
x 0 33032
p 0 212 33032
x 0 33033
p 0 214 33033
x 0 33034
p 0 215 33034
x 0 33035
p 0 211 33035
x 0 33036
p 0 214 33036
x 0 33037
p 0 246 33037
x 0 33038
p 0 207 33038
x 0 33039
p 0 213 33039
x 0 33040
p 0 215 33040
x 0 33041
p 0 214 33041
x 0 33042
p 0 214 33042
x 0 33043
p 0 302 33043
x 0 33044
p 0 218 33044
x 0 33045
p 0 216 33045
x 0 33046
p 0 218 33046
x 0 33047
p 0 159 33047
x 0 33048
p 0 158 33048
x 0 33049
p 0 217 33049
x 0 33050
p 0 222 33050
x 0 33051
p 0 128 33051
x 0 33052
p 0 216 33052
x 0 33053
p 0 216 33053
x 0 33054
p 0 268 33054
x 0 33055
p 0 231 33055
x 0 33056
p 0 233 33056
x 0 33057
p 0 185 33057
x 0 33058
p 0 166 33058
x 0 33059
p 0 171 33059
x 0 33060
p 0 243 33060
x 0 33000
h 0 10.0.0.4
p 0 21179 33000
x 1 33001
h 1 10.0.0.4
p 1 224 33001
x 0 33002
p 0 217 33002
x 0 33003
p 0 221 33003
x 0 33004
p 0 222 33004
x 0 33005
p 0 246 33005
x 0 33006
p 0 195 33006
x 0 33007
p 0 223 33007
x 0 33008
p 0 191 33008
x 0 33009
p 0 222 33009
x 0 33010
p 0 192 33010
x 0 33011
p 0 192 33011
x 0 33012
p 0 189 33012
x 0 33013
p 0 193 33013
x 0 33014
p 0 183 33014
x 0 33015
p 0 185 33015
x 0 33016
p 0 187 33016
x 0 33017
p 0 185 33017
x 0 33018
p 0 184 33018
x 0 33019
p 0 184 33019
x 0 33020
p 0 169 33020
x 0 33021
p 0 172 33021
x 0 33022
p 0 168 33022
x 0 33023
p 0 216 33023
x 0 33024
p 0 213 33024
x 0 33025
p 0 213 33025
x 0 33026
p 0 213 33026
x 0 33027
p 0 83 33027
x 0 33028
p 0 230 33028
x 0 33029
p 0 214 33029
x 0 33030
p 0 208 33030
x 0 33031
p 0 208 33031
x 0 33032
p 0 361 33032
x 0 33033
p 0 358 33033
x 0 33034
p 0 416 33034
x 0 33035
p 0 429 33035
x 0 33036
p 0 384 33036
x 0 33037
p 0 350 33037
x 0 33038
p 0 354 33038
x 0 33039
p 0 635 33039
x 0 33040
p 0 212 33040
x 0 33041
p 0 209 33041
x 0 33042
p 0 209 33042
x 0 33043
p 0 209 33043
x 0 33044
p 0 211 33044
x 0 33045
p 0 212 33045
x 0 33046
p 0 209 33046
x 0 33047
p 0 209 33047
x 0 33048
p 0 219 33048
x 0 33049
p 0 212 33049
x 0 33050
p 0 214 33050
x 0 33051
p 0 216 33051
x 0 33052
p 0 218 33052
x 0 33053
p 0 214 33053
x 0 33054
p 0 217 33054
x 0 33055
p 0 230 33055
x 0 33056
p 0 228 33056
x 0 33057
p 0 230 33057
x 0 33058
p 0 239 33058
x 0 33059
p 0 236 33059
x 0 33060
p 0 289 33060
x 0 33000
h 0 10.0.0.4
p 0 20009 33000
x 1 33001
h 1 10.0.0.4
p 1 261 33001
x 0 33002
p 0 159 33002
x 0 33003
p 0 806 33003
x 0 33004
p 0 189 33004
x 0 33005
p 0 290 33005
x 0 33006
p 0 249 33006
x 0 33007
p 0 216 33007
x 0 33008
p 0 214 33008
x 0 33009
p 0 216 33009
x 0 33010
p 0 240 33010
x 0 33011
p 0 212 33011
x 0 33012
p 0 216 33012
x 0 33013
p 0 222 33013
x 0 33014
p 0 216 33014
x 0 33015
p 0 218 33015
x 0 33016
p 0 215 33016
x 0 33017
p 0 212 33017
x 0 33018
p 0 221 33018
x 0 33019
p 0 218 33019
x 0 33020
p 0 213 33020
x 0 33021
p 0 214 33021
x 0 33022
p 0 267 33022
x 0 33023
p 0 213 33023
x 0 33024
p 0 214 33024
x 0 33025
p 0 215 33025
x 0 33026
p 0 209 33026
x 0 33027
p 0 217 33027
x 0 33028
p 0 218 33028
x 0 33029
p 0 213 33029
x 0 33030
p 0 213 33030
x 0 33031
p 0 212 33031
x 0 33032
p 0 211 33032
x 0 33033
p 0 215 33033
x 0 33034
p 0 220 33034
x 0 33035
p 0 214 33035
x 0 33036
p 0 244 33036
x 0 33037
p 0 221 33037
x 0 33038
p 0 218 33038
x 0 33039
p 0 216 33039
x 0 33040
p 0 218 33040
x 0 33041
p 0 236 33041
x 0 33042
p 0 210 33042
x 0 33043
p 0 222 33043
x 0 33044
p 0 228 33044
x 0 33045
p 0 224 33045
x 0 33046
p 0 229 33046
x 0 33047
p 0 218 33047
x 0 33048
p 0 235 33048
x 0 33049
p 0 233 33049
x 0 33050
p 0 224 33050
x 0 33051
p 0 221 33051
x 0 33052
p 0 226 33052
x 0 33053
p 0 231 33053
x 0 33054
p 0 228 33054
x 0 33055
p 0 224 33055
x 0 33056
p 0 220 33056
x 0 33057
p 0 339 33057
x 0 33058
p 0 230 33058
x 0 33059
p 0 230 33059
x 0 33060
p 0 221 33060
x 0 33000
h 0 10.0.0.4
p 0 20982 33000
x 1 33001
h 1 10.0.0.4
p 1 224 33001
x 0 33002
p 0 215 33002
x 0 33003
p 0 215 33003
x 0 33004
p 0 176 33004
x 0 33005
p 0 184 33005
x 0 33006
p 0 181 33006
x 0 33007
p 0 210 33007
x 0 33008
p 0 214 33008
x 0 33009
p 0 178 33009
x 0 33010
p 0 176 33010
x 0 33011
p 0 208 33011
x 0 33012
p 0 177 33012
x 0 33013
p 0 176 33013
x 0 33014
p 0 177 33014
x 0 33015
p 0 176 33015
x 0 33016
p 0 181 33016
x 0 33017
p 0 159 33017
x 0 33018
p 0 186 33018
x 0 33019
p 0 241 33019
x 0 33020
p 0 160 33020
x 0 33021
p 0 153 33021
x 0 33022
p 0 153 33022
x 0 33023
p 0 222 33023
x 0 33024
p 0 152 33024
x 0 33025
p 0 219 33025
x 0 33026
p 0 224 33026
x 0 33027
p 0 200 33027
x 0 33028
p 0 156 33028
x 0 33029
p 0 153 33029
x 0 33030
p 0 284 33030
x 0 33031
p 0 157 33031
x 0 33032
p 0 162 33032
x 0 33033
p 0 212 33033
x 0 33034
p 0 215 33034
x 0 33035
p 0 208 33035
x 0 33036
p 0 207 33036
x 0 33037
p 0 175 33037
x 0 33038
p 0 211 33038
x 0 33039
p 0 208 33039
x 0 33040
p 0 208 33040
x 0 33041
p 0 112 33041
x 0 33042
p 0 210 33042
x 0 33043
p 0 208 33043
x 0 33044
p 0 175 33044
x 0 33045
p 0 176 33045
x 0 33046
p 0 212 33046
x 0 33047
p 0 209 33047
x 0 33048
p 0 177 33048
x 0 33049
p 0 175 33049
x 0 33050
p 0 174 33050
x 0 33051
p 0 180 33051
x 0 33052
p 0 174 33052
x 0 33053
p 0 174 33053
x 0 33054
p 0 174 33054
x 0 33055
p 0 182 33055
x 0 33056
p 0 170 33056
x 0 33057
p 0 158 33057
x 0 33058
p 0 175 33058
x 0 33059
p 0 250 33059
x 0 33060
p 0 320 33060
x 0 33000
h 0 10.0.0.4
p 0 27400 33000
x 1 33001
h 1 10.0.0.4
p 1 239 33001
x 0 33002
p 0 167 33002
x 0 33003
p 0 213 33003
x 0 33004
p 0 163 33004
x 0 33005
p 0 158 33005
x 0 33006
p 0 223 33006
x 0 33007
p 0 172 33007
x 0 33008
p 0 210 33008
x 0 33009
p 0 217 33009
x 0 33010
p 0 275 33010
x 0 33011
p 0 214 33011
x 0 33012
p 0 214 33012
x 0 33013
p 0 211 33013
x 0 33014
p 0 218 33014
x 0 33015
p 0 213 33015
x 0 33016
p 0 215 33016
x 0 33017
p 0 211 33017
x 0 33018
p 0 214 33018
x 0 33019
p 0 215 33019
x 0 33020
p 0 243 33020
x 0 33021
p 0 214 33021
x 0 33022
p 0 213 33022
x 0 33023
p 0 210 33023
x 0 33024
p 0 265 33024
x 0 33025
p 0 216 33025
x 0 33026
p 0 212 33026
x 0 33027
p 0 217 33027
x 0 33028
p 0 214 33028
x 0 33029
p 0 216 33029
x 0 33030
p 0 216 33030
x 0 33031
p 0 216 33031
x 0 33032
p 0 217 33032
x 0 33033
p 0 224 33033
x 0 33034
p 0 217 33034
x 0 33035
p 0 217 33035
x 0 33036
p 0 217 33036
x 0 33037
p 0 220 33037
x 0 33038
p 0 247 33038
x 0 33039
p 0 226 33039
x 0 33040
p 0 216 33040
x 0 33041
p 0 219 33041
x 0 33042
p 0 261 33042
x 0 33043
p 0 218 33043
x 0 33044
p 0 214 33044
x 0 33045
p 0 217 33045
x 0 33046
p 0 216 33046
x 0 33047
p 0 265 33047
x 0 33048
p 0 219 33048
x 0 33049
p 0 230 33049
x 0 33050
p 0 226 33050
x 0 33051
p 0 225 33051
x 0 33052
p 0 226 33052
x 0 33053
p 0 221 33053
x 0 33054
p 0 226 33054
x 0 33055
p 0 223 33055
x 0 33056
p 0 218 33056
x 0 33057
p 0 221 33057
x 0 33058
p 0 216 33058
x 0 33059
p 0 226 33059
x 0 33060
p 0 220 33060
x 0 33000
h 0 10.0.0.4
p 0 21168 33000
x 1 33001
h 1 10.0.0.4
p 1 230 33001
x 0 33002
p 0 215 33002
x 0 33003
p 0 211 33003
x 0 33004
p 0 280 33004
x 0 33005
p 0 284 33005
x 0 33006
p 0 228 33006
x 0 33007
p 0 227 33007
x 0 33008
p 0 229 33008
x 0 33009
p 0 223 33009
x 0 33010
p 0 228 33010
x 0 33011
p 0 225 33011
x 0 33012
p 0 234 33012
x 0 33013
p 0 227 33013
x 0 33014
p 0 226 33014
x 0 33015
p 0 229 33015
x 0 33016
p 0 244 33016
x 0 33017
p 0 234 33017
x 0 33018
p 0 233 33018
x 0 33019
p 0 225 33019
x 0 33020
p 0 234 33020
x 0 33021
p 0 227 33021
x 0 33022
p 0 232 33022
x 0 33023
p 0 299 33023
x 0 33024
p 0 230 33024
x 0 33025
p 0 234 33025
x 0 33026
p 0 234 33026
x 0 33027
p 0 286 33027
x 0 33028
p 0 234 33028
x 0 33029
p 0 231 33029
x 0 33030
p 0 231 33030
x 0 33031
p 0 226 33031
x 0 33032
p 0 192 33032
x 0 33033
p 0 191 33033
x 0 33034
p 0 188 33034
x 0 33035
p 0 201 33035
x 0 33036
p 0 169 33036
x 0 33037
p 0 169 33037
x 0 33038
p 0 232 33038
x 0 33039
p 0 227 33039
x 0 33040
p 0 229 33040
x 0 33041
p 0 313 33041
x 0 33042
p 0 269 33042
x 0 33043
p 0 236 33043
x 0 33044
p 0 237 33044
x 0 33045
p 0 235 33045
x 0 33046
p 0 233 33046
x 0 33047
p 0 239 33047
x 0 33048
p 0 244 33048
x 0 33049
p 0 230 33049
x 0 33050
p 0 271 33050
x 0 33051
p 0 236 33051
x 0 33052
p 0 246 33052
x 0 33053
p 0 233 33053
x 0 33054
p 0 291 33054
x 0 33055
p 0 237 33055
x 0 33056
p 0 232 33056
x 0 33057
p 0 306 33057
x 0 33058
p 0 248 33058
x 0 33059
p 0 241 33059
x 0 33060
p 0 223 33060
x 0 33000
h 0 10.0.0.4
p 0 18903 33000
x 1 33001
h 1 10.0.0.4
p 1 223 33001
x 0 33002
p 0 215 33002
x 0 33003
p 0 316 33003
x 0 33004
p 0 217 33004
x 0 33005
p 0 222 33005
x 0 33006
p 0 176 33006
x 0 33007
p 0 209 33007
x 0 33008
p 0 173 33008
x 0 33009
p 0 173 33009
x 0 33010
p 0 207 33010
x 0 33011
p 0 207 33011
x 0 33012
p 0 205 33012
x 0 33013
p 0 190 33013
x 0 33014
p 0 208 33014
x 0 33015
p 0 271 33015
x 0 33016
p 0 208 33016
x 0 33017
p 0 174 33017
x 0 33018
p 0 209 33018
x 0 33019
p 0 208 33019
x 0 33020
p 0 209 33020
x 0 33021
p 0 176 33021
x 0 33022
p 0 173 33022
x 0 33023
p 0 175 33023
x 0 33024
p 0 174 33024
x 0 33025
p 0 175 33025
x 0 33026
p 0 172 33026
x 0 33027
p 0 171 33027
x 0 33028
p 0 180 33028
x 0 33029
p 0 176 33029
x 0 33030
p 0 173 33030
x 0 33031
p 0 169 33031
x 0 33032
p 0 182 33032
x 0 33033
p 0 181 33033
x 0 33034
p 0 175 33034
x 0 33035
p 0 174 33035
x 0 33036
p 0 179 33036
x 0 33037
p 0 174 33037
x 0 33038
p 0 172 33038
x 0 33039
p 0 170 33039
x 0 33040
p 0 173 33040
x 0 33041
p 0 172 33041
x 0 33042
p 0 173 33042
x 0 33043
p 0 172 33043
x 0 33044
p 0 156 33044
x 0 33045
p 0 151 33045
x 0 33046
p 0 154 33046
x 0 33047
p 0 153 33047
x 0 33048
p 0 153 33048
x 0 33049
p 0 151 33049
x 0 33050
p 0 154 33050
x 0 33051
p 0 301 33051
x 0 33052
p 0 158 33052
x 0 33053
p 0 160 33053
x 0 33054
p 0 167 33054
x 0 33055
p 0 202 33055
x 0 33056
p 0 151 33056
x 0 33057
p 0 150 33057
x 0 33058
p 0 852 33058
x 0 33059
p 0 155 33059
x 0 33060
p 0 254 33060
x 0 33000
h 0 10.0.0.4
p 0 21233 33000
x 1 33001
h 1 10.0.0.4
p 1 290 33001
x 0 33002
p 0 217 33002
x 0 33003
p 0 213 33003
x 0 33004
p 0 213 33004
x 0 33005
p 0 196 33005
x 0 33006
p 0 207 33006
x 0 33007
p 0 188 33007
x 0 33008
p 0 182 33008
x 0 33009
p 0 208 33009
x 0 33010
p 0 205 33010
x 0 33011
p 0 176 33011
x 0 33012
p 0 240 33012
x 0 33013
p 0 247 33013
x 0 33014
p 0 190 33014
x 0 33015
p 0 207 33015
x 0 33016
p 0 178 33016
x 0 33017
p 0 210 33017
x 0 33018
p 0 207 33018
x 0 33019
p 0 173 33019
x 0 33020
p 0 176 33020
x 0 33021
p 0 211 33021
x 0 33022
p 0 189 33022
x 0 33023
p 0 209 33023
x 0 33024
p 0 170 33024
x 0 33025
p 0 101 33025
x 0 33026
p 0 158 33026
x 0 33027
p 0 119 33027
x 0 33028
p 0 158 33028
x 0 33029
p 0 166 33029
x 0 33030
p 0 182 33030
x 0 33031
p 0 182 33031
x 0 33032
p 0 149 33032
x 0 33033
p 0 182 33033
x 0 33034
p 0 166 33034
x 0 33035
p 0 108 33035
x 0 33036
p 0 135 33036
x 0 33037
p 0 181 33037
x 0 33038
p 0 168 33038
x 0 33039
p 0 208 33039
x 0 33040
p 0 210 33040
x 0 33041
p 0 261 33041
x 0 33042
p 0 209 33042
x 0 33043
p 0 209 33043
x 0 33044
p 0 210 33044
x 0 33045
p 0 210 33045
x 0 33046
p 0 180 33046
x 0 33047
p 0 201 33047
x 0 33048
p 0 257 33048
x 0 33049
p 0 213 33049
x 0 33050
p 0 214 33050
x 0 33051
p 0 176 33051
x 0 33052
p 0 186 33052
x 0 33053
p 0 180 33053
x 0 33054
p 0 184 33054
x 0 33055
p 0 212 33055
x 0 33056
p 0 191 33056
x 0 33057
p 0 185 33057
x 0 33058
p 0 214 33058
x 0 33059
p 0 203 33059
x 0 33060
p 0 236 33060
x 0 33000
h 0 10.0.0.4
p 0 23372 33000
x 1 33001
h 1 10.0.0.4
p 1 233 33001
x 0 33002
p 0 225 33002
x 0 33003
p 0 261 33003
x 0 33004
p 0 206 33004
x 0 33005
p 0 198 33005
x 0 33006
p 0 190 33006
x 0 33007
p 0 192 33007
x 0 33008
p 0 223 33008
x 0 33009
p 0 199 33009
x 0 33010
p 0 182 33010
x 0 33011
p 0 181 33011
x 0 33012
p 0 209 33012
x 0 33013
p 0 175 33013
x 0 33014
p 0 226 33014
x 0 33015
p 0 166 33015
x 0 33016
p 0 165 33016
x 0 33017
p 0 224 33017
x 0 33018
p 0 228 33018
x 0 33019
p 0 167 33019
x 0 33020
p 0 201 33020
x 0 33021
p 0 222 33021
x 0 33022
p 0 166 33022
x 0 33023
p 0 180 33023
x 0 33024
p 0 169 33024
x 0 33025
p 0 189 33025
x 0 33026
p 0 197 33026
x 0 33027
p 0 177 33027
x 0 33028
p 0 172 33028
x 0 33029
p 0 170 33029
x 0 33030
p 0 244 33030
x 0 33031
p 0 174 33031
x 0 33032
p 0 174 33032
x 0 33033
p 0 218 33033
x 0 33034
p 0 212 33034
x 0 33035
p 0 215 33035
x 0 33036
p 0 212 33036
x 0 33037
p 0 215 33037
x 0 33038
p 0 463 33038
x 0 33039
p 0 217 33039
x 0 33040
p 0 288 33040
x 0 33041
p 0 261 33041
x 0 33042
p 0 212 33042
x 0 33043
p 0 213 33043
x 0 33044
p 0 218 33044
x 0 33045
p 0 308 33045
x 0 33046
p 0 218 33046
x 0 33047
p 0 216 33047
x 0 33048
p 0 220 33048
x 0 33049
p 0 221 33049
x 0 33050
p 0 219 33050
x 0 33051
p 0 221 33051
x 0 33052
p 0 268 33052
x 0 33053
p 0 217 33053
x 0 33054
p 0 219 33054
x 0 33055
p 0 230 33055
x 0 33056
p 0 234 33056
x 0 33057
p 0 278 33057
x 0 33058
p 0 235 33058
x 0 33059
p 0 246 33059
x 0 33060
p 0 248 33060
x 0 33000
h 0 10.0.0.4
p 0 20214 33000
x 1 33001
h 1 10.0.0.4
p 1 267 33001
x 0 33002
p 0 201 33002
x 0 33003
p 0 195 33003
x 0 33004
p 0 194 33004
x 0 33005
p 0 229 33005
x 0 33006
p 0 226 33006
x 0 33007
p 0 215 33007
x 0 33008
p 0 214 33008
x 0 33009
p 0 217 33009
x 0 33010
p 0 217 33010
x 0 33011
p 0 213 33011
x 0 33012
p 0 215 33012
x 0 33013
p 0 329 33013
x 0 33014
p 0 219 33014
x 0 33015
p 0 218 33015
x 0 33016
p 0 219 33016
x 0 33017
p 0 219 33017
x 0 33018
p 0 219 33018
x 0 33019
p 0 214 33019
x 0 33020
p 0 248 33020
x 0 33021
p 0 219 33021
x 0 33022
p 0 215 33022
x 0 33023
p 0 213 33023
x 0 33024
p 0 250 33024
x 0 33025
p 0 321 33025
x 0 33026
p 0 216 33026
x 0 33027
p 0 214 33027
x 0 33028
p 0 211 33028
x 0 33029
p 0 215 33029
x 0 33030
p 0 213 33030
x 0 33031
p 0 248 33031
x 0 33032
p 0 213 33032
x 0 33033
p 0 213 33033
x 0 33034
p 0 214 33034
x 0 33035
p 0 212 33035
x 0 33036
p 0 211 33036
x 0 33037
p 0 212 33037
x 0 33038
p 0 252 33038
x 0 33039
p 0 247 33039
x 0 33040
p 0 213 33040
x 0 33041
p 0 215 33041
x 0 33042
p 0 213 33042
x 0 33043
p 0 212 33043
x 0 33044
p 0 218 33044
x 0 33045
p 0 219 33045
x 0 33046
p 0 215 33046
x 0 33047
p 0 215 33047
x 0 33048
p 0 215 33048
x 0 33049
p 0 221 33049
x 0 33050
p 0 217 33050
x 0 33051
p 0 218 33051
x 0 33052
p 0 223 33052
x 0 33053
p 0 219 33053
x 0 33054
p 0 227 33054
x 0 33055
p 0 221 33055
x 0 33056
p 0 220 33056
x 0 33057
p 0 220 33057
x 0 33058
p 0 255 33058
x 0 33059
p 0 221 33059
x 0 33060
p 0 347 33060
x 0 33000
h 0 10.0.0.4
p 0 21468 33000
x 1 33001
h 1 10.0.0.4
p 1 226 33001
x 0 33002
p 0 252 33002
x 0 33003
p 0 217 33003
x 0 33004
p 0 249 33004
x 0 33005
p 0 260 33005
x 0 33006
p 0 240 33006
x 0 33007
p 0 243 33007
x 0 33008
p 0 215 33008
x 0 33009
p 0 185 33009
x 0 33010
p 0 196 33010
x 0 33011
p 0 212 33011
x 0 33012
p 0 212 33012
x 0 33013
p 0 245 33013
x 0 33014
p 0 182 33014
x 0 33015
p 0 211 33015
x 0 33016
p 0 211 33016
x 0 33017
p 0 235 33017
x 0 33018
p 0 176 33018
x 0 33019
p 0 209 33019
x 0 33020
p 0 206 33020
x 0 33021
p 0 240 33021
x 0 33022
p 0 180 33022
x 0 33023
p 0 162 33023
x 0 33024
p 0 208 33024
x 0 33025
p 0 243 33025
x 0 33026
p 0 178 33026
x 0 33027
p 0 208 33027
x 0 33028
p 0 207 33028
x 0 33029
p 0 211 33029
x 0 33030
p 0 177 33030
x 0 33031
p 0 209 33031
x 0 33032
p 0 208 33032
x 0 33033
p 0 177 33033
x 0 33034
p 0 180 33034
x 0 33035
p 0 209 33035
x 0 33036
p 0 212 33036
x 0 33037
p 0 170 33037
x 0 33038
p 0 180 33038
x 0 33039
p 0 113 33039
x 0 33040
p 0 212 33040
x 0 33041
p 0 239 33041
x 0 33042
p 0 184 33042
x 0 33043
p 0 210 33043
x 0 33044
p 0 213 33044
x 0 33045
p 0 239 33045
x 0 33046
p 0 108 33046
x 0 33047
p 0 210 33047
x 0 33048
p 0 213 33048
x 0 33049
p 0 241 33049
x 0 33050
p 0 181 33050
x 0 33051
p 0 210 33051
x 0 33052
p 0 211 33052
x 0 33053
p 0 240 33053
x 0 33054
p 0 178 33054
x 0 33055
p 0 214 33055
x 0 33056
p 0 180 33056
x 0 33057
p 0 184 33057
x 0 33058
p 0 265 33058
x 0 33059
p 0 183 33059
x 0 33060
p 0 237 33060
x 0 33000
h 0 10.0.0.4
p 0 32252 33000
x 1 33001
h 1 10.0.0.4
p 1 2199 33001
x 0 33002
p 0 290 33002
x 0 33003
p 0 278 33003
x 0 33004
p 0 224 33004
x 0 33005
p 0 206 33005
x 0 33006
p 0 220 33006
x 0 33007
p 0 218 33007
x 0 33008
p 0 215 33008
x 0 33009
p 0 193 33009
x 0 33010
p 0 226 33010
x 0 33011
p 0 198 33011
x 0 33012
p 0 203 33012
x 0 33013
p 0 248 33013
x 0 33014
p 0 196 33014
x 0 33015
p 0 234 33015
x 0 33016
p 0 200 33016
x 0 33017
p 0 189 33017
x 0 33018
p 0 215 33018
x 0 33019
p 0 218 33019
x 0 33020
p 0 189 33020
x 0 33021
p 0 195 33021
x 0 33022
p 0 231 33022
x 0 33023
p 0 216 33023
x 0 33024
p 0 218 33024
x 0 33025
p 0 226 33025
x 0 33026
p 0 292 33026
x 0 33027
p 0 226 33027
x 0 33028
p 0 241 33028
x 0 33029
p 0 238 33029
x 0 33030
p 0 235 33030
x 0 33031
p 0 248 33031
x 0 33032
p 0 264 33032
x 0 33033
p 0 245 33033
x 0 33034
p 0 263 33034
x 0 33035
p 0 233 33035
x 0 33036
p 0 321 33036
x 0 33037
p 0 252 33037
x 0 33038
p 0 231 33038
x 0 33039
p 0 245 33039
x 0 33040
p 0 246 33040
x 0 33041
p 0 325 33041
x 0 33042
p 0 258 33042
x 0 33043
p 0 256 33043
x 0 33044
p 0 250 33044
x 0 33045
p 0 239 33045
x 0 33046
p 0 308 33046
x 0 33047
p 0 228 33047
x 0 33048
p 0 235 33048
x 0 33049
p 0 250 33049
x 0 33050
p 0 250 33050
x 0 33051
p 0 280 33051
x 0 33052
p 0 262 33052
x 0 33053
p 0 285 33053
x 0 33054
p 0 257 33054
x 0 33055
p 0 245 33055
x 0 33056
p 0 293 33056
x 0 33057
p 0 232 33057
x 0 33058
p 0 229 33058
x 0 33059
p 0 265 33059
x 0 33060
p 0 246 33060
x 0 33000
h 0 10.0.0.4
p 0 17356 33000
x 1 33001
h 1 10.0.0.4
p 1 235 33001
x 0 33002
p 0 222 33002
x 0 33003
p 0 222 33003
x 0 33004
p 0 227 33004
x 0 33005
p 0 126 33005
x 0 33006
p 0 224 33006
x 0 33007
p 0 223 33007
x 0 33008
p 0 223 33008
x 0 33009
p 0 223 33009
x 0 33010
p 0 226 33010
x 0 33011
p 0 224 33011
x 0 33012
p 0 225 33012
x 0 33013
p 0 223 33013
x 0 33014
p 0 252 33014
x 0 33015
p 0 223 33015
x 0 33016
p 0 225 33016
x 0 33017
p 0 201 33017
x 0 33018
p 0 223 33018
x 0 33019
p 0 225 33019
x 0 33020
p 0 225 33020
x 0 33021
p 0 223 33021
x 0 33022
p 0 225 33022
x 0 33023
p 0 225 33023
x 0 33024
p 0 221 33024
x 0 33025
p 0 222 33025
x 0 33026
p 0 225 33026
x 0 33027
p 0 230 33027
x 0 33028
p 0 225 33028
x 0 33029
p 0 223 33029
x 0 33030
p 0 221 33030
x 0 33031
p 0 258 33031
x 0 33032
p 0 224 33032
x 0 33033
p 0 220 33033
x 0 33034
p 0 227 33034
x 0 33035
p 0 225 33035
x 0 33036
p 0 227 33036
x 0 33037
p 0 222 33037
x 0 33038
p 0 224 33038
x 0 33039
p 0 208 33039
x 0 33040
p 0 223 33040
x 0 33041
p 0 233 33041
x 0 33042
p 0 229 33042
x 0 33043
p 0 237 33043
x 0 33044
p 0 230 33044
x 0 33045
p 0 230 33045
x 0 33046
p 0 257 33046
x 0 33047
p 0 239 33047
x 0 33048
p 0 234 33048
x 0 33049
p 0 237 33049
x 0 33050
p 0 230 33050
x 0 33051
p 0 290 33051
x 0 33052
p 0 232 33052
x 0 33053
p 0 235 33053
x 0 33054
p 0 231 33054
x 0 33055
p 0 252 33055
x 0 33056
p 0 242 33056
x 0 33057
p 0 232 33057
x 0 33058
p 0 235 33058
x 0 33059
p 0 234 33059
x 0 33060
p 0 239 33060
x 0 33000
h 0 10.0.0.4
p 0 21093 33000
x 1 33001
h 1 10.0.0.4
p 1 298 33001
x 0 33002
p 0 183 33002
x 0 33003
p 0 181 33003
x 0 33004
p 0 224 33004
x 0 33005
p 0 218 33005
x 0 33006
p 0 174 33006
x 0 33007
p 0 163 33007
x 0 33008
p 0 186 33008
x 0 33009
p 0 203 33009
x 0 33010
p 0 184 33010
x 0 33011
p 0 155 33011
x 0 33012
p 0 208 33012
x 0 33013
p 0 163 33013
x 0 33014
p 0 289 33014
x 0 33015
p 0 176 33015
x 0 33016
p 0 180 33016
x 0 33017
p 0 171 33017
x 0 33018
p 0 175 33018
x 0 33019
p 0 176 33019
x 0 33020
p 0 209 33020
x 0 33021
p 0 242 33021
x 0 33022
p 0 188 33022
x 0 33023
p 0 180 33023
x 0 33024
p 0 208 33024
x 0 33025
p 0 209 33025
x 0 33026
p 0 176 33026
x 0 33027
p 0 176 33027
x 0 33028
p 0 255 33028
x 0 33029
p 0 213 33029
x 0 33030
p 0 174 33030
x 0 33031
p 0 179 33031
x 0 33032
p 0 211 33032
x 0 33033
p 0 176 33033
x 0 33034
p 0 182 33034
x 0 33035
p 0 179 33035
x 0 33036
p 0 210 33036
x 0 33037
p 0 209 33037
x 0 33038
p 0 177 33038
x 0 33039
p 0 181 33039
x 0 33040
p 0 268 33040
x 0 33041
p 0 247 33041
x 0 33042
p 0 296 33042
x 0 33043
p 0 179 33043
x 0 33044
p 0 209 33044
x 0 33045
p 0 210 33045
x 0 33046
p 0 179 33046
x 0 33047
p 0 181 33047
x 0 33048
p 0 211 33048
x 0 33049
p 0 215 33049
x 0 33050
p 0 181 33050
x 0 33051
p 0 186 33051
x 0 33052
p 0 179 33052
x 0 33053
p 0 215 33053
x 0 33054
p 0 180 33054
x 0 33055
p 0 182 33055
x 0 33056
p 0 214 33056
x 0 33057
p 0 213 33057
x 0 33058
p 0 178 33058
x 0 33059
p 0 192 33059
x 0 33060
p 0 237 33060
x 0 33000
h 0 10.0.0.4
p 0 20721 33000
x 1 33001
h 1 10.0.0.4
p 1 271 33001
x 0 33002
p 0 214 33002
x 0 33003
p 0 226 33003
x 0 33004
p 0 260 33004
x 0 33005
p 0 212 33005
x 0 33006
p 0 175 33006
x 0 33007
p 0 206 33007
x 0 33008
p 0 210 33008
x 0 33009
p 0 174 33009
x 0 33010
p 0 174 33010
x 0 33011
p 0 173 33011
x 0 33012
p 0 167 33012
x 0 33013
p 0 171 33013
x 0 33014
p 0 173 33014
x 0 33015
p 0 169 33015
x 0 33016
p 0 168 33016
x 0 33017
p 0 150 33017
x 0 33018
p 0 164 33018
x 0 33019
p 0 177 33019
x 0 33020
p 0 236 33020
x 0 33021
p 0 189 33021
x 0 33022
p 0 158 33022
x 0 33023
p 0 214 33023
x 0 33024
p 0 214 33024
x 0 33025
p 0 160 33025
x 0 33026
p 0 214 33026
x 0 33027
p 0 215 33027
x 0 33028
p 0 144 33028
x 0 33029
p 0 214 33029
x 0 33030
p 0 161 33030
x 0 33031
p 0 215 33031
x 0 33032
p 0 246 33032
x 0 33033
p 0 158 33033
x 0 33034
p 0 217 33034
x 0 33035
p 0 217 33035
x 0 33036
p 0 158 33036
x 0 33037
p 0 224 33037
x 0 33038
p 0 218 33038
x 0 33039
p 0 207 33039
x 0 33040
p 0 93 33040
x 0 33041
p 0 210 33041
x 0 33042
p 0 631 33042
x 0 33043
p 0 218 33043
x 0 33044
p 0 180 33044
x 0 33045
p 0 156 33045
x 0 33046
p 0 216 33046
x 0 33047
p 0 219 33047
x 0 33048
p 0 219 33048
x 0 33049
p 0 164 33049
x 0 33050
p 0 217 33050
x 0 33051
p 0 164 33051
x 0 33052
p 0 219 33052
x 0 33053
p 0 161 33053
x 0 33054
p 0 157 33054
x 0 33055
p 0 180 33055
x 0 33056
p 0 203 33056
x 0 33057
p 0 165 33057
x 0 33058
p 0 165 33058
x 0 33059
p 0 218 33059
x 0 33060
p 0 177 33060
x 0 33000
h 0 10.0.0.4
p 0 13099 33000
x 1 33001
h 1 10.0.0.4
p 1 254 33001
x 0 33002
p 0 224 33002
x 0 33003
p 0 213 33003
x 0 33004
p 0 198 33004
x 0 33005
p 0 122 33005
x 0 33006
p 0 179 33006
x 0 33007
p 0 209 33007
x 0 33008
p 0 169 33008
x 0 33009
p 0 171 33009
x 0 33010
p 0 173 33010
x 0 33011
p 0 176 33011
x 0 33012
p 0 169 33012
x 0 33013
p 0 176 33013
x 0 33014
p 0 168 33014
x 0 33015
p 0 170 33015
x 0 33016
p 0 102 33016
x 0 33017
p 0 144 33017
x 0 33018
p 0 144 33018
x 0 33019
p 0 146 33019
x 0 33020
p 0 147 33020
x 0 33021
p 0 144 33021
x 0 33022
p 0 166 33022
x 0 33023
p 0 147 33023
x 0 33024
p 0 228 33024
x 0 33025
p 0 226 33025
x 0 33026
p 0 229 33026
x 0 33027
p 0 237 33027
x 0 33028
p 0 166 33028
x 0 33029
p 0 217 33029
x 0 33030
p 0 219 33030
x 0 33031
p 0 225 33031
x 0 33032
p 0 216 33032
x 0 33033
p 0 223 33033
x 0 33034
p 0 218 33034
x 0 33035
p 0 264 33035
x 0 33036
p 0 220 33036
x 0 33037
p 0 217 33037
x 0 33038
p 0 219 33038
x 0 33039
p 0 218 33039
x 0 33040
p 0 218 33040
x 0 33041
p 0 215 33041
x 0 33042
p 0 212 33042
x 0 33043
p 0 217 33043
x 0 33044
p 0 216 33044
x 0 33045
p 0 212 33045
x 0 33046
p 0 213 33046
x 0 33047
p 0 212 33047
x 0 33048
p 0 214 33048
x 0 33049
p 0 212 33049
x 0 33050
p 0 249 33050
x 0 33051
p 0 219 33051
x 0 33052
p 0 215 33052
x 0 33053
p 0 215 33053
x 0 33054
p 0 115 33054
x 0 33055
p 0 228 33055
x 0 33056
p 0 227 33056
x 0 33057
p 0 355 33057
x 0 33058
p 0 230 33058
x 0 33059
p 0 255 33059
x 0 33060
p 0 417 33060
x 0 33000
h 0 10.0.0.4
p 0 19548 33000
x 1 33001
h 1 10.0.0.4
p 1 221 33001
x 0 33002
p 0 213 33002
x 0 33003
p 0 285 33003
x 0 33004
p 0 219 33004
x 0 33005
p 0 279 33005
x 0 33006
p 0 145 33006
x 0 33007
p 0 180 33007
x 0 33008
p 0 178 33008
x 0 33009
p 0 210 33009
x 0 33010
p 0 179 33010
x 0 33011
p 0 182 33011
x 0 33012
p 0 173 33012
x 0 33013
p 0 175 33013
x 0 33014
p 0 179 33014
x 0 33015
p 0 185 33015
x 0 33016
p 0 226 33016
x 0 33017
p 0 176 33017
x 0 33018
p 0 179 33018
x 0 33019
p 0 173 33019
x 0 33020
p 0 170 33020
x 0 33021
p 0 168 33021
x 0 33022
p 0 215 33022
x 0 33023
p 0 231 33023
x 0 33024
p 0 164 33024
x 0 33025
p 0 238 33025
x 0 33026
p 0 163 33026
x 0 33027
p 0 233 33027
x 0 33028
p 0 145 33028
x 0 33029
p 0 310 33029
x 0 33030
p 0 295 33030
x 0 33031
p 0 306 33031
x 0 33032
p 0 227 33032
x 0 33033
p 0 326 33033
x 0 33034
p 0 289 33034
x 0 33035
p 0 188 33035
x 0 33036
p 0 493 33036
x 0 33037
p 0 346 33037
x 0 33038
p 0 1048 33038
x 0 33039
p 0 238 33039
x 0 33040
p 0 232 33040
x 0 33041
p 0 234 33041
x 0 33042
p 0 386 33042
x 0 33043
p 0 294 33043
x 0 33044
p 0 286 33044
x 0 33045
p 0 283 33045
x 0 33046
p 0 284 33046
x 0 33047
p 0 318 33047
x 0 33048
p 0 307 33048
x 0 33049
p 0 215 33049
x 0 33050
p 0 214 33050
x 0 33051
p 0 211 33051
x 0 33052
p 0 213 33052
x 0 33053
p 0 216 33053
x 0 33054
p 0 217 33054
x 0 33055
p 0 228 33055
x 0 33056
p 0 221 33056
x 0 33057
p 0 297 33057
x 0 33058
p 0 251 33058
x 0 33059
p 0 223 33059
x 0 33060
p 0 254 33060
x 0 33000
h 0 10.0.0.4
p 0 24572 33000
x 1 33001
h 1 10.0.0.4
p 1 236 33001
x 0 33002
p 0 213 33002
x 0 33003
p 0 218 33003
x 0 33004
p 0 268 33004
x 0 33005
p 0 217 33005
x 0 33006
p 0 217 33006
x 0 33007
p 0 330 33007
x 0 33008
p 0 216 33008
x 0 33009
p 0 214 33009
x 0 33010
p 0 216 33010
x 0 33011
p 0 215 33011
x 0 33012
p 0 214 33012
x 0 33013
p 0 211 33013
x 0 33014
p 0 215 33014
x 0 33015
p 0 217 33015
x 0 33016
p 0 211 33016
x 0 33017
p 0 211 33017
x 0 33018
p 0 87 33018
x 0 33019
p 0 280 33019
x 0 33020
p 0 199 33020
x 0 33021
p 0 90 33021
x 0 33022
p 0 214 33022
x 0 33023
p 0 213 33023
x 0 33024
p 0 210 33024
x 0 33025
p 0 250 33025
x 0 33026
p 0 214 33026
x 0 33027
p 0 214 33027
x 0 33028
p 0 216 33028
x 0 33029
p 0 217 33029
x 0 33030
p 0 213 33030
x 0 33031
p 0 214 33031
x 0 33032
p 0 212 33032
x 0 33033
p 0 188 33033
x 0 33034
p 0 213 33034
x 0 33035
p 0 211 33035
x 0 33036
p 0 198 33036
x 0 33037
p 0 212 33037
x 0 33038
p 0 208 33038
x 0 33039
p 0 211 33039
x 0 33040
p 0 159 33040
x 0 33041
p 0 187 33041
x 0 33042
p 0 209 33042
x 0 33043
p 0 210 33043
x 0 33044
p 0 209 33044
x 0 33045
p 0 210 33045
x 0 33046
p 0 148 33046
x 0 33047
p 0 211 33047
x 0 33048
p 0 174 33048
x 0 33049
p 0 193 33049
x 0 33050
p 0 210 33050
x 0 33051
p 0 162 33051
x 0 33052
p 0 190 33052
x 0 33053
p 0 206 33053
x 0 33054
p 0 207 33054
x 0 33055
p 0 196 33055
x 0 33056
p 0 223 33056
x 0 33057
p 0 200 33057
x 0 33058
p 0 195 33058
x 0 33059
p 0 263 33059
x 0 33060
p 0 297 33060
x 0 33000
h 0 10.0.0.4
p 0 19353 33000
x 1 33001
h 1 10.0.0.4
p 1 222 33001
x 0 33002
p 0 214 33002
x 0 33003
p 0 180 33003
x 0 33004
p 0 308 33004
x 0 33005
p 0 211 33005
x 0 33006
p 0 207 33006
x 0 33007
p 0 209 33007
x 0 33008
p 0 76 33008
x 0 33009
p 0 207 33009
x 0 33010
p 0 206 33010
x 0 33011
p 0 215 33011
x 0 33012
p 0 239 33012
x 0 33013
p 0 212 33013
x 0 33014
p 0 209 33014
x 0 33015
p 0 211 33015
x 0 33016
p 0 207 33016
x 0 33017
p 0 208 33017
x 0 33018
p 0 156 33018
x 0 33019
p 0 160 33019
x 0 33020
p 0 159 33020
x 0 33021
p 0 205 33021
x 0 33022
p 0 163 33022
x 0 33023
p 0 210 33023
x 0 33024
p 0 158 33024
x 0 33025
p 0 210 33025
x 0 33026
p 0 240 33026
x 0 33027
p 0 169 33027
x 0 33028
p 0 156 33028
x 0 33029
p 0 64 33029
x 0 33030
p 0 156 33030
x 0 33031
p 0 191 33031
x 0 33032
p 0 185 33032
x 0 33033
p 0 159 33033
x 0 33034
p 0 215 33034
x 0 33035
p 0 157 33035
x 0 33036
p 0 242 33036
x 0 33037
p 0 158 33037
x 0 33038
p 0 157 33038
x 0 33039
p 0 159 33039
x 0 33040
p 0 155 33040
x 0 33041
p 0 158 33041
x 0 33042
p 0 207 33042
x 0 33043
p 0 159 33043
x 0 33044
p 0 156 33044
x 0 33045
p 0 157 33045
x 0 33046
p 0 279 33046
x 0 33047
p 0 214 33047
x 0 33048
p 0 214 33048
x 0 33049
p 0 212 33049
x 0 33050
p 0 245 33050
x 0 33051
p 0 170 33051
x 0 33052
p 0 156 33052
x 0 33053
p 0 92 33053
x 0 33054
p 0 212 33054
x 0 33055
p 0 221 33055
x 0 33056
p 0 217 33056
x 0 33057
p 0 218 33057
x 0 33058
p 0 216 33058
x 0 33059
p 0 219 33059
x 0 33060
p 0 224 33060
x 0 33000
h 0 10.0.0.4
p 0 15861 33000
x 1 33001
h 1 10.0.0.4
p 1 229 33001
x 0 33002
p 0 219 33002
x 0 33003
p 0 221 33003
x 0 33004
p 0 221 33004
x 0 33005
p 0 174 33005
x 0 33006
p 0 171 33006
x 0 33007
p 0 170 33007
x 0 33008
p 0 171 33008
x 0 33009
p 0 173 33009
x 0 33010
p 0 179 33010
x 0 33011
p 0 178 33011
x 0 33012
p 0 180 33012
x 0 33013
p 0 174 33013
x 0 33014
p 0 177 33014
x 0 33015
p 0 177 33015
x 0 33016
p 0 159 33016
x 0 33017
p 0 214 33017
x 0 33018
p 0 159 33018
x 0 33019
p 0 160 33019
x 0 33020
p 0 162 33020
x 0 33021
p 0 177 33021
x 0 33022
p 0 177 33022
x 0 33023
p 0 177 33023
x 0 33024
p 0 179 33024
x 0 33025
p 0 228 33025
x 0 33026
p 0 227 33026
x 0 33027
p 0 223 33027
x 0 33028
p 0 225 33028
x 0 33029
p 0 221 33029
x 0 33030
p 0 223 33030
x 0 33031
p 0 207 33031
x 0 33032
p 0 222 33032
x 0 33033
p 0 220 33033
x 0 33034
p 0 221 33034
x 0 33035
p 0 220 33035
x 0 33036
p 0 223 33036
x 0 33037
p 0 221 33037
x 0 33038
p 0 221 33038
x 0 33039
p 0 229 33039
x 0 33040
p 0 222 33040
x 0 33041
p 0 224 33041
x 0 33042
p 0 227 33042
x 0 33043
p 0 228 33043
x 0 33044
p 0 221 33044
x 0 33045
p 0 220 33045
x 0 33046
p 0 224 33046
x 0 33047
p 0 222 33047
x 0 33048
p 0 223 33048
x 0 33049
p 0 221 33049
x 0 33050
p 0 221 33050
x 0 33051
p 0 231 33051
x 0 33052
p 0 229 33052
x 0 33053
p 0 224 33053
x 0 33054
p 0 225 33054
x 0 33055
p 0 223 33055
x 0 33056
p 0 282 33056
x 0 33057
p 0 223 33057
x 0 33058
p 0 230 33058
x 0 33059
p 0 223 33059
x 0 33060
p 0 223 33060
x 0 33000
h 0 10.0.0.4
p 0 20613 33000
x 1 33001
h 1 10.0.0.4
p 1 2353 33001
x 0 33002
p 0 255 33002
x 0 33003
p 0 129 33003
x 0 33004
p 0 291 33004
x 0 33005
p 0 220 33005
x 0 33006
p 0 214 33006
x 0 33007
p 0 213 33007
x 0 33008
p 0 232 33008
x 0 33009
p 0 218 33009
x 0 33010
p 0 222 33010
x 0 33011
p 0 217 33011
x 0 33012
p 0 224 33012
x 0 33013
p 0 216 33013
x 0 33014
p 0 221 33014
x 0 33015
p 0 251 33015
x 0 33016
p 0 215 33016
x 0 33017
p 0 218 33017
x 0 33018
p 0 217 33018
x 0 33019
p 0 219 33019
x 0 33020
p 0 258 33020
x 0 33021
p 0 218 33021
x 0 33022
p 0 244 33022
x 0 33023
p 0 216 33023
x 0 33024
p 0 219 33024
x 0 33025
p 0 222 33025
x 0 33026
p 0 229 33026
x 0 33027
p 0 220 33027
x 0 33028
p 0 219 33028
x 0 33029
p 0 252 33029
x 0 33030
p 0 239 33030
x 0 33031
p 0 221 33031
x 0 33032
p 0 259 33032
x 0 33033
p 0 228 33033
x 0 33034
p 0 218 33034
x 0 33035
p 0 223 33035
x 0 33036
p 0 250 33036
x 0 33037
p 0 222 33037
x 0 33038
p 0 223 33038
x 0 33039
p 0 261 33039
x 0 33040
p 0 254 33040
x 0 33041
p 0 227 33041
x 0 33042
p 0 221 33042
x 0 33043
p 0 250 33043
x 0 33044
p 0 231 33044
x 0 33045
p 0 228 33045
x 0 33046
p 0 252 33046
x 0 33047
p 0 224 33047
x 0 33048
p 0 222 33048
x 0 33049
p 0 224 33049
x 0 33050
p 0 280 33050
x 0 33051
p 0 234 33051
x 0 33052
p 0 224 33052
x 0 33053
p 0 255 33053
x 0 33054
p 0 239 33054
x 0 33055
p 0 269 33055
x 0 33056
p 0 218 33056
x 0 33057
p 0 248 33057
x 0 33058
p 0 267 33058
x 0 33059
p 0 223 33059
x 0 33060
p 0 233 33060
x 0 33000
h 0 10.0.0.4
p 0 26355 33000
x 1 33001
h 1 10.0.0.4
p 1 226 33001
x 0 33002
p 0 212 33002
x 0 33003
p 0 309 33003
x 0 33004
p 0 224 33004
x 0 33005
p 0 228 33005
x 0 33006
p 0 200 33006
x 0 33007
p 0 243 33007
x 0 33008
p 0 207 33008
x 0 33009
p 0 208 33009
x 0 33010
p 0 207 33010
x 0 33011
p 0 209 33011
x 0 33012
p 0 272 33012
x 0 33013
p 0 210 33013
x 0 33014
p 0 209 33014
x 0 33015
p 0 137 33015
x 0 33016
p 0 212 33016
x 0 33017
p 0 216 33017
x 0 33018
p 0 208 33018
x 0 33019
p 0 207 33019
x 0 33020
p 0 78 33020
x 0 33021
p 0 216 33021
x 0 33022
p 0 214 33022
x 0 33023
p 0 214 33023
x 0 33024
p 0 216 33024
x 0 33025
p 0 214 33025
x 0 33026
p 0 188 33026
x 0 33027
p 0 105 33027
x 0 33028
p 0 216 33028
x 0 33029
p 0 211 33029
x 0 33030
p 0 214 33030
x 0 33031
p 0 219 33031
x 0 33032
p 0 164 33032
x 0 33033
p 0 211 33033
x 0 33034
p 0 289 33034
x 0 33035
p 0 213 33035
x 0 33036
p 0 215 33036
x 0 33037
p 0 193 33037
x 0 33038
p 0 184 33038
x 0 33039
p 0 212 33039
x 0 33040
p 0 178 33040
x 0 33041
p 0 179 33041
x 0 33042
p 0 183 33042
x 0 33043
p 0 182 33043
x 0 33044
p 0 195 33044
x 0 33045
p 0 187 33045
x 0 33046
p 0 186 33046
x 0 33047
p 0 197 33047
x 0 33048
p 0 181 33048
x 0 33049
p 0 188 33049
x 0 33050
p 0 271 33050
x 0 33051
p 0 187 33051
x 0 33052
p 0 185 33052
x 0 33053
p 0 190 33053
x 0 33054
p 0 169 33054
x 0 33055
p 0 224 33055
x 0 33056
p 0 246 33056
x 0 33057
p 0 268 33057
x 0 33058
p 0 236 33058
x 0 33059
p 0 229 33059
x 0 33060
p 0 213 33060
x 0 33000
h 0 10.0.0.4
p 0 21226 33000
x 1 33001
h 1 10.0.0.4
p 1 222 33001
x 0 33002
p 0 211 33002
x 0 33003
p 0 155 33003
x 0 33004
p 0 212 33004
x 0 33005
p 0 216 33005
x 0 33006
p 0 179 33006
x 0 33007
p 0 190 33007
x 0 33008
p 0 210 33008
x 0 33009
p 0 179 33009
x 0 33010
p 0 179 33010
x 0 33011
p 0 178 33011
x 0 33012
p 0 176 33012
x 0 33013
p 0 181 33013
x 0 33014
p 0 180 33014
x 0 33015
p 0 177 33015
x 0 33016
p 0 179 33016
x 0 33017
p 0 179 33017
x 0 33018
p 0 293 33018
x 0 33019
p 0 219 33019
x 0 33020
p 0 210 33020
x 0 33021
p 0 211 33021
x 0 33022
p 0 305 33022
x 0 33023
p 0 219 33023
x 0 33024
p 0 223 33024
x 0 33025
p 0 162 33025
x 0 33026
p 0 219 33026
x 0 33027
p 0 164 33027
x 0 33028
p 0 223 33028
x 0 33029
p 0 216 33029
x 0 33030
p 0 221 33030
x 0 33031
p 0 220 33031
x 0 33032
p 0 160 33032
x 0 33033
p 0 220 33033
x 0 33034
p 0 219 33034
x 0 33035
p 0 164 33035
x 0 33036
p 0 220 33036
x 0 33037
p 0 162 33037
x 0 33038
p 0 220 33038
x 0 33039
p 0 163 33039
x 0 33040
p 0 220 33040
x 0 33041
p 0 219 33041
x 0 33042
p 0 160 33042
x 0 33043
p 0 219 33043
x 0 33044
p 0 161 33044
x 0 33045
p 0 221 33045
x 0 33046
p 0 169 33046
x 0 33047
p 0 219 33047
x 0 33048
p 0 221 33048
x 0 33049
p 0 221 33049
x 0 33050
p 0 223 33050
x 0 33051
p 0 223 33051
x 0 33052
p 0 160 33052
x 0 33053
p 0 168 33053
x 0 33054
p 0 228 33054
x 0 33055
p 0 222 33055
x 0 33056
p 0 169 33056
x 0 33057
p 0 223 33057
x 0 33058
p 0 224 33058
x 0 33059
p 0 223 33059
x 0 33060
p 0 239 33060
x 0 33000
h 0 10.0.0.4
p 0 19450 33000
x 1 33001
h 1 10.0.0.4
p 1 173 33001
x 0 33002
p 0 329 33002
x 0 33003
p 0 171 33003
x 0 33004
p 0 213 33004
x 0 33005
p 0 179 33005
x 0 33006
p 0 176 33006
x 0 33007
p 0 180 33007
x 0 33008
p 0 179 33008
x 0 33009
p 0 177 33009
x 0 33010
p 0 307 33010
x 0 33011
p 0 172 33011
x 0 33012
p 0 184 33012
x 0 33013
p 0 208 33013
x 0 33014
p 0 209 33014
x 0 33015
p 0 180 33015
x 0 33016
p 0 182 33016
x 0 33017
p 0 159 33017
x 0 33018
p 0 174 33018
x 0 33019
p 0 175 33019
x 0 33020
p 0 177 33020
x 0 33021
p 0 178 33021
x 0 33022
p 0 174 33022
x 0 33023
p 0 178 33023
x 0 33024
p 0 151 33024
x 0 33025
p 0 153 33025
x 0 33026
p 0 154 33026
x 0 33027
p 0 219 33027
x 0 33028
p 0 213 33028
x 0 33029
p 0 213 33029
x 0 33030
p 0 212 33030
x 0 33031
p 0 217 33031
x 0 33032
p 0 217 33032
x 0 33033
p 0 219 33033
x 0 33034
p 0 216 33034
x 0 33035
p 0 215 33035
x 0 33036
p 0 213 33036
x 0 33037
p 0 215 33037
x 0 33038
p 0 215 33038
x 0 33039
p 0 212 33039
x 0 33040
p 0 212 33040
x 0 33041
p 0 215 33041
x 0 33042
p 0 214 33042
x 0 33043
p 0 218 33043
x 0 33044
p 0 216 33044
x 0 33045
p 0 214 33045
x 0 33046
p 0 213 33046
x 0 33047
p 0 219 33047
x 0 33048
p 0 215 33048
x 0 33049
p 0 239 33049
x 0 33050
p 0 222 33050
x 0 33051
p 0 221 33051
x 0 33052
p 0 220 33052
x 0 33053
p 0 216 33053
x 0 33054
p 0 223 33054
x 0 33055
p 0 285 33055
x 0 33056
p 0 303 33056
x 0 33057
p 0 250 33057
x 0 33058
p 0 248 33058
x 0 33059
p 0 238 33059
x 0 33060
p 0 236 33060
x 0 33000
h 0 10.0.0.4
p 0 20420 33000
x 1 33001
h 1 10.0.0.4
p 1 220 33001
x 0 33002
p 0 209 33002
x 0 33003
p 0 209 33003
x 0 33004
p 0 211 33004
x 0 33005
p 0 212 33005
x 0 33006
p 0 239 33006
x 0 33007
p 0 209 33007
x 0 33008
p 0 211 33008
x 0 33009
p 0 211 33009
x 0 33010
p 0 207 33010
x 0 33011
p 0 176 33011
x 0 33012
p 0 177 33012
x 0 33013
p 0 180 33013
x 0 33014
p 0 208 33014
x 0 33015
p 0 179 33015
x 0 33016
p 0 176 33016
x 0 33017
p 0 177 33017
x 0 33018
p 0 175 33018
x 0 33019
p 0 177 33019
x 0 33020
p 0 177 33020
x 0 33021
p 0 211 33021
x 0 33022
p 0 178 33022
x 0 33023
p 0 178 33023
x 0 33024
p 0 176 33024
x 0 33025
p 0 232 33025
x 0 33026
p 0 176 33026
x 0 33027
p 0 176 33027
x 0 33028
p 0 150 33028
x 0 33029
p 0 210 33029
x 0 33030
p 0 200 33030
x 0 33031
p 0 213 33031
x 0 33032
p 0 157 33032
x 0 33033
p 0 153 33033
x 0 33034
p 0 269 33034
x 0 33035
p 0 216 33035
x 0 33036
p 0 151 33036
x 0 33037
p 0 152 33037
x 0 33038
p 0 158 33038
x 0 33039
p 0 188 33039
x 0 33040
p 0 214 33040
x 0 33041
p 0 216 33041
x 0 33042
p 0 214 33042
x 0 33043
p 0 213 33043
x 0 33044
p 0 258 33044
x 0 33045
p 0 202 33045
x 0 33046
p 0 214 33046
x 0 33047
p 0 276 33047
x 0 33048
p 0 253 33048
x 0 33049
p 0 241 33049
x 0 33050
p 0 373 33050
x 0 33051
p 0 231 33051
x 0 33052
p 0 263 33052
x 0 33053
p 0 267 33053
x 0 33054
p 0 222 33054
x 0 33055
p 0 191 33055
x 0 33056
p 0 183 33056
x 0 33057
p 0 186 33057
x 0 33058
p 0 243 33058
x 0 33059
p 0 230 33059
x 0 33060
p 0 248 33060
x 0 33000
h 0 10.0.0.4
p 0 20443 33000
x 1 33001
h 1 10.0.0.4
p 1 326 33001
x 0 33002
p 0 213 33002
x 0 33003
p 0 271 33003
x 0 33004
p 0 183 33004
x 0 33005
p 0 175 33005
x 0 33006
p 0 175 33006
x 0 33007
p 0 171 33007
x 0 33008
p 0 172 33008
x 0 33009
p 0 173 33009
x 0 33010
p 0 174 33010
x 0 33011
p 0 172 33011
x 0 33012
p 0 173 33012
x 0 33013
p 0 171 33013
x 0 33014
p 0 172 33014
x 0 33015
p 0 172 33015
x 0 33016
p 0 172 33016
x 0 33017
p 0 173 33017
x 0 33018
p 0 172 33018
x 0 33019
p 0 170 33019
x 0 33020
p 0 163 33020
x 0 33021
p 0 163 33021
x 0 33022
p 0 168 33022
x 0 33023
p 0 200 33023
x 0 33024
p 0 149 33024
x 0 33025
p 0 147 33025
x 0 33026
p 0 212 33026
x 0 33027
p 0 978 33027
x 0 33028
p 0 152 33028
x 0 33029
p 0 149 33029
x 0 33030
p 0 367 33030
x 0 33031
p 0 149 33031
x 0 33032
p 0 146 33032
x 0 33033
p 0 147 33033
x 0 33034
p 0 149 33034
x 0 33035
p 0 146 33035
x 0 33036
p 0 53 33036
x 0 33037
p 0 213 33037
x 0 33038
p 0 151 33038
x 0 33039
p 0 155 33039
x 0 33040
p 0 155 33040
x 0 33041
p 0 275 33041
x 0 33042
p 0 151 33042
x 0 33043
p 0 159 33043
x 0 33044
p 0 215 33044
x 0 33045
p 0 163 33045
x 0 33046
p 0 218 33046
x 0 33047
p 0 387 33047
x 0 33048
p 0 230 33048
x 0 33049
p 0 220 33049
x 0 33050
p 0 158 33050
x 0 33051
p 0 217 33051
x 0 33052
p 0 211 33052
x 0 33053
p 0 217 33053
x 0 33054
p 0 213 33054
x 0 33055
p 0 213 33055
x 0 33056
p 0 218 33056
x 0 33057
p 0 246 33057
x 0 33058
p 0 222 33058
x 0 33059
p 0 211 33059
x 0 33060
p 0 209 33060
x 0 33000
h 0 10.0.0.4
p 0 19998 33000
x 1 33001
h 1 10.0.0.4
p 1 259 33001
x 0 33002
p 0 212 33002
x 0 33003
p 0 216 33003
x 0 33004
p 0 217 33004
x 0 33005
p 0 181 33005
x 0 33006
p 0 180 33006
x 0 33007
p 0 181 33007
x 0 33008
p 0 211 33008
x 0 33009
p 0 60 33009
x 0 33010
p 0 173 33010
x 0 33011
p 0 168 33011
x 0 33012
p 0 166 33012
x 0 33013
p 0 164 33013
x 0 33014
p 0 168 33014
x 0 33015
p 0 171 33015
x 0 33016
p 0 147 33016
x 0 33017
p 0 194 33017
x 0 33018
p 0 212 33018
x 0 33019
p 0 170 33019
x 0 33020
p 0 179 33020
x 0 33021
p 0 175 33021
x 0 33022
p 0 175 33022
x 0 33023
p 0 255 33023
x 0 33024
p 0 215 33024
x 0 33025
p 0 157 33025
x 0 33026
p 0 157 33026
x 0 33027
p 0 157 33027
x 0 33028
p 0 163 33028
x 0 33029
p 0 140 33029
x 0 33030
p 0 160 33030
x 0 33031
p 0 151 33031
x 0 33032
p 0 158 33032
x 0 33033
p 0 256 33033
x 0 33034
p 0 226 33034
x 0 33035
p 0 226 33035
x 0 33036
p 0 314 33036
x 0 33037
p 0 224 33037
x 0 33038
p 0 221 33038
x 0 33039
p 0 251 33039
x 0 33040
p 0 229 33040
x 0 33041
p 0 223 33041
x 0 33042
p 0 225 33042
x 0 33043
p 0 220 33043
x 0 33044
p 0 223 33044
x 0 33045
p 0 226 33045
x 0 33046
p 0 259 33046
x 0 33047
p 0 256 33047
x 0 33048
p 0 87 33048
x 0 33049
p 0 230 33049
x 0 33050
p 0 218 33050
x 0 33051
p 0 216 33051
x 0 33052
p 0 215 33052
x 0 33053
p 0 239 33053
x 0 33054
p 0 219 33054
x 0 33055
p 0 234 33055
x 0 33056
p 0 335 33056
x 0 33057
p 0 315 33057
x 0 33058
p 0 279 33058
x 0 33059
p 0 232 33059
x 0 33060
p 0 240 33060
x 0 33000
h 0 10.0.0.4
p 0 20874 33000
x 1 33001
h 1 10.0.0.4
p 1 251 33001
x 0 33002
p 0 209 33002
x 0 33003
p 0 271 33003
x 0 33004
p 0 153 33004
x 0 33005
p 0 154 33005
x 0 33006
p 0 212 33006
x 0 33007
p 0 210 33007
x 0 33008
p 0 211 33008
x 0 33009
p 0 212 33009
x 0 33010
p 0 212 33010
x 0 33011
p 0 211 33011
x 0 33012
p 0 210 33012
x 0 33013
p 0 215 33013
x 0 33014
p 0 180 33014
x 0 33015
p 0 188 33015
x 0 33016
p 0 212 33016
x 0 33017
p 0 181 33017
x 0 33018
p 0 213 33018
x 0 33019
p 0 212 33019
x 0 33020
p 0 238 33020
x 0 33021
p 0 183 33021
x 0 33022
p 0 176 33022
x 0 33023
p 0 211 33023
x 0 33024
p 0 273 33024
x 0 33025
p 0 283 33025
x 0 33026
p 0 184 33026
x 0 33027
p 0 175 33027
x 0 33028
p 0 176 33028
x 0 33029
p 0 222 33029
x 0 33030
p 0 219 33030
x 0 33031
p 0 217 33031
x 0 33032
p 0 212 33032
x 0 33033
p 0 217 33033
x 0 33034
p 0 215 33034
x 0 33035
p 0 213 33035
x 0 33036
p 0 279 33036
x 0 33037
p 0 268 33037
x 0 33038
p 0 325 33038
x 0 33039
p 0 216 33039
x 0 33040
p 0 255 33040
x 0 33041
p 0 229 33041
x 0 33042
p 0 219 33042
x 0 33043
p 0 221 33043
x 0 33044
p 0 221 33044
x 0 33045
p 0 214 33045
x 0 33046
p 0 266 33046
x 0 33047
p 0 220 33047
x 0 33048
p 0 221 33048
x 0 33049
p 0 227 33049
x 0 33050
p 0 289 33050
x 0 33051
p 0 399 33051
x 0 33052
p 0 229 33052
x 0 33053
p 0 250 33053
x 0 33054
p 0 240 33054
x 0 33055
p 0 235 33055
x 0 33056
p 0 241 33056
x 0 33057
p 0 222 33057
x 0 33058
p 0 289 33058
x 0 33059
p 0 238 33059
x 0 33060
p 0 271 33060
x 0 33000
h 0 10.0.0.4
p 0 44206 33000
x 1 33001
h 1 10.0.0.4
p 1 238 33001
x 0 33002
p 0 213 33002
x 0 33003
p 0 216 33003
x 0 33004
p 0 212 33004
x 0 33005
p 0 212 33005
x 0 33006
p 0 217 33006
x 0 33007
p 0 209 33007
x 0 33008
p 0 212 33008
x 0 33009
p 0 211 33009
x 0 33010
p 0 188 33010
x 0 33011
p 0 209 33011
x 0 33012
p 0 213 33012
x 0 33013
p 0 210 33013
x 0 33014
p 0 181 33014
x 0 33015
p 0 197 33015
x 0 33016
p 0 209 33016
x 0 33017
p 0 238 33017
x 0 33018
p 0 183 33018
x 0 33019
p 0 182 33019
x 0 33020
p 0 181 33020
x 0 33021
p 0 215 33021
x 0 33022
p 0 233 33022
x 0 33023
p 0 182 33023
x 0 33024
p 0 184 33024
x 0 33025
p 0 132 33025
x 0 33026
p 0 212 33026
x 0 33027
p 0 211 33027
x 0 33028
p 0 213 33028
x 0 33029
p 0 183 33029
x 0 33030
p 0 210 33030
x 0 33031
p 0 209 33031
x 0 33032
p 0 207 33032
x 0 33033
p 0 209 33033
x 0 33034
p 0 209 33034
x 0 33035
p 0 213 33035
x 0 33036
p 0 215 33036
x 0 33037
p 0 115 33037
x 0 33038
p 0 214 33038
x 0 33039
p 0 213 33039
x 0 33040
p 0 209 33040
x 0 33041
p 0 302 33041
x 0 33042
p 0 216 33042
x 0 33043
p 0 215 33043
x 0 33044
p 0 301 33044
x 0 33045
p 0 305 33045
x 0 33046
p 0 301 33046
x 0 33047
p 0 163 33047
x 0 33048
p 0 211 33048
x 0 33049
p 0 212 33049
x 0 33050
p 0 256 33050
x 0 33051
p 0 211 33051
x 0 33052
p 0 211 33052
x 0 33053
p 0 210 33053
x 0 33054
p 0 212 33054
x 0 33055
p 0 227 33055
x 0 33056
p 0 226 33056
x 0 33057
p 0 218 33057
x 0 33058
p 0 230 33058
x 0 33059
p 0 231 33059
x 0 33060
p 0 272 33060
x 0 33000
h 0 10.0.0.4
p 0 20795 33000
x 1 33001
h 1 10.0.0.4
p 1 221 33001
x 0 33002
p 0 216 33002
x 0 33003
p 0 220 33003
x 0 33004
p 0 217 33004
x 0 33005
p 0 219 33005
x 0 33006
p 0 257 33006
x 0 33007
p 0 279 33007
x 0 33008
p 0 212 33008
x 0 33009
p 0 215 33009
x 0 33010
p 0 214 33010
x 0 33011
p 0 211 33011
x 0 33012
p 0 212 33012
x 0 33013
p 0 213 33013
x 0 33014
p 0 199 33014
x 0 33015
p 0 212 33015
x 0 33016
p 0 211 33016
x 0 33017
p 0 210 33017
x 0 33018
p 0 212 33018
x 0 33019
p 0 211 33019
x 0 33020
p 0 207 33020
x 0 33021
p 0 209 33021
x 0 33022
p 0 208 33022
x 0 33023
p 0 210 33023
x 0 33024
p 0 312 33024
x 0 33025
p 0 182 33025
x 0 33026
p 0 291 33026
x 0 33027
p 0 213 33027
x 0 33028
p 0 216 33028
x 0 33029
p 0 215 33029
x 0 33030
p 0 217 33030
x 0 33031
p 0 214 33031
x 0 33032
p 0 210 33032
x 0 33033
p 0 64 33033
x 0 33034
p 0 219 33034
x 0 33035
p 0 125 33035
x 0 33036
p 0 164 33036
x 0 33037
p 0 161 33037
x 0 33038
p 0 215 33038
x 0 33039
p 0 159 33039
x 0 33040
p 0 192 33040
x 0 33041
p 0 160 33041
x 0 33042
p 0 212 33042
x 0 33043
p 0 271 33043
x 0 33044
p 0 213 33044
x 0 33045
p 0 211 33045
x 0 33046
p 0 211 33046
x 0 33047
p 0 211 33047
x 0 33048
p 0 211 33048
x 0 33049
p 0 211 33049
x 0 33050
p 0 212 33050
x 0 33051
p 0 211 33051
x 0 33052
p 0 219 33052
x 0 33053
p 0 209 33053
x 0 33054
p 0 211 33054
x 0 33055
p 0 223 33055
x 0 33056
p 0 218 33056
x 0 33057
p 0 249 33057
x 0 33058
p 0 221 33058
x 0 33059
p 0 220 33059
x 0 33060
p 0 229 33060
x 0 33000
h 0 10.0.0.4
p 0 21222 33000
x 1 33001
h 1 10.0.0.4
p 1 264 33001
x 0 33002
p 0 225 33002
x 0 33003
p 0 194 33003
x 0 33004
p 0 323 33004
x 0 33005
p 0 214 33005
x 0 33006
p 0 211 33006
x 0 33007
p 0 212 33007
x 0 33008
p 0 210 33008
x 0 33009
p 0 211 33009
x 0 33010
p 0 211 33010
x 0 33011
p 0 212 33011
x 0 33012
p 0 211 33012
x 0 33013
p 0 212 33013
x 0 33014
p 0 212 33014
x 0 33015
p 0 164 33015
x 0 33016
p 0 212 33016
x 0 33017
p 0 212 33017
x 0 33018
p 0 210 33018
x 0 33019
p 0 295 33019
x 0 33020
p 0 209 33020
x 0 33021
p 0 209 33021
x 0 33022
p 0 209 33022
x 0 33023
p 0 210 33023
x 0 33024
p 0 207 33024
x 0 33025
p 0 208 33025
x 0 33026
p 0 207 33026
x 0 33027
p 0 181 33027
x 0 33028
p 0 187 33028
x 0 33029
p 0 180 33029
x 0 33030
p 0 232 33030
x 0 33031
p 0 177 33031
x 0 33032
p 0 245 33032
x 0 33033
p 0 211 33033
x 0 33034
p 0 213 33034
x 0 33035
p 0 284 33035
x 0 33036
p 0 210 33036
x 0 33037
p 0 216 33037
x 0 33038
p 0 211 33038
x 0 33039
p 0 240 33039
x 0 33040
p 0 241 33040
x 0 33041
p 0 245 33041
x 0 33042
p 0 336 33042
x 0 33043
p 0 265 33043
x 0 33044
p 0 202 33044
x 0 33045
p 0 384 33045
x 0 33046
p 0 415 33046
x 0 33047
p 0 290 33047
x 0 33048
p 0 286 33048
x 0 33049
p 0 607 33049
x 0 33050
p 0 218 33050
x 0 33051
p 0 219 33051
x 0 33052
p 0 222 33052
x 0 33053
p 0 224 33053
x 0 33054
p 0 256 33054
x 0 33055
p 0 238 33055
x 0 33056
p 0 228 33056
x 0 33057
p 0 232 33057
x 0 33058
p 0 236 33058
x 0 33059
p 0 243 33059
x 0 33060
p 0 247 33060
x 0 33000
h 0 10.0.0.4
p 0 19956 33000
x 1 33001
h 1 10.0.0.4
p 1 223 33001
x 0 33002
p 0 189 33002
x 0 33003
p 0 184 33003
x 0 33004
p 0 195 33004
x 0 33005
p 0 212 33005
x 0 33006
p 0 199 33006
x 0 33007
p 0 181 33007
x 0 33008
p 0 180 33008
x 0 33009
p 0 323 33009
x 0 33010
p 0 332 33010
x 0 33011
p 0 329 33011
x 0 33012
p 0 217 33012
x 0 33013
p 0 207 33013
x 0 33014
p 0 186 33014
x 0 33015
p 0 209 33015
x 0 33016
p 0 177 33016
x 0 33017
p 0 291 33017
x 0 33018
p 0 179 33018
x 0 33019
p 0 133 33019
x 0 33020
p 0 211 33020
x 0 33021
p 0 178 33021
x 0 33022
p 0 162 33022
x 0 33023
p 0 174 33023
x 0 33024
p 0 176 33024
x 0 33025
p 0 180 33025
x 0 33026
p 0 179 33026
x 0 33027
p 0 173 33027
x 0 33028
p 0 155 33028
x 0 33029
p 0 167 33029
x 0 33030
p 0 193 33030
x 0 33031
p 0 155 33031
x 0 33032
p 0 210 33032
x 0 33033
p 0 269 33033
x 0 33034
p 0 174 33034
x 0 33035
p 0 220 33035
x 0 33036
p 0 219 33036
x 0 33037
p 0 223 33037
x 0 33038
p 0 237 33038
x 0 33039
p 0 324 33039
x 0 33040
p 0 225 33040
x 0 33041
p 0 360 33041
x 0 33042
p 0 323 33042
x 0 33043
p 0 223 33043
x 0 33044
p 0 222 33044
x 0 33045
p 0 215 33045
x 0 33046
p 0 320 33046
x 0 33047
p 0 212 33047
x 0 33048
p 0 213 33048
x 0 33049
p 0 212 33049
x 0 33050
p 0 213 33050
x 0 33051
p 0 210 33051
x 0 33052
p 0 211 33052
x 0 33053
p 0 227 33053
x 0 33054
p 0 212 33054
x 0 33055
p 0 318 33055
x 0 33056
p 0 316 33056
x 0 33057
p 0 309 33057
x 0 33058
p 0 227 33058
x 0 33059
p 0 364 33059
x 0 33060
p 0 249 33060
