x 0 33000
x 1 33001
x 2 33002
x 3 33003
x 4 33004
x 5 33005
x 6 33006
x 7 33007
x 8 33008
x 9 33009
x 10 33010
x 11 33011
x 12 33012
x 13 33013
x 0 33014
x 1 33015
x 2 33016
x 3 33017
x 4 33018
x 5 33019
x 6 33020
x 7 33021
x 8 33022
x 9 33023
x 10 33024
x 11 33025
x 12 33026
x 13 33027
x 0 33028
x 1 33029
x 2 33030
x 3 33031
x 4 33032
x 5 33033
x 6 33034
x 7 33035
x 8 33036
x 9 33037
h 0 10.0.0.2
p 0 3055481 33000
h 1 10.0.0.2
p 1 2955422 33001
h 2 10.0.0.2
p 2 2855278 33002
h 3 10.0.0.2
p 3 2754835 33003
h 4 10.0.0.2
p 4 2654954 33004
h 5 10.0.0.2
p 5 2554731 33005
h 6 10.0.0.2
p 6 2454616 33006
h 7 10.0.0.2
p 7 2354425 33007
h 8 10.0.0.2
p 8 2254254 33008
h 9 10.0.0.2
p 9 2153950 33009
h 10 10.0.0.2
p 10 2053813 33010
h 11 10.0.0.2
p 11 1953532 33011
h 12 10.0.0.2
p 12 1853271 33012
h 13 10.0.0.2
p 13 1752950 33013
p 0 1651155 33014
p 1 1579537 33015
p 2 1507905 33016
p 3 1436249 33017
p 4 1364648 33018
p 5 1292990 33019
p 6 1221401 33020
p 7 1149809 33021
p 8 1078229 33022
p 9 1006603 33023
x 10 33038
x 11 33039
x 12 33040
x 13 33041
x 14 33042
x 15 33043
x 16 33044
x 17 33045
x 18 33046
x 19 33047
x 20 33048
x 21 33049
x 22 33050
x 23 33051
x 24 33052
x 25 33053
x 26 33054
x 27 33055
x 0 33056
x 1 33057
x 2 33058
x 3 33059
x 4 33060
x 5 33061
x 6 33062
x 7 33063
x 8 33064
x 9 33065
x 10 33066
x 11 33067
x 12 33068
x 13 33069
x 14 33070
x 15 33071
x 16 33072
x 17 33073
x 18 33074
x 19 33075
x 20 33076
x 21 33077
x 22 33078
x 23 33079
x 24 33080
x 25 33081
x 26 33082
x 27 33083
x 0 33084
x 1 33085
x 2 33086
x 3 33087
x 4 33088
x 5 33089
x 6 33090
x 7 33091
x 8 33092
x 9 33093
x 10 33094
x 11 33095
x 12 33096
x 13 33097
x 14 33098
x 15 33099
x 16 33100
x 17 33101
x 18 33102
x 19 33103
p 10 3003979 33038
x 20 33104
x 21 33105
x 22 33106
x 23 33107
x 24 33108
x 25 33109
x 26 33110
x 27 33111
x 0 33112
x 1 33113
x 2 33114
x 3 33115
x 4 33116
x 5 33117
x 6 33118
x 7 33119
x 8 33120
x 9 33121
x 10 33122
x 11 33123
x 12 33124
x 13 33125
x 14 33126
x 15 33127
x 16 33128
x 17 33129
x 18 33130
x 19 33131
x 20 33132
x 21 33133
x 22 33134
x 23 33135
x 24 33136
x 25 33137
x 26 33138
x 27 33139
x 0 33140
x 1 33141
x 2 33142
x 3 33143
x 4 33144
x 5 33145
x 6 33146
x 7 33147
x 8 33148
x 9 33149
x 10 33150
x 11 33151
x 12 33152
x 13 33153
x 14 33154
x 15 33155
x 16 33156
x 17 33157
x 18 33158
x 19 33159
x 20 33160
x 21 33161
x 22 33162
x 23 33163
x 24 33164
x 25 33165
x 26 33166
x 27 33167
x 0 33168
x 1 33169
x 2 33170
x 3 33171
x 4 33172
x 5 33173
x 6 33174
x 7 33175
x 8 33176
x 9 33177
x 10 33178
x 11 33179
x 12 33180
x 13 33181
x 14 33182
x 15 33183
x 16 33184
x 17 33185
x 18 33186
x 19 33187
x 20 33188
x 21 33189
x 22 33190
x 23 33191
x 24 33192
x 25 33193
x 26 33194
x 27 33195
x 0 33196
h 0 10.0.0.9
p 0 25861 33196
x 1 33197
h 1 10.0.0.9
p 1 833 33197
p 1 1013974 33169
p 1 3027426 33113
x 2 33198
h 2 10.0.0.9
p 2 176 33198
p 2 1014335 33170
p 2 3027668 33114
x 3 33199
h 3 10.0.0.9
p 3 152 33199
p 3 1010013 33171
p 3 3023168 33115
h 4 10.0.0.9
p 4 1002087 33172
x 4 33200
p 4 116 33200
p 4 3047374 33116
x 5 33201
h 5 10.0.0.9
p 5 175 33201
p 5 1030421 33173
p 1 7167947 33029
p 5 3044201 33117
p 2 7097037 33030
p 0 7240575 33028
x 6 33202
h 6 10.0.0.9
p 6 200 33202
p 6 1026677 33174
p 6 3039504 33118
x 7 33203
h 7 10.0.0.9
p 7 133 33203
p 7 1022882 33175
p 7 3031595 33119
x 8 33204
h 8 10.0.0.9
p 8 125 33204
p 8 1022916 33176
p 8 3035779 33120
x 9 33205
h 9 10.0.0.9
p 9 114 33205
p 9 1019247 33177
p 9 3031819 33121
x 10 33206
h 10 10.0.0.9
p 10 143 33206
p 10 1011317 33178
p 10 3024141 33122
x 11 33207
h 11 10.0.0.9
p 11 115 33207
p 11 1022695 33179
p 11 3035059 33123
x 12 33208
h 12 10.0.0.9
p 12 172 33208
p 12 1003589 33180
p 12 3048304 33124
x 13 33209
h 13 10.0.0.9
p 13 142 33209
p 6 7069560 33034
p 5 7141219 33033
p 4 7212915 33032
p 3 7284505 33031
p 13 1031846 33181
p 13 3043715 33125
x 14 33210
h 14 10.0.0.9
p 14 148 33210
p 14 1028068 33182
p 14 3039604 33126
x 15 33211
h 15 10.0.0.9
p 15 198 33211
p 15 1023855 33183
p 15 3035773 33127
h 16 10.0.0.9
p 16 1020411 33184
p 16 3032188 33128
x 0 33212
p 0 295 33212
h 17 10.0.0.9
p 17 1015109 33185
p 17 3028541 33129
p 10 7968132 33024
h 18 10.0.0.9
p 18 1015059 33186
p 18 3027997 33130
x 1 33213
p 1 110 33213
p 11 7918420 33025
h 19 10.0.0.9
p 19 1010829 33187
p 19 3023660 33131
p 12 7868773 33026
p 13 7819856 33027
p 9 7106906 33037
h 20 10.0.0.9
p 20 1003856 33188
p 8 7178801 33036
p 7 7250415 33035
x 2 33214
p 2 108 33214
p 20 3047976 33132
h 21 10.0.0.9
p 21 1031338 33189
p 21 3043988 33133
x 3 33215
p 3 126 33215
h 22 10.0.0.9
p 22 3039064 33134
p 22 1027948 33190
h 23 10.0.0.9
p 23 1027748 33191
p 23 3040153 33135
x 4 33216
p 4 92 33216
h 24 10.0.0.9
p 24 1020121 33192
p 24 3031527 33136
h 25 10.0.0.9
p 25 1015754 33193
p 25 3028424 33137
x 5 33217
p 5 119 33217
h 26 10.0.0.9
p 26 1016215 33194
p 26 3027747 33138
h 27 10.0.0.9
p 27 3020734 33139
p 13 7076407 33041
p 12 7148109 33040
p 11 7219775 33039
p 27 1008849 33195
x 6 33218
p 6 97 33218
x 7 33219
p 7 115 33219
p 0 3051812 33140
p 1 3044014 33141
p 14 7115217 33042
x 8 33220
p 8 114 33220
p 2 3039911 33142
p 15 7061650 33043
p 16 7013030 33044
p 3 3040299 33143
x 9 33221
p 9 91 33221
p 17 6966578 33045
p 4 3032185 33144
p 18 6935762 33046
x 10 33222
p 10 154 33222
p 5 3032574 33145
p 19 6884180 33047
p 6 3024621 33146
p 20 6835007 33048
p 21 6786170 33049
x 11 33223
p 11 102 33223
p 7 3024418 33147
p 22 6751930 33050
p 8 3020754 33148
p 23 6698017 33051
x 12 33224
p 12 113 33224
p 24 6648089 33052
p 9 3044562 33149
p 25 6608174 33053
x 13 33225
p 13 118 33225
p 10 3041298 33150
p 26 6567724 33054
p 11 3037801 33151
p 27 6531907 33055
x 14 33226
p 14 126 33226
p 0 6479125 33056
p 12 3033731 33152
p 1 6470533 33057
p 13 3029277 33153
p 2 6457795 33058
x 0 33227
p 0 116 33227
p 14 3029218 33154
p 15 3021238 33155
p 3 6488300 33059
p 16 3017711 33156
x 1 33228
p 1 115 33228
p 4 6480258 33060
p 17 3045366 33157
x 2 33229
p 2 130 33229
p 18 3041818 33158
p 5 6538870 33061
p 19 3038218 33159
x 3 33230
p 3 142 33230
p 20 3034430 33160
p 6 6568490 33062
p 21 3034514 33161
x 4 33231
p 4 132 33231
p 7 6576118 33063
p 22 3026694 33162
p 8 6575788 33064
p 23 3022843 33163
x 5 33232
p 5 125 33232
p 24 3018914 33164
p 9 6590363 33065
x 6 33233
p 6 128 33233
p 10 6592304 33066
p 25 3051126 33165
p 26 3046233 33166
p 11 6613737 33067
x 7 33234
p 7 126 33234
p 27 3037569 33167
p 12 6599026 33068
p 0 3033542 33168
x 8 33235
p 8 172 33235
p 13 6616664 33069
p 14 6642126 33070
x 9 33236
p 9 120 33236
p 15 6645927 33071
x 10 33237
p 10 102 33237
p 16 6632395 33072
p 17 6630251 33073
x 11 33238
p 11 148 33238
p 18 6627031 33074
p 19 6620401 33075
p 20 6592472 33076
x 12 33239
p 12 139 33239
p 21 6597520 33077
p 22 6576487 33078
p 23 6552700 33079
p 24 6525364 33080
x 13 33240
p 13 120 33240
p 25 6505590 33081
p 26 6486152 33082
p 27 6467375 33083
p 0 6442846 33084
x 14 33241
p 14 146 33241
p 1 6437744 33085
p 2 6410463 33086
p 3 6386170 33087
p 4 6360962 33088
x 0 33242
p 0 113 33242
p 5 6343961 33089
p 6 6324008 33090
p 7 6306373 33091
p 8 6282267 33092
p 9 6265526 33093
x 1 33243
p 1 105 33243
p 10 6249322 33094
p 11 6224700 33095
p 12 6200194 33096
p 13 6180656 33097
x 2 33244
p 2 107 33244
p 14 6155286 33098
p 15 6136920 33099
p 16 6111716 33100
p 17 6093876 33101
x 3 33245
p 3 115 33245
p 18 6077873 33102
p 19 6053745 33103
p 20 6030067 33104
p 21 6005735 33105
p 22 5980937 33106
p 23 5962739 33107
x 4 33246
p 4 137 33246
p 24 5937715 33108
p 25 5919333 33109
p 26 5904843 33110
p 27 5877744 33111
x 5 33247
p 5 114 33247
p 0 5853489 33112
x 6 33248
p 6 119 33248
x 7 33249
p 7 152 33249
x 8 33250
p 8 233 33250
x 9 33251
p 9 126 33251
x 10 33252
p 10 111 33252
x 11 33253
p 11 117 33253
x 12 33254
p 12 116 33254
x 13 33255
p 13 126 33255
x 14 33256
p 14 115 33256
x 0 33257
p 0 146 33257
x 1 33258
p 1 181 33258
x 2 33259
p 2 214 33259
x 3 33260
p 3 252 33260
x 4 33261
p 4 179 33261
x 5 33262
p 5 185 33262
x 6 33263
p 6 274 33263
x 7 33264
p 7 143 33264
x 8 33265
p 8 173 33265
x 9 33266
p 9 230 33266
x 10 33267
p 10 115 33267
x 11 33268
p 11 213 33268
x 12 33269
p 12 170 33269
x 13 33270
p 13 160 33270
x 14 33271
p 14 146 33271
x 0 33272
p 0 170 33272
x 1 33273
p 1 96 33273
x 2 33274
p 2 161 33274
x 3 33275
p 3 263 33275
x 4 33276
p 4 243 33276
x 5 33277
p 5 223 33277
x 6 33278
p 6 221 33278
x 7 33279
p 7 246 33279
x 8 33280
p 8 210 33280
x 9 33281
p 9 210 33281
x 10 33282
p 10 209 33282
x 11 33283
p 11 209 33283
x 12 33284
p 12 211 33284
x 13 33285
p 13 215 33285
x 14 33286
p 14 210 33286
x 0 33287
p 0 209 33287
x 1 33288
p 1 132 33288
x 2 33289
p 2 211 33289
x 3 33290
p 3 209 33290
x 4 33291
p 4 208 33291
x 5 33292
p 5 208 33292
x 6 33293
p 6 207 33293
x 7 33294
p 7 209 33294
x 8 33295
p 8 208 33295
x 9 33296
p 9 245 33296
x 10 33297
p 10 209 33297
x 11 33298
p 11 209 33298
x 12 33299
p 12 208 33299
x 13 33300
p 13 217 33300
x 14 33301
p 14 208 33301
x 0 33302
p 0 209 33302
x 1 33303
p 1 210 33303
x 2 33304
p 2 203 33304
x 3 33305
p 3 208 33305
x 4 33306
p 4 206 33306
x 5 33307
p 5 205 33307
x 6 33308
p 6 206 33308
x 7 33309
p 7 219 33309
x 8 33310
p 8 205 33310
x 9 33311
p 9 207 33311
x 10 33312
p 10 208 33312
x 11 33313
p 11 205 33313
x 12 33314
p 12 239 33314
x 13 33315
p 13 205 33315
x 14 33316
p 14 203 33316
x 0 33317
p 0 207 33317
x 1 33318
p 1 203 33318
x 2 33319
p 2 203 33319
x 3 33320
p 3 203 33320
x 4 33321
p 4 203 33321
x 5 33322
p 5 206 33322
x 6 33323
p 6 202 33323
x 7 33324
p 7 204 33324
x 8 33325
p 8 203 33325
x 9 33326
p 9 205 33326
x 10 33327
p 10 205 33327
x 11 33328
p 11 231 33328
x 12 33329
p 12 203 33329
x 13 33330
p 13 176 33330
x 14 33331
p 14 205 33331
x 0 33332
p 0 203 33332
x 1 33333
p 1 203 33333
x 2 33334
p 2 203 33334
x 3 33335
p 3 233 33335
x 4 33336
p 4 203 33336
x 5 33337
p 5 202 33337
x 6 33338
p 6 203 33338
x 7 33339
p 7 235 33339
x 8 33340
p 8 203 33340
x 9 33341
p 9 206 33341
x 10 33342
p 10 203 33342
x 11 33343
p 11 202 33343
x 12 33344
p 12 203 33344
x 13 33345
p 13 228 33345
x 14 33346
p 14 202 33346
x 0 33347
p 0 203 33347
x 1 33348
p 1 202 33348
x 2 33349
p 2 202 33349
x 3 33350
p 3 202 33350
x 4 33351
p 4 203 33351
x 5 33352
p 5 204 33352
x 6 33353
p 6 203 33353
x 7 33354
p 7 203 33354
x 8 33355
p 8 202 33355
x 9 33356
p 9 236 33356
x 10 33357
p 10 204 33357
x 11 33358
p 11 203 33358
x 12 33359
p 12 204 33359
x 13 33360
p 13 205 33360
x 14 33361
p 14 203 33361
x 0 33362
p 0 210 33362
x 1 33363
p 1 255 33363
x 2 33364
p 2 204 33364
x 3 33365
p 3 205 33365
x 4 33366
p 4 203 33366
x 5 33367
p 5 202 33367
x 6 33368
p 6 204 33368
x 7 33369
p 7 203 33369
x 8 33370
p 8 241 33370
x 9 33371
p 9 202 33371
x 10 33372
p 10 204 33372
x 11 33373
p 11 202 33373
x 12 33374
p 12 204 33374
x 13 33375
p 13 244 33375
x 14 33376
p 14 292 33376
x 0 33377
p 0 208 33377
x 1 33378
p 1 210 33378
x 2 33379
p 2 205 33379
x 3 33380
p 3 233 33380
x 4 33381
p 4 203 33381
x 5 33382
p 5 202 33382
x 6 33383
p 6 202 33383
x 7 33384
p 7 202 33384
x 8 33385
p 8 204 33385
x 9 33386
p 9 201 33386
x 10 33387
p 10 230 33387
x 11 33388
p 11 203 33388
x 12 33389
p 12 202 33389
x 13 33390
p 13 203 33390
x 14 33391
p 14 202 33391
x 0 33392
p 0 208 33392
x 1 33393
p 1 202 33393
x 2 33394
p 2 202 33394
x 3 33395
p 3 202 33395
x 4 33396
p 4 202 33396
x 5 33397
p 5 206 33397
x 6 33398
p 6 204 33398
x 7 33399
p 7 202 33399
x 8 33400
p 8 203 33400
x 9 33401
p 9 202 33401
x 10 33402
p 10 201 33402
x 11 33403
p 11 202 33403
x 12 33404
p 12 201 33404
x 13 33405
p 13 204 33405
x 14 33406
p 14 200 33406
x 0 33407
p 0 204 33407
x 1 33408
p 1 203 33408
x 2 33409
p 2 202 33409
x 3 33410
p 3 202 33410
x 4 33411
p 4 200 33411
x 5 33412
p 5 202 33412
x 6 33413
p 6 202 33413
x 7 33414
p 7 202 33414
x 8 33415
p 8 202 33415
x 9 33416
p 9 256 33416
x 10 33417
p 10 200 33417
x 11 33418
p 11 206 33418
x 12 33419
p 12 203 33419
x 13 33420
p 13 203 33420
x 14 33421
p 14 205 33421
x 0 33422
p 0 204 33422
x 1 33423
p 1 243 33423
x 2 33424
p 2 202 33424
x 3 33425
p 3 201 33425
x 4 33426
p 4 204 33426
x 5 33427
p 5 204 33427
x 6 33428
p 6 202 33428
x 7 33429
p 7 201 33429
x 8 33430
p 8 233 33430
x 9 33431
p 9 201 33431
x 10 33432
p 10 199 33432
x 11 33433
p 11 202 33433
x 12 33434
p 12 204 33434
x 13 33435
p 13 200 33435
x 14 33436
p 14 202 33436
x 0 33437
p 0 206 33437
x 1 33438
p 1 220 33438
x 2 33439
p 2 207 33439
x 3 33440
p 3 227 33440
x 4 33441
p 4 203 33441
x 5 33442
p 5 300 33442
x 6 33443
p 6 205 33443
x 7 33444
p 7 201 33444
x 8 33445
p 8 202 33445
x 9 33446
p 9 203 33446
x 10 33447
p 10 260 33447
x 11 33448
p 11 209 33448
x 12 33449
p 12 205 33449
x 13 33450
p 13 205 33450
x 14 33451
p 14 202 33451
x 0 33452
p 0 206 33452
x 1 33453
p 1 210 33453
x 2 33454
p 2 232 33454
x 3 33455
p 3 203 33455
x 4 33456
p 4 203 33456
x 5 33457
p 5 207 33457
x 6 33458
p 6 202 33458
x 7 33459
p 7 203 33459
x 8 33460
p 8 202 33460
x 9 33461
p 9 237 33461
x 10 33462
p 10 203 33462
x 11 33463
p 11 203 33463
x 12 33464
p 12 203 33464
x 13 33465
p 13 206 33465
x 14 33466
p 14 202 33466
x 0 33467
p 0 207 33467
x 1 33468
p 1 234 33468
x 2 33469
p 2 155 33469
x 3 33470
p 3 231 33470
x 4 33471
p 4 255 33471
x 5 33472
p 5 269 33472
x 6 33473
p 6 264 33473
x 7 33474
p 7 257 33474
x 8 33475
p 8 271 33475
x 9 33476
p 9 211 33476
x 10 33477
p 10 218 33477
x 11 33478
p 11 211 33478
x 12 33479
p 12 244 33479
x 13 33480
p 13 212 33480
x 14 33481
p 14 209 33481
x 0 33482
p 0 214 33482
x 1 33483
p 1 210 33483
x 2 33484
p 2 209 33484
x 3 33485
p 3 210 33485
x 4 33486
p 4 261 33486
x 5 33487
p 5 210 33487
x 6 33488
p 6 215 33488
x 7 33489
p 7 209 33489
x 8 33490
p 8 215 33490
x 9 33491
p 9 207 33491
x 10 33492
p 10 209 33492
x 11 33493
p 11 241 33493
x 12 33494
p 12 209 33494
x 13 33495
p 13 211 33495
x 14 33496
p 14 208 33496
x 0 33497
p 0 212 33497
x 1 33498
p 1 207 33498
x 2 33499
p 2 209 33499
x 3 33500
p 3 244 33500
x 4 33501
p 4 209 33501
x 5 33502
p 5 209 33502
x 6 33503
p 6 208 33503
x 7 33504
p 7 208 33504
x 8 33505
p 8 206 33505
x 9 33506
p 9 207 33506
x 10 33507
p 10 256 33507
x 11 33508
p 11 209 33508
x 12 33509
p 12 212 33509
x 13 33510
p 13 211 33510
x 14 33511
p 14 192 33511
x 0 33512
p 0 121 33512
x 1 33513
p 1 214 33513
x 2 33514
p 2 216 33514
x 3 33515
p 3 473 33515
x 4 33516
p 4 202 33516
x 5 33517
p 5 210 33517
x 6 33518
p 6 211 33518
x 7 33519
p 7 208 33519
x 8 33520
p 8 209 33520
x 9 33521
p 9 209 33521
x 10 33522
p 10 210 33522
x 11 33523
p 11 210 33523
x 12 33524
p 12 210 33524
x 13 33525
p 13 212 33525
x 14 33526
p 14 211 33526
x 0 33527
p 0 211 33527
x 1 33528
p 1 216 33528
x 2 33529
p 2 211 33529
x 3 33530
p 3 210 33530
x 4 33531
p 4 210 33531
x 5 33532
p 5 210 33532
x 6 33533
p 6 210 33533
x 7 33534
p 7 210 33534
x 8 33535
p 8 209 33535
x 9 33536
p 9 211 33536
x 10 33537
p 10 208 33537
x 11 33538
p 11 210 33538
x 12 33539
p 12 210 33539
x 13 33540
p 13 211 33540
x 14 33541
p 14 243 33541
x 0 33542
p 0 216 33542
x 1 33543
p 1 212 33543
x 2 33544
p 2 211 33544
x 3 33545
p 3 210 33545
x 4 33546
p 4 209 33546
x 5 33547
p 5 212 33547
x 6 33548
p 6 243 33548
x 7 33549
p 7 209 33549
x 8 33550
p 8 306 33550
x 9 33551
p 9 208 33551
x 10 33552
p 10 210 33552
x 11 33553
p 11 211 33553
x 12 33554
p 12 209 33554
x 13 33555
p 13 240 33555
x 14 33556
p 14 209 33556
x 0 33557
p 0 212 33557
x 1 33558
p 1 210 33558
x 2 33559
p 2 209 33559
x 3 33560
p 3 211 33560
x 4 33561
p 4 210 33561
x 5 33562
p 5 81 33562
x 6 33563
p 6 212 33563
x 7 33564
p 7 210 33564
x 8 33565
p 8 216 33565
x 9 33566
p 9 243 33566
x 10 33567
p 10 209 33567
x 11 33568
p 11 211 33568
x 12 33569
p 12 210 33569
x 13 33570
p 13 211 33570
x 14 33571
p 14 210 33571
x 0 33572
p 0 217 33572
x 1 33573
p 1 268 33573
x 2 33574
p 2 210 33574
x 3 33575
p 3 207 33575
x 4 33576
p 4 209 33576
x 5 33577
p 5 214 33577
x 6 33578
p 6 212 33578
x 7 33579
p 7 207 33579
x 8 33580
p 8 296 33580
x 9 33581
p 9 212 33581
x 10 33582
p 10 208 33582
x 11 33583
p 11 212 33583
x 12 33584
p 12 213 33584
x 13 33585
p 13 208 33585
x 14 33586
p 14 207 33586
x 0 33587
p 0 103 33587
x 1 33588
p 1 211 33588
x 2 33589
p 2 209 33589
x 3 33590
p 3 208 33590
x 4 33591
p 4 212 33591
x 5 33592
p 5 210 33592
x 6 33593
p 6 207 33593
x 7 33594
p 7 246 33594
x 8 33595
p 8 209 33595
x 9 33596
p 9 209 33596
x 10 33597
p 10 208 33597
x 11 33598
p 11 223 33598
x 12 33599
p 12 209 33599
x 13 33600
p 13 209 33600
x 14 33601
p 14 210 33601
x 0 33602
p 0 209 33602
x 1 33603
p 1 213 33603
x 2 33604
p 2 239 33604
x 3 33605
p 3 212 33605
x 4 33606
p 4 208 33606
x 5 33607
p 5 209 33607
x 6 33608
p 6 215 33608
x 7 33609
p 7 209 33609
x 8 33610
p 8 209 33610
x 9 33611
p 9 239 33611
x 10 33612
p 10 208 33612
x 11 33613
p 11 209 33613
x 12 33614
p 12 207 33614
x 13 33615
p 13 210 33615
x 14 33616
p 14 210 33616
x 0 33617
p 0 210 33617
x 1 33618
p 1 241 33618
x 2 33619
p 2 208 33619
x 3 33620
p 3 208 33620
x 4 33621
p 4 210 33621
x 5 33622
p 5 208 33622
x 6 33623
p 6 206 33623
x 7 33624
p 7 209 33624
x 8 33625
p 8 208 33625
x 9 33626
p 9 208 33626
x 10 33627
p 10 206 33627
x 11 33628
p 11 207 33628
x 12 33629
p 12 208 33629
x 13 33630
p 13 209 33630
x 14 33631
p 14 208 33631
x 0 33632
p 0 207 33632
x 1 33633
p 1 210 33633
x 2 33634
p 2 209 33634
x 3 33635
p 3 209 33635
x 4 33636
p 4 207 33636
x 5 33637
p 5 208 33637
x 6 33638
p 6 207 33638
x 7 33639
p 7 208 33639
x 8 33640
p 8 210 33640
x 9 33641
p 9 209 33641
x 10 33642
p 10 207 33642
x 11 33643
p 11 209 33643
x 12 33644
p 12 208 33644
x 13 33645
p 13 207 33645
x 14 33646
p 14 207 33646
x 0 33647
p 0 249 33647
x 1 33648
p 1 209 33648
x 2 33649
p 2 207 33649
x 3 33650
p 3 209 33650
x 4 33651
p 4 208 33651
x 5 33652
p 5 210 33652
x 6 33653
p 6 209 33653
x 7 33654
p 7 245 33654
x 8 33655
p 8 212 33655
x 9 33656
p 9 208 33656
x 10 33657
p 10 208 33657
x 11 33658
p 11 210 33658
x 12 33659
p 12 211 33659
x 13 33660
p 13 208 33660
x 14 33661
p 14 248 33661
x 0 33662
p 0 217 33662
x 1 33663
p 1 214 33663
x 2 33664
p 2 211 33664
x 3 33665
p 3 209 33665
x 4 33666
p 4 209 33666
x 5 33667
p 5 210 33667
x 6 33668
p 6 247 33668
x 7 33669
p 7 208 33669
x 8 33670
p 8 207 33670
x 9 33671
p 9 208 33671
x 10 33672
p 10 208 33672
x 11 33673
p 11 208 33673
x 12 33674
p 12 209 33674
x 13 33675
p 13 247 33675
x 14 33676
p 14 208 33676
x 0 33677
p 0 210 33677
x 1 33678
p 1 208 33678
x 2 33679
p 2 207 33679
x 3 33680
p 3 207 33680
x 4 33681
p 4 210 33681
x 5 33682
p 5 243 33682
x 6 33683
p 6 209 33683
x 7 33684
p 7 208 33684
x 8 33685
p 8 208 33685
x 9 33686
p 9 208 33686
x 10 33687
p 10 208 33687
x 11 33688
p 11 209 33688
x 12 33689
p 12 209 33689
x 13 33690
p 13 208 33690
x 14 33691
p 14 207 33691
x 0 33692
p 0 258 33692
x 1 33693
p 1 270 33693
x 2 33694
p 2 107 33694
x 3 33695
p 3 211 33695
x 4 33696
p 4 270 33696
x 5 33697
p 5 207 33697
x 6 33698
p 6 205 33698
x 7 33699
p 7 207 33699
x 8 33700
p 8 206 33700
x 9 33701
p 9 83 33701
x 10 33702
p 10 190 33702
x 11 33703
p 11 249 33703
x 12 33704
p 12 205 33704
x 13 33705
p 13 205 33705
x 14 33706
p 14 209 33706
x 0 33707
p 0 207 33707
x 1 33708
p 1 208 33708
x 2 33709
p 2 207 33709
x 3 33710
p 3 267 33710
x 4 33711
p 4 208 33711
x 5 33712
p 5 208 33712
x 6 33713
p 6 208 33713
x 7 33714
p 7 206 33714
x 8 33715
p 8 209 33715
x 9 33716
p 9 206 33716
x 10 33717
p 10 249 33717
x 11 33718
p 11 207 33718
x 12 33719
p 12 207 33719
x 13 33720
p 13 208 33720
x 14 33721
p 14 207 33721
x 0 33722
p 0 207 33722
x 1 33723
p 1 206 33723
x 2 33724
p 2 248 33724
x 3 33725
p 3 208 33725
x 4 33726
p 4 207 33726
x 5 33727
p 5 207 33727
x 6 33728
p 6 206 33728
x 7 33729
p 7 209 33729
x 8 33730
p 8 207 33730
x 9 33731
p 9 207 33731
x 10 33732
p 10 207 33732
x 11 33733
p 11 206 33733
x 12 33734
p 12 208 33734
x 13 33735
p 13 207 33735
x 14 33736
p 14 206 33736
x 0 33737
p 0 94 33737
x 1 33738
p 1 264 33738
x 2 33739
p 2 211 33739
x 3 33740
p 3 208 33740
x 4 33741
p 4 207 33741
x 5 33742
p 5 207 33742
x 6 33743
p 6 206 33743
x 7 33744
p 7 206 33744
x 8 33745
p 8 266 33745
x 9 33746
p 9 208 33746
x 10 33747
p 10 210 33747
x 11 33748
p 11 208 33748
x 12 33749
p 12 128 33749
x 13 33750
p 13 206 33750
x 14 33751
p 14 206 33751
x 0 33752
p 0 250 33752
x 1 33753
p 1 208 33753
x 2 33754
p 2 207 33754
x 3 33755
p 3 208 33755
x 4 33756
p 4 209 33756
x 5 33757
p 5 208 33757
x 6 33758
p 6 207 33758
x 7 33759
p 7 242 33759
x 8 33760
p 8 208 33760
x 9 33761
p 9 209 33761
x 10 33762
p 10 206 33762
x 11 33763
p 11 206 33763
x 12 33764
p 12 207 33764
x 13 33765
p 13 207 33765
x 14 33766
p 14 266 33766
x 0 33767
p 0 215 33767
x 1 33768
p 1 207 33768
x 2 33769
p 2 208 33769
x 3 33770
p 3 208 33770
x 4 33771
p 4 210 33771
x 5 33772
p 5 207 33772
x 6 33773
p 6 207 33773
x 7 33774
p 7 208 33774
x 8 33775
p 8 208 33775
x 9 33776
p 9 207 33776
x 10 33777
p 10 207 33777
x 11 33778
p 11 208 33778
x 12 33779
p 12 209 33779
x 13 33780
p 13 208 33780
x 14 33781
p 14 207 33781
x 0 33782
p 0 208 33782
x 1 33783
p 1 239 33783
x 2 33784
p 2 207 33784
x 3 33785
p 3 207 33785
x 4 33786
p 4 207 33786
x 5 33787
p 5 120 33787
x 6 33788
p 6 207 33788
x 7 33789
p 7 208 33789
x 8 33790
p 8 241 33790
x 9 33791
p 9 208 33791
x 10 33792
p 10 209 33792
x 11 33793
p 11 207 33793
x 12 33794
p 12 209 33794
x 13 33795
p 13 208 33795
x 14 33796
p 14 207 33796
x 0 33797
p 0 208 33797
x 1 33798
p 1 208 33798
x 2 33799
p 2 209 33799
x 3 33800
p 3 209 33800
x 4 33801
p 4 210 33801
x 5 33802
p 5 209 33802
x 6 33803
p 6 208 33803
x 7 33804
p 7 208 33804
x 8 33805
p 8 242 33805
x 9 33806
p 9 209 33806
x 10 33807
p 10 208 33807
x 11 33808
p 11 134 33808
x 12 33809
p 12 209 33809
x 13 33810
p 13 208 33810
x 14 33811
p 14 94 33811
x 0 33812
p 0 207 33812
x 1 33813
p 1 262 33813
x 2 33814
p 2 213 33814
x 3 33815
p 3 212 33815
x 4 33816
p 4 214 33816
x 5 33817
p 5 233 33817
x 6 33818
p 6 232 33818
x 7 33819
p 7 240 33819
x 8 33820
p 8 278 33820
x 9 33821
p 9 226 33821
x 10 33822
p 10 269 33822
x 11 33823
p 11 246 33823
x 12 33824
p 12 243 33824
x 13 33825
p 13 243 33825
x 14 33826
p 14 212 33826
x 0 33827
p 0 288 33827
x 1 33828
p 1 212 33828
x 2 33829
p 2 212 33829
x 3 33830
p 3 212 33830
x 4 33831
p 4 210 33831
x 5 33832
p 5 212 33832
x 6 33833
p 6 212 33833
x 7 33834
p 7 266 33834
x 8 33835
p 8 205 33835
x 9 33836
p 9 214 33836
x 10 33837
p 10 210 33837
x 11 33838
p 11 212 33838
x 12 33839
p 12 211 33839
x 13 33840
p 13 211 33840
x 14 33841
p 14 248 33841
x 0 33842
p 0 210 33842
x 1 33843
p 1 211 33843
x 2 33844
p 2 212 33844
x 3 33845
p 3 210 33845
x 4 33846
p 4 210 33846
x 5 33847
p 5 234 33847
x 6 33848
p 6 211 33848
x 7 33849
p 7 212 33849
x 8 33850
p 8 211 33850
x 9 33851
p 9 211 33851
x 10 33852
p 10 210 33852
x 11 33853
p 11 209 33853
x 12 33854
p 12 212 33854
x 13 33855
p 13 212 33855
x 14 33856
p 14 210 33856
x 0 33857
p 0 211 33857
x 1 33858
p 1 244 33858
x 2 33859
p 2 211 33859
x 3 33860
p 3 211 33860
x 4 33861
p 4 209 33861
x 5 33862
p 5 211 33862
x 6 33863
p 6 209 33863
x 7 33864
p 7 210 33864
x 8 33865
p 8 265 33865
x 9 33866
p 9 212 33866
x 10 33867
p 10 210 33867
x 11 33868
p 11 272 33868
x 12 33869
p 12 205 33869
x 13 33870
p 13 203 33870
x 14 33871
p 14 201 33871
x 0 33872
p 0 255 33872
x 1 33873
p 1 203 33873
x 2 33874
p 2 203 33874
x 3 33875
p 3 203 33875
x 4 33876
p 4 202 33876
x 5 33877
p 5 202 33877
x 6 33878
p 6 237 33878
x 7 33879
p 7 204 33879
x 8 33880
p 8 204 33880
x 9 33881
p 9 205 33881
x 10 33882
p 10 203 33882
x 11 33883
p 11 204 33883
x 12 33884
p 12 203 33884
x 13 33885
p 13 204 33885
x 14 33886
p 14 149 33886
x 0 33887
p 0 223 33887
x 1 33888
p 1 221 33888
x 2 33889
p 2 207 33889
x 3 33890
p 3 202 33890
x 4 33891
p 4 203 33891
x 5 33892
p 5 204 33892
x 6 33893
p 6 203 33893
x 7 33894
p 7 202 33894
x 8 33895
p 8 203 33895
x 9 33896
p 9 236 33896
x 10 33897
p 10 202 33897
x 11 33898
p 11 204 33898
x 12 33899
p 12 202 33899
x 13 33900
p 13 205 33900
x 14 33901
p 14 202 33901
x 0 33902
p 0 231 33902
x 1 33903
p 1 203 33903
x 2 33904
p 2 200 33904
x 3 33905
p 3 201 33905
x 4 33906
p 4 205 33906
x 5 33907
p 5 203 33907
x 6 33908
p 6 203 33908
x 7 33909
p 7 203 33909
x 8 33910
p 8 203 33910
x 9 33911
p 9 204 33911
x 10 33912
p 10 202 33912
x 11 33913
p 11 203 33913
x 12 33914
p 12 204 33914
x 13 33915
p 13 203 33915
x 14 33916
p 14 234 33916
x 0 33917
p 0 203 33917
x 1 33918
p 1 203 33918
x 2 33919
p 2 205 33919
x 3 33920
p 3 202 33920
x 4 33921
p 4 406 33921
x 5 33922
p 5 202 33922
x 6 33923
p 6 233 33923
x 7 33924
p 7 203 33924
x 8 33925
p 8 246 33925
x 9 33926
p 9 202 33926
x 10 33927
p 10 203 33927
x 11 33928
p 11 203 33928
x 12 33929
p 12 202 33929
x 13 33930
p 13 228 33930
x 14 33931
p 14 202 33931
x 0 33932
p 0 203 33932
x 1 33933
p 1 204 33933
x 2 33934
p 2 202 33934
x 3 33935
p 3 204 33935
x 4 33936
p 4 203 33936
x 5 33937
p 5 233 33937
x 6 33938
p 6 202 33938
x 7 33939
p 7 200 33939
x 8 33940
p 8 202 33940
x 9 33941
p 9 203 33941
x 10 33942
p 10 204 33942
x 11 33943
p 11 203 33943
x 12 33944
p 12 310 33944
x 13 33945
p 13 315 33945
x 14 33946
p 14 296 33946
x 0 33947
p 0 204 33947
x 1 33948
p 1 204 33948
x 2 33949
p 2 204 33949
x 3 33950
p 3 205 33950
x 4 33951
p 4 234 33951
x 5 33952
p 5 203 33952
x 6 33953
p 6 204 33953
x 7 33954
p 7 205 33954
x 8 33955
p 8 204 33955
x 9 33956
p 9 204 33956
x 10 33957
p 10 203 33957
x 11 33958
p 11 233 33958
x 12 33959
p 12 204 33959
x 13 33960
p 13 204 33960
x 14 33961
p 14 84 33961
x 0 33962
p 0 204 33962
x 1 33963
p 1 206 33963
x 2 33964
p 2 204 33964
x 3 33965
p 3 204 33965
x 4 33966
p 4 267 33966
x 5 33967
p 5 203 33967
x 6 33968
p 6 204 33968
x 7 33969
p 7 203 33969
x 8 33970
p 8 202 33970
x 9 33971
p 9 204 33971
x 10 33972
p 10 203 33972
x 11 33973
p 11 204 33973
x 12 33974
p 12 202 33974
x 13 33975
p 13 204 33975
x 14 33976
p 14 206 33976
