x 0 33000
x 1 33001
x 2 33002
x 3 33003
h 0 10.0.0.4
p 0 336580 33000
h 2 10.0.0.4
p 2 145330 33002
h 1 10.0.0.4
p 1 245531 33001
h 3 10.0.0.4
p 3 71682 33003
x 4 33004
h 4 10.0.0.4
p 4 51822 33004
x 0 33005
p 0 25708 33005
x 0 33006
p 0 1048 33006
x 0 33007
p 0 210 33007
x 0 33008
p 0 180 33008
x 0 33009
p 0 212 33009
x 0 33010
p 0 207 33010
x 0 33011
p 0 213 33011
x 0 33012
p 0 241 33012
x 0 33013
p 0 255 33013
x 0 33014
p 0 209 33014
x 0 33015
p 0 236 33015
x 0 33016
p 0 155 33016
x 0 33017
p 0 225 33017
x 0 33018
p 0 193 33018
x 0 33019
p 0 238 33019
x 0 33020
p 0 102 33020
x 0 33021
p 0 229 33021
x 0 33022
p 0 211 33022
x 0 33023
p 0 99 33023
x 0 33024
p 0 210 33024
x 0 33025
p 0 210 33025
x 0 33026
p 0 245 33026
x 0 33027
p 0 212 33027
x 0 33028
p 0 211 33028
x 0 33029
p 0 212 33029
x 0 33030
p 0 209 33030
x 0 33031
p 0 209 33031
x 0 33032
p 0 212 33032
x 0 33033
p 0 244 33033
x 0 33034
p 0 204 33034
x 0 33035
p 0 204 33035
x 0 33036
p 0 205 33036
x 0 33037
p 0 202 33037
x 0 33038
p 0 204 33038
x 0 33039
p 0 204 33039
x 0 33040
p 0 204 33040
x 0 33041
p 0 229 33041
x 0 33042
p 0 205 33042
x 0 33043
p 0 110 33043
x 0 33044
p 0 206 33044
x 0 33045
p 0 267 33045
x 0 33046
p 0 205 33046
x 0 33047
p 0 206 33047
x 0 33048
p 0 213 33048
x 0 33049
p 0 213 33049
x 0 33050
p 0 214 33050
x 0 33051
p 0 247 33051
x 0 33052
p 0 212 33052
x 0 33053
p 0 214 33053
x 0 33054
p 0 214 33054
x 0 33055
p 0 237 33055
x 0 33056
p 0 211 33056
x 0 33057
p 0 217 33057
x 0 33058
p 0 248 33058
x 0 33059
p 0 214 33059
x 0 33060
p 0 215 33060
x 0 33061
p 0 215 33061
x 0 33062
p 0 216 33062
x 0 33063
p 0 211 33063
x 0 33000
h 0 10.0.0.4
p 0 488 33000
x 1 33001
h 1 10.0.0.4
p 1 109 33001
x 0 33002
p 0 177 33002
x 0 33003
p 0 205 33003
x 0 33004
p 0 153 33004
x 0 33005
p 0 158 33005
x 0 33006
p 0 152 33006
x 0 33007
p 0 208 33007
x 0 33008
p 0 198 33008
x 0 33009
p 0 204 33009
x 0 33010
p 0 212 33010
x 0 33011
p 0 180 33011
x 0 33012
p 0 209 33012
x 0 33013
p 0 212 33013
x 0 33014
p 0 202 33014
x 0 33015
p 0 175 33015
x 0 33016
p 0 81 33016
x 0 33017
p 0 209 33017
x 0 33018
p 0 208 33018
x 0 33019
p 0 176 33019
x 0 33020
p 0 212 33020
x 0 33021
p 0 212 33021
x 0 33022
p 0 215 33022
x 0 33023
p 0 175 33023
x 0 33024
p 0 209 33024
x 0 33025
p 0 212 33025
x 0 33026
p 0 215 33026
x 0 33027
p 0 174 33027
x 0 33028
p 0 209 33028
x 0 33029
p 0 204 33029
x 0 33030
p 0 206 33030
x 0 33031
p 0 183 33031
x 0 33032
p 0 208 33032
x 0 33033
p 0 203 33033
x 0 33034
p 0 212 33034
x 0 33035
p 0 169 33035
x 0 33036
p 0 212 33036
x 0 33037
p 0 246 33037
x 0 33038
p 0 212 33038
x 0 33039
p 0 216 33039
x 0 33040
p 0 216 33040
x 0 33041
p 0 216 33041
x 0 33042
p 0 176 33042
x 0 33043
p 0 181 33043
x 0 33044
p 0 185 33044
x 0 33045
p 0 247 33045
x 0 33046
p 0 177 33046
x 0 33047
p 0 221 33047
x 0 33048
p 0 179 33048
x 0 33049
p 0 215 33049
x 0 33050
p 0 189 33050
x 0 33051
p 0 224 33051
x 0 33052
p 0 185 33052
x 0 33053
p 0 221 33053
x 0 33054
p 0 174 33054
x 0 33055
p 0 199 33055
x 0 33056
p 0 173 33056
x 0 33057
p 0 199 33057
x 0 33058
p 0 172 33058
x 0 33059
p 0 293 33059
x 0 33060
p 0 183 33060
x 0 33000
h 0 10.0.0.4
p 0 17248 33000
x 1 33001
h 1 10.0.0.4
p 1 581 33001
x 0 33002
p 0 230 33002
x 0 33003
p 0 210 33003
x 0 33004
p 0 214 33004
x 0 33005
p 0 209 33005
x 0 33006
p 0 208 33006
x 0 33007
p 0 212 33007
x 0 33008
p 0 230 33008
x 0 33009
p 0 203 33009
x 0 33010
p 0 204 33010
x 0 33011
p 0 184 33011
x 0 33012
p 0 201 33012
x 0 33013
p 0 201 33013
x 0 33014
p 0 205 33014
x 0 33015
p 0 182 33015
x 0 33016
p 0 202 33016
x 0 33017
p 0 169 33017
x 0 33018
p 0 204 33018
x 0 33019
p 0 203 33019
x 0 33020
p 0 204 33020
x 0 33021
p 0 306 33021
x 0 33022
p 0 180 33022
x 0 33023
p 0 296 33023
x 0 33024
p 0 176 33024
x 0 33025
p 0 169 33025
x 0 33026
p 0 175 33026
x 0 33027
p 0 205 33027
x 0 33028
p 0 169 33028
x 0 33029
p 0 177 33029
x 0 33030
p 0 175 33030
x 0 33031
p 0 236 33031
x 0 33032
p 0 173 33032
x 0 33033
p 0 178 33033
x 0 33034
p 0 165 33034
x 0 33035
p 0 204 33035
x 0 33036
p 0 166 33036
x 0 33037
p 0 171 33037
x 0 33038
p 0 170 33038
x 0 33039
p 0 207 33039
x 0 33040
p 0 180 33040
x 0 33041
p 0 174 33041
x 0 33042
p 0 230 33042
x 0 33043
p 0 211 33043
x 0 33044
p 0 219 33044
x 0 33045
p 0 172 33045
x 0 33046
p 0 241 33046
x 0 33047
p 0 186 33047
x 0 33048
p 0 183 33048
x 0 33049
p 0 161 33049
x 0 33050
p 0 165 33050
x 0 33051
p 0 163 33051
x 0 33052
p 0 171 33052
x 0 33053
p 0 202 33053
x 0 33054
p 0 149 33054
x 0 33055
p 0 154 33055
x 0 33056
p 0 156 33056
x 0 33057
p 0 188 33057
x 0 33058
p 0 196 33058
x 0 33059
p 0 177 33059
x 0 33060
p 0 170 33060
x 0 33000
h 0 10.0.0.4
p 0 712 33000
x 1 33001
h 1 10.0.0.4
p 1 205 33001
x 0 33002
p 0 179 33002
x 0 33003
p 0 211 33003
x 0 33004
p 0 179 33004
x 0 33005
p 0 212 33005
x 0 33006
p 0 212 33006
x 0 33007
p 0 223 33007
x 0 33008
p 0 358 33008
x 0 33009
p 0 434 33009
x 0 33010
p 0 219 33010
x 0 33011
p 0 335 33011
x 0 33012
p 0 212 33012
x 0 33013
p 0 210 33013
x 0 33014
p 0 212 33014
x 0 33015
p 0 154 33015
x 0 33016
p 0 210 33016
x 0 33017
p 0 190 33017
x 0 33018
p 0 148 33018
x 0 33019
p 0 153 33019
x 0 33020
p 0 152 33020
x 0 33021
p 0 212 33021
x 0 33022
p 0 210 33022
x 0 33023
p 0 221 33023
x 0 33024
p 0 209 33024
x 0 33025
p 0 151 33025
x 0 33026
p 0 151 33026
x 0 33027
p 0 152 33027
x 0 33028
p 0 164 33028
x 0 33029
p 0 156 33029
x 0 33030
p 0 151 33030
x 0 33031
p 0 154 33031
x 0 33032
p 0 214 33032
x 0 33033
p 0 151 33033
x 0 33034
p 0 153 33034
x 0 33035
p 0 166 33035
x 0 33036
p 0 162 33036
x 0 33037
p 0 209 33037
x 0 33038
p 0 252 33038
x 0 33039
p 0 212 33039
x 0 33040
p 0 210 33040
x 0 33041
p 0 211 33041
x 0 33042
p 0 213 33042
x 0 33043
p 0 152 33043
x 0 33044
p 0 153 33044
x 0 33045
p 0 149 33045
x 0 33046
p 0 148 33046
x 0 33047
p 0 150 33047
x 0 33048
p 0 148 33048
x 0 33049
p 0 183 33049
x 0 33050
p 0 145 33050
x 0 33051
p 0 151 33051
x 0 33052
p 0 152 33052
x 0 33053
p 0 170 33053
x 0 33054
p 0 220 33054
x 0 33055
p 0 215 33055
x 0 33056
p 0 214 33056
x 0 33057
p 0 220 33057
x 0 33058
p 0 225 33058
x 0 33059
p 0 252 33059
x 0 33060
p 0 217 33060
x 0 33000
h 0 10.0.0.4
p 0 11513 33000
x 1 33001
h 1 10.0.0.4
p 1 644 33001
x 0 33002
p 0 118 33002
x 0 33003
p 0 208 33003
x 0 33004
p 0 205 33004
x 0 33005
p 0 210 33005
x 0 33006
p 0 191 33006
x 0 33007
p 0 83 33007
x 0 33008
p 0 209 33008
x 0 33009
p 0 211 33009
x 0 33010
p 0 205 33010
x 0 33011
p 0 208 33011
x 0 33012
p 0 218 33012
x 0 33013
p 0 206 33013
x 0 33014
p 0 208 33014
x 0 33015
p 0 205 33015
x 0 33016
p 0 218 33016
x 0 33017
p 0 210 33017
x 0 33018
p 0 206 33018
x 0 33019
p 0 204 33019
x 0 33020
p 0 206 33020
x 0 33021
p 0 204 33021
x 0 33022
p 0 217 33022
x 0 33023
p 0 206 33023
x 0 33024
p 0 192 33024
x 0 33025
p 0 204 33025
x 0 33026
p 0 179 33026
x 0 33027
p 0 184 33027
x 0 33028
p 0 214 33028
x 0 33029
p 0 205 33029
x 0 33030
p 0 206 33030
x 0 33031
p 0 179 33031
x 0 33032
p 0 161 33032
x 0 33033
p 0 204 33033
x 0 33034
p 0 156 33034
x 0 33035
p 0 148 33035
x 0 33036
p 0 136 33036
x 0 33037
p 0 152 33037
x 0 33038
p 0 189 33038
x 0 33039
p 0 177 33039
x 0 33040
p 0 214 33040
x 0 33041
p 0 206 33041
x 0 33042
p 0 212 33042
x 0 33043
p 0 180 33043
x 0 33044
p 0 203 33044
x 0 33045
p 0 178 33045
x 0 33046
p 0 358 33046
x 0 33047
p 0 180 33047
x 0 33048
p 0 205 33048
x 0 33049
p 0 176 33049
x 0 33050
p 0 204 33050
x 0 33051
p 0 282 33051
x 0 33052
p 0 209 33052
x 0 33053
p 0 178 33053
x 0 33054
p 0 177 33054
x 0 33055
p 0 164 33055
x 0 33056
p 0 221 33056
x 0 33057
p 0 254 33057
x 0 33058
p 0 250 33058
x 0 33059
p 0 179 33059
x 0 33060
p 0 204 33060
x 0 33000
h 0 10.0.0.4
p 0 496 33000
x 1 33001
h 1 10.0.0.4
p 1 205 33001
x 0 33002
p 0 209 33002
x 0 33003
p 0 207 33003
x 0 33004
p 0 208 33004
x 0 33005
p 0 216 33005
x 0 33006
p 0 209 33006
x 0 33007
p 0 240 33007
x 0 33008
p 0 209 33008
x 0 33009
p 0 212 33009
x 0 33010
p 0 176 33010
x 0 33011
p 0 212 33011
x 0 33012
p 0 211 33012
x 0 33013
p 0 209 33013
x 0 33014
p 0 179 33014
x 0 33015
p 0 207 33015
x 0 33016
p 0 207 33016
x 0 33017
p 0 210 33017
x 0 33018
p 0 205 33018
x 0 33019
p 0 207 33019
x 0 33020
p 0 251 33020
x 0 33021
p 0 211 33021
x 0 33022
p 0 163 33022
x 0 33023
p 0 210 33023
x 0 33024
p 0 208 33024
x 0 33025
p 0 205 33025
x 0 33026
p 0 170 33026
x 0 33027
p 0 212 33027
x 0 33028
p 0 186 33028
x 0 33029
p 0 191 33029
x 0 33030
p 0 169 33030
x 0 33031
p 0 194 33031
x 0 33032
p 0 215 33032
x 0 33033
p 0 194 33033
x 0 33034
p 0 144 33034
x 0 33035
p 0 210 33035
x 0 33036
p 0 156 33036
x 0 33037
p 0 170 33037
x 0 33038
p 0 178 33038
x 0 33039
p 0 207 33039
x 0 33040
p 0 185 33040
x 0 33041
p 0 210 33041
x 0 33042
p 0 137 33042
x 0 33043
p 0 189 33043
x 0 33044
p 0 157 33044
x 0 33045
p 0 157 33045
x 0 33046
p 0 175 33046
x 0 33047
p 0 158 33047
x 0 33048
p 0 157 33048
x 0 33049
p 0 203 33049
x 0 33050
p 0 135 33050
x 0 33051
p 0 170 33051
x 0 33052
p 0 157 33052
x 0 33053
p 0 163 33053
x 0 33054
p 0 177 33054
x 0 33055
p 0 170 33055
x 0 33056
p 0 157 33056
x 0 33057
p 0 208 33057
x 0 33058
p 0 144 33058
x 0 33059
p 0 190 33059
x 0 33060
p 0 205 33060
x 0 33000
h 0 10.0.0.4
p 0 39316 33000
x 1 33001
h 1 10.0.0.4
p 1 646 33001
x 0 33002
p 0 160 33002
x 0 33003
p 0 169 33003
x 0 33004
p 0 174 33004
x 0 33005
p 0 172 33005
x 0 33006
p 0 130 33006
x 0 33007
p 0 203 33007
x 0 33008
p 0 204 33008
x 0 33009
p 0 127 33009
x 0 33010
p 0 202 33010
x 0 33011
p 0 204 33011
x 0 33012
p 0 203 33012
x 0 33013
p 0 236 33013
x 0 33014
p 0 201 33014
x 0 33015
p 0 205 33015
x 0 33016
p 0 205 33016
x 0 33017
p 0 203 33017
x 0 33018
p 0 203 33018
x 0 33019
p 0 204 33019
x 0 33020
p 0 201 33020
x 0 33021
p 0 204 33021
x 0 33022
p 0 205 33022
x 0 33023
p 0 202 33023
x 0 33024
p 0 204 33024
x 0 33025
p 0 235 33025
x 0 33026
p 0 246 33026
x 0 33027
p 0 201 33027
x 0 33028
p 0 202 33028
x 0 33029
p 0 203 33029
x 0 33030
p 0 204 33030
x 0 33031
p 0 209 33031
x 0 33032
p 0 212 33032
x 0 33033
p 0 209 33033
x 0 33034
p 0 210 33034
x 0 33035
p 0 209 33035
x 0 33036
p 0 212 33036
x 0 33037
p 0 212 33037
x 0 33038
p 0 210 33038
x 0 33039
p 0 211 33039
x 0 33040
p 0 211 33040
x 0 33041
p 0 215 33041
x 0 33042
p 0 204 33042
x 0 33043
p 0 206 33043
x 0 33044
p 0 205 33044
x 0 33045
p 0 224 33045
x 0 33046
p 0 203 33046
x 0 33047
p 0 188 33047
x 0 33048
p 0 212 33048
x 0 33049
p 0 213 33049
x 0 33050
p 0 211 33050
x 0 33051
p 0 216 33051
x 0 33052
p 0 210 33052
x 0 33053
p 0 210 33053
x 0 33054
p 0 215 33054
x 0 33055
p 0 212 33055
x 0 33056
p 0 217 33056
x 0 33057
p 0 212 33057
x 0 33058
p 0 219 33058
x 0 33059
p 0 206 33059
x 0 33060
p 0 322 33060
x 0 33000
h 0 10.0.0.4
p 0 495 33000
x 1 33001
h 1 10.0.0.4
p 1 240 33001
x 0 33002
p 0 158 33002
x 0 33003
p 0 151 33003
x 0 33004
p 0 158 33004
x 0 33005
p 0 179 33005
x 0 33006
p 0 214 33006
x 0 33007
p 0 205 33007
x 0 33008
p 0 204 33008
x 0 33009
p 0 203 33009
x 0 33010
p 0 207 33010
x 0 33011
p 0 214 33011
x 0 33012
p 0 214 33012
x 0 33013
p 0 209 33013
x 0 33014
p 0 297 33014
x 0 33015
p 0 206 33015
x 0 33016
p 0 209 33016
x 0 33017
p 0 209 33017
x 0 33018
p 0 207 33018
x 0 33019
p 0 184 33019
x 0 33020
p 0 204 33020
x 0 33021
p 0 188 33021
x 0 33022
p 0 179 33022
x 0 33023
p 0 205 33023
x 0 33024
p 0 216 33024
x 0 33025
p 0 203 33025
x 0 33026
p 0 185 33026
x 0 33027
p 0 214 33027
x 0 33028
p 0 212 33028
x 0 33029
p 0 244 33029
x 0 33030
p 0 174 33030
x 0 33031
p 0 213 33031
x 0 33032
p 0 194 33032
x 0 33033
p 0 213 33033
x 0 33034
p 0 265 33034
x 0 33035
p 0 213 33035
x 0 33036
p 0 214 33036
x 0 33037
p 0 235 33037
x 0 33038
p 0 187 33038
x 0 33039
p 0 207 33039
x 0 33040
p 0 219 33040
x 0 33041
p 0 210 33041
x 0 33042
p 0 211 33042
x 0 33043
p 0 286 33043
x 0 33044
p 0 127 33044
x 0 33045
p 0 242 33045
x 0 33046
p 0 183 33046
x 0 33047
p 0 209 33047
x 0 33048
p 0 209 33048
x 0 33049
p 0 212 33049
x 0 33050
p 0 210 33050
x 0 33051
p 0 213 33051
x 0 33052
p 0 184 33052
x 0 33053
p 0 213 33053
x 0 33054
p 0 204 33054
x 0 33055
p 0 202 33055
x 0 33056
p 0 202 33056
x 0 33057
p 0 203 33057
x 0 33058
p 0 202 33058
x 0 33059
p 0 306 33059
x 0 33060
p 0 140 33060
x 0 33000
h 0 10.0.0.4
p 0 22828 33000
x 1 33001
h 1 10.0.0.4
p 1 1313 33001
x 0 33002
p 0 195 33002
x 0 33003
p 0 173 33003
x 0 33004
p 0 209 33004
x 0 33005
p 0 214 33005
x 0 33006
p 0 209 33006
x 0 33007
p 0 217 33007
x 0 33008
p 0 175 33008
x 0 33009
p 0 114 33009
x 0 33010
p 0 211 33010
x 0 33011
p 0 228 33011
x 0 33012
p 0 175 33012
x 0 33013
p 0 212 33013
x 0 33014
p 0 209 33014
x 0 33015
p 0 223 33015
x 0 33016
p 0 175 33016
x 0 33017
p 0 208 33017
x 0 33018
p 0 169 33018
x 0 33019
p 0 177 33019
x 0 33020
p 0 229 33020
x 0 33021
p 0 176 33021
x 0 33022
p 0 181 33022
x 0 33023
p 0 195 33023
x 0 33024
p 0 179 33024
x 0 33025
p 0 209 33025
x 0 33026
p 0 173 33026
x 0 33027
p 0 208 33027
x 0 33028
p 0 168 33028
x 0 33029
p 0 274 33029
x 0 33030
p 0 172 33030
x 0 33031
p 0 208 33031
x 0 33032
p 0 173 33032
x 0 33033
p 0 200 33033
x 0 33034
p 0 174 33034
x 0 33035
p 0 174 33035
x 0 33036
p 0 178 33036
x 0 33037
p 0 212 33037
x 0 33038
p 0 223 33038
x 0 33039
p 0 175 33039
x 0 33040
p 0 173 33040
x 0 33041
p 0 166 33041
x 0 33042
p 0 172 33042
x 0 33043
p 0 167 33043
x 0 33044
p 0 189 33044
x 0 33045
p 0 167 33045
x 0 33046
p 0 217 33046
x 0 33047
p 0 168 33047
x 0 33048
p 0 165 33048
x 0 33049
p 0 170 33049
x 0 33050
p 0 219 33050
x 0 33051
p 0 166 33051
x 0 33052
p 0 274 33052
x 0 33053
p 0 213 33053
x 0 33054
p 0 272 33054
x 0 33055
p 0 249 33055
x 0 33056
p 0 185 33056
x 0 33057
p 0 215 33057
x 0 33058
p 0 255 33058
x 0 33059
p 0 278 33059
x 0 33060
p 0 310 33060
x 0 33000
h 0 10.0.0.4
p 0 556 33000
x 1 33001
h 1 10.0.0.4
p 1 208 33001
x 0 33002
p 0 227 33002
x 0 33003
p 0 214 33003
x 0 33004
p 0 215 33004
x 0 33005
p 0 210 33005
x 0 33006
p 0 210 33006
x 0 33007
p 0 209 33007
x 0 33008
p 0 203 33008
x 0 33009
p 0 206 33009
x 0 33010
p 0 202 33010
x 0 33011
p 0 202 33011
x 0 33012
p 0 203 33012
x 0 33013
p 0 204 33013
x 0 33014
p 0 203 33014
x 0 33015
p 0 204 33015
x 0 33016
p 0 203 33016
x 0 33017
p 0 204 33017
x 0 33018
p 0 203 33018
x 0 33019
p 0 205 33019
x 0 33020
p 0 201 33020
x 0 33021
p 0 237 33021
x 0 33022
p 0 205 33022
x 0 33023
p 0 206 33023
x 0 33024
p 0 210 33024
x 0 33025
p 0 227 33025
x 0 33026
p 0 214 33026
x 0 33027
p 0 203 33027
x 0 33028
p 0 204 33028
x 0 33029
p 0 205 33029
x 0 33030
p 0 203 33030
x 0 33031
p 0 212 33031
x 0 33032
p 0 214 33032
x 0 33033
p 0 205 33033
x 0 33034
p 0 205 33034
x 0 33035
p 0 203 33035
x 0 33036
p 0 205 33036
x 0 33037
p 0 208 33037
x 0 33038
p 0 206 33038
x 0 33039
p 0 208 33039
x 0 33040
p 0 203 33040
x 0 33041
p 0 253 33041
x 0 33042
p 0 208 33042
x 0 33043
p 0 203 33043
x 0 33044
p 0 204 33044
x 0 33045
p 0 206 33045
x 0 33046
p 0 204 33046
x 0 33047
p 0 208 33047
x 0 33048
p 0 206 33048
x 0 33049
p 0 207 33049
x 0 33050
p 0 203 33050
x 0 33051
p 0 206 33051
x 0 33052
p 0 239 33052
x 0 33053
p 0 207 33053
x 0 33054
p 0 211 33054
x 0 33055
p 0 207 33055
x 0 33056
p 0 204 33056
x 0 33057
p 0 204 33057
x 0 33058
p 0 205 33058
x 0 33059
p 0 206 33059
x 0 33060
p 0 207 33060
x 0 33000
h 0 10.0.0.4
p 0 11838 33000
x 1 33001
h 1 10.0.0.4
p 1 673 33001
x 0 33002
p 0 209 33002
x 0 33003
p 0 214 33003
x 0 33004
p 0 209 33004
x 0 33005
p 0 213 33005
x 0 33006
p 0 206 33006
x 0 33007
p 0 248 33007
x 0 33008
p 0 208 33008
x 0 33009
p 0 352 33009
x 0 33010
p 0 258 33010
x 0 33011
p 0 210 33011
x 0 33012
p 0 207 33012
x 0 33013
p 0 255 33013
x 0 33014
p 0 208 33014
x 0 33015
p 0 205 33015
x 0 33016
p 0 203 33016
x 0 33017
p 0 206 33017
x 0 33018
p 0 205 33018
x 0 33019
p 0 208 33019
x 0 33020
p 0 236 33020
x 0 33021
p 0 178 33021
x 0 33022
p 0 206 33022
x 0 33023
p 0 205 33023
x 0 33024
p 0 177 33024
x 0 33025
p 0 176 33025
x 0 33026
p 0 241 33026
x 0 33027
p 0 204 33027
x 0 33028
p 0 206 33028
x 0 33029
p 0 177 33029
x 0 33030
p 0 305 33030
x 0 33031
p 0 173 33031
x 0 33032
p 0 179 33032
x 0 33033
p 0 176 33033
x 0 33034
p 0 242 33034
x 0 33035
p 0 179 33035
x 0 33036
p 0 176 33036
x 0 33037
p 0 191 33037
x 0 33038
p 0 202 33038
x 0 33039
p 0 176 33039
x 0 33040
p 0 171 33040
x 0 33041
p 0 110 33041
x 0 33042
p 0 208 33042
x 0 33043
p 0 178 33043
x 0 33044
p 0 178 33044
x 0 33045
p 0 250 33045
x 0 33046
p 0 178 33046
x 0 33047
p 0 249 33047
x 0 33048
p 0 244 33048
x 0 33049
p 0 187 33049
x 0 33050
p 0 204 33050
x 0 33051
p 0 245 33051
x 0 33052
p 0 205 33052
x 0 33053
p 0 206 33053
x 0 33054
p 0 208 33054
x 0 33055
p 0 206 33055
x 0 33056
p 0 204 33056
x 0 33057
p 0 206 33057
x 0 33058
p 0 189 33058
x 0 33059
p 0 217 33059
x 0 33060
p 0 211 33060
x 0 33000
h 0 10.0.0.4
p 0 935 33000
x 1 33001
h 1 10.0.0.4
p 1 234 33001
x 0 33002
p 0 217 33002
x 0 33003
p 0 225 33003
x 0 33004
p 0 175 33004
x 0 33005
p 0 100 33005
x 0 33006
p 0 236 33006
x 0 33007
p 0 175 33007
x 0 33008
p 0 79 33008
x 0 33009
p 0 171 33009
x 0 33010
p 0 168 33010
x 0 33011
p 0 202 33011
x 0 33012
p 0 172 33012
x 0 33013
p 0 169 33013
x 0 33014
p 0 370 33014
x 0 33015
p 0 326 33015
x 0 33016
p 0 351 33016
x 0 33017
p 0 343 33017
x 0 33018
p 0 331 33018
x 0 33019
p 0 322 33019
x 0 33020
p 0 347 33020
x 0 33021
p 0 323 33021
x 0 33022
p 0 209 33022
x 0 33023
p 0 205 33023
x 0 33024
p 0 204 33024
x 0 33025
p 0 199 33025
x 0 33026
p 0 200 33026
x 0 33027
p 0 207 33027
x 0 33028
p 0 205 33028
x 0 33029
p 0 67 33029
x 0 33030
p 0 352 33030
x 0 33031
p 0 304 33031
x 0 33032
p 0 216 33032
x 0 33033
p 0 204 33033
x 0 33034
p 0 457 33034
x 0 33035
p 0 203 33035
x 0 33036
p 0 203 33036
x 0 33037
p 0 204 33037
x 0 33038
p 0 201 33038
x 0 33039
p 0 207 33039
x 0 33040
p 0 203 33040
x 0 33041
p 0 418 33041
x 0 33042
p 0 257 33042
x 0 33043
p 0 176 33043
x 0 33044
p 0 159 33044
x 0 33045
p 0 194 33045
x 0 33046
p 0 175 33046
x 0 33047
p 0 175 33047
x 0 33048
p 0 177 33048
x 0 33049
p 0 235 33049
x 0 33050
p 0 175 33050
x 0 33051
p 0 175 33051
x 0 33052
p 0 180 33052
x 0 33053
p 0 211 33053
x 0 33054
p 0 178 33054
x 0 33055
p 0 197 33055
x 0 33056
p 0 196 33056
x 0 33057
p 0 211 33057
x 0 33058
p 0 182 33058
x 0 33059
p 0 181 33059
x 0 33060
p 0 184 33060
x 0 33000
h 0 10.0.0.4
p 0 15545 33000
x 1 33001
h 1 10.0.0.4
p 1 650 33001
x 0 33002
p 0 213 33002
x 0 33003
p 0 211 33003
x 0 33004
p 0 209 33004
x 0 33005
p 0 210 33005
x 0 33006
p 0 189 33006
x 0 33007
p 0 213 33007
x 0 33008
p 0 209 33008
x 0 33009
p 0 209 33009
x 0 33010
p 0 206 33010
x 0 33011
p 0 214 33011
x 0 33012
p 0 212 33012
x 0 33013
p 0 206 33013
x 0 33014
p 0 204 33014
x 0 33015
p 0 324 33015
x 0 33016
p 0 205 33016
x 0 33017
p 0 254 33017
x 0 33018
p 0 204 33018
x 0 33019
p 0 219 33019
x 0 33020
p 0 210 33020
x 0 33021
p 0 246 33021
x 0 33022
p 0 213 33022
x 0 33023
p 0 216 33023
x 0 33024
p 0 214 33024
x 0 33025
p 0 214 33025
x 0 33026
p 0 197 33026
x 0 33027
p 0 217 33027
x 0 33028
p 0 215 33028
x 0 33029
p 0 202 33029
x 0 33030
p 0 208 33030
x 0 33031
p 0 206 33031
x 0 33032
p 0 207 33032
x 0 33033
p 0 205 33033
x 0 33034
p 0 207 33034
x 0 33035
p 0 203 33035
x 0 33036
p 0 557 33036
x 0 33037
p 0 258 33037
x 0 33038
p 0 192 33038
x 0 33039
p 0 163 33039
x 0 33040
p 0 213 33040
x 0 33041
p 0 219 33041
x 0 33042
p 0 217 33042
x 0 33043
p 0 194 33043
x 0 33044
p 0 155 33044
x 0 33045
p 0 177 33045
x 0 33046
p 0 248 33046
x 0 33047
p 0 210 33047
x 0 33048
p 0 216 33048
x 0 33049
p 0 211 33049
x 0 33050
p 0 209 33050
x 0 33051
p 0 217 33051
x 0 33052
p 0 222 33052
x 0 33053
p 0 522 33053
x 0 33054
p 0 219 33054
x 0 33055
p 0 218 33055
x 0 33056
p 0 221 33056
x 0 33057
p 0 218 33057
x 0 33058
p 0 219 33058
x 0 33059
p 0 217 33059
x 0 33060
p 0 250 33060
x 0 33000
h 0 10.0.0.4
p 0 617 33000
x 1 33001
h 1 10.0.0.4
p 1 457 33001
x 0 33002
p 0 224 33002
x 0 33003
p 0 206 33003
x 0 33004
p 0 207 33004
x 0 33005
p 0 152 33005
x 0 33006
p 0 150 33006
x 0 33007
p 0 239 33007
x 0 33008
p 0 202 33008
x 0 33009
p 0 204 33009
x 0 33010
p 0 202 33010
x 0 33011
p 0 119 33011
x 0 33012
p 0 302 33012
x 0 33013
p 0 232 33013
x 0 33014
p 0 292 33014
x 0 33015
p 0 174 33015
x 0 33016
p 0 205 33016
x 0 33017
p 0 204 33017
x 0 33018
p 0 207 33018
x 0 33019
p 0 204 33019
x 0 33020
p 0 202 33020
x 0 33021
p 0 198 33021
x 0 33022
p 0 224 33022
x 0 33023
p 0 204 33023
x 0 33024
p 0 134 33024
x 0 33025
p 0 296 33025
x 0 33026
p 0 205 33026
x 0 33027
p 0 204 33027
x 0 33028
p 0 315 33028
x 0 33029
p 0 176 33029
x 0 33030
p 0 205 33030
x 0 33031
p 0 210 33031
x 0 33032
p 0 309 33032
x 0 33033
p 0 323 33033
x 0 33034
p 0 313 33034
x 0 33035
p 0 354 33035
x 0 33036
p 0 214 33036
x 0 33037
p 0 184 33037
x 0 33038
p 0 215 33038
x 0 33039
p 0 182 33039
x 0 33040
p 0 216 33040
x 0 33041
p 0 176 33041
x 0 33042
p 0 208 33042
x 0 33043
p 0 174 33043
x 0 33044
p 0 174 33044
x 0 33045
p 0 171 33045
x 0 33046
p 0 223 33046
x 0 33047
p 0 176 33047
x 0 33048
p 0 182 33048
x 0 33049
p 0 174 33049
x 0 33050
p 0 174 33050
x 0 33051
p 0 189 33051
x 0 33052
p 0 217 33052
x 0 33053
p 0 213 33053
x 0 33054
p 0 213 33054
x 0 33055
p 0 213 33055
x 0 33056
p 0 239 33056
x 0 33057
p 0 214 33057
x 0 33058
p 0 171 33058
x 0 33059
p 0 205 33059
x 0 33060
p 0 205 33060
x 0 33000
h 0 10.0.0.4
p 0 8726 33000
x 1 33001
h 1 10.0.0.4
p 1 656 33001
x 0 33002
p 0 207 33002
x 0 33003
p 0 255 33003
x 0 33004
p 0 217 33004
x 0 33005
p 0 203 33005
x 0 33006
p 0 209 33006
x 0 33007
p 0 251 33007
x 0 33008
p 0 246 33008
x 0 33009
p 0 237 33009
x 0 33010
p 0 241 33010
x 0 33011
p 0 232 33011
x 0 33012
p 0 205 33012
x 0 33013
p 0 206 33013
x 0 33014
p 0 204 33014
x 0 33015
p 0 253 33015
x 0 33016
p 0 235 33016
x 0 33017
p 0 209 33017
x 0 33018
p 0 212 33018
x 0 33019
p 0 244 33019
x 0 33020
p 0 207 33020
x 0 33021
p 0 229 33021
x 0 33022
p 0 242 33022
x 0 33023
p 0 209 33023
x 0 33024
p 0 208 33024
x 0 33025
p 0 212 33025
x 0 33026
p 0 207 33026
x 0 33027
p 0 209 33027
x 0 33028
p 0 204 33028
x 0 33029
p 0 207 33029
x 0 33030
p 0 208 33030
x 0 33031
p 0 210 33031
x 0 33032
p 0 214 33032
x 0 33033
p 0 214 33033
x 0 33034
p 0 209 33034
x 0 33035
p 0 210 33035
x 0 33036
p 0 209 33036
x 0 33037
p 0 213 33037
x 0 33038
p 0 211 33038
x 0 33039
p 0 253 33039
x 0 33040
p 0 356 33040
x 0 33041
p 0 208 33041
x 0 33042
p 0 204 33042
x 0 33043
p 0 203 33043
x 0 33044
p 0 265 33044
x 0 33045
p 0 168 33045
x 0 33046
p 0 255 33046
x 0 33047
p 0 203 33047
x 0 33048
p 0 170 33048
x 0 33049
p 0 207 33049
x 0 33050
p 0 211 33050
x 0 33051
p 0 213 33051
x 0 33052
p 0 214 33052
x 0 33053
p 0 159 33053
x 0 33054
p 0 208 33054
x 0 33055
p 0 208 33055
x 0 33056
p 0 210 33056
x 0 33057
p 0 208 33057
x 0 33058
p 0 202 33058
x 0 33059
p 0 202 33059
x 0 33060
p 0 226 33060
x 0 33000
h 0 10.0.0.4
p 0 533 33000
x 1 33001
h 1 10.0.0.4
p 1 302 33001
x 0 33002
p 0 184 33002
x 0 33003
p 0 175 33003
x 0 33004
p 0 178 33004
x 0 33005
p 0 208 33005
x 0 33006
p 0 209 33006
x 0 33007
p 0 206 33007
x 0 33008
p 0 206 33008
x 0 33009
p 0 172 33009
x 0 33010
p 0 205 33010
x 0 33011
p 0 201 33011
x 0 33012
p 0 213 33012
x 0 33013
p 0 214 33013
x 0 33014
p 0 241 33014
x 0 33015
p 0 216 33015
x 0 33016
p 0 185 33016
x 0 33017
p 0 180 33017
x 0 33018
p 0 241 33018
x 0 33019
p 0 181 33019
x 0 33020
p 0 215 33020
x 0 33021
p 0 173 33021
x 0 33022
p 0 206 33022
x 0 33023
p 0 171 33023
x 0 33024
p 0 239 33024
x 0 33025
p 0 174 33025
x 0 33026
p 0 195 33026
x 0 33027
p 0 180 33027
x 0 33028
p 0 176 33028
x 0 33029
p 0 176 33029
x 0 33030
p 0 205 33030
x 0 33031
p 0 176 33031
x 0 33032
p 0 172 33032
x 0 33033
p 0 172 33033
x 0 33034
p 0 205 33034
x 0 33035
p 0 170 33035
x 0 33036
p 0 165 33036
x 0 33037
p 0 165 33037
x 0 33038
p 0 165 33038
x 0 33039
p 0 168 33039
x 0 33040
p 0 165 33040
x 0 33041
p 0 158 33041
x 0 33042
p 0 161 33042
x 0 33043
p 0 162 33043
x 0 33044
p 0 168 33044
x 0 33045
p 0 170 33045
x 0 33046
p 0 163 33046
x 0 33047
p 0 214 33047
x 0 33048
p 0 160 33048
x 0 33049
p 0 169 33049
x 0 33050
p 0 200 33050
x 0 33051
p 0 159 33051
x 0 33052
p 0 158 33052
x 0 33053
p 0 159 33053
x 0 33054
p 0 191 33054
x 0 33055
p 0 155 33055
x 0 33056
p 0 169 33056
x 0 33057
p 0 167 33057
x 0 33058
p 0 200 33058
x 0 33059
p 0 164 33059
x 0 33060
p 0 169 33060
x 0 33000
h 0 10.0.0.4
p 0 20490 33000
x 1 33001
h 1 10.0.0.4
p 1 669 33001
x 0 33002
p 0 213 33002
x 0 33003
p 0 209 33003
x 0 33004
p 0 210 33004
x 0 33005
p 0 207 33005
x 0 33006
p 0 203 33006
x 0 33007
p 0 201 33007
x 0 33008
p 0 198 33008
x 0 33009
p 0 201 33009
x 0 33010
p 0 203 33010
x 0 33011
p 0 201 33011
x 0 33012
p 0 203 33012
x 0 33013
p 0 208 33013
x 0 33014
p 0 206 33014
x 0 33015
p 0 206 33015
x 0 33016
p 0 204 33016
x 0 33017
p 0 319 33017
x 0 33018
p 0 323 33018
x 0 33019
p 0 203 33019
x 0 33020
p 0 257 33020
x 0 33021
p 0 206 33021
x 0 33022
p 0 274 33022
x 0 33023
p 0 203 33023
x 0 33024
p 0 203 33024
x 0 33025
p 0 200 33025
x 0 33026
p 0 204 33026
x 0 33027
p 0 204 33027
x 0 33028
p 0 206 33028
x 0 33029
p 0 207 33029
x 0 33030
p 0 205 33030
x 0 33031
p 0 320 33031
x 0 33032
p 0 310 33032
x 0 33033
p 0 310 33033
x 0 33034
p 0 314 33034
x 0 33035
p 0 300 33035
x 0 33036
p 0 207 33036
x 0 33037
p 0 205 33037
x 0 33038
p 0 205 33038
x 0 33039
p 0 266 33039
x 0 33040
p 0 203 33040
x 0 33041
p 0 203 33041
x 0 33042
p 0 204 33042
x 0 33043
p 0 202 33043
x 0 33044
p 0 309 33044
x 0 33045
p 0 206 33045
x 0 33046
p 0 203 33046
x 0 33047
p 0 254 33047
x 0 33048
p 0 200 33048
x 0 33049
p 0 305 33049
x 0 33050
p 0 307 33050
x 0 33051
p 0 221 33051
x 0 33052
p 0 206 33052
x 0 33053
p 0 209 33053
x 0 33054
p 0 205 33054
x 0 33055
p 0 206 33055
x 0 33056
p 0 201 33056
x 0 33057
p 0 207 33057
x 0 33058
p 0 209 33058
x 0 33059
p 0 204 33059
x 0 33060
p 0 246 33060
x 0 33000
h 0 10.0.0.4
p 0 566 33000
x 1 33001
h 1 10.0.0.4
p 1 203 33001
x 0 33002
p 0 208 33002
x 0 33003
p 0 204 33003
x 0 33004
p 0 208 33004
x 0 33005
p 0 211 33005
x 0 33006
p 0 213 33006
x 0 33007
p 0 209 33007
x 0 33008
p 0 211 33008
x 0 33009
p 0 210 33009
x 0 33010
p 0 207 33010
x 0 33011
p 0 279 33011
x 0 33012
p 0 208 33012
x 0 33013
p 0 239 33013
x 0 33014
p 0 207 33014
x 0 33015
p 0 207 33015
x 0 33016
p 0 209 33016
x 0 33017
p 0 206 33017
x 0 33018
p 0 167 33018
x 0 33019
p 0 211 33019
x 0 33020
p 0 212 33020
x 0 33021
p 0 211 33021
x 0 33022
p 0 209 33022
x 0 33023
p 0 211 33023
x 0 33024
p 0 209 33024
x 0 33025
p 0 241 33025
x 0 33026
p 0 209 33026
x 0 33027
p 0 206 33027
x 0 33028
p 0 208 33028
x 0 33029
p 0 209 33029
x 0 33030
p 0 208 33030
x 0 33031
p 0 209 33031
x 0 33032
p 0 250 33032
x 0 33033
p 0 207 33033
x 0 33034
p 0 208 33034
x 0 33035
p 0 208 33035
x 0 33036
p 0 209 33036
x 0 33037
p 0 206 33037
x 0 33038
p 0 205 33038
x 0 33039
p 0 201 33039
x 0 33040
p 0 201 33040
x 0 33041
p 0 201 33041
x 0 33042
p 0 202 33042
x 0 33043
p 0 201 33043
x 0 33044
p 0 172 33044
x 0 33045
p 0 203 33045
x 0 33046
p 0 198 33046
x 0 33047
p 0 200 33047
x 0 33048
p 0 200 33048
x 0 33049
p 0 215 33049
x 0 33050
p 0 199 33050
x 0 33051
p 0 199 33051
x 0 33052
p 0 199 33052
x 0 33053
p 0 199 33053
x 0 33054
p 0 199 33054
x 0 33055
p 0 200 33055
x 0 33056
p 0 225 33056
x 0 33057
p 0 201 33057
x 0 33058
p 0 294 33058
x 0 33059
p 0 440 33059
x 0 33060
p 0 206 33060
x 0 33000
h 0 10.0.0.4
p 0 16447 33000
x 1 33001
h 1 10.0.0.4
p 1 740 33001
x 0 33002
p 0 188 33002
x 0 33003
p 0 223 33003
x 0 33004
p 0 219 33004
x 0 33005
p 0 218 33005
x 0 33006
p 0 263 33006
x 0 33007
p 0 205 33007
x 0 33008
p 0 202 33008
x 0 33009
p 0 205 33009
x 0 33010
p 0 202 33010
x 0 33011
p 0 217 33011
x 0 33012
p 0 307 33012
x 0 33013
p 0 245 33013
x 0 33014
p 0 265 33014
x 0 33015
p 0 201 33015
x 0 33016
p 0 348 33016
x 0 33017
p 0 177 33017
x 0 33018
p 0 290 33018
x 0 33019
p 0 193 33019
x 0 33020
p 0 189 33020
x 0 33021
p 0 206 33021
x 0 33022
p 0 205 33022
x 0 33023
p 0 206 33023
x 0 33024
p 0 173 33024
x 0 33025
p 0 205 33025
x 0 33026
p 0 208 33026
x 0 33027
p 0 206 33027
x 0 33028
p 0 207 33028
x 0 33029
p 0 156 33029
x 0 33030
p 0 207 33030
x 0 33031
p 0 208 33031
x 0 33032
p 0 250 33032
x 0 33033
p 0 207 33033
x 0 33034
p 0 212 33034
x 0 33035
p 0 176 33035
x 0 33036
p 0 214 33036
x 0 33037
p 0 195 33037
x 0 33038
p 0 211 33038
x 0 33039
p 0 138 33039
x 0 33040
p 0 236 33040
x 0 33041
p 0 210 33041
x 0 33042
p 0 209 33042
x 0 33043
p 0 207 33043
x 0 33044
p 0 171 33044
x 0 33045
p 0 237 33045
x 0 33046
p 0 207 33046
x 0 33047
p 0 206 33047
x 0 33048
p 0 209 33048
x 0 33049
p 0 205 33049
x 0 33050
p 0 260 33050
x 0 33051
p 0 208 33051
x 0 33052
p 0 210 33052
x 0 33053
p 0 209 33053
x 0 33054
p 0 207 33054
x 0 33055
p 0 254 33055
x 0 33056
p 0 158 33056
x 0 33057
p 0 220 33057
x 0 33058
p 0 205 33058
x 0 33059
p 0 209 33059
x 0 33060
p 0 169 33060
x 0 33000
h 0 10.0.0.4
p 0 787 33000
x 1 33001
h 1 10.0.0.4
p 1 151 33001
x 0 33002
p 0 159 33002
x 0 33003
p 0 162 33003
x 0 33004
p 0 160 33004
x 0 33005
p 0 164 33005
x 0 33006
p 0 149 33006
x 0 33007
p 0 160 33007
x 0 33008
p 0 210 33008
x 0 33009
p 0 209 33009
x 0 33010
p 0 205 33010
x 0 33011
p 0 206 33011
x 0 33012
p 0 211 33012
x 0 33013
p 0 212 33013
x 0 33014
p 0 335 33014
x 0 33015
p 0 310 33015
x 0 33016
p 0 253 33016
x 0 33017
p 0 212 33017
x 0 33018
p 0 201 33018
x 0 33019
p 0 206 33019
x 0 33020
p 0 232 33020
x 0 33021
p 0 208 33021
x 0 33022
p 0 305 33022
x 0 33023
p 0 215 33023
x 0 33024
p 0 235 33024
x 0 33025
p 0 201 33025
x 0 33026
p 0 211 33026
x 0 33027
p 0 213 33027
x 0 33028
p 0 232 33028
x 0 33029
p 0 206 33029
x 0 33030
p 0 205 33030
x 0 33031
p 0 205 33031
x 0 33032
p 0 245 33032
x 0 33033
p 0 213 33033
x 0 33034
p 0 214 33034
x 0 33035
p 0 207 33035
x 0 33036
p 0 237 33036
x 0 33037
p 0 214 33037
x 0 33038
p 0 210 33038
x 0 33039
p 0 204 33039
x 0 33040
p 0 227 33040
x 0 33041
p 0 204 33041
x 0 33042
p 0 254 33042
x 0 33043
p 0 226 33043
x 0 33044
p 0 238 33044
x 0 33045
p 0 205 33045
x 0 33046
p 0 203 33046
x 0 33047
p 0 206 33047
x 0 33048
p 0 209 33048
x 0 33049
p 0 231 33049
x 0 33050
p 0 201 33050
x 0 33051
p 0 203 33051
x 0 33052
p 0 227 33052
x 0 33053
p 0 216 33053
x 0 33054
p 0 217 33054
x 0 33055
p 0 206 33055
x 0 33056
p 0 202 33056
x 0 33057
p 0 239 33057
x 0 33058
p 0 208 33058
x 0 33059
p 0 204 33059
x 0 33060
p 0 206 33060
x 0 33000
h 0 10.0.0.4
p 0 6643 33000
x 1 33001
h 1 10.0.0.4
p 1 670 33001
x 0 33002
p 0 208 33002
x 0 33003
p 0 208 33003
x 0 33004
p 0 206 33004
x 0 33005
p 0 201 33005
x 0 33006
p 0 205 33006
x 0 33007
p 0 156 33007
x 0 33008
p 0 170 33008
x 0 33009
p 0 203 33009
x 0 33010
p 0 201 33010
x 0 33011
p 0 209 33011
x 0 33012
p 0 175 33012
x 0 33013
p 0 176 33013
x 0 33014
p 0 362 33014
x 0 33015
p 0 341 33015
x 0 33016
p 0 377 33016
x 0 33017
p 0 401 33017
x 0 33018
p 0 352 33018
x 0 33019
p 0 359 33019
x 0 33020
p 0 346 33020
x 0 33021
p 0 936 33021
x 0 33022
p 0 366 33022
x 0 33023
p 0 369 33023
x 0 33024
p 0 388 33024
x 0 33025
p 0 834 33025
x 0 33026
p 0 127 33026
x 0 33027
p 0 206 33027
x 0 33028
p 0 236 33028
x 0 33029
p 0 206 33029
x 0 33030
p 0 286 33030
x 0 33031
p 0 206 33031
x 0 33032
p 0 201 33032
x 0 33033
p 0 205 33033
x 0 33034
p 0 290 33034
x 0 33035
p 0 206 33035
x 0 33036
p 0 244 33036
x 0 33037
p 0 372 33037
x 0 33038
p 0 302 33038
x 0 33039
p 0 304 33039
x 0 33040
p 0 232 33040
x 0 33041
p 0 237 33041
x 0 33042
p 0 212 33042
x 0 33043
p 0 313 33043
x 0 33044
p 0 310 33044
x 0 33045
p 0 287 33045
x 0 33046
p 0 339 33046
x 0 33047
p 0 207 33047
x 0 33048
p 0 235 33048
x 0 33049
p 0 300 33049
x 0 33050
p 0 358 33050
x 0 33051
p 0 303 33051
x 0 33052
p 0 346 33052
x 0 33053
p 0 240 33053
x 0 33054
p 0 208 33054
x 0 33055
p 0 203 33055
x 0 33056
p 0 204 33056
x 0 33057
p 0 173 33057
x 0 33058
p 0 162 33058
x 0 33059
p 0 158 33059
x 0 33060
p 0 210 33060
x 0 33000
h 0 10.0.0.4
p 0 797 33000
x 1 33001
h 1 10.0.0.4
p 1 201 33001
x 0 33002
p 0 202 33002
x 0 33003
p 0 204 33003
x 0 33004
p 0 201 33004
x 0 33005
p 0 202 33005
x 0 33006
p 0 229 33006
x 0 33007
p 0 202 33007
x 0 33008
p 0 199 33008
x 0 33009
p 0 239 33009
x 0 33010
p 0 226 33010
x 0 33011
p 0 199 33011
x 0 33012
p 0 202 33012
x 0 33013
p 0 202 33013
x 0 33014
p 0 228 33014
x 0 33015
p 0 207 33015
x 0 33016
p 0 201 33016
x 0 33017
p 0 201 33017
x 0 33018
p 0 240 33018
x 0 33019
p 0 200 33019
x 0 33020
p 0 204 33020
x 0 33021
p 0 202 33021
x 0 33022
p 0 230 33022
x 0 33023
p 0 218 33023
x 0 33024
p 0 212 33024
x 0 33025
p 0 210 33025
x 0 33026
p 0 253 33026
x 0 33027
p 0 215 33027
x 0 33028
p 0 211 33028
x 0 33029
p 0 213 33029
x 0 33030
p 0 239 33030
x 0 33031
p 0 213 33031
x 0 33032
p 0 215 33032
x 0 33033
p 0 214 33033
x 0 33034
p 0 246 33034
x 0 33035
p 0 213 33035
x 0 33036
p 0 202 33036
x 0 33037
p 0 220 33037
x 0 33038
p 0 229 33038
x 0 33039
p 0 202 33039
x 0 33040
p 0 200 33040
x 0 33041
p 0 205 33041
x 0 33042
p 0 229 33042
x 0 33043
p 0 202 33043
x 0 33044
p 0 199 33044
x 0 33045
p 0 201 33045
x 0 33046
p 0 228 33046
x 0 33047
p 0 199 33047
x 0 33048
p 0 202 33048
x 0 33049
p 0 200 33049
x 0 33050
p 0 233 33050
x 0 33051
p 0 200 33051
x 0 33052
p 0 202 33052
x 0 33053
p 0 201 33053
x 0 33054
p 0 235 33054
x 0 33055
p 0 202 33055
x 0 33056
p 0 206 33056
x 0 33057
p 0 203 33057
x 0 33058
p 0 232 33058
x 0 33059
p 0 201 33059
x 0 33060
p 0 202 33060
x 0 33000
h 0 10.0.0.4
p 0 31064 33000
x 1 33001
h 1 10.0.0.4
p 1 547 33001
x 0 33002
p 0 255 33002
x 0 33003
p 0 212 33003
x 0 33004
p 0 251 33004
x 0 33005
p 0 209 33005
x 0 33006
p 0 201 33006
x 0 33007
p 0 230 33007
x 0 33008
p 0 202 33008
x 0 33009
p 0 203 33009
x 0 33010
p 0 200 33010
x 0 33011
p 0 231 33011
x 0 33012
p 0 200 33012
x 0 33013
p 0 201 33013
x 0 33014
p 0 202 33014
x 0 33015
p 0 240 33015
x 0 33016
p 0 203 33016
x 0 33017
p 0 200 33017
x 0 33018
p 0 203 33018
x 0 33019
p 0 232 33019
x 0 33020
p 0 199 33020
x 0 33021
p 0 172 33021
x 0 33022
p 0 306 33022
x 0 33023
p 0 293 33023
x 0 33024
p 0 249 33024
x 0 33025
p 0 199 33025
x 0 33026
p 0 203 33026
x 0 33027
p 0 201 33027
x 0 33028
p 0 202 33028
x 0 33029
p 0 239 33029
x 0 33030
p 0 205 33030
x 0 33031
p 0 200 33031
x 0 33032
p 0 202 33032
x 0 33033
p 0 240 33033
x 0 33034
p 0 203 33034
x 0 33035
p 0 202 33035
x 0 33036
p 0 203 33036
x 0 33037
p 0 203 33037
x 0 33038
p 0 201 33038
x 0 33039
p 0 203 33039
x 0 33040
p 0 168 33040
x 0 33041
p 0 232 33041
x 0 33042
p 0 199 33042
x 0 33043
p 0 200 33043
x 0 33044
p 0 199 33044
x 0 33045
p 0 232 33045
x 0 33046
p 0 200 33046
x 0 33047
p 0 204 33047
x 0 33048
p 0 179 33048
x 0 33049
p 0 227 33049
x 0 33050
p 0 200 33050
x 0 33051
p 0 169 33051
x 0 33052
p 0 202 33052
x 0 33053
p 0 163 33053
x 0 33054
p 0 176 33054
x 0 33055
p 0 177 33055
x 0 33056
p 0 208 33056
x 0 33057
p 0 215 33057
x 0 33058
p 0 166 33058
x 0 33059
p 0 165 33059
x 0 33060
p 0 168 33060
x 0 33000
h 0 10.0.0.4
p 0 847 33000
x 1 33001
h 1 10.0.0.4
p 1 231 33001
x 0 33002
p 0 168 33002
x 0 33003
p 0 186 33003
x 0 33004
p 0 321 33004
x 0 33005
p 0 208 33005
x 0 33006
p 0 236 33006
x 0 33007
p 0 203 33007
x 0 33008
p 0 205 33008
x 0 33009
p 0 201 33009
x 0 33010
p 0 200 33010
x 0 33011
p 0 216 33011
x 0 33012
p 0 238 33012
x 0 33013
p 0 204 33013
x 0 33014
p 0 201 33014
x 0 33015
p 0 200 33015
x 0 33016
p 0 240 33016
x 0 33017
p 0 312 33017
x 0 33018
p 0 202 33018
x 0 33019
p 0 200 33019
x 0 33020
p 0 201 33020
x 0 33021
p 0 237 33021
x 0 33022
p 0 201 33022
x 0 33023
p 0 205 33023
x 0 33024
p 0 200 33024
x 0 33025
p 0 231 33025
x 0 33026
p 0 201 33026
x 0 33027
p 0 202 33027
x 0 33028
p 0 207 33028
x 0 33029
p 0 245 33029
x 0 33030
p 0 207 33030
x 0 33031
p 0 286 33031
x 0 33032
p 0 206 33032
x 0 33033
p 0 205 33033
x 0 33034
p 0 202 33034
x 0 33035
p 0 205 33035
x 0 33036
p 0 208 33036
x 0 33037
p 0 209 33037
x 0 33038
p 0 206 33038
x 0 33039
p 0 207 33039
x 0 33040
p 0 213 33040
x 0 33041
p 0 249 33041
x 0 33042
p 0 175 33042
x 0 33043
p 0 204 33043
x 0 33044
p 0 209 33044
x 0 33045
p 0 261 33045
x 0 33046
p 0 212 33046
x 0 33047
p 0 478 33047
x 0 33048
p 0 710 33048
x 0 33049
p 0 219 33049
x 0 33050
p 0 213 33050
x 0 33051
p 0 208 33051
x 0 33052
p 0 399 33052
x 0 33053
p 0 356 33053
x 0 33054
p 0 741 33054
x 0 33055
p 0 162 33055
x 0 33056
p 0 192 33056
x 0 33057
p 0 190 33057
x 0 33058
p 0 205 33058
x 0 33059
p 0 432 33059
x 0 33060
p 0 496 33060
x 0 33000
h 0 10.0.0.4
p 0 15287 33000
x 1 33001
h 1 10.0.0.4
p 1 654 33001
x 0 33002
p 0 208 33002
x 0 33003
p 0 206 33003
x 0 33004
p 0 206 33004
x 0 33005
p 0 323 33005
x 0 33006
p 0 342 33006
x 0 33007
p 0 208 33007
x 0 33008
p 0 212 33008
x 0 33009
p 0 217 33009
x 0 33010
p 0 240 33010
x 0 33011
p 0 207 33011
x 0 33012
p 0 211 33012
x 0 33013
p 0 209 33013
x 0 33014
p 0 245 33014
x 0 33015
p 0 206 33015
x 0 33016
p 0 303 33016
x 0 33017
p 0 207 33017
x 0 33018
p 0 238 33018
x 0 33019
p 0 207 33019
x 0 33020
p 0 303 33020
x 0 33021
p 0 298 33021
x 0 33022
p 0 237 33022
x 0 33023
p 0 307 33023
x 0 33024
p 0 302 33024
x 0 33025
p 0 295 33025
x 0 33026
p 0 218 33026
x 0 33027
p 0 207 33027
x 0 33028
p 0 210 33028
x 0 33029
p 0 97 33029
x 0 33030
p 0 247 33030
x 0 33031
p 0 212 33031
x 0 33032
p 0 216 33032
x 0 33033
p 0 216 33033
x 0 33034
p 0 242 33034
x 0 33035
p 0 304 33035
x 0 33036
p 0 214 33036
x 0 33037
p 0 213 33037
x 0 33038
p 0 317 33038
x 0 33039
p 0 301 33039
x 0 33040
p 0 207 33040
x 0 33041
p 0 195 33041
x 0 33042
p 0 242 33042
x 0 33043
p 0 176 33043
x 0 33044
p 0 170 33044
x 0 33045
p 0 177 33045
x 0 33046
p 0 210 33046
x 0 33047
p 0 177 33047
x 0 33048
p 0 194 33048
x 0 33049
p 0 180 33049
x 0 33050
p 0 374 33050
x 0 33051
p 0 203 33051
x 0 33052
p 0 198 33052
x 0 33053
p 0 204 33053
x 0 33054
p 0 270 33054
x 0 33055
p 0 192 33055
x 0 33056
p 0 195 33056
x 0 33057
p 0 182 33057
x 0 33058
p 0 196 33058
x 0 33059
p 0 160 33059
x 0 33060
p 0 160 33060
x 0 33000
h 0 10.0.0.4
p 0 496 33000
x 1 33001
h 1 10.0.0.4
p 1 203 33001
x 0 33002
p 0 212 33002
x 0 33003
p 0 210 33003
x 0 33004
p 0 68 33004
x 0 33005
p 0 237 33005
x 0 33006
p 0 206 33006
x 0 33007
p 0 206 33007
x 0 33008
p 0 213 33008
x 0 33009
p 0 215 33009
x 0 33010
p 0 216 33010
x 0 33011
p 0 243 33011
x 0 33012
p 0 212 33012
x 0 33013
p 0 213 33013
x 0 33014
p 0 174 33014
x 0 33015
p 0 261 33015
x 0 33016
p 0 209 33016
x 0 33017
p 0 177 33017
x 0 33018
p 0 161 33018
x 0 33019
p 0 191 33019
x 0 33020
p 0 187 33020
x 0 33021
p 0 181 33021
x 0 33022
p 0 179 33022
x 0 33023
p 0 213 33023
x 0 33024
p 0 143 33024
x 0 33025
p 0 180 33025
x 0 33026
p 0 180 33026
x 0 33027
p 0 216 33027
x 0 33028
p 0 180 33028
x 0 33029
p 0 178 33029
x 0 33030
p 0 185 33030
x 0 33031
p 0 215 33031
x 0 33032
p 0 183 33032
x 0 33033
p 0 185 33033
x 0 33034
p 0 179 33034
x 0 33035
p 0 175 33035
x 0 33036
p 0 176 33036
x 0 33037
p 0 182 33037
x 0 33038
p 0 185 33038
x 0 33039
p 0 176 33039
x 0 33040
p 0 185 33040
x 0 33041
p 0 181 33041
x 0 33042
p 0 182 33042
x 0 33043
p 0 164 33043
x 0 33044
p 0 180 33044
x 0 33045
p 0 273 33045
x 0 33046
p 0 159 33046
x 0 33047
p 0 212 33047
x 0 33048
p 0 170 33048
x 0 33049
p 0 374 33049
x 0 33050
p 0 360 33050
x 0 33051
p 0 399 33051
x 0 33052
p 0 311 33052
x 0 33053
p 0 289 33053
x 0 33054
p 0 350 33054
x 0 33055
p 0 287 33055
x 0 33056
p 0 224 33056
x 0 33057
p 0 221 33057
x 0 33058
p 0 225 33058
x 0 33059
p 0 179 33059
x 0 33060
p 0 182 33060
x 0 33000
h 0 10.0.0.4
p 0 5659 33000
x 1 33001
h 1 10.0.0.4
p 1 626 33001
x 0 33002
p 0 220 33002
x 0 33003
p 0 212 33003
x 0 33004
p 0 206 33004
x 0 33005
p 0 200 33005
x 0 33006
p 0 205 33006
x 0 33007
p 0 206 33007
x 0 33008
p 0 206 33008
x 0 33009
p 0 207 33009
x 0 33010
p 0 234 33010
x 0 33011
p 0 191 33011
x 0 33012
p 0 177 33012
x 0 33013
p 0 175 33013
x 0 33014
p 0 207 33014
x 0 33015
p 0 176 33015
x 0 33016
p 0 177 33016
x 0 33017
p 0 207 33017
x 0 33018
p 0 202 33018
x 0 33019
p 0 173 33019
x 0 33020
p 0 205 33020
x 0 33021
p 0 252 33021
x 0 33022
p 0 204 33022
x 0 33023
p 0 209 33023
x 0 33024
p 0 207 33024
x 0 33025
p 0 211 33025
x 0 33026
p 0 258 33026
x 0 33027
p 0 181 33027
x 0 33028
p 0 212 33028
x 0 33029
p 0 211 33029
x 0 33030
p 0 210 33030
x 0 33031
p 0 216 33031
x 0 33032
p 0 213 33032
x 0 33033
p 0 253 33033
x 0 33034
p 0 210 33034
x 0 33035
p 0 208 33035
x 0 33036
p 0 206 33036
x 0 33037
p 0 208 33037
x 0 33038
p 0 208 33038
x 0 33039
p 0 236 33039
x 0 33040
p 0 263 33040
x 0 33041
p 0 210 33041
x 0 33042
p 0 217 33042
x 0 33043
p 0 216 33043
x 0 33044
p 0 210 33044
x 0 33045
p 0 216 33045
x 0 33046
p 0 241 33046
x 0 33047
p 0 255 33047
x 0 33048
p 0 213 33048
x 0 33049
p 0 214 33049
x 0 33050
p 0 212 33050
x 0 33051
p 0 209 33051
x 0 33052
p 0 194 33052
x 0 33053
p 0 210 33053
x 0 33054
p 0 248 33054
x 0 33055
p 0 208 33055
x 0 33056
p 0 210 33056
x 0 33057
p 0 206 33057
x 0 33058
p 0 208 33058
x 0 33059
p 0 212 33059
x 0 33060
p 0 243 33060
x 0 33000
h 0 10.0.0.4
p 0 547 33000
x 1 33001
h 1 10.0.0.4
p 1 205 33001
x 0 33002
p 0 210 33002
x 0 33003
p 0 204 33003
x 0 33004
p 0 212 33004
x 0 33005
p 0 208 33005
x 0 33006
p 0 210 33006
x 0 33007
p 0 213 33007
x 0 33008
p 0 214 33008
x 0 33009
p 0 188 33009
x 0 33010
p 0 219 33010
x 0 33011
p 0 213 33011
x 0 33012
p 0 221 33012
x 0 33013
p 0 214 33013
x 0 33014
p 0 211 33014
x 0 33015
p 0 242 33015
x 0 33016
p 0 238 33016
x 0 33017
p 0 212 33017
x 0 33018
p 0 208 33018
x 0 33019
p 0 208 33019
x 0 33020
p 0 280 33020
x 0 33021
p 0 284 33021
x 0 33022
p 0 354 33022
x 0 33023
p 0 283 33023
x 0 33024
p 0 359 33024
x 0 33025
p 0 349 33025
x 0 33026
p 0 382 33026
x 0 33027
p 0 253 33027
x 0 33028
p 0 280 33028
x 0 33029
p 0 286 33029
x 0 33030
p 0 277 33030
x 0 33031
p 0 275 33031
x 0 33032
p 0 221 33032
x 0 33033
p 0 222 33033
x 0 33034
p 0 251 33034
x 0 33035
p 0 250 33035
x 0 33036
p 0 209 33036
x 0 33037
p 0 213 33037
x 0 33038
p 0 216 33038
x 0 33039
p 0 216 33039
x 0 33040
p 0 211 33040
x 0 33041
p 0 242 33041
x 0 33042
p 0 275 33042
x 0 33043
p 0 214 33043
x 0 33044
p 0 216 33044
x 0 33045
p 0 187 33045
x 0 33046
p 0 213 33046
x 0 33047
p 0 207 33047
x 0 33048
p 0 209 33048
x 0 33049
p 0 207 33049
x 0 33050
p 0 208 33050
x 0 33051
p 0 206 33051
x 0 33052
p 0 208 33052
x 0 33053
p 0 213 33053
x 0 33054
p 0 214 33054
x 0 33055
p 0 213 33055
x 0 33056
p 0 215 33056
x 0 33057
p 0 189 33057
x 0 33058
p 0 216 33058
x 0 33059
p 0 213 33059
x 0 33060
p 0 216 33060
x 0 33000
h 0 10.0.0.4
p 0 4158 33000
x 1 33001
h 1 10.0.0.4
p 1 618 33001
x 0 33002
p 0 214 33002
x 0 33003
p 0 208 33003
x 0 33004
p 0 209 33004
x 0 33005
p 0 236 33005
x 0 33006
p 0 206 33006
x 0 33007
p 0 205 33007
x 0 33008
p 0 201 33008
x 0 33009
p 0 201 33009
x 0 33010
p 0 201 33010
x 0 33011
p 0 200 33011
x 0 33012
p 0 202 33012
x 0 33013
p 0 202 33013
x 0 33014
p 0 202 33014
x 0 33015
p 0 204 33015
x 0 33016
p 0 202 33016
x 0 33017
p 0 201 33017
x 0 33018
p 0 201 33018
x 0 33019
p 0 257 33019
x 0 33020
p 0 198 33020
x 0 33021
p 0 208 33021
x 0 33022
p 0 209 33022
x 0 33023
p 0 208 33023
x 0 33024
p 0 206 33024
x 0 33025
p 0 209 33025
x 0 33026
p 0 205 33026
x 0 33027
p 0 188 33027
x 0 33028
p 0 206 33028
x 0 33029
p 0 205 33029
x 0 33030
p 0 94 33030
x 0 33031
p 0 205 33031
x 0 33032
p 0 223 33032
x 0 33033
p 0 257 33033
x 0 33034
p 0 207 33034
x 0 33035
p 0 195 33035
x 0 33036
p 0 202 33036
x 0 33037
p 0 199 33037
x 0 33038
p 0 201 33038
x 0 33039
p 0 200 33039
x 0 33040
p 0 200 33040
x 0 33041
p 0 199 33041
x 0 33042
p 0 215 33042
x 0 33043
p 0 201 33043
x 0 33044
p 0 199 33044
x 0 33045
p 0 201 33045
x 0 33046
p 0 200 33046
x 0 33047
p 0 203 33047
x 0 33048
p 0 201 33048
x 0 33049
p 0 237 33049
x 0 33050
p 0 201 33050
x 0 33051
p 0 204 33051
x 0 33052
p 0 200 33052
x 0 33053
p 0 201 33053
x 0 33054
p 0 202 33054
x 0 33055
p 0 203 33055
x 0 33056
p 0 202 33056
x 0 33057
p 0 200 33057
x 0 33058
p 0 199 33058
x 0 33059
p 0 204 33059
x 0 33060
p 0 204 33060
x 0 33000
h 0 10.0.0.4
p 0 830 33000
x 1 33001
h 1 10.0.0.4
p 1 256 33001
x 0 33002
p 0 239 33002
x 0 33003
p 0 213 33003
x 0 33004
p 0 217 33004
x 0 33005
p 0 278 33005
x 0 33006
p 0 164 33006
x 0 33007
p 0 164 33007
x 0 33008
p 0 155 33008
x 0 33009
p 0 164 33009
x 0 33010
p 0 163 33010
x 0 33011
p 0 190 33011
x 0 33012
p 0 161 33012
x 0 33013
p 0 159 33013
x 0 33014
p 0 149 33014
x 0 33015
p 0 148 33015
x 0 33016
p 0 154 33016
x 0 33017
p 0 152 33017
x 0 33018
p 0 158 33018
x 0 33019
p 0 152 33019
x 0 33020
p 0 151 33020
x 0 33021
p 0 149 33021
x 0 33022
p 0 93 33022
x 0 33023
p 0 270 33023
x 0 33024
p 0 174 33024
x 0 33025
p 0 98 33025
x 0 33026
p 0 150 33026
x 0 33027
p 0 224 33027
x 0 33028
p 0 148 33028
x 0 33029
p 0 211 33029
x 0 33030
p 0 148 33030
x 0 33031
p 0 206 33031
x 0 33032
p 0 179 33032
x 0 33033
p 0 204 33033
x 0 33034
p 0 148 33034
x 0 33035
p 0 210 33035
x 0 33036
p 0 134 33036
x 0 33037
p 0 259 33037
x 0 33038
p 0 147 33038
x 0 33039
p 0 343 33039
x 0 33040
p 0 210 33040
x 0 33041
p 0 213 33041
x 0 33042
p 0 219 33042
x 0 33043
p 0 248 33043
x 0 33044
p 0 260 33044
x 0 33045
p 0 216 33045
x 0 33046
p 0 210 33046
x 0 33047
p 0 210 33047
x 0 33048
p 0 210 33048
x 0 33049
p 0 212 33049
x 0 33050
p 0 267 33050
x 0 33051
p 0 292 33051
x 0 33052
p 0 248 33052
x 0 33053
p 0 248 33053
x 0 33054
p 0 246 33054
x 0 33055
p 0 256 33055
x 0 33056
p 0 156 33056
x 0 33057
p 0 215 33057
x 0 33058
p 0 217 33058
x 0 33059
p 0 219 33059
x 0 33060
p 0 171 33060
x 0 33000
h 0 10.0.0.4
p 0 2395 33000
x 1 33001
h 1 10.0.0.4
p 1 561 33001
x 0 33002
p 0 246 33002
x 0 33003
p 0 205 33003
x 0 33004
p 0 206 33004
x 0 33005
p 0 109 33005
x 0 33006
p 0 242 33006
x 0 33007
p 0 199 33007
x 0 33008
p 0 203 33008
x 0 33009
p 0 206 33009
x 0 33010
p 0 203 33010
x 0 33011
p 0 200 33011
x 0 33012
p 0 204 33012
x 0 33013
p 0 203 33013
x 0 33014
p 0 235 33014
x 0 33015
p 0 200 33015
x 0 33016
p 0 200 33016
x 0 33017
p 0 199 33017
x 0 33018
p 0 202 33018
x 0 33019
p 0 199 33019
x 0 33020
p 0 174 33020
x 0 33021
p 0 198 33021
x 0 33022
p 0 202 33022
x 0 33023
p 0 198 33023
x 0 33024
p 0 200 33024
x 0 33025
p 0 201 33025
x 0 33026
p 0 202 33026
x 0 33027
p 0 198 33027
x 0 33028
p 0 200 33028
x 0 33029
p 0 199 33029
x 0 33030
p 0 202 33030
x 0 33031
p 0 200 33031
x 0 33032
p 0 202 33032
x 0 33033
p 0 202 33033
x 0 33034
p 0 202 33034
x 0 33035
p 0 199 33035
x 0 33036
p 0 202 33036
x 0 33037
p 0 198 33037
x 0 33038
p 0 199 33038
x 0 33039
p 0 199 33039
x 0 33040
p 0 202 33040
x 0 33041
p 0 199 33041
x 0 33042
p 0 232 33042
x 0 33043
p 0 202 33043
x 0 33044
p 0 229 33044
x 0 33045
p 0 170 33045
x 0 33046
p 0 202 33046
x 0 33047
p 0 173 33047
x 0 33048
p 0 204 33048
x 0 33049
p 0 172 33049
x 0 33050
p 0 202 33050
x 0 33051
p 0 205 33051
x 0 33052
p 0 173 33052
x 0 33053
p 0 172 33053
x 0 33054
p 0 202 33054
x 0 33055
p 0 175 33055
x 0 33056
p 0 177 33056
x 0 33057
p 0 172 33057
x 0 33058
p 0 165 33058
x 0 33059
p 0 174 33059
x 0 33060
p 0 178 33060
x 0 33000
h 0 10.0.0.4
p 0 639 33000
x 1 33001
h 1 10.0.0.4
p 1 207 33001
x 0 33002
p 0 209 33002
x 0 33003
p 0 205 33003
x 0 33004
p 0 174 33004
x 0 33005
p 0 162 33005
x 0 33006
p 0 281 33006
x 0 33007
p 0 203 33007
x 0 33008
p 0 169 33008
x 0 33009
p 0 170 33009
x 0 33010
p 0 207 33010
x 0 33011
p 0 204 33011
x 0 33012
p 0 168 33012
x 0 33013
p 0 173 33013
x 0 33014
p 0 208 33014
x 0 33015
p 0 202 33015
x 0 33016
p 0 169 33016
x 0 33017
p 0 173 33017
x 0 33018
p 0 210 33018
x 0 33019
p 0 207 33019
x 0 33020
p 0 175 33020
x 0 33021
p 0 171 33021
x 0 33022
p 0 205 33022
x 0 33023
p 0 225 33023
x 0 33024
p 0 168 33024
x 0 33025
p 0 171 33025
x 0 33026
p 0 170 33026
x 0 33027
p 0 201 33027
x 0 33028
p 0 164 33028
x 0 33029
p 0 168 33029
x 0 33030
p 0 205 33030
x 0 33031
p 0 201 33031
x 0 33032
p 0 166 33032
x 0 33033
p 0 175 33033
x 0 33034
p 0 248 33034
x 0 33035
p 0 204 33035
x 0 33036
p 0 173 33036
x 0 33037
p 0 175 33037
x 0 33038
p 0 203 33038
x 0 33039
p 0 204 33039
x 0 33040
p 0 172 33040
x 0 33041
p 0 172 33041
x 0 33042
p 0 338 33042
x 0 33043
p 0 176 33043
x 0 33044
p 0 280 33044
x 0 33045
p 0 173 33045
x 0 33046
p 0 204 33046
x 0 33047
p 0 203 33047
x 0 33048
p 0 163 33048
x 0 33049
p 0 172 33049
x 0 33050
p 0 205 33050
x 0 33051
p 0 202 33051
x 0 33052
p 0 203 33052
x 0 33053
p 0 174 33053
x 0 33054
p 0 209 33054
x 0 33055
p 0 203 33055
x 0 33056
p 0 173 33056
x 0 33057
p 0 177 33057
x 0 33058
p 0 177 33058
x 0 33059
p 0 165 33059
x 0 33060
p 0 196 33060
x 0 33000
h 0 10.0.0.4
p 0 3403 33000
x 1 33001
h 1 10.0.0.4
p 1 537 33001
x 0 33002
p 0 209 33002
x 0 33003
p 0 207 33003
x 0 33004
p 0 206 33004
x 0 33005
p 0 205 33005
x 0 33006
p 0 204 33006
x 0 33007
p 0 209 33007
x 0 33008
p 0 256 33008
x 0 33009
p 0 207 33009
x 0 33010
p 0 175 33010
x 0 33011
p 0 205 33011
x 0 33012
p 0 206 33012
x 0 33013
p 0 207 33013
x 0 33014
p 0 184 33014
x 0 33015
p 0 204 33015
x 0 33016
p 0 205 33016
x 0 33017
p 0 205 33017
x 0 33018
p 0 173 33018
x 0 33019
p 0 174 33019
x 0 33020
p 0 238 33020
x 0 33021
p 0 203 33021
x 0 33022
p 0 201 33022
x 0 33023
p 0 169 33023
x 0 33024
p 0 202 33024
x 0 33025
p 0 204 33025
x 0 33026
p 0 202 33026
x 0 33027
p 0 167 33027
x 0 33028
p 0 95 33028
x 0 33029
p 0 203 33029
x 0 33030
p 0 204 33030
x 0 33031
p 0 74 33031
x 0 33032
p 0 202 33032
x 0 33033
p 0 203 33033
x 0 33034
p 0 202 33034
x 0 33035
p 0 176 33035
x 0 33036
p 0 205 33036
x 0 33037
p 0 202 33037
x 0 33038
p 0 156 33038
x 0 33039
p 0 178 33039
x 0 33040
p 0 205 33040
x 0 33041
p 0 239 33041
x 0 33042
p 0 207 33042
x 0 33043
p 0 181 33043
x 0 33044
p 0 176 33044
x 0 33045
p 0 205 33045
x 0 33046
p 0 175 33046
x 0 33047
p 0 180 33047
x 0 33048
p 0 180 33048
x 0 33049
p 0 175 33049
x 0 33050
p 0 173 33050
x 0 33051
p 0 179 33051
x 0 33052
p 0 198 33052
x 0 33053
p 0 171 33053
x 0 33054
p 0 168 33054
x 0 33055
p 0 175 33055
x 0 33056
p 0 161 33056
x 0 33057
p 0 165 33057
x 0 33058
p 0 160 33058
x 0 33059
p 0 150 33059
x 0 33060
p 0 162 33060
x 0 33000
h 0 10.0.0.4
p 0 753 33000
x 1 33001
h 1 10.0.0.4
p 1 207 33001
x 0 33002
p 0 251 33002
x 0 33003
p 0 213 33003
x 0 33004
p 0 210 33004
x 0 33005
p 0 207 33005
x 0 33006
p 0 206 33006
x 0 33007
p 0 300 33007
x 0 33008
p 0 289 33008
x 0 33009
p 0 211 33009
x 0 33010
p 0 212 33010
x 0 33011
p 0 207 33011
x 0 33012
p 0 209 33012
x 0 33013
p 0 212 33013
x 0 33014
p 0 208 33014
x 0 33015
p 0 310 33015
x 0 33016
p 0 212 33016
x 0 33017
p 0 210 33017
x 0 33018
p 0 216 33018
x 0 33019
p 0 209 33019
x 0 33020
p 0 208 33020
x 0 33021
p 0 212 33021
x 0 33022
p 0 278 33022
x 0 33023
p 0 209 33023
x 0 33024
p 0 211 33024
x 0 33025
p 0 209 33025
x 0 33026
p 0 209 33026
x 0 33027
p 0 211 33027
x 0 33028
p 0 209 33028
x 0 33029
p 0 209 33029
x 0 33030
p 0 209 33030
x 0 33031
p 0 212 33031
x 0 33032
p 0 212 33032
x 0 33033
p 0 210 33033
x 0 33034
p 0 210 33034
x 0 33035
p 0 209 33035
x 0 33036
p 0 207 33036
x 0 33037
p 0 213 33037
x 0 33038
p 0 254 33038
x 0 33039
p 0 209 33039
x 0 33040
p 0 213 33040
x 0 33041
p 0 215 33041
x 0 33042
p 0 214 33042
x 0 33043
p 0 212 33043
x 0 33044
p 0 216 33044
x 0 33045
p 0 213 33045
x 0 33046
p 0 219 33046
x 0 33047
p 0 214 33047
x 0 33048
p 0 214 33048
x 0 33049
p 0 214 33049
x 0 33050
p 0 214 33050
x 0 33051
p 0 272 33051
x 0 33052
p 0 211 33052
x 0 33053
p 0 213 33053
x 0 33054
p 0 213 33054
x 0 33055
p 0 211 33055
x 0 33056
p 0 209 33056
x 0 33057
p 0 211 33057
x 0 33058
p 0 263 33058
x 0 33059
p 0 212 33059
x 0 33060
p 0 248 33060
x 0 33000
h 0 10.0.0.4
p 0 5406 33000
x 1 33001
h 1 10.0.0.4
p 1 481 33001
x 0 33002
p 0 236 33002
x 0 33003
p 0 177 33003
x 0 33004
p 0 208 33004
x 0 33005
p 0 220 33005
x 0 33006
p 0 210 33006
x 0 33007
p 0 208 33007
x 0 33008
p 0 206 33008
x 0 33009
p 0 211 33009
x 0 33010
p 0 206 33010
x 0 33011
p 0 335 33011
x 0 33012
p 0 221 33012
x 0 33013
p 0 331 33013
x 0 33014
p 0 414 33014
x 0 33015
p 0 258 33015
x 0 33016
p 0 241 33016
x 0 33017
p 0 246 33017
x 0 33018
p 0 238 33018
x 0 33019
p 0 202 33019
x 0 33020
p 0 204 33020
x 0 33021
p 0 203 33021
x 0 33022
p 0 201 33022
x 0 33023
p 0 202 33023
x 0 33024
p 0 201 33024
x 0 33025
p 0 199 33025
x 0 33026
p 0 242 33026
x 0 33027
p 0 202 33027
x 0 33028
p 0 199 33028
x 0 33029
p 0 198 33029
x 0 33030
p 0 202 33030
x 0 33031
p 0 200 33031
x 0 33032
p 0 204 33032
x 0 33033
p 0 204 33033
x 0 33034
p 0 201 33034
x 0 33035
p 0 204 33035
x 0 33036
p 0 209 33036
x 0 33037
p 0 205 33037
x 0 33038
p 0 206 33038
x 0 33039
p 0 206 33039
x 0 33040
p 0 206 33040
x 0 33041
p 0 207 33041
x 0 33042
p 0 206 33042
x 0 33043
p 0 205 33043
x 0 33044
p 0 206 33044
x 0 33045
p 0 251 33045
x 0 33046
p 0 209 33046
x 0 33047
p 0 205 33047
x 0 33048
p 0 205 33048
x 0 33049
p 0 232 33049
x 0 33050
p 0 204 33050
x 0 33051
p 0 223 33051
x 0 33052
p 0 201 33052
x 0 33053
p 0 204 33053
x 0 33054
p 0 176 33054
x 0 33055
p 0 204 33055
x 0 33056
p 0 242 33056
x 0 33057
p 0 207 33057
x 0 33058
p 0 176 33058
x 0 33059
p 0 204 33059
x 0 33060
p 0 178 33060
x 0 33000
h 0 10.0.0.4
p 0 1000 33000
x 1 33001
h 1 10.0.0.4
p 1 208 33001
x 0 33002
p 0 165 33002
x 0 33003
p 0 258 33003
x 0 33004
p 0 251 33004
x 0 33005
p 0 210 33005
x 0 33006
p 0 211 33006
x 0 33007
p 0 217 33007
x 0 33008
p 0 280 33008
x 0 33009
p 0 172 33009
x 0 33010
p 0 168 33010
x 0 33011
p 0 173 33011
x 0 33012
p 0 172 33012
x 0 33013
p 0 173 33013
x 0 33014
p 0 152 33014
x 0 33015
p 0 150 33015
x 0 33016
p 0 151 33016
x 0 33017
p 0 153 33017
x 0 33018
p 0 152 33018
x 0 33019
p 0 189 33019
x 0 33020
p 0 193 33020
x 0 33021
p 0 154 33021
x 0 33022
p 0 151 33022
x 0 33023
p 0 197 33023
x 0 33024
p 0 190 33024
x 0 33025
p 0 212 33025
x 0 33026
p 0 216 33026
x 0 33027
p 0 232 33027
x 0 33028
p 0 158 33028
x 0 33029
p 0 240 33029
x 0 33030
p 0 155 33030
x 0 33031
p 0 165 33031
x 0 33032
p 0 200 33032
x 0 33033
p 0 205 33033
x 0 33034
p 0 159 33034
x 0 33035
p 0 190 33035
x 0 33036
p 0 196 33036
x 0 33037
p 0 164 33037
x 0 33038
p 0 154 33038
x 0 33039
p 0 164 33039
x 0 33040
p 0 199 33040
x 0 33041
p 0 193 33041
x 0 33042
p 0 163 33042
x 0 33043
p 0 152 33043
x 0 33044
p 0 166 33044
x 0 33045
p 0 213 33045
x 0 33046
p 0 155 33046
x 0 33047
p 0 159 33047
x 0 33048
p 0 148 33048
x 0 33049
p 0 199 33049
x 0 33050
p 0 150 33050
x 0 33051
p 0 195 33051
x 0 33052
p 0 246 33052
x 0 33053
p 0 161 33053
x 0 33054
p 0 147 33054
x 0 33055
p 0 164 33055
x 0 33056
p 0 190 33056
x 0 33057
p 0 156 33057
x 0 33058
p 0 150 33058
x 0 33059
p 0 162 33059
x 0 33060
p 0 149 33060
x 0 33000
h 0 10.0.0.4
p 0 2668 33000
x 1 33001
h 1 10.0.0.4
p 1 1054 33001
x 0 33002
p 0 159 33002
x 0 33003
p 0 211 33003
x 0 33004
p 0 155 33004
x 0 33005
p 0 243 33005
x 0 33006
p 0 231 33006
x 0 33007
p 0 218 33007
x 0 33008
p 0 217 33008
x 0 33009
p 0 186 33009
x 0 33010
p 0 216 33010
x 0 33011
p 0 225 33011
x 0 33012
p 0 182 33012
x 0 33013
p 0 180 33013
x 0 33014
p 0 210 33014
x 0 33015
p 0 221 33015
x 0 33016
p 0 184 33016
x 0 33017
p 0 189 33017
x 0 33018
p 0 219 33018
x 0 33019
p 0 183 33019
x 0 33020
p 0 194 33020
x 0 33021
p 0 187 33021
x 0 33022
p 0 184 33022
x 0 33023
p 0 189 33023
x 0 33024
p 0 185 33024
x 0 33025
p 0 191 33025
x 0 33026
p 0 174 33026
x 0 33027
p 0 180 33027
x 0 33028
p 0 217 33028
x 0 33029
p 0 219 33029
x 0 33030
p 0 232 33030
x 0 33031
p 0 217 33031
x 0 33032
p 0 214 33032
x 0 33033
p 0 226 33033
x 0 33034
p 0 254 33034
x 0 33035
p 0 281 33035
x 0 33036
p 0 228 33036
x 0 33037
p 0 220 33037
x 0 33038
p 0 224 33038
x 0 33039
p 0 228 33039
x 0 33040
p 0 235 33040
x 0 33041
p 0 221 33041
x 0 33042
p 0 230 33042
x 0 33043
p 0 251 33043
x 0 33044
p 0 227 33044
x 0 33045
p 0 333 33045
x 0 33046
p 0 226 33046
x 0 33047
p 0 211 33047
x 0 33048
p 0 213 33048
x 0 33049
p 0 265 33049
x 0 33050
p 0 222 33050
x 0 33051
p 0 219 33051
x 0 33052
p 0 216 33052
x 0 33053
p 0 215 33053
x 0 33054
p 0 217 33054
x 0 33055
p 0 224 33055
x 0 33056
p 0 215 33056
x 0 33057
p 0 155 33057
x 0 33058
p 0 214 33058
x 0 33059
p 0 214 33059
x 0 33060
p 0 86 33060
x 0 33000
h 0 10.0.0.4
p 0 651 33000
x 1 33001
h 1 10.0.0.4
p 1 202 33001
x 0 33002
p 0 263 33002
x 0 33003
p 0 209 33003
x 0 33004
p 0 248 33004
x 0 33005
p 0 183 33005
x 0 33006
p 0 181 33006
x 0 33007
p 0 192 33007
x 0 33008
p 0 156 33008
x 0 33009
p 0 174 33009
x 0 33010
p 0 163 33010
x 0 33011
p 0 160 33011
x 0 33012
p 0 165 33012
x 0 33013
p 0 202 33013
x 0 33014
p 0 186 33014
x 0 33015
p 0 217 33015
x 0 33016
p 0 350 33016
x 0 33017
p 0 187 33017
x 0 33018
p 0 182 33018
x 0 33019
p 0 181 33019
x 0 33020
p 0 187 33020
x 0 33021
p 0 181 33021
x 0 33022
p 0 184 33022
x 0 33023
p 0 182 33023
x 0 33024
p 0 214 33024
x 0 33025
p 0 137 33025
x 0 33026
p 0 205 33026
x 0 33027
p 0 188 33027
x 0 33028
p 0 211 33028
x 0 33029
p 0 207 33029
x 0 33030
p 0 212 33030
x 0 33031
p 0 263 33031
x 0 33032
p 0 314 33032
x 0 33033
p 0 239 33033
x 0 33034
p 0 255 33034
x 0 33035
p 0 192 33035
x 0 33036
p 0 210 33036
x 0 33037
p 0 227 33037
x 0 33038
p 0 210 33038
x 0 33039
p 0 225 33039
x 0 33040
p 0 244 33040
x 0 33041
p 0 210 33041
x 0 33042
p 0 211 33042
x 0 33043
p 0 209 33043
x 0 33044
p 0 208 33044
x 0 33045
p 0 204 33045
x 0 33046
p 0 284 33046
x 0 33047
p 0 209 33047
x 0 33048
p 0 210 33048
x 0 33049
p 0 206 33049
x 0 33050
p 0 207 33050
x 0 33051
p 0 209 33051
x 0 33052
p 0 207 33052
x 0 33053
p 0 205 33053
x 0 33054
p 0 207 33054
x 0 33055
p 0 200 33055
x 0 33056
p 0 206 33056
x 0 33057
p 0 207 33057
x 0 33058
p 0 205 33058
x 0 33059
p 0 205 33059
x 0 33060
p 0 204 33060
x 0 33000
h 0 10.0.0.4
p 0 6080 33000
x 1 33001
h 1 10.0.0.4
p 1 750 33001
x 0 33002
p 0 191 33002
x 0 33003
p 0 178 33003
x 0 33004
p 0 207 33004
x 0 33005
p 0 208 33005
x 0 33006
p 0 210 33006
x 0 33007
p 0 174 33007
x 0 33008
p 0 170 33008
x 0 33009
p 0 207 33009
x 0 33010
p 0 199 33010
x 0 33011
p 0 172 33011
x 0 33012
p 0 176 33012
x 0 33013
p 0 170 33013
x 0 33014
p 0 203 33014
x 0 33015
p 0 170 33015
x 0 33016
p 0 171 33016
x 0 33017
p 0 180 33017
x 0 33018
p 0 200 33018
x 0 33019
p 0 171 33019
x 0 33020
p 0 172 33020
x 0 33021
p 0 203 33021
x 0 33022
p 0 201 33022
x 0 33023
p 0 168 33023
x 0 33024
p 0 170 33024
x 0 33025
p 0 205 33025
x 0 33026
p 0 181 33026
x 0 33027
p 0 171 33027
x 0 33028
p 0 154 33028
x 0 33029
p 0 167 33029
x 0 33030
p 0 204 33030
x 0 33031
p 0 169 33031
x 0 33032
p 0 172 33032
x 0 33033
p 0 150 33033
x 0 33034
p 0 206 33034
x 0 33035
p 0 256 33035
x 0 33036
p 0 144 33036
x 0 33037
p 0 207 33037
x 0 33038
p 0 204 33038
x 0 33039
p 0 172 33039
x 0 33040
p 0 148 33040
x 0 33041
p 0 201 33041
x 0 33042
p 0 201 33042
x 0 33043
p 0 171 33043
x 0 33044
p 0 173 33044
x 0 33045
p 0 202 33045
x 0 33046
p 0 202 33046
x 0 33047
p 0 181 33047
x 0 33048
p 0 171 33048
x 0 33049
p 0 202 33049
x 0 33050
p 0 200 33050
x 0 33051
p 0 167 33051
x 0 33052
p 0 176 33052
x 0 33053
p 0 200 33053
x 0 33054
p 0 201 33054
x 0 33055
p 0 265 33055
x 0 33056
p 0 169 33056
x 0 33057
p 0 200 33057
x 0 33058
p 0 200 33058
x 0 33059
p 0 164 33059
x 0 33060
p 0 170 33060
x 0 33000
h 0 10.0.0.4
p 0 625 33000
x 1 33001
h 1 10.0.0.4
p 1 208 33001
x 0 33002
p 0 211 33002
x 0 33003
p 0 213 33003
x 0 33004
p 0 215 33004
x 0 33005
p 0 215 33005
x 0 33006
p 0 242 33006
x 0 33007
p 0 186 33007
x 0 33008
p 0 178 33008
x 0 33009
p 0 210 33009
x 0 33010
p 0 207 33010
x 0 33011
p 0 177 33011
x 0 33012
p 0 178 33012
x 0 33013
p 0 210 33013
x 0 33014
p 0 210 33014
x 0 33015
p 0 178 33015
x 0 33016
p 0 198 33016
x 0 33017
p 0 208 33017
x 0 33018
p 0 184 33018
x 0 33019
p 0 176 33019
x 0 33020
p 0 176 33020
x 0 33021
p 0 206 33021
x 0 33022
p 0 207 33022
x 0 33023
p 0 190 33023
x 0 33024
p 0 178 33024
x 0 33025
p 0 210 33025
x 0 33026
p 0 257 33026
x 0 33027
p 0 179 33027
x 0 33028
p 0 181 33028
x 0 33029
p 0 207 33029
x 0 33030
p 0 209 33030
x 0 33031
p 0 181 33031
x 0 33032
p 0 179 33032
x 0 33033
p 0 208 33033
x 0 33034
p 0 207 33034
x 0 33035
p 0 181 33035
x 0 33036
p 0 208 33036
x 0 33037
p 0 243 33037
x 0 33038
p 0 305 33038
x 0 33039
p 0 180 33039
x 0 33040
p 0 101 33040
x 0 33041
p 0 209 33041
x 0 33042
p 0 206 33042
x 0 33043
p 0 206 33043
x 0 33044
p 0 206 33044
x 0 33045
p 0 206 33045
x 0 33046
p 0 207 33046
x 0 33047
p 0 204 33047
x 0 33048
p 0 234 33048
x 0 33049
p 0 210 33049
x 0 33050
p 0 206 33050
x 0 33051
p 0 205 33051
x 0 33052
p 0 208 33052
x 0 33053
p 0 211 33053
x 0 33054
p 0 207 33054
x 0 33055
p 0 205 33055
x 0 33056
p 0 205 33056
x 0 33057
p 0 209 33057
x 0 33058
p 0 208 33058
x 0 33059
p 0 206 33059
x 0 33060
p 0 205 33060
x 0 33000
h 0 10.0.0.4
p 0 7168 33000
x 1 33001
h 1 10.0.0.4
p 1 635 33001
x 0 33002
p 0 244 33002
x 0 33003
p 0 206 33003
x 0 33004
p 0 208 33004
x 0 33005
p 0 208 33005
x 0 33006
p 0 215 33006
x 0 33007
p 0 208 33007
x 0 33008
p 0 201 33008
x 0 33009
p 0 203 33009
x 0 33010
p 0 201 33010
x 0 33011
p 0 201 33011
x 0 33012
p 0 202 33012
x 0 33013
p 0 202 33013
x 0 33014
p 0 199 33014
x 0 33015
p 0 200 33015
x 0 33016
p 0 205 33016
x 0 33017
p 0 201 33017
x 0 33018
p 0 199 33018
x 0 33019
p 0 200 33019
x 0 33020
p 0 231 33020
x 0 33021
p 0 175 33021
x 0 33022
p 0 168 33022
x 0 33023
p 0 161 33023
x 0 33024
p 0 161 33024
x 0 33025
p 0 199 33025
x 0 33026
p 0 200 33026
x 0 33027
p 0 200 33027
x 0 33028
p 0 202 33028
x 0 33029
p 0 201 33029
x 0 33030
p 0 200 33030
x 0 33031
p 0 202 33031
x 0 33032
p 0 202 33032
x 0 33033
p 0 200 33033
x 0 33034
p 0 200 33034
x 0 33035
p 0 200 33035
x 0 33036
p 0 200 33036
x 0 33037
p 0 198 33037
x 0 33038
p 0 199 33038
x 0 33039
p 0 226 33039
x 0 33040
p 0 202 33040
x 0 33041
p 0 201 33041
x 0 33042
p 0 202 33042
x 0 33043
p 0 201 33043
x 0 33044
p 0 202 33044
x 0 33045
p 0 200 33045
x 0 33046
p 0 200 33046
x 0 33047
p 0 203 33047
x 0 33048
p 0 202 33048
x 0 33049
p 0 204 33049
x 0 33050
p 0 199 33050
x 0 33051
p 0 200 33051
x 0 33052
p 0 201 33052
x 0 33053
p 0 200 33053
x 0 33054
p 0 200 33054
x 0 33055
p 0 201 33055
x 0 33056
p 0 199 33056
x 0 33057
p 0 202 33057
x 0 33058
p 0 84 33058
x 0 33059
p 0 201 33059
x 0 33060
p 0 200 33060
x 0 33000
h 0 10.0.0.4
p 0 635 33000
x 1 33001
h 1 10.0.0.4
p 1 204 33001
x 0 33002
p 0 242 33002
x 0 33003
p 0 206 33003
x 0 33004
p 0 205 33004
x 0 33005
p 0 204 33005
x 0 33006
p 0 204 33006
x 0 33007
p 0 214 33007
x 0 33008
p 0 210 33008
x 0 33009
p 0 207 33009
x 0 33010
p 0 212 33010
x 0 33011
p 0 206 33011
x 0 33012
p 0 208 33012
x 0 33013
p 0 215 33013
x 0 33014
p 0 213 33014
x 0 33015
p 0 209 33015
x 0 33016
p 0 211 33016
x 0 33017
p 0 213 33017
x 0 33018
p 0 208 33018
x 0 33019
p 0 214 33019
x 0 33020
p 0 210 33020
x 0 33021
p 0 207 33021
x 0 33022
p 0 209 33022
x 0 33023
p 0 215 33023
x 0 33024
p 0 212 33024
x 0 33025
p 0 208 33025
x 0 33026
p 0 207 33026
x 0 33027
p 0 213 33027
x 0 33028
p 0 213 33028
x 0 33029
p 0 282 33029
x 0 33030
p 0 208 33030
x 0 33031
p 0 204 33031
x 0 33032
p 0 205 33032
x 0 33033
p 0 207 33033
x 0 33034
p 0 310 33034
x 0 33035
p 0 208 33035
x 0 33036
p 0 237 33036
x 0 33037
p 0 249 33037
x 0 33038
p 0 213 33038
x 0 33039
p 0 208 33039
x 0 33040
p 0 208 33040
x 0 33041
p 0 208 33041
x 0 33042
p 0 211 33042
x 0 33043
p 0 239 33043
x 0 33044
p 0 249 33044
x 0 33045
p 0 208 33045
x 0 33046
p 0 205 33046
x 0 33047
p 0 209 33047
x 0 33048
p 0 209 33048
x 0 33049
p 0 205 33049
x 0 33050
p 0 233 33050
x 0 33051
p 0 208 33051
x 0 33052
p 0 211 33052
x 0 33053
p 0 208 33053
x 0 33054
p 0 204 33054
x 0 33055
p 0 206 33055
x 0 33056
p 0 303 33056
x 0 33057
p 0 238 33057
x 0 33058
p 0 242 33058
x 0 33059
p 0 205 33059
x 0 33060
p 0 211 33060
x 0 33000
h 0 10.0.0.4
p 0 10936 33000
x 1 33001
h 1 10.0.0.4
p 1 719 33001
x 0 33002
p 0 211 33002
x 0 33003
p 0 211 33003
x 0 33004
p 0 205 33004
x 0 33005
p 0 204 33005
x 0 33006
p 0 204 33006
x 0 33007
p 0 208 33007
x 0 33008
p 0 198 33008
x 0 33009
p 0 201 33009
x 0 33010
p 0 198 33010
x 0 33011
p 0 204 33011
x 0 33012
p 0 201 33012
x 0 33013
p 0 208 33013
x 0 33014
p 0 204 33014
x 0 33015
p 0 200 33015
x 0 33016
p 0 203 33016
x 0 33017
p 0 200 33017
x 0 33018
p 0 200 33018
x 0 33019
p 0 203 33019
x 0 33020
p 0 201 33020
x 0 33021
p 0 206 33021
x 0 33022
p 0 204 33022
x 0 33023
p 0 210 33023
x 0 33024
p 0 210 33024
x 0 33025
p 0 205 33025
x 0 33026
p 0 202 33026
x 0 33027
p 0 204 33027
x 0 33028
p 0 210 33028
x 0 33029
p 0 205 33029
x 0 33030
p 0 201 33030
x 0 33031
p 0 207 33031
x 0 33032
p 0 206 33032
x 0 33033
p 0 209 33033
x 0 33034
p 0 207 33034
x 0 33035
p 0 202 33035
x 0 33036
p 0 207 33036
x 0 33037
p 0 206 33037
x 0 33038
p 0 205 33038
x 0 33039
p 0 205 33039
x 0 33040
p 0 204 33040
x 0 33041
p 0 216 33041
x 0 33042
p 0 242 33042
x 0 33043
p 0 204 33043
x 0 33044
p 0 206 33044
x 0 33045
p 0 202 33045
x 0 33046
p 0 206 33046
x 0 33047
p 0 204 33047
x 0 33048
p 0 201 33048
x 0 33049
p 0 199 33049
x 0 33050
p 0 202 33050
x 0 33051
p 0 205 33051
x 0 33052
p 0 204 33052
x 0 33053
p 0 204 33053
x 0 33054
p 0 202 33054
x 0 33055
p 0 202 33055
x 0 33056
p 0 208 33056
x 0 33057
p 0 203 33057
x 0 33058
p 0 203 33058
x 0 33059
p 0 202 33059
x 0 33060
p 0 202 33060
x 0 33000
h 0 10.0.0.4
p 0 799 33000
x 1 33001
h 1 10.0.0.4
p 1 135 33001
x 0 33002
p 0 206 33002
x 0 33003
p 0 213 33003
x 0 33004
p 0 216 33004
x 0 33005
p 0 222 33005
x 0 33006
p 0 240 33006
x 0 33007
p 0 230 33007
x 0 33008
p 0 213 33008
x 0 33009
p 0 309 33009
x 0 33010
p 0 266 33010
x 0 33011
p 0 219 33011
x 0 33012
p 0 218 33012
x 0 33013
p 0 226 33013
x 0 33014
p 0 244 33014
x 0 33015
p 0 247 33015
x 0 33016
p 0 220 33016
x 0 33017
p 0 225 33017
x 0 33018
p 0 214 33018
x 0 33019
p 0 250 33019
x 0 33020
p 0 254 33020
x 0 33021
p 0 221 33021
x 0 33022
p 0 214 33022
x 0 33023
p 0 219 33023
x 0 33024
p 0 324 33024
x 0 33025
p 0 217 33025
x 0 33026
p 0 250 33026
x 0 33027
p 0 217 33027
x 0 33028
p 0 214 33028
x 0 33029
p 0 235 33029
x 0 33030
p 0 254 33030
x 0 33031
p 0 264 33031
x 0 33032
p 0 218 33032
x 0 33033
p 0 215 33033
x 0 33034
p 0 213 33034
x 0 33035
p 0 216 33035
x 0 33036
p 0 256 33036
x 0 33037
p 0 252 33037
x 0 33038
p 0 256 33038
x 0 33039
p 0 215 33039
x 0 33040
p 0 215 33040
x 0 33041
p 0 222 33041
x 0 33042
p 0 223 33042
x 0 33043
p 0 215 33043
x 0 33044
p 0 269 33044
x 0 33045
p 0 263 33045
x 0 33046
p 0 221 33046
x 0 33047
p 0 217 33047
x 0 33048
p 0 217 33048
x 0 33049
p 0 215 33049
x 0 33050
p 0 217 33050
x 0 33051
p 0 260 33051
x 0 33052
p 0 253 33052
x 0 33053
p 0 304 33053
x 0 33054
p 0 214 33054
x 0 33055
p 0 210 33055
x 0 33056
p 0 214 33056
x 0 33057
p 0 214 33057
x 0 33058
p 0 211 33058
x 0 33059
p 0 213 33059
x 0 33060
p 0 213 33060
x 0 33000
h 0 10.0.0.4
p 0 18912 33000
x 1 33001
h 1 10.0.0.4
p 1 1450 33001
x 0 33002
p 0 223 33002
x 0 33003
p 0 218 33003
x 0 33004
p 0 216 33004
x 0 33005
p 0 217 33005
x 0 33006
p 0 216 33006
x 0 33007
p 0 324 33007
x 0 33008
p 0 211 33008
x 0 33009
p 0 240 33009
x 0 33010
p 0 209 33010
x 0 33011
p 0 209 33011
x 0 33012
p 0 248 33012
x 0 33013
p 0 211 33013
x 0 33014
p 0 212 33014
x 0 33015
p 0 254 33015
x 0 33016
p 0 210 33016
x 0 33017
p 0 209 33017
x 0 33018
p 0 210 33018
x 0 33019
p 0 210 33019
x 0 33020
p 0 209 33020
x 0 33021
p 0 241 33021
x 0 33022
p 0 246 33022
x 0 33023
p 0 211 33023
x 0 33024
p 0 243 33024
x 0 33025
p 0 209 33025
x 0 33026
p 0 210 33026
x 0 33027
p 0 210 33027
x 0 33028
p 0 235 33028
x 0 33029
p 0 265 33029
x 0 33030
p 0 207 33030
x 0 33031
p 0 207 33031
x 0 33032
p 0 210 33032
x 0 33033
p 0 210 33033
x 0 33034
p 0 214 33034
x 0 33035
p 0 209 33035
x 0 33036
p 0 207 33036
x 0 33037
p 0 210 33037
x 0 33038
p 0 206 33038
x 0 33039
p 0 208 33039
x 0 33040
p 0 210 33040
x 0 33041
p 0 210 33041
x 0 33042
p 0 210 33042
x 0 33043
p 0 214 33043
x 0 33044
p 0 134 33044
x 0 33045
p 0 212 33045
x 0 33046
p 0 208 33046
x 0 33047
p 0 209 33047
x 0 33048
p 0 212 33048
x 0 33049
p 0 210 33049
x 0 33050
p 0 207 33050
x 0 33051
p 0 211 33051
x 0 33052
p 0 204 33052
x 0 33053
p 0 240 33053
x 0 33054
p 0 252 33054
x 0 33055
p 0 208 33055
x 0 33056
p 0 211 33056
x 0 33057
p 0 204 33057
x 0 33058
p 0 208 33058
x 0 33059
p 0 214 33059
x 0 33060
p 0 210 33060
x 0 33000
h 0 10.0.0.4
p 0 623 33000
x 1 33001
h 1 10.0.0.4
p 1 207 33001
x 0 33002
p 0 220 33002
x 0 33003
p 0 209 33003
x 0 33004
p 0 211 33004
x 0 33005
p 0 206 33005
x 0 33006
p 0 184 33006
x 0 33007
p 0 200 33007
x 0 33008
p 0 178 33008
x 0 33009
p 0 174 33009
x 0 33010
p 0 182 33010
x 0 33011
p 0 200 33011
x 0 33012
p 0 200 33012
x 0 33013
p 0 171 33013
x 0 33014
p 0 172 33014
x 0 33015
p 0 204 33015
x 0 33016
p 0 202 33016
x 0 33017
p 0 174 33017
x 0 33018
p 0 164 33018
x 0 33019
p 0 253 33019
x 0 33020
p 0 198 33020
x 0 33021
p 0 212 33021
x 0 33022
p 0 200 33022
x 0 33023
p 0 144 33023
x 0 33024
p 0 229 33024
x 0 33025
p 0 191 33025
x 0 33026
p 0 189 33026
x 0 33027
p 0 173 33027
x 0 33028
p 0 169 33028
x 0 33029
p 0 191 33029
x 0 33030
p 0 167 33030
x 0 33031
p 0 163 33031
x 0 33032
p 0 193 33032
x 0 33033
p 0 173 33033
x 0 33034
p 0 176 33034
x 0 33035
p 0 167 33035
x 0 33036
p 0 224 33036
x 0 33037
p 0 174 33037
x 0 33038
p 0 170 33038
x 0 33039
p 0 170 33039
x 0 33040
p 0 169 33040
x 0 33041
p 0 165 33041
x 0 33042
p 0 167 33042
x 0 33043
p 0 167 33043
x 0 33044
p 0 174 33044
x 0 33045
p 0 173 33045
x 0 33046
p 0 168 33046
x 0 33047
p 0 162 33047
x 0 33048
p 0 164 33048
x 0 33049
p 0 168 33049
x 0 33050
p 0 171 33050
x 0 33051
p 0 166 33051
x 0 33052
p 0 173 33052
x 0 33053
p 0 168 33053
x 0 33054
p 0 170 33054
x 0 33055
p 0 167 33055
x 0 33056
p 0 172 33056
x 0 33057
p 0 170 33057
x 0 33058
p 0 171 33058
x 0 33059
p 0 171 33059
x 0 33060
p 0 163 33060
x 0 33000
h 0 10.0.0.4
p 0 9321 33000
x 1 33001
h 1 10.0.0.4
p 1 808 33001
x 0 33002
p 0 204 33002
x 0 33003
p 0 205 33003
x 0 33004
p 0 202 33004
x 0 33005
p 0 268 33005
x 0 33006
p 0 265 33006
x 0 33007
p 0 178 33007
x 0 33008
p 0 201 33008
x 0 33009
p 0 208 33009
x 0 33010
p 0 173 33010
x 0 33011
p 0 206 33011
x 0 33012
p 0 207 33012
x 0 33013
p 0 204 33013
x 0 33014
p 0 210 33014
x 0 33015
p 0 184 33015
x 0 33016
p 0 211 33016
x 0 33017
p 0 208 33017
x 0 33018
p 0 210 33018
x 0 33019
p 0 208 33019
x 0 33020
p 0 281 33020
x 0 33021
p 0 206 33021
x 0 33022
p 0 206 33022
x 0 33023
p 0 208 33023
x 0 33024
p 0 208 33024
x 0 33025
p 0 204 33025
x 0 33026
p 0 208 33026
x 0 33027
p 0 206 33027
x 0 33028
p 0 208 33028
x 0 33029
p 0 179 33029
x 0 33030
p 0 208 33030
x 0 33031
p 0 207 33031
x 0 33032
p 0 208 33032
x 0 33033
p 0 208 33033
x 0 33034
p 0 211 33034
x 0 33035
p 0 183 33035
x 0 33036
p 0 209 33036
x 0 33037
p 0 208 33037
x 0 33038
p 0 219 33038
x 0 33039
p 0 181 33039
x 0 33040
p 0 182 33040
x 0 33041
p 0 180 33041
x 0 33042
p 0 236 33042
x 0 33043
p 0 175 33043
x 0 33044
p 0 178 33044
x 0 33045
p 0 182 33045
x 0 33046
p 0 181 33046
x 0 33047
p 0 175 33047
x 0 33048
p 0 211 33048
x 0 33049
p 0 212 33049
x 0 33050
p 0 178 33050
x 0 33051
p 0 179 33051
x 0 33052
p 0 175 33052
x 0 33053
p 0 179 33053
x 0 33054
p 0 181 33054
x 0 33055
p 0 211 33055
x 0 33056
p 0 209 33056
x 0 33057
p 0 181 33057
x 0 33058
p 0 213 33058
x 0 33059
p 0 208 33059
x 0 33060
p 0 209 33060
x 0 33000
h 0 10.0.0.4
p 0 504 33000
x 1 33001
h 1 10.0.0.4
p 1 207 33001
x 0 33002
p 0 186 33002
x 0 33003
p 0 211 33003
x 0 33004
p 0 211 33004
x 0 33005
p 0 209 33005
x 0 33006
p 0 184 33006
x 0 33007
p 0 201 33007
x 0 33008
p 0 204 33008
x 0 33009
p 0 204 33009
x 0 33010
p 0 203 33010
x 0 33011
p 0 201 33011
x 0 33012
p 0 203 33012
x 0 33013
p 0 200 33013
x 0 33014
p 0 202 33014
x 0 33015
p 0 200 33015
x 0 33016
p 0 198 33016
x 0 33017
p 0 199 33017
x 0 33018
p 0 201 33018
x 0 33019
p 0 199 33019
x 0 33020
p 0 199 33020
x 0 33021
p 0 201 33021
x 0 33022
p 0 200 33022
x 0 33023
p 0 199 33023
x 0 33024
p 0 200 33024
x 0 33025
p 0 198 33025
x 0 33026
p 0 202 33026
x 0 33027
p 0 199 33027
x 0 33028
p 0 202 33028
x 0 33029
p 0 201 33029
x 0 33030
p 0 205 33030
x 0 33031
p 0 208 33031
x 0 33032
p 0 207 33032
x 0 33033
p 0 204 33033
x 0 33034
p 0 206 33034
x 0 33035
p 0 205 33035
x 0 33036
p 0 209 33036
x 0 33037
p 0 206 33037
x 0 33038
p 0 290 33038
x 0 33039
p 0 204 33039
x 0 33040
p 0 203 33040
x 0 33041
p 0 202 33041
x 0 33042
p 0 201 33042
x 0 33043
p 0 201 33043
x 0 33044
p 0 206 33044
x 0 33045
p 0 201 33045
x 0 33046
p 0 203 33046
x 0 33047
p 0 199 33047
x 0 33048
p 0 178 33048
x 0 33049
p 0 205 33049
x 0 33050
p 0 202 33050
x 0 33051
p 0 209 33051
x 0 33052
p 0 204 33052
x 0 33053
p 0 74 33053
x 0 33054
p 0 179 33054
x 0 33055
p 0 168 33055
x 0 33056
p 0 96 33056
x 0 33057
p 0 165 33057
x 0 33058
p 0 172 33058
x 0 33059
p 0 168 33059
x 0 33060
p 0 108 33060
x 0 33000
h 0 10.0.0.4
p 0 14568 33000
x 1 33001
h 1 10.0.0.4
p 1 668 33001
x 0 33002
p 0 196 33002
x 0 33003
p 0 270 33003
x 0 33004
p 0 364 33004
x 0 33005
p 0 391 33005
x 0 33006
p 0 266 33006
x 0 33007
p 0 210 33007
x 0 33008
p 0 204 33008
x 0 33009
p 0 204 33009
x 0 33010
p 0 205 33010
x 0 33011
p 0 204 33011
x 0 33012
p 0 205 33012
x 0 33013
p 0 207 33013
x 0 33014
p 0 206 33014
x 0 33015
p 0 205 33015
x 0 33016
p 0 203 33016
x 0 33017
p 0 249 33017
x 0 33018
p 0 204 33018
x 0 33019
p 0 202 33019
x 0 33020
p 0 202 33020
x 0 33021
p 0 203 33021
x 0 33022
p 0 204 33022
x 0 33023
p 0 217 33023
x 0 33024
p 0 205 33024
x 0 33025
p 0 207 33025
x 0 33026
p 0 207 33026
x 0 33027
p 0 205 33027
x 0 33028
p 0 208 33028
x 0 33029
p 0 206 33029
x 0 33030
p 0 204 33030
x 0 33031
p 0 206 33031
x 0 33032
p 0 206 33032
x 0 33033
p 0 207 33033
x 0 33034
p 0 205 33034
x 0 33035
p 0 205 33035
x 0 33036
p 0 177 33036
x 0 33037
p 0 208 33037
x 0 33038
p 0 205 33038
x 0 33039
p 0 206 33039
x 0 33040
p 0 176 33040
x 0 33041
p 0 207 33041
x 0 33042
p 0 206 33042
x 0 33043
p 0 175 33043
x 0 33044
p 0 172 33044
x 0 33045
p 0 203 33045
x 0 33046
p 0 203 33046
x 0 33047
p 0 175 33047
x 0 33048
p 0 180 33048
x 0 33049
p 0 207 33049
x 0 33050
p 0 176 33050
x 0 33051
p 0 177 33051
x 0 33052
p 0 179 33052
x 0 33053
p 0 180 33053
x 0 33054
p 0 180 33054
x 0 33055
p 0 177 33055
x 0 33056
p 0 176 33056
x 0 33057
p 0 177 33057
x 0 33058
p 0 171 33058
x 0 33059
p 0 209 33059
x 0 33060
p 0 210 33060
x 0 33000
h 0 10.0.0.4
p 0 771 33000
x 1 33001
h 1 10.0.0.4
p 1 204 33001
x 0 33002
p 0 167 33002
x 0 33003
p 0 205 33003
x 0 33004
p 0 205 33004
x 0 33005
p 0 169 33005
x 0 33006
p 0 209 33006
x 0 33007
p 0 207 33007
x 0 33008
p 0 205 33008
x 0 33009
p 0 206 33009
x 0 33010
p 0 264 33010
x 0 33011
p 0 212 33011
x 0 33012
p 0 217 33012
x 0 33013
p 0 212 33013
x 0 33014
p 0 215 33014
x 0 33015
p 0 212 33015
x 0 33016
p 0 214 33016
x 0 33017
p 0 214 33017
x 0 33018
p 0 215 33018
x 0 33019
p 0 214 33019
x 0 33020
p 0 204 33020
x 0 33021
p 0 185 33021
x 0 33022
p 0 205 33022
x 0 33023
p 0 205 33023
x 0 33024
p 0 204 33024
x 0 33025
p 0 166 33025
x 0 33026
p 0 159 33026
x 0 33027
p 0 163 33027
x 0 33028
p 0 156 33028
x 0 33029
p 0 160 33029
x 0 33030
p 0 162 33030
x 0 33031
p 0 164 33031
x 0 33032
p 0 160 33032
x 0 33033
p 0 161 33033
x 0 33034
p 0 156 33034
x 0 33035
p 0 158 33035
x 0 33036
p 0 156 33036
x 0 33037
p 0 159 33037
x 0 33038
p 0 166 33038
x 0 33039
p 0 163 33039
x 0 33040
p 0 158 33040
x 0 33041
p 0 162 33041
x 0 33042
p 0 163 33042
x 0 33043
p 0 156 33043
x 0 33044
p 0 162 33044
x 0 33045
p 0 248 33045
x 0 33046
p 0 206 33046
x 0 33047
p 0 205 33047
x 0 33048
p 0 205 33048
x 0 33049
p 0 206 33049
x 0 33050
p 0 205 33050
x 0 33051
p 0 210 33051
x 0 33052
p 0 207 33052
x 0 33053
p 0 211 33053
x 0 33054
p 0 215 33054
x 0 33055
p 0 206 33055
x 0 33056
p 0 209 33056
x 0 33057
p 0 210 33057
x 0 33058
p 0 206 33058
x 0 33059
p 0 209 33059
x 0 33060
p 0 175 33060
