x 0 33000
x 1 33001
x 2 33002
x 3 33003
h 0 10.0.0.4
p 0 351634 33000
h 1 10.0.0.4
p 1 255437 33001
h 2 10.0.0.4
p 2 157041 33002
h 3 10.0.0.4
p 3 59360 33003
x 4 33004
h 4 10.0.0.4
p 4 9795 33004
x 0 33005
p 0 29162 33005
x 0 33006
p 0 1438 33006
x 0 33007
p 0 220 33007
x 0 33008
p 0 222 33008
x 0 33009
p 0 220 33009
x 0 33010
p 0 250 33010
x 0 33011
p 0 242 33011
x 0 33012
p 0 262 33012
x 0 33013
p 0 198 33013
x 0 33014
p 0 231 33014
x 0 33015
p 0 229 33015
x 0 33016
p 0 218 33016
x 0 33017
p 0 301 33017
x 0 33018
p 0 234 33018
x 0 33019
p 0 262 33019
x 0 33020
p 0 106 33020
x 0 33021
p 0 228 33021
x 0 33022
p 0 233 33022
x 0 33023
p 0 120 33023
x 0 33024
p 0 383 33024
x 0 33025
p 0 227 33025
x 0 33026
p 0 223 33026
x 0 33027
p 0 236 33027
x 0 33028
p 0 227 33028
x 0 33029
p 0 229 33029
x 0 33030
p 0 246 33030
x 0 33031
p 0 233 33031
x 0 33032
p 0 223 33032
x 0 33033
p 0 233 33033
x 0 33034
p 0 222 33034
x 0 33035
p 0 220 33035
x 0 33036
p 0 225 33036
x 0 33037
p 0 219 33037
x 0 33038
p 0 228 33038
x 0 33039
p 0 225 33039
x 0 33040
p 0 222 33040
x 0 33041
p 0 226 33041
x 0 33042
p 0 223 33042
x 0 33043
p 0 228 33043
x 0 33044
p 0 277 33044
x 0 33045
p 0 223 33045
x 0 33046
p 0 218 33046
x 0 33047
p 0 224 33047
x 0 33048
p 0 228 33048
x 0 33049
p 0 230 33049
x 0 33050
p 0 230 33050
x 0 33051
p 0 230 33051
x 0 33052
p 0 226 33052
x 0 33053
p 0 249 33053
x 0 33054
p 0 239 33054
x 0 33055
p 0 294 33055
x 0 33056
p 0 223 33056
x 0 33057
p 0 232 33057
x 0 33058
p 0 259 33058
x 0 33059
p 0 233 33059
x 0 33060
p 0 231 33060
x 0 33061
p 0 229 33061
x 0 33062
p 0 214 33062
x 0 33063
p 0 232 33063
x 0 33000
h 0 10.0.0.4
p 0 651 33000
x 1 33001
h 1 10.0.0.4
p 1 218 33001
x 0 33002
p 0 217 33002
x 0 33003
p 0 270 33003
x 0 33004
p 0 217 33004
x 0 33005
p 0 220 33005
x 0 33006
p 0 218 33006
x 0 33007
p 0 216 33007
x 0 33008
p 0 243 33008
x 0 33009
p 0 210 33009
x 0 33010
p 0 183 33010
x 0 33011
p 0 219 33011
x 0 33012
p 0 209 33012
x 0 33013
p 0 209 33013
x 0 33014
p 0 184 33014
x 0 33015
p 0 193 33015
x 0 33016
p 0 213 33016
x 0 33017
p 0 212 33017
x 0 33018
p 0 184 33018
x 0 33019
p 0 185 33019
x 0 33020
p 0 210 33020
x 0 33021
p 0 211 33021
x 0 33022
p 0 186 33022
x 0 33023
p 0 209 33023
x 0 33024
p 0 209 33024
x 0 33025
p 0 210 33025
x 0 33026
p 0 187 33026
x 0 33027
p 0 210 33027
x 0 33028
p 0 211 33028
x 0 33029
p 0 209 33029
x 0 33030
p 0 186 33030
x 0 33031
p 0 220 33031
x 0 33032
p 0 220 33032
x 0 33033
p 0 182 33033
x 0 33034
p 0 187 33034
x 0 33035
p 0 224 33035
x 0 33036
p 0 219 33036
x 0 33037
p 0 220 33037
x 0 33038
p 0 193 33038
x 0 33039
p 0 222 33039
x 0 33040
p 0 222 33040
x 0 33041
p 0 224 33041
x 0 33042
p 0 192 33042
x 0 33043
p 0 223 33043
x 0 33044
p 0 220 33044
x 0 33045
p 0 219 33045
x 0 33046
p 0 197 33046
x 0 33047
p 0 222 33047
x 0 33048
p 0 217 33048
x 0 33049
p 0 194 33049
x 0 33050
p 0 191 33050
x 0 33051
p 0 219 33051
x 0 33052
p 0 220 33052
x 0 33053
p 0 219 33053
x 0 33054
p 0 192 33054
x 0 33055
p 0 219 33055
x 0 33056
p 0 218 33056
x 0 33057
p 0 220 33057
x 0 33058
p 0 186 33058
x 0 33059
p 0 220 33059
x 0 33060
p 0 219 33060
x 0 33000
h 0 10.0.0.4
p 0 3657 33000
x 1 33001
h 1 10.0.0.4
p 1 846 33001
x 0 33002
p 0 225 33002
x 0 33003
p 0 218 33003
x 0 33004
p 0 220 33004
x 0 33005
p 0 141 33005
x 0 33006
p 0 253 33006
x 0 33007
p 0 303 33007
x 0 33008
p 0 137 33008
x 0 33009
p 0 213 33009
x 0 33010
p 0 189 33010
x 0 33011
p 0 317 33011
x 0 33012
p 0 215 33012
x 0 33013
p 0 215 33013
x 0 33014
p 0 215 33014
x 0 33015
p 0 198 33015
x 0 33016
p 0 212 33016
x 0 33017
p 0 240 33017
x 0 33018
p 0 211 33018
x 0 33019
p 0 216 33019
x 0 33020
p 0 209 33020
x 0 33021
p 0 215 33021
x 0 33022
p 0 214 33022
x 0 33023
p 0 214 33023
x 0 33024
p 0 212 33024
x 0 33025
p 0 212 33025
x 0 33026
p 0 211 33026
x 0 33027
p 0 210 33027
x 0 33028
p 0 211 33028
x 0 33029
p 0 212 33029
x 0 33030
p 0 246 33030
x 0 33031
p 0 212 33031
x 0 33032
p 0 214 33032
x 0 33033
p 0 213 33033
x 0 33034
p 0 202 33034
x 0 33035
p 0 172 33035
x 0 33036
p 0 200 33036
x 0 33037
p 0 189 33037
x 0 33038
p 0 210 33038
x 0 33039
p 0 187 33039
x 0 33040
p 0 212 33040
x 0 33041
p 0 211 33041
x 0 33042
p 0 268 33042
x 0 33043
p 0 193 33043
x 0 33044
p 0 216 33044
x 0 33045
p 0 252 33045
x 0 33046
p 0 240 33046
x 0 33047
p 0 242 33047
x 0 33048
p 0 381 33048
x 0 33049
p 0 216 33049
x 0 33050
p 0 183 33050
x 0 33051
p 0 215 33051
x 0 33052
p 0 211 33052
x 0 33053
p 0 182 33053
x 0 33054
p 0 181 33054
x 0 33055
p 0 248 33055
x 0 33056
p 0 214 33056
x 0 33057
p 0 211 33057
x 0 33058
p 0 220 33058
x 0 33059
p 0 210 33059
x 0 33060
p 0 216 33060
x 0 33000
h 0 10.0.0.4
p 0 691 33000
x 1 33001
h 1 10.0.0.4
p 1 193 33001
x 0 33002
p 0 176 33002
x 0 33003
p 0 94 33003
x 0 33004
p 0 193 33004
x 0 33005
p 0 251 33005
x 0 33006
p 0 156 33006
x 0 33007
p 0 302 33007
x 0 33008
p 0 217 33008
x 0 33009
p 0 198 33009
x 0 33010
p 0 218 33010
x 0 33011
p 0 191 33011
x 0 33012
p 0 218 33012
x 0 33013
p 0 216 33013
x 0 33014
p 0 216 33014
x 0 33015
p 0 216 33015
x 0 33016
p 0 219 33016
x 0 33017
p 0 215 33017
x 0 33018
p 0 215 33018
x 0 33019
p 0 215 33019
x 0 33020
p 0 217 33020
x 0 33021
p 0 218 33021
x 0 33022
p 0 238 33022
x 0 33023
p 0 228 33023
x 0 33024
p 0 510 33024
x 0 33025
p 0 199 33025
x 0 33026
p 0 388 33026
x 0 33027
p 0 327 33027
x 0 33028
p 0 235 33028
x 0 33029
p 0 232 33029
x 0 33030
p 0 228 33030
x 0 33031
p 0 236 33031
x 0 33032
p 0 325 33032
x 0 33033
p 0 196 33033
x 0 33034
p 0 247 33034
x 0 33035
p 0 326 33035
x 0 33036
p 0 419 33036
x 0 33037
p 0 202 33037
x 0 33038
p 0 229 33038
x 0 33039
p 0 176 33039
x 0 33040
p 0 383 33040
x 0 33041
p 0 313 33041
x 0 33042
p 0 234 33042
x 0 33043
p 0 201 33043
x 0 33044
p 0 204 33044
x 0 33045
p 0 201 33045
x 0 33046
p 0 225 33046
x 0 33047
p 0 198 33047
x 0 33048
p 0 195 33048
x 0 33049
p 0 197 33049
x 0 33050
p 0 221 33050
x 0 33051
p 0 170 33051
x 0 33052
p 0 96 33052
x 0 33053
p 0 206 33053
x 0 33054
p 0 211 33054
x 0 33055
p 0 208 33055
x 0 33056
p 0 129 33056
x 0 33057
p 0 172 33057
x 0 33058
p 0 184 33058
x 0 33059
p 0 216 33059
x 0 33060
p 0 216 33060
x 0 33000
h 0 10.0.0.4
p 0 5973 33000
x 1 33001
h 1 10.0.0.4
p 1 1028 33001
x 0 33002
p 0 143 33002
x 0 33003
p 0 359 33003
x 0 33004
p 0 224 33004
x 0 33005
p 0 324 33005
x 0 33006
p 0 358 33006
x 0 33007
p 0 184 33007
x 0 33008
p 0 173 33008
x 0 33009
p 0 226 33009
x 0 33010
p 0 256 33010
x 0 33011
p 0 224 33011
x 0 33012
p 0 225 33012
x 0 33013
p 0 221 33013
x 0 33014
p 0 218 33014
x 0 33015
p 0 217 33015
x 0 33016
p 0 212 33016
x 0 33017
p 0 199 33017
x 0 33018
p 0 193 33018
x 0 33019
p 0 219 33019
x 0 33020
p 0 190 33020
x 0 33021
p 0 191 33021
x 0 33022
p 0 223 33022
x 0 33023
p 0 216 33023
x 0 33024
p 0 149 33024
x 0 33025
p 0 197 33025
x 0 33026
p 0 188 33026
x 0 33027
p 0 219 33027
x 0 33028
p 0 192 33028
x 0 33029
p 0 196 33029
x 0 33030
p 0 267 33030
x 0 33031
p 0 216 33031
x 0 33032
p 0 254 33032
x 0 33033
p 0 192 33033
x 0 33034
p 0 218 33034
x 0 33035
p 0 194 33035
x 0 33036
p 0 213 33036
x 0 33037
p 0 621 33037
x 0 33038
p 0 219 33038
x 0 33039
p 0 270 33039
x 0 33040
p 0 220 33040
x 0 33041
p 0 227 33041
x 0 33042
p 0 220 33042
x 0 33043
p 0 245 33043
x 0 33044
p 0 307 33044
x 0 33045
p 0 223 33045
x 0 33046
p 0 196 33046
x 0 33047
p 0 327 33047
x 0 33048
p 0 219 33048
x 0 33049
p 0 193 33049
x 0 33050
p 0 222 33050
x 0 33051
p 0 224 33051
x 0 33052
p 0 271 33052
x 0 33053
p 0 225 33053
x 0 33054
p 0 218 33054
x 0 33055
p 0 218 33055
x 0 33056
p 0 225 33056
x 0 33057
p 0 268 33057
x 0 33058
p 0 218 33058
x 0 33059
p 0 216 33059
x 0 33060
p 0 217 33060
x 0 33000
h 0 10.0.0.4
p 0 639 33000
x 1 33001
h 1 10.0.0.4
p 1 208 33001
x 0 33002
p 0 242 33002
x 0 33003
p 0 245 33003
x 0 33004
p 0 214 33004
x 0 33005
p 0 211 33005
x 0 33006
p 0 221 33006
x 0 33007
p 0 217 33007
x 0 33008
p 0 216 33008
x 0 33009
p 0 212 33009
x 0 33010
p 0 217 33010
x 0 33011
p 0 223 33011
x 0 33012
p 0 219 33012
x 0 33013
p 0 213 33013
x 0 33014
p 0 209 33014
x 0 33015
p 0 212 33015
x 0 33016
p 0 180 33016
x 0 33017
p 0 216 33017
x 0 33018
p 0 211 33018
x 0 33019
p 0 193 33019
x 0 33020
p 0 213 33020
x 0 33021
p 0 217 33021
x 0 33022
p 0 221 33022
x 0 33023
p 0 215 33023
x 0 33024
p 0 215 33024
x 0 33025
p 0 198 33025
x 0 33026
p 0 215 33026
x 0 33027
p 0 216 33027
x 0 33028
p 0 216 33028
x 0 33029
p 0 213 33029
x 0 33030
p 0 214 33030
x 0 33031
p 0 213 33031
x 0 33032
p 0 219 33032
x 0 33033
p 0 213 33033
x 0 33034
p 0 213 33034
x 0 33035
p 0 215 33035
x 0 33036
p 0 217 33036
x 0 33037
p 0 214 33037
x 0 33038
p 0 214 33038
x 0 33039
p 0 211 33039
x 0 33040
p 0 213 33040
x 0 33041
p 0 220 33041
x 0 33042
p 0 217 33042
x 0 33043
p 0 217 33043
x 0 33044
p 0 189 33044
x 0 33045
p 0 216 33045
x 0 33046
p 0 214 33046
x 0 33047
p 0 218 33047
x 0 33048
p 0 215 33048
x 0 33049
p 0 215 33049
x 0 33050
p 0 214 33050
x 0 33051
p 0 212 33051
x 0 33052
p 0 221 33052
x 0 33053
p 0 216 33053
x 0 33054
p 0 244 33054
x 0 33055
p 0 212 33055
x 0 33056
p 0 214 33056
x 0 33057
p 0 215 33057
x 0 33058
p 0 213 33058
x 0 33059
p 0 214 33059
x 0 33060
p 0 248 33060
x 0 33000
h 0 10.0.0.4
p 0 32957 33000
x 1 33001
h 1 10.0.0.4
p 1 680 33001
x 0 33002
p 0 327 33002
x 0 33003
p 0 219 33003
x 0 33004
p 0 214 33004
x 0 33005
p 0 217 33005
x 0 33006
p 0 222 33006
x 0 33007
p 0 226 33007
x 0 33008
p 0 217 33008
x 0 33009
p 0 218 33009
x 0 33010
p 0 224 33010
x 0 33011
p 0 221 33011
x 0 33012
p 0 218 33012
x 0 33013
p 0 215 33013
x 0 33014
p 0 214 33014
x 0 33015
p 0 212 33015
x 0 33016
p 0 245 33016
x 0 33017
p 0 214 33017
x 0 33018
p 0 214 33018
x 0 33019
p 0 216 33019
x 0 33020
p 0 218 33020
x 0 33021
p 0 218 33021
x 0 33022
p 0 324 33022
x 0 33023
p 0 216 33023
x 0 33024
p 0 216 33024
x 0 33025
p 0 215 33025
x 0 33026
p 0 216 33026
x 0 33027
p 0 215 33027
x 0 33028
p 0 232 33028
x 0 33029
p 0 230 33029
x 0 33030
p 0 237 33030
x 0 33031
p 0 239 33031
x 0 33032
p 0 242 33032
x 0 33033
p 0 237 33033
x 0 33034
p 0 359 33034
x 0 33035
p 0 319 33035
x 0 33036
p 0 349 33036
x 0 33037
p 0 238 33037
x 0 33038
p 0 222 33038
x 0 33039
p 0 240 33039
x 0 33040
p 0 238 33040
x 0 33041
p 0 232 33041
x 0 33042
p 0 230 33042
x 0 33043
p 0 230 33043
x 0 33044
p 0 230 33044
x 0 33045
p 0 230 33045
x 0 33046
p 0 231 33046
x 0 33047
p 0 227 33047
x 0 33048
p 0 236 33048
x 0 33049
p 0 234 33049
x 0 33050
p 0 238 33050
x 0 33051
p 0 238 33051
x 0 33052
p 0 234 33052
x 0 33053
p 0 280 33053
x 0 33054
p 0 234 33054
x 0 33055
p 0 231 33055
x 0 33056
p 0 237 33056
x 0 33057
p 0 235 33057
x 0 33058
p 0 223 33058
x 0 33059
p 0 200 33059
x 0 33060
p 0 225 33060
x 0 33000
h 0 10.0.0.4
p 0 644 33000
x 1 33001
h 1 10.0.0.4
p 1 171 33001
x 0 33002
p 0 131 33002
x 0 33003
p 0 212 33003
x 0 33004
p 0 193 33004
x 0 33005
p 0 205 33005
x 0 33006
p 0 193 33006
x 0 33007
p 0 270 33007
x 0 33008
p 0 176 33008
x 0 33009
p 0 181 33009
x 0 33010
p 0 188 33010
x 0 33011
p 0 260 33011
x 0 33012
p 0 188 33012
x 0 33013
p 0 194 33013
x 0 33014
p 0 197 33014
x 0 33015
p 0 255 33015
x 0 33016
p 0 182 33016
x 0 33017
p 0 188 33017
x 0 33018
p 0 188 33018
x 0 33019
p 0 253 33019
x 0 33020
p 0 179 33020
x 0 33021
p 0 197 33021
x 0 33022
p 0 191 33022
x 0 33023
p 0 248 33023
x 0 33024
p 0 211 33024
x 0 33025
p 0 185 33025
x 0 33026
p 0 186 33026
x 0 33027
p 0 261 33027
x 0 33028
p 0 187 33028
x 0 33029
p 0 192 33029
x 0 33030
p 0 192 33030
x 0 33031
p 0 248 33031
x 0 33032
p 0 186 33032
x 0 33033
p 0 193 33033
x 0 33034
p 0 209 33034
x 0 33035
p 0 251 33035
x 0 33036
p 0 151 33036
x 0 33037
p 0 178 33037
x 0 33038
p 0 181 33038
x 0 33039
p 0 213 33039
x 0 33040
p 0 177 33040
x 0 33041
p 0 181 33041
x 0 33042
p 0 185 33042
x 0 33043
p 0 245 33043
x 0 33044
p 0 152 33044
x 0 33045
p 0 156 33045
x 0 33046
p 0 119 33046
x 0 33047
p 0 246 33047
x 0 33048
p 0 183 33048
x 0 33049
p 0 189 33049
x 0 33050
p 0 229 33050
x 0 33051
p 0 258 33051
x 0 33052
p 0 188 33052
x 0 33053
p 0 185 33053
x 0 33054
p 0 190 33054
x 0 33055
p 0 228 33055
x 0 33056
p 0 189 33056
x 0 33057
p 0 227 33057
x 0 33058
p 0 188 33058
x 0 33059
p 0 246 33059
x 0 33060
p 0 77 33060
x 0 33000
h 0 10.0.0.4
p 0 12624 33000
x 1 33001
h 1 10.0.0.4
p 1 739 33001
x 0 33002
p 0 61 33002
x 0 33003
p 0 202 33003
x 0 33004
p 0 145 33004
x 0 33005
p 0 164 33005
x 0 33006
p 0 216 33006
x 0 33007
p 0 220 33007
x 0 33008
p 0 218 33008
x 0 33009
p 0 229 33009
x 0 33010
p 0 219 33010
x 0 33011
p 0 219 33011
x 0 33012
p 0 217 33012
x 0 33013
p 0 218 33013
x 0 33014
p 0 219 33014
x 0 33015
p 0 231 33015
x 0 33016
p 0 189 33016
x 0 33017
p 0 199 33017
x 0 33018
p 0 251 33018
x 0 33019
p 0 163 33019
x 0 33020
p 0 367 33020
x 0 33021
p 0 253 33021
x 0 33022
p 0 220 33022
x 0 33023
p 0 220 33023
x 0 33024
p 0 214 33024
x 0 33025
p 0 217 33025
x 0 33026
p 0 217 33026
x 0 33027
p 0 248 33027
x 0 33028
p 0 102 33028
x 0 33029
p 0 215 33029
x 0 33030
p 0 219 33030
x 0 33031
p 0 216 33031
x 0 33032
p 0 261 33032
x 0 33033
p 0 218 33033
x 0 33034
p 0 223 33034
x 0 33035
p 0 218 33035
x 0 33036
p 0 217 33036
x 0 33037
p 0 272 33037
x 0 33038
p 0 215 33038
x 0 33039
p 0 255 33039
x 0 33040
p 0 218 33040
x 0 33041
p 0 218 33041
x 0 33042
p 0 214 33042
x 0 33043
p 0 220 33043
x 0 33044
p 0 217 33044
x 0 33045
p 0 215 33045
x 0 33046
p 0 260 33046
x 0 33047
p 0 215 33047
x 0 33048
p 0 218 33048
x 0 33049
p 0 215 33049
x 0 33050
p 0 223 33050
x 0 33051
p 0 220 33051
x 0 33052
p 0 218 33052
x 0 33053
p 0 258 33053
x 0 33054
p 0 248 33054
x 0 33055
p 0 219 33055
x 0 33056
p 0 219 33056
x 0 33057
p 0 216 33057
x 0 33058
p 0 216 33058
x 0 33059
p 0 213 33059
x 0 33060
p 0 301 33060
x 0 33000
h 0 10.0.0.4
p 0 927 33000
x 1 33001
h 1 10.0.0.4
p 1 212 33001
x 0 33002
p 0 165 33002
x 0 33003
p 0 212 33003
x 0 33004
p 0 212 33004
x 0 33005
p 0 214 33005
x 0 33006
p 0 213 33006
x 0 33007
p 0 217 33007
x 0 33008
p 0 212 33008
x 0 33009
p 0 217 33009
x 0 33010
p 0 215 33010
x 0 33011
p 0 214 33011
x 0 33012
p 0 209 33012
x 0 33013
p 0 218 33013
x 0 33014
p 0 212 33014
x 0 33015
p 0 209 33015
x 0 33016
p 0 211 33016
x 0 33017
p 0 214 33017
x 0 33018
p 0 210 33018
x 0 33019
p 0 218 33019
x 0 33020
p 0 142 33020
x 0 33021
p 0 220 33021
x 0 33022
p 0 219 33022
x 0 33023
p 0 177 33023
x 0 33024
p 0 214 33024
x 0 33025
p 0 321 33025
x 0 33026
p 0 212 33026
x 0 33027
p 0 230 33027
x 0 33028
p 0 211 33028
x 0 33029
p 0 213 33029
x 0 33030
p 0 213 33030
x 0 33031
p 0 216 33031
x 0 33032
p 0 217 33032
x 0 33033
p 0 215 33033
x 0 33034
p 0 212 33034
x 0 33035
p 0 213 33035
x 0 33036
p 0 214 33036
x 0 33037
p 0 219 33037
x 0 33038
p 0 212 33038
x 0 33039
p 0 212 33039
x 0 33040
p 0 310 33040
x 0 33041
p 0 216 33041
x 0 33042
p 0 358 33042
x 0 33043
p 0 367 33043
x 0 33044
p 0 270 33044
x 0 33045
p 0 314 33045
x 0 33046
p 0 341 33046
x 0 33047
p 0 363 33047
x 0 33048
p 0 261 33048
x 0 33049
p 0 337 33049
x 0 33050
p 0 378 33050
x 0 33051
p 0 261 33051
x 0 33052
p 0 452 33052
x 0 33053
p 0 212 33053
x 0 33054
p 0 155 33054
x 0 33055
p 0 188 33055
x 0 33056
p 0 206 33056
x 0 33057
p 0 188 33057
x 0 33058
p 0 214 33058
x 0 33059
p 0 186 33059
x 0 33060
p 0 188 33060
x 0 33000
h 0 10.0.0.4
p 0 4285 33000
x 1 33001
h 1 10.0.0.4
p 1 1107 33001
x 0 33002
p 0 222 33002
x 0 33003
p 0 218 33003
x 0 33004
p 0 220 33004
x 0 33005
p 0 215 33005
x 0 33006
p 0 218 33006
x 0 33007
p 0 219 33007
x 0 33008
p 0 213 33008
x 0 33009
p 0 209 33009
x 0 33010
p 0 126 33010
x 0 33011
p 0 215 33011
x 0 33012
p 0 187 33012
x 0 33013
p 0 164 33013
x 0 33014
p 0 212 33014
x 0 33015
p 0 353 33015
x 0 33016
p 0 363 33016
x 0 33017
p 0 374 33017
x 0 33018
p 0 406 33018
x 0 33019
p 0 365 33019
x 0 33020
p 0 345 33020
x 0 33021
p 0 366 33021
x 0 33022
p 0 406 33022
x 0 33023
p 0 215 33023
x 0 33024
p 0 214 33024
x 0 33025
p 0 243 33025
x 0 33026
p 0 292 33026
x 0 33027
p 0 212 33027
x 0 33028
p 0 211 33028
x 0 33029
p 0 214 33029
x 0 33030
p 0 289 33030
x 0 33031
p 0 212 33031
x 0 33032
p 0 212 33032
x 0 33033
p 0 214 33033
x 0 33034
p 0 214 33034
x 0 33035
p 0 376 33035
x 0 33036
p 0 211 33036
x 0 33037
p 0 212 33037
x 0 33038
p 0 213 33038
x 0 33039
p 0 214 33039
x 0 33040
p 0 212 33040
x 0 33041
p 0 214 33041
x 0 33042
p 0 298 33042
x 0 33043
p 0 218 33043
x 0 33044
p 0 289 33044
x 0 33045
p 0 290 33045
x 0 33046
p 0 294 33046
x 0 33047
p 0 213 33047
x 0 33048
p 0 214 33048
x 0 33049
p 0 213 33049
x 0 33050
p 0 213 33050
x 0 33051
p 0 214 33051
x 0 33052
p 0 212 33052
x 0 33053
p 0 203 33053
x 0 33054
p 0 217 33054
x 0 33055
p 0 212 33055
x 0 33056
p 0 179 33056
x 0 33057
p 0 161 33057
x 0 33058
p 0 217 33058
x 0 33059
p 0 214 33059
x 0 33060
p 0 213 33060
x 0 33000
h 0 10.0.0.4
p 0 601 33000
x 1 33001
h 1 10.0.0.4
p 1 213 33001
x 0 33002
p 0 166 33002
x 0 33003
p 0 218 33003
x 0 33004
p 0 228 33004
x 0 33005
p 0 215 33005
x 0 33006
p 0 209 33006
x 0 33007
p 0 398 33007
x 0 33008
p 0 163 33008
x 0 33009
p 0 354 33009
x 0 33010
p 0 372 33010
x 0 33011
p 0 406 33011
x 0 33012
p 0 380 33012
x 0 33013
p 0 361 33013
x 0 33014
p 0 211 33014
x 0 33015
p 0 212 33015
x 0 33016
p 0 208 33016
x 0 33017
p 0 298 33017
x 0 33018
p 0 216 33018
x 0 33019
p 0 213 33019
x 0 33020
p 0 211 33020
x 0 33021
p 0 220 33021
x 0 33022
p 0 216 33022
x 0 33023
p 0 215 33023
x 0 33024
p 0 322 33024
x 0 33025
p 0 214 33025
x 0 33026
p 0 224 33026
x 0 33027
p 0 211 33027
x 0 33028
p 0 217 33028
x 0 33029
p 0 167 33029
x 0 33030
p 0 177 33030
x 0 33031
p 0 176 33031
x 0 33032
p 0 182 33032
x 0 33033
p 0 178 33033
x 0 33034
p 0 180 33034
x 0 33035
p 0 206 33035
x 0 33036
p 0 172 33036
x 0 33037
p 0 175 33037
x 0 33038
p 0 171 33038
x 0 33039
p 0 180 33039
x 0 33040
p 0 215 33040
x 0 33041
p 0 163 33041
x 0 33042
p 0 163 33042
x 0 33043
p 0 261 33043
x 0 33044
p 0 171 33044
x 0 33045
p 0 173 33045
x 0 33046
p 0 195 33046
x 0 33047
p 0 174 33047
x 0 33048
p 0 161 33048
x 0 33049
p 0 172 33049
x 0 33050
p 0 178 33050
x 0 33051
p 0 171 33051
x 0 33052
p 0 185 33052
x 0 33053
p 0 180 33053
x 0 33054
p 0 199 33054
x 0 33055
p 0 181 33055
x 0 33056
p 0 181 33056
x 0 33057
p 0 180 33057
x 0 33058
p 0 204 33058
x 0 33059
p 0 185 33059
x 0 33060
p 0 185 33060
x 0 33000
h 0 10.0.0.4
p 0 4582 33000
x 1 33001
h 1 10.0.0.4
p 1 805 33001
x 0 33002
p 0 186 33002
x 0 33003
p 0 218 33003
x 0 33004
p 0 219 33004
x 0 33005
p 0 218 33005
x 0 33006
p 0 215 33006
x 0 33007
p 0 222 33007
x 0 33008
p 0 303 33008
x 0 33009
p 0 249 33009
x 0 33010
p 0 219 33010
x 0 33011
p 0 338 33011
x 0 33012
p 0 222 33012
x 0 33013
p 0 247 33013
x 0 33014
p 0 211 33014
x 0 33015
p 0 404 33015
x 0 33016
p 0 214 33016
x 0 33017
p 0 299 33017
x 0 33018
p 0 213 33018
x 0 33019
p 0 214 33019
x 0 33020
p 0 385 33020
x 0 33021
p 0 225 33021
x 0 33022
p 0 323 33022
x 0 33023
p 0 301 33023
x 0 33024
p 0 307 33024
x 0 33025
p 0 311 33025
x 0 33026
p 0 286 33026
x 0 33027
p 0 428 33027
x 0 33028
p 0 229 33028
x 0 33029
p 0 225 33029
x 0 33030
p 0 290 33030
x 0 33031
p 0 212 33031
x 0 33032
p 0 216 33032
x 0 33033
p 0 213 33033
x 0 33034
p 0 239 33034
x 0 33035
p 0 211 33035
x 0 33036
p 0 191 33036
x 0 33037
p 0 218 33037
x 0 33038
p 0 215 33038
x 0 33039
p 0 213 33039
x 0 33040
p 0 378 33040
x 0 33041
p 0 311 33041
x 0 33042
p 0 313 33042
x 0 33043
p 0 310 33043
x 0 33044
p 0 378 33044
x 0 33045
p 0 217 33045
x 0 33046
p 0 210 33046
x 0 33047
p 0 207 33047
x 0 33048
p 0 211 33048
x 0 33049
p 0 213 33049
x 0 33050
p 0 210 33050
x 0 33051
p 0 225 33051
x 0 33052
p 0 189 33052
x 0 33053
p 0 197 33053
x 0 33054
p 0 218 33054
x 0 33055
p 0 219 33055
x 0 33056
p 0 215 33056
x 0 33057
p 0 223 33057
x 0 33058
p 0 216 33058
x 0 33059
p 0 217 33059
x 0 33060
p 0 214 33060
x 0 33000
h 0 10.0.0.4
p 0 756 33000
x 1 33001
h 1 10.0.0.4
p 1 208 33001
x 0 33002
p 0 218 33002
x 0 33003
p 0 215 33003
x 0 33004
p 0 270 33004
x 0 33005
p 0 241 33005
x 0 33006
p 0 83 33006
x 0 33007
p 0 244 33007
x 0 33008
p 0 186 33008
x 0 33009
p 0 186 33009
x 0 33010
p 0 184 33010
x 0 33011
p 0 100 33011
x 0 33012
p 0 218 33012
x 0 33013
p 0 214 33013
x 0 33014
p 0 187 33014
x 0 33015
p 0 216 33015
x 0 33016
p 0 101 33016
x 0 33017
p 0 312 33017
x 0 33018
p 0 188 33018
x 0 33019
p 0 215 33019
x 0 33020
p 0 336 33020
x 0 33021
p 0 211 33021
x 0 33022
p 0 310 33022
x 0 33023
p 0 215 33023
x 0 33024
p 0 215 33024
x 0 33025
p 0 186 33025
x 0 33026
p 0 227 33026
x 0 33027
p 0 245 33027
x 0 33028
p 0 189 33028
x 0 33029
p 0 216 33029
x 0 33030
p 0 189 33030
x 0 33031
p 0 119 33031
x 0 33032
p 0 226 33032
x 0 33033
p 0 286 33033
x 0 33034
p 0 183 33034
x 0 33035
p 0 187 33035
x 0 33036
p 0 215 33036
x 0 33037
p 0 226 33037
x 0 33038
p 0 162 33038
x 0 33039
p 0 225 33039
x 0 33040
p 0 223 33040
x 0 33041
p 0 216 33041
x 0 33042
p 0 214 33042
x 0 33043
p 0 208 33043
x 0 33044
p 0 175 33044
x 0 33045
p 0 165 33045
x 0 33046
p 0 174 33046
x 0 33047
p 0 174 33047
x 0 33048
p 0 236 33048
x 0 33049
p 0 222 33049
x 0 33050
p 0 296 33050
x 0 33051
p 0 105 33051
x 0 33052
p 0 229 33052
x 0 33053
p 0 223 33053
x 0 33054
p 0 251 33054
x 0 33055
p 0 223 33055
x 0 33056
p 0 165 33056
x 0 33057
p 0 227 33057
x 0 33058
p 0 240 33058
x 0 33059
p 0 212 33059
x 0 33060
p 0 212 33060
x 0 33000
h 0 10.0.0.4
p 0 9332 33000
x 1 33001
h 1 10.0.0.4
p 1 771 33001
x 0 33002
p 0 222 33002
x 0 33003
p 0 273 33003
x 0 33004
p 0 459 33004
x 0 33005
p 0 220 33005
x 0 33006
p 0 257 33006
x 0 33007
p 0 540 33007
x 0 33008
p 0 266 33008
x 0 33009
p 0 366 33009
x 0 33010
p 0 248 33010
x 0 33011
p 0 358 33011
x 0 33012
p 0 276 33012
x 0 33013
p 0 353 33013
x 0 33014
p 0 216 33014
x 0 33015
p 0 273 33015
x 0 33016
p 0 220 33016
x 0 33017
p 0 220 33017
x 0 33018
p 0 252 33018
x 0 33019
p 0 319 33019
x 0 33020
p 0 352 33020
x 0 33021
p 0 254 33021
x 0 33022
p 0 317 33022
x 0 33023
p 0 312 33023
x 0 33024
p 0 170 33024
x 0 33025
p 0 249 33025
x 0 33026
p 0 212 33026
x 0 33027
p 0 310 33027
x 0 33028
p 0 391 33028
x 0 33029
p 0 299 33029
x 0 33030
p 0 264 33030
x 0 33031
p 0 390 33031
x 0 33032
p 0 321 33032
x 0 33033
p 0 341 33033
x 0 33034
p 0 220 33034
x 0 33035
p 0 489 33035
x 0 33036
p 0 224 33036
x 0 33037
p 0 220 33037
x 0 33038
p 0 221 33038
x 0 33039
p 0 392 33039
x 0 33040
p 0 473 33040
x 0 33041
p 0 423 33041
x 0 33042
p 0 279 33042
x 0 33043
p 0 221 33043
x 0 33044
p 0 260 33044
x 0 33045
p 0 254 33045
x 0 33046
p 0 216 33046
x 0 33047
p 0 501 33047
x 0 33048
p 0 202 33048
x 0 33049
p 0 217 33049
x 0 33050
p 0 221 33050
x 0 33051
p 0 396 33051
x 0 33052
p 0 222 33052
x 0 33053
p 0 203 33053
x 0 33054
p 0 219 33054
x 0 33055
p 0 221 33055
x 0 33056
p 0 220 33056
x 0 33057
p 0 220 33057
x 0 33058
p 0 302 33058
x 0 33059
p 0 303 33059
x 0 33060
p 0 220 33060
x 0 33000
h 0 10.0.0.4
p 0 710 33000
x 1 33001
h 1 10.0.0.4
p 1 175 33001
x 0 33002
p 0 116 33002
x 0 33003
p 0 181 33003
x 0 33004
p 0 181 33004
x 0 33005
p 0 170 33005
x 0 33006
p 0 217 33006
x 0 33007
p 0 210 33007
x 0 33008
p 0 212 33008
x 0 33009
p 0 133 33009
x 0 33010
p 0 208 33010
x 0 33011
p 0 175 33011
x 0 33012
p 0 110 33012
x 0 33013
p 0 218 33013
x 0 33014
p 0 220 33014
x 0 33015
p 0 217 33015
x 0 33016
p 0 223 33016
x 0 33017
p 0 217 33017
x 0 33018
p 0 221 33018
x 0 33019
p 0 218 33019
x 0 33020
p 0 225 33020
x 0 33021
p 0 209 33021
x 0 33022
p 0 215 33022
x 0 33023
p 0 207 33023
x 0 33024
p 0 208 33024
x 0 33025
p 0 212 33025
x 0 33026
p 0 209 33026
x 0 33027
p 0 218 33027
x 0 33028
p 0 218 33028
x 0 33029
p 0 218 33029
x 0 33030
p 0 221 33030
x 0 33031
p 0 219 33031
x 0 33032
p 0 221 33032
x 0 33033
p 0 223 33033
x 0 33034
p 0 222 33034
x 0 33035
p 0 218 33035
x 0 33036
p 0 89 33036
x 0 33037
p 0 213 33037
x 0 33038
p 0 212 33038
x 0 33039
p 0 214 33039
x 0 33040
p 0 209 33040
x 0 33041
p 0 286 33041
x 0 33042
p 0 214 33042
x 0 33043
p 0 213 33043
x 0 33044
p 0 221 33044
x 0 33045
p 0 217 33045
x 0 33046
p 0 219 33046
x 0 33047
p 0 110 33047
x 0 33048
p 0 216 33048
x 0 33049
p 0 220 33049
x 0 33050
p 0 219 33050
x 0 33051
p 0 221 33051
x 0 33052
p 0 218 33052
x 0 33053
p 0 220 33053
x 0 33054
p 0 213 33054
x 0 33055
p 0 213 33055
x 0 33056
p 0 211 33056
x 0 33057
p 0 214 33057
x 0 33058
p 0 296 33058
x 0 33059
p 0 361 33059
x 0 33060
p 0 398 33060
x 0 33000
h 0 10.0.0.4
p 0 21568 33000
x 1 33001
h 1 10.0.0.4
p 1 1009 33001
x 0 33002
p 0 213 33002
x 0 33003
p 0 219 33003
x 0 33004
p 0 225 33004
x 0 33005
p 0 189 33005
x 0 33006
p 0 264 33006
x 0 33007
p 0 223 33007
x 0 33008
p 0 273 33008
x 0 33009
p 0 210 33009
x 0 33010
p 0 232 33010
x 0 33011
p 0 208 33011
x 0 33012
p 0 306 33012
x 0 33013
p 0 217 33013
x 0 33014
p 0 218 33014
x 0 33015
p 0 216 33015
x 0 33016
p 0 216 33016
x 0 33017
p 0 217 33017
x 0 33018
p 0 216 33018
x 0 33019
p 0 215 33019
x 0 33020
p 0 216 33020
x 0 33021
p 0 306 33021
x 0 33022
p 0 213 33022
x 0 33023
p 0 292 33023
x 0 33024
p 0 211 33024
x 0 33025
p 0 211 33025
x 0 33026
p 0 209 33026
x 0 33027
p 0 213 33027
x 0 33028
p 0 297 33028
x 0 33029
p 0 238 33029
x 0 33030
p 0 211 33030
x 0 33031
p 0 299 33031
x 0 33032
p 0 187 33032
x 0 33033
p 0 214 33033
x 0 33034
p 0 212 33034
x 0 33035
p 0 217 33035
x 0 33036
p 0 215 33036
x 0 33037
p 0 211 33037
x 0 33038
p 0 213 33038
x 0 33039
p 0 210 33039
x 0 33040
p 0 211 33040
x 0 33041
p 0 213 33041
x 0 33042
p 0 208 33042
x 0 33043
p 0 209 33043
x 0 33044
p 0 207 33044
x 0 33045
p 0 210 33045
x 0 33046
p 0 210 33046
x 0 33047
p 0 210 33047
x 0 33048
p 0 295 33048
x 0 33049
p 0 210 33049
x 0 33050
p 0 208 33050
x 0 33051
p 0 213 33051
x 0 33052
p 0 212 33052
x 0 33053
p 0 209 33053
x 0 33054
p 0 209 33054
x 0 33055
p 0 215 33055
x 0 33056
p 0 210 33056
x 0 33057
p 0 213 33057
x 0 33058
p 0 212 33058
x 0 33059
p 0 229 33059
x 0 33060
p 0 209 33060
x 0 33000
h 0 10.0.0.4
p 0 765 33000
x 1 33001
h 1 10.0.0.4
p 1 215 33001
x 0 33002
p 0 199 33002
x 0 33003
p 0 217 33003
x 0 33004
p 0 413 33004
x 0 33005
p 0 291 33005
x 0 33006
p 0 299 33006
x 0 33007
p 0 216 33007
x 0 33008
p 0 298 33008
x 0 33009
p 0 299 33009
x 0 33010
p 0 214 33010
x 0 33011
p 0 306 33011
x 0 33012
p 0 301 33012
x 0 33013
p 0 302 33013
x 0 33014
p 0 218 33014
x 0 33015
p 0 293 33015
x 0 33016
p 0 297 33016
x 0 33017
p 0 299 33017
x 0 33018
p 0 311 33018
x 0 33019
p 0 219 33019
x 0 33020
p 0 213 33020
x 0 33021
p 0 298 33021
x 0 33022
p 0 302 33022
x 0 33023
p 0 219 33023
x 0 33024
p 0 217 33024
x 0 33025
p 0 299 33025
x 0 33026
p 0 213 33026
x 0 33027
p 0 221 33027
x 0 33028
p 0 214 33028
x 0 33029
p 0 418 33029
x 0 33030
p 0 217 33030
x 0 33031
p 0 218 33031
x 0 33032
p 0 219 33032
x 0 33033
p 0 214 33033
x 0 33034
p 0 214 33034
x 0 33035
p 0 213 33035
x 0 33036
p 0 214 33036
x 0 33037
p 0 215 33037
x 0 33038
p 0 216 33038
x 0 33039
p 0 216 33039
x 0 33040
p 0 216 33040
x 0 33041
p 0 218 33041
x 0 33042
p 0 215 33042
x 0 33043
p 0 219 33043
x 0 33044
p 0 215 33044
x 0 33045
p 0 215 33045
x 0 33046
p 0 213 33046
x 0 33047
p 0 213 33047
x 0 33048
p 0 181 33048
x 0 33049
p 0 164 33049
x 0 33050
p 0 362 33050
x 0 33051
p 0 350 33051
x 0 33052
p 0 351 33052
x 0 33053
p 0 432 33053
x 0 33054
p 0 368 33054
x 0 33055
p 0 354 33055
x 0 33056
p 0 358 33056
x 0 33057
p 0 395 33057
x 0 33058
p 0 132 33058
x 0 33059
p 0 189 33059
x 0 33060
p 0 360 33060
x 0 33000
h 0 10.0.0.4
p 0 3877 33000
x 1 33001
h 1 10.0.0.4
p 1 751 33001
x 0 33002
p 0 228 33002
x 0 33003
p 0 217 33003
x 0 33004
p 0 231 33004
x 0 33005
p 0 218 33005
x 0 33006
p 0 217 33006
x 0 33007
p 0 208 33007
x 0 33008
p 0 216 33008
x 0 33009
p 0 188 33009
x 0 33010
p 0 274 33010
x 0 33011
p 0 210 33011
x 0 33012
p 0 214 33012
x 0 33013
p 0 182 33013
x 0 33014
p 0 215 33014
x 0 33015
p 0 212 33015
x 0 33016
p 0 186 33016
x 0 33017
p 0 184 33017
x 0 33018
p 0 244 33018
x 0 33019
p 0 209 33019
x 0 33020
p 0 212 33020
x 0 33021
p 0 214 33021
x 0 33022
p 0 217 33022
x 0 33023
p 0 190 33023
x 0 33024
p 0 183 33024
x 0 33025
p 0 214 33025
x 0 33026
p 0 189 33026
x 0 33027
p 0 232 33027
x 0 33028
p 0 215 33028
x 0 33029
p 0 217 33029
x 0 33030
p 0 182 33030
x 0 33031
p 0 219 33031
x 0 33032
p 0 220 33032
x 0 33033
p 0 267 33033
x 0 33034
p 0 182 33034
x 0 33035
p 0 216 33035
x 0 33036
p 0 216 33036
x 0 33037
p 0 221 33037
x 0 33038
p 0 184 33038
x 0 33039
p 0 264 33039
x 0 33040
p 0 215 33040
x 0 33041
p 0 250 33041
x 0 33042
p 0 182 33042
x 0 33043
p 0 266 33043
x 0 33044
p 0 327 33044
x 0 33045
p 0 189 33045
x 0 33046
p 0 184 33046
x 0 33047
p 0 242 33047
x 0 33048
p 0 210 33048
x 0 33049
p 0 216 33049
x 0 33050
p 0 181 33050
x 0 33051
p 0 234 33051
x 0 33052
p 0 214 33052
x 0 33053
p 0 215 33053
x 0 33054
p 0 180 33054
x 0 33055
p 0 282 33055
x 0 33056
p 0 168 33056
x 0 33057
p 0 212 33057
x 0 33058
p 0 189 33058
x 0 33059
p 0 240 33059
x 0 33060
p 0 208 33060
x 0 33000
h 0 10.0.0.4
p 0 927 33000
x 1 33001
h 1 10.0.0.4
p 1 261 33001
x 0 33002
p 0 362 33002
x 0 33003
p 0 300 33003
x 0 33004
p 0 196 33004
x 0 33005
p 0 213 33005
x 0 33006
p 0 230 33006
x 0 33007
p 0 264 33007
x 0 33008
p 0 245 33008
x 0 33009
p 0 212 33009
x 0 33010
p 0 210 33010
x 0 33011
p 0 213 33011
x 0 33012
p 0 223 33012
x 0 33013
p 0 229 33013
x 0 33014
p 0 219 33014
x 0 33015
p 0 257 33015
x 0 33016
p 0 212 33016
x 0 33017
p 0 220 33017
x 0 33018
p 0 212 33018
x 0 33019
p 0 234 33019
x 0 33020
p 0 215 33020
x 0 33021
p 0 215 33021
x 0 33022
p 0 290 33022
x 0 33023
p 0 246 33023
x 0 33024
p 0 214 33024
x 0 33025
p 0 211 33025
x 0 33026
p 0 312 33026
x 0 33027
p 0 336 33027
x 0 33028
p 0 304 33028
x 0 33029
p 0 215 33029
x 0 33030
p 0 212 33030
x 0 33031
p 0 244 33031
x 0 33032
p 0 228 33032
x 0 33033
p 0 320 33033
x 0 33034
p 0 307 33034
x 0 33035
p 0 265 33035
x 0 33036
p 0 218 33036
x 0 33037
p 0 222 33037
x 0 33038
p 0 221 33038
x 0 33039
p 0 240 33039
x 0 33040
p 0 213 33040
x 0 33041
p 0 217 33041
x 0 33042
p 0 229 33042
x 0 33043
p 0 251 33043
x 0 33044
p 0 227 33044
x 0 33045
p 0 312 33045
x 0 33046
p 0 292 33046
x 0 33047
p 0 238 33047
x 0 33048
p 0 215 33048
x 0 33049
p 0 313 33049
x 0 33050
p 0 230 33050
x 0 33051
p 0 216 33051
x 0 33052
p 0 226 33052
x 0 33053
p 0 243 33053
x 0 33054
p 0 317 33054
x 0 33055
p 0 261 33055
x 0 33056
p 0 236 33056
x 0 33057
p 0 220 33057
x 0 33058
p 0 215 33058
x 0 33059
p 0 214 33059
x 0 33060
p 0 239 33060
x 0 33000
h 0 10.0.0.4
p 0 4201 33000
x 1 33001
h 1 10.0.0.4
p 1 930 33001
x 0 33002
p 0 202 33002
x 0 33003
p 0 220 33003
x 0 33004
p 0 233 33004
x 0 33005
p 0 246 33005
x 0 33006
p 0 216 33006
x 0 33007
p 0 324 33007
x 0 33008
p 0 318 33008
x 0 33009
p 0 250 33009
x 0 33010
p 0 311 33010
x 0 33011
p 0 216 33011
x 0 33012
p 0 215 33012
x 0 33013
p 0 243 33013
x 0 33014
p 0 212 33014
x 0 33015
p 0 214 33015
x 0 33016
p 0 215 33016
x 0 33017
p 0 251 33017
x 0 33018
p 0 213 33018
x 0 33019
p 0 215 33019
x 0 33020
p 0 212 33020
x 0 33021
p 0 244 33021
x 0 33022
p 0 216 33022
x 0 33023
p 0 215 33023
x 0 33024
p 0 212 33024
x 0 33025
p 0 246 33025
x 0 33026
p 0 223 33026
x 0 33027
p 0 214 33027
x 0 33028
p 0 218 33028
x 0 33029
p 0 247 33029
x 0 33030
p 0 209 33030
x 0 33031
p 0 176 33031
x 0 33032
p 0 217 33032
x 0 33033
p 0 214 33033
x 0 33034
p 0 247 33034
x 0 33035
p 0 215 33035
x 0 33036
p 0 216 33036
x 0 33037
p 0 214 33037
x 0 33038
p 0 242 33038
x 0 33039
p 0 212 33039
x 0 33040
p 0 211 33040
x 0 33041
p 0 214 33041
x 0 33042
p 0 242 33042
x 0 33043
p 0 216 33043
x 0 33044
p 0 216 33044
x 0 33045
p 0 214 33045
x 0 33046
p 0 216 33046
x 0 33047
p 0 249 33047
x 0 33048
p 0 129 33048
x 0 33049
p 0 217 33049
x 0 33050
p 0 178 33050
x 0 33051
p 0 248 33051
x 0 33052
p 0 216 33052
x 0 33053
p 0 227 33053
x 0 33054
p 0 212 33054
x 0 33055
p 0 245 33055
x 0 33056
p 0 214 33056
x 0 33057
p 0 79 33057
x 0 33058
p 0 184 33058
x 0 33059
p 0 184 33059
x 0 33060
p 0 182 33060
x 0 33000
h 0 10.0.0.4
p 0 819 33000
x 1 33001
h 1 10.0.0.4
p 1 249 33001
x 0 33002
p 0 200 33002
x 0 33003
p 0 193 33003
x 0 33004
p 0 182 33004
x 0 33005
p 0 238 33005
x 0 33006
p 0 209 33006
x 0 33007
p 0 211 33007
x 0 33008
p 0 209 33008
x 0 33009
p 0 237 33009
x 0 33010
p 0 209 33010
x 0 33011
p 0 215 33011
x 0 33012
p 0 213 33012
x 0 33013
p 0 215 33013
x 0 33014
p 0 211 33014
x 0 33015
p 0 220 33015
x 0 33016
p 0 211 33016
x 0 33017
p 0 241 33017
x 0 33018
p 0 210 33018
x 0 33019
p 0 212 33019
x 0 33020
p 0 212 33020
x 0 33021
p 0 246 33021
x 0 33022
p 0 212 33022
x 0 33023
p 0 216 33023
x 0 33024
p 0 211 33024
x 0 33025
p 0 244 33025
x 0 33026
p 0 211 33026
x 0 33027
p 0 217 33027
x 0 33028
p 0 209 33028
x 0 33029
p 0 247 33029
x 0 33030
p 0 213 33030
x 0 33031
p 0 220 33031
x 0 33032
p 0 297 33032
x 0 33033
p 0 342 33033
x 0 33034
p 0 214 33034
x 0 33035
p 0 213 33035
x 0 33036
p 0 216 33036
x 0 33037
p 0 291 33037
x 0 33038
p 0 244 33038
x 0 33039
p 0 210 33039
x 0 33040
p 0 214 33040
x 0 33041
p 0 215 33041
x 0 33042
p 0 217 33042
x 0 33043
p 0 211 33043
x 0 33044
p 0 213 33044
x 0 33045
p 0 211 33045
x 0 33046
p 0 239 33046
x 0 33047
p 0 249 33047
x 0 33048
p 0 210 33048
x 0 33049
p 0 210 33049
x 0 33050
p 0 237 33050
x 0 33051
p 0 210 33051
x 0 33052
p 0 211 33052
x 0 33053
p 0 211 33053
x 0 33054
p 0 212 33054
x 0 33055
p 0 242 33055
x 0 33056
p 0 210 33056
x 0 33057
p 0 219 33057
x 0 33058
p 0 214 33058
x 0 33059
p 0 234 33059
x 0 33060
p 0 264 33060
x 0 33000
h 0 10.0.0.4
p 0 13321 33000
x 1 33001
h 1 10.0.0.4
p 1 739 33001
x 0 33002
p 0 175 33002
x 0 33003
p 0 196 33003
x 0 33004
p 0 185 33004
x 0 33005
p 0 256 33005
x 0 33006
p 0 189 33006
x 0 33007
p 0 214 33007
x 0 33008
p 0 213 33008
x 0 33009
p 0 254 33009
x 0 33010
p 0 211 33010
x 0 33011
p 0 211 33011
x 0 33012
p 0 183 33012
x 0 33013
p 0 250 33013
x 0 33014
p 0 214 33014
x 0 33015
p 0 216 33015
x 0 33016
p 0 216 33016
x 0 33017
p 0 247 33017
x 0 33018
p 0 213 33018
x 0 33019
p 0 214 33019
x 0 33020
p 0 186 33020
x 0 33021
p 0 249 33021
x 0 33022
p 0 211 33022
x 0 33023
p 0 214 33023
x 0 33024
p 0 209 33024
x 0 33025
p 0 248 33025
x 0 33026
p 0 219 33026
x 0 33027
p 0 215 33027
x 0 33028
p 0 265 33028
x 0 33029
p 0 250 33029
x 0 33030
p 0 212 33030
x 0 33031
p 0 181 33031
x 0 33032
p 0 221 33032
x 0 33033
p 0 151 33033
x 0 33034
p 0 253 33034
x 0 33035
p 0 215 33035
x 0 33036
p 0 224 33036
x 0 33037
p 0 185 33037
x 0 33038
p 0 259 33038
x 0 33039
p 0 213 33039
x 0 33040
p 0 217 33040
x 0 33041
p 0 179 33041
x 0 33042
p 0 247 33042
x 0 33043
p 0 192 33043
x 0 33044
p 0 197 33044
x 0 33045
p 0 195 33045
x 0 33046
p 0 254 33046
x 0 33047
p 0 216 33047
x 0 33048
p 0 195 33048
x 0 33049
p 0 189 33049
x 0 33050
p 0 254 33050
x 0 33051
p 0 219 33051
x 0 33052
p 0 219 33052
x 0 33053
p 0 186 33053
x 0 33054
p 0 191 33054
x 0 33055
p 0 221 33055
x 0 33056
p 0 83 33056
x 0 33057
p 0 186 33057
x 0 33058
p 0 252 33058
x 0 33059
p 0 218 33059
x 0 33060
p 0 298 33060
x 0 33000
h 0 10.0.0.4
p 0 936 33000
x 1 33001
h 1 10.0.0.4
p 1 163 33001
x 0 33002
p 0 216 33002
x 0 33003
p 0 217 33003
x 0 33004
p 0 213 33004
x 0 33005
p 0 247 33005
x 0 33006
p 0 217 33006
x 0 33007
p 0 299 33007
x 0 33008
p 0 291 33008
x 0 33009
p 0 240 33009
x 0 33010
p 0 253 33010
x 0 33011
p 0 250 33011
x 0 33012
p 0 211 33012
x 0 33013
p 0 239 33013
x 0 33014
p 0 214 33014
x 0 33015
p 0 214 33015
x 0 33016
p 0 214 33016
x 0 33017
p 0 239 33017
x 0 33018
p 0 211 33018
x 0 33019
p 0 214 33019
x 0 33020
p 0 210 33020
x 0 33021
p 0 237 33021
x 0 33022
p 0 211 33022
x 0 33023
p 0 294 33023
x 0 33024
p 0 209 33024
x 0 33025
p 0 213 33025
x 0 33026
p 0 211 33026
x 0 33027
p 0 256 33027
x 0 33028
p 0 217 33028
x 0 33029
p 0 218 33029
x 0 33030
p 0 251 33030
x 0 33031
p 0 217 33031
x 0 33032
p 0 302 33032
x 0 33033
p 0 302 33033
x 0 33034
p 0 322 33034
x 0 33035
p 0 302 33035
x 0 33036
p 0 296 33036
x 0 33037
p 0 218 33037
x 0 33038
p 0 241 33038
x 0 33039
p 0 211 33039
x 0 33040
p 0 293 33040
x 0 33041
p 0 290 33041
x 0 33042
p 0 139 33042
x 0 33043
p 0 212 33043
x 0 33044
p 0 336 33044
x 0 33045
p 0 219 33045
x 0 33046
p 0 219 33046
x 0 33047
p 0 244 33047
x 0 33048
p 0 222 33048
x 0 33049
p 0 140 33049
x 0 33050
p 0 182 33050
x 0 33051
p 0 182 33051
x 0 33052
p 0 184 33052
x 0 33053
p 0 232 33053
x 0 33054
p 0 137 33054
x 0 33055
p 0 258 33055
x 0 33056
p 0 242 33056
x 0 33057
p 0 219 33057
x 0 33058
p 0 273 33058
x 0 33059
p 0 252 33059
x 0 33060
p 0 221 33060
x 0 33000
h 0 10.0.0.4
p 0 11907 33000
x 1 33001
h 1 10.0.0.4
p 1 657 33001
x 0 33002
p 0 221 33002
x 0 33003
p 0 183 33003
x 0 33004
p 0 249 33004
x 0 33005
p 0 219 33005
x 0 33006
p 0 220 33006
x 0 33007
p 0 215 33007
x 0 33008
p 0 244 33008
x 0 33009
p 0 212 33009
x 0 33010
p 0 213 33010
x 0 33011
p 0 213 33011
x 0 33012
p 0 239 33012
x 0 33013
p 0 213 33013
x 0 33014
p 0 213 33014
x 0 33015
p 0 212 33015
x 0 33016
p 0 243 33016
x 0 33017
p 0 213 33017
x 0 33018
p 0 212 33018
x 0 33019
p 0 263 33019
x 0 33020
p 0 252 33020
x 0 33021
p 0 213 33021
x 0 33022
p 0 216 33022
x 0 33023
p 0 195 33023
x 0 33024
p 0 245 33024
x 0 33025
p 0 214 33025
x 0 33026
p 0 197 33026
x 0 33027
p 0 215 33027
x 0 33028
p 0 246 33028
x 0 33029
p 0 170 33029
x 0 33030
p 0 217 33030
x 0 33031
p 0 220 33031
x 0 33032
p 0 249 33032
x 0 33033
p 0 194 33033
x 0 33034
p 0 219 33034
x 0 33035
p 0 216 33035
x 0 33036
p 0 246 33036
x 0 33037
p 0 219 33037
x 0 33038
p 0 223 33038
x 0 33039
p 0 212 33039
x 0 33040
p 0 243 33040
x 0 33041
p 0 92 33041
x 0 33042
p 0 215 33042
x 0 33043
p 0 214 33043
x 0 33044
p 0 187 33044
x 0 33045
p 0 221 33045
x 0 33046
p 0 220 33046
x 0 33047
p 0 182 33047
x 0 33048
p 0 246 33048
x 0 33049
p 0 222 33049
x 0 33050
p 0 260 33050
x 0 33051
p 0 223 33051
x 0 33052
p 0 286 33052
x 0 33053
p 0 248 33053
x 0 33054
p 0 252 33054
x 0 33055
p 0 216 33055
x 0 33056
p 0 120 33056
x 0 33057
p 0 245 33057
x 0 33058
p 0 215 33058
x 0 33059
p 0 215 33059
x 0 33060
p 0 210 33060
x 0 33000
h 0 10.0.0.4
p 0 694 33000
x 1 33001
h 1 10.0.0.4
p 1 134 33001
x 0 33002
p 0 225 33002
x 0 33003
p 0 222 33003
x 0 33004
p 0 218 33004
x 0 33005
p 0 251 33005
x 0 33006
p 0 191 33006
x 0 33007
p 0 472 33007
x 0 33008
p 0 198 33008
x 0 33009
p 0 335 33009
x 0 33010
p 0 227 33010
x 0 33011
p 0 224 33011
x 0 33012
p 0 226 33012
x 0 33013
p 0 227 33013
x 0 33014
p 0 263 33014
x 0 33015
p 0 224 33015
x 0 33016
p 0 259 33016
x 0 33017
p 0 235 33017
x 0 33018
p 0 219 33018
x 0 33019
p 0 220 33019
x 0 33020
p 0 219 33020
x 0 33021
p 0 217 33021
x 0 33022
p 0 221 33022
x 0 33023
p 0 221 33023
x 0 33024
p 0 227 33024
x 0 33025
p 0 225 33025
x 0 33026
p 0 225 33026
x 0 33027
p 0 226 33027
x 0 33028
p 0 222 33028
x 0 33029
p 0 225 33029
x 0 33030
p 0 230 33030
x 0 33031
p 0 226 33031
x 0 33032
p 0 228 33032
x 0 33033
p 0 225 33033
x 0 33034
p 0 223 33034
x 0 33035
p 0 223 33035
x 0 33036
p 0 221 33036
x 0 33037
p 0 349 33037
x 0 33038
p 0 223 33038
x 0 33039
p 0 221 33039
x 0 33040
p 0 219 33040
x 0 33041
p 0 221 33041
x 0 33042
p 0 221 33042
x 0 33043
p 0 320 33043
x 0 33044
p 0 225 33044
x 0 33045
p 0 226 33045
x 0 33046
p 0 226 33046
x 0 33047
p 0 224 33047
x 0 33048
p 0 225 33048
x 0 33049
p 0 263 33049
x 0 33050
p 0 224 33050
x 0 33051
p 0 255 33051
x 0 33052
p 0 222 33052
x 0 33053
p 0 220 33053
x 0 33054
p 0 219 33054
x 0 33055
p 0 223 33055
x 0 33056
p 0 221 33056
x 0 33057
p 0 227 33057
x 0 33058
p 0 259 33058
x 0 33059
p 0 226 33059
x 0 33060
p 0 223 33060
x 0 33000
h 0 10.0.0.4
p 0 3820 33000
x 1 33001
h 1 10.0.0.4
p 1 584 33001
x 0 33002
p 0 255 33002
x 0 33003
p 0 257 33003
x 0 33004
p 0 259 33004
x 0 33005
p 0 182 33005
x 0 33006
p 0 218 33006
x 0 33007
p 0 223 33007
x 0 33008
p 0 220 33008
x 0 33009
p 0 219 33009
x 0 33010
p 0 220 33010
x 0 33011
p 0 167 33011
x 0 33012
p 0 219 33012
x 0 33013
p 0 282 33013
x 0 33014
p 0 221 33014
x 0 33015
p 0 221 33015
x 0 33016
p 0 215 33016
x 0 33017
p 0 223 33017
x 0 33018
p 0 221 33018
x 0 33019
p 0 252 33019
x 0 33020
p 0 217 33020
x 0 33021
p 0 201 33021
x 0 33022
p 0 223 33022
x 0 33023
p 0 224 33023
x 0 33024
p 0 218 33024
x 0 33025
p 0 223 33025
x 0 33026
p 0 221 33026
x 0 33027
p 0 260 33027
x 0 33028
p 0 231 33028
x 0 33029
p 0 229 33029
x 0 33030
p 0 228 33030
x 0 33031
p 0 255 33031
x 0 33032
p 0 230 33032
x 0 33033
p 0 226 33033
x 0 33034
p 0 224 33034
x 0 33035
p 0 216 33035
x 0 33036
p 0 219 33036
x 0 33037
p 0 221 33037
x 0 33038
p 0 223 33038
x 0 33039
p 0 221 33039
x 0 33040
p 0 220 33040
x 0 33041
p 0 222 33041
x 0 33042
p 0 226 33042
x 0 33043
p 0 255 33043
x 0 33044
p 0 221 33044
x 0 33045
p 0 226 33045
x 0 33046
p 0 221 33046
x 0 33047
p 0 228 33047
x 0 33048
p 0 224 33048
x 0 33049
p 0 228 33049
x 0 33050
p 0 226 33050
x 0 33051
p 0 225 33051
x 0 33052
p 0 228 33052
x 0 33053
p 0 228 33053
x 0 33054
p 0 254 33054
x 0 33055
p 0 227 33055
x 0 33056
p 0 258 33056
x 0 33057
p 0 224 33057
x 0 33058
p 0 224 33058
x 0 33059
p 0 225 33059
x 0 33060
p 0 257 33060
x 0 33000
h 0 10.0.0.4
p 0 806 33000
x 1 33001
h 1 10.0.0.4
p 1 208 33001
x 0 33002
p 0 96 33002
x 0 33003
p 0 217 33003
x 0 33004
p 0 386 33004
x 0 33005
p 0 358 33005
x 0 33006
p 0 284 33006
x 0 33007
p 0 225 33007
x 0 33008
p 0 225 33008
x 0 33009
p 0 310 33009
x 0 33010
p 0 330 33010
x 0 33011
p 0 218 33011
x 0 33012
p 0 328 33012
x 0 33013
p 0 275 33013
x 0 33014
p 0 217 33014
x 0 33015
p 0 212 33015
x 0 33016
p 0 312 33016
x 0 33017
p 0 355 33017
x 0 33018
p 0 316 33018
x 0 33019
p 0 320 33019
x 0 33020
p 0 223 33020
x 0 33021
p 0 221 33021
x 0 33022
p 0 223 33022
x 0 33023
p 0 333 33023
x 0 33024
p 0 220 33024
x 0 33025
p 0 370 33025
x 0 33026
p 0 325 33026
x 0 33027
p 0 331 33027
x 0 33028
p 0 223 33028
x 0 33029
p 0 227 33029
x 0 33030
p 0 218 33030
x 0 33031
p 0 320 33031
x 0 33032
p 0 217 33032
x 0 33033
p 0 314 33033
x 0 33034
p 0 216 33034
x 0 33035
p 0 320 33035
x 0 33036
p 0 381 33036
x 0 33037
p 0 223 33037
x 0 33038
p 0 222 33038
x 0 33039
p 0 329 33039
x 0 33040
p 0 333 33040
x 0 33041
p 0 201 33041
x 0 33042
p 0 193 33042
x 0 33043
p 0 194 33043
x 0 33044
p 0 194 33044
x 0 33045
p 0 191 33045
x 0 33046
p 0 191 33046
x 0 33047
p 0 191 33047
x 0 33048
p 0 192 33048
x 0 33049
p 0 189 33049
x 0 33050
p 0 190 33050
x 0 33051
p 0 190 33051
x 0 33052
p 0 189 33052
x 0 33053
p 0 194 33053
x 0 33054
p 0 196 33054
x 0 33055
p 0 244 33055
x 0 33056
p 0 324 33056
x 0 33057
p 0 197 33057
x 0 33058
p 0 194 33058
x 0 33059
p 0 197 33059
x 0 33060
p 0 224 33060
x 0 33000
h 0 10.0.0.4
p 0 8017 33000
x 1 33001
h 1 10.0.0.4
p 1 906 33001
x 0 33002
p 0 159 33002
x 0 33003
p 0 270 33003
x 0 33004
p 0 396 33004
x 0 33005
p 0 280 33005
x 0 33006
p 0 309 33006
x 0 33007
p 0 281 33007
x 0 33008
p 0 389 33008
x 0 33009
p 0 377 33009
x 0 33010
p 0 472 33010
x 0 33011
p 0 320 33011
x 0 33012
p 0 227 33012
x 0 33013
p 0 228 33013
x 0 33014
p 0 224 33014
x 0 33015
p 0 148 33015
x 0 33016
p 0 225 33016
x 0 33017
p 0 225 33017
x 0 33018
p 0 230 33018
x 0 33019
p 0 272 33019
x 0 33020
p 0 215 33020
x 0 33021
p 0 221 33021
x 0 33022
p 0 223 33022
x 0 33023
p 0 245 33023
x 0 33024
p 0 175 33024
x 0 33025
p 0 227 33025
x 0 33026
p 0 215 33026
x 0 33027
p 0 216 33027
x 0 33028
p 0 182 33028
x 0 33029
p 0 255 33029
x 0 33030
p 0 95 33030
x 0 33031
p 0 169 33031
x 0 33032
p 0 177 33032
x 0 33033
p 0 194 33033
x 0 33034
p 0 173 33034
x 0 33035
p 0 172 33035
x 0 33036
p 0 171 33036
x 0 33037
p 0 196 33037
x 0 33038
p 0 179 33038
x 0 33039
p 0 164 33039
x 0 33040
p 0 174 33040
x 0 33041
p 0 176 33041
x 0 33042
p 0 225 33042
x 0 33043
p 0 173 33043
x 0 33044
p 0 191 33044
x 0 33045
p 0 204 33045
x 0 33046
p 0 245 33046
x 0 33047
p 0 213 33047
x 0 33048
p 0 299 33048
x 0 33049
p 0 322 33049
x 0 33050
p 0 322 33050
x 0 33051
p 0 218 33051
x 0 33052
p 0 287 33052
x 0 33053
p 0 214 33053
x 0 33054
p 0 214 33054
x 0 33055
p 0 214 33055
x 0 33056
p 0 213 33056
x 0 33057
p 0 212 33057
x 0 33058
p 0 213 33058
x 0 33059
p 0 211 33059
x 0 33060
p 0 270 33060
x 0 33000
h 0 10.0.0.4
p 0 903 33000
x 1 33001
h 1 10.0.0.4
p 1 203 33001
x 0 33002
p 0 213 33002
x 0 33003
p 0 218 33003
x 0 33004
p 0 217 33004
x 0 33005
p 0 251 33005
x 0 33006
p 0 213 33006
x 0 33007
p 0 211 33007
x 0 33008
p 0 209 33008
x 0 33009
p 0 211 33009
x 0 33010
p 0 209 33010
x 0 33011
p 0 207 33011
x 0 33012
p 0 210 33012
x 0 33013
p 0 213 33013
x 0 33014
p 0 215 33014
x 0 33015
p 0 211 33015
x 0 33016
p 0 212 33016
x 0 33017
p 0 213 33017
x 0 33018
p 0 214 33018
x 0 33019
p 0 212 33019
x 0 33020
p 0 208 33020
x 0 33021
p 0 215 33021
x 0 33022
p 0 216 33022
x 0 33023
p 0 211 33023
x 0 33024
p 0 210 33024
x 0 33025
p 0 210 33025
x 0 33026
p 0 216 33026
x 0 33027
p 0 248 33027
x 0 33028
p 0 206 33028
x 0 33029
p 0 242 33029
x 0 33030
p 0 211 33030
x 0 33031
p 0 210 33031
x 0 33032
p 0 209 33032
x 0 33033
p 0 212 33033
x 0 33034
p 0 211 33034
x 0 33035
p 0 209 33035
x 0 33036
p 0 214 33036
x 0 33037
p 0 244 33037
x 0 33038
p 0 211 33038
x 0 33039
p 0 212 33039
x 0 33040
p 0 212 33040
x 0 33041
p 0 215 33041
x 0 33042
p 0 210 33042
x 0 33043
p 0 213 33043
x 0 33044
p 0 294 33044
x 0 33045
p 0 216 33045
x 0 33046
p 0 215 33046
x 0 33047
p 0 215 33047
x 0 33048
p 0 212 33048
x 0 33049
p 0 215 33049
x 0 33050
p 0 214 33050
x 0 33051
p 0 215 33051
x 0 33052
p 0 213 33052
x 0 33053
p 0 217 33053
x 0 33054
p 0 211 33054
x 0 33055
p 0 214 33055
x 0 33056
p 0 212 33056
x 0 33057
p 0 215 33057
x 0 33058
p 0 212 33058
x 0 33059
p 0 212 33059
x 0 33060
p 0 183 33060
x 0 33000
h 0 10.0.0.4
p 0 2891 33000
x 1 33001
h 1 10.0.0.4
p 1 1142 33001
x 0 33002
p 0 215 33002
x 0 33003
p 0 253 33003
x 0 33004
p 0 218 33004
x 0 33005
p 0 230 33005
x 0 33006
p 0 211 33006
x 0 33007
p 0 208 33007
x 0 33008
p 0 208 33008
x 0 33009
p 0 212 33009
x 0 33010
p 0 209 33010
x 0 33011
p 0 297 33011
x 0 33012
p 0 213 33012
x 0 33013
p 0 227 33013
x 0 33014
p 0 241 33014
x 0 33015
p 0 145 33015
x 0 33016
p 0 209 33016
x 0 33017
p 0 211 33017
x 0 33018
p 0 208 33018
x 0 33019
p 0 298 33019
x 0 33020
p 0 214 33020
x 0 33021
p 0 214 33021
x 0 33022
p 0 295 33022
x 0 33023
p 0 208 33023
x 0 33024
p 0 208 33024
x 0 33025
p 0 325 33025
x 0 33026
p 0 297 33026
x 0 33027
p 0 210 33027
x 0 33028
p 0 208 33028
x 0 33029
p 0 212 33029
x 0 33030
p 0 208 33030
x 0 33031
p 0 210 33031
x 0 33032
p 0 209 33032
x 0 33033
p 0 209 33033
x 0 33034
p 0 211 33034
x 0 33035
p 0 210 33035
x 0 33036
p 0 209 33036
x 0 33037
p 0 209 33037
x 0 33038
p 0 210 33038
x 0 33039
p 0 208 33039
x 0 33040
p 0 209 33040
x 0 33041
p 0 209 33041
x 0 33042
p 0 211 33042
x 0 33043
p 0 210 33043
x 0 33044
p 0 211 33044
x 0 33045
p 0 207 33045
x 0 33046
p 0 255 33046
x 0 33047
p 0 207 33047
x 0 33048
p 0 209 33048
x 0 33049
p 0 186 33049
x 0 33050
p 0 211 33050
x 0 33051
p 0 208 33051
x 0 33052
p 0 210 33052
x 0 33053
p 0 180 33053
x 0 33054
p 0 213 33054
x 0 33055
p 0 208 33055
x 0 33056
p 0 209 33056
x 0 33057
p 0 185 33057
x 0 33058
p 0 209 33058
x 0 33059
p 0 209 33059
x 0 33060
p 0 185 33060
x 0 33000
h 0 10.0.0.4
p 0 735 33000
x 1 33001
h 1 10.0.0.4
p 1 172 33001
x 0 33002
p 0 130 33002
x 0 33003
p 0 185 33003
x 0 33004
p 0 215 33004
x 0 33005
p 0 213 33005
x 0 33006
p 0 187 33006
x 0 33007
p 0 184 33007
x 0 33008
p 0 213 33008
x 0 33009
p 0 214 33009
x 0 33010
p 0 182 33010
x 0 33011
p 0 187 33011
x 0 33012
p 0 195 33012
x 0 33013
p 0 212 33013
x 0 33014
p 0 181 33014
x 0 33015
p 0 185 33015
x 0 33016
p 0 216 33016
x 0 33017
p 0 212 33017
x 0 33018
p 0 185 33018
x 0 33019
p 0 188 33019
x 0 33020
p 0 215 33020
x 0 33021
p 0 228 33021
x 0 33022
p 0 181 33022
x 0 33023
p 0 187 33023
x 0 33024
p 0 216 33024
x 0 33025
p 0 213 33025
x 0 33026
p 0 183 33026
x 0 33027
p 0 186 33027
x 0 33028
p 0 217 33028
x 0 33029
p 0 218 33029
x 0 33030
p 0 186 33030
x 0 33031
p 0 182 33031
x 0 33032
p 0 203 33032
x 0 33033
p 0 215 33033
x 0 33034
p 0 183 33034
x 0 33035
p 0 183 33035
x 0 33036
p 0 181 33036
x 0 33037
p 0 212 33037
x 0 33038
p 0 250 33038
x 0 33039
p 0 187 33039
x 0 33040
p 0 215 33040
x 0 33041
p 0 214 33041
x 0 33042
p 0 179 33042
x 0 33043
p 0 184 33043
x 0 33044
p 0 270 33044
x 0 33045
p 0 214 33045
x 0 33046
p 0 179 33046
x 0 33047
p 0 185 33047
x 0 33048
p 0 216 33048
x 0 33049
p 0 214 33049
x 0 33050
p 0 181 33050
x 0 33051
p 0 190 33051
x 0 33052
p 0 215 33052
x 0 33053
p 0 213 33053
x 0 33054
p 0 182 33054
x 0 33055
p 0 180 33055
x 0 33056
p 0 215 33056
x 0 33057
p 0 214 33057
x 0 33058
p 0 184 33058
x 0 33059
p 0 183 33059
x 0 33060
p 0 217 33060
x 0 33000
h 0 10.0.0.4
p 0 3709 33000
x 1 33001
h 1 10.0.0.4
p 1 769 33001
x 0 33002
p 0 270 33002
x 0 33003
p 0 323 33003
x 0 33004
p 0 223 33004
x 0 33005
p 0 216 33005
x 0 33006
p 0 220 33006
x 0 33007
p 0 219 33007
x 0 33008
p 0 214 33008
x 0 33009
p 0 248 33009
x 0 33010
p 0 215 33010
x 0 33011
p 0 210 33011
x 0 33012
p 0 211 33012
x 0 33013
p 0 216 33013
x 0 33014
p 0 194 33014
x 0 33015
p 0 215 33015
x 0 33016
p 0 211 33016
x 0 33017
p 0 212 33017
x 0 33018
p 0 211 33018
x 0 33019
p 0 257 33019
x 0 33020
p 0 304 33020
x 0 33021
p 0 529 33021
x 0 33022
p 0 462 33022
x 0 33023
p 0 308 33023
x 0 33024
p 0 255 33024
x 0 33025
p 0 334 33025
x 0 33026
p 0 290 33026
x 0 33027
p 0 212 33027
x 0 33028
p 0 299 33028
x 0 33029
p 0 302 33029
x 0 33030
p 0 212 33030
x 0 33031
p 0 321 33031
x 0 33032
p 0 214 33032
x 0 33033
p 0 210 33033
x 0 33034
p 0 210 33034
x 0 33035
p 0 342 33035
x 0 33036
p 0 216 33036
x 0 33037
p 0 405 33037
x 0 33038
p 0 309 33038
x 0 33039
p 0 210 33039
x 0 33040
p 0 215 33040
x 0 33041
p 0 212 33041
x 0 33042
p 0 300 33042
x 0 33043
p 0 208 33043
x 0 33044
p 0 212 33044
x 0 33045
p 0 217 33045
x 0 33046
p 0 215 33046
x 0 33047
p 0 208 33047
x 0 33048
p 0 208 33048
x 0 33049
p 0 217 33049
x 0 33050
p 0 214 33050
x 0 33051
p 0 243 33051
x 0 33052
p 0 301 33052
x 0 33053
p 0 216 33053
x 0 33054
p 0 214 33054
x 0 33055
p 0 211 33055
x 0 33056
p 0 298 33056
x 0 33057
p 0 213 33057
x 0 33058
p 0 214 33058
x 0 33059
p 0 232 33059
x 0 33060
p 0 107 33060
x 0 33000
h 0 10.0.0.4
p 0 873 33000
x 1 33001
h 1 10.0.0.4
p 1 233 33001
x 0 33002
p 0 229 33002
x 0 33003
p 0 231 33003
x 0 33004
p 0 257 33004
x 0 33005
p 0 227 33005
x 0 33006
p 0 360 33006
x 0 33007
p 0 366 33007
x 0 33008
p 0 400 33008
x 0 33009
p 0 391 33009
x 0 33010
p 0 372 33010
x 0 33011
p 0 303 33011
x 0 33012
p 0 410 33012
x 0 33013
p 0 423 33013
x 0 33014
p 0 373 33014
x 0 33015
p 0 445 33015
x 0 33016
p 0 408 33016
x 0 33017
p 0 419 33017
x 0 33018
p 0 226 33018
x 0 33019
p 0 210 33019
x 0 33020
p 0 226 33020
x 0 33021
p 0 218 33021
x 0 33022
p 0 352 33022
x 0 33023
p 0 483 33023
x 0 33024
p 0 394 33024
x 0 33025
p 0 425 33025
x 0 33026
p 0 356 33026
x 0 33027
p 0 368 33027
x 0 33028
p 0 388 33028
x 0 33029
p 0 396 33029
x 0 33030
p 0 374 33030
x 0 33031
p 0 366 33031
x 0 33032
p 0 398 33032
x 0 33033
p 0 434 33033
x 0 33034
p 0 372 33034
x 0 33035
p 0 431 33035
x 0 33036
p 0 401 33036
x 0 33037
p 0 411 33037
x 0 33038
p 0 376 33038
x 0 33039
p 0 366 33039
x 0 33040
p 0 398 33040
x 0 33041
p 0 441 33041
x 0 33042
p 0 386 33042
x 0 33043
p 0 376 33043
x 0 33044
p 0 410 33044
x 0 33045
p 0 442 33045
x 0 33046
p 0 382 33046
x 0 33047
p 0 372 33047
x 0 33048
p 0 410 33048
x 0 33049
p 0 431 33049
x 0 33050
p 0 380 33050
x 0 33051
p 0 369 33051
x 0 33052
p 0 403 33052
x 0 33053
p 0 429 33053
x 0 33054
p 0 146 33054
x 0 33055
p 0 225 33055
x 0 33056
p 0 247 33056
x 0 33057
p 0 156 33057
x 0 33058
p 0 378 33058
x 0 33059
p 0 372 33059
x 0 33060
p 0 401 33060
x 0 33000
h 0 10.0.0.4
p 0 4636 33000
x 1 33001
h 1 10.0.0.4
p 1 1255 33001
x 0 33002
p 0 219 33002
x 0 33003
p 0 163 33003
x 0 33004
p 0 198 33004
x 0 33005
p 0 219 33005
x 0 33006
p 0 172 33006
x 0 33007
p 0 224 33007
x 0 33008
p 0 213 33008
x 0 33009
p 0 190 33009
x 0 33010
p 0 209 33010
x 0 33011
p 0 220 33011
x 0 33012
p 0 219 33012
x 0 33013
p 0 293 33013
x 0 33014
p 0 215 33014
x 0 33015
p 0 218 33015
x 0 33016
p 0 220 33016
x 0 33017
p 0 360 33017
x 0 33018
p 0 313 33018
x 0 33019
p 0 219 33019
x 0 33020
p 0 217 33020
x 0 33021
p 0 219 33021
x 0 33022
p 0 254 33022
x 0 33023
p 0 221 33023
x 0 33024
p 0 217 33024
x 0 33025
p 0 217 33025
x 0 33026
p 0 218 33026
x 0 33027
p 0 218 33027
x 0 33028
p 0 216 33028
x 0 33029
p 0 218 33029
x 0 33030
p 0 216 33030
x 0 33031
p 0 220 33031
x 0 33032
p 0 215 33032
x 0 33033
p 0 249 33033
x 0 33034
p 0 212 33034
x 0 33035
p 0 215 33035
x 0 33036
p 0 221 33036
x 0 33037
p 0 214 33037
x 0 33038
p 0 213 33038
x 0 33039
p 0 215 33039
x 0 33040
p 0 215 33040
x 0 33041
p 0 218 33041
x 0 33042
p 0 214 33042
x 0 33043
p 0 214 33043
x 0 33044
p 0 216 33044
x 0 33045
p 0 211 33045
x 0 33046
p 0 213 33046
x 0 33047
p 0 184 33047
x 0 33048
p 0 216 33048
x 0 33049
p 0 212 33049
x 0 33050
p 0 213 33050
x 0 33051
p 0 214 33051
x 0 33052
p 0 206 33052
x 0 33053
p 0 217 33053
x 0 33054
p 0 212 33054
x 0 33055
p 0 179 33055
x 0 33056
p 0 215 33056
x 0 33057
p 0 215 33057
x 0 33058
p 0 213 33058
x 0 33059
p 0 213 33059
x 0 33060
p 0 216 33060
x 0 33000
h 0 10.0.0.4
p 0 941 33000
x 1 33001
h 1 10.0.0.4
p 1 199 33001
x 0 33002
p 0 155 33002
x 0 33003
p 0 190 33003
x 0 33004
p 0 190 33004
x 0 33005
p 0 185 33005
x 0 33006
p 0 218 33006
x 0 33007
p 0 214 33007
x 0 33008
p 0 229 33008
x 0 33009
p 0 212 33009
x 0 33010
p 0 248 33010
x 0 33011
p 0 216 33011
x 0 33012
p 0 212 33012
x 0 33013
p 0 280 33013
x 0 33014
p 0 215 33014
x 0 33015
p 0 214 33015
x 0 33016
p 0 216 33016
x 0 33017
p 0 215 33017
x 0 33018
p 0 213 33018
x 0 33019
p 0 212 33019
x 0 33020
p 0 212 33020
x 0 33021
p 0 213 33021
x 0 33022
p 0 213 33022
x 0 33023
p 0 261 33023
x 0 33024
p 0 245 33024
x 0 33025
p 0 293 33025
x 0 33026
p 0 241 33026
x 0 33027
p 0 243 33027
x 0 33028
p 0 212 33028
x 0 33029
p 0 239 33029
x 0 33030
p 0 240 33030
x 0 33031
p 0 213 33031
x 0 33032
p 0 213 33032
x 0 33033
p 0 211 33033
x 0 33034
p 0 213 33034
x 0 33035
p 0 214 33035
x 0 33036
p 0 213 33036
x 0 33037
p 0 217 33037
x 0 33038
p 0 217 33038
x 0 33039
p 0 211 33039
x 0 33040
p 0 313 33040
x 0 33041
p 0 214 33041
x 0 33042
p 0 215 33042
x 0 33043
p 0 225 33043
x 0 33044
p 0 211 33044
x 0 33045
p 0 213 33045
x 0 33046
p 0 241 33046
x 0 33047
p 0 212 33047
x 0 33048
p 0 212 33048
x 0 33049
p 0 212 33049
x 0 33050
p 0 213 33050
x 0 33051
p 0 208 33051
x 0 33052
p 0 182 33052
x 0 33053
p 0 208 33053
x 0 33054
p 0 210 33054
x 0 33055
p 0 209 33055
x 0 33056
p 0 209 33056
x 0 33057
p 0 210 33057
x 0 33058
p 0 212 33058
x 0 33059
p 0 212 33059
x 0 33060
p 0 210 33060
x 0 33000
h 0 10.0.0.4
p 0 2890 33000
x 1 33001
h 1 10.0.0.4
p 1 785 33001
x 0 33002
p 0 220 33002
x 0 33003
p 0 216 33003
x 0 33004
p 0 216 33004
x 0 33005
p 0 216 33005
x 0 33006
p 0 215 33006
x 0 33007
p 0 214 33007
x 0 33008
p 0 217 33008
x 0 33009
p 0 210 33009
x 0 33010
p 0 210 33010
x 0 33011
p 0 209 33011
x 0 33012
p 0 249 33012
x 0 33013
p 0 206 33013
x 0 33014
p 0 209 33014
x 0 33015
p 0 208 33015
x 0 33016
p 0 210 33016
x 0 33017
p 0 207 33017
x 0 33018
p 0 245 33018
x 0 33019
p 0 206 33019
x 0 33020
p 0 211 33020
x 0 33021
p 0 206 33021
x 0 33022
p 0 208 33022
x 0 33023
p 0 243 33023
x 0 33024
p 0 210 33024
x 0 33025
p 0 208 33025
x 0 33026
p 0 169 33026
x 0 33027
p 0 207 33027
x 0 33028
p 0 209 33028
x 0 33029
p 0 187 33029
x 0 33030
p 0 207 33030
x 0 33031
p 0 207 33031
x 0 33032
p 0 196 33032
x 0 33033
p 0 209 33033
x 0 33034
p 0 208 33034
x 0 33035
p 0 208 33035
x 0 33036
p 0 214 33036
x 0 33037
p 0 238 33037
x 0 33038
p 0 209 33038
x 0 33039
p 0 207 33039
x 0 33040
p 0 211 33040
x 0 33041
p 0 207 33041
x 0 33042
p 0 210 33042
x 0 33043
p 0 208 33043
x 0 33044
p 0 210 33044
x 0 33045
p 0 209 33045
x 0 33046
p 0 210 33046
x 0 33047
p 0 210 33047
x 0 33048
p 0 210 33048
x 0 33049
p 0 209 33049
x 0 33050
p 0 304 33050
x 0 33051
p 0 212 33051
x 0 33052
p 0 211 33052
x 0 33053
p 0 210 33053
x 0 33054
p 0 214 33054
x 0 33055
p 0 243 33055
x 0 33056
p 0 209 33056
x 0 33057
p 0 210 33057
x 0 33058
p 0 211 33058
x 0 33059
p 0 209 33059
x 0 33060
p 0 209 33060
x 0 33000
h 0 10.0.0.4
p 0 764 33000
x 1 33001
h 1 10.0.0.4
p 1 268 33001
x 0 33002
p 0 89 33002
x 0 33003
p 0 210 33003
x 0 33004
p 0 220 33004
x 0 33005
p 0 225 33005
x 0 33006
p 0 314 33006
x 0 33007
p 0 219 33007
x 0 33008
p 0 217 33008
x 0 33009
p 0 213 33009
x 0 33010
p 0 183 33010
x 0 33011
p 0 179 33011
x 0 33012
p 0 212 33012
x 0 33013
p 0 216 33013
x 0 33014
p 0 217 33014
x 0 33015
p 0 180 33015
x 0 33016
p 0 210 33016
x 0 33017
p 0 213 33017
x 0 33018
p 0 215 33018
x 0 33019
p 0 272 33019
x 0 33020
p 0 214 33020
x 0 33021
p 0 215 33021
x 0 33022
p 0 216 33022
x 0 33023
p 0 183 33023
x 0 33024
p 0 217 33024
x 0 33025
p 0 217 33025
x 0 33026
p 0 312 33026
x 0 33027
p 0 188 33027
x 0 33028
p 0 216 33028
x 0 33029
p 0 185 33029
x 0 33030
p 0 186 33030
x 0 33031
p 0 185 33031
x 0 33032
p 0 194 33032
x 0 33033
p 0 161 33033
x 0 33034
p 0 290 33034
x 0 33035
p 0 143 33035
x 0 33036
p 0 184 33036
x 0 33037
p 0 257 33037
x 0 33038
p 0 185 33038
x 0 33039
p 0 182 33039
x 0 33040
p 0 286 33040
x 0 33041
p 0 172 33041
x 0 33042
p 0 169 33042
x 0 33043
p 0 168 33043
x 0 33044
p 0 172 33044
x 0 33045
p 0 178 33045
x 0 33046
p 0 246 33046
x 0 33047
p 0 173 33047
x 0 33048
p 0 167 33048
x 0 33049
p 0 167 33049
x 0 33050
p 0 180 33050
x 0 33051
p 0 185 33051
x 0 33052
p 0 189 33052
x 0 33053
p 0 176 33053
x 0 33054
p 0 173 33054
x 0 33055
p 0 177 33055
x 0 33056
p 0 215 33056
x 0 33057
p 0 211 33057
x 0 33058
p 0 213 33058
x 0 33059
p 0 213 33059
x 0 33060
p 0 215 33060
x 0 33000
h 0 10.0.0.4
p 0 5188 33000
x 1 33001
h 1 10.0.0.4
p 1 846 33001
x 0 33002
p 0 215 33002
x 0 33003
p 0 216 33003
x 0 33004
p 0 242 33004
x 0 33005
p 0 217 33005
x 0 33006
p 0 223 33006
x 0 33007
p 0 226 33007
x 0 33008
p 0 217 33008
x 0 33009
p 0 180 33009
x 0 33010
p 0 322 33010
x 0 33011
p 0 301 33011
x 0 33012
p 0 334 33012
x 0 33013
p 0 317 33013
x 0 33014
p 0 214 33014
x 0 33015
p 0 211 33015
x 0 33016
p 0 211 33016
x 0 33017
p 0 210 33017
x 0 33018
p 0 212 33018
x 0 33019
p 0 211 33019
x 0 33020
p 0 209 33020
x 0 33021
p 0 211 33021
x 0 33022
p 0 327 33022
x 0 33023
p 0 297 33023
x 0 33024
p 0 211 33024
x 0 33025
p 0 209 33025
x 0 33026
p 0 210 33026
x 0 33027
p 0 210 33027
x 0 33028
p 0 246 33028
x 0 33029
p 0 214 33029
x 0 33030
p 0 213 33030
x 0 33031
p 0 209 33031
x 0 33032
p 0 208 33032
x 0 33033
p 0 153 33033
x 0 33034
p 0 215 33034
x 0 33035
p 0 327 33035
x 0 33036
p 0 230 33036
x 0 33037
p 0 303 33037
x 0 33038
p 0 212 33038
x 0 33039
p 0 212 33039
x 0 33040
p 0 213 33040
x 0 33041
p 0 269 33041
x 0 33042
p 0 212 33042
x 0 33043
p 0 209 33043
x 0 33044
p 0 213 33044
x 0 33045
p 0 223 33045
x 0 33046
p 0 210 33046
x 0 33047
p 0 210 33047
x 0 33048
p 0 209 33048
x 0 33049
p 0 211 33049
x 0 33050
p 0 212 33050
x 0 33051
p 0 212 33051
x 0 33052
p 0 296 33052
x 0 33053
p 0 233 33053
x 0 33054
p 0 212 33054
x 0 33055
p 0 212 33055
x 0 33056
p 0 210 33056
x 0 33057
p 0 211 33057
x 0 33058
p 0 212 33058
x 0 33059
p 0 213 33059
x 0 33060
p 0 212 33060
x 0 33000
h 0 10.0.0.4
p 0 757 33000
x 1 33001
h 1 10.0.0.4
p 1 171 33001
x 0 33002
p 0 211 33002
x 0 33003
p 0 213 33003
x 0 33004
p 0 212 33004
x 0 33005
p 0 255 33005
x 0 33006
p 0 338 33006
x 0 33007
p 0 216 33007
x 0 33008
p 0 214 33008
x 0 33009
p 0 218 33009
x 0 33010
p 0 213 33010
x 0 33011
p 0 211 33011
x 0 33012
p 0 212 33012
x 0 33013
p 0 225 33013
x 0 33014
p 0 359 33014
x 0 33015
p 0 318 33015
x 0 33016
p 0 218 33016
x 0 33017
p 0 217 33017
x 0 33018
p 0 213 33018
x 0 33019
p 0 212 33019
x 0 33020
p 0 219 33020
x 0 33021
p 0 216 33021
x 0 33022
p 0 216 33022
x 0 33023
p 0 215 33023
x 0 33024
p 0 219 33024
x 0 33025
p 0 261 33025
x 0 33026
p 0 213 33026
x 0 33027
p 0 211 33027
x 0 33028
p 0 186 33028
x 0 33029
p 0 186 33029
x 0 33030
p 0 214 33030
x 0 33031
p 0 214 33031
x 0 33032
p 0 291 33032
x 0 33033
p 0 193 33033
x 0 33034
p 0 286 33034
x 0 33035
p 0 216 33035
x 0 33036
p 0 183 33036
x 0 33037
p 0 186 33037
x 0 33038
p 0 193 33038
x 0 33039
p 0 215 33039
x 0 33040
p 0 187 33040
x 0 33041
p 0 183 33041
x 0 33042
p 0 187 33042
x 0 33043
p 0 187 33043
x 0 33044
p 0 224 33044
x 0 33045
p 0 182 33045
x 0 33046
p 0 182 33046
x 0 33047
p 0 181 33047
x 0 33048
p 0 182 33048
x 0 33049
p 0 184 33049
x 0 33050
p 0 175 33050
x 0 33051
p 0 169 33051
x 0 33052
p 0 173 33052
x 0 33053
p 0 206 33053
x 0 33054
p 0 172 33054
x 0 33055
p 0 203 33055
x 0 33056
p 0 170 33056
x 0 33057
p 0 171 33057
x 0 33058
p 0 173 33058
x 0 33059
p 0 173 33059
x 0 33060
p 0 215 33060
x 0 33000
h 0 10.0.0.4
p 0 17735 33000
x 1 33001
h 1 10.0.0.4
p 1 979 33001
x 0 33002
p 0 240 33002
x 0 33003
p 0 214 33003
x 0 33004
p 0 228 33004
x 0 33005
p 0 229 33005
x 0 33006
p 0 172 33006
x 0 33007
p 0 182 33007
x 0 33008
p 0 176 33008
x 0 33009
p 0 177 33009
x 0 33010
p 0 176 33010
x 0 33011
p 0 179 33011
x 0 33012
p 0 168 33012
x 0 33013
p 0 182 33013
x 0 33014
p 0 180 33014
x 0 33015
p 0 176 33015
x 0 33016
p 0 174 33016
x 0 33017
p 0 180 33017
x 0 33018
p 0 176 33018
x 0 33019
p 0 175 33019
x 0 33020
p 0 176 33020
x 0 33021
p 0 212 33021
x 0 33022
p 0 175 33022
x 0 33023
p 0 175 33023
x 0 33024
p 0 175 33024
x 0 33025
p 0 175 33025
x 0 33026
p 0 171 33026
x 0 33027
p 0 178 33027
x 0 33028
p 0 169 33028
x 0 33029
p 0 171 33029
x 0 33030
p 0 167 33030
x 0 33031
p 0 175 33031
x 0 33032
p 0 171 33032
x 0 33033
p 0 167 33033
x 0 33034
p 0 165 33034
x 0 33035
p 0 176 33035
x 0 33036
p 0 214 33036
x 0 33037
p 0 177 33037
x 0 33038
p 0 166 33038
x 0 33039
p 0 176 33039
x 0 33040
p 0 171 33040
x 0 33041
p 0 171 33041
x 0 33042
p 0 165 33042
x 0 33043
p 0 169 33043
x 0 33044
p 0 173 33044
x 0 33045
p 0 166 33045
x 0 33046
p 0 165 33046
x 0 33047
p 0 171 33047
x 0 33048
p 0 226 33048
x 0 33049
p 0 201 33049
x 0 33050
p 0 176 33050
x 0 33051
p 0 163 33051
x 0 33052
p 0 163 33052
x 0 33053
p 0 158 33053
x 0 33054
p 0 162 33054
x 0 33055
p 0 158 33055
x 0 33056
p 0 192 33056
x 0 33057
p 0 164 33057
x 0 33058
p 0 144 33058
x 0 33059
p 0 164 33059
x 0 33060
p 0 169 33060
x 0 33000
h 0 10.0.0.4
p 0 984 33000
x 1 33001
h 1 10.0.0.4
p 1 227 33001
x 0 33002
p 0 184 33002
x 0 33003
p 0 229 33003
x 0 33004
p 0 224 33004
x 0 33005
p 0 231 33005
x 0 33006
p 0 218 33006
x 0 33007
p 0 220 33007
x 0 33008
p 0 225 33008
x 0 33009
p 0 216 33009
x 0 33010
p 0 214 33010
x 0 33011
p 0 305 33011
x 0 33012
p 0 218 33012
x 0 33013
p 0 217 33013
x 0 33014
p 0 216 33014
x 0 33015
p 0 216 33015
x 0 33016
p 0 218 33016
x 0 33017
p 0 220 33017
x 0 33018
p 0 214 33018
x 0 33019
p 0 173 33019
x 0 33020
p 0 222 33020
x 0 33021
p 0 218 33021
x 0 33022
p 0 222 33022
x 0 33023
p 0 221 33023
x 0 33024
p 0 243 33024
x 0 33025
p 0 261 33025
x 0 33026
p 0 218 33026
x 0 33027
p 0 210 33027
x 0 33028
p 0 212 33028
x 0 33029
p 0 213 33029
x 0 33030
p 0 214 33030
x 0 33031
p 0 239 33031
x 0 33032
p 0 217 33032
x 0 33033
p 0 217 33033
x 0 33034
p 0 212 33034
x 0 33035
p 0 190 33035
x 0 33036
p 0 214 33036
x 0 33037
p 0 216 33037
x 0 33038
p 0 215 33038
x 0 33039
p 0 212 33039
x 0 33040
p 0 216 33040
x 0 33041
p 0 215 33041
x 0 33042
p 0 219 33042
x 0 33043
p 0 215 33043
x 0 33044
p 0 215 33044
x 0 33045
p 0 246 33045
x 0 33046
p 0 215 33046
x 0 33047
p 0 211 33047
x 0 33048
p 0 190 33048
x 0 33049
p 0 215 33049
x 0 33050
p 0 292 33050
x 0 33051
p 0 215 33051
x 0 33052
p 0 213 33052
x 0 33053
p 0 170 33053
x 0 33054
p 0 213 33054
x 0 33055
p 0 213 33055
x 0 33056
p 0 214 33056
x 0 33057
p 0 219 33057
x 0 33058
p 0 214 33058
x 0 33059
p 0 359 33059
x 0 33060
p 0 215 33060
x 0 33000
h 0 10.0.0.4
p 0 7350 33000
x 1 33001
h 1 10.0.0.4
p 1 881 33001
x 0 33002
p 0 178 33002
x 0 33003
p 0 253 33003
x 0 33004
p 0 218 33004
x 0 33005
p 0 211 33005
x 0 33006
p 0 218 33006
x 0 33007
p 0 210 33007
x 0 33008
p 0 216 33008
x 0 33009
p 0 213 33009
x 0 33010
p 0 211 33010
x 0 33011
p 0 210 33011
x 0 33012
p 0 215 33012
x 0 33013
p 0 217 33013
x 0 33014
p 0 211 33014
x 0 33015
p 0 212 33015
x 0 33016
p 0 302 33016
x 0 33017
p 0 214 33017
x 0 33018
p 0 213 33018
x 0 33019
p 0 217 33019
x 0 33020
p 0 213 33020
x 0 33021
p 0 215 33021
x 0 33022
p 0 213 33022
x 0 33023
p 0 214 33023
x 0 33024
p 0 213 33024
x 0 33025
p 0 212 33025
x 0 33026
p 0 210 33026
x 0 33027
p 0 210 33027
x 0 33028
p 0 213 33028
x 0 33029
p 0 211 33029
x 0 33030
p 0 212 33030
x 0 33031
p 0 210 33031
x 0 33032
p 0 214 33032
x 0 33033
p 0 210 33033
x 0 33034
p 0 211 33034
x 0 33035
p 0 212 33035
x 0 33036
p 0 213 33036
x 0 33037
p 0 211 33037
x 0 33038
p 0 224 33038
x 0 33039
p 0 213 33039
x 0 33040
p 0 215 33040
x 0 33041
p 0 169 33041
x 0 33042
p 0 212 33042
x 0 33043
p 0 215 33043
x 0 33044
p 0 212 33044
x 0 33045
p 0 210 33045
x 0 33046
p 0 212 33046
x 0 33047
p 0 214 33047
x 0 33048
p 0 210 33048
x 0 33049
p 0 210 33049
x 0 33050
p 0 212 33050
x 0 33051
p 0 216 33051
x 0 33052
p 0 222 33052
x 0 33053
p 0 181 33053
x 0 33054
p 0 213 33054
x 0 33055
p 0 214 33055
x 0 33056
p 0 214 33056
x 0 33057
p 0 211 33057
x 0 33058
p 0 212 33058
x 0 33059
p 0 213 33059
x 0 33060
p 0 211 33060
x 0 33000
h 0 10.0.0.4
p 0 615 33000
x 1 33001
h 1 10.0.0.4
p 1 176 33001
x 0 33002
p 0 189 33002
x 0 33003
p 0 238 33003
x 0 33004
p 0 204 33004
x 0 33005
p 0 287 33005
x 0 33006
p 0 226 33006
x 0 33007
p 0 219 33007
x 0 33008
p 0 216 33008
x 0 33009
p 0 339 33009
x 0 33010
p 0 363 33010
x 0 33011
p 0 256 33011
x 0 33012
p 0 217 33012
x 0 33013
p 0 217 33013
x 0 33014
p 0 218 33014
x 0 33015
p 0 215 33015
x 0 33016
p 0 217 33016
x 0 33017
p 0 331 33017
x 0 33018
p 0 245 33018
x 0 33019
p 0 216 33019
x 0 33020
p 0 217 33020
x 0 33021
p 0 216 33021
x 0 33022
p 0 218 33022
x 0 33023
p 0 217 33023
x 0 33024
p 0 216 33024
x 0 33025
p 0 219 33025
x 0 33026
p 0 282 33026
x 0 33027
p 0 215 33027
x 0 33028
p 0 214 33028
x 0 33029
p 0 201 33029
x 0 33030
p 0 222 33030
x 0 33031
p 0 218 33031
x 0 33032
p 0 217 33032
x 0 33033
p 0 221 33033
x 0 33034
p 0 220 33034
x 0 33035
p 0 217 33035
x 0 33036
p 0 189 33036
x 0 33037
p 0 215 33037
x 0 33038
p 0 204 33038
x 0 33039
p 0 213 33039
x 0 33040
p 0 217 33040
x 0 33041
p 0 216 33041
x 0 33042
p 0 216 33042
x 0 33043
p 0 225 33043
x 0 33044
p 0 226 33044
x 0 33045
p 0 212 33045
x 0 33046
p 0 214 33046
x 0 33047
p 0 212 33047
x 0 33048
p 0 166 33048
x 0 33049
p 0 211 33049
x 0 33050
p 0 211 33050
x 0 33051
p 0 211 33051
x 0 33052
p 0 214 33052
x 0 33053
p 0 212 33053
x 0 33054
p 0 215 33054
x 0 33055
p 0 213 33055
x 0 33056
p 0 314 33056
x 0 33057
p 0 209 33057
x 0 33058
p 0 214 33058
x 0 33059
p 0 210 33059
x 0 33060
p 0 216 33060
x 0 33000
h 0 10.0.0.4
p 0 8127 33000
x 1 33001
h 1 10.0.0.4
p 1 849 33001
x 0 33002
p 0 280 33002
x 0 33003
p 0 320 33003
x 0 33004
p 0 223 33004
x 0 33005
p 0 326 33005
x 0 33006
p 0 440 33006
x 0 33007
p 0 204 33007
x 0 33008
p 0 213 33008
x 0 33009
p 0 223 33009
x 0 33010
p 0 186 33010
x 0 33011
p 0 194 33011
x 0 33012
p 0 182 33012
x 0 33013
p 0 186 33013
x 0 33014
p 0 185 33014
x 0 33015
p 0 185 33015
x 0 33016
p 0 202 33016
x 0 33017
p 0 199 33017
x 0 33018
p 0 200 33018
x 0 33019
p 0 199 33019
x 0 33020
p 0 187 33020
x 0 33021
p 0 190 33021
x 0 33022
p 0 185 33022
x 0 33023
p 0 186 33023
x 0 33024
p 0 266 33024
x 0 33025
p 0 184 33025
x 0 33026
p 0 183 33026
x 0 33027
p 0 216 33027
x 0 33028
p 0 185 33028
x 0 33029
p 0 108 33029
x 0 33030
p 0 188 33030
x 0 33031
p 0 217 33031
x 0 33032
p 0 185 33032
x 0 33033
p 0 202 33033
x 0 33034
p 0 93 33034
x 0 33035
p 0 176 33035
x 0 33036
p 0 246 33036
x 0 33037
p 0 188 33037
x 0 33038
p 0 371 33038
x 0 33039
p 0 179 33039
x 0 33040
p 0 238 33040
x 0 33041
p 0 215 33041
x 0 33042
p 0 214 33042
x 0 33043
p 0 213 33043
x 0 33044
p 0 240 33044
x 0 33045
p 0 421 33045
x 0 33046
p 0 214 33046
x 0 33047
p 0 214 33047
x 0 33048
p 0 277 33048
x 0 33049
p 0 221 33049
x 0 33050
p 0 219 33050
x 0 33051
p 0 221 33051
x 0 33052
p 0 216 33052
x 0 33053
p 0 219 33053
x 0 33054
p 0 226 33054
x 0 33055
p 0 245 33055
x 0 33056
p 0 165 33056
x 0 33057
p 0 214 33057
x 0 33058
p 0 210 33058
x 0 33059
p 0 213 33059
x 0 33060
p 0 212 33060
x 0 33000
h 0 10.0.0.4
p 0 827 33000
x 1 33001
h 1 10.0.0.4
p 1 142 33001
x 0 33002
p 0 225 33002
x 0 33003
p 0 222 33003
x 0 33004
p 0 218 33004
x 0 33005
p 0 252 33005
x 0 33006
p 0 213 33006
x 0 33007
p 0 211 33007
x 0 33008
p 0 212 33008
x 0 33009
p 0 215 33009
x 0 33010
p 0 189 33010
x 0 33011
p 0 215 33011
x 0 33012
p 0 319 33012
x 0 33013
p 0 219 33013
x 0 33014
p 0 319 33014
x 0 33015
p 0 218 33015
x 0 33016
p 0 211 33016
x 0 33017
p 0 212 33017
x 0 33018
p 0 213 33018
x 0 33019
p 0 254 33019
x 0 33020
p 0 256 33020
x 0 33021
p 0 248 33021
x 0 33022
p 0 240 33022
x 0 33023
p 0 242 33023
x 0 33024
p 0 245 33024
x 0 33025
p 0 251 33025
x 0 33026
p 0 312 33026
x 0 33027
p 0 213 33027
x 0 33028
p 0 211 33028
x 0 33029
p 0 350 33029
x 0 33030
p 0 183 33030
x 0 33031
p 0 209 33031
x 0 33032
p 0 210 33032
x 0 33033
p 0 211 33033
x 0 33034
p 0 215 33034
x 0 33035
p 0 230 33035
x 0 33036
p 0 216 33036
x 0 33037
p 0 213 33037
x 0 33038
p 0 309 33038
x 0 33039
p 0 218 33039
x 0 33040
p 0 308 33040
x 0 33041
p 0 212 33041
x 0 33042
p 0 322 33042
x 0 33043
p 0 302 33043
x 0 33044
p 0 319 33044
x 0 33045
p 0 307 33045
x 0 33046
p 0 317 33046
x 0 33047
p 0 303 33047
x 0 33048
p 0 315 33048
x 0 33049
p 0 316 33049
x 0 33050
p 0 315 33050
x 0 33051
p 0 319 33051
x 0 33052
p 0 311 33052
x 0 33053
p 0 216 33053
x 0 33054
p 0 316 33054
x 0 33055
p 0 308 33055
x 0 33056
p 0 216 33056
x 0 33057
p 0 215 33057
x 0 33058
p 0 219 33058
x 0 33059
p 0 219 33059
x 0 33060
p 0 291 33060
x 0 33000
h 0 10.0.0.4
p 0 3188 33000
x 1 33001
h 1 10.0.0.4
p 1 822 33001
x 0 33002
p 0 216 33002
x 0 33003
p 0 214 33003
x 0 33004
p 0 215 33004
x 0 33005
p 0 215 33005
x 0 33006
p 0 211 33006
x 0 33007
p 0 210 33007
x 0 33008
p 0 211 33008
x 0 33009
p 0 211 33009
x 0 33010
p 0 190 33010
x 0 33011
p 0 210 33011
x 0 33012
p 0 211 33012
x 0 33013
p 0 213 33013
x 0 33014
p 0 210 33014
x 0 33015
p 0 210 33015
x 0 33016
p 0 210 33016
x 0 33017
p 0 214 33017
x 0 33018
p 0 209 33018
x 0 33019
p 0 231 33019
x 0 33020
p 0 210 33020
x 0 33021
p 0 210 33021
x 0 33022
p 0 209 33022
x 0 33023
p 0 211 33023
x 0 33024
p 0 211 33024
x 0 33025
p 0 211 33025
x 0 33026
p 0 209 33026
x 0 33027
p 0 210 33027
x 0 33028
p 0 211 33028
x 0 33029
p 0 211 33029
x 0 33030
p 0 209 33030
x 0 33031
p 0 211 33031
x 0 33032
p 0 211 33032
x 0 33033
p 0 210 33033
x 0 33034
p 0 210 33034
x 0 33035
p 0 214 33035
x 0 33036
p 0 215 33036
x 0 33037
p 0 217 33037
x 0 33038
p 0 213 33038
x 0 33039
p 0 215 33039
x 0 33040
p 0 212 33040
x 0 33041
p 0 212 33041
x 0 33042
p 0 211 33042
x 0 33043
p 0 213 33043
x 0 33044
p 0 215 33044
x 0 33045
p 0 211 33045
x 0 33046
p 0 209 33046
x 0 33047
p 0 210 33047
x 0 33048
p 0 214 33048
x 0 33049
p 0 298 33049
x 0 33050
p 0 208 33050
x 0 33051
p 0 215 33051
x 0 33052
p 0 215 33052
x 0 33053
p 0 282 33053
x 0 33054
p 0 212 33054
x 0 33055
p 0 212 33055
x 0 33056
p 0 212 33056
x 0 33057
p 0 213 33057
x 0 33058
p 0 212 33058
x 0 33059
p 0 212 33059
x 0 33060
p 0 213 33060
x 0 33000
h 0 10.0.0.4
p 0 838 33000
x 1 33001
h 1 10.0.0.4
p 1 170 33001
x 0 33002
p 0 216 33002
x 0 33003
p 0 183 33003
x 0 33004
p 0 181 33004
x 0 33005
p 0 219 33005
x 0 33006
p 0 215 33006
x 0 33007
p 0 209 33007
x 0 33008
p 0 213 33008
x 0 33009
p 0 214 33009
x 0 33010
p 0 180 33010
x 0 33011
p 0 210 33011
x 0 33012
p 0 214 33012
x 0 33013
p 0 187 33013
x 0 33014
p 0 190 33014
x 0 33015
p 0 214 33015
x 0 33016
p 0 212 33016
x 0 33017
p 0 182 33017
x 0 33018
p 0 186 33018
x 0 33019
p 0 212 33019
x 0 33020
p 0 175 33020
x 0 33021
p 0 182 33021
x 0 33022
p 0 181 33022
x 0 33023
p 0 179 33023
x 0 33024
p 0 181 33024
x 0 33025
p 0 178 33025
x 0 33026
p 0 178 33026
x 0 33027
p 0 179 33027
x 0 33028
p 0 176 33028
x 0 33029
p 0 173 33029
x 0 33030
p 0 169 33030
x 0 33031
p 0 171 33031
x 0 33032
p 0 173 33032
x 0 33033
p 0 175 33033
x 0 33034
p 0 169 33034
x 0 33035
p 0 173 33035
x 0 33036
p 0 183 33036
x 0 33037
p 0 169 33037
x 0 33038
p 0 177 33038
x 0 33039
p 0 176 33039
x 0 33040
p 0 167 33040
x 0 33041
p 0 166 33041
x 0 33042
p 0 174 33042
x 0 33043
p 0 341 33043
x 0 33044
p 0 176 33044
x 0 33045
p 0 170 33045
x 0 33046
p 0 169 33046
x 0 33047
p 0 167 33047
x 0 33048
p 0 177 33048
x 0 33049
p 0 175 33049
x 0 33050
p 0 172 33050
x 0 33051
p 0 165 33051
x 0 33052
p 0 184 33052
x 0 33053
p 0 74 33053
x 0 33054
p 0 170 33054
x 0 33055
p 0 190 33055
x 0 33056
p 0 214 33056
x 0 33057
p 0 230 33057
x 0 33058
p 0 237 33058
x 0 33059
p 0 185 33059
x 0 33060
p 0 189 33060
x 0 33000
h 0 10.0.0.4
p 0 4831 33000
x 1 33001
h 1 10.0.0.4
p 1 792 33001
x 0 33002
p 0 203 33002
x 0 33003
p 0 223 33003
x 0 33004
p 0 243 33004
x 0 33005
p 0 260 33005
x 0 33006
p 0 212 33006
x 0 33007
p 0 213 33007
x 0 33008
p 0 211 33008
x 0 33009
p 0 208 33009
x 0 33010
p 0 322 33010
x 0 33011
p 0 214 33011
x 0 33012
p 0 318 33012
x 0 33013
p 0 209 33013
x 0 33014
p 0 209 33014
x 0 33015
p 0 178 33015
x 0 33016
p 0 209 33016
x 0 33017
p 0 306 33017
x 0 33018
p 0 207 33018
x 0 33019
p 0 209 33019
x 0 33020
p 0 211 33020
x 0 33021
p 0 209 33021
x 0 33022
p 0 212 33022
x 0 33023
p 0 136 33023
x 0 33024
p 0 309 33024
x 0 33025
p 0 322 33025
x 0 33026
p 0 173 33026
x 0 33027
p 0 209 33027
x 0 33028
p 0 317 33028
x 0 33029
p 0 313 33029
x 0 33030
p 0 211 33030
x 0 33031
p 0 211 33031
x 0 33032
p 0 306 33032
x 0 33033
p 0 210 33033
x 0 33034
p 0 319 33034
x 0 33035
p 0 215 33035
x 0 33036
p 0 323 33036
x 0 33037
p 0 210 33037
x 0 33038
p 0 211 33038
x 0 33039
p 0 212 33039
x 0 33040
p 0 211 33040
x 0 33041
p 0 209 33041
x 0 33042
p 0 212 33042
x 0 33043
p 0 210 33043
x 0 33044
p 0 238 33044
x 0 33045
p 0 244 33045
x 0 33046
p 0 325 33046
x 0 33047
p 0 211 33047
x 0 33048
p 0 323 33048
x 0 33049
p 0 210 33049
x 0 33050
p 0 301 33050
x 0 33051
p 0 210 33051
x 0 33052
p 0 319 33052
x 0 33053
p 0 319 33053
x 0 33054
p 0 208 33054
x 0 33055
p 0 211 33055
x 0 33056
p 0 210 33056
x 0 33057
p 0 216 33057
x 0 33058
p 0 301 33058
x 0 33059
p 0 210 33059
x 0 33060
p 0 199 33060
x 0 33000
h 0 10.0.0.4
p 0 478 33000
x 1 33001
h 1 10.0.0.4
p 1 215 33001
x 0 33002
p 0 212 33002
x 0 33003
p 0 217 33003
x 0 33004
p 0 221 33004
x 0 33005
p 0 222 33005
x 0 33006
p 0 216 33006
x 0 33007
p 0 210 33007
x 0 33008
p 0 210 33008
x 0 33009
p 0 210 33009
x 0 33010
p 0 219 33010
x 0 33011
p 0 215 33011
x 0 33012
p 0 221 33012
x 0 33013
p 0 219 33013
x 0 33014
p 0 223 33014
x 0 33015
p 0 219 33015
x 0 33016
p 0 218 33016
x 0 33017
p 0 217 33017
x 0 33018
p 0 218 33018
x 0 33019
p 0 215 33019
x 0 33020
p 0 207 33020
x 0 33021
p 0 212 33021
x 0 33022
p 0 208 33022
x 0 33023
p 0 208 33023
x 0 33024
p 0 210 33024
x 0 33025
p 0 207 33025
x 0 33026
p 0 208 33026
x 0 33027
p 0 208 33027
x 0 33028
p 0 209 33028
x 0 33029
p 0 207 33029
x 0 33030
p 0 211 33030
x 0 33031
p 0 210 33031
x 0 33032
p 0 209 33032
x 0 33033
p 0 209 33033
x 0 33034
p 0 214 33034
x 0 33035
p 0 210 33035
x 0 33036
p 0 212 33036
x 0 33037
p 0 214 33037
x 0 33038
p 0 213 33038
x 0 33039
p 0 210 33039
x 0 33040
p 0 210 33040
x 0 33041
p 0 212 33041
x 0 33042
p 0 212 33042
x 0 33043
p 0 210 33043
x 0 33044
p 0 341 33044
x 0 33045
p 0 209 33045
x 0 33046
p 0 210 33046
x 0 33047
p 0 208 33047
x 0 33048
p 0 208 33048
x 0 33049
p 0 209 33049
x 0 33050
p 0 207 33050
x 0 33051
p 0 208 33051
x 0 33052
p 0 210 33052
x 0 33053
p 0 210 33053
x 0 33054
p 0 212 33054
x 0 33055
p 0 208 33055
x 0 33056
p 0 210 33056
x 0 33057
p 0 210 33057
x 0 33058
p 0 281 33058
x 0 33059
p 0 210 33059
x 0 33060
p 0 209 33060
