x 0 33000
x 1 33001
x 2 33002
x 3 33003
h 0 10.0.0.13
p 0 361359 33000
h 2 10.0.0.13
p 2 165370 33002
h 1 10.0.0.13
p 1 271624 33001
h 3 10.0.0.13
p 3 91991 33003
x 4 33004
h 4 10.0.0.13
p 4 21343 33004
x 0 33005
p 0 6234 33005
x 0 33006
p 0 511 33006
x 0 33007
p 0 204 33007
x 0 33008
p 0 204 33008
x 0 33009
p 0 203 33009
x 0 33010
p 0 231 33010
x 0 33011
p 0 237 33011
x 0 33012
p 0 213 33012
x 0 33013
p 0 148 33013
x 0 33014
p 0 210 33014
x 0 33015
p 0 204 33015
x 0 33016
p 0 194 33016
x 0 33017
p 0 211 33017
x 0 33018
p 0 212 33018
x 0 33019
p 0 209 33019
x 0 33020
p 0 98 33020
x 0 33021
p 0 209 33021
x 0 33022
p 0 178 33022
x 0 33023
p 0 160 33023
x 0 33024
p 0 204 33024
x 0 33025
p 0 170 33025
x 0 33026
p 0 201 33026
x 0 33027
p 0 177 33027
x 0 33028
p 0 197 33028
x 0 33029
p 0 172 33029
x 0 33030
p 0 184 33030
x 0 33031
p 0 173 33031
x 0 33032
p 0 199 33032
x 0 33033
p 0 175 33033
x 0 33034
p 0 167 33034
x 0 33035
p 0 167 33035
x 0 33036
p 0 197 33036
x 0 33037
p 0 160 33037
x 0 33038
p 0 164 33038
x 0 33039
p 0 164 33039
x 0 33040
p 0 167 33040
x 0 33041
p 0 176 33041
x 0 33042
p 0 201 33042
x 0 33043
p 0 214 33043
x 0 33044
p 0 201 33044
x 0 33045
p 0 242 33045
x 0 33046
p 0 199 33046
x 0 33047
p 0 99 33047
x 0 33048
p 0 206 33048
x 0 33049
p 0 209 33049
x 0 33050
p 0 208 33050
x 0 33051
p 0 207 33051
x 0 33052
p 0 240 33052
x 0 33053
p 0 204 33053
x 0 33054
p 0 208 33054
x 0 33055
p 0 205 33055
x 0 33056
p 0 202 33056
x 0 33057
p 0 207 33057
x 0 33058
p 0 209 33058
x 0 33059
p 0 207 33059
x 0 33060
p 0 204 33060
x 0 33061
p 0 206 33061
x 0 33062
p 0 211 33062
x 0 33063
p 0 207 33063
x 0 33000
h 0 10.0.0.13
p 0 429 33000
x 1 33001
h 1 10.0.0.13
p 1 191 33001
x 0 33002
p 0 177 33002
x 0 33003
p 0 193 33003
x 0 33004
p 0 196 33004
x 0 33005
p 0 195 33005
x 0 33006
p 0 224 33006
x 0 33007
p 0 193 33007
x 0 33008
p 0 191 33008
x 0 33009
p 0 192 33009
x 0 33010
p 0 192 33010
x 0 33011
p 0 191 33011
x 0 33012
p 0 192 33012
x 0 33013
p 0 192 33013
x 0 33014
p 0 189 33014
x 0 33015
p 0 193 33015
x 0 33016
p 0 192 33016
x 0 33017
p 0 192 33017
x 0 33018
p 0 191 33018
x 0 33019
p 0 190 33019
x 0 33020
p 0 193 33020
x 0 33021
p 0 166 33021
x 0 33022
p 0 192 33022
x 0 33023
p 0 190 33023
x 0 33024
p 0 190 33024
x 0 33025
p 0 192 33025
x 0 33026
p 0 191 33026
x 0 33027
p 0 241 33027
x 0 33028
p 0 190 33028
x 0 33029
p 0 191 33029
x 0 33030
p 0 191 33030
x 0 33031
p 0 101 33031
x 0 33032
p 0 266 33032
x 0 33033
p 0 297 33033
x 0 33034
p 0 289 33034
x 0 33035
p 0 333 33035
x 0 33036
p 0 199 33036
x 0 33037
p 0 200 33037
x 0 33038
p 0 229 33038
x 0 33039
p 0 196 33039
x 0 33040
p 0 198 33040
x 0 33041
p 0 197 33041
x 0 33042
p 0 196 33042
x 0 33043
p 0 214 33043
x 0 33044
p 0 199 33044
x 0 33045
p 0 197 33045
x 0 33046
p 0 315 33046
x 0 33047
p 0 198 33047
x 0 33048
p 0 196 33048
x 0 33049
p 0 310 33049
x 0 33050
p 0 199 33050
x 0 33051
p 0 168 33051
x 0 33052
p 0 198 33052
x 0 33053
p 0 196 33053
x 0 33054
p 0 195 33054
x 0 33055
p 0 196 33055
x 0 33056
p 0 195 33056
x 0 33057
p 0 197 33057
x 0 33058
p 0 197 33058
x 0 33059
p 0 199 33059
x 0 33060
p 0 180 33060
x 0 33000
h 0 10.0.0.13
p 0 2341 33000
x 1 33001
h 1 10.0.0.13
p 1 818 33001
x 0 33002
p 0 203 33002
x 0 33003
p 0 199 33003
x 0 33004
p 0 201 33004
x 0 33005
p 0 127 33005
x 0 33006
p 0 199 33006
x 0 33007
p 0 198 33007
x 0 33008
p 0 235 33008
x 0 33009
p 0 210 33009
x 0 33010
p 0 180 33010
x 0 33011
p 0 211 33011
x 0 33012
p 0 212 33012
x 0 33013
p 0 210 33013
x 0 33014
p 0 211 33014
x 0 33015
p 0 213 33015
x 0 33016
p 0 209 33016
x 0 33017
p 0 206 33017
x 0 33018
p 0 210 33018
x 0 33019
p 0 211 33019
x 0 33020
p 0 209 33020
x 0 33021
p 0 245 33021
x 0 33022
p 0 210 33022
x 0 33023
p 0 208 33023
x 0 33024
p 0 213 33024
x 0 33025
p 0 209 33025
x 0 33026
p 0 204 33026
x 0 33027
p 0 213 33027
x 0 33028
p 0 244 33028
x 0 33029
p 0 212 33029
x 0 33030
p 0 211 33030
x 0 33031
p 0 213 33031
x 0 33032
p 0 329 33032
x 0 33033
p 0 234 33033
x 0 33034
p 0 210 33034
x 0 33035
p 0 240 33035
x 0 33036
p 0 129 33036
x 0 33037
p 0 211 33037
x 0 33038
p 0 211 33038
x 0 33039
p 0 209 33039
x 0 33040
p 0 261 33040
x 0 33041
p 0 215 33041
x 0 33042
p 0 424 33042
x 0 33043
p 0 256 33043
x 0 33044
p 0 250 33044
x 0 33045
p 0 259 33045
x 0 33046
p 0 246 33046
x 0 33047
p 0 238 33047
x 0 33048
p 0 248 33048
x 0 33049
p 0 270 33049
x 0 33050
p 0 205 33050
x 0 33051
p 0 206 33051
x 0 33052
p 0 213 33052
x 0 33053
p 0 213 33053
x 0 33054
p 0 211 33054
x 0 33055
p 0 262 33055
x 0 33056
p 0 213 33056
x 0 33057
p 0 210 33057
x 0 33058
p 0 260 33058
x 0 33059
p 0 212 33059
x 0 33060
p 0 209 33060
x 0 33000
h 0 10.0.0.13
p 0 391 33000
x 1 33001
h 1 10.0.0.13
p 1 259 33001
x 0 33002
p 0 124 33002
x 0 33003
p 0 189 33003
x 0 33004
p 0 201 33004
x 0 33005
p 0 197 33005
x 0 33006
p 0 244 33006
x 0 33007
p 0 196 33007
x 0 33008
p 0 140 33008
x 0 33009
p 0 193 33009
x 0 33010
p 0 257 33010
x 0 33011
p 0 221 33011
x 0 33012
p 0 193 33012
x 0 33013
p 0 190 33013
x 0 33014
p 0 297 33014
x 0 33015
p 0 193 33015
x 0 33016
p 0 193 33016
x 0 33017
p 0 190 33017
x 0 33018
p 0 347 33018
x 0 33019
p 0 339 33019
x 0 33020
p 0 350 33020
x 0 33021
p 0 283 33021
x 0 33022
p 0 281 33022
x 0 33023
p 0 194 33023
x 0 33024
p 0 192 33024
x 0 33025
p 0 191 33025
x 0 33026
p 0 282 33026
x 0 33027
p 0 276 33027
x 0 33028
p 0 193 33028
x 0 33029
p 0 280 33029
x 0 33030
p 0 273 33030
x 0 33031
p 0 174 33031
x 0 33032
p 0 191 33032
x 0 33033
p 0 191 33033
x 0 33034
p 0 198 33034
x 0 33035
p 0 221 33035
x 0 33036
p 0 193 33036
x 0 33037
p 0 195 33037
x 0 33038
p 0 193 33038
x 0 33039
p 0 172 33039
x 0 33040
p 0 199 33040
x 0 33041
p 0 195 33041
x 0 33042
p 0 301 33042
x 0 33043
p 0 272 33043
x 0 33044
p 0 209 33044
x 0 33045
p 0 295 33045
x 0 33046
p 0 347 33046
x 0 33047
p 0 364 33047
x 0 33048
p 0 341 33048
x 0 33049
p 0 194 33049
x 0 33050
p 0 299 33050
x 0 33051
p 0 198 33051
x 0 33052
p 0 196 33052
x 0 33053
p 0 200 33053
x 0 33054
p 0 197 33054
x 0 33055
p 0 195 33055
x 0 33056
p 0 223 33056
x 0 33057
p 0 219 33057
x 0 33058
p 0 298 33058
x 0 33059
p 0 285 33059
x 0 33060
p 0 112 33060
x 0 33000
h 0 10.0.0.13
p 0 9088 33000
x 1 33001
h 1 10.0.0.13
p 1 594 33001
x 0 33002
p 0 116 33002
x 0 33003
p 0 154 33003
x 0 33004
p 0 150 33004
x 0 33005
p 0 174 33005
x 0 33006
p 0 194 33006
x 0 33007
p 0 155 33007
x 0 33008
p 0 195 33008
x 0 33009
p 0 225 33009
x 0 33010
p 0 161 33010
x 0 33011
p 0 161 33011
x 0 33012
p 0 162 33012
x 0 33013
p 0 225 33013
x 0 33014
p 0 160 33014
x 0 33015
p 0 165 33015
x 0 33016
p 0 164 33016
x 0 33017
p 0 222 33017
x 0 33018
p 0 165 33018
x 0 33019
p 0 163 33019
x 0 33020
p 0 164 33020
x 0 33021
p 0 227 33021
x 0 33022
p 0 162 33022
x 0 33023
p 0 161 33023
x 0 33024
p 0 161 33024
x 0 33025
p 0 228 33025
x 0 33026
p 0 160 33026
x 0 33027
p 0 163 33027
x 0 33028
p 0 164 33028
x 0 33029
p 0 218 33029
x 0 33030
p 0 173 33030
x 0 33031
p 0 164 33031
x 0 33032
p 0 163 33032
x 0 33033
p 0 222 33033
x 0 33034
p 0 163 33034
x 0 33035
p 0 180 33035
x 0 33036
p 0 164 33036
x 0 33037
p 0 196 33037
x 0 33038
p 0 162 33038
x 0 33039
p 0 159 33039
x 0 33040
p 0 158 33040
x 0 33041
p 0 255 33041
x 0 33042
p 0 160 33042
x 0 33043
p 0 182 33043
x 0 33044
p 0 158 33044
x 0 33045
p 0 217 33045
x 0 33046
p 0 157 33046
x 0 33047
p 0 159 33047
x 0 33048
p 0 159 33048
x 0 33049
p 0 180 33049
x 0 33050
p 0 187 33050
x 0 33051
p 0 191 33051
x 0 33052
p 0 166 33052
x 0 33053
p 0 193 33053
x 0 33054
p 0 191 33054
x 0 33055
p 0 191 33055
x 0 33056
p 0 160 33056
x 0 33057
p 0 193 33057
x 0 33058
p 0 190 33058
x 0 33059
p 0 192 33059
x 0 33060
p 0 159 33060
x 0 33000
h 0 10.0.0.13
p 0 548 33000
x 1 33001
h 1 10.0.0.13
p 1 196 33001
x 0 33002
p 0 201 33002
x 0 33003
p 0 195 33003
x 0 33004
p 0 198 33004
x 0 33005
p 0 199 33005
x 0 33006
p 0 197 33006
x 0 33007
p 0 156 33007
x 0 33008
p 0 195 33008
x 0 33009
p 0 191 33009
x 0 33010
p 0 190 33010
x 0 33011
p 0 191 33011
x 0 33012
p 0 193 33012
x 0 33013
p 0 223 33013
x 0 33014
p 0 190 33014
x 0 33015
p 0 193 33015
x 0 33016
p 0 192 33016
x 0 33017
p 0 193 33017
x 0 33018
p 0 190 33018
x 0 33019
p 0 192 33019
x 0 33020
p 0 192 33020
x 0 33021
p 0 193 33021
x 0 33022
p 0 189 33022
x 0 33023
p 0 191 33023
x 0 33024
p 0 190 33024
x 0 33025
p 0 212 33025
x 0 33026
p 0 190 33026
x 0 33027
p 0 192 33027
x 0 33028
p 0 190 33028
x 0 33029
p 0 194 33029
x 0 33030
p 0 191 33030
x 0 33031
p 0 191 33031
x 0 33032
p 0 194 33032
x 0 33033
p 0 194 33033
x 0 33034
p 0 217 33034
x 0 33035
p 0 194 33035
x 0 33036
p 0 192 33036
x 0 33037
p 0 193 33037
x 0 33038
p 0 195 33038
x 0 33039
p 0 192 33039
x 0 33040
p 0 190 33040
x 0 33041
p 0 193 33041
x 0 33042
p 0 194 33042
x 0 33043
p 0 191 33043
x 0 33044
p 0 191 33044
x 0 33045
p 0 193 33045
x 0 33046
p 0 194 33046
x 0 33047
p 0 191 33047
x 0 33048
p 0 191 33048
x 0 33049
p 0 196 33049
x 0 33050
p 0 195 33050
x 0 33051
p 0 193 33051
x 0 33052
p 0 195 33052
x 0 33053
p 0 274 33053
x 0 33054
p 0 331 33054
x 0 33055
p 0 192 33055
x 0 33056
p 0 192 33056
x 0 33057
p 0 194 33057
x 0 33058
p 0 190 33058
x 0 33059
p 0 192 33059
x 0 33060
p 0 191 33060
x 0 33000
h 0 10.0.0.13
p 0 42677 33000
x 1 33001
h 1 10.0.0.13
p 1 346 33001
x 0 33002
p 0 109 33002
x 0 33003
p 0 193 33003
x 0 33004
p 0 156 33004
x 0 33005
p 0 193 33005
x 0 33006
p 0 196 33006
x 0 33007
p 0 198 33007
x 0 33008
p 0 193 33008
x 0 33009
p 0 193 33009
x 0 33010
p 0 194 33010
x 0 33011
p 0 196 33011
x 0 33012
p 0 195 33012
x 0 33013
p 0 193 33013
x 0 33014
p 0 194 33014
x 0 33015
p 0 197 33015
x 0 33016
p 0 195 33016
x 0 33017
p 0 193 33017
x 0 33018
p 0 194 33018
x 0 33019
p 0 196 33019
x 0 33020
p 0 197 33020
x 0 33021
p 0 195 33021
x 0 33022
p 0 195 33022
x 0 33023
p 0 194 33023
x 0 33024
p 0 191 33024
x 0 33025
p 0 193 33025
x 0 33026
p 0 228 33026
x 0 33027
p 0 193 33027
x 0 33028
p 0 192 33028
x 0 33029
p 0 196 33029
x 0 33030
p 0 195 33030
x 0 33031
p 0 198 33031
x 0 33032
p 0 201 33032
x 0 33033
p 0 200 33033
x 0 33034
p 0 198 33034
x 0 33035
p 0 199 33035
x 0 33036
p 0 202 33036
x 0 33037
p 0 77 33037
x 0 33038
p 0 199 33038
x 0 33039
p 0 283 33039
x 0 33040
p 0 198 33040
x 0 33041
p 0 194 33041
x 0 33042
p 0 220 33042
x 0 33043
p 0 189 33043
x 0 33044
p 0 191 33044
x 0 33045
p 0 191 33045
x 0 33046
p 0 192 33046
x 0 33047
p 0 193 33047
x 0 33048
p 0 199 33048
x 0 33049
p 0 198 33049
x 0 33050
p 0 200 33050
x 0 33051
p 0 200 33051
x 0 33052
p 0 199 33052
x 0 33053
p 0 196 33053
x 0 33054
p 0 197 33054
x 0 33055
p 0 212 33055
x 0 33056
p 0 196 33056
x 0 33057
p 0 197 33057
x 0 33058
p 0 219 33058
x 0 33059
p 0 191 33059
x 0 33060
p 0 192 33060
x 0 33000
h 0 10.0.0.13
p 0 424 33000
x 1 33001
h 1 10.0.0.13
p 1 195 33001
x 0 33002
p 0 186 33002
x 0 33003
p 0 195 33003
x 0 33004
p 0 227 33004
x 0 33005
p 0 200 33005
x 0 33006
p 0 205 33006
x 0 33007
p 0 192 33007
x 0 33008
p 0 194 33008
x 0 33009
p 0 193 33009
x 0 33010
p 0 196 33010
x 0 33011
p 0 198 33011
x 0 33012
p 0 198 33012
x 0 33013
p 0 196 33013
x 0 33014
p 0 199 33014
x 0 33015
p 0 194 33015
x 0 33016
p 0 196 33016
x 0 33017
p 0 195 33017
x 0 33018
p 0 194 33018
x 0 33019
p 0 253 33019
x 0 33020
p 0 197 33020
x 0 33021
p 0 193 33021
x 0 33022
p 0 197 33022
x 0 33023
p 0 193 33023
x 0 33024
p 0 194 33024
x 0 33025
p 0 193 33025
x 0 33026
p 0 195 33026
x 0 33027
p 0 196 33027
x 0 33028
p 0 196 33028
x 0 33029
p 0 198 33029
x 0 33030
p 0 198 33030
x 0 33031
p 0 201 33031
x 0 33032
p 0 201 33032
x 0 33033
p 0 202 33033
x 0 33034
p 0 202 33034
x 0 33035
p 0 197 33035
x 0 33036
p 0 178 33036
x 0 33037
p 0 194 33037
x 0 33038
p 0 194 33038
x 0 33039
p 0 193 33039
x 0 33040
p 0 193 33040
x 0 33041
p 0 195 33041
x 0 33042
p 0 194 33042
x 0 33043
p 0 196 33043
x 0 33044
p 0 212 33044
x 0 33045
p 0 197 33045
x 0 33046
p 0 198 33046
x 0 33047
p 0 197 33047
x 0 33048
p 0 201 33048
x 0 33049
p 0 202 33049
x 0 33050
p 0 200 33050
x 0 33051
p 0 198 33051
x 0 33052
p 0 200 33052
x 0 33053
p 0 228 33053
x 0 33054
p 0 193 33054
x 0 33055
p 0 197 33055
x 0 33056
p 0 195 33056
x 0 33057
p 0 195 33057
x 0 33058
p 0 192 33058
x 0 33059
p 0 195 33059
x 0 33060
p 0 87 33060
x 0 33000
h 0 10.0.0.13
p 0 17330 33000
x 1 33001
h 1 10.0.0.13
p 1 439 33001
x 0 33002
p 0 161 33002
x 0 33003
p 0 193 33003
x 0 33004
p 0 110 33004
x 0 33005
p 0 153 33005
x 0 33006
p 0 194 33006
x 0 33007
p 0 196 33007
x 0 33008
p 0 190 33008
x 0 33009
p 0 238 33009
x 0 33010
p 0 194 33010
x 0 33011
p 0 203 33011
x 0 33012
p 0 195 33012
x 0 33013
p 0 164 33013
x 0 33014
p 0 192 33014
x 0 33015
p 0 191 33015
x 0 33016
p 0 173 33016
x 0 33017
p 0 292 33017
x 0 33018
p 0 193 33018
x 0 33019
p 0 195 33019
x 0 33020
p 0 192 33020
x 0 33021
p 0 195 33021
x 0 33022
p 0 195 33022
x 0 33023
p 0 296 33023
x 0 33024
p 0 222 33024
x 0 33025
p 0 195 33025
x 0 33026
p 0 296 33026
x 0 33027
p 0 194 33027
x 0 33028
p 0 194 33028
x 0 33029
p 0 193 33029
x 0 33030
p 0 288 33030
x 0 33031
p 0 194 33031
x 0 33032
p 0 195 33032
x 0 33033
p 0 191 33033
x 0 33034
p 0 195 33034
x 0 33035
p 0 195 33035
x 0 33036
p 0 193 33036
x 0 33037
p 0 160 33037
x 0 33038
p 0 197 33038
x 0 33039
p 0 295 33039
x 0 33040
p 0 318 33040
x 0 33041
p 0 196 33041
x 0 33042
p 0 197 33042
x 0 33043
p 0 191 33043
x 0 33044
p 0 198 33044
x 0 33045
p 0 193 33045
x 0 33046
p 0 193 33046
x 0 33047
p 0 280 33047
x 0 33048
p 0 291 33048
x 0 33049
p 0 195 33049
x 0 33050
p 0 292 33050
x 0 33051
p 0 292 33051
x 0 33052
p 0 194 33052
x 0 33053
p 0 193 33053
x 0 33054
p 0 174 33054
x 0 33055
p 0 194 33055
x 0 33056
p 0 217 33056
x 0 33057
p 0 191 33057
x 0 33058
p 0 195 33058
x 0 33059
p 0 230 33059
x 0 33060
p 0 174 33060
x 0 33000
h 0 10.0.0.13
p 0 384 33000
x 1 33001
h 1 10.0.0.13
p 1 194 33001
x 0 33002
p 0 200 33002
x 0 33003
p 0 195 33003
x 0 33004
p 0 194 33004
x 0 33005
p 0 195 33005
x 0 33006
p 0 207 33006
x 0 33007
p 0 203 33007
x 0 33008
p 0 239 33008
x 0 33009
p 0 203 33009
x 0 33010
p 0 204 33010
x 0 33011
p 0 203 33011
x 0 33012
p 0 247 33012
x 0 33013
p 0 202 33013
x 0 33014
p 0 203 33014
x 0 33015
p 0 204 33015
x 0 33016
p 0 202 33016
x 0 33017
p 0 204 33017
x 0 33018
p 0 202 33018
x 0 33019
p 0 203 33019
x 0 33020
p 0 204 33020
x 0 33021
p 0 202 33021
x 0 33022
p 0 201 33022
x 0 33023
p 0 183 33023
x 0 33024
p 0 201 33024
x 0 33025
p 0 199 33025
x 0 33026
p 0 201 33026
x 0 33027
p 0 203 33027
x 0 33028
p 0 197 33028
x 0 33029
p 0 205 33029
x 0 33030
p 0 204 33030
x 0 33031
p 0 200 33031
x 0 33032
p 0 200 33032
x 0 33033
p 0 200 33033
x 0 33034
p 0 204 33034
x 0 33035
p 0 201 33035
x 0 33036
p 0 248 33036
x 0 33037
p 0 166 33037
x 0 33038
p 0 201 33038
x 0 33039
p 0 201 33039
x 0 33040
p 0 197 33040
x 0 33041
p 0 206 33041
x 0 33042
p 0 204 33042
x 0 33043
p 0 203 33043
x 0 33044
p 0 202 33044
x 0 33045
p 0 202 33045
x 0 33046
p 0 201 33046
x 0 33047
p 0 203 33047
x 0 33048
p 0 205 33048
x 0 33049
p 0 205 33049
x 0 33050
p 0 202 33050
x 0 33051
p 0 205 33051
x 0 33052
p 0 203 33052
x 0 33053
p 0 203 33053
x 0 33054
p 0 210 33054
x 0 33055
p 0 209 33055
x 0 33056
p 0 222 33056
x 0 33057
p 0 208 33057
x 0 33058
p 0 208 33058
x 0 33059
p 0 209 33059
x 0 33060
p 0 207 33060
x 0 33000
h 0 10.0.0.13
p 0 12094 33000
x 1 33001
h 1 10.0.0.13
p 1 772 33001
x 0 33002
p 0 131 33002
x 0 33003
p 0 198 33003
x 0 33004
p 0 194 33004
x 0 33005
p 0 195 33005
x 0 33006
p 0 192 33006
x 0 33007
p 0 271 33007
x 0 33008
p 0 208 33008
x 0 33009
p 0 211 33009
x 0 33010
p 0 202 33010
x 0 33011
p 0 210 33011
x 0 33012
p 0 213 33012
x 0 33013
p 0 217 33013
x 0 33014
p 0 212 33014
x 0 33015
p 0 212 33015
x 0 33016
p 0 212 33016
x 0 33017
p 0 211 33017
x 0 33018
p 0 210 33018
x 0 33019
p 0 208 33019
x 0 33020
p 0 211 33020
x 0 33021
p 0 290 33021
x 0 33022
p 0 213 33022
x 0 33023
p 0 205 33023
x 0 33024
p 0 208 33024
x 0 33025
p 0 204 33025
x 0 33026
p 0 206 33026
x 0 33027
p 0 204 33027
x 0 33028
p 0 254 33028
x 0 33029
p 0 226 33029
x 0 33030
p 0 208 33030
x 0 33031
p 0 207 33031
x 0 33032
p 0 206 33032
x 0 33033
p 0 206 33033
x 0 33034
p 0 208 33034
x 0 33035
p 0 252 33035
x 0 33036
p 0 208 33036
x 0 33037
p 0 223 33037
x 0 33038
p 0 203 33038
x 0 33039
p 0 205 33039
x 0 33040
p 0 203 33040
x 0 33041
p 0 203 33041
x 0 33042
p 0 290 33042
x 0 33043
p 0 205 33043
x 0 33044
p 0 208 33044
x 0 33045
p 0 206 33045
x 0 33046
p 0 204 33046
x 0 33047
p 0 202 33047
x 0 33048
p 0 204 33048
x 0 33049
p 0 226 33049
x 0 33050
p 0 190 33050
x 0 33051
p 0 192 33051
x 0 33052
p 0 193 33052
x 0 33053
p 0 192 33053
x 0 33054
p 0 193 33054
x 0 33055
p 0 193 33055
x 0 33056
p 0 225 33056
x 0 33057
p 0 194 33057
x 0 33058
p 0 193 33058
x 0 33059
p 0 192 33059
x 0 33060
p 0 196 33060
x 0 33000
h 0 10.0.0.13
p 0 612 33000
x 1 33001
h 1 10.0.0.13
p 1 255 33001
x 0 33002
p 0 81 33002
x 0 33003
p 0 198 33003
x 0 33004
p 0 194 33004
x 0 33005
p 0 193 33005
x 0 33006
p 0 193 33006
x 0 33007
p 0 192 33007
x 0 33008
p 0 173 33008
x 0 33009
p 0 189 33009
x 0 33010
p 0 192 33010
x 0 33011
p 0 190 33011
x 0 33012
p 0 192 33012
x 0 33013
p 0 190 33013
x 0 33014
p 0 193 33014
x 0 33015
p 0 191 33015
x 0 33016
p 0 192 33016
x 0 33017
p 0 191 33017
x 0 33018
p 0 192 33018
x 0 33019
p 0 194 33019
x 0 33020
p 0 191 33020
x 0 33021
p 0 192 33021
x 0 33022
p 0 195 33022
x 0 33023
p 0 194 33023
x 0 33024
p 0 193 33024
x 0 33025
p 0 214 33025
x 0 33026
p 0 191 33026
x 0 33027
p 0 190 33027
x 0 33028
p 0 193 33028
x 0 33029
p 0 129 33029
x 0 33030
p 0 147 33030
x 0 33031
p 0 160 33031
x 0 33032
p 0 161 33032
x 0 33033
p 0 161 33033
x 0 33034
p 0 155 33034
x 0 33035
p 0 166 33035
x 0 33036
p 0 196 33036
x 0 33037
p 0 194 33037
x 0 33038
p 0 219 33038
x 0 33039
p 0 296 33039
x 0 33040
p 0 196 33040
x 0 33041
p 0 225 33041
x 0 33042
p 0 798 33042
x 0 33043
p 0 298 33043
x 0 33044
p 0 297 33044
x 0 33045
p 0 384 33045
x 0 33046
p 0 299 33046
x 0 33047
p 0 167 33047
x 0 33048
p 0 195 33048
x 0 33049
p 0 196 33049
x 0 33050
p 0 195 33050
x 0 33051
p 0 192 33051
x 0 33052
p 0 198 33052
x 0 33053
p 0 298 33053
x 0 33054
p 0 286 33054
x 0 33055
p 0 298 33055
x 0 33056
p 0 300 33056
x 0 33057
p 0 251 33057
x 0 33058
p 0 198 33058
x 0 33059
p 0 201 33059
x 0 33060
p 0 200 33060
x 0 33000
h 0 10.0.0.13
p 0 5020 33000
x 1 33001
h 1 10.0.0.13
p 1 424 33001
x 0 33002
p 0 265 33002
x 0 33003
p 0 197 33003
x 0 33004
p 0 378 33004
x 0 33005
p 0 233 33005
x 0 33006
p 0 196 33006
x 0 33007
p 0 146 33007
x 0 33008
p 0 204 33008
x 0 33009
p 0 144 33009
x 0 33010
p 0 146 33010
x 0 33011
p 0 201 33011
x 0 33012
p 0 308 33012
x 0 33013
p 0 199 33013
x 0 33014
p 0 197 33014
x 0 33015
p 0 354 33015
x 0 33016
p 0 199 33016
x 0 33017
p 0 197 33017
x 0 33018
p 0 221 33018
x 0 33019
p 0 196 33019
x 0 33020
p 0 320 33020
x 0 33021
p 0 206 33021
x 0 33022
p 0 321 33022
x 0 33023
p 0 304 33023
x 0 33024
p 0 204 33024
x 0 33025
p 0 215 33025
x 0 33026
p 0 145 33026
x 0 33027
p 0 202 33027
x 0 33028
p 0 394 33028
x 0 33029
p 0 209 33029
x 0 33030
p 0 269 33030
x 0 33031
p 0 275 33031
x 0 33032
p 0 298 33032
x 0 33033
p 0 197 33033
x 0 33034
p 0 198 33034
x 0 33035
p 0 196 33035
x 0 33036
p 0 92 33036
x 0 33037
p 0 198 33037
x 0 33038
p 0 284 33038
x 0 33039
p 0 164 33039
x 0 33040
p 0 168 33040
x 0 33041
p 0 171 33041
x 0 33042
p 0 166 33042
x 0 33043
p 0 226 33043
x 0 33044
p 0 163 33044
x 0 33045
p 0 164 33045
x 0 33046
p 0 164 33046
x 0 33047
p 0 228 33047
x 0 33048
p 0 163 33048
x 0 33049
p 0 167 33049
x 0 33050
p 0 164 33050
x 0 33051
p 0 229 33051
x 0 33052
p 0 164 33052
x 0 33053
p 0 165 33053
x 0 33054
p 0 165 33054
x 0 33055
p 0 224 33055
x 0 33056
p 0 195 33056
x 0 33057
p 0 196 33057
x 0 33058
p 0 215 33058
x 0 33059
p 0 198 33059
x 0 33060
p 0 166 33060
x 0 33000
h 0 10.0.0.13
p 0 602 33000
x 1 33001
h 1 10.0.0.13
p 1 161 33001
x 0 33002
p 0 223 33002
x 0 33003
p 0 162 33003
x 0 33004
p 0 161 33004
x 0 33005
p 0 191 33005
x 0 33006
p 0 67 33006
x 0 33007
p 0 278 33007
x 0 33008
p 0 194 33008
x 0 33009
p 0 194 33009
x 0 33010
p 0 192 33010
x 0 33011
p 0 107 33011
x 0 33012
p 0 159 33012
x 0 33013
p 0 196 33013
x 0 33014
p 0 195 33014
x 0 33015
p 0 193 33015
x 0 33016
p 0 193 33016
x 0 33017
p 0 244 33017
x 0 33018
p 0 285 33018
x 0 33019
p 0 282 33019
x 0 33020
p 0 191 33020
x 0 33021
p 0 205 33021
x 0 33022
p 0 194 33022
x 0 33023
p 0 287 33023
x 0 33024
p 0 195 33024
x 0 33025
p 0 389 33025
x 0 33026
p 0 333 33026
x 0 33027
p 0 377 33027
x 0 33028
p 0 220 33028
x 0 33029
p 0 196 33029
x 0 33030
p 0 309 33030
x 0 33031
p 0 179 33031
x 0 33032
p 0 196 33032
x 0 33033
p 0 197 33033
x 0 33034
p 0 230 33034
x 0 33035
p 0 196 33035
x 0 33036
p 0 200 33036
x 0 33037
p 0 155 33037
x 0 33038
p 0 144 33038
x 0 33039
p 0 157 33039
x 0 33040
p 0 156 33040
x 0 33041
p 0 155 33041
x 0 33042
p 0 151 33042
x 0 33043
p 0 154 33043
x 0 33044
p 0 188 33044
x 0 33045
p 0 189 33045
x 0 33046
p 0 229 33046
x 0 33047
p 0 284 33047
x 0 33048
p 0 461 33048
x 0 33049
p 0 200 33049
x 0 33050
p 0 242 33050
x 0 33051
p 0 118 33051
x 0 33052
p 0 197 33052
x 0 33053
p 0 203 33053
x 0 33054
p 0 196 33054
x 0 33055
p 0 198 33055
x 0 33056
p 0 140 33056
x 0 33057
p 0 201 33057
x 0 33058
p 0 289 33058
x 0 33059
p 0 194 33059
x 0 33060
p 0 191 33060
x 0 33000
h 0 10.0.0.13
p 0 11285 33000
x 1 33001
h 1 10.0.0.13
p 1 657 33001
x 0 33002
p 0 143 33002
x 0 33003
p 0 199 33003
x 0 33004
p 0 202 33004
x 0 33005
p 0 275 33005
x 0 33006
p 0 268 33006
x 0 33007
p 0 392 33007
x 0 33008
p 0 263 33008
x 0 33009
p 0 323 33009
x 0 33010
p 0 163 33010
x 0 33011
p 0 273 33011
x 0 33012
p 0 247 33012
x 0 33013
p 0 248 33013
x 0 33014
p 0 220 33014
x 0 33015
p 0 254 33015
x 0 33016
p 0 220 33016
x 0 33017
p 0 124 33017
x 0 33018
p 0 220 33018
x 0 33019
p 0 192 33019
x 0 33020
p 0 191 33020
x 0 33021
p 0 191 33021
x 0 33022
p 0 191 33022
x 0 33023
p 0 190 33023
x 0 33024
p 0 192 33024
x 0 33025
p 0 194 33025
x 0 33026
p 0 249 33026
x 0 33027
p 0 245 33027
x 0 33028
p 0 189 33028
x 0 33029
p 0 189 33029
x 0 33030
p 0 193 33030
x 0 33031
p 0 191 33031
x 0 33032
p 0 192 33032
x 0 33033
p 0 192 33033
x 0 33034
p 0 191 33034
x 0 33035
p 0 199 33035
x 0 33036
p 0 195 33036
x 0 33037
p 0 195 33037
x 0 33038
p 0 196 33038
x 0 33039
p 0 193 33039
x 0 33040
p 0 193 33040
x 0 33041
p 0 196 33041
x 0 33042
p 0 189 33042
x 0 33043
p 0 192 33043
x 0 33044
p 0 190 33044
x 0 33045
p 0 204 33045
x 0 33046
p 0 194 33046
x 0 33047
p 0 192 33047
x 0 33048
p 0 160 33048
x 0 33049
p 0 197 33049
x 0 33050
p 0 195 33050
x 0 33051
p 0 197 33051
x 0 33052
p 0 195 33052
x 0 33053
p 0 196 33053
x 0 33054
p 0 198 33054
x 0 33055
p 0 196 33055
x 0 33056
p 0 197 33056
x 0 33057
p 0 198 33057
x 0 33058
p 0 193 33058
x 0 33059
p 0 191 33059
x 0 33060
p 0 239 33060
x 0 33000
h 0 10.0.0.13
p 0 559 33000
x 1 33001
h 1 10.0.0.13
p 1 169 33001
x 0 33002
p 0 193 33002
x 0 33003
p 0 195 33003
x 0 33004
p 0 205 33004
x 0 33005
p 0 193 33005
x 0 33006
p 0 196 33006
x 0 33007
p 0 219 33007
x 0 33008
p 0 196 33008
x 0 33009
p 0 175 33009
x 0 33010
p 0 192 33010
x 0 33011
p 0 189 33011
x 0 33012
p 0 117 33012
x 0 33013
p 0 206 33013
x 0 33014
p 0 198 33014
x 0 33015
p 0 199 33015
x 0 33016
p 0 197 33016
x 0 33017
p 0 202 33017
x 0 33018
p 0 269 33018
x 0 33019
p 0 199 33019
x 0 33020
p 0 198 33020
x 0 33021
p 0 192 33021
x 0 33022
p 0 167 33022
x 0 33023
p 0 194 33023
x 0 33024
p 0 193 33024
x 0 33025
p 0 269 33025
x 0 33026
p 0 192 33026
x 0 33027
p 0 202 33027
x 0 33028
p 0 328 33028
x 0 33029
p 0 280 33029
x 0 33030
p 0 277 33030
x 0 33031
p 0 283 33031
x 0 33032
p 0 198 33032
x 0 33033
p 0 198 33033
x 0 33034
p 0 199 33034
x 0 33035
p 0 203 33035
x 0 33036
p 0 166 33036
x 0 33037
p 0 307 33037
x 0 33038
p 0 282 33038
x 0 33039
p 0 196 33039
x 0 33040
p 0 194 33040
x 0 33041
p 0 193 33041
x 0 33042
p 0 192 33042
x 0 33043
p 0 196 33043
x 0 33044
p 0 194 33044
x 0 33045
p 0 234 33045
x 0 33046
p 0 196 33046
x 0 33047
p 0 162 33047
x 0 33048
p 0 197 33048
x 0 33049
p 0 195 33049
x 0 33050
p 0 194 33050
x 0 33051
p 0 228 33051
x 0 33052
p 0 194 33052
x 0 33053
p 0 197 33053
x 0 33054
p 0 195 33054
x 0 33055
p 0 192 33055
x 0 33056
p 0 193 33056
x 0 33057
p 0 192 33057
x 0 33058
p 0 193 33058
x 0 33059
p 0 193 33059
x 0 33060
p 0 195 33060
x 0 33000
h 0 10.0.0.13
p 0 20960 33000
x 1 33001
h 1 10.0.0.13
p 1 341 33001
x 0 33002
p 0 80 33002
x 0 33003
p 0 146 33003
x 0 33004
p 0 149 33004
x 0 33005
p 0 155 33005
x 0 33006
p 0 196 33006
x 0 33007
p 0 199 33007
x 0 33008
p 0 192 33008
x 0 33009
p 0 190 33009
x 0 33010
p 0 297 33010
x 0 33011
p 0 195 33011
x 0 33012
p 0 199 33012
x 0 33013
p 0 161 33013
x 0 33014
p 0 197 33014
x 0 33015
p 0 195 33015
x 0 33016
p 0 195 33016
x 0 33017
p 0 195 33017
x 0 33018
p 0 197 33018
x 0 33019
p 0 195 33019
x 0 33020
p 0 198 33020
x 0 33021
p 0 196 33021
x 0 33022
p 0 296 33022
x 0 33023
p 0 192 33023
x 0 33024
p 0 297 33024
x 0 33025
p 0 190 33025
x 0 33026
p 0 220 33026
x 0 33027
p 0 191 33027
x 0 33028
p 0 193 33028
x 0 33029
p 0 292 33029
x 0 33030
p 0 192 33030
x 0 33031
p 0 285 33031
x 0 33032
p 0 191 33032
x 0 33033
p 0 192 33033
x 0 33034
p 0 195 33034
x 0 33035
p 0 57 33035
x 0 33036
p 0 210 33036
x 0 33037
p 0 192 33037
x 0 33038
p 0 193 33038
x 0 33039
p 0 224 33039
x 0 33040
p 0 193 33040
x 0 33041
p 0 191 33041
x 0 33042
p 0 193 33042
x 0 33043
p 0 218 33043
x 0 33044
p 0 191 33044
x 0 33045
p 0 193 33045
x 0 33046
p 0 192 33046
x 0 33047
p 0 191 33047
x 0 33048
p 0 346 33048
x 0 33049
p 0 194 33049
x 0 33050
p 0 189 33050
x 0 33051
p 0 191 33051
x 0 33052
p 0 190 33052
x 0 33053
p 0 190 33053
x 0 33054
p 0 190 33054
x 0 33055
p 0 193 33055
x 0 33056
p 0 190 33056
x 0 33057
p 0 191 33057
x 0 33058
p 0 214 33058
x 0 33059
p 0 191 33059
x 0 33060
p 0 192 33060
x 0 33000
h 0 10.0.0.13
p 0 531 33000
x 1 33001
h 1 10.0.0.13
p 1 149 33001
x 0 33002
p 0 142 33002
x 0 33003
p 0 145 33003
x 0 33004
p 0 151 33004
x 0 33005
p 0 152 33005
x 0 33006
p 0 197 33006
x 0 33007
p 0 196 33007
x 0 33008
p 0 192 33008
x 0 33009
p 0 193 33009
x 0 33010
p 0 194 33010
x 0 33011
p 0 195 33011
x 0 33012
p 0 193 33012
x 0 33013
p 0 182 33013
x 0 33014
p 0 192 33014
x 0 33015
p 0 194 33015
x 0 33016
p 0 195 33016
x 0 33017
p 0 194 33017
x 0 33018
p 0 199 33018
x 0 33019
p 0 195 33019
x 0 33020
p 0 196 33020
x 0 33021
p 0 224 33021
x 0 33022
p 0 194 33022
x 0 33023
p 0 191 33023
x 0 33024
p 0 195 33024
x 0 33025
p 0 197 33025
x 0 33026
p 0 194 33026
x 0 33027
p 0 159 33027
x 0 33028
p 0 193 33028
x 0 33029
p 0 196 33029
x 0 33030
p 0 193 33030
x 0 33031
p 0 192 33031
x 0 33032
p 0 196 33032
x 0 33033
p 0 199 33033
x 0 33034
p 0 245 33034
x 0 33035
p 0 198 33035
x 0 33036
p 0 201 33036
x 0 33037
p 0 198 33037
x 0 33038
p 0 169 33038
x 0 33039
p 0 237 33039
x 0 33040
p 0 198 33040
x 0 33041
p 0 198 33041
x 0 33042
p 0 270 33042
x 0 33043
p 0 281 33043
x 0 33044
p 0 197 33044
x 0 33045
p 0 197 33045
x 0 33046
p 0 165 33046
x 0 33047
p 0 199 33047
x 0 33048
p 0 195 33048
x 0 33049
p 0 163 33049
x 0 33050
p 0 166 33050
x 0 33051
p 0 232 33051
x 0 33052
p 0 201 33052
x 0 33053
p 0 147 33053
x 0 33054
p 0 177 33054
x 0 33055
p 0 195 33055
x 0 33056
p 0 202 33056
x 0 33057
p 0 195 33057
x 0 33058
p 0 60 33058
x 0 33059
p 0 195 33059
x 0 33060
p 0 191 33060
x 0 33000
h 0 10.0.0.13
p 0 8120 33000
x 1 33001
h 1 10.0.0.13
p 1 399 33001
x 0 33002
p 0 129 33002
x 0 33003
p 0 193 33003
x 0 33004
p 0 169 33004
x 0 33005
p 0 193 33005
x 0 33006
p 0 195 33006
x 0 33007
p 0 194 33007
x 0 33008
p 0 231 33008
x 0 33009
p 0 194 33009
x 0 33010
p 0 191 33010
x 0 33011
p 0 192 33011
x 0 33012
p 0 191 33012
x 0 33013
p 0 192 33013
x 0 33014
p 0 169 33014
x 0 33015
p 0 197 33015
x 0 33016
p 0 192 33016
x 0 33017
p 0 134 33017
x 0 33018
p 0 169 33018
x 0 33019
p 0 193 33019
x 0 33020
p 0 189 33020
x 0 33021
p 0 196 33021
x 0 33022
p 0 181 33022
x 0 33023
p 0 192 33023
x 0 33024
p 0 190 33024
x 0 33025
p 0 191 33025
x 0 33026
p 0 192 33026
x 0 33027
p 0 196 33027
x 0 33028
p 0 194 33028
x 0 33029
p 0 194 33029
x 0 33030
p 0 167 33030
x 0 33031
p 0 191 33031
x 0 33032
p 0 190 33032
x 0 33033
p 0 166 33033
x 0 33034
p 0 65 33034
x 0 33035
p 0 223 33035
x 0 33036
p 0 167 33036
x 0 33037
p 0 195 33037
x 0 33038
p 0 167 33038
x 0 33039
p 0 195 33039
x 0 33040
p 0 165 33040
x 0 33041
p 0 167 33041
x 0 33042
p 0 165 33042
x 0 33043
p 0 169 33043
x 0 33044
p 0 165 33044
x 0 33045
p 0 167 33045
x 0 33046
p 0 237 33046
x 0 33047
p 0 161 33047
x 0 33048
p 0 164 33048
x 0 33049
p 0 235 33049
x 0 33050
p 0 192 33050
x 0 33051
p 0 183 33051
x 0 33052
p 0 146 33052
x 0 33053
p 0 190 33053
x 0 33054
p 0 197 33054
x 0 33055
p 0 169 33055
x 0 33056
p 0 139 33056
x 0 33057
p 0 194 33057
x 0 33058
p 0 192 33058
x 0 33059
p 0 189 33059
x 0 33060
p 0 264 33060
x 0 33000
h 0 10.0.0.13
p 0 564 33000
x 1 33001
h 1 10.0.0.13
p 1 194 33001
x 0 33002
p 0 220 33002
x 0 33003
p 0 195 33003
x 0 33004
p 0 196 33004
x 0 33005
p 0 195 33005
x 0 33006
p 0 174 33006
x 0 33007
p 0 194 33007
x 0 33008
p 0 193 33008
x 0 33009
p 0 221 33009
x 0 33010
p 0 110 33010
x 0 33011
p 0 158 33011
x 0 33012
p 0 159 33012
x 0 33013
p 0 227 33013
x 0 33014
p 0 158 33014
x 0 33015
p 0 158 33015
x 0 33016
p 0 159 33016
x 0 33017
p 0 230 33017
x 0 33018
p 0 192 33018
x 0 33019
p 0 193 33019
x 0 33020
p 0 264 33020
x 0 33021
p 0 221 33021
x 0 33022
p 0 195 33022
x 0 33023
p 0 194 33023
x 0 33024
p 0 261 33024
x 0 33025
p 0 227 33025
x 0 33026
p 0 192 33026
x 0 33027
p 0 192 33027
x 0 33028
p 0 147 33028
x 0 33029
p 0 225 33029
x 0 33030
p 0 192 33030
x 0 33031
p 0 293 33031
x 0 33032
p 0 195 33032
x 0 33033
p 0 208 33033
x 0 33034
p 0 173 33034
x 0 33035
p 0 195 33035
x 0 33036
p 0 194 33036
x 0 33037
p 0 176 33037
x 0 33038
p 0 174 33038
x 0 33039
p 0 195 33039
x 0 33040
p 0 192 33040
x 0 33041
p 0 159 33041
x 0 33042
p 0 174 33042
x 0 33043
p 0 193 33043
x 0 33044
p 0 248 33044
x 0 33045
p 0 218 33045
x 0 33046
p 0 172 33046
x 0 33047
p 0 172 33047
x 0 33048
p 0 172 33048
x 0 33049
p 0 222 33049
x 0 33050
p 0 190 33050
x 0 33051
p 0 192 33051
x 0 33052
p 0 191 33052
x 0 33053
p 0 218 33053
x 0 33054
p 0 189 33054
x 0 33055
p 0 192 33055
x 0 33056
p 0 195 33056
x 0 33057
p 0 195 33057
x 0 33058
p 0 228 33058
x 0 33059
p 0 193 33059
x 0 33060
p 0 195 33060
x 0 33000
h 0 10.0.0.13
p 0 3713 33000
x 1 33001
h 1 10.0.0.13
p 1 557 33001
x 0 33002
p 0 144 33002
x 0 33003
p 0 149 33003
x 0 33004
p 0 149 33004
x 0 33005
p 0 151 33005
x 0 33006
p 0 193 33006
x 0 33007
p 0 191 33007
x 0 33008
p 0 188 33008
x 0 33009
p 0 218 33009
x 0 33010
p 0 187 33010
x 0 33011
p 0 166 33011
x 0 33012
p 0 166 33012
x 0 33013
p 0 221 33013
x 0 33014
p 0 187 33014
x 0 33015
p 0 187 33015
x 0 33016
p 0 190 33016
x 0 33017
p 0 212 33017
x 0 33018
p 0 186 33018
x 0 33019
p 0 188 33019
x 0 33020
p 0 188 33020
x 0 33021
p 0 190 33021
x 0 33022
p 0 221 33022
x 0 33023
p 0 189 33023
x 0 33024
p 0 188 33024
x 0 33025
p 0 188 33025
x 0 33026
p 0 222 33026
x 0 33027
p 0 188 33027
x 0 33028
p 0 192 33028
x 0 33029
p 0 188 33029
x 0 33030
p 0 217 33030
x 0 33031
p 0 194 33031
x 0 33032
p 0 191 33032
x 0 33033
p 0 159 33033
x 0 33034
p 0 222 33034
x 0 33035
p 0 188 33035
x 0 33036
p 0 191 33036
x 0 33037
p 0 189 33037
x 0 33038
p 0 215 33038
x 0 33039
p 0 186 33039
x 0 33040
p 0 185 33040
x 0 33041
p 0 163 33041
x 0 33042
p 0 220 33042
x 0 33043
p 0 188 33043
x 0 33044
p 0 189 33044
x 0 33045
p 0 189 33045
x 0 33046
p 0 218 33046
x 0 33047
p 0 191 33047
x 0 33048
p 0 159 33048
x 0 33049
p 0 189 33049
x 0 33050
p 0 187 33050
x 0 33051
p 0 191 33051
x 0 33052
p 0 189 33052
x 0 33053
p 0 167 33053
x 0 33054
p 0 216 33054
x 0 33055
p 0 156 33055
x 0 33056
p 0 159 33056
x 0 33057
p 0 72 33057
x 0 33058
p 0 189 33058
x 0 33059
p 0 157 33059
x 0 33060
p 0 217 33060
x 0 33000
h 0 10.0.0.13
p 0 845 33000
x 1 33001
h 1 10.0.0.13
p 1 192 33001
x 0 33002
p 0 195 33002
x 0 33003
p 0 193 33003
x 0 33004
p 0 195 33004
x 0 33005
p 0 220 33005
x 0 33006
p 0 193 33006
x 0 33007
p 0 168 33007
x 0 33008
p 0 162 33008
x 0 33009
p 0 155 33009
x 0 33010
p 0 155 33010
x 0 33011
p 0 163 33011
x 0 33012
p 0 158 33012
x 0 33013
p 0 139 33013
x 0 33014
p 0 136 33014
x 0 33015
p 0 138 33015
x 0 33016
p 0 147 33016
x 0 33017
p 0 139 33017
x 0 33018
p 0 143 33018
x 0 33019
p 0 202 33019
x 0 33020
p 0 140 33020
x 0 33021
p 0 137 33021
x 0 33022
p 0 141 33022
x 0 33023
p 0 141 33023
x 0 33024
p 0 139 33024
x 0 33025
p 0 145 33025
x 0 33026
p 0 199 33026
x 0 33027
p 0 137 33027
x 0 33028
p 0 137 33028
x 0 33029
p 0 135 33029
x 0 33030
p 0 140 33030
x 0 33031
p 0 137 33031
x 0 33032
p 0 134 33032
x 0 33033
p 0 136 33033
x 0 33034
p 0 136 33034
x 0 33035
p 0 137 33035
x 0 33036
p 0 139 33036
x 0 33037
p 0 215 33037
x 0 33038
p 0 136 33038
x 0 33039
p 0 138 33039
x 0 33040
p 0 137 33040
x 0 33041
p 0 138 33041
x 0 33042
p 0 137 33042
x 0 33043
p 0 144 33043
x 0 33044
p 0 135 33044
x 0 33045
p 0 137 33045
x 0 33046
p 0 136 33046
x 0 33047
p 0 135 33047
x 0 33048
p 0 138 33048
x 0 33049
p 0 135 33049
x 0 33050
p 0 175 33050
x 0 33051
p 0 196 33051
x 0 33052
p 0 138 33052
x 0 33053
p 0 136 33053
x 0 33054
p 0 137 33054
x 0 33055
p 0 145 33055
x 0 33056
p 0 136 33056
x 0 33057
p 0 138 33057
x 0 33058
p 0 134 33058
x 0 33059
p 0 56 33059
x 0 33060
p 0 91 33060
x 0 33000
h 0 10.0.0.13
p 0 15481 33000
x 1 33001
h 1 10.0.0.13
p 1 365 33001
x 0 33002
p 0 171 33002
x 0 33003
p 0 192 33003
x 0 33004
p 0 192 33004
x 0 33005
p 0 192 33005
x 0 33006
p 0 224 33006
x 0 33007
p 0 221 33007
x 0 33008
p 0 193 33008
x 0 33009
p 0 191 33009
x 0 33010
p 0 192 33010
x 0 33011
p 0 225 33011
x 0 33012
p 0 192 33012
x 0 33013
p 0 192 33013
x 0 33014
p 0 191 33014
x 0 33015
p 0 221 33015
x 0 33016
p 0 191 33016
x 0 33017
p 0 193 33017
x 0 33018
p 0 191 33018
x 0 33019
p 0 82 33019
x 0 33020
p 0 192 33020
x 0 33021
p 0 192 33021
x 0 33022
p 0 191 33022
x 0 33023
p 0 274 33023
x 0 33024
p 0 190 33024
x 0 33025
p 0 325 33025
x 0 33026
p 0 318 33026
x 0 33027
p 0 231 33027
x 0 33028
p 0 329 33028
x 0 33029
p 0 289 33029
x 0 33030
p 0 322 33030
x 0 33031
p 0 364 33031
x 0 33032
p 0 379 33032
x 0 33033
p 0 286 33033
x 0 33034
p 0 191 33034
x 0 33035
p 0 321 33035
x 0 33036
p 0 289 33036
x 0 33037
p 0 244 33037
x 0 33038
p 0 291 33038
x 0 33039
p 0 314 33039
x 0 33040
p 0 273 33040
x 0 33041
p 0 193 33041
x 0 33042
p 0 278 33042
x 0 33043
p 0 290 33043
x 0 33044
p 0 96 33044
x 0 33045
p 0 193 33045
x 0 33046
p 0 194 33046
x 0 33047
p 0 182 33047
x 0 33048
p 0 219 33048
x 0 33049
p 0 191 33049
x 0 33050
p 0 229 33050
x 0 33051
p 0 222 33051
x 0 33052
p 0 191 33052
x 0 33053
p 0 219 33053
x 0 33054
p 0 192 33054
x 0 33055
p 0 192 33055
x 0 33056
p 0 123 33056
x 0 33057
p 0 220 33057
x 0 33058
p 0 189 33058
x 0 33059
p 0 190 33059
x 0 33060
p 0 189 33060
x 0 33000
h 0 10.0.0.13
p 0 609 33000
x 1 33001
h 1 10.0.0.13
p 1 197 33001
x 0 33002
p 0 199 33002
x 0 33003
p 0 197 33003
x 0 33004
p 0 197 33004
x 0 33005
p 0 274 33005
x 0 33006
p 0 198 33006
x 0 33007
p 0 378 33007
x 0 33008
p 0 331 33008
x 0 33009
p 0 326 33009
x 0 33010
p 0 343 33010
x 0 33011
p 0 219 33011
x 0 33012
p 0 355 33012
x 0 33013
p 0 341 33013
x 0 33014
p 0 368 33014
x 0 33015
p 0 362 33015
x 0 33016
p 0 330 33016
x 0 33017
p 0 192 33017
x 0 33018
p 0 349 33018
x 0 33019
p 0 279 33019
x 0 33020
p 0 332 33020
x 0 33021
p 0 366 33021
x 0 33022
p 0 374 33022
x 0 33023
p 0 339 33023
x 0 33024
p 0 344 33024
x 0 33025
p 0 345 33025
x 0 33026
p 0 337 33026
x 0 33027
p 0 316 33027
x 0 33028
p 0 391 33028
x 0 33029
p 0 341 33029
x 0 33030
p 0 351 33030
x 0 33031
p 0 371 33031
x 0 33032
p 0 358 33032
x 0 33033
p 0 345 33033
x 0 33034
p 0 343 33034
x 0 33035
p 0 403 33035
x 0 33036
p 0 402 33036
x 0 33037
p 0 338 33037
x 0 33038
p 0 332 33038
x 0 33039
p 0 337 33039
x 0 33040
p 0 357 33040
x 0 33041
p 0 349 33041
x 0 33042
p 0 386 33042
x 0 33043
p 0 356 33043
x 0 33044
p 0 200 33044
x 0 33045
p 0 265 33045
x 0 33046
p 0 239 33046
x 0 33047
p 0 205 33047
x 0 33048
p 0 213 33048
x 0 33049
p 0 199 33049
x 0 33050
p 0 229 33050
x 0 33051
p 0 197 33051
x 0 33052
p 0 200 33052
x 0 33053
p 0 198 33053
x 0 33054
p 0 192 33054
x 0 33055
p 0 197 33055
x 0 33056
p 0 196 33056
x 0 33057
p 0 195 33057
x 0 33058
p 0 197 33058
x 0 33059
p 0 264 33059
x 0 33060
p 0 196 33060
x 0 33000
h 0 10.0.0.13
p 0 7456 33000
x 1 33001
h 1 10.0.0.13
p 1 383 33001
x 0 33002
p 0 175 33002
x 0 33003
p 0 210 33003
x 0 33004
p 0 163 33004
x 0 33005
p 0 166 33005
x 0 33006
p 0 164 33006
x 0 33007
p 0 151 33007
x 0 33008
p 0 268 33008
x 0 33009
p 0 167 33009
x 0 33010
p 0 167 33010
x 0 33011
p 0 164 33011
x 0 33012
p 0 166 33012
x 0 33013
p 0 167 33013
x 0 33014
p 0 166 33014
x 0 33015
p 0 165 33015
x 0 33016
p 0 156 33016
x 0 33017
p 0 149 33017
x 0 33018
p 0 152 33018
x 0 33019
p 0 168 33019
x 0 33020
p 0 163 33020
x 0 33021
p 0 196 33021
x 0 33022
p 0 146 33022
x 0 33023
p 0 170 33023
x 0 33024
p 0 167 33024
x 0 33025
p 0 198 33025
x 0 33026
p 0 136 33026
x 0 33027
p 0 138 33027
x 0 33028
p 0 165 33028
x 0 33029
p 0 204 33029
x 0 33030
p 0 164 33030
x 0 33031
p 0 136 33031
x 0 33032
p 0 136 33032
x 0 33033
p 0 142 33033
x 0 33034
p 0 140 33034
x 0 33035
p 0 137 33035
x 0 33036
p 0 138 33036
x 0 33037
p 0 143 33037
x 0 33038
p 0 142 33038
x 0 33039
p 0 135 33039
x 0 33040
p 0 134 33040
x 0 33041
p 0 140 33041
x 0 33042
p 0 140 33042
x 0 33043
p 0 139 33043
x 0 33044
p 0 141 33044
x 0 33045
p 0 145 33045
x 0 33046
p 0 146 33046
x 0 33047
p 0 136 33047
x 0 33048
p 0 139 33048
x 0 33049
p 0 142 33049
x 0 33050
p 0 172 33050
x 0 33051
p 0 159 33051
x 0 33052
p 0 168 33052
x 0 33053
p 0 147 33053
x 0 33054
p 0 160 33054
x 0 33055
p 0 139 33055
x 0 33056
p 0 161 33056
x 0 33057
p 0 165 33057
x 0 33058
p 0 138 33058
x 0 33059
p 0 136 33059
x 0 33060
p 0 134 33060
x 0 33000
h 0 10.0.0.13
p 0 439 33000
x 1 33001
h 1 10.0.0.13
p 1 214 33001
x 0 33002
p 0 224 33002
x 0 33003
p 0 262 33003
x 0 33004
p 0 186 33004
x 0 33005
p 0 163 33005
x 0 33006
p 0 194 33006
x 0 33007
p 0 192 33007
x 0 33008
p 0 266 33008
x 0 33009
p 0 277 33009
x 0 33010
p 0 225 33010
x 0 33011
p 0 288 33011
x 0 33012
p 0 197 33012
x 0 33013
p 0 252 33013
x 0 33014
p 0 230 33014
x 0 33015
p 0 195 33015
x 0 33016
p 0 277 33016
x 0 33017
p 0 189 33017
x 0 33018
p 0 195 33018
x 0 33019
p 0 195 33019
x 0 33020
p 0 281 33020
x 0 33021
p 0 160 33021
x 0 33022
p 0 165 33022
x 0 33023
p 0 270 33023
x 0 33024
p 0 161 33024
x 0 33025
p 0 161 33025
x 0 33026
p 0 197 33026
x 0 33027
p 0 197 33027
x 0 33028
p 0 146 33028
x 0 33029
p 0 193 33029
x 0 33030
p 0 272 33030
x 0 33031
p 0 196 33031
x 0 33032
p 0 291 33032
x 0 33033
p 0 285 33033
x 0 33034
p 0 197 33034
x 0 33035
p 0 273 33035
x 0 33036
p 0 159 33036
x 0 33037
p 0 194 33037
x 0 33038
p 0 234 33038
x 0 33039
p 0 228 33039
x 0 33040
p 0 242 33040
x 0 33041
p 0 271 33041
x 0 33042
p 0 176 33042
x 0 33043
p 0 196 33043
x 0 33044
p 0 169 33044
x 0 33045
p 0 185 33045
x 0 33046
p 0 198 33046
x 0 33047
p 0 176 33047
x 0 33048
p 0 276 33048
x 0 33049
p 0 286 33049
x 0 33050
p 0 198 33050
x 0 33051
p 0 191 33051
x 0 33052
p 0 194 33052
x 0 33053
p 0 195 33053
x 0 33054
p 0 198 33054
x 0 33055
p 0 158 33055
x 0 33056
p 0 286 33056
x 0 33057
p 0 199 33057
x 0 33058
p 0 226 33058
x 0 33059
p 0 198 33059
x 0 33060
p 0 200 33060
x 0 33000
h 0 10.0.0.13
p 0 5293 33000
x 1 33001
h 1 10.0.0.13
p 1 426 33001
x 0 33002
p 0 166 33002
x 0 33003
p 0 242 33003
x 0 33004
p 0 236 33004
x 0 33005
p 0 206 33005
x 0 33006
p 0 199 33006
x 0 33007
p 0 165 33007
x 0 33008
p 0 192 33008
x 0 33009
p 0 191 33009
x 0 33010
p 0 194 33010
x 0 33011
p 0 129 33011
x 0 33012
p 0 168 33012
x 0 33013
p 0 168 33013
x 0 33014
p 0 185 33014
x 0 33015
p 0 192 33015
x 0 33016
p 0 195 33016
x 0 33017
p 0 169 33017
x 0 33018
p 0 224 33018
x 0 33019
p 0 193 33019
x 0 33020
p 0 192 33020
x 0 33021
p 0 167 33021
x 0 33022
p 0 301 33022
x 0 33023
p 0 268 33023
x 0 33024
p 0 164 33024
x 0 33025
p 0 195 33025
x 0 33026
p 0 165 33026
x 0 33027
p 0 223 33027
x 0 33028
p 0 193 33028
x 0 33029
p 0 164 33029
x 0 33030
p 0 166 33030
x 0 33031
p 0 195 33031
x 0 33032
p 0 163 33032
x 0 33033
p 0 167 33033
x 0 33034
p 0 168 33034
x 0 33035
p 0 157 33035
x 0 33036
p 0 163 33036
x 0 33037
p 0 163 33037
x 0 33038
p 0 156 33038
x 0 33039
p 0 159 33039
x 0 33040
p 0 196 33040
x 0 33041
p 0 229 33041
x 0 33042
p 0 156 33042
x 0 33043
p 0 156 33043
x 0 33044
p 0 159 33044
x 0 33045
p 0 169 33045
x 0 33046
p 0 153 33046
x 0 33047
p 0 191 33047
x 0 33048
p 0 152 33048
x 0 33049
p 0 154 33049
x 0 33050
p 0 152 33050
x 0 33051
p 0 151 33051
x 0 33052
p 0 158 33052
x 0 33053
p 0 157 33053
x 0 33054
p 0 157 33054
x 0 33055
p 0 157 33055
x 0 33056
p 0 153 33056
x 0 33057
p 0 157 33057
x 0 33058
p 0 157 33058
x 0 33059
p 0 197 33059
x 0 33060
p 0 193 33060
x 0 33000
h 0 10.0.0.13
p 0 571 33000
x 1 33001
h 1 10.0.0.13
p 1 205 33001
x 0 33002
p 0 186 33002
x 0 33003
p 0 203 33003
x 0 33004
p 0 206 33004
x 0 33005
p 0 200 33005
x 0 33006
p 0 188 33006
x 0 33007
p 0 197 33007
x 0 33008
p 0 198 33008
x 0 33009
p 0 197 33009
x 0 33010
p 0 197 33010
x 0 33011
p 0 195 33011
x 0 33012
p 0 231 33012
x 0 33013
p 0 225 33013
x 0 33014
p 0 190 33014
x 0 33015
p 0 194 33015
x 0 33016
p 0 193 33016
x 0 33017
p 0 191 33017
x 0 33018
p 0 190 33018
x 0 33019
p 0 192 33019
x 0 33020
p 0 198 33020
x 0 33021
p 0 195 33021
x 0 33022
p 0 197 33022
x 0 33023
p 0 196 33023
x 0 33024
p 0 196 33024
x 0 33025
p 0 193 33025
x 0 33026
p 0 198 33026
x 0 33027
p 0 196 33027
x 0 33028
p 0 195 33028
x 0 33029
p 0 196 33029
x 0 33030
p 0 193 33030
x 0 33031
p 0 190 33031
x 0 33032
p 0 195 33032
x 0 33033
p 0 203 33033
x 0 33034
p 0 192 33034
x 0 33035
p 0 165 33035
x 0 33036
p 0 164 33036
x 0 33037
p 0 194 33037
x 0 33038
p 0 166 33038
x 0 33039
p 0 168 33039
x 0 33040
p 0 169 33040
x 0 33041
p 0 169 33041
x 0 33042
p 0 195 33042
x 0 33043
p 0 194 33043
x 0 33044
p 0 196 33044
x 0 33045
p 0 198 33045
x 0 33046
p 0 223 33046
x 0 33047
p 0 194 33047
x 0 33048
p 0 195 33048
x 0 33049
p 0 194 33049
x 0 33050
p 0 195 33050
x 0 33051
p 0 192 33051
x 0 33052
p 0 193 33052
x 0 33053
p 0 194 33053
x 0 33054
p 0 195 33054
x 0 33055
p 0 193 33055
x 0 33056
p 0 196 33056
x 0 33057
p 0 194 33057
x 0 33058
p 0 192 33058
x 0 33059
p 0 194 33059
x 0 33060
p 0 198 33060
x 0 33000
h 0 10.0.0.13
p 0 25425 33000
x 1 33001
h 1 10.0.0.13
p 1 900 33001
x 0 33002
p 0 108 33002
x 0 33003
p 0 199 33003
x 0 33004
p 0 194 33004
x 0 33005
p 0 205 33005
x 0 33006
p 0 204 33006
x 0 33007
p 0 205 33007
x 0 33008
p 0 301 33008
x 0 33009
p 0 243 33009
x 0 33010
p 0 204 33010
x 0 33011
p 0 210 33011
x 0 33012
p 0 197 33012
x 0 33013
p 0 192 33013
x 0 33014
p 0 190 33014
x 0 33015
p 0 191 33015
x 0 33016
p 0 197 33016
x 0 33017
p 0 192 33017
x 0 33018
p 0 193 33018
x 0 33019
p 0 193 33019
x 0 33020
p 0 192 33020
x 0 33021
p 0 228 33021
x 0 33022
p 0 250 33022
x 0 33023
p 0 203 33023
x 0 33024
p 0 203 33024
x 0 33025
p 0 194 33025
x 0 33026
p 0 202 33026
x 0 33027
p 0 167 33027
x 0 33028
p 0 238 33028
x 0 33029
p 0 197 33029
x 0 33030
p 0 197 33030
x 0 33031
p 0 199 33031
x 0 33032
p 0 199 33032
x 0 33033
p 0 192 33033
x 0 33034
p 0 194 33034
x 0 33035
p 0 190 33035
x 0 33036
p 0 198 33036
x 0 33037
p 0 200 33037
x 0 33038
p 0 135 33038
x 0 33039
p 0 190 33039
x 0 33040
p 0 193 33040
x 0 33041
p 0 198 33041
x 0 33042
p 0 242 33042
x 0 33043
p 0 195 33043
x 0 33044
p 0 195 33044
x 0 33045
p 0 208 33045
x 0 33046
p 0 196 33046
x 0 33047
p 0 194 33047
x 0 33048
p 0 192 33048
x 0 33049
p 0 195 33049
x 0 33050
p 0 138 33050
x 0 33051
p 0 197 33051
x 0 33052
p 0 200 33052
x 0 33053
p 0 191 33053
x 0 33054
p 0 229 33054
x 0 33055
p 0 148 33055
x 0 33056
p 0 199 33056
x 0 33057
p 0 229 33057
x 0 33058
p 0 191 33058
x 0 33059
p 0 190 33059
x 0 33060
p 0 93 33060
x 0 33000
h 0 10.0.0.13
p 0 464 33000
x 1 33001
h 1 10.0.0.13
p 1 196 33001
x 0 33002
p 0 177 33002
x 0 33003
p 0 195 33003
x 0 33004
p 0 195 33004
x 0 33005
p 0 193 33005
x 0 33006
p 0 193 33006
x 0 33007
p 0 197 33007
x 0 33008
p 0 193 33008
x 0 33009
p 0 193 33009
x 0 33010
p 0 192 33010
x 0 33011
p 0 139 33011
x 0 33012
p 0 225 33012
x 0 33013
p 0 196 33013
x 0 33014
p 0 176 33014
x 0 33015
p 0 171 33015
x 0 33016
p 0 129 33016
x 0 33017
p 0 252 33017
x 0 33018
p 0 168 33018
x 0 33019
p 0 195 33019
x 0 33020
p 0 192 33020
x 0 33021
p 0 145 33021
x 0 33022
p 0 164 33022
x 0 33023
p 0 195 33023
x 0 33024
p 0 219 33024
x 0 33025
p 0 191 33025
x 0 33026
p 0 166 33026
x 0 33027
p 0 169 33027
x 0 33028
p 0 192 33028
x 0 33029
p 0 193 33029
x 0 33030
p 0 166 33030
x 0 33031
p 0 196 33031
x 0 33032
p 0 196 33032
x 0 33033
p 0 197 33033
x 0 33034
p 0 196 33034
x 0 33035
p 0 270 33035
x 0 33036
p 0 193 33036
x 0 33037
p 0 193 33037
x 0 33038
p 0 192 33038
x 0 33039
p 0 198 33039
x 0 33040
p 0 191 33040
x 0 33041
p 0 159 33041
x 0 33042
p 0 191 33042
x 0 33043
p 0 197 33043
x 0 33044
p 0 191 33044
x 0 33045
p 0 193 33045
x 0 33046
p 0 192 33046
x 0 33047
p 0 195 33047
x 0 33048
p 0 192 33048
x 0 33049
p 0 193 33049
x 0 33050
p 0 194 33050
x 0 33051
p 0 198 33051
x 0 33052
p 0 193 33052
x 0 33053
p 0 191 33053
x 0 33054
p 0 263 33054
x 0 33055
p 0 192 33055
x 0 33056
p 0 191 33056
x 0 33057
p 0 296 33057
x 0 33058
p 0 288 33058
x 0 33059
p 0 196 33059
x 0 33060
p 0 254 33060
x 0 33000
h 0 10.0.0.13
p 0 2751 33000
x 1 33001
h 1 10.0.0.13
p 1 596 33001
x 0 33002
p 0 206 33002
x 0 33003
p 0 237 33003
x 0 33004
p 0 196 33004
x 0 33005
p 0 175 33005
x 0 33006
p 0 196 33006
x 0 33007
p 0 236 33007
x 0 33008
p 0 197 33008
x 0 33009
p 0 195 33009
x 0 33010
p 0 198 33010
x 0 33011
p 0 198 33011
x 0 33012
p 0 195 33012
x 0 33013
p 0 195 33013
x 0 33014
p 0 201 33014
x 0 33015
p 0 205 33015
x 0 33016
p 0 194 33016
x 0 33017
p 0 194 33017
x 0 33018
p 0 194 33018
x 0 33019
p 0 196 33019
x 0 33020
p 0 194 33020
x 0 33021
p 0 196 33021
x 0 33022
p 0 195 33022
x 0 33023
p 0 197 33023
x 0 33024
p 0 199 33024
x 0 33025
p 0 194 33025
x 0 33026
p 0 196 33026
x 0 33027
p 0 194 33027
x 0 33028
p 0 192 33028
x 0 33029
p 0 266 33029
x 0 33030
p 0 196 33030
x 0 33031
p 0 200 33031
x 0 33032
p 0 200 33032
x 0 33033
p 0 194 33033
x 0 33034
p 0 198 33034
x 0 33035
p 0 200 33035
x 0 33036
p 0 192 33036
x 0 33037
p 0 196 33037
x 0 33038
p 0 193 33038
x 0 33039
p 0 198 33039
x 0 33040
p 0 195 33040
x 0 33041
p 0 196 33041
x 0 33042
p 0 195 33042
x 0 33043
p 0 196 33043
x 0 33044
p 0 196 33044
x 0 33045
p 0 196 33045
x 0 33046
p 0 195 33046
x 0 33047
p 0 197 33047
x 0 33048
p 0 192 33048
x 0 33049
p 0 198 33049
x 0 33050
p 0 190 33050
x 0 33051
p 0 196 33051
x 0 33052
p 0 195 33052
x 0 33053
p 0 192 33053
x 0 33054
p 0 198 33054
x 0 33055
p 0 197 33055
x 0 33056
p 0 196 33056
x 0 33057
p 0 229 33057
x 0 33058
p 0 192 33058
x 0 33059
p 0 257 33059
x 0 33060
p 0 194 33060
x 0 33000
h 0 10.0.0.13
p 0 435 33000
x 1 33001
h 1 10.0.0.13
p 1 219 33001
x 0 33002
p 0 195 33002
x 0 33003
p 0 141 33003
x 0 33004
p 0 195 33004
x 0 33005
p 0 195 33005
x 0 33006
p 0 193 33006
x 0 33007
p 0 174 33007
x 0 33008
p 0 164 33008
x 0 33009
p 0 192 33009
x 0 33010
p 0 234 33010
x 0 33011
p 0 159 33011
x 0 33012
p 0 163 33012
x 0 33013
p 0 165 33013
x 0 33014
p 0 222 33014
x 0 33015
p 0 160 33015
x 0 33016
p 0 161 33016
x 0 33017
p 0 191 33017
x 0 33018
p 0 190 33018
x 0 33019
p 0 159 33019
x 0 33020
p 0 162 33020
x 0 33021
p 0 198 33021
x 0 33022
p 0 189 33022
x 0 33023
p 0 63 33023
x 0 33024
p 0 196 33024
x 0 33025
p 0 189 33025
x 0 33026
p 0 191 33026
x 0 33027
p 0 189 33027
x 0 33028
p 0 186 33028
x 0 33029
p 0 190 33029
x 0 33030
p 0 189 33030
x 0 33031
p 0 188 33031
x 0 33032
p 0 92 33032
x 0 33033
p 0 190 33033
x 0 33034
p 0 191 33034
x 0 33035
p 0 191 33035
x 0 33036
p 0 191 33036
x 0 33037
p 0 310 33037
x 0 33038
p 0 190 33038
x 0 33039
p 0 194 33039
x 0 33040
p 0 192 33040
x 0 33041
p 0 190 33041
x 0 33042
p 0 190 33042
x 0 33043
p 0 194 33043
x 0 33044
p 0 201 33044
x 0 33045
p 0 190 33045
x 0 33046
p 0 188 33046
x 0 33047
p 0 209 33047
x 0 33048
p 0 188 33048
x 0 33049
p 0 190 33049
x 0 33050
p 0 181 33050
x 0 33051
p 0 189 33051
x 0 33052
p 0 189 33052
x 0 33053
p 0 189 33053
x 0 33054
p 0 189 33054
x 0 33055
p 0 189 33055
x 0 33056
p 0 188 33056
x 0 33057
p 0 188 33057
x 0 33058
p 0 190 33058
x 0 33059
p 0 190 33059
x 0 33060
p 0 190 33060
x 0 33000
h 0 10.0.0.13
p 0 10156 33000
x 1 33001
h 1 10.0.0.13
p 1 566 33001
x 0 33002
p 0 198 33002
x 0 33003
p 0 196 33003
x 0 33004
p 0 226 33004
x 0 33005
p 0 196 33005
x 0 33006
p 0 169 33006
x 0 33007
p 0 160 33007
x 0 33008
p 0 191 33008
x 0 33009
p 0 157 33009
x 0 33010
p 0 159 33010
x 0 33011
p 0 157 33011
x 0 33012
p 0 158 33012
x 0 33013
p 0 160 33013
x 0 33014
p 0 160 33014
x 0 33015
p 0 157 33015
x 0 33016
p 0 190 33016
x 0 33017
p 0 156 33017
x 0 33018
p 0 159 33018
x 0 33019
p 0 158 33019
x 0 33020
p 0 189 33020
x 0 33021
p 0 156 33021
x 0 33022
p 0 158 33022
x 0 33023
p 0 158 33023
x 0 33024
p 0 190 33024
x 0 33025
p 0 158 33025
x 0 33026
p 0 160 33026
x 0 33027
p 0 157 33027
x 0 33028
p 0 190 33028
x 0 33029
p 0 159 33029
x 0 33030
p 0 159 33030
x 0 33031
p 0 160 33031
x 0 33032
p 0 189 33032
x 0 33033
p 0 158 33033
x 0 33034
p 0 159 33034
x 0 33035
p 0 162 33035
x 0 33036
p 0 189 33036
x 0 33037
p 0 159 33037
x 0 33038
p 0 161 33038
x 0 33039
p 0 159 33039
x 0 33040
p 0 190 33040
x 0 33041
p 0 159 33041
x 0 33042
p 0 159 33042
x 0 33043
p 0 158 33043
x 0 33044
p 0 193 33044
x 0 33045
p 0 158 33045
x 0 33046
p 0 158 33046
x 0 33047
p 0 158 33047
x 0 33048
p 0 189 33048
x 0 33049
p 0 156 33049
x 0 33050
p 0 160 33050
x 0 33051
p 0 157 33051
x 0 33052
p 0 188 33052
x 0 33053
p 0 161 33053
x 0 33054
p 0 157 33054
x 0 33055
p 0 161 33055
x 0 33056
p 0 158 33056
x 0 33057
p 0 157 33057
x 0 33058
p 0 160 33058
x 0 33059
p 0 159 33059
x 0 33060
p 0 188 33060
x 0 33000
h 0 10.0.0.13
p 0 414 33000
x 1 33001
h 1 10.0.0.13
p 1 231 33001
x 0 33002
p 0 195 33002
x 0 33003
p 0 159 33003
x 0 33004
p 0 193 33004
x 0 33005
p 0 194 33005
x 0 33006
p 0 193 33006
x 0 33007
p 0 165 33007
x 0 33008
p 0 163 33008
x 0 33009
p 0 158 33009
x 0 33010
p 0 164 33010
x 0 33011
p 0 135 33011
x 0 33012
p 0 162 33012
x 0 33013
p 0 161 33013
x 0 33014
p 0 160 33014
x 0 33015
p 0 192 33015
x 0 33016
p 0 194 33016
x 0 33017
p 0 191 33017
x 0 33018
p 0 193 33018
x 0 33019
p 0 190 33019
x 0 33020
p 0 182 33020
x 0 33021
p 0 191 33021
x 0 33022
p 0 198 33022
x 0 33023
p 0 196 33023
x 0 33024
p 0 192 33024
x 0 33025
p 0 192 33025
x 0 33026
p 0 269 33026
x 0 33027
p 0 194 33027
x 0 33028
p 0 191 33028
x 0 33029
p 0 268 33029
x 0 33030
p 0 196 33030
x 0 33031
p 0 193 33031
x 0 33032
p 0 195 33032
x 0 33033
p 0 192 33033
x 0 33034
p 0 196 33034
x 0 33035
p 0 194 33035
x 0 33036
p 0 194 33036
x 0 33037
p 0 168 33037
x 0 33038
p 0 197 33038
x 0 33039
p 0 194 33039
x 0 33040
p 0 194 33040
x 0 33041
p 0 169 33041
x 0 33042
p 0 198 33042
x 0 33043
p 0 195 33043
x 0 33044
p 0 169 33044
x 0 33045
p 0 171 33045
x 0 33046
p 0 195 33046
x 0 33047
p 0 194 33047
x 0 33048
p 0 171 33048
x 0 33049
p 0 168 33049
x 0 33050
p 0 196 33050
x 0 33051
p 0 166 33051
x 0 33052
p 0 168 33052
x 0 33053
p 0 167 33053
x 0 33054
p 0 174 33054
x 0 33055
p 0 166 33055
x 0 33056
p 0 165 33056
x 0 33057
p 0 141 33057
x 0 33058
p 0 165 33058
x 0 33059
p 0 165 33059
x 0 33060
p 0 166 33060
x 0 33000
h 0 10.0.0.13
p 0 6631 33000
x 1 33001
h 1 10.0.0.13
p 1 584 33001
x 0 33002
p 0 259 33002
x 0 33003
p 0 205 33003
x 0 33004
p 0 195 33004
x 0 33005
p 0 227 33005
x 0 33006
p 0 193 33006
x 0 33007
p 0 193 33007
x 0 33008
p 0 193 33008
x 0 33009
p 0 193 33009
x 0 33010
p 0 191 33010
x 0 33011
p 0 193 33011
x 0 33012
p 0 162 33012
x 0 33013
p 0 324 33013
x 0 33014
p 0 190 33014
x 0 33015
p 0 222 33015
x 0 33016
p 0 202 33016
x 0 33017
p 0 191 33017
x 0 33018
p 0 190 33018
x 0 33019
p 0 160 33019
x 0 33020
p 0 161 33020
x 0 33021
p 0 189 33021
x 0 33022
p 0 69 33022
x 0 33023
p 0 364 33023
x 0 33024
p 0 163 33024
x 0 33025
p 0 221 33025
x 0 33026
p 0 193 33026
x 0 33027
p 0 164 33027
x 0 33028
p 0 160 33028
x 0 33029
p 0 188 33029
x 0 33030
p 0 162 33030
x 0 33031
p 0 189 33031
x 0 33032
p 0 192 33032
x 0 33033
p 0 191 33033
x 0 33034
p 0 290 33034
x 0 33035
p 0 190 33035
x 0 33036
p 0 192 33036
x 0 33037
p 0 189 33037
x 0 33038
p 0 191 33038
x 0 33039
p 0 190 33039
x 0 33040
p 0 191 33040
x 0 33041
p 0 194 33041
x 0 33042
p 0 188 33042
x 0 33043
p 0 189 33043
x 0 33044
p 0 191 33044
x 0 33045
p 0 190 33045
x 0 33046
p 0 191 33046
x 0 33047
p 0 203 33047
x 0 33048
p 0 191 33048
x 0 33049
p 0 287 33049
x 0 33050
p 0 189 33050
x 0 33051
p 0 267 33051
x 0 33052
p 0 277 33052
x 0 33053
p 0 191 33053
x 0 33054
p 0 286 33054
x 0 33055
p 0 193 33055
x 0 33056
p 0 195 33056
x 0 33057
p 0 225 33057
x 0 33058
p 0 192 33058
x 0 33059
p 0 190 33059
x 0 33060
p 0 290 33060
x 0 33000
h 0 10.0.0.13
p 0 584 33000
x 1 33001
h 1 10.0.0.13
p 1 195 33001
x 0 33002
p 0 223 33002
x 0 33003
p 0 195 33003
x 0 33004
p 0 197 33004
x 0 33005
p 0 195 33005
x 0 33006
p 0 194 33006
x 0 33007
p 0 335 33007
x 0 33008
p 0 320 33008
x 0 33009
p 0 354 33009
x 0 33010
p 0 385 33010
x 0 33011
p 0 327 33011
x 0 33012
p 0 337 33012
x 0 33013
p 0 357 33013
x 0 33014
p 0 362 33014
x 0 33015
p 0 322 33015
x 0 33016
p 0 295 33016
x 0 33017
p 0 350 33017
x 0 33018
p 0 343 33018
x 0 33019
p 0 330 33019
x 0 33020
p 0 321 33020
x 0 33021
p 0 362 33021
x 0 33022
p 0 350 33022
x 0 33023
p 0 374 33023
x 0 33024
p 0 307 33024
x 0 33025
p 0 290 33025
x 0 33026
p 0 295 33026
x 0 33027
p 0 345 33027
x 0 33028
p 0 247 33028
x 0 33029
p 0 360 33029
x 0 33030
p 0 364 33030
x 0 33031
p 0 327 33031
x 0 33032
p 0 422 33032
x 0 33033
p 0 390 33033
x 0 33034
p 0 341 33034
x 0 33035
p 0 321 33035
x 0 33036
p 0 319 33036
x 0 33037
p 0 353 33037
x 0 33038
p 0 382 33038
x 0 33039
p 0 340 33039
x 0 33040
p 0 321 33040
x 0 33041
p 0 354 33041
x 0 33042
p 0 346 33042
x 0 33043
p 0 266 33043
x 0 33044
p 0 321 33044
x 0 33045
p 0 285 33045
x 0 33046
p 0 343 33046
x 0 33047
p 0 318 33047
x 0 33048
p 0 322 33048
x 0 33049
p 0 343 33049
x 0 33050
p 0 195 33050
x 0 33051
p 0 197 33051
x 0 33052
p 0 197 33052
x 0 33053
p 0 198 33053
x 0 33054
p 0 198 33054
x 0 33055
p 0 196 33055
x 0 33056
p 0 197 33056
x 0 33057
p 0 235 33057
x 0 33058
p 0 194 33058
x 0 33059
p 0 195 33059
x 0 33060
p 0 195 33060
x 0 33000
h 0 10.0.0.13
p 0 23990 33000
x 1 33001
h 1 10.0.0.13
p 1 513 33001
x 0 33002
p 0 293 33002
x 0 33003
p 0 200 33003
x 0 33004
p 0 196 33004
x 0 33005
p 0 170 33005
x 0 33006
p 0 196 33006
x 0 33007
p 0 197 33007
x 0 33008
p 0 194 33008
x 0 33009
p 0 191 33009
x 0 33010
p 0 189 33010
x 0 33011
p 0 295 33011
x 0 33012
p 0 292 33012
x 0 33013
p 0 315 33013
x 0 33014
p 0 190 33014
x 0 33015
p 0 193 33015
x 0 33016
p 0 195 33016
x 0 33017
p 0 194 33017
x 0 33018
p 0 192 33018
x 0 33019
p 0 193 33019
x 0 33020
p 0 194 33020
x 0 33021
p 0 195 33021
x 0 33022
p 0 193 33022
x 0 33023
p 0 246 33023
x 0 33024
p 0 193 33024
x 0 33025
p 0 194 33025
x 0 33026
p 0 185 33026
x 0 33027
p 0 193 33027
x 0 33028
p 0 193 33028
x 0 33029
p 0 197 33029
x 0 33030
p 0 194 33030
x 0 33031
p 0 194 33031
x 0 33032
p 0 201 33032
x 0 33033
p 0 201 33033
x 0 33034
p 0 194 33034
x 0 33035
p 0 197 33035
x 0 33036
p 0 197 33036
x 0 33037
p 0 198 33037
x 0 33038
p 0 193 33038
x 0 33039
p 0 195 33039
x 0 33040
p 0 195 33040
x 0 33041
p 0 194 33041
x 0 33042
p 0 194 33042
x 0 33043
p 0 194 33043
x 0 33044
p 0 194 33044
x 0 33045
p 0 195 33045
x 0 33046
p 0 194 33046
x 0 33047
p 0 195 33047
x 0 33048
p 0 193 33048
x 0 33049
p 0 195 33049
x 0 33050
p 0 210 33050
x 0 33051
p 0 228 33051
x 0 33052
p 0 195 33052
x 0 33053
p 0 195 33053
x 0 33054
p 0 192 33054
x 0 33055
p 0 195 33055
x 0 33056
p 0 193 33056
x 0 33057
p 0 193 33057
x 0 33058
p 0 192 33058
x 0 33059
p 0 194 33059
x 0 33060
p 0 195 33060
x 0 33000
h 0 10.0.0.13
p 0 436 33000
x 1 33001
h 1 10.0.0.13
p 1 156 33001
x 0 33002
p 0 186 33002
x 0 33003
p 0 174 33003
x 0 33004
p 0 170 33004
x 0 33005
p 0 258 33005
x 0 33006
p 0 166 33006
x 0 33007
p 0 163 33007
x 0 33008
p 0 159 33008
x 0 33009
p 0 161 33009
x 0 33010
p 0 205 33010
x 0 33011
p 0 163 33011
x 0 33012
p 0 163 33012
x 0 33013
p 0 163 33013
x 0 33014
p 0 164 33014
x 0 33015
p 0 162 33015
x 0 33016
p 0 164 33016
x 0 33017
p 0 162 33017
x 0 33018
p 0 194 33018
x 0 33019
p 0 164 33019
x 0 33020
p 0 161 33020
x 0 33021
p 0 163 33021
x 0 33022
p 0 163 33022
x 0 33023
p 0 176 33023
x 0 33024
p 0 165 33024
x 0 33025
p 0 147 33025
x 0 33026
p 0 163 33026
x 0 33027
p 0 193 33027
x 0 33028
p 0 194 33028
x 0 33029
p 0 192 33029
x 0 33030
p 0 189 33030
x 0 33031
p 0 195 33031
x 0 33032
p 0 194 33032
x 0 33033
p 0 193 33033
x 0 33034
p 0 192 33034
x 0 33035
p 0 174 33035
x 0 33036
p 0 195 33036
x 0 33037
p 0 192 33037
x 0 33038
p 0 192 33038
x 0 33039
p 0 163 33039
x 0 33040
p 0 193 33040
x 0 33041
p 0 193 33041
x 0 33042
p 0 144 33042
x 0 33043
p 0 112 33043
x 0 33044
p 0 192 33044
x 0 33045
p 0 164 33045
x 0 33046
p 0 169 33046
x 0 33047
p 0 163 33047
x 0 33048
p 0 194 33048
x 0 33049
p 0 165 33049
x 0 33050
p 0 153 33050
x 0 33051
p 0 157 33051
x 0 33052
p 0 175 33052
x 0 33053
p 0 221 33053
x 0 33054
p 0 155 33054
x 0 33055
p 0 162 33055
x 0 33056
p 0 155 33056
x 0 33057
p 0 156 33057
x 0 33058
p 0 155 33058
x 0 33059
p 0 156 33059
x 0 33060
p 0 154 33060
x 0 33000
h 0 10.0.0.13
p 0 12139 33000
x 1 33001
h 1 10.0.0.13
p 1 461 33001
x 0 33002
p 0 207 33002
x 0 33003
p 0 205 33003
x 0 33004
p 0 206 33004
x 0 33005
p 0 202 33005
x 0 33006
p 0 200 33006
x 0 33007
p 0 271 33007
x 0 33008
p 0 195 33008
x 0 33009
p 0 199 33009
x 0 33010
p 0 197 33010
x 0 33011
p 0 196 33011
x 0 33012
p 0 199 33012
x 0 33013
p 0 198 33013
x 0 33014
p 0 198 33014
x 0 33015
p 0 198 33015
x 0 33016
p 0 198 33016
x 0 33017
p 0 198 33017
x 0 33018
p 0 196 33018
x 0 33019
p 0 199 33019
x 0 33020
p 0 196 33020
x 0 33021
p 0 201 33021
x 0 33022
p 0 196 33022
x 0 33023
p 0 198 33023
x 0 33024
p 0 195 33024
x 0 33025
p 0 196 33025
x 0 33026
p 0 197 33026
x 0 33027
p 0 198 33027
x 0 33028
p 0 197 33028
x 0 33029
p 0 198 33029
x 0 33030
p 0 195 33030
x 0 33031
p 0 196 33031
x 0 33032
p 0 197 33032
x 0 33033
p 0 197 33033
x 0 33034
p 0 200 33034
x 0 33035
p 0 200 33035
x 0 33036
p 0 199 33036
x 0 33037
p 0 199 33037
x 0 33038
p 0 195 33038
x 0 33039
p 0 194 33039
x 0 33040
p 0 198 33040
x 0 33041
p 0 196 33041
x 0 33042
p 0 195 33042
x 0 33043
p 0 198 33043
x 0 33044
p 0 199 33044
x 0 33045
p 0 151 33045
x 0 33046
p 0 236 33046
x 0 33047
p 0 198 33047
x 0 33048
p 0 199 33048
x 0 33049
p 0 196 33049
x 0 33050
p 0 223 33050
x 0 33051
p 0 197 33051
x 0 33052
p 0 231 33052
x 0 33053
p 0 196 33053
x 0 33054
p 0 197 33054
x 0 33055
p 0 200 33055
x 0 33056
p 0 200 33056
x 0 33057
p 0 199 33057
x 0 33058
p 0 196 33058
x 0 33059
p 0 199 33059
x 0 33060
p 0 202 33060
x 0 33000
h 0 10.0.0.13
p 0 378 33000
x 1 33001
h 1 10.0.0.13
p 1 195 33001
x 0 33002
p 0 236 33002
x 0 33003
p 0 232 33003
x 0 33004
p 0 271 33004
x 0 33005
p 0 202 33005
x 0 33006
p 0 101 33006
x 0 33007
p 0 193 33007
x 0 33008
p 0 190 33008
x 0 33009
p 0 198 33009
x 0 33010
p 0 189 33010
x 0 33011
p 0 188 33011
x 0 33012
p 0 188 33012
x 0 33013
p 0 195 33013
x 0 33014
p 0 198 33014
x 0 33015
p 0 192 33015
x 0 33016
p 0 196 33016
x 0 33017
p 0 191 33017
x 0 33018
p 0 190 33018
x 0 33019
p 0 189 33019
x 0 33020
p 0 195 33020
x 0 33021
p 0 187 33021
x 0 33022
p 0 11640 33022
x 0 33023
p 0 190 33023
x 0 33024
p 0 191 33024
x 0 33025
p 0 191 33025
x 0 33026
p 0 188 33026
x 0 33027
p 0 191 33027
x 0 33028
p 0 192 33028
x 0 33029
p 0 191 33029
x 0 33030
p 0 189 33030
x 0 33031
p 0 195 33031
x 0 33032
p 0 211 33032
x 0 33033
p 0 192 33033
x 0 33034
p 0 201 33034
x 0 33035
p 0 193 33035
x 0 33036
p 0 192 33036
x 0 33037
p 0 193 33037
x 0 33038
p 0 206 33038
x 0 33039
p 0 190 33039
x 0 33040
p 0 192 33040
x 0 33041
p 0 191 33041
x 0 33042
p 0 192 33042
x 0 33043
p 0 196 33043
x 0 33044
p 0 195 33044
x 0 33045
p 0 190 33045
x 0 33046
p 0 193 33046
x 0 33047
p 0 195 33047
x 0 33048
p 0 195 33048
x 0 33049
p 0 192 33049
x 0 33050
p 0 194 33050
x 0 33051
p 0 188 33051
x 0 33052
p 0 188 33052
x 0 33053
p 0 194 33053
x 0 33054
p 0 193 33054
x 0 33055
p 0 189 33055
x 0 33056
p 0 188 33056
x 0 33057
p 0 191 33057
x 0 33058
p 0 195 33058
x 0 33059
p 0 190 33059
x 0 33060
p 0 188 33060
x 0 33000
h 0 10.0.0.13
p 0 17089 33000
x 1 33001
h 1 10.0.0.13
p 1 536 33001
x 0 33002
p 0 184 33002
x 0 33003
p 0 212 33003
x 0 33004
p 0 143 33004
x 0 33005
p 0 145 33005
x 0 33006
p 0 257 33006
x 0 33007
p 0 191 33007
x 0 33008
p 0 189 33008
x 0 33009
p 0 192 33009
x 0 33010
p 0 190 33010
x 0 33011
p 0 191 33011
x 0 33012
p 0 247 33012
x 0 33013
p 0 193 33013
x 0 33014
p 0 195 33014
x 0 33015
p 0 190 33015
x 0 33016
p 0 189 33016
x 0 33017
p 0 192 33017
x 0 33018
p 0 192 33018
x 0 33019
p 0 189 33019
x 0 33020
p 0 190 33020
x 0 33021
p 0 71 33021
x 0 33022
p 0 191 33022
x 0 33023
p 0 188 33023
x 0 33024
p 0 238 33024
x 0 33025
p 0 191 33025
x 0 33026
p 0 193 33026
x 0 33027
p 0 193 33027
x 0 33028
p 0 194 33028
x 0 33029
p 0 195 33029
x 0 33030
p 0 193 33030
x 0 33031
p 0 193 33031
x 0 33032
p 0 191 33032
x 0 33033
p 0 216 33033
x 0 33034
p 0 193 33034
x 0 33035
p 0 190 33035
x 0 33036
p 0 193 33036
x 0 33037
p 0 195 33037
x 0 33038
p 0 191 33038
x 0 33039
p 0 187 33039
x 0 33040
p 0 194 33040
x 0 33041
p 0 193 33041
x 0 33042
p 0 190 33042
x 0 33043
p 0 190 33043
x 0 33044
p 0 194 33044
x 0 33045
p 0 193 33045
x 0 33046
p 0 193 33046
x 0 33047
p 0 195 33047
x 0 33048
p 0 192 33048
x 0 33049
p 0 221 33049
x 0 33050
p 0 189 33050
x 0 33051
p 0 190 33051
x 0 33052
p 0 156 33052
x 0 33053
p 0 224 33053
x 0 33054
p 0 192 33054
x 0 33055
p 0 191 33055
x 0 33056
p 0 193 33056
x 0 33057
p 0 196 33057
x 0 33058
p 0 171 33058
x 0 33059
p 0 195 33059
x 0 33060
p 0 190 33060
x 0 33000
h 0 10.0.0.13
p 0 536 33000
x 1 33001
h 1 10.0.0.13
p 1 239 33001
x 0 33002
p 0 201 33002
x 0 33003
p 0 197 33003
x 0 33004
p 0 195 33004
x 0 33005
p 0 272 33005
x 0 33006
p 0 199 33006
x 0 33007
p 0 174 33007
x 0 33008
p 0 198 33008
x 0 33009
p 0 194 33009
x 0 33010
p 0 195 33010
x 0 33011
p 0 195 33011
x 0 33012
p 0 199 33012
x 0 33013
p 0 194 33013
x 0 33014
p 0 195 33014
x 0 33015
p 0 195 33015
x 0 33016
p 0 197 33016
x 0 33017
p 0 198 33017
x 0 33018
p 0 196 33018
x 0 33019
p 0 200 33019
x 0 33020
p 0 199 33020
x 0 33021
p 0 196 33021
x 0 33022
p 0 208 33022
x 0 33023
p 0 196 33023
x 0 33024
p 0 197 33024
x 0 33025
p 0 114 33025
x 0 33026
p 0 196 33026
x 0 33027
p 0 348 33027
x 0 33028
p 0 285 33028
x 0 33029
p 0 230 33029
x 0 33030
p 0 249 33030
x 0 33031
p 0 198 33031
x 0 33032
p 0 298 33032
x 0 33033
p 0 198 33033
x 0 33034
p 0 197 33034
x 0 33035
p 0 278 33035
x 0 33036
p 0 200 33036
x 0 33037
p 0 223 33037
x 0 33038
p 0 199 33038
x 0 33039
p 0 199 33039
x 0 33040
p 0 199 33040
x 0 33041
p 0 200 33041
x 0 33042
p 0 297 33042
x 0 33043
p 0 393 33043
x 0 33044
p 0 314 33044
x 0 33045
p 0 201 33045
x 0 33046
p 0 199 33046
x 0 33047
p 0 198 33047
x 0 33048
p 0 198 33048
x 0 33049
p 0 164 33049
x 0 33050
p 0 199 33050
x 0 33051
p 0 200 33051
x 0 33052
p 0 201 33052
x 0 33053
p 0 198 33053
x 0 33054
p 0 196 33054
x 0 33055
p 0 196 33055
x 0 33056
p 0 200 33056
x 0 33057
p 0 197 33057
x 0 33058
p 0 155 33058
x 0 33059
p 0 139 33059
x 0 33060
p 0 151 33060
x 0 33000
h 0 10.0.0.13
p 0 12387 33000
x 1 33001
h 1 10.0.0.13
p 1 498 33001
x 0 33002
p 0 137 33002
x 0 33003
p 0 140 33003
x 0 33004
p 0 144 33004
x 0 33005
p 0 193 33005
x 0 33006
p 0 195 33006
x 0 33007
p 0 163 33007
x 0 33008
p 0 163 33008
x 0 33009
p 0 161 33009
x 0 33010
p 0 161 33010
x 0 33011
p 0 164 33011
x 0 33012
p 0 168 33012
x 0 33013
p 0 162 33013
x 0 33014
p 0 163 33014
x 0 33015
p 0 162 33015
x 0 33016
p 0 169 33016
x 0 33017
p 0 161 33017
x 0 33018
p 0 162 33018
x 0 33019
p 0 124 33019
x 0 33020
p 0 166 33020
x 0 33021
p 0 161 33021
x 0 33022
p 0 162 33022
x 0 33023
p 0 165 33023
x 0 33024
p 0 167 33024
x 0 33025
p 0 164 33025
x 0 33026
p 0 161 33026
x 0 33027
p 0 164 33027
x 0 33028
p 0 202 33028
x 0 33029
p 0 162 33029
x 0 33030
p 0 162 33030
x 0 33031
p 0 165 33031
x 0 33032
p 0 168 33032
x 0 33033
p 0 162 33033
x 0 33034
p 0 161 33034
x 0 33035
p 0 166 33035
x 0 33036
p 0 168 33036
x 0 33037
p 0 164 33037
x 0 33038
p 0 164 33038
x 0 33039
p 0 165 33039
x 0 33040
p 0 167 33040
x 0 33041
p 0 174 33041
x 0 33042
p 0 197 33042
x 0 33043
p 0 234 33043
x 0 33044
p 0 198 33044
x 0 33045
p 0 195 33045
x 0 33046
p 0 250 33046
x 0 33047
p 0 195 33047
x 0 33048
p 0 196 33048
x 0 33049
p 0 198 33049
x 0 33050
p 0 197 33050
x 0 33051
p 0 197 33051
x 0 33052
p 0 165 33052
x 0 33053
p 0 168 33053
x 0 33054
p 0 163 33054
x 0 33055
p 0 164 33055
x 0 33056
p 0 165 33056
x 0 33057
p 0 165 33057
x 0 33058
p 0 162 33058
x 0 33059
p 0 165 33059
x 0 33060
p 0 163 33060
x 0 33000
h 0 10.0.0.13
p 0 472 33000
x 1 33001
h 1 10.0.0.13
p 1 194 33001
x 0 33002
p 0 135 33002
x 0 33003
p 0 194 33003
x 0 33004
p 0 195 33004
x 0 33005
p 0 195 33005
x 0 33006
p 0 197 33006
x 0 33007
p 0 197 33007
x 0 33008
p 0 197 33008
x 0 33009
p 0 191 33009
x 0 33010
p 0 191 33010
x 0 33011
p 0 228 33011
x 0 33012
p 0 193 33012
x 0 33013
p 0 192 33013
x 0 33014
p 0 194 33014
x 0 33015
p 0 193 33015
x 0 33016
p 0 194 33016
x 0 33017
p 0 195 33017
x 0 33018
p 0 125 33018
x 0 33019
p 0 192 33019
x 0 33020
p 0 192 33020
x 0 33021
p 0 191 33021
x 0 33022
p 0 193 33022
x 0 33023
p 0 194 33023
x 0 33024
p 0 191 33024
x 0 33025
p 0 192 33025
x 0 33026
p 0 195 33026
x 0 33027
p 0 192 33027
x 0 33028
p 0 191 33028
x 0 33029
p 0 191 33029
x 0 33030
p 0 190 33030
x 0 33031
p 0 194 33031
x 0 33032
p 0 298 33032
x 0 33033
p 0 189 33033
x 0 33034
p 0 191 33034
x 0 33035
p 0 190 33035
x 0 33036
p 0 195 33036
x 0 33037
p 0 291 33037
x 0 33038
p 0 172 33038
x 0 33039
p 0 191 33039
x 0 33040
p 0 191 33040
x 0 33041
p 0 72 33041
x 0 33042
p 0 190 33042
x 0 33043
p 0 193 33043
x 0 33044
p 0 196 33044
x 0 33045
p 0 267 33045
x 0 33046
p 0 195 33046
x 0 33047
p 0 293 33047
x 0 33048
p 0 288 33048
x 0 33049
p 0 290 33049
x 0 33050
p 0 288 33050
x 0 33051
p 0 287 33051
x 0 33052
p 0 292 33052
x 0 33053
p 0 191 33053
x 0 33054
p 0 190 33054
x 0 33055
p 0 188 33055
x 0 33056
p 0 191 33056
x 0 33057
p 0 191 33057
x 0 33058
p 0 189 33058
x 0 33059
p 0 190 33059
x 0 33060
p 0 189 33060
x 0 33000
h 0 10.0.0.13
p 0 11413 33000
x 1 33001
h 1 10.0.0.13
p 1 417 33001
x 0 33002
p 0 161 33002
x 0 33003
p 0 198 33003
x 0 33004
p 0 153 33004
x 0 33005
p 0 195 33005
x 0 33006
p 0 197 33006
x 0 33007
p 0 202 33007
x 0 33008
p 0 193 33008
x 0 33009
p 0 195 33009
x 0 33010
p 0 205 33010
x 0 33011
p 0 191 33011
x 0 33012
p 0 191 33012
x 0 33013
p 0 196 33013
x 0 33014
p 0 211 33014
x 0 33015
p 0 196 33015
x 0 33016
p 0 192 33016
x 0 33017
p 0 190 33017
x 0 33018
p 0 190 33018
x 0 33019
p 0 107 33019
x 0 33020
p 0 192 33020
x 0 33021
p 0 189 33021
x 0 33022
p 0 191 33022
x 0 33023
p 0 205 33023
x 0 33024
p 0 235 33024
x 0 33025
p 0 226 33025
x 0 33026
p 0 191 33026
x 0 33027
p 0 188 33027
x 0 33028
p 0 188 33028
x 0 33029
p 0 157 33029
x 0 33030
p 0 189 33030
x 0 33031
p 0 216 33031
x 0 33032
p 0 188 33032
x 0 33033
p 0 196 33033
x 0 33034
p 0 193 33034
x 0 33035
p 0 193 33035
x 0 33036
p 0 189 33036
x 0 33037
p 0 188 33037
x 0 33038
p 0 191 33038
x 0 33039
p 0 195 33039
x 0 33040
p 0 192 33040
x 0 33041
p 0 192 33041
x 0 33042
p 0 192 33042
x 0 33043
p 0 198 33043
x 0 33044
p 0 200 33044
x 0 33045
p 0 196 33045
x 0 33046
p 0 189 33046
x 0 33047
p 0 195 33047
x 0 33048
p 0 189 33048
x 0 33049
p 0 162 33049
x 0 33050
p 0 192 33050
x 0 33051
p 0 190 33051
x 0 33052
p 0 188 33052
x 0 33053
p 0 192 33053
x 0 33054
p 0 192 33054
x 0 33055
p 0 188 33055
x 0 33056
p 0 173 33056
x 0 33057
p 0 189 33057
x 0 33058
p 0 187 33058
x 0 33059
p 0 174 33059
x 0 33060
p 0 188 33060
x 0 33000
h 0 10.0.0.13
p 0 368 33000
x 1 33001
h 1 10.0.0.13
p 1 150 33001
x 0 33002
p 0 144 33002
x 0 33003
p 0 152 33003
x 0 33004
p 0 142 33004
x 0 33005
p 0 144 33005
x 0 33006
p 0 271 33006
x 0 33007
p 0 192 33007
x 0 33008
p 0 192 33008
x 0 33009
p 0 192 33009
x 0 33010
p 0 264 33010
x 0 33011
p 0 305 33011
x 0 33012
p 0 196 33012
x 0 33013
p 0 195 33013
x 0 33014
p 0 200 33014
x 0 33015
p 0 194 33015
x 0 33016
p 0 281 33016
x 0 33017
p 0 266 33017
x 0 33018
p 0 191 33018
x 0 33019
p 0 312 33019
x 0 33020
p 0 317 33020
x 0 33021
p 0 271 33021
x 0 33022
p 0 314 33022
x 0 33023
p 0 220 33023
x 0 33024
p 0 168 33024
x 0 33025
p 0 223 33025
x 0 33026
p 0 234 33026
x 0 33027
p 0 219 33027
x 0 33028
p 0 191 33028
x 0 33029
p 0 320 33029
x 0 33030
p 0 190 33030
x 0 33031
p 0 189 33031
x 0 33032
p 0 223 33032
x 0 33033
p 0 192 33033
x 0 33034
p 0 192 33034
x 0 33035
p 0 189 33035
x 0 33036
p 0 190 33036
x 0 33037
p 0 193 33037
x 0 33038
p 0 191 33038
x 0 33039
p 0 191 33039
x 0 33040
p 0 192 33040
x 0 33041
p 0 191 33041
x 0 33042
p 0 195 33042
x 0 33043
p 0 236 33043
x 0 33044
p 0 194 33044
x 0 33045
p 0 192 33045
x 0 33046
p 0 193 33046
x 0 33047
p 0 188 33047
x 0 33048
p 0 193 33048
x 0 33049
p 0 193 33049
x 0 33050
p 0 193 33050
x 0 33051
p 0 193 33051
x 0 33052
p 0 193 33052
x 0 33053
p 0 193 33053
x 0 33054
p 0 194 33054
x 0 33055
p 0 163 33055
x 0 33056
p 0 194 33056
x 0 33057
p 0 192 33057
x 0 33058
p 0 192 33058
x 0 33059
p 0 193 33059
x 0 33060
p 0 191 33060
x 0 33000
h 0 10.0.0.13
p 0 3083 33000
x 1 33001
h 1 10.0.0.13
p 1 746 33001
x 0 33002
p 0 197 33002
x 0 33003
p 0 194 33003
x 0 33004
p 0 197 33004
x 0 33005
p 0 196 33005
x 0 33006
p 0 198 33006
x 0 33007
p 0 191 33007
x 0 33008
p 0 192 33008
x 0 33009
p 0 191 33009
x 0 33010
p 0 192 33010
x 0 33011
p 0 189 33011
x 0 33012
p 0 192 33012
x 0 33013
p 0 165 33013
x 0 33014
p 0 281 33014
x 0 33015
p 0 189 33015
x 0 33016
p 0 191 33016
x 0 33017
p 0 162 33017
x 0 33018
p 0 191 33018
x 0 33019
p 0 190 33019
x 0 33020
p 0 193 33020
x 0 33021
p 0 161 33021
x 0 33022
p 0 193 33022
x 0 33023
p 0 188 33023
x 0 33024
p 0 191 33024
x 0 33025
p 0 157 33025
x 0 33026
p 0 191 33026
x 0 33027
p 0 160 33027
x 0 33028
p 0 267 33028
x 0 33029
p 0 159 33029
x 0 33030
p 0 190 33030
x 0 33031
p 0 188 33031
x 0 33032
p 0 194 33032
x 0 33033
p 0 159 33033
x 0 33034
p 0 192 33034
x 0 33035
p 0 234 33035
x 0 33036
p 0 191 33036
x 0 33037
p 0 162 33037
x 0 33038
p 0 304 33038
x 0 33039
p 0 191 33039
x 0 33040
p 0 171 33040
x 0 33041
p 0 192 33041
x 0 33042
p 0 190 33042
x 0 33043
p 0 193 33043
x 0 33044
p 0 191 33044
x 0 33045
p 0 188 33045
x 0 33046
p 0 190 33046
x 0 33047
p 0 195 33047
x 0 33048
p 0 189 33048
x 0 33049
p 0 188 33049
x 0 33050
p 0 189 33050
x 0 33051
p 0 192 33051
x 0 33052
p 0 192 33052
x 0 33053
p 0 189 33053
x 0 33054
p 0 214 33054
x 0 33055
p 0 187 33055
x 0 33056
p 0 189 33056
x 0 33057
p 0 189 33057
x 0 33058
p 0 188 33058
x 0 33059
p 0 190 33059
x 0 33060
p 0 190 33060
x 0 33000
h 0 10.0.0.13
p 0 489 33000
x 1 33001
h 1 10.0.0.13
p 1 195 33001
x 0 33002
p 0 255 33002
x 0 33003
p 0 201 33003
x 0 33004
p 0 197 33004
x 0 33005
p 0 194 33005
x 0 33006
p 0 201 33006
x 0 33007
p 0 200 33007
x 0 33008
p 0 201 33008
x 0 33009
p 0 198 33009
x 0 33010
p 0 194 33010
x 0 33011
p 0 198 33011
x 0 33012
p 0 196 33012
x 0 33013
p 0 198 33013
x 0 33014
p 0 196 33014
x 0 33015
p 0 195 33015
x 0 33016
p 0 199 33016
x 0 33017
p 0 228 33017
x 0 33018
p 0 256 33018
x 0 33019
p 0 196 33019
x 0 33020
p 0 197 33020
x 0 33021
p 0 196 33021
x 0 33022
p 0 196 33022
x 0 33023
p 0 194 33023
x 0 33024
p 0 196 33024
x 0 33025
p 0 195 33025
x 0 33026
p 0 195 33026
x 0 33027
p 0 197 33027
x 0 33028
p 0 196 33028
x 0 33029
p 0 195 33029
x 0 33030
p 0 199 33030
x 0 33031
p 0 196 33031
x 0 33032
p 0 199 33032
x 0 33033
p 0 201 33033
x 0 33034
p 0 200 33034
x 0 33035
p 0 197 33035
x 0 33036
p 0 162 33036
x 0 33037
p 0 198 33037
x 0 33038
p 0 266 33038
x 0 33039
p 0 196 33039
x 0 33040
p 0 195 33040
x 0 33041
p 0 196 33041
x 0 33042
p 0 196 33042
x 0 33043
p 0 197 33043
x 0 33044
p 0 196 33044
x 0 33045
p 0 195 33045
x 0 33046
p 0 176 33046
x 0 33047
p 0 194 33047
x 0 33048
p 0 194 33048
x 0 33049
p 0 161 33049
x 0 33050
p 0 183 33050
x 0 33051
p 0 196 33051
x 0 33052
p 0 194 33052
x 0 33053
p 0 125 33053
x 0 33054
p 0 197 33054
x 0 33055
p 0 196 33055
x 0 33056
p 0 227 33056
x 0 33057
p 0 273 33057
x 0 33058
p 0 195 33058
x 0 33059
p 0 196 33059
x 0 33060
p 0 226 33060
x 0 33000
h 0 10.0.0.13
p 0 2657 33000
x 1 33001
h 1 10.0.0.13
p 1 696 33001
x 0 33002
p 0 207 33002
x 0 33003
p 0 199 33003
x 0 33004
p 0 199 33004
x 0 33005
p 0 278 33005
x 0 33006
p 0 196 33006
x 0 33007
p 0 197 33007
x 0 33008
p 0 222 33008
x 0 33009
p 0 224 33009
x 0 33010
p 0 269 33010
x 0 33011
p 0 192 33011
x 0 33012
p 0 245 33012
x 0 33013
p 0 191 33013
x 0 33014
p 0 264 33014
x 0 33015
p 0 192 33015
x 0 33016
p 0 269 33016
x 0 33017
p 0 270 33017
x 0 33018
p 0 190 33018
x 0 33019
p 0 189 33019
x 0 33020
p 0 192 33020
x 0 33021
p 0 189 33021
x 0 33022
p 0 193 33022
x 0 33023
p 0 172 33023
x 0 33024
p 0 267 33024
x 0 33025
p 0 270 33025
x 0 33026
p 0 169 33026
x 0 33027
p 0 192 33027
x 0 33028
p 0 191 33028
x 0 33029
p 0 190 33029
x 0 33030
p 0 192 33030
x 0 33031
p 0 194 33031
x 0 33032
p 0 273 33032
x 0 33033
p 0 272 33033
x 0 33034
p 0 196 33034
x 0 33035
p 0 192 33035
x 0 33036
p 0 196 33036
x 0 33037
p 0 192 33037
x 0 33038
p 0 193 33038
x 0 33039
p 0 192 33039
x 0 33040
p 0 192 33040
x 0 33041
p 0 191 33041
x 0 33042
p 0 192 33042
x 0 33043
p 0 195 33043
x 0 33044
p 0 195 33044
x 0 33045
p 0 193 33045
x 0 33046
p 0 280 33046
x 0 33047
p 0 194 33047
x 0 33048
p 0 167 33048
x 0 33049
p 0 191 33049
x 0 33050
p 0 192 33050
x 0 33051
p 0 192 33051
x 0 33052
p 0 197 33052
x 0 33053
p 0 196 33053
x 0 33054
p 0 199 33054
x 0 33055
p 0 194 33055
x 0 33056
p 0 195 33056
x 0 33057
p 0 269 33057
x 0 33058
p 0 264 33058
x 0 33059
p 0 265 33059
x 0 33060
p 0 90 33060
x 0 33000
h 0 10.0.0.13
p 0 553 33000
x 1 33001
h 1 10.0.0.13
p 1 209 33001
x 0 33002
p 0 192 33002
x 0 33003
p 0 209 33003
x 0 33004
p 0 211 33004
x 0 33005
p 0 211 33005
x 0 33006
p 0 212 33006
x 0 33007
p 0 194 33007
x 0 33008
p 0 192 33008
x 0 33009
p 0 193 33009
x 0 33010
p 0 196 33010
x 0 33011
p 0 197 33011
x 0 33012
p 0 168 33012
x 0 33013
p 0 196 33013
x 0 33014
p 0 195 33014
x 0 33015
p 0 196 33015
x 0 33016
p 0 197 33016
x 0 33017
p 0 242 33017
x 0 33018
p 0 200 33018
x 0 33019
p 0 197 33019
x 0 33020
p 0 192 33020
x 0 33021
p 0 195 33021
x 0 33022
p 0 192 33022
x 0 33023
p 0 162 33023
x 0 33024
p 0 190 33024
x 0 33025
p 0 191 33025
x 0 33026
p 0 189 33026
x 0 33027
p 0 190 33027
x 0 33028
p 0 193 33028
x 0 33029
p 0 192 33029
x 0 33030
p 0 188 33030
x 0 33031
p 0 161 33031
x 0 33032
p 0 190 33032
x 0 33033
p 0 192 33033
x 0 33034
p 0 190 33034
x 0 33035
p 0 189 33035
x 0 33036
p 0 190 33036
x 0 33037
p 0 206 33037
x 0 33038
p 0 192 33038
x 0 33039
p 0 192 33039
x 0 33040
p 0 191 33040
x 0 33041
p 0 193 33041
x 0 33042
p 0 192 33042
x 0 33043
p 0 192 33043
x 0 33044
p 0 192 33044
x 0 33045
p 0 193 33045
x 0 33046
p 0 191 33046
x 0 33047
p 0 192 33047
x 0 33048
p 0 190 33048
x 0 33049
p 0 193 33049
x 0 33050
p 0 192 33050
x 0 33051
p 0 192 33051
x 0 33052
p 0 193 33052
x 0 33053
p 0 193 33053
x 0 33054
p 0 171 33054
x 0 33055
p 0 189 33055
x 0 33056
p 0 190 33056
x 0 33057
p 0 193 33057
x 0 33058
p 0 189 33058
x 0 33059
p 0 170 33059
x 0 33060
p 0 190 33060
