x 0 33000
x 1 33001
x 2 33002
x 3 33003
h 0 10.0.0.13
p 0 337922 33000
h 2 10.0.0.13
p 2 145680 33002
h 1 10.0.0.13
p 1 251411 33001
h 3 10.0.0.13
p 3 90892 33003
x 4 33004
h 4 10.0.0.13
p 4 21166 33004
x 0 33005
p 0 411 33005
x 0 33006
p 0 217 33006
x 0 33007
p 0 245 33007
x 0 33008
p 0 211 33008
x 0 33009
p 0 286 33009
x 0 33010
p 0 208 33010
x 0 33011
p 0 249 33011
x 0 33012
p 0 211 33012
x 0 33013
p 0 255 33013
x 0 33014
p 0 214 33014
x 0 33015
p 0 207 33015
x 0 33016
p 0 202 33016
x 0 33017
p 0 209 33017
x 0 33018
p 0 210 33018
x 0 33019
p 0 206 33019
x 0 33020
p 0 155 33020
x 0 33021
p 0 220 33021
x 0 33022
p 0 236 33022
x 0 33023
p 0 156 33023
x 0 33024
p 0 208 33024
x 0 33025
p 0 210 33025
x 0 33026
p 0 207 33026
x 0 33027
p 0 270 33027
x 0 33028
p 0 210 33028
x 0 33029
p 0 208 33029
x 0 33030
p 0 210 33030
x 0 33031
p 0 204 33031
x 0 33032
p 0 208 33032
x 0 33033
p 0 207 33033
x 0 33034
p 0 205 33034
x 0 33035
p 0 199 33035
x 0 33036
p 0 207 33036
x 0 33037
p 0 202 33037
x 0 33038
p 0 205 33038
x 0 33039
p 0 206 33039
x 0 33040
p 0 204 33040
x 0 33041
p 0 210 33041
x 0 33042
p 0 201 33042
x 0 33043
p 0 203 33043
x 0 33044
p 0 201 33044
x 0 33045
p 0 271 33045
x 0 33046
p 0 198 33046
x 0 33047
p 0 196 33047
x 0 33048
p 0 209 33048
x 0 33049
p 0 213 33049
x 0 33050
p 0 203 33050
x 0 33051
p 0 212 33051
x 0 33052
p 0 270 33052
x 0 33053
p 0 224 33053
x 0 33054
p 0 236 33054
x 0 33055
p 0 211 33055
x 0 33056
p 0 206 33056
x 0 33057
p 0 205 33057
x 0 33058
p 0 209 33058
x 0 33059
p 0 207 33059
x 0 33060
p 0 241 33060
x 0 33061
p 0 238 33061
x 0 33062
p 0 209 33062
x 0 33063
p 0 209 33063
x 0 33000
h 0 10.0.0.13
p 0 414 33000
x 1 33001
h 1 10.0.0.13
p 1 194 33001
x 0 33002
p 0 197 33002
x 0 33003
p 0 194 33003
x 0 33004
p 0 192 33004
x 0 33005
p 0 196 33005
x 0 33006
p 0 195 33006
x 0 33007
p 0 191 33007
x 0 33008
p 0 191 33008
x 0 33009
p 0 194 33009
x 0 33010
p 0 191 33010
x 0 33011
p 0 162 33011
x 0 33012
p 0 193 33012
x 0 33013
p 0 188 33013
x 0 33014
p 0 191 33014
x 0 33015
p 0 188 33015
x 0 33016
p 0 190 33016
x 0 33017
p 0 191 33017
x 0 33018
p 0 191 33018
x 0 33019
p 0 190 33019
x 0 33020
p 0 193 33020
x 0 33021
p 0 191 33021
x 0 33022
p 0 192 33022
x 0 33023
p 0 190 33023
x 0 33024
p 0 190 33024
x 0 33025
p 0 190 33025
x 0 33026
p 0 192 33026
x 0 33027
p 0 189 33027
x 0 33028
p 0 191 33028
x 0 33029
p 0 188 33029
x 0 33030
p 0 192 33030
x 0 33031
p 0 194 33031
x 0 33032
p 0 194 33032
x 0 33033
p 0 194 33033
x 0 33034
p 0 196 33034
x 0 33035
p 0 195 33035
x 0 33036
p 0 197 33036
x 0 33037
p 0 196 33037
x 0 33038
p 0 227 33038
x 0 33039
p 0 196 33039
x 0 33040
p 0 197 33040
x 0 33041
p 0 233 33041
x 0 33042
p 0 196 33042
x 0 33043
p 0 198 33043
x 0 33044
p 0 196 33044
x 0 33045
p 0 196 33045
x 0 33046
p 0 197 33046
x 0 33047
p 0 194 33047
x 0 33048
p 0 194 33048
x 0 33049
p 0 195 33049
x 0 33050
p 0 295 33050
x 0 33051
p 0 195 33051
x 0 33052
p 0 293 33052
x 0 33053
p 0 288 33053
x 0 33054
p 0 194 33054
x 0 33055
p 0 202 33055
x 0 33056
p 0 195 33056
x 0 33057
p 0 195 33057
x 0 33058
p 0 198 33058
x 0 33059
p 0 195 33059
x 0 33060
p 0 196 33060
x 0 33000
h 0 10.0.0.13
p 0 3581 33000
x 1 33001
h 1 10.0.0.13
p 1 590 33001
x 0 33002
p 0 199 33002
x 0 33003
p 0 195 33003
x 0 33004
p 0 195 33004
x 0 33005
p 0 148 33005
x 0 33006
p 0 205 33006
x 0 33007
p 0 201 33007
x 0 33008
p 0 130 33008
x 0 33009
p 0 194 33009
x 0 33010
p 0 117 33010
x 0 33011
p 0 195 33011
x 0 33012
p 0 194 33012
x 0 33013
p 0 219 33013
x 0 33014
p 0 193 33014
x 0 33015
p 0 194 33015
x 0 33016
p 0 195 33016
x 0 33017
p 0 191 33017
x 0 33018
p 0 193 33018
x 0 33019
p 0 193 33019
x 0 33020
p 0 195 33020
x 0 33021
p 0 195 33021
x 0 33022
p 0 193 33022
x 0 33023
p 0 193 33023
x 0 33024
p 0 194 33024
x 0 33025
p 0 193 33025
x 0 33026
p 0 196 33026
x 0 33027
p 0 194 33027
x 0 33028
p 0 195 33028
x 0 33029
p 0 195 33029
x 0 33030
p 0 193 33030
x 0 33031
p 0 195 33031
x 0 33032
p 0 229 33032
x 0 33033
p 0 171 33033
x 0 33034
p 0 193 33034
x 0 33035
p 0 193 33035
x 0 33036
p 0 105 33036
x 0 33037
p 0 178 33037
x 0 33038
p 0 161 33038
x 0 33039
p 0 198 33039
x 0 33040
p 0 196 33040
x 0 33041
p 0 176 33041
x 0 33042
p 0 221 33042
x 0 33043
p 0 225 33043
x 0 33044
p 0 195 33044
x 0 33045
p 0 226 33045
x 0 33046
p 0 222 33046
x 0 33047
p 0 209 33047
x 0 33048
p 0 195 33048
x 0 33049
p 0 194 33049
x 0 33050
p 0 341 33050
x 0 33051
p 0 229 33051
x 0 33052
p 0 223 33052
x 0 33053
p 0 174 33053
x 0 33054
p 0 174 33054
x 0 33055
p 0 196 33055
x 0 33056
p 0 161 33056
x 0 33057
p 0 183 33057
x 0 33058
p 0 148 33058
x 0 33059
p 0 225 33059
x 0 33060
p 0 195 33060
x 0 33000
h 0 10.0.0.13
p 0 438 33000
x 1 33001
h 1 10.0.0.13
p 1 194 33001
x 0 33002
p 0 122 33002
x 0 33003
p 0 201 33003
x 0 33004
p 0 201 33004
x 0 33005
p 0 197 33005
x 0 33006
p 0 196 33006
x 0 33007
p 0 195 33007
x 0 33008
p 0 77 33008
x 0 33009
p 0 194 33009
x 0 33010
p 0 172 33010
x 0 33011
p 0 196 33011
x 0 33012
p 0 193 33012
x 0 33013
p 0 194 33013
x 0 33014
p 0 161 33014
x 0 33015
p 0 163 33015
x 0 33016
p 0 207 33016
x 0 33017
p 0 146 33017
x 0 33018
p 0 349 33018
x 0 33019
p 0 290 33019
x 0 33020
p 0 313 33020
x 0 33021
p 0 392 33021
x 0 33022
p 0 256 33022
x 0 33023
p 0 276 33023
x 0 33024
p 0 280 33024
x 0 33025
p 0 371 33025
x 0 33026
p 0 290 33026
x 0 33027
p 0 187 33027
x 0 33028
p 0 291 33028
x 0 33029
p 0 280 33029
x 0 33030
p 0 297 33030
x 0 33031
p 0 280 33031
x 0 33032
p 0 306 33032
x 0 33033
p 0 281 33033
x 0 33034
p 0 203 33034
x 0 33035
p 0 236 33035
x 0 33036
p 0 262 33036
x 0 33037
p 0 281 33037
x 0 33038
p 0 267 33038
x 0 33039
p 0 275 33039
x 0 33040
p 0 341 33040
x 0 33041
p 0 236 33041
x 0 33042
p 0 276 33042
x 0 33043
p 0 248 33043
x 0 33044
p 0 234 33044
x 0 33045
p 0 285 33045
x 0 33046
p 0 265 33046
x 0 33047
p 0 242 33047
x 0 33048
p 0 352 33048
x 0 33049
p 0 262 33049
x 0 33050
p 0 135 33050
x 0 33051
p 0 108 33051
x 0 33052
p 0 125 33052
x 0 33053
p 0 112 33053
x 0 33054
p 0 267 33054
x 0 33055
p 0 101 33055
x 0 33056
p 0 165 33056
x 0 33057
p 0 130 33057
x 0 33058
p 0 110 33058
x 0 33059
p 0 167 33059
x 0 33060
p 0 117 33060
x 0 33000
h 0 10.0.0.13
p 0 9756 33000
x 1 33001
h 1 10.0.0.13
p 1 692 33001
x 0 33002
p 0 204 33002
x 0 33003
p 0 195 33003
x 0 33004
p 0 195 33004
x 0 33005
p 0 193 33005
x 0 33006
p 0 196 33006
x 0 33007
p 0 162 33007
x 0 33008
p 0 157 33008
x 0 33009
p 0 161 33009
x 0 33010
p 0 190 33010
x 0 33011
p 0 189 33011
x 0 33012
p 0 189 33012
x 0 33013
p 0 156 33013
x 0 33014
p 0 190 33014
x 0 33015
p 0 189 33015
x 0 33016
p 0 165 33016
x 0 33017
p 0 161 33017
x 0 33018
p 0 191 33018
x 0 33019
p 0 191 33019
x 0 33020
p 0 188 33020
x 0 33021
p 0 131 33021
x 0 33022
p 0 190 33022
x 0 33023
p 0 190 33023
x 0 33024
p 0 156 33024
x 0 33025
p 0 145 33025
x 0 33026
p 0 191 33026
x 0 33027
p 0 192 33027
x 0 33028
p 0 191 33028
x 0 33029
p 0 158 33029
x 0 33030
p 0 190 33030
x 0 33031
p 0 209 33031
x 0 33032
p 0 210 33032
x 0 33033
p 0 180 33033
x 0 33034
p 0 209 33034
x 0 33035
p 0 175 33035
x 0 33036
p 0 206 33036
x 0 33037
p 0 312 33037
x 0 33038
p 0 209 33038
x 0 33039
p 0 209 33039
x 0 33040
p 0 210 33040
x 0 33041
p 0 209 33041
x 0 33042
p 0 179 33042
x 0 33043
p 0 183 33043
x 0 33044
p 0 281 33044
x 0 33045
p 0 199 33045
x 0 33046
p 0 171 33046
x 0 33047
p 0 170 33047
x 0 33048
p 0 177 33048
x 0 33049
p 0 174 33049
x 0 33050
p 0 176 33050
x 0 33051
p 0 172 33051
x 0 33052
p 0 179 33052
x 0 33053
p 0 201 33053
x 0 33054
p 0 168 33054
x 0 33055
p 0 170 33055
x 0 33056
p 0 178 33056
x 0 33057
p 0 200 33057
x 0 33058
p 0 170 33058
x 0 33059
p 0 171 33059
x 0 33060
p 0 174 33060
x 0 33000
h 0 10.0.0.13
p 0 521 33000
x 1 33001
h 1 10.0.0.13
p 1 207 33001
x 0 33002
p 0 174 33002
x 0 33003
p 0 193 33003
x 0 33004
p 0 193 33004
x 0 33005
p 0 196 33005
x 0 33006
p 0 199 33006
x 0 33007
p 0 196 33007
x 0 33008
p 0 165 33008
x 0 33009
p 0 161 33009
x 0 33010
p 0 201 33010
x 0 33011
p 0 160 33011
x 0 33012
p 0 160 33012
x 0 33013
p 0 160 33013
x 0 33014
p 0 181 33014
x 0 33015
p 0 153 33015
x 0 33016
p 0 185 33016
x 0 33017
p 0 158 33017
x 0 33018
p 0 165 33018
x 0 33019
p 0 157 33019
x 0 33020
p 0 155 33020
x 0 33021
p 0 199 33021
x 0 33022
p 0 199 33022
x 0 33023
p 0 194 33023
x 0 33024
p 0 191 33024
x 0 33025
p 0 229 33025
x 0 33026
p 0 198 33026
x 0 33027
p 0 192 33027
x 0 33028
p 0 193 33028
x 0 33029
p 0 191 33029
x 0 33030
p 0 195 33030
x 0 33031
p 0 194 33031
x 0 33032
p 0 194 33032
x 0 33033
p 0 196 33033
x 0 33034
p 0 199 33034
x 0 33035
p 0 193 33035
x 0 33036
p 0 195 33036
x 0 33037
p 0 194 33037
x 0 33038
p 0 205 33038
x 0 33039
p 0 191 33039
x 0 33040
p 0 193 33040
x 0 33041
p 0 200 33041
x 0 33042
p 0 653 33042
x 0 33043
p 0 198 33043
x 0 33044
p 0 198 33044
x 0 33045
p 0 195 33045
x 0 33046
p 0 195 33046
x 0 33047
p 0 199 33047
x 0 33048
p 0 197 33048
x 0 33049
p 0 197 33049
x 0 33050
p 0 194 33050
x 0 33051
p 0 272 33051
x 0 33052
p 0 269 33052
x 0 33053
p 0 191 33053
x 0 33054
p 0 266 33054
x 0 33055
p 0 641 33055
x 0 33056
p 0 195 33056
x 0 33057
p 0 195 33057
x 0 33058
p 0 273 33058
x 0 33059
p 0 638 33059
x 0 33060
p 0 199 33060
x 0 33000
h 0 10.0.0.13
p 0 33517 33000
x 1 33001
h 1 10.0.0.13
p 1 462 33001
x 0 33002
p 0 249 33002
x 0 33003
p 0 154 33003
x 0 33004
p 0 152 33004
x 0 33005
p 0 199 33005
x 0 33006
p 0 201 33006
x 0 33007
p 0 361 33007
x 0 33008
p 0 337 33008
x 0 33009
p 0 325 33009
x 0 33010
p 0 194 33010
x 0 33011
p 0 278 33011
x 0 33012
p 0 194 33012
x 0 33013
p 0 221 33013
x 0 33014
p 0 190 33014
x 0 33015
p 0 193 33015
x 0 33016
p 0 195 33016
x 0 33017
p 0 208 33017
x 0 33018
p 0 192 33018
x 0 33019
p 0 192 33019
x 0 33020
p 0 193 33020
x 0 33021
p 0 201 33021
x 0 33022
p 0 191 33022
x 0 33023
p 0 190 33023
x 0 33024
p 0 192 33024
x 0 33025
p 0 293 33025
x 0 33026
p 0 192 33026
x 0 33027
p 0 192 33027
x 0 33028
p 0 192 33028
x 0 33029
p 0 193 33029
x 0 33030
p 0 191 33030
x 0 33031
p 0 199 33031
x 0 33032
p 0 197 33032
x 0 33033
p 0 251 33033
x 0 33034
p 0 197 33034
x 0 33035
p 0 197 33035
x 0 33036
p 0 201 33036
x 0 33037
p 0 256 33037
x 0 33038
p 0 198 33038
x 0 33039
p 0 198 33039
x 0 33040
p 0 197 33040
x 0 33041
p 0 205 33041
x 0 33042
p 0 193 33042
x 0 33043
p 0 195 33043
x 0 33044
p 0 192 33044
x 0 33045
p 0 206 33045
x 0 33046
p 0 151 33046
x 0 33047
p 0 192 33047
x 0 33048
p 0 198 33048
x 0 33049
p 0 201 33049
x 0 33050
p 0 286 33050
x 0 33051
p 0 284 33051
x 0 33052
p 0 203 33052
x 0 33053
p 0 201 33053
x 0 33054
p 0 246 33054
x 0 33055
p 0 196 33055
x 0 33056
p 0 167 33056
x 0 33057
p 0 200 33057
x 0 33058
p 0 210 33058
x 0 33059
p 0 193 33059
x 0 33060
p 0 190 33060
x 0 33000
h 0 10.0.0.13
p 0 455 33000
x 1 33001
h 1 10.0.0.13
p 1 192 33001
x 0 33002
p 0 193 33002
x 0 33003
p 0 194 33003
x 0 33004
p 0 193 33004
x 0 33005
p 0 194 33005
x 0 33006
p 0 198 33006
x 0 33007
p 0 197 33007
x 0 33008
p 0 165 33008
x 0 33009
p 0 226 33009
x 0 33010
p 0 198 33010
x 0 33011
p 0 200 33011
x 0 33012
p 0 172 33012
x 0 33013
p 0 245 33013
x 0 33014
p 0 199 33014
x 0 33015
p 0 197 33015
x 0 33016
p 0 167 33016
x 0 33017
p 0 206 33017
x 0 33018
p 0 196 33018
x 0 33019
p 0 191 33019
x 0 33020
p 0 166 33020
x 0 33021
p 0 287 33021
x 0 33022
p 0 286 33022
x 0 33023
p 0 162 33023
x 0 33024
p 0 165 33024
x 0 33025
p 0 219 33025
x 0 33026
p 0 192 33026
x 0 33027
p 0 199 33027
x 0 33028
p 0 170 33028
x 0 33029
p 0 200 33029
x 0 33030
p 0 197 33030
x 0 33031
p 0 198 33031
x 0 33032
p 0 168 33032
x 0 33033
p 0 200 33033
x 0 33034
p 0 166 33034
x 0 33035
p 0 199 33035
x 0 33036
p 0 139 33036
x 0 33037
p 0 199 33037
x 0 33038
p 0 194 33038
x 0 33039
p 0 191 33039
x 0 33040
p 0 151 33040
x 0 33041
p 0 194 33041
x 0 33042
p 0 194 33042
x 0 33043
p 0 180 33043
x 0 33044
p 0 138 33044
x 0 33045
p 0 200 33045
x 0 33046
p 0 181 33046
x 0 33047
p 0 196 33047
x 0 33048
p 0 170 33048
x 0 33049
p 0 198 33049
x 0 33050
p 0 200 33050
x 0 33051
p 0 198 33051
x 0 33052
p 0 176 33052
x 0 33053
p 0 195 33053
x 0 33054
p 0 196 33054
x 0 33055
p 0 300 33055
x 0 33056
p 0 166 33056
x 0 33057
p 0 194 33057
x 0 33058
p 0 193 33058
x 0 33059
p 0 191 33059
x 0 33060
p 0 171 33060
x 0 33000
h 0 10.0.0.13
p 0 8126 33000
x 1 33001
h 1 10.0.0.13
p 1 582 33001
x 0 33002
p 0 112 33002
x 0 33003
p 0 211 33003
x 0 33004
p 0 212 33004
x 0 33005
p 0 211 33005
x 0 33006
p 0 209 33006
x 0 33007
p 0 208 33007
x 0 33008
p 0 209 33008
x 0 33009
p 0 135 33009
x 0 33010
p 0 205 33010
x 0 33011
p 0 206 33011
x 0 33012
p 0 202 33012
x 0 33013
p 0 225 33013
x 0 33014
p 0 124 33014
x 0 33015
p 0 197 33015
x 0 33016
p 0 277 33016
x 0 33017
p 0 199 33017
x 0 33018
p 0 197 33018
x 0 33019
p 0 99 33019
x 0 33020
p 0 198 33020
x 0 33021
p 0 198 33021
x 0 33022
p 0 200 33022
x 0 33023
p 0 198 33023
x 0 33024
p 0 106 33024
x 0 33025
p 0 264 33025
x 0 33026
p 0 229 33026
x 0 33027
p 0 170 33027
x 0 33028
p 0 207 33028
x 0 33029
p 0 210 33029
x 0 33030
p 0 178 33030
x 0 33031
p 0 199 33031
x 0 33032
p 0 159 33032
x 0 33033
p 0 196 33033
x 0 33034
p 0 178 33034
x 0 33035
p 0 205 33035
x 0 33036
p 0 197 33036
x 0 33037
p 0 197 33037
x 0 33038
p 0 173 33038
x 0 33039
p 0 199 33039
x 0 33040
p 0 196 33040
x 0 33041
p 0 70 33041
x 0 33042
p 0 161 33042
x 0 33043
p 0 231 33043
x 0 33044
p 0 168 33044
x 0 33045
p 0 194 33045
x 0 33046
p 0 173 33046
x 0 33047
p 0 195 33047
x 0 33048
p 0 168 33048
x 0 33049
p 0 172 33049
x 0 33050
p 0 172 33050
x 0 33051
p 0 198 33051
x 0 33052
p 0 168 33052
x 0 33053
p 0 171 33053
x 0 33054
p 0 279 33054
x 0 33055
p 0 250 33055
x 0 33056
p 0 208 33056
x 0 33057
p 0 220 33057
x 0 33058
p 0 241 33058
x 0 33059
p 0 199 33059
x 0 33060
p 0 217 33060
x 0 33000
h 0 10.0.0.13
p 0 707 33000
x 1 33001
h 1 10.0.0.13
p 1 144 33001
x 0 33002
p 0 155 33002
x 0 33003
p 0 147 33003
x 0 33004
p 0 199 33004
x 0 33005
p 0 212 33005
x 0 33006
p 0 210 33006
x 0 33007
p 0 201 33007
x 0 33008
p 0 196 33008
x 0 33009
p 0 197 33009
x 0 33010
p 0 196 33010
x 0 33011
p 0 199 33011
x 0 33012
p 0 213 33012
x 0 33013
p 0 192 33013
x 0 33014
p 0 197 33014
x 0 33015
p 0 195 33015
x 0 33016
p 0 194 33016
x 0 33017
p 0 194 33017
x 0 33018
p 0 195 33018
x 0 33019
p 0 226 33019
x 0 33020
p 0 102 33020
x 0 33021
p 0 200 33021
x 0 33022
p 0 195 33022
x 0 33023
p 0 97 33023
x 0 33024
p 0 195 33024
x 0 33025
p 0 194 33025
x 0 33026
p 0 195 33026
x 0 33027
p 0 194 33027
x 0 33028
p 0 192 33028
x 0 33029
p 0 198 33029
x 0 33030
p 0 193 33030
x 0 33031
p 0 192 33031
x 0 33032
p 0 193 33032
x 0 33033
p 0 191 33033
x 0 33034
p 0 300 33034
x 0 33035
p 0 289 33035
x 0 33036
p 0 287 33036
x 0 33037
p 0 148 33037
x 0 33038
p 0 285 33038
x 0 33039
p 0 232 33039
x 0 33040
p 0 106 33040
x 0 33041
p 0 198 33041
x 0 33042
p 0 195 33042
x 0 33043
p 0 193 33043
x 0 33044
p 0 244 33044
x 0 33045
p 0 255 33045
x 0 33046
p 0 195 33046
x 0 33047
p 0 336 33047
x 0 33048
p 0 299 33048
x 0 33049
p 0 208 33049
x 0 33050
p 0 295 33050
x 0 33051
p 0 269 33051
x 0 33052
p 0 195 33052
x 0 33053
p 0 194 33053
x 0 33054
p 0 200 33054
x 0 33055
p 0 198 33055
x 0 33056
p 0 195 33056
x 0 33057
p 0 198 33057
x 0 33058
p 0 194 33058
x 0 33059
p 0 197 33059
x 0 33060
p 0 196 33060
x 0 33000
h 0 10.0.0.13
p 0 3777 33000
x 1 33001
h 1 10.0.0.13
p 1 441 33001
x 0 33002
p 0 97 33002
x 0 33003
p 0 202 33003
x 0 33004
p 0 199 33004
x 0 33005
p 0 197 33005
x 0 33006
p 0 256 33006
x 0 33007
p 0 194 33007
x 0 33008
p 0 193 33008
x 0 33009
p 0 192 33009
x 0 33010
p 0 174 33010
x 0 33011
p 0 193 33011
x 0 33012
p 0 194 33012
x 0 33013
p 0 146 33013
x 0 33014
p 0 222 33014
x 0 33015
p 0 190 33015
x 0 33016
p 0 291 33016
x 0 33017
p 0 165 33017
x 0 33018
p 0 192 33018
x 0 33019
p 0 280 33019
x 0 33020
p 0 191 33020
x 0 33021
p 0 193 33021
x 0 33022
p 0 194 33022
x 0 33023
p 0 192 33023
x 0 33024
p 0 298 33024
x 0 33025
p 0 189 33025
x 0 33026
p 0 292 33026
x 0 33027
p 0 278 33027
x 0 33028
p 0 192 33028
x 0 33029
p 0 293 33029
x 0 33030
p 0 286 33030
x 0 33031
p 0 302 33031
x 0 33032
p 0 297 33032
x 0 33033
p 0 217 33033
x 0 33034
p 0 193 33034
x 0 33035
p 0 194 33035
x 0 33036
p 0 221 33036
x 0 33037
p 0 191 33037
x 0 33038
p 0 193 33038
x 0 33039
p 0 194 33039
x 0 33040
p 0 192 33040
x 0 33041
p 0 198 33041
x 0 33042
p 0 308 33042
x 0 33043
p 0 293 33043
x 0 33044
p 0 224 33044
x 0 33045
p 0 193 33045
x 0 33046
p 0 193 33046
x 0 33047
p 0 157 33047
x 0 33048
p 0 292 33048
x 0 33049
p 0 191 33049
x 0 33050
p 0 192 33050
x 0 33051
p 0 296 33051
x 0 33052
p 0 302 33052
x 0 33053
p 0 190 33053
x 0 33054
p 0 272 33054
x 0 33055
p 0 192 33055
x 0 33056
p 0 194 33056
x 0 33057
p 0 191 33057
x 0 33058
p 0 246 33058
x 0 33059
p 0 194 33059
x 0 33060
p 0 196 33060
x 0 33000
h 0 10.0.0.13
p 0 523 33000
x 1 33001
h 1 10.0.0.13
p 1 206 33001
x 0 33002
p 0 209 33002
x 0 33003
p 0 208 33003
x 0 33004
p 0 208 33004
x 0 33005
p 0 209 33005
x 0 33006
p 0 209 33006
x 0 33007
p 0 216 33007
x 0 33008
p 0 196 33008
x 0 33009
p 0 162 33009
x 0 33010
p 0 194 33010
x 0 33011
p 0 192 33011
x 0 33012
p 0 193 33012
x 0 33013
p 0 163 33013
x 0 33014
p 0 197 33014
x 0 33015
p 0 195 33015
x 0 33016
p 0 194 33016
x 0 33017
p 0 163 33017
x 0 33018
p 0 197 33018
x 0 33019
p 0 194 33019
x 0 33020
p 0 194 33020
x 0 33021
p 0 194 33021
x 0 33022
p 0 189 33022
x 0 33023
p 0 193 33023
x 0 33024
p 0 194 33024
x 0 33025
p 0 161 33025
x 0 33026
p 0 193 33026
x 0 33027
p 0 193 33027
x 0 33028
p 0 191 33028
x 0 33029
p 0 314 33029
x 0 33030
p 0 136 33030
x 0 33031
p 0 143 33031
x 0 33032
p 0 146 33032
x 0 33033
p 0 203 33033
x 0 33034
p 0 141 33034
x 0 33035
p 0 197 33035
x 0 33036
p 0 142 33036
x 0 33037
p 0 264 33037
x 0 33038
p 0 197 33038
x 0 33039
p 0 192 33039
x 0 33040
p 0 196 33040
x 0 33041
p 0 193 33041
x 0 33042
p 0 199 33042
x 0 33043
p 0 271 33043
x 0 33044
p 0 296 33044
x 0 33045
p 0 197 33045
x 0 33046
p 0 197 33046
x 0 33047
p 0 184 33047
x 0 33048
p 0 151 33048
x 0 33049
p 0 148 33049
x 0 33050
p 0 135 33050
x 0 33051
p 0 150 33051
x 0 33052
p 0 779 33052
x 0 33053
p 0 160 33053
x 0 33054
p 0 165 33054
x 0 33055
p 0 141 33055
x 0 33056
p 0 160 33056
x 0 33057
p 0 145 33057
x 0 33058
p 0 154 33058
x 0 33059
p 0 138 33059
x 0 33060
p 0 152 33060
x 0 33000
h 0 10.0.0.13
p 0 4320 33000
x 1 33001
h 1 10.0.0.13
p 1 402 33001
x 0 33002
p 0 177 33002
x 0 33003
p 0 303 33003
x 0 33004
p 0 331 33004
x 0 33005
p 0 205 33005
x 0 33006
p 0 202 33006
x 0 33007
p 0 202 33007
x 0 33008
p 0 199 33008
x 0 33009
p 0 226 33009
x 0 33010
p 0 196 33010
x 0 33011
p 0 607 33011
x 0 33012
p 0 181 33012
x 0 33013
p 0 198 33013
x 0 33014
p 0 157 33014
x 0 33015
p 0 173 33015
x 0 33016
p 0 227 33016
x 0 33017
p 0 156 33017
x 0 33018
p 0 160 33018
x 0 33019
p 0 164 33019
x 0 33020
p 0 229 33020
x 0 33021
p 0 163 33021
x 0 33022
p 0 181 33022
x 0 33023
p 0 176 33023
x 0 33024
p 0 226 33024
x 0 33025
p 0 161 33025
x 0 33026
p 0 148 33026
x 0 33027
p 0 175 33027
x 0 33028
p 0 223 33028
x 0 33029
p 0 164 33029
x 0 33030
p 0 161 33030
x 0 33031
p 0 183 33031
x 0 33032
p 0 219 33032
x 0 33033
p 0 157 33033
x 0 33034
p 0 159 33034
x 0 33035
p 0 159 33035
x 0 33036
p 0 161 33036
x 0 33037
p 0 163 33037
x 0 33038
p 0 160 33038
x 0 33039
p 0 160 33039
x 0 33040
p 0 198 33040
x 0 33041
p 0 162 33041
x 0 33042
p 0 161 33042
x 0 33043
p 0 159 33043
x 0 33044
p 0 237 33044
x 0 33045
p 0 160 33045
x 0 33046
p 0 158 33046
x 0 33047
p 0 158 33047
x 0 33048
p 0 216 33048
x 0 33049
p 0 159 33049
x 0 33050
p 0 161 33050
x 0 33051
p 0 163 33051
x 0 33052
p 0 222 33052
x 0 33053
p 0 194 33053
x 0 33054
p 0 209 33054
x 0 33055
p 0 165 33055
x 0 33056
p 0 198 33056
x 0 33057
p 0 194 33057
x 0 33058
p 0 309 33058
x 0 33059
p 0 163 33059
x 0 33060
p 0 196 33060
x 0 33000
h 0 10.0.0.13
p 0 407 33000
x 1 33001
h 1 10.0.0.13
p 1 193 33001
x 0 33002
p 0 207 33002
x 0 33003
p 0 201 33003
x 0 33004
p 0 201 33004
x 0 33005
p 0 200 33005
x 0 33006
p 0 226 33006
x 0 33007
p 0 194 33007
x 0 33008
p 0 202 33008
x 0 33009
p 0 198 33009
x 0 33010
p 0 194 33010
x 0 33011
p 0 168 33011
x 0 33012
p 0 199 33012
x 0 33013
p 0 194 33013
x 0 33014
p 0 327 33014
x 0 33015
p 0 211 33015
x 0 33016
p 0 195 33016
x 0 33017
p 0 191 33017
x 0 33018
p 0 193 33018
x 0 33019
p 0 193 33019
x 0 33020
p 0 229 33020
x 0 33021
p 0 193 33021
x 0 33022
p 0 193 33022
x 0 33023
p 0 193 33023
x 0 33024
p 0 191 33024
x 0 33025
p 0 192 33025
x 0 33026
p 0 192 33026
x 0 33027
p 0 194 33027
x 0 33028
p 0 193 33028
x 0 33029
p 0 197 33029
x 0 33030
p 0 193 33030
x 0 33031
p 0 244 33031
x 0 33032
p 0 200 33032
x 0 33033
p 0 201 33033
x 0 33034
p 0 199 33034
x 0 33035
p 0 199 33035
x 0 33036
p 0 197 33036
x 0 33037
p 0 199 33037
x 0 33038
p 0 133 33038
x 0 33039
p 0 202 33039
x 0 33040
p 0 198 33040
x 0 33041
p 0 185 33041
x 0 33042
p 0 197 33042
x 0 33043
p 0 190 33043
x 0 33044
p 0 192 33044
x 0 33045
p 0 189 33045
x 0 33046
p 0 192 33046
x 0 33047
p 0 194 33047
x 0 33048
p 0 199 33048
x 0 33049
p 0 199 33049
x 0 33050
p 0 206 33050
x 0 33051
p 0 208 33051
x 0 33052
p 0 308 33052
x 0 33053
p 0 237 33053
x 0 33054
p 0 232 33054
x 0 33055
p 0 202 33055
x 0 33056
p 0 202 33056
x 0 33057
p 0 202 33057
x 0 33058
p 0 224 33058
x 0 33059
p 0 193 33059
x 0 33060
p 0 192 33060
x 0 33000
h 0 10.0.0.13
p 0 11355 33000
x 1 33001
h 1 10.0.0.13
p 1 493 33001
x 0 33002
p 0 108 33002
x 0 33003
p 0 194 33003
x 0 33004
p 0 244 33004
x 0 33005
p 0 158 33005
x 0 33006
p 0 194 33006
x 0 33007
p 0 297 33007
x 0 33008
p 0 233 33008
x 0 33009
p 0 275 33009
x 0 33010
p 0 275 33010
x 0 33011
p 0 268 33011
x 0 33012
p 0 193 33012
x 0 33013
p 0 190 33013
x 0 33014
p 0 273 33014
x 0 33015
p 0 267 33015
x 0 33016
p 0 221 33016
x 0 33017
p 0 175 33017
x 0 33018
p 0 269 33018
x 0 33019
p 0 195 33019
x 0 33020
p 0 199 33020
x 0 33021
p 0 271 33021
x 0 33022
p 0 197 33022
x 0 33023
p 0 194 33023
x 0 33024
p 0 218 33024
x 0 33025
p 0 170 33025
x 0 33026
p 0 192 33026
x 0 33027
p 0 196 33027
x 0 33028
p 0 193 33028
x 0 33029
p 0 191 33029
x 0 33030
p 0 199 33030
x 0 33031
p 0 302 33031
x 0 33032
p 0 315 33032
x 0 33033
p 0 199 33033
x 0 33034
p 0 193 33034
x 0 33035
p 0 204 33035
x 0 33036
p 0 199 33036
x 0 33037
p 0 233 33037
x 0 33038
p 0 341 33038
x 0 33039
p 0 300 33039
x 0 33040
p 0 486 33040
x 0 33041
p 0 335 33041
x 0 33042
p 0 296 33042
x 0 33043
p 0 323 33043
x 0 33044
p 0 246 33044
x 0 33045
p 0 325 33045
x 0 33046
p 0 365 33046
x 0 33047
p 0 409 33047
x 0 33048
p 0 160 33048
x 0 33049
p 0 410 33049
x 0 33050
p 0 329 33050
x 0 33051
p 0 341 33051
x 0 33052
p 0 178 33052
x 0 33053
p 0 181 33053
x 0 33054
p 0 195 33054
x 0 33055
p 0 163 33055
x 0 33056
p 0 194 33056
x 0 33057
p 0 199 33057
x 0 33058
p 0 193 33058
x 0 33059
p 0 195 33059
x 0 33060
p 0 195 33060
x 0 33000
h 0 10.0.0.13
p 0 539 33000
x 1 33001
h 1 10.0.0.13
p 1 194 33001
x 0 33002
p 0 127 33002
x 0 33003
p 0 201 33003
x 0 33004
p 0 200 33004
x 0 33005
p 0 205 33005
x 0 33006
p 0 199 33006
x 0 33007
p 0 214 33007
x 0 33008
p 0 205 33008
x 0 33009
p 0 217 33009
x 0 33010
p 0 295 33010
x 0 33011
p 0 222 33011
x 0 33012
p 0 244 33012
x 0 33013
p 0 207 33013
x 0 33014
p 0 211 33014
x 0 33015
p 0 213 33015
x 0 33016
p 0 212 33016
x 0 33017
p 0 211 33017
x 0 33018
p 0 209 33018
x 0 33019
p 0 212 33019
x 0 33020
p 0 213 33020
x 0 33021
p 0 203 33021
x 0 33022
p 0 215 33022
x 0 33023
p 0 230 33023
x 0 33024
p 0 292 33024
x 0 33025
p 0 289 33025
x 0 33026
p 0 206 33026
x 0 33027
p 0 211 33027
x 0 33028
p 0 238 33028
x 0 33029
p 0 299 33029
x 0 33030
p 0 298 33030
x 0 33031
p 0 293 33031
x 0 33032
p 0 252 33032
x 0 33033
p 0 212 33033
x 0 33034
p 0 301 33034
x 0 33035
p 0 218 33035
x 0 33036
p 0 243 33036
x 0 33037
p 0 290 33037
x 0 33038
p 0 287 33038
x 0 33039
p 0 211 33039
x 0 33040
p 0 210 33040
x 0 33041
p 0 210 33041
x 0 33042
p 0 288 33042
x 0 33043
p 0 285 33043
x 0 33044
p 0 214 33044
x 0 33045
p 0 213 33045
x 0 33046
p 0 207 33046
x 0 33047
p 0 194 33047
x 0 33048
p 0 237 33048
x 0 33049
p 0 210 33049
x 0 33050
p 0 297 33050
x 0 33051
p 0 213 33051
x 0 33052
p 0 210 33052
x 0 33053
p 0 215 33053
x 0 33054
p 0 221 33054
x 0 33055
p 0 211 33055
x 0 33056
p 0 210 33056
x 0 33057
p 0 212 33057
x 0 33058
p 0 203 33058
x 0 33059
p 0 338 33059
x 0 33060
p 0 402 33060
x 0 33000
h 0 10.0.0.13
p 0 17654 33000
x 1 33001
h 1 10.0.0.13
p 1 577 33001
x 0 33002
p 0 178 33002
x 0 33003
p 0 196 33003
x 0 33004
p 0 197 33004
x 0 33005
p 0 197 33005
x 0 33006
p 0 195 33006
x 0 33007
p 0 191 33007
x 0 33008
p 0 247 33008
x 0 33009
p 0 194 33009
x 0 33010
p 0 194 33010
x 0 33011
p 0 196 33011
x 0 33012
p 0 290 33012
x 0 33013
p 0 196 33013
x 0 33014
p 0 199 33014
x 0 33015
p 0 198 33015
x 0 33016
p 0 197 33016
x 0 33017
p 0 196 33017
x 0 33018
p 0 195 33018
x 0 33019
p 0 199 33019
x 0 33020
p 0 197 33020
x 0 33021
p 0 302 33021
x 0 33022
p 0 192 33022
x 0 33023
p 0 288 33023
x 0 33024
p 0 191 33024
x 0 33025
p 0 196 33025
x 0 33026
p 0 191 33026
x 0 33027
p 0 190 33027
x 0 33028
p 0 196 33028
x 0 33029
p 0 197 33029
x 0 33030
p 0 193 33030
x 0 33031
p 0 190 33031
x 0 33032
p 0 196 33032
x 0 33033
p 0 194 33033
x 0 33034
p 0 194 33034
x 0 33035
p 0 239 33035
x 0 33036
p 0 200 33036
x 0 33037
p 0 196 33037
x 0 33038
p 0 198 33038
x 0 33039
p 0 197 33039
x 0 33040
p 0 198 33040
x 0 33041
p 0 199 33041
x 0 33042
p 0 198 33042
x 0 33043
p 0 197 33043
x 0 33044
p 0 196 33044
x 0 33045
p 0 195 33045
x 0 33046
p 0 215 33046
x 0 33047
p 0 205 33047
x 0 33048
p 0 192 33048
x 0 33049
p 0 197 33049
x 0 33050
p 0 192 33050
x 0 33051
p 0 199 33051
x 0 33052
p 0 196 33052
x 0 33053
p 0 194 33053
x 0 33054
p 0 197 33054
x 0 33055
p 0 197 33055
x 0 33056
p 0 197 33056
x 0 33057
p 0 194 33057
x 0 33058
p 0 197 33058
x 0 33059
p 0 193 33059
x 0 33060
p 0 189 33060
x 0 33000
h 0 10.0.0.13
p 0 430 33000
x 1 33001
h 1 10.0.0.13
p 1 154 33001
x 0 33002
p 0 155 33002
x 0 33003
p 0 158 33003
x 0 33004
p 0 156 33004
x 0 33005
p 0 162 33005
x 0 33006
p 0 198 33006
x 0 33007
p 0 198 33007
x 0 33008
p 0 195 33008
x 0 33009
p 0 191 33009
x 0 33010
p 0 193 33010
x 0 33011
p 0 198 33011
x 0 33012
p 0 195 33012
x 0 33013
p 0 194 33013
x 0 33014
p 0 193 33014
x 0 33015
p 0 193 33015
x 0 33016
p 0 192 33016
x 0 33017
p 0 193 33017
x 0 33018
p 0 202 33018
x 0 33019
p 0 192 33019
x 0 33020
p 0 191 33020
x 0 33021
p 0 219 33021
x 0 33022
p 0 191 33022
x 0 33023
p 0 196 33023
x 0 33024
p 0 192 33024
x 0 33025
p 0 190 33025
x 0 33026
p 0 190 33026
x 0 33027
p 0 193 33027
x 0 33028
p 0 193 33028
x 0 33029
p 0 198 33029
x 0 33030
p 0 193 33030
x 0 33031
p 0 193 33031
x 0 33032
p 0 194 33032
x 0 33033
p 0 191 33033
x 0 33034
p 0 189 33034
x 0 33035
p 0 195 33035
x 0 33036
p 0 193 33036
x 0 33037
p 0 192 33037
x 0 33038
p 0 193 33038
x 0 33039
p 0 411 33039
x 0 33040
p 0 209 33040
x 0 33041
p 0 194 33041
x 0 33042
p 0 193 33042
x 0 33043
p 0 194 33043
x 0 33044
p 0 206 33044
x 0 33045
p 0 304 33045
x 0 33046
p 0 192 33046
x 0 33047
p 0 193 33047
x 0 33048
p 0 192 33048
x 0 33049
p 0 192 33049
x 0 33050
p 0 192 33050
x 0 33051
p 0 192 33051
x 0 33052
p 0 192 33052
x 0 33053
p 0 192 33053
x 0 33054
p 0 174 33054
x 0 33055
p 0 192 33055
x 0 33056
p 0 85 33056
x 0 33057
p 0 173 33057
x 0 33058
p 0 72 33058
x 0 33059
p 0 134 33059
x 0 33060
p 0 230 33060
x 0 33000
h 0 10.0.0.13
p 0 6304 33000
x 1 33001
h 1 10.0.0.13
p 1 426 33001
x 0 33002
p 0 146 33002
x 0 33003
p 0 195 33003
x 0 33004
p 0 198 33004
x 0 33005
p 0 168 33005
x 0 33006
p 0 195 33006
x 0 33007
p 0 200 33007
x 0 33008
p 0 196 33008
x 0 33009
p 0 197 33009
x 0 33010
p 0 198 33010
x 0 33011
p 0 197 33011
x 0 33012
p 0 197 33012
x 0 33013
p 0 198 33013
x 0 33014
p 0 232 33014
x 0 33015
p 0 196 33015
x 0 33016
p 0 198 33016
x 0 33017
p 0 139 33017
x 0 33018
p 0 228 33018
x 0 33019
p 0 196 33019
x 0 33020
p 0 194 33020
x 0 33021
p 0 198 33021
x 0 33022
p 0 196 33022
x 0 33023
p 0 196 33023
x 0 33024
p 0 171 33024
x 0 33025
p 0 196 33025
x 0 33026
p 0 201 33026
x 0 33027
p 0 195 33027
x 0 33028
p 0 197 33028
x 0 33029
p 0 196 33029
x 0 33030
p 0 197 33030
x 0 33031
p 0 196 33031
x 0 33032
p 0 198 33032
x 0 33033
p 0 197 33033
x 0 33034
p 0 78 33034
x 0 33035
p 0 198 33035
x 0 33036
p 0 200 33036
x 0 33037
p 0 201 33037
x 0 33038
p 0 202 33038
x 0 33039
p 0 200 33039
x 0 33040
p 0 198 33040
x 0 33041
p 0 197 33041
x 0 33042
p 0 251 33042
x 0 33043
p 0 202 33043
x 0 33044
p 0 201 33044
x 0 33045
p 0 196 33045
x 0 33046
p 0 200 33046
x 0 33047
p 0 196 33047
x 0 33048
p 0 227 33048
x 0 33049
p 0 247 33049
x 0 33050
p 0 185 33050
x 0 33051
p 0 112 33051
x 0 33052
p 0 123 33052
x 0 33053
p 0 153 33053
x 0 33054
p 0 220 33054
x 0 33055
p 0 134 33055
x 0 33056
p 0 77 33056
x 0 33057
p 0 198 33057
x 0 33058
p 0 199 33058
x 0 33059
p 0 197 33059
x 0 33060
p 0 212 33060
x 0 33000
h 0 10.0.0.13
p 0 674 33000
x 1 33001
h 1 10.0.0.13
p 1 195 33001
x 0 33002
p 0 196 33002
x 0 33003
p 0 200 33003
x 0 33004
p 0 202 33004
x 0 33005
p 0 249 33005
x 0 33006
p 0 310 33006
x 0 33007
p 0 239 33007
x 0 33008
p 0 222 33008
x 0 33009
p 0 195 33009
x 0 33010
p 0 152 33010
x 0 33011
p 0 231 33011
x 0 33012
p 0 198 33012
x 0 33013
p 0 197 33013
x 0 33014
p 0 195 33014
x 0 33015
p 0 195 33015
x 0 33016
p 0 195 33016
x 0 33017
p 0 198 33017
x 0 33018
p 0 194 33018
x 0 33019
p 0 195 33019
x 0 33020
p 0 195 33020
x 0 33021
p 0 195 33021
x 0 33022
p 0 270 33022
x 0 33023
p 0 221 33023
x 0 33024
p 0 191 33024
x 0 33025
p 0 194 33025
x 0 33026
p 0 301 33026
x 0 33027
p 0 313 33027
x 0 33028
p 0 300 33028
x 0 33029
p 0 232 33029
x 0 33030
p 0 192 33030
x 0 33031
p 0 227 33031
x 0 33032
p 0 194 33032
x 0 33033
p 0 310 33033
x 0 33034
p 0 297 33034
x 0 33035
p 0 253 33035
x 0 33036
p 0 193 33036
x 0 33037
p 0 196 33037
x 0 33038
p 0 214 33038
x 0 33039
p 0 226 33039
x 0 33040
p 0 194 33040
x 0 33041
p 0 246 33041
x 0 33042
p 0 193 33042
x 0 33043
p 0 223 33043
x 0 33044
p 0 262 33044
x 0 33045
p 0 191 33045
x 0 33046
p 0 192 33046
x 0 33047
p 0 192 33047
x 0 33048
p 0 196 33048
x 0 33049
p 0 173 33049
x 0 33050
p 0 192 33050
x 0 33051
p 0 195 33051
x 0 33052
p 0 220 33052
x 0 33053
p 0 201 33053
x 0 33054
p 0 301 33054
x 0 33055
p 0 237 33055
x 0 33056
p 0 222 33056
x 0 33057
p 0 198 33057
x 0 33058
p 0 198 33058
x 0 33059
p 0 197 33059
x 0 33060
p 0 222 33060
x 0 33000
h 0 10.0.0.13
p 0 5332 33000
x 1 33001
h 1 10.0.0.13
p 1 520 33001
x 0 33002
p 0 216 33002
x 0 33003
p 0 212 33003
x 0 33004
p 0 195 33004
x 0 33005
p 0 191 33005
x 0 33006
p 0 225 33006
x 0 33007
p 0 209 33007
x 0 33008
p 0 196 33008
x 0 33009
p 0 202 33009
x 0 33010
p 0 199 33010
x 0 33011
p 0 202 33011
x 0 33012
p 0 201 33012
x 0 33013
p 0 227 33013
x 0 33014
p 0 190 33014
x 0 33015
p 0 191 33015
x 0 33016
p 0 202 33016
x 0 33017
p 0 195 33017
x 0 33018
p 0 191 33018
x 0 33019
p 0 194 33019
x 0 33020
p 0 221 33020
x 0 33021
p 0 206 33021
x 0 33022
p 0 240 33022
x 0 33023
p 0 200 33023
x 0 33024
p 0 190 33024
x 0 33025
p 0 247 33025
x 0 33026
p 0 202 33026
x 0 33027
p 0 197 33027
x 0 33028
p 0 206 33028
x 0 33029
p 0 238 33029
x 0 33030
p 0 192 33030
x 0 33031
p 0 203 33031
x 0 33032
p 0 200 33032
x 0 33033
p 0 192 33033
x 0 33034
p 0 194 33034
x 0 33035
p 0 194 33035
x 0 33036
p 0 234 33036
x 0 33037
p 0 194 33037
x 0 33038
p 0 196 33038
x 0 33039
p 0 191 33039
x 0 33040
p 0 192 33040
x 0 33041
p 0 196 33041
x 0 33042
p 0 194 33042
x 0 33043
p 0 230 33043
x 0 33044
p 0 193 33044
x 0 33045
p 0 190 33045
x 0 33046
p 0 199 33046
x 0 33047
p 0 202 33047
x 0 33048
p 0 103 33048
x 0 33049
p 0 224 33049
x 0 33050
p 0 192 33050
x 0 33051
p 0 194 33051
x 0 33052
p 0 194 33052
x 0 33053
p 0 263 33053
x 0 33054
p 0 190 33054
x 0 33055
p 0 191 33055
x 0 33056
p 0 219 33056
x 0 33057
p 0 76 33057
x 0 33058
p 0 192 33058
x 0 33059
p 0 195 33059
x 0 33060
p 0 156 33060
x 0 33000
h 0 10.0.0.13
p 0 812 33000
x 1 33001
h 1 10.0.0.13
p 1 190 33001
x 0 33002
p 0 148 33002
x 0 33003
p 0 190 33003
x 0 33004
p 0 192 33004
x 0 33005
p 0 223 33005
x 0 33006
p 0 189 33006
x 0 33007
p 0 191 33007
x 0 33008
p 0 189 33008
x 0 33009
p 0 223 33009
x 0 33010
p 0 191 33010
x 0 33011
p 0 192 33011
x 0 33012
p 0 192 33012
x 0 33013
p 0 217 33013
x 0 33014
p 0 189 33014
x 0 33015
p 0 191 33015
x 0 33016
p 0 193 33016
x 0 33017
p 0 217 33017
x 0 33018
p 0 189 33018
x 0 33019
p 0 189 33019
x 0 33020
p 0 190 33020
x 0 33021
p 0 216 33021
x 0 33022
p 0 192 33022
x 0 33023
p 0 192 33023
x 0 33024
p 0 191 33024
x 0 33025
p 0 217 33025
x 0 33026
p 0 189 33026
x 0 33027
p 0 191 33027
x 0 33028
p 0 190 33028
x 0 33029
p 0 189 33029
x 0 33030
p 0 218 33030
x 0 33031
p 0 190 33031
x 0 33032
p 0 190 33032
x 0 33033
p 0 189 33033
x 0 33034
p 0 218 33034
x 0 33035
p 0 188 33035
x 0 33036
p 0 190 33036
x 0 33037
p 0 189 33037
x 0 33038
p 0 222 33038
x 0 33039
p 0 190 33039
x 0 33040
p 0 190 33040
x 0 33041
p 0 191 33041
x 0 33042
p 0 220 33042
x 0 33043
p 0 189 33043
x 0 33044
p 0 189 33044
x 0 33045
p 0 190 33045
x 0 33046
p 0 191 33046
x 0 33047
p 0 217 33047
x 0 33048
p 0 189 33048
x 0 33049
p 0 187 33049
x 0 33050
p 0 189 33050
x 0 33051
p 0 225 33051
x 0 33052
p 0 189 33052
x 0 33053
p 0 189 33053
x 0 33054
p 0 191 33054
x 0 33055
p 0 191 33055
x 0 33056
p 0 189 33056
x 0 33057
p 0 172 33057
x 0 33058
p 0 189 33058
x 0 33059
p 0 189 33059
x 0 33060
p 0 89 33060
x 0 33000
h 0 10.0.0.13
p 0 15870 33000
x 1 33001
h 1 10.0.0.13
p 1 473 33001
x 0 33002
p 0 164 33002
x 0 33003
p 0 204 33003
x 0 33004
p 0 156 33004
x 0 33005
p 0 202 33005
x 0 33006
p 0 267 33006
x 0 33007
p 0 234 33007
x 0 33008
p 0 192 33008
x 0 33009
p 0 193 33009
x 0 33010
p 0 197 33010
x 0 33011
p 0 229 33011
x 0 33012
p 0 194 33012
x 0 33013
p 0 193 33013
x 0 33014
p 0 195 33014
x 0 33015
p 0 224 33015
x 0 33016
p 0 192 33016
x 0 33017
p 0 196 33017
x 0 33018
p 0 192 33018
x 0 33019
p 0 125 33019
x 0 33020
p 0 199 33020
x 0 33021
p 0 196 33021
x 0 33022
p 0 194 33022
x 0 33023
p 0 193 33023
x 0 33024
p 0 192 33024
x 0 33025
p 0 197 33025
x 0 33026
p 0 359 33026
x 0 33027
p 0 301 33027
x 0 33028
p 0 317 33028
x 0 33029
p 0 194 33029
x 0 33030
p 0 197 33030
x 0 33031
p 0 225 33031
x 0 33032
p 0 197 33032
x 0 33033
p 0 191 33033
x 0 33034
p 0 191 33034
x 0 33035
p 0 338 33035
x 0 33036
p 0 192 33036
x 0 33037
p 0 194 33037
x 0 33038
p 0 246 33038
x 0 33039
p 0 228 33039
x 0 33040
p 0 196 33040
x 0 33041
p 0 152 33041
x 0 33042
p 0 197 33042
x 0 33043
p 0 190 33043
x 0 33044
p 0 91 33044
x 0 33045
p 0 195 33045
x 0 33046
p 0 194 33046
x 0 33047
p 0 167 33047
x 0 33048
p 0 192 33048
x 0 33049
p 0 190 33049
x 0 33050
p 0 218 33050
x 0 33051
p 0 228 33051
x 0 33052
p 0 192 33052
x 0 33053
p 0 194 33053
x 0 33054
p 0 280 33054
x 0 33055
p 0 226 33055
x 0 33056
p 0 173 33056
x 0 33057
p 0 194 33057
x 0 33058
p 0 192 33058
x 0 33059
p 0 190 33059
x 0 33060
p 0 193 33060
x 0 33000
h 0 10.0.0.13
p 0 643 33000
x 1 33001
h 1 10.0.0.13
p 1 193 33001
x 0 33002
p 0 208 33002
x 0 33003
p 0 193 33003
x 0 33004
p 0 217 33004
x 0 33005
p 0 191 33005
x 0 33006
p 0 194 33006
x 0 33007
p 0 192 33007
x 0 33008
p 0 222 33008
x 0 33009
p 0 192 33009
x 0 33010
p 0 195 33010
x 0 33011
p 0 195 33011
x 0 33012
p 0 224 33012
x 0 33013
p 0 192 33013
x 0 33014
p 0 195 33014
x 0 33015
p 0 193 33015
x 0 33016
p 0 192 33016
x 0 33017
p 0 221 33017
x 0 33018
p 0 191 33018
x 0 33019
p 0 256 33019
x 0 33020
p 0 198 33020
x 0 33021
p 0 219 33021
x 0 33022
p 0 192 33022
x 0 33023
p 0 427 33023
x 0 33024
p 0 339 33024
x 0 33025
p 0 357 33025
x 0 33026
p 0 416 33026
x 0 33027
p 0 280 33027
x 0 33028
p 0 196 33028
x 0 33029
p 0 252 33029
x 0 33030
p 0 198 33030
x 0 33031
p 0 194 33031
x 0 33032
p 0 196 33032
x 0 33033
p 0 198 33033
x 0 33034
p 0 92 33034
x 0 33035
p 0 196 33035
x 0 33036
p 0 198 33036
x 0 33037
p 0 102 33037
x 0 33038
p 0 196 33038
x 0 33039
p 0 194 33039
x 0 33040
p 0 193 33040
x 0 33041
p 0 193 33041
x 0 33042
p 0 197 33042
x 0 33043
p 0 196 33043
x 0 33044
p 0 173 33044
x 0 33045
p 0 233 33045
x 0 33046
p 0 194 33046
x 0 33047
p 0 196 33047
x 0 33048
p 0 195 33048
x 0 33049
p 0 235 33049
x 0 33050
p 0 196 33050
x 0 33051
p 0 193 33051
x 0 33052
p 0 197 33052
x 0 33053
p 0 232 33053
x 0 33054
p 0 192 33054
x 0 33055
p 0 192 33055
x 0 33056
p 0 193 33056
x 0 33057
p 0 232 33057
x 0 33058
p 0 194 33058
x 0 33059
p 0 194 33059
x 0 33060
p 0 193 33060
x 0 33000
h 0 10.0.0.13
p 0 6571 33000
x 1 33001
h 1 10.0.0.13
p 1 398 33001
x 0 33002
p 0 176 33002
x 0 33003
p 0 163 33003
x 0 33004
p 0 260 33004
x 0 33005
p 0 323 33005
x 0 33006
p 0 195 33006
x 0 33007
p 0 164 33007
x 0 33008
p 0 200 33008
x 0 33009
p 0 206 33009
x 0 33010
p 0 212 33010
x 0 33011
p 0 184 33011
x 0 33012
p 0 206 33012
x 0 33013
p 0 204 33013
x 0 33014
p 0 204 33014
x 0 33015
p 0 201 33015
x 0 33016
p 0 239 33016
x 0 33017
p 0 202 33017
x 0 33018
p 0 205 33018
x 0 33019
p 0 203 33019
x 0 33020
p 0 201 33020
x 0 33021
p 0 203 33021
x 0 33022
p 0 209 33022
x 0 33023
p 0 202 33023
x 0 33024
p 0 199 33024
x 0 33025
p 0 197 33025
x 0 33026
p 0 205 33026
x 0 33027
p 0 201 33027
x 0 33028
p 0 264 33028
x 0 33029
p 0 159 33029
x 0 33030
p 0 204 33030
x 0 33031
p 0 204 33031
x 0 33032
p 0 205 33032
x 0 33033
p 0 265 33033
x 0 33034
p 0 234 33034
x 0 33035
p 0 243 33035
x 0 33036
p 0 202 33036
x 0 33037
p 0 206 33037
x 0 33038
p 0 204 33038
x 0 33039
p 0 203 33039
x 0 33040
p 0 200 33040
x 0 33041
p 0 252 33041
x 0 33042
p 0 202 33042
x 0 33043
p 0 201 33043
x 0 33044
p 0 204 33044
x 0 33045
p 0 204 33045
x 0 33046
p 0 270 33046
x 0 33047
p 0 206 33047
x 0 33048
p 0 206 33048
x 0 33049
p 0 203 33049
x 0 33050
p 0 279 33050
x 0 33051
p 0 237 33051
x 0 33052
p 0 245 33052
x 0 33053
p 0 250 33053
x 0 33054
p 0 205 33054
x 0 33055
p 0 203 33055
x 0 33056
p 0 130 33056
x 0 33057
p 0 295 33057
x 0 33058
p 0 201 33058
x 0 33059
p 0 230 33059
x 0 33060
p 0 209 33060
x 0 33000
h 0 10.0.0.13
p 0 639 33000
x 1 33001
h 1 10.0.0.13
p 1 199 33001
x 0 33002
p 0 221 33002
x 0 33003
p 0 204 33003
x 0 33004
p 0 160 33004
x 0 33005
p 0 202 33005
x 0 33006
p 0 202 33006
x 0 33007
p 0 236 33007
x 0 33008
p 0 202 33008
x 0 33009
p 0 204 33009
x 0 33010
p 0 200 33010
x 0 33011
p 0 231 33011
x 0 33012
p 0 202 33012
x 0 33013
p 0 201 33013
x 0 33014
p 0 202 33014
x 0 33015
p 0 238 33015
x 0 33016
p 0 201 33016
x 0 33017
p 0 919 33017
x 0 33018
p 0 196 33018
x 0 33019
p 0 230 33019
x 0 33020
p 0 194 33020
x 0 33021
p 0 175 33021
x 0 33022
p 0 200 33022
x 0 33023
p 0 232 33023
x 0 33024
p 0 126 33024
x 0 33025
p 0 199 33025
x 0 33026
p 0 199 33026
x 0 33027
p 0 236 33027
x 0 33028
p 0 200 33028
x 0 33029
p 0 200 33029
x 0 33030
p 0 206 33030
x 0 33031
p 0 233 33031
x 0 33032
p 0 203 33032
x 0 33033
p 0 203 33033
x 0 33034
p 0 204 33034
x 0 33035
p 0 225 33035
x 0 33036
p 0 196 33036
x 0 33037
p 0 200 33037
x 0 33038
p 0 200 33038
x 0 33039
p 0 201 33039
x 0 33040
p 0 199 33040
x 0 33041
p 0 736 33041
x 0 33042
p 0 200 33042
x 0 33043
p 0 236 33043
x 0 33044
p 0 203 33044
x 0 33045
p 0 198 33045
x 0 33046
p 0 198 33046
x 0 33047
p 0 160 33047
x 0 33048
p 0 165 33048
x 0 33049
p 0 159 33049
x 0 33050
p 0 186 33050
x 0 33051
p 0 175 33051
x 0 33052
p 0 243 33052
x 0 33053
p 0 200 33053
x 0 33054
p 0 198 33054
x 0 33055
p 0 227 33055
x 0 33056
p 0 197 33056
x 0 33057
p 0 201 33057
x 0 33058
p 0 201 33058
x 0 33059
p 0 241 33059
x 0 33060
p 0 202 33060
x 0 33000
h 0 10.0.0.13
p 0 3923 33000
x 1 33001
h 1 10.0.0.13
p 1 459 33001
x 0 33002
p 0 141 33002
x 0 33003
p 0 160 33003
x 0 33004
p 0 195 33004
x 0 33005
p 0 142 33005
x 0 33006
p 0 158 33006
x 0 33007
p 0 213 33007
x 0 33008
p 0 208 33008
x 0 33009
p 0 203 33009
x 0 33010
p 0 203 33010
x 0 33011
p 0 204 33011
x 0 33012
p 0 205 33012
x 0 33013
p 0 202 33013
x 0 33014
p 0 206 33014
x 0 33015
p 0 203 33015
x 0 33016
p 0 206 33016
x 0 33017
p 0 205 33017
x 0 33018
p 0 205 33018
x 0 33019
p 0 204 33019
x 0 33020
p 0 206 33020
x 0 33021
p 0 241 33021
x 0 33022
p 0 212 33022
x 0 33023
p 0 203 33023
x 0 33024
p 0 205 33024
x 0 33025
p 0 206 33025
x 0 33026
p 0 205 33026
x 0 33027
p 0 212 33027
x 0 33028
p 0 208 33028
x 0 33029
p 0 309 33029
x 0 33030
p 0 208 33030
x 0 33031
p 0 209 33031
x 0 33032
p 0 212 33032
x 0 33033
p 0 238 33033
x 0 33034
p 0 205 33034
x 0 33035
p 0 201 33035
x 0 33036
p 0 204 33036
x 0 33037
p 0 203 33037
x 0 33038
p 0 201 33038
x 0 33039
p 0 203 33039
x 0 33040
p 0 204 33040
x 0 33041
p 0 205 33041
x 0 33042
p 0 216 33042
x 0 33043
p 0 210 33043
x 0 33044
p 0 174 33044
x 0 33045
p 0 205 33045
x 0 33046
p 0 207 33046
x 0 33047
p 0 295 33047
x 0 33048
p 0 206 33048
x 0 33049
p 0 241 33049
x 0 33050
p 0 205 33050
x 0 33051
p 0 253 33051
x 0 33052
p 0 187 33052
x 0 33053
p 0 321 33053
x 0 33054
p 0 287 33054
x 0 33055
p 0 210 33055
x 0 33056
p 0 175 33056
x 0 33057
p 0 203 33057
x 0 33058
p 0 207 33058
x 0 33059
p 0 245 33059
x 0 33060
p 0 285 33060
x 0 33000
h 0 10.0.0.13
p 0 528 33000
x 1 33001
h 1 10.0.0.13
p 1 319 33001
x 0 33002
p 0 113 33002
x 0 33003
p 0 194 33003
x 0 33004
p 0 199 33004
x 0 33005
p 0 200 33005
x 0 33006
p 0 178 33006
x 0 33007
p 0 170 33007
x 0 33008
p 0 168 33008
x 0 33009
p 0 172 33009
x 0 33010
p 0 167 33010
x 0 33011
p 0 164 33011
x 0 33012
p 0 169 33012
x 0 33013
p 0 169 33013
x 0 33014
p 0 166 33014
x 0 33015
p 0 173 33015
x 0 33016
p 0 165 33016
x 0 33017
p 0 165 33017
x 0 33018
p 0 163 33018
x 0 33019
p 0 176 33019
x 0 33020
p 0 167 33020
x 0 33021
p 0 166 33021
x 0 33022
p 0 166 33022
x 0 33023
p 0 177 33023
x 0 33024
p 0 167 33024
x 0 33025
p 0 169 33025
x 0 33026
p 0 169 33026
x 0 33027
p 0 167 33027
x 0 33028
p 0 165 33028
x 0 33029
p 0 167 33029
x 0 33030
p 0 167 33030
x 0 33031
p 0 177 33031
x 0 33032
p 0 97 33032
x 0 33033
p 0 168 33033
x 0 33034
p 0 167 33034
x 0 33035
p 0 213 33035
x 0 33036
p 0 175 33036
x 0 33037
p 0 171 33037
x 0 33038
p 0 167 33038
x 0 33039
p 0 168 33039
x 0 33040
p 0 170 33040
x 0 33041
p 0 172 33041
x 0 33042
p 0 170 33042
x 0 33043
p 0 165 33043
x 0 33044
p 0 221 33044
x 0 33045
p 0 166 33045
x 0 33046
p 0 166 33046
x 0 33047
p 0 164 33047
x 0 33048
p 0 164 33048
x 0 33049
p 0 167 33049
x 0 33050
p 0 164 33050
x 0 33051
p 0 162 33051
x 0 33052
p 0 163 33052
x 0 33053
p 0 167 33053
x 0 33054
p 0 167 33054
x 0 33055
p 0 167 33055
x 0 33056
p 0 180 33056
x 0 33057
p 0 166 33057
x 0 33058
p 0 166 33058
x 0 33059
p 0 175 33059
x 0 33060
p 0 197 33060
x 0 33000
h 0 10.0.0.13
p 0 9103 33000
x 1 33001
h 1 10.0.0.13
p 1 611 33001
x 0 33002
p 0 211 33002
x 0 33003
p 0 198 33003
x 0 33004
p 0 203 33004
x 0 33005
p 0 182 33005
x 0 33006
p 0 200 33006
x 0 33007
p 0 195 33007
x 0 33008
p 0 194 33008
x 0 33009
p 0 199 33009
x 0 33010
p 0 173 33010
x 0 33011
p 0 145 33011
x 0 33012
p 0 144 33012
x 0 33013
p 0 147 33013
x 0 33014
p 0 145 33014
x 0 33015
p 0 98 33015
x 0 33016
p 0 145 33016
x 0 33017
p 0 145 33017
x 0 33018
p 0 142 33018
x 0 33019
p 0 145 33019
x 0 33020
p 0 232 33020
x 0 33021
p 0 548 33021
x 0 33022
p 0 390 33022
x 0 33023
p 0 589 33023
x 0 33024
p 0 199 33024
x 0 33025
p 0 197 33025
x 0 33026
p 0 144 33026
x 0 33027
p 0 144 33027
x 0 33028
p 0 201 33028
x 0 33029
p 0 198 33029
x 0 33030
p 0 180 33030
x 0 33031
p 0 1316 33031
x 0 33032
p 0 194 33032
x 0 33033
p 0 296 33033
x 0 33034
p 0 227 33034
x 0 33035
p 0 1213 33035
x 0 33036
p 0 292 33036
x 0 33037
p 0 196 33037
x 0 33038
p 0 705 33038
x 0 33039
p 0 194 33039
x 0 33040
p 0 499 33040
x 0 33041
p 0 196 33041
x 0 33042
p 0 246 33042
x 0 33043
p 0 307 33043
x 0 33044
p 0 337 33044
x 0 33045
p 0 317 33045
x 0 33046
p 0 145 33046
x 0 33047
p 0 278 33047
x 0 33048
p 0 300 33048
x 0 33049
p 0 322 33049
x 0 33050
p 0 201 33050
x 0 33051
p 0 195 33051
x 0 33052
p 0 304 33052
x 0 33053
p 0 271 33053
x 0 33054
p 0 202 33054
x 0 33055
p 0 203 33055
x 0 33056
p 0 205 33056
x 0 33057
p 0 200 33057
x 0 33058
p 0 201 33058
x 0 33059
p 0 200 33059
x 0 33060
p 0 202 33060
x 0 33000
h 0 10.0.0.13
p 0 703 33000
x 1 33001
h 1 10.0.0.13
p 1 155 33001
x 0 33002
p 0 123 33002
x 0 33003
p 0 157 33003
x 0 33004
p 0 157 33004
x 0 33005
p 0 194 33005
x 0 33006
p 0 247 33006
x 0 33007
p 0 241 33007
x 0 33008
p 0 199 33008
x 0 33009
p 0 209 33009
x 0 33010
p 0 362 33010
x 0 33011
p 0 359 33011
x 0 33012
p 0 368 33012
x 0 33013
p 0 392 33013
x 0 33014
p 0 389 33014
x 0 33015
p 0 194 33015
x 0 33016
p 0 278 33016
x 0 33017
p 0 202 33017
x 0 33018
p 0 220 33018
x 0 33019
p 0 194 33019
x 0 33020
p 0 192 33020
x 0 33021
p 0 229 33021
x 0 33022
p 0 201 33022
x 0 33023
p 0 193 33023
x 0 33024
p 0 197 33024
x 0 33025
p 0 190 33025
x 0 33026
p 0 196 33026
x 0 33027
p 0 190 33027
x 0 33028
p 0 199 33028
x 0 33029
p 0 206 33029
x 0 33030
p 0 218 33030
x 0 33031
p 0 235 33031
x 0 33032
p 0 191 33032
x 0 33033
p 0 190 33033
x 0 33034
p 0 191 33034
x 0 33035
p 0 280 33035
x 0 33036
p 0 195 33036
x 0 33037
p 0 195 33037
x 0 33038
p 0 194 33038
x 0 33039
p 0 194 33039
x 0 33040
p 0 190 33040
x 0 33041
p 0 196 33041
x 0 33042
p 0 195 33042
x 0 33043
p 0 221 33043
x 0 33044
p 0 194 33044
x 0 33045
p 0 197 33045
x 0 33046
p 0 200 33046
x 0 33047
p 0 195 33047
x 0 33048
p 0 195 33048
x 0 33049
p 0 191 33049
x 0 33050
p 0 221 33050
x 0 33051
p 0 193 33051
x 0 33052
p 0 191 33052
x 0 33053
p 0 192 33053
x 0 33054
p 0 190 33054
x 0 33055
p 0 194 33055
x 0 33056
p 0 191 33056
x 0 33057
p 0 193 33057
x 0 33058
p 0 192 33058
x 0 33059
p 0 192 33059
x 0 33060
p 0 193 33060
x 0 33000
h 0 10.0.0.13
p 0 3463 33000
x 1 33001
h 1 10.0.0.13
p 1 501 33001
x 0 33002
p 0 186 33002
x 0 33003
p 0 195 33003
x 0 33004
p 0 193 33004
x 0 33005
p 0 216 33005
x 0 33006
p 0 200 33006
x 0 33007
p 0 194 33007
x 0 33008
p 0 196 33008
x 0 33009
p 0 197 33009
x 0 33010
p 0 193 33010
x 0 33011
p 0 285 33011
x 0 33012
p 0 195 33012
x 0 33013
p 0 221 33013
x 0 33014
p 0 215 33014
x 0 33015
p 0 193 33015
x 0 33016
p 0 196 33016
x 0 33017
p 0 197 33017
x 0 33018
p 0 194 33018
x 0 33019
p 0 287 33019
x 0 33020
p 0 161 33020
x 0 33021
p 0 198 33021
x 0 33022
p 0 297 33022
x 0 33023
p 0 196 33023
x 0 33024
p 0 157 33024
x 0 33025
p 0 299 33025
x 0 33026
p 0 292 33026
x 0 33027
p 0 158 33027
x 0 33028
p 0 160 33028
x 0 33029
p 0 195 33029
x 0 33030
p 0 161 33030
x 0 33031
p 0 164 33031
x 0 33032
p 0 161 33032
x 0 33033
p 0 194 33033
x 0 33034
p 0 159 33034
x 0 33035
p 0 160 33035
x 0 33036
p 0 159 33036
x 0 33037
p 0 160 33037
x 0 33038
p 0 160 33038
x 0 33039
p 0 160 33039
x 0 33040
p 0 160 33040
x 0 33041
p 0 159 33041
x 0 33042
p 0 157 33042
x 0 33043
p 0 171 33043
x 0 33044
p 0 144 33044
x 0 33045
p 0 153 33045
x 0 33046
p 0 154 33046
x 0 33047
p 0 146 33047
x 0 33048
p 0 198 33048
x 0 33049
p 0 206 33049
x 0 33050
p 0 201 33050
x 0 33051
p 0 202 33051
x 0 33052
p 0 198 33052
x 0 33053
p 0 199 33053
x 0 33054
p 0 293 33054
x 0 33055
p 0 249 33055
x 0 33056
p 0 186 33056
x 0 33057
p 0 199 33057
x 0 33058
p 0 198 33058
x 0 33059
p 0 197 33059
x 0 33060
p 0 199 33060
x 0 33000
h 0 10.0.0.13
p 0 446 33000
x 1 33001
h 1 10.0.0.13
p 1 190 33001
x 0 33002
p 0 109 33002
x 0 33003
p 0 178 33003
x 0 33004
p 0 159 33004
x 0 33005
p 0 160 33005
x 0 33006
p 0 159 33006
x 0 33007
p 0 166 33007
x 0 33008
p 0 162 33008
x 0 33009
p 0 195 33009
x 0 33010
p 0 158 33010
x 0 33011
p 0 162 33011
x 0 33012
p 0 162 33012
x 0 33013
p 0 193 33013
x 0 33014
p 0 162 33014
x 0 33015
p 0 161 33015
x 0 33016
p 0 163 33016
x 0 33017
p 0 193 33017
x 0 33018
p 0 158 33018
x 0 33019
p 0 163 33019
x 0 33020
p 0 165 33020
x 0 33021
p 0 165 33021
x 0 33022
p 0 158 33022
x 0 33023
p 0 199 33023
x 0 33024
p 0 190 33024
x 0 33025
p 0 193 33025
x 0 33026
p 0 208 33026
x 0 33027
p 0 192 33027
x 0 33028
p 0 153 33028
x 0 33029
p 0 150 33029
x 0 33030
p 0 157 33030
x 0 33031
p 0 191 33031
x 0 33032
p 0 191 33032
x 0 33033
p 0 195 33033
x 0 33034
p 0 196 33034
x 0 33035
p 0 193 33035
x 0 33036
p 0 151 33036
x 0 33037
p 0 150 33037
x 0 33038
p 0 153 33038
x 0 33039
p 0 164 33039
x 0 33040
p 0 150 33040
x 0 33041
p 0 150 33041
x 0 33042
p 0 164 33042
x 0 33043
p 0 163 33043
x 0 33044
p 0 146 33044
x 0 33045
p 0 187 33045
x 0 33046
p 0 149 33046
x 0 33047
p 0 160 33047
x 0 33048
p 0 165 33048
x 0 33049
p 0 163 33049
x 0 33050
p 0 159 33050
x 0 33051
p 0 163 33051
x 0 33052
p 0 192 33052
x 0 33053
p 0 194 33053
x 0 33054
p 0 194 33054
x 0 33055
p 0 193 33055
x 0 33056
p 0 149 33056
x 0 33057
p 0 149 33057
x 0 33058
p 0 194 33058
x 0 33059
p 0 194 33059
x 0 33060
p 0 193 33060
x 0 33000
h 0 10.0.0.13
p 0 10080 33000
x 1 33001
h 1 10.0.0.13
p 1 517 33001
x 0 33002
p 0 198 33002
x 0 33003
p 0 196 33003
x 0 33004
p 0 201 33004
x 0 33005
p 0 237 33005
x 0 33006
p 0 192 33006
x 0 33007
p 0 159 33007
x 0 33008
p 0 193 33008
x 0 33009
p 0 190 33009
x 0 33010
p 0 191 33010
x 0 33011
p 0 158 33011
x 0 33012
p 0 193 33012
x 0 33013
p 0 192 33013
x 0 33014
p 0 93 33014
x 0 33015
p 0 191 33015
x 0 33016
p 0 194 33016
x 0 33017
p 0 192 33017
x 0 33018
p 0 233 33018
x 0 33019
p 0 191 33019
x 0 33020
p 0 155 33020
x 0 33021
p 0 421 33021
x 0 33022
p 0 353 33022
x 0 33023
p 0 191 33023
x 0 33024
p 0 243 33024
x 0 33025
p 0 308 33025
x 0 33026
p 0 275 33026
x 0 33027
p 0 194 33027
x 0 33028
p 0 154 33028
x 0 33029
p 0 297 33029
x 0 33030
p 0 311 33030
x 0 33031
p 0 358 33031
x 0 33032
p 0 155 33032
x 0 33033
p 0 198 33033
x 0 33034
p 0 194 33034
x 0 33035
p 0 363 33035
x 0 33036
p 0 156 33036
x 0 33037
p 0 309 33037
x 0 33038
p 0 196 33038
x 0 33039
p 0 196 33039
x 0 33040
p 0 161 33040
x 0 33041
p 0 160 33041
x 0 33042
p 0 192 33042
x 0 33043
p 0 155 33043
x 0 33044
p 0 156 33044
x 0 33045
p 0 159 33045
x 0 33046
p 0 157 33046
x 0 33047
p 0 158 33047
x 0 33048
p 0 156 33048
x 0 33049
p 0 160 33049
x 0 33050
p 0 143 33050
x 0 33051
p 0 161 33051
x 0 33052
p 0 193 33052
x 0 33053
p 0 191 33053
x 0 33054
p 0 162 33054
x 0 33055
p 0 162 33055
x 0 33056
p 0 193 33056
x 0 33057
p 0 191 33057
x 0 33058
p 0 192 33058
x 0 33059
p 0 240 33059
x 0 33060
p 0 192 33060
x 0 33000
h 0 10.0.0.13
p 0 358 33000
x 1 33001
h 1 10.0.0.13
p 1 192 33001
x 0 33002
p 0 167 33002
x 0 33003
p 0 196 33003
x 0 33004
p 0 174 33004
x 0 33005
p 0 176 33005
x 0 33006
p 0 193 33006
x 0 33007
p 0 100 33007
x 0 33008
p 0 191 33008
x 0 33009
p 0 192 33009
x 0 33010
p 0 258 33010
x 0 33011
p 0 191 33011
x 0 33012
p 0 226 33012
x 0 33013
p 0 194 33013
x 0 33014
p 0 192 33014
x 0 33015
p 0 191 33015
x 0 33016
p 0 191 33016
x 0 33017
p 0 193 33017
x 0 33018
p 0 191 33018
x 0 33019
p 0 191 33019
x 0 33020
p 0 191 33020
x 0 33021
p 0 192 33021
x 0 33022
p 0 172 33022
x 0 33023
p 0 187 33023
x 0 33024
p 0 190 33024
x 0 33025
p 0 191 33025
x 0 33026
p 0 193 33026
x 0 33027
p 0 191 33027
x 0 33028
p 0 193 33028
x 0 33029
p 0 193 33029
x 0 33030
p 0 191 33030
x 0 33031
p 0 191 33031
x 0 33032
p 0 223 33032
x 0 33033
p 0 194 33033
x 0 33034
p 0 192 33034
x 0 33035
p 0 192 33035
x 0 33036
p 0 193 33036
x 0 33037
p 0 193 33037
x 0 33038
p 0 192 33038
x 0 33039
p 0 194 33039
x 0 33040
p 0 192 33040
x 0 33041
p 0 198 33041
x 0 33042
p 0 195 33042
x 0 33043
p 0 197 33043
x 0 33044
p 0 197 33044
x 0 33045
p 0 196 33045
x 0 33046
p 0 195 33046
x 0 33047
p 0 195 33047
x 0 33048
p 0 192 33048
x 0 33049
p 0 196 33049
x 0 33050
p 0 195 33050
x 0 33051
p 0 191 33051
x 0 33052
p 0 191 33052
x 0 33053
p 0 192 33053
x 0 33054
p 0 194 33054
x 0 33055
p 0 192 33055
x 0 33056
p 0 192 33056
x 0 33057
p 0 174 33057
x 0 33058
p 0 192 33058
x 0 33059
p 0 192 33059
x 0 33060
p 0 191 33060
x 0 33000
h 0 10.0.0.13
p 0 4419 33000
x 1 33001
h 1 10.0.0.13
p 1 425 33001
x 0 33002
p 0 199 33002
x 0 33003
p 0 197 33003
x 0 33004
p 0 199 33004
x 0 33005
p 0 197 33005
x 0 33006
p 0 201 33006
x 0 33007
p 0 197 33007
x 0 33008
p 0 195 33008
x 0 33009
p 0 196 33009
x 0 33010
p 0 198 33010
x 0 33011
p 0 196 33011
x 0 33012
p 0 197 33012
x 0 33013
p 0 195 33013
x 0 33014
p 0 199 33014
x 0 33015
p 0 195 33015
x 0 33016
p 0 195 33016
x 0 33017
p 0 196 33017
x 0 33018
p 0 198 33018
x 0 33019
p 0 194 33019
x 0 33020
p 0 195 33020
x 0 33021
p 0 197 33021
x 0 33022
p 0 197 33022
x 0 33023
p 0 199 33023
x 0 33024
p 0 197 33024
x 0 33025
p 0 198 33025
x 0 33026
p 0 200 33026
x 0 33027
p 0 196 33027
x 0 33028
p 0 195 33028
x 0 33029
p 0 197 33029
x 0 33030
p 0 199 33030
x 0 33031
p 0 197 33031
x 0 33032
p 0 192 33032
x 0 33033
p 0 192 33033
x 0 33034
p 0 194 33034
x 0 33035
p 0 196 33035
x 0 33036
p 0 234 33036
x 0 33037
p 0 193 33037
x 0 33038
p 0 197 33038
x 0 33039
p 0 195 33039
x 0 33040
p 0 192 33040
x 0 33041
p 0 193 33041
x 0 33042
p 0 197 33042
x 0 33043
p 0 197 33043
x 0 33044
p 0 191 33044
x 0 33045
p 0 195 33045
x 0 33046
p 0 198 33046
x 0 33047
p 0 192 33047
x 0 33048
p 0 191 33048
x 0 33049
p 0 193 33049
x 0 33050
p 0 193 33050
x 0 33051
p 0 194 33051
x 0 33052
p 0 213 33052
x 0 33053
p 0 199 33053
x 0 33054
p 0 197 33054
x 0 33055
p 0 196 33055
x 0 33056
p 0 195 33056
x 0 33057
p 0 193 33057
x 0 33058
p 0 195 33058
x 0 33059
p 0 193 33059
x 0 33060
p 0 120 33060
x 0 33000
h 0 10.0.0.13
p 0 522 33000
x 1 33001
h 1 10.0.0.13
p 1 195 33001
x 0 33002
p 0 179 33002
x 0 33003
p 0 236 33003
x 0 33004
p 0 197 33004
x 0 33005
p 0 198 33005
x 0 33006
p 0 195 33006
x 0 33007
p 0 221 33007
x 0 33008
p 0 206 33008
x 0 33009
p 0 192 33009
x 0 33010
p 0 191 33010
x 0 33011
p 0 193 33011
x 0 33012
p 0 192 33012
x 0 33013
p 0 192 33013
x 0 33014
p 0 194 33014
x 0 33015
p 0 189 33015
x 0 33016
p 0 190 33016
x 0 33017
p 0 192 33017
x 0 33018
p 0 194 33018
x 0 33019
p 0 191 33019
x 0 33020
p 0 191 33020
x 0 33021
p 0 191 33021
x 0 33022
p 0 193 33022
x 0 33023
p 0 272 33023
x 0 33024
p 0 221 33024
x 0 33025
p 0 192 33025
x 0 33026
p 0 192 33026
x 0 33027
p 0 195 33027
x 0 33028
p 0 191 33028
x 0 33029
p 0 190 33029
x 0 33030
p 0 221 33030
x 0 33031
p 0 220 33031
x 0 33032
p 0 221 33032
x 0 33033
p 0 191 33033
x 0 33034
p 0 191 33034
x 0 33035
p 0 235 33035
x 0 33036
p 0 191 33036
x 0 33037
p 0 219 33037
x 0 33038
p 0 193 33038
x 0 33039
p 0 223 33039
x 0 33040
p 0 261 33040
x 0 33041
p 0 192 33041
x 0 33042
p 0 230 33042
x 0 33043
p 0 194 33043
x 0 33044
p 0 192 33044
x 0 33045
p 0 150 33045
x 0 33046
p 0 193 33046
x 0 33047
p 0 192 33047
x 0 33048
p 0 296 33048
x 0 33049
p 0 277 33049
x 0 33050
p 0 79 33050
x 0 33051
p 0 256 33051
x 0 33052
p 0 169 33052
x 0 33053
p 0 294 33053
x 0 33054
p 0 297 33054
x 0 33055
p 0 295 33055
x 0 33056
p 0 287 33056
x 0 33057
p 0 220 33057
x 0 33058
p 0 199 33058
x 0 33059
p 0 198 33059
x 0 33060
p 0 196 33060
x 0 33000
h 0 10.0.0.13
p 0 24769 33000
x 1 33001
h 1 10.0.0.13
p 1 547 33001
x 0 33002
p 0 185 33002
x 0 33003
p 0 196 33003
x 0 33004
p 0 163 33004
x 0 33005
p 0 293 33005
x 0 33006
p 0 198 33006
x 0 33007
p 0 195 33007
x 0 33008
p 0 194 33008
x 0 33009
p 0 192 33009
x 0 33010
p 0 191 33010
x 0 33011
p 0 191 33011
x 0 33012
p 0 191 33012
x 0 33013
p 0 190 33013
x 0 33014
p 0 192 33014
x 0 33015
p 0 193 33015
x 0 33016
p 0 191 33016
x 0 33017
p 0 238 33017
x 0 33018
p 0 192 33018
x 0 33019
p 0 191 33019
x 0 33020
p 0 191 33020
x 0 33021
p 0 190 33021
x 0 33022
p 0 193 33022
x 0 33023
p 0 272 33023
x 0 33024
p 0 192 33024
x 0 33025
p 0 265 33025
x 0 33026
p 0 269 33026
x 0 33027
p 0 193 33027
x 0 33028
p 0 190 33028
x 0 33029
p 0 233 33029
x 0 33030
p 0 193 33030
x 0 33031
p 0 242 33031
x 0 33032
p 0 246 33032
x 0 33033
p 0 196 33033
x 0 33034
p 0 190 33034
x 0 33035
p 0 191 33035
x 0 33036
p 0 194 33036
x 0 33037
p 0 193 33037
x 0 33038
p 0 192 33038
x 0 33039
p 0 190 33039
x 0 33040
p 0 191 33040
x 0 33041
p 0 201 33041
x 0 33042
p 0 191 33042
x 0 33043
p 0 190 33043
x 0 33044
p 0 192 33044
x 0 33045
p 0 192 33045
x 0 33046
p 0 194 33046
x 0 33047
p 0 194 33047
x 0 33048
p 0 191 33048
x 0 33049
p 0 191 33049
x 0 33050
p 0 194 33050
x 0 33051
p 0 151 33051
x 0 33052
p 0 144 33052
x 0 33053
p 0 192 33053
x 0 33054
p 0 193 33054
x 0 33055
p 0 190 33055
x 0 33056
p 0 297 33056
x 0 33057
p 0 144 33057
x 0 33058
p 0 321 33058
x 0 33059
p 0 293 33059
x 0 33060
p 0 143 33060
x 0 33000
h 0 10.0.0.13
p 0 476 33000
x 1 33001
h 1 10.0.0.13
p 1 148 33001
x 0 33002
p 0 202 33002
x 0 33003
p 0 154 33003
x 0 33004
p 0 149 33004
x 0 33005
p 0 193 33005
x 0 33006
p 0 194 33006
x 0 33007
p 0 209 33007
x 0 33008
p 0 192 33008
x 0 33009
p 0 197 33009
x 0 33010
p 0 300 33010
x 0 33011
p 0 192 33011
x 0 33012
p 0 193 33012
x 0 33013
p 0 193 33013
x 0 33014
p 0 192 33014
x 0 33015
p 0 301 33015
x 0 33016
p 0 191 33016
x 0 33017
p 0 194 33017
x 0 33018
p 0 193 33018
x 0 33019
p 0 193 33019
x 0 33020
p 0 192 33020
x 0 33021
p 0 227 33021
x 0 33022
p 0 193 33022
x 0 33023
p 0 195 33023
x 0 33024
p 0 195 33024
x 0 33025
p 0 196 33025
x 0 33026
p 0 194 33026
x 0 33027
p 0 191 33027
x 0 33028
p 0 165 33028
x 0 33029
p 0 194 33029
x 0 33030
p 0 193 33030
x 0 33031
p 0 161 33031
x 0 33032
p 0 166 33032
x 0 33033
p 0 193 33033
x 0 33034
p 0 203 33034
x 0 33035
p 0 164 33035
x 0 33036
p 0 167 33036
x 0 33037
p 0 195 33037
x 0 33038
p 0 192 33038
x 0 33039
p 0 164 33039
x 0 33040
p 0 165 33040
x 0 33041
p 0 195 33041
x 0 33042
p 0 193 33042
x 0 33043
p 0 162 33043
x 0 33044
p 0 164 33044
x 0 33045
p 0 168 33045
x 0 33046
p 0 161 33046
x 0 33047
p 0 159 33047
x 0 33048
p 0 160 33048
x 0 33049
p 0 129 33049
x 0 33050
p 0 158 33050
x 0 33051
p 0 160 33051
x 0 33052
p 0 162 33052
x 0 33053
p 0 158 33053
x 0 33054
p 0 158 33054
x 0 33055
p 0 135 33055
x 0 33056
p 0 192 33056
x 0 33057
p 0 197 33057
x 0 33058
p 0 173 33058
x 0 33059
p 0 157 33059
x 0 33060
p 0 175 33060
x 0 33000
h 0 10.0.0.13
p 0 4866 33000
x 1 33001
h 1 10.0.0.13
p 1 438 33001
x 0 33002
p 0 162 33002
x 0 33003
p 0 179 33003
x 0 33004
p 0 157 33004
x 0 33005
p 0 195 33005
x 0 33006
p 0 196 33006
x 0 33007
p 0 194 33007
x 0 33008
p 0 286 33008
x 0 33009
p 0 165 33009
x 0 33010
p 0 193 33010
x 0 33011
p 0 192 33011
x 0 33012
p 0 192 33012
x 0 33013
p 0 233 33013
x 0 33014
p 0 193 33014
x 0 33015
p 0 239 33015
x 0 33016
p 0 282 33016
x 0 33017
p 0 194 33017
x 0 33018
p 0 193 33018
x 0 33019
p 0 192 33019
x 0 33020
p 0 192 33020
x 0 33021
p 0 297 33021
x 0 33022
p 0 195 33022
x 0 33023
p 0 193 33023
x 0 33024
p 0 282 33024
x 0 33025
p 0 282 33025
x 0 33026
p 0 194 33026
x 0 33027
p 0 192 33027
x 0 33028
p 0 189 33028
x 0 33029
p 0 189 33029
x 0 33030
p 0 192 33030
x 0 33031
p 0 192 33031
x 0 33032
p 0 254 33032
x 0 33033
p 0 106 33033
x 0 33034
p 0 193 33034
x 0 33035
p 0 191 33035
x 0 33036
p 0 164 33036
x 0 33037
p 0 163 33037
x 0 33038
p 0 159 33038
x 0 33039
p 0 165 33039
x 0 33040
p 0 164 33040
x 0 33041
p 0 164 33041
x 0 33042
p 0 165 33042
x 0 33043
p 0 162 33043
x 0 33044
p 0 192 33044
x 0 33045
p 0 193 33045
x 0 33046
p 0 195 33046
x 0 33047
p 0 192 33047
x 0 33048
p 0 192 33048
x 0 33049
p 0 194 33049
x 0 33050
p 0 194 33050
x 0 33051
p 0 192 33051
x 0 33052
p 0 157 33052
x 0 33053
p 0 191 33053
x 0 33054
p 0 193 33054
x 0 33055
p 0 192 33055
x 0 33056
p 0 190 33056
x 0 33057
p 0 191 33057
x 0 33058
p 0 193 33058
x 0 33059
p 0 191 33059
x 0 33060
p 0 243 33060
x 0 33000
h 0 10.0.0.13
p 0 570 33000
x 1 33001
h 1 10.0.0.13
p 1 195 33001
x 0 33002
p 0 209 33002
x 0 33003
p 0 202 33003
x 0 33004
p 0 202 33004
x 0 33005
p 0 199 33005
x 0 33006
p 0 196 33006
x 0 33007
p 0 224 33007
x 0 33008
p 0 198 33008
x 0 33009
p 0 215 33009
x 0 33010
p 0 194 33010
x 0 33011
p 0 258 33011
x 0 33012
p 0 194 33012
x 0 33013
p 0 196 33013
x 0 33014
p 0 192 33014
x 0 33015
p 0 193 33015
x 0 33016
p 0 193 33016
x 0 33017
p 0 195 33017
x 0 33018
p 0 194 33018
x 0 33019
p 0 263 33019
x 0 33020
p 0 196 33020
x 0 33021
p 0 197 33021
x 0 33022
p 0 193 33022
x 0 33023
p 0 199 33023
x 0 33024
p 0 194 33024
x 0 33025
p 0 194 33025
x 0 33026
p 0 194 33026
x 0 33027
p 0 255 33027
x 0 33028
p 0 192 33028
x 0 33029
p 0 194 33029
x 0 33030
p 0 196 33030
x 0 33031
p 0 251 33031
x 0 33032
p 0 269 33032
x 0 33033
p 0 314 33033
x 0 33034
p 0 268 33034
x 0 33035
p 0 306 33035
x 0 33036
p 0 196 33036
x 0 33037
p 0 196 33037
x 0 33038
p 0 197 33038
x 0 33039
p 0 303 33039
x 0 33040
p 0 159 33040
x 0 33041
p 0 295 33041
x 0 33042
p 0 325 33042
x 0 33043
p 0 292 33043
x 0 33044
p 0 192 33044
x 0 33045
p 0 194 33045
x 0 33046
p 0 223 33046
x 0 33047
p 0 255 33047
x 0 33048
p 0 192 33048
x 0 33049
p 0 191 33049
x 0 33050
p 0 193 33050
x 0 33051
p 0 192 33051
x 0 33052
p 0 307 33052
x 0 33053
p 0 194 33053
x 0 33054
p 0 194 33054
x 0 33055
p 0 192 33055
x 0 33056
p 0 193 33056
x 0 33057
p 0 193 33057
x 0 33058
p 0 427 33058
x 0 33059
p 0 158 33059
x 0 33060
p 0 208 33060
x 0 33000
h 0 10.0.0.13
p 0 12971 33000
x 1 33001
h 1 10.0.0.13
p 1 715 33001
x 0 33002
p 0 130 33002
x 0 33003
p 0 270 33003
x 0 33004
p 0 277 33004
x 0 33005
p 0 228 33005
x 0 33006
p 0 270 33006
x 0 33007
p 0 199 33007
x 0 33008
p 0 194 33008
x 0 33009
p 0 199 33009
x 0 33010
p 0 194 33010
x 0 33011
p 0 198 33011
x 0 33012
p 0 184 33012
x 0 33013
p 0 214 33013
x 0 33014
p 0 200 33014
x 0 33015
p 0 277 33015
x 0 33016
p 0 315 33016
x 0 33017
p 0 277 33017
x 0 33018
p 0 269 33018
x 0 33019
p 0 272 33019
x 0 33020
p 0 268 33020
x 0 33021
p 0 202 33021
x 0 33022
p 0 201 33022
x 0 33023
p 0 201 33023
x 0 33024
p 0 202 33024
x 0 33025
p 0 200 33025
x 0 33026
p 0 197 33026
x 0 33027
p 0 202 33027
x 0 33028
p 0 199 33028
x 0 33029
p 0 201 33029
x 0 33030
p 0 201 33030
x 0 33031
p 0 201 33031
x 0 33032
p 0 203 33032
x 0 33033
p 0 206 33033
x 0 33034
p 0 207 33034
x 0 33035
p 0 199 33035
x 0 33036
p 0 200 33036
x 0 33037
p 0 204 33037
x 0 33038
p 0 198 33038
x 0 33039
p 0 198 33039
x 0 33040
p 0 201 33040
x 0 33041
p 0 205 33041
x 0 33042
p 0 200 33042
x 0 33043
p 0 199 33043
x 0 33044
p 0 203 33044
x 0 33045
p 0 199 33045
x 0 33046
p 0 201 33046
x 0 33047
p 0 201 33047
x 0 33048
p 0 199 33048
x 0 33049
p 0 201 33049
x 0 33050
p 0 247 33050
x 0 33051
p 0 232 33051
x 0 33052
p 0 200 33052
x 0 33053
p 0 203 33053
x 0 33054
p 0 205 33054
x 0 33055
p 0 199 33055
x 0 33056
p 0 201 33056
x 0 33057
p 0 205 33057
x 0 33058
p 0 200 33058
x 0 33059
p 0 201 33059
x 0 33060
p 0 198 33060
x 0 33000
h 0 10.0.0.13
p 0 580 33000
x 1 33001
h 1 10.0.0.13
p 1 180 33001
x 0 33002
p 0 171 33002
x 0 33003
p 0 196 33003
x 0 33004
p 0 196 33004
x 0 33005
p 0 272 33005
x 0 33006
p 0 160 33006
x 0 33007
p 0 196 33007
x 0 33008
p 0 193 33008
x 0 33009
p 0 195 33009
x 0 33010
p 0 195 33010
x 0 33011
p 0 195 33011
x 0 33012
p 0 196 33012
x 0 33013
p 0 196 33013
x 0 33014
p 0 197 33014
x 0 33015
p 0 164 33015
x 0 33016
p 0 194 33016
x 0 33017
p 0 198 33017
x 0 33018
p 0 194 33018
x 0 33019
p 0 169 33019
x 0 33020
p 0 195 33020
x 0 33021
p 0 194 33021
x 0 33022
p 0 175 33022
x 0 33023
p 0 164 33023
x 0 33024
p 0 195 33024
x 0 33025
p 0 182 33025
x 0 33026
p 0 166 33026
x 0 33027
p 0 165 33027
x 0 33028
p 0 164 33028
x 0 33029
p 0 194 33029
x 0 33030
p 0 166 33030
x 0 33031
p 0 165 33031
x 0 33032
p 0 198 33032
x 0 33033
p 0 163 33033
x 0 33034
p 0 165 33034
x 0 33035
p 0 164 33035
x 0 33036
p 0 162 33036
x 0 33037
p 0 170 33037
x 0 33038
p 0 158 33038
x 0 33039
p 0 160 33039
x 0 33040
p 0 158 33040
x 0 33041
p 0 162 33041
x 0 33042
p 0 220 33042
x 0 33043
p 0 161 33043
x 0 33044
p 0 161 33044
x 0 33045
p 0 162 33045
x 0 33046
p 0 163 33046
x 0 33047
p 0 160 33047
x 0 33048
p 0 161 33048
x 0 33049
p 0 164 33049
x 0 33050
p 0 162 33050
x 0 33051
p 0 160 33051
x 0 33052
p 0 156 33052
x 0 33053
p 0 157 33053
x 0 33054
p 0 165 33054
x 0 33055
p 0 74 33055
x 0 33056
p 0 163 33056
x 0 33057
p 0 159 33057
x 0 33058
p 0 154 33058
x 0 33059
p 0 151 33059
x 0 33060
p 0 149 33060
x 0 33000
h 0 10.0.0.13
p 0 5642 33000
x 1 33001
h 1 10.0.0.13
p 1 545 33001
x 0 33002
p 0 159 33002
x 0 33003
p 0 173 33003
x 0 33004
p 0 197 33004
x 0 33005
p 0 199 33005
x 0 33006
p 0 194 33006
x 0 33007
p 0 194 33007
x 0 33008
p 0 193 33008
x 0 33009
p 0 197 33009
x 0 33010
p 0 194 33010
x 0 33011
p 0 193 33011
x 0 33012
p 0 194 33012
x 0 33013
p 0 194 33013
x 0 33014
p 0 194 33014
x 0 33015
p 0 193 33015
x 0 33016
p 0 169 33016
x 0 33017
p 0 197 33017
x 0 33018
p 0 194 33018
x 0 33019
p 0 195 33019
x 0 33020
p 0 166 33020
x 0 33021
p 0 196 33021
x 0 33022
p 0 194 33022
x 0 33023
p 0 261 33023
x 0 33024
p 0 167 33024
x 0 33025
p 0 195 33025
x 0 33026
p 0 193 33026
x 0 33027
p 0 168 33027
x 0 33028
p 0 166 33028
x 0 33029
p 0 195 33029
x 0 33030
p 0 197 33030
x 0 33031
p 0 166 33031
x 0 33032
p 0 169 33032
x 0 33033
p 0 196 33033
x 0 33034
p 0 194 33034
x 0 33035
p 0 165 33035
x 0 33036
p 0 212 33036
x 0 33037
p 0 198 33037
x 0 33038
p 0 168 33038
x 0 33039
p 0 165 33039
x 0 33040
p 0 167 33040
x 0 33041
p 0 187 33041
x 0 33042
p 0 168 33042
x 0 33043
p 0 167 33043
x 0 33044
p 0 239 33044
x 0 33045
p 0 195 33045
x 0 33046
p 0 181 33046
x 0 33047
p 0 167 33047
x 0 33048
p 0 167 33048
x 0 33049
p 0 193 33049
x 0 33050
p 0 164 33050
x 0 33051
p 0 170 33051
x 0 33052
p 0 203 33052
x 0 33053
p 0 193 33053
x 0 33054
p 0 197 33054
x 0 33055
p 0 197 33055
x 0 33056
p 0 194 33056
x 0 33057
p 0 212 33057
x 0 33058
p 0 193 33058
x 0 33059
p 0 196 33059
x 0 33060
p 0 194 33060
x 0 33000
h 0 10.0.0.13
p 0 397 33000
x 1 33001
h 1 10.0.0.13
p 1 153 33001
x 0 33002
p 0 150 33002
x 0 33003
p 0 158 33003
x 0 33004
p 0 200 33004
x 0 33005
p 0 196 33005
x 0 33006
p 0 192 33006
x 0 33007
p 0 193 33007
x 0 33008
p 0 195 33008
x 0 33009
p 0 505 33009
x 0 33010
p 0 219 33010
x 0 33011
p 0 194 33011
x 0 33012
p 0 194 33012
x 0 33013
p 0 196 33013
x 0 33014
p 0 195 33014
x 0 33015
p 0 194 33015
x 0 33016
p 0 195 33016
x 0 33017
p 0 291 33017
x 0 33018
p 0 201 33018
x 0 33019
p 0 197 33019
x 0 33020
p 0 195 33020
x 0 33021
p 0 198 33021
x 0 33022
p 0 243 33022
x 0 33023
p 0 196 33023
x 0 33024
p 0 297 33024
x 0 33025
p 0 195 33025
x 0 33026
p 0 11386 33026
x 0 33027
p 0 194 33027
x 0 33028
p 0 192 33028
x 0 33029
p 0 114 33029
x 0 33030
p 0 226 33030
x 0 33031
p 0 167 33031
x 0 33032
p 0 168 33032
x 0 33033
p 0 195 33033
x 0 33034
p 0 161 33034
x 0 33035
p 0 167 33035
x 0 33036
p 0 163 33036
x 0 33037
p 0 195 33037
x 0 33038
p 0 222 33038
x 0 33039
p 0 198 33039
x 0 33040
p 0 162 33040
x 0 33041
p 0 250 33041
x 0 33042
p 0 195 33042
x 0 33043
p 0 287 33043
x 0 33044
p 0 183 33044
x 0 33045
p 0 151 33045
x 0 33046
p 0 195 33046
x 0 33047
p 0 199 33047
x 0 33048
p 0 261 33048
x 0 33049
p 0 199 33049
x 0 33050
p 0 193 33050
x 0 33051
p 0 193 33051
x 0 33052
p 0 183 33052
x 0 33053
p 0 197 33053
x 0 33054
p 0 195 33054
x 0 33055
p 0 196 33055
x 0 33056
p 0 196 33056
x 0 33057
p 0 196 33057
x 0 33058
p 0 195 33058
x 0 33059
p 0 261 33059
x 0 33060
p 0 194 33060
x 0 33000
h 0 10.0.0.13
p 0 11209 33000
x 1 33001
h 1 10.0.0.13
p 1 414 33001
x 0 33002
p 0 136 33002
x 0 33003
p 0 219 33003
x 0 33004
p 0 298 33004
x 0 33005
p 0 287 33005
x 0 33006
p 0 198 33006
x 0 33007
p 0 195 33007
x 0 33008
p 0 196 33008
x 0 33009
p 0 322 33009
x 0 33010
p 0 195 33010
x 0 33011
p 0 193 33011
x 0 33012
p 0 191 33012
x 0 33013
p 0 198 33013
x 0 33014
p 0 205 33014
x 0 33015
p 0 197 33015
x 0 33016
p 0 196 33016
x 0 33017
p 0 194 33017
x 0 33018
p 0 225 33018
x 0 33019
p 0 228 33019
x 0 33020
p 0 196 33020
x 0 33021
p 0 192 33021
x 0 33022
p 0 192 33022
x 0 33023
p 0 197 33023
x 0 33024
p 0 197 33024
x 0 33025
p 0 231 33025
x 0 33026
p 0 195 33026
x 0 33027
p 0 192 33027
x 0 33028
p 0 192 33028
x 0 33029
p 0 194 33029
x 0 33030
p 0 193 33030
x 0 33031
p 0 191 33031
x 0 33032
p 0 193 33032
x 0 33033
p 0 199 33033
x 0 33034
p 0 203 33034
x 0 33035
p 0 179 33035
x 0 33036
p 0 193 33036
x 0 33037
p 0 192 33037
x 0 33038
p 0 198 33038
x 0 33039
p 0 198 33039
x 0 33040
p 0 194 33040
x 0 33041
p 0 195 33041
x 0 33042
p 0 194 33042
x 0 33043
p 0 198 33043
x 0 33044
p 0 171 33044
x 0 33045
p 0 197 33045
x 0 33046
p 0 195 33046
x 0 33047
p 0 196 33047
x 0 33048
p 0 231 33048
x 0 33049
p 0 196 33049
x 0 33050
p 0 197 33050
x 0 33051
p 0 193 33051
x 0 33052
p 0 192 33052
x 0 33053
p 0 202 33053
x 0 33054
p 0 147 33054
x 0 33055
p 0 190 33055
x 0 33056
p 0 194 33056
x 0 33057
p 0 195 33057
x 0 33058
p 0 192 33058
x 0 33059
p 0 194 33059
x 0 33060
p 0 193 33060
x 0 33000
h 0 10.0.0.13
p 0 611 33000
x 1 33001
h 1 10.0.0.13
p 1 199 33001
x 0 33002
p 0 199 33002
x 0 33003
p 0 204 33003
x 0 33004
p 0 208 33004
x 0 33005
p 0 202 33005
x 0 33006
p 0 193 33006
x 0 33007
p 0 199 33007
x 0 33008
p 0 195 33008
x 0 33009
p 0 257 33009
x 0 33010
p 0 194 33010
x 0 33011
p 0 204 33011
x 0 33012
p 0 199 33012
x 0 33013
p 0 204 33013
x 0 33014
p 0 208 33014
x 0 33015
p 0 194 33015
x 0 33016
p 0 194 33016
x 0 33017
p 0 193 33017
x 0 33018
p 0 194 33018
x 0 33019
p 0 251 33019
x 0 33020
p 0 236 33020
x 0 33021
p 0 230 33021
x 0 33022
p 0 194 33022
x 0 33023
p 0 193 33023
x 0 33024
p 0 239 33024
x 0 33025
p 0 196 33025
x 0 33026
p 0 196 33026
x 0 33027
p 0 193 33027
x 0 33028
p 0 193 33028
x 0 33029
p 0 196 33029
x 0 33030
p 0 225 33030
x 0 33031
p 0 220 33031
x 0 33032
p 0 221 33032
x 0 33033
p 0 193 33033
x 0 33034
p 0 195 33034
x 0 33035
p 0 230 33035
x 0 33036
p 0 196 33036
x 0 33037
p 0 245 33037
x 0 33038
p 0 191 33038
x 0 33039
p 0 196 33039
x 0 33040
p 0 193 33040
x 0 33041
p 0 219 33041
x 0 33042
p 0 196 33042
x 0 33043
p 0 396 33043
x 0 33044
p 0 199 33044
x 0 33045
p 0 197 33045
x 0 33046
p 0 197 33046
x 0 33047
p 0 192 33047
x 0 33048
p 0 194 33048
x 0 33049
p 0 197 33049
x 0 33050
p 0 198 33050
x 0 33051
p 0 196 33051
x 0 33052
p 0 195 33052
x 0 33053
p 0 194 33053
x 0 33054
p 0 196 33054
x 0 33055
p 0 149 33055
x 0 33056
p 0 143 33056
x 0 33057
p 0 193 33057
x 0 33058
p 0 192 33058
x 0 33059
p 0 194 33059
x 0 33060
p 0 192 33060
x 0 33000
h 0 10.0.0.13
p 0 3401 33000
x 1 33001
h 1 10.0.0.13
p 1 597 33001
x 0 33002
p 0 260 33002
x 0 33003
p 0 197 33003
x 0 33004
p 0 194 33004
x 0 33005
p 0 265 33005
x 0 33006
p 0 197 33006
x 0 33007
p 0 194 33007
x 0 33008
p 0 195 33008
x 0 33009
p 0 224 33009
x 0 33010
p 0 192 33010
x 0 33011
p 0 193 33011
x 0 33012
p 0 193 33012
x 0 33013
p 0 196 33013
x 0 33014
p 0 192 33014
x 0 33015
p 0 192 33015
x 0 33016
p 0 193 33016
x 0 33017
p 0 196 33017
x 0 33018
p 0 238 33018
x 0 33019
p 0 195 33019
x 0 33020
p 0 192 33020
x 0 33021
p 0 193 33021
x 0 33022
p 0 192 33022
x 0 33023
p 0 193 33023
x 0 33024
p 0 240 33024
x 0 33025
p 0 193 33025
x 0 33026
p 0 193 33026
x 0 33027
p 0 191 33027
x 0 33028
p 0 192 33028
x 0 33029
p 0 193 33029
x 0 33030
p 0 193 33030
x 0 33031
p 0 192 33031
x 0 33032
p 0 193 33032
x 0 33033
p 0 195 33033
x 0 33034
p 0 192 33034
x 0 33035
p 0 198 33035
x 0 33036
p 0 195 33036
x 0 33037
p 0 195 33037
x 0 33038
p 0 193 33038
x 0 33039
p 0 288 33039
x 0 33040
p 0 115 33040
x 0 33041
p 0 194 33041
x 0 33042
p 0 195 33042
x 0 33043
p 0 236 33043
x 0 33044
p 0 132 33044
x 0 33045
p 0 199 33045
x 0 33046
p 0 199 33046
x 0 33047
p 0 196 33047
x 0 33048
p 0 199 33048
x 0 33049
p 0 197 33049
x 0 33050
p 0 198 33050
x 0 33051
p 0 196 33051
x 0 33052
p 0 279 33052
x 0 33053
p 0 277 33053
x 0 33054
p 0 197 33054
x 0 33055
p 0 193 33055
x 0 33056
p 0 195 33056
x 0 33057
p 0 194 33057
x 0 33058
p 0 195 33058
x 0 33059
p 0 194 33059
x 0 33060
p 0 194 33060
x 0 33000
h 0 10.0.0.13
p 0 548 33000
x 1 33001
h 1 10.0.0.13
p 1 252 33001
x 0 33002
p 0 196 33002
x 0 33003
p 0 196 33003
x 0 33004
p 0 196 33004
x 0 33005
p 0 175 33005
x 0 33006
p 0 172 33006
x 0 33007
p 0 277 33007
x 0 33008
p 0 165 33008
x 0 33009
p 0 216 33009
x 0 33010
p 0 297 33010
x 0 33011
p 0 214 33011
x 0 33012
p 0 184 33012
x 0 33013
p 0 233 33013
x 0 33014
p 0 225 33014
x 0 33015
p 0 182 33015
x 0 33016
p 0 183 33016
x 0 33017
p 0 179 33017
x 0 33018
p 0 346 33018
x 0 33019
p 0 212 33019
x 0 33020
p 0 179 33020
x 0 33021
p 0 212 33021
x 0 33022
p 0 210 33022
x 0 33023
p 0 213 33023
x 0 33024
p 0 186 33024
x 0 33025
p 0 255 33025
x 0 33026
p 0 207 33026
x 0 33027
p 0 213 33027
x 0 33028
p 0 184 33028
x 0 33029
p 0 267 33029
x 0 33030
p 0 211 33030
x 0 33031
p 0 305 33031
x 0 33032
p 0 218 33032
x 0 33033
p 0 219 33033
x 0 33034
p 0 215 33034
x 0 33035
p 0 209 33035
x 0 33036
p 0 216 33036
x 0 33037
p 0 216 33037
x 0 33038
p 0 196 33038
x 0 33039
p 0 197 33039
x 0 33040
p 0 292 33040
x 0 33041
p 0 291 33041
x 0 33042
p 0 275 33042
x 0 33043
p 0 192 33043
x 0 33044
p 0 192 33044
x 0 33045
p 0 194 33045
x 0 33046
p 0 191 33046
x 0 33047
p 0 190 33047
x 0 33048
p 0 192 33048
x 0 33049
p 0 193 33049
x 0 33050
p 0 192 33050
x 0 33051
p 0 191 33051
x 0 33052
p 0 193 33052
x 0 33053
p 0 159 33053
x 0 33054
p 0 194 33054
x 0 33055
p 0 191 33055
x 0 33056
p 0 191 33056
x 0 33057
p 0 192 33057
x 0 33058
p 0 163 33058
x 0 33059
p 0 192 33059
x 0 33060
p 0 191 33060
x 0 33000
h 0 10.0.0.13
p 0 3453 33000
x 1 33001
h 1 10.0.0.13
p 1 467 33001
x 0 33002
p 0 176 33002
x 0 33003
p 0 193 33003
x 0 33004
p 0 194 33004
x 0 33005
p 0 195 33005
x 0 33006
p 0 197 33006
x 0 33007
p 0 192 33007
x 0 33008
p 0 190 33008
x 0 33009
p 0 189 33009
x 0 33010
p 0 194 33010
x 0 33011
p 0 192 33011
x 0 33012
p 0 193 33012
x 0 33013
p 0 194 33013
x 0 33014
p 0 193 33014
x 0 33015
p 0 117 33015
x 0 33016
p 0 192 33016
x 0 33017
p 0 194 33017
x 0 33018
p 0 193 33018
x 0 33019
p 0 192 33019
x 0 33020
p 0 187 33020
x 0 33021
p 0 224 33021
x 0 33022
p 0 251 33022
x 0 33023
p 0 207 33023
x 0 33024
p 0 206 33024
x 0 33025
p 0 203 33025
x 0 33026
p 0 206 33026
x 0 33027
p 0 206 33027
x 0 33028
p 0 243 33028
x 0 33029
p 0 253 33029
x 0 33030
p 0 203 33030
x 0 33031
p 0 204 33031
x 0 33032
p 0 202 33032
x 0 33033
p 0 206 33033
x 0 33034
p 0 200 33034
x 0 33035
p 0 202 33035
x 0 33036
p 0 204 33036
x 0 33037
p 0 210 33037
x 0 33038
p 0 205 33038
x 0 33039
p 0 204 33039
x 0 33040
p 0 204 33040
x 0 33041
p 0 202 33041
x 0 33042
p 0 204 33042
x 0 33043
p 0 207 33043
x 0 33044
p 0 203 33044
x 0 33045
p 0 200 33045
x 0 33046
p 0 202 33046
x 0 33047
p 0 210 33047
x 0 33048
p 0 207 33048
x 0 33049
p 0 207 33049
x 0 33050
p 0 202 33050
x 0 33051
p 0 206 33051
x 0 33052
p 0 206 33052
x 0 33053
p 0 204 33053
x 0 33054
p 0 194 33054
x 0 33055
p 0 194 33055
x 0 33056
p 0 191 33056
x 0 33057
p 0 195 33057
x 0 33058
p 0 198 33058
x 0 33059
p 0 196 33059
x 0 33060
p 0 206 33060
x 0 33000
h 0 10.0.0.13
p 0 388 33000
x 1 33001
h 1 10.0.0.13
p 1 194 33001
x 0 33002
p 0 192 33002
x 0 33003
p 0 276 33003
x 0 33004
p 0 204 33004
x 0 33005
p 0 200 33005
x 0 33006
p 0 201 33006
x 0 33007
p 0 198 33007
x 0 33008
p 0 284 33008
x 0 33009
p 0 192 33009
x 0 33010
p 0 199 33010
x 0 33011
p 0 197 33011
x 0 33012
p 0 325 33012
x 0 33013
p 0 198 33013
x 0 33014
p 0 200 33014
x 0 33015
p 0 169 33015
x 0 33016
p 0 293 33016
x 0 33017
p 0 198 33017
x 0 33018
p 0 199 33018
x 0 33019
p 0 198 33019
x 0 33020
p 0 190 33020
x 0 33021
p 0 262 33021
x 0 33022
p 0 192 33022
x 0 33023
p 0 192 33023
x 0 33024
p 0 193 33024
x 0 33025
p 0 190 33025
x 0 33026
p 0 192 33026
x 0 33027
p 0 192 33027
x 0 33028
p 0 192 33028
x 0 33029
p 0 158 33029
x 0 33030
p 0 192 33030
x 0 33031
p 0 191 33031
x 0 33032
p 0 193 33032
x 0 33033
p 0 258 33033
x 0 33034
p 0 159 33034
x 0 33035
p 0 191 33035
x 0 33036
p 0 285 33036
x 0 33037
p 0 160 33037
x 0 33038
p 0 192 33038
x 0 33039
p 0 196 33039
x 0 33040
p 0 193 33040
x 0 33041
p 0 161 33041
x 0 33042
p 0 230 33042
x 0 33043
p 0 194 33043
x 0 33044
p 0 162 33044
x 0 33045
p 0 155 33045
x 0 33046
p 0 191 33046
x 0 33047
p 0 193 33047
x 0 33048
p 0 158 33048
x 0 33049
p 0 154 33049
x 0 33050
p 0 152 33050
x 0 33051
p 0 157 33051
x 0 33052
p 0 158 33052
x 0 33053
p 0 158 33053
x 0 33054
p 0 155 33054
x 0 33055
p 0 157 33055
x 0 33056
p 0 159 33056
x 0 33057
p 0 152 33057
x 0 33058
p 0 153 33058
x 0 33059
p 0 150 33059
x 0 33060
p 0 197 33060
