iperf 3.7
Linux netviews 5.4.0-66-generic #74-Ubuntu SMP Wed Jan 27 22:54:38 UTC 2021 x86_64
Control connection MSS 1448
Time: Thu, 04 Mar 2021 21:45:00 GMT
Connecting to host 10.0.0.12, port 85
      Cookie: z7kszv4fr7loxnzy5az4fal2hpp2r2cvwyme
      TCP MSS: 1448 (default)
[  5] local 10.0.0.5 port 36644 connected to 10.0.0.12 port 85
Starting Test: protocol: TCP, 1 streams, 131072 byte blocks, omitting 0 seconds, 60 second test, tos 0
[ ID] Interval           Transfer     Bitrate         Retr  Cwnd
[  5]   0.00-1.00   sec  3.03 MBytes  25.4 Mbits/sec    0   38.2 KBytes       
[  5]   1.00-2.00   sec  1.49 MBytes  12.5 Mbits/sec    0   25.5 KBytes       
[  5]   2.00-3.00   sec  1.37 MBytes  11.5 Mbits/sec    0   26.9 KBytes       
[  5]   3.00-4.00   sec  1.49 MBytes  12.5 Mbits/sec    0   26.9 KBytes       
[  5]   4.00-5.00   sec  1.99 MBytes  16.7 Mbits/sec    0   36.8 KBytes       
[  5]   5.00-6.00   sec  2.36 MBytes  19.8 Mbits/sec    0   36.8 KBytes       
[  5]   6.00-7.00   sec  2.49 MBytes  20.9 Mbits/sec    0   36.8 KBytes       
[  5]   7.00-8.00   sec  2.61 MBytes  21.9 Mbits/sec    0   38.2 KBytes       
[  5]   8.00-9.00   sec  2.49 MBytes  20.9 Mbits/sec    0   38.2 KBytes       
[  5]   9.00-10.00  sec  2.49 MBytes  20.9 Mbits/sec    0   38.2 KBytes       
[  5]  10.00-11.00  sec  3.91 MBytes  32.8 Mbits/sec    0   94.7 KBytes       
[  5]  11.00-12.00  sec  5.97 MBytes  50.0 Mbits/sec    0   94.7 KBytes       
[  5]  12.00-13.00  sec  6.21 MBytes  52.1 Mbits/sec    0   94.7 KBytes       
[  5]  13.00-14.00  sec  5.47 MBytes  45.9 Mbits/sec    0   94.7 KBytes       
[  5]  14.00-15.00  sec  5.72 MBytes  48.0 Mbits/sec    0   94.7 KBytes       
[  5]  15.00-16.00  sec  5.47 MBytes  45.9 Mbits/sec    0   94.7 KBytes       
[  5]  16.00-17.00  sec  9.69 MBytes  81.3 Mbits/sec    0    134 KBytes       
[  5]  17.00-18.00  sec  10.3 MBytes  86.0 Mbits/sec    0    134 KBytes       
[  5]  18.00-19.00  sec  10.7 MBytes  89.7 Mbits/sec    0    198 KBytes       
[  5]  19.00-20.00  sec  10.4 MBytes  87.6 Mbits/sec    0    198 KBytes       
[  5]  20.00-21.00  sec  10.4 MBytes  87.6 Mbits/sec    0    198 KBytes       
[  5]  21.00-22.00  sec  10.4 MBytes  87.6 Mbits/sec    0    198 KBytes       
[  5]  22.00-23.00  sec  10.0 MBytes  83.9 Mbits/sec    0    198 KBytes       
[  5]  23.00-24.00  sec  10.4 MBytes  87.6 Mbits/sec    0    198 KBytes       
[  5]  24.00-25.00  sec  10.4 MBytes  87.6 Mbits/sec    0    198 KBytes       
[  5]  25.00-26.00  sec  10.4 MBytes  87.6 Mbits/sec    0    198 KBytes       
[  5]  26.00-27.00  sec  10.0 MBytes  83.9 Mbits/sec    0    198 KBytes       
[  5]  27.00-28.00  sec  10.4 MBytes  87.6 Mbits/sec    0    198 KBytes       
[  5]  28.00-29.00  sec  10.4 MBytes  87.6 Mbits/sec    0    198 KBytes       
[  5]  29.00-30.00  sec  10.4 MBytes  87.6 Mbits/sec    0    198 KBytes       
[  5]  30.00-31.00  sec  10.4 MBytes  87.6 Mbits/sec    0    198 KBytes       
[  5]  31.00-32.00  sec  10.0 MBytes  83.9 Mbits/sec    0    198 KBytes       
[  5]  32.00-33.00  sec  10.4 MBytes  87.6 Mbits/sec    0    198 KBytes       
[  5]  33.00-34.00  sec  10.4 MBytes  87.6 Mbits/sec    0    198 KBytes       
[  5]  34.00-35.00  sec  10.0 MBytes  83.9 Mbits/sec    0    198 KBytes       
[  5]  35.00-36.00  sec  10.4 MBytes  87.6 Mbits/sec    0    198 KBytes       
[  5]  36.00-37.00  sec  10.4 MBytes  87.6 Mbits/sec    0    198 KBytes       
[  5]  37.00-38.00  sec  10.4 MBytes  87.6 Mbits/sec    0    198 KBytes       
[  5]  38.00-39.00  sec  10.4 MBytes  87.6 Mbits/sec    0    198 KBytes       
[  5]  39.00-40.00  sec  10.4 MBytes  87.6 Mbits/sec    0    198 KBytes       
[  5]  40.00-41.00  sec  10.0 MBytes  83.9 Mbits/sec    0    198 KBytes       
[  5]  41.00-42.00  sec  10.4 MBytes  87.6 Mbits/sec    0    198 KBytes       
[  5]  42.00-43.00  sec  10.0 MBytes  83.9 Mbits/sec    0    198 KBytes       
[  5]  43.00-44.00  sec  6.96 MBytes  58.4 Mbits/sec    1   1.41 KBytes       
[  5]  44.00-45.00  sec  7.39 MBytes  62.0 Mbits/sec    1    208 KBytes       
[  5]  45.00-46.00  sec  10.0 MBytes  83.9 Mbits/sec    0    208 KBytes       
[  5]  46.00-47.00  sec  10.4 MBytes  87.6 Mbits/sec    0    208 KBytes       
[  5]  46.00-47.00  sec  10.4 MBytes  87.6 Mbits/sec    0    208 KBytes       
- - - - - - - - - - - - - - - - - - - - - - - - -
Test Complete. Summary Results:
[ ID] Interval           Transfer     Bitrate         Retr
[  5]   0.00-47.00  sec   378 MBytes  67.5 Mbits/sec    2             sender
[  5]   0.00-47.00  sec  0.00 Bytes  0.00 bits/sec                  receiver
CPU Utilization: local/sender 0.4% (0.0%u/0.4%s), remote/receiver 0.0% (0.0%u/0.0%s)
snd_tcp_congestion cubic
