x 0 33000
x 1 33001
x 2 33002
x 3 33003
x 4 33004
x 5 33005
h 2 10.0.0.10
p 2 353861 33002
h 5 10.0.0.10
p 5 62375 33005
x 6 33006
h 6 10.0.0.10
p 6 552 33006
h 0 10.0.0.10
p 0 668069 33000
h 1 10.0.0.10
p 1 575471 33001
x 0 33007
p 0 167 33007
h 3 10.0.0.10
p 3 512913 33003
h 4 10.0.0.10
p 4 579387 33004
x 0 33008
p 0 246 33008
x 0 33009
p 0 217 33009
x 0 33010
p 0 241 33010
x 0 33011
p 0 218 33011
x 0 33012
p 0 213 33012
x 0 33013
p 0 253 33013
x 0 33014
p 0 265 33014
x 0 33015
p 0 211 33015
x 0 33016
p 0 215 33016
x 0 33017
p 0 211 33017
x 0 33018
p 0 242 33018
x 0 33019
p 0 209 33019
x 0 33020
p 0 210 33020
x 0 33021
p 0 215 33021
x 0 33022
p 0 210 33022
x 0 33023
p 0 209 33023
x 0 33024
p 0 230 33024
x 0 33025
p 0 206 33025
x 0 33026
p 0 208 33026
x 0 33027
p 0 208 33027
x 0 33028
p 0 134 33028
x 0 33029
p 0 251 33029
x 0 33030
p 0 207 33030
x 0 33031
p 0 247 33031
x 0 33032
p 0 207 33032
x 0 33033
p 0 211 33033
x 0 33034
p 0 209 33034
x 0 33035
p 0 206 33035
x 0 33036
p 0 210 33036
x 0 33037
p 0 214 33037
x 0 33038
p 0 248 33038
x 0 33039
p 0 214 33039
x 0 33040
p 0 220 33040
x 0 33041
p 0 220 33041
x 0 33042
p 0 213 33042
x 0 33043
p 0 224 33043
x 0 33044
p 0 216 33044
x 0 33045
p 0 249 33045
x 0 33046
p 0 224 33046
x 0 33047
p 0 221 33047
x 0 33048
p 0 290 33048
x 0 33049
p 0 217 33049
x 0 33050
p 0 214 33050
x 0 33051
p 0 217 33051
x 0 33052
p 0 248 33052
x 0 33053
p 0 236 33053
x 0 33054
p 0 217 33054
x 0 33055
p 0 217 33055
x 0 33056
p 0 226 33056
x 0 33057
p 0 218 33057
x 0 33058
p 0 223 33058
x 0 33059
p 0 256 33059
x 0 33060
p 0 217 33060
x 0 33061
p 0 217 33061
x 0 33062
p 0 218 33062
x 0 33063
p 0 218 33063
x 0 33064
p 0 216 33064
x 0 33065
p 0 214 33065
x 0 33000
x 1 33001
h 1 10.0.0.10
p 1 25054 33001
h 0 10.0.0.10
p 0 165244 33000
x 2 33002
h 2 10.0.0.10
p 2 529 33002
x 0 33003
p 0 415 33003
x 0 33004
p 0 246 33004
x 0 33005
p 0 244 33005
x 0 33006
p 0 246 33006
x 0 33007
p 0 215 33007
x 0 33008
p 0 218 33008
x 0 33009
p 0 245 33009
x 0 33010
p 0 219 33010
x 0 33011
p 0 219 33011
x 0 33012
p 0 209 33012
x 0 33013
p 0 260 33013
x 0 33014
p 0 216 33014
x 0 33015
p 0 213 33015
x 0 33016
p 0 221 33016
x 0 33017
p 0 246 33017
x 0 33018
p 0 213 33018
x 0 33019
p 0 214 33019
x 0 33020
p 0 243 33020
x 0 33021
p 0 212 33021
x 0 33022
p 0 210 33022
x 0 33023
p 0 214 33023
x 0 33024
p 0 281 33024
x 0 33025
p 0 208 33025
x 0 33026
p 0 240 33026
x 0 33027
p 0 237 33027
x 0 33028
p 0 214 33028
x 0 33029
p 0 222 33029
x 0 33030
p 0 220 33030
x 0 33031
p 0 280 33031
x 0 33032
p 0 215 33032
x 0 33033
p 0 214 33033
x 0 33034
p 0 225 33034
x 0 33035
p 0 227 33035
x 0 33036
p 0 221 33036
x 0 33037
p 0 220 33037
x 0 33038
p 0 278 33038
x 0 33039
p 0 221 33039
x 0 33040
p 0 230 33040
x 0 33041
p 0 219 33041
x 0 33042
p 0 215 33042
x 0 33043
p 0 211 33043
x 0 33044
p 0 219 33044
x 0 33045
p 0 298 33045
x 0 33046
p 0 213 33046
x 0 33047
p 0 209 33047
x 0 33048
p 0 212 33048
x 0 33049
p 0 289 33049
x 0 33050
p 0 215 33050
x 0 33051
p 0 221 33051
x 0 33052
p 0 207 33052
x 0 33053
p 0 213 33053
x 0 33054
p 0 286 33054
x 0 33055
p 0 207 33055
x 0 33056
p 0 220 33056
x 0 33057
p 0 96 33057
x 0 33058
p 0 207 33058
x 0 33059
p 0 231 33059
x 0 33060
p 0 216 33060
x 0 33061
p 0 254 33061
