x 0 33000
x 1 33001
x 2 33002
h 0 10.0.0.10
p 0 285225 33000
x 3 33003
h 1 10.0.0.10
p 1 188022 33001
h 2 10.0.0.10
p 2 88516 33002
h 3 10.0.0.10
p 3 3640 33003
x 0 33004
p 0 269 33004
x 0 33005
p 0 291 33005
x 0 33006
p 0 266 33006
x 0 33007
p 0 373 33007
x 0 33008
p 0 255 33008
x 0 33009
p 0 263 33009
x 0 33010
p 0 259 33010
x 0 33011
p 0 297 33011
x 0 33012
p 0 267 33012
x 0 33013
p 0 270 33013
x 0 33014
p 0 256 33014
x 0 33015
p 0 231 33015
x 0 33016
p 0 249 33016
x 0 33017
p 0 218 33017
x 0 33018
p 0 226 33018
x 0 33019
p 0 236 33019
x 0 33020
p 0 257 33020
x 0 33021
p 0 273 33021
x 0 33022
p 0 247 33022
x 0 33023
p 0 246 33023
x 0 33024
p 0 251 33024
x 0 33025
p 0 228 33025
x 0 33026
p 0 215 33026
x 0 33027
p 0 217 33027
x 0 33028
p 0 286 33028
x 0 33029
p 0 218 33029
x 0 33030
p 0 222 33030
x 0 33031
p 0 224 33031
x 0 33032
p 0 216 33032
x 0 33033
p 0 228 33033
x 0 33034
p 0 232 33034
x 0 33035
p 0 286 33035
x 0 33036
p 0 222 33036
x 0 33037
p 0 222 33037
x 0 33038
p 0 220 33038
x 0 33039
p 0 229 33039
x 0 33040
p 0 100 33040
x 0 33041
p 0 230 33041
x 0 33042
p 0 219 33042
x 0 33043
p 0 183 33043
x 0 33044
p 0 230 33044
x 0 33045
p 0 227 33045
x 0 33046
p 0 267 33046
x 0 33047
p 0 252 33047
x 0 33048
p 0 220 33048
x 0 33049
p 0 227 33049
x 0 33050
p 0 234 33050
x 0 33051
p 0 228 33051
x 0 33052
p 0 223 33052
x 0 33053
p 0 227 33053
x 0 33054
p 0 265 33054
x 0 33055
p 0 228 33055
x 0 33056
p 0 228 33056
x 0 33057
p 0 211 33057
x 0 33058
p 0 214 33058
x 0 33059
p 0 231 33059
x 0 33060
p 0 263 33060
x 0 33061
p 0 250 33061
x 0 33062
p 0 218 33062
x 0 33000
h 0 10.0.0.10
p 0 1752 33000
x 1 33001
h 1 10.0.0.10
p 1 183 33001
x 0 33002
p 0 236 33002
x 0 33003
p 0 213 33003
x 0 33004
p 0 191 33004
x 0 33005
p 0 196 33005
x 0 33006
p 0 189 33006
x 0 33007
p 0 207 33007
x 0 33008
p 0 234 33008
x 0 33009
p 0 231 33009
x 0 33010
p 0 226 33010
x 0 33011
p 0 228 33011
x 0 33012
p 0 234 33012
x 0 33013
p 0 228 33013
x 0 33014
p 0 237 33014
x 0 33015
p 0 230 33015
x 0 33016
p 0 239 33016
x 0 33017
p 0 240 33017
x 0 33018
p 0 246 33018
x 0 33019
p 0 238 33019
x 0 33020
p 0 237 33020
x 0 33021
p 0 241 33021
x 0 33022
p 0 239 33022
x 0 33023
p 0 246 33023
x 0 33024
p 0 242 33024
x 0 33025
p 0 231 33025
x 0 33026
p 0 239 33026
x 0 33027
p 0 243 33027
x 0 33028
p 0 244 33028
x 0 33029
p 0 239 33029
x 0 33030
p 0 200 33030
x 0 33031
p 0 202 33031
x 0 33032
p 0 193 33032
x 0 33033
p 0 192 33033
x 0 33034
p 0 192 33034
x 0 33035
p 0 188 33035
x 0 33036
p 0 195 33036
x 0 33037
p 0 237 33037
x 0 33038
p 0 202 33038
x 0 33039
p 0 201 33039
x 0 33040
p 0 191 33040
x 0 33041
p 0 195 33041
x 0 33042
p 0 197 33042
x 0 33043
p 0 191 33043
x 0 33044
p 0 193 33044
x 0 33045
p 0 189 33045
x 0 33046
p 0 195 33046
x 0 33047
p 0 191 33047
x 0 33048
p 0 200 33048
x 0 33049
p 0 320 33049
x 0 33050
p 0 175 33050
x 0 33051
p 0 171 33051
x 0 33052
p 0 184 33052
x 0 33053
p 0 262 33053
x 0 33054
p 0 174 33054
x 0 33055
p 0 168 33055
x 0 33056
p 0 172 33056
x 0 33057
p 0 231 33057
x 0 33058
p 0 207 33058
x 0 33059
p 0 229 33059
x 0 33060
p 0 222 33060
x 0 33000
h 0 10.0.0.10
p 0 8261 33000
x 1 33001
h 1 10.0.0.10
p 1 671 33001
x 0 33002
p 0 223 33002
x 0 33003
p 0 231 33003
x 0 33004
p 0 231 33004
x 0 33005
p 0 187 33005
x 0 33006
p 0 189 33006
x 0 33007
p 0 226 33007
x 0 33008
p 0 204 33008
x 0 33009
p 0 203 33009
x 0 33010
p 0 245 33010
x 0 33011
p 0 225 33011
x 0 33012
p 0 191 33012
x 0 33013
p 0 371 33013
x 0 33014
p 0 194 33014
x 0 33015
p 0 192 33015
x 0 33016
p 0 194 33016
x 0 33017
p 0 194 33017
x 0 33018
p 0 195 33018
x 0 33019
p 0 204 33019
x 0 33020
p 0 190 33020
x 0 33021
p 0 200 33021
x 0 33022
p 0 233 33022
x 0 33023
p 0 233 33023
x 0 33024
p 0 238 33024
x 0 33025
p 0 243 33025
x 0 33026
p 0 242 33026
x 0 33027
p 0 243 33027
x 0 33028
p 0 315 33028
x 0 33029
p 0 285 33029
x 0 33030
p 0 235 33030
x 0 33031
p 0 249 33031
x 0 33032
p 0 399 33032
x 0 33033
p 0 389 33033
x 0 33034
p 0 380 33034
x 0 33035
p 0 434 33035
x 0 33036
p 0 420 33036
x 0 33037
p 0 392 33037
x 0 33038
p 0 386 33038
x 0 33039
p 0 397 33039
x 0 33040
p 0 388 33040
x 0 33041
p 0 386 33041
x 0 33042
p 0 421 33042
x 0 33043
p 0 283 33043
x 0 33044
p 0 242 33044
x 0 33045
p 0 237 33045
x 0 33046
p 0 242 33046
x 0 33047
p 0 245 33047
x 0 33048
p 0 240 33048
x 0 33049
p 0 251 33049
x 0 33050
p 0 245 33050
x 0 33051
p 0 194 33051
x 0 33052
p 0 200 33052
x 0 33053
p 0 199 33053
x 0 33054
p 0 206 33054
x 0 33055
p 0 227 33055
x 0 33056
p 0 281 33056
x 0 33057
p 0 230 33057
x 0 33058
p 0 217 33058
x 0 33059
p 0 211 33059
x 0 33060
p 0 203 33060
x 0 33000
h 0 10.0.0.10
p 0 1292 33000
x 1 33001
h 1 10.0.0.10
p 1 217 33001
x 0 33002
p 0 300 33002
x 0 33003
p 0 219 33003
x 0 33004
p 0 214 33004
x 0 33005
p 0 213 33005
x 0 33006
p 0 261 33006
x 0 33007
p 0 224 33007
x 0 33008
p 0 222 33008
x 0 33009
p 0 233 33009
x 0 33010
p 0 227 33010
x 0 33011
p 0 219 33011
x 0 33012
p 0 222 33012
x 0 33013
p 0 261 33013
x 0 33014
p 0 224 33014
x 0 33015
p 0 222 33015
x 0 33016
p 0 217 33016
x 0 33017
p 0 238 33017
x 0 33018
p 0 222 33018
x 0 33019
p 0 225 33019
x 0 33020
p 0 257 33020
x 0 33021
p 0 217 33021
x 0 33022
p 0 222 33022
x 0 33023
p 0 267 33023
x 0 33024
p 0 223 33024
x 0 33025
p 0 220 33025
x 0 33026
p 0 225 33026
x 0 33027
p 0 258 33027
x 0 33028
p 0 223 33028
x 0 33029
p 0 223 33029
x 0 33030
p 0 269 33030
x 0 33031
p 0 218 33031
x 0 33032
p 0 221 33032
x 0 33033
p 0 226 33033
x 0 33034
p 0 252 33034
x 0 33035
p 0 222 33035
x 0 33036
p 0 220 33036
x 0 33037
p 0 317 33037
x 0 33038
p 0 231 33038
x 0 33039
p 0 232 33039
x 0 33040
p 0 221 33040
x 0 33041
p 0 258 33041
x 0 33042
p 0 221 33042
x 0 33043
p 0 227 33043
x 0 33044
p 0 259 33044
x 0 33045
p 0 222 33045
x 0 33046
p 0 224 33046
x 0 33047
p 0 232 33047
x 0 33048
p 0 234 33048
x 0 33049
p 0 243 33049
x 0 33050
p 0 231 33050
x 0 33051
p 0 283 33051
x 0 33052
p 0 230 33052
x 0 33053
p 0 229 33053
x 0 33054
p 0 235 33054
x 0 33055
p 0 261 33055
x 0 33056
p 0 214 33056
x 0 33057
p 0 220 33057
x 0 33058
p 0 295 33058
x 0 33059
p 0 218 33059
x 0 33060
p 0 214 33060
x 0 33000
h 0 10.0.0.10
p 0 8778 33000
x 1 33001
h 1 10.0.0.10
p 1 791 33001
x 0 33002
p 0 237 33002
x 0 33003
p 0 253 33003
x 0 33004
p 0 219 33004
x 0 33005
p 0 216 33005
x 0 33006
p 0 217 33006
x 0 33007
p 0 256 33007
x 0 33008
p 0 218 33008
x 0 33009
p 0 217 33009
x 0 33010
p 0 222 33010
x 0 33011
p 0 237 33011
x 0 33012
p 0 188 33012
x 0 33013
p 0 184 33013
x 0 33014
p 0 212 33014
x 0 33015
p 0 186 33015
x 0 33016
p 0 184 33016
x 0 33017
p 0 195 33017
x 0 33018
p 0 190 33018
x 0 33019
p 0 209 33019
x 0 33020
p 0 192 33020
x 0 33021
p 0 183 33021
x 0 33022
p 0 315 33022
x 0 33023
p 0 191 33023
x 0 33024
p 0 160 33024
x 0 33025
p 0 162 33025
x 0 33026
p 0 158 33026
x 0 33027
p 0 379 33027
x 0 33028
p 0 163 33028
x 0 33029
p 0 164 33029
x 0 33030
p 0 124 33030
x 0 33031
p 0 163 33031
x 0 33032
p 0 169 33032
x 0 33033
p 0 162 33033
x 0 33034
p 0 170 33034
x 0 33035
p 0 160 33035
x 0 33036
p 0 161 33036
x 0 33037
p 0 226 33037
x 0 33038
p 0 161 33038
x 0 33039
p 0 159 33039
x 0 33040
p 0 161 33040
x 0 33041
p 0 165 33041
x 0 33042
p 0 166 33042
x 0 33043
p 0 163 33043
x 0 33044
p 0 158 33044
x 0 33045
p 0 159 33045
x 0 33046
p 0 159 33046
x 0 33047
p 0 163 33047
x 0 33048
p 0 200 33048
x 0 33049
p 0 161 33049
x 0 33050
p 0 160 33050
x 0 33051
p 0 161 33051
x 0 33052
p 0 161 33052
x 0 33053
p 0 259 33053
x 0 33054
p 0 233 33054
x 0 33055
p 0 226 33055
x 0 33056
p 0 224 33056
x 0 33057
p 0 223 33057
x 0 33058
p 0 227 33058
x 0 33059
p 0 292 33059
x 0 33060
p 0 231 33060
x 0 33000
h 0 10.0.0.10
p 0 2397 33000
x 1 33001
h 1 10.0.0.10
p 1 255 33001
x 0 33002
p 0 178 33002
x 0 33003
p 0 187 33003
x 0 33004
p 0 206 33004
x 0 33005
p 0 249 33005
x 0 33006
p 0 225 33006
x 0 33007
p 0 232 33007
x 0 33008
p 0 234 33008
x 0 33009
p 0 266 33009
x 0 33010
p 0 112 33010
x 0 33011
p 0 231 33011
x 0 33012
p 0 231 33012
x 0 33013
p 0 212 33013
x 0 33014
p 0 232 33014
x 0 33015
p 0 230 33015
x 0 33016
p 0 225 33016
x 0 33017
p 0 260 33017
x 0 33018
p 0 228 33018
x 0 33019
p 0 233 33019
x 0 33020
p 0 285 33020
x 0 33021
p 0 358 33021
x 0 33022
p 0 234 33022
x 0 33023
p 0 329 33023
x 0 33024
p 0 257 33024
x 0 33025
p 0 228 33025
x 0 33026
p 0 224 33026
x 0 33027
p 0 233 33027
x 0 33028
p 0 224 33028
x 0 33029
p 0 232 33029
x 0 33030
p 0 229 33030
x 0 33031
p 0 288 33031
x 0 33032
p 0 230 33032
x 0 33033
p 0 227 33033
x 0 33034
p 0 228 33034
x 0 33035
p 0 229 33035
x 0 33036
p 0 226 33036
x 0 33037
p 0 226 33037
x 0 33038
p 0 299 33038
x 0 33039
p 0 245 33039
x 0 33040
p 0 227 33040
x 0 33041
p 0 231 33041
x 0 33042
p 0 297 33042
x 0 33043
p 0 242 33043
x 0 33044
p 0 227 33044
x 0 33045
p 0 228 33045
x 0 33046
p 0 217 33046
x 0 33047
p 0 228 33047
x 0 33048
p 0 230 33048
x 0 33049
p 0 253 33049
x 0 33050
p 0 229 33050
x 0 33051
p 0 238 33051
x 0 33052
p 0 234 33052
x 0 33053
p 0 407 33053
x 0 33054
p 0 229 33054
x 0 33055
p 0 412 33055
x 0 33056
p 0 257 33056
x 0 33057
p 0 232 33057
x 0 33058
p 0 227 33058
x 0 33059
p 0 911 33059
x 0 33060
p 0 375 33060
x 0 33000
h 0 10.0.0.10
p 0 4223 33000
x 1 33001
h 1 10.0.0.10
p 1 222 33001
x 0 33002
p 0 180 33002
x 0 33003
p 0 188 33003
x 0 33004
p 0 187 33004
x 0 33005
p 0 192 33005
x 0 33006
p 0 233 33006
x 0 33007
p 0 236 33007
x 0 33008
p 0 334 33008
x 0 33009
p 0 227 33009
x 0 33010
p 0 242 33010
x 0 33011
p 0 222 33011
x 0 33012
p 0 235 33012
x 0 33013
p 0 231 33013
x 0 33014
p 0 238 33014
x 0 33015
p 0 237 33015
x 0 33016
p 0 249 33016
x 0 33017
p 0 256 33017
x 0 33018
p 0 240 33018
x 0 33019
p 0 233 33019
x 0 33020
p 0 235 33020
x 0 33021
p 0 242 33021
x 0 33022
p 0 246 33022
x 0 33023
p 0 279 33023
x 0 33024
p 0 420 33024
x 0 33025
p 0 232 33025
x 0 33026
p 0 224 33026
x 0 33027
p 0 230 33027
x 0 33028
p 0 228 33028
x 0 33029
p 0 224 33029
x 0 33030
p 0 395 33030
x 0 33031
p 0 227 33031
x 0 33032
p 0 227 33032
x 0 33033
p 0 231 33033
x 0 33034
p 0 232 33034
x 0 33035
p 0 235 33035
x 0 33036
p 0 232 33036
x 0 33037
p 0 355 33037
x 0 33038
p 0 224 33038
x 0 33039
p 0 231 33039
x 0 33040
p 0 230 33040
x 0 33041
p 0 215 33041
x 0 33042
p 0 206 33042
x 0 33043
p 0 200 33043
x 0 33044
p 0 204 33044
x 0 33045
p 0 220 33045
x 0 33046
p 0 196 33046
x 0 33047
p 0 201 33047
x 0 33048
p 0 199 33048
x 0 33049
p 0 209 33049
x 0 33050
p 0 203 33050
x 0 33051
p 0 224 33051
x 0 33052
p 0 204 33052
x 0 33053
p 0 202 33053
x 0 33054
p 0 201 33054
x 0 33055
p 0 208 33055
x 0 33056
p 0 214 33056
x 0 33057
p 0 231 33057
x 0 33058
p 0 229 33058
x 0 33059
p 0 309 33059
x 0 33060
p 0 220 33060
x 0 33000
h 0 10.0.0.10
p 0 10254 33000
x 1 33001
h 1 10.0.0.10
p 1 753 33001
x 0 33002
p 0 224 33002
x 0 33003
p 0 221 33003
x 0 33004
p 0 217 33004
x 0 33005
p 0 227 33005
x 0 33006
p 0 142 33006
x 0 33007
p 0 189 33007
x 0 33008
p 0 227 33008
x 0 33009
p 0 298 33009
x 0 33010
p 0 214 33010
x 0 33011
p 0 242 33011
x 0 33012
p 0 251 33012
x 0 33013
p 0 164 33013
x 0 33014
p 0 159 33014
x 0 33015
p 0 218 33015
x 0 33016
p 0 251 33016
x 0 33017
p 0 242 33017
x 0 33018
p 0 202 33018
x 0 33019
p 0 229 33019
x 0 33020
p 0 330 33020
x 0 33021
p 0 230 33021
x 0 33022
p 0 220 33022
x 0 33023
p 0 215 33023
x 0 33024
p 0 218 33024
x 0 33025
p 0 210 33025
x 0 33026
p 0 191 33026
x 0 33027
p 0 214 33027
x 0 33028
p 0 192 33028
x 0 33029
p 0 221 33029
x 0 33030
p 0 191 33030
x 0 33031
p 0 190 33031
x 0 33032
p 0 222 33032
x 0 33033
p 0 194 33033
x 0 33034
p 0 198 33034
x 0 33035
p 0 232 33035
x 0 33036
p 0 219 33036
x 0 33037
p 0 195 33037
x 0 33038
p 0 184 33038
x 0 33039
p 0 181 33039
x 0 33040
p 0 184 33040
x 0 33041
p 0 185 33041
x 0 33042
p 0 222 33042
x 0 33043
p 0 219 33043
x 0 33044
p 0 226 33044
x 0 33045
p 0 343 33045
x 0 33046
p 0 231 33046
x 0 33047
p 0 226 33047
x 0 33048
p 0 227 33048
x 0 33049
p 0 226 33049
x 0 33050
p 0 228 33050
x 0 33051
p 0 245 33051
x 0 33052
p 0 310 33052
x 0 33053
p 0 225 33053
x 0 33054
p 0 218 33054
x 0 33055
p 0 216 33055
x 0 33056
p 0 216 33056
x 0 33057
p 0 217 33057
x 0 33058
p 0 214 33058
x 0 33059
p 0 640 33059
x 0 33060
p 0 214 33060
x 0 33000
h 0 10.0.0.10
p 0 8023 33000
x 1 33001
h 1 10.0.0.10
p 1 590 33001
x 0 33002
p 0 103 33002
x 0 33003
p 0 196 33003
x 0 33004
p 0 195 33004
x 0 33005
p 0 218 33005
x 0 33006
p 0 253 33006
x 0 33007
p 0 226 33007
x 0 33008
p 0 223 33008
x 0 33009
p 0 220 33009
x 0 33010
p 0 222 33010
x 0 33011
p 0 226 33011
x 0 33012
p 0 234 33012
x 0 33013
p 0 223 33013
x 0 33014
p 0 224 33014
x 0 33015
p 0 227 33015
x 0 33016
p 0 327 33016
x 0 33017
p 0 227 33017
x 0 33018
p 0 224 33018
x 0 33019
p 0 219 33019
x 0 33020
p 0 219 33020
x 0 33021
p 0 225 33021
x 0 33022
p 0 231 33022
x 0 33023
p 0 232 33023
x 0 33024
p 0 227 33024
x 0 33025
p 0 234 33025
x 0 33026
p 0 232 33026
x 0 33027
p 0 293 33027
x 0 33028
p 0 213 33028
x 0 33029
p 0 235 33029
x 0 33030
p 0 229 33030
x 0 33031
p 0 234 33031
x 0 33032
p 0 209 33032
x 0 33033
p 0 233 33033
x 0 33034
p 0 256 33034
x 0 33035
p 0 220 33035
x 0 33036
p 0 234 33036
x 0 33037
p 0 224 33037
x 0 33038
p 0 221 33038
x 0 33039
p 0 222 33039
x 0 33040
p 0 218 33040
x 0 33041
p 0 250 33041
x 0 33042
p 0 224 33042
x 0 33043
p 0 271 33043
x 0 33044
p 0 216 33044
x 0 33045
p 0 220 33045
x 0 33046
p 0 220 33046
x 0 33047
p 0 218 33047
x 0 33048
p 0 221 33048
x 0 33049
p 0 219 33049
x 0 33050
p 0 256 33050
x 0 33051
p 0 229 33051
x 0 33052
p 0 225 33052
x 0 33053
p 0 220 33053
x 0 33054
p 0 225 33054
x 0 33055
p 0 273 33055
x 0 33056
p 0 224 33056
x 0 33057
p 0 223 33057
x 0 33058
p 0 218 33058
x 0 33059
p 0 216 33059
x 0 33060
p 0 219 33060
x 0 33000
h 0 10.0.0.10
p 0 1814 33000
x 1 33001
h 1 10.0.0.10
p 1 246 33001
x 0 33002
p 0 218 33002
x 0 33003
p 0 281 33003
x 0 33004
p 0 226 33004
x 0 33005
p 0 222 33005
x 0 33006
p 0 241 33006
x 0 33007
p 0 236 33007
x 0 33008
p 0 188 33008
x 0 33009
p 0 255 33009
x 0 33010
p 0 186 33010
x 0 33011
p 0 191 33011
x 0 33012
p 0 188 33012
x 0 33013
p 0 191 33013
x 0 33014
p 0 218 33014
x 0 33015
p 0 194 33015
x 0 33016
p 0 190 33016
x 0 33017
p 0 188 33017
x 0 33018
p 0 244 33018
x 0 33019
p 0 189 33019
x 0 33020
p 0 190 33020
x 0 33021
p 0 191 33021
x 0 33022
p 0 190 33022
x 0 33023
p 0 198 33023
x 0 33024
p 0 217 33024
x 0 33025
p 0 216 33025
x 0 33026
p 0 197 33026
x 0 33027
p 0 223 33027
x 0 33028
p 0 219 33028
x 0 33029
p 0 194 33029
x 0 33030
p 0 190 33030
x 0 33031
p 0 220 33031
x 0 33032
p 0 186 33032
x 0 33033
p 0 221 33033
x 0 33034
p 0 217 33034
x 0 33035
p 0 217 33035
x 0 33036
p 0 274 33036
x 0 33037
p 0 191 33037
x 0 33038
p 0 216 33038
x 0 33039
p 0 222 33039
x 0 33040
p 0 199 33040
x 0 33041
p 0 197 33041
x 0 33042
p 0 223 33042
x 0 33043
p 0 315 33043
x 0 33044
p 0 218 33044
x 0 33045
p 0 224 33045
x 0 33046
p 0 222 33046
x 0 33047
p 0 224 33047
x 0 33048
p 0 191 33048
x 0 33049
p 0 212 33049
x 0 33050
p 0 218 33050
x 0 33051
p 0 198 33051
x 0 33052
p 0 224 33052
x 0 33053
p 0 229 33053
x 0 33054
p 0 224 33054
x 0 33055
p 0 192 33055
x 0 33056
p 0 225 33056
x 0 33057
p 0 255 33057
x 0 33058
p 0 224 33058
x 0 33059
p 0 207 33059
x 0 33060
p 0 222 33060
x 0 33000
h 0 10.0.0.10
p 0 1333 33000
x 1 33001
h 1 10.0.0.10
p 1 209 33001
x 0 33002
p 0 216 33002
x 0 33003
p 0 213 33003
x 0 33004
p 0 218 33004
x 0 33005
p 0 211 33005
x 0 33006
p 0 212 33006
x 0 33007
p 0 211 33007
x 0 33008
p 0 208 33008
x 0 33009
p 0 209 33009
x 0 33010
p 0 212 33010
x 0 33011
p 0 211 33011
x 0 33012
p 0 243 33012
x 0 33013
p 0 213 33013
x 0 33014
p 0 212 33014
x 0 33015
p 0 211 33015
x 0 33016
p 0 214 33016
x 0 33017
p 0 215 33017
x 0 33018
p 0 209 33018
x 0 33019
p 0 210 33019
x 0 33020
p 0 209 33020
x 0 33021
p 0 212 33021
x 0 33022
p 0 210 33022
x 0 33023
p 0 208 33023
x 0 33024
p 0 237 33024
x 0 33025
p 0 214 33025
x 0 33026
p 0 212 33026
x 0 33027
p 0 210 33027
x 0 33028
p 0 213 33028
x 0 33029
p 0 206 33029
x 0 33030
p 0 208 33030
x 0 33031
p 0 242 33031
x 0 33032
p 0 214 33032
x 0 33033
p 0 209 33033
x 0 33034
p 0 208 33034
x 0 33035
p 0 214 33035
x 0 33036
p 0 237 33036
x 0 33037
p 0 208 33037
x 0 33038
p 0 213 33038
x 0 33039
p 0 210 33039
x 0 33040
p 0 208 33040
x 0 33041
p 0 210 33041
x 0 33042
p 0 250 33042
x 0 33043
p 0 207 33043
x 0 33044
p 0 256 33044
x 0 33045
p 0 244 33045
x 0 33046
p 0 211 33046
x 0 33047
p 0 220 33047
x 0 33048
p 0 205 33048
x 0 33049
p 0 248 33049
x 0 33050
p 0 211 33050
x 0 33051
p 0 210 33051
x 0 33052
p 0 254 33052
x 0 33053
p 0 212 33053
x 0 33054
p 0 237 33054
x 0 33055
p 0 219 33055
x 0 33056
p 0 254 33056
x 0 33057
p 0 212 33057
x 0 33058
p 0 209 33058
x 0 33059
p 0 210 33059
x 0 33060
p 0 210 33060
x 0 33000
h 0 10.0.0.10
p 0 16620 33000
x 1 33001
h 1 10.0.0.10
p 1 807 33001
x 0 33002
p 0 198 33002
x 0 33003
p 0 225 33003
x 0 33004
p 0 230 33004
x 0 33005
p 0 225 33005
x 0 33006
p 0 228 33006
x 0 33007
p 0 222 33007
x 0 33008
p 0 218 33008
x 0 33009
p 0 253 33009
x 0 33010
p 0 213 33010
x 0 33011
p 0 220 33011
x 0 33012
p 0 250 33012
x 0 33013
p 0 213 33013
x 0 33014
p 0 218 33014
x 0 33015
p 0 220 33015
x 0 33016
p 0 258 33016
x 0 33017
p 0 218 33017
x 0 33018
p 0 220 33018
x 0 33019
p 0 264 33019
x 0 33020
p 0 221 33020
x 0 33021
p 0 220 33021
x 0 33022
p 0 221 33022
x 0 33023
p 0 340 33023
x 0 33024
p 0 221 33024
x 0 33025
p 0 218 33025
x 0 33026
p 0 246 33026
x 0 33027
p 0 218 33027
x 0 33028
p 0 217 33028
x 0 33029
p 0 216 33029
x 0 33030
p 0 205 33030
x 0 33031
p 0 224 33031
x 0 33032
p 0 218 33032
x 0 33033
p 0 188 33033
x 0 33034
p 0 221 33034
x 0 33035
p 0 192 33035
x 0 33036
p 0 221 33036
x 0 33037
p 0 217 33037
x 0 33038
p 0 212 33038
x 0 33039
p 0 190 33039
x 0 33040
p 0 219 33040
x 0 33041
p 0 275 33041
x 0 33042
p 0 220 33042
x 0 33043
p 0 214 33043
x 0 33044
p 0 258 33044
x 0 33045
p 0 214 33045
x 0 33046
p 0 207 33046
x 0 33047
p 0 220 33047
x 0 33048
p 0 215 33048
x 0 33049
p 0 221 33049
x 0 33050
p 0 300 33050
x 0 33051
p 0 218 33051
x 0 33052
p 0 219 33052
x 0 33053
p 0 190 33053
x 0 33054
p 0 219 33054
x 0 33055
p 0 314 33055
x 0 33056
p 0 195 33056
x 0 33057
p 0 222 33057
x 0 33058
p 0 222 33058
x 0 33059
p 0 218 33059
x 0 33060
p 0 217 33060
x 0 33000
h 0 10.0.0.10
p 0 810 33000
x 1 33001
h 1 10.0.0.10
p 1 212 33001
x 0 33002
p 0 255 33002
x 0 33003
p 0 219 33003
x 0 33004
p 0 220 33004
x 0 33005
p 0 224 33005
x 0 33006
p 0 255 33006
x 0 33007
p 0 223 33007
x 0 33008
p 0 219 33008
x 0 33009
p 0 221 33009
x 0 33010
p 0 225 33010
x 0 33011
p 0 337 33011
x 0 33012
p 0 222 33012
x 0 33013
p 0 225 33013
x 0 33014
p 0 223 33014
x 0 33015
p 0 225 33015
x 0 33016
p 0 224 33016
x 0 33017
p 0 250 33017
x 0 33018
p 0 265 33018
x 0 33019
p 0 219 33019
x 0 33020
p 0 217 33020
x 0 33021
p 0 219 33021
x 0 33022
p 0 220 33022
x 0 33023
p 0 219 33023
x 0 33024
p 0 217 33024
x 0 33025
p 0 259 33025
x 0 33026
p 0 226 33026
x 0 33027
p 0 219 33027
x 0 33028
p 0 220 33028
x 0 33029
p 0 130 33029
x 0 33030
p 0 222 33030
x 0 33031
p 0 220 33031
x 0 33032
p 0 199 33032
x 0 33033
p 0 215 33033
x 0 33034
p 0 220 33034
x 0 33035
p 0 249 33035
x 0 33036
p 0 221 33036
x 0 33037
p 0 212 33037
x 0 33038
p 0 219 33038
x 0 33039
p 0 223 33039
x 0 33040
p 0 253 33040
x 0 33041
p 0 222 33041
x 0 33042
p 0 218 33042
x 0 33043
p 0 161 33043
x 0 33044
p 0 169 33044
x 0 33045
p 0 159 33045
x 0 33046
p 0 176 33046
x 0 33047
p 0 184 33047
x 0 33048
p 0 215 33048
x 0 33049
p 0 217 33049
x 0 33050
p 0 215 33050
x 0 33051
p 0 274 33051
x 0 33052
p 0 191 33052
x 0 33053
p 0 215 33053
x 0 33054
p 0 231 33054
x 0 33055
p 0 225 33055
x 0 33056
p 0 227 33056
x 0 33057
p 0 225 33057
x 0 33058
p 0 223 33058
x 0 33059
p 0 227 33059
x 0 33060
p 0 225 33060
x 0 33000
h 0 10.0.0.10
p 0 10198 33000
x 1 33001
h 1 10.0.0.10
p 1 732 33001
x 0 33002
p 0 219 33002
x 0 33003
p 0 215 33003
x 0 33004
p 0 208 33004
x 0 33005
p 0 212 33005
x 0 33006
p 0 256 33006
x 0 33007
p 0 233 33007
x 0 33008
p 0 216 33008
x 0 33009
p 0 220 33009
x 0 33010
p 0 210 33010
x 0 33011
p 0 215 33011
x 0 33012
p 0 215 33012
x 0 33013
p 0 259 33013
x 0 33014
p 0 211 33014
x 0 33015
p 0 227 33015
x 0 33016
p 0 217 33016
x 0 33017
p 0 224 33017
x 0 33018
p 0 221 33018
x 0 33019
p 0 219 33019
x 0 33020
p 0 280 33020
x 0 33021
p 0 221 33021
x 0 33022
p 0 249 33022
x 0 33023
p 0 220 33023
x 0 33024
p 0 217 33024
x 0 33025
p 0 219 33025
x 0 33026
p 0 223 33026
x 0 33027
p 0 271 33027
x 0 33028
p 0 210 33028
x 0 33029
p 0 210 33029
x 0 33030
p 0 212 33030
x 0 33031
p 0 217 33031
x 0 33032
p 0 231 33032
x 0 33033
p 0 218 33033
x 0 33034
p 0 271 33034
x 0 33035
p 0 218 33035
x 0 33036
p 0 219 33036
x 0 33037
p 0 222 33037
x 0 33038
p 0 217 33038
x 0 33039
p 0 451 33039
x 0 33040
p 0 246 33040
x 0 33041
p 0 222 33041
x 0 33042
p 0 219 33042
x 0 33043
p 0 231 33043
x 0 33044
p 0 237 33044
x 0 33045
p 0 216 33045
x 0 33046
p 0 216 33046
x 0 33047
p 0 213 33047
x 0 33048
p 0 319 33048
x 0 33049
p 0 391 33049
x 0 33050
p 0 219 33050
x 0 33051
p 0 254 33051
x 0 33052
p 0 221 33052
x 0 33053
p 0 216 33053
x 0 33054
p 0 253 33054
x 0 33055
p 0 213 33055
x 0 33056
p 0 220 33056
x 0 33057
p 0 218 33057
x 0 33058
p 0 247 33058
x 0 33059
p 0 215 33059
x 0 33060
p 0 214 33060
x 0 33000
h 0 10.0.0.10
p 0 13730 33000
x 1 33001
h 1 10.0.0.10
p 1 260 33001
x 0 33002
p 0 247 33002
x 0 33003
p 0 248 33003
x 0 33004
p 0 247 33004
x 0 33005
p 0 259 33005
x 0 33006
p 0 267 33006
x 0 33007
p 0 246 33007
x 0 33008
p 0 187 33008
x 0 33009
p 0 220 33009
x 0 33010
p 0 228 33010
x 0 33011
p 0 235 33011
x 0 33012
p 0 206 33012
x 0 33013
p 0 262 33013
x 0 33014
p 0 259 33014
x 0 33015
p 0 203 33015
x 0 33016
p 0 288 33016
x 0 33017
p 0 262 33017
x 0 33018
p 0 230 33018
x 0 33019
p 0 199 33019
x 0 33020
p 0 255 33020
x 0 33021
p 0 236 33021
x 0 33022
p 0 257 33022
x 0 33023
p 0 226 33023
x 0 33024
p 0 193 33024
x 0 33025
p 0 189 33025
x 0 33026
p 0 197 33026
x 0 33027
p 0 197 33027
x 0 33028
p 0 192 33028
x 0 33029
p 0 193 33029
x 0 33030
p 0 195 33030
x 0 33031
p 0 196 33031
x 0 33032
p 0 200 33032
x 0 33033
p 0 282 33033
x 0 33034
p 0 244 33034
x 0 33035
p 0 225 33035
x 0 33036
p 0 222 33036
x 0 33037
p 0 221 33037
x 0 33038
p 0 223 33038
x 0 33039
p 0 220 33039
x 0 33040
p 0 219 33040
x 0 33041
p 0 221 33041
x 0 33042
p 0 223 33042
x 0 33043
p 0 220 33043
x 0 33044
p 0 216 33044
x 0 33045
p 0 222 33045
x 0 33046
p 0 226 33046
x 0 33047
p 0 224 33047
x 0 33048
p 0 229 33048
x 0 33049
p 0 219 33049
x 0 33050
p 0 229 33050
x 0 33051
p 0 230 33051
x 0 33052
p 0 248 33052
x 0 33053
p 0 224 33053
x 0 33054
p 0 327 33054
x 0 33055
p 0 230 33055
x 0 33056
p 0 230 33056
x 0 33057
p 0 223 33057
x 0 33058
p 0 225 33058
x 0 33059
p 0 225 33059
x 0 33060
p 0 230 33060
x 0 33000
h 0 10.0.0.10
p 0 13488 33000
x 1 33001
h 1 10.0.0.10
p 1 730 33001
x 0 33002
p 0 234 33002
x 0 33003
p 0 224 33003
x 0 33004
p 0 221 33004
x 0 33005
p 0 222 33005
x 0 33006
p 0 285 33006
x 0 33007
p 0 222 33007
x 0 33008
p 0 228 33008
x 0 33009
p 0 233 33009
x 0 33010
p 0 234 33010
x 0 33011
p 0 210 33011
x 0 33012
p 0 232 33012
x 0 33013
p 0 234 33013
x 0 33014
p 0 232 33014
x 0 33015
p 0 237 33015
x 0 33016
p 0 269 33016
x 0 33017
p 0 233 33017
x 0 33018
p 0 222 33018
x 0 33019
p 0 224 33019
x 0 33020
p 0 228 33020
x 0 33021
p 0 261 33021
x 0 33022
p 0 226 33022
x 0 33023
p 0 261 33023
x 0 33024
p 0 204 33024
x 0 33025
p 0 234 33025
x 0 33026
p 0 241 33026
x 0 33027
p 0 240 33027
x 0 33028
p 0 233 33028
x 0 33029
p 0 228 33029
x 0 33030
p 0 254 33030
x 0 33031
p 0 230 33031
x 0 33032
p 0 229 33032
x 0 33033
p 0 232 33033
x 0 33034
p 0 226 33034
x 0 33035
p 0 222 33035
x 0 33036
p 0 225 33036
x 0 33037
p 0 270 33037
x 0 33038
p 0 273 33038
x 0 33039
p 0 221 33039
x 0 33040
p 0 226 33040
x 0 33041
p 0 235 33041
x 0 33042
p 0 181 33042
x 0 33043
p 0 176 33043
x 0 33044
p 0 176 33044
x 0 33045
p 0 303 33045
x 0 33046
p 0 178 33046
x 0 33047
p 0 182 33047
x 0 33048
p 0 177 33048
x 0 33049
p 0 210 33049
x 0 33050
p 0 176 33050
x 0 33051
p 0 200 33051
x 0 33052
p 0 183 33052
x 0 33053
p 0 166 33053
x 0 33054
p 0 168 33054
x 0 33055
p 0 164 33055
x 0 33056
p 0 222 33056
x 0 33057
p 0 210 33057
x 0 33058
p 0 228 33058
x 0 33059
p 0 168 33059
x 0 33060
p 0 252 33060
x 0 33000
h 0 10.0.0.10
p 0 12579 33000
x 1 33001
h 1 10.0.0.10
p 1 378 33001
x 0 33002
p 0 311 33002
x 0 33003
p 0 228 33003
x 0 33004
p 0 223 33004
x 0 33005
p 0 227 33005
x 0 33006
p 0 272 33006
x 0 33007
p 0 259 33007
x 0 33008
p 0 244 33008
x 0 33009
p 0 236 33009
x 0 33010
p 0 250 33010
x 0 33011
p 0 240 33011
x 0 33012
p 0 242 33012
x 0 33013
p 0 252 33013
x 0 33014
p 0 228 33014
x 0 33015
p 0 261 33015
x 0 33016
p 0 249 33016
x 0 33017
p 0 243 33017
x 0 33018
p 0 250 33018
x 0 33019
p 0 229 33019
x 0 33020
p 0 244 33020
x 0 33021
p 0 257 33021
x 0 33022
p 0 249 33022
x 0 33023
p 0 247 33023
x 0 33024
p 0 235 33024
x 0 33025
p 0 248 33025
x 0 33026
p 0 267 33026
x 0 33027
p 0 275 33027
x 0 33028
p 0 245 33028
x 0 33029
p 0 232 33029
x 0 33030
p 0 252 33030
x 0 33031
p 0 246 33031
x 0 33032
p 0 247 33032
x 0 33033
p 0 248 33033
x 0 33034
p 0 271 33034
x 0 33035
p 0 318 33035
x 0 33036
p 0 255 33036
x 0 33037
p 0 263 33037
x 0 33038
p 0 260 33038
x 0 33039
p 0 238 33039
x 0 33040
p 0 236 33040
x 0 33041
p 0 247 33041
x 0 33042
p 0 233 33042
x 0 33043
p 0 229 33043
x 0 33044
p 0 282 33044
x 0 33045
p 0 229 33045
x 0 33046
p 0 228 33046
x 0 33047
p 0 232 33047
x 0 33048
p 0 264 33048
x 0 33049
p 0 222 33049
x 0 33050
p 0 230 33050
x 0 33051
p 0 93 33051
x 0 33052
p 0 234 33052
x 0 33053
p 0 227 33053
x 0 33054
p 0 223 33054
x 0 33055
p 0 148 33055
x 0 33056
p 0 230 33056
x 0 33057
p 0 238 33057
x 0 33058
p 0 233 33058
x 0 33059
p 0 224 33059
x 0 33060
p 0 152 33060
x 0 33000
h 0 10.0.0.10
p 0 1784 33000
x 1 33001
h 1 10.0.0.10
p 1 236 33001
x 0 33002
p 0 231 33002
x 0 33003
p 0 324 33003
x 0 33004
p 0 228 33004
x 0 33005
p 0 180 33005
x 0 33006
p 0 231 33006
x 0 33007
p 0 222 33007
x 0 33008
p 0 232 33008
x 0 33009
p 0 230 33009
x 0 33010
p 0 224 33010
x 0 33011
p 0 248 33011
x 0 33012
p 0 395 33012
x 0 33013
p 0 288 33013
x 0 33014
p 0 225 33014
x 0 33015
p 0 232 33015
x 0 33016
p 0 243 33016
x 0 33017
p 0 300 33017
x 0 33018
p 0 240 33018
x 0 33019
p 0 223 33019
x 0 33020
p 0 419 33020
x 0 33021
p 0 234 33021
x 0 33022
p 0 233 33022
x 0 33023
p 0 233 33023
x 0 33024
p 0 224 33024
x 0 33025
p 0 228 33025
x 0 33026
p 0 263 33026
x 0 33027
p 0 297 33027
x 0 33028
p 0 248 33028
x 0 33029
p 0 264 33029
x 0 33030
p 0 225 33030
x 0 33031
p 0 293 33031
x 0 33032
p 0 210 33032
x 0 33033
p 0 256 33033
x 0 33034
p 0 248 33034
x 0 33035
p 0 242 33035
x 0 33036
p 0 260 33036
x 0 33037
p 0 251 33037
x 0 33038
p 0 353 33038
x 0 33039
p 0 299 33039
x 0 33040
p 0 283 33040
x 0 33041
p 0 189 33041
x 0 33042
p 0 174 33042
x 0 33043
p 0 248 33043
x 0 33044
p 0 171 33044
x 0 33045
p 0 231 33045
x 0 33046
p 0 167 33046
x 0 33047
p 0 231 33047
x 0 33048
p 0 169 33048
x 0 33049
p 0 173 33049
x 0 33050
p 0 235 33050
x 0 33051
p 0 170 33051
x 0 33052
p 0 317 33052
x 0 33053
p 0 273 33053
x 0 33054
p 0 282 33054
x 0 33055
p 0 261 33055
x 0 33056
p 0 229 33056
x 0 33057
p 0 239 33057
x 0 33058
p 0 235 33058
x 0 33059
p 0 228 33059
x 0 33060
p 0 233 33060
x 0 33000
h 0 10.0.0.10
p 0 1701 33000
x 1 33001
h 1 10.0.0.10
p 1 215 33001
x 0 33002
p 0 252 33002
x 0 33003
p 0 229 33003
x 0 33004
p 0 230 33004
x 0 33005
p 0 224 33005
x 0 33006
p 0 231 33006
x 0 33007
p 0 228 33007
x 0 33008
p 0 243 33008
x 0 33009
p 0 212 33009
x 0 33010
p 0 223 33010
x 0 33011
p 0 216 33011
x 0 33012
p 0 215 33012
x 0 33013
p 0 212 33013
x 0 33014
p 0 212 33014
x 0 33015
p 0 211 33015
x 0 33016
p 0 210 33016
x 0 33017
p 0 211 33017
x 0 33018
p 0 211 33018
x 0 33019
p 0 210 33019
x 0 33020
p 0 244 33020
x 0 33021
p 0 271 33021
x 0 33022
p 0 210 33022
x 0 33023
p 0 211 33023
x 0 33024
p 0 208 33024
x 0 33025
p 0 214 33025
x 0 33026
p 0 213 33026
x 0 33027
p 0 209 33027
x 0 33028
p 0 210 33028
x 0 33029
p 0 212 33029
x 0 33030
p 0 212 33030
x 0 33031
p 0 209 33031
x 0 33032
p 0 214 33032
x 0 33033
p 0 210 33033
x 0 33034
p 0 208 33034
x 0 33035
p 0 215 33035
x 0 33036
p 0 211 33036
x 0 33037
p 0 213 33037
x 0 33038
p 0 210 33038
x 0 33039
p 0 212 33039
x 0 33040
p 0 212 33040
x 0 33041
p 0 211 33041
x 0 33042
p 0 213 33042
x 0 33043
p 0 208 33043
x 0 33044
p 0 208 33044
x 0 33045
p 0 218 33045
x 0 33046
p 0 210 33046
x 0 33047
p 0 214 33047
x 0 33048
p 0 212 33048
x 0 33049
p 0 238 33049
x 0 33050
p 0 216 33050
x 0 33051
p 0 211 33051
x 0 33052
p 0 235 33052
x 0 33053
p 0 266 33053
x 0 33054
p 0 212 33054
x 0 33055
p 0 216 33055
x 0 33056
p 0 209 33056
x 0 33057
p 0 212 33057
x 0 33058
p 0 189 33058
x 0 33059
p 0 208 33059
x 0 33060
p 0 218 33060
x 0 33000
h 0 10.0.0.10
p 0 1783 33000
x 1 33001
h 1 10.0.0.10
p 1 214 33001
x 0 33002
p 0 222 33002
x 0 33003
p 0 226 33003
x 0 33004
p 0 220 33004
x 0 33005
p 0 218 33005
x 0 33006
p 0 214 33006
x 0 33007
p 0 186 33007
x 0 33008
p 0 183 33008
x 0 33009
p 0 217 33009
x 0 33010
p 0 183 33010
x 0 33011
p 0 183 33011
x 0 33012
p 0 186 33012
x 0 33013
p 0 182 33013
x 0 33014
p 0 182 33014
x 0 33015
p 0 184 33015
x 0 33016
p 0 159 33016
x 0 33017
p 0 157 33017
x 0 33018
p 0 159 33018
x 0 33019
p 0 204 33019
x 0 33020
p 0 222 33020
x 0 33021
p 0 199 33021
x 0 33022
p 0 200 33022
x 0 33023
p 0 309 33023
x 0 33024
p 0 197 33024
x 0 33025
p 0 196 33025
x 0 33026
p 0 206 33026
x 0 33027
p 0 199 33027
x 0 33028
p 0 198 33028
x 0 33029
p 0 239 33029
x 0 33030
p 0 281 33030
x 0 33031
p 0 198 33031
x 0 33032
p 0 198 33032
x 0 33033
p 0 192 33033
x 0 33034
p 0 196 33034
x 0 33035
p 0 198 33035
x 0 33036
p 0 229 33036
x 0 33037
p 0 201 33037
x 0 33038
p 0 193 33038
x 0 33039
p 0 202 33039
x 0 33040
p 0 230 33040
x 0 33041
p 0 210 33041
x 0 33042
p 0 215 33042
x 0 33043
p 0 210 33043
x 0 33044
p 0 211 33044
x 0 33045
p 0 258 33045
x 0 33046
p 0 210 33046
x 0 33047
p 0 251 33047
x 0 33048
p 0 211 33048
x 0 33049
p 0 209 33049
x 0 33050
p 0 355 33050
x 0 33051
p 0 189 33051
x 0 33052
p 0 194 33052
x 0 33053
p 0 194 33053
x 0 33054
p 0 217 33054
x 0 33055
p 0 217 33055
x 0 33056
p 0 191 33056
x 0 33057
p 0 222 33057
x 0 33058
p 0 220 33058
x 0 33059
p 0 225 33059
x 0 33060
p 0 196 33060
x 0 33000
h 0 10.0.0.10
p 0 11304 33000
x 1 33001
h 1 10.0.0.10
p 1 606 33001
x 0 33002
p 0 227 33002
x 0 33003
p 0 221 33003
x 0 33004
p 0 225 33004
x 0 33005
p 0 225 33005
x 0 33006
p 0 225 33006
x 0 33007
p 0 225 33007
x 0 33008
p 0 225 33008
x 0 33009
p 0 220 33009
x 0 33010
p 0 221 33010
x 0 33011
p 0 262 33011
x 0 33012
p 0 281 33012
x 0 33013
p 0 224 33013
x 0 33014
p 0 227 33014
x 0 33015
p 0 223 33015
x 0 33016
p 0 306 33016
x 0 33017
p 0 225 33017
x 0 33018
p 0 260 33018
x 0 33019
p 0 223 33019
x 0 33020
p 0 228 33020
x 0 33021
p 0 226 33021
x 0 33022
p 0 243 33022
x 0 33023
p 0 226 33023
x 0 33024
p 0 223 33024
x 0 33025
p 0 265 33025
x 0 33026
p 0 355 33026
x 0 33027
p 0 220 33027
x 0 33028
p 0 220 33028
x 0 33029
p 0 217 33029
x 0 33030
p 0 219 33030
x 0 33031
p 0 218 33031
x 0 33032
p 0 223 33032
x 0 33033
p 0 220 33033
x 0 33034
p 0 219 33034
x 0 33035
p 0 223 33035
x 0 33036
p 0 220 33036
x 0 33037
p 0 219 33037
x 0 33038
p 0 218 33038
x 0 33039
p 0 218 33039
x 0 33040
p 0 218 33040
x 0 33041
p 0 221 33041
x 0 33042
p 0 218 33042
x 0 33043
p 0 219 33043
x 0 33044
p 0 259 33044
x 0 33045
p 0 214 33045
x 0 33046
p 0 219 33046
x 0 33047
p 0 219 33047
x 0 33048
p 0 219 33048
x 0 33049
p 0 218 33049
x 0 33050
p 0 251 33050
x 0 33051
p 0 217 33051
x 0 33052
p 0 220 33052
x 0 33053
p 0 217 33053
x 0 33054
p 0 217 33054
x 0 33055
p 0 250 33055
x 0 33056
p 0 218 33056
x 0 33057
p 0 221 33057
x 0 33058
p 0 250 33058
x 0 33059
p 0 222 33059
x 0 33060
p 0 217 33060
x 0 33000
h 0 10.0.0.10
p 0 1597 33000
x 1 33001
h 1 10.0.0.10
p 1 215 33001
x 0 33002
p 0 220 33002
x 0 33003
p 0 224 33003
x 0 33004
p 0 261 33004
x 0 33005
p 0 223 33005
x 0 33006
p 0 223 33006
x 0 33007
p 0 220 33007
x 0 33008
p 0 221 33008
x 0 33009
p 0 221 33009
x 0 33010
p 0 257 33010
x 0 33011
p 0 287 33011
x 0 33012
p 0 224 33012
x 0 33013
p 0 219 33013
x 0 33014
p 0 224 33014
x 0 33015
p 0 230 33015
x 0 33016
p 0 223 33016
x 0 33017
p 0 255 33017
x 0 33018
p 0 221 33018
x 0 33019
p 0 222 33019
x 0 33020
p 0 225 33020
x 0 33021
p 0 221 33021
x 0 33022
p 0 222 33022
x 0 33023
p 0 222 33023
x 0 33024
p 0 249 33024
x 0 33025
p 0 227 33025
x 0 33026
p 0 225 33026
x 0 33027
p 0 223 33027
x 0 33028
p 0 219 33028
x 0 33029
p 0 225 33029
x 0 33030
p 0 226 33030
x 0 33031
p 0 273 33031
x 0 33032
p 0 225 33032
x 0 33033
p 0 223 33033
x 0 33034
p 0 217 33034
x 0 33035
p 0 214 33035
x 0 33036
p 0 215 33036
x 0 33037
p 0 217 33037
x 0 33038
p 0 217 33038
x 0 33039
p 0 216 33039
x 0 33040
p 0 220 33040
x 0 33041
p 0 221 33041
x 0 33042
p 0 214 33042
x 0 33043
p 0 214 33043
x 0 33044
p 0 216 33044
x 0 33045
p 0 177 33045
x 0 33046
p 0 178 33046
x 0 33047
p 0 177 33047
x 0 33048
p 0 180 33048
x 0 33049
p 0 207 33049
x 0 33050
p 0 180 33050
x 0 33051
p 0 181 33051
x 0 33052
p 0 203 33052
x 0 33053
p 0 157 33053
x 0 33054
p 0 158 33054
x 0 33055
p 0 167 33055
x 0 33056
p 0 157 33056
x 0 33057
p 0 158 33057
x 0 33058
p 0 156 33058
x 0 33059
p 0 220 33059
x 0 33060
p 0 166 33060
x 0 33000
h 0 10.0.0.10
p 0 1526 33000
x 1 33001
h 1 10.0.0.10
p 1 214 33001
x 0 33002
p 0 132 33002
x 0 33003
p 0 218 33003
x 0 33004
p 0 413 33004
x 0 33005
p 0 223 33005
x 0 33006
p 0 253 33006
x 0 33007
p 0 220 33007
x 0 33008
p 0 219 33008
x 0 33009
p 0 252 33009
x 0 33010
p 0 264 33010
x 0 33011
p 0 224 33011
x 0 33012
p 0 223 33012
x 0 33013
p 0 218 33013
x 0 33014
p 0 233 33014
x 0 33015
p 0 224 33015
x 0 33016
p 0 248 33016
x 0 33017
p 0 280 33017
x 0 33018
p 0 216 33018
x 0 33019
p 0 221 33019
x 0 33020
p 0 250 33020
x 0 33021
p 0 225 33021
x 0 33022
p 0 226 33022
x 0 33023
p 0 219 33023
x 0 33024
p 0 218 33024
x 0 33025
p 0 223 33025
x 0 33026
p 0 219 33026
x 0 33027
p 0 182 33027
x 0 33028
p 0 271 33028
x 0 33029
p 0 168 33029
x 0 33030
p 0 219 33030
x 0 33031
p 0 228 33031
x 0 33032
p 0 225 33032
x 0 33033
p 0 163 33033
x 0 33034
p 0 162 33034
x 0 33035
p 0 172 33035
x 0 33036
p 0 221 33036
x 0 33037
p 0 194 33037
x 0 33038
p 0 175 33038
x 0 33039
p 0 222 33039
x 0 33040
p 0 207 33040
x 0 33041
p 0 266 33041
x 0 33042
p 0 212 33042
x 0 33043
p 0 210 33043
x 0 33044
p 0 210 33044
x 0 33045
p 0 254 33045
x 0 33046
p 0 212 33046
x 0 33047
p 0 212 33047
x 0 33048
p 0 211 33048
x 0 33049
p 0 250 33049
x 0 33050
p 0 213 33050
x 0 33051
p 0 285 33051
x 0 33052
p 0 210 33052
x 0 33053
p 0 251 33053
x 0 33054
p 0 209 33054
x 0 33055
p 0 191 33055
x 0 33056
p 0 212 33056
x 0 33057
p 0 215 33057
x 0 33058
p 0 209 33058
x 0 33059
p 0 210 33059
x 0 33060
p 0 212 33060
x 0 33000
h 0 10.0.0.10
p 0 950 33000
x 1 33001
h 1 10.0.0.10
p 1 221 33001
x 0 33002
p 0 241 33002
x 0 33003
p 0 212 33003
x 0 33004
p 0 214 33004
x 0 33005
p 0 213 33005
x 0 33006
p 0 225 33006
x 0 33007
p 0 223 33007
x 0 33008
p 0 225 33008
x 0 33009
p 0 222 33009
x 0 33010
p 0 238 33010
x 0 33011
p 0 224 33011
x 0 33012
p 0 224 33012
x 0 33013
p 0 222 33013
x 0 33014
p 0 223 33014
x 0 33015
p 0 219 33015
x 0 33016
p 0 237 33016
x 0 33017
p 0 212 33017
x 0 33018
p 0 220 33018
x 0 33019
p 0 212 33019
x 0 33020
p 0 220 33020
x 0 33021
p 0 253 33021
x 0 33022
p 0 218 33022
x 0 33023
p 0 196 33023
x 0 33024
p 0 216 33024
x 0 33025
p 0 215 33025
x 0 33026
p 0 195 33026
x 0 33027
p 0 216 33027
x 0 33028
p 0 284 33028
x 0 33029
p 0 219 33029
x 0 33030
p 0 215 33030
x 0 33031
p 0 215 33031
x 0 33032
p 0 219 33032
x 0 33033
p 0 272 33033
x 0 33034
p 0 218 33034
x 0 33035
p 0 214 33035
x 0 33036
p 0 216 33036
x 0 33037
p 0 237 33037
x 0 33038
p 0 215 33038
x 0 33039
p 0 217 33039
x 0 33040
p 0 177 33040
x 0 33041
p 0 183 33041
x 0 33042
p 0 216 33042
x 0 33043
p 0 216 33043
x 0 33044
p 0 216 33044
x 0 33045
p 0 215 33045
x 0 33046
p 0 211 33046
x 0 33047
p 0 163 33047
x 0 33048
p 0 163 33048
x 0 33049
p 0 216 33049
x 0 33050
p 0 213 33050
x 0 33051
p 0 172 33051
x 0 33052
p 0 163 33052
x 0 33053
p 0 215 33053
x 0 33054
p 0 165 33054
x 0 33055
p 0 215 33055
x 0 33056
p 0 166 33056
x 0 33057
p 0 159 33057
x 0 33058
p 0 189 33058
x 0 33059
p 0 160 33059
x 0 33060
p 0 160 33060
x 0 33000
h 0 10.0.0.10
p 0 1561 33000
x 1 33001
h 1 10.0.0.10
p 1 226 33001
x 0 33002
p 0 220 33002
x 0 33003
p 0 228 33003
x 0 33004
p 0 226 33004
x 0 33005
p 0 203 33005
x 0 33006
p 0 191 33006
x 0 33007
p 0 200 33007
x 0 33008
p 0 198 33008
x 0 33009
p 0 196 33009
x 0 33010
p 0 225 33010
x 0 33011
p 0 255 33011
x 0 33012
p 0 265 33012
x 0 33013
p 0 219 33013
x 0 33014
p 0 219 33014
x 0 33015
p 0 223 33015
x 0 33016
p 0 217 33016
x 0 33017
p 0 220 33017
x 0 33018
p 0 222 33018
x 0 33019
p 0 222 33019
x 0 33020
p 0 224 33020
x 0 33021
p 0 217 33021
x 0 33022
p 0 227 33022
x 0 33023
p 0 223 33023
x 0 33024
p 0 222 33024
x 0 33025
p 0 296 33025
x 0 33026
p 0 217 33026
x 0 33027
p 0 256 33027
x 0 33028
p 0 224 33028
x 0 33029
p 0 220 33029
x 0 33030
p 0 223 33030
x 0 33031
p 0 214 33031
x 0 33032
p 0 229 33032
x 0 33033
p 0 219 33033
x 0 33034
p 0 252 33034
x 0 33035
p 0 218 33035
x 0 33036
p 0 220 33036
x 0 33037
p 0 222 33037
x 0 33038
p 0 221 33038
x 0 33039
p 0 221 33039
x 0 33040
p 0 219 33040
x 0 33041
p 0 218 33041
x 0 33042
p 0 303 33042
x 0 33043
p 0 220 33043
x 0 33044
p 0 218 33044
x 0 33045
p 0 270 33045
x 0 33046
p 0 221 33046
x 0 33047
p 0 180 33047
x 0 33048
p 0 251 33048
x 0 33049
p 0 215 33049
x 0 33050
p 0 208 33050
x 0 33051
p 0 216 33051
x 0 33052
p 0 224 33052
x 0 33053
p 0 256 33053
x 0 33054
p 0 219 33054
x 0 33055
p 0 218 33055
x 0 33056
p 0 211 33056
x 0 33057
p 0 252 33057
x 0 33058
p 0 190 33058
x 0 33059
p 0 214 33059
x 0 33060
p 0 217 33060
x 0 33000
h 0 10.0.0.10
p 0 11158 33000
x 1 33001
h 1 10.0.0.10
p 1 695 33001
x 0 33002
p 0 254 33002
x 0 33003
p 0 341 33003
x 0 33004
p 0 300 33004
x 0 33005
p 0 338 33005
x 0 33006
p 0 317 33006
x 0 33007
p 0 275 33007
x 0 33008
p 0 226 33008
x 0 33009
p 0 251 33009
x 0 33010
p 0 244 33010
x 0 33011
p 0 404 33011
x 0 33012
p 0 234 33012
x 0 33013
p 0 238 33013
x 0 33014
p 0 277 33014
x 0 33015
p 0 354 33015
x 0 33016
p 0 332 33016
x 0 33017
p 0 238 33017
x 0 33018
p 0 233 33018
x 0 33019
p 0 240 33019
x 0 33020
p 0 235 33020
x 0 33021
p 0 227 33021
x 0 33022
p 0 357 33022
x 0 33023
p 0 418 33023
x 0 33024
p 0 386 33024
x 0 33025
p 0 449 33025
x 0 33026
p 0 442 33026
x 0 33027
p 0 386 33027
x 0 33028
p 0 327 33028
x 0 33029
p 0 229 33029
x 0 33030
p 0 286 33030
x 0 33031
p 0 223 33031
x 0 33032
p 0 225 33032
x 0 33033
p 0 254 33033
x 0 33034
p 0 239 33034
x 0 33035
p 0 230 33035
x 0 33036
p 0 226 33036
x 0 33037
p 0 307 33037
x 0 33038
p 0 236 33038
x 0 33039
p 0 232 33039
x 0 33040
p 0 224 33040
x 0 33041
p 0 235 33041
x 0 33042
p 0 228 33042
x 0 33043
p 0 211 33043
x 0 33044
p 0 324 33044
x 0 33045
p 0 258 33045
x 0 33046
p 0 226 33046
x 0 33047
p 0 244 33047
x 0 33048
p 0 242 33048
x 0 33049
p 0 225 33049
x 0 33050
p 0 248 33050
x 0 33051
p 0 304 33051
x 0 33052
p 0 245 33052
x 0 33053
p 0 232 33053
x 0 33054
p 0 236 33054
x 0 33055
p 0 245 33055
x 0 33056
p 0 269 33056
x 0 33057
p 0 232 33057
x 0 33058
p 0 304 33058
x 0 33059
p 0 243 33059
x 0 33060
p 0 232 33060
x 0 33000
h 0 10.0.0.10
p 0 5597 33000
x 1 33001
h 1 10.0.0.10
p 1 217 33001
x 0 33002
p 0 282 33002
x 0 33003
p 0 234 33003
x 0 33004
p 0 230 33004
x 0 33005
p 0 233 33005
x 0 33006
p 0 227 33006
x 0 33007
p 0 223 33007
x 0 33008
p 0 239 33008
x 0 33009
p 0 259 33009
x 0 33010
p 0 242 33010
x 0 33011
p 0 235 33011
x 0 33012
p 0 233 33012
x 0 33013
p 0 240 33013
x 0 33014
p 0 230 33014
x 0 33015
p 0 240 33015
x 0 33016
p 0 263 33016
x 0 33017
p 0 218 33017
x 0 33018
p 0 227 33018
x 0 33019
p 0 226 33019
x 0 33020
p 0 228 33020
x 0 33021
p 0 220 33021
x 0 33022
p 0 225 33022
x 0 33023
p 0 233 33023
x 0 33024
p 0 226 33024
x 0 33025
p 0 227 33025
x 0 33026
p 0 222 33026
x 0 33027
p 0 218 33027
x 0 33028
p 0 262 33028
x 0 33029
p 0 219 33029
x 0 33030
p 0 226 33030
x 0 33031
p 0 221 33031
x 0 33032
p 0 222 33032
x 0 33033
p 0 231 33033
x 0 33034
p 0 231 33034
x 0 33035
p 0 290 33035
x 0 33036
p 0 227 33036
x 0 33037
p 0 220 33037
x 0 33038
p 0 223 33038
x 0 33039
p 0 230 33039
x 0 33040
p 0 236 33040
x 0 33041
p 0 226 33041
x 0 33042
p 0 283 33042
x 0 33043
p 0 225 33043
x 0 33044
p 0 227 33044
x 0 33045
p 0 227 33045
x 0 33046
p 0 237 33046
x 0 33047
p 0 225 33047
x 0 33048
p 0 223 33048
x 0 33049
p 0 296 33049
x 0 33050
p 0 227 33050
x 0 33051
p 0 223 33051
x 0 33052
p 0 225 33052
x 0 33053
p 0 170 33053
x 0 33054
p 0 169 33054
x 0 33055
p 0 177 33055
x 0 33056
p 0 291 33056
x 0 33057
p 0 221 33057
x 0 33058
p 0 227 33058
x 0 33059
p 0 183 33059
x 0 33060
p 0 173 33060
x 0 33000
h 0 10.0.0.10
p 0 6610 33000
x 1 33001
h 1 10.0.0.10
p 1 214 33001
x 0 33002
p 0 220 33002
x 0 33003
p 0 273 33003
x 0 33004
p 0 237 33004
x 0 33005
p 0 232 33005
x 0 33006
p 0 233 33006
x 0 33007
p 0 239 33007
x 0 33008
p 0 234 33008
x 0 33009
p 0 230 33009
x 0 33010
p 0 236 33010
x 0 33011
p 0 233 33011
x 0 33012
p 0 232 33012
x 0 33013
p 0 228 33013
x 0 33014
p 0 233 33014
x 0 33015
p 0 264 33015
x 0 33016
p 0 231 33016
x 0 33017
p 0 227 33017
x 0 33018
p 0 227 33018
x 0 33019
p 0 235 33019
x 0 33020
p 0 237 33020
x 0 33021
p 0 238 33021
x 0 33022
p 0 232 33022
x 0 33023
p 0 240 33023
x 0 33024
p 0 238 33024
x 0 33025
p 0 238 33025
x 0 33026
p 0 234 33026
x 0 33027
p 0 231 33027
x 0 33028
p 0 233 33028
x 0 33029
p 0 221 33029
x 0 33030
p 0 225 33030
x 0 33031
p 0 251 33031
x 0 33032
p 0 220 33032
x 0 33033
p 0 226 33033
x 0 33034
p 0 227 33034
x 0 33035
p 0 229 33035
x 0 33036
p 0 259 33036
x 0 33037
p 0 226 33037
x 0 33038
p 0 225 33038
x 0 33039
p 0 223 33039
x 0 33040
p 0 226 33040
x 0 33041
p 0 223 33041
x 0 33042
p 0 220 33042
x 0 33043
p 0 279 33043
x 0 33044
p 0 285 33044
x 0 33045
p 0 225 33045
x 0 33046
p 0 221 33046
x 0 33047
p 0 265 33047
x 0 33048
p 0 223 33048
x 0 33049
p 0 224 33049
x 0 33050
p 0 225 33050
x 0 33051
p 0 224 33051
x 0 33052
p 0 229 33052
x 0 33053
p 0 226 33053
x 0 33054
p 0 269 33054
x 0 33055
p 0 229 33055
x 0 33056
p 0 229 33056
x 0 33057
p 0 223 33057
x 0 33058
p 0 173 33058
x 0 33059
p 0 171 33059
x 0 33060
p 0 173 33060
x 0 33000
h 0 10.0.0.10
p 0 9002 33000
x 1 33001
h 1 10.0.0.10
p 1 516 33001
x 0 33002
p 0 256 33002
x 0 33003
p 0 222 33003
x 0 33004
p 0 226 33004
x 0 33005
p 0 221 33005
x 0 33006
p 0 224 33006
x 0 33007
p 0 222 33007
x 0 33008
p 0 299 33008
x 0 33009
p 0 222 33009
x 0 33010
p 0 226 33010
x 0 33011
p 0 345 33011
x 0 33012
p 0 257 33012
x 0 33013
p 0 103 33013
x 0 33014
p 0 240 33014
x 0 33015
p 0 230 33015
x 0 33016
p 0 228 33016
x 0 33017
p 0 228 33017
x 0 33018
p 0 203 33018
x 0 33019
p 0 267 33019
x 0 33020
p 0 346 33020
x 0 33021
p 0 244 33021
x 0 33022
p 0 259 33022
x 0 33023
p 0 260 33023
x 0 33024
p 0 236 33024
x 0 33025
p 0 260 33025
x 0 33026
p 0 206 33026
x 0 33027
p 0 224 33027
x 0 33028
p 0 223 33028
x 0 33029
p 0 259 33029
x 0 33030
p 0 222 33030
x 0 33031
p 0 233 33031
x 0 33032
p 0 256 33032
x 0 33033
p 0 230 33033
x 0 33034
p 0 232 33034
x 0 33035
p 0 230 33035
x 0 33036
p 0 298 33036
x 0 33037
p 0 230 33037
x 0 33038
p 0 232 33038
x 0 33039
p 0 282 33039
x 0 33040
p 0 231 33040
x 0 33041
p 0 223 33041
x 0 33042
p 0 222 33042
x 0 33043
p 0 225 33043
x 0 33044
p 0 223 33044
x 0 33045
p 0 229 33045
x 0 33046
p 0 258 33046
x 0 33047
p 0 225 33047
x 0 33048
p 0 226 33048
x 0 33049
p 0 227 33049
x 0 33050
p 0 226 33050
x 0 33051
p 0 265 33051
x 0 33052
p 0 219 33052
x 0 33053
p 0 222 33053
x 0 33054
p 0 221 33054
x 0 33055
p 0 224 33055
x 0 33056
p 0 236 33056
x 0 33057
p 0 222 33057
x 0 33058
p 0 220 33058
x 0 33059
p 0 222 33059
x 0 33060
p 0 225 33060
x 0 33000
h 0 10.0.0.10
p 0 9651 33000
x 1 33001
h 1 10.0.0.10
p 1 555 33001
x 0 33002
p 0 223 33002
x 0 33003
p 0 264 33003
x 0 33004
p 0 207 33004
x 0 33005
p 0 229 33005
x 0 33006
p 0 226 33006
x 0 33007
p 0 232 33007
x 0 33008
p 0 183 33008
x 0 33009
p 0 215 33009
x 0 33010
p 0 186 33010
x 0 33011
p 0 220 33011
x 0 33012
p 0 183 33012
x 0 33013
p 0 184 33013
x 0 33014
p 0 187 33014
x 0 33015
p 0 221 33015
x 0 33016
p 0 187 33016
x 0 33017
p 0 186 33017
x 0 33018
p 0 163 33018
x 0 33019
p 0 230 33019
x 0 33020
p 0 163 33020
x 0 33021
p 0 282 33021
x 0 33022
p 0 164 33022
x 0 33023
p 0 166 33023
x 0 33024
p 0 229 33024
x 0 33025
p 0 168 33025
x 0 33026
p 0 231 33026
x 0 33027
p 0 169 33027
x 0 33028
p 0 226 33028
x 0 33029
p 0 171 33029
x 0 33030
p 0 233 33030
x 0 33031
p 0 168 33031
x 0 33032
p 0 287 33032
x 0 33033
p 0 166 33033
x 0 33034
p 0 175 33034
x 0 33035
p 0 237 33035
x 0 33036
p 0 159 33036
x 0 33037
p 0 165 33037
x 0 33038
p 0 160 33038
x 0 33039
p 0 238 33039
x 0 33040
p 0 196 33040
x 0 33041
p 0 195 33041
x 0 33042
p 0 267 33042
x 0 33043
p 0 215 33043
x 0 33044
p 0 237 33044
x 0 33045
p 0 227 33045
x 0 33046
p 0 224 33046
x 0 33047
p 0 266 33047
x 0 33048
p 0 171 33048
x 0 33049
p 0 167 33049
x 0 33050
p 0 298 33050
x 0 33051
p 0 489 33051
x 0 33052
p 0 355 33052
x 0 33053
p 0 333 33053
x 0 33054
p 0 305 33054
x 0 33055
p 0 313 33055
x 0 33056
p 0 308 33056
x 0 33057
p 0 304 33057
x 0 33058
p 0 264 33058
x 0 33059
p 0 235 33059
x 0 33060
p 0 243 33060
x 0 33000
h 0 10.0.0.10
p 0 18325 33000
x 1 33001
h 1 10.0.0.10
p 1 705 33001
x 0 33002
p 0 254 33002
x 0 33003
p 0 225 33003
x 0 33004
p 0 224 33004
x 0 33005
p 0 224 33005
x 0 33006
p 0 241 33006
x 0 33007
p 0 225 33007
x 0 33008
p 0 222 33008
x 0 33009
p 0 225 33009
x 0 33010
p 0 222 33010
x 0 33011
p 0 222 33011
x 0 33012
p 0 252 33012
x 0 33013
p 0 221 33013
x 0 33014
p 0 224 33014
x 0 33015
p 0 221 33015
x 0 33016
p 0 226 33016
x 0 33017
p 0 224 33017
x 0 33018
p 0 223 33018
x 0 33019
p 0 174 33019
x 0 33020
p 0 165 33020
x 0 33021
p 0 169 33021
x 0 33022
p 0 153 33022
x 0 33023
p 0 159 33023
x 0 33024
p 0 240 33024
x 0 33025
p 0 154 33025
x 0 33026
p 0 155 33026
x 0 33027
p 0 153 33027
x 0 33028
p 0 172 33028
x 0 33029
p 0 169 33029
x 0 33030
p 0 154 33030
x 0 33031
p 0 160 33031
x 0 33032
p 0 191 33032
x 0 33033
p 0 189 33033
x 0 33034
p 0 430 33034
x 0 33035
p 0 396 33035
x 0 33036
p 0 460 33036
x 0 33037
p 0 397 33037
x 0 33038
p 0 412 33038
x 0 33039
p 0 382 33039
x 0 33040
p 0 391 33040
x 0 33041
p 0 408 33041
x 0 33042
p 0 388 33042
x 0 33043
p 0 410 33043
x 0 33044
p 0 372 33044
x 0 33045
p 0 347 33045
x 0 33046
p 0 231 33046
x 0 33047
p 0 228 33047
x 0 33048
p 0 221 33048
x 0 33049
p 0 229 33049
x 0 33050
p 0 498 33050
x 0 33051
p 0 223 33051
x 0 33052
p 0 263 33052
x 0 33053
p 0 225 33053
x 0 33054
p 0 206 33054
x 0 33055
p 0 275 33055
x 0 33056
p 0 235 33056
x 0 33057
p 0 172 33057
x 0 33058
p 0 167 33058
x 0 33059
p 0 233 33059
x 0 33060
p 0 231 33060
x 0 33000
h 0 10.0.0.10
p 0 1833 33000
x 1 33001
h 1 10.0.0.10
p 1 212 33001
x 0 33002
p 0 224 33002
x 0 33003
p 0 218 33003
x 0 33004
p 0 224 33004
x 0 33005
p 0 229 33005
x 0 33006
p 0 235 33006
x 0 33007
p 0 225 33007
x 0 33008
p 0 219 33008
x 0 33009
p 0 226 33009
x 0 33010
p 0 228 33010
x 0 33011
p 0 227 33011
x 0 33012
p 0 201 33012
x 0 33013
p 0 256 33013
x 0 33014
p 0 227 33014
x 0 33015
p 0 232 33015
x 0 33016
p 0 231 33016
x 0 33017
p 0 227 33017
x 0 33018
p 0 217 33018
x 0 33019
p 0 225 33019
x 0 33020
p 0 255 33020
x 0 33021
p 0 225 33021
x 0 33022
p 0 227 33022
x 0 33023
p 0 220 33023
x 0 33024
p 0 236 33024
x 0 33025
p 0 269 33025
x 0 33026
p 0 231 33026
x 0 33027
p 0 264 33027
x 0 33028
p 0 220 33028
x 0 33029
p 0 226 33029
x 0 33030
p 0 229 33030
x 0 33031
p 0 234 33031
x 0 33032
p 0 272 33032
x 0 33033
p 0 220 33033
x 0 33034
p 0 221 33034
x 0 33035
p 0 229 33035
x 0 33036
p 0 234 33036
x 0 33037
p 0 226 33037
x 0 33038
p 0 218 33038
x 0 33039
p 0 288 33039
x 0 33040
p 0 229 33040
x 0 33041
p 0 259 33041
x 0 33042
p 0 231 33042
x 0 33043
p 0 221 33043
x 0 33044
p 0 231 33044
x 0 33045
p 0 223 33045
x 0 33046
p 0 218 33046
x 0 33047
p 0 220 33047
x 0 33048
p 0 250 33048
x 0 33049
p 0 223 33049
x 0 33050
p 0 164 33050
x 0 33051
p 0 222 33051
x 0 33052
p 0 221 33052
x 0 33053
p 0 158 33053
x 0 33054
p 0 164 33054
x 0 33055
p 0 256 33055
x 0 33056
p 0 198 33056
x 0 33057
p 0 217 33057
x 0 33058
p 0 188 33058
x 0 33059
p 0 217 33059
x 0 33060
p 0 215 33060
x 0 33000
h 0 10.0.0.10
p 0 1576 33000
x 1 33001
h 1 10.0.0.10
p 1 217 33001
x 0 33002
p 0 226 33002
x 0 33003
p 0 225 33003
x 0 33004
p 0 227 33004
x 0 33005
p 0 220 33005
x 0 33006
p 0 219 33006
x 0 33007
p 0 223 33007
x 0 33008
p 0 225 33008
x 0 33009
p 0 217 33009
x 0 33010
p 0 220 33010
x 0 33011
p 0 216 33011
x 0 33012
p 0 222 33012
x 0 33013
p 0 219 33013
x 0 33014
p 0 223 33014
x 0 33015
p 0 259 33015
x 0 33016
p 0 228 33016
x 0 33017
p 0 228 33017
x 0 33018
p 0 279 33018
x 0 33019
p 0 220 33019
x 0 33020
p 0 225 33020
x 0 33021
p 0 211 33021
x 0 33022
p 0 263 33022
x 0 33023
p 0 217 33023
x 0 33024
p 0 218 33024
x 0 33025
p 0 223 33025
x 0 33026
p 0 221 33026
x 0 33027
p 0 228 33027
x 0 33028
p 0 221 33028
x 0 33029
p 0 225 33029
x 0 33030
p 0 296 33030
x 0 33031
p 0 228 33031
x 0 33032
p 0 254 33032
x 0 33033
p 0 219 33033
x 0 33034
p 0 231 33034
x 0 33035
p 0 232 33035
x 0 33036
p 0 225 33036
x 0 33037
p 0 283 33037
x 0 33038
p 0 220 33038
x 0 33039
p 0 222 33039
x 0 33040
p 0 223 33040
x 0 33041
p 0 269 33041
x 0 33042
p 0 224 33042
x 0 33043
p 0 221 33043
x 0 33044
p 0 263 33044
x 0 33045
p 0 230 33045
x 0 33046
p 0 234 33046
x 0 33047
p 0 237 33047
x 0 33048
p 0 227 33048
x 0 33049
p 0 230 33049
x 0 33050
p 0 234 33050
x 0 33051
p 0 233 33051
x 0 33052
p 0 230 33052
x 0 33053
p 0 233 33053
x 0 33054
p 0 227 33054
x 0 33055
p 0 220 33055
x 0 33056
p 0 226 33056
x 0 33057
p 0 227 33057
x 0 33058
p 0 219 33058
x 0 33059
p 0 223 33059
x 0 33060
p 0 228 33060
x 0 33000
h 0 10.0.0.10
p 0 2060 33000
x 1 33001
h 1 10.0.0.10
p 1 212 33001
x 0 33002
p 0 203 33002
x 0 33003
p 0 219 33003
x 0 33004
p 0 200 33004
x 0 33005
p 0 221 33005
x 0 33006
p 0 218 33006
x 0 33007
p 0 203 33007
x 0 33008
p 0 218 33008
x 0 33009
p 0 195 33009
x 0 33010
p 0 194 33010
x 0 33011
p 0 222 33011
x 0 33012
p 0 199 33012
x 0 33013
p 0 221 33013
x 0 33014
p 0 194 33014
x 0 33015
p 0 200 33015
x 0 33016
p 0 327 33016
x 0 33017
p 0 198 33017
x 0 33018
p 0 201 33018
x 0 33019
p 0 218 33019
x 0 33020
p 0 195 33020
x 0 33021
p 0 213 33021
x 0 33022
p 0 212 33022
x 0 33023
p 0 200 33023
x 0 33024
p 0 198 33024
x 0 33025
p 0 189 33025
x 0 33026
p 0 195 33026
x 0 33027
p 0 197 33027
x 0 33028
p 0 191 33028
x 0 33029
p 0 197 33029
x 0 33030
p 0 187 33030
x 0 33031
p 0 223 33031
x 0 33032
p 0 200 33032
x 0 33033
p 0 185 33033
x 0 33034
p 0 186 33034
x 0 33035
p 0 191 33035
x 0 33036
p 0 225 33036
x 0 33037
p 0 186 33037
x 0 33038
p 0 192 33038
x 0 33039
p 0 185 33039
x 0 33040
p 0 265 33040
x 0 33041
p 0 245 33041
x 0 33042
p 0 185 33042
x 0 33043
p 0 182 33043
x 0 33044
p 0 181 33044
x 0 33045
p 0 189 33045
x 0 33046
p 0 187 33046
x 0 33047
p 0 190 33047
x 0 33048
p 0 195 33048
x 0 33049
p 0 189 33049
x 0 33050
p 0 181 33050
x 0 33051
p 0 275 33051
x 0 33052
p 0 187 33052
x 0 33053
p 0 186 33053
x 0 33054
p 0 188 33054
x 0 33055
p 0 185 33055
x 0 33056
p 0 168 33056
x 0 33057
p 0 247 33057
x 0 33058
p 0 267 33058
x 0 33059
p 0 171 33059
x 0 33060
p 0 200 33060
x 0 33000
h 0 10.0.0.10
p 0 1442 33000
x 1 33001
h 1 10.0.0.10
p 1 241 33001
x 0 33002
p 0 109 33002
x 0 33003
p 0 258 33003
x 0 33004
p 0 218 33004
x 0 33005
p 0 221 33005
x 0 33006
p 0 225 33006
x 0 33007
p 0 198 33007
x 0 33008
p 0 197 33008
x 0 33009
p 0 198 33009
x 0 33010
p 0 194 33010
x 0 33011
p 0 196 33011
x 0 33012
p 0 196 33012
x 0 33013
p 0 195 33013
x 0 33014
p 0 294 33014
x 0 33015
p 0 235 33015
x 0 33016
p 0 265 33016
x 0 33017
p 0 344 33017
x 0 33018
p 0 391 33018
x 0 33019
p 0 370 33019
x 0 33020
p 0 374 33020
x 0 33021
p 0 420 33021
x 0 33022
p 0 385 33022
x 0 33023
p 0 413 33023
x 0 33024
p 0 385 33024
x 0 33025
p 0 389 33025
x 0 33026
p 0 378 33026
x 0 33027
p 0 387 33027
x 0 33028
p 0 415 33028
x 0 33029
p 0 382 33029
x 0 33030
p 0 382 33030
x 0 33031
p 0 381 33031
x 0 33032
p 0 384 33032
x 0 33033
p 0 380 33033
x 0 33034
p 0 318 33034
x 0 33035
p 0 365 33035
x 0 33036
p 0 398 33036
x 0 33037
p 0 395 33037
x 0 33038
p 0 403 33038
x 0 33039
p 0 395 33039
x 0 33040
p 0 411 33040
x 0 33041
p 0 401 33041
x 0 33042
p 0 319 33042
x 0 33043
p 0 231 33043
x 0 33044
p 0 229 33044
x 0 33045
p 0 174 33045
x 0 33046
p 0 230 33046
x 0 33047
p 0 226 33047
x 0 33048
p 0 227 33048
x 0 33049
p 0 224 33049
x 0 33050
p 0 225 33050
x 0 33051
p 0 333 33051
x 0 33052
p 0 314 33052
x 0 33053
p 0 308 33053
x 0 33054
p 0 221 33054
x 0 33055
p 0 221 33055
x 0 33056
p 0 278 33056
x 0 33057
p 0 224 33057
x 0 33058
p 0 283 33058
x 0 33059
p 0 218 33059
x 0 33060
p 0 219 33060
x 0 33000
h 0 10.0.0.10
p 0 2061 33000
x 1 33001
h 1 10.0.0.10
p 1 277 33001
x 0 33002
p 0 230 33002
x 0 33003
p 0 241 33003
x 0 33004
p 0 232 33004
x 0 33005
p 0 302 33005
x 0 33006
p 0 223 33006
x 0 33007
p 0 249 33007
x 0 33008
p 0 218 33008
x 0 33009
p 0 225 33009
x 0 33010
p 0 284 33010
x 0 33011
p 0 259 33011
x 0 33012
p 0 280 33012
x 0 33013
p 0 222 33013
x 0 33014
p 0 256 33014
x 0 33015
p 0 220 33015
x 0 33016
p 0 243 33016
x 0 33017
p 0 229 33017
x 0 33018
p 0 219 33018
x 0 33019
p 0 289 33019
x 0 33020
p 0 220 33020
x 0 33021
p 0 255 33021
x 0 33022
p 0 221 33022
x 0 33023
p 0 222 33023
x 0 33024
p 0 225 33024
x 0 33025
p 0 218 33025
x 0 33026
p 0 229 33026
x 0 33027
p 0 222 33027
x 0 33028
p 0 260 33028
x 0 33029
p 0 228 33029
x 0 33030
p 0 217 33030
x 0 33031
p 0 228 33031
x 0 33032
p 0 223 33032
x 0 33033
p 0 216 33033
x 0 33034
p 0 224 33034
x 0 33035
p 0 259 33035
x 0 33036
p 0 225 33036
x 0 33037
p 0 220 33037
x 0 33038
p 0 226 33038
x 0 33039
p 0 231 33039
x 0 33040
p 0 225 33040
x 0 33041
p 0 228 33041
x 0 33042
p 0 225 33042
x 0 33043
p 0 222 33043
x 0 33044
p 0 226 33044
x 0 33045
p 0 223 33045
x 0 33046
p 0 222 33046
x 0 33047
p 0 223 33047
x 0 33048
p 0 222 33048
x 0 33049
p 0 231 33049
x 0 33050
p 0 226 33050
x 0 33051
p 0 222 33051
x 0 33052
p 0 224 33052
x 0 33053
p 0 226 33053
x 0 33054
p 0 226 33054
x 0 33055
p 0 220 33055
x 0 33056
p 0 224 33056
x 0 33057
p 0 220 33057
x 0 33058
p 0 219 33058
x 0 33059
p 0 231 33059
x 0 33060
p 0 230 33060
x 0 33000
h 0 10.0.0.10
p 0 1901 33000
x 1 33001
h 1 10.0.0.10
p 1 223 33001
x 0 33002
p 0 227 33002
x 0 33003
p 0 229 33003
x 0 33004
p 0 230 33004
x 0 33005
p 0 230 33005
x 0 33006
p 0 232 33006
x 0 33007
p 0 225 33007
x 0 33008
p 0 128 33008
x 0 33009
p 0 262 33009
x 0 33010
p 0 226 33010
x 0 33011
p 0 233 33011
x 0 33012
p 0 230 33012
x 0 33013
p 0 229 33013
x 0 33014
p 0 283 33014
x 0 33015
p 0 224 33015
x 0 33016
p 0 259 33016
x 0 33017
p 0 231 33017
x 0 33018
p 0 225 33018
x 0 33019
p 0 174 33019
x 0 33020
p 0 171 33020
x 0 33021
p 0 172 33021
x 0 33022
p 0 217 33022
x 0 33023
p 0 171 33023
x 0 33024
p 0 168 33024
x 0 33025
p 0 201 33025
x 0 33026
p 0 171 33026
x 0 33027
p 0 176 33027
x 0 33028
p 0 173 33028
x 0 33029
p 0 254 33029
x 0 33030
p 0 264 33030
x 0 33031
p 0 177 33031
x 0 33032
p 0 115 33032
x 0 33033
p 0 173 33033
x 0 33034
p 0 232 33034
x 0 33035
p 0 173 33035
x 0 33036
p 0 176 33036
x 0 33037
p 0 172 33037
x 0 33038
p 0 222 33038
x 0 33039
p 0 173 33039
x 0 33040
p 0 223 33040
x 0 33041
p 0 173 33041
x 0 33042
p 0 167 33042
x 0 33043
p 0 222 33043
x 0 33044
p 0 167 33044
x 0 33045
p 0 220 33045
x 0 33046
p 0 173 33046
x 0 33047
p 0 167 33047
x 0 33048
p 0 227 33048
x 0 33049
p 0 167 33049
x 0 33050
p 0 227 33050
x 0 33051
p 0 169 33051
x 0 33052
p 0 220 33052
x 0 33053
p 0 172 33053
x 0 33054
p 0 172 33054
x 0 33055
p 0 228 33055
x 0 33056
p 0 170 33056
x 0 33057
p 0 225 33057
x 0 33058
p 0 166 33058
x 0 33059
p 0 221 33059
x 0 33060
p 0 178 33060
x 0 33000
h 0 10.0.0.10
p 0 20468 33000
x 1 33001
h 1 10.0.0.10
p 1 908 33001
x 0 33002
p 0 353 33002
x 0 33003
p 0 228 33003
x 0 33004
p 0 510 33004
x 0 33005
p 0 182 33005
x 0 33006
p 0 371 33006
x 0 33007
p 0 222 33007
x 0 33008
p 0 237 33008
x 0 33009
p 0 220 33009
x 0 33010
p 0 189 33010
x 0 33011
p 0 217 33011
x 0 33012
p 0 217 33012
x 0 33013
p 0 216 33013
x 0 33014
p 0 189 33014
x 0 33015
p 0 216 33015
x 0 33016
p 0 188 33016
x 0 33017
p 0 216 33017
x 0 33018
p 0 185 33018
x 0 33019
p 0 220 33019
x 0 33020
p 0 193 33020
x 0 33021
p 0 187 33021
x 0 33022
p 0 187 33022
x 0 33023
p 0 205 33023
x 0 33024
p 0 187 33024
x 0 33025
p 0 207 33025
x 0 33026
p 0 165 33026
x 0 33027
p 0 197 33027
x 0 33028
p 0 164 33028
x 0 33029
p 0 168 33029
x 0 33030
p 0 173 33030
x 0 33031
p 0 174 33031
x 0 33032
p 0 170 33032
x 0 33033
p 0 171 33033
x 0 33034
p 0 225 33034
x 0 33035
p 0 169 33035
x 0 33036
p 0 166 33036
x 0 33037
p 0 170 33037
x 0 33038
p 0 163 33038
x 0 33039
p 0 234 33039
x 0 33040
p 0 178 33040
x 0 33041
p 0 180 33041
x 0 33042
p 0 194 33042
x 0 33043
p 0 317 33043
x 0 33044
p 0 222 33044
x 0 33045
p 0 225 33045
x 0 33046
p 0 221 33046
x 0 33047
p 0 226 33047
x 0 33048
p 0 224 33048
x 0 33049
p 0 234 33049
x 0 33050
p 0 256 33050
x 0 33051
p 0 246 33051
x 0 33052
p 0 255 33052
x 0 33053
p 0 231 33053
x 0 33054
p 0 237 33054
x 0 33055
p 0 231 33055
x 0 33056
p 0 230 33056
x 0 33057
p 0 231 33057
x 0 33058
p 0 228 33058
x 0 33059
p 0 292 33059
x 0 33060
p 0 266 33060
x 0 33000
h 0 10.0.0.10
p 0 6293 33000
x 1 33001
h 1 10.0.0.10
p 1 219 33001
x 0 33002
p 0 215 33002
x 0 33003
p 0 219 33003
x 0 33004
p 0 223 33004
x 0 33005
p 0 252 33005
x 0 33006
p 0 222 33006
x 0 33007
p 0 221 33007
x 0 33008
p 0 295 33008
x 0 33009
p 0 242 33009
x 0 33010
p 0 249 33010
x 0 33011
p 0 246 33011
x 0 33012
p 0 243 33012
x 0 33013
p 0 275 33013
x 0 33014
p 0 240 33014
x 0 33015
p 0 232 33015
x 0 33016
p 0 293 33016
x 0 33017
p 0 242 33017
x 0 33018
p 0 239 33018
x 0 33019
p 0 252 33019
x 0 33020
p 0 243 33020
x 0 33021
p 0 247 33021
x 0 33022
p 0 252 33022
x 0 33023
p 0 290 33023
x 0 33024
p 0 242 33024
x 0 33025
p 0 243 33025
x 0 33026
p 0 249 33026
x 0 33027
p 0 243 33027
x 0 33028
p 0 248 33028
x 0 33029
p 0 298 33029
x 0 33030
p 0 286 33030
x 0 33031
p 0 246 33031
x 0 33032
p 0 246 33032
x 0 33033
p 0 175 33033
x 0 33034
p 0 223 33034
x 0 33035
p 0 319 33035
x 0 33036
p 0 308 33036
x 0 33037
p 0 221 33037
x 0 33038
p 0 219 33038
x 0 33039
p 0 219 33039
x 0 33040
p 0 219 33040
x 0 33041
p 0 224 33041
x 0 33042
p 0 222 33042
x 0 33043
p 0 219 33043
x 0 33044
p 0 221 33044
x 0 33045
p 0 218 33045
x 0 33046
p 0 223 33046
x 0 33047
p 0 188 33047
x 0 33048
p 0 220 33048
x 0 33049
p 0 221 33049
x 0 33050
p 0 162 33050
x 0 33051
p 0 225 33051
x 0 33052
p 0 218 33052
x 0 33053
p 0 179 33053
x 0 33054
p 0 223 33054
x 0 33055
p 0 219 33055
x 0 33056
p 0 220 33056
x 0 33057
p 0 219 33057
x 0 33058
p 0 217 33058
x 0 33059
p 0 220 33059
x 0 33060
p 0 218 33060
x 0 33000
h 0 10.0.0.10
p 0 2158 33000
x 1 33001
h 1 10.0.0.10
p 1 181 33001
x 0 33002
p 0 177 33002
x 0 33003
p 0 197 33003
x 0 33004
p 0 199 33004
x 0 33005
p 0 195 33005
x 0 33006
p 0 227 33006
x 0 33007
p 0 220 33007
x 0 33008
p 0 260 33008
x 0 33009
p 0 268 33009
x 0 33010
p 0 247 33010
x 0 33011
p 0 226 33011
x 0 33012
p 0 225 33012
x 0 33013
p 0 221 33013
x 0 33014
p 0 218 33014
x 0 33015
p 0 220 33015
x 0 33016
p 0 225 33016
x 0 33017
p 0 254 33017
x 0 33018
p 0 216 33018
x 0 33019
p 0 263 33019
x 0 33020
p 0 225 33020
x 0 33021
p 0 242 33021
x 0 33022
p 0 225 33022
x 0 33023
p 0 235 33023
x 0 33024
p 0 233 33024
x 0 33025
p 0 219 33025
x 0 33026
p 0 234 33026
x 0 33027
p 0 224 33027
x 0 33028
p 0 219 33028
x 0 33029
p 0 226 33029
x 0 33030
p 0 223 33030
x 0 33031
p 0 231 33031
x 0 33032
p 0 221 33032
x 0 33033
p 0 218 33033
x 0 33034
p 0 224 33034
x 0 33035
p 0 219 33035
x 0 33036
p 0 222 33036
x 0 33037
p 0 222 33037
x 0 33038
p 0 222 33038
x 0 33039
p 0 224 33039
x 0 33040
p 0 265 33040
x 0 33041
p 0 212 33041
x 0 33042
p 0 223 33042
x 0 33043
p 0 222 33043
x 0 33044
p 0 226 33044
x 0 33045
p 0 220 33045
x 0 33046
p 0 225 33046
x 0 33047
p 0 272 33047
x 0 33048
p 0 222 33048
x 0 33049
p 0 223 33049
x 0 33050
p 0 229 33050
x 0 33051
p 0 249 33051
x 0 33052
p 0 237 33052
x 0 33053
p 0 227 33053
x 0 33054
p 0 293 33054
x 0 33055
p 0 262 33055
x 0 33056
p 0 263 33056
x 0 33057
p 0 228 33057
x 0 33058
p 0 226 33058
x 0 33059
p 0 222 33059
x 0 33060
p 0 220 33060
x 0 33000
h 0 10.0.0.10
p 0 1335 33000
x 1 33001
h 1 10.0.0.10
p 1 212 33001
x 0 33002
p 0 212 33002
x 0 33003
p 0 221 33003
x 0 33004
p 0 220 33004
x 0 33005
p 0 218 33005
x 0 33006
p 0 274 33006
x 0 33007
p 0 234 33007
x 0 33008
p 0 241 33008
x 0 33009
p 0 310 33009
x 0 33010
p 0 215 33010
x 0 33011
p 0 214 33011
x 0 33012
p 0 216 33012
x 0 33013
p 0 218 33013
x 0 33014
p 0 218 33014
x 0 33015
p 0 247 33015
x 0 33016
p 0 214 33016
x 0 33017
p 0 215 33017
x 0 33018
p 0 220 33018
x 0 33019
p 0 217 33019
x 0 33020
p 0 214 33020
x 0 33021
p 0 214 33021
x 0 33022
p 0 216 33022
x 0 33023
p 0 225 33023
x 0 33024
p 0 213 33024
x 0 33025
p 0 299 33025
x 0 33026
p 0 213 33026
x 0 33027
p 0 216 33027
x 0 33028
p 0 217 33028
x 0 33029
p 0 220 33029
x 0 33030
p 0 212 33030
x 0 33031
p 0 216 33031
x 0 33032
p 0 257 33032
x 0 33033
p 0 219 33033
x 0 33034
p 0 248 33034
x 0 33035
p 0 213 33035
x 0 33036
p 0 210 33036
x 0 33037
p 0 217 33037
x 0 33038
p 0 215 33038
x 0 33039
p 0 215 33039
x 0 33040
p 0 218 33040
x 0 33041
p 0 211 33041
x 0 33042
p 0 221 33042
x 0 33043
p 0 220 33043
x 0 33044
p 0 218 33044
x 0 33045
p 0 217 33045
x 0 33046
p 0 213 33046
x 0 33047
p 0 216 33047
x 0 33048
p 0 216 33048
x 0 33049
p 0 216 33049
x 0 33050
p 0 217 33050
x 0 33051
p 0 162 33051
x 0 33052
p 0 214 33052
x 0 33053
p 0 216 33053
x 0 33054
p 0 215 33054
x 0 33055
p 0 212 33055
x 0 33056
p 0 211 33056
x 0 33057
p 0 212 33057
x 0 33058
p 0 219 33058
x 0 33059
p 0 215 33059
x 0 33060
p 0 220 33060
x 0 33000
h 0 10.0.0.10
p 0 1962 33000
x 1 33001
h 1 10.0.0.10
p 1 226 33001
x 0 33002
p 0 230 33002
x 0 33003
p 0 237 33003
x 0 33004
p 0 246 33004
x 0 33005
p 0 243 33005
x 0 33006
p 0 232 33006
x 0 33007
p 0 239 33007
x 0 33008
p 0 237 33008
x 0 33009
p 0 222 33009
x 0 33010
p 0 221 33010
x 0 33011
p 0 228 33011
x 0 33012
p 0 229 33012
x 0 33013
p 0 220 33013
x 0 33014
p 0 259 33014
x 0 33015
p 0 219 33015
x 0 33016
p 0 219 33016
x 0 33017
p 0 219 33017
x 0 33018
p 0 222 33018
x 0 33019
p 0 218 33019
x 0 33020
p 0 221 33020
x 0 33021
p 0 216 33021
x 0 33022
p 0 220 33022
x 0 33023
p 0 225 33023
x 0 33024
p 0 218 33024
x 0 33025
p 0 216 33025
x 0 33026
p 0 219 33026
x 0 33027
p 0 215 33027
x 0 33028
p 0 217 33028
x 0 33029
p 0 163 33029
x 0 33030
p 0 165 33030
x 0 33031
p 0 160 33031
x 0 33032
p 0 78 33032
x 0 33033
p 0 173 33033
x 0 33034
p 0 163 33034
x 0 33035
p 0 216 33035
x 0 33036
p 0 218 33036
x 0 33037
p 0 132 33037
x 0 33038
p 0 88 33038
x 0 33039
p 0 155 33039
x 0 33040
p 0 157 33040
x 0 33041
p 0 156 33041
x 0 33042
p 0 214 33042
x 0 33043
p 0 255 33043
x 0 33044
p 0 212 33044
x 0 33045
p 0 217 33045
x 0 33046
p 0 215 33046
x 0 33047
p 0 215 33047
x 0 33048
p 0 244 33048
x 0 33049
p 0 210 33049
x 0 33050
p 0 212 33050
x 0 33051
p 0 211 33051
x 0 33052
p 0 212 33052
x 0 33053
p 0 212 33053
x 0 33054
p 0 210 33054
x 0 33055
p 0 212 33055
x 0 33056
p 0 212 33056
x 0 33057
p 0 212 33057
x 0 33058
p 0 212 33058
x 0 33059
p 0 215 33059
x 0 33060
p 0 222 33060
x 0 33000
h 0 10.0.0.10
p 0 1436 33000
x 1 33001
h 1 10.0.0.10
p 1 211 33001
x 0 33002
p 0 218 33002
x 0 33003
p 0 227 33003
x 0 33004
p 0 217 33004
x 0 33005
p 0 219 33005
x 0 33006
p 0 253 33006
x 0 33007
p 0 222 33007
x 0 33008
p 0 230 33008
x 0 33009
p 0 225 33009
x 0 33010
p 0 225 33010
x 0 33011
p 0 222 33011
x 0 33012
p 0 226 33012
x 0 33013
p 0 261 33013
x 0 33014
p 0 219 33014
x 0 33015
p 0 223 33015
x 0 33016
p 0 224 33016
x 0 33017
p 0 221 33017
x 0 33018
p 0 224 33018
x 0 33019
p 0 223 33019
x 0 33020
p 0 221 33020
x 0 33021
p 0 226 33021
x 0 33022
p 0 222 33022
x 0 33023
p 0 229 33023
x 0 33024
p 0 223 33024
x 0 33025
p 0 223 33025
x 0 33026
p 0 225 33026
x 0 33027
p 0 255 33027
x 0 33028
p 0 224 33028
x 0 33029
p 0 223 33029
x 0 33030
p 0 226 33030
x 0 33031
p 0 222 33031
x 0 33032
p 0 223 33032
x 0 33033
p 0 249 33033
x 0 33034
p 0 224 33034
x 0 33035
p 0 220 33035
x 0 33036
p 0 225 33036
x 0 33037
p 0 220 33037
x 0 33038
p 0 220 33038
x 0 33039
p 0 220 33039
x 0 33040
p 0 223 33040
x 0 33041
p 0 269 33041
x 0 33042
p 0 220 33042
x 0 33043
p 0 217 33043
x 0 33044
p 0 237 33044
x 0 33045
p 0 218 33045
x 0 33046
p 0 220 33046
x 0 33047
p 0 219 33047
x 0 33048
p 0 220 33048
x 0 33049
p 0 219 33049
x 0 33050
p 0 218 33050
x 0 33051
p 0 219 33051
x 0 33052
p 0 216 33052
x 0 33053
p 0 223 33053
x 0 33054
p 0 222 33054
x 0 33055
p 0 216 33055
x 0 33056
p 0 220 33056
x 0 33057
p 0 214 33057
x 0 33058
p 0 226 33058
x 0 33059
p 0 217 33059
x 0 33060
p 0 214 33060
x 0 33000
h 0 10.0.0.10
p 0 1783 33000
x 1 33001
h 1 10.0.0.10
p 1 252 33001
x 0 33002
p 0 218 33002
x 0 33003
p 0 230 33003
x 0 33004
p 0 221 33004
x 0 33005
p 0 221 33005
x 0 33006
p 0 215 33006
x 0 33007
p 0 263 33007
x 0 33008
p 0 219 33008
x 0 33009
p 0 216 33009
x 0 33010
p 0 217 33010
x 0 33011
p 0 217 33011
x 0 33012
p 0 219 33012
x 0 33013
p 0 225 33013
x 0 33014
p 0 221 33014
x 0 33015
p 0 227 33015
x 0 33016
p 0 253 33016
x 0 33017
p 0 224 33017
x 0 33018
p 0 282 33018
x 0 33019
p 0 225 33019
x 0 33020
p 0 229 33020
x 0 33021
p 0 350 33021
x 0 33022
p 0 224 33022
x 0 33023
p 0 330 33023
x 0 33024
p 0 224 33024
x 0 33025
p 0 228 33025
x 0 33026
p 0 218 33026
x 0 33027
p 0 232 33027
x 0 33028
p 0 221 33028
x 0 33029
p 0 235 33029
x 0 33030
p 0 251 33030
x 0 33031
p 0 219 33031
x 0 33032
p 0 292 33032
x 0 33033
p 0 291 33033
x 0 33034
p 0 246 33034
x 0 33035
p 0 320 33035
x 0 33036
p 0 353 33036
x 0 33037
p 0 279 33037
x 0 33038
p 0 335 33038
x 0 33039
p 0 247 33039
x 0 33040
p 0 253 33040
x 0 33041
p 0 260 33041
x 0 33042
p 0 249 33042
x 0 33043
p 0 221 33043
x 0 33044
p 0 291 33044
x 0 33045
p 0 220 33045
x 0 33046
p 0 245 33046
x 0 33047
p 0 263 33047
x 0 33048
p 0 252 33048
x 0 33049
p 0 253 33049
x 0 33050
p 0 221 33050
x 0 33051
p 0 220 33051
x 0 33052
p 0 222 33052
x 0 33053
p 0 219 33053
x 0 33054
p 0 427 33054
x 0 33055
p 0 437 33055
x 0 33056
p 0 498 33056
x 0 33057
p 0 260 33057
x 0 33058
p 0 220 33058
x 0 33059
p 0 218 33059
x 0 33060
p 0 218 33060
x 0 33000
h 0 10.0.0.10
p 0 7131 33000
x 1 33001
h 1 10.0.0.10
p 1 216 33001
x 0 33002
p 0 273 33002
x 0 33003
p 0 222 33003
x 0 33004
p 0 229 33004
x 0 33005
p 0 227 33005
x 0 33006
p 0 226 33006
x 0 33007
p 0 224 33007
x 0 33008
p 0 223 33008
x 0 33009
p 0 225 33009
x 0 33010
p 0 281 33010
x 0 33011
p 0 229 33011
x 0 33012
p 0 220 33012
x 0 33013
p 0 264 33013
x 0 33014
p 0 202 33014
x 0 33015
p 0 222 33015
x 0 33016
p 0 198 33016
x 0 33017
p 0 223 33017
x 0 33018
p 0 198 33018
x 0 33019
p 0 225 33019
x 0 33020
p 0 283 33020
x 0 33021
p 0 228 33021
x 0 33022
p 0 221 33022
x 0 33023
p 0 220 33023
x 0 33024
p 0 232 33024
x 0 33025
p 0 231 33025
x 0 33026
p 0 226 33026
x 0 33027
p 0 255 33027
x 0 33028
p 0 223 33028
x 0 33029
p 0 222 33029
x 0 33030
p 0 230 33030
x 0 33031
p 0 228 33031
x 0 33032
p 0 221 33032
x 0 33033
p 0 225 33033
x 0 33034
p 0 229 33034
x 0 33035
p 0 369 33035
x 0 33036
p 0 225 33036
x 0 33037
p 0 222 33037
x 0 33038
p 0 223 33038
x 0 33039
p 0 226 33039
x 0 33040
p 0 225 33040
x 0 33041
p 0 197 33041
x 0 33042
p 0 195 33042
x 0 33043
p 0 292 33043
x 0 33044
p 0 231 33044
x 0 33045
p 0 224 33045
x 0 33046
p 0 205 33046
x 0 33047
p 0 218 33047
x 0 33048
p 0 194 33048
x 0 33049
p 0 200 33049
x 0 33050
p 0 229 33050
x 0 33051
p 0 198 33051
x 0 33052
p 0 250 33052
x 0 33053
p 0 199 33053
x 0 33054
p 0 152 33054
x 0 33055
p 0 204 33055
x 0 33056
p 0 226 33056
x 0 33057
p 0 203 33057
x 0 33058
p 0 202 33058
x 0 33059
p 0 202 33059
x 0 33060
p 0 197 33060
x 0 33000
h 0 10.0.0.10
p 0 771 33000
x 1 33001
h 1 10.0.0.10
p 1 163 33001
x 0 33002
p 0 171 33002
x 0 33003
p 0 219 33003
x 0 33004
p 0 262 33004
x 0 33005
p 0 202 33005
x 0 33006
p 0 214 33006
x 0 33007
p 0 215 33007
x 0 33008
p 0 306 33008
x 0 33009
p 0 217 33009
x 0 33010
p 0 348 33010
x 0 33011
p 0 220 33011
x 0 33012
p 0 217 33012
x 0 33013
p 0 220 33013
x 0 33014
p 0 250 33014
x 0 33015
p 0 180 33015
x 0 33016
p 0 218 33016
x 0 33017
p 0 215 33017
x 0 33018
p 0 220 33018
x 0 33019
p 0 220 33019
x 0 33020
p 0 221 33020
x 0 33021
p 0 221 33021
x 0 33022
p 0 216 33022
x 0 33023
p 0 229 33023
x 0 33024
p 0 220 33024
x 0 33025
p 0 225 33025
x 0 33026
p 0 219 33026
x 0 33027
p 0 215 33027
x 0 33028
p 0 217 33028
x 0 33029
p 0 303 33029
x 0 33030
p 0 302 33030
x 0 33031
p 0 221 33031
x 0 33032
p 0 230 33032
x 0 33033
p 0 217 33033
x 0 33034
p 0 219 33034
x 0 33035
p 0 222 33035
x 0 33036
p 0 219 33036
x 0 33037
p 0 220 33037
x 0 33038
p 0 224 33038
x 0 33039
p 0 260 33039
x 0 33040
p 0 220 33040
x 0 33041
p 0 223 33041
x 0 33042
p 0 216 33042
x 0 33043
p 0 216 33043
x 0 33044
p 0 221 33044
x 0 33045
p 0 226 33045
x 0 33046
p 0 217 33046
x 0 33047
p 0 217 33047
x 0 33048
p 0 303 33048
x 0 33049
p 0 219 33049
x 0 33050
p 0 222 33050
x 0 33051
p 0 223 33051
x 0 33052
p 0 215 33052
x 0 33053
p 0 221 33053
x 0 33054
p 0 217 33054
x 0 33055
p 0 222 33055
x 0 33056
p 0 213 33056
x 0 33057
p 0 228 33057
x 0 33058
p 0 227 33058
x 0 33059
p 0 355 33059
x 0 33060
p 0 365 33060
x 0 33000
h 0 10.0.0.10
p 0 1350 33000
x 1 33001
h 1 10.0.0.10
p 1 214 33001
x 0 33002
p 0 238 33002
x 0 33003
p 0 228 33003
x 0 33004
p 0 225 33004
x 0 33005
p 0 234 33005
x 0 33006
p 0 228 33006
x 0 33007
p 0 248 33007
x 0 33008
p 0 223 33008
x 0 33009
p 0 276 33009
x 0 33010
p 0 219 33010
x 0 33011
p 0 226 33011
x 0 33012
p 0 217 33012
x 0 33013
p 0 225 33013
x 0 33014
p 0 218 33014
x 0 33015
p 0 227 33015
x 0 33016
p 0 228 33016
x 0 33017
p 0 253 33017
x 0 33018
p 0 226 33018
x 0 33019
p 0 214 33019
x 0 33020
p 0 223 33020
x 0 33021
p 0 218 33021
x 0 33022
p 0 215 33022
x 0 33023
p 0 225 33023
x 0 33024
p 0 193 33024
x 0 33025
p 0 269 33025
x 0 33026
p 0 222 33026
x 0 33027
p 0 217 33027
x 0 33028
p 0 222 33028
x 0 33029
p 0 221 33029
x 0 33030
p 0 195 33030
x 0 33031
p 0 225 33031
x 0 33032
p 0 194 33032
x 0 33033
p 0 222 33033
x 0 33034
p 0 313 33034
x 0 33035
p 0 221 33035
x 0 33036
p 0 227 33036
x 0 33037
p 0 216 33037
x 0 33038
p 0 224 33038
x 0 33039
p 0 220 33039
x 0 33040
p 0 219 33040
x 0 33041
p 0 221 33041
x 0 33042
p 0 218 33042
x 0 33043
p 0 218 33043
x 0 33044
p 0 220 33044
x 0 33045
p 0 219 33045
x 0 33046
p 0 222 33046
x 0 33047
p 0 218 33047
x 0 33048
p 0 222 33048
x 0 33049
p 0 220 33049
x 0 33050
p 0 254 33050
x 0 33051
p 0 222 33051
x 0 33052
p 0 215 33052
x 0 33053
p 0 218 33053
x 0 33054
p 0 217 33054
x 0 33055
p 0 219 33055
x 0 33056
p 0 165 33056
x 0 33057
p 0 165 33057
x 0 33058
p 0 166 33058
x 0 33059
p 0 166 33059
x 0 33060
p 0 165 33060
x 0 33000
h 0 10.0.0.10
p 0 2656 33000
x 1 33001
h 1 10.0.0.10
p 1 212 33001
x 0 33002
p 0 223 33002
x 0 33003
p 0 261 33003
x 0 33004
p 0 242 33004
x 0 33005
p 0 236 33005
x 0 33006
p 0 251 33006
x 0 33007
p 0 223 33007
x 0 33008
p 0 186 33008
x 0 33009
p 0 178 33009
x 0 33010
p 0 183 33010
x 0 33011
p 0 171 33011
x 0 33012
p 0 221 33012
x 0 33013
p 0 256 33013
x 0 33014
p 0 318 33014
x 0 33015
p 0 270 33015
x 0 33016
p 0 264 33016
x 0 33017
p 0 224 33017
x 0 33018
p 0 283 33018
x 0 33019
p 0 225 33019
x 0 33020
p 0 225 33020
x 0 33021
p 0 231 33021
x 0 33022
p 0 278 33022
x 0 33023
p 0 325 33023
x 0 33024
p 0 289 33024
x 0 33025
p 0 354 33025
x 0 33026
p 0 362 33026
x 0 33027
p 0 225 33027
x 0 33028
p 0 229 33028
x 0 33029
p 0 226 33029
x 0 33030
p 0 268 33030
x 0 33031
p 0 225 33031
x 0 33032
p 0 220 33032
x 0 33033
p 0 230 33033
x 0 33034
p 0 230 33034
x 0 33035
p 0 250 33035
x 0 33036
p 0 240 33036
x 0 33037
p 0 224 33037
x 0 33038
p 0 221 33038
x 0 33039
p 0 304 33039
x 0 33040
p 0 231 33040
x 0 33041
p 0 225 33041
x 0 33042
p 0 220 33042
x 0 33043
p 0 220 33043
x 0 33044
p 0 219 33044
x 0 33045
p 0 220 33045
x 0 33046
p 0 230 33046
x 0 33047
p 0 224 33047
x 0 33048
p 0 216 33048
x 0 33049
p 0 216 33049
x 0 33050
p 0 217 33050
x 0 33051
p 0 220 33051
x 0 33052
p 0 219 33052
x 0 33053
p 0 269 33053
x 0 33054
p 0 221 33054
x 0 33055
p 0 217 33055
x 0 33056
p 0 311 33056
x 0 33057
p 0 223 33057
x 0 33058
p 0 295 33058
x 0 33059
p 0 215 33059
x 0 33060
p 0 271 33060
x 0 33000
h 0 10.0.0.10
p 0 1748 33000
x 1 33001
h 1 10.0.0.10
p 1 235 33001
x 0 33002
p 0 254 33002
x 0 33003
p 0 225 33003
x 0 33004
p 0 226 33004
x 0 33005
p 0 265 33005
x 0 33006
p 0 226 33006
x 0 33007
p 0 188 33007
x 0 33008
p 0 223 33008
x 0 33009
p 0 259 33009
x 0 33010
p 0 229 33010
x 0 33011
p 0 228 33011
x 0 33012
p 0 224 33012
x 0 33013
p 0 226 33013
x 0 33014
p 0 226 33014
x 0 33015
p 0 230 33015
x 0 33016
p 0 256 33016
x 0 33017
p 0 241 33017
x 0 33018
p 0 223 33018
x 0 33019
p 0 224 33019
x 0 33020
p 0 230 33020
x 0 33021
p 0 228 33021
x 0 33022
p 0 234 33022
x 0 33023
p 0 255 33023
x 0 33024
p 0 230 33024
x 0 33025
p 0 223 33025
x 0 33026
p 0 231 33026
x 0 33027
p 0 286 33027
x 0 33028
p 0 222 33028
x 0 33029
p 0 230 33029
x 0 33030
p 0 266 33030
x 0 33031
p 0 226 33031
x 0 33032
p 0 271 33032
x 0 33033
p 0 225 33033
x 0 33034
p 0 226 33034
x 0 33035
p 0 229 33035
x 0 33036
p 0 189 33036
x 0 33037
p 0 190 33037
x 0 33038
p 0 181 33038
x 0 33039
p 0 194 33039
x 0 33040
p 0 606 33040
x 0 33041
p 0 194 33041
x 0 33042
p 0 198 33042
x 0 33043
p 0 194 33043
x 0 33044
p 0 224 33044
x 0 33045
p 0 173 33045
x 0 33046
p 0 170 33046
x 0 33047
p 0 219 33047
x 0 33048
p 0 224 33048
x 0 33049
p 0 167 33049
x 0 33050
p 0 223 33050
x 0 33051
p 0 222 33051
x 0 33052
p 0 231 33052
x 0 33053
p 0 290 33053
x 0 33054
p 0 223 33054
x 0 33055
p 0 228 33055
x 0 33056
p 0 236 33056
x 0 33057
p 0 249 33057
x 0 33058
p 0 221 33058
x 0 33059
p 0 230 33059
x 0 33060
p 0 222 33060
x 0 33000
h 0 10.0.0.10
p 0 1120 33000
x 1 33001
h 1 10.0.0.10
p 1 212 33001
x 0 33002
p 0 221 33002
x 0 33003
p 0 225 33003
x 0 33004
p 0 218 33004
x 0 33005
p 0 227 33005
x 0 33006
p 0 224 33006
x 0 33007
p 0 231 33007
x 0 33008
p 0 219 33008
x 0 33009
p 0 220 33009
x 0 33010
p 0 276 33010
x 0 33011
p 0 219 33011
x 0 33012
p 0 225 33012
x 0 33013
p 0 219 33013
x 0 33014
p 0 224 33014
x 0 33015
p 0 222 33015
x 0 33016
p 0 224 33016
x 0 33017
p 0 290 33017
x 0 33018
p 0 223 33018
x 0 33019
p 0 223 33019
x 0 33020
p 0 229 33020
x 0 33021
p 0 222 33021
x 0 33022
p 0 221 33022
x 0 33023
p 0 219 33023
x 0 33024
p 0 270 33024
x 0 33025
p 0 220 33025
x 0 33026
p 0 220 33026
x 0 33027
p 0 221 33027
x 0 33028
p 0 222 33028
x 0 33029
p 0 220 33029
x 0 33030
p 0 222 33030
x 0 33031
p 0 256 33031
x 0 33032
p 0 266 33032
x 0 33033
p 0 218 33033
x 0 33034
p 0 219 33034
x 0 33035
p 0 221 33035
x 0 33036
p 0 220 33036
x 0 33037
p 0 227 33037
x 0 33038
p 0 257 33038
x 0 33039
p 0 225 33039
x 0 33040
p 0 218 33040
x 0 33041
p 0 215 33041
x 0 33042
p 0 220 33042
x 0 33043
p 0 225 33043
x 0 33044
p 0 280 33044
x 0 33045
p 0 222 33045
x 0 33046
p 0 227 33046
x 0 33047
p 0 295 33047
x 0 33048
p 0 221 33048
x 0 33049
p 0 224 33049
x 0 33050
p 0 220 33050
x 0 33051
p 0 221 33051
x 0 33052
p 0 270 33052
x 0 33053
p 0 222 33053
x 0 33054
p 0 221 33054
x 0 33055
p 0 221 33055
x 0 33056
p 0 167 33056
x 0 33057
p 0 168 33057
x 0 33058
p 0 168 33058
x 0 33059
p 0 214 33059
x 0 33060
p 0 165 33060
