x 0 33000
h 0 10.0.0.9
p 0 41408 33000
x 1 33001
h 1 10.0.0.9
p 1 232 33001
x 0 33002
p 0 215 33002
x 0 33003
p 0 318 33003
x 0 33004
p 0 220 33004
x 0 33005
p 0 209 33005
x 0 33006
p 0 254 33006
x 0 33007
p 0 222 33007
x 0 33008
p 0 219 33008
x 0 33009
p 0 191 33009
x 0 33010
p 0 259 33010
x 0 33011
p 0 220 33011
x 0 33012
p 0 219 33012
x 0 33013
p 0 219 33013
x 0 33014
p 0 110 33014
x 0 33015
p 0 223 33015
x 0 33016
p 0 224 33016
x 0 33017
p 0 223 33017
x 0 33018
p 0 232 33018
x 0 33019
p 0 99 33019
x 0 33020
p 0 231 33020
x 0 33021
p 0 226 33021
x 0 33022
p 0 228 33022
x 0 33023
p 0 231 33023
x 0 33024
p 0 225 33024
x 0 33025
p 0 227 33025
x 0 33026
p 0 229 33026
x 0 33027
p 0 229 33027
x 0 33028
p 0 226 33028
x 0 33029
p 0 227 33029
x 0 33030
p 0 228 33030
x 0 33031
p 0 226 33031
x 0 33032
p 0 225 33032
x 0 33033
p 0 194 33033
x 0 33034
p 0 227 33034
x 0 33035
p 0 231 33035
x 0 33036
p 0 232 33036
x 0 33037
p 0 199 33037
x 0 33038
p 0 228 33038
x 0 33039
p 0 227 33039
x 0 33040
p 0 231 33040
x 0 33041
p 0 226 33041
x 0 33042
p 0 228 33042
x 0 33043
p 0 224 33043
x 0 33044
p 0 217 33044
x 0 33045
p 0 213 33045
x 0 33046
p 0 213 33046
x 0 33047
p 0 208 33047
x 0 33048
p 0 211 33048
x 0 33049
p 0 207 33049
x 0 33050
p 0 207 33050
x 0 33051
p 0 207 33051
x 0 33052
p 0 209 33052
x 0 33053
p 0 212 33053
x 0 33054
p 0 217 33054
x 0 33055
p 0 291 33055
x 0 33056
p 0 222 33056
x 0 33057
p 0 214 33057
x 0 33058
p 0 224 33058
x 0 33059
p 0 231 33059
x 0 33060
p 0 258 33060
x 0 33000
h 0 10.0.0.9
p 0 21476 33000
x 1 33001
h 1 10.0.0.9
p 1 241 33001
x 0 33002
p 0 216 33002
x 0 33003
p 0 258 33003
x 0 33004
p 0 217 33004
x 0 33005
p 0 219 33005
x 0 33006
p 0 260 33006
x 0 33007
p 0 213 33007
x 0 33008
p 0 217 33008
x 0 33009
p 0 221 33009
x 0 33010
p 0 222 33010
x 0 33011
p 0 217 33011
x 0 33012
p 0 218 33012
x 0 33013
p 0 194 33013
x 0 33014
p 0 219 33014
x 0 33015
p 0 217 33015
x 0 33016
p 0 217 33016
x 0 33017
p 0 222 33017
x 0 33018
p 0 220 33018
x 0 33019
p 0 221 33019
x 0 33020
p 0 234 33020
x 0 33021
p 0 221 33021
x 0 33022
p 0 215 33022
x 0 33023
p 0 225 33023
x 0 33024
p 0 247 33024
x 0 33025
p 0 210 33025
x 0 33026
p 0 223 33026
x 0 33027
p 0 214 33027
x 0 33028
p 0 374 33028
x 0 33029
p 0 211 33029
x 0 33030
p 0 223 33030
x 0 33031
p 0 212 33031
x 0 33032
p 0 256 33032
x 0 33033
p 0 260 33033
x 0 33034
p 0 220 33034
x 0 33035
p 0 217 33035
x 0 33036
p 0 282 33036
x 0 33037
p 0 234 33037
x 0 33038
p 0 264 33038
x 0 33039
p 0 236 33039
x 0 33040
p 0 268 33040
x 0 33041
p 0 230 33041
x 0 33042
p 0 223 33042
x 0 33043
p 0 262 33043
x 0 33044
p 0 262 33044
x 0 33045
p 0 228 33045
x 0 33046
p 0 221 33046
x 0 33047
p 0 218 33047
x 0 33048
p 0 253 33048
x 0 33049
p 0 182 33049
x 0 33050
p 0 192 33050
x 0 33051
p 0 338 33051
x 0 33052
p 0 319 33052
x 0 33053
p 0 200 33053
x 0 33054
p 0 225 33054
x 0 33055
p 0 223 33055
x 0 33056
p 0 220 33056
x 0 33057
p 0 250 33057
x 0 33058
p 0 254 33058
x 0 33059
p 0 231 33059
x 0 33060
p 0 280 33060
x 0 33000
h 0 10.0.0.9
p 0 18208 33000
x 1 33001
h 1 10.0.0.9
p 1 258 33001
x 0 33002
p 0 215 33002
x 0 33003
p 0 277 33003
x 0 33004
p 0 246 33004
x 0 33005
p 0 212 33005
x 0 33006
p 0 114 33006
x 0 33007
p 0 239 33007
x 0 33008
p 0 211 33008
x 0 33009
p 0 242 33009
x 0 33010
p 0 209 33010
x 0 33011
p 0 207 33011
x 0 33012
p 0 208 33012
x 0 33013
p 0 207 33013
x 0 33014
p 0 208 33014
x 0 33015
p 0 208 33015
x 0 33016
p 0 208 33016
x 0 33017
p 0 207 33017
x 0 33018
p 0 211 33018
x 0 33019
p 0 207 33019
x 0 33020
p 0 208 33020
x 0 33021
p 0 207 33021
x 0 33022
p 0 208 33022
x 0 33023
p 0 207 33023
x 0 33024
p 0 208 33024
x 0 33025
p 0 208 33025
x 0 33026
p 0 210 33026
x 0 33027
p 0 206 33027
x 0 33028
p 0 210 33028
x 0 33029
p 0 208 33029
x 0 33030
p 0 209 33030
x 0 33031
p 0 210 33031
x 0 33032
p 0 209 33032
x 0 33033
p 0 181 33033
x 0 33034
p 0 207 33034
x 0 33035
p 0 207 33035
x 0 33036
p 0 204 33036
x 0 33037
p 0 216 33037
x 0 33038
p 0 170 33038
x 0 33039
p 0 174 33039
x 0 33040
p 0 162 33040
x 0 33041
p 0 428 33041
x 0 33042
p 0 300 33042
x 0 33043
p 0 265 33043
x 0 33044
p 0 181 33044
x 0 33045
p 0 181 33045
x 0 33046
p 0 182 33046
x 0 33047
p 0 180 33047
x 0 33048
p 0 176 33048
x 0 33049
p 0 172 33049
x 0 33050
p 0 176 33050
x 0 33051
p 0 216 33051
x 0 33052
p 0 233 33052
x 0 33053
p 0 167 33053
x 0 33054
p 0 166 33054
x 0 33055
p 0 72 33055
x 0 33056
p 0 347 33056
x 0 33057
p 0 180 33057
x 0 33058
p 0 174 33058
x 0 33059
p 0 180 33059
x 0 33060
p 0 178 33060
x 0 33000
h 0 10.0.0.9
p 0 16802 33000
x 1 33001
h 1 10.0.0.9
p 1 256 33001
x 0 33002
p 0 220 33002
x 0 33003
p 0 252 33003
x 0 33004
p 0 186 33004
x 0 33005
p 0 188 33005
x 0 33006
p 0 188 33006
x 0 33007
p 0 210 33007
x 0 33008
p 0 185 33008
x 0 33009
p 0 225 33009
x 0 33010
p 0 194 33010
x 0 33011
p 0 208 33011
x 0 33012
p 0 207 33012
x 0 33013
p 0 191 33013
x 0 33014
p 0 194 33014
x 0 33015
p 0 189 33015
x 0 33016
p 0 221 33016
x 0 33017
p 0 224 33017
x 0 33018
p 0 233 33018
x 0 33019
p 0 226 33019
x 0 33020
p 0 221 33020
x 0 33021
p 0 242 33021
x 0 33022
p 0 219 33022
x 0 33023
p 0 216 33023
x 0 33024
p 0 222 33024
x 0 33025
p 0 160 33025
x 0 33026
p 0 164 33026
x 0 33027
p 0 163 33027
x 0 33028
p 0 163 33028
x 0 33029
p 0 163 33029
x 0 33030
p 0 163 33030
x 0 33031
p 0 189 33031
x 0 33032
p 0 160 33032
x 0 33033
p 0 164 33033
x 0 33034
p 0 161 33034
x 0 33035
p 0 218 33035
x 0 33036
p 0 157 33036
x 0 33037
p 0 213 33037
x 0 33038
p 0 237 33038
x 0 33039
p 0 283 33039
x 0 33040
p 0 160 33040
x 0 33041
p 0 210 33041
x 0 33042
p 0 156 33042
x 0 33043
p 0 290 33043
x 0 33044
p 0 168 33044
x 0 33045
p 0 171 33045
x 0 33046
p 0 228 33046
x 0 33047
p 0 167 33047
x 0 33048
p 0 157 33048
x 0 33049
p 0 226 33049
x 0 33050
p 0 161 33050
x 0 33051
p 0 271 33051
x 0 33052
p 0 224 33052
x 0 33053
p 0 105 33053
x 0 33054
p 0 218 33054
x 0 33055
p 0 221 33055
x 0 33056
p 0 215 33056
x 0 33057
p 0 217 33057
x 0 33058
p 0 97 33058
x 0 33059
p 0 263 33059
x 0 33060
p 0 225 33060
x 0 33000
h 0 10.0.0.9
p 0 17012 33000
x 1 33001
h 1 10.0.0.9
p 1 258 33001
x 0 33002
p 0 158 33002
x 0 33003
p 0 219 33003
x 0 33004
p 0 218 33004
x 0 33005
p 0 269 33005
x 0 33006
p 0 257 33006
x 0 33007
p 0 219 33007
x 0 33008
p 0 220 33008
x 0 33009
p 0 158 33009
x 0 33010
p 0 219 33010
x 0 33011
p 0 198 33011
x 0 33012
p 0 220 33012
x 0 33013
p 0 160 33013
x 0 33014
p 0 209 33014
x 0 33015
p 0 210 33015
x 0 33016
p 0 273 33016
x 0 33017
p 0 212 33017
x 0 33018
p 0 181 33018
x 0 33019
p 0 192 33019
x 0 33020
p 0 218 33020
x 0 33021
p 0 196 33021
x 0 33022
p 0 242 33022
x 0 33023
p 0 367 33023
x 0 33024
p 0 219 33024
x 0 33025
p 0 218 33025
x 0 33026
p 0 125 33026
x 0 33027
p 0 221 33027
x 0 33028
p 0 218 33028
x 0 33029
p 0 187 33029
x 0 33030
p 0 212 33030
x 0 33031
p 0 215 33031
x 0 33032
p 0 182 33032
x 0 33033
p 0 208 33033
x 0 33034
p 0 181 33034
x 0 33035
p 0 183 33035
x 0 33036
p 0 216 33036
x 0 33037
p 0 188 33037
x 0 33038
p 0 179 33038
x 0 33039
p 0 178 33039
x 0 33040
p 0 210 33040
x 0 33041
p 0 213 33041
x 0 33042
p 0 181 33042
x 0 33043
p 0 208 33043
x 0 33044
p 0 211 33044
x 0 33045
p 0 208 33045
x 0 33046
p 0 184 33046
x 0 33047
p 0 177 33047
x 0 33048
p 0 212 33048
x 0 33049
p 0 179 33049
x 0 33050
p 0 181 33050
x 0 33051
p 0 181 33051
x 0 33052
p 0 179 33052
x 0 33053
p 0 188 33053
x 0 33054
p 0 166 33054
x 0 33055
p 0 189 33055
x 0 33056
p 0 188 33056
x 0 33057
p 0 196 33057
x 0 33058
p 0 196 33058
x 0 33059
p 0 217 33059
x 0 33060
p 0 224 33060
x 0 33000
h 0 10.0.0.9
p 0 18460 33000
x 1 33001
h 1 10.0.0.9
p 1 4282 33001
x 0 33002
p 0 225 33002
x 0 33003
p 0 243 33003
x 0 33004
p 0 269 33004
x 0 33005
p 0 244 33005
x 0 33006
p 0 240 33006
x 0 33007
p 0 229 33007
x 0 33008
p 0 227 33008
x 0 33009
p 0 234 33009
x 0 33010
p 0 226 33010
x 0 33011
p 0 275 33011
x 0 33012
p 0 234 33012
x 0 33013
p 0 228 33013
x 0 33014
p 0 238 33014
x 0 33015
p 0 231 33015
x 0 33016
p 0 232 33016
x 0 33017
p 0 234 33017
x 0 33018
p 0 187 33018
x 0 33019
p 0 203 33019
x 0 33020
p 0 244 33020
x 0 33021
p 0 223 33021
x 0 33022
p 0 192 33022
x 0 33023
p 0 193 33023
x 0 33024
p 0 195 33024
x 0 33025
p 0 197 33025
x 0 33026
p 0 227 33026
x 0 33027
p 0 263 33027
x 0 33028
p 0 169 33028
x 0 33029
p 0 352 33029
x 0 33030
p 0 253 33030
x 0 33031
p 0 244 33031
x 0 33032
p 0 220 33032
x 0 33033
p 0 219 33033
x 0 33034
p 0 223 33034
x 0 33035
p 0 217 33035
x 0 33036
p 0 219 33036
x 0 33037
p 0 222 33037
x 0 33038
p 0 248 33038
x 0 33039
p 0 222 33039
x 0 33040
p 0 200 33040
x 0 33041
p 0 221 33041
x 0 33042
p 0 211 33042
x 0 33043
p 0 279 33043
x 0 33044
p 0 224 33044
x 0 33045
p 0 223 33045
x 0 33046
p 0 215 33046
x 0 33047
p 0 227 33047
x 0 33048
p 0 225 33048
x 0 33049
p 0 221 33049
x 0 33050
p 0 221 33050
x 0 33051
p 0 216 33051
x 0 33052
p 0 211 33052
x 0 33053
p 0 215 33053
x 0 33054
p 0 295 33054
x 0 33055
p 0 223 33055
x 0 33056
p 0 214 33056
x 0 33057
p 0 223 33057
x 0 33058
p 0 213 33058
x 0 33059
p 0 225 33059
x 0 33060
p 0 224 33060
x 0 33000
h 0 10.0.0.9
p 0 16738 33000
x 1 33001
h 1 10.0.0.9
p 1 262 33001
x 0 33002
p 0 211 33002
x 0 33003
p 0 103 33003
x 0 33004
p 0 212 33004
x 0 33005
p 0 213 33005
x 0 33006
p 0 239 33006
x 0 33007
p 0 215 33007
x 0 33008
p 0 210 33008
x 0 33009
p 0 210 33009
x 0 33010
p 0 213 33010
x 0 33011
p 0 215 33011
x 0 33012
p 0 210 33012
x 0 33013
p 0 212 33013
x 0 33014
p 0 210 33014
x 0 33015
p 0 211 33015
x 0 33016
p 0 184 33016
x 0 33017
p 0 211 33017
x 0 33018
p 0 212 33018
x 0 33019
p 0 210 33019
x 0 33020
p 0 183 33020
x 0 33021
p 0 184 33021
x 0 33022
p 0 215 33022
x 0 33023
p 0 211 33023
x 0 33024
p 0 215 33024
x 0 33025
p 0 216 33025
x 0 33026
p 0 215 33026
x 0 33027
p 0 191 33027
x 0 33028
p 0 217 33028
x 0 33029
p 0 215 33029
x 0 33030
p 0 222 33030
x 0 33031
p 0 206 33031
x 0 33032
p 0 218 33032
x 0 33033
p 0 218 33033
x 0 33034
p 0 214 33034
x 0 33035
p 0 212 33035
x 0 33036
p 0 212 33036
x 0 33037
p 0 216 33037
x 0 33038
p 0 213 33038
x 0 33039
p 0 213 33039
x 0 33040
p 0 216 33040
x 0 33041
p 0 224 33041
x 0 33042
p 0 221 33042
x 0 33043
p 0 220 33043
x 0 33044
p 0 221 33044
x 0 33045
p 0 220 33045
x 0 33046
p 0 218 33046
x 0 33047
p 0 188 33047
x 0 33048
p 0 216 33048
x 0 33049
p 0 216 33049
x 0 33050
p 0 194 33050
x 0 33051
p 0 214 33051
x 0 33052
p 0 212 33052
x 0 33053
p 0 197 33053
x 0 33054
p 0 215 33054
x 0 33055
p 0 216 33055
x 0 33056
p 0 218 33056
x 0 33057
p 0 231 33057
x 0 33058
p 0 225 33058
x 0 33059
p 0 233 33059
x 0 33060
p 0 241 33060
x 0 33000
h 0 10.0.0.9
p 0 19533 33000
x 1 33001
h 1 10.0.0.9
p 1 243 33001
x 0 33002
p 0 225 33002
x 0 33003
p 0 223 33003
x 0 33004
p 0 219 33004
x 0 33005
p 0 220 33005
x 0 33006
p 0 228 33006
x 0 33007
p 0 250 33007
x 0 33008
p 0 260 33008
x 0 33009
p 0 228 33009
x 0 33010
p 0 220 33010
x 0 33011
p 0 222 33011
x 0 33012
p 0 224 33012
x 0 33013
p 0 224 33013
x 0 33014
p 0 222 33014
x 0 33015
p 0 258 33015
x 0 33016
p 0 220 33016
x 0 33017
p 0 224 33017
x 0 33018
p 0 222 33018
x 0 33019
p 0 228 33019
x 0 33020
p 0 221 33020
x 0 33021
p 0 245 33021
x 0 33022
p 0 110 33022
x 0 33023
p 0 219 33023
x 0 33024
p 0 221 33024
x 0 33025
p 0 223 33025
x 0 33026
p 0 159 33026
x 0 33027
p 0 164 33027
x 0 33028
p 0 244 33028
x 0 33029
p 0 216 33029
x 0 33030
p 0 153 33030
x 0 33031
p 0 155 33031
x 0 33032
p 0 215 33032
x 0 33033
p 0 214 33033
x 0 33034
p 0 159 33034
x 0 33035
p 0 261 33035
x 0 33036
p 0 166 33036
x 0 33037
p 0 222 33037
x 0 33038
p 0 220 33038
x 0 33039
p 0 221 33039
x 0 33040
p 0 225 33040
x 0 33041
p 0 220 33041
x 0 33042
p 0 251 33042
x 0 33043
p 0 266 33043
x 0 33044
p 0 92 33044
x 0 33045
p 0 220 33045
x 0 33046
p 0 170 33046
x 0 33047
p 0 700 33047
x 0 33048
p 0 217 33048
x 0 33049
p 0 172 33049
x 0 33050
p 0 161 33050
x 0 33051
p 0 226 33051
x 0 33052
p 0 166 33052
x 0 33053
p 0 165 33053
x 0 33054
p 0 292 33054
x 0 33055
p 0 226 33055
x 0 33056
p 0 178 33056
x 0 33057
p 0 167 33057
x 0 33058
p 0 225 33058
x 0 33059
p 0 379 33059
x 0 33060
p 0 197 33060
x 0 33000
h 0 10.0.0.9
p 0 18090 33000
x 1 33001
h 1 10.0.0.9
p 1 247 33001
x 0 33002
p 0 253 33002
x 0 33003
p 0 251 33003
x 0 33004
p 0 244 33004
x 0 33005
p 0 229 33005
x 0 33006
p 0 214 33006
x 0 33007
p 0 237 33007
x 0 33008
p 0 177 33008
x 0 33009
p 0 234 33009
x 0 33010
p 0 208 33010
x 0 33011
p 0 209 33011
x 0 33012
p 0 178 33012
x 0 33013
p 0 213 33013
x 0 33014
p 0 210 33014
x 0 33015
p 0 211 33015
x 0 33016
p 0 179 33016
x 0 33017
p 0 199 33017
x 0 33018
p 0 210 33018
x 0 33019
p 0 214 33019
x 0 33020
p 0 348 33020
x 0 33021
p 0 332 33021
x 0 33022
p 0 216 33022
x 0 33023
p 0 219 33023
x 0 33024
p 0 220 33024
x 0 33025
p 0 216 33025
x 0 33026
p 0 216 33026
x 0 33027
p 0 216 33027
x 0 33028
p 0 218 33028
x 0 33029
p 0 220 33029
x 0 33030
p 0 213 33030
x 0 33031
p 0 215 33031
x 0 33032
p 0 213 33032
x 0 33033
p 0 215 33033
x 0 33034
p 0 214 33034
x 0 33035
p 0 253 33035
x 0 33036
p 0 214 33036
x 0 33037
p 0 214 33037
x 0 33038
p 0 214 33038
x 0 33039
p 0 218 33039
x 0 33040
p 0 274 33040
x 0 33041
p 0 215 33041
x 0 33042
p 0 254 33042
x 0 33043
p 0 215 33043
x 0 33044
p 0 213 33044
x 0 33045
p 0 218 33045
x 0 33046
p 0 219 33046
x 0 33047
p 0 328 33047
x 0 33048
p 0 219 33048
x 0 33049
p 0 175 33049
x 0 33050
p 0 159 33050
x 0 33051
p 0 219 33051
x 0 33052
p 0 163 33052
x 0 33053
p 0 166 33053
x 0 33054
p 0 292 33054
x 0 33055
p 0 165 33055
x 0 33056
p 0 172 33056
x 0 33057
p 0 235 33057
x 0 33058
p 0 165 33058
x 0 33059
p 0 231 33059
x 0 33060
p 0 169 33060
x 0 33000
h 0 10.0.0.9
p 0 16839 33000
x 1 33001
h 1 10.0.0.9
p 1 239 33001
x 0 33002
p 0 218 33002
x 0 33003
p 0 227 33003
x 0 33004
p 0 205 33004
x 0 33005
p 0 216 33005
x 0 33006
p 0 225 33006
x 0 33007
p 0 208 33007
x 0 33008
p 0 176 33008
x 0 33009
p 0 207 33009
x 0 33010
p 0 209 33010
x 0 33011
p 0 211 33011
x 0 33012
p 0 208 33012
x 0 33013
p 0 209 33013
x 0 33014
p 0 210 33014
x 0 33015
p 0 208 33015
x 0 33016
p 0 169 33016
x 0 33017
p 0 210 33017
x 0 33018
p 0 213 33018
x 0 33019
p 0 214 33019
x 0 33020
p 0 214 33020
x 0 33021
p 0 216 33021
x 0 33022
p 0 176 33022
x 0 33023
p 0 158 33023
x 0 33024
p 0 157 33024
x 0 33025
p 0 464 33025
x 0 33026
p 0 184 33026
x 0 33027
p 0 217 33027
x 0 33028
p 0 158 33028
x 0 33029
p 0 218 33029
x 0 33030
p 0 166 33030
x 0 33031
p 0 214 33031
x 0 33032
p 0 162 33032
x 0 33033
p 0 203 33033
x 0 33034
p 0 160 33034
x 0 33035
p 0 247 33035
x 0 33036
p 0 160 33036
x 0 33037
p 0 159 33037
x 0 33038
p 0 390 33038
x 0 33039
p 0 219 33039
x 0 33040
p 0 75 33040
x 0 33041
p 0 214 33041
x 0 33042
p 0 212 33042
x 0 33043
p 0 229 33043
x 0 33044
p 0 212 33044
x 0 33045
p 0 226 33045
x 0 33046
p 0 216 33046
x 0 33047
p 0 213 33047
x 0 33048
p 0 212 33048
x 0 33049
p 0 212 33049
x 0 33050
p 0 163 33050
x 0 33051
p 0 216 33051
x 0 33052
p 0 214 33052
x 0 33053
p 0 259 33053
x 0 33054
p 0 223 33054
x 0 33055
p 0 224 33055
x 0 33056
p 0 258 33056
x 0 33057
p 0 215 33057
x 0 33058
p 0 220 33058
x 0 33059
p 0 232 33059
x 0 33060
p 0 215 33060
x 0 33000
h 0 10.0.0.9
p 0 17751 33000
x 1 33001
h 1 10.0.0.9
p 1 223 33001
x 0 33002
p 0 210 33002
x 0 33003
p 0 218 33003
x 0 33004
p 0 218 33004
x 0 33005
p 0 213 33005
x 0 33006
p 0 274 33006
x 0 33007
p 0 212 33007
x 0 33008
p 0 214 33008
x 0 33009
p 0 215 33009
x 0 33010
p 0 275 33010
x 0 33011
p 0 292 33011
x 0 33012
p 0 222 33012
x 0 33013
p 0 176 33013
x 0 33014
p 0 207 33014
x 0 33015
p 0 208 33015
x 0 33016
p 0 175 33016
x 0 33017
p 0 210 33017
x 0 33018
p 0 179 33018
x 0 33019
p 0 203 33019
x 0 33020
p 0 176 33020
x 0 33021
p 0 177 33021
x 0 33022
p 0 176 33022
x 0 33023
p 0 199 33023
x 0 33024
p 0 177 33024
x 0 33025
p 0 175 33025
x 0 33026
p 0 173 33026
x 0 33027
p 0 201 33027
x 0 33028
p 0 164 33028
x 0 33029
p 0 160 33029
x 0 33030
p 0 232 33030
x 0 33031
p 0 222 33031
x 0 33032
p 0 219 33032
x 0 33033
p 0 187 33033
x 0 33034
p 0 169 33034
x 0 33035
p 0 163 33035
x 0 33036
p 0 154 33036
x 0 33037
p 0 155 33037
x 0 33038
p 0 363 33038
x 0 33039
p 0 154 33039
x 0 33040
p 0 153 33040
x 0 33041
p 0 259 33041
x 0 33042
p 0 232 33042
x 0 33043
p 0 158 33043
x 0 33044
p 0 218 33044
x 0 33045
p 0 214 33045
x 0 33046
p 0 216 33046
x 0 33047
p 0 220 33047
x 0 33048
p 0 160 33048
x 0 33049
p 0 220 33049
x 0 33050
p 0 161 33050
x 0 33051
p 0 221 33051
x 0 33052
p 0 260 33052
x 0 33053
p 0 235 33053
x 0 33054
p 0 222 33054
x 0 33055
p 0 227 33055
x 0 33056
p 0 229 33056
x 0 33057
p 0 221 33057
x 0 33058
p 0 377 33058
x 0 33059
p 0 192 33059
x 0 33060
p 0 193 33060
x 0 33000
h 0 10.0.0.9
p 0 16891 33000
x 1 33001
h 1 10.0.0.9
p 1 719 33001
x 0 33002
p 0 238 33002
x 0 33003
p 0 231 33003
x 0 33004
p 0 289 33004
x 0 33005
p 0 237 33005
x 0 33006
p 0 245 33006
x 0 33007
p 0 378 33007
x 0 33008
p 0 260 33008
x 0 33009
p 0 251 33009
x 0 33010
p 0 224 33010
x 0 33011
p 0 240 33011
x 0 33012
p 0 254 33012
x 0 33013
p 0 231 33013
x 0 33014
p 0 245 33014
x 0 33015
p 0 265 33015
x 0 33016
p 0 180 33016
x 0 33017
p 0 242 33017
x 0 33018
p 0 231 33018
x 0 33019
p 0 231 33019
x 0 33020
p 0 243 33020
x 0 33021
p 0 240 33021
x 0 33022
p 0 260 33022
x 0 33023
p 0 231 33023
x 0 33024
p 0 92 33024
x 0 33025
p 0 219 33025
x 0 33026
p 0 232 33026
x 0 33027
p 0 219 33027
x 0 33028
p 0 215 33028
x 0 33029
p 0 214 33029
x 0 33030
p 0 219 33030
x 0 33031
p 0 236 33031
x 0 33032
p 0 232 33032
x 0 33033
p 0 213 33033
x 0 33034
p 0 217 33034
x 0 33035
p 0 217 33035
x 0 33036
p 0 253 33036
x 0 33037
p 0 220 33037
x 0 33038
p 0 231 33038
x 0 33039
p 0 216 33039
x 0 33040
p 0 219 33040
x 0 33041
p 0 220 33041
x 0 33042
p 0 220 33042
x 0 33043
p 0 259 33043
x 0 33044
p 0 218 33044
x 0 33045
p 0 224 33045
x 0 33046
p 0 225 33046
x 0 33047
p 0 224 33047
x 0 33048
p 0 221 33048
x 0 33049
p 0 220 33049
x 0 33050
p 0 298 33050
x 0 33051
p 0 224 33051
x 0 33052
p 0 229 33052
x 0 33053
p 0 215 33053
x 0 33054
p 0 210 33054
x 0 33055
p 0 217 33055
x 0 33056
p 0 218 33056
x 0 33057
p 0 269 33057
x 0 33058
p 0 261 33058
x 0 33059
p 0 218 33059
x 0 33060
p 0 215 33060
x 0 33000
h 0 10.0.0.9
p 0 20082 33000
x 1 33001
h 1 10.0.0.9
p 1 220 33001
x 0 33002
p 0 212 33002
x 0 33003
p 0 214 33003
x 0 33004
p 0 221 33004
x 0 33005
p 0 218 33005
x 0 33006
p 0 219 33006
x 0 33007
p 0 218 33007
x 0 33008
p 0 219 33008
x 0 33009
p 0 216 33009
x 0 33010
p 0 216 33010
x 0 33011
p 0 192 33011
x 0 33012
p 0 218 33012
x 0 33013
p 0 219 33013
x 0 33014
p 0 213 33014
x 0 33015
p 0 211 33015
x 0 33016
p 0 214 33016
x 0 33017
p 0 211 33017
x 0 33018
p 0 211 33018
x 0 33019
p 0 211 33019
x 0 33020
p 0 209 33020
x 0 33021
p 0 286 33021
x 0 33022
p 0 212 33022
x 0 33023
p 0 214 33023
x 0 33024
p 0 290 33024
x 0 33025
p 0 237 33025
x 0 33026
p 0 214 33026
x 0 33027
p 0 211 33027
x 0 33028
p 0 211 33028
x 0 33029
p 0 213 33029
x 0 33030
p 0 279 33030
x 0 33031
p 0 215 33031
x 0 33032
p 0 245 33032
x 0 33033
p 0 242 33033
x 0 33034
p 0 242 33034
x 0 33035
p 0 211 33035
x 0 33036
p 0 213 33036
x 0 33037
p 0 214 33037
x 0 33038
p 0 209 33038
x 0 33039
p 0 211 33039
x 0 33040
p 0 210 33040
x 0 33041
p 0 210 33041
x 0 33042
p 0 212 33042
x 0 33043
p 0 211 33043
x 0 33044
p 0 214 33044
x 0 33045
p 0 214 33045
x 0 33046
p 0 215 33046
x 0 33047
p 0 218 33047
x 0 33048
p 0 212 33048
x 0 33049
p 0 212 33049
x 0 33050
p 0 211 33050
x 0 33051
p 0 212 33051
x 0 33052
p 0 214 33052
x 0 33053
p 0 218 33053
x 0 33054
p 0 222 33054
x 0 33055
p 0 222 33055
x 0 33056
p 0 221 33056
x 0 33057
p 0 220 33057
x 0 33058
p 0 224 33058
x 0 33059
p 0 222 33059
x 0 33060
p 0 247 33060
x 0 33000
h 0 10.0.0.9
p 0 17844 33000
x 1 33001
h 1 10.0.0.9
p 1 219 33001
x 0 33002
p 0 213 33002
x 0 33003
p 0 222 33003
x 0 33004
p 0 183 33004
x 0 33005
p 0 181 33005
x 0 33006
p 0 179 33006
x 0 33007
p 0 177 33007
x 0 33008
p 0 211 33008
x 0 33009
p 0 156 33009
x 0 33010
p 0 211 33010
x 0 33011
p 0 152 33011
x 0 33012
p 0 212 33012
x 0 33013
p 0 157 33013
x 0 33014
p 0 213 33014
x 0 33015
p 0 164 33015
x 0 33016
p 0 161 33016
x 0 33017
p 0 216 33017
x 0 33018
p 0 161 33018
x 0 33019
p 0 216 33019
x 0 33020
p 0 224 33020
x 0 33021
p 0 308 33021
x 0 33022
p 0 219 33022
x 0 33023
p 0 221 33023
x 0 33024
p 0 212 33024
x 0 33025
p 0 154 33025
x 0 33026
p 0 155 33026
x 0 33027
p 0 209 33027
x 0 33028
p 0 157 33028
x 0 33029
p 0 246 33029
x 0 33030
p 0 156 33030
x 0 33031
p 0 212 33031
x 0 33032
p 0 216 33032
x 0 33033
p 0 156 33033
x 0 33034
p 0 157 33034
x 0 33035
p 0 260 33035
x 0 33036
p 0 159 33036
x 0 33037
p 0 157 33037
x 0 33038
p 0 210 33038
x 0 33039
p 0 156 33039
x 0 33040
p 0 211 33040
x 0 33041
p 0 154 33041
x 0 33042
p 0 164 33042
x 0 33043
p 0 210 33043
x 0 33044
p 0 157 33044
x 0 33045
p 0 213 33045
x 0 33046
p 0 152 33046
x 0 33047
p 0 221 33047
x 0 33048
p 0 228 33048
x 0 33049
p 0 220 33049
x 0 33050
p 0 216 33050
x 0 33051
p 0 222 33051
x 0 33052
p 0 204 33052
x 0 33053
p 0 164 33053
x 0 33054
p 0 225 33054
x 0 33055
p 0 223 33055
x 0 33056
p 0 207 33056
x 0 33057
p 0 178 33057
x 0 33058
p 0 177 33058
x 0 33059
p 0 178 33059
x 0 33060
p 0 161 33060
x 0 33000
h 0 10.0.0.9
p 0 18635 33000
x 1 33001
h 1 10.0.0.9
p 1 220 33001
x 0 33002
p 0 210 33002
x 0 33003
p 0 211 33003
x 0 33004
p 0 210 33004
x 0 33005
p 0 178 33005
x 0 33006
p 0 171 33006
x 0 33007
p 0 206 33007
x 0 33008
p 0 172 33008
x 0 33009
p 0 191 33009
x 0 33010
p 0 174 33010
x 0 33011
p 0 184 33011
x 0 33012
p 0 177 33012
x 0 33013
p 0 180 33013
x 0 33014
p 0 181 33014
x 0 33015
p 0 210 33015
x 0 33016
p 0 177 33016
x 0 33017
p 0 213 33017
x 0 33018
p 0 173 33018
x 0 33019
p 0 221 33019
x 0 33020
p 0 214 33020
x 0 33021
p 0 172 33021
x 0 33022
p 0 198 33022
x 0 33023
p 0 166 33023
x 0 33024
p 0 209 33024
x 0 33025
p 0 173 33025
x 0 33026
p 0 169 33026
x 0 33027
p 0 164 33027
x 0 33028
p 0 164 33028
x 0 33029
p 0 166 33029
x 0 33030
p 0 218 33030
x 0 33031
p 0 303 33031
x 0 33032
p 0 214 33032
x 0 33033
p 0 228 33033
x 0 33034
p 0 306 33034
x 0 33035
p 0 213 33035
x 0 33036
p 0 219 33036
x 0 33037
p 0 253 33037
x 0 33038
p 0 214 33038
x 0 33039
p 0 215 33039
x 0 33040
p 0 213 33040
x 0 33041
p 0 250 33041
x 0 33042
p 0 234 33042
x 0 33043
p 0 215 33043
x 0 33044
p 0 221 33044
x 0 33045
p 0 221 33045
x 0 33046
p 0 444 33046
x 0 33047
p 0 223 33047
x 0 33048
p 0 173 33048
x 0 33049
p 0 176 33049
x 0 33050
p 0 167 33050
x 0 33051
p 0 168 33051
x 0 33052
p 0 162 33052
x 0 33053
p 0 163 33053
x 0 33054
p 0 197 33054
x 0 33055
p 0 182 33055
x 0 33056
p 0 182 33056
x 0 33057
p 0 190 33057
x 0 33058
p 0 169 33058
x 0 33059
p 0 164 33059
x 0 33060
p 0 227 33060
x 0 33000
h 0 10.0.0.9
p 0 17867 33000
x 1 33001
h 1 10.0.0.9
p 1 258 33001
x 0 33002
p 0 282 33002
x 0 33003
p 0 232 33003
x 0 33004
p 0 241 33004
x 0 33005
p 0 245 33005
x 0 33006
p 0 209 33006
x 0 33007
p 0 202 33007
x 0 33008
p 0 174 33008
x 0 33009
p 0 206 33009
x 0 33010
p 0 173 33010
x 0 33011
p 0 213 33011
x 0 33012
p 0 209 33012
x 0 33013
p 0 208 33013
x 0 33014
p 0 232 33014
x 0 33015
p 0 241 33015
x 0 33016
p 0 206 33016
x 0 33017
p 0 211 33017
x 0 33018
p 0 208 33018
x 0 33019
p 0 208 33019
x 0 33020
p 0 209 33020
x 0 33021
p 0 209 33021
x 0 33022
p 0 240 33022
x 0 33023
p 0 207 33023
x 0 33024
p 0 208 33024
x 0 33025
p 0 206 33025
x 0 33026
p 0 206 33026
x 0 33027
p 0 187 33027
x 0 33028
p 0 211 33028
x 0 33029
p 0 211 33029
x 0 33030
p 0 208 33030
x 0 33031
p 0 212 33031
x 0 33032
p 0 208 33032
x 0 33033
p 0 192 33033
x 0 33034
p 0 185 33034
x 0 33035
p 0 210 33035
x 0 33036
p 0 187 33036
x 0 33037
p 0 294 33037
x 0 33038
p 0 214 33038
x 0 33039
p 0 214 33039
x 0 33040
p 0 213 33040
x 0 33041
p 0 211 33041
x 0 33042
p 0 210 33042
x 0 33043
p 0 219 33043
x 0 33044
p 0 208 33044
x 0 33045
p 0 209 33045
x 0 33046
p 0 209 33046
x 0 33047
p 0 206 33047
x 0 33048
p 0 210 33048
x 0 33049
p 0 211 33049
x 0 33050
p 0 208 33050
x 0 33051
p 0 208 33051
x 0 33052
p 0 148 33052
x 0 33053
p 0 220 33053
x 0 33054
p 0 224 33054
x 0 33055
p 0 202 33055
x 0 33056
p 0 230 33056
x 0 33057
p 0 234 33057
x 0 33058
p 0 228 33058
x 0 33059
p 0 168 33059
x 0 33060
p 0 260 33060
x 0 33000
h 0 10.0.0.9
p 0 18614 33000
x 1 33001
h 1 10.0.0.9
p 1 123 33001
x 0 33002
p 0 186 33002
x 0 33003
p 0 223 33003
x 0 33004
p 0 220 33004
x 0 33005
p 0 250 33005
x 0 33006
p 0 216 33006
x 0 33007
p 0 217 33007
x 0 33008
p 0 217 33008
x 0 33009
p 0 345 33009
x 0 33010
p 0 219 33010
x 0 33011
p 0 219 33011
x 0 33012
p 0 248 33012
x 0 33013
p 0 219 33013
x 0 33014
p 0 216 33014
x 0 33015
p 0 222 33015
x 0 33016
p 0 218 33016
x 0 33017
p 0 215 33017
x 0 33018
p 0 220 33018
x 0 33019
p 0 218 33019
x 0 33020
p 0 217 33020
x 0 33021
p 0 220 33021
x 0 33022
p 0 219 33022
x 0 33023
p 0 217 33023
x 0 33024
p 0 220 33024
x 0 33025
p 0 226 33025
x 0 33026
p 0 219 33026
x 0 33027
p 0 296 33027
x 0 33028
p 0 217 33028
x 0 33029
p 0 217 33029
x 0 33030
p 0 215 33030
x 0 33031
p 0 215 33031
x 0 33032
p 0 218 33032
x 0 33033
p 0 216 33033
x 0 33034
p 0 215 33034
x 0 33035
p 0 216 33035
x 0 33036
p 0 217 33036
x 0 33037
p 0 218 33037
x 0 33038
p 0 215 33038
x 0 33039
p 0 219 33039
x 0 33040
p 0 216 33040
x 0 33041
p 0 212 33041
x 0 33042
p 0 214 33042
x 0 33043
p 0 216 33043
x 0 33044
p 0 214 33044
x 0 33045
p 0 140 33045
x 0 33046
p 0 208 33046
x 0 33047
p 0 213 33047
x 0 33048
p 0 211 33048
x 0 33049
p 0 213 33049
x 0 33050
p 0 152 33050
x 0 33051
p 0 228 33051
x 0 33052
p 0 215 33052
x 0 33053
p 0 222 33053
x 0 33054
p 0 265 33054
x 0 33055
p 0 125 33055
x 0 33056
p 0 217 33056
x 0 33057
p 0 223 33057
x 0 33058
p 0 269 33058
x 0 33059
p 0 228 33059
x 0 33060
p 0 161 33060
x 0 33000
h 0 10.0.0.9
p 0 19082 33000
x 1 33001
h 1 10.0.0.9
p 1 261 33001
x 0 33002
p 0 209 33002
x 0 33003
p 0 213 33003
x 0 33004
p 0 209 33004
x 0 33005
p 0 207 33005
x 0 33006
p 0 87 33006
x 0 33007
p 0 205 33007
x 0 33008
p 0 210 33008
x 0 33009
p 0 208 33009
x 0 33010
p 0 237 33010
x 0 33011
p 0 207 33011
x 0 33012
p 0 207 33012
x 0 33013
p 0 207 33013
x 0 33014
p 0 263 33014
x 0 33015
p 0 207 33015
x 0 33016
p 0 207 33016
x 0 33017
p 0 206 33017
x 0 33018
p 0 238 33018
x 0 33019
p 0 206 33019
x 0 33020
p 0 206 33020
x 0 33021
p 0 207 33021
x 0 33022
p 0 182 33022
x 0 33023
p 0 184 33023
x 0 33024
p 0 178 33024
x 0 33025
p 0 212 33025
x 0 33026
p 0 176 33026
x 0 33027
p 0 227 33027
x 0 33028
p 0 211 33028
x 0 33029
p 0 213 33029
x 0 33030
p 0 233 33030
x 0 33031
p 0 207 33031
x 0 33032
p 0 208 33032
x 0 33033
p 0 167 33033
x 0 33034
p 0 164 33034
x 0 33035
p 0 163 33035
x 0 33036
p 0 250 33036
x 0 33037
p 0 218 33037
x 0 33038
p 0 197 33038
x 0 33039
p 0 211 33039
x 0 33040
p 0 211 33040
x 0 33041
p 0 212 33041
x 0 33042
p 0 623 33042
x 0 33043
p 0 286 33043
x 0 33044
p 0 206 33044
x 0 33045
p 0 209 33045
x 0 33046
p 0 156 33046
x 0 33047
p 0 161 33047
x 0 33048
p 0 177 33048
x 0 33049
p 0 174 33049
x 0 33050
p 0 175 33050
x 0 33051
p 0 171 33051
x 0 33052
p 0 170 33052
x 0 33053
p 0 173 33053
x 0 33054
p 0 179 33054
x 0 33055
p 0 210 33055
x 0 33056
p 0 183 33056
x 0 33057
p 0 172 33057
x 0 33058
p 0 190 33058
x 0 33059
p 0 231 33059
x 0 33060
p 0 228 33060
x 0 33000
h 0 10.0.0.9
p 0 18581 33000
x 1 33001
h 1 10.0.0.9
p 1 213 33001
x 0 33002
p 0 185 33002
x 0 33003
p 0 162 33003
x 0 33004
p 0 181 33004
x 0 33005
p 0 214 33005
x 0 33006
p 0 177 33006
x 0 33007
p 0 206 33007
x 0 33008
p 0 177 33008
x 0 33009
p 0 209 33009
x 0 33010
p 0 210 33010
x 0 33011
p 0 171 33011
x 0 33012
p 0 177 33012
x 0 33013
p 0 195 33013
x 0 33014
p 0 175 33014
x 0 33015
p 0 175 33015
x 0 33016
p 0 178 33016
x 0 33017
p 0 171 33017
x 0 33018
p 0 171 33018
x 0 33019
p 0 175 33019
x 0 33020
p 0 166 33020
x 0 33021
p 0 151 33021
x 0 33022
p 0 154 33022
x 0 33023
p 0 165 33023
x 0 33024
p 0 217 33024
x 0 33025
p 0 153 33025
x 0 33026
p 0 159 33026
x 0 33027
p 0 619 33027
x 0 33028
p 0 251 33028
x 0 33029
p 0 216 33029
x 0 33030
p 0 215 33030
x 0 33031
p 0 1072 33031
x 0 33032
p 0 215 33032
x 0 33033
p 0 149 33033
x 0 33034
p 0 88 33034
x 0 33035
p 0 217 33035
x 0 33036
p 0 221 33036
x 0 33037
p 0 170 33037
x 0 33038
p 0 174 33038
x 0 33039
p 0 155 33039
x 0 33040
p 0 214 33040
x 0 33041
p 0 215 33041
x 0 33042
p 0 214 33042
x 0 33043
p 0 151 33043
x 0 33044
p 0 153 33044
x 0 33045
p 0 156 33045
x 0 33046
p 0 152 33046
x 0 33047
p 0 151 33047
x 0 33048
p 0 208 33048
x 0 33049
p 0 283 33049
x 0 33050
p 0 184 33050
x 0 33051
p 0 232 33051
x 0 33052
p 0 303 33052
x 0 33053
p 0 228 33053
x 0 33054
p 0 288 33054
x 0 33055
p 0 230 33055
x 0 33056
p 0 232 33056
x 0 33057
p 0 233 33057
x 0 33058
p 0 227 33058
x 0 33059
p 0 267 33059
x 0 33060
p 0 235 33060
x 0 33000
h 0 10.0.0.9
p 0 19070 33000
x 1 33001
h 1 10.0.0.9
p 1 219 33001
x 0 33002
p 0 182 33002
x 0 33003
p 0 171 33003
x 0 33004
p 0 206 33004
x 0 33005
p 0 157 33005
x 0 33006
p 0 151 33006
x 0 33007
p 0 246 33007
x 0 33008
p 0 213 33008
x 0 33009
p 0 214 33009
x 0 33010
p 0 215 33010
x 0 33011
p 0 269 33011
x 0 33012
p 0 214 33012
x 0 33013
p 0 253 33013
x 0 33014
p 0 218 33014
x 0 33015
p 0 220 33015
x 0 33016
p 0 273 33016
x 0 33017
p 0 215 33017
x 0 33018
p 0 216 33018
x 0 33019
p 0 219 33019
x 0 33020
p 0 231 33020
x 0 33021
p 0 320 33021
x 0 33022
p 0 215 33022
x 0 33023
p 0 217 33023
x 0 33024
p 0 216 33024
x 0 33025
p 0 252 33025
x 0 33026
p 0 215 33026
x 0 33027
p 0 190 33027
x 0 33028
p 0 211 33028
x 0 33029
p 0 215 33029
x 0 33030
p 0 211 33030
x 0 33031
p 0 211 33031
x 0 33032
p 0 209 33032
x 0 33033
p 0 214 33033
x 0 33034
p 0 211 33034
x 0 33035
p 0 210 33035
x 0 33036
p 0 212 33036
x 0 33037
p 0 212 33037
x 0 33038
p 0 291 33038
x 0 33039
p 0 215 33039
x 0 33040
p 0 212 33040
x 0 33041
p 0 315 33041
x 0 33042
p 0 209 33042
x 0 33043
p 0 216 33043
x 0 33044
p 0 221 33044
x 0 33045
p 0 212 33045
x 0 33046
p 0 214 33046
x 0 33047
p 0 112 33047
x 0 33048
p 0 273 33048
x 0 33049
p 0 215 33049
x 0 33050
p 0 217 33050
x 0 33051
p 0 215 33051
x 0 33052
p 0 216 33052
x 0 33053
p 0 224 33053
x 0 33054
p 0 247 33054
x 0 33055
p 0 229 33055
x 0 33056
p 0 321 33056
x 0 33057
p 0 242 33057
x 0 33058
p 0 266 33058
x 0 33059
p 0 289 33059
x 0 33060
p 0 232 33060
x 0 33000
h 0 10.0.0.9
p 0 17136 33000
x 1 33001
h 1 10.0.0.9
p 1 204 33001
x 0 33002
p 0 213 33002
x 0 33003
p 0 217 33003
x 0 33004
p 0 211 33004
x 0 33005
p 0 215 33005
x 0 33006
p 0 256 33006
x 0 33007
p 0 244 33007
x 0 33008
p 0 299 33008
x 0 33009
p 0 221 33009
x 0 33010
p 0 217 33010
x 0 33011
p 0 215 33011
x 0 33012
p 0 251 33012
x 0 33013
p 0 220 33013
x 0 33014
p 0 245 33014
x 0 33015
p 0 217 33015
x 0 33016
p 0 212 33016
x 0 33017
p 0 209 33017
x 0 33018
p 0 213 33018
x 0 33019
p 0 213 33019
x 0 33020
p 0 212 33020
x 0 33021
p 0 212 33021
x 0 33022
p 0 214 33022
x 0 33023
p 0 214 33023
x 0 33024
p 0 213 33024
x 0 33025
p 0 211 33025
x 0 33026
p 0 214 33026
x 0 33027
p 0 214 33027
x 0 33028
p 0 301 33028
x 0 33029
p 0 214 33029
x 0 33030
p 0 213 33030
x 0 33031
p 0 215 33031
x 0 33032
p 0 246 33032
x 0 33033
p 0 215 33033
x 0 33034
p 0 218 33034
x 0 33035
p 0 211 33035
x 0 33036
p 0 213 33036
x 0 33037
p 0 217 33037
x 0 33038
p 0 212 33038
x 0 33039
p 0 251 33039
x 0 33040
p 0 216 33040
x 0 33041
p 0 218 33041
x 0 33042
p 0 286 33042
x 0 33043
p 0 219 33043
x 0 33044
p 0 216 33044
x 0 33045
p 0 216 33045
x 0 33046
p 0 245 33046
x 0 33047
p 0 216 33047
x 0 33048
p 0 223 33048
x 0 33049
p 0 256 33049
x 0 33050
p 0 214 33050
x 0 33051
p 0 194 33051
x 0 33052
p 0 213 33052
x 0 33053
p 0 251 33053
x 0 33054
p 0 251 33054
x 0 33055
p 0 221 33055
x 0 33056
p 0 221 33056
x 0 33057
p 0 258 33057
x 0 33058
p 0 245 33058
x 0 33059
p 0 221 33059
x 0 33060
p 0 228 33060
x 0 33000
h 0 10.0.0.9
p 0 18218 33000
x 1 33001
h 1 10.0.0.9
p 1 218 33001
x 0 33002
p 0 207 33002
x 0 33003
p 0 184 33003
x 0 33004
p 0 178 33004
x 0 33005
p 0 176 33005
x 0 33006
p 0 175 33006
x 0 33007
p 0 141 33007
x 0 33008
p 0 173 33008
x 0 33009
p 0 173 33009
x 0 33010
p 0 177 33010
x 0 33011
p 0 180 33011
x 0 33012
p 0 189 33012
x 0 33013
p 0 167 33013
x 0 33014
p 0 172 33014
x 0 33015
p 0 174 33015
x 0 33016
p 0 171 33016
x 0 33017
p 0 155 33017
x 0 33018
p 0 216 33018
x 0 33019
p 0 152 33019
x 0 33020
p 0 165 33020
x 0 33021
p 0 175 33021
x 0 33022
p 0 190 33022
x 0 33023
p 0 216 33023
x 0 33024
p 0 150 33024
x 0 33025
p 0 157 33025
x 0 33026
p 0 224 33026
x 0 33027
p 0 162 33027
x 0 33028
p 0 210 33028
x 0 33029
p 0 158 33029
x 0 33030
p 0 220 33030
x 0 33031
p 0 153 33031
x 0 33032
p 0 255 33032
x 0 33033
p 0 244 33033
x 0 33034
p 0 185 33034
x 0 33035
p 0 178 33035
x 0 33036
p 0 211 33036
x 0 33037
p 0 178 33037
x 0 33038
p 0 210 33038
x 0 33039
p 0 180 33039
x 0 33040
p 0 180 33040
x 0 33041
p 0 184 33041
x 0 33042
p 0 174 33042
x 0 33043
p 0 172 33043
x 0 33044
p 0 176 33044
x 0 33045
p 0 193 33045
x 0 33046
p 0 162 33046
x 0 33047
p 0 162 33047
x 0 33048
p 0 160 33048
x 0 33049
p 0 163 33049
x 0 33050
p 0 161 33050
x 0 33051
p 0 160 33051
x 0 33052
p 0 162 33052
x 0 33053
p 0 156 33053
x 0 33054
p 0 172 33054
x 0 33055
p 0 172 33055
x 0 33056
p 0 191 33056
x 0 33057
p 0 239 33057
x 0 33058
p 0 244 33058
x 0 33059
p 0 295 33059
x 0 33060
p 0 231 33060
x 0 33000
h 0 10.0.0.9
p 0 18097 33000
x 1 33001
h 1 10.0.0.9
p 1 268 33001
x 0 33002
p 0 241 33002
x 0 33003
p 0 253 33003
x 0 33004
p 0 206 33004
x 0 33005
p 0 212 33005
x 0 33006
p 0 252 33006
x 0 33007
p 0 222 33007
x 0 33008
p 0 211 33008
x 0 33009
p 0 252 33009
x 0 33010
p 0 210 33010
x 0 33011
p 0 246 33011
x 0 33012
p 0 199 33012
x 0 33013
p 0 271 33013
x 0 33014
p 0 213 33014
x 0 33015
p 0 241 33015
x 0 33016
p 0 256 33016
x 0 33017
p 0 282 33017
x 0 33018
p 0 210 33018
x 0 33019
p 0 210 33019
x 0 33020
p 0 211 33020
x 0 33021
p 0 241 33021
x 0 33022
p 0 204 33022
x 0 33023
p 0 209 33023
x 0 33024
p 0 183 33024
x 0 33025
p 0 273 33025
x 0 33026
p 0 185 33026
x 0 33027
p 0 218 33027
x 0 33028
p 0 186 33028
x 0 33029
p 0 186 33029
x 0 33030
p 0 183 33030
x 0 33031
p 0 182 33031
x 0 33032
p 0 81 33032
x 0 33033
p 0 181 33033
x 0 33034
p 0 138 33034
x 0 33035
p 0 175 33035
x 0 33036
p 0 166 33036
x 0 33037
p 0 154 33037
x 0 33038
p 0 355 33038
x 0 33039
p 0 222 33039
x 0 33040
p 0 217 33040
x 0 33041
p 0 597 33041
x 0 33042
p 0 394 33042
x 0 33043
p 0 475 33043
x 0 33044
p 0 221 33044
x 0 33045
p 0 298 33045
x 0 33046
p 0 217 33046
x 0 33047
p 0 219 33047
x 0 33048
p 0 220 33048
x 0 33049
p 0 297 33049
x 0 33050
p 0 166 33050
x 0 33051
p 0 313 33051
x 0 33052
p 0 222 33052
x 0 33053
p 0 248 33053
x 0 33054
p 0 240 33054
x 0 33055
p 0 279 33055
x 0 33056
p 0 174 33056
x 0 33057
p 0 221 33057
x 0 33058
p 0 230 33058
x 0 33059
p 0 254 33059
x 0 33060
p 0 236 33060
x 0 33000
h 0 10.0.0.9
p 0 16407 33000
x 1 33001
h 1 10.0.0.9
p 1 3963 33001
x 0 33002
p 0 243 33002
x 0 33003
p 0 277 33003
x 0 33004
p 0 303 33004
x 0 33005
p 0 240 33005
x 0 33006
p 0 303 33006
x 0 33007
p 0 216 33007
x 0 33008
p 0 222 33008
x 0 33009
p 0 228 33009
x 0 33010
p 0 246 33010
x 0 33011
p 0 223 33011
x 0 33012
p 0 242 33012
x 0 33013
p 0 224 33013
x 0 33014
p 0 228 33014
x 0 33015
p 0 232 33015
x 0 33016
p 0 224 33016
x 0 33017
p 0 227 33017
x 0 33018
p 0 224 33018
x 0 33019
p 0 229 33019
x 0 33020
p 0 199 33020
x 0 33021
p 0 191 33021
x 0 33022
p 0 197 33022
x 0 33023
p 0 187 33023
x 0 33024
p 0 210 33024
x 0 33025
p 0 235 33025
x 0 33026
p 0 218 33026
x 0 33027
p 0 234 33027
x 0 33028
p 0 228 33028
x 0 33029
p 0 217 33029
x 0 33030
p 0 220 33030
x 0 33031
p 0 221 33031
x 0 33032
p 0 242 33032
x 0 33033
p 0 218 33033
x 0 33034
p 0 222 33034
x 0 33035
p 0 253 33035
x 0 33036
p 0 213 33036
x 0 33037
p 0 214 33037
x 0 33038
p 0 252 33038
x 0 33039
p 0 241 33039
x 0 33040
p 0 310 33040
x 0 33041
p 0 215 33041
x 0 33042
p 0 265 33042
x 0 33043
p 0 214 33043
x 0 33044
p 0 211 33044
x 0 33045
p 0 221 33045
x 0 33046
p 0 218 33046
x 0 33047
p 0 214 33047
x 0 33048
p 0 215 33048
x 0 33049
p 0 252 33049
x 0 33050
p 0 219 33050
x 0 33051
p 0 210 33051
x 0 33052
p 0 255 33052
x 0 33053
p 0 221 33053
x 0 33054
p 0 214 33054
x 0 33055
p 0 216 33055
x 0 33056
p 0 256 33056
x 0 33057
p 0 212 33057
x 0 33058
p 0 213 33058
x 0 33059
p 0 297 33059
x 0 33060
p 0 286 33060
x 0 33000
h 0 10.0.0.9
p 0 16794 33000
x 1 33001
h 1 10.0.0.9
p 1 207 33001
x 0 33002
p 0 192 33002
x 0 33003
p 0 207 33003
x 0 33004
p 0 207 33004
x 0 33005
p 0 327 33005
x 0 33006
p 0 178 33006
x 0 33007
p 0 207 33007
x 0 33008
p 0 321 33008
x 0 33009
p 0 211 33009
x 0 33010
p 0 171 33010
x 0 33011
p 0 294 33011
x 0 33012
p 0 295 33012
x 0 33013
p 0 211 33013
x 0 33014
p 0 175 33014
x 0 33015
p 0 212 33015
x 0 33016
p 0 213 33016
x 0 33017
p 0 205 33017
x 0 33018
p 0 218 33018
x 0 33019
p 0 207 33019
x 0 33020
p 0 205 33020
x 0 33021
p 0 174 33021
x 0 33022
p 0 209 33022
x 0 33023
p 0 170 33023
x 0 33024
p 0 292 33024
x 0 33025
p 0 201 33025
x 0 33026
p 0 173 33026
x 0 33027
p 0 207 33027
x 0 33028
p 0 261 33028
x 0 33029
p 0 239 33029
x 0 33030
p 0 213 33030
x 0 33031
p 0 214 33031
x 0 33032
p 0 212 33032
x 0 33033
p 0 213 33033
x 0 33034
p 0 168 33034
x 0 33035
p 0 211 33035
x 0 33036
p 0 212 33036
x 0 33037
p 0 221 33037
x 0 33038
p 0 196 33038
x 0 33039
p 0 161 33039
x 0 33040
p 0 163 33040
x 0 33041
p 0 269 33041
x 0 33042
p 0 164 33042
x 0 33043
p 0 161 33043
x 0 33044
p 0 208 33044
x 0 33045
p 0 162 33045
x 0 33046
p 0 213 33046
x 0 33047
p 0 169 33047
x 0 33048
p 0 216 33048
x 0 33049
p 0 159 33049
x 0 33050
p 0 210 33050
x 0 33051
p 0 161 33051
x 0 33052
p 0 268 33052
x 0 33053
p 0 162 33053
x 0 33054
p 0 161 33054
x 0 33055
p 0 338 33055
x 0 33056
p 0 231 33056
x 0 33057
p 0 242 33057
x 0 33058
p 0 245 33058
x 0 33059
p 0 215 33059
x 0 33060
p 0 258 33060
x 0 33000
h 0 10.0.0.9
p 0 17793 33000
x 1 33001
h 1 10.0.0.9
p 1 274 33001
x 0 33002
p 0 210 33002
x 0 33003
p 0 213 33003
x 0 33004
p 0 649 33004
x 0 33005
p 0 231 33005
x 0 33006
p 0 179 33006
x 0 33007
p 0 78 33007
x 0 33008
p 0 207 33008
x 0 33009
p 0 213 33009
x 0 33010
p 0 113 33010
x 0 33011
p 0 173 33011
x 0 33012
p 0 163 33012
x 0 33013
p 0 215 33013
x 0 33014
p 0 218 33014
x 0 33015
p 0 177 33015
x 0 33016
p 0 165 33016
x 0 33017
p 0 157 33017
x 0 33018
p 0 213 33018
x 0 33019
p 0 158 33019
x 0 33020
p 0 161 33020
x 0 33021
p 0 216 33021
x 0 33022
p 0 411 33022
x 0 33023
p 0 236 33023
x 0 33024
p 0 212 33024
x 0 33025
p 0 215 33025
x 0 33026
p 0 157 33026
x 0 33027
p 0 164 33027
x 0 33028
p 0 209 33028
x 0 33029
p 0 155 33029
x 0 33030
p 0 213 33030
x 0 33031
p 0 159 33031
x 0 33032
p 0 191 33032
x 0 33033
p 0 190 33033
x 0 33034
p 0 202 33034
x 0 33035
p 0 187 33035
x 0 33036
p 0 182 33036
x 0 33037
p 0 183 33037
x 0 33038
p 0 185 33038
x 0 33039
p 0 181 33039
x 0 33040
p 0 182 33040
x 0 33041
p 0 183 33041
x 0 33042
p 0 184 33042
x 0 33043
p 0 121 33043
x 0 33044
p 0 174 33044
x 0 33045
p 0 264 33045
x 0 33046
p 0 215 33046
x 0 33047
p 0 212 33047
x 0 33048
p 0 216 33048
x 0 33049
p 0 209 33049
x 0 33050
p 0 211 33050
x 0 33051
p 0 210 33051
x 0 33052
p 0 214 33052
x 0 33053
p 0 250 33053
x 0 33054
p 0 217 33054
x 0 33055
p 0 218 33055
x 0 33056
p 0 217 33056
x 0 33057
p 0 217 33057
x 0 33058
p 0 214 33058
x 0 33059
p 0 212 33059
x 0 33060
p 0 252 33060
x 0 33000
h 0 10.0.0.9
p 0 31782 33000
x 1 33001
h 1 10.0.0.9
p 1 225 33001
x 0 33002
p 0 212 33002
x 0 33003
p 0 213 33003
x 0 33004
p 0 215 33004
x 0 33005
p 0 192 33005
x 0 33006
p 0 217 33006
x 0 33007
p 0 210 33007
x 0 33008
p 0 215 33008
x 0 33009
p 0 214 33009
x 0 33010
p 0 213 33010
x 0 33011
p 0 207 33011
x 0 33012
p 0 183 33012
x 0 33013
p 0 208 33013
x 0 33014
p 0 208 33014
x 0 33015
p 0 182 33015
x 0 33016
p 0 207 33016
x 0 33017
p 0 219 33017
x 0 33018
p 0 207 33018
x 0 33019
p 0 207 33019
x 0 33020
p 0 206 33020
x 0 33021
p 0 208 33021
x 0 33022
p 0 208 33022
x 0 33023
p 0 206 33023
x 0 33024
p 0 206 33024
x 0 33025
p 0 209 33025
x 0 33026
p 0 205 33026
x 0 33027
p 0 205 33027
x 0 33028
p 0 207 33028
x 0 33029
p 0 209 33029
x 0 33030
p 0 152 33030
x 0 33031
p 0 246 33031
x 0 33032
p 0 213 33032
x 0 33033
p 0 297 33033
x 0 33034
p 0 314 33034
x 0 33035
p 0 319 33035
x 0 33036
p 0 365 33036
x 0 33037
p 0 373 33037
x 0 33038
p 0 303 33038
x 0 33039
p 0 212 33039
x 0 33040
p 0 209 33040
x 0 33041
p 0 224 33041
x 0 33042
p 0 239 33042
x 0 33043
p 0 398 33043
x 0 33044
p 0 347 33044
x 0 33045
p 0 210 33045
x 0 33046
p 0 222 33046
x 0 33047
p 0 211 33047
x 0 33048
p 0 209 33048
x 0 33049
p 0 179 33049
x 0 33050
p 0 180 33050
x 0 33051
p 0 182 33051
x 0 33052
p 0 234 33052
x 0 33053
p 0 221 33053
x 0 33054
p 0 228 33054
x 0 33055
p 0 351 33055
x 0 33056
p 0 238 33056
x 0 33057
p 0 223 33057
x 0 33058
p 0 221 33058
x 0 33059
p 0 230 33059
x 0 33060
p 0 234 33060
x 0 33000
h 0 10.0.0.9
p 0 16978 33000
x 1 33001
h 1 10.0.0.9
p 1 237 33001
x 0 33002
p 0 176 33002
x 0 33003
p 0 271 33003
x 0 33004
p 0 217 33004
x 0 33005
p 0 212 33005
x 0 33006
p 0 216 33006
x 0 33007
p 0 240 33007
x 0 33008
p 0 211 33008
x 0 33009
p 0 213 33009
x 0 33010
p 0 210 33010
x 0 33011
p 0 208 33011
x 0 33012
p 0 214 33012
x 0 33013
p 0 213 33013
x 0 33014
p 0 207 33014
x 0 33015
p 0 322 33015
x 0 33016
p 0 207 33016
x 0 33017
p 0 216 33017
x 0 33018
p 0 213 33018
x 0 33019
p 0 300 33019
x 0 33020
p 0 210 33020
x 0 33021
p 0 213 33021
x 0 33022
p 0 212 33022
x 0 33023
p 0 299 33023
x 0 33024
p 0 210 33024
x 0 33025
p 0 210 33025
x 0 33026
p 0 210 33026
x 0 33027
p 0 239 33027
x 0 33028
p 0 210 33028
x 0 33029
p 0 205 33029
x 0 33030
p 0 209 33030
x 0 33031
p 0 244 33031
x 0 33032
p 0 212 33032
x 0 33033
p 0 207 33033
x 0 33034
p 0 290 33034
x 0 33035
p 0 274 33035
x 0 33036
p 0 211 33036
x 0 33037
p 0 210 33037
x 0 33038
p 0 288 33038
x 0 33039
p 0 208 33039
x 0 33040
p 0 210 33040
x 0 33041
p 0 210 33041
x 0 33042
p 0 210 33042
x 0 33043
p 0 208 33043
x 0 33044
p 0 230 33044
x 0 33045
p 0 210 33045
x 0 33046
p 0 213 33046
x 0 33047
p 0 245 33047
x 0 33048
p 0 212 33048
x 0 33049
p 0 216 33049
x 0 33050
p 0 215 33050
x 0 33051
p 0 252 33051
x 0 33052
p 0 87 33052
x 0 33053
p 0 249 33053
x 0 33054
p 0 215 33054
x 0 33055
p 0 130 33055
x 0 33056
p 0 226 33056
x 0 33057
p 0 224 33057
x 0 33058
p 0 223 33058
x 0 33059
p 0 294 33059
x 0 33060
p 0 236 33060
x 0 33000
h 0 10.0.0.9
p 0 18247 33000
x 1 33001
h 1 10.0.0.9
p 1 247 33001
x 0 33002
p 0 167 33002
x 0 33003
p 0 249 33003
x 0 33004
p 0 175 33004
x 0 33005
p 0 281 33005
x 0 33006
p 0 286 33006
x 0 33007
p 0 213 33007
x 0 33008
p 0 164 33008
x 0 33009
p 0 181 33009
x 0 33010
p 0 169 33010
x 0 33011
p 0 211 33011
x 0 33012
p 0 256 33012
x 0 33013
p 0 278 33013
x 0 33014
p 0 242 33014
x 0 33015
p 0 240 33015
x 0 33016
p 0 239 33016
x 0 33017
p 0 205 33017
x 0 33018
p 0 320 33018
x 0 33019
p 0 264 33019
x 0 33020
p 0 210 33020
x 0 33021
p 0 238 33021
x 0 33022
p 0 239 33022
x 0 33023
p 0 190 33023
x 0 33024
p 0 120 33024
x 0 33025
p 0 216 33025
x 0 33026
p 0 210 33026
x 0 33027
p 0 212 33027
x 0 33028
p 0 183 33028
x 0 33029
p 0 187 33029
x 0 33030
p 0 208 33030
x 0 33031
p 0 350 33031
x 0 33032
p 0 181 33032
x 0 33033
p 0 243 33033
x 0 33034
p 0 127 33034
x 0 33035
p 0 315 33035
x 0 33036
p 0 185 33036
x 0 33037
p 0 183 33037
x 0 33038
p 0 209 33038
x 0 33039
p 0 293 33039
x 0 33040
p 0 187 33040
x 0 33041
p 0 209 33041
x 0 33042
p 0 188 33042
x 0 33043
p 0 210 33043
x 0 33044
p 0 192 33044
x 0 33045
p 0 217 33045
x 0 33046
p 0 214 33046
x 0 33047
p 0 308 33047
x 0 33048
p 0 186 33048
x 0 33049
p 0 213 33049
x 0 33050
p 0 214 33050
x 0 33051
p 0 210 33051
x 0 33052
p 0 185 33052
x 0 33053
p 0 184 33053
x 0 33054
p 0 229 33054
x 0 33055
p 0 218 33055
x 0 33056
p 0 196 33056
x 0 33057
p 0 223 33057
x 0 33058
p 0 219 33058
x 0 33059
p 0 178 33059
x 0 33060
p 0 239 33060
x 0 33000
h 0 10.0.0.9
p 0 16672 33000
x 1 33001
h 1 10.0.0.9
p 1 250 33001
x 0 33002
p 0 209 33002
x 0 33003
p 0 208 33003
x 0 33004
p 0 176 33004
x 0 33005
p 0 208 33005
x 0 33006
p 0 211 33006
x 0 33007
p 0 174 33007
x 0 33008
p 0 176 33008
x 0 33009
p 0 208 33009
x 0 33010
p 0 207 33010
x 0 33011
p 0 171 33011
x 0 33012
p 0 174 33012
x 0 33013
p 0 166 33013
x 0 33014
p 0 208 33014
x 0 33015
p 0 208 33015
x 0 33016
p 0 177 33016
x 0 33017
p 0 209 33017
x 0 33018
p 0 210 33018
x 0 33019
p 0 208 33019
x 0 33020
p 0 172 33020
x 0 33021
p 0 169 33021
x 0 33022
p 0 210 33022
x 0 33023
p 0 208 33023
x 0 33024
p 0 175 33024
x 0 33025
p 0 208 33025
x 0 33026
p 0 211 33026
x 0 33027
p 0 172 33027
x 0 33028
p 0 174 33028
x 0 33029
p 0 175 33029
x 0 33030
p 0 173 33030
x 0 33031
p 0 170 33031
x 0 33032
p 0 173 33032
x 0 33033
p 0 168 33033
x 0 33034
p 0 168 33034
x 0 33035
p 0 169 33035
x 0 33036
p 0 174 33036
x 0 33037
p 0 167 33037
x 0 33038
p 0 160 33038
x 0 33039
p 0 956 33039
x 0 33040
p 0 213 33040
x 0 33041
p 0 155 33041
x 0 33042
p 0 193 33042
x 0 33043
p 0 188 33043
x 0 33044
p 0 258 33044
x 0 33045
p 0 237 33045
x 0 33046
p 0 257 33046
x 0 33047
p 0 272 33047
x 0 33048
p 0 251 33048
x 0 33049
p 0 269 33049
x 0 33050
p 0 322 33050
x 0 33051
p 0 270 33051
x 0 33052
p 0 279 33052
x 0 33053
p 0 319 33053
x 0 33054
p 0 238 33054
x 0 33055
p 0 457 33055
x 0 33056
p 0 290 33056
x 0 33057
p 0 330 33057
x 0 33058
p 0 328 33058
x 0 33059
p 0 310 33059
x 0 33060
p 0 256 33060
x 0 33000
h 0 10.0.0.9
p 0 17257 33000
x 1 33001
h 1 10.0.0.9
p 1 221 33001
x 0 33002
p 0 170 33002
x 0 33003
p 0 208 33003
x 0 33004
p 0 213 33004
x 0 33005
p 0 174 33005
x 0 33006
p 0 211 33006
x 0 33007
p 0 210 33007
x 0 33008
p 0 208 33008
x 0 33009
p 0 209 33009
x 0 33010
p 0 211 33010
x 0 33011
p 0 209 33011
x 0 33012
p 0 206 33012
x 0 33013
p 0 206 33013
x 0 33014
p 0 175 33014
x 0 33015
p 0 207 33015
x 0 33016
p 0 205 33016
x 0 33017
p 0 176 33017
x 0 33018
p 0 207 33018
x 0 33019
p 0 208 33019
x 0 33020
p 0 207 33020
x 0 33021
p 0 206 33021
x 0 33022
p 0 221 33022
x 0 33023
p 0 208 33023
x 0 33024
p 0 170 33024
x 0 33025
p 0 173 33025
x 0 33026
p 0 209 33026
x 0 33027
p 0 172 33027
x 0 33028
p 0 206 33028
x 0 33029
p 0 170 33029
x 0 33030
p 0 209 33030
x 0 33031
p 0 170 33031
x 0 33032
p 0 172 33032
x 0 33033
p 0 176 33033
x 0 33034
p 0 169 33034
x 0 33035
p 0 167 33035
x 0 33036
p 0 170 33036
x 0 33037
p 0 171 33037
x 0 33038
p 0 170 33038
x 0 33039
p 0 170 33039
x 0 33040
p 0 171 33040
x 0 33041
p 0 164 33041
x 0 33042
p 0 148 33042
x 0 33043
p 0 151 33043
x 0 33044
p 0 250 33044
x 0 33045
p 0 217 33045
x 0 33046
p 0 163 33046
x 0 33047
p 0 215 33047
x 0 33048
p 0 159 33048
x 0 33049
p 0 215 33049
x 0 33050
p 0 162 33050
x 0 33051
p 0 159 33051
x 0 33052
p 0 214 33052
x 0 33053
p 0 165 33053
x 0 33054
p 0 221 33054
x 0 33055
p 0 164 33055
x 0 33056
p 0 216 33056
x 0 33057
p 0 167 33057
x 0 33058
p 0 292 33058
x 0 33059
p 0 223 33059
x 0 33060
p 0 220 33060
x 0 33000
h 0 10.0.0.9
p 0 16904 33000
x 1 33001
h 1 10.0.0.9
p 1 215 33001
x 0 33002
p 0 248 33002
x 0 33003
p 0 215 33003
x 0 33004
p 0 264 33004
x 0 33005
p 0 269 33005
x 0 33006
p 0 263 33006
x 0 33007
p 0 277 33007
x 0 33008
p 0 215 33008
x 0 33009
p 0 217 33009
x 0 33010
p 0 214 33010
x 0 33011
p 0 190 33011
x 0 33012
p 0 215 33012
x 0 33013
p 0 214 33013
x 0 33014
p 0 185 33014
x 0 33015
p 0 216 33015
x 0 33016
p 0 302 33016
x 0 33017
p 0 215 33017
x 0 33018
p 0 185 33018
x 0 33019
p 0 209 33019
x 0 33020
p 0 215 33020
x 0 33021
p 0 188 33021
x 0 33022
p 0 174 33022
x 0 33023
p 0 215 33023
x 0 33024
p 0 389 33024
x 0 33025
p 0 185 33025
x 0 33026
p 0 207 33026
x 0 33027
p 0 208 33027
x 0 33028
p 0 178 33028
x 0 33029
p 0 174 33029
x 0 33030
p 0 174 33030
x 0 33031
p 0 173 33031
x 0 33032
p 0 172 33032
x 0 33033
p 0 194 33033
x 0 33034
p 0 174 33034
x 0 33035
p 0 160 33035
x 0 33036
p 0 209 33036
x 0 33037
p 0 158 33037
x 0 33038
p 0 159 33038
x 0 33039
p 0 215 33039
x 0 33040
p 0 218 33040
x 0 33041
p 0 218 33041
x 0 33042
p 0 195 33042
x 0 33043
p 0 218 33043
x 0 33044
p 0 218 33044
x 0 33045
p 0 173 33045
x 0 33046
p 0 163 33046
x 0 33047
p 0 162 33047
x 0 33048
p 0 166 33048
x 0 33049
p 0 160 33049
x 0 33050
p 0 214 33050
x 0 33051
p 0 247 33051
x 0 33052
p 0 163 33052
x 0 33053
p 0 162 33053
x 0 33054
p 0 162 33054
x 0 33055
p 0 196 33055
x 0 33056
p 0 216 33056
x 0 33057
p 0 215 33057
x 0 33058
p 0 216 33058
x 0 33059
p 0 217 33059
x 0 33060
p 0 212 33060
x 0 33000
h 0 10.0.0.9
p 0 17829 33000
x 1 33001
h 1 10.0.0.9
p 1 271 33001
x 0 33002
p 0 213 33002
x 0 33003
p 0 210 33003
x 0 33004
p 0 216 33004
x 0 33005
p 0 213 33005
x 0 33006
p 0 211 33006
x 0 33007
p 0 211 33007
x 0 33008
p 0 209 33008
x 0 33009
p 0 246 33009
x 0 33010
p 0 215 33010
x 0 33011
p 0 215 33011
x 0 33012
p 0 215 33012
x 0 33013
p 0 210 33013
x 0 33014
p 0 183 33014
x 0 33015
p 0 213 33015
x 0 33016
p 0 217 33016
x 0 33017
p 0 214 33017
x 0 33018
p 0 209 33018
x 0 33019
p 0 256 33019
x 0 33020
p 0 213 33020
x 0 33021
p 0 208 33021
x 0 33022
p 0 222 33022
x 0 33023
p 0 274 33023
x 0 33024
p 0 213 33024
x 0 33025
p 0 213 33025
x 0 33026
p 0 212 33026
x 0 33027
p 0 214 33027
x 0 33028
p 0 212 33028
x 0 33029
p 0 216 33029
x 0 33030
p 0 383 33030
x 0 33031
p 0 210 33031
x 0 33032
p 0 223 33032
x 0 33033
p 0 221 33033
x 0 33034
p 0 208 33034
x 0 33035
p 0 177 33035
x 0 33036
p 0 220 33036
x 0 33037
p 0 216 33037
x 0 33038
p 0 216 33038
x 0 33039
p 0 220 33039
x 0 33040
p 0 223 33040
x 0 33041
p 0 253 33041
x 0 33042
p 0 219 33042
x 0 33043
p 0 215 33043
x 0 33044
p 0 208 33044
x 0 33045
p 0 214 33045
x 0 33046
p 0 217 33046
x 0 33047
p 0 216 33047
x 0 33048
p 0 248 33048
x 0 33049
p 0 219 33049
x 0 33050
p 0 221 33050
x 0 33051
p 0 216 33051
x 0 33052
p 0 217 33052
x 0 33053
p 0 211 33053
x 0 33054
p 0 217 33054
x 0 33055
p 0 254 33055
x 0 33056
p 0 216 33056
x 0 33057
p 0 214 33057
x 0 33058
p 0 216 33058
x 0 33059
p 0 250 33059
x 0 33060
p 0 234 33060
x 0 33000
h 0 10.0.0.9
p 0 18571 33000
x 1 33001
h 1 10.0.0.9
p 1 255 33001
x 0 33002
p 0 207 33002
x 0 33003
p 0 161 33003
x 0 33004
p 0 167 33004
x 0 33005
p 0 215 33005
x 0 33006
p 0 214 33006
x 0 33007
p 0 213 33007
x 0 33008
p 0 220 33008
x 0 33009
p 0 245 33009
x 0 33010
p 0 212 33010
x 0 33011
p 0 213 33011
x 0 33012
p 0 213 33012
x 0 33013
p 0 213 33013
x 0 33014
p 0 214 33014
x 0 33015
p 0 211 33015
x 0 33016
p 0 246 33016
x 0 33017
p 0 209 33017
x 0 33018
p 0 196 33018
x 0 33019
p 0 288 33019
x 0 33020
p 0 212 33020
x 0 33021
p 0 210 33021
x 0 33022
p 0 214 33022
x 0 33023
p 0 222 33023
x 0 33024
p 0 212 33024
x 0 33025
p 0 211 33025
x 0 33026
p 0 213 33026
x 0 33027
p 0 210 33027
x 0 33028
p 0 153 33028
x 0 33029
p 0 210 33029
x 0 33030
p 0 207 33030
x 0 33031
p 0 260 33031
x 0 33032
p 0 210 33032
x 0 33033
p 0 214 33033
x 0 33034
p 0 209 33034
x 0 33035
p 0 205 33035
x 0 33036
p 0 210 33036
x 0 33037
p 0 207 33037
x 0 33038
p 0 220 33038
x 0 33039
p 0 204 33039
x 0 33040
p 0 207 33040
x 0 33041
p 0 95 33041
x 0 33042
p 0 207 33042
x 0 33043
p 0 176 33043
x 0 33044
p 0 211 33044
x 0 33045
p 0 212 33045
x 0 33046
p 0 211 33046
x 0 33047
p 0 209 33047
x 0 33048
p 0 198 33048
x 0 33049
p 0 211 33049
x 0 33050
p 0 209 33050
x 0 33051
p 0 210 33051
x 0 33052
p 0 208 33052
x 0 33053
p 0 294 33053
x 0 33054
p 0 218 33054
x 0 33055
p 0 217 33055
x 0 33056
p 0 215 33056
x 0 33057
p 0 218 33057
x 0 33058
p 0 333 33058
x 0 33059
p 0 222 33059
x 0 33060
p 0 225 33060
x 0 33000
h 0 10.0.0.9
p 0 18444 33000
x 1 33001
h 1 10.0.0.9
p 1 218 33001
x 0 33002
p 0 258 33002
x 0 33003
p 0 212 33003
x 0 33004
p 0 211 33004
x 0 33005
p 0 209 33005
x 0 33006
p 0 209 33006
x 0 33007
p 0 206 33007
x 0 33008
p 0 210 33008
x 0 33009
p 0 207 33009
x 0 33010
p 0 207 33010
x 0 33011
p 0 211 33011
x 0 33012
p 0 209 33012
x 0 33013
p 0 177 33013
x 0 33014
p 0 209 33014
x 0 33015
p 0 255 33015
x 0 33016
p 0 207 33016
x 0 33017
p 0 207 33017
x 0 33018
p 0 210 33018
x 0 33019
p 0 209 33019
x 0 33020
p 0 207 33020
x 0 33021
p 0 178 33021
x 0 33022
p 0 209 33022
x 0 33023
p 0 213 33023
x 0 33024
p 0 209 33024
x 0 33025
p 0 174 33025
x 0 33026
p 0 191 33026
x 0 33027
p 0 210 33027
x 0 33028
p 0 263 33028
x 0 33029
p 0 179 33029
x 0 33030
p 0 212 33030
x 0 33031
p 0 178 33031
x 0 33032
p 0 209 33032
x 0 33033
p 0 180 33033
x 0 33034
p 0 211 33034
x 0 33035
p 0 211 33035
x 0 33036
p 0 209 33036
x 0 33037
p 0 183 33037
x 0 33038
p 0 207 33038
x 0 33039
p 0 212 33039
x 0 33040
p 0 176 33040
x 0 33041
p 0 166 33041
x 0 33042
p 0 178 33042
x 0 33043
p 0 176 33043
x 0 33044
p 0 179 33044
x 0 33045
p 0 246 33045
x 0 33046
p 0 155 33046
x 0 33047
p 0 168 33047
x 0 33048
p 0 165 33048
x 0 33049
p 0 1419 33049
x 0 33050
p 0 149 33050
x 0 33051
p 0 150 33051
x 0 33052
p 0 188 33052
x 0 33053
p 0 219 33053
x 0 33054
p 0 160 33054
x 0 33055
p 0 159 33055
x 0 33056
p 0 159 33056
x 0 33057
p 0 166 33057
x 0 33058
p 0 243 33058
x 0 33059
p 0 283 33059
x 0 33060
p 0 228 33060
x 0 33000
h 0 10.0.0.9
p 0 19275 33000
x 1 33001
h 1 10.0.0.9
p 1 218 33001
x 0 33002
p 0 208 33002
x 0 33003
p 0 207 33003
x 0 33004
p 0 164 33004
x 0 33005
p 0 208 33005
x 0 33006
p 0 216 33006
x 0 33007
p 0 209 33007
x 0 33008
p 0 210 33008
x 0 33009
p 0 208 33009
x 0 33010
p 0 192 33010
x 0 33011
p 0 150 33011
x 0 33012
p 0 218 33012
x 0 33013
p 0 208 33013
x 0 33014
p 0 210 33014
x 0 33015
p 0 211 33015
x 0 33016
p 0 151 33016
x 0 33017
p 0 206 33017
x 0 33018
p 0 239 33018
x 0 33019
p 0 209 33019
x 0 33020
p 0 209 33020
x 0 33021
p 0 252 33021
x 0 33022
p 0 165 33022
x 0 33023
p 0 152 33023
x 0 33024
p 0 150 33024
x 0 33025
p 0 152 33025
x 0 33026
p 0 213 33026
x 0 33027
p 0 212 33027
x 0 33028
p 0 157 33028
x 0 33029
p 0 212 33029
x 0 33030
p 0 150 33030
x 0 33031
p 0 209 33031
x 0 33032
p 0 246 33032
x 0 33033
p 0 154 33033
x 0 33034
p 0 156 33034
x 0 33035
p 0 272 33035
x 0 33036
p 0 165 33036
x 0 33037
p 0 212 33037
x 0 33038
p 0 207 33038
x 0 33039
p 0 160 33039
x 0 33040
p 0 211 33040
x 0 33041
p 0 154 33041
x 0 33042
p 0 268 33042
x 0 33043
p 0 153 33043
x 0 33044
p 0 154 33044
x 0 33045
p 0 209 33045
x 0 33046
p 0 196 33046
x 0 33047
p 0 212 33047
x 0 33048
p 0 156 33048
x 0 33049
p 0 213 33049
x 0 33050
p 0 216 33050
x 0 33051
p 0 154 33051
x 0 33052
p 0 209 33052
x 0 33053
p 0 192 33053
x 0 33054
p 0 157 33054
x 0 33055
p 0 284 33055
x 0 33056
p 0 221 33056
x 0 33057
p 0 288 33057
x 0 33058
p 0 189 33058
x 0 33059
p 0 252 33059
x 0 33060
p 0 156 33060
x 0 33000
h 0 10.0.0.9
p 0 17459 33000
x 1 33001
h 1 10.0.0.9
p 1 220 33001
x 0 33002
p 0 233 33002
x 0 33003
p 0 247 33003
x 0 33004
p 0 242 33004
x 0 33005
p 0 181 33005
x 0 33006
p 0 183 33006
x 0 33007
p 0 175 33007
x 0 33008
p 0 178 33008
x 0 33009
p 0 240 33009
x 0 33010
p 0 209 33010
x 0 33011
p 0 180 33011
x 0 33012
p 0 208 33012
x 0 33013
p 0 133 33013
x 0 33014
p 0 206 33014
x 0 33015
p 0 207 33015
x 0 33016
p 0 239 33016
x 0 33017
p 0 208 33017
x 0 33018
p 0 208 33018
x 0 33019
p 0 213 33019
x 0 33020
p 0 217 33020
x 0 33021
p 0 218 33021
x 0 33022
p 0 217 33022
x 0 33023
p 0 159 33023
x 0 33024
p 0 212 33024
x 0 33025
p 0 213 33025
x 0 33026
p 0 165 33026
x 0 33027
p 0 214 33027
x 0 33028
p 0 191 33028
x 0 33029
p 0 152 33029
x 0 33030
p 0 190 33030
x 0 33031
p 0 159 33031
x 0 33032
p 0 213 33032
x 0 33033
p 0 372 33033
x 0 33034
p 0 156 33034
x 0 33035
p 0 159 33035
x 0 33036
p 0 158 33036
x 0 33037
p 0 286 33037
x 0 33038
p 0 158 33038
x 0 33039
p 0 160 33039
x 0 33040
p 0 157 33040
x 0 33041
p 0 241 33041
x 0 33042
p 0 153 33042
x 0 33043
p 0 156 33043
x 0 33044
p 0 157 33044
x 0 33045
p 0 211 33045
x 0 33046
p 0 209 33046
x 0 33047
p 0 160 33047
x 0 33048
p 0 157 33048
x 0 33049
p 0 210 33049
x 0 33050
p 0 159 33050
x 0 33051
p 0 158 33051
x 0 33052
p 0 208 33052
x 0 33053
p 0 170 33053
x 0 33054
p 0 164 33054
x 0 33055
p 0 257 33055
x 0 33056
p 0 163 33056
x 0 33057
p 0 164 33057
x 0 33058
p 0 164 33058
x 0 33059
p 0 217 33059
x 0 33060
p 0 216 33060
x 0 33000
h 0 10.0.0.9
p 0 15474 33000
x 1 33001
h 1 10.0.0.9
p 1 221 33001
x 0 33002
p 0 210 33002
x 0 33003
p 0 169 33003
x 0 33004
p 0 211 33004
x 0 33005
p 0 179 33005
x 0 33006
p 0 174 33006
x 0 33007
p 0 208 33007
x 0 33008
p 0 206 33008
x 0 33009
p 0 172 33009
x 0 33010
p 0 175 33010
x 0 33011
p 0 207 33011
x 0 33012
p 0 206 33012
x 0 33013
p 0 174 33013
x 0 33014
p 0 175 33014
x 0 33015
p 0 207 33015
x 0 33016
p 0 207 33016
x 0 33017
p 0 168 33017
x 0 33018
p 0 181 33018
x 0 33019
p 0 209 33019
x 0 33020
p 0 206 33020
x 0 33021
p 0 174 33021
x 0 33022
p 0 250 33022
x 0 33023
p 0 206 33023
x 0 33024
p 0 208 33024
x 0 33025
p 0 171 33025
x 0 33026
p 0 172 33026
x 0 33027
p 0 207 33027
x 0 33028
p 0 209 33028
x 0 33029
p 0 237 33029
x 0 33030
p 0 184 33030
x 0 33031
p 0 210 33031
x 0 33032
p 0 208 33032
x 0 33033
p 0 179 33033
x 0 33034
p 0 177 33034
x 0 33035
p 0 217 33035
x 0 33036
p 0 173 33036
x 0 33037
p 0 176 33037
x 0 33038
p 0 183 33038
x 0 33039
p 0 174 33039
x 0 33040
p 0 175 33040
x 0 33041
p 0 179 33041
x 0 33042
p 0 176 33042
x 0 33043
p 0 175 33043
x 0 33044
p 0 175 33044
x 0 33045
p 0 259 33045
x 0 33046
p 0 155 33046
x 0 33047
p 0 215 33047
x 0 33048
p 0 216 33048
x 0 33049
p 0 214 33049
x 0 33050
p 0 213 33050
x 0 33051
p 0 215 33051
x 0 33052
p 0 260 33052
x 0 33053
p 0 207 33053
x 0 33054
p 0 224 33054
x 0 33055
p 0 295 33055
x 0 33056
p 0 501 33056
x 0 33057
p 0 386 33057
x 0 33058
p 0 308 33058
x 0 33059
p 0 326 33059
x 0 33060
p 0 232 33060
x 0 33000
h 0 10.0.0.9
p 0 17825 33000
x 1 33001
h 1 10.0.0.9
p 1 218 33001
x 0 33002
p 0 207 33002
x 0 33003
p 0 171 33003
x 0 33004
p 0 242 33004
x 0 33005
p 0 179 33005
x 0 33006
p 0 185 33006
x 0 33007
p 0 209 33007
x 0 33008
p 0 241 33008
x 0 33009
p 0 208 33009
x 0 33010
p 0 208 33010
x 0 33011
p 0 210 33011
x 0 33012
p 0 257 33012
x 0 33013
p 0 244 33013
x 0 33014
p 0 179 33014
x 0 33015
p 0 212 33015
x 0 33016
p 0 210 33016
x 0 33017
p 0 179 33017
x 0 33018
p 0 179 33018
x 0 33019
p 0 176 33019
x 0 33020
p 0 176 33020
x 0 33021
p 0 258 33021
x 0 33022
p 0 219 33022
x 0 33023
p 0 218 33023
x 0 33024
p 0 224 33024
x 0 33025
p 0 284 33025
x 0 33026
p 0 178 33026
x 0 33027
p 0 159 33027
x 0 33028
p 0 235 33028
x 0 33029
p 0 212 33029
x 0 33030
p 0 214 33030
x 0 33031
p 0 210 33031
x 0 33032
p 0 186 33032
x 0 33033
p 0 224 33033
x 0 33034
p 0 153 33034
x 0 33035
p 0 161 33035
x 0 33036
p 0 198 33036
x 0 33037
p 0 192 33037
x 0 33038
p 0 154 33038
x 0 33039
p 0 159 33039
x 0 33040
p 0 249 33040
x 0 33041
p 0 155 33041
x 0 33042
p 0 162 33042
x 0 33043
p 0 160 33043
x 0 33044
p 0 209 33044
x 0 33045
p 0 213 33045
x 0 33046
p 0 161 33046
x 0 33047
p 0 248 33047
x 0 33048
p 0 129 33048
x 0 33049
p 0 159 33049
x 0 33050
p 0 167 33050
x 0 33051
p 0 214 33051
x 0 33052
p 0 160 33052
x 0 33053
p 0 163 33053
x 0 33054
p 0 248 33054
x 0 33055
p 0 166 33055
x 0 33056
p 0 164 33056
x 0 33057
p 0 217 33057
x 0 33058
p 0 216 33058
x 0 33059
p 0 211 33059
x 0 33060
p 0 233 33060
x 0 33000
h 0 10.0.0.9
p 0 17252 33000
x 1 33001
h 1 10.0.0.9
p 1 214 33001
x 0 33002
p 0 207 33002
x 0 33003
p 0 220 33003
x 0 33004
p 0 180 33004
x 0 33005
p 0 250 33005
x 0 33006
p 0 176 33006
x 0 33007
p 0 174 33007
x 0 33008
p 0 196 33008
x 0 33009
p 0 175 33009
x 0 33010
p 0 166 33010
x 0 33011
p 0 373 33011
x 0 33012
p 0 154 33012
x 0 33013
p 0 211 33013
x 0 33014
p 0 155 33014
x 0 33015
p 0 83 33015
x 0 33016
p 0 181 33016
x 0 33017
p 0 170 33017
x 0 33018
p 0 206 33018
x 0 33019
p 0 204 33019
x 0 33020
p 0 93 33020
x 0 33021
p 0 189 33021
x 0 33022
p 0 298 33022
x 0 33023
p 0 283 33023
x 0 33024
p 0 317 33024
x 0 33025
p 0 218 33025
x 0 33026
p 0 218 33026
x 0 33027
p 0 214 33027
x 0 33028
p 0 213 33028
x 0 33029
p 0 187 33029
x 0 33030
p 0 188 33030
x 0 33031
p 0 187 33031
x 0 33032
p 0 183 33032
x 0 33033
p 0 186 33033
x 0 33034
p 0 97 33034
x 0 33035
p 0 134 33035
x 0 33036
p 0 189 33036
x 0 33037
p 0 214 33037
x 0 33038
p 0 214 33038
x 0 33039
p 0 191 33039
x 0 33040
p 0 157 33040
x 0 33041
p 0 215 33041
x 0 33042
p 0 213 33042
x 0 33043
p 0 188 33043
x 0 33044
p 0 192 33044
x 0 33045
p 0 195 33045
x 0 33046
p 0 215 33046
x 0 33047
p 0 183 33047
x 0 33048
p 0 215 33048
x 0 33049
p 0 287 33049
x 0 33050
p 0 216 33050
x 0 33051
p 0 211 33051
x 0 33052
p 0 257 33052
x 0 33053
p 0 246 33053
x 0 33054
p 0 215 33054
x 0 33055
p 0 156 33055
x 0 33056
p 0 223 33056
x 0 33057
p 0 219 33057
x 0 33058
p 0 192 33058
x 0 33059
p 0 222 33059
x 0 33060
p 0 250 33060
x 0 33000
h 0 10.0.0.9
p 0 18554 33000
x 1 33001
h 1 10.0.0.9
p 1 220 33001
x 0 33002
p 0 218 33002
x 0 33003
p 0 214 33003
x 0 33004
p 0 212 33004
x 0 33005
p 0 211 33005
x 0 33006
p 0 181 33006
x 0 33007
p 0 238 33007
x 0 33008
p 0 211 33008
x 0 33009
p 0 180 33009
x 0 33010
p 0 210 33010
x 0 33011
p 0 177 33011
x 0 33012
p 0 156 33012
x 0 33013
p 0 157 33013
x 0 33014
p 0 180 33014
x 0 33015
p 0 183 33015
x 0 33016
p 0 213 33016
x 0 33017
p 0 188 33017
x 0 33018
p 0 245 33018
x 0 33019
p 0 215 33019
x 0 33020
p 0 215 33020
x 0 33021
p 0 217 33021
x 0 33022
p 0 250 33022
x 0 33023
p 0 217 33023
x 0 33024
p 0 218 33024
x 0 33025
p 0 211 33025
x 0 33026
p 0 193 33026
x 0 33027
p 0 336 33027
x 0 33028
p 0 309 33028
x 0 33029
p 0 215 33029
x 0 33030
p 0 244 33030
x 0 33031
p 0 176 33031
x 0 33032
p 0 185 33032
x 0 33033
p 0 184 33033
x 0 33034
p 0 184 33034
x 0 33035
p 0 174 33035
x 0 33036
p 0 182 33036
x 0 33037
p 0 230 33037
x 0 33038
p 0 216 33038
x 0 33039
p 0 178 33039
x 0 33040
p 0 174 33040
x 0 33041
p 0 170 33041
x 0 33042
p 0 172 33042
x 0 33043
p 0 174 33043
x 0 33044
p 0 177 33044
x 0 33045
p 0 176 33045
x 0 33046
p 0 191 33046
x 0 33047
p 0 175 33047
x 0 33048
p 0 312 33048
x 0 33049
p 0 176 33049
x 0 33050
p 0 177 33050
x 0 33051
p 0 243 33051
x 0 33052
p 0 211 33052
x 0 33053
p 0 247 33053
x 0 33054
p 0 217 33054
x 0 33055
p 0 220 33055
x 0 33056
p 0 213 33056
x 0 33057
p 0 262 33057
x 0 33058
p 0 238 33058
x 0 33059
p 0 235 33059
x 0 33060
p 0 290 33060
x 0 33000
h 0 10.0.0.9
p 0 17317 33000
x 1 33001
h 1 10.0.0.9
p 1 215 33001
x 0 33002
p 0 251 33002
x 0 33003
p 0 217 33003
x 0 33004
p 0 213 33004
x 0 33005
p 0 215 33005
x 0 33006
p 0 211 33006
x 0 33007
p 0 246 33007
x 0 33008
p 0 270 33008
x 0 33009
p 0 210 33009
x 0 33010
p 0 212 33010
x 0 33011
p 0 213 33011
x 0 33012
p 0 309 33012
x 0 33013
p 0 211 33013
x 0 33014
p 0 215 33014
x 0 33015
p 0 213 33015
x 0 33016
p 0 241 33016
x 0 33017
p 0 207 33017
x 0 33018
p 0 212 33018
x 0 33019
p 0 211 33019
x 0 33020
p 0 240 33020
x 0 33021
p 0 209 33021
x 0 33022
p 0 210 33022
x 0 33023
p 0 208 33023
x 0 33024
p 0 241 33024
x 0 33025
p 0 210 33025
x 0 33026
p 0 213 33026
x 0 33027
p 0 211 33027
x 0 33028
p 0 241 33028
x 0 33029
p 0 212 33029
x 0 33030
p 0 210 33030
x 0 33031
p 0 211 33031
x 0 33032
p 0 244 33032
x 0 33033
p 0 211 33033
x 0 33034
p 0 208 33034
x 0 33035
p 0 211 33035
x 0 33036
p 0 212 33036
x 0 33037
p 0 210 33037
x 0 33038
p 0 210 33038
x 0 33039
p 0 209 33039
x 0 33040
p 0 210 33040
x 0 33041
p 0 208 33041
x 0 33042
p 0 213 33042
x 0 33043
p 0 208 33043
x 0 33044
p 0 208 33044
x 0 33045
p 0 208 33045
x 0 33046
p 0 212 33046
x 0 33047
p 0 207 33047
x 0 33048
p 0 212 33048
x 0 33049
p 0 209 33049
x 0 33050
p 0 208 33050
x 0 33051
p 0 214 33051
x 0 33052
p 0 210 33052
x 0 33053
p 0 211 33053
x 0 33054
p 0 250 33054
x 0 33055
p 0 216 33055
x 0 33056
p 0 234 33056
x 0 33057
p 0 224 33057
x 0 33058
p 0 251 33058
x 0 33059
p 0 180 33059
x 0 33060
p 0 229 33060
x 0 33000
h 0 10.0.0.9
p 0 17058 33000
x 1 33001
h 1 10.0.0.9
p 1 218 33001
x 0 33002
p 0 249 33002
x 0 33003
p 0 169 33003
x 0 33004
p 0 207 33004
x 0 33005
p 0 254 33005
x 0 33006
p 0 227 33006
x 0 33007
p 0 282 33007
x 0 33008
p 0 321 33008
x 0 33009
p 0 177 33009
x 0 33010
p 0 179 33010
x 0 33011
p 0 248 33011
x 0 33012
p 0 211 33012
x 0 33013
p 0 217 33013
x 0 33014
p 0 217 33014
x 0 33015
p 0 214 33015
x 0 33016
p 0 218 33016
x 0 33017
p 0 281 33017
x 0 33018
p 0 211 33018
x 0 33019
p 0 244 33019
x 0 33020
p 0 210 33020
x 0 33021
p 0 211 33021
x 0 33022
p 0 207 33022
x 0 33023
p 0 155 33023
x 0 33024
p 0 157 33024
x 0 33025
p 0 265 33025
x 0 33026
p 0 213 33026
x 0 33027
p 0 223 33027
x 0 33028
p 0 208 33028
x 0 33029
p 0 208 33029
x 0 33030
p 0 208 33030
x 0 33031
p 0 216 33031
x 0 33032
p 0 209 33032
x 0 33033
p 0 206 33033
x 0 33034
p 0 208 33034
x 0 33035
p 0 210 33035
x 0 33036
p 0 211 33036
x 0 33037
p 0 209 33037
x 0 33038
p 0 335 33038
x 0 33039
p 0 238 33039
x 0 33040
p 0 293 33040
x 0 33041
p 0 255 33041
x 0 33042
p 0 246 33042
x 0 33043
p 0 209 33043
x 0 33044
p 0 207 33044
x 0 33045
p 0 208 33045
x 0 33046
p 0 272 33046
x 0 33047
p 0 110 33047
x 0 33048
p 0 209 33048
x 0 33049
p 0 248 33049
x 0 33050
p 0 211 33050
x 0 33051
p 0 214 33051
x 0 33052
p 0 208 33052
x 0 33053
p 0 209 33053
x 0 33054
p 0 215 33054
x 0 33055
p 0 227 33055
x 0 33056
p 0 254 33056
x 0 33057
p 0 219 33057
x 0 33058
p 0 243 33058
x 0 33059
p 0 269 33059
x 0 33060
p 0 235 33060
x 0 33000
h 0 10.0.0.9
p 0 20212 33000
x 1 33001
h 1 10.0.0.9
p 1 223 33001
x 0 33002
p 0 198 33002
x 0 33003
p 0 211 33003
x 0 33004
p 0 254 33004
x 0 33005
p 0 242 33005
x 0 33006
p 0 208 33006
x 0 33007
p 0 208 33007
x 0 33008
p 0 209 33008
x 0 33009
p 0 237 33009
x 0 33010
p 0 208 33010
x 0 33011
p 0 160 33011
x 0 33012
p 0 209 33012
x 0 33013
p 0 180 33013
x 0 33014
p 0 242 33014
x 0 33015
p 0 207 33015
x 0 33016
p 0 183 33016
x 0 33017
p 0 210 33017
x 0 33018
p 0 273 33018
x 0 33019
p 0 211 33019
x 0 33020
p 0 212 33020
x 0 33021
p 0 314 33021
x 0 33022
p 0 211 33022
x 0 33023
p 0 212 33023
x 0 33024
p 0 380 33024
x 0 33025
p 0 355 33025
x 0 33026
p 0 350 33026
x 0 33027
p 0 391 33027
x 0 33028
p 0 278 33028
x 0 33029
p 0 239 33029
x 0 33030
p 0 212 33030
x 0 33031
p 0 212 33031
x 0 33032
p 0 212 33032
x 0 33033
p 0 245 33033
x 0 33034
p 0 210 33034
x 0 33035
p 0 212 33035
x 0 33036
p 0 212 33036
x 0 33037
p 0 245 33037
x 0 33038
p 0 208 33038
x 0 33039
p 0 211 33039
x 0 33040
p 0 209 33040
x 0 33041
p 0 239 33041
x 0 33042
p 0 210 33042
x 0 33043
p 0 211 33043
x 0 33044
p 0 209 33044
x 0 33045
p 0 241 33045
x 0 33046
p 0 208 33046
x 0 33047
p 0 207 33047
x 0 33048
p 0 207 33048
x 0 33049
p 0 239 33049
x 0 33050
p 0 207 33050
x 0 33051
p 0 209 33051
x 0 33052
p 0 209 33052
x 0 33053
p 0 244 33053
x 0 33054
p 0 210 33054
x 0 33055
p 0 151 33055
x 0 33056
p 0 191 33056
x 0 33057
p 0 195 33057
x 0 33058
p 0 194 33058
x 0 33059
p 0 187 33059
x 0 33060
p 0 269 33060
x 0 33000
h 0 10.0.0.9
p 0 15914 33000
x 1 33001
h 1 10.0.0.9
p 1 199 33001
x 0 33002
p 0 263 33002
x 0 33003
p 0 211 33003
x 0 33004
p 0 246 33004
x 0 33005
p 0 242 33005
x 0 33006
p 0 211 33006
x 0 33007
p 0 210 33007
x 0 33008
p 0 178 33008
x 0 33009
p 0 240 33009
x 0 33010
p 0 179 33010
x 0 33011
p 0 211 33011
x 0 33012
p 0 210 33012
x 0 33013
p 0 241 33013
x 0 33014
p 0 179 33014
x 0 33015
p 0 211 33015
x 0 33016
p 0 210 33016
x 0 33017
p 0 238 33017
x 0 33018
p 0 179 33018
x 0 33019
p 0 177 33019
x 0 33020
p 0 211 33020
x 0 33021
p 0 178 33021
x 0 33022
p 0 179 33022
x 0 33023
p 0 175 33023
x 0 33024
p 0 177 33024
x 0 33025
p 0 180 33025
x 0 33026
p 0 175 33026
x 0 33027
p 0 214 33027
x 0 33028
p 0 155 33028
x 0 33029
p 0 290 33029
x 0 33030
p 0 215 33030
x 0 33031
p 0 155 33031
x 0 33032
p 0 156 33032
x 0 33033
p 0 157 33033
x 0 33034
p 0 155 33034
x 0 33035
p 0 157 33035
x 0 33036
p 0 166 33036
x 0 33037
p 0 211 33037
x 0 33038
p 0 219 33038
x 0 33039
p 0 214 33039
x 0 33040
p 0 215 33040
x 0 33041
p 0 212 33041
x 0 33042
p 0 214 33042
x 0 33043
p 0 212 33043
x 0 33044
p 0 213 33044
x 0 33045
p 0 210 33045
x 0 33046
p 0 213 33046
x 0 33047
p 0 210 33047
x 0 33048
p 0 216 33048
x 0 33049
p 0 215 33049
x 0 33050
p 0 217 33050
x 0 33051
p 0 217 33051
x 0 33052
p 0 213 33052
x 0 33053
p 0 220 33053
x 0 33054
p 0 254 33054
x 0 33055
p 0 221 33055
x 0 33056
p 0 223 33056
x 0 33057
p 0 221 33057
x 0 33058
p 0 268 33058
x 0 33059
p 0 238 33059
x 0 33060
p 0 218 33060
x 0 33000
h 0 10.0.0.9
p 0 21697 33000
x 1 33001
h 1 10.0.0.9
p 1 218 33001
x 0 33002
p 0 165 33002
x 0 33003
p 0 161 33003
x 0 33004
p 0 203 33004
x 0 33005
p 0 189 33005
x 0 33006
p 0 188 33006
x 0 33007
p 0 209 33007
x 0 33008
p 0 180 33008
x 0 33009
p 0 180 33009
x 0 33010
p 0 208 33010
x 0 33011
p 0 182 33011
x 0 33012
p 0 160 33012
x 0 33013
p 0 179 33013
x 0 33014
p 0 175 33014
x 0 33015
p 0 175 33015
x 0 33016
p 0 174 33016
x 0 33017
p 0 151 33017
x 0 33018
p 0 155 33018
x 0 33019
p 0 154 33019
x 0 33020
p 0 211 33020
x 0 33021
p 0 156 33021
x 0 33022
p 0 138 33022
x 0 33023
p 0 162 33023
x 0 33024
p 0 177 33024
x 0 33025
p 0 170 33025
x 0 33026
p 0 183 33026
x 0 33027
p 0 147 33027
x 0 33028
p 0 148 33028
x 0 33029
p 0 190 33029
x 0 33030
p 0 185 33030
x 0 33031
p 0 277 33031
x 0 33032
p 0 181 33032
x 0 33033
p 0 171 33033
x 0 33034
p 0 217 33034
x 0 33035
p 0 216 33035
x 0 33036
p 0 216 33036
x 0 33037
p 0 165 33037
x 0 33038
p 0 162 33038
x 0 33039
p 0 212 33039
x 0 33040
p 0 162 33040
x 0 33041
p 0 223 33041
x 0 33042
p 0 161 33042
x 0 33043
p 0 213 33043
x 0 33044
p 0 164 33044
x 0 33045
p 0 216 33045
x 0 33046
p 0 158 33046
x 0 33047
p 0 211 33047
x 0 33048
p 0 178 33048
x 0 33049
p 0 180 33049
x 0 33050
p 0 172 33050
x 0 33051
p 0 207 33051
x 0 33052
p 0 175 33052
x 0 33053
p 0 185 33053
x 0 33054
p 0 212 33054
x 0 33055
p 0 177 33055
x 0 33056
p 0 187 33056
x 0 33057
p 0 189 33057
x 0 33058
p 0 225 33058
x 0 33059
p 0 220 33059
x 0 33060
p 0 249 33060
x 0 33000
h 0 10.0.0.9
p 0 19079 33000
x 1 33001
h 1 10.0.0.9
p 1 293 33001
x 0 33002
p 0 174 33002
x 0 33003
p 0 159 33003
x 0 33004
p 0 158 33004
x 0 33005
p 0 189 33005
x 0 33006
p 0 177 33006
x 0 33007
p 0 186 33007
x 0 33008
p 0 177 33008
x 0 33009
p 0 157 33009
x 0 33010
p 0 160 33010
x 0 33011
p 0 379 33011
x 0 33012
p 0 226 33012
x 0 33013
p 0 223 33013
x 0 33014
p 0 218 33014
x 0 33015
p 0 227 33015
x 0 33016
p 0 217 33016
x 0 33017
p 0 221 33017
x 0 33018
p 0 220 33018
x 0 33019
p 0 217 33019
x 0 33020
p 0 226 33020
x 0 33021
p 0 221 33021
x 0 33022
p 0 218 33022
x 0 33023
p 0 219 33023
x 0 33024
p 0 218 33024
x 0 33025
p 0 222 33025
x 0 33026
p 0 193 33026
x 0 33027
p 0 215 33027
x 0 33028
p 0 218 33028
x 0 33029
p 0 221 33029
x 0 33030
p 0 224 33030
x 0 33031
p 0 217 33031
x 0 33032
p 0 217 33032
x 0 33033
p 0 217 33033
x 0 33034
p 0 218 33034
x 0 33035
p 0 226 33035
x 0 33036
p 0 218 33036
x 0 33037
p 0 189 33037
x 0 33038
p 0 220 33038
x 0 33039
p 0 218 33039
x 0 33040
p 0 224 33040
x 0 33041
p 0 220 33041
x 0 33042
p 0 220 33042
x 0 33043
p 0 218 33043
x 0 33044
p 0 218 33044
x 0 33045
p 0 222 33045
x 0 33046
p 0 279 33046
x 0 33047
p 0 269 33047
x 0 33048
p 0 297 33048
x 0 33049
p 0 227 33049
x 0 33050
p 0 349 33050
x 0 33051
p 0 364 33051
x 0 33052
p 0 354 33052
x 0 33053
p 0 216 33053
x 0 33054
p 0 217 33054
x 0 33055
p 0 219 33055
x 0 33056
p 0 220 33056
x 0 33057
p 0 215 33057
x 0 33058
p 0 216 33058
x 0 33059
p 0 218 33059
x 0 33060
p 0 217 33060
x 0 33000
h 0 10.0.0.9
p 0 13638 33000
x 1 33001
h 1 10.0.0.9
p 1 216 33001
x 0 33002
p 0 181 33002
x 0 33003
p 0 209 33003
x 0 33004
p 0 156 33004
x 0 33005
p 0 207 33005
x 0 33006
p 0 169 33006
x 0 33007
p 0 251 33007
x 0 33008
p 0 212 33008
x 0 33009
p 0 205 33009
x 0 33010
p 0 244 33010
x 0 33011
p 0 206 33011
x 0 33012
p 0 227 33012
x 0 33013
p 0 207 33013
x 0 33014
p 0 234 33014
x 0 33015
p 0 129 33015
x 0 33016
p 0 203 33016
x 0 33017
p 0 203 33017
x 0 33018
p 0 209 33018
x 0 33019
p 0 206 33019
x 0 33020
p 0 204 33020
x 0 33021
p 0 205 33021
x 0 33022
p 0 206 33022
x 0 33023
p 0 205 33023
x 0 33024
p 0 206 33024
x 0 33025
p 0 206 33025
x 0 33026
p 0 204 33026
x 0 33027
p 0 205 33027
x 0 33028
p 0 205 33028
x 0 33029
p 0 205 33029
x 0 33030
p 0 204 33030
x 0 33031
p 0 205 33031
x 0 33032
p 0 205 33032
x 0 33033
p 0 213 33033
x 0 33034
p 0 209 33034
x 0 33035
p 0 205 33035
x 0 33036
p 0 207 33036
x 0 33037
p 0 238 33037
x 0 33038
p 0 209 33038
x 0 33039
p 0 207 33039
x 0 33040
p 0 280 33040
x 0 33041
p 0 207 33041
x 0 33042
p 0 205 33042
x 0 33043
p 0 240 33043
x 0 33044
p 0 208 33044
x 0 33045
p 0 205 33045
x 0 33046
p 0 206 33046
x 0 33047
p 0 248 33047
x 0 33048
p 0 212 33048
x 0 33049
p 0 236 33049
x 0 33050
p 0 205 33050
x 0 33051
p 0 203 33051
x 0 33052
p 0 308 33052
x 0 33053
p 0 209 33053
x 0 33054
p 0 206 33054
x 0 33055
p 0 207 33055
x 0 33056
p 0 207 33056
x 0 33057
p 0 204 33057
x 0 33058
p 0 210 33058
x 0 33059
p 0 209 33059
x 0 33060
p 0 434 33060
x 0 33000
h 0 10.0.0.9
p 0 17226 33000
x 1 33001
h 1 10.0.0.9
p 1 216 33001
x 0 33002
p 0 211 33002
x 0 33003
p 0 207 33003
x 0 33004
p 0 207 33004
x 0 33005
p 0 176 33005
x 0 33006
p 0 208 33006
x 0 33007
p 0 205 33007
x 0 33008
p 0 206 33008
x 0 33009
p 0 172 33009
x 0 33010
p 0 205 33010
x 0 33011
p 0 207 33011
x 0 33012
p 0 204 33012
x 0 33013
p 0 177 33013
x 0 33014
p 0 262 33014
x 0 33015
p 0 206 33015
x 0 33016
p 0 206 33016
x 0 33017
p 0 195 33017
x 0 33018
p 0 205 33018
x 0 33019
p 0 205 33019
x 0 33020
p 0 205 33020
x 0 33021
p 0 177 33021
x 0 33022
p 0 207 33022
x 0 33023
p 0 208 33023
x 0 33024
p 0 169 33024
x 0 33025
p 0 203 33025
x 0 33026
p 0 169 33026
x 0 33027
p 0 209 33027
x 0 33028
p 0 206 33028
x 0 33029
p 0 175 33029
x 0 33030
p 0 169 33030
x 0 33031
p 0 206 33031
x 0 33032
p 0 171 33032
x 0 33033
p 0 176 33033
x 0 33034
p 0 174 33034
x 0 33035
p 0 170 33035
x 0 33036
p 0 210 33036
x 0 33037
p 0 176 33037
x 0 33038
p 0 172 33038
x 0 33039
p 0 208 33039
x 0 33040
p 0 205 33040
x 0 33041
p 0 205 33041
x 0 33042
p 0 171 33042
x 0 33043
p 0 214 33043
x 0 33044
p 0 210 33044
x 0 33045
p 0 207 33045
x 0 33046
p 0 171 33046
x 0 33047
p 0 205 33047
x 0 33048
p 0 207 33048
x 0 33049
p 0 204 33049
x 0 33050
p 0 246 33050
x 0 33051
p 0 206 33051
x 0 33052
p 0 207 33052
x 0 33053
p 0 211 33053
x 0 33054
p 0 177 33054
x 0 33055
p 0 212 33055
x 0 33056
p 0 216 33056
x 0 33057
p 0 188 33057
x 0 33058
p 0 187 33058
x 0 33059
p 0 214 33059
x 0 33060
p 0 229 33060
x 0 33000
h 0 10.0.0.9
p 0 18095 33000
x 1 33001
h 1 10.0.0.9
p 1 255 33001
x 0 33002
p 0 208 33002
x 0 33003
p 0 211 33003
x 0 33004
p 0 209 33004
x 0 33005
p 0 234 33005
x 0 33006
p 0 210 33006
x 0 33007
p 0 210 33007
x 0 33008
p 0 210 33008
x 0 33009
p 0 212 33009
x 0 33010
p 0 210 33010
x 0 33011
p 0 209 33011
x 0 33012
p 0 213 33012
x 0 33013
p 0 210 33013
x 0 33014
p 0 215 33014
x 0 33015
p 0 208 33015
x 0 33016
p 0 211 33016
x 0 33017
p 0 210 33017
x 0 33018
p 0 209 33018
x 0 33019
p 0 160 33019
x 0 33020
p 0 268 33020
x 0 33021
p 0 212 33021
x 0 33022
p 0 210 33022
x 0 33023
p 0 211 33023
x 0 33024
p 0 213 33024
x 0 33025
p 0 210 33025
x 0 33026
p 0 212 33026
x 0 33027
p 0 210 33027
x 0 33028
p 0 213 33028
x 0 33029
p 0 244 33029
x 0 33030
p 0 215 33030
x 0 33031
p 0 216 33031
x 0 33032
p 0 214 33032
x 0 33033
p 0 214 33033
x 0 33034
p 0 211 33034
x 0 33035
p 0 213 33035
x 0 33036
p 0 243 33036
x 0 33037
p 0 212 33037
x 0 33038
p 0 212 33038
x 0 33039
p 0 254 33039
x 0 33040
p 0 212 33040
x 0 33041
p 0 211 33041
x 0 33042
p 0 216 33042
x 0 33043
p 0 245 33043
x 0 33044
p 0 217 33044
x 0 33045
p 0 214 33045
x 0 33046
p 0 250 33046
x 0 33047
p 0 212 33047
x 0 33048
p 0 213 33048
x 0 33049
p 0 213 33049
x 0 33050
p 0 212 33050
x 0 33051
p 0 220 33051
x 0 33052
p 0 214 33052
x 0 33053
p 0 285 33053
x 0 33054
p 0 220 33054
x 0 33055
p 0 221 33055
x 0 33056
p 0 216 33056
x 0 33057
p 0 217 33057
x 0 33058
p 0 216 33058
x 0 33059
p 0 231 33059
x 0 33060
p 0 219 33060
