x 0 33000
x 1 33001
h 0 10.0.0.3
p 0 143908 33000
h 1 10.0.0.3
p 1 60236 33001
x 2 33002
h 2 10.0.0.3
p 2 94057 33002
x 0 33003
p 0 691 33003
x 0 33004
p 0 203 33004
x 0 33005
p 0 162 33005
x 0 33006
p 0 228 33006
x 0 33007
p 0 214 33007
x 0 33008
p 0 219 33008
x 0 33009
p 0 256 33009
x 0 33010
p 0 218 33010
x 0 33011
p 0 171 33011
x 0 33012
p 0 199 33012
x 0 33013
p 0 251 33013
x 0 33014
p 0 205 33014
x 0 33015
p 0 192 33015
x 0 33016
p 0 222 33016
x 0 33017
p 0 245 33017
x 0 33018
p 0 215 33018
x 0 33019
p 0 221 33019
x 0 33020
p 0 214 33020
x 0 33021
p 0 226 33021
x 0 33022
p 0 221 33022
x 0 33023
p 0 213 33023
x 0 33024
p 0 215 33024
x 0 33025
p 0 251 33025
x 0 33026
p 0 221 33026
x 0 33027
p 0 217 33027
x 0 33028
p 0 222 33028
x 0 33029
p 0 251 33029
x 0 33030
p 0 298 33030
x 0 33031
p 0 223 33031
x 0 33032
p 0 216 33032
x 0 33033
p 0 248 33033
x 0 33034
p 0 276 33034
x 0 33035
p 0 210 33035
x 0 33036
p 0 222 33036
x 0 33037
p 0 258 33037
x 0 33038
p 0 226 33038
x 0 33039
p 0 201 33039
x 0 33040
p 0 217 33040
x 0 33041
p 0 259 33041
x 0 33042
p 0 213 33042
x 0 33043
p 0 217 33043
x 0 33044
p 0 323 33044
x 0 33045
p 0 248 33045
x 0 33046
p 0 222 33046
x 0 33047
p 0 219 33047
x 0 33048
p 0 319 33048
x 0 33049
p 0 321 33049
x 0 33050
p 0 222 33050
x 0 33051
p 0 228 33051
x 0 33052
p 0 230 33052
x 0 33053
p 0 260 33053
x 0 33054
p 0 218 33054
x 0 33055
p 0 217 33055
x 0 33056
p 0 227 33056
x 0 33057
p 0 404 33057
x 0 33058
p 0 311 33058
x 0 33059
p 0 218 33059
x 0 33060
p 0 213 33060
x 0 33061
p 0 226 33061
x 0 33000
h 0 10.0.0.3
p 0 596 33000
x 1 33001
h 1 10.0.0.3
p 1 202 33001
x 0 33002
p 0 224 33002
x 0 33003
p 0 179 33003
x 0 33004
p 0 173 33004
x 0 33005
p 0 235 33005
x 0 33006
p 0 208 33006
x 0 33007
p 0 206 33007
x 0 33008
p 0 211 33008
x 0 33009
p 0 159 33009
x 0 33010
p 0 206 33010
x 0 33011
p 0 205 33011
x 0 33012
p 0 211 33012
x 0 33013
p 0 210 33013
x 0 33014
p 0 208 33014
x 0 33015
p 0 208 33015
x 0 33016
p 0 213 33016
x 0 33017
p 0 209 33017
x 0 33018
p 0 207 33018
x 0 33019
p 0 206 33019
x 0 33020
p 0 208 33020
x 0 33021
p 0 209 33021
x 0 33022
p 0 205 33022
x 0 33023
p 0 217 33023
x 0 33024
p 0 205 33024
x 0 33025
p 0 210 33025
x 0 33026
p 0 205 33026
x 0 33027
p 0 203 33027
x 0 33028
p 0 209 33028
x 0 33029
p 0 211 33029
x 0 33030
p 0 216 33030
x 0 33031
p 0 218 33031
x 0 33032
p 0 217 33032
x 0 33033
p 0 217 33033
x 0 33034
p 0 223 33034
x 0 33035
p 0 219 33035
x 0 33036
p 0 218 33036
x 0 33037
p 0 190 33037
x 0 33038
p 0 216 33038
x 0 33039
p 0 223 33039
x 0 33040
p 0 221 33040
x 0 33041
p 0 231 33041
x 0 33042
p 0 218 33042
x 0 33043
p 0 222 33043
x 0 33044
p 0 219 33044
x 0 33045
p 0 364 33045
x 0 33046
p 0 243 33046
x 0 33047
p 0 259 33047
x 0 33048
p 0 256 33048
x 0 33049
p 0 216 33049
x 0 33050
p 0 223 33050
x 0 33051
p 0 212 33051
x 0 33052
p 0 247 33052
x 0 33053
p 0 318 33053
x 0 33054
p 0 212 33054
x 0 33055
p 0 218 33055
x 0 33056
p 0 220 33056
x 0 33057
p 0 282 33057
x 0 33058
p 0 182 33058
x 0 33059
p 0 195 33059
x 0 33060
p 0 221 33060
x 0 33000
h 0 10.0.0.3
p 0 923 33000
x 1 33001
h 1 10.0.0.3
p 1 203 33001
x 0 33002
p 0 215 33002
x 0 33003
p 0 211 33003
x 0 33004
p 0 123 33004
x 0 33005
p 0 191 33005
x 0 33006
p 0 205 33006
x 0 33007
p 0 76 33007
x 0 33008
p 0 209 33008
x 0 33009
p 0 200 33009
x 0 33010
p 0 207 33010
x 0 33011
p 0 210 33011
x 0 33012
p 0 208 33012
x 0 33013
p 0 205 33013
x 0 33014
p 0 203 33014
x 0 33015
p 0 205 33015
x 0 33016
p 0 207 33016
x 0 33017
p 0 357 33017
x 0 33018
p 0 362 33018
x 0 33019
p 0 354 33019
x 0 33020
p 0 424 33020
x 0 33021
p 0 352 33021
x 0 33022
p 0 353 33022
x 0 33023
p 0 235 33023
x 0 33024
p 0 208 33024
x 0 33025
p 0 210 33025
x 0 33026
p 0 210 33026
x 0 33027
p 0 276 33027
x 0 33028
p 0 263 33028
x 0 33029
p 0 205 33029
x 0 33030
p 0 259 33030
x 0 33031
p 0 209 33031
x 0 33032
p 0 214 33032
x 0 33033
p 0 214 33033
x 0 33034
p 0 209 33034
x 0 33035
p 0 210 33035
x 0 33036
p 0 274 33036
x 0 33037
p 0 204 33037
x 0 33038
p 0 166 33038
x 0 33039
p 0 206 33039
x 0 33040
p 0 177 33040
x 0 33041
p 0 177 33041
x 0 33042
p 0 260 33042
x 0 33043
p 0 182 33043
x 0 33044
p 0 180 33044
x 0 33045
p 0 184 33045
x 0 33046
p 0 249 33046
x 0 33047
p 0 181 33047
x 0 33048
p 0 219 33048
x 0 33049
p 0 208 33049
x 0 33050
p 0 242 33050
x 0 33051
p 0 185 33051
x 0 33052
p 0 221 33052
x 0 33053
p 0 220 33053
x 0 33054
p 0 249 33054
x 0 33055
p 0 219 33055
x 0 33056
p 0 217 33056
x 0 33057
p 0 215 33057
x 0 33058
p 0 250 33058
x 0 33059
p 0 181 33059
x 0 33060
p 0 216 33060
x 0 33000
h 0 10.0.0.3
p 0 564 33000
x 1 33001
h 1 10.0.0.3
p 1 287 33001
x 0 33002
p 0 254 33002
x 0 33003
p 0 182 33003
x 0 33004
p 0 184 33004
x 0 33005
p 0 206 33005
x 0 33006
p 0 208 33006
x 0 33007
p 0 391 33007
x 0 33008
p 0 369 33008
x 0 33009
p 0 431 33009
x 0 33010
p 0 231 33010
x 0 33011
p 0 209 33011
x 0 33012
p 0 206 33012
x 0 33013
p 0 203 33013
x 0 33014
p 0 170 33014
x 0 33015
p 0 170 33015
x 0 33016
p 0 159 33016
x 0 33017
p 0 178 33017
x 0 33018
p 0 233 33018
x 0 33019
p 0 182 33019
x 0 33020
p 0 182 33020
x 0 33021
p 0 174 33021
x 0 33022
p 0 103 33022
x 0 33023
p 0 189 33023
x 0 33024
p 0 151 33024
x 0 33025
p 0 154 33025
x 0 33026
p 0 154 33026
x 0 33027
p 0 149 33027
x 0 33028
p 0 159 33028
x 0 33029
p 0 157 33029
x 0 33030
p 0 144 33030
x 0 33031
p 0 301 33031
x 0 33032
p 0 172 33032
x 0 33033
p 0 170 33033
x 0 33034
p 0 171 33034
x 0 33035
p 0 172 33035
x 0 33036
p 0 174 33036
x 0 33037
p 0 168 33037
x 0 33038
p 0 167 33038
x 0 33039
p 0 171 33039
x 0 33040
p 0 169 33040
x 0 33041
p 0 165 33041
x 0 33042
p 0 164 33042
x 0 33043
p 0 169 33043
x 0 33044
p 0 241 33044
x 0 33045
p 0 166 33045
x 0 33046
p 0 162 33046
x 0 33047
p 0 405 33047
x 0 33048
p 0 172 33048
x 0 33049
p 0 174 33049
x 0 33050
p 0 180 33050
x 0 33051
p 0 180 33051
x 0 33052
p 0 167 33052
x 0 33053
p 0 174 33053
x 0 33054
p 0 347 33054
x 0 33055
p 0 167 33055
x 0 33056
p 0 162 33056
x 0 33057
p 0 151 33057
x 0 33058
p 0 172 33058
x 0 33059
p 0 168 33059
x 0 33060
p 0 160 33060
x 0 33000
h 0 10.0.0.3
p 0 633 33000
x 1 33001
h 1 10.0.0.3
p 1 207 33001
x 0 33002
p 0 93 33002
x 0 33003
p 0 283 33003
x 0 33004
p 0 207 33004
x 0 33005
p 0 165 33005
x 0 33006
p 0 208 33006
x 0 33007
p 0 184 33007
x 0 33008
p 0 196 33008
x 0 33009
p 0 195 33009
x 0 33010
p 0 404 33010
x 0 33011
p 0 183 33011
x 0 33012
p 0 182 33012
x 0 33013
p 0 177 33013
x 0 33014
p 0 184 33014
x 0 33015
p 0 257 33015
x 0 33016
p 0 214 33016
x 0 33017
p 0 214 33017
x 0 33018
p 0 188 33018
x 0 33019
p 0 184 33019
x 0 33020
p 0 213 33020
x 0 33021
p 0 213 33021
x 0 33022
p 0 200 33022
x 0 33023
p 0 212 33023
x 0 33024
p 0 210 33024
x 0 33025
p 0 127 33025
x 0 33026
p 0 180 33026
x 0 33027
p 0 214 33027
x 0 33028
p 0 127 33028
x 0 33029
p 0 211 33029
x 0 33030
p 0 184 33030
x 0 33031
p 0 209 33031
x 0 33032
p 0 210 33032
x 0 33033
p 0 210 33033
x 0 33034
p 0 185 33034
x 0 33035
p 0 208 33035
x 0 33036
p 0 205 33036
x 0 33037
p 0 210 33037
x 0 33038
p 0 208 33038
x 0 33039
p 0 209 33039
x 0 33040
p 0 210 33040
x 0 33041
p 0 207 33041
x 0 33042
p 0 209 33042
x 0 33043
p 0 208 33043
x 0 33044
p 0 209 33044
x 0 33045
p 0 212 33045
x 0 33046
p 0 209 33046
x 0 33047
p 0 271 33047
x 0 33048
p 0 194 33048
x 0 33049
p 0 231 33049
x 0 33050
p 0 234 33050
x 0 33051
p 0 181 33051
x 0 33052
p 0 180 33052
x 0 33053
p 0 181 33053
x 0 33054
p 0 182 33054
x 0 33055
p 0 183 33055
x 0 33056
p 0 180 33056
x 0 33057
p 0 183 33057
x 0 33058
p 0 214 33058
x 0 33059
p 0 182 33059
x 0 33060
p 0 180 33060
x 0 33000
h 0 10.0.0.3
p 0 503 33000
x 1 33001
h 1 10.0.0.3
p 1 204 33001
x 0 33002
p 0 156 33002
x 0 33003
p 0 206 33003
x 0 33004
p 0 206 33004
x 0 33005
p 0 211 33005
x 0 33006
p 0 180 33006
x 0 33007
p 0 203 33007
x 0 33008
p 0 203 33008
x 0 33009
p 0 201 33009
x 0 33010
p 0 205 33010
x 0 33011
p 0 203 33011
x 0 33012
p 0 202 33012
x 0 33013
p 0 203 33013
x 0 33014
p 0 203 33014
x 0 33015
p 0 203 33015
x 0 33016
p 0 200 33016
x 0 33017
p 0 200 33017
x 0 33018
p 0 202 33018
x 0 33019
p 0 203 33019
x 0 33020
p 0 193 33020
x 0 33021
p 0 202 33021
x 0 33022
p 0 237 33022
x 0 33023
p 0 194 33023
x 0 33024
p 0 203 33024
x 0 33025
p 0 204 33025
x 0 33026
p 0 172 33026
x 0 33027
p 0 204 33027
x 0 33028
p 0 201 33028
x 0 33029
p 0 167 33029
x 0 33030
p 0 172 33030
x 0 33031
p 0 170 33031
x 0 33032
p 0 235 33032
x 0 33033
p 0 169 33033
x 0 33034
p 0 169 33034
x 0 33035
p 0 168 33035
x 0 33036
p 0 166 33036
x 0 33037
p 0 165 33037
x 0 33038
p 0 181 33038
x 0 33039
p 0 166 33039
x 0 33040
p 0 166 33040
x 0 33041
p 0 167 33041
x 0 33042
p 0 162 33042
x 0 33043
p 0 162 33043
x 0 33044
p 0 162 33044
x 0 33045
p 0 222 33045
x 0 33046
p 0 163 33046
x 0 33047
p 0 163 33047
x 0 33048
p 0 166 33048
x 0 33049
p 0 164 33049
x 0 33050
p 0 161 33050
x 0 33051
p 0 146 33051
x 0 33052
p 0 156 33052
x 0 33053
p 0 161 33053
x 0 33054
p 0 134 33054
x 0 33055
p 0 167 33055
x 0 33056
p 0 241 33056
x 0 33057
p 0 211 33057
x 0 33058
p 0 211 33058
x 0 33059
p 0 208 33059
x 0 33060
p 0 212 33060
x 0 33000
h 0 10.0.0.3
p 0 1612 33000
x 1 33001
h 1 10.0.0.3
p 1 190 33001
x 0 33002
p 0 210 33002
x 0 33003
p 0 209 33003
x 0 33004
p 0 216 33004
x 0 33005
p 0 214 33005
x 0 33006
p 0 210 33006
x 0 33007
p 0 242 33007
x 0 33008
p 0 205 33008
x 0 33009
p 0 210 33009
x 0 33010
p 0 206 33010
x 0 33011
p 0 208 33011
x 0 33012
p 0 206 33012
x 0 33013
p 0 210 33013
x 0 33014
p 0 237 33014
x 0 33015
p 0 201 33015
x 0 33016
p 0 199 33016
x 0 33017
p 0 200 33017
x 0 33018
p 0 184 33018
x 0 33019
p 0 202 33019
x 0 33020
p 0 209 33020
x 0 33021
p 0 222 33021
x 0 33022
p 0 206 33022
x 0 33023
p 0 216 33023
x 0 33024
p 0 225 33024
x 0 33025
p 0 237 33025
x 0 33026
p 0 265 33026
x 0 33027
p 0 275 33027
x 0 33028
p 0 221 33028
x 0 33029
p 0 219 33029
x 0 33030
p 0 216 33030
x 0 33031
p 0 216 33031
x 0 33032
p 0 175 33032
x 0 33033
p 0 173 33033
x 0 33034
p 0 174 33034
x 0 33035
p 0 175 33035
x 0 33036
p 0 179 33036
x 0 33037
p 0 81 33037
x 0 33038
p 0 176 33038
x 0 33039
p 0 178 33039
x 0 33040
p 0 177 33040
x 0 33041
p 0 174 33041
x 0 33042
p 0 247 33042
x 0 33043
p 0 209 33043
x 0 33044
p 0 177 33044
x 0 33045
p 0 178 33045
x 0 33046
p 0 180 33046
x 0 33047
p 0 174 33047
x 0 33048
p 0 171 33048
x 0 33049
p 0 172 33049
x 0 33050
p 0 177 33050
x 0 33051
p 0 176 33051
x 0 33052
p 0 88 33052
x 0 33053
p 0 263 33053
x 0 33054
p 0 241 33054
x 0 33055
p 0 209 33055
x 0 33056
p 0 210 33056
x 0 33057
p 0 211 33057
x 0 33058
p 0 207 33058
x 0 33059
p 0 213 33059
x 0 33060
p 0 213 33060
x 0 33000
h 0 10.0.0.3
p 0 614 33000
x 1 33001
h 1 10.0.0.3
p 1 252 33001
x 0 33002
p 0 253 33002
x 0 33003
p 0 217 33003
x 0 33004
p 0 217 33004
x 0 33005
p 0 258 33005
x 0 33006
p 0 276 33006
x 0 33007
p 0 247 33007
x 0 33008
p 0 211 33008
x 0 33009
p 0 212 33009
x 0 33010
p 0 231 33010
x 0 33011
p 0 207 33011
x 0 33012
p 0 216 33012
x 0 33013
p 0 95 33013
x 0 33014
p 0 215 33014
x 0 33015
p 0 219 33015
x 0 33016
p 0 219 33016
x 0 33017
p 0 218 33017
x 0 33018
p 0 216 33018
x 0 33019
p 0 219 33019
x 0 33020
p 0 226 33020
x 0 33021
p 0 219 33021
x 0 33022
p 0 219 33022
x 0 33023
p 0 219 33023
x 0 33024
p 0 220 33024
x 0 33025
p 0 221 33025
x 0 33026
p 0 213 33026
x 0 33027
p 0 261 33027
x 0 33028
p 0 211 33028
x 0 33029
p 0 212 33029
x 0 33030
p 0 214 33030
x 0 33031
p 0 208 33031
x 0 33032
p 0 216 33032
x 0 33033
p 0 217 33033
x 0 33034
p 0 254 33034
x 0 33035
p 0 214 33035
x 0 33036
p 0 213 33036
x 0 33037
p 0 212 33037
x 0 33038
p 0 211 33038
x 0 33039
p 0 210 33039
x 0 33040
p 0 215 33040
x 0 33041
p 0 210 33041
x 0 33042
p 0 206 33042
x 0 33043
p 0 203 33043
x 0 33044
p 0 208 33044
x 0 33045
p 0 208 33045
x 0 33046
p 0 205 33046
x 0 33047
p 0 205 33047
x 0 33048
p 0 211 33048
x 0 33049
p 0 212 33049
x 0 33050
p 0 212 33050
x 0 33051
p 0 210 33051
x 0 33052
p 0 213 33052
x 0 33053
p 0 212 33053
x 0 33054
p 0 211 33054
x 0 33055
p 0 211 33055
x 0 33056
p 0 212 33056
x 0 33057
p 0 210 33057
x 0 33058
p 0 207 33058
x 0 33059
p 0 207 33059
x 0 33060
p 0 211 33060
x 0 33000
h 0 10.0.0.3
p 0 644 33000
x 1 33001
h 1 10.0.0.3
p 1 168 33001
x 0 33002
p 0 169 33002
x 0 33003
p 0 166 33003
x 0 33004
p 0 89 33004
x 0 33005
p 0 168 33005
x 0 33006
p 0 206 33006
x 0 33007
p 0 210 33007
x 0 33008
p 0 118 33008
x 0 33009
p 0 184 33009
x 0 33010
p 0 209 33010
x 0 33011
p 0 386 33011
x 0 33012
p 0 230 33012
x 0 33013
p 0 338 33013
x 0 33014
p 0 233 33014
x 0 33015
p 0 384 33015
x 0 33016
p 0 362 33016
x 0 33017
p 0 366 33017
x 0 33018
p 0 438 33018
x 0 33019
p 0 362 33019
x 0 33020
p 0 387 33020
x 0 33021
p 0 366 33021
x 0 33022
p 0 436 33022
x 0 33023
p 0 366 33023
x 0 33024
p 0 339 33024
x 0 33025
p 0 152 33025
x 0 33026
p 0 402 33026
x 0 33027
p 0 385 33027
x 0 33028
p 0 385 33028
x 0 33029
p 0 382 33029
x 0 33030
p 0 332 33030
x 0 33031
p 0 314 33031
x 0 33032
p 0 212 33032
x 0 33033
p 0 215 33033
x 0 33034
p 0 213 33034
x 0 33035
p 0 219 33035
x 0 33036
p 0 215 33036
x 0 33037
p 0 207 33037
x 0 33038
p 0 369 33038
x 0 33039
p 0 435 33039
x 0 33040
p 0 410 33040
x 0 33041
p 0 361 33041
x 0 33042
p 0 360 33042
x 0 33043
p 0 214 33043
x 0 33044
p 0 214 33044
x 0 33045
p 0 213 33045
x 0 33046
p 0 211 33046
x 0 33047
p 0 160 33047
x 0 33048
p 0 208 33048
x 0 33049
p 0 236 33049
x 0 33050
p 0 227 33050
x 0 33051
p 0 218 33051
x 0 33052
p 0 293 33052
x 0 33053
p 0 234 33053
x 0 33054
p 0 228 33054
x 0 33055
p 0 224 33055
x 0 33056
p 0 352 33056
x 0 33057
p 0 165 33057
x 0 33058
p 0 183 33058
x 0 33059
p 0 210 33059
x 0 33060
p 0 148 33060
x 0 33000
h 0 10.0.0.3
p 0 685 33000
x 1 33001
h 1 10.0.0.3
p 1 246 33001
x 0 33002
p 0 165 33002
x 0 33003
p 0 154 33003
x 0 33004
p 0 183 33004
x 0 33005
p 0 173 33005
x 0 33006
p 0 207 33006
x 0 33007
p 0 211 33007
x 0 33008
p 0 205 33008
x 0 33009
p 0 243 33009
x 0 33010
p 0 210 33010
x 0 33011
p 0 204 33011
x 0 33012
p 0 207 33012
x 0 33013
p 0 205 33013
x 0 33014
p 0 212 33014
x 0 33015
p 0 205 33015
x 0 33016
p 0 214 33016
x 0 33017
p 0 230 33017
x 0 33018
p 0 203 33018
x 0 33019
p 0 293 33019
x 0 33020
p 0 205 33020
x 0 33021
p 0 249 33021
x 0 33022
p 0 219 33022
x 0 33023
p 0 348 33023
x 0 33024
p 0 216 33024
x 0 33025
p 0 235 33025
x 0 33026
p 0 206 33026
x 0 33027
p 0 203 33027
x 0 33028
p 0 207 33028
x 0 33029
p 0 210 33029
x 0 33030
p 0 203 33030
x 0 33031
p 0 208 33031
x 0 33032
p 0 203 33032
x 0 33033
p 0 256 33033
x 0 33034
p 0 205 33034
x 0 33035
p 0 208 33035
x 0 33036
p 0 207 33036
x 0 33037
p 0 209 33037
x 0 33038
p 0 231 33038
x 0 33039
p 0 319 33039
x 0 33040
p 0 205 33040
x 0 33041
p 0 308 33041
x 0 33042
p 0 206 33042
x 0 33043
p 0 297 33043
x 0 33044
p 0 243 33044
x 0 33045
p 0 204 33045
x 0 33046
p 0 205 33046
x 0 33047
p 0 345 33047
x 0 33048
p 0 201 33048
x 0 33049
p 0 204 33049
x 0 33050
p 0 204 33050
x 0 33051
p 0 201 33051
x 0 33052
p 0 199 33052
x 0 33053
p 0 204 33053
x 0 33054
p 0 212 33054
x 0 33055
p 0 203 33055
x 0 33056
p 0 207 33056
x 0 33057
p 0 292 33057
x 0 33058
p 0 201 33058
x 0 33059
p 0 208 33059
x 0 33060
p 0 205 33060
x 0 33000
h 0 10.0.0.3
p 0 826 33000
x 1 33001
h 1 10.0.0.3
p 1 207 33001
x 0 33002
p 0 212 33002
x 0 33003
p 0 247 33003
x 0 33004
p 0 208 33004
x 0 33005
p 0 271 33005
x 0 33006
p 0 251 33006
x 0 33007
p 0 209 33007
x 0 33008
p 0 210 33008
x 0 33009
p 0 193 33009
x 0 33010
p 0 210 33010
x 0 33011
p 0 210 33011
x 0 33012
p 0 209 33012
x 0 33013
p 0 209 33013
x 0 33014
p 0 211 33014
x 0 33015
p 0 207 33015
x 0 33016
p 0 209 33016
x 0 33017
p 0 209 33017
x 0 33018
p 0 210 33018
x 0 33019
p 0 211 33019
x 0 33020
p 0 212 33020
x 0 33021
p 0 212 33021
x 0 33022
p 0 208 33022
x 0 33023
p 0 209 33023
x 0 33024
p 0 208 33024
x 0 33025
p 0 209 33025
x 0 33026
p 0 251 33026
x 0 33027
p 0 209 33027
x 0 33028
p 0 208 33028
x 0 33029
p 0 182 33029
x 0 33030
p 0 209 33030
x 0 33031
p 0 210 33031
x 0 33032
p 0 211 33032
x 0 33033
p 0 187 33033
x 0 33034
p 0 185 33034
x 0 33035
p 0 182 33035
x 0 33036
p 0 182 33036
x 0 33037
p 0 182 33037
x 0 33038
p 0 181 33038
x 0 33039
p 0 186 33039
x 0 33040
p 0 176 33040
x 0 33041
p 0 375 33041
x 0 33042
p 0 173 33042
x 0 33043
p 0 171 33043
x 0 33044
p 0 162 33044
x 0 33045
p 0 164 33045
x 0 33046
p 0 159 33046
x 0 33047
p 0 162 33047
x 0 33048
p 0 157 33048
x 0 33049
p 0 180 33049
x 0 33050
p 0 167 33050
x 0 33051
p 0 161 33051
x 0 33052
p 0 164 33052
x 0 33053
p 0 164 33053
x 0 33054
p 0 161 33054
x 0 33055
p 0 160 33055
x 0 33056
p 0 160 33056
x 0 33057
p 0 168 33057
x 0 33058
p 0 159 33058
x 0 33059
p 0 168 33059
x 0 33060
p 0 102 33060
x 0 33000
h 0 10.0.0.3
p 0 640 33000
x 1 33001
h 1 10.0.0.3
p 1 200 33001
x 0 33002
p 0 207 33002
x 0 33003
p 0 201 33003
x 0 33004
p 0 201 33004
x 0 33005
p 0 203 33005
x 0 33006
p 0 202 33006
x 0 33007
p 0 211 33007
x 0 33008
p 0 203 33008
x 0 33009
p 0 300 33009
x 0 33010
p 0 208 33010
x 0 33011
p 0 204 33011
x 0 33012
p 0 202 33012
x 0 33013
p 0 205 33013
x 0 33014
p 0 207 33014
x 0 33015
p 0 268 33015
x 0 33016
p 0 206 33016
x 0 33017
p 0 213 33017
x 0 33018
p 0 208 33018
x 0 33019
p 0 143 33019
x 0 33020
p 0 206 33020
x 0 33021
p 0 204 33021
x 0 33022
p 0 203 33022
x 0 33023
p 0 295 33023
x 0 33024
p 0 268 33024
x 0 33025
p 0 208 33025
x 0 33026
p 0 220 33026
x 0 33027
p 0 206 33027
x 0 33028
p 0 206 33028
x 0 33029
p 0 208 33029
x 0 33030
p 0 204 33030
x 0 33031
p 0 204 33031
x 0 33032
p 0 204 33032
x 0 33033
p 0 204 33033
x 0 33034
p 0 211 33034
x 0 33035
p 0 205 33035
x 0 33036
p 0 204 33036
x 0 33037
p 0 208 33037
x 0 33038
p 0 207 33038
x 0 33039
p 0 208 33039
x 0 33040
p 0 205 33040
x 0 33041
p 0 236 33041
x 0 33042
p 0 278 33042
x 0 33043
p 0 204 33043
x 0 33044
p 0 206 33044
x 0 33045
p 0 237 33045
x 0 33046
p 0 208 33046
x 0 33047
p 0 204 33047
x 0 33048
p 0 175 33048
x 0 33049
p 0 242 33049
x 0 33050
p 0 206 33050
x 0 33051
p 0 204 33051
x 0 33052
p 0 204 33052
x 0 33053
p 0 236 33053
x 0 33054
p 0 206 33054
x 0 33055
p 0 143 33055
x 0 33056
p 0 203 33056
x 0 33057
p 0 235 33057
x 0 33058
p 0 156 33058
x 0 33059
p 0 207 33059
x 0 33060
p 0 203 33060
x 0 33000
h 0 10.0.0.3
p 0 834 33000
x 1 33001
h 1 10.0.0.3
p 1 273 33001
x 0 33002
p 0 209 33002
x 0 33003
p 0 206 33003
x 0 33004
p 0 174 33004
x 0 33005
p 0 213 33005
x 0 33006
p 0 258 33006
x 0 33007
p 0 217 33007
x 0 33008
p 0 210 33008
x 0 33009
p 0 214 33009
x 0 33010
p 0 214 33010
x 0 33011
p 0 213 33011
x 0 33012
p 0 216 33012
x 0 33013
p 0 255 33013
x 0 33014
p 0 210 33014
x 0 33015
p 0 245 33015
x 0 33016
p 0 211 33016
x 0 33017
p 0 216 33017
x 0 33018
p 0 211 33018
x 0 33019
p 0 159 33019
x 0 33020
p 0 202 33020
x 0 33021
p 0 208 33021
x 0 33022
p 0 170 33022
x 0 33023
p 0 205 33023
x 0 33024
p 0 205 33024
x 0 33025
p 0 208 33025
x 0 33026
p 0 234 33026
x 0 33027
p 0 262 33027
x 0 33028
p 0 258 33028
x 0 33029
p 0 252 33029
x 0 33030
p 0 247 33030
x 0 33031
p 0 209 33031
x 0 33032
p 0 237 33032
x 0 33033
p 0 256 33033
x 0 33034
p 0 209 33034
x 0 33035
p 0 235 33035
x 0 33036
p 0 206 33036
x 0 33037
p 0 204 33037
x 0 33038
p 0 205 33038
x 0 33039
p 0 229 33039
x 0 33040
p 0 253 33040
x 0 33041
p 0 205 33041
x 0 33042
p 0 206 33042
x 0 33043
p 0 206 33043
x 0 33044
p 0 209 33044
x 0 33045
p 0 206 33045
x 0 33046
p 0 207 33046
x 0 33047
p 0 277 33047
x 0 33048
p 0 206 33048
x 0 33049
p 0 208 33049
x 0 33050
p 0 208 33050
x 0 33051
p 0 207 33051
x 0 33052
p 0 201 33052
x 0 33053
p 0 202 33053
x 0 33054
p 0 265 33054
x 0 33055
p 0 204 33055
x 0 33056
p 0 208 33056
x 0 33057
p 0 203 33057
x 0 33058
p 0 203 33058
x 0 33059
p 0 199 33059
x 0 33060
p 0 203 33060
x 0 33000
h 0 10.0.0.3
p 0 595 33000
x 1 33001
h 1 10.0.0.3
p 1 532 33001
x 0 33002
p 0 204 33002
x 0 33003
p 0 203 33003
x 0 33004
p 0 203 33004
x 0 33005
p 0 523 33005
x 0 33006
p 0 154 33006
x 0 33007
p 0 200 33007
x 0 33008
p 0 206 33008
x 0 33009
p 0 132 33009
x 0 33010
p 0 197 33010
x 0 33011
p 0 201 33011
x 0 33012
p 0 202 33012
x 0 33013
p 0 201 33013
x 0 33014
p 0 199 33014
x 0 33015
p 0 205 33015
x 0 33016
p 0 205 33016
x 0 33017
p 0 333 33017
x 0 33018
p 0 203 33018
x 0 33019
p 0 203 33019
x 0 33020
p 0 175 33020
x 0 33021
p 0 209 33021
x 0 33022
p 0 206 33022
x 0 33023
p 0 208 33023
x 0 33024
p 0 210 33024
x 0 33025
p 0 177 33025
x 0 33026
p 0 180 33026
x 0 33027
p 0 209 33027
x 0 33028
p 0 208 33028
x 0 33029
p 0 208 33029
x 0 33030
p 0 208 33030
x 0 33031
p 0 201 33031
x 0 33032
p 0 203 33032
x 0 33033
p 0 202 33033
x 0 33034
p 0 174 33034
x 0 33035
p 0 201 33035
x 0 33036
p 0 202 33036
x 0 33037
p 0 173 33037
x 0 33038
p 0 182 33038
x 0 33039
p 0 206 33039
x 0 33040
p 0 205 33040
x 0 33041
p 0 208 33041
x 0 33042
p 0 175 33042
x 0 33043
p 0 205 33043
x 0 33044
p 0 208 33044
x 0 33045
p 0 117 33045
x 0 33046
p 0 204 33046
x 0 33047
p 0 218 33047
x 0 33048
p 0 102 33048
x 0 33049
p 0 202 33049
x 0 33050
p 0 200 33050
x 0 33051
p 0 202 33051
x 0 33052
p 0 201 33052
x 0 33053
p 0 235 33053
x 0 33054
p 0 206 33054
x 0 33055
p 0 205 33055
x 0 33056
p 0 207 33056
x 0 33057
p 0 238 33057
x 0 33058
p 0 205 33058
x 0 33059
p 0 205 33059
x 0 33060
p 0 207 33060
x 0 33000
h 0 10.0.0.3
p 0 647 33000
x 1 33001
h 1 10.0.0.3
p 1 202 33001
x 0 33002
p 0 172 33002
x 0 33003
p 0 207 33003
x 0 33004
p 0 207 33004
x 0 33005
p 0 206 33005
x 0 33006
p 0 209 33006
x 0 33007
p 0 208 33007
x 0 33008
p 0 231 33008
x 0 33009
p 0 256 33009
x 0 33010
p 0 364 33010
x 0 33011
p 0 308 33011
x 0 33012
p 0 233 33012
x 0 33013
p 0 201 33013
x 0 33014
p 0 310 33014
x 0 33015
p 0 206 33015
x 0 33016
p 0 281 33016
x 0 33017
p 0 208 33017
x 0 33018
p 0 206 33018
x 0 33019
p 0 209 33019
x 0 33020
p 0 365 33020
x 0 33021
p 0 218 33021
x 0 33022
p 0 208 33022
x 0 33023
p 0 207 33023
x 0 33024
p 0 234 33024
x 0 33025
p 0 205 33025
x 0 33026
p 0 205 33026
x 0 33027
p 0 203 33027
x 0 33028
p 0 230 33028
x 0 33029
p 0 204 33029
x 0 33030
p 0 203 33030
x 0 33031
p 0 206 33031
x 0 33032
p 0 230 33032
x 0 33033
p 0 209 33033
x 0 33034
p 0 210 33034
x 0 33035
p 0 213 33035
x 0 33036
p 0 241 33036
x 0 33037
p 0 208 33037
x 0 33038
p 0 208 33038
x 0 33039
p 0 211 33039
x 0 33040
p 0 133 33040
x 0 33041
p 0 210 33041
x 0 33042
p 0 180 33042
x 0 33043
p 0 203 33043
x 0 33044
p 0 201 33044
x 0 33045
p 0 200 33045
x 0 33046
p 0 175 33046
x 0 33047
p 0 179 33047
x 0 33048
p 0 201 33048
x 0 33049
p 0 207 33049
x 0 33050
p 0 175 33050
x 0 33051
p 0 177 33051
x 0 33052
p 0 210 33052
x 0 33053
p 0 209 33053
x 0 33054
p 0 176 33054
x 0 33055
p 0 220 33055
x 0 33056
p 0 206 33056
x 0 33057
p 0 203 33057
x 0 33058
p 0 174 33058
x 0 33059
p 0 176 33059
x 0 33060
p 0 201 33060
x 0 33000
h 0 10.0.0.3
p 0 747 33000
x 1 33001
h 1 10.0.0.3
p 1 203 33001
x 0 33002
p 0 294 33002
x 0 33003
p 0 240 33003
x 0 33004
p 0 230 33004
x 0 33005
p 0 204 33005
x 0 33006
p 0 224 33006
x 0 33007
p 0 399 33007
x 0 33008
p 0 359 33008
x 0 33009
p 0 212 33009
x 0 33010
p 0 212 33010
x 0 33011
p 0 274 33011
x 0 33012
p 0 154 33012
x 0 33013
p 0 214 33013
x 0 33014
p 0 152 33014
x 0 33015
p 0 212 33015
x 0 33016
p 0 156 33016
x 0 33017
p 0 214 33017
x 0 33018
p 0 211 33018
x 0 33019
p 0 124 33019
x 0 33020
p 0 155 33020
x 0 33021
p 0 218 33021
x 0 33022
p 0 223 33022
x 0 33023
p 0 148 33023
x 0 33024
p 0 209 33024
x 0 33025
p 0 158 33025
x 0 33026
p 0 281 33026
x 0 33027
p 0 148 33027
x 0 33028
p 0 153 33028
x 0 33029
p 0 246 33029
x 0 33030
p 0 151 33030
x 0 33031
p 0 212 33031
x 0 33032
p 0 154 33032
x 0 33033
p 0 250 33033
x 0 33034
p 0 150 33034
x 0 33035
p 0 212 33035
x 0 33036
p 0 157 33036
x 0 33037
p 0 86 33037
x 0 33038
p 0 123 33038
x 0 33039
p 0 151 33039
x 0 33040
p 0 207 33040
x 0 33041
p 0 208 33041
x 0 33042
p 0 151 33042
x 0 33043
p 0 206 33043
x 0 33044
p 0 153 33044
x 0 33045
p 0 212 33045
x 0 33046
p 0 157 33046
x 0 33047
p 0 210 33047
x 0 33048
p 0 215 33048
x 0 33049
p 0 153 33049
x 0 33050
p 0 215 33050
x 0 33051
p 0 214 33051
x 0 33052
p 0 151 33052
x 0 33053
p 0 215 33053
x 0 33054
p 0 221 33054
x 0 33055
p 0 147 33055
x 0 33056
p 0 207 33056
x 0 33057
p 0 154 33057
x 0 33058
p 0 265 33058
x 0 33059
p 0 285 33059
x 0 33060
p 0 208 33060
x 0 33000
h 0 10.0.0.3
p 0 763 33000
x 1 33001
h 1 10.0.0.3
p 1 205 33001
x 0 33002
p 0 265 33002
x 0 33003
p 0 211 33003
x 0 33004
p 0 217 33004
x 0 33005
p 0 211 33005
x 0 33006
p 0 212 33006
x 0 33007
p 0 208 33007
x 0 33008
p 0 204 33008
x 0 33009
p 0 208 33009
x 0 33010
p 0 206 33010
x 0 33011
p 0 186 33011
x 0 33012
p 0 174 33012
x 0 33013
p 0 177 33013
x 0 33014
p 0 174 33014
x 0 33015
p 0 177 33015
x 0 33016
p 0 172 33016
x 0 33017
p 0 204 33017
x 0 33018
p 0 218 33018
x 0 33019
p 0 174 33019
x 0 33020
p 0 177 33020
x 0 33021
p 0 206 33021
x 0 33022
p 0 204 33022
x 0 33023
p 0 178 33023
x 0 33024
p 0 183 33024
x 0 33025
p 0 213 33025
x 0 33026
p 0 213 33026
x 0 33027
p 0 180 33027
x 0 33028
p 0 209 33028
x 0 33029
p 0 212 33029
x 0 33030
p 0 126 33030
x 0 33031
p 0 209 33031
x 0 33032
p 0 208 33032
x 0 33033
p 0 184 33033
x 0 33034
p 0 203 33034
x 0 33035
p 0 289 33035
x 0 33036
p 0 302 33036
x 0 33037
p 0 301 33037
x 0 33038
p 0 204 33038
x 0 33039
p 0 284 33039
x 0 33040
p 0 212 33040
x 0 33041
p 0 211 33041
x 0 33042
p 0 207 33042
x 0 33043
p 0 210 33043
x 0 33044
p 0 210 33044
x 0 33045
p 0 206 33045
x 0 33046
p 0 206 33046
x 0 33047
p 0 207 33047
x 0 33048
p 0 206 33048
x 0 33049
p 0 208 33049
x 0 33050
p 0 219 33050
x 0 33051
p 0 204 33051
x 0 33052
p 0 174 33052
x 0 33053
p 0 207 33053
x 0 33054
p 0 205 33054
x 0 33055
p 0 204 33055
x 0 33056
p 0 178 33056
x 0 33057
p 0 207 33057
x 0 33058
p 0 207 33058
x 0 33059
p 0 174 33059
x 0 33060
p 0 179 33060
x 0 33000
h 0 10.0.0.3
p 0 522 33000
x 1 33001
h 1 10.0.0.3
p 1 200 33001
x 0 33002
p 0 207 33002
x 0 33003
p 0 159 33003
x 0 33004
p 0 209 33004
x 0 33005
p 0 210 33005
x 0 33006
p 0 211 33006
x 0 33007
p 0 212 33007
x 0 33008
p 0 166 33008
x 0 33009
p 0 210 33009
x 0 33010
p 0 213 33010
x 0 33011
p 0 209 33011
x 0 33012
p 0 207 33012
x 0 33013
p 0 111 33013
x 0 33014
p 0 203 33014
x 0 33015
p 0 208 33015
x 0 33016
p 0 207 33016
x 0 33017
p 0 207 33017
x 0 33018
p 0 160 33018
x 0 33019
p 0 208 33019
x 0 33020
p 0 213 33020
x 0 33021
p 0 201 33021
x 0 33022
p 0 212 33022
x 0 33023
p 0 197 33023
x 0 33024
p 0 208 33024
x 0 33025
p 0 113 33025
x 0 33026
p 0 222 33026
x 0 33027
p 0 172 33027
x 0 33028
p 0 140 33028
x 0 33029
p 0 171 33029
x 0 33030
p 0 209 33030
x 0 33031
p 0 210 33031
x 0 33032
p 0 173 33032
x 0 33033
p 0 173 33033
x 0 33034
p 0 173 33034
x 0 33035
p 0 171 33035
x 0 33036
p 0 171 33036
x 0 33037
p 0 171 33037
x 0 33038
p 0 182 33038
x 0 33039
p 0 169 33039
x 0 33040
p 0 169 33040
x 0 33041
p 0 170 33041
x 0 33042
p 0 164 33042
x 0 33043
p 0 166 33043
x 0 33044
p 0 178 33044
x 0 33045
p 0 170 33045
x 0 33046
p 0 170 33046
x 0 33047
p 0 172 33047
x 0 33048
p 0 172 33048
x 0 33049
p 0 172 33049
x 0 33050
p 0 172 33050
x 0 33051
p 0 209 33051
x 0 33052
p 0 203 33052
x 0 33053
p 0 211 33053
x 0 33054
p 0 226 33054
x 0 33055
p 0 259 33055
x 0 33056
p 0 334 33056
x 0 33057
p 0 149 33057
x 0 33058
p 0 152 33058
x 0 33059
p 0 205 33059
x 0 33060
p 0 205 33060
x 0 33000
h 0 10.0.0.3
p 0 565 33000
x 1 33001
h 1 10.0.0.3
p 1 174 33001
x 0 33002
p 0 177 33002
x 0 33003
p 0 173 33003
x 0 33004
p 0 214 33004
x 0 33005
p 0 215 33005
x 0 33006
p 0 242 33006
x 0 33007
p 0 205 33007
x 0 33008
p 0 227 33008
x 0 33009
p 0 206 33009
x 0 33010
p 0 207 33010
x 0 33011
p 0 209 33011
x 0 33012
p 0 207 33012
x 0 33013
p 0 168 33013
x 0 33014
p 0 207 33014
x 0 33015
p 0 204 33015
x 0 33016
p 0 208 33016
x 0 33017
p 0 205 33017
x 0 33018
p 0 206 33018
x 0 33019
p 0 205 33019
x 0 33020
p 0 136 33020
x 0 33021
p 0 197 33021
x 0 33022
p 0 206 33022
x 0 33023
p 0 168 33023
x 0 33024
p 0 207 33024
x 0 33025
p 0 203 33025
x 0 33026
p 0 203 33026
x 0 33027
p 0 207 33027
x 0 33028
p 0 207 33028
x 0 33029
p 0 207 33029
x 0 33030
p 0 203 33030
x 0 33031
p 0 211 33031
x 0 33032
p 0 207 33032
x 0 33033
p 0 212 33033
x 0 33034
p 0 207 33034
x 0 33035
p 0 207 33035
x 0 33036
p 0 208 33036
x 0 33037
p 0 211 33037
x 0 33038
p 0 208 33038
x 0 33039
p 0 210 33039
x 0 33040
p 0 206 33040
x 0 33041
p 0 211 33041
x 0 33042
p 0 209 33042
x 0 33043
p 0 209 33043
x 0 33044
p 0 208 33044
x 0 33045
p 0 207 33045
x 0 33046
p 0 205 33046
x 0 33047
p 0 208 33047
x 0 33048
p 0 212 33048
x 0 33049
p 0 213 33049
x 0 33050
p 0 203 33050
x 0 33051
p 0 180 33051
x 0 33052
p 0 210 33052
x 0 33053
p 0 208 33053
x 0 33054
p 0 206 33054
x 0 33055
p 0 209 33055
x 0 33056
p 0 207 33056
x 0 33057
p 0 207 33057
x 0 33058
p 0 210 33058
x 0 33059
p 0 212 33059
x 0 33060
p 0 208 33060
x 0 33000
h 0 10.0.0.3
p 0 495 33000
x 1 33001
h 1 10.0.0.3
p 1 203 33001
x 0 33002
p 0 207 33002
x 0 33003
p 0 211 33003
x 0 33004
p 0 204 33004
x 0 33005
p 0 203 33005
x 0 33006
p 0 202 33006
x 0 33007
p 0 176 33007
x 0 33008
p 0 258 33008
x 0 33009
p 0 211 33009
x 0 33010
p 0 205 33010
x 0 33011
p 0 207 33011
x 0 33012
p 0 208 33012
x 0 33013
p 0 211 33013
x 0 33014
p 0 208 33014
x 0 33015
p 0 187 33015
x 0 33016
p 0 209 33016
x 0 33017
p 0 209 33017
x 0 33018
p 0 185 33018
x 0 33019
p 0 206 33019
x 0 33020
p 0 246 33020
x 0 33021
p 0 291 33021
x 0 33022
p 0 181 33022
x 0 33023
p 0 181 33023
x 0 33024
p 0 208 33024
x 0 33025
p 0 207 33025
x 0 33026
p 0 187 33026
x 0 33027
p 0 209 33027
x 0 33028
p 0 208 33028
x 0 33029
p 0 185 33029
x 0 33030
p 0 205 33030
x 0 33031
p 0 213 33031
x 0 33032
p 0 269 33032
x 0 33033
p 0 248 33033
x 0 33034
p 0 246 33034
x 0 33035
p 0 264 33035
x 0 33036
p 0 212 33036
x 0 33037
p 0 209 33037
x 0 33038
p 0 242 33038
x 0 33039
p 0 206 33039
x 0 33040
p 0 211 33040
x 0 33041
p 0 215 33041
x 0 33042
p 0 210 33042
x 0 33043
p 0 214 33043
x 0 33044
p 0 207 33044
x 0 33045
p 0 235 33045
x 0 33046
p 0 252 33046
x 0 33047
p 0 207 33047
x 0 33048
p 0 207 33048
x 0 33049
p 0 211 33049
x 0 33050
p 0 206 33050
x 0 33051
p 0 206 33051
x 0 33052
p 0 239 33052
x 0 33053
p 0 244 33053
x 0 33054
p 0 208 33054
x 0 33055
p 0 206 33055
x 0 33056
p 0 209 33056
x 0 33057
p 0 215 33057
x 0 33058
p 0 206 33058
x 0 33059
p 0 210 33059
x 0 33060
p 0 249 33060
x 0 33000
h 0 10.0.0.3
p 0 488 33000
x 1 33001
h 1 10.0.0.3
p 1 203 33001
x 0 33002
p 0 206 33002
x 0 33003
p 0 205 33003
x 0 33004
p 0 206 33004
x 0 33005
p 0 206 33005
x 0 33006
p 0 175 33006
x 0 33007
p 0 176 33007
x 0 33008
p 0 173 33008
x 0 33009
p 0 174 33009
x 0 33010
p 0 182 33010
x 0 33011
p 0 175 33011
x 0 33012
p 0 174 33012
x 0 33013
p 0 174 33013
x 0 33014
p 0 172 33014
x 0 33015
p 0 171 33015
x 0 33016
p 0 172 33016
x 0 33017
p 0 171 33017
x 0 33018
p 0 173 33018
x 0 33019
p 0 175 33019
x 0 33020
p 0 208 33020
x 0 33021
p 0 171 33021
x 0 33022
p 0 172 33022
x 0 33023
p 0 173 33023
x 0 33024
p 0 176 33024
x 0 33025
p 0 171 33025
x 0 33026
p 0 171 33026
x 0 33027
p 0 167 33027
x 0 33028
p 0 185 33028
x 0 33029
p 0 173 33029
x 0 33030
p 0 184 33030
x 0 33031
p 0 205 33031
x 0 33032
p 0 202 33032
x 0 33033
p 0 206 33033
x 0 33034
p 0 234 33034
x 0 33035
p 0 204 33035
x 0 33036
p 0 200 33036
x 0 33037
p 0 200 33037
x 0 33038
p 0 201 33038
x 0 33039
p 0 202 33039
x 0 33040
p 0 202 33040
x 0 33041
p 0 297 33041
x 0 33042
p 0 296 33042
x 0 33043
p 0 201 33043
x 0 33044
p 0 201 33044
x 0 33045
p 0 200 33045
x 0 33046
p 0 201 33046
x 0 33047
p 0 199 33047
x 0 33048
p 0 173 33048
x 0 33049
p 0 206 33049
x 0 33050
p 0 204 33050
x 0 33051
p 0 201 33051
x 0 33052
p 0 172 33052
x 0 33053
p 0 206 33053
x 0 33054
p 0 201 33054
x 0 33055
p 0 202 33055
x 0 33056
p 0 172 33056
x 0 33057
p 0 205 33057
x 0 33058
p 0 202 33058
x 0 33059
p 0 174 33059
x 0 33060
p 0 171 33060
x 0 33000
h 0 10.0.0.3
p 0 475 33000
x 1 33001
h 1 10.0.0.3
p 1 201 33001
x 0 33002
p 0 204 33002
x 0 33003
p 0 209 33003
x 0 33004
p 0 204 33004
x 0 33005
p 0 202 33005
x 0 33006
p 0 199 33006
x 0 33007
p 0 200 33007
x 0 33008
p 0 177 33008
x 0 33009
p 0 204 33009
x 0 33010
p 0 201 33010
x 0 33011
p 0 198 33011
x 0 33012
p 0 201 33012
x 0 33013
p 0 201 33013
x 0 33014
p 0 200 33014
x 0 33015
p 0 201 33015
x 0 33016
p 0 201 33016
x 0 33017
p 0 199 33017
x 0 33018
p 0 201 33018
x 0 33019
p 0 200 33019
x 0 33020
p 0 204 33020
x 0 33021
p 0 201 33021
x 0 33022
p 0 202 33022
x 0 33023
p 0 202 33023
x 0 33024
p 0 253 33024
x 0 33025
p 0 201 33025
x 0 33026
p 0 200 33026
x 0 33027
p 0 199 33027
x 0 33028
p 0 198 33028
x 0 33029
p 0 197 33029
x 0 33030
p 0 198 33030
x 0 33031
p 0 196 33031
x 0 33032
p 0 197 33032
x 0 33033
p 0 169 33033
x 0 33034
p 0 199 33034
x 0 33035
p 0 175 33035
x 0 33036
p 0 197 33036
x 0 33037
p 0 199 33037
x 0 33038
p 0 169 33038
x 0 33039
p 0 201 33039
x 0 33040
p 0 172 33040
x 0 33041
p 0 202 33041
x 0 33042
p 0 200 33042
x 0 33043
p 0 172 33043
x 0 33044
p 0 173 33044
x 0 33045
p 0 204 33045
x 0 33046
p 0 169 33046
x 0 33047
p 0 171 33047
x 0 33048
p 0 168 33048
x 0 33049
p 0 166 33049
x 0 33050
p 0 169 33050
x 0 33051
p 0 168 33051
x 0 33052
p 0 166 33052
x 0 33053
p 0 169 33053
x 0 33054
p 0 166 33054
x 0 33055
p 0 167 33055
x 0 33056
p 0 162 33056
x 0 33057
p 0 154 33057
x 0 33058
p 0 157 33058
x 0 33059
p 0 198 33059
x 0 33060
p 0 165 33060
x 0 33000
h 0 10.0.0.3
p 0 706 33000
x 1 33001
h 1 10.0.0.3
p 1 204 33001
x 0 33002
p 0 208 33002
x 0 33003
p 0 122 33003
x 0 33004
p 0 208 33004
x 0 33005
p 0 207 33005
x 0 33006
p 0 210 33006
x 0 33007
p 0 213 33007
x 0 33008
p 0 209 33008
x 0 33009
p 0 208 33009
x 0 33010
p 0 186 33010
x 0 33011
p 0 212 33011
x 0 33012
p 0 183 33012
x 0 33013
p 0 187 33013
x 0 33014
p 0 243 33014
x 0 33015
p 0 281 33015
x 0 33016
p 0 191 33016
x 0 33017
p 0 205 33017
x 0 33018
p 0 209 33018
x 0 33019
p 0 207 33019
x 0 33020
p 0 178 33020
x 0 33021
p 0 206 33021
x 0 33022
p 0 208 33022
x 0 33023
p 0 211 33023
x 0 33024
p 0 211 33024
x 0 33025
p 0 208 33025
x 0 33026
p 0 208 33026
x 0 33027
p 0 209 33027
x 0 33028
p 0 211 33028
x 0 33029
p 0 181 33029
x 0 33030
p 0 277 33030
x 0 33031
p 0 215 33031
x 0 33032
p 0 211 33032
x 0 33033
p 0 214 33033
x 0 33034
p 0 211 33034
x 0 33035
p 0 214 33035
x 0 33036
p 0 208 33036
x 0 33037
p 0 207 33037
x 0 33038
p 0 208 33038
x 0 33039
p 0 244 33039
x 0 33040
p 0 273 33040
x 0 33041
p 0 209 33041
x 0 33042
p 0 230 33042
x 0 33043
p 0 213 33043
x 0 33044
p 0 211 33044
x 0 33045
p 0 208 33045
x 0 33046
p 0 207 33046
x 0 33047
p 0 211 33047
x 0 33048
p 0 182 33048
x 0 33049
p 0 211 33049
x 0 33050
p 0 211 33050
x 0 33051
p 0 206 33051
x 0 33052
p 0 205 33052
x 0 33053
p 0 286 33053
x 0 33054
p 0 211 33054
x 0 33055
p 0 213 33055
x 0 33056
p 0 191 33056
x 0 33057
p 0 205 33057
x 0 33058
p 0 321 33058
x 0 33059
p 0 276 33059
x 0 33060
p 0 278 33060
x 0 33000
h 0 10.0.0.3
p 0 728 33000
x 1 33001
h 1 10.0.0.3
p 1 257 33001
x 0 33002
p 0 212 33002
x 0 33003
p 0 210 33003
x 0 33004
p 0 206 33004
x 0 33005
p 0 205 33005
x 0 33006
p 0 277 33006
x 0 33007
p 0 180 33007
x 0 33008
p 0 179 33008
x 0 33009
p 0 178 33009
x 0 33010
p 0 183 33010
x 0 33011
p 0 178 33011
x 0 33012
p 0 215 33012
x 0 33013
p 0 218 33013
x 0 33014
p 0 182 33014
x 0 33015
p 0 332 33015
x 0 33016
p 0 213 33016
x 0 33017
p 0 207 33017
x 0 33018
p 0 213 33018
x 0 33019
p 0 284 33019
x 0 33020
p 0 245 33020
x 0 33021
p 0 244 33021
x 0 33022
p 0 206 33022
x 0 33023
p 0 209 33023
x 0 33024
p 0 209 33024
x 0 33025
p 0 207 33025
x 0 33026
p 0 207 33026
x 0 33027
p 0 204 33027
x 0 33028
p 0 208 33028
x 0 33029
p 0 209 33029
x 0 33030
p 0 206 33030
x 0 33031
p 0 204 33031
x 0 33032
p 0 316 33032
x 0 33033
p 0 290 33033
x 0 33034
p 0 242 33034
x 0 33035
p 0 210 33035
x 0 33036
p 0 208 33036
x 0 33037
p 0 207 33037
x 0 33038
p 0 210 33038
x 0 33039
p 0 207 33039
x 0 33040
p 0 207 33040
x 0 33041
p 0 284 33041
x 0 33042
p 0 262 33042
x 0 33043
p 0 216 33043
x 0 33044
p 0 211 33044
x 0 33045
p 0 211 33045
x 0 33046
p 0 213 33046
x 0 33047
p 0 211 33047
x 0 33048
p 0 246 33048
x 0 33049
p 0 210 33049
x 0 33050
p 0 210 33050
x 0 33051
p 0 208 33051
x 0 33052
p 0 204 33052
x 0 33053
p 0 207 33053
x 0 33054
p 0 202 33054
x 0 33055
p 0 211 33055
x 0 33056
p 0 316 33056
x 0 33057
p 0 211 33057
x 0 33058
p 0 215 33058
x 0 33059
p 0 210 33059
x 0 33060
p 0 212 33060
x 0 33000
h 0 10.0.0.3
p 0 545 33000
x 1 33001
h 1 10.0.0.3
p 1 252 33001
x 0 33002
p 0 207 33002
x 0 33003
p 0 235 33003
x 0 33004
p 0 228 33004
x 0 33005
p 0 205 33005
x 0 33006
p 0 206 33006
x 0 33007
p 0 209 33007
x 0 33008
p 0 214 33008
x 0 33009
p 0 207 33009
x 0 33010
p 0 238 33010
x 0 33011
p 0 255 33011
x 0 33012
p 0 208 33012
x 0 33013
p 0 207 33013
x 0 33014
p 0 202 33014
x 0 33015
p 0 210 33015
x 0 33016
p 0 212 33016
x 0 33017
p 0 232 33017
x 0 33018
p 0 269 33018
x 0 33019
p 0 207 33019
x 0 33020
p 0 210 33020
x 0 33021
p 0 209 33021
x 0 33022
p 0 202 33022
x 0 33023
p 0 213 33023
x 0 33024
p 0 209 33024
x 0 33025
p 0 212 33025
x 0 33026
p 0 209 33026
x 0 33027
p 0 203 33027
x 0 33028
p 0 212 33028
x 0 33029
p 0 207 33029
x 0 33030
p 0 209 33030
x 0 33031
p 0 242 33031
x 0 33032
p 0 203 33032
x 0 33033
p 0 215 33033
x 0 33034
p 0 210 33034
x 0 33035
p 0 209 33035
x 0 33036
p 0 211 33036
x 0 33037
p 0 208 33037
x 0 33038
p 0 210 33038
x 0 33039
p 0 205 33039
x 0 33040
p 0 210 33040
x 0 33041
p 0 203 33041
x 0 33042
p 0 204 33042
x 0 33043
p 0 209 33043
x 0 33044
p 0 159 33044
x 0 33045
p 0 148 33045
x 0 33046
p 0 224 33046
x 0 33047
p 0 145 33047
x 0 33048
p 0 145 33048
x 0 33049
p 0 265 33049
x 0 33050
p 0 154 33050
x 0 33051
p 0 210 33051
x 0 33052
p 0 151 33052
x 0 33053
p 0 243 33053
x 0 33054
p 0 162 33054
x 0 33055
p 0 125 33055
x 0 33056
p 0 219 33056
x 0 33057
p 0 150 33057
x 0 33058
p 0 158 33058
x 0 33059
p 0 209 33059
x 0 33060
p 0 205 33060
x 0 33000
h 0 10.0.0.3
p 0 593 33000
x 1 33001
h 1 10.0.0.3
p 1 260 33001
x 0 33002
p 0 204 33002
x 0 33003
p 0 266 33003
x 0 33004
p 0 242 33004
x 0 33005
p 0 206 33005
x 0 33006
p 0 205 33006
x 0 33007
p 0 202 33007
x 0 33008
p 0 202 33008
x 0 33009
p 0 227 33009
x 0 33010
p 0 203 33010
x 0 33011
p 0 202 33011
x 0 33012
p 0 200 33012
x 0 33013
p 0 199 33013
x 0 33014
p 0 229 33014
x 0 33015
p 0 198 33015
x 0 33016
p 0 201 33016
x 0 33017
p 0 201 33017
x 0 33018
p 0 203 33018
x 0 33019
p 0 199 33019
x 0 33020
p 0 200 33020
x 0 33021
p 0 200 33021
x 0 33022
p 0 232 33022
x 0 33023
p 0 199 33023
x 0 33024
p 0 198 33024
x 0 33025
p 0 206 33025
x 0 33026
p 0 204 33026
x 0 33027
p 0 199 33027
x 0 33028
p 0 203 33028
x 0 33029
p 0 172 33029
x 0 33030
p 0 203 33030
x 0 33031
p 0 200 33031
x 0 33032
p 0 204 33032
x 0 33033
p 0 202 33033
x 0 33034
p 0 200 33034
x 0 33035
p 0 202 33035
x 0 33036
p 0 203 33036
x 0 33037
p 0 201 33037
x 0 33038
p 0 202 33038
x 0 33039
p 0 199 33039
x 0 33040
p 0 202 33040
x 0 33041
p 0 200 33041
x 0 33042
p 0 242 33042
x 0 33043
p 0 201 33043
x 0 33044
p 0 201 33044
x 0 33045
p 0 203 33045
x 0 33046
p 0 202 33046
x 0 33047
p 0 293 33047
x 0 33048
p 0 204 33048
x 0 33049
p 0 199 33049
x 0 33050
p 0 190 33050
x 0 33051
p 0 203 33051
x 0 33052
p 0 201 33052
x 0 33053
p 0 203 33053
x 0 33054
p 0 202 33054
x 0 33055
p 0 200 33055
x 0 33056
p 0 179 33056
x 0 33057
p 0 169 33057
x 0 33058
p 0 203 33058
x 0 33059
p 0 200 33059
x 0 33060
p 0 200 33060
x 0 33000
h 0 10.0.0.3
p 0 740 33000
x 1 33001
h 1 10.0.0.3
p 1 355 33001
x 0 33002
p 0 212 33002
x 0 33003
p 0 208 33003
x 0 33004
p 0 206 33004
x 0 33005
p 0 206 33005
x 0 33006
p 0 222 33006
x 0 33007
p 0 172 33007
x 0 33008
p 0 170 33008
x 0 33009
p 0 173 33009
x 0 33010
p 0 174 33010
x 0 33011
p 0 176 33011
x 0 33012
p 0 172 33012
x 0 33013
p 0 180 33013
x 0 33014
p 0 158 33014
x 0 33015
p 0 175 33015
x 0 33016
p 0 173 33016
x 0 33017
p 0 179 33017
x 0 33018
p 0 196 33018
x 0 33019
p 0 174 33019
x 0 33020
p 0 180 33020
x 0 33021
p 0 175 33021
x 0 33022
p 0 172 33022
x 0 33023
p 0 174 33023
x 0 33024
p 0 169 33024
x 0 33025
p 0 175 33025
x 0 33026
p 0 174 33026
x 0 33027
p 0 180 33027
x 0 33028
p 0 174 33028
x 0 33029
p 0 190 33029
x 0 33030
p 0 203 33030
x 0 33031
p 0 203 33031
x 0 33032
p 0 207 33032
x 0 33033
p 0 178 33033
x 0 33034
p 0 177 33034
x 0 33035
p 0 192 33035
x 0 33036
p 0 170 33036
x 0 33037
p 0 173 33037
x 0 33038
p 0 173 33038
x 0 33039
p 0 170 33039
x 0 33040
p 0 167 33040
x 0 33041
p 0 175 33041
x 0 33042
p 0 173 33042
x 0 33043
p 0 207 33043
x 0 33044
p 0 224 33044
x 0 33045
p 0 261 33045
x 0 33046
p 0 267 33046
x 0 33047
p 0 356 33047
x 0 33048
p 0 348 33048
x 0 33049
p 0 402 33049
x 0 33050
p 0 392 33050
x 0 33051
p 0 376 33051
x 0 33052
p 0 411 33052
x 0 33053
p 0 390 33053
x 0 33054
p 0 411 33054
x 0 33055
p 0 429 33055
x 0 33056
p 0 329 33056
x 0 33057
p 0 115 33057
x 0 33058
p 0 177 33058
x 0 33059
p 0 202 33059
x 0 33060
p 0 199 33060
x 0 33000
h 0 10.0.0.3
p 0 852 33000
x 1 33001
h 1 10.0.0.3
p 1 224 33001
x 0 33002
p 0 224 33002
x 0 33003
p 0 218 33003
x 0 33004
p 0 217 33004
x 0 33005
p 0 218 33005
x 0 33006
p 0 206 33006
x 0 33007
p 0 202 33007
x 0 33008
p 0 220 33008
x 0 33009
p 0 163 33009
x 0 33010
p 0 163 33010
x 0 33011
p 0 164 33011
x 0 33012
p 0 164 33012
x 0 33013
p 0 165 33013
x 0 33014
p 0 159 33014
x 0 33015
p 0 155 33015
x 0 33016
p 0 156 33016
x 0 33017
p 0 165 33017
x 0 33018
p 0 248 33018
x 0 33019
p 0 165 33019
x 0 33020
p 0 173 33020
x 0 33021
p 0 242 33021
x 0 33022
p 0 282 33022
x 0 33023
p 0 231 33023
x 0 33024
p 0 227 33024
x 0 33025
p 0 225 33025
x 0 33026
p 0 251 33026
x 0 33027
p 0 236 33027
x 0 33028
p 0 265 33028
x 0 33029
p 0 276 33029
x 0 33030
p 0 226 33030
x 0 33031
p 0 226 33031
x 0 33032
p 0 232 33032
x 0 33033
p 0 217 33033
x 0 33034
p 0 221 33034
x 0 33035
p 0 247 33035
x 0 33036
p 0 266 33036
x 0 33037
p 0 226 33037
x 0 33038
p 0 217 33038
x 0 33039
p 0 227 33039
x 0 33040
p 0 224 33040
x 0 33041
p 0 221 33041
x 0 33042
p 0 249 33042
x 0 33043
p 0 279 33043
x 0 33044
p 0 221 33044
x 0 33045
p 0 234 33045
x 0 33046
p 0 224 33046
x 0 33047
p 0 234 33047
x 0 33048
p 0 221 33048
x 0 33049
p 0 247 33049
x 0 33050
p 0 262 33050
x 0 33051
p 0 214 33051
x 0 33052
p 0 221 33052
x 0 33053
p 0 220 33053
x 0 33054
p 0 257 33054
x 0 33055
p 0 216 33055
x 0 33056
p 0 249 33056
x 0 33057
p 0 225 33057
x 0 33058
p 0 219 33058
x 0 33059
p 0 217 33059
x 0 33060
p 0 215 33060
x 0 33000
h 0 10.0.0.3
p 0 604 33000
x 1 33001
h 1 10.0.0.3
p 1 204 33001
x 0 33002
p 0 185 33002
x 0 33003
p 0 204 33003
x 0 33004
p 0 206 33004
x 0 33005
p 0 294 33005
x 0 33006
p 0 205 33006
x 0 33007
p 0 179 33007
x 0 33008
p 0 200 33008
x 0 33009
p 0 205 33009
x 0 33010
p 0 201 33010
x 0 33011
p 0 174 33011
x 0 33012
p 0 198 33012
x 0 33013
p 0 201 33013
x 0 33014
p 0 200 33014
x 0 33015
p 0 201 33015
x 0 33016
p 0 202 33016
x 0 33017
p 0 199 33017
x 0 33018
p 0 205 33018
x 0 33019
p 0 183 33019
x 0 33020
p 0 206 33020
x 0 33021
p 0 208 33021
x 0 33022
p 0 180 33022
x 0 33023
p 0 492 33023
x 0 33024
p 0 242 33024
x 0 33025
p 0 209 33025
x 0 33026
p 0 208 33026
x 0 33027
p 0 211 33027
x 0 33028
p 0 199 33028
x 0 33029
p 0 201 33029
x 0 33030
p 0 200 33030
x 0 33031
p 0 171 33031
x 0 33032
p 0 173 33032
x 0 33033
p 0 201 33033
x 0 33034
p 0 206 33034
x 0 33035
p 0 177 33035
x 0 33036
p 0 178 33036
x 0 33037
p 0 211 33037
x 0 33038
p 0 204 33038
x 0 33039
p 0 175 33039
x 0 33040
p 0 181 33040
x 0 33041
p 0 179 33041
x 0 33042
p 0 207 33042
x 0 33043
p 0 176 33043
x 0 33044
p 0 177 33044
x 0 33045
p 0 205 33045
x 0 33046
p 0 202 33046
x 0 33047
p 0 195 33047
x 0 33048
p 0 264 33048
x 0 33049
p 0 260 33049
x 0 33050
p 0 399 33050
x 0 33051
p 0 278 33051
x 0 33052
p 0 265 33052
x 0 33053
p 0 401 33053
x 0 33054
p 0 302 33054
x 0 33055
p 0 320 33055
x 0 33056
p 0 182 33056
x 0 33057
p 0 350 33057
x 0 33058
p 0 296 33058
x 0 33059
p 0 202 33059
x 0 33060
p 0 1114 33060
x 0 33000
h 0 10.0.0.3
p 0 617 33000
x 1 33001
h 1 10.0.0.3
p 1 235 33001
x 0 33002
p 0 101 33002
x 0 33003
p 0 173 33003
x 0 33004
p 0 304 33004
x 0 33005
p 0 208 33005
x 0 33006
p 0 205 33006
x 0 33007
p 0 207 33007
x 0 33008
p 0 201 33008
x 0 33009
p 0 205 33009
x 0 33010
p 0 243 33010
x 0 33011
p 0 203 33011
x 0 33012
p 0 201 33012
x 0 33013
p 0 210 33013
x 0 33014
p 0 210 33014
x 0 33015
p 0 210 33015
x 0 33016
p 0 208 33016
x 0 33017
p 0 213 33017
x 0 33018
p 0 210 33018
x 0 33019
p 0 210 33019
x 0 33020
p 0 210 33020
x 0 33021
p 0 211 33021
x 0 33022
p 0 210 33022
x 0 33023
p 0 212 33023
x 0 33024
p 0 204 33024
x 0 33025
p 0 203 33025
x 0 33026
p 0 203 33026
x 0 33027
p 0 244 33027
x 0 33028
p 0 206 33028
x 0 33029
p 0 206 33029
x 0 33030
p 0 189 33030
x 0 33031
p 0 210 33031
x 0 33032
p 0 213 33032
x 0 33033
p 0 300 33033
x 0 33034
p 0 210 33034
x 0 33035
p 0 313 33035
x 0 33036
p 0 226 33036
x 0 33037
p 0 214 33037
x 0 33038
p 0 211 33038
x 0 33039
p 0 312 33039
x 0 33040
p 0 187 33040
x 0 33041
p 0 244 33041
x 0 33042
p 0 369 33042
x 0 33043
p 0 175 33043
x 0 33044
p 0 186 33044
x 0 33045
p 0 210 33045
x 0 33046
p 0 209 33046
x 0 33047
p 0 187 33047
x 0 33048
p 0 288 33048
x 0 33049
p 0 215 33049
x 0 33050
p 0 179 33050
x 0 33051
p 0 178 33051
x 0 33052
p 0 181 33052
x 0 33053
p 0 203 33053
x 0 33054
p 0 217 33054
x 0 33055
p 0 212 33055
x 0 33056
p 0 211 33056
x 0 33057
p 0 213 33057
x 0 33058
p 0 207 33058
x 0 33059
p 0 178 33059
x 0 33060
p 0 215 33060
x 0 33000
h 0 10.0.0.3
p 0 399 33000
x 1 33001
h 1 10.0.0.3
p 1 153 33001
x 0 33002
p 0 249 33002
x 0 33003
p 0 207 33003
x 0 33004
p 0 205 33004
x 0 33005
p 0 208 33005
x 0 33006
p 0 209 33006
x 0 33007
p 0 253 33007
x 0 33008
p 0 212 33008
x 0 33009
p 0 207 33009
x 0 33010
p 0 209 33010
x 0 33011
p 0 207 33011
x 0 33012
p 0 209 33012
x 0 33013
p 0 209 33013
x 0 33014
p 0 206 33014
x 0 33015
p 0 209 33015
x 0 33016
p 0 208 33016
x 0 33017
p 0 208 33017
x 0 33018
p 0 208 33018
x 0 33019
p 0 205 33019
x 0 33020
p 0 207 33020
x 0 33021
p 0 211 33021
x 0 33022
p 0 212 33022
x 0 33023
p 0 215 33023
x 0 33024
p 0 208 33024
x 0 33025
p 0 189 33025
x 0 33026
p 0 208 33026
x 0 33027
p 0 212 33027
x 0 33028
p 0 318 33028
x 0 33029
p 0 207 33029
x 0 33030
p 0 208 33030
x 0 33031
p 0 211 33031
x 0 33032
p 0 206 33032
x 0 33033
p 0 207 33033
x 0 33034
p 0 208 33034
x 0 33035
p 0 211 33035
x 0 33036
p 0 211 33036
x 0 33037
p 0 205 33037
x 0 33038
p 0 235 33038
x 0 33039
p 0 206 33039
x 0 33040
p 0 209 33040
x 0 33041
p 0 210 33041
x 0 33042
p 0 214 33042
x 0 33043
p 0 189 33043
x 0 33044
p 0 217 33044
x 0 33045
p 0 189 33045
x 0 33046
p 0 239 33046
x 0 33047
p 0 192 33047
x 0 33048
p 0 223 33048
x 0 33049
p 0 215 33049
x 0 33050
p 0 214 33050
x 0 33051
p 0 218 33051
x 0 33052
p 0 214 33052
x 0 33053
p 0 241 33053
x 0 33054
p 0 210 33054
x 0 33055
p 0 207 33055
x 0 33056
p 0 208 33056
x 0 33057
p 0 210 33057
x 0 33058
p 0 208 33058
x 0 33059
p 0 209 33059
x 0 33060
p 0 245 33060
x 0 33000
h 0 10.0.0.3
p 0 695 33000
x 1 33001
h 1 10.0.0.3
p 1 236 33001
x 0 33002
p 0 200 33002
x 0 33003
p 0 208 33003
x 0 33004
p 0 171 33004
x 0 33005
p 0 212 33005
x 0 33006
p 0 210 33006
x 0 33007
p 0 206 33007
x 0 33008
p 0 205 33008
x 0 33009
p 0 203 33009
x 0 33010
p 0 203 33010
x 0 33011
p 0 205 33011
x 0 33012
p 0 201 33012
x 0 33013
p 0 200 33013
x 0 33014
p 0 201 33014
x 0 33015
p 0 204 33015
x 0 33016
p 0 203 33016
x 0 33017
p 0 143 33017
x 0 33018
p 0 70 33018
x 0 33019
p 0 201 33019
x 0 33020
p 0 208 33020
x 0 33021
p 0 164 33021
x 0 33022
p 0 174 33022
x 0 33023
p 0 169 33023
x 0 33024
p 0 168 33024
x 0 33025
p 0 167 33025
x 0 33026
p 0 177 33026
x 0 33027
p 0 157 33027
x 0 33028
p 0 206 33028
x 0 33029
p 0 294 33029
x 0 33030
p 0 172 33030
x 0 33031
p 0 182 33031
x 0 33032
p 0 185 33032
x 0 33033
p 0 285 33033
x 0 33034
p 0 147 33034
x 0 33035
p 0 180 33035
x 0 33036
p 0 181 33036
x 0 33037
p 0 170 33037
x 0 33038
p 0 288 33038
x 0 33039
p 0 149 33039
x 0 33040
p 0 165 33040
x 0 33041
p 0 423 33041
x 0 33042
p 0 169 33042
x 0 33043
p 0 258 33043
x 0 33044
p 0 177 33044
x 0 33045
p 0 240 33045
x 0 33046
p 0 239 33046
x 0 33047
p 0 467 33047
x 0 33048
p 0 213 33048
x 0 33049
p 0 210 33049
x 0 33050
p 0 205 33050
x 0 33051
p 0 206 33051
x 0 33052
p 0 209 33052
x 0 33053
p 0 203 33053
x 0 33054
p 0 201 33054
x 0 33055
p 0 204 33055
x 0 33056
p 0 263 33056
x 0 33057
p 0 165 33057
x 0 33058
p 0 164 33058
x 0 33059
p 0 252 33059
x 0 33060
p 0 192 33060
x 0 33000
h 0 10.0.0.3
p 0 694 33000
x 1 33001
h 1 10.0.0.3
p 1 220 33001
x 0 33002
p 0 244 33002
x 0 33003
p 0 205 33003
x 0 33004
p 0 224 33004
x 0 33005
p 0 206 33005
x 0 33006
p 0 206 33006
x 0 33007
p 0 202 33007
x 0 33008
p 0 201 33008
x 0 33009
p 0 205 33009
x 0 33010
p 0 202 33010
x 0 33011
p 0 201 33011
x 0 33012
p 0 175 33012
x 0 33013
p 0 202 33013
x 0 33014
p 0 202 33014
x 0 33015
p 0 200 33015
x 0 33016
p 0 202 33016
x 0 33017
p 0 233 33017
x 0 33018
p 0 201 33018
x 0 33019
p 0 202 33019
x 0 33020
p 0 200 33020
x 0 33021
p 0 201 33021
x 0 33022
p 0 206 33022
x 0 33023
p 0 200 33023
x 0 33024
p 0 204 33024
x 0 33025
p 0 207 33025
x 0 33026
p 0 202 33026
x 0 33027
p 0 206 33027
x 0 33028
p 0 204 33028
x 0 33029
p 0 204 33029
x 0 33030
p 0 202 33030
x 0 33031
p 0 207 33031
x 0 33032
p 0 215 33032
x 0 33033
p 0 207 33033
x 0 33034
p 0 210 33034
x 0 33035
p 0 208 33035
x 0 33036
p 0 205 33036
x 0 33037
p 0 177 33037
x 0 33038
p 0 222 33038
x 0 33039
p 0 206 33039
x 0 33040
p 0 208 33040
x 0 33041
p 0 207 33041
x 0 33042
p 0 209 33042
x 0 33043
p 0 206 33043
x 0 33044
p 0 202 33044
x 0 33045
p 0 201 33045
x 0 33046
p 0 204 33046
x 0 33047
p 0 209 33047
x 0 33048
p 0 203 33048
x 0 33049
p 0 204 33049
x 0 33050
p 0 207 33050
x 0 33051
p 0 206 33051
x 0 33052
p 0 204 33052
x 0 33053
p 0 203 33053
x 0 33054
p 0 206 33054
x 0 33055
p 0 202 33055
x 0 33056
p 0 208 33056
x 0 33057
p 0 207 33057
x 0 33058
p 0 203 33058
x 0 33059
p 0 209 33059
x 0 33060
p 0 205 33060
x 0 33000
h 0 10.0.0.3
p 0 958 33000
x 1 33001
h 1 10.0.0.3
p 1 227 33001
x 0 33002
p 0 132 33002
x 0 33003
p 0 238 33003
x 0 33004
p 0 247 33004
x 0 33005
p 0 201 33005
x 0 33006
p 0 202 33006
x 0 33007
p 0 216 33007
x 0 33008
p 0 204 33008
x 0 33009
p 0 203 33009
x 0 33010
p 0 205 33010
x 0 33011
p 0 234 33011
x 0 33012
p 0 238 33012
x 0 33013
p 0 204 33013
x 0 33014
p 0 104 33014
x 0 33015
p 0 206 33015
x 0 33016
p 0 205 33016
x 0 33017
p 0 208 33017
x 0 33018
p 0 202 33018
x 0 33019
p 0 237 33019
x 0 33020
p 0 206 33020
x 0 33021
p 0 220 33021
x 0 33022
p 0 208 33022
x 0 33023
p 0 206 33023
x 0 33024
p 0 207 33024
x 0 33025
p 0 203 33025
x 0 33026
p 0 213 33026
x 0 33027
p 0 211 33027
x 0 33028
p 0 248 33028
x 0 33029
p 0 205 33029
x 0 33030
p 0 203 33030
x 0 33031
p 0 203 33031
x 0 33032
p 0 208 33032
x 0 33033
p 0 205 33033
x 0 33034
p 0 206 33034
x 0 33035
p 0 254 33035
x 0 33036
p 0 205 33036
x 0 33037
p 0 203 33037
x 0 33038
p 0 204 33038
x 0 33039
p 0 202 33039
x 0 33040
p 0 209 33040
x 0 33041
p 0 171 33041
x 0 33042
p 0 214 33042
x 0 33043
p 0 203 33043
x 0 33044
p 0 202 33044
x 0 33045
p 0 252 33045
x 0 33046
p 0 201 33046
x 0 33047
p 0 185 33047
x 0 33048
p 0 203 33048
x 0 33049
p 0 200 33049
x 0 33050
p 0 209 33050
x 0 33051
p 0 203 33051
x 0 33052
p 0 224 33052
x 0 33053
p 0 203 33053
x 0 33054
p 0 202 33054
x 0 33055
p 0 199 33055
x 0 33056
p 0 201 33056
x 0 33057
p 0 239 33057
x 0 33058
p 0 202 33058
x 0 33059
p 0 203 33059
x 0 33060
p 0 232 33060
x 0 33000
h 0 10.0.0.3
p 0 678 33000
x 1 33001
h 1 10.0.0.3
p 1 204 33001
x 0 33002
p 0 206 33002
x 0 33003
p 0 205 33003
x 0 33004
p 0 204 33004
x 0 33005
p 0 213 33005
x 0 33006
p 0 211 33006
x 0 33007
p 0 212 33007
x 0 33008
p 0 327 33008
x 0 33009
p 0 226 33009
x 0 33010
p 0 207 33010
x 0 33011
p 0 211 33011
x 0 33012
p 0 215 33012
x 0 33013
p 0 209 33013
x 0 33014
p 0 210 33014
x 0 33015
p 0 215 33015
x 0 33016
p 0 160 33016
x 0 33017
p 0 202 33017
x 0 33018
p 0 165 33018
x 0 33019
p 0 162 33019
x 0 33020
p 0 157 33020
x 0 33021
p 0 204 33021
x 0 33022
p 0 195 33022
x 0 33023
p 0 175 33023
x 0 33024
p 0 166 33024
x 0 33025
p 0 209 33025
x 0 33026
p 0 168 33026
x 0 33027
p 0 173 33027
x 0 33028
p 0 168 33028
x 0 33029
p 0 224 33029
x 0 33030
p 0 168 33030
x 0 33031
p 0 174 33031
x 0 33032
p 0 171 33032
x 0 33033
p 0 204 33033
x 0 33034
p 0 163 33034
x 0 33035
p 0 164 33035
x 0 33036
p 0 163 33036
x 0 33037
p 0 209 33037
x 0 33038
p 0 168 33038
x 0 33039
p 0 166 33039
x 0 33040
p 0 168 33040
x 0 33041
p 0 197 33041
x 0 33042
p 0 165 33042
x 0 33043
p 0 163 33043
x 0 33044
p 0 161 33044
x 0 33045
p 0 191 33045
x 0 33046
p 0 159 33046
x 0 33047
p 0 162 33047
x 0 33048
p 0 160 33048
x 0 33049
p 0 192 33049
x 0 33050
p 0 160 33050
x 0 33051
p 0 158 33051
x 0 33052
p 0 157 33052
x 0 33053
p 0 194 33053
x 0 33054
p 0 160 33054
x 0 33055
p 0 159 33055
x 0 33056
p 0 158 33056
x 0 33057
p 0 195 33057
x 0 33058
p 0 161 33058
x 0 33059
p 0 160 33059
x 0 33060
p 0 156 33060
x 0 33000
h 0 10.0.0.3
p 0 862 33000
x 1 33001
h 1 10.0.0.3
p 1 206 33001
x 0 33002
p 0 209 33002
x 0 33003
p 0 210 33003
x 0 33004
p 0 214 33004
x 0 33005
p 0 209 33005
x 0 33006
p 0 209 33006
x 0 33007
p 0 241 33007
x 0 33008
p 0 204 33008
x 0 33009
p 0 204 33009
x 0 33010
p 0 206 33010
x 0 33011
p 0 206 33011
x 0 33012
p 0 205 33012
x 0 33013
p 0 204 33013
x 0 33014
p 0 202 33014
x 0 33015
p 0 203 33015
x 0 33016
p 0 206 33016
x 0 33017
p 0 208 33017
x 0 33018
p 0 202 33018
x 0 33019
p 0 209 33019
x 0 33020
p 0 211 33020
x 0 33021
p 0 203 33021
x 0 33022
p 0 181 33022
x 0 33023
p 0 204 33023
x 0 33024
p 0 204 33024
x 0 33025
p 0 207 33025
x 0 33026
p 0 177 33026
x 0 33027
p 0 179 33027
x 0 33028
p 0 205 33028
x 0 33029
p 0 174 33029
x 0 33030
p 0 175 33030
x 0 33031
p 0 174 33031
x 0 33032
p 0 210 33032
x 0 33033
p 0 183 33033
x 0 33034
p 0 176 33034
x 0 33035
p 0 176 33035
x 0 33036
p 0 173 33036
x 0 33037
p 0 176 33037
x 0 33038
p 0 175 33038
x 0 33039
p 0 172 33039
x 0 33040
p 0 171 33040
x 0 33041
p 0 172 33041
x 0 33042
p 0 164 33042
x 0 33043
p 0 161 33043
x 0 33044
p 0 168 33044
x 0 33045
p 0 270 33045
x 0 33046
p 0 157 33046
x 0 33047
p 0 175 33047
x 0 33048
p 0 163 33048
x 0 33049
p 0 165 33049
x 0 33050
p 0 269 33050
x 0 33051
p 0 166 33051
x 0 33052
p 0 177 33052
x 0 33053
p 0 178 33053
x 0 33054
p 0 204 33054
x 0 33055
p 0 174 33055
x 0 33056
p 0 208 33056
x 0 33057
p 0 180 33057
x 0 33058
p 0 308 33058
x 0 33059
p 0 284 33059
x 0 33060
p 0 175 33060
x 0 33000
h 0 10.0.0.3
p 0 433 33000
x 1 33001
h 1 10.0.0.3
p 1 205 33001
x 0 33002
p 0 170 33002
x 0 33003
p 0 249 33003
x 0 33004
p 0 182 33004
x 0 33005
p 0 182 33005
x 0 33006
p 0 177 33006
x 0 33007
p 0 179 33007
x 0 33008
p 0 202 33008
x 0 33009
p 0 202 33009
x 0 33010
p 0 202 33010
x 0 33011
p 0 239 33011
x 0 33012
p 0 204 33012
x 0 33013
p 0 202 33013
x 0 33014
p 0 208 33014
x 0 33015
p 0 203 33015
x 0 33016
p 0 204 33016
x 0 33017
p 0 205 33017
x 0 33018
p 0 206 33018
x 0 33019
p 0 123 33019
x 0 33020
p 0 206 33020
x 0 33021
p 0 185 33021
x 0 33022
p 0 210 33022
x 0 33023
p 0 204 33023
x 0 33024
p 0 202 33024
x 0 33025
p 0 203 33025
x 0 33026
p 0 203 33026
x 0 33027
p 0 202 33027
x 0 33028
p 0 204 33028
x 0 33029
p 0 203 33029
x 0 33030
p 0 204 33030
x 0 33031
p 0 252 33031
x 0 33032
p 0 203 33032
x 0 33033
p 0 205 33033
x 0 33034
p 0 203 33034
x 0 33035
p 0 202 33035
x 0 33036
p 0 252 33036
x 0 33037
p 0 203 33037
x 0 33038
p 0 205 33038
x 0 33039
p 0 203 33039
x 0 33040
p 0 203 33040
x 0 33041
p 0 190 33041
x 0 33042
p 0 202 33042
x 0 33043
p 0 197 33043
x 0 33044
p 0 201 33044
x 0 33045
p 0 200 33045
x 0 33046
p 0 98 33046
x 0 33047
p 0 231 33047
x 0 33048
p 0 201 33048
x 0 33049
p 0 203 33049
x 0 33050
p 0 202 33050
x 0 33051
p 0 105 33051
x 0 33052
p 0 201 33052
x 0 33053
p 0 200 33053
x 0 33054
p 0 201 33054
x 0 33055
p 0 201 33055
x 0 33056
p 0 125 33056
x 0 33057
p 0 135 33057
x 0 33058
p 0 233 33058
x 0 33059
p 0 203 33059
x 0 33060
p 0 195 33060
x 0 33000
h 0 10.0.0.3
p 0 684 33000
x 1 33001
h 1 10.0.0.3
p 1 201 33001
x 0 33002
p 0 187 33002
x 0 33003
p 0 208 33003
x 0 33004
p 0 205 33004
x 0 33005
p 0 205 33005
x 0 33006
p 0 310 33006
x 0 33007
p 0 229 33007
x 0 33008
p 0 200 33008
x 0 33009
p 0 172 33009
x 0 33010
p 0 204 33010
x 0 33011
p 0 201 33011
x 0 33012
p 0 201 33012
x 0 33013
p 0 172 33013
x 0 33014
p 0 230 33014
x 0 33015
p 0 200 33015
x 0 33016
p 0 307 33016
x 0 33017
p 0 167 33017
x 0 33018
p 0 200 33018
x 0 33019
p 0 198 33019
x 0 33020
p 0 199 33020
x 0 33021
p 0 168 33021
x 0 33022
p 0 320 33022
x 0 33023
p 0 319 33023
x 0 33024
p 0 199 33024
x 0 33025
p 0 168 33025
x 0 33026
p 0 202 33026
x 0 33027
p 0 167 33027
x 0 33028
p 0 197 33028
x 0 33029
p 0 168 33029
x 0 33030
p 0 198 33030
x 0 33031
p 0 199 33031
x 0 33032
p 0 231 33032
x 0 33033
p 0 198 33033
x 0 33034
p 0 172 33034
x 0 33035
p 0 200 33035
x 0 33036
p 0 212 33036
x 0 33037
p 0 199 33037
x 0 33038
p 0 168 33038
x 0 33039
p 0 200 33039
x 0 33040
p 0 200 33040
x 0 33041
p 0 199 33041
x 0 33042
p 0 165 33042
x 0 33043
p 0 201 33043
x 0 33044
p 0 201 33044
x 0 33045
p 0 166 33045
x 0 33046
p 0 169 33046
x 0 33047
p 0 199 33047
x 0 33048
p 0 200 33048
x 0 33049
p 0 126 33049
x 0 33050
p 0 169 33050
x 0 33051
p 0 164 33051
x 0 33052
p 0 201 33052
x 0 33053
p 0 176 33053
x 0 33054
p 0 167 33054
x 0 33055
p 0 167 33055
x 0 33056
p 0 165 33056
x 0 33057
p 0 166 33057
x 0 33058
p 0 166 33058
x 0 33059
p 0 165 33059
x 0 33060
p 0 170 33060
x 0 33000
h 0 10.0.0.3
p 0 733 33000
x 1 33001
h 1 10.0.0.3
p 1 217 33001
x 0 33002
p 0 207 33002
x 0 33003
p 0 216 33003
x 0 33004
p 0 210 33004
x 0 33005
p 0 211 33005
x 0 33006
p 0 210 33006
x 0 33007
p 0 240 33007
x 0 33008
p 0 198 33008
x 0 33009
p 0 201 33009
x 0 33010
p 0 201 33010
x 0 33011
p 0 201 33011
x 0 33012
p 0 198 33012
x 0 33013
p 0 201 33013
x 0 33014
p 0 203 33014
x 0 33015
p 0 200 33015
x 0 33016
p 0 224 33016
x 0 33017
p 0 200 33017
x 0 33018
p 0 201 33018
x 0 33019
p 0 200 33019
x 0 33020
p 0 204 33020
x 0 33021
p 0 191 33021
x 0 33022
p 0 202 33022
x 0 33023
p 0 202 33023
x 0 33024
p 0 201 33024
x 0 33025
p 0 208 33025
x 0 33026
p 0 207 33026
x 0 33027
p 0 200 33027
x 0 33028
p 0 202 33028
x 0 33029
p 0 210 33029
x 0 33030
p 0 206 33030
x 0 33031
p 0 256 33031
x 0 33032
p 0 208 33032
x 0 33033
p 0 206 33033
x 0 33034
p 0 210 33034
x 0 33035
p 0 208 33035
x 0 33036
p 0 207 33036
x 0 33037
p 0 209 33037
x 0 33038
p 0 242 33038
x 0 33039
p 0 238 33039
x 0 33040
p 0 246 33040
x 0 33041
p 0 248 33041
x 0 33042
p 0 248 33042
x 0 33043
p 0 204 33043
x 0 33044
p 0 237 33044
x 0 33045
p 0 246 33045
x 0 33046
p 0 234 33046
x 0 33047
p 0 171 33047
x 0 33048
p 0 236 33048
x 0 33049
p 0 204 33049
x 0 33050
p 0 205 33050
x 0 33051
p 0 233 33051
x 0 33052
p 0 231 33052
x 0 33053
p 0 205 33053
x 0 33054
p 0 205 33054
x 0 33055
p 0 229 33055
x 0 33056
p 0 204 33056
x 0 33057
p 0 236 33057
x 0 33058
p 0 205 33058
x 0 33059
p 0 201 33059
x 0 33060
p 0 170 33060
x 0 33000
h 0 10.0.0.3
p 0 550 33000
x 1 33001
h 1 10.0.0.3
p 1 241 33001
x 0 33002
p 0 193 33002
x 0 33003
p 0 237 33003
x 0 33004
p 0 244 33004
x 0 33005
p 0 248 33005
x 0 33006
p 0 206 33006
x 0 33007
p 0 203 33007
x 0 33008
p 0 201 33008
x 0 33009
p 0 203 33009
x 0 33010
p 0 202 33010
x 0 33011
p 0 206 33011
x 0 33012
p 0 205 33012
x 0 33013
p 0 206 33013
x 0 33014
p 0 203 33014
x 0 33015
p 0 203 33015
x 0 33016
p 0 203 33016
x 0 33017
p 0 201 33017
x 0 33018
p 0 201 33018
x 0 33019
p 0 202 33019
x 0 33020
p 0 200 33020
x 0 33021
p 0 238 33021
x 0 33022
p 0 684 33022
x 0 33023
p 0 302 33023
x 0 33024
p 0 164 33024
x 0 33025
p 0 172 33025
x 0 33026
p 0 168 33026
x 0 33027
p 0 278 33027
x 0 33028
p 0 157 33028
x 0 33029
p 0 167 33029
x 0 33030
p 0 170 33030
x 0 33031
p 0 185 33031
x 0 33032
p 0 173 33032
x 0 33033
p 0 165 33033
x 0 33034
p 0 208 33034
x 0 33035
p 0 204 33035
x 0 33036
p 0 203 33036
x 0 33037
p 0 208 33037
x 0 33038
p 0 205 33038
x 0 33039
p 0 206 33039
x 0 33040
p 0 206 33040
x 0 33041
p 0 155 33041
x 0 33042
p 0 218 33042
x 0 33043
p 0 185 33043
x 0 33044
p 0 154 33044
x 0 33045
p 0 205 33045
x 0 33046
p 0 207 33046
x 0 33047
p 0 179 33047
x 0 33048
p 0 202 33048
x 0 33049
p 0 151 33049
x 0 33050
p 0 56 33050
x 0 33051
p 0 179 33051
x 0 33052
p 0 229 33052
x 0 33053
p 0 147 33053
x 0 33054
p 0 146 33054
x 0 33055
p 0 180 33055
x 0 33056
p 0 160 33056
x 0 33057
p 0 149 33057
x 0 33058
p 0 183 33058
x 0 33059
p 0 182 33059
x 0 33060
p 0 185 33060
x 0 33000
h 0 10.0.0.3
p 0 1396 33000
x 1 33001
h 1 10.0.0.3
p 1 199 33001
x 0 33002
p 0 201 33002
x 0 33003
p 0 202 33003
x 0 33004
p 0 202 33004
x 0 33005
p 0 202 33005
x 0 33006
p 0 290 33006
x 0 33007
p 0 201 33007
x 0 33008
p 0 202 33008
x 0 33009
p 0 203 33009
x 0 33010
p 0 203 33010
x 0 33011
p 0 202 33011
x 0 33012
p 0 243 33012
x 0 33013
p 0 202 33013
x 0 33014
p 0 201 33014
x 0 33015
p 0 198 33015
x 0 33016
p 0 202 33016
x 0 33017
p 0 199 33017
x 0 33018
p 0 199 33018
x 0 33019
p 0 198 33019
x 0 33020
p 0 198 33020
x 0 33021
p 0 199 33021
x 0 33022
p 0 202 33022
x 0 33023
p 0 197 33023
x 0 33024
p 0 200 33024
x 0 33025
p 0 199 33025
x 0 33026
p 0 202 33026
x 0 33027
p 0 197 33027
x 0 33028
p 0 200 33028
x 0 33029
p 0 199 33029
x 0 33030
p 0 200 33030
x 0 33031
p 0 201 33031
x 0 33032
p 0 201 33032
x 0 33033
p 0 203 33033
x 0 33034
p 0 201 33034
x 0 33035
p 0 199 33035
x 0 33036
p 0 200 33036
x 0 33037
p 0 200 33037
x 0 33038
p 0 202 33038
x 0 33039
p 0 200 33039
x 0 33040
p 0 199 33040
x 0 33041
p 0 205 33041
x 0 33042
p 0 201 33042
x 0 33043
p 0 200 33043
x 0 33044
p 0 235 33044
x 0 33045
p 0 197 33045
x 0 33046
p 0 203 33046
x 0 33047
p 0 196 33047
x 0 33048
p 0 197 33048
x 0 33049
p 0 196 33049
x 0 33050
p 0 198 33050
x 0 33051
p 0 197 33051
x 0 33052
p 0 199 33052
x 0 33053
p 0 199 33053
x 0 33054
p 0 201 33054
x 0 33055
p 0 198 33055
x 0 33056
p 0 199 33056
x 0 33057
p 0 198 33057
x 0 33058
p 0 248 33058
x 0 33059
p 0 198 33059
x 0 33060
p 0 198 33060
x 0 33000
h 0 10.0.0.3
p 0 722 33000
x 1 33001
h 1 10.0.0.3
p 1 204 33001
x 0 33002
p 0 208 33002
x 0 33003
p 0 206 33003
x 0 33004
p 0 270 33004
x 0 33005
p 0 208 33005
x 0 33006
p 0 178 33006
x 0 33007
p 0 183 33007
x 0 33008
p 0 251 33008
x 0 33009
p 0 208 33009
x 0 33010
p 0 208 33010
x 0 33011
p 0 188 33011
x 0 33012
p 0 208 33012
x 0 33013
p 0 186 33013
x 0 33014
p 0 183 33014
x 0 33015
p 0 213 33015
x 0 33016
p 0 213 33016
x 0 33017
p 0 186 33017
x 0 33018
p 0 183 33018
x 0 33019
p 0 208 33019
x 0 33020
p 0 181 33020
x 0 33021
p 0 185 33021
x 0 33022
p 0 209 33022
x 0 33023
p 0 212 33023
x 0 33024
p 0 204 33024
x 0 33025
p 0 183 33025
x 0 33026
p 0 249 33026
x 0 33027
p 0 178 33027
x 0 33028
p 0 180 33028
x 0 33029
p 0 211 33029
x 0 33030
p 0 180 33030
x 0 33031
p 0 240 33031
x 0 33032
p 0 183 33032
x 0 33033
p 0 177 33033
x 0 33034
p 0 179 33034
x 0 33035
p 0 209 33035
x 0 33036
p 0 184 33036
x 0 33037
p 0 207 33037
x 0 33038
p 0 181 33038
x 0 33039
p 0 177 33039
x 0 33040
p 0 176 33040
x 0 33041
p 0 179 33041
x 0 33042
p 0 229 33042
x 0 33043
p 0 183 33043
x 0 33044
p 0 177 33044
x 0 33045
p 0 183 33045
x 0 33046
p 0 247 33046
x 0 33047
p 0 176 33047
x 0 33048
p 0 215 33048
x 0 33049
p 0 221 33049
x 0 33050
p 0 299 33050
x 0 33051
p 0 158 33051
x 0 33052
p 0 159 33052
x 0 33053
p 0 172 33053
x 0 33054
p 0 231 33054
x 0 33055
p 0 176 33055
x 0 33056
p 0 212 33056
x 0 33057
p 0 175 33057
x 0 33058
p 0 749 33058
x 0 33059
p 0 777 33059
x 0 33060
p 0 773 33060
x 0 33000
h 0 10.0.0.3
p 0 702 33000
x 1 33001
h 1 10.0.0.3
p 1 199 33001
x 0 33002
p 0 230 33002
x 0 33003
p 0 221 33003
x 0 33004
p 0 223 33004
x 0 33005
p 0 288 33005
x 0 33006
p 0 229 33006
x 0 33007
p 0 96 33007
x 0 33008
p 0 223 33008
x 0 33009
p 0 223 33009
x 0 33010
p 0 258 33010
x 0 33011
p 0 225 33011
x 0 33012
p 0 221 33012
x 0 33013
p 0 216 33013
x 0 33014
p 0 219 33014
x 0 33015
p 0 223 33015
x 0 33016
p 0 221 33016
x 0 33017
p 0 220 33017
x 0 33018
p 0 219 33018
x 0 33019
p 0 216 33019
x 0 33020
p 0 219 33020
x 0 33021
p 0 221 33021
x 0 33022
p 0 217 33022
x 0 33023
p 0 217 33023
x 0 33024
p 0 266 33024
x 0 33025
p 0 219 33025
x 0 33026
p 0 224 33026
x 0 33027
p 0 221 33027
x 0 33028
p 0 219 33028
x 0 33029
p 0 218 33029
x 0 33030
p 0 218 33030
x 0 33031
p 0 277 33031
x 0 33032
p 0 258 33032
x 0 33033
p 0 216 33033
x 0 33034
p 0 224 33034
x 0 33035
p 0 227 33035
x 0 33036
p 0 222 33036
x 0 33037
p 0 219 33037
x 0 33038
p 0 217 33038
x 0 33039
p 0 218 33039
x 0 33040
p 0 223 33040
x 0 33041
p 0 235 33041
x 0 33042
p 0 226 33042
x 0 33043
p 0 223 33043
x 0 33044
p 0 218 33044
x 0 33045
p 0 174 33045
x 0 33046
p 0 226 33046
x 0 33047
p 0 221 33047
x 0 33048
p 0 221 33048
x 0 33049
p 0 223 33049
x 0 33050
p 0 221 33050
x 0 33051
p 0 227 33051
x 0 33052
p 0 256 33052
x 0 33053
p 0 223 33053
x 0 33054
p 0 254 33054
x 0 33055
p 0 221 33055
x 0 33056
p 0 228 33056
x 0 33057
p 0 221 33057
x 0 33058
p 0 220 33058
x 0 33059
p 0 224 33059
x 0 33060
p 0 218 33060
x 0 33000
h 0 10.0.0.3
p 0 593 33000
x 1 33001
h 1 10.0.0.3
p 1 204 33001
x 0 33002
p 0 206 33002
x 0 33003
p 0 203 33003
x 0 33004
p 0 203 33004
x 0 33005
p 0 209 33005
x 0 33006
p 0 210 33006
x 0 33007
p 0 205 33007
x 0 33008
p 0 201 33008
x 0 33009
p 0 201 33009
x 0 33010
p 0 203 33010
x 0 33011
p 0 205 33011
x 0 33012
p 0 202 33012
x 0 33013
p 0 201 33013
x 0 33014
p 0 205 33014
x 0 33015
p 0 200 33015
x 0 33016
p 0 208 33016
x 0 33017
p 0 176 33017
x 0 33018
p 0 203 33018
x 0 33019
p 0 204 33019
x 0 33020
p 0 202 33020
x 0 33021
p 0 204 33021
x 0 33022
p 0 192 33022
x 0 33023
p 0 269 33023
x 0 33024
p 0 211 33024
x 0 33025
p 0 93 33025
x 0 33026
p 0 215 33026
x 0 33027
p 0 308 33027
x 0 33028
p 0 206 33028
x 0 33029
p 0 210 33029
x 0 33030
p 0 115 33030
x 0 33031
p 0 210 33031
x 0 33032
p 0 208 33032
x 0 33033
p 0 207 33033
x 0 33034
p 0 231 33034
x 0 33035
p 0 138 33035
x 0 33036
p 0 211 33036
x 0 33037
p 0 205 33037
x 0 33038
p 0 175 33038
x 0 33039
p 0 176 33039
x 0 33040
p 0 203 33040
x 0 33041
p 0 207 33041
x 0 33042
p 0 172 33042
x 0 33043
p 0 203 33043
x 0 33044
p 0 205 33044
x 0 33045
p 0 174 33045
x 0 33046
p 0 179 33046
x 0 33047
p 0 207 33047
x 0 33048
p 0 202 33048
x 0 33049
p 0 202 33049
x 0 33050
p 0 205 33050
x 0 33051
p 0 209 33051
x 0 33052
p 0 204 33052
x 0 33053
p 0 205 33053
x 0 33054
p 0 207 33054
x 0 33055
p 0 173 33055
x 0 33056
p 0 180 33056
x 0 33057
p 0 209 33057
x 0 33058
p 0 205 33058
x 0 33059
p 0 173 33059
x 0 33060
p 0 204 33060
x 0 33000
h 0 10.0.0.3
p 0 683 33000
x 1 33001
h 1 10.0.0.3
p 1 175 33001
x 0 33002
p 0 206 33002
x 0 33003
p 0 207 33003
x 0 33004
p 0 205 33004
x 0 33005
p 0 202 33005
x 0 33006
p 0 251 33006
x 0 33007
p 0 165 33007
x 0 33008
p 0 165 33008
x 0 33009
p 0 201 33009
x 0 33010
p 0 203 33010
x 0 33011
p 0 205 33011
x 0 33012
p 0 205 33012
x 0 33013
p 0 226 33013
x 0 33014
p 0 203 33014
x 0 33015
p 0 203 33015
x 0 33016
p 0 205 33016
x 0 33017
p 0 155 33017
x 0 33018
p 0 200 33018
x 0 33019
p 0 264 33019
x 0 33020
p 0 217 33020
x 0 33021
p 0 205 33021
x 0 33022
p 0 202 33022
x 0 33023
p 0 199 33023
x 0 33024
p 0 202 33024
x 0 33025
p 0 202 33025
x 0 33026
p 0 203 33026
x 0 33027
p 0 204 33027
x 0 33028
p 0 199 33028
x 0 33029
p 0 200 33029
x 0 33030
p 0 269 33030
x 0 33031
p 0 213 33031
x 0 33032
p 0 209 33032
x 0 33033
p 0 376 33033
x 0 33034
p 0 210 33034
x 0 33035
p 0 320 33035
x 0 33036
p 0 320 33036
x 0 33037
p 0 216 33037
x 0 33038
p 0 258 33038
x 0 33039
p 0 206 33039
x 0 33040
p 0 202 33040
x 0 33041
p 0 211 33041
x 0 33042
p 0 210 33042
x 0 33043
p 0 209 33043
x 0 33044
p 0 207 33044
x 0 33045
p 0 211 33045
x 0 33046
p 0 210 33046
x 0 33047
p 0 212 33047
x 0 33048
p 0 238 33048
x 0 33049
p 0 206 33049
x 0 33050
p 0 207 33050
x 0 33051
p 0 214 33051
x 0 33052
p 0 208 33052
x 0 33053
p 0 147 33053
x 0 33054
p 0 249 33054
x 0 33055
p 0 208 33055
x 0 33056
p 0 209 33056
x 0 33057
p 0 210 33057
x 0 33058
p 0 792 33058
x 0 33059
p 0 219 33059
x 0 33060
p 0 163 33060
x 0 33000
h 0 10.0.0.3
p 0 907 33000
x 1 33001
h 1 10.0.0.3
p 1 231 33001
x 0 33002
p 0 205 33002
x 0 33003
p 0 230 33003
x 0 33004
p 0 203 33004
x 0 33005
p 0 204 33005
x 0 33006
p 0 210 33006
x 0 33007
p 0 205 33007
x 0 33008
p 0 203 33008
x 0 33009
p 0 204 33009
x 0 33010
p 0 201 33010
x 0 33011
p 0 204 33011
x 0 33012
p 0 203 33012
x 0 33013
p 0 202 33013
x 0 33014
p 0 203 33014
x 0 33015
p 0 196 33015
x 0 33016
p 0 204 33016
x 0 33017
p 0 205 33017
x 0 33018
p 0 206 33018
x 0 33019
p 0 225 33019
x 0 33020
p 0 203 33020
x 0 33021
p 0 271 33021
x 0 33022
p 0 203 33022
x 0 33023
p 0 204 33023
x 0 33024
p 0 203 33024
x 0 33025
p 0 204 33025
x 0 33026
p 0 205 33026
x 0 33027
p 0 204 33027
x 0 33028
p 0 206 33028
x 0 33029
p 0 202 33029
x 0 33030
p 0 204 33030
x 0 33031
p 0 203 33031
x 0 33032
p 0 205 33032
x 0 33033
p 0 203 33033
x 0 33034
p 0 203 33034
x 0 33035
p 0 206 33035
x 0 33036
p 0 204 33036
x 0 33037
p 0 204 33037
x 0 33038
p 0 207 33038
x 0 33039
p 0 219 33039
x 0 33040
p 0 207 33040
x 0 33041
p 0 221 33041
x 0 33042
p 0 207 33042
x 0 33043
p 0 210 33043
x 0 33044
p 0 207 33044
x 0 33045
p 0 204 33045
x 0 33046
p 0 206 33046
x 0 33047
p 0 209 33047
x 0 33048
p 0 208 33048
x 0 33049
p 0 208 33049
x 0 33050
p 0 204 33050
x 0 33051
p 0 208 33051
x 0 33052
p 0 205 33052
x 0 33053
p 0 205 33053
x 0 33054
p 0 201 33054
x 0 33055
p 0 198 33055
x 0 33056
p 0 205 33056
x 0 33057
p 0 207 33057
x 0 33058
p 0 207 33058
x 0 33059
p 0 205 33059
x 0 33060
p 0 211 33060
x 0 33000
h 0 10.0.0.3
p 0 386 33000
x 1 33001
h 1 10.0.0.3
p 1 201 33001
x 0 33002
p 0 186 33002
x 0 33003
p 0 207 33003
x 0 33004
p 0 206 33004
x 0 33005
p 0 206 33005
x 0 33006
p 0 205 33006
x 0 33007
p 0 201 33007
x 0 33008
p 0 207 33008
x 0 33009
p 0 215 33009
x 0 33010
p 0 209 33010
x 0 33011
p 0 209 33011
x 0 33012
p 0 203 33012
x 0 33013
p 0 203 33013
x 0 33014
p 0 203 33014
x 0 33015
p 0 206 33015
x 0 33016
p 0 209 33016
x 0 33017
p 0 207 33017
x 0 33018
p 0 213 33018
x 0 33019
p 0 208 33019
x 0 33020
p 0 212 33020
x 0 33021
p 0 205 33021
x 0 33022
p 0 236 33022
x 0 33023
p 0 209 33023
x 0 33024
p 0 206 33024
x 0 33025
p 0 233 33025
x 0 33026
p 0 205 33026
x 0 33027
p 0 205 33027
x 0 33028
p 0 212 33028
x 0 33029
p 0 207 33029
x 0 33030
p 0 208 33030
x 0 33031
p 0 176 33031
x 0 33032
p 0 207 33032
x 0 33033
p 0 207 33033
x 0 33034
p 0 202 33034
x 0 33035
p 0 207 33035
x 0 33036
p 0 209 33036
x 0 33037
p 0 189 33037
x 0 33038
p 0 208 33038
x 0 33039
p 0 207 33039
x 0 33040
p 0 212 33040
x 0 33041
p 0 208 33041
x 0 33042
p 0 241 33042
x 0 33043
p 0 207 33043
x 0 33044
p 0 206 33044
x 0 33045
p 0 178 33045
x 0 33046
p 0 207 33046
x 0 33047
p 0 204 33047
x 0 33048
p 0 212 33048
x 0 33049
p 0 201 33049
x 0 33050
p 0 210 33050
x 0 33051
p 0 211 33051
x 0 33052
p 0 202 33052
x 0 33053
p 0 202 33053
x 0 33054
p 0 208 33054
x 0 33055
p 0 177 33055
x 0 33056
p 0 207 33056
x 0 33057
p 0 175 33057
x 0 33058
p 0 204 33058
x 0 33059
p 0 204 33059
x 0 33060
p 0 207 33060
x 0 33000
h 0 10.0.0.3
p 0 460 33000
x 1 33001
h 1 10.0.0.3
p 1 133 33001
x 0 33002
p 0 211 33002
x 0 33003
p 0 207 33003
x 0 33004
p 0 209 33004
x 0 33005
p 0 213 33005
x 0 33006
p 0 208 33006
x 0 33007
p 0 207 33007
x 0 33008
p 0 224 33008
x 0 33009
p 0 192 33009
x 0 33010
p 0 185 33010
x 0 33011
p 0 184 33011
x 0 33012
p 0 181 33012
x 0 33013
p 0 180 33013
x 0 33014
p 0 178 33014
x 0 33015
p 0 235 33015
x 0 33016
p 0 212 33016
x 0 33017
p 0 211 33017
x 0 33018
p 0 213 33018
x 0 33019
p 0 211 33019
x 0 33020
p 0 210 33020
x 0 33021
p 0 214 33021
x 0 33022
p 0 211 33022
x 0 33023
p 0 210 33023
x 0 33024
p 0 331 33024
x 0 33025
p 0 211 33025
x 0 33026
p 0 178 33026
x 0 33027
p 0 212 33027
x 0 33028
p 0 210 33028
x 0 33029
p 0 210 33029
x 0 33030
p 0 215 33030
x 0 33031
p 0 214 33031
x 0 33032
p 0 210 33032
x 0 33033
p 0 216 33033
x 0 33034
p 0 86 33034
x 0 33035
p 0 216 33035
x 0 33036
p 0 215 33036
x 0 33037
p 0 182 33037
x 0 33038
p 0 211 33038
x 0 33039
p 0 211 33039
x 0 33040
p 0 212 33040
x 0 33041
p 0 208 33041
x 0 33042
p 0 205 33042
x 0 33043
p 0 208 33043
x 0 33044
p 0 207 33044
x 0 33045
p 0 178 33045
x 0 33046
p 0 208 33046
x 0 33047
p 0 201 33047
x 0 33048
p 0 213 33048
x 0 33049
p 0 182 33049
x 0 33050
p 0 181 33050
x 0 33051
p 0 202 33051
x 0 33052
p 0 178 33052
x 0 33053
p 0 175 33053
x 0 33054
p 0 173 33054
x 0 33055
p 0 179 33055
x 0 33056
p 0 173 33056
x 0 33057
p 0 162 33057
x 0 33058
p 0 167 33058
x 0 33059
p 0 162 33059
x 0 33060
p 0 224 33060
x 0 33000
h 0 10.0.0.3
p 0 380 33000
x 1 33001
h 1 10.0.0.3
p 1 217 33001
x 0 33002
p 0 208 33002
x 0 33003
p 0 205 33003
x 0 33004
p 0 208 33004
x 0 33005
p 0 207 33005
x 0 33006
p 0 184 33006
x 0 33007
p 0 179 33007
x 0 33008
p 0 203 33008
x 0 33009
p 0 204 33009
x 0 33010
p 0 205 33010
x 0 33011
p 0 226 33011
x 0 33012
p 0 201 33012
x 0 33013
p 0 205 33013
x 0 33014
p 0 201 33014
x 0 33015
p 0 204 33015
x 0 33016
p 0 202 33016
x 0 33017
p 0 201 33017
x 0 33018
p 0 203 33018
x 0 33019
p 0 204 33019
x 0 33020
p 0 319 33020
x 0 33021
p 0 201 33021
x 0 33022
p 0 204 33022
x 0 33023
p 0 202 33023
x 0 33024
p 0 199 33024
x 0 33025
p 0 209 33025
x 0 33026
p 0 201 33026
x 0 33027
p 0 205 33027
x 0 33028
p 0 204 33028
x 0 33029
p 0 203 33029
x 0 33030
p 0 205 33030
x 0 33031
p 0 172 33031
x 0 33032
p 0 204 33032
x 0 33033
p 0 173 33033
x 0 33034
p 0 203 33034
x 0 33035
p 0 172 33035
x 0 33036
p 0 167 33036
x 0 33037
p 0 202 33037
x 0 33038
p 0 170 33038
x 0 33039
p 0 173 33039
x 0 33040
p 0 171 33040
x 0 33041
p 0 166 33041
x 0 33042
p 0 168 33042
x 0 33043
p 0 167 33043
x 0 33044
p 0 168 33044
x 0 33045
p 0 168 33045
x 0 33046
p 0 157 33046
x 0 33047
p 0 155 33047
x 0 33048
p 0 157 33048
x 0 33049
p 0 158 33049
x 0 33050
p 0 161 33050
x 0 33051
p 0 154 33051
x 0 33052
p 0 207 33052
x 0 33053
p 0 215 33053
x 0 33054
p 0 204 33054
x 0 33055
p 0 209 33055
x 0 33056
p 0 207 33056
x 0 33057
p 0 202 33057
x 0 33058
p 0 204 33058
x 0 33059
p 0 211 33059
x 0 33060
p 0 212 33060
x 0 33000
h 0 10.0.0.3
p 0 567 33000
x 1 33001
h 1 10.0.0.3
p 1 247 33001
x 0 33002
p 0 204 33002
x 0 33003
p 0 208 33003
x 0 33004
p 0 210 33004
x 0 33005
p 0 214 33005
x 0 33006
p 0 205 33006
x 0 33007
p 0 202 33007
x 0 33008
p 0 208 33008
x 0 33009
p 0 211 33009
x 0 33010
p 0 209 33010
x 0 33011
p 0 209 33011
x 0 33012
p 0 206 33012
x 0 33013
p 0 306 33013
x 0 33014
p 0 208 33014
x 0 33015
p 0 236 33015
x 0 33016
p 0 205 33016
x 0 33017
p 0 207 33017
x 0 33018
p 0 210 33018
x 0 33019
p 0 205 33019
x 0 33020
p 0 328 33020
x 0 33021
p 0 208 33021
x 0 33022
p 0 266 33022
x 0 33023
p 0 229 33023
x 0 33024
p 0 252 33024
x 0 33025
p 0 206 33025
x 0 33026
p 0 136 33026
x 0 33027
p 0 324 33027
x 0 33028
p 0 211 33028
x 0 33029
p 0 209 33029
x 0 33030
p 0 189 33030
x 0 33031
p 0 205 33031
x 0 33032
p 0 205 33032
x 0 33033
p 0 206 33033
x 0 33034
p 0 202 33034
x 0 33035
p 0 205 33035
x 0 33036
p 0 204 33036
x 0 33037
p 0 209 33037
x 0 33038
p 0 248 33038
x 0 33039
p 0 204 33039
x 0 33040
p 0 230 33040
x 0 33041
p 0 203 33041
x 0 33042
p 0 205 33042
x 0 33043
p 0 204 33043
x 0 33044
p 0 203 33044
x 0 33045
p 0 207 33045
x 0 33046
p 0 310 33046
x 0 33047
p 0 202 33047
x 0 33048
p 0 201 33048
x 0 33049
p 0 203 33049
x 0 33050
p 0 205 33050
x 0 33051
p 0 206 33051
x 0 33052
p 0 201 33052
x 0 33053
p 0 204 33053
x 0 33054
p 0 203 33054
x 0 33055
p 0 203 33055
x 0 33056
p 0 205 33056
x 0 33057
p 0 205 33057
x 0 33058
p 0 204 33058
x 0 33059
p 0 204 33059
x 0 33060
p 0 205 33060
