x 0 33000
h 0 10.0.0.11
p 0 37174 33000
x 1 33001
h 1 10.0.0.11
p 1 292 33001
x 0 33002
p 0 206 33002
x 0 33003
p 0 211 33003
x 0 33004
p 0 253 33004
x 0 33005
p 0 249 33005
x 0 33006
p 0 247 33006
x 0 33007
p 0 152 33007
x 0 33008
p 0 211 33008
x 0 33009
p 0 205 33009
x 0 33010
p 0 212 33010
x 0 33011
p 0 211 33011
x 0 33012
p 0 214 33012
x 0 33013
p 0 236 33013
x 0 33014
p 0 210 33014
x 0 33015
p 0 208 33015
x 0 33016
p 0 255 33016
x 0 33017
p 0 177 33017
x 0 33018
p 0 210 33018
x 0 33019
p 0 208 33019
x 0 33020
p 0 211 33020
x 0 33021
p 0 211 33021
x 0 33022
p 0 213 33022
x 0 33023
p 0 209 33023
x 0 33024
p 0 237 33024
x 0 33025
p 0 201 33025
x 0 33026
p 0 205 33026
x 0 33027
p 0 202 33027
x 0 33028
p 0 211 33028
x 0 33029
p 0 204 33029
x 0 33030
p 0 205 33030
x 0 33031
p 0 200 33031
x 0 33032
p 0 202 33032
x 0 33033
p 0 201 33033
x 0 33034
p 0 203 33034
x 0 33035
p 0 233 33035
x 0 33036
p 0 207 33036
x 0 33037
p 0 204 33037
x 0 33038
p 0 211 33038
x 0 33039
p 0 211 33039
x 0 33040
p 0 213 33040
x 0 33041
p 0 201 33041
x 0 33042
p 0 209 33042
x 0 33043
p 0 201 33043
x 0 33044
p 0 204 33044
x 0 33045
p 0 237 33045
x 0 33046
p 0 205 33046
x 0 33047
p 0 203 33047
x 0 33048
p 0 202 33048
x 0 33049
p 0 206 33049
x 0 33050
p 0 205 33050
x 0 33051
p 0 203 33051
x 0 33052
p 0 207 33052
x 0 33053
p 0 229 33053
x 0 33054
p 0 209 33054
x 0 33055
p 0 210 33055
x 0 33056
p 0 209 33056
x 0 33057
p 0 239 33057
x 0 33058
p 0 213 33058
x 0 33059
p 0 217 33059
x 0 33060
p 0 268 33060
x 0 33000
h 0 10.0.0.11
p 0 18461 33000
x 1 33001
h 1 10.0.0.11
p 1 223 33001
x 0 33002
p 0 203 33002
x 0 33003
p 0 232 33003
x 0 33004
p 0 221 33004
x 0 33005
p 0 198 33005
x 0 33006
p 0 196 33006
x 0 33007
p 0 197 33007
x 0 33008
p 0 195 33008
x 0 33009
p 0 195 33009
x 0 33010
p 0 199 33010
x 0 33011
p 0 195 33011
x 0 33012
p 0 195 33012
x 0 33013
p 0 196 33013
x 0 33014
p 0 195 33014
x 0 33015
p 0 197 33015
x 0 33016
p 0 195 33016
x 0 33017
p 0 197 33017
x 0 33018
p 0 193 33018
x 0 33019
p 0 196 33019
x 0 33020
p 0 196 33020
x 0 33021
p 0 194 33021
x 0 33022
p 0 197 33022
x 0 33023
p 0 196 33023
x 0 33024
p 0 196 33024
x 0 33025
p 0 194 33025
x 0 33026
p 0 194 33026
x 0 33027
p 0 195 33027
x 0 33028
p 0 223 33028
x 0 33029
p 0 98 33029
x 0 33030
p 0 197 33030
x 0 33031
p 0 196 33031
x 0 33032
p 0 198 33032
x 0 33033
p 0 163 33033
x 0 33034
p 0 270 33034
x 0 33035
p 0 241 33035
x 0 33036
p 0 196 33036
x 0 33037
p 0 83 33037
x 0 33038
p 0 198 33038
x 0 33039
p 0 201 33039
x 0 33040
p 0 196 33040
x 0 33041
p 0 176 33041
x 0 33042
p 0 196 33042
x 0 33043
p 0 200 33043
x 0 33044
p 0 199 33044
x 0 33045
p 0 173 33045
x 0 33046
p 0 202 33046
x 0 33047
p 0 208 33047
x 0 33048
p 0 208 33048
x 0 33049
p 0 206 33049
x 0 33050
p 0 207 33050
x 0 33051
p 0 208 33051
x 0 33052
p 0 210 33052
x 0 33053
p 0 205 33053
x 0 33054
p 0 206 33054
x 0 33055
p 0 210 33055
x 0 33056
p 0 208 33056
x 0 33057
p 0 207 33057
x 0 33058
p 0 206 33058
x 0 33059
p 0 209 33059
x 0 33060
p 0 250 33060
x 0 33000
h 0 10.0.0.11
p 0 18135 33000
x 1 33001
h 1 10.0.0.11
p 1 231 33001
x 0 33002
p 0 235 33002
x 0 33003
p 0 211 33003
x 0 33004
p 0 207 33004
x 0 33005
p 0 207 33005
x 0 33006
p 0 201 33006
x 0 33007
p 0 198 33007
x 0 33008
p 0 199 33008
x 0 33009
p 0 162 33009
x 0 33010
p 0 246 33010
x 0 33011
p 0 198 33011
x 0 33012
p 0 280 33012
x 0 33013
p 0 162 33013
x 0 33014
p 0 162 33014
x 0 33015
p 0 158 33015
x 0 33016
p 0 161 33016
x 0 33017
p 0 162 33017
x 0 33018
p 0 157 33018
x 0 33019
p 0 163 33019
x 0 33020
p 0 157 33020
x 0 33021
p 0 159 33021
x 0 33022
p 0 158 33022
x 0 33023
p 0 157 33023
x 0 33024
p 0 149 33024
x 0 33025
p 0 140 33025
x 0 33026
p 0 143 33026
x 0 33027
p 0 182 33027
x 0 33028
p 0 174 33028
x 0 33029
p 0 139 33029
x 0 33030
p 0 140 33030
x 0 33031
p 0 155 33031
x 0 33032
p 0 191 33032
x 0 33033
p 0 146 33033
x 0 33034
p 0 159 33034
x 0 33035
p 0 151 33035
x 0 33036
p 0 145 33036
x 0 33037
p 0 147 33037
x 0 33038
p 0 147 33038
x 0 33039
p 0 149 33039
x 0 33040
p 0 146 33040
x 0 33041
p 0 209 33041
x 0 33042
p 0 199 33042
x 0 33043
p 0 197 33043
x 0 33044
p 0 199 33044
x 0 33045
p 0 200 33045
x 0 33046
p 0 200 33046
x 0 33047
p 0 199 33047
x 0 33048
p 0 200 33048
x 0 33049
p 0 201 33049
x 0 33050
p 0 200 33050
x 0 33051
p 0 201 33051
x 0 33052
p 0 208 33052
x 0 33053
p 0 208 33053
x 0 33054
p 0 205 33054
x 0 33055
p 0 203 33055
x 0 33056
p 0 225 33056
x 0 33057
p 0 227 33057
x 0 33058
p 0 226 33058
x 0 33059
p 0 280 33059
x 0 33060
p 0 207 33060
x 0 33000
h 0 10.0.0.11
p 0 13963 33000
x 1 33001
h 1 10.0.0.11
p 1 200 33001
x 0 33002
p 0 243 33002
x 0 33003
p 0 203 33003
x 0 33004
p 0 202 33004
x 0 33005
p 0 133 33005
x 0 33006
p 0 188 33006
x 0 33007
p 0 132 33007
x 0 33008
p 0 196 33008
x 0 33009
p 0 196 33009
x 0 33010
p 0 164 33010
x 0 33011
p 0 161 33011
x 0 33012
p 0 166 33012
x 0 33013
p 0 150 33013
x 0 33014
p 0 191 33014
x 0 33015
p 0 166 33015
x 0 33016
p 0 202 33016
x 0 33017
p 0 244 33017
x 0 33018
p 0 141 33018
x 0 33019
p 0 140 33019
x 0 33020
p 0 167 33020
x 0 33021
p 0 193 33021
x 0 33022
p 0 156 33022
x 0 33023
p 0 186 33023
x 0 33024
p 0 162 33024
x 0 33025
p 0 197 33025
x 0 33026
p 0 198 33026
x 0 33027
p 0 167 33027
x 0 33028
p 0 179 33028
x 0 33029
p 0 198 33029
x 0 33030
p 0 200 33030
x 0 33031
p 0 196 33031
x 0 33032
p 0 197 33032
x 0 33033
p 0 198 33033
x 0 33034
p 0 198 33034
x 0 33035
p 0 196 33035
x 0 33036
p 0 198 33036
x 0 33037
p 0 199 33037
x 0 33038
p 0 195 33038
x 0 33039
p 0 195 33039
x 0 33040
p 0 184 33040
x 0 33041
p 0 196 33041
x 0 33042
p 0 196 33042
x 0 33043
p 0 197 33043
x 0 33044
p 0 165 33044
x 0 33045
p 0 212 33045
x 0 33046
p 0 209 33046
x 0 33047
p 0 210 33047
x 0 33048
p 0 175 33048
x 0 33049
p 0 210 33049
x 0 33050
p 0 210 33050
x 0 33051
p 0 165 33051
x 0 33052
p 0 175 33052
x 0 33053
p 0 210 33053
x 0 33054
p 0 206 33054
x 0 33055
p 0 171 33055
x 0 33056
p 0 204 33056
x 0 33057
p 0 203 33057
x 0 33058
p 0 199 33058
x 0 33059
p 0 174 33059
x 0 33060
p 0 244 33060
x 0 33000
h 0 10.0.0.11
p 0 32031 33000
x 1 33001
h 1 10.0.0.11
p 1 240 33001
x 0 33002
p 0 201 33002
x 0 33003
p 0 205 33003
x 0 33004
p 0 203 33004
x 0 33005
p 0 204 33005
x 0 33006
p 0 205 33006
x 0 33007
p 0 162 33007
x 0 33008
p 0 168 33008
x 0 33009
p 0 179 33009
x 0 33010
p 0 149 33010
x 0 33011
p 0 183 33011
x 0 33012
p 0 144 33012
x 0 33013
p 0 175 33013
x 0 33014
p 0 149 33014
x 0 33015
p 0 172 33015
x 0 33016
p 0 174 33016
x 0 33017
p 0 229 33017
x 0 33018
p 0 223 33018
x 0 33019
p 0 163 33019
x 0 33020
p 0 172 33020
x 0 33021
p 0 171 33021
x 0 33022
p 0 209 33022
x 0 33023
p 0 276 33023
x 0 33024
p 0 165 33024
x 0 33025
p 0 77 33025
x 0 33026
p 0 199 33026
x 0 33027
p 0 170 33027
x 0 33028
p 0 166 33028
x 0 33029
p 0 168 33029
x 0 33030
p 0 195 33030
x 0 33031
p 0 166 33031
x 0 33032
p 0 162 33032
x 0 33033
p 0 173 33033
x 0 33034
p 0 202 33034
x 0 33035
p 0 164 33035
x 0 33036
p 0 170 33036
x 0 33037
p 0 179 33037
x 0 33038
p 0 199 33038
x 0 33039
p 0 164 33039
x 0 33040
p 0 171 33040
x 0 33041
p 0 170 33041
x 0 33042
p 0 197 33042
x 0 33043
p 0 166 33043
x 0 33044
p 0 198 33044
x 0 33045
p 0 169 33045
x 0 33046
p 0 212 33046
x 0 33047
p 0 250 33047
x 0 33048
p 0 258 33048
x 0 33049
p 0 168 33049
x 0 33050
p 0 241 33050
x 0 33051
p 0 182 33051
x 0 33052
p 0 202 33052
x 0 33053
p 0 86 33053
x 0 33054
p 0 240 33054
x 0 33055
p 0 233 33055
x 0 33056
p 0 229 33056
x 0 33057
p 0 233 33057
x 0 33058
p 0 243 33058
x 0 33059
p 0 232 33059
x 0 33060
p 0 240 33060
