x 0 33000
h 0 10.0.0.11
p 0 32549 33000
x 1 33001
h 1 10.0.0.11
p 1 234 33001
x 0 33002
p 0 259 33002
x 0 33003
p 0 179 33003
x 0 33004
p 0 178 33004
x 0 33005
p 0 213 33005
x 0 33006
p 0 239 33006
x 0 33007
p 0 233 33007
x 0 33008
p 0 235 33008
x 0 33009
p 0 235 33009
x 0 33010
p 0 201 33010
x 0 33011
p 0 203 33011
x 0 33012
p 0 203 33012
x 0 33013
p 0 236 33013
x 0 33014
p 0 204 33014
x 0 33015
p 0 203 33015
x 0 33016
p 0 233 33016
x 0 33017
p 0 205 33017
x 0 33018
p 0 211 33018
x 0 33019
p 0 246 33019
x 0 33020
p 0 255 33020
x 0 33021
p 0 207 33021
x 0 33022
p 0 213 33022
x 0 33023
p 0 212 33023
x 0 33024
p 0 213 33024
x 0 33025
p 0 211 33025
x 0 33026
p 0 212 33026
x 0 33027
p 0 241 33027
x 0 33028
p 0 214 33028
x 0 33029
p 0 212 33029
x 0 33030
p 0 175 33030
x 0 33031
p 0 213 33031
x 0 33032
p 0 210 33032
x 0 33033
p 0 213 33033
x 0 33034
p 0 244 33034
x 0 33035
p 0 210 33035
x 0 33036
p 0 210 33036
x 0 33037
p 0 211 33037
x 0 33038
p 0 212 33038
x 0 33039
p 0 212 33039
x 0 33040
p 0 203 33040
x 0 33041
p 0 170 33041
x 0 33042
p 0 204 33042
x 0 33043
p 0 203 33043
x 0 33044
p 0 205 33044
x 0 33045
p 0 197 33045
x 0 33046
p 0 207 33046
x 0 33047
p 0 169 33047
x 0 33048
p 0 163 33048
x 0 33049
p 0 167 33049
x 0 33050
p 0 166 33050
x 0 33051
p 0 165 33051
x 0 33052
p 0 167 33052
x 0 33053
p 0 168 33053
x 0 33054
p 0 170 33054
x 0 33055
p 0 206 33055
x 0 33056
p 0 171 33056
x 0 33057
p 0 169 33057
x 0 33058
p 0 170 33058
x 0 33059
p 0 214 33059
x 0 33060
p 0 211 33060
x 0 33000
h 0 10.0.0.11
p 0 16671 33000
x 1 33001
h 1 10.0.0.11
p 1 212 33001
x 0 33002
p 0 202 33002
x 0 33003
p 0 207 33003
x 0 33004
p 0 249 33004
x 0 33005
p 0 207 33005
x 0 33006
p 0 209 33006
x 0 33007
p 0 204 33007
x 0 33008
p 0 210 33008
x 0 33009
p 0 205 33009
x 0 33010
p 0 242 33010
x 0 33011
p 0 204 33011
x 0 33012
p 0 204 33012
x 0 33013
p 0 210 33013
x 0 33014
p 0 207 33014
x 0 33015
p 0 205 33015
x 0 33016
p 0 207 33016
x 0 33017
p 0 287 33017
x 0 33018
p 0 233 33018
x 0 33019
p 0 206 33019
x 0 33020
p 0 207 33020
x 0 33021
p 0 206 33021
x 0 33022
p 0 201 33022
x 0 33023
p 0 205 33023
x 0 33024
p 0 206 33024
x 0 33025
p 0 235 33025
x 0 33026
p 0 206 33026
x 0 33027
p 0 201 33027
x 0 33028
p 0 207 33028
x 0 33029
p 0 207 33029
x 0 33030
p 0 261 33030
x 0 33031
p 0 203 33031
x 0 33032
p 0 233 33032
x 0 33033
p 0 205 33033
x 0 33034
p 0 248 33034
x 0 33035
p 0 204 33035
x 0 33036
p 0 208 33036
x 0 33037
p 0 199 33037
x 0 33038
p 0 206 33038
x 0 33039
p 0 231 33039
x 0 33040
p 0 206 33040
x 0 33041
p 0 205 33041
x 0 33042
p 0 157 33042
x 0 33043
p 0 153 33043
x 0 33044
p 0 208 33044
x 0 33045
p 0 203 33045
x 0 33046
p 0 210 33046
x 0 33047
p 0 203 33047
x 0 33048
p 0 207 33048
x 0 33049
p 0 210 33049
x 0 33050
p 0 209 33050
x 0 33051
p 0 213 33051
x 0 33052
p 0 210 33052
x 0 33053
p 0 209 33053
x 0 33054
p 0 205 33054
x 0 33055
p 0 216 33055
x 0 33056
p 0 247 33056
x 0 33057
p 0 205 33057
x 0 33058
p 0 208 33058
x 0 33059
p 0 206 33059
x 0 33060
p 0 280 33060
x 0 33000
h 0 10.0.0.11
p 0 15881 33000
x 1 33001
h 1 10.0.0.11
p 1 221 33001
x 0 33002
p 0 172 33002
x 0 33003
p 0 204 33003
x 0 33004
p 0 206 33004
x 0 33005
p 0 203 33005
x 0 33006
p 0 204 33006
x 0 33007
p 0 206 33007
x 0 33008
p 0 211 33008
x 0 33009
p 0 204 33009
x 0 33010
p 0 180 33010
x 0 33011
p 0 203 33011
x 0 33012
p 0 207 33012
x 0 33013
p 0 205 33013
x 0 33014
p 0 206 33014
x 0 33015
p 0 205 33015
x 0 33016
p 0 203 33016
x 0 33017
p 0 208 33017
x 0 33018
p 0 182 33018
x 0 33019
p 0 203 33019
x 0 33020
p 0 248 33020
x 0 33021
p 0 201 33021
x 0 33022
p 0 217 33022
x 0 33023
p 0 202 33023
x 0 33024
p 0 106 33024
x 0 33025
p 0 149 33025
x 0 33026
p 0 152 33026
x 0 33027
p 0 142 33027
x 0 33028
p 0 144 33028
x 0 33029
p 0 199 33029
x 0 33030
p 0 180 33030
x 0 33031
p 0 144 33031
x 0 33032
p 0 147 33032
x 0 33033
p 0 204 33033
x 0 33034
p 0 205 33034
x 0 33035
p 0 146 33035
x 0 33036
p 0 199 33036
x 0 33037
p 0 197 33037
x 0 33038
p 0 199 33038
x 0 33039
p 0 196 33039
x 0 33040
p 0 197 33040
x 0 33041
p 0 199 33041
x 0 33042
p 0 196 33042
x 0 33043
p 0 198 33043
x 0 33044
p 0 200 33044
x 0 33045
p 0 201 33045
x 0 33046
p 0 201 33046
x 0 33047
p 0 198 33047
x 0 33048
p 0 198 33048
x 0 33049
p 0 199 33049
x 0 33050
p 0 200 33050
x 0 33051
p 0 196 33051
x 0 33052
p 0 197 33052
x 0 33053
p 0 207 33053
x 0 33054
p 0 203 33054
x 0 33055
p 0 202 33055
x 0 33056
p 0 206 33056
x 0 33057
p 0 216 33057
x 0 33058
p 0 208 33058
x 0 33059
p 0 205 33059
x 0 33060
p 0 236 33060
x 0 33000
h 0 10.0.0.11
p 0 14766 33000
x 1 33001
h 1 10.0.0.11
p 1 208 33001
x 0 33002
p 0 204 33002
x 0 33003
p 0 170 33003
x 0 33004
p 0 235 33004
x 0 33005
p 0 232 33005
x 0 33006
p 0 167 33006
x 0 33007
p 0 166 33007
x 0 33008
p 0 194 33008
x 0 33009
p 0 198 33009
x 0 33010
p 0 164 33010
x 0 33011
p 0 197 33011
x 0 33012
p 0 198 33012
x 0 33013
p 0 198 33013
x 0 33014
p 0 198 33014
x 0 33015
p 0 198 33015
x 0 33016
p 0 199 33016
x 0 33017
p 0 197 33017
x 0 33018
p 0 200 33018
x 0 33019
p 0 197 33019
x 0 33020
p 0 198 33020
x 0 33021
p 0 196 33021
x 0 33022
p 0 195 33022
x 0 33023
p 0 196 33023
x 0 33024
p 0 198 33024
x 0 33025
p 0 194 33025
x 0 33026
p 0 197 33026
x 0 33027
p 0 194 33027
x 0 33028
p 0 203 33028
x 0 33029
p 0 188 33029
x 0 33030
p 0 204 33030
x 0 33031
p 0 204 33031
x 0 33032
p 0 200 33032
x 0 33033
p 0 201 33033
x 0 33034
p 0 201 33034
x 0 33035
p 0 202 33035
x 0 33036
p 0 175 33036
x 0 33037
p 0 204 33037
x 0 33038
p 0 197 33038
x 0 33039
p 0 194 33039
x 0 33040
p 0 196 33040
x 0 33041
p 0 197 33041
x 0 33042
p 0 193 33042
x 0 33043
p 0 260 33043
x 0 33044
p 0 201 33044
x 0 33045
p 0 202 33045
x 0 33046
p 0 171 33046
x 0 33047
p 0 199 33047
x 0 33048
p 0 200 33048
x 0 33049
p 0 169 33049
x 0 33050
p 0 168 33050
x 0 33051
p 0 197 33051
x 0 33052
p 0 198 33052
x 0 33053
p 0 204 33053
x 0 33054
p 0 199 33054
x 0 33055
p 0 200 33055
x 0 33056
p 0 210 33056
x 0 33057
p 0 202 33057
x 0 33058
p 0 205 33058
x 0 33059
p 0 200 33059
x 0 33060
p 0 225 33060
x 0 33000
h 0 10.0.0.11
p 0 12096 33000
x 1 33001
h 1 10.0.0.11
p 1 261 33001
x 0 33002
p 0 216 33002
x 0 33003
p 0 215 33003
x 0 33004
p 0 208 33004
x 0 33005
p 0 209 33005
x 0 33006
p 0 207 33006
x 0 33007
p 0 204 33007
x 0 33008
p 0 203 33008
x 0 33009
p 0 204 33009
x 0 33010
p 0 206 33010
x 0 33011
p 0 178 33011
x 0 33012
p 0 82 33012
x 0 33013
p 0 163 33013
x 0 33014
p 0 190 33014
x 0 33015
p 0 219 33015
x 0 33016
p 0 157 33016
x 0 33017
p 0 162 33017
x 0 33018
p 0 143 33018
x 0 33019
p 0 199 33019
x 0 33020
p 0 199 33020
x 0 33021
p 0 142 33021
x 0 33022
p 0 236 33022
x 0 33023
p 0 152 33023
x 0 33024
p 0 202 33024
x 0 33025
p 0 200 33025
x 0 33026
p 0 146 33026
x 0 33027
p 0 200 33027
x 0 33028
p 0 236 33028
x 0 33029
p 0 203 33029
x 0 33030
p 0 242 33030
x 0 33031
p 0 206 33031
x 0 33032
p 0 204 33032
x 0 33033
p 0 205 33033
x 0 33034
p 0 207 33034
x 0 33035
p 0 229 33035
x 0 33036
p 0 207 33036
x 0 33037
p 0 203 33037
x 0 33038
p 0 207 33038
x 0 33039
p 0 210 33039
x 0 33040
p 0 251 33040
x 0 33041
p 0 209 33041
x 0 33042
p 0 206 33042
x 0 33043
p 0 205 33043
x 0 33044
p 0 215 33044
x 0 33045
p 0 207 33045
x 0 33046
p 0 211 33046
x 0 33047
p 0 210 33047
x 0 33048
p 0 203 33048
x 0 33049
p 0 213 33049
x 0 33050
p 0 207 33050
x 0 33051
p 0 208 33051
x 0 33052
p 0 288 33052
x 0 33053
p 0 214 33053
x 0 33054
p 0 216 33054
x 0 33055
p 0 217 33055
x 0 33056
p 0 217 33056
x 0 33057
p 0 218 33057
x 0 33058
p 0 210 33058
x 0 33059
p 0 350 33059
x 0 33060
p 0 210 33060
