x 0 33000
h 0 10.0.0.6
p 0 35951 33000
x 1 33001
h 1 10.0.0.6
p 1 206 33001
x 0 33002
p 0 192 33002
x 0 33003
p 0 196 33003
x 0 33004
p 0 196 33004
x 0 33005
p 0 197 33005
x 0 33006
p 0 205 33006
x 0 33007
p 0 168 33007
x 0 33008
p 0 196 33008
x 0 33009
p 0 194 33009
x 0 33010
p 0 163 33010
x 0 33011
p 0 163 33011
x 0 33012
p 0 196 33012
x 0 33013
p 0 289 33013
x 0 33014
p 0 163 33014
x 0 33015
p 0 165 33015
x 0 33016
p 0 198 33016
x 0 33017
p 0 196 33017
x 0 33018
p 0 172 33018
x 0 33019
p 0 164 33019
x 0 33020
p 0 197 33020
x 0 33021
p 0 219 33021
x 0 33022
p 0 168 33022
x 0 33023
p 0 165 33023
x 0 33024
p 0 198 33024
x 0 33025
p 0 177 33025
x 0 33026
p 0 164 33026
x 0 33027
p 0 162 33027
x 0 33028
p 0 191 33028
x 0 33029
p 0 188 33029
x 0 33030
p 0 168 33030
x 0 33031
p 0 160 33031
x 0 33032
p 0 193 33032
x 0 33033
p 0 188 33033
x 0 33034
p 0 191 33034
x 0 33035
p 0 191 33035
x 0 33036
p 0 192 33036
x 0 33037
p 0 195 33037
x 0 33038
p 0 195 33038
x 0 33039
p 0 194 33039
x 0 33040
p 0 197 33040
x 0 33041
p 0 166 33041
x 0 33042
p 0 198 33042
x 0 33043
p 0 289 33043
x 0 33044
p 0 173 33044
x 0 33045
p 0 279 33045
x 0 33046
p 0 196 33046
x 0 33047
p 0 166 33047
x 0 33048
p 0 167 33048
x 0 33049
p 0 186 33049
x 0 33050
p 0 196 33050
x 0 33051
p 0 193 33051
x 0 33052
p 0 166 33052
x 0 33053
p 0 198 33053
x 0 33054
p 0 221 33054
x 0 33055
p 0 193 33055
x 0 33056
p 0 167 33056
x 0 33057
p 0 202 33057
x 0 33058
p 0 199 33058
x 0 33059
p 0 208 33059
x 0 33060
p 0 215 33060
x 0 33000
h 0 10.0.0.6
p 0 26198 33000
x 1 33001
h 1 10.0.0.6
p 1 781 33001
x 0 33002
p 0 200 33002
x 0 33003
p 0 190 33003
x 0 33004
p 0 191 33004
x 0 33005
p 0 193 33005
x 0 33006
p 0 193 33006
x 0 33007
p 0 193 33007
x 0 33008
p 0 192 33008
x 0 33009
p 0 191 33009
x 0 33010
p 0 192 33010
x 0 33011
p 0 190 33011
x 0 33012
p 0 193 33012
x 0 33013
p 0 327 33013
x 0 33014
p 0 193 33014
x 0 33015
p 0 191 33015
x 0 33016
p 0 193 33016
x 0 33017
p 0 197 33017
x 0 33018
p 0 195 33018
x 0 33019
p 0 194 33019
x 0 33020
p 0 196 33020
x 0 33021
p 0 193 33021
x 0 33022
p 0 195 33022
x 0 33023
p 0 195 33023
x 0 33024
p 0 196 33024
x 0 33025
p 0 197 33025
x 0 33026
p 0 199 33026
x 0 33027
p 0 197 33027
x 0 33028
p 0 196 33028
x 0 33029
p 0 197 33029
x 0 33030
p 0 197 33030
x 0 33031
p 0 197 33031
x 0 33032
p 0 197 33032
x 0 33033
p 0 199 33033
x 0 33034
p 0 200 33034
x 0 33035
p 0 198 33035
x 0 33036
p 0 198 33036
x 0 33037
p 0 201 33037
x 0 33038
p 0 200 33038
x 0 33039
p 0 199 33039
x 0 33040
p 0 198 33040
x 0 33041
p 0 201 33041
x 0 33042
p 0 239 33042
x 0 33043
p 0 202 33043
x 0 33044
p 0 202 33044
x 0 33045
p 0 204 33045
x 0 33046
p 0 203 33046
x 0 33047
p 0 201 33047
x 0 33048
p 0 203 33048
x 0 33049
p 0 202 33049
x 0 33050
p 0 197 33050
x 0 33051
p 0 199 33051
x 0 33052
p 0 198 33052
x 0 33053
p 0 200 33053
x 0 33054
p 0 199 33054
x 0 33055
p 0 200 33055
x 0 33056
p 0 202 33056
x 0 33057
p 0 203 33057
x 0 33058
p 0 198 33058
x 0 33059
p 0 208 33059
x 0 33060
p 0 207 33060
x 0 33000
h 0 10.0.0.6
p 0 24817 33000
x 1 33001
h 1 10.0.0.6
p 1 482 33001
x 0 33002
p 0 157 33002
x 0 33003
p 0 174 33003
x 0 33004
p 0 204 33004
x 0 33005
p 0 204 33005
x 0 33006
p 0 249 33006
x 0 33007
p 0 198 33007
x 0 33008
p 0 199 33008
x 0 33009
p 0 202 33009
x 0 33010
p 0 202 33010
x 0 33011
p 0 200 33011
x 0 33012
p 0 197 33012
x 0 33013
p 0 223 33013
x 0 33014
p 0 213 33014
x 0 33015
p 0 218 33015
x 0 33016
p 0 212 33016
x 0 33017
p 0 252 33017
x 0 33018
p 0 224 33018
x 0 33019
p 0 215 33019
x 0 33020
p 0 221 33020
x 0 33021
p 0 214 33021
x 0 33022
p 0 218 33022
x 0 33023
p 0 217 33023
x 0 33024
p 0 282 33024
x 0 33025
p 0 359 33025
x 0 33026
p 0 221 33026
x 0 33027
p 0 220 33027
x 0 33028
p 0 211 33028
x 0 33029
p 0 222 33029
x 0 33030
p 0 220 33030
x 0 33031
p 0 263 33031
x 0 33032
p 0 253 33032
x 0 33033
p 0 216 33033
x 0 33034
p 0 219 33034
x 0 33035
p 0 219 33035
x 0 33036
p 0 395 33036
x 0 33037
p 0 383 33037
x 0 33038
p 0 406 33038
x 0 33039
p 0 289 33039
x 0 33040
p 0 256 33040
x 0 33041
p 0 216 33041
x 0 33042
p 0 217 33042
x 0 33043
p 0 212 33043
x 0 33044
p 0 219 33044
x 0 33045
p 0 287 33045
x 0 33046
p 0 218 33046
x 0 33047
p 0 213 33047
x 0 33048
p 0 219 33048
x 0 33049
p 0 264 33049
x 0 33050
p 0 223 33050
x 0 33051
p 0 157 33051
x 0 33052
p 0 272 33052
x 0 33053
p 0 201 33053
x 0 33054
p 0 258 33054
x 0 33055
p 0 224 33055
x 0 33056
p 0 288 33056
x 0 33057
p 0 232 33057
x 0 33058
p 0 199 33058
x 0 33059
p 0 209 33059
x 0 33060
p 0 221 33060
x 0 33000
h 0 10.0.0.6
p 0 24025 33000
x 1 33001
h 1 10.0.0.6
p 1 812 33001
x 0 33002
p 0 198 33002
x 0 33003
p 0 246 33003
x 0 33004
p 0 236 33004
x 0 33005
p 0 201 33005
x 0 33006
p 0 201 33006
x 0 33007
p 0 206 33007
x 0 33008
p 0 202 33008
x 0 33009
p 0 199 33009
x 0 33010
p 0 267 33010
x 0 33011
p 0 231 33011
x 0 33012
p 0 200 33012
x 0 33013
p 0 194 33013
x 0 33014
p 0 196 33014
x 0 33015
p 0 199 33015
x 0 33016
p 0 193 33016
x 0 33017
p 0 257 33017
x 0 33018
p 0 227 33018
x 0 33019
p 0 198 33019
x 0 33020
p 0 197 33020
x 0 33021
p 0 203 33021
x 0 33022
p 0 203 33022
x 0 33023
p 0 202 33023
x 0 33024
p 0 266 33024
x 0 33025
p 0 204 33025
x 0 33026
p 0 201 33026
x 0 33027
p 0 201 33027
x 0 33028
p 0 197 33028
x 0 33029
p 0 195 33029
x 0 33030
p 0 191 33030
x 0 33031
p 0 191 33031
x 0 33032
p 0 226 33032
x 0 33033
p 0 194 33033
x 0 33034
p 0 196 33034
x 0 33035
p 0 200 33035
x 0 33036
p 0 226 33036
x 0 33037
p 0 206 33037
x 0 33038
p 0 205 33038
x 0 33039
p 0 230 33039
x 0 33040
p 0 202 33040
x 0 33041
p 0 203 33041
x 0 33042
p 0 204 33042
x 0 33043
p 0 205 33043
x 0 33044
p 0 201 33044
x 0 33045
p 0 239 33045
x 0 33046
p 0 225 33046
x 0 33047
p 0 195 33047
x 0 33048
p 0 191 33048
x 0 33049
p 0 196 33049
x 0 33050
p 0 196 33050
x 0 33051
p 0 190 33051
x 0 33052
p 0 253 33052
x 0 33053
p 0 212 33053
x 0 33054
p 0 207 33054
x 0 33055
p 0 203 33055
x 0 33056
p 0 143 33056
x 0 33057
p 0 210 33057
x 0 33058
p 0 206 33058
x 0 33059
p 0 204 33059
x 0 33060
p 0 202 33060
x 0 33000
h 0 10.0.0.6
p 0 24626 33000
x 1 33001
h 1 10.0.0.6
p 1 779 33001
x 0 33002
p 0 177 33002
x 0 33003
p 0 171 33003
x 0 33004
p 0 171 33004
x 0 33005
p 0 171 33005
x 0 33006
p 0 172 33006
x 0 33007
p 0 168 33007
x 0 33008
p 0 169 33008
x 0 33009
p 0 170 33009
x 0 33010
p 0 200 33010
x 0 33011
p 0 196 33011
x 0 33012
p 0 195 33012
x 0 33013
p 0 196 33013
x 0 33014
p 0 241 33014
x 0 33015
p 0 193 33015
x 0 33016
p 0 194 33016
x 0 33017
p 0 196 33017
x 0 33018
p 0 194 33018
x 0 33019
p 0 194 33019
x 0 33020
p 0 197 33020
x 0 33021
p 0 196 33021
x 0 33022
p 0 198 33022
x 0 33023
p 0 257 33023
x 0 33024
p 0 233 33024
x 0 33025
p 0 198 33025
x 0 33026
p 0 195 33026
x 0 33027
p 0 193 33027
x 0 33028
p 0 197 33028
x 0 33029
p 0 196 33029
x 0 33030
p 0 194 33030
x 0 33031
p 0 196 33031
x 0 33032
p 0 180 33032
x 0 33033
p 0 196 33033
x 0 33034
p 0 196 33034
x 0 33035
p 0 199 33035
x 0 33036
p 0 193 33036
x 0 33037
p 0 195 33037
x 0 33038
p 0 194 33038
x 0 33039
p 0 208 33039
x 0 33040
p 0 195 33040
x 0 33041
p 0 200 33041
x 0 33042
p 0 198 33042
x 0 33043
p 0 194 33043
x 0 33044
p 0 196 33044
x 0 33045
p 0 205 33045
x 0 33046
p 0 211 33046
x 0 33047
p 0 200 33047
x 0 33048
p 0 231 33048
x 0 33049
p 0 113 33049
x 0 33050
p 0 195 33050
x 0 33051
p 0 195 33051
x 0 33052
p 0 157 33052
x 0 33053
p 0 201 33053
x 0 33054
p 0 217 33054
x 0 33055
p 0 228 33055
x 0 33056
p 0 140 33056
x 0 33057
p 0 141 33057
x 0 33058
p 0 147 33058
x 0 33059
p 0 147 33059
x 0 33060
p 0 206 33060
x 0 33000
h 0 10.0.0.6
p 0 23187 33000
x 1 33001
h 1 10.0.0.6
p 1 457 33001
x 0 33002
p 0 226 33002
x 0 33003
p 0 165 33003
x 0 33004
p 0 200 33004
x 0 33005
p 0 202 33005
x 0 33006
p 0 206 33006
x 0 33007
p 0 200 33007
x 0 33008
p 0 198 33008
x 0 33009
p 0 195 33009
x 0 33010
p 0 285 33010
x 0 33011
p 0 239 33011
x 0 33012
p 0 194 33012
x 0 33013
p 0 194 33013
x 0 33014
p 0 204 33014
x 0 33015
p 0 201 33015
x 0 33016
p 0 199 33016
x 0 33017
p 0 297 33017
x 0 33018
p 0 228 33018
x 0 33019
p 0 240 33019
x 0 33020
p 0 195 33020
x 0 33021
p 0 197 33021
x 0 33022
p 0 194 33022
x 0 33023
p 0 195 33023
x 0 33024
p 0 238 33024
x 0 33025
p 0 221 33025
x 0 33026
p 0 201 33026
x 0 33027
p 0 194 33027
x 0 33028
p 0 196 33028
x 0 33029
p 0 213 33029
x 0 33030
p 0 205 33030
x 0 33031
p 0 239 33031
x 0 33032
p 0 220 33032
x 0 33033
p 0 192 33033
x 0 33034
p 0 207 33034
x 0 33035
p 0 193 33035
x 0 33036
p 0 195 33036
x 0 33037
p 0 194 33037
x 0 33038
p 0 330 33038
x 0 33039
p 0 229 33039
x 0 33040
p 0 203 33040
x 0 33041
p 0 201 33041
x 0 33042
p 0 198 33042
x 0 33043
p 0 198 33043
x 0 33044
p 0 199 33044
x 0 33045
p 0 202 33045
x 0 33046
p 0 201 33046
x 0 33047
p 0 201 33047
x 0 33048
p 0 198 33048
x 0 33049
p 0 198 33049
x 0 33050
p 0 198 33050
x 0 33051
p 0 202 33051
x 0 33052
p 0 201 33052
x 0 33053
p 0 245 33053
x 0 33054
p 0 202 33054
x 0 33055
p 0 205 33055
x 0 33056
p 0 203 33056
x 0 33057
p 0 214 33057
x 0 33058
p 0 200 33058
x 0 33059
p 0 201 33059
x 0 33060
p 0 215 33060
x 0 33000
h 0 10.0.0.6
p 0 24824 33000
x 1 33001
h 1 10.0.0.6
p 1 887 33001
x 0 33002
p 0 211 33002
x 0 33003
p 0 171 33003
x 0 33004
p 0 209 33004
x 0 33005
p 0 258 33005
x 0 33006
p 0 233 33006
x 0 33007
p 0 199 33007
x 0 33008
p 0 198 33008
x 0 33009
p 0 205 33009
x 0 33010
p 0 137 33010
x 0 33011
p 0 192 33011
x 0 33012
p 0 160 33012
x 0 33013
p 0 204 33013
x 0 33014
p 0 205 33014
x 0 33015
p 0 204 33015
x 0 33016
p 0 204 33016
x 0 33017
p 0 208 33017
x 0 33018
p 0 213 33018
x 0 33019
p 0 275 33019
x 0 33020
p 0 237 33020
x 0 33021
p 0 206 33021
x 0 33022
p 0 210 33022
x 0 33023
p 0 208 33023
x 0 33024
p 0 206 33024
x 0 33025
p 0 207 33025
x 0 33026
p 0 212 33026
x 0 33027
p 0 199 33027
x 0 33028
p 0 203 33028
x 0 33029
p 0 207 33029
x 0 33030
p 0 200 33030
x 0 33031
p 0 198 33031
x 0 33032
p 0 203 33032
x 0 33033
p 0 209 33033
x 0 33034
p 0 209 33034
x 0 33035
p 0 205 33035
x 0 33036
p 0 207 33036
x 0 33037
p 0 206 33037
x 0 33038
p 0 209 33038
x 0 33039
p 0 206 33039
x 0 33040
p 0 202 33040
x 0 33041
p 0 207 33041
x 0 33042
p 0 211 33042
x 0 33043
p 0 200 33043
x 0 33044
p 0 211 33044
x 0 33045
p 0 201 33045
x 0 33046
p 0 199 33046
x 0 33047
p 0 204 33047
x 0 33048
p 0 181 33048
x 0 33049
p 0 202 33049
x 0 33050
p 0 208 33050
x 0 33051
p 0 252 33051
x 0 33052
p 0 263 33052
x 0 33053
p 0 217 33053
x 0 33054
p 0 217 33054
x 0 33055
p 0 211 33055
x 0 33056
p 0 232 33056
x 0 33057
p 0 154 33057
x 0 33058
p 0 292 33058
x 0 33059
p 0 273 33059
x 0 33060
p 0 224 33060
x 0 33000
h 0 10.0.0.6
p 0 23026 33000
x 1 33001
h 1 10.0.0.6
p 1 891 33001
x 0 33002
p 0 183 33002
x 0 33003
p 0 176 33003
x 0 33004
p 0 181 33004
x 0 33005
p 0 177 33005
x 0 33006
p 0 210 33006
x 0 33007
p 0 175 33007
x 0 33008
p 0 177 33008
x 0 33009
p 0 176 33009
x 0 33010
p 0 171 33010
x 0 33011
p 0 194 33011
x 0 33012
p 0 169 33012
x 0 33013
p 0 169 33013
x 0 33014
p 0 182 33014
x 0 33015
p 0 176 33015
x 0 33016
p 0 176 33016
x 0 33017
p 0 181 33017
x 0 33018
p 0 137 33018
x 0 33019
p 0 141 33019
x 0 33020
p 0 141 33020
x 0 33021
p 0 178 33021
x 0 33022
p 0 179 33022
x 0 33023
p 0 143 33023
x 0 33024
p 0 203 33024
x 0 33025
p 0 141 33025
x 0 33026
p 0 180 33026
x 0 33027
p 0 208 33027
x 0 33028
p 0 211 33028
x 0 33029
p 0 177 33029
x 0 33030
p 0 174 33030
x 0 33031
p 0 134 33031
x 0 33032
p 0 184 33032
x 0 33033
p 0 133 33033
x 0 33034
p 0 177 33034
x 0 33035
p 0 177 33035
x 0 33036
p 0 179 33036
x 0 33037
p 0 136 33037
x 0 33038
p 0 141 33038
x 0 33039
p 0 220 33039
x 0 33040
p 0 136 33040
x 0 33041
p 0 173 33041
x 0 33042
p 0 224 33042
x 0 33043
p 0 231 33043
x 0 33044
p 0 201 33044
x 0 33045
p 0 205 33045
x 0 33046
p 0 203 33046
x 0 33047
p 0 202 33047
x 0 33048
p 0 199 33048
x 0 33049
p 0 216 33049
x 0 33050
p 0 206 33050
x 0 33051
p 0 207 33051
x 0 33052
p 0 205 33052
x 0 33053
p 0 203 33053
x 0 33054
p 0 214 33054
x 0 33055
p 0 231 33055
x 0 33056
p 0 257 33056
x 0 33057
p 0 243 33057
x 0 33058
p 0 200 33058
x 0 33059
p 0 224 33059
x 0 33060
p 0 210 33060
x 0 33000
h 0 10.0.0.6
p 0 23391 33000
x 1 33001
h 1 10.0.0.6
p 1 808 33001
x 0 33002
p 0 158 33002
x 0 33003
p 0 156 33003
x 0 33004
p 0 203 33004
x 0 33005
p 0 168 33005
x 0 33006
p 0 146 33006
x 0 33007
p 0 144 33007
x 0 33008
p 0 143 33008
x 0 33009
p 0 147 33009
x 0 33010
p 0 196 33010
x 0 33011
p 0 201 33011
x 0 33012
p 0 195 33012
x 0 33013
p 0 181 33013
x 0 33014
p 0 195 33014
x 0 33015
p 0 201 33015
x 0 33016
p 0 204 33016
x 0 33017
p 0 668 33017
x 0 33018
p 0 203 33018
x 0 33019
p 0 288 33019
x 0 33020
p 0 202 33020
x 0 33021
p 0 271 33021
x 0 33022
p 0 269 33022
x 0 33023
p 0 200 33023
x 0 33024
p 0 199 33024
x 0 33025
p 0 201 33025
x 0 33026
p 0 201 33026
x 0 33027
p 0 200 33027
x 0 33028
p 0 201 33028
x 0 33029
p 0 203 33029
x 0 33030
p 0 201 33030
x 0 33031
p 0 198 33031
x 0 33032
p 0 195 33032
x 0 33033
p 0 197 33033
x 0 33034
p 0 192 33034
x 0 33035
p 0 196 33035
x 0 33036
p 0 195 33036
x 0 33037
p 0 197 33037
x 0 33038
p 0 196 33038
x 0 33039
p 0 134 33039
x 0 33040
p 0 202 33040
x 0 33041
p 0 197 33041
x 0 33042
p 0 195 33042
x 0 33043
p 0 197 33043
x 0 33044
p 0 197 33044
x 0 33045
p 0 200 33045
x 0 33046
p 0 199 33046
x 0 33047
p 0 203 33047
x 0 33048
p 0 202 33048
x 0 33049
p 0 201 33049
x 0 33050
p 0 202 33050
x 0 33051
p 0 241 33051
x 0 33052
p 0 123 33052
x 0 33053
p 0 201 33053
x 0 33054
p 0 204 33054
x 0 33055
p 0 203 33055
x 0 33056
p 0 207 33056
x 0 33057
p 0 214 33057
x 0 33058
p 0 213 33058
x 0 33059
p 0 237 33059
x 0 33060
p 0 220 33060
x 0 33000
h 0 10.0.0.6
p 0 26140 33000
x 1 33001
h 1 10.0.0.6
p 1 765 33001
x 0 33002
p 0 195 33002
x 0 33003
p 0 199 33003
x 0 33004
p 0 211 33004
x 0 33005
p 0 165 33005
x 0 33006
p 0 163 33006
x 0 33007
p 0 191 33007
x 0 33008
p 0 163 33008
x 0 33009
p 0 162 33009
x 0 33010
p 0 158 33010
x 0 33011
p 0 161 33011
x 0 33012
p 0 162 33012
x 0 33013
p 0 162 33013
x 0 33014
p 0 162 33014
x 0 33015
p 0 158 33015
x 0 33016
p 0 158 33016
x 0 33017
p 0 158 33017
x 0 33018
p 0 160 33018
x 0 33019
p 0 188 33019
x 0 33020
p 0 158 33020
x 0 33021
p 0 160 33021
x 0 33022
p 0 160 33022
x 0 33023
p 0 240 33023
x 0 33024
p 0 231 33024
x 0 33025
p 0 162 33025
x 0 33026
p 0 161 33026
x 0 33027
p 0 190 33027
x 0 33028
p 0 190 33028
x 0 33029
p 0 294 33029
x 0 33030
p 0 152 33030
x 0 33031
p 0 224 33031
x 0 33032
p 0 201 33032
x 0 33033
p 0 202 33033
x 0 33034
p 0 200 33034
x 0 33035
p 0 207 33035
x 0 33036
p 0 199 33036
x 0 33037
p 0 203 33037
x 0 33038
p 0 237 33038
x 0 33039
p 0 199 33039
x 0 33040
p 0 224 33040
x 0 33041
p 0 213 33041
x 0 33042
p 0 217 33042
x 0 33043
p 0 215 33043
x 0 33044
p 0 208 33044
x 0 33045
p 0 214 33045
x 0 33046
p 0 210 33046
x 0 33047
p 0 209 33047
x 0 33048
p 0 211 33048
x 0 33049
p 0 211 33049
x 0 33050
p 0 206 33050
x 0 33051
p 0 211 33051
x 0 33052
p 0 227 33052
x 0 33053
p 0 214 33053
x 0 33054
p 0 215 33054
x 0 33055
p 0 215 33055
x 0 33056
p 0 213 33056
x 0 33057
p 0 213 33057
x 0 33058
p 0 222 33058
x 0 33059
p 0 217 33059
x 0 33060
p 0 217 33060
x 0 33000
h 0 10.0.0.6
p 0 23324 33000
x 1 33001
h 1 10.0.0.6
p 1 751 33001
x 0 33002
p 0 229 33002
x 0 33003
p 0 198 33003
x 0 33004
p 0 96 33004
x 0 33005
p 0 198 33005
x 0 33006
p 0 158 33006
x 0 33007
p 0 135 33007
x 0 33008
p 0 193 33008
x 0 33009
p 0 196 33009
x 0 33010
p 0 147 33010
x 0 33011
p 0 191 33011
x 0 33012
p 0 195 33012
x 0 33013
p 0 195 33013
x 0 33014
p 0 195 33014
x 0 33015
p 0 195 33015
x 0 33016
p 0 170 33016
x 0 33017
p 0 192 33017
x 0 33018
p 0 198 33018
x 0 33019
p 0 173 33019
x 0 33020
p 0 197 33020
x 0 33021
p 0 192 33021
x 0 33022
p 0 195 33022
x 0 33023
p 0 198 33023
x 0 33024
p 0 195 33024
x 0 33025
p 0 161 33025
x 0 33026
p 0 194 33026
x 0 33027
p 0 194 33027
x 0 33028
p 0 192 33028
x 0 33029
p 0 193 33029
x 0 33030
p 0 198 33030
x 0 33031
p 0 199 33031
x 0 33032
p 0 197 33032
x 0 33033
p 0 194 33033
x 0 33034
p 0 196 33034
x 0 33035
p 0 197 33035
x 0 33036
p 0 194 33036
x 0 33037
p 0 193 33037
x 0 33038
p 0 194 33038
x 0 33039
p 0 194 33039
x 0 33040
p 0 223 33040
x 0 33041
p 0 208 33041
x 0 33042
p 0 210 33042
x 0 33043
p 0 206 33043
x 0 33044
p 0 211 33044
x 0 33045
p 0 214 33045
x 0 33046
p 0 210 33046
x 0 33047
p 0 209 33047
x 0 33048
p 0 205 33048
x 0 33049
p 0 201 33049
x 0 33050
p 0 202 33050
x 0 33051
p 0 198 33051
x 0 33052
p 0 197 33052
x 0 33053
p 0 203 33053
x 0 33054
p 0 204 33054
x 0 33055
p 0 211 33055
x 0 33056
p 0 203 33056
x 0 33057
p 0 200 33057
x 0 33058
p 0 200 33058
x 0 33059
p 0 216 33059
x 0 33060
p 0 225 33060
x 0 33000
h 0 10.0.0.6
p 0 23870 33000
x 1 33001
h 1 10.0.0.6
p 1 734 33001
x 0 33002
p 0 228 33002
x 0 33003
p 0 201 33003
x 0 33004
p 0 223 33004
x 0 33005
p 0 195 33005
x 0 33006
p 0 192 33006
x 0 33007
p 0 189 33007
x 0 33008
p 0 192 33008
x 0 33009
p 0 192 33009
x 0 33010
p 0 194 33010
x 0 33011
p 0 187 33011
x 0 33012
p 0 193 33012
x 0 33013
p 0 255 33013
x 0 33014
p 0 169 33014
x 0 33015
p 0 166 33015
x 0 33016
p 0 164 33016
x 0 33017
p 0 166 33017
x 0 33018
p 0 324 33018
x 0 33019
p 0 316 33019
x 0 33020
p 0 330 33020
x 0 33021
p 0 237 33021
x 0 33022
p 0 135 33022
x 0 33023
p 0 188 33023
x 0 33024
p 0 165 33024
x 0 33025
p 0 193 33025
x 0 33026
p 0 246 33026
x 0 33027
p 0 164 33027
x 0 33028
p 0 185 33028
x 0 33029
p 0 190 33029
x 0 33030
p 0 190 33030
x 0 33031
p 0 257 33031
x 0 33032
p 0 193 33032
x 0 33033
p 0 195 33033
x 0 33034
p 0 328 33034
x 0 33035
p 0 243 33035
x 0 33036
p 0 199 33036
x 0 33037
p 0 175 33037
x 0 33038
p 0 167 33038
x 0 33039
p 0 190 33039
x 0 33040
p 0 221 33040
x 0 33041
p 0 127 33041
x 0 33042
p 0 151 33042
x 0 33043
p 0 161 33043
x 0 33044
p 0 160 33044
x 0 33045
p 0 158 33045
x 0 33046
p 0 119 33046
x 0 33047
p 0 148 33047
x 0 33048
p 0 142 33048
x 0 33049
p 0 138 33049
x 0 33050
p 0 190 33050
x 0 33051
p 0 100 33051
x 0 33052
p 0 191 33052
x 0 33053
p 0 196 33053
x 0 33054
p 0 201 33054
x 0 33055
p 0 286 33055
x 0 33056
p 0 224 33056
x 0 33057
p 0 213 33057
x 0 33058
p 0 199 33058
x 0 33059
p 0 206 33059
x 0 33060
p 0 211 33060
x 0 33000
h 0 10.0.0.6
p 0 23284 33000
x 1 33001
h 1 10.0.0.6
p 1 845 33001
x 0 33002
p 0 203 33002
x 0 33003
p 0 248 33003
x 0 33004
p 0 264 33004
x 0 33005
p 0 245 33005
x 0 33006
p 0 230 33006
x 0 33007
p 0 191 33007
x 0 33008
p 0 197 33008
x 0 33009
p 0 197 33009
x 0 33010
p 0 196 33010
x 0 33011
p 0 194 33011
x 0 33012
p 0 241 33012
x 0 33013
p 0 203 33013
x 0 33014
p 0 202 33014
x 0 33015
p 0 202 33015
x 0 33016
p 0 197 33016
x 0 33017
p 0 201 33017
x 0 33018
p 0 202 33018
x 0 33019
p 0 200 33019
x 0 33020
p 0 203 33020
x 0 33021
p 0 200 33021
x 0 33022
p 0 198 33022
x 0 33023
p 0 199 33023
x 0 33024
p 0 195 33024
x 0 33025
p 0 198 33025
x 0 33026
p 0 195 33026
x 0 33027
p 0 201 33027
x 0 33028
p 0 199 33028
x 0 33029
p 0 198 33029
x 0 33030
p 0 196 33030
x 0 33031
p 0 200 33031
x 0 33032
p 0 197 33032
x 0 33033
p 0 198 33033
x 0 33034
p 0 195 33034
x 0 33035
p 0 198 33035
x 0 33036
p 0 197 33036
x 0 33037
p 0 194 33037
x 0 33038
p 0 250 33038
x 0 33039
p 0 196 33039
x 0 33040
p 0 198 33040
x 0 33041
p 0 198 33041
x 0 33042
p 0 200 33042
x 0 33043
p 0 200 33043
x 0 33044
p 0 199 33044
x 0 33045
p 0 202 33045
x 0 33046
p 0 198 33046
x 0 33047
p 0 202 33047
x 0 33048
p 0 233 33048
x 0 33049
p 0 200 33049
x 0 33050
p 0 197 33050
x 0 33051
p 0 204 33051
x 0 33052
p 0 203 33052
x 0 33053
p 0 215 33053
x 0 33054
p 0 209 33054
x 0 33055
p 0 207 33055
x 0 33056
p 0 231 33056
x 0 33057
p 0 215 33057
x 0 33058
p 0 226 33058
x 0 33059
p 0 212 33059
x 0 33060
p 0 209 33060
x 0 33000
h 0 10.0.0.6
p 0 23720 33000
x 1 33001
h 1 10.0.0.6
p 1 777 33001
x 0 33002
p 0 227 33002
x 0 33003
p 0 197 33003
x 0 33004
p 0 196 33004
x 0 33005
p 0 189 33005
x 0 33006
p 0 163 33006
x 0 33007
p 0 189 33007
x 0 33008
p 0 176 33008
x 0 33009
p 0 189 33009
x 0 33010
p 0 164 33010
x 0 33011
p 0 265 33011
x 0 33012
p 0 192 33012
x 0 33013
p 0 163 33013
x 0 33014
p 0 170 33014
x 0 33015
p 0 193 33015
x 0 33016
p 0 161 33016
x 0 33017
p 0 162 33017
x 0 33018
p 0 160 33018
x 0 33019
p 0 159 33019
x 0 33020
p 0 161 33020
x 0 33021
p 0 165 33021
x 0 33022
p 0 158 33022
x 0 33023
p 0 85 33023
x 0 33024
p 0 136 33024
x 0 33025
p 0 141 33025
x 0 33026
p 0 248 33026
x 0 33027
p 0 198 33027
x 0 33028
p 0 193 33028
x 0 33029
p 0 196 33029
x 0 33030
p 0 200 33030
x 0 33031
p 0 199 33031
x 0 33032
p 0 200 33032
x 0 33033
p 0 197 33033
x 0 33034
p 0 159 33034
x 0 33035
p 0 163 33035
x 0 33036
p 0 225 33036
x 0 33037
p 0 166 33037
x 0 33038
p 0 154 33038
x 0 33039
p 0 159 33039
x 0 33040
p 0 150 33040
x 0 33041
p 0 148 33041
x 0 33042
p 0 144 33042
x 0 33043
p 0 146 33043
x 0 33044
p 0 152 33044
x 0 33045
p 0 155 33045
x 0 33046
p 0 145 33046
x 0 33047
p 0 149 33047
x 0 33048
p 0 173 33048
x 0 33049
p 0 151 33049
x 0 33050
p 0 585 33050
x 0 33051
p 0 207 33051
x 0 33052
p 0 204 33052
x 0 33053
p 0 148 33053
x 0 33054
p 0 263 33054
x 0 33055
p 0 153 33055
x 0 33056
p 0 203 33056
x 0 33057
p 0 207 33057
x 0 33058
p 0 202 33058
x 0 33059
p 0 210 33059
x 0 33060
p 0 225 33060
x 0 33000
h 0 10.0.0.6
p 0 24094 33000
x 1 33001
h 1 10.0.0.6
p 1 826 33001
x 0 33002
p 0 222 33002
x 0 33003
p 0 201 33003
x 0 33004
p 0 236 33004
x 0 33005
p 0 201 33005
x 0 33006
p 0 238 33006
x 0 33007
p 0 192 33007
x 0 33008
p 0 197 33008
x 0 33009
p 0 196 33009
x 0 33010
p 0 195 33010
x 0 33011
p 0 234 33011
x 0 33012
p 0 197 33012
x 0 33013
p 0 199 33013
x 0 33014
p 0 195 33014
x 0 33015
p 0 193 33015
x 0 33016
p 0 190 33016
x 0 33017
p 0 194 33017
x 0 33018
p 0 196 33018
x 0 33019
p 0 193 33019
x 0 33020
p 0 223 33020
x 0 33021
p 0 193 33021
x 0 33022
p 0 194 33022
x 0 33023
p 0 192 33023
x 0 33024
p 0 192 33024
x 0 33025
p 0 227 33025
x 0 33026
p 0 194 33026
x 0 33027
p 0 198 33027
x 0 33028
p 0 198 33028
x 0 33029
p 0 199 33029
x 0 33030
p 0 191 33030
x 0 33031
p 0 196 33031
x 0 33032
p 0 201 33032
x 0 33033
p 0 197 33033
x 0 33034
p 0 194 33034
x 0 33035
p 0 192 33035
x 0 33036
p 0 194 33036
x 0 33037
p 0 196 33037
x 0 33038
p 0 198 33038
x 0 33039
p 0 206 33039
x 0 33040
p 0 234 33040
x 0 33041
p 0 198 33041
x 0 33042
p 0 203 33042
x 0 33043
p 0 201 33043
x 0 33044
p 0 197 33044
x 0 33045
p 0 194 33045
x 0 33046
p 0 203 33046
x 0 33047
p 0 254 33047
x 0 33048
p 0 221 33048
x 0 33049
p 0 220 33049
x 0 33050
p 0 202 33050
x 0 33051
p 0 203 33051
x 0 33052
p 0 249 33052
x 0 33053
p 0 222 33053
x 0 33054
p 0 210 33054
x 0 33055
p 0 199 33055
x 0 33056
p 0 208 33056
x 0 33057
p 0 216 33057
x 0 33058
p 0 213 33058
x 0 33059
p 0 228 33059
x 0 33060
p 0 194 33060
x 0 33000
h 0 10.0.0.6
p 0 23573 33000
x 1 33001
h 1 10.0.0.6
p 1 773 33001
x 0 33002
p 0 192 33002
x 0 33003
p 0 259 33003
x 0 33004
p 0 200 33004
x 0 33005
p 0 199 33005
x 0 33006
p 0 199 33006
x 0 33007
p 0 231 33007
x 0 33008
p 0 203 33008
x 0 33009
p 0 195 33009
x 0 33010
p 0 200 33010
x 0 33011
p 0 217 33011
x 0 33012
p 0 195 33012
x 0 33013
p 0 250 33013
x 0 33014
p 0 201 33014
x 0 33015
p 0 197 33015
x 0 33016
p 0 196 33016
x 0 33017
p 0 203 33017
x 0 33018
p 0 195 33018
x 0 33019
p 0 199 33019
x 0 33020
p 0 199 33020
x 0 33021
p 0 199 33021
x 0 33022
p 0 197 33022
x 0 33023
p 0 191 33023
x 0 33024
p 0 194 33024
x 0 33025
p 0 198 33025
x 0 33026
p 0 197 33026
x 0 33027
p 0 189 33027
x 0 33028
p 0 192 33028
x 0 33029
p 0 192 33029
x 0 33030
p 0 165 33030
x 0 33031
p 0 77 33031
x 0 33032
p 0 192 33032
x 0 33033
p 0 261 33033
x 0 33034
p 0 194 33034
x 0 33035
p 0 251 33035
x 0 33036
p 0 253 33036
x 0 33037
p 0 199 33037
x 0 33038
p 0 195 33038
x 0 33039
p 0 190 33039
x 0 33040
p 0 191 33040
x 0 33041
p 0 191 33041
x 0 33042
p 0 184 33042
x 0 33043
p 0 190 33043
x 0 33044
p 0 196 33044
x 0 33045
p 0 193 33045
x 0 33046
p 0 192 33046
x 0 33047
p 0 200 33047
x 0 33048
p 0 210 33048
x 0 33049
p 0 195 33049
x 0 33050
p 0 196 33050
x 0 33051
p 0 196 33051
x 0 33052
p 0 196 33052
x 0 33053
p 0 194 33053
x 0 33054
p 0 199 33054
x 0 33055
p 0 223 33055
x 0 33056
p 0 208 33056
x 0 33057
p 0 208 33057
x 0 33058
p 0 205 33058
x 0 33059
p 0 201 33059
x 0 33060
p 0 204 33060
x 0 33000
h 0 10.0.0.6
p 0 24028 33000
x 1 33001
h 1 10.0.0.6
p 1 876 33001
x 0 33002
p 0 213 33002
x 0 33003
p 0 242 33003
x 0 33004
p 0 239 33004
x 0 33005
p 0 209 33005
x 0 33006
p 0 230 33006
x 0 33007
p 0 194 33007
x 0 33008
p 0 194 33008
x 0 33009
p 0 194 33009
x 0 33010
p 0 265 33010
x 0 33011
p 0 198 33011
x 0 33012
p 0 201 33012
x 0 33013
p 0 194 33013
x 0 33014
p 0 195 33014
x 0 33015
p 0 193 33015
x 0 33016
p 0 198 33016
x 0 33017
p 0 194 33017
x 0 33018
p 0 194 33018
x 0 33019
p 0 192 33019
x 0 33020
p 0 194 33020
x 0 33021
p 0 194 33021
x 0 33022
p 0 195 33022
x 0 33023
p 0 193 33023
x 0 33024
p 0 190 33024
x 0 33025
p 0 195 33025
x 0 33026
p 0 206 33026
x 0 33027
p 0 295 33027
x 0 33028
p 0 241 33028
x 0 33029
p 0 214 33029
x 0 33030
p 0 192 33030
x 0 33031
p 0 236 33031
x 0 33032
p 0 194 33032
x 0 33033
p 0 192 33033
x 0 33034
p 0 193 33034
x 0 33035
p 0 203 33035
x 0 33036
p 0 196 33036
x 0 33037
p 0 195 33037
x 0 33038
p 0 193 33038
x 0 33039
p 0 193 33039
x 0 33040
p 0 193 33040
x 0 33041
p 0 195 33041
x 0 33042
p 0 212 33042
x 0 33043
p 0 213 33043
x 0 33044
p 0 191 33044
x 0 33045
p 0 196 33045
x 0 33046
p 0 194 33046
x 0 33047
p 0 193 33047
x 0 33048
p 0 196 33048
x 0 33049
p 0 219 33049
x 0 33050
p 0 210 33050
x 0 33051
p 0 212 33051
x 0 33052
p 0 251 33052
x 0 33053
p 0 223 33053
x 0 33054
p 0 201 33054
x 0 33055
p 0 206 33055
x 0 33056
p 0 202 33056
x 0 33057
p 0 230 33057
x 0 33058
p 0 195 33058
x 0 33059
p 0 156 33059
x 0 33060
p 0 199 33060
x 0 33000
h 0 10.0.0.6
p 0 23753 33000
x 1 33001
h 1 10.0.0.6
p 1 925 33001
x 0 33002
p 0 261 33002
x 0 33003
p 0 194 33003
x 0 33004
p 0 225 33004
x 0 33005
p 0 197 33005
x 0 33006
p 0 195 33006
x 0 33007
p 0 192 33007
x 0 33008
p 0 227 33008
x 0 33009
p 0 195 33009
x 0 33010
p 0 196 33010
x 0 33011
p 0 196 33011
x 0 33012
p 0 196 33012
x 0 33013
p 0 197 33013
x 0 33014
p 0 262 33014
x 0 33015
p 0 243 33015
x 0 33016
p 0 203 33016
x 0 33017
p 0 203 33017
x 0 33018
p 0 197 33018
x 0 33019
p 0 197 33019
x 0 33020
p 0 170 33020
x 0 33021
p 0 193 33021
x 0 33022
p 0 193 33022
x 0 33023
p 0 194 33023
x 0 33024
p 0 192 33024
x 0 33025
p 0 196 33025
x 0 33026
p 0 192 33026
x 0 33027
p 0 194 33027
x 0 33028
p 0 195 33028
x 0 33029
p 0 159 33029
x 0 33030
p 0 194 33030
x 0 33031
p 0 193 33031
x 0 33032
p 0 191 33032
x 0 33033
p 0 193 33033
x 0 33034
p 0 190 33034
x 0 33035
p 0 191 33035
x 0 33036
p 0 194 33036
x 0 33037
p 0 193 33037
x 0 33038
p 0 172 33038
x 0 33039
p 0 48 33039
x 0 33040
p 0 196 33040
x 0 33041
p 0 234 33041
x 0 33042
p 0 199 33042
x 0 33043
p 0 192 33043
x 0 33044
p 0 282 33044
x 0 33045
p 0 324 33045
x 0 33046
p 0 195 33046
x 0 33047
p 0 194 33047
x 0 33048
p 0 153 33048
x 0 33049
p 0 141 33049
x 0 33050
p 0 277 33050
x 0 33051
p 0 192 33051
x 0 33052
p 0 285 33052
x 0 33053
p 0 291 33053
x 0 33054
p 0 198 33054
x 0 33055
p 0 277 33055
x 0 33056
p 0 282 33056
x 0 33057
p 0 199 33057
x 0 33058
p 0 205 33058
x 0 33059
p 0 216 33059
x 0 33060
p 0 201 33060
x 0 33000
h 0 10.0.0.6
p 0 22970 33000
x 1 33001
h 1 10.0.0.6
p 1 801 33001
x 0 33002
p 0 200 33002
x 0 33003
p 0 209 33003
x 0 33004
p 0 194 33004
x 0 33005
p 0 194 33005
x 0 33006
p 0 153 33006
x 0 33007
p 0 160 33007
x 0 33008
p 0 158 33008
x 0 33009
p 0 200 33009
x 0 33010
p 0 158 33010
x 0 33011
p 0 194 33011
x 0 33012
p 0 199 33012
x 0 33013
p 0 194 33013
x 0 33014
p 0 140 33014
x 0 33015
p 0 142 33015
x 0 33016
p 0 196 33016
x 0 33017
p 0 199 33017
x 0 33018
p 0 141 33018
x 0 33019
p 0 205 33019
x 0 33020
p 0 144 33020
x 0 33021
p 0 195 33021
x 0 33022
p 0 141 33022
x 0 33023
p 0 194 33023
x 0 33024
p 0 141 33024
x 0 33025
p 0 202 33025
x 0 33026
p 0 141 33026
x 0 33027
p 0 143 33027
x 0 33028
p 0 248 33028
x 0 33029
p 0 144 33029
x 0 33030
p 0 201 33030
x 0 33031
p 0 200 33031
x 0 33032
p 0 237 33032
x 0 33033
p 0 232 33033
x 0 33034
p 0 195 33034
x 0 33035
p 0 198 33035
x 0 33036
p 0 198 33036
x 0 33037
p 0 195 33037
x 0 33038
p 0 193 33038
x 0 33039
p 0 248 33039
x 0 33040
p 0 197 33040
x 0 33041
p 0 197 33041
x 0 33042
p 0 201 33042
x 0 33043
p 0 198 33043
x 0 33044
p 0 195 33044
x 0 33045
p 0 206 33045
x 0 33046
p 0 245 33046
x 0 33047
p 0 206 33047
x 0 33048
p 0 199 33048
x 0 33049
p 0 204 33049
x 0 33050
p 0 207 33050
x 0 33051
p 0 200 33051
x 0 33052
p 0 209 33052
x 0 33053
p 0 288 33053
x 0 33054
p 0 198 33054
x 0 33055
p 0 208 33055
x 0 33056
p 0 197 33056
x 0 33057
p 0 203 33057
x 0 33058
p 0 200 33058
x 0 33059
p 0 240 33059
x 0 33060
p 0 328 33060
x 0 33000
h 0 10.0.0.6
p 0 23451 33000
x 1 33001
h 1 10.0.0.6
p 1 852 33001
x 0 33002
p 0 193 33002
x 0 33003
p 0 169 33003
x 0 33004
p 0 171 33004
x 0 33005
p 0 192 33005
x 0 33006
p 0 174 33006
x 0 33007
p 0 169 33007
x 0 33008
p 0 195 33008
x 0 33009
p 0 175 33009
x 0 33010
p 0 173 33010
x 0 33011
p 0 169 33011
x 0 33012
p 0 169 33012
x 0 33013
p 0 195 33013
x 0 33014
p 0 195 33014
x 0 33015
p 0 168 33015
x 0 33016
p 0 207 33016
x 0 33017
p 0 169 33017
x 0 33018
p 0 129 33018
x 0 33019
p 0 194 33019
x 0 33020
p 0 168 33020
x 0 33021
p 0 176 33021
x 0 33022
p 0 170 33022
x 0 33023
p 0 167 33023
x 0 33024
p 0 168 33024
x 0 33025
p 0 172 33025
x 0 33026
p 0 170 33026
x 0 33027
p 0 207 33027
x 0 33028
p 0 168 33028
x 0 33029
p 0 171 33029
x 0 33030
p 0 169 33030
x 0 33031
p 0 168 33031
x 0 33032
p 0 182 33032
x 0 33033
p 0 166 33033
x 0 33034
p 0 196 33034
x 0 33035
p 0 202 33035
x 0 33036
p 0 197 33036
x 0 33037
p 0 195 33037
x 0 33038
p 0 196 33038
x 0 33039
p 0 198 33039
x 0 33040
p 0 195 33040
x 0 33041
p 0 196 33041
x 0 33042
p 0 194 33042
x 0 33043
p 0 199 33043
x 0 33044
p 0 195 33044
x 0 33045
p 0 204 33045
x 0 33046
p 0 213 33046
x 0 33047
p 0 222 33047
x 0 33048
p 0 198 33048
x 0 33049
p 0 207 33049
x 0 33050
p 0 209 33050
x 0 33051
p 0 219 33051
x 0 33052
p 0 206 33052
x 0 33053
p 0 219 33053
x 0 33054
p 0 205 33054
x 0 33055
p 0 231 33055
x 0 33056
p 0 215 33056
x 0 33057
p 0 199 33057
x 0 33058
p 0 212 33058
x 0 33059
p 0 253 33059
x 0 33060
p 0 243 33060
x 0 33000
h 0 10.0.0.6
p 0 23635 33000
x 1 33001
h 1 10.0.0.6
p 1 753 33001
x 0 33002
p 0 196 33002
x 0 33003
p 0 225 33003
x 0 33004
p 0 191 33004
x 0 33005
p 0 217 33005
x 0 33006
p 0 192 33006
x 0 33007
p 0 191 33007
x 0 33008
p 0 193 33008
x 0 33009
p 0 191 33009
x 0 33010
p 0 193 33010
x 0 33011
p 0 217 33011
x 0 33012
p 0 191 33012
x 0 33013
p 0 193 33013
x 0 33014
p 0 193 33014
x 0 33015
p 0 193 33015
x 0 33016
p 0 192 33016
x 0 33017
p 0 191 33017
x 0 33018
p 0 195 33018
x 0 33019
p 0 195 33019
x 0 33020
p 0 191 33020
x 0 33021
p 0 192 33021
x 0 33022
p 0 193 33022
x 0 33023
p 0 193 33023
x 0 33024
p 0 194 33024
x 0 33025
p 0 194 33025
x 0 33026
p 0 192 33026
x 0 33027
p 0 195 33027
x 0 33028
p 0 194 33028
x 0 33029
p 0 193 33029
x 0 33030
p 0 193 33030
x 0 33031
p 0 197 33031
x 0 33032
p 0 195 33032
x 0 33033
p 0 192 33033
x 0 33034
p 0 193 33034
x 0 33035
p 0 193 33035
x 0 33036
p 0 197 33036
x 0 33037
p 0 198 33037
x 0 33038
p 0 198 33038
x 0 33039
p 0 194 33039
x 0 33040
p 0 194 33040
x 0 33041
p 0 199 33041
x 0 33042
p 0 195 33042
x 0 33043
p 0 198 33043
x 0 33044
p 0 196 33044
x 0 33045
p 0 195 33045
x 0 33046
p 0 200 33046
x 0 33047
p 0 201 33047
x 0 33048
p 0 203 33048
x 0 33049
p 0 234 33049
x 0 33050
p 0 195 33050
x 0 33051
p 0 200 33051
x 0 33052
p 0 199 33052
x 0 33053
p 0 202 33053
x 0 33054
p 0 205 33054
x 0 33055
p 0 250 33055
x 0 33056
p 0 204 33056
x 0 33057
p 0 209 33057
x 0 33058
p 0 220 33058
x 0 33059
p 0 255 33059
x 0 33060
p 0 205 33060
x 0 33000
h 0 10.0.0.6
p 0 23770 33000
x 1 33001
h 1 10.0.0.6
p 1 757 33001
x 0 33002
p 0 195 33002
x 0 33003
p 0 195 33003
x 0 33004
p 0 196 33004
x 0 33005
p 0 196 33005
x 0 33006
p 0 191 33006
x 0 33007
p 0 195 33007
x 0 33008
p 0 191 33008
x 0 33009
p 0 190 33009
x 0 33010
p 0 191 33010
x 0 33011
p 0 163 33011
x 0 33012
p 0 160 33012
x 0 33013
p 0 165 33013
x 0 33014
p 0 192 33014
x 0 33015
p 0 160 33015
x 0 33016
p 0 189 33016
x 0 33017
p 0 193 33017
x 0 33018
p 0 189 33018
x 0 33019
p 0 161 33019
x 0 33020
p 0 190 33020
x 0 33021
p 0 160 33021
x 0 33022
p 0 193 33022
x 0 33023
p 0 172 33023
x 0 33024
p 0 190 33024
x 0 33025
p 0 194 33025
x 0 33026
p 0 190 33026
x 0 33027
p 0 161 33027
x 0 33028
p 0 190 33028
x 0 33029
p 0 192 33029
x 0 33030
p 0 190 33030
x 0 33031
p 0 192 33031
x 0 33032
p 0 194 33032
x 0 33033
p 0 194 33033
x 0 33034
p 0 192 33034
x 0 33035
p 0 192 33035
x 0 33036
p 0 162 33036
x 0 33037
p 0 165 33037
x 0 33038
p 0 193 33038
x 0 33039
p 0 190 33039
x 0 33040
p 0 162 33040
x 0 33041
p 0 189 33041
x 0 33042
p 0 192 33042
x 0 33043
p 0 159 33043
x 0 33044
p 0 183 33044
x 0 33045
p 0 195 33045
x 0 33046
p 0 194 33046
x 0 33047
p 0 196 33047
x 0 33048
p 0 193 33048
x 0 33049
p 0 193 33049
x 0 33050
p 0 195 33050
x 0 33051
p 0 197 33051
x 0 33052
p 0 195 33052
x 0 33053
p 0 193 33053
x 0 33054
p 0 194 33054
x 0 33055
p 0 195 33055
x 0 33056
p 0 195 33056
x 0 33057
p 0 197 33057
x 0 33058
p 0 190 33058
x 0 33059
p 0 176 33059
x 0 33060
p 0 216 33060
x 0 33000
h 0 10.0.0.6
p 0 24223 33000
x 1 33001
h 1 10.0.0.6
p 1 861 33001
x 0 33002
p 0 153 33002
x 0 33003
p 0 203 33003
x 0 33004
p 0 204 33004
x 0 33005
p 0 304 33005
x 0 33006
p 0 345 33006
x 0 33007
p 0 316 33007
x 0 33008
p 0 198 33008
x 0 33009
p 0 199 33009
x 0 33010
p 0 14871 33010
x 0 33011
p 0 386 33011
x 0 33012
p 0 348 33012
x 0 33013
p 0 335 33013
x 0 33014
p 0 344 33014
x 0 33015
p 0 387 33015
x 0 33016
p 0 340 33016
x 0 33017
p 0 340 33017
x 0 33018
p 0 336 33018
x 0 33019
p 0 249 33019
x 0 33020
p 0 351 33020
x 0 33021
p 0 334 33021
x 0 33022
p 0 203 33022
x 0 33023
p 0 388 33023
x 0 33024
p 0 341 33024
x 0 33025
p 0 337 33025
x 0 33026
p 0 195 33026
x 0 33027
p 0 388 33027
x 0 33028
p 0 315 33028
x 0 33029
p 0 349 33029
x 0 33030
p 0 335 33030
x 0 33031
p 0 326 33031
x 0 33032
p 0 386 33032
x 0 33033
p 0 335 33033
x 0 33034
p 0 333 33034
x 0 33035
p 0 335 33035
x 0 33036
p 0 381 33036
x 0 33037
p 0 339 33037
x 0 33038
p 0 336 33038
x 0 33039
p 0 334 33039
x 0 33040
p 0 392 33040
x 0 33041
p 0 339 33041
x 0 33042
p 0 334 33042
x 0 33043
p 0 332 33043
x 0 33044
p 0 420 33044
x 0 33045
p 0 342 33045
x 0 33046
p 0 341 33046
x 0 33047
p 0 342 33047
x 0 33048
p 0 384 33048
x 0 33049
p 0 343 33049
x 0 33050
p 0 338 33050
x 0 33051
p 0 279 33051
x 0 33052
p 0 405 33052
x 0 33053
p 0 315 33053
x 0 33054
p 0 364 33054
x 0 33055
p 0 219 33055
x 0 33056
p 0 219 33056
x 0 33057
p 0 291 33057
x 0 33058
p 0 196 33058
x 0 33059
p 0 198 33059
x 0 33060
p 0 192 33060
x 0 33000
h 0 10.0.0.6
p 0 23234 33000
x 1 33001
h 1 10.0.0.6
p 1 860 33001
x 0 33002
p 0 238 33002
x 0 33003
p 0 197 33003
x 0 33004
p 0 230 33004
x 0 33005
p 0 194 33005
x 0 33006
p 0 192 33006
x 0 33007
p 0 188 33007
x 0 33008
p 0 162 33008
x 0 33009
p 0 159 33009
x 0 33010
p 0 193 33010
x 0 33011
p 0 223 33011
x 0 33012
p 0 225 33012
x 0 33013
p 0 223 33013
x 0 33014
p 0 142 33014
x 0 33015
p 0 195 33015
x 0 33016
p 0 193 33016
x 0 33017
p 0 192 33017
x 0 33018
p 0 199 33018
x 0 33019
p 0 196 33019
x 0 33020
p 0 192 33020
x 0 33021
p 0 197 33021
x 0 33022
p 0 192 33022
x 0 33023
p 0 194 33023
x 0 33024
p 0 197 33024
x 0 33025
p 0 196 33025
x 0 33026
p 0 192 33026
x 0 33027
p 0 197 33027
x 0 33028
p 0 199 33028
x 0 33029
p 0 199 33029
x 0 33030
p 0 272 33030
x 0 33031
p 0 194 33031
x 0 33032
p 0 191 33032
x 0 33033
p 0 195 33033
x 0 33034
p 0 198 33034
x 0 33035
p 0 194 33035
x 0 33036
p 0 194 33036
x 0 33037
p 0 195 33037
x 0 33038
p 0 273 33038
x 0 33039
p 0 197 33039
x 0 33040
p 0 196 33040
x 0 33041
p 0 196 33041
x 0 33042
p 0 190 33042
x 0 33043
p 0 195 33043
x 0 33044
p 0 198 33044
x 0 33045
p 0 192 33045
x 0 33046
p 0 325 33046
x 0 33047
p 0 190 33047
x 0 33048
p 0 219 33048
x 0 33049
p 0 201 33049
x 0 33050
p 0 200 33050
x 0 33051
p 0 196 33051
x 0 33052
p 0 203 33052
x 0 33053
p 0 195 33053
x 0 33054
p 0 212 33054
x 0 33055
p 0 201 33055
x 0 33056
p 0 202 33056
x 0 33057
p 0 198 33057
x 0 33058
p 0 200 33058
x 0 33059
p 0 248 33059
x 0 33060
p 0 207 33060
x 0 33000
h 0 10.0.0.6
p 0 23935 33000
x 1 33001
h 1 10.0.0.6
p 1 734 33001
x 0 33002
p 0 193 33002
x 0 33003
p 0 147 33003
x 0 33004
p 0 149 33004
x 0 33005
p 0 197 33005
x 0 33006
p 0 195 33006
x 0 33007
p 0 235 33007
x 0 33008
p 0 190 33008
x 0 33009
p 0 190 33009
x 0 33010
p 0 191 33010
x 0 33011
p 0 196 33011
x 0 33012
p 0 194 33012
x 0 33013
p 0 192 33013
x 0 33014
p 0 191 33014
x 0 33015
p 0 171 33015
x 0 33016
p 0 192 33016
x 0 33017
p 0 190 33017
x 0 33018
p 0 193 33018
x 0 33019
p 0 193 33019
x 0 33020
p 0 147 33020
x 0 33021
p 0 196 33021
x 0 33022
p 0 194 33022
x 0 33023
p 0 108 33023
x 0 33024
p 0 285 33024
x 0 33025
p 0 192 33025
x 0 33026
p 0 161 33026
x 0 33027
p 0 197 33027
x 0 33028
p 0 196 33028
x 0 33029
p 0 174 33029
x 0 33030
p 0 273 33030
x 0 33031
p 0 197 33031
x 0 33032
p 0 195 33032
x 0 33033
p 0 192 33033
x 0 33034
p 0 193 33034
x 0 33035
p 0 192 33035
x 0 33036
p 0 284 33036
x 0 33037
p 0 194 33037
x 0 33038
p 0 191 33038
x 0 33039
p 0 191 33039
x 0 33040
p 0 193 33040
x 0 33041
p 0 196 33041
x 0 33042
p 0 198 33042
x 0 33043
p 0 192 33043
x 0 33044
p 0 251 33044
x 0 33045
p 0 250 33045
x 0 33046
p 0 192 33046
x 0 33047
p 0 195 33047
x 0 33048
p 0 193 33048
x 0 33049
p 0 224 33049
x 0 33050
p 0 196 33050
x 0 33051
p 0 163 33051
x 0 33052
p 0 198 33052
x 0 33053
p 0 205 33053
x 0 33054
p 0 290 33054
x 0 33055
p 0 201 33055
x 0 33056
p 0 208 33056
x 0 33057
p 0 208 33057
x 0 33058
p 0 198 33058
x 0 33059
p 0 212 33059
x 0 33060
p 0 235 33060
x 0 33000
h 0 10.0.0.6
p 0 23619 33000
x 1 33001
h 1 10.0.0.6
p 1 813 33001
x 0 33002
p 0 206 33002
x 0 33003
p 0 198 33003
x 0 33004
p 0 200 33004
x 0 33005
p 0 232 33005
x 0 33006
p 0 197 33006
x 0 33007
p 0 197 33007
x 0 33008
p 0 192 33008
x 0 33009
p 0 194 33009
x 0 33010
p 0 193 33010
x 0 33011
p 0 192 33011
x 0 33012
p 0 196 33012
x 0 33013
p 0 197 33013
x 0 33014
p 0 195 33014
x 0 33015
p 0 197 33015
x 0 33016
p 0 199 33016
x 0 33017
p 0 195 33017
x 0 33018
p 0 194 33018
x 0 33019
p 0 178 33019
x 0 33020
p 0 194 33020
x 0 33021
p 0 197 33021
x 0 33022
p 0 195 33022
x 0 33023
p 0 193 33023
x 0 33024
p 0 196 33024
x 0 33025
p 0 199 33025
x 0 33026
p 0 197 33026
x 0 33027
p 0 195 33027
x 0 33028
p 0 195 33028
x 0 33029
p 0 198 33029
x 0 33030
p 0 199 33030
x 0 33031
p 0 196 33031
x 0 33032
p 0 196 33032
x 0 33033
p 0 185 33033
x 0 33034
p 0 194 33034
x 0 33035
p 0 196 33035
x 0 33036
p 0 200 33036
x 0 33037
p 0 202 33037
x 0 33038
p 0 203 33038
x 0 33039
p 0 197 33039
x 0 33040
p 0 197 33040
x 0 33041
p 0 197 33041
x 0 33042
p 0 203 33042
x 0 33043
p 0 193 33043
x 0 33044
p 0 196 33044
x 0 33045
p 0 201 33045
x 0 33046
p 0 197 33046
x 0 33047
p 0 195 33047
x 0 33048
p 0 195 33048
x 0 33049
p 0 168 33049
x 0 33050
p 0 199 33050
x 0 33051
p 0 197 33051
x 0 33052
p 0 203 33052
x 0 33053
p 0 166 33053
x 0 33054
p 0 200 33054
x 0 33055
p 0 198 33055
x 0 33056
p 0 169 33056
x 0 33057
p 0 203 33057
x 0 33058
p 0 199 33058
x 0 33059
p 0 207 33059
x 0 33060
p 0 219 33060
x 0 33000
h 0 10.0.0.6
p 0 23531 33000
x 1 33001
h 1 10.0.0.6
p 1 759 33001
x 0 33002
p 0 198 33002
x 0 33003
p 0 196 33003
x 0 33004
p 0 198 33004
x 0 33005
p 0 211 33005
x 0 33006
p 0 164 33006
x 0 33007
p 0 156 33007
x 0 33008
p 0 164 33008
x 0 33009
p 0 175 33009
x 0 33010
p 0 158 33010
x 0 33011
p 0 158 33011
x 0 33012
p 0 165 33012
x 0 33013
p 0 163 33013
x 0 33014
p 0 196 33014
x 0 33015
p 0 194 33015
x 0 33016
p 0 245 33016
x 0 33017
p 0 278 33017
x 0 33018
p 0 199 33018
x 0 33019
p 0 196 33019
x 0 33020
p 0 199 33020
x 0 33021
p 0 201 33021
x 0 33022
p 0 197 33022
x 0 33023
p 0 198 33023
x 0 33024
p 0 199 33024
x 0 33025
p 0 198 33025
x 0 33026
p 0 199 33026
x 0 33027
p 0 198 33027
x 0 33028
p 0 233 33028
x 0 33029
p 0 186 33029
x 0 33030
p 0 220 33030
x 0 33031
p 0 192 33031
x 0 33032
p 0 234 33032
x 0 33033
p 0 193 33033
x 0 33034
p 0 193 33034
x 0 33035
p 0 174 33035
x 0 33036
p 0 193 33036
x 0 33037
p 0 195 33037
x 0 33038
p 0 192 33038
x 0 33039
p 0 196 33039
x 0 33040
p 0 182 33040
x 0 33041
p 0 194 33041
x 0 33042
p 0 166 33042
x 0 33043
p 0 167 33043
x 0 33044
p 0 197 33044
x 0 33045
p 0 182 33045
x 0 33046
p 0 203 33046
x 0 33047
p 0 213 33047
x 0 33048
p 0 242 33048
x 0 33049
p 0 205 33049
x 0 33050
p 0 202 33050
x 0 33051
p 0 201 33051
x 0 33052
p 0 200 33052
x 0 33053
p 0 202 33053
x 0 33054
p 0 244 33054
x 0 33055
p 0 197 33055
x 0 33056
p 0 230 33056
x 0 33057
p 0 204 33057
x 0 33058
p 0 225 33058
x 0 33059
p 0 206 33059
x 0 33060
p 0 200 33060
x 0 33000
h 0 10.0.0.6
p 0 23487 33000
x 1 33001
h 1 10.0.0.6
p 1 920 33001
x 0 33002
p 0 225 33002
x 0 33003
p 0 195 33003
x 0 33004
p 0 199 33004
x 0 33005
p 0 165 33005
x 0 33006
p 0 168 33006
x 0 33007
p 0 194 33007
x 0 33008
p 0 165 33008
x 0 33009
p 0 164 33009
x 0 33010
p 0 195 33010
x 0 33011
p 0 197 33011
x 0 33012
p 0 159 33012
x 0 33013
p 0 159 33013
x 0 33014
p 0 193 33014
x 0 33015
p 0 189 33015
x 0 33016
p 0 161 33016
x 0 33017
p 0 163 33017
x 0 33018
p 0 54 33018
x 0 33019
p 0 191 33019
x 0 33020
p 0 239 33020
x 0 33021
p 0 199 33021
x 0 33022
p 0 195 33022
x 0 33023
p 0 194 33023
x 0 33024
p 0 232 33024
x 0 33025
p 0 195 33025
x 0 33026
p 0 196 33026
x 0 33027
p 0 196 33027
x 0 33028
p 0 193 33028
x 0 33029
p 0 191 33029
x 0 33030
p 0 195 33030
x 0 33031
p 0 252 33031
x 0 33032
p 0 196 33032
x 0 33033
p 0 192 33033
x 0 33034
p 0 192 33034
x 0 33035
p 0 242 33035
x 0 33036
p 0 195 33036
x 0 33037
p 0 197 33037
x 0 33038
p 0 191 33038
x 0 33039
p 0 194 33039
x 0 33040
p 0 195 33040
x 0 33041
p 0 191 33041
x 0 33042
p 0 194 33042
x 0 33043
p 0 292 33043
x 0 33044
p 0 190 33044
x 0 33045
p 0 196 33045
x 0 33046
p 0 195 33046
x 0 33047
p 0 292 33047
x 0 33048
p 0 195 33048
x 0 33049
p 0 196 33049
x 0 33050
p 0 196 33050
x 0 33051
p 0 166 33051
x 0 33052
p 0 197 33052
x 0 33053
p 0 196 33053
x 0 33054
p 0 200 33054
x 0 33055
p 0 197 33055
x 0 33056
p 0 208 33056
x 0 33057
p 0 199 33057
x 0 33058
p 0 219 33058
x 0 33059
p 0 195 33059
x 0 33060
p 0 194 33060
x 0 33000
h 0 10.0.0.6
p 0 23363 33000
x 1 33001
h 1 10.0.0.6
p 1 806 33001
x 0 33002
p 0 193 33002
x 0 33003
p 0 195 33003
x 0 33004
p 0 189 33004
x 0 33005
p 0 169 33005
x 0 33006
p 0 137 33006
x 0 33007
p 0 136 33007
x 0 33008
p 0 136 33008
x 0 33009
p 0 136 33009
x 0 33010
p 0 191 33010
x 0 33011
p 0 288 33011
x 0 33012
p 0 169 33012
x 0 33013
p 0 135 33013
x 0 33014
p 0 193 33014
x 0 33015
p 0 136 33015
x 0 33016
p 0 220 33016
x 0 33017
p 0 136 33017
x 0 33018
p 0 193 33018
x 0 33019
p 0 193 33019
x 0 33020
p 0 190 33020
x 0 33021
p 0 193 33021
x 0 33022
p 0 231 33022
x 0 33023
p 0 223 33023
x 0 33024
p 0 193 33024
x 0 33025
p 0 196 33025
x 0 33026
p 0 196 33026
x 0 33027
p 0 192 33027
x 0 33028
p 0 254 33028
x 0 33029
p 0 154 33029
x 0 33030
p 0 158 33030
x 0 33031
p 0 137 33031
x 0 33032
p 0 139 33032
x 0 33033
p 0 139 33033
x 0 33034
p 0 137 33034
x 0 33035
p 0 194 33035
x 0 33036
p 0 141 33036
x 0 33037
p 0 157 33037
x 0 33038
p 0 196 33038
x 0 33039
p 0 193 33039
x 0 33040
p 0 357 33040
x 0 33041
p 0 188 33041
x 0 33042
p 0 141 33042
x 0 33043
p 0 197 33043
x 0 33044
p 0 196 33044
x 0 33045
p 0 196 33045
x 0 33046
p 0 200 33046
x 0 33047
p 0 198 33047
x 0 33048
p 0 199 33048
x 0 33049
p 0 124 33049
x 0 33050
p 0 200 33050
x 0 33051
p 0 199 33051
x 0 33052
p 0 199 33052
x 0 33053
p 0 204 33053
x 0 33054
p 0 202 33054
x 0 33055
p 0 335 33055
x 0 33056
p 0 204 33056
x 0 33057
p 0 203 33057
x 0 33058
p 0 209 33058
x 0 33059
p 0 211 33059
x 0 33060
p 0 210 33060
x 0 33000
h 0 10.0.0.6
p 0 22542 33000
x 1 33001
h 1 10.0.0.6
p 1 822 33001
x 0 33002
p 0 154 33002
x 0 33003
p 0 142 33003
x 0 33004
p 0 142 33004
x 0 33005
p 0 199 33005
x 0 33006
p 0 195 33006
x 0 33007
p 0 251 33007
x 0 33008
p 0 190 33008
x 0 33009
p 0 108 33009
x 0 33010
p 0 195 33010
x 0 33011
p 0 196 33011
x 0 33012
p 0 192 33012
x 0 33013
p 0 190 33013
x 0 33014
p 0 192 33014
x 0 33015
p 0 195 33015
x 0 33016
p 0 194 33016
x 0 33017
p 0 215 33017
x 0 33018
p 0 195 33018
x 0 33019
p 0 193 33019
x 0 33020
p 0 196 33020
x 0 33021
p 0 193 33021
x 0 33022
p 0 195 33022
x 0 33023
p 0 197 33023
x 0 33024
p 0 192 33024
x 0 33025
p 0 197 33025
x 0 33026
p 0 195 33026
x 0 33027
p 0 194 33027
x 0 33028
p 0 199 33028
x 0 33029
p 0 196 33029
x 0 33030
p 0 197 33030
x 0 33031
p 0 194 33031
x 0 33032
p 0 196 33032
x 0 33033
p 0 194 33033
x 0 33034
p 0 194 33034
x 0 33035
p 0 195 33035
x 0 33036
p 0 195 33036
x 0 33037
p 0 194 33037
x 0 33038
p 0 194 33038
x 0 33039
p 0 196 33039
x 0 33040
p 0 196 33040
x 0 33041
p 0 194 33041
x 0 33042
p 0 192 33042
x 0 33043
p 0 195 33043
x 0 33044
p 0 198 33044
x 0 33045
p 0 196 33045
x 0 33046
p 0 199 33046
x 0 33047
p 0 197 33047
x 0 33048
p 0 203 33048
x 0 33049
p 0 200 33049
x 0 33050
p 0 203 33050
x 0 33051
p 0 198 33051
x 0 33052
p 0 200 33052
x 0 33053
p 0 203 33053
x 0 33054
p 0 206 33054
x 0 33055
p 0 210 33055
x 0 33056
p 0 208 33056
x 0 33057
p 0 199 33057
x 0 33058
p 0 209 33058
x 0 33059
p 0 214 33059
x 0 33060
p 0 229 33060
x 0 33000
h 0 10.0.0.6
p 0 23465 33000
x 1 33001
h 1 10.0.0.6
p 1 788 33001
x 0 33002
p 0 167 33002
x 0 33003
p 0 217 33003
x 0 33004
p 0 138 33004
x 0 33005
p 0 147 33005
x 0 33006
p 0 176 33006
x 0 33007
p 0 137 33007
x 0 33008
p 0 110 33008
x 0 33009
p 0 162 33009
x 0 33010
p 0 199 33010
x 0 33011
p 0 136 33011
x 0 33012
p 0 197 33012
x 0 33013
p 0 162 33013
x 0 33014
p 0 180 33014
x 0 33015
p 0 196 33015
x 0 33016
p 0 197 33016
x 0 33017
p 0 137 33017
x 0 33018
p 0 137 33018
x 0 33019
p 0 200 33019
x 0 33020
p 0 200 33020
x 0 33021
p 0 199 33021
x 0 33022
p 0 198 33022
x 0 33023
p 0 56 33023
x 0 33024
p 0 290 33024
x 0 33025
p 0 192 33025
x 0 33026
p 0 196 33026
x 0 33027
p 0 170 33027
x 0 33028
p 0 199 33028
x 0 33029
p 0 196 33029
x 0 33030
p 0 236 33030
x 0 33031
p 0 235 33031
x 0 33032
p 0 199 33032
x 0 33033
p 0 195 33033
x 0 33034
p 0 195 33034
x 0 33035
p 0 235 33035
x 0 33036
p 0 211 33036
x 0 33037
p 0 268 33037
x 0 33038
p 0 195 33038
x 0 33039
p 0 193 33039
x 0 33040
p 0 195 33040
x 0 33041
p 0 199 33041
x 0 33042
p 0 201 33042
x 0 33043
p 0 197 33043
x 0 33044
p 0 195 33044
x 0 33045
p 0 199 33045
x 0 33046
p 0 196 33046
x 0 33047
p 0 202 33047
x 0 33048
p 0 205 33048
x 0 33049
p 0 200 33049
x 0 33050
p 0 230 33050
x 0 33051
p 0 200 33051
x 0 33052
p 0 205 33052
x 0 33053
p 0 306 33053
x 0 33054
p 0 218 33054
x 0 33055
p 0 207 33055
x 0 33056
p 0 205 33056
x 0 33057
p 0 223 33057
x 0 33058
p 0 205 33058
x 0 33059
p 0 259 33059
x 0 33060
p 0 206 33060
x 0 33000
h 0 10.0.0.6
p 0 23600 33000
x 1 33001
h 1 10.0.0.6
p 1 797 33001
x 0 33002
p 0 227 33002
x 0 33003
p 0 196 33003
x 0 33004
p 0 167 33004
x 0 33005
p 0 163 33005
x 0 33006
p 0 159 33006
x 0 33007
p 0 155 33007
x 0 33008
p 0 159 33008
x 0 33009
p 0 157 33009
x 0 33010
p 0 156 33010
x 0 33011
p 0 156 33011
x 0 33012
p 0 159 33012
x 0 33013
p 0 199 33013
x 0 33014
p 0 197 33014
x 0 33015
p 0 196 33015
x 0 33016
p 0 257 33016
x 0 33017
p 0 399 33017
x 0 33018
p 0 139 33018
x 0 33019
p 0 192 33019
x 0 33020
p 0 194 33020
x 0 33021
p 0 193 33021
x 0 33022
p 0 190 33022
x 0 33023
p 0 195 33023
x 0 33024
p 0 193 33024
x 0 33025
p 0 196 33025
x 0 33026
p 0 194 33026
x 0 33027
p 0 192 33027
x 0 33028
p 0 198 33028
x 0 33029
p 0 194 33029
x 0 33030
p 0 195 33030
x 0 33031
p 0 195 33031
x 0 33032
p 0 229 33032
x 0 33033
p 0 196 33033
x 0 33034
p 0 196 33034
x 0 33035
p 0 196 33035
x 0 33036
p 0 194 33036
x 0 33037
p 0 142 33037
x 0 33038
p 0 202 33038
x 0 33039
p 0 195 33039
x 0 33040
p 0 196 33040
x 0 33041
p 0 198 33041
x 0 33042
p 0 231 33042
x 0 33043
p 0 198 33043
x 0 33044
p 0 200 33044
x 0 33045
p 0 211 33045
x 0 33046
p 0 182 33046
x 0 33047
p 0 201 33047
x 0 33048
p 0 199 33048
x 0 33049
p 0 257 33049
x 0 33050
p 0 240 33050
x 0 33051
p 0 243 33051
x 0 33052
p 0 271 33052
x 0 33053
p 0 255 33053
x 0 33054
p 0 272 33054
x 0 33055
p 0 276 33055
x 0 33056
p 0 319 33056
x 0 33057
p 0 281 33057
x 0 33058
p 0 288 33058
x 0 33059
p 0 257 33059
x 0 33060
p 0 216 33060
x 0 33000
h 0 10.0.0.6
p 0 23632 33000
x 1 33001
h 1 10.0.0.6
p 1 859 33001
x 0 33002
p 0 173 33002
x 0 33003
p 0 201 33003
x 0 33004
p 0 197 33004
x 0 33005
p 0 229 33005
x 0 33006
p 0 197 33006
x 0 33007
p 0 192 33007
x 0 33008
p 0 192 33008
x 0 33009
p 0 195 33009
x 0 33010
p 0 195 33010
x 0 33011
p 0 194 33011
x 0 33012
p 0 193 33012
x 0 33013
p 0 192 33013
x 0 33014
p 0 193 33014
x 0 33015
p 0 194 33015
x 0 33016
p 0 193 33016
x 0 33017
p 0 195 33017
x 0 33018
p 0 196 33018
x 0 33019
p 0 254 33019
x 0 33020
p 0 197 33020
x 0 33021
p 0 443 33021
x 0 33022
p 0 195 33022
x 0 33023
p 0 194 33023
x 0 33024
p 0 417 33024
x 0 33025
p 0 227 33025
x 0 33026
p 0 194 33026
x 0 33027
p 0 196 33027
x 0 33028
p 0 194 33028
x 0 33029
p 0 196 33029
x 0 33030
p 0 195 33030
x 0 33031
p 0 196 33031
x 0 33032
p 0 192 33032
x 0 33033
p 0 195 33033
x 0 33034
p 0 195 33034
x 0 33035
p 0 198 33035
x 0 33036
p 0 193 33036
x 0 33037
p 0 194 33037
x 0 33038
p 0 197 33038
x 0 33039
p 0 194 33039
x 0 33040
p 0 194 33040
x 0 33041
p 0 192 33041
x 0 33042
p 0 196 33042
x 0 33043
p 0 191 33043
x 0 33044
p 0 191 33044
x 0 33045
p 0 200 33045
x 0 33046
p 0 187 33046
x 0 33047
p 0 193 33047
x 0 33048
p 0 197 33048
x 0 33049
p 0 198 33049
x 0 33050
p 0 199 33050
x 0 33051
p 0 166 33051
x 0 33052
p 0 195 33052
x 0 33053
p 0 206 33053
x 0 33054
p 0 205 33054
x 0 33055
p 0 219 33055
x 0 33056
p 0 209 33056
x 0 33057
p 0 205 33057
x 0 33058
p 0 228 33058
x 0 33059
p 0 212 33059
x 0 33060
p 0 218 33060
x 0 33000
h 0 10.0.0.6
p 0 23005 33000
x 1 33001
h 1 10.0.0.6
p 1 804 33001
x 0 33002
p 0 201 33002
x 0 33003
p 0 254 33003
x 0 33004
p 0 197 33004
x 0 33005
p 0 198 33005
x 0 33006
p 0 222 33006
x 0 33007
p 0 198 33007
x 0 33008
p 0 204 33008
x 0 33009
p 0 199 33009
x 0 33010
p 0 191 33010
x 0 33011
p 0 193 33011
x 0 33012
p 0 194 33012
x 0 33013
p 0 195 33013
x 0 33014
p 0 194 33014
x 0 33015
p 0 230 33015
x 0 33016
p 0 192 33016
x 0 33017
p 0 195 33017
x 0 33018
p 0 194 33018
x 0 33019
p 0 193 33019
x 0 33020
p 0 235 33020
x 0 33021
p 0 194 33021
x 0 33022
p 0 193 33022
x 0 33023
p 0 284 33023
x 0 33024
p 0 193 33024
x 0 33025
p 0 190 33025
x 0 33026
p 0 192 33026
x 0 33027
p 0 195 33027
x 0 33028
p 0 191 33028
x 0 33029
p 0 190 33029
x 0 33030
p 0 195 33030
x 0 33031
p 0 197 33031
x 0 33032
p 0 201 33032
x 0 33033
p 0 194 33033
x 0 33034
p 0 197 33034
x 0 33035
p 0 195 33035
x 0 33036
p 0 225 33036
x 0 33037
p 0 209 33037
x 0 33038
p 0 197 33038
x 0 33039
p 0 195 33039
x 0 33040
p 0 194 33040
x 0 33041
p 0 194 33041
x 0 33042
p 0 214 33042
x 0 33043
p 0 201 33043
x 0 33044
p 0 194 33044
x 0 33045
p 0 194 33045
x 0 33046
p 0 195 33046
x 0 33047
p 0 197 33047
x 0 33048
p 0 195 33048
x 0 33049
p 0 196 33049
x 0 33050
p 0 195 33050
x 0 33051
p 0 195 33051
x 0 33052
p 0 201 33052
x 0 33053
p 0 206 33053
x 0 33054
p 0 194 33054
x 0 33055
p 0 226 33055
x 0 33056
p 0 191 33056
x 0 33057
p 0 199 33057
x 0 33058
p 0 197 33058
x 0 33059
p 0 199 33059
x 0 33060
p 0 197 33060
x 0 33000
h 0 10.0.0.6
p 0 22979 33000
x 1 33001
h 1 10.0.0.6
p 1 937 33001
x 0 33002
p 0 229 33002
x 0 33003
p 0 175 33003
x 0 33004
p 0 254 33004
x 0 33005
p 0 157 33005
x 0 33006
p 0 163 33006
x 0 33007
p 0 156 33007
x 0 33008
p 0 158 33008
x 0 33009
p 0 158 33009
x 0 33010
p 0 156 33010
x 0 33011
p 0 186 33011
x 0 33012
p 0 156 33012
x 0 33013
p 0 161 33013
x 0 33014
p 0 139 33014
x 0 33015
p 0 195 33015
x 0 33016
p 0 215 33016
x 0 33017
p 0 147 33017
x 0 33018
p 0 159 33018
x 0 33019
p 0 139 33019
x 0 33020
p 0 195 33020
x 0 33021
p 0 568 33021
x 0 33022
p 0 230 33022
x 0 33023
p 0 139 33023
x 0 33024
p 0 139 33024
x 0 33025
p 0 139 33025
x 0 33026
p 0 190 33026
x 0 33027
p 0 140 33027
x 0 33028
p 0 194 33028
x 0 33029
p 0 196 33029
x 0 33030
p 0 133 33030
x 0 33031
p 0 134 33031
x 0 33032
p 0 190 33032
x 0 33033
p 0 192 33033
x 0 33034
p 0 140 33034
x 0 33035
p 0 178 33035
x 0 33036
p 0 191 33036
x 0 33037
p 0 139 33037
x 0 33038
p 0 190 33038
x 0 33039
p 0 132 33039
x 0 33040
p 0 142 33040
x 0 33041
p 0 192 33041
x 0 33042
p 0 140 33042
x 0 33043
p 0 191 33043
x 0 33044
p 0 140 33044
x 0 33045
p 0 191 33045
x 0 33046
p 0 141 33046
x 0 33047
p 0 162 33047
x 0 33048
p 0 195 33048
x 0 33049
p 0 141 33049
x 0 33050
p 0 196 33050
x 0 33051
p 0 139 33051
x 0 33052
p 0 196 33052
x 0 33053
p 0 206 33053
x 0 33054
p 0 196 33054
x 0 33055
p 0 139 33055
x 0 33056
p 0 196 33056
x 0 33057
p 0 142 33057
x 0 33058
p 0 223 33058
x 0 33059
p 0 141 33059
x 0 33060
p 0 192 33060
x 0 33000
h 0 10.0.0.6
p 0 23330 33000
x 1 33001
h 1 10.0.0.6
p 1 843 33001
x 0 33002
p 0 193 33002
x 0 33003
p 0 250 33003
x 0 33004
p 0 215 33004
x 0 33005
p 0 212 33005
x 0 33006
p 0 266 33006
x 0 33007
p 0 215 33007
x 0 33008
p 0 214 33008
x 0 33009
p 0 204 33009
x 0 33010
p 0 203 33010
x 0 33011
p 0 204 33011
x 0 33012
p 0 200 33012
x 0 33013
p 0 206 33013
x 0 33014
p 0 201 33014
x 0 33015
p 0 203 33015
x 0 33016
p 0 202 33016
x 0 33017
p 0 201 33017
x 0 33018
p 0 202 33018
x 0 33019
p 0 200 33019
x 0 33020
p 0 195 33020
x 0 33021
p 0 209 33021
x 0 33022
p 0 205 33022
x 0 33023
p 0 202 33023
x 0 33024
p 0 201 33024
x 0 33025
p 0 200 33025
x 0 33026
p 0 203 33026
x 0 33027
p 0 200 33027
x 0 33028
p 0 205 33028
x 0 33029
p 0 201 33029
x 0 33030
p 0 203 33030
x 0 33031
p 0 205 33031
x 0 33032
p 0 204 33032
x 0 33033
p 0 205 33033
x 0 33034
p 0 271 33034
x 0 33035
p 0 205 33035
x 0 33036
p 0 206 33036
x 0 33037
p 0 254 33037
x 0 33038
p 0 206 33038
x 0 33039
p 0 206 33039
x 0 33040
p 0 206 33040
x 0 33041
p 0 270 33041
x 0 33042
p 0 202 33042
x 0 33043
p 0 203 33043
x 0 33044
p 0 207 33044
x 0 33045
p 0 205 33045
x 0 33046
p 0 208 33046
x 0 33047
p 0 207 33047
x 0 33048
p 0 282 33048
x 0 33049
p 0 205 33049
x 0 33050
p 0 210 33050
x 0 33051
p 0 207 33051
x 0 33052
p 0 205 33052
x 0 33053
p 0 206 33053
x 0 33054
p 0 207 33054
x 0 33055
p 0 204 33055
x 0 33056
p 0 210 33056
x 0 33057
p 0 206 33057
x 0 33058
p 0 215 33058
x 0 33059
p 0 217 33059
x 0 33060
p 0 211 33060
x 0 33000
h 0 10.0.0.6
p 0 24574 33000
x 1 33001
h 1 10.0.0.6
p 1 771 33001
x 0 33002
p 0 323 33002
x 0 33003
p 0 204 33003
x 0 33004
p 0 204 33004
x 0 33005
p 0 204 33005
x 0 33006
p 0 205 33006
x 0 33007
p 0 204 33007
x 0 33008
p 0 166 33008
x 0 33009
p 0 162 33009
x 0 33010
p 0 159 33010
x 0 33011
p 0 159 33011
x 0 33012
p 0 157 33012
x 0 33013
p 0 140 33013
x 0 33014
p 0 140 33014
x 0 33015
p 0 142 33015
x 0 33016
p 0 144 33016
x 0 33017
p 0 143 33017
x 0 33018
p 0 139 33018
x 0 33019
p 0 138 33019
x 0 33020
p 0 142 33020
x 0 33021
p 0 170 33021
x 0 33022
p 0 141 33022
x 0 33023
p 0 207 33023
x 0 33024
p 0 143 33024
x 0 33025
p 0 138 33025
x 0 33026
p 0 139 33026
x 0 33027
p 0 140 33027
x 0 33028
p 0 143 33028
x 0 33029
p 0 97 33029
x 0 33030
p 0 141 33030
x 0 33031
p 0 140 33031
x 0 33032
p 0 139 33032
x 0 33033
p 0 144 33033
x 0 33034
p 0 141 33034
x 0 33035
p 0 137 33035
x 0 33036
p 0 136 33036
x 0 33037
p 0 136 33037
x 0 33038
p 0 138 33038
x 0 33039
p 0 138 33039
x 0 33040
p 0 195 33040
x 0 33041
p 0 134 33041
x 0 33042
p 0 237 33042
x 0 33043
p 0 201 33043
x 0 33044
p 0 180 33044
x 0 33045
p 0 138 33045
x 0 33046
p 0 195 33046
x 0 33047
p 0 180 33047
x 0 33048
p 0 143 33048
x 0 33049
p 0 196 33049
x 0 33050
p 0 142 33050
x 0 33051
p 0 199 33051
x 0 33052
p 0 141 33052
x 0 33053
p 0 202 33053
x 0 33054
p 0 143 33054
x 0 33055
p 0 205 33055
x 0 33056
p 0 334 33056
x 0 33057
p 0 196 33057
x 0 33058
p 0 201 33058
x 0 33059
p 0 194 33059
x 0 33060
p 0 201 33060
x 0 33000
h 0 10.0.0.6
p 0 22663 33000
x 1 33001
h 1 10.0.0.6
p 1 840 33001
x 0 33002
p 0 246 33002
x 0 33003
p 0 199 33003
x 0 33004
p 0 228 33004
x 0 33005
p 0 202 33005
x 0 33006
p 0 197 33006
x 0 33007
p 0 193 33007
x 0 33008
p 0 197 33008
x 0 33009
p 0 195 33009
x 0 33010
p 0 199 33010
x 0 33011
p 0 197 33011
x 0 33012
p 0 194 33012
x 0 33013
p 0 197 33013
x 0 33014
p 0 235 33014
x 0 33015
p 0 199 33015
x 0 33016
p 0 195 33016
x 0 33017
p 0 196 33017
x 0 33018
p 0 198 33018
x 0 33019
p 0 197 33019
x 0 33020
p 0 197 33020
x 0 33021
p 0 245 33021
x 0 33022
p 0 200 33022
x 0 33023
p 0 195 33023
x 0 33024
p 0 113 33024
x 0 33025
p 0 85 33025
x 0 33026
p 0 198 33026
x 0 33027
p 0 196 33027
x 0 33028
p 0 198 33028
x 0 33029
p 0 199 33029
x 0 33030
p 0 200 33030
x 0 33031
p 0 197 33031
x 0 33032
p 0 197 33032
x 0 33033
p 0 229 33033
x 0 33034
p 0 202 33034
x 0 33035
p 0 202 33035
x 0 33036
p 0 185 33036
x 0 33037
p 0 201 33037
x 0 33038
p 0 199 33038
x 0 33039
p 0 232 33039
x 0 33040
p 0 200 33040
x 0 33041
p 0 198 33041
x 0 33042
p 0 135 33042
x 0 33043
p 0 210 33043
x 0 33044
p 0 199 33044
x 0 33045
p 0 201 33045
x 0 33046
p 0 200 33046
x 0 33047
p 0 196 33047
x 0 33048
p 0 200 33048
x 0 33049
p 0 197 33049
x 0 33050
p 0 174 33050
x 0 33051
p 0 196 33051
x 0 33052
p 0 176 33052
x 0 33053
p 0 178 33053
x 0 33054
p 0 219 33054
x 0 33055
p 0 241 33055
x 0 33056
p 0 203 33056
x 0 33057
p 0 196 33057
x 0 33058
p 0 203 33058
x 0 33059
p 0 204 33059
x 0 33060
p 0 220 33060
x 0 33000
h 0 10.0.0.6
p 0 24170 33000
x 1 33001
h 1 10.0.0.6
p 1 773 33001
x 0 33002
p 0 194 33002
x 0 33003
p 0 193 33003
x 0 33004
p 0 195 33004
x 0 33005
p 0 195 33005
x 0 33006
p 0 159 33006
x 0 33007
p 0 159 33007
x 0 33008
p 0 161 33008
x 0 33009
p 0 159 33009
x 0 33010
p 0 157 33010
x 0 33011
p 0 159 33011
x 0 33012
p 0 165 33012
x 0 33013
p 0 158 33013
x 0 33014
p 0 158 33014
x 0 33015
p 0 195 33015
x 0 33016
p 0 193 33016
x 0 33017
p 0 195 33017
x 0 33018
p 0 195 33018
x 0 33019
p 0 195 33019
x 0 33020
p 0 194 33020
x 0 33021
p 0 143 33021
x 0 33022
p 0 199 33022
x 0 33023
p 0 168 33023
x 0 33024
p 0 222 33024
x 0 33025
p 0 196 33025
x 0 33026
p 0 197 33026
x 0 33027
p 0 196 33027
x 0 33028
p 0 199 33028
x 0 33029
p 0 195 33029
x 0 33030
p 0 192 33030
x 0 33031
p 0 200 33031
x 0 33032
p 0 195 33032
x 0 33033
p 0 193 33033
x 0 33034
p 0 193 33034
x 0 33035
p 0 198 33035
x 0 33036
p 0 209 33036
x 0 33037
p 0 198 33037
x 0 33038
p 0 199 33038
x 0 33039
p 0 195 33039
x 0 33040
p 0 199 33040
x 0 33041
p 0 146 33041
x 0 33042
p 0 194 33042
x 0 33043
p 0 201 33043
x 0 33044
p 0 258 33044
x 0 33045
p 0 146 33045
x 0 33046
p 0 128 33046
x 0 33047
p 0 144 33047
x 0 33048
p 0 200 33048
x 0 33049
p 0 141 33049
x 0 33050
p 0 197 33050
x 0 33051
p 0 149 33051
x 0 33052
p 0 199 33052
x 0 33053
p 0 145 33053
x 0 33054
p 0 199 33054
x 0 33055
p 0 145 33055
x 0 33056
p 0 185 33056
x 0 33057
p 0 209 33057
x 0 33058
p 0 203 33058
x 0 33059
p 0 197 33059
x 0 33060
p 0 206 33060
x 0 33000
h 0 10.0.0.6
p 0 23568 33000
x 1 33001
h 1 10.0.0.6
p 1 727 33001
x 0 33002
p 0 196 33002
x 0 33003
p 0 205 33003
x 0 33004
p 0 199 33004
x 0 33005
p 0 195 33005
x 0 33006
p 0 194 33006
x 0 33007
p 0 192 33007
x 0 33008
p 0 192 33008
x 0 33009
p 0 163 33009
x 0 33010
p 0 191 33010
x 0 33011
p 0 192 33011
x 0 33012
p 0 189 33012
x 0 33013
p 0 193 33013
x 0 33014
p 0 191 33014
x 0 33015
p 0 191 33015
x 0 33016
p 0 191 33016
x 0 33017
p 0 192 33017
x 0 33018
p 0 192 33018
x 0 33019
p 0 181 33019
x 0 33020
p 0 191 33020
x 0 33021
p 0 271 33021
x 0 33022
p 0 192 33022
x 0 33023
p 0 196 33023
x 0 33024
p 0 193 33024
x 0 33025
p 0 249 33025
x 0 33026
p 0 194 33026
x 0 33027
p 0 189 33027
x 0 33028
p 0 197 33028
x 0 33029
p 0 65 33029
x 0 33030
p 0 171 33030
x 0 33031
p 0 257 33031
x 0 33032
p 0 351 33032
x 0 33033
p 0 324 33033
x 0 33034
p 0 205 33034
x 0 33035
p 0 430 33035
x 0 33036
p 0 383 33036
x 0 33037
p 0 325 33037
x 0 33038
p 0 317 33038
x 0 33039
p 0 252 33039
x 0 33040
p 0 193 33040
x 0 33041
p 0 197 33041
x 0 33042
p 0 190 33042
x 0 33043
p 0 191 33043
x 0 33044
p 0 192 33044
x 0 33045
p 0 198 33045
x 0 33046
p 0 268 33046
x 0 33047
p 0 197 33047
x 0 33048
p 0 198 33048
x 0 33049
p 0 196 33049
x 0 33050
p 0 196 33050
x 0 33051
p 0 157 33051
x 0 33052
p 0 165 33052
x 0 33053
p 0 270 33053
x 0 33054
p 0 201 33054
x 0 33055
p 0 171 33055
x 0 33056
p 0 171 33056
x 0 33057
p 0 205 33057
x 0 33058
p 0 200 33058
x 0 33059
p 0 176 33059
x 0 33060
p 0 212 33060
x 0 33000
h 0 10.0.0.6
p 0 22647 33000
x 1 33001
h 1 10.0.0.6
p 1 773 33001
x 0 33002
p 0 229 33002
x 0 33003
p 0 230 33003
x 0 33004
p 0 201 33004
x 0 33005
p 0 195 33005
x 0 33006
p 0 195 33006
x 0 33007
p 0 275 33007
x 0 33008
p 0 227 33008
x 0 33009
p 0 195 33009
x 0 33010
p 0 196 33010
x 0 33011
p 0 169 33011
x 0 33012
p 0 194 33012
x 0 33013
p 0 176 33013
x 0 33014
p 0 196 33014
x 0 33015
p 0 196 33015
x 0 33016
p 0 196 33016
x 0 33017
p 0 194 33017
x 0 33018
p 0 192 33018
x 0 33019
p 0 246 33019
x 0 33020
p 0 195 33020
x 0 33021
p 0 267 33021
x 0 33022
p 0 193 33022
x 0 33023
p 0 194 33023
x 0 33024
p 0 190 33024
x 0 33025
p 0 230 33025
x 0 33026
p 0 193 33026
x 0 33027
p 0 197 33027
x 0 33028
p 0 193 33028
x 0 33029
p 0 192 33029
x 0 33030
p 0 196 33030
x 0 33031
p 0 192 33031
x 0 33032
p 0 194 33032
x 0 33033
p 0 194 33033
x 0 33034
p 0 270 33034
x 0 33035
p 0 194 33035
x 0 33036
p 0 198 33036
x 0 33037
p 0 198 33037
x 0 33038
p 0 199 33038
x 0 33039
p 0 196 33039
x 0 33040
p 0 199 33040
x 0 33041
p 0 198 33041
x 0 33042
p 0 198 33042
x 0 33043
p 0 196 33043
x 0 33044
p 0 197 33044
x 0 33045
p 0 201 33045
x 0 33046
p 0 198 33046
x 0 33047
p 0 197 33047
x 0 33048
p 0 199 33048
x 0 33049
p 0 197 33049
x 0 33050
p 0 200 33050
x 0 33051
p 0 199 33051
x 0 33052
p 0 198 33052
x 0 33053
p 0 200 33053
x 0 33054
p 0 237 33054
x 0 33055
p 0 206 33055
x 0 33056
p 0 199 33056
x 0 33057
p 0 205 33057
x 0 33058
p 0 202 33058
x 0 33059
p 0 204 33059
x 0 33060
p 0 259 33060
x 0 33000
h 0 10.0.0.6
p 0 22698 33000
x 1 33001
h 1 10.0.0.6
p 1 760 33001
x 0 33002
p 0 241 33002
x 0 33003
p 0 199 33003
x 0 33004
p 0 228 33004
x 0 33005
p 0 262 33005
x 0 33006
p 0 197 33006
x 0 33007
p 0 197 33007
x 0 33008
p 0 198 33008
x 0 33009
p 0 197 33009
x 0 33010
p 0 196 33010
x 0 33011
p 0 225 33011
x 0 33012
p 0 198 33012
x 0 33013
p 0 198 33013
x 0 33014
p 0 195 33014
x 0 33015
p 0 198 33015
x 0 33016
p 0 195 33016
x 0 33017
p 0 198 33017
x 0 33018
p 0 199 33018
x 0 33019
p 0 196 33019
x 0 33020
p 0 168 33020
x 0 33021
p 0 167 33021
x 0 33022
p 0 168 33022
x 0 33023
p 0 242 33023
x 0 33024
p 0 169 33024
x 0 33025
p 0 170 33025
x 0 33026
p 0 168 33026
x 0 33027
p 0 167 33027
x 0 33028
p 0 168 33028
x 0 33029
p 0 170 33029
x 0 33030
p 0 194 33030
x 0 33031
p 0 169 33031
x 0 33032
p 0 247 33032
x 0 33033
p 0 193 33033
x 0 33034
p 0 178 33034
x 0 33035
p 0 229 33035
x 0 33036
p 0 197 33036
x 0 33037
p 0 195 33037
x 0 33038
p 0 199 33038
x 0 33039
p 0 197 33039
x 0 33040
p 0 198 33040
x 0 33041
p 0 195 33041
x 0 33042
p 0 221 33042
x 0 33043
p 0 197 33043
x 0 33044
p 0 196 33044
x 0 33045
p 0 197 33045
x 0 33046
p 0 195 33046
x 0 33047
p 0 195 33047
x 0 33048
p 0 199 33048
x 0 33049
p 0 242 33049
x 0 33050
p 0 195 33050
x 0 33051
p 0 194 33051
x 0 33052
p 0 197 33052
x 0 33053
p 0 196 33053
x 0 33054
p 0 197 33054
x 0 33055
p 0 198 33055
x 0 33056
p 0 229 33056
x 0 33057
p 0 225 33057
x 0 33058
p 0 216 33058
x 0 33059
p 0 197 33059
x 0 33060
p 0 205 33060
x 0 33000
h 0 10.0.0.6
p 0 23054 33000
x 1 33001
h 1 10.0.0.6
p 1 779 33001
x 0 33002
p 0 194 33002
x 0 33003
p 0 193 33003
x 0 33004
p 0 191 33004
x 0 33005
p 0 189 33005
x 0 33006
p 0 159 33006
x 0 33007
p 0 183 33007
x 0 33008
p 0 159 33008
x 0 33009
p 0 157 33009
x 0 33010
p 0 156 33010
x 0 33011
p 0 161 33011
x 0 33012
p 0 157 33012
x 0 33013
p 0 137 33013
x 0 33014
p 0 141 33014
x 0 33015
p 0 167 33015
x 0 33016
p 0 138 33016
x 0 33017
p 0 137 33017
x 0 33018
p 0 139 33018
x 0 33019
p 0 166 33019
x 0 33020
p 0 156 33020
x 0 33021
p 0 197 33021
x 0 33022
p 0 193 33022
x 0 33023
p 0 193 33023
x 0 33024
p 0 141 33024
x 0 33025
p 0 193 33025
x 0 33026
p 0 145 33026
x 0 33027
p 0 193 33027
x 0 33028
p 0 195 33028
x 0 33029
p 0 192 33029
x 0 33030
p 0 200 33030
x 0 33031
p 0 252 33031
x 0 33032
p 0 198 33032
x 0 33033
p 0 198 33033
x 0 33034
p 0 197 33034
x 0 33035
p 0 200 33035
x 0 33036
p 0 197 33036
x 0 33037
p 0 267 33037
x 0 33038
p 0 281 33038
x 0 33039
p 0 201 33039
x 0 33040
p 0 131 33040
x 0 33041
p 0 259 33041
x 0 33042
p 0 198 33042
x 0 33043
p 0 198 33043
x 0 33044
p 0 197 33044
x 0 33045
p 0 198 33045
x 0 33046
p 0 196 33046
x 0 33047
p 0 196 33047
x 0 33048
p 0 198 33048
x 0 33049
p 0 204 33049
x 0 33050
p 0 227 33050
x 0 33051
p 0 198 33051
x 0 33052
p 0 198 33052
x 0 33053
p 0 206 33053
x 0 33054
p 0 203 33054
x 0 33055
p 0 203 33055
x 0 33056
p 0 235 33056
x 0 33057
p 0 201 33057
x 0 33058
p 0 202 33058
x 0 33059
p 0 214 33059
x 0 33060
p 0 201 33060
x 0 33000
h 0 10.0.0.6
p 0 23114 33000
x 1 33001
h 1 10.0.0.6
p 1 766 33001
x 0 33002
p 0 191 33002
x 0 33003
p 0 193 33003
x 0 33004
p 0 158 33004
x 0 33005
p 0 158 33005
x 0 33006
p 0 157 33006
x 0 33007
p 0 157 33007
x 0 33008
p 0 136 33008
x 0 33009
p 0 134 33009
x 0 33010
p 0 193 33010
x 0 33011
p 0 135 33011
x 0 33012
p 0 229 33012
x 0 33013
p 0 195 33013
x 0 33014
p 0 193 33014
x 0 33015
p 0 195 33015
x 0 33016
p 0 195 33016
x 0 33017
p 0 194 33017
x 0 33018
p 0 245 33018
x 0 33019
p 0 137 33019
x 0 33020
p 0 193 33020
x 0 33021
p 0 192 33021
x 0 33022
p 0 193 33022
x 0 33023
p 0 190 33023
x 0 33024
p 0 191 33024
x 0 33025
p 0 296 33025
x 0 33026
p 0 224 33026
x 0 33027
p 0 190 33027
x 0 33028
p 0 191 33028
x 0 33029
p 0 190 33029
x 0 33030
p 0 191 33030
x 0 33031
p 0 192 33031
x 0 33032
p 0 311 33032
x 0 33033
p 0 191 33033
x 0 33034
p 0 196 33034
x 0 33035
p 0 194 33035
x 0 33036
p 0 192 33036
x 0 33037
p 0 197 33037
x 0 33038
p 0 197 33038
x 0 33039
p 0 247 33039
x 0 33040
p 0 194 33040
x 0 33041
p 0 197 33041
x 0 33042
p 0 197 33042
x 0 33043
p 0 277 33043
x 0 33044
p 0 202 33044
x 0 33045
p 0 204 33045
x 0 33046
p 0 206 33046
x 0 33047
p 0 142 33047
x 0 33048
p 0 143 33048
x 0 33049
p 0 141 33049
x 0 33050
p 0 356 33050
x 0 33051
p 0 182 33051
x 0 33052
p 0 207 33052
x 0 33053
p 0 189 33053
x 0 33054
p 0 144 33054
x 0 33055
p 0 216 33055
x 0 33056
p 0 146 33056
x 0 33057
p 0 159 33057
x 0 33058
p 0 204 33058
x 0 33059
p 0 212 33059
x 0 33060
p 0 256 33060
x 0 33000
h 0 10.0.0.6
p 0 22764 33000
x 1 33001
h 1 10.0.0.6
p 1 813 33001
x 0 33002
p 0 198 33002
x 0 33003
p 0 195 33003
x 0 33004
p 0 194 33004
x 0 33005
p 0 193 33005
x 0 33006
p 0 195 33006
x 0 33007
p 0 195 33007
x 0 33008
p 0 194 33008
x 0 33009
p 0 196 33009
x 0 33010
p 0 166 33010
x 0 33011
p 0 162 33011
x 0 33012
p 0 159 33012
x 0 33013
p 0 164 33013
x 0 33014
p 0 192 33014
x 0 33015
p 0 162 33015
x 0 33016
p 0 162 33016
x 0 33017
p 0 187 33017
x 0 33018
p 0 165 33018
x 0 33019
p 0 163 33019
x 0 33020
p 0 164 33020
x 0 33021
p 0 166 33021
x 0 33022
p 0 213 33022
x 0 33023
p 0 165 33023
x 0 33024
p 0 167 33024
x 0 33025
p 0 198 33025
x 0 33026
p 0 166 33026
x 0 33027
p 0 165 33027
x 0 33028
p 0 167 33028
x 0 33029
p 0 168 33029
x 0 33030
p 0 167 33030
x 0 33031
p 0 198 33031
x 0 33032
p 0 175 33032
x 0 33033
p 0 169 33033
x 0 33034
p 0 196 33034
x 0 33035
p 0 192 33035
x 0 33036
p 0 192 33036
x 0 33037
p 0 196 33037
x 0 33038
p 0 198 33038
x 0 33039
p 0 197 33039
x 0 33040
p 0 196 33040
x 0 33041
p 0 195 33041
x 0 33042
p 0 197 33042
x 0 33043
p 0 200 33043
x 0 33044
p 0 199 33044
x 0 33045
p 0 199 33045
x 0 33046
p 0 198 33046
x 0 33047
p 0 200 33047
x 0 33048
p 0 201 33048
x 0 33049
p 0 194 33049
x 0 33050
p 0 233 33050
x 0 33051
p 0 197 33051
x 0 33052
p 0 196 33052
x 0 33053
p 0 203 33053
x 0 33054
p 0 199 33054
x 0 33055
p 0 201 33055
x 0 33056
p 0 197 33056
x 0 33057
p 0 237 33057
x 0 33058
p 0 202 33058
x 0 33059
p 0 205 33059
x 0 33060
p 0 205 33060
x 0 33000
h 0 10.0.0.6
p 0 22743 33000
x 1 33001
h 1 10.0.0.6
p 1 826 33001
x 0 33002
p 0 201 33002
x 0 33003
p 0 244 33003
x 0 33004
p 0 166 33004
x 0 33005
p 0 160 33005
x 0 33006
p 0 158 33006
x 0 33007
p 0 155 33007
x 0 33008
p 0 160 33008
x 0 33009
p 0 136 33009
x 0 33010
p 0 193 33010
x 0 33011
p 0 154 33011
x 0 33012
p 0 193 33012
x 0 33013
p 0 137 33013
x 0 33014
p 0 193 33014
x 0 33015
p 0 137 33015
x 0 33016
p 0 138 33016
x 0 33017
p 0 136 33017
x 0 33018
p 0 135 33018
x 0 33019
p 0 293 33019
x 0 33020
p 0 193 33020
x 0 33021
p 0 197 33021
x 0 33022
p 0 137 33022
x 0 33023
p 0 193 33023
x 0 33024
p 0 135 33024
x 0 33025
p 0 132 33025
x 0 33026
p 0 249 33026
x 0 33027
p 0 194 33027
x 0 33028
p 0 177 33028
x 0 33029
p 0 209 33029
x 0 33030
p 0 197 33030
x 0 33031
p 0 179 33031
x 0 33032
p 0 172 33032
x 0 33033
p 0 172 33033
x 0 33034
p 0 180 33034
x 0 33035
p 0 193 33035
x 0 33036
p 0 172 33036
x 0 33037
p 0 247 33037
x 0 33038
p 0 192 33038
x 0 33039
p 0 201 33039
x 0 33040
p 0 171 33040
x 0 33041
p 0 197 33041
x 0 33042
p 0 185 33042
x 0 33043
p 0 196 33043
x 0 33044
p 0 76 33044
x 0 33045
p 0 171 33045
x 0 33046
p 0 193 33046
x 0 33047
p 0 177 33047
x 0 33048
p 0 196 33048
x 0 33049
p 0 125 33049
x 0 33050
p 0 236 33050
x 0 33051
p 0 195 33051
x 0 33052
p 0 197 33052
x 0 33053
p 0 201 33053
x 0 33054
p 0 205 33054
x 0 33055
p 0 201 33055
x 0 33056
p 0 199 33056
x 0 33057
p 0 206 33057
x 0 33058
p 0 198 33058
x 0 33059
p 0 142 33059
x 0 33060
p 0 204 33060
x 0 33000
h 0 10.0.0.6
p 0 23244 33000
x 1 33001
h 1 10.0.0.6
p 1 853 33001
x 0 33002
p 0 240 33002
x 0 33003
p 0 209 33003
x 0 33004
p 0 174 33004
x 0 33005
p 0 170 33005
x 0 33006
p 0 172 33006
x 0 33007
p 0 167 33007
x 0 33008
p 0 167 33008
x 0 33009
p 0 165 33009
x 0 33010
p 0 195 33010
x 0 33011
p 0 167 33011
x 0 33012
p 0 168 33012
x 0 33013
p 0 170 33013
x 0 33014
p 0 166 33014
x 0 33015
p 0 168 33015
x 0 33016
p 0 358 33016
x 0 33017
p 0 383 33017
x 0 33018
p 0 345 33018
x 0 33019
p 0 423 33019
x 0 33020
p 0 196 33020
x 0 33021
p 0 197 33021
x 0 33022
p 0 193 33022
x 0 33023
p 0 195 33023
x 0 33024
p 0 192 33024
x 0 33025
p 0 220 33025
x 0 33026
p 0 196 33026
x 0 33027
p 0 196 33027
x 0 33028
p 0 192 33028
x 0 33029
p 0 150 33029
x 0 33030
p 0 195 33030
x 0 33031
p 0 202 33031
x 0 33032
p 0 193 33032
x 0 33033
p 0 193 33033
x 0 33034
p 0 194 33034
x 0 33035
p 0 195 33035
x 0 33036
p 0 197 33036
x 0 33037
p 0 195 33037
x 0 33038
p 0 230 33038
x 0 33039
p 0 194 33039
x 0 33040
p 0 193 33040
x 0 33041
p 0 240 33041
x 0 33042
p 0 192 33042
x 0 33043
p 0 192 33043
x 0 33044
p 0 195 33044
x 0 33045
p 0 197 33045
x 0 33046
p 0 200 33046
x 0 33047
p 0 194 33047
x 0 33048
p 0 194 33048
x 0 33049
p 0 195 33049
x 0 33050
p 0 226 33050
x 0 33051
p 0 203 33051
x 0 33052
p 0 205 33052
x 0 33053
p 0 198 33053
x 0 33054
p 0 197 33054
x 0 33055
p 0 142 33055
x 0 33056
p 0 144 33056
x 0 33057
p 0 229 33057
x 0 33058
p 0 141 33058
x 0 33059
p 0 196 33059
x 0 33060
p 0 247 33060
x 0 33000
h 0 10.0.0.6
p 0 22616 33000
x 1 33001
h 1 10.0.0.6
p 1 816 33001
x 0 33002
p 0 124 33002
x 0 33003
p 0 146 33003
x 0 33004
p 0 141 33004
x 0 33005
p 0 196 33005
x 0 33006
p 0 195 33006
x 0 33007
p 0 194 33007
x 0 33008
p 0 195 33008
x 0 33009
p 0 194 33009
x 0 33010
p 0 192 33010
x 0 33011
p 0 193 33011
x 0 33012
p 0 191 33012
x 0 33013
p 0 193 33013
x 0 33014
p 0 192 33014
x 0 33015
p 0 192 33015
x 0 33016
p 0 192 33016
x 0 33017
p 0 192 33017
x 0 33018
p 0 197 33018
x 0 33019
p 0 194 33019
x 0 33020
p 0 191 33020
x 0 33021
p 0 193 33021
x 0 33022
p 0 190 33022
x 0 33023
p 0 193 33023
x 0 33024
p 0 190 33024
x 0 33025
p 0 192 33025
x 0 33026
p 0 191 33026
x 0 33027
p 0 194 33027
x 0 33028
p 0 204 33028
x 0 33029
p 0 192 33029
x 0 33030
p 0 191 33030
x 0 33031
p 0 191 33031
x 0 33032
p 0 192 33032
x 0 33033
p 0 197 33033
x 0 33034
p 0 190 33034
x 0 33035
p 0 194 33035
x 0 33036
p 0 190 33036
x 0 33037
p 0 196 33037
x 0 33038
p 0 196 33038
x 0 33039
p 0 193 33039
x 0 33040
p 0 193 33040
x 0 33041
p 0 192 33041
x 0 33042
p 0 193 33042
x 0 33043
p 0 200 33043
x 0 33044
p 0 192 33044
x 0 33045
p 0 196 33045
x 0 33046
p 0 194 33046
x 0 33047
p 0 193 33047
x 0 33048
p 0 203 33048
x 0 33049
p 0 199 33049
x 0 33050
p 0 195 33050
x 0 33051
p 0 216 33051
x 0 33052
p 0 199 33052
x 0 33053
p 0 206 33053
x 0 33054
p 0 230 33054
x 0 33055
p 0 203 33055
x 0 33056
p 0 198 33056
x 0 33057
p 0 203 33057
x 0 33058
p 0 229 33058
x 0 33059
p 0 200 33059
x 0 33060
p 0 258 33060
x 0 33000
h 0 10.0.0.6
p 0 23171 33000
x 1 33001
h 1 10.0.0.6
p 1 767 33001
x 0 33002
p 0 190 33002
x 0 33003
p 0 191 33003
x 0 33004
p 0 160 33004
x 0 33005
p 0 184 33005
x 0 33006
p 0 160 33006
x 0 33007
p 0 154 33007
x 0 33008
p 0 160 33008
x 0 33009
p 0 191 33009
x 0 33010
p 0 194 33010
x 0 33011
p 0 191 33011
x 0 33012
p 0 192 33012
x 0 33013
p 0 192 33013
x 0 33014
p 0 191 33014
x 0 33015
p 0 195 33015
x 0 33016
p 0 193 33016
x 0 33017
p 0 192 33017
x 0 33018
p 0 192 33018
x 0 33019
p 0 233 33019
x 0 33020
p 0 192 33020
x 0 33021
p 0 196 33021
x 0 33022
p 0 193 33022
x 0 33023
p 0 194 33023
x 0 33024
p 0 191 33024
x 0 33025
p 0 248 33025
x 0 33026
p 0 224 33026
x 0 33027
p 0 193 33027
x 0 33028
p 0 195 33028
x 0 33029
p 0 194 33029
x 0 33030
p 0 199 33030
x 0 33031
p 0 199 33031
x 0 33032
p 0 197 33032
x 0 33033
p 0 193 33033
x 0 33034
p 0 193 33034
x 0 33035
p 0 193 33035
x 0 33036
p 0 194 33036
x 0 33037
p 0 175 33037
x 0 33038
p 0 201 33038
x 0 33039
p 0 203 33039
x 0 33040
p 0 230 33040
x 0 33041
p 0 176 33041
x 0 33042
p 0 200 33042
x 0 33043
p 0 176 33043
x 0 33044
p 0 211 33044
x 0 33045
p 0 218 33045
x 0 33046
p 0 177 33046
x 0 33047
p 0 198 33047
x 0 33048
p 0 515 33048
x 0 33049
p 0 383 33049
x 0 33050
p 0 263 33050
x 0 33051
p 0 259 33051
x 0 33052
p 0 246 33052
x 0 33053
p 0 238 33053
x 0 33054
p 0 230 33054
x 0 33055
p 0 247 33055
x 0 33056
p 0 227 33056
x 0 33057
p 0 228 33057
x 0 33058
p 0 225 33058
x 0 33059
p 0 245 33059
x 0 33060
p 0 235 33060
x 0 33000
h 0 10.0.0.6
p 0 22709 33000
x 1 33001
h 1 10.0.0.6
p 1 761 33001
x 0 33002
p 0 157 33002
x 0 33003
p 0 197 33003
x 0 33004
p 0 232 33004
x 0 33005
p 0 194 33005
x 0 33006
p 0 234 33006
x 0 33007
p 0 203 33007
x 0 33008
p 0 210 33008
x 0 33009
p 0 190 33009
x 0 33010
p 0 195 33010
x 0 33011
p 0 354 33011
x 0 33012
p 0 203 33012
x 0 33013
p 0 188 33013
x 0 33014
p 0 194 33014
x 0 33015
p 0 193 33015
x 0 33016
p 0 190 33016
x 0 33017
p 0 194 33017
x 0 33018
p 0 190 33018
x 0 33019
p 0 194 33019
x 0 33020
p 0 192 33020
x 0 33021
p 0 193 33021
x 0 33022
p 0 192 33022
x 0 33023
p 0 196 33023
x 0 33024
p 0 194 33024
x 0 33025
p 0 193 33025
x 0 33026
p 0 194 33026
x 0 33027
p 0 196 33027
x 0 33028
p 0 272 33028
x 0 33029
p 0 193 33029
x 0 33030
p 0 192 33030
x 0 33031
p 0 188 33031
x 0 33032
p 0 251 33032
x 0 33033
p 0 190 33033
x 0 33034
p 0 189 33034
x 0 33035
p 0 201 33035
x 0 33036
p 0 194 33036
x 0 33037
p 0 194 33037
x 0 33038
p 0 194 33038
x 0 33039
p 0 194 33039
x 0 33040
p 0 159 33040
x 0 33041
p 0 191 33041
x 0 33042
p 0 195 33042
x 0 33043
p 0 179 33043
x 0 33044
p 0 192 33044
x 0 33045
p 0 267 33045
x 0 33046
p 0 195 33046
x 0 33047
p 0 170 33047
x 0 33048
p 0 168 33048
x 0 33049
p 0 192 33049
x 0 33050
p 0 193 33050
x 0 33051
p 0 163 33051
x 0 33052
p 0 170 33052
x 0 33053
p 0 194 33053
x 0 33054
p 0 165 33054
x 0 33055
p 0 197 33055
x 0 33056
p 0 163 33056
x 0 33057
p 0 217 33057
x 0 33058
p 0 198 33058
x 0 33059
p 0 199 33059
x 0 33060
p 0 201 33060
