x 0 33000
x 1 33001
x 2 33002
x 3 33003
x 4 33004
h 0 10.0.0.5
p 0 423418 33000
h 1 10.0.0.5
p 1 326213 33001
h 3 10.0.0.5
p 3 128803 33003
h 2 10.0.0.5
p 2 231805 33002
x 5 33005
h 5 10.0.0.5
p 5 238 33005
x 0 33006
p 0 352 33006
h 4 10.0.0.5
p 4 1010904 33004
x 0 33007
p 0 436 33007
x 0 33008
p 0 301 33008
x 0 33009
p 0 315 33009
x 0 33010
p 0 294 33010
x 0 33011
p 0 286 33011
x 0 33012
p 0 348 33012
x 0 33013
p 0 283 33013
x 0 33014
p 0 292 33014
x 0 33015
p 0 327 33015
x 0 33016
p 0 288 33016
x 0 33017
p 0 239 33017
x 0 33018
p 0 240 33018
x 0 33019
p 0 226 33019
x 0 33020
p 0 281 33020
x 0 33021
p 0 352 33021
x 0 33022
p 0 235 33022
x 0 33023
p 0 268 33023
x 0 33024
p 0 249 33024
x 0 33025
p 0 298 33025
x 0 33026
p 0 249 33026
x 0 33027
p 0 262 33027
x 0 33028
p 0 235 33028
x 0 33029
p 0 233 33029
x 0 33030
p 0 230 33030
x 0 33031
p 0 379 33031
x 0 33032
p 0 237 33032
x 0 33033
p 0 271 33033
x 0 33034
p 0 245 33034
x 0 33035
p 0 223 33035
x 0 33036
p 0 246 33036
x 0 33037
p 0 272 33037
x 0 33038
p 0 241 33038
x 0 33039
p 0 270 33039
x 0 33040
p 0 234 33040
x 0 33041
p 0 274 33041
x 0 33042
p 0 242 33042
x 0 33043
p 0 268 33043
x 0 33044
p 0 235 33044
x 0 33045
p 0 240 33045
x 0 33046
p 0 314 33046
x 0 33047
p 0 251 33047
x 0 33048
p 0 346 33048
x 0 33049
p 0 252 33049
x 0 33050
p 0 252 33050
x 0 33051
p 0 295 33051
x 0 33052
p 0 326 33052
x 0 33053
p 0 243 33053
x 0 33054
p 0 238 33054
x 0 33055
p 0 238 33055
x 0 33056
p 0 279 33056
x 0 33057
p 0 266 33057
x 0 33058
p 0 258 33058
x 0 33059
p 0 289 33059
x 0 33060
p 0 242 33060
x 0 33061
p 0 270 33061
x 0 33062
p 0 272 33062
x 0 33063
p 0 258 33063
x 0 33064
p 0 248 33064
x 0 33000
h 0 10.0.0.5
p 0 48982 33000
x 1 33001
h 1 10.0.0.5
p 1 969 33001
x 0 33002
p 0 266 33002
x 0 33003
p 0 257 33003
x 0 33004
p 0 415 33004
x 0 33005
p 0 296 33005
x 0 33006
p 0 281 33006
x 0 33007
p 0 255 33007
x 0 33008
p 0 242 33008
x 0 33009
p 0 243 33009
x 0 33010
p 0 254 33010
x 0 33011
p 0 235 33011
x 0 33012
p 0 248 33012
x 0 33013
p 0 241 33013
x 0 33014
p 0 247 33014
x 0 33015
p 0 224 33015
x 0 33016
p 0 232 33016
x 0 33017
p 0 236 33017
x 0 33018
p 0 227 33018
x 0 33019
p 0 225 33019
x 0 33020
p 0 254 33020
x 0 33021
p 0 246 33021
x 0 33022
p 0 246 33022
x 0 33023
p 0 225 33023
x 0 33024
p 0 226 33024
x 0 33025
p 0 242 33025
x 0 33026
p 0 248 33026
x 0 33027
p 0 378 33027
x 0 33028
p 0 247 33028
x 0 33029
p 0 364 33029
x 0 33030
p 0 387 33030
x 0 33031
p 0 247 33031
x 0 33032
p 0 243 33032
x 0 33033
p 0 237 33033
x 0 33034
p 0 272 33034
x 0 33035
p 0 356 33035
x 0 33036
p 0 247 33036
x 0 33037
p 0 256 33037
x 0 33038
p 0 246 33038
x 0 33039
p 0 358 33039
x 0 33040
p 0 357 33040
x 0 33041
p 0 242 33041
x 0 33042
p 0 258 33042
x 0 33043
p 0 362 33043
x 0 33044
p 0 363 33044
x 0 33045
p 0 242 33045
x 0 33046
p 0 246 33046
x 0 33047
p 0 262 33047
x 0 33048
p 0 245 33048
x 0 33049
p 0 240 33049
x 0 33050
p 0 239 33050
x 0 33051
p 0 244 33051
x 0 33052
p 0 355 33052
x 0 33053
p 0 220 33053
x 0 33054
p 0 227 33054
x 0 33055
p 0 221 33055
x 0 33056
p 0 226 33056
x 0 33057
p 0 261 33057
x 0 33058
p 0 225 33058
x 0 33059
p 0 222 33059
x 0 33060
p 0 217 33060
x 0 33000
h 0 10.0.0.5
p 0 38328 33000
x 1 33001
h 1 10.0.0.5
p 1 890 33001
x 0 33002
p 0 250 33002
x 0 33003
p 0 246 33003
x 0 33004
p 0 277 33004
x 0 33005
p 0 258 33005
x 0 33006
p 0 247 33006
x 0 33007
p 0 272 33007
x 0 33008
p 0 278 33008
x 0 33009
p 0 223 33009
x 0 33010
p 0 241 33010
x 0 33011
p 0 275 33011
x 0 33012
p 0 235 33012
x 0 33013
p 0 377 33013
x 0 33014
p 0 359 33014
x 0 33015
p 0 361 33015
x 0 33016
p 0 244 33016
x 0 33017
p 0 251 33017
x 0 33018
p 0 243 33018
x 0 33019
p 0 245 33019
x 0 33020
p 0 254 33020
x 0 33021
p 0 280 33021
x 0 33022
p 0 464 33022
x 0 33023
p 0 414 33023
x 0 33024
p 0 387 33024
x 0 33025
p 0 271 33025
x 0 33026
p 0 239 33026
x 0 33027
p 0 401 33027
x 0 33028
p 0 422 33028
x 0 33029
p 0 499 33029
x 0 33030
p 0 497 33030
x 0 33031
p 0 399 33031
x 0 33032
p 0 404 33032
x 0 33033
p 0 397 33033
x 0 33034
p 0 368 33034
x 0 33035
p 0 441 33035
x 0 33036
p 0 401 33036
x 0 33037
p 0 380 33037
x 0 33038
p 0 387 33038
x 0 33039
p 0 239 33039
x 0 33040
p 0 377 33040
x 0 33041
p 0 382 33041
x 0 33042
p 0 373 33042
x 0 33043
p 0 416 33043
x 0 33044
p 0 374 33044
x 0 33045
p 0 480 33045
x 0 33046
p 0 519 33046
x 0 33047
p 0 478 33047
x 0 33048
p 0 353 33048
x 0 33049
p 0 334 33049
x 0 33050
p 0 404 33050
x 0 33051
p 0 325 33051
x 0 33052
p 0 355 33052
x 0 33053
p 0 448 33053
x 0 33054
p 0 365 33054
x 0 33055
p 0 435 33055
x 0 33056
p 0 372 33056
x 0 33057
p 0 198 33057
x 0 33058
p 0 278 33058
x 0 33059
p 0 246 33059
x 0 33060
p 0 257 33060
x 0 33000
h 0 10.0.0.5
p 0 47298 33000
x 1 33001
h 1 10.0.0.5
p 1 960 33001
x 0 33002
p 0 250 33002
x 0 33003
p 0 253 33003
x 0 33004
p 0 258 33004
x 0 33005
p 0 285 33005
x 0 33006
p 0 244 33006
x 0 33007
p 0 371 33007
x 0 33008
p 0 401 33008
x 0 33009
p 0 394 33009
x 0 33010
p 0 352 33010
x 0 33011
p 0 350 33011
x 0 33012
p 0 418 33012
x 0 33013
p 0 348 33013
x 0 33014
p 0 357 33014
x 0 33015
p 0 360 33015
x 0 33016
p 0 385 33016
x 0 33017
p 0 360 33017
x 0 33018
p 0 245 33018
x 0 33019
p 0 450 33019
x 0 33020
p 0 383 33020
x 0 33021
p 0 362 33021
x 0 33022
p 0 373 33022
x 0 33023
p 0 389 33023
x 0 33024
p 0 374 33024
x 0 33025
p 0 246 33025
x 0 33026
p 0 277 33026
x 0 33027
p 0 408 33027
x 0 33028
p 0 385 33028
x 0 33029
p 0 382 33029
x 0 33030
p 0 256 33030
x 0 33031
p 0 238 33031
x 0 33032
p 0 233 33032
x 0 33033
p 0 238 33033
x 0 33034
p 0 259 33034
x 0 33035
p 0 237 33035
x 0 33036
p 0 372 33036
x 0 33037
p 0 468 33037
x 0 33038
p 0 381 33038
x 0 33039
p 0 383 33039
x 0 33040
p 0 254 33040
x 0 33041
p 0 248 33041
x 0 33042
p 0 244 33042
x 0 33043
p 0 332 33043
x 0 33044
p 0 268 33044
x 0 33045
p 0 249 33045
x 0 33046
p 0 242 33046
x 0 33047
p 0 321 33047
x 0 33048
p 0 256 33048
x 0 33049
p 0 247 33049
x 0 33050
p 0 241 33050
x 0 33051
p 0 265 33051
x 0 33052
p 0 235 33052
x 0 33053
p 0 242 33053
x 0 33054
p 0 247 33054
x 0 33055
p 0 238 33055
x 0 33056
p 0 239 33056
x 0 33057
p 0 413 33057
x 0 33058
p 0 293 33058
x 0 33059
p 0 257 33059
x 0 33060
p 0 304 33060
x 0 33000
h 0 10.0.0.5
p 0 45694 33000
x 1 33001
h 1 10.0.0.5
p 1 669 33001
x 0 33002
p 0 249 33002
x 0 33003
p 0 229 33003
x 0 33004
p 0 240 33004
x 0 33005
p 0 232 33005
x 0 33006
p 0 216 33006
x 0 33007
p 0 237 33007
x 0 33008
p 0 257 33008
x 0 33009
p 0 236 33009
x 0 33010
p 0 234 33010
x 0 33011
p 0 232 33011
x 0 33012
p 0 234 33012
x 0 33013
p 0 88 33013
x 0 33014
p 0 239 33014
x 0 33015
p 0 263 33015
x 0 33016
p 0 233 33016
x 0 33017
p 0 221 33017
x 0 33018
p 0 201 33018
x 0 33019
p 0 216 33019
x 0 33020
p 0 216 33020
x 0 33021
p 0 215 33021
x 0 33022
p 0 267 33022
x 0 33023
p 0 221 33023
x 0 33024
p 0 218 33024
x 0 33025
p 0 215 33025
x 0 33026
p 0 241 33026
x 0 33027
p 0 241 33027
x 0 33028
p 0 221 33028
x 0 33029
p 0 214 33029
x 0 33030
p 0 213 33030
x 0 33031
p 0 213 33031
x 0 33032
p 0 214 33032
x 0 33033
p 0 251 33033
x 0 33034
p 0 216 33034
x 0 33035
p 0 214 33035
x 0 33036
p 0 214 33036
x 0 33037
p 0 222 33037
x 0 33038
p 0 221 33038
x 0 33039
p 0 237 33039
x 0 33040
p 0 248 33040
x 0 33041
p 0 211 33041
x 0 33042
p 0 211 33042
x 0 33043
p 0 218 33043
x 0 33044
p 0 214 33044
x 0 33045
p 0 230 33045
x 0 33046
p 0 231 33046
x 0 33047
p 0 259 33047
x 0 33048
p 0 167 33048
x 0 33049
p 0 215 33049
x 0 33050
p 0 211 33050
x 0 33051
p 0 212 33051
x 0 33052
p 0 217 33052
x 0 33053
p 0 222 33053
x 0 33054
p 0 214 33054
x 0 33055
p 0 218 33055
x 0 33056
p 0 219 33056
x 0 33057
p 0 222 33057
x 0 33058
p 0 223 33058
x 0 33059
p 0 215 33059
x 0 33060
p 0 216 33060
