-----------------------------------------------------------
Server listening on 85
-----------------------------------------------------------
Accepted connection from 10.0.0.5, port 41440
[  5] local 10.0.0.13 port 85 connected to 10.0.0.5 port 41464
[  8] local 10.0.0.13 port 85 connected to 10.0.0.5 port 41484
[ 10] local 10.0.0.13 port 85 connected to 10.0.0.5 port 41532
[ 12] local 10.0.0.13 port 85 connected to 10.0.0.5 port 41580
[ 14] local 10.0.0.13 port 85 connected to 10.0.0.5 port 41628
[ 16] local 10.0.0.13 port 85 connected to 10.0.0.5 port 41676
[ 18] local 10.0.0.13 port 85 connected to 10.0.0.5 port 41722
[ 20] local 10.0.0.13 port 85 connected to 10.0.0.5 port 41754
[ 22] local 10.0.0.13 port 85 connected to 10.0.0.5 port 41784
[ 24] local 10.0.0.13 port 85 connected to 10.0.0.5 port 41818
[ ID] Interval           Transfer     Bitrate
[  5]   0.00-1.00   sec  1.03 MBytes  8.64 Mbits/sec                  
[  8]   0.00-1.00   sec   689 KBytes  5.64 Mbits/sec                  
[ 10]   0.00-1.00   sec   683 KBytes  5.59 Mbits/sec                  
[ 12]   0.00-1.00   sec   686 KBytes  5.62 Mbits/sec                  
[ 14]   0.00-1.00   sec   642 KBytes  5.26 Mbits/sec                  
[ 16]   0.00-1.00   sec   643 KBytes  5.27 Mbits/sec                  
[ 18]   0.00-1.00   sec  1.19 MBytes  9.95 Mbits/sec                  
[ 20]   0.00-1.00   sec  5.14 MBytes  43.1 Mbits/sec                  
[ 22]   0.00-1.00   sec  3.52 MBytes  29.5 Mbits/sec                  
[ 24]   0.00-1.00   sec  8.94 MBytes  75.0 Mbits/sec                  
[SUM]   0.00-1.00   sec  23.1 MBytes   194 Mbits/sec                  
- - - - - - - - - - - - - - - - - - - - - - - - -
[  5]   1.00-2.00   sec   474 KBytes  3.88 Mbits/sec                  
[  8]   1.00-2.00   sec   475 KBytes  3.89 Mbits/sec                  
[ 10]   1.00-2.00   sec   475 KBytes  3.89 Mbits/sec                  
[ 12]   1.00-2.00   sec   475 KBytes  3.89 Mbits/sec                  
[ 14]   1.00-2.00   sec   475 KBytes  3.89 Mbits/sec                  
[ 16]   1.00-2.00   sec   475 KBytes  3.89 Mbits/sec                  
[ 18]   1.00-2.00   sec   691 KBytes  5.66 Mbits/sec                  
[ 20]   1.00-2.00   sec  2.86 MBytes  24.0 Mbits/sec                  
[ 22]   1.00-2.00   sec  2.35 MBytes  19.7 Mbits/sec                  
[ 24]   1.00-2.00   sec  5.09 MBytes  42.7 Mbits/sec                  
[SUM]   1.00-2.00   sec  13.8 MBytes   115 Mbits/sec                  
- - - - - - - - - - - - - - - - - - - - - - - - -
[  5]   2.00-3.00   sec   331 KBytes  2.71 Mbits/sec                  
[  8]   2.00-3.00   sec   332 KBytes  2.72 Mbits/sec                  
[ 10]   2.00-3.00   sec   335 KBytes  2.75 Mbits/sec                  
[ 12]   2.00-3.00   sec   335 KBytes  2.75 Mbits/sec                  
[ 14]   2.00-3.00   sec   335 KBytes  2.75 Mbits/sec                  
[ 16]   2.00-3.00   sec   329 KBytes  2.70 Mbits/sec                  
[ 18]   2.00-3.00   sec   369 KBytes  3.02 Mbits/sec                  
[ 20]   2.00-3.00   sec  1.75 MBytes  14.7 Mbits/sec                  
[ 22]   2.00-3.00   sec  1.11 MBytes  9.35 Mbits/sec                  
[ 24]   2.00-3.00   sec  3.53 MBytes  29.6 Mbits/sec                  
[SUM]   2.00-3.00   sec  8.71 MBytes  73.1 Mbits/sec                  
- - - - - - - - - - - - - - - - - - - - - - - - -
[  5]   3.00-4.00   sec   305 KBytes  2.50 Mbits/sec                  
[  8]   3.00-4.00   sec   304 KBytes  2.49 Mbits/sec                  
[ 10]   3.00-4.00   sec   301 KBytes  2.46 Mbits/sec                  
[ 12]   3.00-4.00   sec   301 KBytes  2.46 Mbits/sec                  
[ 14]   3.00-4.00   sec   301 KBytes  2.46 Mbits/sec                  
[ 16]   3.00-4.00   sec   304 KBytes  2.49 Mbits/sec                  
[ 18]   3.00-4.00   sec   301 KBytes  2.46 Mbits/sec                  
[ 20]   3.00-4.00   sec  1.28 MBytes  10.7 Mbits/sec                  
[ 22]   3.00-4.00   sec   950 KBytes  7.77 Mbits/sec                  
[ 24]   3.00-4.00   sec  3.26 MBytes  27.3 Mbits/sec                  
[SUM]   3.00-4.00   sec  7.54 MBytes  63.1 Mbits/sec                  
- - - - - - - - - - - - - - - - - - - - - - - - -
[  5]   4.00-5.00   sec   313 KBytes  2.56 Mbits/sec                  
[  8]   4.00-5.00   sec   313 KBytes  2.56 Mbits/sec                  
[ 10]   4.00-5.00   sec   318 KBytes  2.61 Mbits/sec                  
[ 12]   4.00-5.00   sec   318 KBytes  2.61 Mbits/sec                  
[ 14]   4.00-5.00   sec   315 KBytes  2.59 Mbits/sec                  
[ 16]   4.00-5.00   sec   315 KBytes  2.59 Mbits/sec                  
[ 18]   4.00-5.00   sec   318 KBytes  2.61 Mbits/sec                  
[ 20]   4.00-5.00   sec  1.36 MBytes  11.4 Mbits/sec                  
[ 22]   4.00-5.00   sec   980 KBytes  8.04 Mbits/sec                  
[ 24]   4.00-5.00   sec  3.36 MBytes  28.2 Mbits/sec                  
[SUM]   4.00-5.00   sec  7.83 MBytes  65.8 Mbits/sec                  
- - - - - - - - - - - - - - - - - - - - - - - - -
[  5]   5.00-6.00   sec   337 KBytes  2.76 Mbits/sec                  
[  8]   5.00-6.00   sec   335 KBytes  2.75 Mbits/sec                  
[ 10]   5.00-6.00   sec   335 KBytes  2.75 Mbits/sec                  
[ 12]   5.00-6.00   sec   335 KBytes  2.75 Mbits/sec                  
[ 14]   5.00-6.00   sec   335 KBytes  2.75 Mbits/sec                  
[ 16]   5.00-6.00   sec   335 KBytes  2.75 Mbits/sec                  
[ 18]   5.00-6.00   sec   335 KBytes  2.75 Mbits/sec                  
[ 20]   5.00-6.00   sec  1.60 MBytes  13.4 Mbits/sec                  
[ 22]   5.00-6.00   sec  1.10 MBytes  9.20 Mbits/sec                  
[ 24]   5.00-6.00   sec  3.61 MBytes  30.3 Mbits/sec                  
[SUM]   5.00-6.00   sec  8.59 MBytes  72.1 Mbits/sec                  
- - - - - - - - - - - - - - - - - - - - - - - - -
[  5]   6.00-7.00   sec   352 KBytes  2.88 Mbits/sec                  
[  8]   6.00-7.00   sec   356 KBytes  2.92 Mbits/sec                  
[ 10]   6.00-7.00   sec   354 KBytes  2.90 Mbits/sec                  
[ 12]   6.00-7.00   sec   354 KBytes  2.90 Mbits/sec                  
[ 14]   6.00-7.00   sec   354 KBytes  2.90 Mbits/sec                  
[ 16]   6.00-7.00   sec   354 KBytes  2.90 Mbits/sec                  
[ 18]   6.00-7.00   sec   354 KBytes  2.90 Mbits/sec                  
[ 20]   6.00-7.00   sec  1.90 MBytes  15.9 Mbits/sec                  
[ 22]   6.00-7.00   sec  1.26 MBytes  10.6 Mbits/sec                  
[ 24]   6.00-7.00   sec  3.79 MBytes  31.8 Mbits/sec                  
[SUM]   6.00-7.00   sec  9.37 MBytes  78.6 Mbits/sec                  
- - - - - - - - - - - - - - - - - - - - - - - - -
[  5]   7.00-8.00   sec   354 KBytes  2.90 Mbits/sec                  
[  8]   7.00-8.00   sec   346 KBytes  2.84 Mbits/sec                  
[ 10]   7.00-8.00   sec   352 KBytes  2.88 Mbits/sec                  
[ 12]   7.00-8.00   sec   346 KBytes  2.84 Mbits/sec                  
[ 14]   7.00-8.00   sec   349 KBytes  2.86 Mbits/sec                  
[ 16]   7.00-8.00   sec   352 KBytes  2.88 Mbits/sec                  
[ 18]   7.00-8.00   sec   349 KBytes  2.86 Mbits/sec                  
[ 20]   7.00-8.00   sec  1.89 MBytes  15.9 Mbits/sec                  
[ 22]   7.00-8.00   sec  1.24 MBytes  10.4 Mbits/sec                  
[ 24]   7.00-8.00   sec  3.79 MBytes  31.8 Mbits/sec                  
[SUM]   7.00-8.00   sec  9.32 MBytes  78.2 Mbits/sec                  
- - - - - - - - - - - - - - - - - - - - - - - - -
[  5]   8.00-9.00   sec   346 KBytes  2.84 Mbits/sec                  
[  8]   8.00-9.00   sec   346 KBytes  2.84 Mbits/sec                  
[ 10]   8.00-9.00   sec   348 KBytes  2.85 Mbits/sec                  
[ 12]   8.00-9.00   sec   346 KBytes  2.84 Mbits/sec                  
[ 14]   8.00-9.00   sec   348 KBytes  2.85 Mbits/sec                  
[ 16]   8.00-9.00   sec   348 KBytes  2.85 Mbits/sec                  
[ 18]   8.00-9.00   sec   348 KBytes  2.85 Mbits/sec                  
[ 20]   8.00-9.00   sec  1.86 MBytes  15.6 Mbits/sec                  
[ 22]   8.00-9.00   sec  1.24 MBytes  10.4 Mbits/sec                  
[ 24]   8.00-9.00   sec  3.73 MBytes  31.3 Mbits/sec                  
[SUM]   8.00-9.00   sec  9.21 MBytes  77.2 Mbits/sec                  
- - - - - - - - - - - - - - - - - - - - - - - - -
[  5]   9.00-10.00  sec   348 KBytes  2.85 Mbits/sec                  
[  8]   9.00-10.00  sec   351 KBytes  2.87 Mbits/sec                  
[ 10]   9.00-10.00  sec   346 KBytes  2.84 Mbits/sec                  
[ 12]   9.00-10.00  sec   354 KBytes  2.90 Mbits/sec                  
[ 14]   9.00-10.00  sec   346 KBytes  2.84 Mbits/sec                  
[ 16]   9.00-10.00  sec   346 KBytes  2.84 Mbits/sec                  
[ 18]   9.00-10.00  sec   349 KBytes  2.86 Mbits/sec                  
[ 20]   9.00-10.00  sec  1.83 MBytes  15.4 Mbits/sec                  
[ 22]   9.00-10.00  sec  1.26 MBytes  10.6 Mbits/sec                  
[ 24]   9.00-10.00  sec  3.73 MBytes  31.3 Mbits/sec                  
[SUM]   9.00-10.00  sec  9.21 MBytes  77.2 Mbits/sec                  
- - - - - - - - - - - - - - - - - - - - - - - - -
[  5]  10.00-11.00  sec   346 KBytes  2.84 Mbits/sec                  
[  8]  10.00-11.00  sec   349 KBytes  2.86 Mbits/sec                  
[ 10]  10.00-11.00  sec   346 KBytes  2.84 Mbits/sec                  
[ 12]  10.00-11.00  sec   346 KBytes  2.84 Mbits/sec                  
[ 14]  10.00-11.00  sec   348 KBytes  2.85 Mbits/sec                  
[ 16]  10.00-11.00  sec   348 KBytes  2.85 Mbits/sec                  
[ 18]  10.00-11.00  sec   348 KBytes  2.85 Mbits/sec                  
[ 20]  10.00-11.00  sec  1.80 MBytes  15.1 Mbits/sec                  
[ 22]  10.00-11.00  sec  1.21 MBytes  10.1 Mbits/sec                  
[ 24]  10.00-11.00  sec  3.73 MBytes  31.3 Mbits/sec                  
[SUM]  10.00-11.00  sec  9.11 MBytes  76.4 Mbits/sec                  
- - - - - - - - - - - - - - - - - - - - - - - - -
[  5]  11.00-12.00  sec   354 KBytes  2.90 Mbits/sec                  
[  8]  11.00-12.00  sec   354 KBytes  2.90 Mbits/sec                  
[ 10]  11.00-12.00  sec   354 KBytes  2.90 Mbits/sec                  
[ 12]  11.00-12.00  sec   351 KBytes  2.87 Mbits/sec                  
[ 14]  11.00-12.00  sec   352 KBytes  2.88 Mbits/sec                  
[ 16]  11.00-12.00  sec   352 KBytes  2.88 Mbits/sec                  
[ 18]  11.00-12.00  sec   349 KBytes  2.86 Mbits/sec                  
[ 20]  11.00-12.00  sec  1.89 MBytes  15.9 Mbits/sec                  
[ 22]  11.00-12.00  sec  1.24 MBytes  10.4 Mbits/sec                  
[ 24]  11.00-12.00  sec  3.79 MBytes  31.8 Mbits/sec                  
[SUM]  11.00-12.00  sec  9.33 MBytes  78.3 Mbits/sec                  
- - - - - - - - - - - - - - - - - - - - - - - - -
[  5]  12.00-13.00  sec   352 KBytes  2.88 Mbits/sec                  
[  8]  12.00-13.00  sec   354 KBytes  2.90 Mbits/sec                  
[ 10]  12.00-13.00  sec   354 KBytes  2.90 Mbits/sec                  
[ 12]  12.00-13.00  sec   356 KBytes  2.92 Mbits/sec                  
[ 14]  12.00-13.00  sec   354 KBytes  2.90 Mbits/sec                  
[ 16]  12.00-13.00  sec   354 KBytes  2.90 Mbits/sec                  
[ 18]  12.00-13.00  sec   356 KBytes  2.92 Mbits/sec                  
[ 20]  12.00-13.00  sec  1.90 MBytes  15.9 Mbits/sec                  
[ 22]  12.00-13.00  sec  1.28 MBytes  10.7 Mbits/sec                  
[ 24]  12.00-13.00  sec  3.79 MBytes  31.8 Mbits/sec                  
[SUM]  12.00-13.00  sec  9.39 MBytes  78.8 Mbits/sec                  
- - - - - - - - - - - - - - - - - - - - - - - - -
[  5]  13.00-14.00  sec   359 KBytes  2.94 Mbits/sec                  
[  8]  13.00-14.00  sec   355 KBytes  2.91 Mbits/sec                  
[ 10]  13.00-14.00  sec   358 KBytes  2.93 Mbits/sec                  
[ 12]  13.00-14.00  sec   352 KBytes  2.88 Mbits/sec                  
[ 14]  13.00-14.00  sec   352 KBytes  2.88 Mbits/sec                  
[ 16]  13.00-14.00  sec   358 KBytes  2.93 Mbits/sec                  
[ 18]  13.00-14.00  sec   354 KBytes  2.90 Mbits/sec                  
[ 20]  13.00-14.00  sec  1.93 MBytes  16.2 Mbits/sec                  
[ 22]  13.00-14.00  sec  1.27 MBytes  10.6 Mbits/sec                  
[ 24]  13.00-14.00  sec  3.85 MBytes  32.3 Mbits/sec                  
[SUM]  13.00-14.00  sec  9.47 MBytes  79.5 Mbits/sec                  
- - - - - - - - - - - - - - - - - - - - - - - - -
[  5]  14.00-15.00  sec   352 KBytes  2.88 Mbits/sec                  
[  8]  14.00-15.00  sec   356 KBytes  2.92 Mbits/sec                  
[ 10]  14.00-15.00  sec   354 KBytes  2.90 Mbits/sec                  
[ 12]  14.00-15.00  sec   359 KBytes  2.94 Mbits/sec                  
[ 14]  14.00-15.00  sec   359 KBytes  2.94 Mbits/sec                  
[ 16]  14.00-15.00  sec   354 KBytes  2.90 Mbits/sec                  
[ 18]  14.00-15.00  sec   358 KBytes  2.93 Mbits/sec                  
[ 20]  14.00-15.00  sec  1.89 MBytes  15.9 Mbits/sec                  
[ 22]  14.00-15.00  sec  1.28 MBytes  10.7 Mbits/sec                  
[ 24]  14.00-15.00  sec  3.79 MBytes  31.8 Mbits/sec                  
[SUM]  14.00-15.00  sec  9.40 MBytes  78.9 Mbits/sec                  
- - - - - - - - - - - - - - - - - - - - - - - - -
[  5]  15.00-16.00  sec   354 KBytes  2.90 Mbits/sec                  
[  8]  15.00-16.00  sec   349 KBytes  2.86 Mbits/sec                  
[ 10]  15.00-16.00  sec   352 KBytes  2.88 Mbits/sec                  
[ 12]  15.00-16.00  sec   352 KBytes  2.88 Mbits/sec                  
[ 14]  15.00-16.00  sec   346 KBytes  2.84 Mbits/sec                  
[ 16]  15.00-16.00  sec   346 KBytes  2.84 Mbits/sec                  
[ 18]  15.00-16.00  sec   351 KBytes  2.87 Mbits/sec                  
[ 20]  15.00-16.00  sec  1.86 MBytes  15.6 Mbits/sec                  
[ 22]  15.00-16.00  sec  1.24 MBytes  10.4 Mbits/sec                  
[ 24]  15.00-16.00  sec  3.79 MBytes  31.8 Mbits/sec                  
[SUM]  15.00-16.00  sec  9.29 MBytes  77.9 Mbits/sec                  
- - - - - - - - - - - - - - - - - - - - - - - - -
[  5]  16.00-17.00  sec   352 KBytes  2.88 Mbits/sec                  
[  8]  16.00-17.00  sec   354 KBytes  2.90 Mbits/sec                  
[ 10]  16.00-17.00  sec   354 KBytes  2.90 Mbits/sec                  
[ 12]  16.00-17.00  sec   354 KBytes  2.90 Mbits/sec                  
[ 14]  16.00-17.00  sec   359 KBytes  2.94 Mbits/sec                  
[ 16]  16.00-17.00  sec   359 KBytes  2.94 Mbits/sec                  
[ 18]  16.00-17.00  sec   355 KBytes  2.91 Mbits/sec                  
[ 20]  16.00-17.00  sec  1.90 MBytes  15.9 Mbits/sec                  
[ 22]  16.00-17.00  sec  1.29 MBytes  10.8 Mbits/sec                  
[ 24]  16.00-17.00  sec  3.79 MBytes  31.8 Mbits/sec                  
[SUM]  16.00-17.00  sec  9.41 MBytes  78.9 Mbits/sec                  
- - - - - - - - - - - - - - - - - - - - - - - - -
[  5]  17.00-18.00  sec   348 KBytes  2.85 Mbits/sec                  
[  8]  17.00-18.00  sec   346 KBytes  2.84 Mbits/sec                  
[ 10]  17.00-18.00  sec   346 KBytes  2.84 Mbits/sec                  
[ 12]  17.00-18.00  sec   346 KBytes  2.84 Mbits/sec                  
[ 14]  17.00-18.00  sec   346 KBytes  2.84 Mbits/sec                  
[ 16]  17.00-18.00  sec   346 KBytes  2.84 Mbits/sec                  
[ 18]  17.00-18.00  sec   345 KBytes  2.82 Mbits/sec                  
[ 20]  17.00-18.00  sec  1.86 MBytes  15.6 Mbits/sec                  
[ 22]  17.00-18.00  sec  1.22 MBytes  10.3 Mbits/sec                  
[ 24]  17.00-18.00  sec  3.73 MBytes  31.2 Mbits/sec                  
[SUM]  17.00-18.00  sec  9.18 MBytes  76.9 Mbits/sec                  
- - - - - - - - - - - - - - - - - - - - - - - - -
[  5]  18.00-19.00  sec   349 KBytes  2.86 Mbits/sec                  
[  8]  18.00-19.00  sec   354 KBytes  2.90 Mbits/sec                  
[ 10]  18.00-19.00  sec   351 KBytes  2.88 Mbits/sec                  
[ 12]  18.00-19.00  sec   351 KBytes  2.88 Mbits/sec                  
[ 14]  18.00-19.00  sec   348 KBytes  2.85 Mbits/sec                  
[ 16]  18.00-19.00  sec   348 KBytes  2.85 Mbits/sec                  
[ 18]  18.00-19.00  sec   349 KBytes  2.86 Mbits/sec                  
[ 20]  18.00-19.00  sec  1.86 MBytes  15.7 Mbits/sec                  
[ 22]  18.00-19.00  sec  1.26 MBytes  10.6 Mbits/sec                  
[ 24]  18.00-19.00  sec  3.79 MBytes  31.8 Mbits/sec                  
[SUM]  18.00-19.00  sec  9.31 MBytes  78.2 Mbits/sec                  
- - - - - - - - - - - - - - - - - - - - - - - - -
[  5]  19.00-20.00  sec   356 KBytes  2.92 Mbits/sec                  
[  8]  19.00-20.00  sec   352 KBytes  2.88 Mbits/sec                  
[ 10]  19.00-20.00  sec   355 KBytes  2.91 Mbits/sec                  
[ 12]  19.00-20.00  sec   355 KBytes  2.91 Mbits/sec                  
[ 14]  19.00-20.00  sec   358 KBytes  2.93 Mbits/sec                  
[ 16]  19.00-20.00  sec   358 KBytes  2.93 Mbits/sec                  
[ 18]  19.00-20.00  sec   359 KBytes  2.94 Mbits/sec                  
[ 20]  19.00-20.00  sec  1.89 MBytes  15.9 Mbits/sec                  
[ 22]  19.00-20.00  sec  1.26 MBytes  10.6 Mbits/sec                  
[ 24]  19.00-20.00  sec  3.79 MBytes  31.8 Mbits/sec                  
[SUM]  19.00-20.00  sec  9.38 MBytes  78.7 Mbits/sec                  
- - - - - - - - - - - - - - - - - - - - - - - - -
[  5]  20.00-21.00  sec   346 KBytes  2.84 Mbits/sec                  
[  8]  20.00-21.00  sec   348 KBytes  2.85 Mbits/sec                  
[ 10]  20.00-21.00  sec   348 KBytes  2.85 Mbits/sec                  
[ 12]  20.00-21.00  sec   348 KBytes  2.85 Mbits/sec                  
[ 14]  20.00-21.00  sec   348 KBytes  2.85 Mbits/sec                  
[ 16]  20.00-21.00  sec   348 KBytes  2.85 Mbits/sec                  
[ 18]  20.00-21.00  sec   346 KBytes  2.84 Mbits/sec                  
[ 20]  20.00-21.00  sec  1.80 MBytes  15.1 Mbits/sec                  
[ 22]  20.00-21.00  sec  1.20 MBytes  10.1 Mbits/sec                  
[ 24]  20.00-21.00  sec  3.73 MBytes  31.3 Mbits/sec                  
[SUM]  20.00-21.00  sec  9.11 MBytes  76.4 Mbits/sec                  
- - - - - - - - - - - - - - - - - - - - - - - - -
[  5]  21.00-22.00  sec   354 KBytes  2.90 Mbits/sec                  
[  8]  21.00-22.00  sec   352 KBytes  2.88 Mbits/sec                  
[ 10]  21.00-22.00  sec   352 KBytes  2.88 Mbits/sec                  
[ 12]  21.00-22.00  sec   352 KBytes  2.88 Mbits/sec                  
[ 14]  21.00-22.00  sec   352 KBytes  2.88 Mbits/sec                  
[ 16]  21.00-22.00  sec   352 KBytes  2.88 Mbits/sec                  
[ 18]  21.00-22.00  sec   354 KBytes  2.90 Mbits/sec                  
[ 20]  21.00-22.00  sec  1.90 MBytes  15.9 Mbits/sec                  
[ 22]  21.00-22.00  sec  1.26 MBytes  10.6 Mbits/sec                  
[ 24]  21.00-22.00  sec  3.79 MBytes  31.8 Mbits/sec                  
[SUM]  21.00-22.00  sec  9.36 MBytes  78.5 Mbits/sec                  
- - - - - - - - - - - - - - - - - - - - - - - - -
[  5]  22.00-23.00  sec   355 KBytes  2.91 Mbits/sec                  
[  8]  22.00-23.00  sec   359 KBytes  2.94 Mbits/sec                  
[ 10]  22.00-23.00  sec   359 KBytes  2.94 Mbits/sec                  
[ 12]  22.00-23.00  sec   359 KBytes  2.94 Mbits/sec                  
[ 14]  22.00-23.00  sec   359 KBytes  2.94 Mbits/sec                  
[ 16]  22.00-23.00  sec   359 KBytes  2.94 Mbits/sec                  
[ 18]  22.00-23.00  sec   358 KBytes  2.93 Mbits/sec                  
[ 20]  22.00-23.00  sec  1.93 MBytes  16.2 Mbits/sec                  
[ 22]  22.00-23.00  sec  1.29 MBytes  10.8 Mbits/sec                  
[ 24]  22.00-23.00  sec  3.86 MBytes  32.3 Mbits/sec                  
[SUM]  22.00-23.00  sec  9.52 MBytes  79.8 Mbits/sec                  
- - - - - - - - - - - - - - - - - - - - - - - - -
[  5]  23.00-24.00  sec   580 KBytes  4.75 Mbits/sec                  
[  8]  23.00-24.00  sec   503 KBytes  4.12 Mbits/sec                  
[ 10]  23.00-24.00  sec   529 KBytes  4.33 Mbits/sec                  
[ 12]  23.00-24.00  sec   503 KBytes  4.12 Mbits/sec                  
[ 14]  23.00-24.00  sec   515 KBytes  4.22 Mbits/sec                  
[ 16]  23.00-24.00  sec   503 KBytes  4.12 Mbits/sec                  
[ 18]  23.00-24.00  sec   998 KBytes  8.18 Mbits/sec                  
[ 20]iperf3: interrupt - the server has terminated
  23.00-24.00  sec  4.86 MBytes  40.8 Mbits/sec                  
[ 22]  23.00-24.00  sec  3.08 MBytes  25.9 Mbits/sec                  
[ 24]  23.00-24.00  sec  6.53 MBytes  54.7 Mbits/sec                  
[SUM]  23.00-24.00  sec  18.5 MBytes   155 Mbits/sec                  
- - - - - - - - - - - - - - - - - - - - - - - - -
[  5]  24.00-25.00  sec  0.00 Bytes  0.00 bits/sec                  
[  8]  24.00-25.00  sec  0.00 Bytes  0.00 bits/sec                  
[ 10]  24.00-25.00  sec  0.00 Bytes  0.00 bits/sec                  
[ 12]  24.00-25.00  sec  0.00 Bytes  0.00 bits/sec                  
[ 14]  24.00-25.00  sec  0.00 Bytes  0.00 bits/sec                  
[ 16]  24.00-25.00  sec  0.00 Bytes  0.00 bits/sec                  
[ 18]  24.00-25.00  sec  0.00 Bytes  0.00 bits/sec                  
[ 20]  24.00-25.00  sec  0.00 Bytes  0.00 bits/sec                  
[ 22]  24.00-25.00  sec  0.00 Bytes  0.00 bits/sec                  
[ 24]  24.00-25.00  sec  0.00 Bytes  0.00 bits/sec                  
[SUM]  24.00-25.00  sec  0.00 Bytes  0.00 bits/sec                  
- - - - - - - - - - - - - - - - - - - - - - - - -
[  5]  25.00-25.60  sec  0.00 Bytes  0.00 bits/sec                  
[  8]  25.00-25.60  sec  0.00 Bytes  0.00 bits/sec                  
[ 10]  25.00-25.60  sec  0.00 Bytes  0.00 bits/sec                  
[ 12]  25.00-25.60  sec  0.00 Bytes  0.00 bits/sec                  
[ 14]  25.00-25.60  sec  0.00 Bytes  0.00 bits/sec                  
[ 16]  25.00-25.60  sec  0.00 Bytes  0.00 bits/sec                  
[ 18]  25.00-25.60  sec  0.00 Bytes  0.00 bits/sec                  
[ 20]  25.00-25.60  sec  0.00 Bytes  0.00 bits/sec                  
[ 22]  25.00-25.60  sec  0.00 Bytes  0.00 bits/sec                  
[ 24]  25.00-25.60  sec  0.00 Bytes  0.00 bits/sec                  
[SUM]  25.00-25.60  sec  0.00 Bytes  0.00 bits/sec                  
- - - - - - - - - - - - - - - - - - - - - - - - -
[ ID] Interval           Transfer     Bitrate
[  5]   0.00-25.60  sec  9.15 MBytes  3.00 Mbits/sec                  receiver
[  8]   0.00-25.60  sec  8.72 MBytes  2.86 Mbits/sec                  receiver
[ 10]   0.00-25.60  sec  8.75 MBytes  2.87 Mbits/sec                  receiver
[ 12]   0.00-25.60  sec  8.73 MBytes  2.86 Mbits/sec                  receiver
[ 14]   0.00-25.60  sec  8.69 MBytes  2.85 Mbits/sec                  receiver
[ 16]   0.00-25.60  sec  8.68 MBytes  2.84 Mbits/sec                  receiver
[ 18]   0.00-25.60  sec  9.97 MBytes  3.27 Mbits/sec                  receiver
[ 20]   0.00-25.60  sec  50.8 MBytes  16.6 Mbits/sec                  receiver
[ 22]   0.00-25.60  sec  34.4 MBytes  11.3 Mbits/sec                  receiver
[ 24]   0.00-25.60  sec  98.6 MBytes  32.3 Mbits/sec                  receiver
[SUM]   0.00-25.60  sec   246 MBytes  80.7 Mbits/sec                  receiver
