Connecting to host 10.0.0.13, port 80
[  5] local 10.0.0.10 port 52358 connected to 10.0.0.13 port 80
[ ID] Interval           Transfer     Bitrate         Retr  Cwnd
[  5]   0.00-1.00   sec   113 MBytes   951 Mbits/sec    0    403 KBytes       
[  5]   1.00-2.00   sec   111 MBytes   933 Mbits/sec    0    421 KBytes       
[  5]   2.00-3.00   sec   111 MBytes   934 Mbits/sec    0    441 KBytes       
[  5]   3.00-4.00   sec   112 MBytes   944 Mbits/sec    0    523 KBytes       
[  5]   4.00-5.00   sec   112 MBytes   938 Mbits/sec    0    523 KBytes       
[  5]   5.00-6.00   sec   112 MBytes   937 Mbits/sec    0    523 KBytes       
[  5]   6.00-7.00   sec   112 MBytes   937 Mbits/sec    0    523 KBytes       
[  5]   7.00-8.00   sec   112 MBytes   938 Mbits/sec    0    549 KBytes       
[  5]   8.00-9.00   sec   112 MBytes   936 Mbits/sec    0    574 KBytes       
[  5]   9.00-10.00  sec   112 MBytes   938 Mbits/sec    0    574 KBytes       
- - - - - - - - - - - - - - - - - - - - - - - - -
[ ID] Interval           Transfer     Bitrate         Retr
[  5]   0.00-10.00  sec  1.09 GBytes   938 Mbits/sec    0             sender
[  5]   0.00-10.01  sec  1.09 GBytes   936 Mbits/sec                  receiver

iperf Done.
Connecting to host 10.0.0.13, port 80
[  5] local 10.0.0.10 port 52362 connected to 10.0.0.13 port 80
[ ID] Interval           Transfer     Bitrate         Retr  Cwnd
[  5]   0.00-1.00   sec   113 MBytes   951 Mbits/sec    0    383 KBytes       
[  5]   1.00-2.00   sec   111 MBytes   934 Mbits/sec    0    383 KBytes       
[  5]   2.00-3.00   sec   112 MBytes   936 Mbits/sec    0    383 KBytes       
[  5]   3.00-4.00   sec   110 MBytes   923 Mbits/sec  264    383 KBytes       
[  5]   4.00-5.00   sec   112 MBytes   941 Mbits/sec    0    383 KBytes       
[  5]   5.00-6.00   sec   112 MBytes   938 Mbits/sec    0    383 KBytes       
[  5]   6.00-7.00   sec   111 MBytes   932 Mbits/sec    0    383 KBytes       
[  5]   7.00-8.00   sec   112 MBytes   938 Mbits/sec    0    383 KBytes       
[  5]   8.00-9.00   sec   111 MBytes   934 Mbits/sec    0    383 KBytes       
[  5]   9.00-10.00  sec   111 MBytes   929 Mbits/sec    0    383 KBytes       
- - - - - - - - - - - - - - - - - - - - - - - - -
[ ID] Interval           Transfer     Bitrate         Retr
[  5]   0.00-10.00  sec  1.09 GBytes   936 Mbits/sec  264             sender
[  5]   0.00-10.00  sec  1.09 GBytes   934 Mbits/sec                  receiver

iperf Done.
Connecting to host 10.0.0.13, port 80
[  5] local 10.0.0.10 port 52366 connected to 10.0.0.13 port 80
[ ID] Interval           Transfer     Bitrate         Retr  Cwnd
[  5]   0.00-1.00   sec   114 MBytes   955 Mbits/sec    0    382 KBytes       
[  5]   1.00-2.00   sec   112 MBytes   939 Mbits/sec    0    382 KBytes       
[  5]   2.00-3.00   sec   111 MBytes   935 Mbits/sec    0    382 KBytes       
[  5]   3.00-4.00   sec   112 MBytes   939 Mbits/sec    0    382 KBytes       
[  5]   4.00-5.00   sec   112 MBytes   936 Mbits/sec    0    382 KBytes       
[  5]   5.00-6.00   sec   110 MBytes   921 Mbits/sec    0    382 KBytes       
[  5]   6.00-7.00   sec   112 MBytes   939 Mbits/sec    0    420 KBytes       
[  5]   7.00-8.00   sec   112 MBytes   939 Mbits/sec    0    420 KBytes       
[  5]   8.00-9.00   sec   111 MBytes   933 Mbits/sec    0    420 KBytes       
[  5]   9.00-10.00  sec   112 MBytes   940 Mbits/sec    0    420 KBytes       
- - - - - - - - - - - - - - - - - - - - - - - - -
[ ID] Interval           Transfer     Bitrate         Retr
[  5]   0.00-10.00  sec  1.09 GBytes   938 Mbits/sec    0             sender
[  5]   0.00-10.00  sec  1.09 GBytes   936 Mbits/sec                  receiver

iperf Done.
