x 0 33000
x 1 33001
x 2 33002
x 3 33003
x 4 33004
x 5 33005
x 6 33006
x 7 33007
x 8 33008
x 9 33009
x 10 33010
x 11 33011
x 12 33012
x 13 33013
x 0 33014
x 1 33015
x 2 33016
x 3 33017
x 4 33018
h 0 10.0.0.4
p 0 1761681 33000
x 5 33019
h 5 10.0.0.4
p 5 731 33019
h 2 10.0.0.4
p 2 1565692 33002
h 3 10.0.0.4
p 3 1467060 33003
h 4 10.0.0.4
p 4 1369371 33004
p 5 1270269 33005
h 6 10.0.0.4
p 6 1171828 33006
h 1 10.0.0.4
p 1 1674458 33001
h 7 10.0.0.4
p 7 1074919 33007
h 8 10.0.0.4
p 8 977168 33008
h 9 10.0.0.4
p 9 878235 33009
h 10 10.0.0.4
p 10 780434 33010
x 0 33020
p 0 165 33020
h 11 10.0.0.4
p 11 1009306 33011
h 12 10.0.0.4
p 12 1004996 33012
h 13 10.0.0.4
p 13 1000858 33013
p 0 1026619 33014
p 1 1019137 33015
p 2 1011121 33016
p 3 991803 33017
p 4 941765 33018
x 0 33021
p 0 308 33021
x 0 33022
p 0 373 33022
x 0 33023
p 0 218 33023
x 0 33024
p 0 216 33024
x 0 33025
p 0 248 33025
x 0 33026
p 0 282 33026
x 0 33027
p 0 271 33027
x 0 33028
p 0 258 33028
x 0 33029
p 0 246 33029
x 0 33030
p 0 219 33030
x 0 33031
p 0 232 33031
x 0 33032
p 0 296 33032
x 0 33033
p 0 262 33033
x 0 33034
p 0 245 33034
x 0 33035
p 0 257 33035
x 0 33036
p 0 219 33036
x 0 33037
p 0 235 33037
x 0 33038
p 0 256 33038
x 0 33039
p 0 255 33039
x 0 33040
p 0 304 33040
x 0 33041
p 0 224 33041
x 0 33042
p 0 223 33042
x 0 33043
p 0 224 33043
x 0 33044
p 0 218 33044
x 0 33045
p 0 223 33045
x 0 33046
p 0 258 33046
x 0 33047
p 0 326 33047
x 0 33048
p 0 218 33048
x 0 33049
p 0 214 33049
x 0 33050
p 0 223 33050
x 0 33051
p 0 210 33051
x 0 33052
p 0 215 33052
x 0 33053
p 0 245 33053
x 0 33054
p 0 219 33054
x 0 33055
p 0 217 33055
x 0 33056
p 0 216 33056
x 0 33057
p 0 219 33057
x 0 33058
p 0 219 33058
x 0 33059
p 0 218 33059
x 0 33060
p 0 249 33060
x 0 33061
p 0 268 33061
x 0 33062
p 0 227 33062
x 0 33063
p 0 227 33063
x 0 33064
p 0 228 33064
x 0 33065
p 0 227 33065
x 0 33066
p 0 225 33066
x 0 33067
p 0 253 33067
x 0 33068
p 0 264 33068
x 0 33069
p 0 226 33069
x 0 33070
p 0 225 33070
x 0 33071
p 0 221 33071
x 0 33072
p 0 223 33072
x 0 33073
p 0 223 33073
x 0 33074
p 0 259 33074
x 0 33075
p 0 226 33075
x 0 33076
p 0 222 33076
x 0 33077
p 0 228 33077
x 0 33000
h 0 10.0.0.4
p 0 599 33000
x 1 33001
h 1 10.0.0.4
p 1 97 33001
x 0 33002
p 0 371 33002
x 0 33003
p 0 233 33003
x 0 33004
p 0 182 33004
x 0 33005
p 0 184 33005
x 0 33006
p 0 215 33006
x 0 33007
p 0 220 33007
x 0 33008
p 0 282 33008
x 0 33009
p 0 218 33009
x 0 33010
p 0 217 33010
x 0 33011
p 0 223 33011
x 0 33012
p 0 112 33012
x 0 33013
p 0 214 33013
x 0 33014
p 0 216 33014
x 0 33015
p 0 143 33015
x 0 33016
p 0 217 33016
x 0 33017
p 0 218 33017
x 0 33018
p 0 217 33018
x 0 33019
p 0 220 33019
x 0 33020
p 0 218 33020
x 0 33021
p 0 220 33021
x 0 33022
p 0 221 33022
x 0 33023
p 0 217 33023
x 0 33024
p 0 221 33024
x 0 33025
p 0 222 33025
x 0 33026
p 0 216 33026
x 0 33027
p 0 213 33027
x 0 33028
p 0 212 33028
x 0 33029
p 0 215 33029
x 0 33030
p 0 218 33030
x 0 33031
p 0 221 33031
x 0 33032
p 0 214 33032
x 0 33033
p 0 216 33033
x 0 33034
p 0 213 33034
x 0 33035
p 0 223 33035
x 0 33036
p 0 225 33036
x 0 33037
p 0 223 33037
x 0 33038
p 0 250 33038
x 0 33039
p 0 225 33039
x 0 33040
p 0 228 33040
x 0 33041
p 0 233 33041
x 0 33042
p 0 227 33042
x 0 33043
p 0 211 33043
x 0 33044
p 0 225 33044
x 0 33045
p 0 228 33045
x 0 33046
p 0 203 33046
x 0 33047
p 0 229 33047
x 0 33048
p 0 225 33048
x 0 33049
p 0 225 33049
x 0 33050
p 0 230 33050
x 0 33051
p 0 225 33051
x 0 33052
p 0 203 33052
x 0 33053
p 0 223 33053
x 0 33054
p 0 221 33054
x 0 33055
p 0 226 33055
x 0 33056
p 0 191 33056
x 0 33057
p 0 222 33057
x 0 33058
p 0 222 33058
x 0 33059
p 0 224 33059
x 0 33060
p 0 195 33060
x 0 33000
h 0 10.0.0.4
p 0 525 33000
x 1 33001
h 1 10.0.0.4
p 1 214 33001
x 0 33002
p 0 221 33002
x 0 33003
p 0 218 33003
x 0 33004
p 0 215 33004
x 0 33005
p 0 212 33005
x 0 33006
p 0 224 33006
x 0 33007
p 0 211 33007
x 0 33008
p 0 213 33008
x 0 33009
p 0 211 33009
x 0 33010
p 0 210 33010
x 0 33011
p 0 211 33011
x 0 33012
p 0 250 33012
x 0 33013
p 0 211 33013
x 0 33014
p 0 214 33014
x 0 33015
p 0 209 33015
x 0 33016
p 0 206 33016
x 0 33017
p 0 208 33017
x 0 33018
p 0 243 33018
x 0 33019
p 0 206 33019
x 0 33020
p 0 210 33020
x 0 33021
p 0 206 33021
x 0 33022
p 0 210 33022
x 0 33023
p 0 211 33023
x 0 33024
p 0 206 33024
x 0 33025
p 0 207 33025
x 0 33026
p 0 208 33026
x 0 33027
p 0 208 33027
x 0 33028
p 0 206 33028
x 0 33029
p 0 205 33029
x 0 33030
p 0 214 33030
x 0 33031
p 0 207 33031
x 0 33032
p 0 207 33032
x 0 33033
p 0 207 33033
x 0 33034
p 0 203 33034
x 0 33035
p 0 212 33035
x 0 33036
p 0 210 33036
x 0 33037
p 0 207 33037
x 0 33038
p 0 211 33038
x 0 33039
p 0 206 33039
x 0 33040
p 0 211 33040
x 0 33041
p 0 207 33041
x 0 33042
p 0 227 33042
x 0 33043
p 0 230 33043
x 0 33044
p 0 218 33044
x 0 33045
p 0 397 33045
x 0 33046
p 0 210 33046
x 0 33047
p 0 323 33047
x 0 33048
p 0 214 33048
x 0 33049
p 0 207 33049
x 0 33050
p 0 209 33050
x 0 33051
p 0 213 33051
x 0 33052
p 0 330 33052
x 0 33053
p 0 212 33053
x 0 33054
p 0 208 33054
x 0 33055
p 0 212 33055
x 0 33056
p 0 208 33056
x 0 33057
p 0 212 33057
x 0 33058
p 0 214 33058
x 0 33059
p 0 253 33059
x 0 33060
p 0 211 33060
x 0 33000
h 0 10.0.0.4
p 0 503 33000
x 1 33001
h 1 10.0.0.4
p 1 211 33001
x 0 33002
p 0 188 33002
x 0 33003
p 0 218 33003
x 0 33004
p 0 216 33004
x 0 33005
p 0 196 33005
x 0 33006
p 0 219 33006
x 0 33007
p 0 265 33007
x 0 33008
p 0 216 33008
x 0 33009
p 0 214 33009
x 0 33010
p 0 217 33010
x 0 33011
p 0 221 33011
x 0 33012
p 0 216 33012
x 0 33013
p 0 219 33013
x 0 33014
p 0 214 33014
x 0 33015
p 0 219 33015
x 0 33016
p 0 216 33016
x 0 33017
p 0 162 33017
x 0 33018
p 0 219 33018
x 0 33019
p 0 220 33019
x 0 33020
p 0 159 33020
x 0 33021
p 0 219 33021
x 0 33022
p 0 220 33022
x 0 33023
p 0 171 33023
x 0 33024
p 0 222 33024
x 0 33025
p 0 226 33025
x 0 33026
p 0 224 33026
x 0 33027
p 0 161 33027
x 0 33028
p 0 222 33028
x 0 33029
p 0 218 33029
x 0 33030
p 0 197 33030
x 0 33031
p 0 221 33031
x 0 33032
p 0 225 33032
x 0 33033
p 0 220 33033
x 0 33034
p 0 157 33034
x 0 33035
p 0 218 33035
x 0 33036
p 0 222 33036
x 0 33037
p 0 193 33037
x 0 33038
p 0 225 33038
x 0 33039
p 0 223 33039
x 0 33040
p 0 232 33040
x 0 33041
p 0 173 33041
x 0 33042
p 0 295 33042
x 0 33043
p 0 166 33043
x 0 33044
p 0 225 33044
x 0 33045
p 0 164 33045
x 0 33046
p 0 214 33046
x 0 33047
p 0 209 33047
x 0 33048
p 0 274 33048
x 0 33049
p 0 228 33049
x 0 33050
p 0 166 33050
x 0 33051
p 0 167 33051
x 0 33052
p 0 252 33052
x 0 33053
p 0 216 33053
x 0 33054
p 0 217 33054
x 0 33055
p 0 216 33055
x 0 33056
p 0 210 33056
x 0 33057
p 0 209 33057
x 0 33058
p 0 215 33058
x 0 33059
p 0 209 33059
x 0 33060
p 0 181 33060
x 0 33000
h 0 10.0.0.4
p 0 523 33000
x 1 33001
h 1 10.0.0.4
p 1 209 33001
x 0 33002
p 0 217 33002
x 0 33003
p 0 226 33003
x 0 33004
p 0 221 33004
x 0 33005
p 0 224 33005
x 0 33006
p 0 216 33006
x 0 33007
p 0 287 33007
x 0 33008
p 0 226 33008
x 0 33009
p 0 222 33009
x 0 33010
p 0 227 33010
x 0 33011
p 0 223 33011
x 0 33012
p 0 224 33012
x 0 33013
p 0 222 33013
x 0 33014
p 0 223 33014
x 0 33015
p 0 224 33015
x 0 33016
p 0 223 33016
x 0 33017
p 0 222 33017
x 0 33018
p 0 216 33018
x 0 33019
p 0 215 33019
x 0 33020
p 0 280 33020
x 0 33021
p 0 217 33021
x 0 33022
p 0 218 33022
x 0 33023
p 0 217 33023
x 0 33024
p 0 215 33024
x 0 33025
p 0 216 33025
x 0 33026
p 0 217 33026
x 0 33027
p 0 254 33027
x 0 33028
p 0 222 33028
x 0 33029
p 0 215 33029
x 0 33030
p 0 217 33030
x 0 33031
p 0 164 33031
x 0 33032
p 0 191 33032
x 0 33033
p 0 255 33033
x 0 33034
p 0 211 33034
x 0 33035
p 0 196 33035
x 0 33036
p 0 215 33036
x 0 33037
p 0 215 33037
x 0 33038
p 0 212 33038
x 0 33039
p 0 190 33039
x 0 33040
p 0 218 33040
x 0 33041
p 0 187 33041
x 0 33042
p 0 192 33042
x 0 33043
p 0 214 33043
x 0 33044
p 0 174 33044
x 0 33045
p 0 384 33045
x 0 33046
p 0 344 33046
x 0 33047
p 0 880 33047
x 0 33048
p 0 406 33048
x 0 33049
p 0 182 33049
x 0 33050
p 0 180 33050
x 0 33051
p 0 185 33051
x 0 33052
p 0 186 33052
x 0 33053
p 0 182 33053
x 0 33054
p 0 183 33054
x 0 33055
p 0 187 33055
x 0 33056
p 0 186 33056
x 0 33057
p 0 187 33057
x 0 33058
p 0 188 33058
x 0 33059
p 0 184 33059
x 0 33060
p 0 187 33060
x 0 33000
h 0 10.0.0.4
p 0 471 33000
x 1 33001
h 1 10.0.0.4
p 1 255 33001
x 0 33002
p 0 250 33002
x 0 33003
p 0 218 33003
x 0 33004
p 0 218 33004
x 0 33005
p 0 221 33005
x 0 33006
p 0 215 33006
x 0 33007
p 0 300 33007
x 0 33008
p 0 251 33008
x 0 33009
p 0 210 33009
x 0 33010
p 0 287 33010
x 0 33011
p 0 325 33011
x 0 33012
p 0 237 33012
x 0 33013
p 0 217 33013
x 0 33014
p 0 213 33014
x 0 33015
p 0 210 33015
x 0 33016
p 0 212 33016
x 0 33017
p 0 210 33017
x 0 33018
p 0 350 33018
x 0 33019
p 0 209 33019
x 0 33020
p 0 212 33020
x 0 33021
p 0 209 33021
x 0 33022
p 0 210 33022
x 0 33023
p 0 211 33023
x 0 33024
p 0 220 33024
x 0 33025
p 0 324 33025
x 0 33026
p 0 214 33026
x 0 33027
p 0 304 33027
x 0 33028
p 0 214 33028
x 0 33029
p 0 212 33029
x 0 33030
p 0 213 33030
x 0 33031
p 0 182 33031
x 0 33032
p 0 214 33032
x 0 33033
p 0 236 33033
x 0 33034
p 0 316 33034
x 0 33035
p 0 313 33035
x 0 33036
p 0 217 33036
x 0 33037
p 0 211 33037
x 0 33038
p 0 361 33038
x 0 33039
p 0 318 33039
x 0 33040
p 0 450 33040
x 0 33041
p 0 225 33041
x 0 33042
p 0 210 33042
x 0 33043
p 0 224 33043
x 0 33044
p 0 215 33044
x 0 33045
p 0 214 33045
x 0 33046
p 0 214 33046
x 0 33047
p 0 305 33047
x 0 33048
p 0 345 33048
x 0 33049
p 0 328 33049
x 0 33050
p 0 258 33050
x 0 33051
p 0 286 33051
x 0 33052
p 0 212 33052
x 0 33053
p 0 227 33053
x 0 33054
p 0 333 33054
x 0 33055
p 0 335 33055
x 0 33056
p 0 369 33056
x 0 33057
p 0 247 33057
x 0 33058
p 0 211 33058
x 0 33059
p 0 209 33059
x 0 33060
p 0 217 33060
x 0 33000
h 0 10.0.0.4
p 0 1055 33000
x 1 33001
h 1 10.0.0.4
p 1 235 33001
x 0 33002
p 0 127 33002
x 0 33003
p 0 216 33003
x 0 33004
p 0 218 33004
x 0 33005
p 0 217 33005
x 0 33006
p 0 217 33006
x 0 33007
p 0 203 33007
x 0 33008
p 0 227 33008
x 0 33009
p 0 161 33009
x 0 33010
p 0 222 33010
x 0 33011
p 0 223 33011
x 0 33012
p 0 198 33012
x 0 33013
p 0 220 33013
x 0 33014
p 0 228 33014
x 0 33015
p 0 231 33015
x 0 33016
p 0 228 33016
x 0 33017
p 0 232 33017
x 0 33018
p 0 227 33018
x 0 33019
p 0 226 33019
x 0 33020
p 0 229 33020
x 0 33021
p 0 210 33021
x 0 33022
p 0 229 33022
x 0 33023
p 0 226 33023
x 0 33024
p 0 224 33024
x 0 33025
p 0 227 33025
x 0 33026
p 0 222 33026
x 0 33027
p 0 222 33027
x 0 33028
p 0 249 33028
x 0 33029
p 0 175 33029
x 0 33030
p 0 221 33030
x 0 33031
p 0 218 33031
x 0 33032
p 0 235 33032
x 0 33033
p 0 253 33033
x 0 33034
p 0 226 33034
x 0 33035
p 0 235 33035
x 0 33036
p 0 219 33036
x 0 33037
p 0 202 33037
x 0 33038
p 0 230 33038
x 0 33039
p 0 225 33039
x 0 33040
p 0 229 33040
x 0 33041
p 0 230 33041
x 0 33042
p 0 222 33042
x 0 33043
p 0 221 33043
x 0 33044
p 0 218 33044
x 0 33045
p 0 216 33045
x 0 33046
p 0 221 33046
x 0 33047
p 0 217 33047
x 0 33048
p 0 223 33048
x 0 33049
p 0 228 33049
x 0 33050
p 0 230 33050
x 0 33051
p 0 231 33051
x 0 33052
p 0 281 33052
x 0 33053
p 0 262 33053
x 0 33054
p 0 231 33054
x 0 33055
p 0 229 33055
x 0 33056
p 0 227 33056
x 0 33057
p 0 230 33057
x 0 33058
p 0 221 33058
x 0 33059
p 0 219 33059
x 0 33060
p 0 219 33060
x 0 33000
h 0 10.0.0.4
p 0 555 33000
x 1 33001
h 1 10.0.0.4
p 1 246 33001
x 0 33002
p 0 206 33002
x 0 33003
p 0 214 33003
x 0 33004
p 0 257 33004
x 0 33005
p 0 231 33005
x 0 33006
p 0 220 33006
x 0 33007
p 0 220 33007
x 0 33008
p 0 219 33008
x 0 33009
p 0 218 33009
x 0 33010
p 0 217 33010
x 0 33011
p 0 263 33011
x 0 33012
p 0 271 33012
x 0 33013
p 0 227 33013
x 0 33014
p 0 249 33014
x 0 33015
p 0 227 33015
x 0 33016
p 0 229 33016
x 0 33017
p 0 231 33017
x 0 33018
p 0 255 33018
x 0 33019
p 0 271 33019
x 0 33020
p 0 227 33020
x 0 33021
p 0 223 33021
x 0 33022
p 0 222 33022
x 0 33023
p 0 242 33023
x 0 33024
p 0 219 33024
x 0 33025
p 0 221 33025
x 0 33026
p 0 252 33026
x 0 33027
p 0 224 33027
x 0 33028
p 0 221 33028
x 0 33029
p 0 227 33029
x 0 33030
p 0 223 33030
x 0 33031
p 0 220 33031
x 0 33032
p 0 222 33032
x 0 33033
p 0 257 33033
x 0 33034
p 0 222 33034
x 0 33035
p 0 223 33035
x 0 33036
p 0 223 33036
x 0 33037
p 0 219 33037
x 0 33038
p 0 217 33038
x 0 33039
p 0 256 33039
x 0 33040
p 0 214 33040
x 0 33041
p 0 215 33041
x 0 33042
p 0 218 33042
x 0 33043
p 0 215 33043
x 0 33044
p 0 221 33044
x 0 33045
p 0 227 33045
x 0 33046
p 0 226 33046
x 0 33047
p 0 325 33047
x 0 33048
p 0 220 33048
x 0 33049
p 0 223 33049
x 0 33050
p 0 225 33050
x 0 33051
p 0 299 33051
x 0 33052
p 0 299 33052
x 0 33053
p 0 301 33053
x 0 33054
p 0 291 33054
x 0 33055
p 0 228 33055
x 0 33056
p 0 223 33056
x 0 33057
p 0 254 33057
x 0 33058
p 0 259 33058
x 0 33059
p 0 216 33059
x 0 33060
p 0 223 33060
x 0 33000
h 0 10.0.0.4
p 0 435 33000
x 1 33001
h 1 10.0.0.4
p 1 280 33001
x 0 33002
p 0 110 33002
x 0 33003
p 0 216 33003
x 0 33004
p 0 216 33004
x 0 33005
p 0 185 33005
x 0 33006
p 0 193 33006
x 0 33007
p 0 218 33007
x 0 33008
p 0 223 33008
x 0 33009
p 0 222 33009
x 0 33010
p 0 193 33010
x 0 33011
p 0 190 33011
x 0 33012
p 0 222 33012
x 0 33013
p 0 201 33013
x 0 33014
p 0 221 33014
x 0 33015
p 0 221 33015
x 0 33016
p 0 221 33016
x 0 33017
p 0 213 33017
x 0 33018
p 0 212 33018
x 0 33019
p 0 186 33019
x 0 33020
p 0 210 33020
x 0 33021
p 0 212 33021
x 0 33022
p 0 307 33022
x 0 33023
p 0 215 33023
x 0 33024
p 0 214 33024
x 0 33025
p 0 189 33025
x 0 33026
p 0 219 33026
x 0 33027
p 0 217 33027
x 0 33028
p 0 186 33028
x 0 33029
p 0 216 33029
x 0 33030
p 0 216 33030
x 0 33031
p 0 354 33031
x 0 33032
p 0 216 33032
x 0 33033
p 0 241 33033
x 0 33034
p 0 343 33034
x 0 33035
p 0 212 33035
x 0 33036
p 0 211 33036
x 0 33037
p 0 211 33037
x 0 33038
p 0 210 33038
x 0 33039
p 0 215 33039
x 0 33040
p 0 216 33040
x 0 33041
p 0 189 33041
x 0 33042
p 0 213 33042
x 0 33043
p 0 216 33043
x 0 33044
p 0 216 33044
x 0 33045
p 0 218 33045
x 0 33046
p 0 217 33046
x 0 33047
p 0 219 33047
x 0 33048
p 0 216 33048
x 0 33049
p 0 284 33049
x 0 33050
p 0 211 33050
x 0 33051
p 0 210 33051
x 0 33052
p 0 283 33052
x 0 33053
p 0 182 33053
x 0 33054
p 0 182 33054
x 0 33055
p 0 221 33055
x 0 33056
p 0 216 33056
x 0 33057
p 0 417 33057
x 0 33058
p 0 425 33058
x 0 33059
p 0 221 33059
x 0 33060
p 0 183 33060
x 0 33000
h 0 10.0.0.4
p 0 850 33000
x 1 33001
h 1 10.0.0.4
p 1 225 33001
x 0 33002
p 0 166 33002
x 0 33003
p 0 218 33003
x 0 33004
p 0 226 33004
x 0 33005
p 0 219 33005
x 0 33006
p 0 218 33006
x 0 33007
p 0 221 33007
x 0 33008
p 0 221 33008
x 0 33009
p 0 258 33009
x 0 33010
p 0 270 33010
x 0 33011
p 0 226 33011
x 0 33012
p 0 221 33012
x 0 33013
p 0 222 33013
x 0 33014
p 0 221 33014
x 0 33015
p 0 220 33015
x 0 33016
p 0 255 33016
x 0 33017
p 0 219 33017
x 0 33018
p 0 217 33018
x 0 33019
p 0 218 33019
x 0 33020
p 0 219 33020
x 0 33021
p 0 221 33021
x 0 33022
p 0 216 33022
x 0 33023
p 0 245 33023
x 0 33024
p 0 274 33024
x 0 33025
p 0 220 33025
x 0 33026
p 0 223 33026
x 0 33027
p 0 216 33027
x 0 33028
p 0 221 33028
x 0 33029
p 0 222 33029
x 0 33030
p 0 252 33030
x 0 33031
p 0 270 33031
x 0 33032
p 0 225 33032
x 0 33033
p 0 206 33033
x 0 33034
p 0 171 33034
x 0 33035
p 0 178 33035
x 0 33036
p 0 175 33036
x 0 33037
p 0 358 33037
x 0 33038
p 0 272 33038
x 0 33039
p 0 187 33039
x 0 33040
p 0 185 33040
x 0 33041
p 0 189 33041
x 0 33042
p 0 577 33042
x 0 33043
p 0 209 33043
x 0 33044
p 0 322 33044
x 0 33045
p 0 275 33045
x 0 33046
p 0 196 33046
x 0 33047
p 0 213 33047
x 0 33048
p 0 238 33048
x 0 33049
p 0 236 33049
x 0 33050
p 0 248 33050
x 0 33051
p 0 248 33051
x 0 33052
p 0 217 33052
x 0 33053
p 0 147 33053
x 0 33054
p 0 848 33054
x 0 33055
p 0 369 33055
x 0 33056
p 0 481 33056
x 0 33057
p 0 261 33057
x 0 33058
p 0 324 33058
x 0 33059
p 0 478 33059
x 0 33060
p 0 194 33060
x 0 33000
h 0 10.0.0.4
p 0 609 33000
x 1 33001
h 1 10.0.0.4
p 1 211 33001
x 0 33002
p 0 277 33002
x 0 33003
p 0 213 33003
x 0 33004
p 0 211 33004
x 0 33005
p 0 211 33005
x 0 33006
p 0 211 33006
x 0 33007
p 0 212 33007
x 0 33008
p 0 213 33008
x 0 33009
p 0 244 33009
x 0 33010
p 0 210 33010
x 0 33011
p 0 211 33011
x 0 33012
p 0 210 33012
x 0 33013
p 0 209 33013
x 0 33014
p 0 210 33014
x 0 33015
p 0 210 33015
x 0 33016
p 0 213 33016
x 0 33017
p 0 207 33017
x 0 33018
p 0 311 33018
x 0 33019
p 0 210 33019
x 0 33020
p 0 210 33020
x 0 33021
p 0 206 33021
x 0 33022
p 0 208 33022
x 0 33023
p 0 204 33023
x 0 33024
p 0 210 33024
x 0 33025
p 0 214 33025
x 0 33026
p 0 209 33026
x 0 33027
p 0 209 33027
x 0 33028
p 0 209 33028
x 0 33029
p 0 208 33029
x 0 33030
p 0 209 33030
x 0 33031
p 0 212 33031
x 0 33032
p 0 212 33032
x 0 33033
p 0 210 33033
x 0 33034
p 0 209 33034
x 0 33035
p 0 211 33035
x 0 33036
p 0 210 33036
x 0 33037
p 0 211 33037
x 0 33038
p 0 211 33038
x 0 33039
p 0 214 33039
x 0 33040
p 0 215 33040
x 0 33041
p 0 313 33041
x 0 33042
p 0 209 33042
x 0 33043
p 0 213 33043
x 0 33044
p 0 212 33044
x 0 33045
p 0 207 33045
x 0 33046
p 0 208 33046
x 0 33047
p 0 209 33047
x 0 33048
p 0 210 33048
x 0 33049
p 0 211 33049
x 0 33050
p 0 210 33050
x 0 33051
p 0 213 33051
x 0 33052
p 0 211 33052
x 0 33053
p 0 209 33053
x 0 33054
p 0 451 33054
x 0 33055
p 0 218 33055
x 0 33056
p 0 251 33056
x 0 33057
p 0 260 33057
x 0 33058
p 0 217 33058
x 0 33059
p 0 221 33059
x 0 33060
p 0 213 33060
x 0 33000
h 0 10.0.0.4
p 0 1436 33000
x 1 33001
h 1 10.0.0.4
p 1 212 33001
x 0 33002
p 0 213 33002
x 0 33003
p 0 211 33003
x 0 33004
p 0 176 33004
x 0 33005
p 0 211 33005
x 0 33006
p 0 256 33006
x 0 33007
p 0 255 33007
x 0 33008
p 0 261 33008
x 0 33009
p 0 240 33009
x 0 33010
p 0 276 33010
x 0 33011
p 0 247 33011
x 0 33012
p 0 211 33012
x 0 33013
p 0 211 33013
x 0 33014
p 0 209 33014
x 0 33015
p 0 208 33015
x 0 33016
p 0 212 33016
x 0 33017
p 0 207 33017
x 0 33018
p 0 207 33018
x 0 33019
p 0 208 33019
x 0 33020
p 0 208 33020
x 0 33021
p 0 209 33021
x 0 33022
p 0 271 33022
x 0 33023
p 0 207 33023
x 0 33024
p 0 208 33024
x 0 33025
p 0 293 33025
x 0 33026
p 0 207 33026
x 0 33027
p 0 209 33027
x 0 33028
p 0 209 33028
x 0 33029
p 0 210 33029
x 0 33030
p 0 207 33030
x 0 33031
p 0 209 33031
x 0 33032
p 0 205 33032
x 0 33033
p 0 207 33033
x 0 33034
p 0 207 33034
x 0 33035
p 0 207 33035
x 0 33036
p 0 212 33036
x 0 33037
p 0 211 33037
x 0 33038
p 0 212 33038
x 0 33039
p 0 213 33039
x 0 33040
p 0 213 33040
x 0 33041
p 0 212 33041
x 0 33042
p 0 207 33042
x 0 33043
p 0 211 33043
x 0 33044
p 0 214 33044
x 0 33045
p 0 208 33045
x 0 33046
p 0 210 33046
x 0 33047
p 0 414 33047
x 0 33048
p 0 314 33048
x 0 33049
p 0 326 33049
x 0 33050
p 0 212 33050
x 0 33051
p 0 210 33051
x 0 33052
p 0 213 33052
x 0 33053
p 0 213 33053
x 0 33054
p 0 211 33054
x 0 33055
p 0 210 33055
x 0 33056
p 0 214 33056
x 0 33057
p 0 214 33057
x 0 33058
p 0 215 33058
x 0 33059
p 0 210 33059
x 0 33060
p 0 207 33060
x 0 33000
h 0 10.0.0.4
p 0 676 33000
x 1 33001
h 1 10.0.0.4
p 1 251 33001
x 0 33002
p 0 277 33002
x 0 33003
p 0 209 33003
x 0 33004
p 0 210 33004
x 0 33005
p 0 208 33005
x 0 33006
p 0 215 33006
x 0 33007
p 0 315 33007
x 0 33008
p 0 255 33008
x 0 33009
p 0 271 33009
x 0 33010
p 0 236 33010
x 0 33011
p 0 207 33011
x 0 33012
p 0 182 33012
x 0 33013
p 0 238 33013
x 0 33014
p 0 236 33014
x 0 33015
p 0 182 33015
x 0 33016
p 0 182 33016
x 0 33017
p 0 212 33017
x 0 33018
p 0 210 33018
x 0 33019
p 0 182 33019
x 0 33020
p 0 183 33020
x 0 33021
p 0 218 33021
x 0 33022
p 0 216 33022
x 0 33023
p 0 186 33023
x 0 33024
p 0 212 33024
x 0 33025
p 0 217 33025
x 0 33026
p 0 216 33026
x 0 33027
p 0 182 33027
x 0 33028
p 0 184 33028
x 0 33029
p 0 216 33029
x 0 33030
p 0 216 33030
x 0 33031
p 0 176 33031
x 0 33032
p 0 182 33032
x 0 33033
p 0 209 33033
x 0 33034
p 0 404 33034
x 0 33035
p 0 345 33035
x 0 33036
p 0 344 33036
x 0 33037
p 0 412 33037
x 0 33038
p 0 426 33038
x 0 33039
p 0 420 33039
x 0 33040
p 0 388 33040
x 0 33041
p 0 414 33041
x 0 33042
p 0 378 33042
x 0 33043
p 0 357 33043
x 0 33044
p 0 347 33044
x 0 33045
p 0 399 33045
x 0 33046
p 0 418 33046
x 0 33047
p 0 357 33047
x 0 33048
p 0 349 33048
x 0 33049
p 0 407 33049
x 0 33050
p 0 96 33050
x 0 33051
p 0 364 33051
x 0 33052
p 0 183 33052
x 0 33053
p 0 199 33053
x 0 33054
p 0 207 33054
x 0 33055
p 0 386 33055
x 0 33056
p 0 253 33056
x 0 33057
p 0 180 33057
x 0 33058
p 0 216 33058
x 0 33059
p 0 220 33059
x 0 33060
p 0 223 33060
x 0 33000
h 0 10.0.0.4
p 0 525 33000
x 1 33001
h 1 10.0.0.4
p 1 213 33001
x 0 33002
p 0 312 33002
x 0 33003
p 0 215 33003
x 0 33004
p 0 219 33004
x 0 33005
p 0 182 33005
x 0 33006
p 0 206 33006
x 0 33007
p 0 255 33007
x 0 33008
p 0 209 33008
x 0 33009
p 0 186 33009
x 0 33010
p 0 269 33010
x 0 33011
p 0 354 33011
x 0 33012
p 0 211 33012
x 0 33013
p 0 273 33013
x 0 33014
p 0 300 33014
x 0 33015
p 0 213 33015
x 0 33016
p 0 219 33016
x 0 33017
p 0 217 33017
x 0 33018
p 0 219 33018
x 0 33019
p 0 222 33019
x 0 33020
p 0 220 33020
x 0 33021
p 0 220 33021
x 0 33022
p 0 219 33022
x 0 33023
p 0 221 33023
x 0 33024
p 0 220 33024
x 0 33025
p 0 221 33025
x 0 33026
p 0 212 33026
x 0 33027
p 0 212 33027
x 0 33028
p 0 214 33028
x 0 33029
p 0 170 33029
x 0 33030
p 0 164 33030
x 0 33031
p 0 176 33031
x 0 33032
p 0 176 33032
x 0 33033
p 0 174 33033
x 0 33034
p 0 173 33034
x 0 33035
p 0 178 33035
x 0 33036
p 0 176 33036
x 0 33037
p 0 175 33037
x 0 33038
p 0 178 33038
x 0 33039
p 0 180 33039
x 0 33040
p 0 183 33040
x 0 33041
p 0 190 33041
x 0 33042
p 0 218 33042
x 0 33043
p 0 183 33043
x 0 33044
p 0 182 33044
x 0 33045
p 0 184 33045
x 0 33046
p 0 215 33046
x 0 33047
p 0 179 33047
x 0 33048
p 0 187 33048
x 0 33049
p 0 197 33049
x 0 33050
p 0 223 33050
x 0 33051
p 0 191 33051
x 0 33052
p 0 200 33052
x 0 33053
p 0 196 33053
x 0 33054
p 0 226 33054
x 0 33055
p 0 188 33055
x 0 33056
p 0 196 33056
x 0 33057
p 0 194 33057
x 0 33058
p 0 228 33058
x 0 33059
p 0 182 33059
x 0 33060
p 0 183 33060
x 0 33000
h 0 10.0.0.4
p 0 494 33000
x 1 33001
h 1 10.0.0.4
p 1 177 33001
x 0 33002
p 0 147 33002
x 0 33003
p 0 254 33003
x 0 33004
p 0 169 33004
x 0 33005
p 0 168 33005
x 0 33006
p 0 215 33006
x 0 33007
p 0 272 33007
x 0 33008
p 0 220 33008
x 0 33009
p 0 224 33009
x 0 33010
p 0 224 33010
x 0 33011
p 0 222 33011
x 0 33012
p 0 226 33012
x 0 33013
p 0 232 33013
x 0 33014
p 0 280 33014
x 0 33015
p 0 225 33015
x 0 33016
p 0 225 33016
x 0 33017
p 0 223 33017
x 0 33018
p 0 223 33018
x 0 33019
p 0 221 33019
x 0 33020
p 0 225 33020
x 0 33021
p 0 220 33021
x 0 33022
p 0 221 33022
x 0 33023
p 0 217 33023
x 0 33024
p 0 217 33024
x 0 33025
p 0 217 33025
x 0 33026
p 0 218 33026
x 0 33027
p 0 213 33027
x 0 33028
p 0 260 33028
x 0 33029
p 0 225 33029
x 0 33030
p 0 226 33030
x 0 33031
p 0 224 33031
x 0 33032
p 0 225 33032
x 0 33033
p 0 223 33033
x 0 33034
p 0 249 33034
x 0 33035
p 0 280 33035
x 0 33036
p 0 286 33036
x 0 33037
p 0 225 33037
x 0 33038
p 0 250 33038
x 0 33039
p 0 214 33039
x 0 33040
p 0 219 33040
x 0 33041
p 0 217 33041
x 0 33042
p 0 212 33042
x 0 33043
p 0 216 33043
x 0 33044
p 0 213 33044
x 0 33045
p 0 214 33045
x 0 33046
p 0 214 33046
x 0 33047
p 0 215 33047
x 0 33048
p 0 218 33048
x 0 33049
p 0 217 33049
x 0 33050
p 0 210 33050
x 0 33051
p 0 209 33051
x 0 33052
p 0 212 33052
x 0 33053
p 0 212 33053
x 0 33054
p 0 208 33054
x 0 33055
p 0 211 33055
x 0 33056
p 0 182 33056
x 0 33057
p 0 214 33057
x 0 33058
p 0 210 33058
x 0 33059
p 0 209 33059
x 0 33060
p 0 178 33060
x 0 33000
h 0 10.0.0.4
p 0 633 33000
x 1 33001
h 1 10.0.0.4
p 1 216 33001
x 0 33002
p 0 334 33002
x 0 33003
p 0 91 33003
x 0 33004
p 0 195 33004
x 0 33005
p 0 286 33005
x 0 33006
p 0 215 33006
x 0 33007
p 0 245 33007
x 0 33008
p 0 214 33008
x 0 33009
p 0 220 33009
x 0 33010
p 0 219 33010
x 0 33011
p 0 523 33011
x 0 33012
p 0 216 33012
x 0 33013
p 0 220 33013
x 0 33014
p 0 220 33014
x 0 33015
p 0 221 33015
x 0 33016
p 0 218 33016
x 0 33017
p 0 182 33017
x 0 33018
p 0 184 33018
x 0 33019
p 0 193 33019
x 0 33020
p 0 187 33020
x 0 33021
p 0 186 33021
x 0 33022
p 0 182 33022
x 0 33023
p 0 151 33023
x 0 33024
p 0 190 33024
x 0 33025
p 0 205 33025
x 0 33026
p 0 191 33026
x 0 33027
p 0 211 33027
x 0 33028
p 0 190 33028
x 0 33029
p 0 197 33029
x 0 33030
p 0 195 33030
x 0 33031
p 0 224 33031
x 0 33032
p 0 192 33032
x 0 33033
p 0 145 33033
x 0 33034
p 0 184 33034
x 0 33035
p 0 230 33035
x 0 33036
p 0 193 33036
x 0 33037
p 0 192 33037
x 0 33038
p 0 216 33038
x 0 33039
p 0 223 33039
x 0 33040
p 0 196 33040
x 0 33041
p 0 229 33041
x 0 33042
p 0 220 33042
x 0 33043
p 0 223 33043
x 0 33044
p 0 220 33044
x 0 33045
p 0 220 33045
x 0 33046
p 0 220 33046
x 0 33047
p 0 454 33047
x 0 33048
p 0 223 33048
x 0 33049
p 0 222 33049
x 0 33050
p 0 221 33050
x 0 33051
p 0 219 33051
x 0 33052
p 0 213 33052
x 0 33053
p 0 217 33053
x 0 33054
p 0 217 33054
x 0 33055
p 0 220 33055
x 0 33056
p 0 224 33056
x 0 33057
p 0 221 33057
x 0 33058
p 0 223 33058
x 0 33059
p 0 221 33059
x 0 33060
p 0 221 33060
x 0 33000
h 0 10.0.0.4
p 0 758 33000
x 1 33001
h 1 10.0.0.4
p 1 175 33001
x 0 33002
p 0 216 33002
x 0 33003
p 0 233 33003
x 0 33004
p 0 256 33004
x 0 33005
p 0 261 33005
x 0 33006
p 0 351 33006
x 0 33007
p 0 219 33007
x 0 33008
p 0 221 33008
x 0 33009
p 0 220 33009
x 0 33010
p 0 220 33010
x 0 33011
p 0 199 33011
x 0 33012
p 0 238 33012
x 0 33013
p 0 214 33013
x 0 33014
p 0 212 33014
x 0 33015
p 0 213 33015
x 0 33016
p 0 214 33016
x 0 33017
p 0 186 33017
x 0 33018
p 0 221 33018
x 0 33019
p 0 225 33019
x 0 33020
p 0 226 33020
x 0 33021
p 0 225 33021
x 0 33022
p 0 193 33022
x 0 33023
p 0 226 33023
x 0 33024
p 0 226 33024
x 0 33025
p 0 229 33025
x 0 33026
p 0 233 33026
x 0 33027
p 0 303 33027
x 0 33028
p 0 228 33028
x 0 33029
p 0 185 33029
x 0 33030
p 0 273 33030
x 0 33031
p 0 223 33031
x 0 33032
p 0 213 33032
x 0 33033
p 0 157 33033
x 0 33034
p 0 349 33034
x 0 33035
p 0 202 33035
x 0 33036
p 0 200 33036
x 0 33037
p 0 217 33037
x 0 33038
p 0 212 33038
x 0 33039
p 0 218 33039
x 0 33040
p 0 211 33040
x 0 33041
p 0 223 33041
x 0 33042
p 0 218 33042
x 0 33043
p 0 219 33043
x 0 33044
p 0 219 33044
x 0 33045
p 0 379 33045
x 0 33046
p 0 213 33046
x 0 33047
p 0 245 33047
x 0 33048
p 0 213 33048
x 0 33049
p 0 305 33049
x 0 33050
p 0 321 33050
x 0 33051
p 0 217 33051
x 0 33052
p 0 220 33052
x 0 33053
p 0 186 33053
x 0 33054
p 0 190 33054
x 0 33055
p 0 194 33055
x 0 33056
p 0 191 33056
x 0 33057
p 0 234 33057
x 0 33058
p 0 231 33058
x 0 33059
p 0 392 33059
x 0 33060
p 0 425 33060
x 0 33000
h 0 10.0.0.4
p 0 636 33000
x 1 33001
h 1 10.0.0.4
p 1 215 33001
x 0 33002
p 0 256 33002
x 0 33003
p 0 220 33003
x 0 33004
p 0 219 33004
x 0 33005
p 0 215 33005
x 0 33006
p 0 220 33006
x 0 33007
p 0 237 33007
x 0 33008
p 0 181 33008
x 0 33009
p 0 175 33009
x 0 33010
p 0 211 33010
x 0 33011
p 0 180 33011
x 0 33012
p 0 183 33012
x 0 33013
p 0 180 33013
x 0 33014
p 0 216 33014
x 0 33015
p 0 181 33015
x 0 33016
p 0 188 33016
x 0 33017
p 0 179 33017
x 0 33018
p 0 212 33018
x 0 33019
p 0 177 33019
x 0 33020
p 0 180 33020
x 0 33021
p 0 180 33021
x 0 33022
p 0 213 33022
x 0 33023
p 0 180 33023
x 0 33024
p 0 176 33024
x 0 33025
p 0 176 33025
x 0 33026
p 0 209 33026
x 0 33027
p 0 211 33027
x 0 33028
p 0 176 33028
x 0 33029
p 0 178 33029
x 0 33030
p 0 210 33030
x 0 33031
p 0 181 33031
x 0 33032
p 0 180 33032
x 0 33033
p 0 190 33033
x 0 33034
p 0 174 33034
x 0 33035
p 0 178 33035
x 0 33036
p 0 182 33036
x 0 33037
p 0 179 33037
x 0 33038
p 0 177 33038
x 0 33039
p 0 177 33039
x 0 33040
p 0 171 33040
x 0 33041
p 0 163 33041
x 0 33042
p 0 158 33042
x 0 33043
p 0 226 33043
x 0 33044
p 0 206 33044
x 0 33045
p 0 167 33045
x 0 33046
p 0 213 33046
x 0 33047
p 0 256 33047
x 0 33048
p 0 212 33048
x 0 33049
p 0 215 33049
x 0 33050
p 0 213 33050
x 0 33051
p 0 213 33051
x 0 33052
p 0 215 33052
x 0 33053
p 0 218 33053
x 0 33054
p 0 233 33054
x 0 33055
p 0 214 33055
x 0 33056
p 0 190 33056
x 0 33057
p 0 216 33057
x 0 33058
p 0 217 33058
x 0 33059
p 0 213 33059
x 0 33060
p 0 218 33060
x 0 33000
h 0 10.0.0.4
p 0 524 33000
x 1 33001
h 1 10.0.0.4
p 1 173 33001
x 0 33002
p 0 223 33002
x 0 33003
p 0 222 33003
x 0 33004
p 0 219 33004
x 0 33005
p 0 225 33005
x 0 33006
p 0 222 33006
x 0 33007
p 0 224 33007
x 0 33008
p 0 397 33008
x 0 33009
p 0 352 33009
x 0 33010
p 0 220 33010
x 0 33011
p 0 259 33011
x 0 33012
p 0 219 33012
x 0 33013
p 0 220 33013
x 0 33014
p 0 217 33014
x 0 33015
p 0 243 33015
x 0 33016
p 0 223 33016
x 0 33017
p 0 218 33017
x 0 33018
p 0 218 33018
x 0 33019
p 0 214 33019
x 0 33020
p 0 222 33020
x 0 33021
p 0 220 33021
x 0 33022
p 0 255 33022
x 0 33023
p 0 214 33023
x 0 33024
p 0 218 33024
x 0 33025
p 0 219 33025
x 0 33026
p 0 215 33026
x 0 33027
p 0 219 33027
x 0 33028
p 0 223 33028
x 0 33029
p 0 249 33029
x 0 33030
p 0 224 33030
x 0 33031
p 0 222 33031
x 0 33032
p 0 220 33032
x 0 33033
p 0 222 33033
x 0 33034
p 0 216 33034
x 0 33035
p 0 219 33035
x 0 33036
p 0 246 33036
x 0 33037
p 0 217 33037
x 0 33038
p 0 220 33038
x 0 33039
p 0 222 33039
x 0 33040
p 0 220 33040
x 0 33041
p 0 273 33041
x 0 33042
p 0 190 33042
x 0 33043
p 0 223 33043
x 0 33044
p 0 218 33044
x 0 33045
p 0 221 33045
x 0 33046
p 0 220 33046
x 0 33047
p 0 257 33047
x 0 33048
p 0 218 33048
x 0 33049
p 0 217 33049
x 0 33050
p 0 218 33050
x 0 33051
p 0 222 33051
x 0 33052
p 0 222 33052
x 0 33053
p 0 221 33053
x 0 33054
p 0 216 33054
x 0 33055
p 0 216 33055
x 0 33056
p 0 216 33056
x 0 33057
p 0 219 33057
x 0 33058
p 0 217 33058
x 0 33059
p 0 214 33059
x 0 33060
p 0 219 33060
x 0 33000
h 0 10.0.0.4
p 0 604 33000
x 1 33001
h 1 10.0.0.4
p 1 178 33001
x 0 33002
p 0 183 33002
x 0 33003
p 0 248 33003
x 0 33004
p 0 228 33004
x 0 33005
p 0 258 33005
x 0 33006
p 0 215 33006
x 0 33007
p 0 192 33007
x 0 33008
p 0 193 33008
x 0 33009
p 0 183 33009
x 0 33010
p 0 187 33010
x 0 33011
p 0 280 33011
x 0 33012
p 0 186 33012
x 0 33013
p 0 186 33013
x 0 33014
p 0 183 33014
x 0 33015
p 0 183 33015
x 0 33016
p 0 187 33016
x 0 33017
p 0 182 33017
x 0 33018
p 0 256 33018
x 0 33019
p 0 182 33019
x 0 33020
p 0 183 33020
x 0 33021
p 0 183 33021
x 0 33022
p 0 181 33022
x 0 33023
p 0 218 33023
x 0 33024
p 0 206 33024
x 0 33025
p 0 394 33025
x 0 33026
p 0 359 33026
x 0 33027
p 0 253 33027
x 0 33028
p 0 256 33028
x 0 33029
p 0 315 33029
x 0 33030
p 0 262 33030
x 0 33031
p 0 227 33031
x 0 33032
p 0 352 33032
x 0 33033
p 0 254 33033
x 0 33034
p 0 181 33034
x 0 33035
p 0 185 33035
x 0 33036
p 0 185 33036
x 0 33037
p 0 182 33037
x 0 33038
p 0 180 33038
x 0 33039
p 0 178 33039
x 0 33040
p 0 224 33040
x 0 33041
p 0 181 33041
x 0 33042
p 0 175 33042
x 0 33043
p 0 172 33043
x 0 33044
p 0 177 33044
x 0 33045
p 0 177 33045
x 0 33046
p 0 173 33046
x 0 33047
p 0 174 33047
x 0 33048
p 0 172 33048
x 0 33049
p 0 171 33049
x 0 33050
p 0 169 33050
x 0 33051
p 0 175 33051
x 0 33052
p 0 175 33052
x 0 33053
p 0 174 33053
x 0 33054
p 0 165 33054
x 0 33055
p 0 169 33055
x 0 33056
p 0 175 33056
x 0 33057
p 0 183 33057
x 0 33058
p 0 165 33058
x 0 33059
p 0 170 33059
x 0 33060
p 0 173 33060
x 0 33000
h 0 10.0.0.4
p 0 821 33000
x 1 33001
h 1 10.0.0.4
p 1 375 33001
x 0 33002
p 0 290 33002
x 0 33003
p 0 221 33003
x 0 33004
p 0 217 33004
x 0 33005
p 0 220 33005
x 0 33006
p 0 226 33006
x 0 33007
p 0 310 33007
x 0 33008
p 0 299 33008
x 0 33009
p 0 176 33009
x 0 33010
p 0 181 33010
x 0 33011
p 0 184 33011
x 0 33012
p 0 177 33012
x 0 33013
p 0 159 33013
x 0 33014
p 0 179 33014
x 0 33015
p 0 183 33015
x 0 33016
p 0 222 33016
x 0 33017
p 0 218 33017
x 0 33018
p 0 220 33018
x 0 33019
p 0 219 33019
x 0 33020
p 0 219 33020
x 0 33021
p 0 220 33021
x 0 33022
p 0 218 33022
x 0 33023
p 0 219 33023
x 0 33024
p 0 216 33024
x 0 33025
p 0 215 33025
x 0 33026
p 0 215 33026
x 0 33027
p 0 219 33027
x 0 33028
p 0 218 33028
x 0 33029
p 0 218 33029
x 0 33030
p 0 222 33030
x 0 33031
p 0 247 33031
x 0 33032
p 0 226 33032
x 0 33033
p 0 219 33033
x 0 33034
p 0 217 33034
x 0 33035
p 0 215 33035
x 0 33036
p 0 231 33036
x 0 33037
p 0 220 33037
x 0 33038
p 0 214 33038
x 0 33039
p 0 217 33039
x 0 33040
p 0 218 33040
x 0 33041
p 0 218 33041
x 0 33042
p 0 215 33042
x 0 33043
p 0 218 33043
x 0 33044
p 0 215 33044
x 0 33045
p 0 216 33045
x 0 33046
p 0 223 33046
x 0 33047
p 0 250 33047
x 0 33048
p 0 217 33048
x 0 33049
p 0 217 33049
x 0 33050
p 0 220 33050
x 0 33051
p 0 218 33051
x 0 33052
p 0 240 33052
x 0 33053
p 0 242 33053
x 0 33054
p 0 263 33054
x 0 33055
p 0 215 33055
x 0 33056
p 0 220 33056
x 0 33057
p 0 219 33057
x 0 33058
p 0 269 33058
x 0 33059
p 0 255 33059
x 0 33060
p 0 222 33060
x 0 33000
h 0 10.0.0.4
p 0 1061 33000
x 1 33001
h 1 10.0.0.4
p 1 220 33001
x 0 33002
p 0 217 33002
x 0 33003
p 0 235 33003
x 0 33004
p 0 264 33004
x 0 33005
p 0 253 33005
x 0 33006
p 0 232 33006
x 0 33007
p 0 211 33007
x 0 33008
p 0 212 33008
x 0 33009
p 0 213 33009
x 0 33010
p 0 212 33010
x 0 33011
p 0 215 33011
x 0 33012
p 0 213 33012
x 0 33013
p 0 182 33013
x 0 33014
p 0 212 33014
x 0 33015
p 0 211 33015
x 0 33016
p 0 171 33016
x 0 33017
p 0 292 33017
x 0 33018
p 0 173 33018
x 0 33019
p 0 258 33019
x 0 33020
p 0 181 33020
x 0 33021
p 0 211 33021
x 0 33022
p 0 208 33022
x 0 33023
p 0 218 33023
x 0 33024
p 0 211 33024
x 0 33025
p 0 208 33025
x 0 33026
p 0 210 33026
x 0 33027
p 0 180 33027
x 0 33028
p 0 161 33028
x 0 33029
p 0 168 33029
x 0 33030
p 0 211 33030
x 0 33031
p 0 262 33031
x 0 33032
p 0 208 33032
x 0 33033
p 0 331 33033
x 0 33034
p 0 385 33034
x 0 33035
p 0 209 33035
x 0 33036
p 0 212 33036
x 0 33037
p 0 163 33037
x 0 33038
p 0 223 33038
x 0 33039
p 0 175 33039
x 0 33040
p 0 189 33040
x 0 33041
p 0 224 33041
x 0 33042
p 0 219 33042
x 0 33043
p 0 229 33043
x 0 33044
p 0 215 33044
x 0 33045
p 0 207 33045
x 0 33046
p 0 224 33046
x 0 33047
p 0 218 33047
x 0 33048
p 0 221 33048
x 0 33049
p 0 220 33049
x 0 33050
p 0 249 33050
x 0 33051
p 0 222 33051
x 0 33052
p 0 222 33052
x 0 33053
p 0 225 33053
x 0 33054
p 0 224 33054
x 0 33055
p 0 219 33055
x 0 33056
p 0 322 33056
x 0 33057
p 0 237 33057
x 0 33058
p 0 268 33058
x 0 33059
p 0 215 33059
x 0 33060
p 0 220 33060
x 0 33000
h 0 10.0.0.4
p 0 504 33000
x 1 33001
h 1 10.0.0.4
p 1 244 33001
x 0 33002
p 0 210 33002
x 0 33003
p 0 213 33003
x 0 33004
p 0 217 33004
x 0 33005
p 0 217 33005
x 0 33006
p 0 213 33006
x 0 33007
p 0 205 33007
x 0 33008
p 0 207 33008
x 0 33009
p 0 206 33009
x 0 33010
p 0 207 33010
x 0 33011
p 0 253 33011
x 0 33012
p 0 215 33012
x 0 33013
p 0 216 33013
x 0 33014
p 0 239 33014
x 0 33015
p 0 211 33015
x 0 33016
p 0 354 33016
x 0 33017
p 0 325 33017
x 0 33018
p 0 403 33018
x 0 33019
p 0 219 33019
x 0 33020
p 0 217 33020
x 0 33021
p 0 215 33021
x 0 33022
p 0 212 33022
x 0 33023
p 0 216 33023
x 0 33024
p 0 327 33024
x 0 33025
p 0 214 33025
x 0 33026
p 0 252 33026
x 0 33027
p 0 217 33027
x 0 33028
p 0 421 33028
x 0 33029
p 0 215 33029
x 0 33030
p 0 184 33030
x 0 33031
p 0 215 33031
x 0 33032
p 0 216 33032
x 0 33033
p 0 215 33033
x 0 33034
p 0 212 33034
x 0 33035
p 0 214 33035
x 0 33036
p 0 214 33036
x 0 33037
p 0 213 33037
x 0 33038
p 0 210 33038
x 0 33039
p 0 212 33039
x 0 33040
p 0 221 33040
x 0 33041
p 0 213 33041
x 0 33042
p 0 207 33042
x 0 33043
p 0 216 33043
x 0 33044
p 0 215 33044
x 0 33045
p 0 243 33045
x 0 33046
p 0 214 33046
x 0 33047
p 0 214 33047
x 0 33048
p 0 218 33048
x 0 33049
p 0 252 33049
x 0 33050
p 0 214 33050
x 0 33051
p 0 294 33051
x 0 33052
p 0 212 33052
x 0 33053
p 0 250 33053
x 0 33054
p 0 251 33054
x 0 33055
p 0 213 33055
x 0 33056
p 0 213 33056
x 0 33057
p 0 213 33057
x 0 33058
p 0 214 33058
x 0 33059
p 0 216 33059
x 0 33060
p 0 216 33060
x 0 33000
h 0 10.0.0.4
p 0 894 33000
x 1 33001
h 1 10.0.0.4
p 1 211 33001
x 0 33002
p 0 215 33002
x 0 33003
p 0 215 33003
x 0 33004
p 0 263 33004
x 0 33005
p 0 218 33005
x 0 33006
p 0 215 33006
x 0 33007
p 0 274 33007
x 0 33008
p 0 279 33008
x 0 33009
p 0 222 33009
x 0 33010
p 0 219 33010
x 0 33011
p 0 156 33011
x 0 33012
p 0 219 33012
x 0 33013
p 0 219 33013
x 0 33014
p 0 219 33014
x 0 33015
p 0 219 33015
x 0 33016
p 0 223 33016
x 0 33017
p 0 215 33017
x 0 33018
p 0 217 33018
x 0 33019
p 0 217 33019
x 0 33020
p 0 215 33020
x 0 33021
p 0 216 33021
x 0 33022
p 0 217 33022
x 0 33023
p 0 218 33023
x 0 33024
p 0 218 33024
x 0 33025
p 0 220 33025
x 0 33026
p 0 216 33026
x 0 33027
p 0 215 33027
x 0 33028
p 0 245 33028
x 0 33029
p 0 212 33029
x 0 33030
p 0 218 33030
x 0 33031
p 0 217 33031
x 0 33032
p 0 216 33032
x 0 33033
p 0 219 33033
x 0 33034
p 0 220 33034
x 0 33035
p 0 223 33035
x 0 33036
p 0 261 33036
x 0 33037
p 0 247 33037
x 0 33038
p 0 296 33038
x 0 33039
p 0 180 33039
x 0 33040
p 0 221 33040
x 0 33041
p 0 216 33041
x 0 33042
p 0 214 33042
x 0 33043
p 0 219 33043
x 0 33044
p 0 219 33044
x 0 33045
p 0 218 33045
x 0 33046
p 0 218 33046
x 0 33047
p 0 220 33047
x 0 33048
p 0 219 33048
x 0 33049
p 0 219 33049
x 0 33050
p 0 254 33050
x 0 33051
p 0 217 33051
x 0 33052
p 0 217 33052
x 0 33053
p 0 265 33053
x 0 33054
p 0 221 33054
x 0 33055
p 0 218 33055
x 0 33056
p 0 220 33056
x 0 33057
p 0 219 33057
x 0 33058
p 0 222 33058
x 0 33059
p 0 273 33059
x 0 33060
p 0 217 33060
x 0 33000
h 0 10.0.0.4
p 0 513 33000
x 1 33001
h 1 10.0.0.4
p 1 203 33001
x 0 33002
p 0 102 33002
x 0 33003
p 0 289 33003
x 0 33004
p 0 194 33004
x 0 33005
p 0 242 33005
x 0 33006
p 0 220 33006
x 0 33007
p 0 248 33007
x 0 33008
p 0 256 33008
x 0 33009
p 0 215 33009
x 0 33010
p 0 220 33010
x 0 33011
p 0 293 33011
x 0 33012
p 0 216 33012
x 0 33013
p 0 218 33013
x 0 33014
p 0 249 33014
x 0 33015
p 0 221 33015
x 0 33016
p 0 217 33016
x 0 33017
p 0 188 33017
x 0 33018
p 0 300 33018
x 0 33019
p 0 335 33019
x 0 33020
p 0 301 33020
x 0 33021
p 0 354 33021
x 0 33022
p 0 217 33022
x 0 33023
p 0 252 33023
x 0 33024
p 0 211 33024
x 0 33025
p 0 177 33025
x 0 33026
p 0 169 33026
x 0 33027
p 0 162 33027
x 0 33028
p 0 172 33028
x 0 33029
p 0 169 33029
x 0 33030
p 0 174 33030
x 0 33031
p 0 176 33031
x 0 33032
p 0 274 33032
x 0 33033
p 0 181 33033
x 0 33034
p 0 178 33034
x 0 33035
p 0 154 33035
x 0 33036
p 0 215 33036
x 0 33037
p 0 155 33037
x 0 33038
p 0 216 33038
x 0 33039
p 0 216 33039
x 0 33040
p 0 162 33040
x 0 33041
p 0 216 33041
x 0 33042
p 0 341 33042
x 0 33043
p 0 215 33043
x 0 33044
p 0 214 33044
x 0 33045
p 0 216 33045
x 0 33046
p 0 257 33046
x 0 33047
p 0 214 33047
x 0 33048
p 0 218 33048
x 0 33049
p 0 216 33049
x 0 33050
p 0 219 33050
x 0 33051
p 0 175 33051
x 0 33052
p 0 171 33052
x 0 33053
p 0 217 33053
x 0 33054
p 0 253 33054
x 0 33055
p 0 215 33055
x 0 33056
p 0 215 33056
x 0 33057
p 0 216 33057
x 0 33058
p 0 212 33058
x 0 33059
p 0 194 33059
x 0 33060
p 0 217 33060
x 0 33000
h 0 10.0.0.4
p 0 704 33000
x 1 33001
h 1 10.0.0.4
p 1 293 33001
x 0 33002
p 0 128 33002
x 0 33003
p 0 195 33003
x 0 33004
p 0 220 33004
x 0 33005
p 0 287 33005
x 0 33006
p 0 871 33006
x 0 33007
p 0 324 33007
x 0 33008
p 0 177 33008
x 0 33009
p 0 168 33009
x 0 33010
p 0 172 33010
x 0 33011
p 0 341 33011
x 0 33012
p 0 180 33012
x 0 33013
p 0 202 33013
x 0 33014
p 0 246 33014
x 0 33015
p 0 372 33015
x 0 33016
p 0 372 33016
x 0 33017
p 0 393 33017
x 0 33018
p 0 308 33018
x 0 33019
p 0 218 33019
x 0 33020
p 0 218 33020
x 0 33021
p 0 250 33021
x 0 33022
p 0 215 33022
x 0 33023
p 0 218 33023
x 0 33024
p 0 216 33024
x 0 33025
p 0 316 33025
x 0 33026
p 0 217 33026
x 0 33027
p 0 220 33027
x 0 33028
p 0 285 33028
x 0 33029
p 0 218 33029
x 0 33030
p 0 220 33030
x 0 33031
p 0 216 33031
x 0 33032
p 0 319 33032
x 0 33033
p 0 248 33033
x 0 33034
p 0 218 33034
x 0 33035
p 0 381 33035
x 0 33036
p 0 321 33036
x 0 33037
p 0 214 33037
x 0 33038
p 0 212 33038
x 0 33039
p 0 279 33039
x 0 33040
p 0 213 33040
x 0 33041
p 0 212 33041
x 0 33042
p 0 211 33042
x 0 33043
p 0 218 33043
x 0 33044
p 0 217 33044
x 0 33045
p 0 253 33045
x 0 33046
p 0 217 33046
x 0 33047
p 0 220 33047
x 0 33048
p 0 324 33048
x 0 33049
p 0 251 33049
x 0 33050
p 0 218 33050
x 0 33051
p 0 219 33051
x 0 33052
p 0 217 33052
x 0 33053
p 0 219 33053
x 0 33054
p 0 214 33054
x 0 33055
p 0 217 33055
x 0 33056
p 0 316 33056
x 0 33057
p 0 244 33057
x 0 33058
p 0 214 33058
x 0 33059
p 0 213 33059
x 0 33060
p 0 274 33060
x 0 33000
h 0 10.0.0.4
p 0 624 33000
x 1 33001
h 1 10.0.0.4
p 1 161 33001
x 0 33002
p 0 178 33002
x 0 33003
p 0 182 33003
x 0 33004
p 0 176 33004
x 0 33005
p 0 185 33005
x 0 33006
p 0 225 33006
x 0 33007
p 0 248 33007
x 0 33008
p 0 257 33008
x 0 33009
p 0 267 33009
x 0 33010
p 0 228 33010
x 0 33011
p 0 225 33011
x 0 33012
p 0 223 33012
x 0 33013
p 0 221 33013
x 0 33014
p 0 226 33014
x 0 33015
p 0 320 33015
x 0 33016
p 0 227 33016
x 0 33017
p 0 225 33017
x 0 33018
p 0 224 33018
x 0 33019
p 0 227 33019
x 0 33020
p 0 223 33020
x 0 33021
p 0 221 33021
x 0 33022
p 0 258 33022
x 0 33023
p 0 221 33023
x 0 33024
p 0 228 33024
x 0 33025
p 0 235 33025
x 0 33026
p 0 228 33026
x 0 33027
p 0 230 33027
x 0 33028
p 0 255 33028
x 0 33029
p 0 267 33029
x 0 33030
p 0 232 33030
x 0 33031
p 0 229 33031
x 0 33032
p 0 234 33032
x 0 33033
p 0 226 33033
x 0 33034
p 0 213 33034
x 0 33035
p 0 233 33035
x 0 33036
p 0 272 33036
x 0 33037
p 0 231 33037
x 0 33038
p 0 229 33038
x 0 33039
p 0 229 33039
x 0 33040
p 0 231 33040
x 0 33041
p 0 272 33041
x 0 33042
p 0 206 33042
x 0 33043
p 0 228 33043
x 0 33044
p 0 229 33044
x 0 33045
p 0 244 33045
x 0 33046
p 0 232 33046
x 0 33047
p 0 245 33047
x 0 33048
p 0 264 33048
x 0 33049
p 0 234 33049
x 0 33050
p 0 230 33050
x 0 33051
p 0 225 33051
x 0 33052
p 0 236 33052
x 0 33053
p 0 225 33053
x 0 33054
p 0 256 33054
x 0 33055
p 0 283 33055
x 0 33056
p 0 232 33056
x 0 33057
p 0 229 33057
x 0 33058
p 0 225 33058
x 0 33059
p 0 236 33059
x 0 33060
p 0 233 33060
x 0 33000
h 0 10.0.0.4
p 0 794 33000
x 1 33001
h 1 10.0.0.4
p 1 211 33001
x 0 33002
p 0 219 33002
x 0 33003
p 0 247 33003
x 0 33004
p 0 213 33004
x 0 33005
p 0 215 33005
x 0 33006
p 0 215 33006
x 0 33007
p 0 214 33007
x 0 33008
p 0 212 33008
x 0 33009
p 0 210 33009
x 0 33010
p 0 211 33010
x 0 33011
p 0 247 33011
x 0 33012
p 0 212 33012
x 0 33013
p 0 209 33013
x 0 33014
p 0 215 33014
x 0 33015
p 0 164 33015
x 0 33016
p 0 217 33016
x 0 33017
p 0 211 33017
x 0 33018
p 0 218 33018
x 0 33019
p 0 247 33019
x 0 33020
p 0 216 33020
x 0 33021
p 0 343 33021
x 0 33022
p 0 286 33022
x 0 33023
p 0 363 33023
x 0 33024
p 0 339 33024
x 0 33025
p 0 217 33025
x 0 33026
p 0 342 33026
x 0 33027
p 0 248 33027
x 0 33028
p 0 207 33028
x 0 33029
p 0 210 33029
x 0 33030
p 0 214 33030
x 0 33031
p 0 242 33031
x 0 33032
p 0 217 33032
x 0 33033
p 0 210 33033
x 0 33034
p 0 223 33034
x 0 33035
p 0 220 33035
x 0 33036
p 0 227 33036
x 0 33037
p 0 222 33037
x 0 33038
p 0 223 33038
x 0 33039
p 0 257 33039
x 0 33040
p 0 218 33040
x 0 33041
p 0 216 33041
x 0 33042
p 0 220 33042
x 0 33043
p 0 220 33043
x 0 33044
p 0 243 33044
x 0 33045
p 0 214 33045
x 0 33046
p 0 211 33046
x 0 33047
p 0 241 33047
x 0 33048
p 0 212 33048
x 0 33049
p 0 208 33049
x 0 33050
p 0 221 33050
x 0 33051
p 0 218 33051
x 0 33052
p 0 218 33052
x 0 33053
p 0 217 33053
x 0 33054
p 0 219 33054
x 0 33055
p 0 218 33055
x 0 33056
p 0 219 33056
x 0 33057
p 0 220 33057
x 0 33058
p 0 221 33058
x 0 33059
p 0 253 33059
x 0 33060
p 0 219 33060
x 0 33000
h 0 10.0.0.4
p 0 1058 33000
x 1 33001
h 1 10.0.0.4
p 1 236 33001
x 0 33002
p 0 286 33002
x 0 33003
p 0 328 33003
x 0 33004
p 0 213 33004
x 0 33005
p 0 220 33005
x 0 33006
p 0 231 33006
x 0 33007
p 0 235 33007
x 0 33008
p 0 365 33008
x 0 33009
p 0 388 33009
x 0 33010
p 0 229 33010
x 0 33011
p 0 229 33011
x 0 33012
p 0 227 33012
x 0 33013
p 0 233 33013
x 0 33014
p 0 230 33014
x 0 33015
p 0 231 33015
x 0 33016
p 0 230 33016
x 0 33017
p 0 232 33017
x 0 33018
p 0 230 33018
x 0 33019
p 0 235 33019
x 0 33020
p 0 229 33020
x 0 33021
p 0 270 33021
x 0 33022
p 0 231 33022
x 0 33023
p 0 226 33023
x 0 33024
p 0 231 33024
x 0 33025
p 0 225 33025
x 0 33026
p 0 228 33026
x 0 33027
p 0 230 33027
x 0 33028
p 0 274 33028
x 0 33029
p 0 227 33029
x 0 33030
p 0 228 33030
x 0 33031
p 0 229 33031
x 0 33032
p 0 229 33032
x 0 33033
p 0 229 33033
x 0 33034
p 0 256 33034
x 0 33035
p 0 283 33035
x 0 33036
p 0 230 33036
x 0 33037
p 0 255 33037
x 0 33038
p 0 235 33038
x 0 33039
p 0 231 33039
x 0 33040
p 0 227 33040
x 0 33041
p 0 227 33041
x 0 33042
p 0 269 33042
x 0 33043
p 0 224 33043
x 0 33044
p 0 224 33044
x 0 33045
p 0 225 33045
x 0 33046
p 0 234 33046
x 0 33047
p 0 231 33047
x 0 33048
p 0 235 33048
x 0 33049
p 0 275 33049
x 0 33050
p 0 236 33050
x 0 33051
p 0 233 33051
x 0 33052
p 0 233 33052
x 0 33053
p 0 230 33053
x 0 33054
p 0 232 33054
x 0 33055
p 0 232 33055
x 0 33056
p 0 225 33056
x 0 33057
p 0 224 33057
x 0 33058
p 0 227 33058
x 0 33059
p 0 221 33059
x 0 33060
p 0 226 33060
x 0 33000
h 0 10.0.0.4
p 0 640 33000
x 1 33001
h 1 10.0.0.4
p 1 215 33001
x 0 33002
p 0 244 33002
x 0 33003
p 0 248 33003
x 0 33004
p 0 300 33004
x 0 33005
p 0 220 33005
x 0 33006
p 0 217 33006
x 0 33007
p 0 246 33007
x 0 33008
p 0 213 33008
x 0 33009
p 0 216 33009
x 0 33010
p 0 218 33010
x 0 33011
p 0 246 33011
x 0 33012
p 0 214 33012
x 0 33013
p 0 217 33013
x 0 33014
p 0 218 33014
x 0 33015
p 0 222 33015
x 0 33016
p 0 437 33016
x 0 33017
p 0 289 33017
x 0 33018
p 0 219 33018
x 0 33019
p 0 214 33019
x 0 33020
p 0 216 33020
x 0 33021
p 0 220 33021
x 0 33022
p 0 213 33022
x 0 33023
p 0 217 33023
x 0 33024
p 0 218 33024
x 0 33025
p 0 192 33025
x 0 33026
p 0 223 33026
x 0 33027
p 0 221 33027
x 0 33028
p 0 289 33028
x 0 33029
p 0 223 33029
x 0 33030
p 0 222 33030
x 0 33031
p 0 225 33031
x 0 33032
p 0 223 33032
x 0 33033
p 0 220 33033
x 0 33034
p 0 221 33034
x 0 33035
p 0 217 33035
x 0 33036
p 0 185 33036
x 0 33037
p 0 217 33037
x 0 33038
p 0 215 33038
x 0 33039
p 0 182 33039
x 0 33040
p 0 187 33040
x 0 33041
p 0 188 33041
x 0 33042
p 0 191 33042
x 0 33043
p 0 184 33043
x 0 33044
p 0 176 33044
x 0 33045
p 0 180 33045
x 0 33046
p 0 177 33046
x 0 33047
p 0 181 33047
x 0 33048
p 0 188 33048
x 0 33049
p 0 175 33049
x 0 33050
p 0 229 33050
x 0 33051
p 0 226 33051
x 0 33052
p 0 245 33052
x 0 33053
p 0 221 33053
x 0 33054
p 0 222 33054
x 0 33055
p 0 227 33055
x 0 33056
p 0 223 33056
x 0 33057
p 0 224 33057
x 0 33058
p 0 227 33058
x 0 33059
p 0 226 33059
x 0 33060
p 0 255 33060
x 0 33000
h 0 10.0.0.4
p 0 658 33000
x 1 33001
h 1 10.0.0.4
p 1 247 33001
x 0 33002
p 0 212 33002
x 0 33003
p 0 249 33003
x 0 33004
p 0 250 33004
x 0 33005
p 0 250 33005
x 0 33006
p 0 194 33006
x 0 33007
p 0 221 33007
x 0 33008
p 0 253 33008
x 0 33009
p 0 216 33009
x 0 33010
p 0 217 33010
x 0 33011
p 0 218 33011
x 0 33012
p 0 239 33012
x 0 33013
p 0 217 33013
x 0 33014
p 0 169 33014
x 0 33015
p 0 179 33015
x 0 33016
p 0 214 33016
x 0 33017
p 0 237 33017
x 0 33018
p 0 216 33018
x 0 33019
p 0 176 33019
x 0 33020
p 0 228 33020
x 0 33021
p 0 225 33021
x 0 33022
p 0 239 33022
x 0 33023
p 0 225 33023
x 0 33024
p 0 228 33024
x 0 33025
p 0 228 33025
x 0 33026
p 0 390 33026
x 0 33027
p 0 229 33027
x 0 33028
p 0 270 33028
x 0 33029
p 0 231 33029
x 0 33030
p 0 413 33030
x 0 33031
p 0 283 33031
x 0 33032
p 0 425 33032
x 0 33033
p 0 450 33033
x 0 33034
p 0 304 33034
x 0 33035
p 0 198 33035
x 0 33036
p 0 195 33036
x 0 33037
p 0 447 33037
x 0 33038
p 0 283 33038
x 0 33039
p 0 243 33039
x 0 33040
p 0 414 33040
x 0 33041
p 0 254 33041
x 0 33042
p 0 287 33042
x 0 33043
p 0 282 33043
x 0 33044
p 0 711 33044
x 0 33045
p 0 242 33045
x 0 33046
p 0 230 33046
x 0 33047
p 0 235 33047
x 0 33048
p 0 277 33048
x 0 33049
p 0 404 33049
x 0 33050
p 0 160 33050
x 0 33051
p 0 232 33051
x 0 33052
p 0 163 33052
x 0 33053
p 0 226 33053
x 0 33054
p 0 245 33054
x 0 33055
p 0 259 33055
x 0 33056
p 0 235 33056
x 0 33057
p 0 244 33057
x 0 33058
p 0 265 33058
x 0 33059
p 0 256 33059
x 0 33060
p 0 251 33060
x 0 33000
h 0 10.0.0.4
p 0 671 33000
x 1 33001
h 1 10.0.0.4
p 1 269 33001
x 0 33002
p 0 283 33002
x 0 33003
p 0 213 33003
x 0 33004
p 0 208 33004
x 0 33005
p 0 216 33005
x 0 33006
p 0 210 33006
x 0 33007
p 0 213 33007
x 0 33008
p 0 214 33008
x 0 33009
p 0 249 33009
x 0 33010
p 0 255 33010
x 0 33011
p 0 249 33011
x 0 33012
p 0 219 33012
x 0 33013
p 0 215 33013
x 0 33014
p 0 215 33014
x 0 33015
p 0 210 33015
x 0 33016
p 0 212 33016
x 0 33017
p 0 214 33017
x 0 33018
p 0 209 33018
x 0 33019
p 0 217 33019
x 0 33020
p 0 236 33020
x 0 33021
p 0 210 33021
x 0 33022
p 0 213 33022
x 0 33023
p 0 210 33023
x 0 33024
p 0 214 33024
x 0 33025
p 0 210 33025
x 0 33026
p 0 106 33026
x 0 33027
p 0 213 33027
x 0 33028
p 0 210 33028
x 0 33029
p 0 150 33029
x 0 33030
p 0 211 33030
x 0 33031
p 0 216 33031
x 0 33032
p 0 214 33032
x 0 33033
p 0 329 33033
x 0 33034
p 0 214 33034
x 0 33035
p 0 213 33035
x 0 33036
p 0 219 33036
x 0 33037
p 0 217 33037
x 0 33038
p 0 216 33038
x 0 33039
p 0 213 33039
x 0 33040
p 0 213 33040
x 0 33041
p 0 211 33041
x 0 33042
p 0 218 33042
x 0 33043
p 0 213 33043
x 0 33044
p 0 212 33044
x 0 33045
p 0 186 33045
x 0 33046
p 0 213 33046
x 0 33047
p 0 212 33047
x 0 33048
p 0 215 33048
x 0 33049
p 0 215 33049
x 0 33050
p 0 215 33050
x 0 33051
p 0 213 33051
x 0 33052
p 0 215 33052
x 0 33053
p 0 212 33053
x 0 33054
p 0 213 33054
x 0 33055
p 0 213 33055
x 0 33056
p 0 212 33056
x 0 33057
p 0 215 33057
x 0 33058
p 0 213 33058
x 0 33059
p 0 216 33059
x 0 33060
p 0 216 33060
x 0 33000
h 0 10.0.0.4
p 0 505 33000
x 1 33001
h 1 10.0.0.4
p 1 182 33001
x 0 33002
p 0 198 33002
x 0 33003
p 0 210 33003
x 0 33004
p 0 209 33004
x 0 33005
p 0 199 33005
x 0 33006
p 0 231 33006
x 0 33007
p 0 277 33007
x 0 33008
p 0 210 33008
x 0 33009
p 0 213 33009
x 0 33010
p 0 215 33010
x 0 33011
p 0 211 33011
x 0 33012
p 0 174 33012
x 0 33013
p 0 212 33013
x 0 33014
p 0 215 33014
x 0 33015
p 0 212 33015
x 0 33016
p 0 243 33016
x 0 33017
p 0 214 33017
x 0 33018
p 0 216 33018
x 0 33019
p 0 213 33019
x 0 33020
p 0 273 33020
x 0 33021
p 0 215 33021
x 0 33022
p 0 246 33022
x 0 33023
p 0 214 33023
x 0 33024
p 0 192 33024
x 0 33025
p 0 211 33025
x 0 33026
p 0 214 33026
x 0 33027
p 0 212 33027
x 0 33028
p 0 222 33028
x 0 33029
p 0 219 33029
x 0 33030
p 0 248 33030
x 0 33031
p 0 221 33031
x 0 33032
p 0 222 33032
x 0 33033
p 0 219 33033
x 0 33034
p 0 251 33034
x 0 33035
p 0 218 33035
x 0 33036
p 0 221 33036
x 0 33037
p 0 192 33037
x 0 33038
p 0 218 33038
x 0 33039
p 0 218 33039
x 0 33040
p 0 194 33040
x 0 33041
p 0 222 33041
x 0 33042
p 0 223 33042
x 0 33043
p 0 219 33043
x 0 33044
p 0 216 33044
x 0 33045
p 0 260 33045
x 0 33046
p 0 276 33046
x 0 33047
p 0 216 33047
x 0 33048
p 0 216 33048
x 0 33049
p 0 218 33049
x 0 33050
p 0 274 33050
x 0 33051
p 0 215 33051
x 0 33052
p 0 214 33052
x 0 33053
p 0 211 33053
x 0 33054
p 0 253 33054
x 0 33055
p 0 214 33055
x 0 33056
p 0 182 33056
x 0 33057
p 0 186 33057
x 0 33058
p 0 184 33058
x 0 33059
p 0 188 33059
x 0 33060
p 0 189 33060
x 0 33000
h 0 10.0.0.4
p 0 882 33000
x 1 33001
h 1 10.0.0.4
p 1 171 33001
x 0 33002
p 0 179 33002
x 0 33003
p 0 216 33003
x 0 33004
p 0 264 33004
x 0 33005
p 0 181 33005
x 0 33006
p 0 190 33006
x 0 33007
p 0 181 33007
x 0 33008
p 0 176 33008
x 0 33009
p 0 181 33009
x 0 33010
p 0 175 33010
x 0 33011
p 0 125 33011
x 0 33012
p 0 182 33012
x 0 33013
p 0 181 33013
x 0 33014
p 0 178 33014
x 0 33015
p 0 214 33015
x 0 33016
p 0 259 33016
x 0 33017
p 0 181 33017
x 0 33018
p 0 167 33018
x 0 33019
p 0 179 33019
x 0 33020
p 0 174 33020
x 0 33021
p 0 180 33021
x 0 33022
p 0 179 33022
x 0 33023
p 0 215 33023
x 0 33024
p 0 185 33024
x 0 33025
p 0 300 33025
x 0 33026
p 0 178 33026
x 0 33027
p 0 250 33027
x 0 33028
p 0 242 33028
x 0 33029
p 0 212 33029
x 0 33030
p 0 180 33030
x 0 33031
p 0 410 33031
x 0 33032
p 0 368 33032
x 0 33033
p 0 333 33033
x 0 33034
p 0 182 33034
x 0 33035
p 0 254 33035
x 0 33036
p 0 186 33036
x 0 33037
p 0 180 33037
x 0 33038
p 0 178 33038
x 0 33039
p 0 339 33039
x 0 33040
p 0 178 33040
x 0 33041
p 0 183 33041
x 0 33042
p 0 181 33042
x 0 33043
p 0 210 33043
x 0 33044
p 0 174 33044
x 0 33045
p 0 191 33045
x 0 33046
p 0 181 33046
x 0 33047
p 0 211 33047
x 0 33048
p 0 179 33048
x 0 33049
p 0 183 33049
x 0 33050
p 0 179 33050
x 0 33051
p 0 172 33051
x 0 33052
p 0 176 33052
x 0 33053
p 0 181 33053
x 0 33054
p 0 181 33054
x 0 33055
p 0 211 33055
x 0 33056
p 0 179 33056
x 0 33057
p 0 181 33057
x 0 33058
p 0 180 33058
x 0 33059
p 0 178 33059
x 0 33060
p 0 177 33060
x 0 33000
h 0 10.0.0.4
p 0 459 33000
x 1 33001
h 1 10.0.0.4
p 1 297 33001
x 0 33002
p 0 195 33002
x 0 33003
p 0 246 33003
x 0 33004
p 0 198 33004
x 0 33005
p 0 261 33005
x 0 33006
p 0 213 33006
x 0 33007
p 0 211 33007
x 0 33008
p 0 212 33008
x 0 33009
p 0 210 33009
x 0 33010
p 0 211 33010
x 0 33011
p 0 209 33011
x 0 33012
p 0 212 33012
x 0 33013
p 0 211 33013
x 0 33014
p 0 212 33014
x 0 33015
p 0 210 33015
x 0 33016
p 0 210 33016
x 0 33017
p 0 214 33017
x 0 33018
p 0 94 33018
x 0 33019
p 0 219 33019
x 0 33020
p 0 192 33020
x 0 33021
p 0 193 33021
x 0 33022
p 0 188 33022
x 0 33023
p 0 850 33023
x 0 33024
p 0 220 33024
x 0 33025
p 0 175 33025
x 0 33026
p 0 107 33026
x 0 33027
p 0 184 33027
x 0 33028
p 0 175 33028
x 0 33029
p 0 174 33029
x 0 33030
p 0 220 33030
x 0 33031
p 0 218 33031
x 0 33032
p 0 240 33032
x 0 33033
p 0 213 33033
x 0 33034
p 0 211 33034
x 0 33035
p 0 212 33035
x 0 33036
p 0 215 33036
x 0 33037
p 0 214 33037
x 0 33038
p 0 214 33038
x 0 33039
p 0 217 33039
x 0 33040
p 0 214 33040
x 0 33041
p 0 219 33041
x 0 33042
p 0 215 33042
x 0 33043
p 0 211 33043
x 0 33044
p 0 216 33044
x 0 33045
p 0 173 33045
x 0 33046
p 0 175 33046
x 0 33047
p 0 171 33047
x 0 33048
p 0 171 33048
x 0 33049
p 0 176 33049
x 0 33050
p 0 174 33050
x 0 33051
p 0 175 33051
x 0 33052
p 0 173 33052
x 0 33053
p 0 171 33053
x 0 33054
p 0 235 33054
x 0 33055
p 0 198 33055
x 0 33056
p 0 203 33056
x 0 33057
p 0 252 33057
x 0 33058
p 0 269 33058
x 0 33059
p 0 244 33059
x 0 33060
p 0 199 33060
x 0 33000
h 0 10.0.0.4
p 0 841 33000
x 1 33001
h 1 10.0.0.4
p 1 152 33001
x 0 33002
p 0 175 33002
x 0 33003
p 0 221 33003
x 0 33004
p 0 221 33004
x 0 33005
p 0 151 33005
x 0 33006
p 0 157 33006
x 0 33007
p 0 219 33007
x 0 33008
p 0 249 33008
x 0 33009
p 0 221 33009
x 0 33010
p 0 220 33010
x 0 33011
p 0 222 33011
x 0 33012
p 0 223 33012
x 0 33013
p 0 312 33013
x 0 33014
p 0 306 33014
x 0 33015
p 0 323 33015
x 0 33016
p 0 217 33016
x 0 33017
p 0 214 33017
x 0 33018
p 0 215 33018
x 0 33019
p 0 328 33019
x 0 33020
p 0 213 33020
x 0 33021
p 0 214 33021
x 0 33022
p 0 214 33022
x 0 33023
p 0 213 33023
x 0 33024
p 0 214 33024
x 0 33025
p 0 231 33025
x 0 33026
p 0 214 33026
x 0 33027
p 0 212 33027
x 0 33028
p 0 215 33028
x 0 33029
p 0 215 33029
x 0 33030
p 0 214 33030
x 0 33031
p 0 215 33031
x 0 33032
p 0 211 33032
x 0 33033
p 0 210 33033
x 0 33034
p 0 214 33034
x 0 33035
p 0 210 33035
x 0 33036
p 0 212 33036
x 0 33037
p 0 253 33037
x 0 33038
p 0 213 33038
x 0 33039
p 0 210 33039
x 0 33040
p 0 208 33040
x 0 33041
p 0 213 33041
x 0 33042
p 0 181 33042
x 0 33043
p 0 209 33043
x 0 33044
p 0 211 33044
x 0 33045
p 0 212 33045
x 0 33046
p 0 214 33046
x 0 33047
p 0 210 33047
x 0 33048
p 0 208 33048
x 0 33049
p 0 212 33049
x 0 33050
p 0 209 33050
x 0 33051
p 0 208 33051
x 0 33052
p 0 207 33052
x 0 33053
p 0 216 33053
x 0 33054
p 0 216 33054
x 0 33055
p 0 234 33055
x 0 33056
p 0 301 33056
x 0 33057
p 0 209 33057
x 0 33058
p 0 209 33058
x 0 33059
p 0 211 33059
x 0 33060
p 0 207 33060
x 0 33000
h 0 10.0.0.4
p 0 821 33000
x 1 33001
h 1 10.0.0.4
p 1 213 33001
x 0 33002
p 0 309 33002
x 0 33003
p 0 297 33003
x 0 33004
p 0 285 33004
x 0 33005
p 0 218 33005
x 0 33006
p 0 211 33006
x 0 33007
p 0 273 33007
x 0 33008
p 0 215 33008
x 0 33009
p 0 218 33009
x 0 33010
p 0 218 33010
x 0 33011
p 0 350 33011
x 0 33012
p 0 315 33012
x 0 33013
p 0 316 33013
x 0 33014
p 0 221 33014
x 0 33015
p 0 220 33015
x 0 33016
p 0 218 33016
x 0 33017
p 0 310 33017
x 0 33018
p 0 310 33018
x 0 33019
p 0 223 33019
x 0 33020
p 0 218 33020
x 0 33021
p 0 217 33021
x 0 33022
p 0 218 33022
x 0 33023
p 0 220 33023
x 0 33024
p 0 218 33024
x 0 33025
p 0 301 33025
x 0 33026
p 0 304 33026
x 0 33027
p 0 332 33027
x 0 33028
p 0 306 33028
x 0 33029
p 0 302 33029
x 0 33030
p 0 213 33030
x 0 33031
p 0 217 33031
x 0 33032
p 0 280 33032
x 0 33033
p 0 301 33033
x 0 33034
p 0 213 33034
x 0 33035
p 0 208 33035
x 0 33036
p 0 211 33036
x 0 33037
p 0 305 33037
x 0 33038
p 0 296 33038
x 0 33039
p 0 319 33039
x 0 33040
p 0 211 33040
x 0 33041
p 0 301 33041
x 0 33042
p 0 304 33042
x 0 33043
p 0 335 33043
x 0 33044
p 0 301 33044
x 0 33045
p 0 216 33045
x 0 33046
p 0 218 33046
x 0 33047
p 0 217 33047
x 0 33048
p 0 217 33048
x 0 33049
p 0 311 33049
x 0 33050
p 0 301 33050
x 0 33051
p 0 307 33051
x 0 33052
p 0 304 33052
x 0 33053
p 0 315 33053
x 0 33054
p 0 219 33054
x 0 33055
p 0 230 33055
x 0 33056
p 0 434 33056
x 0 33057
p 0 216 33057
x 0 33058
p 0 211 33058
x 0 33059
p 0 301 33059
x 0 33060
p 0 213 33060
x 0 33000
h 0 10.0.0.4
p 0 453 33000
x 1 33001
h 1 10.0.0.4
p 1 179 33001
x 0 33002
p 0 211 33002
x 0 33003
p 0 176 33003
x 0 33004
p 0 174 33004
x 0 33005
p 0 251 33005
x 0 33006
p 0 178 33006
x 0 33007
p 0 199 33007
x 0 33008
p 0 221 33008
x 0 33009
p 0 219 33009
x 0 33010
p 0 202 33010
x 0 33011
p 0 218 33011
x 0 33012
p 0 219 33012
x 0 33013
p 0 218 33013
x 0 33014
p 0 223 33014
x 0 33015
p 0 221 33015
x 0 33016
p 0 223 33016
x 0 33017
p 0 279 33017
x 0 33018
p 0 220 33018
x 0 33019
p 0 220 33019
x 0 33020
p 0 216 33020
x 0 33021
p 0 226 33021
x 0 33022
p 0 220 33022
x 0 33023
p 0 255 33023
x 0 33024
p 0 222 33024
x 0 33025
p 0 254 33025
x 0 33026
p 0 222 33026
x 0 33027
p 0 216 33027
x 0 33028
p 0 263 33028
x 0 33029
p 0 218 33029
x 0 33030
p 0 217 33030
x 0 33031
p 0 219 33031
x 0 33032
p 0 215 33032
x 0 33033
p 0 216 33033
x 0 33034
p 0 221 33034
x 0 33035
p 0 216 33035
x 0 33036
p 0 217 33036
x 0 33037
p 0 263 33037
x 0 33038
p 0 220 33038
x 0 33039
p 0 220 33039
x 0 33040
p 0 213 33040
x 0 33041
p 0 216 33041
x 0 33042
p 0 219 33042
x 0 33043
p 0 222 33043
x 0 33044
p 0 219 33044
x 0 33045
p 0 222 33045
x 0 33046
p 0 219 33046
x 0 33047
p 0 219 33047
x 0 33048
p 0 220 33048
x 0 33049
p 0 222 33049
x 0 33050
p 0 219 33050
x 0 33051
p 0 217 33051
x 0 33052
p 0 218 33052
x 0 33053
p 0 222 33053
x 0 33054
p 0 222 33054
x 0 33055
p 0 253 33055
x 0 33056
p 0 217 33056
x 0 33057
p 0 218 33057
x 0 33058
p 0 218 33058
x 0 33059
p 0 217 33059
x 0 33060
p 0 223 33060
x 0 33000
h 0 10.0.0.4
p 0 554 33000
x 1 33001
h 1 10.0.0.4
p 1 180 33001
x 0 33002
p 0 227 33002
x 0 33003
p 0 216 33003
x 0 33004
p 0 214 33004
x 0 33005
p 0 216 33005
x 0 33006
p 0 215 33006
x 0 33007
p 0 214 33007
x 0 33008
p 0 210 33008
x 0 33009
p 0 288 33009
x 0 33010
p 0 210 33010
x 0 33011
p 0 211 33011
x 0 33012
p 0 215 33012
x 0 33013
p 0 213 33013
x 0 33014
p 0 217 33014
x 0 33015
p 0 212 33015
x 0 33016
p 0 212 33016
x 0 33017
p 0 212 33017
x 0 33018
p 0 204 33018
x 0 33019
p 0 339 33019
x 0 33020
p 0 212 33020
x 0 33021
p 0 215 33021
x 0 33022
p 0 214 33022
x 0 33023
p 0 217 33023
x 0 33024
p 0 201 33024
x 0 33025
p 0 303 33025
x 0 33026
p 0 308 33026
x 0 33027
p 0 214 33027
x 0 33028
p 0 215 33028
x 0 33029
p 0 216 33029
x 0 33030
p 0 293 33030
x 0 33031
p 0 219 33031
x 0 33032
p 0 214 33032
x 0 33033
p 0 214 33033
x 0 33034
p 0 164 33034
x 0 33035
p 0 211 33035
x 0 33036
p 0 211 33036
x 0 33037
p 0 212 33037
x 0 33038
p 0 213 33038
x 0 33039
p 0 361 33039
x 0 33040
p 0 210 33040
x 0 33041
p 0 215 33041
x 0 33042
p 0 214 33042
x 0 33043
p 0 217 33043
x 0 33044
p 0 214 33044
x 0 33045
p 0 218 33045
x 0 33046
p 0 214 33046
x 0 33047
p 0 209 33047
x 0 33048
p 0 189 33048
x 0 33049
p 0 316 33049
x 0 33050
p 0 309 33050
x 0 33051
p 0 211 33051
x 0 33052
p 0 211 33052
x 0 33053
p 0 228 33053
x 0 33054
p 0 214 33054
x 0 33055
p 0 209 33055
x 0 33056
p 0 204 33056
x 0 33057
p 0 213 33057
x 0 33058
p 0 211 33058
x 0 33059
p 0 339 33059
x 0 33060
p 0 211 33060
x 0 33000
h 0 10.0.0.4
p 0 591 33000
x 1 33001
h 1 10.0.0.4
p 1 215 33001
x 0 33002
p 0 216 33002
x 0 33003
p 0 243 33003
x 0 33004
p 0 218 33004
x 0 33005
p 0 240 33005
x 0 33006
p 0 215 33006
x 0 33007
p 0 214 33007
x 0 33008
p 0 215 33008
x 0 33009
p 0 215 33009
x 0 33010
p 0 213 33010
x 0 33011
p 0 217 33011
x 0 33012
p 0 216 33012
x 0 33013
p 0 219 33013
x 0 33014
p 0 192 33014
x 0 33015
p 0 219 33015
x 0 33016
p 0 217 33016
x 0 33017
p 0 214 33017
x 0 33018
p 0 212 33018
x 0 33019
p 0 165 33019
x 0 33020
p 0 214 33020
x 0 33021
p 0 218 33021
x 0 33022
p 0 184 33022
x 0 33023
p 0 190 33023
x 0 33024
p 0 215 33024
x 0 33025
p 0 213 33025
x 0 33026
p 0 210 33026
x 0 33027
p 0 197 33027
x 0 33028
p 0 214 33028
x 0 33029
p 0 219 33029
x 0 33030
p 0 185 33030
x 0 33031
p 0 212 33031
x 0 33032
p 0 214 33032
x 0 33033
p 0 221 33033
x 0 33034
p 0 240 33034
x 0 33035
p 0 280 33035
x 0 33036
p 0 213 33036
x 0 33037
p 0 212 33037
x 0 33038
p 0 215 33038
x 0 33039
p 0 210 33039
x 0 33040
p 0 210 33040
x 0 33041
p 0 210 33041
x 0 33042
p 0 228 33042
x 0 33043
p 0 210 33043
x 0 33044
p 0 212 33044
x 0 33045
p 0 212 33045
x 0 33046
p 0 214 33046
x 0 33047
p 0 213 33047
x 0 33048
p 0 191 33048
x 0 33049
p 0 249 33049
x 0 33050
p 0 210 33050
x 0 33051
p 0 162 33051
x 0 33052
p 0 220 33052
x 0 33053
p 0 217 33053
x 0 33054
p 0 220 33054
x 0 33055
p 0 217 33055
x 0 33056
p 0 218 33056
x 0 33057
p 0 190 33057
x 0 33058
p 0 180 33058
x 0 33059
p 0 217 33059
x 0 33060
p 0 212 33060
x 0 33000
h 0 10.0.0.4
p 0 797 33000
x 1 33001
h 1 10.0.0.4
p 1 212 33001
x 0 33002
p 0 213 33002
x 0 33003
p 0 193 33003
x 0 33004
p 0 190 33004
x 0 33005
p 0 249 33005
x 0 33006
p 0 318 33006
x 0 33007
p 0 214 33007
x 0 33008
p 0 247 33008
x 0 33009
p 0 331 33009
x 0 33010
p 0 216 33010
x 0 33011
p 0 213 33011
x 0 33012
p 0 192 33012
x 0 33013
p 0 214 33013
x 0 33014
p 0 285 33014
x 0 33015
p 0 193 33015
x 0 33016
p 0 273 33016
x 0 33017
p 0 250 33017
x 0 33018
p 0 215 33018
x 0 33019
p 0 274 33019
x 0 33020
p 0 214 33020
x 0 33021
p 0 213 33021
x 0 33022
p 0 327 33022
x 0 33023
p 0 215 33023
x 0 33024
p 0 273 33024
x 0 33025
p 0 216 33025
x 0 33026
p 0 214 33026
x 0 33027
p 0 216 33027
x 0 33028
p 0 282 33028
x 0 33029
p 0 220 33029
x 0 33030
p 0 215 33030
x 0 33031
p 0 217 33031
x 0 33032
p 0 213 33032
x 0 33033
p 0 215 33033
x 0 33034
p 0 217 33034
x 0 33035
p 0 214 33035
x 0 33036
p 0 214 33036
x 0 33037
p 0 215 33037
x 0 33038
p 0 215 33038
x 0 33039
p 0 249 33039
x 0 33040
p 0 214 33040
x 0 33041
p 0 211 33041
x 0 33042
p 0 215 33042
x 0 33043
p 0 212 33043
x 0 33044
p 0 219 33044
x 0 33045
p 0 249 33045
x 0 33046
p 0 215 33046
x 0 33047
p 0 241 33047
x 0 33048
p 0 216 33048
x 0 33049
p 0 216 33049
x 0 33050
p 0 261 33050
x 0 33051
p 0 218 33051
x 0 33052
p 0 212 33052
x 0 33053
p 0 336 33053
x 0 33054
p 0 216 33054
x 0 33055
p 0 498 33055
x 0 33056
p 0 257 33056
x 0 33057
p 0 154 33057
x 0 33058
p 0 212 33058
x 0 33059
p 0 154 33059
x 0 33060
p 0 207 33060
x 0 33000
h 0 10.0.0.4
p 0 598 33000
x 1 33001
h 1 10.0.0.4
p 1 222 33001
x 0 33002
p 0 225 33002
x 0 33003
p 0 227 33003
x 0 33004
p 0 181 33004
x 0 33005
p 0 231 33005
x 0 33006
p 0 220 33006
x 0 33007
p 0 216 33007
x 0 33008
p 0 218 33008
x 0 33009
p 0 218 33009
x 0 33010
p 0 214 33010
x 0 33011
p 0 190 33011
x 0 33012
p 0 219 33012
x 0 33013
p 0 219 33013
x 0 33014
p 0 221 33014
x 0 33015
p 0 218 33015
x 0 33016
p 0 268 33016
x 0 33017
p 0 90 33017
x 0 33018
p 0 339 33018
x 0 33019
p 0 564 33019
x 0 33020
p 0 220 33020
x 0 33021
p 0 220 33021
x 0 33022
p 0 285 33022
x 0 33023
p 0 223 33023
x 0 33024
p 0 272 33024
x 0 33025
p 0 220 33025
x 0 33026
p 0 220 33026
x 0 33027
p 0 221 33027
x 0 33028
p 0 291 33028
x 0 33029
p 0 222 33029
x 0 33030
p 0 108 33030
x 0 33031
p 0 220 33031
x 0 33032
p 0 219 33032
x 0 33033
p 0 217 33033
x 0 33034
p 0 219 33034
x 0 33035
p 0 219 33035
x 0 33036
p 0 218 33036
x 0 33037
p 0 217 33037
x 0 33038
p 0 224 33038
x 0 33039
p 0 219 33039
x 0 33040
p 0 217 33040
x 0 33041
p 0 169 33041
x 0 33042
p 0 220 33042
x 0 33043
p 0 219 33043
x 0 33044
p 0 223 33044
x 0 33045
p 0 286 33045
x 0 33046
p 0 219 33046
x 0 33047
p 0 220 33047
x 0 33048
p 0 219 33048
x 0 33049
p 0 220 33049
x 0 33050
p 0 219 33050
x 0 33051
p 0 291 33051
x 0 33052
p 0 328 33052
x 0 33053
p 0 294 33053
x 0 33054
p 0 221 33054
x 0 33055
p 0 221 33055
x 0 33056
p 0 217 33056
x 0 33057
p 0 215 33057
x 0 33058
p 0 220 33058
x 0 33059
p 0 221 33059
x 0 33060
p 0 219 33060
x 0 33000
h 0 10.0.0.4
p 0 570 33000
x 1 33001
h 1 10.0.0.4
p 1 211 33001
x 0 33002
p 0 161 33002
x 0 33003
p 0 218 33003
x 0 33004
p 0 217 33004
x 0 33005
p 0 190 33005
x 0 33006
p 0 215 33006
x 0 33007
p 0 295 33007
x 0 33008
p 0 216 33008
x 0 33009
p 0 212 33009
x 0 33010
p 0 212 33010
x 0 33011
p 0 205 33011
x 0 33012
p 0 212 33012
x 0 33013
p 0 212 33013
x 0 33014
p 0 210 33014
x 0 33015
p 0 213 33015
x 0 33016
p 0 183 33016
x 0 33017
p 0 181 33017
x 0 33018
p 0 180 33018
x 0 33019
p 0 177 33019
x 0 33020
p 0 177 33020
x 0 33021
p 0 179 33021
x 0 33022
p 0 173 33022
x 0 33023
p 0 166 33023
x 0 33024
p 0 177 33024
x 0 33025
p 0 179 33025
x 0 33026
p 0 177 33026
x 0 33027
p 0 178 33027
x 0 33028
p 0 226 33028
x 0 33029
p 0 181 33029
x 0 33030
p 0 180 33030
x 0 33031
p 0 173 33031
x 0 33032
p 0 175 33032
x 0 33033
p 0 178 33033
x 0 33034
p 0 137 33034
x 0 33035
p 0 167 33035
x 0 33036
p 0 177 33036
x 0 33037
p 0 179 33037
x 0 33038
p 0 173 33038
x 0 33039
p 0 169 33039
x 0 33040
p 0 176 33040
x 0 33041
p 0 180 33041
x 0 33042
p 0 180 33042
x 0 33043
p 0 179 33043
x 0 33044
p 0 178 33044
x 0 33045
p 0 181 33045
x 0 33046
p 0 175 33046
x 0 33047
p 0 167 33047
x 0 33048
p 0 178 33048
x 0 33049
p 0 178 33049
x 0 33050
p 0 166 33050
x 0 33051
p 0 162 33051
x 0 33052
p 0 175 33052
x 0 33053
p 0 72 33053
x 0 33054
p 0 170 33054
x 0 33055
p 0 161 33055
x 0 33056
p 0 176 33056
x 0 33057
p 0 176 33057
x 0 33058
p 0 171 33058
x 0 33059
p 0 164 33059
x 0 33060
p 0 172 33060
x 0 33000
h 0 10.0.0.4
p 0 743 33000
x 1 33001
h 1 10.0.0.4
p 1 211 33001
x 0 33002
p 0 167 33002
x 0 33003
p 0 212 33003
x 0 33004
p 0 187 33004
x 0 33005
p 0 358 33005
x 0 33006
p 0 282 33006
x 0 33007
p 0 216 33007
x 0 33008
p 0 211 33008
x 0 33009
p 0 217 33009
x 0 33010
p 0 214 33010
x 0 33011
p 0 215 33011
x 0 33012
p 0 208 33012
x 0 33013
p 0 215 33013
x 0 33014
p 0 213 33014
x 0 33015
p 0 207 33015
x 0 33016
p 0 219 33016
x 0 33017
p 0 230 33017
x 0 33018
p 0 210 33018
x 0 33019
p 0 210 33019
x 0 33020
p 0 210 33020
x 0 33021
p 0 208 33021
x 0 33022
p 0 211 33022
x 0 33023
p 0 213 33023
x 0 33024
p 0 206 33024
x 0 33025
p 0 207 33025
x 0 33026
p 0 221 33026
x 0 33027
p 0 218 33027
x 0 33028
p 0 276 33028
x 0 33029
p 0 213 33029
x 0 33030
p 0 104 33030
x 0 33031
p 0 208 33031
x 0 33032
p 0 257 33032
x 0 33033
p 0 233 33033
x 0 33034
p 0 210 33034
x 0 33035
p 0 205 33035
x 0 33036
p 0 222 33036
x 0 33037
p 0 179 33037
x 0 33038
p 0 85 33038
x 0 33039
p 0 272 33039
x 0 33040
p 0 124 33040
x 0 33041
p 0 216 33041
x 0 33042
p 0 213 33042
x 0 33043
p 0 85 33043
x 0 33044
p 0 215 33044
x 0 33045
p 0 127 33045
x 0 33046
p 0 275 33046
x 0 33047
p 0 214 33047
x 0 33048
p 0 107 33048
x 0 33049
p 0 208 33049
x 0 33050
p 0 326 33050
x 0 33051
p 0 212 33051
x 0 33052
p 0 193 33052
x 0 33053
p 0 143 33053
x 0 33054
p 0 272 33054
x 0 33055
p 0 261 33055
x 0 33056
p 0 282 33056
x 0 33057
p 0 286 33057
x 0 33058
p 0 226 33058
x 0 33059
p 0 136 33059
x 0 33060
p 0 274 33060
x 0 33000
h 0 10.0.0.4
p 0 521 33000
x 1 33001
h 1 10.0.0.4
p 1 146 33001
x 0 33002
p 0 215 33002
x 0 33003
p 0 223 33003
x 0 33004
p 0 212 33004
x 0 33005
p 0 214 33005
x 0 33006
p 0 221 33006
x 0 33007
p 0 220 33007
x 0 33008
p 0 225 33008
x 0 33009
p 0 217 33009
x 0 33010
p 0 314 33010
x 0 33011
p 0 218 33011
x 0 33012
p 0 218 33012
x 0 33013
p 0 216 33013
x 0 33014
p 0 216 33014
x 0 33015
p 0 215 33015
x 0 33016
p 0 217 33016
x 0 33017
p 0 216 33017
x 0 33018
p 0 217 33018
x 0 33019
p 0 211 33019
x 0 33020
p 0 214 33020
x 0 33021
p 0 215 33021
x 0 33022
p 0 214 33022
x 0 33023
p 0 216 33023
x 0 33024
p 0 210 33024
x 0 33025
p 0 215 33025
x 0 33026
p 0 223 33026
x 0 33027
p 0 222 33027
x 0 33028
p 0 218 33028
x 0 33029
p 0 219 33029
x 0 33030
p 0 220 33030
x 0 33031
p 0 212 33031
x 0 33032
p 0 218 33032
x 0 33033
p 0 218 33033
x 0 33034
p 0 212 33034
x 0 33035
p 0 227 33035
x 0 33036
p 0 345 33036
x 0 33037
p 0 221 33037
x 0 33038
p 0 252 33038
x 0 33039
p 0 217 33039
x 0 33040
p 0 217 33040
x 0 33041
p 0 218 33041
x 0 33042
p 0 215 33042
x 0 33043
p 0 218 33043
x 0 33044
p 0 221 33044
x 0 33045
p 0 253 33045
x 0 33046
p 0 220 33046
x 0 33047
p 0 221 33047
x 0 33048
p 0 222 33048
x 0 33049
p 0 218 33049
x 0 33050
p 0 220 33050
x 0 33051
p 0 220 33051
x 0 33052
p 0 220 33052
x 0 33053
p 0 216 33053
x 0 33054
p 0 178 33054
x 0 33055
p 0 210 33055
x 0 33056
p 0 252 33056
x 0 33057
p 0 253 33057
x 0 33058
p 0 218 33058
x 0 33059
p 0 220 33059
x 0 33060
p 0 231 33060
x 0 33000
h 0 10.0.0.4
p 0 500 33000
x 1 33001
h 1 10.0.0.4
p 1 226 33001
x 0 33002
p 0 216 33002
x 0 33003
p 0 219 33003
x 0 33004
p 0 217 33004
x 0 33005
p 0 254 33005
x 0 33006
p 0 234 33006
x 0 33007
p 0 173 33007
x 0 33008
p 0 223 33008
x 0 33009
p 0 173 33009
x 0 33010
p 0 261 33010
x 0 33011
p 0 175 33011
x 0 33012
p 0 226 33012
x 0 33013
p 0 237 33013
x 0 33014
p 0 168 33014
x 0 33015
p 0 404 33015
x 0 33016
p 0 168 33016
x 0 33017
p 0 169 33017
x 0 33018
p 0 173 33018
x 0 33019
p 0 262 33019
x 0 33020
p 0 170 33020
x 0 33021
p 0 226 33021
x 0 33022
p 0 193 33022
x 0 33023
p 0 176 33023
x 0 33024
p 0 269 33024
x 0 33025
p 0 219 33025
x 0 33026
p 0 240 33026
x 0 33027
p 0 253 33027
x 0 33028
p 0 219 33028
x 0 33029
p 0 221 33029
x 0 33030
p 0 215 33030
x 0 33031
p 0 214 33031
x 0 33032
p 0 217 33032
x 0 33033
p 0 292 33033
x 0 33034
p 0 300 33034
x 0 33035
p 0 245 33035
x 0 33036
p 0 260 33036
x 0 33037
p 0 287 33037
x 0 33038
p 0 280 33038
x 0 33039
p 0 287 33039
x 0 33040
p 0 333 33040
x 0 33041
p 0 332 33041
x 0 33042
p 0 291 33042
x 0 33043
p 0 294 33043
x 0 33044
p 0 291 33044
x 0 33045
p 0 386 33045
x 0 33046
p 0 287 33046
x 0 33047
p 0 321 33047
x 0 33048
p 0 170 33048
x 0 33049
p 0 168 33049
x 0 33050
p 0 165 33050
x 0 33051
p 0 173 33051
x 0 33052
p 0 174 33052
x 0 33053
p 0 174 33053
x 0 33054
p 0 215 33054
x 0 33055
p 0 212 33055
x 0 33056
p 0 216 33056
x 0 33057
p 0 217 33057
x 0 33058
p 0 217 33058
x 0 33059
p 0 215 33059
x 0 33060
p 0 214 33060
x 0 33000
h 0 10.0.0.4
p 0 843 33000
x 1 33001
h 1 10.0.0.4
p 1 229 33001
x 0 33002
p 0 222 33002
x 0 33003
p 0 224 33003
x 0 33004
p 0 221 33004
x 0 33005
p 0 251 33005
x 0 33006
p 0 218 33006
x 0 33007
p 0 239 33007
x 0 33008
p 0 228 33008
x 0 33009
p 0 226 33009
x 0 33010
p 0 185 33010
x 0 33011
p 0 194 33011
x 0 33012
p 0 188 33012
x 0 33013
p 0 192 33013
x 0 33014
p 0 191 33014
x 0 33015
p 0 189 33015
x 0 33016
p 0 191 33016
x 0 33017
p 0 198 33017
x 0 33018
p 0 201 33018
x 0 33019
p 0 304 33019
x 0 33020
p 0 174 33020
x 0 33021
p 0 178 33021
x 0 33022
p 0 182 33022
x 0 33023
p 0 177 33023
x 0 33024
p 0 178 33024
x 0 33025
p 0 178 33025
x 0 33026
p 0 182 33026
x 0 33027
p 0 175 33027
x 0 33028
p 0 169 33028
x 0 33029
p 0 187 33029
x 0 33030
p 0 225 33030
x 0 33031
p 0 223 33031
x 0 33032
p 0 221 33032
x 0 33033
p 0 260 33033
x 0 33034
p 0 266 33034
x 0 33035
p 0 224 33035
x 0 33036
p 0 222 33036
x 0 33037
p 0 252 33037
x 0 33038
p 0 390 33038
x 0 33039
p 0 229 33039
x 0 33040
p 0 223 33040
x 0 33041
p 0 225 33041
x 0 33042
p 0 223 33042
x 0 33043
p 0 227 33043
x 0 33044
p 0 221 33044
x 0 33045
p 0 219 33045
x 0 33046
p 0 223 33046
x 0 33047
p 0 217 33047
x 0 33048
p 0 292 33048
x 0 33049
p 0 213 33049
x 0 33050
p 0 226 33050
x 0 33051
p 0 222 33051
x 0 33052
p 0 270 33052
x 0 33053
p 0 295 33053
x 0 33054
p 0 882 33054
x 0 33055
p 0 219 33055
x 0 33056
p 0 224 33056
x 0 33057
p 0 262 33057
x 0 33058
p 0 172 33058
x 0 33059
p 0 225 33059
x 0 33060
p 0 223 33060
x 0 33000
h 0 10.0.0.4
p 0 467 33000
x 1 33001
h 1 10.0.0.4
p 1 246 33001
x 0 33002
p 0 213 33002
x 0 33003
p 0 212 33003
x 0 33004
p 0 214 33004
x 0 33005
p 0 212 33005
x 0 33006
p 0 219 33006
x 0 33007
p 0 240 33007
x 0 33008
p 0 338 33008
x 0 33009
p 0 213 33009
x 0 33010
p 0 359 33010
x 0 33011
p 0 208 33011
x 0 33012
p 0 329 33012
x 0 33013
p 0 182 33013
x 0 33014
p 0 209 33014
x 0 33015
p 0 213 33015
x 0 33016
p 0 211 33016
x 0 33017
p 0 180 33017
x 0 33018
p 0 212 33018
x 0 33019
p 0 209 33019
x 0 33020
p 0 182 33020
x 0 33021
p 0 181 33021
x 0 33022
p 0 208 33022
x 0 33023
p 0 182 33023
x 0 33024
p 0 174 33024
x 0 33025
p 0 177 33025
x 0 33026
p 0 206 33026
x 0 33027
p 0 178 33027
x 0 33028
p 0 180 33028
x 0 33029
p 0 175 33029
x 0 33030
p 0 177 33030
x 0 33031
p 0 208 33031
x 0 33032
p 0 173 33032
x 0 33033
p 0 180 33033
x 0 33034
p 0 173 33034
x 0 33035
p 0 180 33035
x 0 33036
p 0 175 33036
x 0 33037
p 0 166 33037
x 0 33038
p 0 170 33038
x 0 33039
p 0 169 33039
x 0 33040
p 0 168 33040
x 0 33041
p 0 168 33041
x 0 33042
p 0 194 33042
x 0 33043
p 0 211 33043
x 0 33044
p 0 167 33044
x 0 33045
p 0 163 33045
x 0 33046
p 0 163 33046
x 0 33047
p 0 200 33047
x 0 33048
p 0 174 33048
x 0 33049
p 0 208 33049
x 0 33050
p 0 208 33050
x 0 33051
p 0 180 33051
x 0 33052
p 0 161 33052
x 0 33053
p 0 166 33053
x 0 33054
p 0 212 33054
x 0 33055
p 0 158 33055
x 0 33056
p 0 190 33056
x 0 33057
p 0 157 33057
x 0 33058
p 0 142 33058
x 0 33059
p 0 214 33059
x 0 33060
p 0 186 33060
x 0 33000
h 0 10.0.0.4
p 0 537 33000
x 1 33001
h 1 10.0.0.4
p 1 258 33001
x 0 33002
p 0 283 33002
x 0 33003
p 0 243 33003
x 0 33004
p 0 235 33004
x 0 33005
p 0 237 33005
x 0 33006
p 0 226 33006
x 0 33007
p 0 227 33007
x 0 33008
p 0 276 33008
x 0 33009
p 0 226 33009
x 0 33010
p 0 262 33010
x 0 33011
p 0 224 33011
x 0 33012
p 0 222 33012
x 0 33013
p 0 225 33013
x 0 33014
p 0 256 33014
x 0 33015
p 0 225 33015
x 0 33016
p 0 225 33016
x 0 33017
p 0 225 33017
x 0 33018
p 0 227 33018
x 0 33019
p 0 229 33019
x 0 33020
p 0 233 33020
x 0 33021
p 0 222 33021
x 0 33022
p 0 229 33022
x 0 33023
p 0 217 33023
x 0 33024
p 0 210 33024
x 0 33025
p 0 210 33025
x 0 33026
p 0 208 33026
x 0 33027
p 0 212 33027
x 0 33028
p 0 212 33028
x 0 33029
p 0 211 33029
x 0 33030
p 0 212 33030
x 0 33031
p 0 212 33031
x 0 33032
p 0 210 33032
x 0 33033
p 0 286 33033
x 0 33034
p 0 103 33034
x 0 33035
p 0 213 33035
x 0 33036
p 0 212 33036
x 0 33037
p 0 133 33037
x 0 33038
p 0 212 33038
x 0 33039
p 0 215 33039
x 0 33040
p 0 211 33040
x 0 33041
p 0 214 33041
x 0 33042
p 0 210 33042
x 0 33043
p 0 216 33043
x 0 33044
p 0 213 33044
x 0 33045
p 0 211 33045
x 0 33046
p 0 208 33046
x 0 33047
p 0 193 33047
x 0 33048
p 0 212 33048
x 0 33049
p 0 213 33049
x 0 33050
p 0 183 33050
x 0 33051
p 0 211 33051
x 0 33052
p 0 211 33052
x 0 33053
p 0 214 33053
x 0 33054
p 0 179 33054
x 0 33055
p 0 189 33055
x 0 33056
p 0 212 33056
x 0 33057
p 0 213 33057
x 0 33058
p 0 180 33058
x 0 33059
p 0 210 33059
x 0 33060
p 0 211 33060
x 0 33000
h 0 10.0.0.4
p 0 691 33000
x 1 33001
h 1 10.0.0.4
p 1 218 33001
x 0 33002
p 0 264 33002
x 0 33003
p 0 220 33003
x 0 33004
p 0 211 33004
x 0 33005
p 0 220 33005
x 0 33006
p 0 278 33006
x 0 33007
p 0 219 33007
x 0 33008
p 0 216 33008
x 0 33009
p 0 218 33009
x 0 33010
p 0 216 33010
x 0 33011
p 0 217 33011
x 0 33012
p 0 214 33012
x 0 33013
p 0 217 33013
x 0 33014
p 0 212 33014
x 0 33015
p 0 214 33015
x 0 33016
p 0 217 33016
x 0 33017
p 0 217 33017
x 0 33018
p 0 216 33018
x 0 33019
p 0 220 33019
x 0 33020
p 0 220 33020
x 0 33021
p 0 249 33021
x 0 33022
p 0 218 33022
x 0 33023
p 0 215 33023
x 0 33024
p 0 216 33024
x 0 33025
p 0 219 33025
x 0 33026
p 0 213 33026
x 0 33027
p 0 190 33027
x 0 33028
p 0 213 33028
x 0 33029
p 0 221 33029
x 0 33030
p 0 220 33030
x 0 33031
p 0 211 33031
x 0 33032
p 0 214 33032
x 0 33033
p 0 232 33033
x 0 33034
p 0 213 33034
x 0 33035
p 0 215 33035
x 0 33036
p 0 181 33036
x 0 33037
p 0 211 33037
x 0 33038
p 0 214 33038
x 0 33039
p 0 212 33039
x 0 33040
p 0 184 33040
x 0 33041
p 0 215 33041
x 0 33042
p 0 213 33042
x 0 33043
p 0 217 33043
x 0 33044
p 0 185 33044
x 0 33045
p 0 214 33045
x 0 33046
p 0 214 33046
x 0 33047
p 0 214 33047
x 0 33048
p 0 188 33048
x 0 33049
p 0 213 33049
x 0 33050
p 0 213 33050
x 0 33051
p 0 179 33051
x 0 33052
p 0 179 33052
x 0 33053
p 0 219 33053
x 0 33054
p 0 216 33054
x 0 33055
p 0 181 33055
x 0 33056
p 0 179 33056
x 0 33057
p 0 296 33057
x 0 33058
p 0 175 33058
x 0 33059
p 0 181 33059
x 0 33060
p 0 179 33060
