x 0 33000
h 0 10.0.0.11
p 0 22957 33000
x 1 33001
h 1 10.0.0.11
p 1 1169 33001
x 0 33002
p 0 265 33002
x 0 33003
p 0 206 33003
x 0 33004
p 0 246 33004
x 0 33005
p 0 240 33005
x 0 33006
p 0 156 33006
x 0 33007
p 0 233 33007
x 0 33008
p 0 270 33008
x 0 33009
p 0 240 33009
x 0 33010
p 0 199 33010
x 0 33011
p 0 230 33011
x 0 33012
p 0 199 33012
x 0 33013
p 0 199 33013
x 0 33014
p 0 198 33014
x 0 33015
p 0 202 33015
x 0 33016
p 0 231 33016
x 0 33017
p 0 199 33017
x 0 33018
p 0 200 33018
x 0 33019
p 0 206 33019
x 0 33020
p 0 331 33020
x 0 33021
p 0 229 33021
x 0 33022
p 0 288 33022
x 0 33023
p 0 205 33023
x 0 33024
p 0 206 33024
x 0 33025
p 0 206 33025
x 0 33026
p 0 207 33026
x 0 33027
p 0 272 33027
x 0 33028
p 0 208 33028
x 0 33029
p 0 230 33029
x 0 33030
p 0 184 33030
x 0 33031
p 0 204 33031
x 0 33032
p 0 205 33032
x 0 33033
p 0 204 33033
x 0 33034
p 0 235 33034
x 0 33035
p 0 203 33035
x 0 33036
p 0 199 33036
x 0 33037
p 0 167 33037
x 0 33038
p 0 201 33038
x 0 33039
p 0 203 33039
x 0 33040
p 0 203 33040
x 0 33041
p 0 227 33041
x 0 33042
p 0 198 33042
x 0 33043
p 0 199 33043
x 0 33044
p 0 178 33044
x 0 33045
p 0 209 33045
x 0 33046
p 0 205 33046
x 0 33047
p 0 241 33047
x 0 33048
p 0 203 33048
x 0 33049
p 0 208 33049
x 0 33050
p 0 208 33050
x 0 33051
p 0 159 33051
x 0 33052
p 0 151 33052
x 0 33053
p 0 211 33053
x 0 33054
p 0 150 33054
x 0 33055
p 0 222 33055
x 0 33056
p 0 263 33056
x 0 33057
p 0 323 33057
x 0 33058
p 0 238 33058
x 0 33059
p 0 246 33059
x 0 33060
p 0 225 33060
x 0 33000
h 0 10.0.0.11
p 0 9233 33000
x 1 33001
h 1 10.0.0.11
p 1 1279 33001
x 0 33002
p 0 205 33002
x 0 33003
p 0 199 33003
x 0 33004
p 0 199 33004
x 0 33005
p 0 209 33005
x 0 33006
p 0 182 33006
x 0 33007
p 0 214 33007
x 0 33008
p 0 177 33008
x 0 33009
p 0 208 33009
x 0 33010
p 0 206 33010
x 0 33011
p 0 212 33011
x 0 33012
p 0 205 33012
x 0 33013
p 0 208 33013
x 0 33014
p 0 208 33014
x 0 33015
p 0 212 33015
x 0 33016
p 0 205 33016
x 0 33017
p 0 207 33017
x 0 33018
p 0 208 33018
x 0 33019
p 0 215 33019
x 0 33020
p 0 208 33020
x 0 33021
p 0 206 33021
x 0 33022
p 0 205 33022
x 0 33023
p 0 205 33023
x 0 33024
p 0 167 33024
x 0 33025
p 0 207 33025
x 0 33026
p 0 178 33026
x 0 33027
p 0 205 33027
x 0 33028
p 0 206 33028
x 0 33029
p 0 208 33029
x 0 33030
p 0 202 33030
x 0 33031
p 0 214 33031
x 0 33032
p 0 205 33032
x 0 33033
p 0 180 33033
x 0 33034
p 0 205 33034
x 0 33035
p 0 209 33035
x 0 33036
p 0 205 33036
x 0 33037
p 0 176 33037
x 0 33038
p 0 206 33038
x 0 33039
p 0 204 33039
x 0 33040
p 0 227 33040
x 0 33041
p 0 176 33041
x 0 33042
p 0 173 33042
x 0 33043
p 0 203 33043
x 0 33044
p 0 202 33044
x 0 33045
p 0 179 33045
x 0 33046
p 0 209 33046
x 0 33047
p 0 209 33047
x 0 33048
p 0 209 33048
x 0 33049
p 0 208 33049
x 0 33050
p 0 208 33050
x 0 33051
p 0 211 33051
x 0 33052
p 0 206 33052
x 0 33053
p 0 174 33053
x 0 33054
p 0 210 33054
x 0 33055
p 0 207 33055
x 0 33056
p 0 213 33056
x 0 33057
p 0 187 33057
x 0 33058
p 0 210 33058
x 0 33059
p 0 210 33059
x 0 33060
p 0 273 33060
x 0 33000
h 0 10.0.0.11
p 0 8422 33000
x 1 33001
h 1 10.0.0.11
p 1 1310 33001
x 0 33002
p 0 200 33002
x 0 33003
p 0 201 33003
x 0 33004
p 0 200 33004
x 0 33005
p 0 201 33005
x 0 33006
p 0 199 33006
x 0 33007
p 0 196 33007
x 0 33008
p 0 199 33008
x 0 33009
p 0 148 33009
x 0 33010
p 0 140 33010
x 0 33011
p 0 143 33011
x 0 33012
p 0 141 33012
x 0 33013
p 0 147 33013
x 0 33014
p 0 141 33014
x 0 33015
p 0 144 33015
x 0 33016
p 0 161 33016
x 0 33017
p 0 207 33017
x 0 33018
p 0 205 33018
x 0 33019
p 0 206 33019
x 0 33020
p 0 205 33020
x 0 33021
p 0 201 33021
x 0 33022
p 0 202 33022
x 0 33023
p 0 205 33023
x 0 33024
p 0 200 33024
x 0 33025
p 0 200 33025
x 0 33026
p 0 202 33026
x 0 33027
p 0 228 33027
x 0 33028
p 0 203 33028
x 0 33029
p 0 199 33029
x 0 33030
p 0 202 33030
x 0 33031
p 0 203 33031
x 0 33032
p 0 202 33032
x 0 33033
p 0 207 33033
x 0 33034
p 0 233 33034
x 0 33035
p 0 203 33035
x 0 33036
p 0 205 33036
x 0 33037
p 0 201 33037
x 0 33038
p 0 201 33038
x 0 33039
p 0 206 33039
x 0 33040
p 0 237 33040
x 0 33041
p 0 236 33041
x 0 33042
p 0 200 33042
x 0 33043
p 0 203 33043
x 0 33044
p 0 204 33044
x 0 33045
p 0 287 33045
x 0 33046
p 0 134 33046
x 0 33047
p 0 203 33047
x 0 33048
p 0 209 33048
x 0 33049
p 0 206 33049
x 0 33050
p 0 203 33050
x 0 33051
p 0 220 33051
x 0 33052
p 0 203 33052
x 0 33053
p 0 208 33053
x 0 33054
p 0 206 33054
x 0 33055
p 0 206 33055
x 0 33056
p 0 207 33056
x 0 33057
p 0 205 33057
x 0 33058
p 0 229 33058
x 0 33059
p 0 237 33059
x 0 33060
p 0 212 33060
x 0 33000
h 0 10.0.0.11
p 0 6850 33000
x 1 33001
h 1 10.0.0.11
p 1 1111 33001
x 0 33002
p 0 206 33002
x 0 33003
p 0 202 33003
x 0 33004
p 0 204 33004
x 0 33005
p 0 195 33005
x 0 33006
p 0 194 33006
x 0 33007
p 0 193 33007
x 0 33008
p 0 195 33008
x 0 33009
p 0 197 33009
x 0 33010
p 0 195 33010
x 0 33011
p 0 203 33011
x 0 33012
p 0 204 33012
x 0 33013
p 0 213 33013
x 0 33014
p 0 200 33014
x 0 33015
p 0 203 33015
x 0 33016
p 0 204 33016
x 0 33017
p 0 203 33017
x 0 33018
p 0 203 33018
x 0 33019
p 0 203 33019
x 0 33020
p 0 244 33020
x 0 33021
p 0 204 33021
x 0 33022
p 0 236 33022
x 0 33023
p 0 200 33023
x 0 33024
p 0 207 33024
x 0 33025
p 0 155 33025
x 0 33026
p 0 202 33026
x 0 33027
p 0 203 33027
x 0 33028
p 0 202 33028
x 0 33029
p 0 201 33029
x 0 33030
p 0 203 33030
x 0 33031
p 0 202 33031
x 0 33032
p 0 206 33032
x 0 33033
p 0 91 33033
x 0 33034
p 0 207 33034
x 0 33035
p 0 209 33035
x 0 33036
p 0 299 33036
x 0 33037
p 0 147 33037
x 0 33038
p 0 204 33038
x 0 33039
p 0 210 33039
x 0 33040
p 0 554 33040
x 0 33041
p 0 145 33041
x 0 33042
p 0 159 33042
x 0 33043
p 0 162 33043
x 0 33044
p 0 141 33044
x 0 33045
p 0 199 33045
x 0 33046
p 0 197 33046
x 0 33047
p 0 199 33047
x 0 33048
p 0 203 33048
x 0 33049
p 0 206 33049
x 0 33050
p 0 204 33050
x 0 33051
p 0 202 33051
x 0 33052
p 0 204 33052
x 0 33053
p 0 205 33053
x 0 33054
p 0 235 33054
x 0 33055
p 0 207 33055
x 0 33056
p 0 207 33056
x 0 33057
p 0 206 33057
x 0 33058
p 0 204 33058
x 0 33059
p 0 204 33059
x 0 33060
p 0 201 33060
x 0 33000
h 0 10.0.0.11
p 0 7706 33000
x 1 33001
h 1 10.0.0.11
p 1 1215 33001
x 0 33002
p 0 197 33002
x 0 33003
p 0 197 33003
x 0 33004
p 0 195 33004
x 0 33005
p 0 198 33005
x 0 33006
p 0 194 33006
x 0 33007
p 0 191 33007
x 0 33008
p 0 67 33008
x 0 33009
p 0 435 33009
x 0 33010
p 0 192 33010
x 0 33011
p 0 226 33011
x 0 33012
p 0 194 33012
x 0 33013
p 0 193 33013
x 0 33014
p 0 193 33014
x 0 33015
p 0 192 33015
x 0 33016
p 0 195 33016
x 0 33017
p 0 192 33017
x 0 33018
p 0 196 33018
x 0 33019
p 0 193 33019
x 0 33020
p 0 194 33020
x 0 33021
p 0 194 33021
x 0 33022
p 0 192 33022
x 0 33023
p 0 193 33023
x 0 33024
p 0 196 33024
x 0 33025
p 0 190 33025
x 0 33026
p 0 193 33026
x 0 33027
p 0 192 33027
x 0 33028
p 0 214 33028
x 0 33029
p 0 226 33029
x 0 33030
p 0 192 33030
x 0 33031
p 0 233 33031
x 0 33032
p 0 232 33032
x 0 33033
p 0 222 33033
x 0 33034
p 0 235 33034
x 0 33035
p 0 233 33035
x 0 33036
p 0 222 33036
x 0 33037
p 0 211 33037
x 0 33038
p 0 221 33038
x 0 33039
p 0 249 33039
x 0 33040
p 0 248 33040
x 0 33041
p 0 221 33041
x 0 33042
p 0 193 33042
x 0 33043
p 0 195 33043
x 0 33044
p 0 192 33044
x 0 33045
p 0 193 33045
x 0 33046
p 0 192 33046
x 0 33047
p 0 193 33047
x 0 33048
p 0 195 33048
x 0 33049
p 0 219 33049
x 0 33050
p 0 191 33050
x 0 33051
p 0 193 33051
x 0 33052
p 0 192 33052
x 0 33053
p 0 196 33053
x 0 33054
p 0 192 33054
x 0 33055
p 0 219 33055
x 0 33056
p 0 208 33056
x 0 33057
p 0 204 33057
x 0 33058
p 0 220 33058
x 0 33059
p 0 214 33059
x 0 33060
p 0 251 33060
x 0 33000
h 0 10.0.0.11
p 0 7204 33000
x 1 33001
h 1 10.0.0.11
p 1 1261 33001
x 0 33002
p 0 197 33002
x 0 33003
p 0 199 33003
x 0 33004
p 0 195 33004
x 0 33005
p 0 190 33005
x 0 33006
p 0 164 33006
x 0 33007
p 0 194 33007
x 0 33008
p 0 193 33008
x 0 33009
p 0 189 33009
x 0 33010
p 0 162 33010
x 0 33011
p 0 197 33011
x 0 33012
p 0 197 33012
x 0 33013
p 0 194 33013
x 0 33014
p 0 167 33014
x 0 33015
p 0 195 33015
x 0 33016
p 0 196 33016
x 0 33017
p 0 191 33017
x 0 33018
p 0 165 33018
x 0 33019
p 0 197 33019
x 0 33020
p 0 195 33020
x 0 33021
p 0 190 33021
x 0 33022
p 0 162 33022
x 0 33023
p 0 196 33023
x 0 33024
p 0 196 33024
x 0 33025
p 0 165 33025
x 0 33026
p 0 166 33026
x 0 33027
p 0 196 33027
x 0 33028
p 0 161 33028
x 0 33029
p 0 191 33029
x 0 33030
p 0 166 33030
x 0 33031
p 0 196 33031
x 0 33032
p 0 197 33032
x 0 33033
p 0 191 33033
x 0 33034
p 0 163 33034
x 0 33035
p 0 194 33035
x 0 33036
p 0 195 33036
x 0 33037
p 0 189 33037
x 0 33038
p 0 169 33038
x 0 33039
p 0 196 33039
x 0 33040
p 0 195 33040
x 0 33041
p 0 166 33041
x 0 33042
p 0 164 33042
x 0 33043
p 0 197 33043
x 0 33044
p 0 195 33044
x 0 33045
p 0 164 33045
x 0 33046
p 0 164 33046
x 0 33047
p 0 196 33047
x 0 33048
p 0 197 33048
x 0 33049
p 0 194 33049
x 0 33050
p 0 166 33050
x 0 33051
p 0 199 33051
x 0 33052
p 0 197 33052
x 0 33053
p 0 196 33053
x 0 33054
p 0 162 33054
x 0 33055
p 0 169 33055
x 0 33056
p 0 197 33056
x 0 33057
p 0 168 33057
x 0 33058
p 0 180 33058
x 0 33059
p 0 205 33059
x 0 33060
p 0 216 33060
x 0 33000
h 0 10.0.0.11
p 0 7141 33000
x 1 33001
h 1 10.0.0.11
p 1 1193 33001
x 0 33002
p 0 194 33002
x 0 33003
p 0 199 33003
x 0 33004
p 0 198 33004
x 0 33005
p 0 199 33005
x 0 33006
p 0 253 33006
x 0 33007
p 0 195 33007
x 0 33008
p 0 190 33008
x 0 33009
p 0 193 33009
x 0 33010
p 0 195 33010
x 0 33011
p 0 197 33011
x 0 33012
p 0 196 33012
x 0 33013
p 0 197 33013
x 0 33014
p 0 198 33014
x 0 33015
p 0 198 33015
x 0 33016
p 0 198 33016
x 0 33017
p 0 198 33017
x 0 33018
p 0 199 33018
x 0 33019
p 0 201 33019
x 0 33020
p 0 200 33020
x 0 33021
p 0 198 33021
x 0 33022
p 0 172 33022
x 0 33023
p 0 197 33023
x 0 33024
p 0 197 33024
x 0 33025
p 0 160 33025
x 0 33026
p 0 193 33026
x 0 33027
p 0 196 33027
x 0 33028
p 0 194 33028
x 0 33029
p 0 197 33029
x 0 33030
p 0 198 33030
x 0 33031
p 0 195 33031
x 0 33032
p 0 195 33032
x 0 33033
p 0 196 33033
x 0 33034
p 0 197 33034
x 0 33035
p 0 195 33035
x 0 33036
p 0 197 33036
x 0 33037
p 0 196 33037
x 0 33038
p 0 193 33038
x 0 33039
p 0 195 33039
x 0 33040
p 0 195 33040
x 0 33041
p 0 283 33041
x 0 33042
p 0 193 33042
x 0 33043
p 0 194 33043
x 0 33044
p 0 195 33044
x 0 33045
p 0 196 33045
x 0 33046
p 0 193 33046
x 0 33047
p 0 207 33047
x 0 33048
p 0 266 33048
x 0 33049
p 0 257 33049
x 0 33050
p 0 196 33050
x 0 33051
p 0 191 33051
x 0 33052
p 0 193 33052
x 0 33053
p 0 193 33053
x 0 33054
p 0 250 33054
x 0 33055
p 0 226 33055
x 0 33056
p 0 250 33056
x 0 33057
p 0 321 33057
x 0 33058
p 0 188 33058
x 0 33059
p 0 174 33059
x 0 33060
p 0 215 33060
x 0 33000
h 0 10.0.0.11
p 0 16041 33000
x 1 33001
h 1 10.0.0.11
p 1 1330 33001
x 0 33002
p 0 247 33002
x 0 33003
p 0 157 33003
x 0 33004
p 0 175 33004
x 0 33005
p 0 232 33005
x 0 33006
p 0 198 33006
x 0 33007
p 0 196 33007
x 0 33008
p 0 199 33008
x 0 33009
p 0 210 33009
x 0 33010
p 0 196 33010
x 0 33011
p 0 167 33011
x 0 33012
p 0 204 33012
x 0 33013
p 0 199 33013
x 0 33014
p 0 199 33014
x 0 33015
p 0 167 33015
x 0 33016
p 0 199 33016
x 0 33017
p 0 198 33017
x 0 33018
p 0 196 33018
x 0 33019
p 0 165 33019
x 0 33020
p 0 216 33020
x 0 33021
p 0 163 33021
x 0 33022
p 0 192 33022
x 0 33023
p 0 166 33023
x 0 33024
p 0 165 33024
x 0 33025
p 0 161 33025
x 0 33026
p 0 190 33026
x 0 33027
p 0 161 33027
x 0 33028
p 0 159 33028
x 0 33029
p 0 159 33029
x 0 33030
p 0 226 33030
x 0 33031
p 0 157 33031
x 0 33032
p 0 148 33032
x 0 33033
p 0 145 33033
x 0 33034
p 0 145 33034
x 0 33035
p 0 143 33035
x 0 33036
p 0 144 33036
x 0 33037
p 0 149 33037
x 0 33038
p 0 146 33038
x 0 33039
p 0 144 33039
x 0 33040
p 0 142 33040
x 0 33041
p 0 144 33041
x 0 33042
p 0 148 33042
x 0 33043
p 0 140 33043
x 0 33044
p 0 147 33044
x 0 33045
p 0 165 33045
x 0 33046
p 0 143 33046
x 0 33047
p 0 155 33047
x 0 33048
p 0 146 33048
x 0 33049
p 0 166 33049
x 0 33050
p 0 165 33050
x 0 33051
p 0 169 33051
x 0 33052
p 0 148 33052
x 0 33053
p 0 148 33053
x 0 33054
p 0 145 33054
x 0 33055
p 0 200 33055
x 0 33056
p 0 227 33056
x 0 33057
p 0 204 33057
x 0 33058
p 0 242 33058
x 0 33059
p 0 277 33059
x 0 33060
p 0 249 33060
x 0 33000
h 0 10.0.0.11
p 0 7247 33000
x 1 33001
h 1 10.0.0.11
p 1 1219 33001
x 0 33002
p 0 232 33002
x 0 33003
p 0 194 33003
x 0 33004
p 0 197 33004
x 0 33005
p 0 199 33005
x 0 33006
p 0 198 33006
x 0 33007
p 0 198 33007
x 0 33008
p 0 229 33008
x 0 33009
p 0 196 33009
x 0 33010
p 0 199 33010
x 0 33011
p 0 197 33011
x 0 33012
p 0 199 33012
x 0 33013
p 0 198 33013
x 0 33014
p 0 198 33014
x 0 33015
p 0 198 33015
x 0 33016
p 0 200 33016
x 0 33017
p 0 199 33017
x 0 33018
p 0 197 33018
x 0 33019
p 0 196 33019
x 0 33020
p 0 197 33020
x 0 33021
p 0 195 33021
x 0 33022
p 0 197 33022
x 0 33023
p 0 194 33023
x 0 33024
p 0 199 33024
x 0 33025
p 0 225 33025
x 0 33026
p 0 197 33026
x 0 33027
p 0 196 33027
x 0 33028
p 0 235 33028
x 0 33029
p 0 195 33029
x 0 33030
p 0 198 33030
x 0 33031
p 0 196 33031
x 0 33032
p 0 198 33032
x 0 33033
p 0 240 33033
x 0 33034
p 0 196 33034
x 0 33035
p 0 196 33035
x 0 33036
p 0 196 33036
x 0 33037
p 0 197 33037
x 0 33038
p 0 197 33038
x 0 33039
p 0 196 33039
x 0 33040
p 0 234 33040
x 0 33041
p 0 195 33041
x 0 33042
p 0 197 33042
x 0 33043
p 0 230 33043
x 0 33044
p 0 195 33044
x 0 33045
p 0 194 33045
x 0 33046
p 0 201 33046
x 0 33047
p 0 197 33047
x 0 33048
p 0 198 33048
x 0 33049
p 0 197 33049
x 0 33050
p 0 202 33050
x 0 33051
p 0 198 33051
x 0 33052
p 0 195 33052
x 0 33053
p 0 198 33053
x 0 33054
p 0 196 33054
x 0 33055
p 0 197 33055
x 0 33056
p 0 199 33056
x 0 33057
p 0 198 33057
x 0 33058
p 0 203 33058
x 0 33059
p 0 201 33059
x 0 33060
p 0 206 33060
x 0 33000
h 0 10.0.0.11
p 0 7323 33000
x 1 33001
h 1 10.0.0.11
p 1 1281 33001
x 0 33002
p 0 195 33002
x 0 33003
p 0 199 33003
x 0 33004
p 0 200 33004
x 0 33005
p 0 195 33005
x 0 33006
p 0 165 33006
x 0 33007
p 0 162 33007
x 0 33008
p 0 192 33008
x 0 33009
p 0 162 33009
x 0 33010
p 0 162 33010
x 0 33011
p 0 157 33011
x 0 33012
p 0 156 33012
x 0 33013
p 0 164 33013
x 0 33014
p 0 157 33014
x 0 33015
p 0 157 33015
x 0 33016
p 0 158 33016
x 0 33017
p 0 154 33017
x 0 33018
p 0 148 33018
x 0 33019
p 0 203 33019
x 0 33020
p 0 142 33020
x 0 33021
p 0 198 33021
x 0 33022
p 0 136 33022
x 0 33023
p 0 225 33023
x 0 33024
p 0 214 33024
x 0 33025
p 0 202 33025
x 0 33026
p 0 196 33026
x 0 33027
p 0 199 33027
x 0 33028
p 0 199 33028
x 0 33029
p 0 198 33029
x 0 33030
p 0 204 33030
x 0 33031
p 0 199 33031
x 0 33032
p 0 250 33032
x 0 33033
p 0 197 33033
x 0 33034
p 0 204 33034
x 0 33035
p 0 204 33035
x 0 33036
p 0 199 33036
x 0 33037
p 0 203 33037
x 0 33038
p 0 197 33038
x 0 33039
p 0 257 33039
x 0 33040
p 0 201 33040
x 0 33041
p 0 203 33041
x 0 33042
p 0 199 33042
x 0 33043
p 0 201 33043
x 0 33044
p 0 205 33044
x 0 33045
p 0 204 33045
x 0 33046
p 0 200 33046
x 0 33047
p 0 198 33047
x 0 33048
p 0 199 33048
x 0 33049
p 0 199 33049
x 0 33050
p 0 207 33050
x 0 33051
p 0 85 33051
x 0 33052
p 0 204 33052
x 0 33053
p 0 197 33053
x 0 33054
p 0 242 33054
x 0 33055
p 0 201 33055
x 0 33056
p 0 197 33056
x 0 33057
p 0 201 33057
x 0 33058
p 0 210 33058
x 0 33059
p 0 206 33059
x 0 33060
p 0 210 33060
x 0 33000
h 0 10.0.0.11
p 0 6473 33000
x 1 33001
h 1 10.0.0.11
p 1 1563 33001
x 0 33002
p 0 193 33002
x 0 33003
p 0 173 33003
x 0 33004
p 0 197 33004
x 0 33005
p 0 198 33005
x 0 33006
p 0 229 33006
x 0 33007
p 0 199 33007
x 0 33008
p 0 196 33008
x 0 33009
p 0 194 33009
x 0 33010
p 0 195 33010
x 0 33011
p 0 195 33011
x 0 33012
p 0 184 33012
x 0 33013
p 0 194 33013
x 0 33014
p 0 195 33014
x 0 33015
p 0 195 33015
x 0 33016
p 0 195 33016
x 0 33017
p 0 196 33017
x 0 33018
p 0 196 33018
x 0 33019
p 0 197 33019
x 0 33020
p 0 234 33020
x 0 33021
p 0 198 33021
x 0 33022
p 0 197 33022
x 0 33023
p 0 194 33023
x 0 33024
p 0 195 33024
x 0 33025
p 0 195 33025
x 0 33026
p 0 196 33026
x 0 33027
p 0 198 33027
x 0 33028
p 0 227 33028
x 0 33029
p 0 197 33029
x 0 33030
p 0 199 33030
x 0 33031
p 0 258 33031
x 0 33032
p 0 197 33032
x 0 33033
p 0 192 33033
x 0 33034
p 0 196 33034
x 0 33035
p 0 196 33035
x 0 33036
p 0 177 33036
x 0 33037
p 0 196 33037
x 0 33038
p 0 249 33038
x 0 33039
p 0 196 33039
x 0 33040
p 0 194 33040
x 0 33041
p 0 194 33041
x 0 33042
p 0 197 33042
x 0 33043
p 0 196 33043
x 0 33044
p 0 197 33044
x 0 33045
p 0 230 33045
x 0 33046
p 0 206 33046
x 0 33047
p 0 194 33047
x 0 33048
p 0 194 33048
x 0 33049
p 0 195 33049
x 0 33050
p 0 196 33050
x 0 33051
p 0 206 33051
x 0 33052
p 0 260 33052
x 0 33053
p 0 216 33053
x 0 33054
p 0 198 33054
x 0 33055
p 0 196 33055
x 0 33056
p 0 197 33056
x 0 33057
p 0 206 33057
x 0 33058
p 0 201 33058
x 0 33059
p 0 267 33059
x 0 33060
p 0 211 33060
x 0 33000
h 0 10.0.0.11
p 0 7124 33000
x 1 33001
h 1 10.0.0.11
p 1 1159 33001
x 0 33002
p 0 201 33002
x 0 33003
p 0 205 33003
x 0 33004
p 0 164 33004
x 0 33005
p 0 233 33005
x 0 33006
p 0 198 33006
x 0 33007
p 0 198 33007
x 0 33008
p 0 197 33008
x 0 33009
p 0 233 33009
x 0 33010
p 0 198 33010
x 0 33011
p 0 199 33011
x 0 33012
p 0 197 33012
x 0 33013
p 0 197 33013
x 0 33014
p 0 200 33014
x 0 33015
p 0 232 33015
x 0 33016
p 0 200 33016
x 0 33017
p 0 197 33017
x 0 33018
p 0 196 33018
x 0 33019
p 0 231 33019
x 0 33020
p 0 224 33020
x 0 33021
p 0 192 33021
x 0 33022
p 0 194 33022
x 0 33023
p 0 191 33023
x 0 33024
p 0 197 33024
x 0 33025
p 0 198 33025
x 0 33026
p 0 189 33026
x 0 33027
p 0 226 33027
x 0 33028
p 0 194 33028
x 0 33029
p 0 191 33029
x 0 33030
p 0 191 33030
x 0 33031
p 0 190 33031
x 0 33032
p 0 193 33032
x 0 33033
p 0 193 33033
x 0 33034
p 0 196 33034
x 0 33035
p 0 195 33035
x 0 33036
p 0 194 33036
x 0 33037
p 0 194 33037
x 0 33038
p 0 192 33038
x 0 33039
p 0 195 33039
x 0 33040
p 0 195 33040
x 0 33041
p 0 194 33041
x 0 33042
p 0 199 33042
x 0 33043
p 0 194 33043
x 0 33044
p 0 193 33044
x 0 33045
p 0 197 33045
x 0 33046
p 0 195 33046
x 0 33047
p 0 196 33047
x 0 33048
p 0 196 33048
x 0 33049
p 0 197 33049
x 0 33050
p 0 194 33050
x 0 33051
p 0 193 33051
x 0 33052
p 0 189 33052
x 0 33053
p 0 77 33053
x 0 33054
p 0 193 33054
x 0 33055
p 0 195 33055
x 0 33056
p 0 200 33056
x 0 33057
p 0 198 33057
x 0 33058
p 0 201 33058
x 0 33059
p 0 199 33059
x 0 33060
p 0 202 33060
x 0 33000
h 0 10.0.0.11
p 0 6171 33000
x 1 33001
h 1 10.0.0.11
p 1 1319 33001
x 0 33002
p 0 227 33002
x 0 33003
p 0 199 33003
x 0 33004
p 0 240 33004
x 0 33005
p 0 241 33005
x 0 33006
p 0 236 33006
x 0 33007
p 0 225 33007
x 0 33008
p 0 218 33008
x 0 33009
p 0 233 33009
x 0 33010
p 0 198 33010
x 0 33011
p 0 227 33011
x 0 33012
p 0 200 33012
x 0 33013
p 0 198 33013
x 0 33014
p 0 200 33014
x 0 33015
p 0 197 33015
x 0 33016
p 0 227 33016
x 0 33017
p 0 162 33017
x 0 33018
p 0 200 33018
x 0 33019
p 0 197 33019
x 0 33020
p 0 474 33020
x 0 33021
p 0 164 33021
x 0 33022
p 0 197 33022
x 0 33023
p 0 159 33023
x 0 33024
p 0 159 33024
x 0 33025
p 0 162 33025
x 0 33026
p 0 198 33026
x 0 33027
p 0 194 33027
x 0 33028
p 0 159 33028
x 0 33029
p 0 161 33029
x 0 33030
p 0 195 33030
x 0 33031
p 0 164 33031
x 0 33032
p 0 158 33032
x 0 33033
p 0 161 33033
x 0 33034
p 0 162 33034
x 0 33035
p 0 160 33035
x 0 33036
p 0 159 33036
x 0 33037
p 0 158 33037
x 0 33038
p 0 155 33038
x 0 33039
p 0 159 33039
x 0 33040
p 0 141 33040
x 0 33041
p 0 143 33041
x 0 33042
p 0 145 33042
x 0 33043
p 0 142 33043
x 0 33044
p 0 144 33044
x 0 33045
p 0 149 33045
x 0 33046
p 0 197 33046
x 0 33047
p 0 142 33047
x 0 33048
p 0 195 33048
x 0 33049
p 0 146 33049
x 0 33050
p 0 196 33050
x 0 33051
p 0 194 33051
x 0 33052
p 0 222 33052
x 0 33053
p 0 203 33053
x 0 33054
p 0 218 33054
x 0 33055
p 0 275 33055
x 0 33056
p 0 219 33056
x 0 33057
p 0 218 33057
x 0 33058
p 0 317 33058
x 0 33059
p 0 214 33059
x 0 33060
p 0 270 33060
x 0 33000
h 0 10.0.0.11
p 0 5744 33000
x 1 33001
h 1 10.0.0.11
p 1 1215 33001
x 0 33002
p 0 197 33002
x 0 33003
p 0 156 33003
x 0 33004
p 0 203 33004
x 0 33005
p 0 236 33005
x 0 33006
p 0 201 33006
x 0 33007
p 0 205 33007
x 0 33008
p 0 202 33008
x 0 33009
p 0 202 33009
x 0 33010
p 0 201 33010
x 0 33011
p 0 203 33011
x 0 33012
p 0 204 33012
x 0 33013
p 0 203 33013
x 0 33014
p 0 201 33014
x 0 33015
p 0 202 33015
x 0 33016
p 0 199 33016
x 0 33017
p 0 201 33017
x 0 33018
p 0 205 33018
x 0 33019
p 0 168 33019
x 0 33020
p 0 199 33020
x 0 33021
p 0 199 33021
x 0 33022
p 0 201 33022
x 0 33023
p 0 202 33023
x 0 33024
p 0 199 33024
x 0 33025
p 0 199 33025
x 0 33026
p 0 203 33026
x 0 33027
p 0 203 33027
x 0 33028
p 0 199 33028
x 0 33029
p 0 197 33029
x 0 33030
p 0 257 33030
x 0 33031
p 0 205 33031
x 0 33032
p 0 199 33032
x 0 33033
p 0 202 33033
x 0 33034
p 0 199 33034
x 0 33035
p 0 200 33035
x 0 33036
p 0 200 33036
x 0 33037
p 0 198 33037
x 0 33038
p 0 199 33038
x 0 33039
p 0 201 33039
x 0 33040
p 0 198 33040
x 0 33041
p 0 200 33041
x 0 33042
p 0 199 33042
x 0 33043
p 0 216 33043
x 0 33044
p 0 201 33044
x 0 33045
p 0 197 33045
x 0 33046
p 0 144 33046
x 0 33047
p 0 173 33047
x 0 33048
p 0 140 33048
x 0 33049
p 0 142 33049
x 0 33050
p 0 199 33050
x 0 33051
p 0 200 33051
x 0 33052
p 0 146 33052
x 0 33053
p 0 203 33053
x 0 33054
p 0 173 33054
x 0 33055
p 0 141 33055
x 0 33056
p 0 202 33056
x 0 33057
p 0 207 33057
x 0 33058
p 0 144 33058
x 0 33059
p 0 143 33059
x 0 33060
p 0 209 33060
x 0 33000
h 0 10.0.0.11
p 0 6220 33000
x 1 33001
h 1 10.0.0.11
p 1 1169 33001
x 0 33002
p 0 101 33002
x 0 33003
p 0 205 33003
x 0 33004
p 0 204 33004
x 0 33005
p 0 199 33005
x 0 33006
p 0 196 33006
x 0 33007
p 0 159 33007
x 0 33008
p 0 192 33008
x 0 33009
p 0 127 33009
x 0 33010
p 0 191 33010
x 0 33011
p 0 191 33011
x 0 33012
p 0 191 33012
x 0 33013
p 0 191 33013
x 0 33014
p 0 193 33014
x 0 33015
p 0 158 33015
x 0 33016
p 0 193 33016
x 0 33017
p 0 193 33017
x 0 33018
p 0 163 33018
x 0 33019
p 0 157 33019
x 0 33020
p 0 190 33020
x 0 33021
p 0 193 33021
x 0 33022
p 0 192 33022
x 0 33023
p 0 190 33023
x 0 33024
p 0 120 33024
x 0 33025
p 0 134 33025
x 0 33026
p 0 160 33026
x 0 33027
p 0 189 33027
x 0 33028
p 0 191 33028
x 0 33029
p 0 191 33029
x 0 33030
p 0 162 33030
x 0 33031
p 0 189 33031
x 0 33032
p 0 190 33032
x 0 33033
p 0 190 33033
x 0 33034
p 0 191 33034
x 0 33035
p 0 192 33035
x 0 33036
p 0 191 33036
x 0 33037
p 0 160 33037
x 0 33038
p 0 191 33038
x 0 33039
p 0 68 33039
x 0 33040
p 0 159 33040
x 0 33041
p 0 212 33041
x 0 33042
p 0 172 33042
x 0 33043
p 0 167 33043
x 0 33044
p 0 207 33044
x 0 33045
p 0 165 33045
x 0 33046
p 0 262 33046
x 0 33047
p 0 198 33047
x 0 33048
p 0 198 33048
x 0 33049
p 0 199 33049
x 0 33050
p 0 193 33050
x 0 33051
p 0 194 33051
x 0 33052
p 0 210 33052
x 0 33053
p 0 198 33053
x 0 33054
p 0 196 33054
x 0 33055
p 0 197 33055
x 0 33056
p 0 198 33056
x 0 33057
p 0 195 33057
x 0 33058
p 0 198 33058
x 0 33059
p 0 200 33059
x 0 33060
p 0 202 33060
x 0 33000
h 0 10.0.0.11
p 0 6646 33000
x 1 33001
h 1 10.0.0.11
p 1 697 33001
x 0 33002
p 0 242 33002
x 0 33003
p 0 196 33003
x 0 33004
p 0 198 33004
x 0 33005
p 0 200 33005
x 0 33006
p 0 189 33006
x 0 33007
p 0 197 33007
x 0 33008
p 0 197 33008
x 0 33009
p 0 197 33009
x 0 33010
p 0 239 33010
x 0 33011
p 0 167 33011
x 0 33012
p 0 198 33012
x 0 33013
p 0 196 33013
x 0 33014
p 0 169 33014
x 0 33015
p 0 198 33015
x 0 33016
p 0 197 33016
x 0 33017
p 0 169 33017
x 0 33018
p 0 197 33018
x 0 33019
p 0 207 33019
x 0 33020
p 0 197 33020
x 0 33021
p 0 197 33021
x 0 33022
p 0 195 33022
x 0 33023
p 0 195 33023
x 0 33024
p 0 198 33024
x 0 33025
p 0 193 33025
x 0 33026
p 0 195 33026
x 0 33027
p 0 193 33027
x 0 33028
p 0 191 33028
x 0 33029
p 0 191 33029
x 0 33030
p 0 193 33030
x 0 33031
p 0 194 33031
x 0 33032
p 0 193 33032
x 0 33033
p 0 163 33033
x 0 33034
p 0 104 33034
x 0 33035
p 0 194 33035
x 0 33036
p 0 194 33036
x 0 33037
p 0 194 33037
x 0 33038
p 0 156 33038
x 0 33039
p 0 168 33039
x 0 33040
p 0 159 33040
x 0 33041
p 0 196 33041
x 0 33042
p 0 255 33042
x 0 33043
p 0 259 33043
x 0 33044
p 0 263 33044
x 0 33045
p 0 257 33045
x 0 33046
p 0 195 33046
x 0 33047
p 0 194 33047
x 0 33048
p 0 195 33048
x 0 33049
p 0 196 33049
x 0 33050
p 0 194 33050
x 0 33051
p 0 198 33051
x 0 33052
p 0 250 33052
x 0 33053
p 0 247 33053
x 0 33054
p 0 199 33054
x 0 33055
p 0 256 33055
x 0 33056
p 0 207 33056
x 0 33057
p 0 196 33057
x 0 33058
p 0 219 33058
x 0 33059
p 0 284 33059
x 0 33060
p 0 218 33060
x 0 33000
h 0 10.0.0.11
p 0 6968 33000
x 1 33001
h 1 10.0.0.11
p 1 1221 33001
x 0 33002
p 0 201 33002
x 0 33003
p 0 238 33003
x 0 33004
p 0 200 33004
x 0 33005
p 0 226 33005
x 0 33006
p 0 245 33006
x 0 33007
p 0 230 33007
x 0 33008
p 0 201 33008
x 0 33009
p 0 201 33009
x 0 33010
p 0 245 33010
x 0 33011
p 0 203 33011
x 0 33012
p 0 200 33012
x 0 33013
p 0 233 33013
x 0 33014
p 0 60 33014
x 0 33015
p 0 217 33015
x 0 33016
p 0 207 33016
x 0 33017
p 0 207 33017
x 0 33018
p 0 151 33018
x 0 33019
p 0 205 33019
x 0 33020
p 0 151 33020
x 0 33021
p 0 148 33021
x 0 33022
p 0 148 33022
x 0 33023
p 0 202 33023
x 0 33024
p 0 144 33024
x 0 33025
p 0 147 33025
x 0 33026
p 0 146 33026
x 0 33027
p 0 146 33027
x 0 33028
p 0 149 33028
x 0 33029
p 0 168 33029
x 0 33030
p 0 201 33030
x 0 33031
p 0 202 33031
x 0 33032
p 0 200 33032
x 0 33033
p 0 203 33033
x 0 33034
p 0 199 33034
x 0 33035
p 0 237 33035
x 0 33036
p 0 200 33036
x 0 33037
p 0 199 33037
x 0 33038
p 0 202 33038
x 0 33039
p 0 198 33039
x 0 33040
p 0 202 33040
x 0 33041
p 0 202 33041
x 0 33042
p 0 228 33042
x 0 33043
p 0 200 33043
x 0 33044
p 0 211 33044
x 0 33045
p 0 201 33045
x 0 33046
p 0 165 33046
x 0 33047
p 0 199 33047
x 0 33048
p 0 147 33048
x 0 33049
p 0 223 33049
x 0 33050
p 0 147 33050
x 0 33051
p 0 210 33051
x 0 33052
p 0 144 33052
x 0 33053
p 0 145 33053
x 0 33054
p 0 145 33054
x 0 33055
p 0 145 33055
x 0 33056
p 0 144 33056
x 0 33057
p 0 144 33057
x 0 33058
p 0 147 33058
x 0 33059
p 0 200 33059
x 0 33060
p 0 201 33060
x 0 33000
h 0 10.0.0.11
p 0 6446 33000
x 1 33001
h 1 10.0.0.11
p 1 1292 33001
x 0 33002
p 0 197 33002
x 0 33003
p 0 193 33003
x 0 33004
p 0 157 33004
x 0 33005
p 0 200 33005
x 0 33006
p 0 224 33006
x 0 33007
p 0 195 33007
x 0 33008
p 0 197 33008
x 0 33009
p 0 196 33009
x 0 33010
p 0 200 33010
x 0 33011
p 0 215 33011
x 0 33012
p 0 196 33012
x 0 33013
p 0 198 33013
x 0 33014
p 0 195 33014
x 0 33015
p 0 224 33015
x 0 33016
p 0 200 33016
x 0 33017
p 0 200 33017
x 0 33018
p 0 199 33018
x 0 33019
p 0 200 33019
x 0 33020
p 0 198 33020
x 0 33021
p 0 198 33021
x 0 33022
p 0 197 33022
x 0 33023
p 0 225 33023
x 0 33024
p 0 198 33024
x 0 33025
p 0 201 33025
x 0 33026
p 0 198 33026
x 0 33027
p 0 195 33027
x 0 33028
p 0 220 33028
x 0 33029
p 0 196 33029
x 0 33030
p 0 199 33030
x 0 33031
p 0 198 33031
x 0 33032
p 0 224 33032
x 0 33033
p 0 195 33033
x 0 33034
p 0 196 33034
x 0 33035
p 0 198 33035
x 0 33036
p 0 222 33036
x 0 33037
p 0 195 33037
x 0 33038
p 0 200 33038
x 0 33039
p 0 197 33039
x 0 33040
p 0 227 33040
x 0 33041
p 0 196 33041
x 0 33042
p 0 198 33042
x 0 33043
p 0 198 33043
x 0 33044
p 0 195 33044
x 0 33045
p 0 221 33045
x 0 33046
p 0 201 33046
x 0 33047
p 0 197 33047
x 0 33048
p 0 199 33048
x 0 33049
p 0 200 33049
x 0 33050
p 0 204 33050
x 0 33051
p 0 199 33051
x 0 33052
p 0 197 33052
x 0 33053
p 0 227 33053
x 0 33054
p 0 198 33054
x 0 33055
p 0 200 33055
x 0 33056
p 0 196 33056
x 0 33057
p 0 223 33057
x 0 33058
p 0 202 33058
x 0 33059
p 0 199 33059
x 0 33060
p 0 224 33060
x 0 33000
h 0 10.0.0.11
p 0 6382 33000
x 1 33001
h 1 10.0.0.11
p 1 1249 33001
x 0 33002
p 0 195 33002
x 0 33003
p 0 200 33003
x 0 33004
p 0 196 33004
x 0 33005
p 0 169 33005
x 0 33006
p 0 196 33006
x 0 33007
p 0 191 33007
x 0 33008
p 0 150 33008
x 0 33009
p 0 149 33009
x 0 33010
p 0 141 33010
x 0 33011
p 0 145 33011
x 0 33012
p 0 143 33012
x 0 33013
p 0 190 33013
x 0 33014
p 0 173 33014
x 0 33015
p 0 143 33015
x 0 33016
p 0 143 33016
x 0 33017
p 0 143 33017
x 0 33018
p 0 206 33018
x 0 33019
p 0 143 33019
x 0 33020
p 0 238 33020
x 0 33021
p 0 154 33021
x 0 33022
p 0 205 33022
x 0 33023
p 0 147 33023
x 0 33024
p 0 147 33024
x 0 33025
p 0 202 33025
x 0 33026
p 0 149 33026
x 0 33027
p 0 204 33027
x 0 33028
p 0 147 33028
x 0 33029
p 0 148 33029
x 0 33030
p 0 203 33030
x 0 33031
p 0 204 33031
x 0 33032
p 0 145 33032
x 0 33033
p 0 150 33033
x 0 33034
p 0 204 33034
x 0 33035
p 0 149 33035
x 0 33036
p 0 147 33036
x 0 33037
p 0 205 33037
x 0 33038
p 0 150 33038
x 0 33039
p 0 147 33039
x 0 33040
p 0 202 33040
x 0 33041
p 0 146 33041
x 0 33042
p 0 202 33042
x 0 33043
p 0 144 33043
x 0 33044
p 0 204 33044
x 0 33045
p 0 147 33045
x 0 33046
p 0 200 33046
x 0 33047
p 0 145 33047
x 0 33048
p 0 188 33048
x 0 33049
p 0 189 33049
x 0 33050
p 0 154 33050
x 0 33051
p 0 207 33051
x 0 33052
p 0 152 33052
x 0 33053
p 0 151 33053
x 0 33054
p 0 213 33054
x 0 33055
p 0 160 33055
x 0 33056
p 0 218 33056
x 0 33057
p 0 152 33057
x 0 33058
p 0 217 33058
x 0 33059
p 0 153 33059
x 0 33060
p 0 250 33060
x 0 33000
h 0 10.0.0.11
p 0 6916 33000
x 1 33001
h 1 10.0.0.11
p 1 1179 33001
x 0 33002
p 0 225 33002
x 0 33003
p 0 161 33003
x 0 33004
p 0 154 33004
x 0 33005
p 0 184 33005
x 0 33006
p 0 174 33006
x 0 33007
p 0 190 33007
x 0 33008
p 0 197 33008
x 0 33009
p 0 161 33009
x 0 33010
p 0 192 33010
x 0 33011
p 0 190 33011
x 0 33012
p 0 193 33012
x 0 33013
p 0 161 33013
x 0 33014
p 0 194 33014
x 0 33015
p 0 157 33015
x 0 33016
p 0 167 33016
x 0 33017
p 0 162 33017
x 0 33018
p 0 193 33018
x 0 33019
p 0 163 33019
x 0 33020
p 0 167 33020
x 0 33021
p 0 161 33021
x 0 33022
p 0 190 33022
x 0 33023
p 0 191 33023
x 0 33024
p 0 196 33024
x 0 33025
p 0 164 33025
x 0 33026
p 0 190 33026
x 0 33027
p 0 190 33027
x 0 33028
p 0 197 33028
x 0 33029
p 0 131 33029
x 0 33030
p 0 190 33030
x 0 33031
p 0 191 33031
x 0 33032
p 0 184 33032
x 0 33033
p 0 229 33033
x 0 33034
p 0 194 33034
x 0 33035
p 0 160 33035
x 0 33036
p 0 167 33036
x 0 33037
p 0 165 33037
x 0 33038
p 0 212 33038
x 0 33039
p 0 202 33039
x 0 33040
p 0 202 33040
x 0 33041
p 0 213 33041
x 0 33042
p 0 267 33042
x 0 33043
p 0 120 33043
x 0 33044
p 0 199 33044
x 0 33045
p 0 200 33045
x 0 33046
p 0 200 33046
x 0 33047
p 0 198 33047
x 0 33048
p 0 204 33048
x 0 33049
p 0 205 33049
x 0 33050
p 0 292 33050
x 0 33051
p 0 204 33051
x 0 33052
p 0 202 33052
x 0 33053
p 0 257 33053
x 0 33054
p 0 259 33054
x 0 33055
p 0 295 33055
x 0 33056
p 0 239 33056
x 0 33057
p 0 259 33057
x 0 33058
p 0 239 33058
x 0 33059
p 0 296 33059
x 0 33060
p 0 234 33060
x 0 33000
h 0 10.0.0.11
p 0 7178 33000
x 1 33001
h 1 10.0.0.11
p 1 1193 33001
x 0 33002
p 0 221 33002
x 0 33003
p 0 195 33003
x 0 33004
p 0 229 33004
x 0 33005
p 0 232 33005
x 0 33006
p 0 195 33006
x 0 33007
p 0 195 33007
x 0 33008
p 0 238 33008
x 0 33009
p 0 244 33009
x 0 33010
p 0 197 33010
x 0 33011
p 0 195 33011
x 0 33012
p 0 194 33012
x 0 33013
p 0 246 33013
x 0 33014
p 0 192 33014
x 0 33015
p 0 195 33015
x 0 33016
p 0 192 33016
x 0 33017
p 0 212 33017
x 0 33018
p 0 196 33018
x 0 33019
p 0 196 33019
x 0 33020
p 0 223 33020
x 0 33021
p 0 230 33021
x 0 33022
p 0 192 33022
x 0 33023
p 0 191 33023
x 0 33024
p 0 192 33024
x 0 33025
p 0 220 33025
x 0 33026
p 0 191 33026
x 0 33027
p 0 192 33027
x 0 33028
p 0 193 33028
x 0 33029
p 0 225 33029
x 0 33030
p 0 191 33030
x 0 33031
p 0 194 33031
x 0 33032
p 0 192 33032
x 0 33033
p 0 230 33033
x 0 33034
p 0 191 33034
x 0 33035
p 0 194 33035
x 0 33036
p 0 193 33036
x 0 33037
p 0 225 33037
x 0 33038
p 0 193 33038
x 0 33039
p 0 193 33039
x 0 33040
p 0 200 33040
x 0 33041
p 0 217 33041
x 0 33042
p 0 193 33042
x 0 33043
p 0 195 33043
x 0 33044
p 0 309 33044
x 0 33045
p 0 188 33045
x 0 33046
p 0 202 33046
x 0 33047
p 0 200 33047
x 0 33048
p 0 179 33048
x 0 33049
p 0 199 33049
x 0 33050
p 0 204 33050
x 0 33051
p 0 204 33051
x 0 33052
p 0 201 33052
x 0 33053
p 0 203 33053
x 0 33054
p 0 199 33054
x 0 33055
p 0 203 33055
x 0 33056
p 0 206 33056
x 0 33057
p 0 198 33057
x 0 33058
p 0 210 33058
x 0 33059
p 0 205 33059
x 0 33060
p 0 209 33060
x 0 33000
h 0 10.0.0.11
p 0 5779 33000
x 1 33001
h 1 10.0.0.11
p 1 1139 33001
x 0 33002
p 0 271 33002
x 0 33003
p 0 204 33003
x 0 33004
p 0 204 33004
x 0 33005
p 0 201 33005
x 0 33006
p 0 293 33006
x 0 33007
p 0 211 33007
x 0 33008
p 0 204 33008
x 0 33009
p 0 204 33009
x 0 33010
p 0 203 33010
x 0 33011
p 0 196 33011
x 0 33012
p 0 267 33012
x 0 33013
p 0 229 33013
x 0 33014
p 0 206 33014
x 0 33015
p 0 202 33015
x 0 33016
p 0 197 33016
x 0 33017
p 0 198 33017
x 0 33018
p 0 196 33018
x 0 33019
p 0 238 33019
x 0 33020
p 0 195 33020
x 0 33021
p 0 196 33021
x 0 33022
p 0 196 33022
x 0 33023
p 0 195 33023
x 0 33024
p 0 197 33024
x 0 33025
p 0 195 33025
x 0 33026
p 0 270 33026
x 0 33027
p 0 204 33027
x 0 33028
p 0 199 33028
x 0 33029
p 0 201 33029
x 0 33030
p 0 199 33030
x 0 33031
p 0 199 33031
x 0 33032
p 0 199 33032
x 0 33033
p 0 238 33033
x 0 33034
p 0 201 33034
x 0 33035
p 0 200 33035
x 0 33036
p 0 195 33036
x 0 33037
p 0 200 33037
x 0 33038
p 0 195 33038
x 0 33039
p 0 200 33039
x 0 33040
p 0 237 33040
x 0 33041
p 0 197 33041
x 0 33042
p 0 738 33042
x 0 33043
p 0 196 33043
x 0 33044
p 0 201 33044
x 0 33045
p 0 199 33045
x 0 33046
p 0 195 33046
x 0 33047
p 0 239 33047
x 0 33048
p 0 199 33048
x 0 33049
p 0 201 33049
x 0 33050
p 0 197 33050
x 0 33051
p 0 199 33051
x 0 33052
p 0 201 33052
x 0 33053
p 0 197 33053
x 0 33054
p 0 243 33054
x 0 33055
p 0 197 33055
x 0 33056
p 0 196 33056
x 0 33057
p 0 195 33057
x 0 33058
p 0 199 33058
x 0 33059
p 0 231 33059
x 0 33060
p 0 192 33060
x 0 33000
h 0 10.0.0.11
p 0 6129 33000
x 1 33001
h 1 10.0.0.11
p 1 1158 33001
x 0 33002
p 0 195 33002
x 0 33003
p 0 195 33003
x 0 33004
p 0 203 33004
x 0 33005
p 0 199 33005
x 0 33006
p 0 199 33006
x 0 33007
p 0 196 33007
x 0 33008
p 0 193 33008
x 0 33009
p 0 196 33009
x 0 33010
p 0 199 33010
x 0 33011
p 0 98 33011
x 0 33012
p 0 193 33012
x 0 33013
p 0 175 33013
x 0 33014
p 0 186 33014
x 0 33015
p 0 264 33015
x 0 33016
p 0 199 33016
x 0 33017
p 0 267 33017
x 0 33018
p 0 199 33018
x 0 33019
p 0 201 33019
x 0 33020
p 0 195 33020
x 0 33021
p 0 197 33021
x 0 33022
p 0 197 33022
x 0 33023
p 0 163 33023
x 0 33024
p 0 164 33024
x 0 33025
p 0 195 33025
x 0 33026
p 0 198 33026
x 0 33027
p 0 167 33027
x 0 33028
p 0 221 33028
x 0 33029
p 0 199 33029
x 0 33030
p 0 197 33030
x 0 33031
p 0 194 33031
x 0 33032
p 0 192 33032
x 0 33033
p 0 196 33033
x 0 33034
p 0 199 33034
x 0 33035
p 0 195 33035
x 0 33036
p 0 204 33036
x 0 33037
p 0 168 33037
x 0 33038
p 0 195 33038
x 0 33039
p 0 170 33039
x 0 33040
p 0 199 33040
x 0 33041
p 0 165 33041
x 0 33042
p 0 158 33042
x 0 33043
p 0 162 33043
x 0 33044
p 0 186 33044
x 0 33045
p 0 160 33045
x 0 33046
p 0 160 33046
x 0 33047
p 0 147 33047
x 0 33048
p 0 169 33048
x 0 33049
p 0 149 33049
x 0 33050
p 0 149 33050
x 0 33051
p 0 147 33051
x 0 33052
p 0 147 33052
x 0 33053
p 0 150 33053
x 0 33054
p 0 156 33054
x 0 33055
p 0 151 33055
x 0 33056
p 0 150 33056
x 0 33057
p 0 161 33057
x 0 33058
p 0 201 33058
x 0 33059
p 0 199 33059
x 0 33060
p 0 192 33060
x 0 33000
h 0 10.0.0.11
p 0 6549 33000
x 1 33001
h 1 10.0.0.11
p 1 1455 33001
x 0 33002
p 0 203 33002
x 0 33003
p 0 202 33003
x 0 33004
p 0 216 33004
x 0 33005
p 0 202 33005
x 0 33006
p 0 204 33006
x 0 33007
p 0 198 33007
x 0 33008
p 0 231 33008
x 0 33009
p 0 201 33009
x 0 33010
p 0 202 33010
x 0 33011
p 0 199 33011
x 0 33012
p 0 196 33012
x 0 33013
p 0 197 33013
x 0 33014
p 0 199 33014
x 0 33015
p 0 199 33015
x 0 33016
p 0 228 33016
x 0 33017
p 0 201 33017
x 0 33018
p 0 261 33018
x 0 33019
p 0 198 33019
x 0 33020
p 0 196 33020
x 0 33021
p 0 199 33021
x 0 33022
p 0 202 33022
x 0 33023
p 0 234 33023
x 0 33024
p 0 201 33024
x 0 33025
p 0 201 33025
x 0 33026
p 0 199 33026
x 0 33027
p 0 196 33027
x 0 33028
p 0 223 33028
x 0 33029
p 0 198 33029
x 0 33030
p 0 198 33030
x 0 33031
p 0 200 33031
x 0 33032
p 0 198 33032
x 0 33033
p 0 198 33033
x 0 33034
p 0 202 33034
x 0 33035
p 0 198 33035
x 0 33036
p 0 201 33036
x 0 33037
p 0 196 33037
x 0 33038
p 0 239 33038
x 0 33039
p 0 200 33039
x 0 33040
p 0 197 33040
x 0 33041
p 0 201 33041
x 0 33042
p 0 200 33042
x 0 33043
p 0 198 33043
x 0 33044
p 0 204 33044
x 0 33045
p 0 195 33045
x 0 33046
p 0 197 33046
x 0 33047
p 0 198 33047
x 0 33048
p 0 203 33048
x 0 33049
p 0 200 33049
x 0 33050
p 0 150 33050
x 0 33051
p 0 196 33051
x 0 33052
p 0 203 33052
x 0 33053
p 0 234 33053
x 0 33054
p 0 203 33054
x 0 33055
p 0 177 33055
x 0 33056
p 0 206 33056
x 0 33057
p 0 204 33057
x 0 33058
p 0 204 33058
x 0 33059
p 0 205 33059
x 0 33060
p 0 201 33060
x 0 33000
h 0 10.0.0.11
p 0 7156 33000
x 1 33001
h 1 10.0.0.11
p 1 1269 33001
x 0 33002
p 0 144 33002
x 0 33003
p 0 136 33003
x 0 33004
p 0 199 33004
x 0 33005
p 0 204 33005
x 0 33006
p 0 193 33006
x 0 33007
p 0 192 33007
x 0 33008
p 0 193 33008
x 0 33009
p 0 217 33009
x 0 33010
p 0 190 33010
x 0 33011
p 0 193 33011
x 0 33012
p 0 275 33012
x 0 33013
p 0 302 33013
x 0 33014
p 0 273 33014
x 0 33015
p 0 191 33015
x 0 33016
p 0 269 33016
x 0 33017
p 0 251 33017
x 0 33018
p 0 271 33018
x 0 33019
p 0 199 33019
x 0 33020
p 0 193 33020
x 0 33021
p 0 208 33021
x 0 33022
p 0 196 33022
x 0 33023
p 0 220 33023
x 0 33024
p 0 194 33024
x 0 33025
p 0 193 33025
x 0 33026
p 0 196 33026
x 0 33027
p 0 194 33027
x 0 33028
p 0 194 33028
x 0 33029
p 0 233 33029
x 0 33030
p 0 194 33030
x 0 33031
p 0 196 33031
x 0 33032
p 0 196 33032
x 0 33033
p 0 253 33033
x 0 33034
p 0 146 33034
x 0 33035
p 0 58 33035
x 0 33036
p 0 197 33036
x 0 33037
p 0 196 33037
x 0 33038
p 0 139 33038
x 0 33039
p 0 137 33039
x 0 33040
p 0 197 33040
x 0 33041
p 0 140 33041
x 0 33042
p 0 188 33042
x 0 33043
p 0 203 33043
x 0 33044
p 0 202 33044
x 0 33045
p 0 234 33045
x 0 33046
p 0 197 33046
x 0 33047
p 0 199 33047
x 0 33048
p 0 200 33048
x 0 33049
p 0 197 33049
x 0 33050
p 0 198 33050
x 0 33051
p 0 200 33051
x 0 33052
p 0 199 33052
x 0 33053
p 0 197 33053
x 0 33054
p 0 203 33054
x 0 33055
p 0 227 33055
x 0 33056
p 0 200 33056
x 0 33057
p 0 202 33057
x 0 33058
p 0 202 33058
x 0 33059
p 0 203 33059
x 0 33060
p 0 209 33060
x 0 33000
h 0 10.0.0.11
p 0 6814 33000
x 1 33001
h 1 10.0.0.11
p 1 1280 33001
x 0 33002
p 0 233 33002
x 0 33003
p 0 154 33003
x 0 33004
p 0 197 33004
x 0 33005
p 0 196 33005
x 0 33006
p 0 204 33006
x 0 33007
p 0 193 33007
x 0 33008
p 0 169 33008
x 0 33009
p 0 169 33009
x 0 33010
p 0 202 33010
x 0 33011
p 0 170 33011
x 0 33012
p 0 194 33012
x 0 33013
p 0 193 33013
x 0 33014
p 0 201 33014
x 0 33015
p 0 169 33015
x 0 33016
p 0 170 33016
x 0 33017
p 0 173 33017
x 0 33018
p 0 194 33018
x 0 33019
p 0 174 33019
x 0 33020
p 0 194 33020
x 0 33021
p 0 193 33021
x 0 33022
p 0 181 33022
x 0 33023
p 0 193 33023
x 0 33024
p 0 192 33024
x 0 33025
p 0 193 33025
x 0 33026
p 0 186 33026
x 0 33027
p 0 193 33027
x 0 33028
p 0 196 33028
x 0 33029
p 0 195 33029
x 0 33030
p 0 187 33030
x 0 33031
p 0 195 33031
x 0 33032
p 0 195 33032
x 0 33033
p 0 194 33033
x 0 33034
p 0 192 33034
x 0 33035
p 0 195 33035
x 0 33036
p 0 196 33036
x 0 33037
p 0 194 33037
x 0 33038
p 0 191 33038
x 0 33039
p 0 193 33039
x 0 33040
p 0 196 33040
x 0 33041
p 0 163 33041
x 0 33042
p 0 198 33042
x 0 33043
p 0 229 33043
x 0 33044
p 0 197 33044
x 0 33045
p 0 196 33045
x 0 33046
p 0 197 33046
x 0 33047
p 0 198 33047
x 0 33048
p 0 199 33048
x 0 33049
p 0 199 33049
x 0 33050
p 0 201 33050
x 0 33051
p 0 201 33051
x 0 33052
p 0 197 33052
x 0 33053
p 0 202 33053
x 0 33054
p 0 199 33054
x 0 33055
p 0 199 33055
x 0 33056
p 0 222 33056
x 0 33057
p 0 182 33057
x 0 33058
p 0 209 33058
x 0 33059
p 0 205 33059
x 0 33060
p 0 249 33060
x 0 33000
h 0 10.0.0.11
p 0 6833 33000
x 1 33001
h 1 10.0.0.11
p 1 1162 33001
x 0 33002
p 0 193 33002
x 0 33003
p 0 195 33003
x 0 33004
p 0 194 33004
x 0 33005
p 0 197 33005
x 0 33006
p 0 219 33006
x 0 33007
p 0 192 33007
x 0 33008
p 0 190 33008
x 0 33009
p 0 191 33009
x 0 33010
p 0 193 33010
x 0 33011
p 0 191 33011
x 0 33012
p 0 193 33012
x 0 33013
p 0 199 33013
x 0 33014
p 0 216 33014
x 0 33015
p 0 190 33015
x 0 33016
p 0 192 33016
x 0 33017
p 0 166 33017
x 0 33018
p 0 193 33018
x 0 33019
p 0 225 33019
x 0 33020
p 0 193 33020
x 0 33021
p 0 194 33021
x 0 33022
p 0 191 33022
x 0 33023
p 0 184 33023
x 0 33024
p 0 195 33024
x 0 33025
p 0 196 33025
x 0 33026
p 0 190 33026
x 0 33027
p 0 221 33027
x 0 33028
p 0 165 33028
x 0 33029
p 0 193 33029
x 0 33030
p 0 190 33030
x 0 33031
p 0 187 33031
x 0 33032
p 0 195 33032
x 0 33033
p 0 181 33033
x 0 33034
p 0 194 33034
x 0 33035
p 0 186 33035
x 0 33036
p 0 176 33036
x 0 33037
p 0 162 33037
x 0 33038
p 0 168 33038
x 0 33039
p 0 200 33039
x 0 33040
p 0 162 33040
x 0 33041
p 0 195 33041
x 0 33042
p 0 158 33042
x 0 33043
p 0 83 33043
x 0 33044
p 0 162 33044
x 0 33045
p 0 153 33045
x 0 33046
p 0 159 33046
x 0 33047
p 0 190 33047
x 0 33048
p 0 141 33048
x 0 33049
p 0 215 33049
x 0 33050
p 0 138 33050
x 0 33051
p 0 201 33051
x 0 33052
p 0 139 33052
x 0 33053
p 0 150 33053
x 0 33054
p 0 144 33054
x 0 33055
p 0 200 33055
x 0 33056
p 0 197 33056
x 0 33057
p 0 152 33057
x 0 33058
p 0 174 33058
x 0 33059
p 0 194 33059
x 0 33060
p 0 195 33060
x 0 33000
h 0 10.0.0.11
p 0 5836 33000
x 1 33001
h 1 10.0.0.11
p 1 1152 33001
x 0 33002
p 0 194 33002
x 0 33003
p 0 154 33003
x 0 33004
p 0 141 33004
x 0 33005
p 0 260 33005
x 0 33006
p 0 196 33006
x 0 33007
p 0 238 33007
x 0 33008
p 0 194 33008
x 0 33009
p 0 265 33009
x 0 33010
p 0 196 33010
x 0 33011
p 0 268 33011
x 0 33012
p 0 237 33012
x 0 33013
p 0 249 33013
x 0 33014
p 0 195 33014
x 0 33015
p 0 203 33015
x 0 33016
p 0 230 33016
x 0 33017
p 0 265 33017
x 0 33018
p 0 247 33018
x 0 33019
p 0 233 33019
x 0 33020
p 0 232 33020
x 0 33021
p 0 229 33021
x 0 33022
p 0 171 33022
x 0 33023
p 0 57 33023
x 0 33024
p 0 154 33024
x 0 33025
p 0 176 33025
x 0 33026
p 0 154 33026
x 0 33027
p 0 151 33027
x 0 33028
p 0 154 33028
x 0 33029
p 0 158 33029
x 0 33030
p 0 194 33030
x 0 33031
p 0 221 33031
x 0 33032
p 0 139 33032
x 0 33033
p 0 137 33033
x 0 33034
p 0 136 33034
x 0 33035
p 0 179 33035
x 0 33036
p 0 158 33036
x 0 33037
p 0 151 33037
x 0 33038
p 0 237 33038
x 0 33039
p 0 195 33039
x 0 33040
p 0 157 33040
x 0 33041
p 0 145 33041
x 0 33042
p 0 144 33042
x 0 33043
p 0 150 33043
x 0 33044
p 0 196 33044
x 0 33045
p 0 197 33045
x 0 33046
p 0 194 33046
x 0 33047
p 0 279 33047
x 0 33048
p 0 289 33048
x 0 33049
p 0 193 33049
x 0 33050
p 0 195 33050
x 0 33051
p 0 196 33051
x 0 33052
p 0 289 33052
x 0 33053
p 0 268 33053
x 0 33054
p 0 263 33054
x 0 33055
p 0 204 33055
x 0 33056
p 0 200 33056
x 0 33057
p 0 203 33057
x 0 33058
p 0 228 33058
x 0 33059
p 0 206 33059
x 0 33060
p 0 203 33060
x 0 33000
h 0 10.0.0.11
p 0 6646 33000
x 1 33001
h 1 10.0.0.11
p 1 1289 33001
x 0 33002
p 0 203 33002
x 0 33003
p 0 201 33003
x 0 33004
p 0 171 33004
x 0 33005
p 0 145 33005
x 0 33006
p 0 147 33006
x 0 33007
p 0 146 33007
x 0 33008
p 0 141 33008
x 0 33009
p 0 146 33009
x 0 33010
p 0 141 33010
x 0 33011
p 0 143 33011
x 0 33012
p 0 141 33012
x 0 33013
p 0 202 33013
x 0 33014
p 0 143 33014
x 0 33015
p 0 204 33015
x 0 33016
p 0 146 33016
x 0 33017
p 0 205 33017
x 0 33018
p 0 203 33018
x 0 33019
p 0 206 33019
x 0 33020
p 0 208 33020
x 0 33021
p 0 205 33021
x 0 33022
p 0 244 33022
x 0 33023
p 0 200 33023
x 0 33024
p 0 250 33024
x 0 33025
p 0 203 33025
x 0 33026
p 0 204 33026
x 0 33027
p 0 202 33027
x 0 33028
p 0 160 33028
x 0 33029
p 0 158 33029
x 0 33030
p 0 161 33030
x 0 33031
p 0 158 33031
x 0 33032
p 0 157 33032
x 0 33033
p 0 158 33033
x 0 33034
p 0 157 33034
x 0 33035
p 0 154 33035
x 0 33036
p 0 157 33036
x 0 33037
p 0 161 33037
x 0 33038
p 0 160 33038
x 0 33039
p 0 158 33039
x 0 33040
p 0 157 33040
x 0 33041
p 0 157 33041
x 0 33042
p 0 159 33042
x 0 33043
p 0 157 33043
x 0 33044
p 0 164 33044
x 0 33045
p 0 149 33045
x 0 33046
p 0 149 33046
x 0 33047
p 0 149 33047
x 0 33048
p 0 147 33048
x 0 33049
p 0 147 33049
x 0 33050
p 0 147 33050
x 0 33051
p 0 204 33051
x 0 33052
p 0 205 33052
x 0 33053
p 0 207 33053
x 0 33054
p 0 160 33054
x 0 33055
p 0 150 33055
x 0 33056
p 0 208 33056
x 0 33057
p 0 612 33057
x 0 33058
p 0 206 33058
x 0 33059
p 0 214 33059
x 0 33060
p 0 163 33060
x 0 33000
h 0 10.0.0.11
p 0 6090 33000
x 1 33001
h 1 10.0.0.11
p 1 1208 33001
x 0 33002
p 0 203 33002
x 0 33003
p 0 223 33003
x 0 33004
p 0 205 33004
x 0 33005
p 0 210 33005
x 0 33006
p 0 217 33006
x 0 33007
p 0 216 33007
x 0 33008
p 0 218 33008
x 0 33009
p 0 208 33009
x 0 33010
p 0 209 33010
x 0 33011
p 0 204 33011
x 0 33012
p 0 213 33012
x 0 33013
p 0 212 33013
x 0 33014
p 0 211 33014
x 0 33015
p 0 209 33015
x 0 33016
p 0 212 33016
x 0 33017
p 0 217 33017
x 0 33018
p 0 207 33018
x 0 33019
p 0 216 33019
x 0 33020
p 0 205 33020
x 0 33021
p 0 205 33021
x 0 33022
p 0 209 33022
x 0 33023
p 0 203 33023
x 0 33024
p 0 205 33024
x 0 33025
p 0 213 33025
x 0 33026
p 0 208 33026
x 0 33027
p 0 215 33027
x 0 33028
p 0 205 33028
x 0 33029
p 0 203 33029
x 0 33030
p 0 205 33030
x 0 33031
p 0 206 33031
x 0 33032
p 0 205 33032
x 0 33033
p 0 203 33033
x 0 33034
p 0 206 33034
x 0 33035
p 0 204 33035
x 0 33036
p 0 214 33036
x 0 33037
p 0 208 33037
x 0 33038
p 0 203 33038
x 0 33039
p 0 204 33039
x 0 33040
p 0 240 33040
x 0 33041
p 0 204 33041
x 0 33042
p 0 207 33042
x 0 33043
p 0 204 33043
x 0 33044
p 0 206 33044
x 0 33045
p 0 204 33045
x 0 33046
p 0 420 33046
x 0 33047
p 0 199 33047
x 0 33048
p 0 224 33048
x 0 33049
p 0 197 33049
x 0 33050
p 0 200 33050
x 0 33051
p 0 251 33051
x 0 33052
p 0 234 33052
x 0 33053
p 0 198 33053
x 0 33054
p 0 202 33054
x 0 33055
p 0 173 33055
x 0 33056
p 0 199 33056
x 0 33057
p 0 234 33057
x 0 33058
p 0 204 33058
x 0 33059
p 0 229 33059
x 0 33060
p 0 203 33060
x 0 33000
h 0 10.0.0.11
p 0 7020 33000
x 1 33001
h 1 10.0.0.11
p 1 1255 33001
x 0 33002
p 0 192 33002
x 0 33003
p 0 203 33003
x 0 33004
p 0 197 33004
x 0 33005
p 0 194 33005
x 0 33006
p 0 194 33006
x 0 33007
p 0 191 33007
x 0 33008
p 0 187 33008
x 0 33009
p 0 169 33009
x 0 33010
p 0 172 33010
x 0 33011
p 0 171 33011
x 0 33012
p 0 173 33012
x 0 33013
p 0 153 33013
x 0 33014
p 0 200 33014
x 0 33015
p 0 217 33015
x 0 33016
p 0 201 33016
x 0 33017
p 0 202 33017
x 0 33018
p 0 205 33018
x 0 33019
p 0 205 33019
x 0 33020
p 0 233 33020
x 0 33021
p 0 204 33021
x 0 33022
p 0 202 33022
x 0 33023
p 0 202 33023
x 0 33024
p 0 126 33024
x 0 33025
p 0 202 33025
x 0 33026
p 0 203 33026
x 0 33027
p 0 202 33027
x 0 33028
p 0 232 33028
x 0 33029
p 0 206 33029
x 0 33030
p 0 202 33030
x 0 33031
p 0 205 33031
x 0 33032
p 0 237 33032
x 0 33033
p 0 205 33033
x 0 33034
p 0 243 33034
x 0 33035
p 0 177 33035
x 0 33036
p 0 185 33036
x 0 33037
p 0 201 33037
x 0 33038
p 0 202 33038
x 0 33039
p 0 203 33039
x 0 33040
p 0 236 33040
x 0 33041
p 0 204 33041
x 0 33042
p 0 202 33042
x 0 33043
p 0 204 33043
x 0 33044
p 0 248 33044
x 0 33045
p 0 203 33045
x 0 33046
p 0 201 33046
x 0 33047
p 0 200 33047
x 0 33048
p 0 199 33048
x 0 33049
p 0 197 33049
x 0 33050
p 0 199 33050
x 0 33051
p 0 296 33051
x 0 33052
p 0 296 33052
x 0 33053
p 0 269 33053
x 0 33054
p 0 198 33054
x 0 33055
p 0 290 33055
x 0 33056
p 0 222 33056
x 0 33057
p 0 198 33057
x 0 33058
p 0 381 33058
x 0 33059
p 0 226 33059
x 0 33060
p 0 246 33060
x 0 33000
h 0 10.0.0.11
p 0 7100 33000
x 1 33001
h 1 10.0.0.11
p 1 1259 33001
x 0 33002
p 0 199 33002
x 0 33003
p 0 205 33003
x 0 33004
p 0 197 33004
x 0 33005
p 0 206 33005
x 0 33006
p 0 204 33006
x 0 33007
p 0 225 33007
x 0 33008
p 0 192 33008
x 0 33009
p 0 302 33009
x 0 33010
p 0 193 33010
x 0 33011
p 0 194 33011
x 0 33012
p 0 194 33012
x 0 33013
p 0 199 33013
x 0 33014
p 0 195 33014
x 0 33015
p 0 192 33015
x 0 33016
p 0 262 33016
x 0 33017
p 0 192 33017
x 0 33018
p 0 223 33018
x 0 33019
p 0 192 33019
x 0 33020
p 0 194 33020
x 0 33021
p 0 195 33021
x 0 33022
p 0 193 33022
x 0 33023
p 0 192 33023
x 0 33024
p 0 191 33024
x 0 33025
p 0 234 33025
x 0 33026
p 0 195 33026
x 0 33027
p 0 191 33027
x 0 33028
p 0 225 33028
x 0 33029
p 0 192 33029
x 0 33030
p 0 198 33030
x 0 33031
p 0 195 33031
x 0 33032
p 0 195 33032
x 0 33033
p 0 192 33033
x 0 33034
p 0 194 33034
x 0 33035
p 0 193 33035
x 0 33036
p 0 226 33036
x 0 33037
p 0 191 33037
x 0 33038
p 0 192 33038
x 0 33039
p 0 189 33039
x 0 33040
p 0 195 33040
x 0 33041
p 0 196 33041
x 0 33042
p 0 193 33042
x 0 33043
p 0 192 33043
x 0 33044
p 0 192 33044
x 0 33045
p 0 190 33045
x 0 33046
p 0 193 33046
x 0 33047
p 0 191 33047
x 0 33048
p 0 190 33048
x 0 33049
p 0 191 33049
x 0 33050
p 0 222 33050
x 0 33051
p 0 191 33051
x 0 33052
p 0 190 33052
x 0 33053
p 0 198 33053
x 0 33054
p 0 228 33054
x 0 33055
p 0 195 33055
x 0 33056
p 0 210 33056
x 0 33057
p 0 178 33057
x 0 33058
p 0 217 33058
x 0 33059
p 0 199 33059
x 0 33060
p 0 198 33060
x 0 33000
h 0 10.0.0.11
p 0 6669 33000
x 1 33001
h 1 10.0.0.11
p 1 1214 33001
x 0 33002
p 0 270 33002
x 0 33003
p 0 199 33003
x 0 33004
p 0 196 33004
x 0 33005
p 0 203 33005
x 0 33006
p 0 209 33006
x 0 33007
p 0 211 33007
x 0 33008
p 0 198 33008
x 0 33009
p 0 263 33009
x 0 33010
p 0 247 33010
x 0 33011
p 0 202 33011
x 0 33012
p 0 200 33012
x 0 33013
p 0 297 33013
x 0 33014
p 0 199 33014
x 0 33015
p 0 198 33015
x 0 33016
p 0 202 33016
x 0 33017
p 0 276 33017
x 0 33018
p 0 230 33018
x 0 33019
p 0 198 33019
x 0 33020
p 0 199 33020
x 0 33021
p 0 200 33021
x 0 33022
p 0 161 33022
x 0 33023
p 0 194 33023
x 0 33024
p 0 247 33024
x 0 33025
p 0 196 33025
x 0 33026
p 0 195 33026
x 0 33027
p 0 197 33027
x 0 33028
p 0 191 33028
x 0 33029
p 0 192 33029
x 0 33030
p 0 223 33030
x 0 33031
p 0 177 33031
x 0 33032
p 0 173 33032
x 0 33033
p 0 194 33033
x 0 33034
p 0 192 33034
x 0 33035
p 0 199 33035
x 0 33036
p 0 195 33036
x 0 33037
p 0 277 33037
x 0 33038
p 0 190 33038
x 0 33039
p 0 193 33039
x 0 33040
p 0 226 33040
x 0 33041
p 0 194 33041
x 0 33042
p 0 197 33042
x 0 33043
p 0 194 33043
x 0 33044
p 0 198 33044
x 0 33045
p 0 89 33045
x 0 33046
p 0 199 33046
x 0 33047
p 0 201 33047
x 0 33048
p 0 202 33048
x 0 33049
p 0 198 33049
x 0 33050
p 0 244 33050
x 0 33051
p 0 200 33051
x 0 33052
p 0 216 33052
x 0 33053
p 0 201 33053
x 0 33054
p 0 240 33054
x 0 33055
p 0 198 33055
x 0 33056
p 0 198 33056
x 0 33057
p 0 228 33057
x 0 33058
p 0 205 33058
x 0 33059
p 0 202 33059
x 0 33060
p 0 221 33060
x 0 33000
h 0 10.0.0.11
p 0 6339 33000
x 1 33001
h 1 10.0.0.11
p 1 1278 33001
x 0 33002
p 0 202 33002
x 0 33003
p 0 203 33003
x 0 33004
p 0 166 33004
x 0 33005
p 0 197 33005
x 0 33006
p 0 163 33006
x 0 33007
p 0 163 33007
x 0 33008
p 0 161 33008
x 0 33009
p 0 194 33009
x 0 33010
p 0 163 33010
x 0 33011
p 0 145 33011
x 0 33012
p 0 159 33012
x 0 33013
p 0 160 33013
x 0 33014
p 0 159 33014
x 0 33015
p 0 159 33015
x 0 33016
p 0 163 33016
x 0 33017
p 0 160 33017
x 0 33018
p 0 160 33018
x 0 33019
p 0 142 33019
x 0 33020
p 0 230 33020
x 0 33021
p 0 97 33021
x 0 33022
p 0 145 33022
x 0 33023
p 0 197 33023
x 0 33024
p 0 146 33024
x 0 33025
p 0 197 33025
x 0 33026
p 0 200 33026
x 0 33027
p 0 267 33027
x 0 33028
p 0 228 33028
x 0 33029
p 0 198 33029
x 0 33030
p 0 196 33030
x 0 33031
p 0 197 33031
x 0 33032
p 0 225 33032
x 0 33033
p 0 195 33033
x 0 33034
p 0 264 33034
x 0 33035
p 0 269 33035
x 0 33036
p 0 284 33036
x 0 33037
p 0 197 33037
x 0 33038
p 0 196 33038
x 0 33039
p 0 179 33039
x 0 33040
p 0 192 33040
x 0 33041
p 0 226 33041
x 0 33042
p 0 194 33042
x 0 33043
p 0 196 33043
x 0 33044
p 0 333 33044
x 0 33045
p 0 344 33045
x 0 33046
p 0 291 33046
x 0 33047
p 0 420 33047
x 0 33048
p 0 319 33048
x 0 33049
p 0 318 33049
x 0 33050
p 0 271 33050
x 0 33051
p 0 392 33051
x 0 33052
p 0 235 33052
x 0 33053
p 0 196 33053
x 0 33054
p 0 162 33054
x 0 33055
p 0 219 33055
x 0 33056
p 0 203 33056
x 0 33057
p 0 271 33057
x 0 33058
p 0 200 33058
x 0 33059
p 0 218 33059
x 0 33060
p 0 197 33060
x 0 33000
h 0 10.0.0.11
p 0 5620 33000
x 1 33001
h 1 10.0.0.11
p 1 1274 33001
x 0 33002
p 0 234 33002
x 0 33003
p 0 204 33003
x 0 33004
p 0 210 33004
x 0 33005
p 0 207 33005
x 0 33006
p 0 207 33006
x 0 33007
p 0 207 33007
x 0 33008
p 0 205 33008
x 0 33009
p 0 209 33009
x 0 33010
p 0 205 33010
x 0 33011
p 0 208 33011
x 0 33012
p 0 201 33012
x 0 33013
p 0 201 33013
x 0 33014
p 0 205 33014
x 0 33015
p 0 243 33015
x 0 33016
p 0 206 33016
x 0 33017
p 0 203 33017
x 0 33018
p 0 206 33018
x 0 33019
p 0 202 33019
x 0 33020
p 0 203 33020
x 0 33021
p 0 204 33021
x 0 33022
p 0 225 33022
x 0 33023
p 0 204 33023
x 0 33024
p 0 270 33024
x 0 33025
p 0 204 33025
x 0 33026
p 0 204 33026
x 0 33027
p 0 203 33027
x 0 33028
p 0 203 33028
x 0 33029
p 0 229 33029
x 0 33030
p 0 202 33030
x 0 33031
p 0 202 33031
x 0 33032
p 0 159 33032
x 0 33033
p 0 200 33033
x 0 33034
p 0 144 33034
x 0 33035
p 0 202 33035
x 0 33036
p 0 147 33036
x 0 33037
p 0 201 33037
x 0 33038
p 0 146 33038
x 0 33039
p 0 149 33039
x 0 33040
p 0 144 33040
x 0 33041
p 0 201 33041
x 0 33042
p 0 145 33042
x 0 33043
p 0 228 33043
x 0 33044
p 0 148 33044
x 0 33045
p 0 191 33045
x 0 33046
p 0 148 33046
x 0 33047
p 0 145 33047
x 0 33048
p 0 204 33048
x 0 33049
p 0 148 33049
x 0 33050
p 0 260 33050
x 0 33051
p 0 181 33051
x 0 33052
p 0 166 33052
x 0 33053
p 0 166 33053
x 0 33054
p 0 164 33054
x 0 33055
p 0 164 33055
x 0 33056
p 0 162 33056
x 0 33057
p 0 166 33057
x 0 33058
p 0 163 33058
x 0 33059
p 0 166 33059
x 0 33060
p 0 170 33060
x 0 33000
h 0 10.0.0.11
p 0 6167 33000
x 1 33001
h 1 10.0.0.11
p 1 1144 33001
x 0 33002
p 0 201 33002
x 0 33003
p 0 224 33003
x 0 33004
p 0 203 33004
x 0 33005
p 0 213 33005
x 0 33006
p 0 198 33006
x 0 33007
p 0 248 33007
x 0 33008
p 0 197 33008
x 0 33009
p 0 224 33009
x 0 33010
p 0 194 33010
x 0 33011
p 0 195 33011
x 0 33012
p 0 198 33012
x 0 33013
p 0 220 33013
x 0 33014
p 0 196 33014
x 0 33015
p 0 199 33015
x 0 33016
p 0 201 33016
x 0 33017
p 0 228 33017
x 0 33018
p 0 198 33018
x 0 33019
p 0 200 33019
x 0 33020
p 0 198 33020
x 0 33021
p 0 220 33021
x 0 33022
p 0 198 33022
x 0 33023
p 0 200 33023
x 0 33024
p 0 196 33024
x 0 33025
p 0 234 33025
x 0 33026
p 0 197 33026
x 0 33027
p 0 200 33027
x 0 33028
p 0 199 33028
x 0 33029
p 0 230 33029
x 0 33030
p 0 196 33030
x 0 33031
p 0 198 33031
x 0 33032
p 0 196 33032
x 0 33033
p 0 223 33033
x 0 33034
p 0 194 33034
x 0 33035
p 0 196 33035
x 0 33036
p 0 193 33036
x 0 33037
p 0 225 33037
x 0 33038
p 0 193 33038
x 0 33039
p 0 234 33039
x 0 33040
p 0 195 33040
x 0 33041
p 0 231 33041
x 0 33042
p 0 193 33042
x 0 33043
p 0 195 33043
x 0 33044
p 0 194 33044
x 0 33045
p 0 218 33045
x 0 33046
p 0 197 33046
x 0 33047
p 0 194 33047
x 0 33048
p 0 198 33048
x 0 33049
p 0 234 33049
x 0 33050
p 0 204 33050
x 0 33051
p 0 202 33051
x 0 33052
p 0 203 33052
x 0 33053
p 0 215 33053
x 0 33054
p 0 203 33054
x 0 33055
p 0 202 33055
x 0 33056
p 0 204 33056
x 0 33057
p 0 202 33057
x 0 33058
p 0 202 33058
x 0 33059
p 0 201 33059
x 0 33060
p 0 207 33060
x 0 33000
h 0 10.0.0.11
p 0 5747 33000
x 1 33001
h 1 10.0.0.11
p 1 1186 33001
x 0 33002
p 0 223 33002
x 0 33003
p 0 237 33003
x 0 33004
p 0 213 33004
x 0 33005
p 0 250 33005
x 0 33006
p 0 167 33006
x 0 33007
p 0 230 33007
x 0 33008
p 0 235 33008
x 0 33009
p 0 209 33009
x 0 33010
p 0 217 33010
x 0 33011
p 0 181 33011
x 0 33012
p 0 147 33012
x 0 33013
p 0 145 33013
x 0 33014
p 0 203 33014
x 0 33015
p 0 145 33015
x 0 33016
p 0 231 33016
x 0 33017
p 0 203 33017
x 0 33018
p 0 236 33018
x 0 33019
p 0 184 33019
x 0 33020
p 0 231 33020
x 0 33021
p 0 205 33021
x 0 33022
p 0 273 33022
x 0 33023
p 0 202 33023
x 0 33024
p 0 199 33024
x 0 33025
p 0 200 33025
x 0 33026
p 0 198 33026
x 0 33027
p 0 198 33027
x 0 33028
p 0 224 33028
x 0 33029
p 0 196 33029
x 0 33030
p 0 198 33030
x 0 33031
p 0 195 33031
x 0 33032
p 0 218 33032
x 0 33033
p 0 197 33033
x 0 33034
p 0 196 33034
x 0 33035
p 0 201 33035
x 0 33036
p 0 264 33036
x 0 33037
p 0 192 33037
x 0 33038
p 0 196 33038
x 0 33039
p 0 194 33039
x 0 33040
p 0 227 33040
x 0 33041
p 0 197 33041
x 0 33042
p 0 197 33042
x 0 33043
p 0 194 33043
x 0 33044
p 0 226 33044
x 0 33045
p 0 194 33045
x 0 33046
p 0 194 33046
x 0 33047
p 0 193 33047
x 0 33048
p 0 218 33048
x 0 33049
p 0 198 33049
x 0 33050
p 0 201 33050
x 0 33051
p 0 200 33051
x 0 33052
p 0 229 33052
x 0 33053
p 0 205 33053
x 0 33054
p 0 265 33054
x 0 33055
p 0 267 33055
x 0 33056
p 0 233 33056
x 0 33057
p 0 272 33057
x 0 33058
p 0 205 33058
x 0 33059
p 0 214 33059
x 0 33060
p 0 248 33060
x 0 33000
h 0 10.0.0.11
p 0 5936 33000
x 1 33001
h 1 10.0.0.11
p 1 1321 33001
x 0 33002
p 0 202 33002
x 0 33003
p 0 164 33003
x 0 33004
p 0 161 33004
x 0 33005
p 0 164 33005
x 0 33006
p 0 203 33006
x 0 33007
p 0 145 33007
x 0 33008
p 0 146 33008
x 0 33009
p 0 203 33009
x 0 33010
p 0 150 33010
x 0 33011
p 0 146 33011
x 0 33012
p 0 145 33012
x 0 33013
p 0 205 33013
x 0 33014
p 0 147 33014
x 0 33015
p 0 148 33015
x 0 33016
p 0 291 33016
x 0 33017
p 0 150 33017
x 0 33018
p 0 146 33018
x 0 33019
p 0 147 33019
x 0 33020
p 0 146 33020
x 0 33021
p 0 201 33021
x 0 33022
p 0 145 33022
x 0 33023
p 0 205 33023
x 0 33024
p 0 152 33024
x 0 33025
p 0 147 33025
x 0 33026
p 0 146 33026
x 0 33027
p 0 200 33027
x 0 33028
p 0 144 33028
x 0 33029
p 0 145 33029
x 0 33030
p 0 199 33030
x 0 33031
p 0 146 33031
x 0 33032
p 0 202 33032
x 0 33033
p 0 222 33033
x 0 33034
p 0 99 33034
x 0 33035
p 0 144 33035
x 0 33036
p 0 201 33036
x 0 33037
p 0 145 33037
x 0 33038
p 0 202 33038
x 0 33039
p 0 145 33039
x 0 33040
p 0 185 33040
x 0 33041
p 0 144 33041
x 0 33042
p 0 202 33042
x 0 33043
p 0 145 33043
x 0 33044
p 0 146 33044
x 0 33045
p 0 200 33045
x 0 33046
p 0 144 33046
x 0 33047
p 0 193 33047
x 0 33048
p 0 147 33048
x 0 33049
p 0 198 33049
x 0 33050
p 0 145 33050
x 0 33051
p 0 144 33051
x 0 33052
p 0 205 33052
x 0 33053
p 0 147 33053
x 0 33054
p 0 201 33054
x 0 33055
p 0 147 33055
x 0 33056
p 0 200 33056
x 0 33057
p 0 207 33057
x 0 33058
p 0 227 33058
x 0 33059
p 0 184 33059
x 0 33060
p 0 212 33060
x 0 33000
h 0 10.0.0.11
p 0 6561 33000
x 1 33001
h 1 10.0.0.11
p 1 1163 33001
x 0 33002
p 0 199 33002
x 0 33003
p 0 198 33003
x 0 33004
p 0 199 33004
x 0 33005
p 0 200 33005
x 0 33006
p 0 254 33006
x 0 33007
p 0 197 33007
x 0 33008
p 0 198 33008
x 0 33009
p 0 202 33009
x 0 33010
p 0 198 33010
x 0 33011
p 0 195 33011
x 0 33012
p 0 197 33012
x 0 33013
p 0 160 33013
x 0 33014
p 0 140 33014
x 0 33015
p 0 140 33015
x 0 33016
p 0 198 33016
x 0 33017
p 0 146 33017
x 0 33018
p 0 227 33018
x 0 33019
p 0 142 33019
x 0 33020
p 0 614 33020
x 0 33021
p 0 147 33021
x 0 33022
p 0 134 33022
x 0 33023
p 0 137 33023
x 0 33024
p 0 167 33024
x 0 33025
p 0 132 33025
x 0 33026
p 0 132 33026
x 0 33027
p 0 139 33027
x 0 33028
p 0 169 33028
x 0 33029
p 0 200 33029
x 0 33030
p 0 144 33030
x 0 33031
p 0 197 33031
x 0 33032
p 0 133 33032
x 0 33033
p 0 198 33033
x 0 33034
p 0 196 33034
x 0 33035
p 0 167 33035
x 0 33036
p 0 133 33036
x 0 33037
p 0 140 33037
x 0 33038
p 0 138 33038
x 0 33039
p 0 222 33039
x 0 33040
p 0 116 33040
x 0 33041
p 0 197 33041
x 0 33042
p 0 195 33042
x 0 33043
p 0 220 33043
x 0 33044
p 0 194 33044
x 0 33045
p 0 205 33045
x 0 33046
p 0 197 33046
x 0 33047
p 0 203 33047
x 0 33048
p 0 192 33048
x 0 33049
p 0 197 33049
x 0 33050
p 0 202 33050
x 0 33051
p 0 202 33051
x 0 33052
p 0 172 33052
x 0 33053
p 0 197 33053
x 0 33054
p 0 194 33054
x 0 33055
p 0 225 33055
x 0 33056
p 0 198 33056
x 0 33057
p 0 197 33057
x 0 33058
p 0 282 33058
x 0 33059
p 0 199 33059
x 0 33060
p 0 268 33060
x 0 33000
h 0 10.0.0.11
p 0 5799 33000
x 1 33001
h 1 10.0.0.11
p 1 1255 33001
x 0 33002
p 0 196 33002
x 0 33003
p 0 201 33003
x 0 33004
p 0 197 33004
x 0 33005
p 0 221 33005
x 0 33006
p 0 196 33006
x 0 33007
p 0 197 33007
x 0 33008
p 0 197 33008
x 0 33009
p 0 223 33009
x 0 33010
p 0 197 33010
x 0 33011
p 0 158 33011
x 0 33012
p 0 200 33012
x 0 33013
p 0 230 33013
x 0 33014
p 0 195 33014
x 0 33015
p 0 198 33015
x 0 33016
p 0 194 33016
x 0 33017
p 0 217 33017
x 0 33018
p 0 198 33018
x 0 33019
p 0 199 33019
x 0 33020
p 0 179 33020
x 0 33021
p 0 264 33021
x 0 33022
p 0 284 33022
x 0 33023
p 0 268 33023
x 0 33024
p 0 263 33024
x 0 33025
p 0 268 33025
x 0 33026
p 0 224 33026
x 0 33027
p 0 254 33027
x 0 33028
p 0 275 33028
x 0 33029
p 0 263 33029
x 0 33030
p 0 280 33030
x 0 33031
p 0 266 33031
x 0 33032
p 0 270 33032
x 0 33033
p 0 260 33033
x 0 33034
p 0 287 33034
x 0 33035
p 0 195 33035
x 0 33036
p 0 242 33036
x 0 33037
p 0 198 33037
x 0 33038
p 0 224 33038
x 0 33039
p 0 195 33039
x 0 33040
p 0 152 33040
x 0 33041
p 0 268 33041
x 0 33042
p 0 286 33042
x 0 33043
p 0 271 33043
x 0 33044
p 0 267 33044
x 0 33045
p 0 198 33045
x 0 33046
p 0 218 33046
x 0 33047
p 0 194 33047
x 0 33048
p 0 195 33048
x 0 33049
p 0 197 33049
x 0 33050
p 0 188 33050
x 0 33051
p 0 194 33051
x 0 33052
p 0 295 33052
x 0 33053
p 0 202 33053
x 0 33054
p 0 236 33054
x 0 33055
p 0 212 33055
x 0 33056
p 0 209 33056
x 0 33057
p 0 206 33057
x 0 33058
p 0 208 33058
x 0 33059
p 0 207 33059
x 0 33060
p 0 217 33060
x 0 33000
h 0 10.0.0.11
p 0 6892 33000
x 1 33001
h 1 10.0.0.11
p 1 1425 33001
x 0 33002
p 0 243 33002
x 0 33003
p 0 196 33003
x 0 33004
p 0 196 33004
x 0 33005
p 0 197 33005
x 0 33006
p 0 224 33006
x 0 33007
p 0 196 33007
x 0 33008
p 0 194 33008
x 0 33009
p 0 195 33009
x 0 33010
p 0 218 33010
x 0 33011
p 0 195 33011
x 0 33012
p 0 194 33012
x 0 33013
p 0 196 33013
x 0 33014
p 0 284 33014
x 0 33015
p 0 194 33015
x 0 33016
p 0 197 33016
x 0 33017
p 0 268 33017
x 0 33018
p 0 284 33018
x 0 33019
p 0 178 33019
x 0 33020
p 0 198 33020
x 0 33021
p 0 196 33021
x 0 33022
p 0 224 33022
x 0 33023
p 0 196 33023
x 0 33024
p 0 198 33024
x 0 33025
p 0 196 33025
x 0 33026
p 0 221 33026
x 0 33027
p 0 197 33027
x 0 33028
p 0 197 33028
x 0 33029
p 0 197 33029
x 0 33030
p 0 228 33030
x 0 33031
p 0 197 33031
x 0 33032
p 0 199 33032
x 0 33033
p 0 196 33033
x 0 33034
p 0 228 33034
x 0 33035
p 0 195 33035
x 0 33036
p 0 198 33036
x 0 33037
p 0 271 33037
x 0 33038
p 0 221 33038
x 0 33039
p 0 195 33039
x 0 33040
p 0 200 33040
x 0 33041
p 0 263 33041
x 0 33042
p 0 281 33042
x 0 33043
p 0 197 33043
x 0 33044
p 0 194 33044
x 0 33045
p 0 195 33045
x 0 33046
p 0 225 33046
x 0 33047
p 0 191 33047
x 0 33048
p 0 267 33048
x 0 33049
p 0 204 33049
x 0 33050
p 0 197 33050
x 0 33051
p 0 218 33051
x 0 33052
p 0 194 33052
x 0 33053
p 0 195 33053
x 0 33054
p 0 200 33054
x 0 33055
p 0 198 33055
x 0 33056
p 0 202 33056
x 0 33057
p 0 204 33057
x 0 33058
p 0 213 33058
x 0 33059
p 0 206 33059
x 0 33060
p 0 216 33060
x 0 33000
h 0 10.0.0.11
p 0 6374 33000
x 1 33001
h 1 10.0.0.11
p 1 1190 33001
x 0 33002
p 0 199 33002
x 0 33003
p 0 196 33003
x 0 33004
p 0 203 33004
x 0 33005
p 0 204 33005
x 0 33006
p 0 202 33006
x 0 33007
p 0 161 33007
x 0 33008
p 0 149 33008
x 0 33009
p 0 142 33009
x 0 33010
p 0 143 33010
x 0 33011
p 0 144 33011
x 0 33012
p 0 175 33012
x 0 33013
p 0 162 33013
x 0 33014
p 0 202 33014
x 0 33015
p 0 201 33015
x 0 33016
p 0 290 33016
x 0 33017
p 0 200 33017
x 0 33018
p 0 200 33018
x 0 33019
p 0 198 33019
x 0 33020
p 0 199 33020
x 0 33021
p 0 203 33021
x 0 33022
p 0 199 33022
x 0 33023
p 0 198 33023
x 0 33024
p 0 198 33024
x 0 33025
p 0 199 33025
x 0 33026
p 0 197 33026
x 0 33027
p 0 198 33027
x 0 33028
p 0 197 33028
x 0 33029
p 0 201 33029
x 0 33030
p 0 199 33030
x 0 33031
p 0 227 33031
x 0 33032
p 0 198 33032
x 0 33033
p 0 198 33033
x 0 33034
p 0 238 33034
x 0 33035
p 0 199 33035
x 0 33036
p 0 198 33036
x 0 33037
p 0 199 33037
x 0 33038
p 0 199 33038
x 0 33039
p 0 200 33039
x 0 33040
p 0 200 33040
x 0 33041
p 0 202 33041
x 0 33042
p 0 201 33042
x 0 33043
p 0 199 33043
x 0 33044
p 0 199 33044
x 0 33045
p 0 240 33045
x 0 33046
p 0 200 33046
x 0 33047
p 0 200 33047
x 0 33048
p 0 205 33048
x 0 33049
p 0 205 33049
x 0 33050
p 0 207 33050
x 0 33051
p 0 205 33051
x 0 33052
p 0 240 33052
x 0 33053
p 0 203 33053
x 0 33054
p 0 202 33054
x 0 33055
p 0 200 33055
x 0 33056
p 0 211 33056
x 0 33057
p 0 200 33057
x 0 33058
p 0 203 33058
x 0 33059
p 0 234 33059
x 0 33060
p 0 206 33060
x 0 33000
h 0 10.0.0.11
p 0 5996 33000
x 1 33001
h 1 10.0.0.11
p 1 1124 33001
x 0 33002
p 0 198 33002
x 0 33003
p 0 153 33003
x 0 33004
p 0 150 33004
x 0 33005
p 0 201 33005
x 0 33006
p 0 201 33006
x 0 33007
p 0 194 33007
x 0 33008
p 0 197 33008
x 0 33009
p 0 258 33009
x 0 33010
p 0 196 33010
x 0 33011
p 0 245 33011
x 0 33012
p 0 197 33012
x 0 33013
p 0 202 33013
x 0 33014
p 0 196 33014
x 0 33015
p 0 195 33015
x 0 33016
p 0 237 33016
x 0 33017
p 0 197 33017
x 0 33018
p 0 196 33018
x 0 33019
p 0 196 33019
x 0 33020
p 0 195 33020
x 0 33021
p 0 221 33021
x 0 33022
p 0 196 33022
x 0 33023
p 0 201 33023
x 0 33024
p 0 198 33024
x 0 33025
p 0 196 33025
x 0 33026
p 0 194 33026
x 0 33027
p 0 191 33027
x 0 33028
p 0 230 33028
x 0 33029
p 0 191 33029
x 0 33030
p 0 194 33030
x 0 33031
p 0 195 33031
x 0 33032
p 0 192 33032
x 0 33033
p 0 194 33033
x 0 33034
p 0 191 33034
x 0 33035
p 0 192 33035
x 0 33036
p 0 205 33036
x 0 33037
p 0 194 33037
x 0 33038
p 0 194 33038
x 0 33039
p 0 193 33039
x 0 33040
p 0 192 33040
x 0 33041
p 0 201 33041
x 0 33042
p 0 193 33042
x 0 33043
p 0 200 33043
x 0 33044
p 0 196 33044
x 0 33045
p 0 195 33045
x 0 33046
p 0 196 33046
x 0 33047
p 0 192 33047
x 0 33048
p 0 245 33048
x 0 33049
p 0 195 33049
x 0 33050
p 0 194 33050
x 0 33051
p 0 193 33051
x 0 33052
p 0 194 33052
x 0 33053
p 0 231 33053
x 0 33054
p 0 199 33054
x 0 33055
p 0 195 33055
x 0 33056
p 0 200 33056
x 0 33057
p 0 197 33057
x 0 33058
p 0 301 33058
x 0 33059
p 0 197 33059
x 0 33060
p 0 200 33060
x 0 33000
h 0 10.0.0.11
p 0 5667 33000
x 1 33001
h 1 10.0.0.11
p 1 1253 33001
x 0 33002
p 0 193 33002
x 0 33003
p 0 173 33003
x 0 33004
p 0 161 33004
x 0 33005
p 0 164 33005
x 0 33006
p 0 197 33006
x 0 33007
p 0 195 33007
x 0 33008
p 0 190 33008
x 0 33009
p 0 167 33009
x 0 33010
p 0 196 33010
x 0 33011
p 0 229 33011
x 0 33012
p 0 213 33012
x 0 33013
p 0 157 33013
x 0 33014
p 0 194 33014
x 0 33015
p 0 197 33015
x 0 33016
p 0 178 33016
x 0 33017
p 0 172 33017
x 0 33018
p 0 194 33018
x 0 33019
p 0 155 33019
x 0 33020
p 0 156 33020
x 0 33021
p 0 155 33021
x 0 33022
p 0 157 33022
x 0 33023
p 0 155 33023
x 0 33024
p 0 160 33024
x 0 33025
p 0 158 33025
x 0 33026
p 0 157 33026
x 0 33027
p 0 156 33027
x 0 33028
p 0 176 33028
x 0 33029
p 0 141 33029
x 0 33030
p 0 145 33030
x 0 33031
p 0 146 33031
x 0 33032
p 0 145 33032
x 0 33033
p 0 180 33033
x 0 33034
p 0 161 33034
x 0 33035
p 0 152 33035
x 0 33036
p 0 166 33036
x 0 33037
p 0 161 33037
x 0 33038
p 0 157 33038
x 0 33039
p 0 157 33039
x 0 33040
p 0 194 33040
x 0 33041
p 0 163 33041
x 0 33042
p 0 162 33042
x 0 33043
p 0 159 33043
x 0 33044
p 0 153 33044
x 0 33045
p 0 160 33045
x 0 33046
p 0 158 33046
x 0 33047
p 0 169 33047
x 0 33048
p 0 145 33048
x 0 33049
p 0 147 33049
x 0 33050
p 0 143 33050
x 0 33051
p 0 197 33051
x 0 33052
p 0 134 33052
x 0 33053
p 0 158 33053
x 0 33054
p 0 200 33054
x 0 33055
p 0 224 33055
x 0 33056
p 0 202 33056
x 0 33057
p 0 196 33057
x 0 33058
p 0 280 33058
x 0 33059
p 0 201 33059
x 0 33060
p 0 226 33060
x 0 33000
h 0 10.0.0.11
p 0 7003 33000
x 1 33001
h 1 10.0.0.11
p 1 1179 33001
x 0 33002
p 0 194 33002
x 0 33003
p 0 194 33003
x 0 33004
p 0 162 33004
x 0 33005
p 0 162 33005
x 0 33006
p 0 196 33006
x 0 33007
p 0 136 33007
x 0 33008
p 0 142 33008
x 0 33009
p 0 168 33009
x 0 33010
p 0 174 33010
x 0 33011
p 0 164 33011
x 0 33012
p 0 164 33012
x 0 33013
p 0 168 33013
x 0 33014
p 0 164 33014
x 0 33015
p 0 200 33015
x 0 33016
p 0 198 33016
x 0 33017
p 0 204 33017
x 0 33018
p 0 157 33018
x 0 33019
p 0 203 33019
x 0 33020
p 0 206 33020
x 0 33021
p 0 200 33021
x 0 33022
p 0 202 33022
x 0 33023
p 0 149 33023
x 0 33024
p 0 203 33024
x 0 33025
p 0 148 33025
x 0 33026
p 0 227 33026
x 0 33027
p 0 217 33027
x 0 33028
p 0 148 33028
x 0 33029
p 0 204 33029
x 0 33030
p 0 151 33030
x 0 33031
p 0 203 33031
x 0 33032
p 0 217 33032
x 0 33033
p 0 151 33033
x 0 33034
p 0 200 33034
x 0 33035
p 0 227 33035
x 0 33036
p 0 198 33036
x 0 33037
p 0 200 33037
x 0 33038
p 0 449 33038
x 0 33039
p 0 149 33039
x 0 33040
p 0 151 33040
x 0 33041
p 0 255 33041
x 0 33042
p 0 189 33042
x 0 33043
p 0 151 33043
x 0 33044
p 0 203 33044
x 0 33045
p 0 152 33045
x 0 33046
p 0 904 33046
x 0 33047
p 0 203 33047
x 0 33048
p 0 202 33048
x 0 33049
p 0 199 33049
x 0 33050
p 0 166 33050
x 0 33051
p 0 200 33051
x 0 33052
p 0 198 33052
x 0 33053
p 0 200 33053
x 0 33054
p 0 226 33054
x 0 33055
p 0 186 33055
x 0 33056
p 0 167 33056
x 0 33057
p 0 241 33057
x 0 33058
p 0 246 33058
x 0 33059
p 0 207 33059
x 0 33060
p 0 227 33060
x 0 33000
h 0 10.0.0.11
p 0 6193 33000
x 1 33001
h 1 10.0.0.11
p 1 1186 33001
x 0 33002
p 0 222 33002
x 0 33003
p 0 200 33003
x 0 33004
p 0 280 33004
x 0 33005
p 0 240 33005
x 0 33006
p 0 201 33006
x 0 33007
p 0 183 33007
x 0 33008
p 0 209 33008
x 0 33009
p 0 229 33009
x 0 33010
p 0 159 33010
x 0 33011
p 0 223 33011
x 0 33012
p 0 147 33012
x 0 33013
p 0 192 33013
x 0 33014
p 0 286 33014
x 0 33015
p 0 166 33015
x 0 33016
p 0 181 33016
x 0 33017
p 0 217 33017
x 0 33018
p 0 188 33018
x 0 33019
p 0 194 33019
x 0 33020
p 0 225 33020
x 0 33021
p 0 195 33021
x 0 33022
p 0 192 33022
x 0 33023
p 0 194 33023
x 0 33024
p 0 166 33024
x 0 33025
p 0 190 33025
x 0 33026
p 0 226 33026
x 0 33027
p 0 195 33027
x 0 33028
p 0 196 33028
x 0 33029
p 0 261 33029
x 0 33030
p 0 221 33030
x 0 33031
p 0 195 33031
x 0 33032
p 0 168 33032
x 0 33033
p 0 193 33033
x 0 33034
p 0 223 33034
x 0 33035
p 0 168 33035
x 0 33036
p 0 193 33036
x 0 33037
p 0 195 33037
x 0 33038
p 0 223 33038
x 0 33039
p 0 193 33039
x 0 33040
p 0 194 33040
x 0 33041
p 0 192 33041
x 0 33042
p 0 221 33042
x 0 33043
p 0 195 33043
x 0 33044
p 0 193 33044
x 0 33045
p 0 192 33045
x 0 33046
p 0 221 33046
x 0 33047
p 0 190 33047
x 0 33048
p 0 195 33048
x 0 33049
p 0 192 33049
x 0 33050
p 0 222 33050
x 0 33051
p 0 166 33051
x 0 33052
p 0 195 33052
x 0 33053
p 0 197 33053
x 0 33054
p 0 224 33054
x 0 33055
p 0 196 33055
x 0 33056
p 0 199 33056
x 0 33057
p 0 196 33057
x 0 33058
p 0 223 33058
x 0 33059
p 0 196 33059
x 0 33060
p 0 209 33060
x 0 33000
h 0 10.0.0.11
p 0 6843 33000
x 1 33001
h 1 10.0.0.11
p 1 1245 33001
x 0 33002
p 0 198 33002
x 0 33003
p 0 229 33003
x 0 33004
p 0 223 33004
x 0 33005
p 0 192 33005
x 0 33006
p 0 194 33006
x 0 33007
p 0 193 33007
x 0 33008
p 0 226 33008
x 0 33009
p 0 195 33009
x 0 33010
p 0 193 33010
x 0 33011
p 0 191 33011
x 0 33012
p 0 190 33012
x 0 33013
p 0 192 33013
x 0 33014
p 0 192 33014
x 0 33015
p 0 196 33015
x 0 33016
p 0 195 33016
x 0 33017
p 0 197 33017
x 0 33018
p 0 193 33018
x 0 33019
p 0 226 33019
x 0 33020
p 0 196 33020
x 0 33021
p 0 196 33021
x 0 33022
p 0 195 33022
x 0 33023
p 0 225 33023
x 0 33024
p 0 195 33024
x 0 33025
p 0 196 33025
x 0 33026
p 0 195 33026
x 0 33027
p 0 230 33027
x 0 33028
p 0 196 33028
x 0 33029
p 0 196 33029
x 0 33030
p 0 196 33030
x 0 33031
p 0 193 33031
x 0 33032
p 0 192 33032
x 0 33033
p 0 231 33033
x 0 33034
p 0 201 33034
x 0 33035
p 0 228 33035
x 0 33036
p 0 194 33036
x 0 33037
p 0 195 33037
x 0 33038
p 0 279 33038
x 0 33039
p 0 264 33039
x 0 33040
p 0 194 33040
x 0 33041
p 0 195 33041
x 0 33042
p 0 197 33042
x 0 33043
p 0 115 33043
x 0 33044
p 0 174 33044
x 0 33045
p 0 200 33045
x 0 33046
p 0 172 33046
x 0 33047
p 0 172 33047
x 0 33048
p 0 142 33048
x 0 33049
p 0 175 33049
x 0 33050
p 0 176 33050
x 0 33051
p 0 89 33051
x 0 33052
p 0 179 33052
x 0 33053
p 0 134 33053
x 0 33054
p 0 176 33054
x 0 33055
p 0 303 33055
x 0 33056
p 0 203 33056
x 0 33057
p 0 226 33057
x 0 33058
p 0 256 33058
x 0 33059
p 0 219 33059
x 0 33060
p 0 259 33060
x 0 33000
h 0 10.0.0.11
p 0 6204 33000
x 1 33001
h 1 10.0.0.11
p 1 1284 33001
x 0 33002
p 0 198 33002
x 0 33003
p 0 248 33003
x 0 33004
p 0 195 33004
x 0 33005
p 0 223 33005
x 0 33006
p 0 193 33006
x 0 33007
p 0 193 33007
x 0 33008
p 0 192 33008
x 0 33009
p 0 165 33009
x 0 33010
p 0 157 33010
x 0 33011
p 0 194 33011
x 0 33012
p 0 193 33012
x 0 33013
p 0 163 33013
x 0 33014
p 0 192 33014
x 0 33015
p 0 194 33015
x 0 33016
p 0 192 33016
x 0 33017
p 0 163 33017
x 0 33018
p 0 193 33018
x 0 33019
p 0 193 33019
x 0 33020
p 0 195 33020
x 0 33021
p 0 163 33021
x 0 33022
p 0 193 33022
x 0 33023
p 0 193 33023
x 0 33024
p 0 172 33024
x 0 33025
p 0 165 33025
x 0 33026
p 0 192 33026
x 0 33027
p 0 194 33027
x 0 33028
p 0 172 33028
x 0 33029
p 0 150 33029
x 0 33030
p 0 192 33030
x 0 33031
p 0 146 33031
x 0 33032
p 0 191 33032
x 0 33033
p 0 192 33033
x 0 33034
p 0 189 33034
x 0 33035
p 0 192 33035
x 0 33036
p 0 155 33036
x 0 33037
p 0 165 33037
x 0 33038
p 0 191 33038
x 0 33039
p 0 192 33039
x 0 33040
p 0 192 33040
x 0 33041
p 0 164 33041
x 0 33042
p 0 192 33042
x 0 33043
p 0 193 33043
x 0 33044
p 0 254 33044
x 0 33045
p 0 164 33045
x 0 33046
p 0 192 33046
x 0 33047
p 0 190 33047
x 0 33048
p 0 189 33048
x 0 33049
p 0 224 33049
x 0 33050
p 0 192 33050
x 0 33051
p 0 193 33051
x 0 33052
p 0 192 33052
x 0 33053
p 0 144 33053
x 0 33054
p 0 180 33054
x 0 33055
p 0 203 33055
x 0 33056
p 0 230 33056
x 0 33057
p 0 202 33057
x 0 33058
p 0 203 33058
x 0 33059
p 0 205 33059
x 0 33060
p 0 265 33060
x 0 33000
h 0 10.0.0.11
p 0 6071 33000
x 1 33001
h 1 10.0.0.11
p 1 1329 33001
x 0 33002
p 0 194 33002
x 0 33003
p 0 238 33003
x 0 33004
p 0 198 33004
x 0 33005
p 0 200 33005
x 0 33006
p 0 198 33006
x 0 33007
p 0 193 33007
x 0 33008
p 0 191 33008
x 0 33009
p 0 194 33009
x 0 33010
p 0 191 33010
x 0 33011
p 0 192 33011
x 0 33012
p 0 192 33012
x 0 33013
p 0 192 33013
x 0 33014
p 0 203 33014
x 0 33015
p 0 193 33015
x 0 33016
p 0 191 33016
x 0 33017
p 0 192 33017
x 0 33018
p 0 190 33018
x 0 33019
p 0 193 33019
x 0 33020
p 0 189 33020
x 0 33021
p 0 228 33021
x 0 33022
p 0 191 33022
x 0 33023
p 0 223 33023
x 0 33024
p 0 193 33024
x 0 33025
p 0 191 33025
x 0 33026
p 0 189 33026
x 0 33027
p 0 196 33027
x 0 33028
p 0 196 33028
x 0 33029
p 0 191 33029
x 0 33030
p 0 251 33030
x 0 33031
p 0 194 33031
x 0 33032
p 0 194 33032
x 0 33033
p 0 196 33033
x 0 33034
p 0 208 33034
x 0 33035
p 0 263 33035
x 0 33036
p 0 193 33036
x 0 33037
p 0 195 33037
x 0 33038
p 0 194 33038
x 0 33039
p 0 197 33039
x 0 33040
p 0 192 33040
x 0 33041
p 0 196 33041
x 0 33042
p 0 226 33042
x 0 33043
p 0 194 33043
x 0 33044
p 0 193 33044
x 0 33045
p 0 194 33045
x 0 33046
p 0 190 33046
x 0 33047
p 0 191 33047
x 0 33048
p 0 191 33048
x 0 33049
p 0 246 33049
x 0 33050
p 0 197 33050
x 0 33051
p 0 201 33051
x 0 33052
p 0 200 33052
x 0 33053
p 0 200 33053
x 0 33054
p 0 202 33054
x 0 33055
p 0 202 33055
x 0 33056
p 0 199 33056
x 0 33057
p 0 204 33057
x 0 33058
p 0 213 33058
x 0 33059
p 0 209 33059
x 0 33060
p 0 208 33060
x 0 33000
h 0 10.0.0.11
p 0 6872 33000
x 1 33001
h 1 10.0.0.11
p 1 1143 33001
x 0 33002
p 0 155 33002
x 0 33003
p 0 230 33003
x 0 33004
p 0 198 33004
x 0 33005
p 0 220 33005
x 0 33006
p 0 193 33006
x 0 33007
p 0 192 33007
x 0 33008
p 0 194 33008
x 0 33009
p 0 229 33009
x 0 33010
p 0 193 33010
x 0 33011
p 0 192 33011
x 0 33012
p 0 193 33012
x 0 33013
p 0 224 33013
x 0 33014
p 0 197 33014
x 0 33015
p 0 172 33015
x 0 33016
p 0 196 33016
x 0 33017
p 0 223 33017
x 0 33018
p 0 196 33018
x 0 33019
p 0 196 33019
x 0 33020
p 0 195 33020
x 0 33021
p 0 223 33021
x 0 33022
p 0 196 33022
x 0 33023
p 0 195 33023
x 0 33024
p 0 197 33024
x 0 33025
p 0 224 33025
x 0 33026
p 0 196 33026
x 0 33027
p 0 193 33027
x 0 33028
p 0 192 33028
x 0 33029
p 0 225 33029
x 0 33030
p 0 195 33030
x 0 33031
p 0 193 33031
x 0 33032
p 0 203 33032
x 0 33033
p 0 200 33033
x 0 33034
p 0 201 33034
x 0 33035
p 0 199 33035
x 0 33036
p 0 200 33036
x 0 33037
p 0 231 33037
x 0 33038
p 0 201 33038
x 0 33039
p 0 200 33039
x 0 33040
p 0 200 33040
x 0 33041
p 0 233 33041
x 0 33042
p 0 191 33042
x 0 33043
p 0 166 33043
x 0 33044
p 0 195 33044
x 0 33045
p 0 165 33045
x 0 33046
p 0 191 33046
x 0 33047
p 0 192 33047
x 0 33048
p 0 192 33048
x 0 33049
p 0 165 33049
x 0 33050
p 0 190 33050
x 0 33051
p 0 192 33051
x 0 33052
p 0 191 33052
x 0 33053
p 0 161 33053
x 0 33054
p 0 162 33054
x 0 33055
p 0 189 33055
x 0 33056
p 0 191 33056
x 0 33057
p 0 192 33057
x 0 33058
p 0 194 33058
x 0 33059
p 0 194 33059
x 0 33060
p 0 193 33060
