x 0 33000
x 1 33001
h 1 10.0.0.10
p 1 2137 33001
x 2 33002
h 2 10.0.0.10
p 2 219 33002
x 0 33003
h 0 10.0.0.10
p 0 217 33003
x 1 33004
p 1 205 33004
p 0 1006180 33000
x 0 33005
p 0 203 33005
x 0 33006
p 0 209 33006
x 0 33007
p 0 227 33007
x 0 33008
p 0 221 33008
x 0 33009
p 0 213 33009
x 0 33010
p 0 241 33010
x 0 33011
p 0 213 33011
x 0 33012
p 0 209 33012
x 0 33013
p 0 217 33013
x 0 33014
p 0 218 33014
x 0 33015
p 0 212 33015
x 0 33016
p 0 215 33016
x 0 33017
p 0 207 33017
x 0 33018
p 0 216 33018
x 0 33019
p 0 216 33019
x 0 33020
p 0 262 33020
x 0 33021
p 0 208 33021
x 0 33022
p 0 172 33022
x 0 33023
p 0 165 33023
x 0 33024
p 0 162 33024
x 0 33025
p 0 92 33025
x 0 33026
p 0 161 33026
x 0 33027
p 0 157 33027
x 0 33028
p 0 162 33028
x 0 33029
p 0 159 33029
x 0 33030
p 0 213 33030
x 0 33031
p 0 212 33031
x 0 33032
p 0 214 33032
x 0 33033
p 0 214 33033
x 0 33034
p 0 159 33034
x 0 33035
p 0 159 33035
x 0 33036
p 0 209 33036
x 0 33037
p 0 209 33037
x 0 33038
p 0 216 33038
x 0 33039
p 0 209 33039
x 0 33040
p 0 205 33040
x 0 33041
p 0 206 33041
x 0 33042
p 0 175 33042
x 0 33043
p 0 207 33043
x 0 33044
p 0 190 33044
x 0 33045
p 0 234 33045
x 0 33046
p 0 209 33046
x 0 33047
p 0 206 33047
x 0 33048
p 0 215 33048
x 0 33049
p 0 188 33049
x 0 33050
p 0 209 33050
x 0 33051
p 0 260 33051
x 0 33052
p 0 205 33052
x 0 33053
p 0 174 33053
x 0 33054
p 0 174 33054
x 0 33055
p 0 170 33055
x 0 33056
p 0 172 33056
x 0 33057
p 0 177 33057
x 0 33058
p 0 162 33058
x 0 33059
p 0 220 33059
x 0 33060
p 0 164 33060
x 0 33061
p 0 218 33061
x 0 33062
p 0 167 33062
x 0 33000
x 1 33001
h 1 10.0.0.10
p 1 2208 33001
x 2 33002
h 2 10.0.0.10
p 2 208 33002
x 0 33003
h 0 10.0.0.10
p 0 200 33003
x 1 33004
p 1 210 33004
p 0 1014667 33000
x 0 33005
p 0 202 33005
x 0 33006
p 0 164 33006
x 0 33007
p 0 172 33007
x 0 33008
p 0 204 33008
x 0 33009
p 0 200 33009
x 0 33010
p 0 203 33010
x 0 33011
p 0 203 33011
x 0 33012
p 0 213 33012
x 0 33013
p 0 204 33013
x 0 33014
p 0 206 33014
x 0 33015
p 0 206 33015
x 0 33016
p 0 207 33016
x 0 33017
p 0 207 33017
x 0 33018
p 0 201 33018
x 0 33019
p 0 203 33019
x 0 33020
p 0 206 33020
x 0 33021
p 0 304 33021
x 0 33022
p 0 205 33022
x 0 33023
p 0 207 33023
x 0 33024
p 0 207 33024
x 0 33025
p 0 206 33025
x 0 33026
p 0 176 33026
x 0 33027
p 0 193 33027
x 0 33028
p 0 165 33028
x 0 33029
p 0 178 33029
x 0 33030
p 0 207 33030
x 0 33031
p 0 238 33031
x 0 33032
p 0 208 33032
x 0 33033
p 0 213 33033
x 0 33034
p 0 240 33034
x 0 33035
p 0 233 33035
x 0 33036
p 0 202 33036
x 0 33037
p 0 211 33037
x 0 33038
p 0 208 33038
x 0 33039
p 0 235 33039
x 0 33040
p 0 180 33040
x 0 33041
p 0 206 33041
x 0 33042
p 0 310 33042
x 0 33043
p 0 181 33043
x 0 33044
p 0 290 33044
x 0 33045
p 0 177 33045
x 0 33046
p 0 212 33046
x 0 33047
p 0 271 33047
x 0 33048
p 0 194 33048
x 0 33049
p 0 211 33049
x 0 33050
p 0 236 33050
x 0 33051
p 0 267 33051
x 0 33052
p 0 221 33052
x 0 33053
p 0 218 33053
x 0 33054
p 0 220 33054
x 0 33055
p 0 253 33055
x 0 33056
p 0 226 33056
x 0 33057
p 0 224 33057
x 0 33058
p 0 224 33058
x 0 33059
p 0 224 33059
x 0 33060
p 0 216 33060
x 0 33061
p 0 230 33061
x 0 33062
p 0 259 33062
x 0 33000
x 1 33001
h 1 10.0.0.10
p 1 2034 33001
x 2 33002
h 2 10.0.0.10
p 2 203 33002
x 0 33003
h 0 10.0.0.10
p 0 203 33003
x 1 33004
p 1 201 33004
p 0 1001652 33000
x 0 33005
p 0 215 33005
x 0 33006
p 0 202 33006
x 0 33007
p 0 240 33007
x 0 33008
p 0 183 33008
x 0 33009
p 0 200 33009
x 0 33010
p 0 206 33010
x 0 33011
p 0 230 33011
x 0 33012
p 0 180 33012
x 0 33013
p 0 201 33013
x 0 33014
p 0 239 33014
x 0 33015
p 0 216 33015
x 0 33016
p 0 211 33016
x 0 33017
p 0 214 33017
x 0 33018
p 0 202 33018
x 0 33019
p 0 199 33019
x 0 33020
p 0 199 33020
x 0 33021
p 0 198 33021
x 0 33022
p 0 199 33022
x 0 33023
p 0 199 33023
x 0 33024
p 0 200 33024
x 0 33025
p 0 199 33025
x 0 33026
p 0 223 33026
x 0 33027
p 0 199 33027
x 0 33028
p 0 201 33028
x 0 33029
p 0 204 33029
x 0 33030
p 0 207 33030
x 0 33031
p 0 226 33031
x 0 33032
p 0 195 33032
x 0 33033
p 0 201 33033
x 0 33034
p 0 206 33034
x 0 33035
p 0 229 33035
x 0 33036
p 0 204 33036
x 0 33037
p 0 206 33037
x 0 33038
p 0 206 33038
x 0 33039
p 0 239 33039
x 0 33040
p 0 203 33040
x 0 33041
p 0 200 33041
x 0 33042
p 0 208 33042
x 0 33043
p 0 203 33043
x 0 33044
p 0 204 33044
x 0 33045
p 0 205 33045
x 0 33046
p 0 209 33046
x 0 33047
p 0 206 33047
x 0 33048
p 0 205 33048
x 0 33049
p 0 208 33049
x 0 33050
p 0 203 33050
x 0 33051
p 0 205 33051
x 0 33052
p 0 205 33052
x 0 33053
p 0 205 33053
x 0 33054
p 0 231 33054
x 0 33055
p 0 209 33055
x 0 33056
p 0 207 33056
x 0 33057
p 0 211 33057
x 0 33058
p 0 209 33058
x 0 33059
p 0 209 33059
x 0 33060
p 0 209 33060
x 0 33061
p 0 209 33061
x 0 33062
p 0 219 33062
x 0 33000
x 1 33001
h 1 10.0.0.10
p 1 2005 33001
x 2 33002
h 2 10.0.0.10
p 2 222 33002
x 0 33003
h 0 10.0.0.10
p 0 214 33003
x 1 33004
p 1 208 33004
p 0 1006887 33000
x 0 33005
p 0 205 33005
x 0 33006
p 0 202 33006
x 0 33007
p 0 204 33007
x 0 33008
p 0 204 33008
x 0 33009
p 0 203 33009
x 0 33010
p 0 205 33010
x 0 33011
p 0 202 33011
x 0 33012
p 0 205 33012
x 0 33013
p 0 209 33013
x 0 33014
p 0 217 33014
x 0 33015
p 0 210 33015
x 0 33016
p 0 238 33016
x 0 33017
p 0 208 33017
x 0 33018
p 0 211 33018
x 0 33019
p 0 211 33019
x 0 33020
p 0 294 33020
x 0 33021
p 0 209 33021
x 0 33022
p 0 211 33022
x 0 33023
p 0 205 33023
x 0 33024
p 0 232 33024
x 0 33025
p 0 204 33025
x 0 33026
p 0 205 33026
x 0 33027
p 0 207 33027
x 0 33028
p 0 227 33028
x 0 33029
p 0 210 33029
x 0 33030
p 0 208 33030
x 0 33031
p 0 208 33031
x 0 33032
p 0 235 33032
x 0 33033
p 0 205 33033
x 0 33034
p 0 208 33034
x 0 33035
p 0 210 33035
x 0 33036
p 0 254 33036
x 0 33037
p 0 237 33037
x 0 33038
p 0 209 33038
x 0 33039
p 0 206 33039
x 0 33040
p 0 203 33040
x 0 33041
p 0 228 33041
x 0 33042
p 0 201 33042
x 0 33043
p 0 203 33043
x 0 33044
p 0 205 33044
x 0 33045
p 0 211 33045
x 0 33046
p 0 210 33046
x 0 33047
p 0 213 33047
x 0 33048
p 0 218 33048
x 0 33049
p 0 215 33049
x 0 33050
p 0 217 33050
x 0 33051
p 0 251 33051
x 0 33052
p 0 217 33052
x 0 33053
p 0 214 33053
x 0 33054
p 0 215 33054
x 0 33055
p 0 223 33055
x 0 33056
p 0 214 33056
x 0 33057
p 0 218 33057
x 0 33058
p 0 219 33058
x 0 33059
p 0 217 33059
x 0 33060
p 0 209 33060
x 0 33061
p 0 215 33061
x 0 33062
p 0 232 33062
x 0 33000
x 1 33001
h 1 10.0.0.10
p 1 1868 33001
x 2 33002
h 2 10.0.0.10
p 2 221 33002
x 0 33003
h 0 10.0.0.10
p 0 199 33003
x 1 33004
p 1 214 33004
p 0 1011049 33000
x 0 33005
p 0 212 33005
x 0 33006
p 0 209 33006
x 0 33007
p 0 223 33007
x 0 33008
p 0 245 33008
x 0 33009
p 0 203 33009
x 0 33010
p 0 206 33010
x 0 33011
p 0 207 33011
x 0 33012
p 0 207 33012
x 0 33013
p 0 235 33013
x 0 33014
p 0 205 33014
x 0 33015
p 0 205 33015
x 0 33016
p 0 203 33016
x 0 33017
p 0 241 33017
x 0 33018
p 0 209 33018
x 0 33019
p 0 206 33019
x 0 33020
p 0 155 33020
x 0 33021
p 0 227 33021
x 0 33022
p 0 202 33022
x 0 33023
p 0 200 33023
x 0 33024
p 0 199 33024
x 0 33025
p 0 231 33025
x 0 33026
p 0 202 33026
x 0 33027
p 0 204 33027
x 0 33028
p 0 205 33028
x 0 33029
p 0 205 33029
x 0 33030
p 0 209 33030
x 0 33031
p 0 206 33031
x 0 33032
p 0 205 33032
x 0 33033
p 0 241 33033
x 0 33034
p 0 205 33034
x 0 33035
p 0 211 33035
x 0 33036
p 0 205 33036
x 0 33037
p 0 235 33037
x 0 33038
p 0 216 33038
x 0 33039
p 0 201 33039
x 0 33040
p 0 207 33040
x 0 33041
p 0 235 33041
x 0 33042
p 0 203 33042
x 0 33043
p 0 287 33043
x 0 33044
p 0 203 33044
x 0 33045
p 0 236 33045
x 0 33046
p 0 204 33046
x 0 33047
p 0 206 33047
x 0 33048
p 0 211 33048
x 0 33049
p 0 233 33049
x 0 33050
p 0 207 33050
x 0 33051
p 0 204 33051
x 0 33052
p 0 205 33052
x 0 33053
p 0 209 33053
x 0 33054
p 0 204 33054
x 0 33055
p 0 252 33055
x 0 33056
p 0 204 33056
x 0 33057
p 0 238 33057
x 0 33058
p 0 212 33058
x 0 33059
p 0 202 33059
x 0 33060
p 0 211 33060
x 0 33061
p 0 204 33061
x 0 33062
p 0 201 33062
x 0 33000
x 1 33001
h 1 10.0.0.10
p 1 1394 33001
x 2 33002
h 2 10.0.0.10
p 2 211 33002
x 0 33003
h 0 10.0.0.10
p 0 206 33003
x 1 33004
p 1 204 33004
p 0 1016014 33000
x 0 33005
p 0 162 33005
x 0 33006
p 0 163 33006
x 0 33007
p 0 204 33007
x 0 33008
p 0 202 33008
x 0 33009
p 0 200 33009
x 0 33010
p 0 233 33010
x 0 33011
p 0 203 33011
x 0 33012
p 0 201 33012
x 0 33013
p 0 200 33013
x 0 33014
p 0 168 33014
x 0 33015
p 0 168 33015
x 0 33016
p 0 202 33016
x 0 33017
p 0 203 33017
x 0 33018
p 0 231 33018
x 0 33019
p 0 201 33019
x 0 33020
p 0 204 33020
x 0 33021
p 0 207 33021
x 0 33022
p 0 229 33022
x 0 33023
p 0 199 33023
x 0 33024
p 0 166 33024
x 0 33025
p 0 204 33025
x 0 33026
p 0 236 33026
x 0 33027
p 0 213 33027
x 0 33028
p 0 204 33028
x 0 33029
p 0 256 33029
x 0 33030
p 0 255 33030
x 0 33031
p 0 204 33031
x 0 33032
p 0 205 33032
x 0 33033
p 0 203 33033
x 0 33034
p 0 260 33034
x 0 33035
p 0 204 33035
x 0 33036
p 0 205 33036
x 0 33037
p 0 207 33037
x 0 33038
p 0 194 33038
x 0 33039
p 0 203 33039
x 0 33040
p 0 192 33040
x 0 33041
p 0 316 33041
x 0 33042
p 0 242 33042
x 0 33043
p 0 239 33043
x 0 33044
p 0 204 33044
x 0 33045
p 0 203 33045
x 0 33046
p 0 202 33046
x 0 33047
p 0 213 33047
x 0 33048
p 0 196 33048
x 0 33049
p 0 277 33049
x 0 33050
p 0 237 33050
x 0 33051
p 0 203 33051
x 0 33052
p 0 206 33052
x 0 33053
p 0 189 33053
x 0 33054
p 0 203 33054
x 0 33055
p 0 236 33055
x 0 33056
p 0 205 33056
x 0 33057
p 0 213 33057
x 0 33058
p 0 208 33058
x 0 33059
p 0 180 33059
x 0 33060
p 0 212 33060
x 0 33061
p 0 239 33061
x 0 33062
p 0 213 33062
x 0 33000
x 1 33001
h 1 10.0.0.10
p 1 2055 33001
x 2 33002
h 2 10.0.0.10
p 2 343 33002
x 0 33003
h 0 10.0.0.10
p 0 202 33003
x 1 33004
p 1 200 33004
p 0 1024241 33000
x 0 33005
p 0 209 33005
x 0 33006
p 0 174 33006
x 0 33007
p 0 169 33007
x 0 33008
p 0 165 33008
x 0 33009
p 0 207 33009
x 0 33010
p 0 235 33010
x 0 33011
p 0 206 33011
x 0 33012
p 0 207 33012
x 0 33013
p 0 206 33013
x 0 33014
p 0 219 33014
x 0 33015
p 0 171 33015
x 0 33016
p 0 205 33016
x 0 33017
p 0 182 33017
x 0 33018
p 0 205 33018
x 0 33019
p 0 200 33019
x 0 33020
p 0 202 33020
x 0 33021
p 0 201 33021
x 0 33022
p 0 229 33022
x 0 33023
p 0 184 33023
x 0 33024
p 0 206 33024
x 0 33025
p 0 183 33025
x 0 33026
p 0 237 33026
x 0 33027
p 0 205 33027
x 0 33028
p 0 210 33028
x 0 33029
p 0 207 33029
x 0 33030
p 0 235 33030
x 0 33031
p 0 187 33031
x 0 33032
p 0 209 33032
x 0 33033
p 0 203 33033
x 0 33034
p 0 241 33034
x 0 33035
p 0 79 33035
x 0 33036
p 0 210 33036
x 0 33037
p 0 216 33037
x 0 33038
p 0 240 33038
x 0 33039
p 0 203 33039
x 0 33040
p 0 98 33040
x 0 33041
p 0 199 33041
x 0 33042
p 0 227 33042
x 0 33043
p 0 199 33043
x 0 33044
p 0 202 33044
x 0 33045
p 0 199 33045
x 0 33046
p 0 236 33046
x 0 33047
p 0 199 33047
x 0 33048
p 0 203 33048
x 0 33049
p 0 201 33049
x 0 33050
p 0 201 33050
x 0 33051
p 0 229 33051
x 0 33052
p 0 203 33052
x 0 33053
p 0 205 33053
x 0 33054
p 0 202 33054
x 0 33055
p 0 240 33055
x 0 33056
p 0 78 33056
x 0 33057
p 0 164 33057
x 0 33058
p 0 197 33058
x 0 33059
p 0 218 33059
x 0 33060
p 0 221 33060
x 0 33061
p 0 264 33061
x 0 33062
p 0 226 33062
x 0 33000
x 1 33001
h 1 10.0.0.10
p 1 2096 33001
x 2 33002
h 2 10.0.0.10
p 2 230 33002
x 0 33003
h 0 10.0.0.10
p 0 282 33003
x 1 33004
p 1 218 33004
p 0 1027234 33000
x 0 33005
p 0 180 33005
x 0 33006
p 0 178 33006
x 0 33007
p 0 175 33007
x 0 33008
p 0 180 33008
x 0 33009
p 0 176 33009
x 0 33010
p 0 175 33010
x 0 33011
p 0 175 33011
x 0 33012
p 0 227 33012
x 0 33013
p 0 174 33013
x 0 33014
p 0 178 33014
x 0 33015
p 0 170 33015
x 0 33016
p 0 172 33016
x 0 33017
p 0 152 33017
x 0 33018
p 0 168 33018
x 0 33019
p 0 168 33019
x 0 33020
p 0 87 33020
x 0 33021
p 0 172 33021
x 0 33022
p 0 173 33022
x 0 33023
p 0 177 33023
x 0 33024
p 0 176 33024
x 0 33025
p 0 149 33025
x 0 33026
p 0 180 33026
x 0 33027
p 0 227 33027
x 0 33028
p 0 253 33028
x 0 33029
p 0 177 33029
x 0 33030
p 0 176 33030
x 0 33031
p 0 174 33031
x 0 33032
p 0 175 33032
x 0 33033
p 0 170 33033
x 0 33034
p 0 174 33034
x 0 33035
p 0 170 33035
x 0 33036
p 0 173 33036
x 0 33037
p 0 170 33037
x 0 33038
p 0 177 33038
x 0 33039
p 0 177 33039
x 0 33040
p 0 179 33040
x 0 33041
p 0 175 33041
x 0 33042
p 0 179 33042
x 0 33043
p 0 177 33043
x 0 33044
p 0 179 33044
x 0 33045
p 0 178 33045
x 0 33046
p 0 204 33046
x 0 33047
p 0 179 33047
x 0 33048
p 0 176 33048
x 0 33049
p 0 174 33049
x 0 33050
p 0 175 33050
x 0 33051
p 0 169 33051
x 0 33052
p 0 153 33052
x 0 33053
p 0 110 33053
x 0 33054
p 0 289 33054
x 0 33055
p 0 209 33055
x 0 33056
p 0 131 33056
x 0 33057
p 0 215 33057
x 0 33058
p 0 218 33058
x 0 33059
p 0 221 33059
x 0 33060
p 0 250 33060
x 0 33061
p 0 235 33061
x 0 33062
p 0 237 33062
x 0 33000
x 1 33001
h 1 10.0.0.10
p 1 2153 33001
x 2 33002
h 2 10.0.0.10
p 2 244 33002
x 0 33003
h 0 10.0.0.10
p 0 245 33003
x 1 33004
p 1 239 33004
p 0 1031404 33000
x 0 33005
p 0 247 33005
x 0 33006
p 0 214 33006
x 0 33007
p 0 221 33007
x 0 33008
p 0 282 33008
x 0 33009
p 0 237 33009
x 0 33010
p 0 202 33010
x 0 33011
p 0 204 33011
x 0 33012
p 0 207 33012
x 0 33013
p 0 186 33013
x 0 33014
p 0 165 33014
x 0 33015
p 0 204 33015
x 0 33016
p 0 204 33016
x 0 33017
p 0 235 33017
x 0 33018
p 0 201 33018
x 0 33019
p 0 205 33019
x 0 33020
p 0 202 33020
x 0 33021
p 0 286 33021
x 0 33022
p 0 238 33022
x 0 33023
p 0 202 33023
x 0 33024
p 0 200 33024
x 0 33025
p 0 288 33025
x 0 33026
p 0 306 33026
x 0 33027
p 0 197 33027
x 0 33028
p 0 286 33028
x 0 33029
p 0 203 33029
x 0 33030
p 0 197 33030
x 0 33031
p 0 200 33031
x 0 33032
p 0 203 33032
x 0 33033
p 0 201 33033
x 0 33034
p 0 225 33034
x 0 33035
p 0 199 33035
x 0 33036
p 0 202 33036
x 0 33037
p 0 287 33037
x 0 33038
p 0 306 33038
x 0 33039
p 0 288 33039
x 0 33040
p 0 293 33040
x 0 33041
p 0 200 33041
x 0 33042
p 0 236 33042
x 0 33043
p 0 202 33043
x 0 33044
p 0 204 33044
x 0 33045
p 0 176 33045
x 0 33046
p 0 198 33046
x 0 33047
p 0 228 33047
x 0 33048
p 0 201 33048
x 0 33049
p 0 199 33049
x 0 33050
p 0 199 33050
x 0 33051
p 0 228 33051
x 0 33052
p 0 201 33052
x 0 33053
p 0 202 33053
x 0 33054
p 0 307 33054
x 0 33055
p 0 332 33055
x 0 33056
p 0 210 33056
x 0 33057
p 0 217 33057
x 0 33058
p 0 309 33058
x 0 33059
p 0 220 33059
x 0 33060
p 0 206 33060
x 0 33061
p 0 230 33061
x 0 33062
p 0 223 33062
x 0 33000
x 1 33001
h 1 10.0.0.10
p 1 2104 33001
x 2 33002
h 2 10.0.0.10
p 2 217 33002
x 0 33003
h 0 10.0.0.10
p 0 201 33003
x 1 33004
p 1 198 33004
p 0 1010230 33000
x 0 33005
p 0 199 33005
x 0 33006
p 0 205 33006
x 0 33007
p 0 209 33007
x 0 33008
p 0 214 33008
x 0 33009
p 0 251 33009
x 0 33010
p 0 213 33010
x 0 33011
p 0 211 33011
x 0 33012
p 0 211 33012
x 0 33013
p 0 210 33013
x 0 33014
p 0 207 33014
x 0 33015
p 0 204 33015
x 0 33016
p 0 203 33016
x 0 33017
p 0 208 33017
x 0 33018
p 0 207 33018
x 0 33019
p 0 204 33019
x 0 33020
p 0 202 33020
x 0 33021
p 0 231 33021
x 0 33022
p 0 202 33022
x 0 33023
p 0 210 33023
x 0 33024
p 0 202 33024
x 0 33025
p 0 206 33025
x 0 33026
p 0 201 33026
x 0 33027
p 0 209 33027
x 0 33028
p 0 251 33028
x 0 33029
p 0 209 33029
x 0 33030
p 0 205 33030
x 0 33031
p 0 203 33031
x 0 33032
p 0 203 33032
x 0 33033
p 0 210 33033
x 0 33034
p 0 264 33034
x 0 33035
p 0 201 33035
x 0 33036
p 0 232 33036
x 0 33037
p 0 211 33037
x 0 33038
p 0 211 33038
x 0 33039
p 0 201 33039
x 0 33040
p 0 202 33040
x 0 33041
p 0 202 33041
x 0 33042
p 0 202 33042
x 0 33043
p 0 236 33043
x 0 33044
p 0 200 33044
x 0 33045
p 0 202 33045
x 0 33046
p 0 196 33046
x 0 33047
p 0 203 33047
x 0 33048
p 0 205 33048
x 0 33049
p 0 201 33049
x 0 33050
p 0 200 33050
x 0 33051
p 0 225 33051
x 0 33052
p 0 202 33052
x 0 33053
p 0 205 33053
x 0 33054
p 0 204 33054
x 0 33055
p 0 229 33055
x 0 33056
p 0 203 33056
x 0 33057
p 0 213 33057
x 0 33058
p 0 212 33058
x 0 33059
p 0 205 33059
x 0 33060
p 0 204 33060
x 0 33061
p 0 202 33061
x 0 33062
p 0 203 33062
x 0 33000
x 1 33001
h 1 10.0.0.10
p 1 2065 33001
x 2 33002
h 2 10.0.0.10
p 2 304 33002
x 0 33003
h 0 10.0.0.10
p 0 200 33003
x 1 33004
p 1 201 33004
p 0 1013556 33000
x 0 33005
p 0 266 33005
x 0 33006
p 0 208 33006
x 0 33007
p 0 207 33007
x 0 33008
p 0 209 33008
x 0 33009
p 0 208 33009
x 0 33010
p 0 228 33010
x 0 33011
p 0 207 33011
x 0 33012
p 0 247 33012
x 0 33013
p 0 217 33013
x 0 33014
p 0 205 33014
x 0 33015
p 0 208 33015
x 0 33016
p 0 216 33016
x 0 33017
p 0 206 33017
x 0 33018
p 0 209 33018
x 0 33019
p 0 205 33019
x 0 33020
p 0 206 33020
x 0 33021
p 0 206 33021
x 0 33022
p 0 205 33022
x 0 33023
p 0 90 33023
x 0 33024
p 0 211 33024
x 0 33025
p 0 208 33025
x 0 33026
p 0 271 33026
x 0 33027
p 0 208 33027
x 0 33028
p 0 206 33028
x 0 33029
p 0 205 33029
x 0 33030
p 0 206 33030
x 0 33031
p 0 204 33031
x 0 33032
p 0 209 33032
x 0 33033
p 0 204 33033
x 0 33034
p 0 203 33034
x 0 33035
p 0 246 33035
x 0 33036
p 0 204 33036
x 0 33037
p 0 278 33037
x 0 33038
p 0 210 33038
x 0 33039
p 0 210 33039
x 0 33040
p 0 206 33040
x 0 33041
p 0 212 33041
x 0 33042
p 0 252 33042
x 0 33043
p 0 169 33043
x 0 33044
p 0 240 33044
x 0 33045
p 0 204 33045
x 0 33046
p 0 91 33046
x 0 33047
p 0 210 33047
x 0 33048
p 0 245 33048
x 0 33049
p 0 228 33049
x 0 33050
p 0 203 33050
x 0 33051
p 0 205 33051
x 0 33052
p 0 216 33052
x 0 33053
p 0 245 33053
x 0 33054
p 0 209 33054
x 0 33055
p 0 213 33055
x 0 33056
p 0 216 33056
x 0 33057
p 0 217 33057
x 0 33058
p 0 212 33058
x 0 33059
p 0 214 33059
x 0 33060
p 0 219 33060
x 0 33061
p 0 212 33061
x 0 33062
p 0 236 33062
x 0 33000
x 1 33001
h 1 10.0.0.10
p 1 2052 33001
x 2 33002
h 2 10.0.0.10
p 2 255 33002
x 0 33003
h 0 10.0.0.10
p 0 276 33003
x 1 33004
p 1 217 33004
p 0 1008798 33000
x 0 33005
p 0 208 33005
x 0 33006
p 0 210 33006
x 0 33007
p 0 253 33007
x 0 33008
p 0 273 33008
x 0 33009
p 0 217 33009
x 0 33010
p 0 207 33010
x 0 33011
p 0 208 33011
x 0 33012
p 0 209 33012
x 0 33013
p 0 236 33013
x 0 33014
p 0 212 33014
x 0 33015
p 0 209 33015
x 0 33016
p 0 210 33016
x 0 33017
p 0 209 33017
x 0 33018
p 0 211 33018
x 0 33019
p 0 208 33019
x 0 33020
p 0 207 33020
x 0 33021
p 0 209 33021
x 0 33022
p 0 207 33022
x 0 33023
p 0 212 33023
x 0 33024
p 0 201 33024
x 0 33025
p 0 201 33025
x 0 33026
p 0 204 33026
x 0 33027
p 0 204 33027
x 0 33028
p 0 204 33028
x 0 33029
p 0 203 33029
x 0 33030
p 0 215 33030
x 0 33031
p 0 203 33031
x 0 33032
p 0 203 33032
x 0 33033
p 0 211 33033
x 0 33034
p 0 201 33034
x 0 33035
p 0 203 33035
x 0 33036
p 0 202 33036
x 0 33037
p 0 204 33037
x 0 33038
p 0 232 33038
x 0 33039
p 0 205 33039
x 0 33040
p 0 266 33040
x 0 33041
p 0 204 33041
x 0 33042
p 0 205 33042
x 0 33043
p 0 205 33043
x 0 33044
p 0 204 33044
x 0 33045
p 0 200 33045
x 0 33046
p 0 208 33046
x 0 33047
p 0 214 33047
x 0 33048
p 0 214 33048
x 0 33049
p 0 208 33049
x 0 33050
p 0 212 33050
x 0 33051
p 0 232 33051
x 0 33052
p 0 267 33052
x 0 33053
p 0 247 33053
x 0 33054
p 0 224 33054
x 0 33055
p 0 219 33055
x 0 33056
p 0 232 33056
x 0 33057
p 0 222 33057
x 0 33058
p 0 222 33058
x 0 33059
p 0 226 33059
x 0 33060
p 0 212 33060
x 0 33061
p 0 213 33061
x 0 33062
p 0 219 33062
x 0 33000
x 1 33001
h 1 10.0.0.10
p 1 2093 33001
x 2 33002
h 2 10.0.0.10
p 2 209 33002
x 0 33003
h 0 10.0.0.10
p 0 215 33003
x 1 33004
p 1 207 33004
p 0 1027540 33000
x 0 33005
p 0 257 33005
x 0 33006
p 0 219 33006
x 0 33007
p 0 227 33007
x 0 33008
p 0 220 33008
x 0 33009
p 0 224 33009
x 0 33010
p 0 223 33010
x 0 33011
p 0 219 33011
x 0 33012
p 0 172 33012
x 0 33013
p 0 162 33013
x 0 33014
p 0 166 33014
x 0 33015
p 0 157 33015
x 0 33016
p 0 212 33016
x 0 33017
p 0 131 33017
x 0 33018
p 0 216 33018
x 0 33019
p 0 162 33019
x 0 33020
p 0 159 33020
x 0 33021
p 0 214 33021
x 0 33022
p 0 139 33022
x 0 33023
p 0 157 33023
x 0 33024
p 0 155 33024
x 0 33025
p 0 157 33025
x 0 33026
p 0 217 33026
x 0 33027
p 0 159 33027
x 0 33028
p 0 225 33028
x 0 33029
p 0 158 33029
x 0 33030
p 0 165 33030
x 0 33031
p 0 217 33031
x 0 33032
p 0 167 33032
x 0 33033
p 0 222 33033
x 0 33034
p 0 164 33034
x 0 33035
p 0 217 33035
x 0 33036
p 0 217 33036
x 0 33037
p 0 211 33037
x 0 33038
p 0 157 33038
x 0 33039
p 0 159 33039
x 0 33040
p 0 210 33040
x 0 33041
p 0 209 33041
x 0 33042
p 0 165 33042
x 0 33043
p 0 158 33043
x 0 33044
p 0 215 33044
x 0 33045
p 0 159 33045
x 0 33046
p 0 212 33046
x 0 33047
p 0 215 33047
x 0 33048
p 0 159 33048
x 0 33049
p 0 211 33049
x 0 33050
p 0 164 33050
x 0 33051
p 0 213 33051
x 0 33052
p 0 163 33052
x 0 33053
p 0 214 33053
x 0 33054
p 0 212 33054
x 0 33055
p 0 158 33055
x 0 33056
p 0 216 33056
x 0 33057
p 0 162 33057
x 0 33058
p 0 212 33058
x 0 33059
p 0 214 33059
x 0 33060
p 0 217 33060
x 0 33061
p 0 218 33061
x 0 33062
p 0 224 33062
x 0 33000
x 1 33001
h 1 10.0.0.10
p 1 2243 33001
x 2 33002
h 2 10.0.0.10
p 2 223 33002
x 0 33003
h 0 10.0.0.10
p 0 200 33003
x 1 33004
p 1 234 33004
p 0 1007926 33000
x 0 33005
p 0 203 33005
x 0 33006
p 0 202 33006
x 0 33007
p 0 206 33007
x 0 33008
p 0 200 33008
x 0 33009
p 0 204 33009
x 0 33010
p 0 219 33010
x 0 33011
p 0 206 33011
x 0 33012
p 0 207 33012
x 0 33013
p 0 206 33013
x 0 33014
p 0 204 33014
x 0 33015
p 0 208 33015
x 0 33016
p 0 202 33016
x 0 33017
p 0 203 33017
x 0 33018
p 0 221 33018
x 0 33019
p 0 202 33019
x 0 33020
p 0 202 33020
x 0 33021
p 0 203 33021
x 0 33022
p 0 203 33022
x 0 33023
p 0 205 33023
x 0 33024
p 0 178 33024
x 0 33025
p 0 202 33025
x 0 33026
p 0 204 33026
x 0 33027
p 0 207 33027
x 0 33028
p 0 208 33028
x 0 33029
p 0 210 33029
x 0 33030
p 0 204 33030
x 0 33031
p 0 235 33031
x 0 33032
p 0 206 33032
x 0 33033
p 0 206 33033
x 0 33034
p 0 181 33034
x 0 33035
p 0 207 33035
x 0 33036
p 0 203 33036
x 0 33037
p 0 181 33037
x 0 33038
p 0 202 33038
x 0 33039
p 0 203 33039
x 0 33040
p 0 208 33040
x 0 33041
p 0 209 33041
x 0 33042
p 0 285 33042
x 0 33043
p 0 179 33043
x 0 33044
p 0 210 33044
x 0 33045
p 0 181 33045
x 0 33046
p 0 206 33046
x 0 33047
p 0 206 33047
x 0 33048
p 0 208 33048
x 0 33049
p 0 207 33049
x 0 33050
p 0 207 33050
x 0 33051
p 0 205 33051
x 0 33052
p 0 205 33052
x 0 33053
p 0 210 33053
x 0 33054
p 0 203 33054
x 0 33055
p 0 212 33055
x 0 33056
p 0 208 33056
x 0 33057
p 0 214 33057
x 0 33058
p 0 181 33058
x 0 33059
p 0 212 33059
x 0 33060
p 0 213 33060
x 0 33061
p 0 216 33061
x 0 33062
p 0 262 33062
x 0 33000
x 1 33001
h 1 10.0.0.10
p 1 1797 33001
x 2 33002
h 2 10.0.0.10
p 2 226 33002
x 0 33003
h 0 10.0.0.10
p 0 209 33003
x 1 33004
p 1 246 33004
p 0 1012692 33000
x 0 33005
p 0 214 33005
x 0 33006
p 0 175 33006
x 0 33007
p 0 296 33007
x 0 33008
p 0 171 33008
x 0 33009
p 0 206 33009
x 0 33010
p 0 161 33010
x 0 33011
p 0 166 33011
x 0 33012
p 0 166 33012
x 0 33013
p 0 203 33013
x 0 33014
p 0 169 33014
x 0 33015
p 0 172 33015
x 0 33016
p 0 181 33016
x 0 33017
p 0 174 33017
x 0 33018
p 0 185 33018
x 0 33019
p 0 179 33019
x 0 33020
p 0 194 33020
x 0 33021
p 0 178 33021
x 0 33022
p 0 193 33022
x 0 33023
p 0 176 33023
x 0 33024
p 0 174 33024
x 0 33025
p 0 155 33025
x 0 33026
p 0 179 33026
x 0 33027
p 0 211 33027
x 0 33028
p 0 209 33028
x 0 33029
p 0 209 33029
x 0 33030
p 0 152 33030
x 0 33031
p 0 151 33031
x 0 33032
p 0 211 33032
x 0 33033
p 0 154 33033
x 0 33034
p 0 154 33034
x 0 33035
p 0 150 33035
x 0 33036
p 0 209 33036
x 0 33037
p 0 207 33037
x 0 33038
p 0 206 33038
x 0 33039
p 0 204 33039
x 0 33040
p 0 206 33040
x 0 33041
p 0 209 33041
x 0 33042
p 0 239 33042
x 0 33043
p 0 207 33043
x 0 33044
p 0 266 33044
x 0 33045
p 0 209 33045
x 0 33046
p 0 150 33046
x 0 33047
p 0 157 33047
x 0 33048
p 0 155 33048
x 0 33049
p 0 148 33049
x 0 33050
p 0 184 33050
x 0 33051
p 0 154 33051
x 0 33052
p 0 161 33052
x 0 33053
p 0 161 33053
x 0 33054
p 0 211 33054
x 0 33055
p 0 210 33055
x 0 33056
p 0 161 33056
x 0 33057
p 0 150 33057
x 0 33058
p 0 157 33058
x 0 33059
p 0 212 33059
x 0 33060
p 0 215 33060
x 0 33061
p 0 216 33061
x 0 33062
p 0 158 33062
x 0 33000
x 1 33001
h 1 10.0.0.10
p 1 1877 33001
x 2 33002
h 2 10.0.0.10
p 2 234 33002
x 0 33003
h 0 10.0.0.10
p 0 222 33003
x 1 33004
p 1 199 33004
p 0 1014464 33000
x 0 33005
p 0 203 33005
x 0 33006
p 0 200 33006
x 0 33007
p 0 206 33007
x 0 33008
p 0 203 33008
x 0 33009
p 0 199 33009
x 0 33010
p 0 202 33010
x 0 33011
p 0 224 33011
x 0 33012
p 0 200 33012
x 0 33013
p 0 278 33013
x 0 33014
p 0 202 33014
x 0 33015
p 0 202 33015
x 0 33016
p 0 203 33016
x 0 33017
p 0 200 33017
x 0 33018
p 0 208 33018
x 0 33019
p 0 203 33019
x 0 33020
p 0 205 33020
x 0 33021
p 0 288 33021
x 0 33022
p 0 207 33022
x 0 33023
p 0 201 33023
x 0 33024
p 0 205 33024
x 0 33025
p 0 202 33025
x 0 33026
p 0 207 33026
x 0 33027
p 0 205 33027
x 0 33028
p 0 213 33028
x 0 33029
p 0 211 33029
x 0 33030
p 0 207 33030
x 0 33031
p 0 204 33031
x 0 33032
p 0 212 33032
x 0 33033
p 0 207 33033
x 0 33034
p 0 206 33034
x 0 33035
p 0 204 33035
x 0 33036
p 0 205 33036
x 0 33037
p 0 208 33037
x 0 33038
p 0 204 33038
x 0 33039
p 0 212 33039
x 0 33040
p 0 202 33040
x 0 33041
p 0 201 33041
x 0 33042
p 0 204 33042
x 0 33043
p 0 206 33043
x 0 33044
p 0 205 33044
x 0 33045
p 0 205 33045
x 0 33046
p 0 206 33046
x 0 33047
p 0 203 33047
x 0 33048
p 0 206 33048
x 0 33049
p 0 212 33049
x 0 33050
p 0 209 33050
x 0 33051
p 0 206 33051
x 0 33052
p 0 218 33052
x 0 33053
p 0 206 33053
x 0 33054
p 0 205 33054
x 0 33055
p 0 208 33055
x 0 33056
p 0 213 33056
x 0 33057
p 0 215 33057
x 0 33058
p 0 214 33058
x 0 33059
p 0 217 33059
x 0 33060
p 0 240 33060
x 0 33061
p 0 216 33061
x 0 33062
p 0 221 33062
x 0 33000
x 1 33001
h 1 10.0.0.10
p 1 2023 33001
x 2 33002
h 2 10.0.0.10
p 2 210 33002
x 0 33003
h 0 10.0.0.10
p 0 205 33003
x 1 33004
p 1 210 33004
p 0 1015296 33000
x 0 33005
p 0 239 33005
x 0 33006
p 0 213 33006
x 0 33007
p 0 103 33007
x 0 33008
p 0 167 33008
x 0 33009
p 0 143 33009
x 0 33010
p 0 206 33010
x 0 33011
p 0 202 33011
x 0 33012
p 0 236 33012
x 0 33013
p 0 171 33013
x 0 33014
p 0 170 33014
x 0 33015
p 0 173 33015
x 0 33016
p 0 141 33016
x 0 33017
p 0 129 33017
x 0 33018
p 0 171 33018
x 0 33019
p 0 197 33019
x 0 33020
p 0 168 33020
x 0 33021
p 0 173 33021
x 0 33022
p 0 174 33022
x 0 33023
p 0 201 33023
x 0 33024
p 0 173 33024
x 0 33025
p 0 172 33025
x 0 33026
p 0 171 33026
x 0 33027
p 0 141 33027
x 0 33028
p 0 173 33028
x 0 33029
p 0 172 33029
x 0 33030
p 0 175 33030
x 0 33031
p 0 171 33031
x 0 33032
p 0 173 33032
x 0 33033
p 0 173 33033
x 0 33034
p 0 171 33034
x 0 33035
p 0 199 33035
x 0 33036
p 0 154 33036
x 0 33037
p 0 168 33037
x 0 33038
p 0 138 33038
x 0 33039
p 0 202 33039
x 0 33040
p 0 172 33040
x 0 33041
p 0 175 33041
x 0 33042
p 0 172 33042
x 0 33043
p 0 221 33043
x 0 33044
p 0 181 33044
x 0 33045
p 0 174 33045
x 0 33046
p 0 178 33046
x 0 33047
p 0 214 33047
x 0 33048
p 0 180 33048
x 0 33049
p 0 172 33049
x 0 33050
p 0 202 33050
x 0 33051
p 0 182 33051
x 0 33052
p 0 182 33052
x 0 33053
p 0 173 33053
x 0 33054
p 0 199 33054
x 0 33055
p 0 178 33055
x 0 33056
p 0 205 33056
x 0 33057
p 0 179 33057
x 0 33058
p 0 231 33058
x 0 33059
p 0 208 33059
x 0 33060
p 0 177 33060
x 0 33061
p 0 219 33061
x 0 33062
p 0 308 33062
x 0 33000
x 1 33001
h 1 10.0.0.10
p 1 2120 33001
x 2 33002
h 2 10.0.0.10
p 2 224 33002
x 0 33003
h 0 10.0.0.10
p 0 203 33003
x 1 33004
p 1 156 33004
p 0 1010527 33000
x 0 33005
p 0 230 33005
x 0 33006
p 0 213 33006
x 0 33007
p 0 214 33007
x 0 33008
p 0 213 33008
x 0 33009
p 0 213 33009
x 0 33010
p 0 219 33010
x 0 33011
p 0 217 33011
x 0 33012
p 0 221 33012
x 0 33013
p 0 216 33013
x 0 33014
p 0 203 33014
x 0 33015
p 0 202 33015
x 0 33016
p 0 207 33016
x 0 33017
p 0 207 33017
x 0 33018
p 0 202 33018
x 0 33019
p 0 211 33019
x 0 33020
p 0 204 33020
x 0 33021
p 0 206 33021
x 0 33022
p 0 206 33022
x 0 33023
p 0 209 33023
x 0 33024
p 0 206 33024
x 0 33025
p 0 257 33025
x 0 33026
p 0 203 33026
x 0 33027
p 0 207 33027
x 0 33028
p 0 206 33028
x 0 33029
p 0 208 33029
x 0 33030
p 0 201 33030
x 0 33031
p 0 203 33031
x 0 33032
p 0 204 33032
x 0 33033
p 0 208 33033
x 0 33034
p 0 202 33034
x 0 33035
p 0 203 33035
x 0 33036
p 0 206 33036
x 0 33037
p 0 208 33037
x 0 33038
p 0 205 33038
x 0 33039
p 0 206 33039
x 0 33040
p 0 204 33040
x 0 33041
p 0 205 33041
x 0 33042
p 0 208 33042
x 0 33043
p 0 211 33043
x 0 33044
p 0 205 33044
x 0 33045
p 0 204 33045
x 0 33046
p 0 204 33046
x 0 33047
p 0 201 33047
x 0 33048
p 0 205 33048
x 0 33049
p 0 208 33049
x 0 33050
p 0 202 33050
x 0 33051
p 0 210 33051
x 0 33052
p 0 213 33052
x 0 33053
p 0 231 33053
x 0 33054
p 0 192 33054
x 0 33055
p 0 218 33055
x 0 33056
p 0 218 33056
x 0 33057
p 0 242 33057
x 0 33058
p 0 235 33058
x 0 33059
p 0 250 33059
x 0 33060
p 0 212 33060
x 0 33061
p 0 218 33061
x 0 33062
p 0 236 33062
x 0 33000
x 1 33001
h 1 10.0.0.10
p 1 1892 33001
x 2 33002
h 2 10.0.0.10
p 2 208 33002
x 0 33003
h 0 10.0.0.10
p 0 201 33003
x 1 33004
p 1 198 33004
p 0 1007177 33000
x 0 33005
p 0 169 33005
x 0 33006
p 0 201 33006
x 0 33007
p 0 249 33007
x 0 33008
p 0 202 33008
x 0 33009
p 0 199 33009
x 0 33010
p 0 198 33010
x 0 33011
p 0 202 33011
x 0 33012
p 0 202 33012
x 0 33013
p 0 204 33013
x 0 33014
p 0 201 33014
x 0 33015
p 0 203 33015
x 0 33016
p 0 201 33016
x 0 33017
p 0 202 33017
x 0 33018
p 0 199 33018
x 0 33019
p 0 172 33019
x 0 33020
p 0 199 33020
x 0 33021
p 0 198 33021
x 0 33022
p 0 200 33022
x 0 33023
p 0 202 33023
x 0 33024
p 0 200 33024
x 0 33025
p 0 203 33025
x 0 33026
p 0 201 33026
x 0 33027
p 0 198 33027
x 0 33028
p 0 200 33028
x 0 33029
p 0 202 33029
x 0 33030
p 0 199 33030
x 0 33031
p 0 198 33031
x 0 33032
p 0 204 33032
x 0 33033
p 0 202 33033
x 0 33034
p 0 203 33034
x 0 33035
p 0 209 33035
x 0 33036
p 0 260 33036
x 0 33037
p 0 203 33037
x 0 33038
p 0 176 33038
x 0 33039
p 0 202 33039
x 0 33040
p 0 207 33040
x 0 33041
p 0 202 33041
x 0 33042
p 0 199 33042
x 0 33043
p 0 200 33043
x 0 33044
p 0 200 33044
x 0 33045
p 0 86 33045
x 0 33046
p 0 200 33046
x 0 33047
p 0 201 33047
x 0 33048
p 0 200 33048
x 0 33049
p 0 202 33049
x 0 33050
p 0 198 33050
x 0 33051
p 0 199 33051
x 0 33052
p 0 254 33052
x 0 33053
p 0 178 33053
x 0 33054
p 0 178 33054
x 0 33055
p 0 203 33055
x 0 33056
p 0 203 33056
x 0 33057
p 0 208 33057
x 0 33058
p 0 205 33058
x 0 33059
p 0 184 33059
x 0 33060
p 0 207 33060
x 0 33061
p 0 209 33061
x 0 33062
p 0 215 33062
x 0 33000
x 1 33001
h 1 10.0.0.10
p 1 2045 33001
x 2 33002
h 2 10.0.0.10
p 2 222 33002
x 0 33003
h 0 10.0.0.10
p 0 234 33003
x 1 33004
p 1 200 33004
p 0 1002397 33000
x 0 33005
p 0 204 33005
x 0 33006
p 0 202 33006
x 0 33007
p 0 205 33007
x 0 33008
p 0 180 33008
x 0 33009
p 0 200 33009
x 0 33010
p 0 200 33010
x 0 33011
p 0 182 33011
x 0 33012
p 0 171 33012
x 0 33013
p 0 199 33013
x 0 33014
p 0 199 33014
x 0 33015
p 0 198 33015
x 0 33016
p 0 198 33016
x 0 33017
p 0 200 33017
x 0 33018
p 0 207 33018
x 0 33019
p 0 186 33019
x 0 33020
p 0 202 33020
x 0 33021
p 0 184 33021
x 0 33022
p 0 166 33022
x 0 33023
p 0 209 33023
x 0 33024
p 0 199 33024
x 0 33025
p 0 171 33025
x 0 33026
p 0 198 33026
x 0 33027
p 0 202 33027
x 0 33028
p 0 200 33028
x 0 33029
p 0 171 33029
x 0 33030
p 0 172 33030
x 0 33031
p 0 202 33031
x 0 33032
p 0 200 33032
x 0 33033
p 0 199 33033
x 0 33034
p 0 198 33034
x 0 33035
p 0 202 33035
x 0 33036
p 0 199 33036
x 0 33037
p 0 171 33037
x 0 33038
p 0 229 33038
x 0 33039
p 0 168 33039
x 0 33040
p 0 201 33040
x 0 33041
p 0 171 33041
x 0 33042
p 0 199 33042
x 0 33043
p 0 201 33043
x 0 33044
p 0 181 33044
x 0 33045
p 0 179 33045
x 0 33046
p 0 201 33046
x 0 33047
p 0 204 33047
x 0 33048
p 0 206 33048
x 0 33049
p 0 179 33049
x 0 33050
p 0 207 33050
x 0 33051
p 0 203 33051
x 0 33052
p 0 233 33052
x 0 33053
p 0 201 33053
x 0 33054
p 0 208 33054
x 0 33055
p 0 213 33055
x 0 33056
p 0 208 33056
x 0 33057
p 0 187 33057
x 0 33058
p 0 216 33058
x 0 33059
p 0 243 33059
x 0 33060
p 0 244 33060
x 0 33061
p 0 183 33061
x 0 33062
p 0 261 33062
x 0 33000
x 1 33001
h 1 10.0.0.10
p 1 1802 33001
x 2 33002
h 2 10.0.0.10
p 2 211 33002
x 0 33003
h 0 10.0.0.10
p 0 203 33003
x 1 33004
p 1 207 33004
p 0 1005563 33000
x 0 33005
p 0 262 33005
x 0 33006
p 0 205 33006
x 0 33007
p 0 204 33007
x 0 33008
p 0 203 33008
x 0 33009
p 0 203 33009
x 0 33010
p 0 202 33010
x 0 33011
p 0 200 33011
x 0 33012
p 0 202 33012
x 0 33013
p 0 202 33013
x 0 33014
p 0 208 33014
x 0 33015
p 0 202 33015
x 0 33016
p 0 201 33016
x 0 33017
p 0 201 33017
x 0 33018
p 0 201 33018
x 0 33019
p 0 201 33019
x 0 33020
p 0 203 33020
x 0 33021
p 0 200 33021
x 0 33022
p 0 204 33022
x 0 33023
p 0 202 33023
x 0 33024
p 0 201 33024
x 0 33025
p 0 201 33025
x 0 33026
p 0 203 33026
x 0 33027
p 0 204 33027
x 0 33028
p 0 202 33028
x 0 33029
p 0 204 33029
x 0 33030
p 0 202 33030
x 0 33031
p 0 204 33031
x 0 33032
p 0 203 33032
x 0 33033
p 0 202 33033
x 0 33034
p 0 201 33034
x 0 33035
p 0 199 33035
x 0 33036
p 0 199 33036
x 0 33037
p 0 201 33037
x 0 33038
p 0 190 33038
x 0 33039
p 0 200 33039
x 0 33040
p 0 200 33040
x 0 33041
p 0 238 33041
x 0 33042
p 0 199 33042
x 0 33043
p 0 207 33043
x 0 33044
p 0 201 33044
x 0 33045
p 0 203 33045
x 0 33046
p 0 201 33046
x 0 33047
p 0 205 33047
x 0 33048
p 0 203 33048
x 0 33049
p 0 204 33049
x 0 33050
p 0 206 33050
x 0 33051
p 0 204 33051
x 0 33052
p 0 203 33052
x 0 33053
p 0 206 33053
x 0 33054
p 0 207 33054
x 0 33055
p 0 207 33055
x 0 33056
p 0 209 33056
x 0 33057
p 0 215 33057
x 0 33058
p 0 206 33058
x 0 33059
p 0 222 33059
x 0 33060
p 0 226 33060
x 0 33061
p 0 212 33061
x 0 33062
p 0 235 33062
x 0 33000
x 1 33001
h 1 10.0.0.10
p 1 1992 33001
x 2 33002
h 2 10.0.0.10
p 2 216 33002
x 0 33003
h 0 10.0.0.10
p 0 214 33003
x 1 33004
p 1 207 33004
p 0 1022848 33000
x 0 33005
p 0 205 33005
x 0 33006
p 0 208 33006
x 0 33007
p 0 194 33007
x 0 33008
p 0 203 33008
x 0 33009
p 0 201 33009
x 0 33010
p 0 199 33010
x 0 33011
p 0 202 33011
x 0 33012
p 0 200 33012
x 0 33013
p 0 286 33013
x 0 33014
p 0 279 33014
x 0 33015
p 0 202 33015
x 0 33016
p 0 202 33016
x 0 33017
p 0 174 33017
x 0 33018
p 0 200 33018
x 0 33019
p 0 201 33019
x 0 33020
p 0 199 33020
x 0 33021
p 0 198 33021
x 0 33022
p 0 201 33022
x 0 33023
p 0 202 33023
x 0 33024
p 0 202 33024
x 0 33025
p 0 199 33025
x 0 33026
p 0 273 33026
x 0 33027
p 0 202 33027
x 0 33028
p 0 201 33028
x 0 33029
p 0 172 33029
x 0 33030
p 0 205 33030
x 0 33031
p 0 203 33031
x 0 33032
p 0 203 33032
x 0 33033
p 0 168 33033
x 0 33034
p 0 198 33034
x 0 33035
p 0 201 33035
x 0 33036
p 0 197 33036
x 0 33037
p 0 199 33037
x 0 33038
p 0 197 33038
x 0 33039
p 0 181 33039
x 0 33040
p 0 163 33040
x 0 33041
p 0 199 33041
x 0 33042
p 0 198 33042
x 0 33043
p 0 199 33043
x 0 33044
p 0 198 33044
x 0 33045
p 0 212 33045
x 0 33046
p 0 200 33046
x 0 33047
p 0 190 33047
x 0 33048
p 0 179 33048
x 0 33049
p 0 210 33049
x 0 33050
p 0 204 33050
x 0 33051
p 0 206 33051
x 0 33052
p 0 205 33052
x 0 33053
p 0 207 33053
x 0 33054
p 0 211 33054
x 0 33055
p 0 208 33055
x 0 33056
p 0 205 33056
x 0 33057
p 0 208 33057
x 0 33058
p 0 208 33058
x 0 33059
p 0 209 33059
x 0 33060
p 0 209 33060
x 0 33061
p 0 207 33061
x 0 33062
p 0 213 33062
x 0 33000
x 1 33001
h 1 10.0.0.10
p 1 2403 33001
x 2 33002
h 2 10.0.0.10
p 2 206 33002
x 0 33003
h 0 10.0.0.10
p 0 228 33003
x 1 33004
p 1 207 33004
p 0 1026410 33000
x 0 33005
p 0 154 33005
x 0 33006
p 0 193 33006
x 0 33007
p 0 206 33007
x 0 33008
p 0 235 33008
x 0 33009
p 0 169 33009
x 0 33010
p 0 258 33010
x 0 33011
p 0 166 33011
x 0 33012
p 0 166 33012
x 0 33013
p 0 168 33013
x 0 33014
p 0 200 33014
x 0 33015
p 0 149 33015
x 0 33016
p 0 168 33016
x 0 33017
p 0 167 33017
x 0 33018
p 0 198 33018
x 0 33019
p 0 167 33019
x 0 33020
p 0 167 33020
x 0 33021
p 0 169 33021
x 0 33022
p 0 198 33022
x 0 33023
p 0 151 33023
x 0 33024
p 0 76 33024
x 0 33025
p 0 172 33025
x 0 33026
p 0 202 33026
x 0 33027
p 0 169 33027
x 0 33028
p 0 169 33028
x 0 33029
p 0 168 33029
x 0 33030
p 0 202 33030
x 0 33031
p 0 170 33031
x 0 33032
p 0 169 33032
x 0 33033
p 0 168 33033
x 0 33034
p 0 199 33034
x 0 33035
p 0 168 33035
x 0 33036
p 0 167 33036
x 0 33037
p 0 173 33037
x 0 33038
p 0 164 33038
x 0 33039
p 0 198 33039
x 0 33040
p 0 167 33040
x 0 33041
p 0 159 33041
x 0 33042
p 0 211 33042
x 0 33043
p 0 204 33043
x 0 33044
p 0 204 33044
x 0 33045
p 0 212 33045
x 0 33046
p 0 220 33046
x 0 33047
p 0 260 33047
x 0 33048
p 0 225 33048
x 0 33049
p 0 234 33049
x 0 33050
p 0 214 33050
x 0 33051
p 0 240 33051
x 0 33052
p 0 286 33052
x 0 33053
p 0 223 33053
x 0 33054
p 0 217 33054
x 0 33055
p 0 398 33055
x 0 33056
p 0 332 33056
x 0 33057
p 0 364 33057
x 0 33058
p 0 454 33058
x 0 33059
p 0 365 33059
x 0 33060
p 0 415 33060
x 0 33061
p 0 364 33061
x 0 33062
p 0 324 33062
x 0 33000
x 1 33001
h 1 10.0.0.10
p 1 1993 33001
x 2 33002
h 2 10.0.0.10
p 2 249 33002
x 0 33003
h 0 10.0.0.10
p 0 213 33003
x 1 33004
p 1 208 33004
p 0 1024936 33000
x 0 33005
p 0 392 33005
x 0 33006
p 0 600 33006
x 0 33007
p 0 334 33007
x 0 33008
p 0 268 33008
x 0 33009
p 0 210 33009
x 0 33010
p 0 209 33010
x 0 33011
p 0 206 33011
x 0 33012
p 0 208 33012
x 0 33013
p 0 209 33013
x 0 33014
p 0 261 33014
x 0 33015
p 0 199 33015
x 0 33016
p 0 174 33016
x 0 33017
p 0 199 33017
x 0 33018
p 0 198 33018
x 0 33019
p 0 199 33019
x 0 33020
p 0 199 33020
x 0 33021
p 0 201 33021
x 0 33022
p 0 202 33022
x 0 33023
p 0 199 33023
x 0 33024
p 0 198 33024
x 0 33025
p 0 201 33025
x 0 33026
p 0 202 33026
x 0 33027
p 0 202 33027
x 0 33028
p 0 200 33028
x 0 33029
p 0 208 33029
x 0 33030
p 0 202 33030
x 0 33031
p 0 202 33031
x 0 33032
p 0 204 33032
x 0 33033
p 0 205 33033
x 0 33034
p 0 202 33034
x 0 33035
p 0 203 33035
x 0 33036
p 0 203 33036
x 0 33037
p 0 206 33037
x 0 33038
p 0 272 33038
x 0 33039
p 0 200 33039
x 0 33040
p 0 201 33040
x 0 33041
p 0 206 33041
x 0 33042
p 0 149 33042
x 0 33043
p 0 203 33043
x 0 33044
p 0 200 33044
x 0 33045
p 0 205 33045
x 0 33046
p 0 173 33046
x 0 33047
p 0 202 33047
x 0 33048
p 0 203 33048
x 0 33049
p 0 201 33049
x 0 33050
p 0 202 33050
x 0 33051
p 0 200 33051
x 0 33052
p 0 225 33052
x 0 33053
p 0 203 33053
x 0 33054
p 0 203 33054
x 0 33055
p 0 207 33055
x 0 33056
p 0 208 33056
x 0 33057
p 0 207 33057
x 0 33058
p 0 154 33058
x 0 33059
p 0 204 33059
x 0 33060
p 0 204 33060
x 0 33061
p 0 207 33061
x 0 33062
p 0 291 33062
x 0 33000
x 1 33001
h 1 10.0.0.10
p 1 4332 33001
x 2 33002
h 2 10.0.0.10
p 2 325 33002
x 0 33003
h 0 10.0.0.10
p 0 215 33003
x 1 33004
p 1 287 33004
p 0 1024702 33000
x 0 33005
p 0 217 33005
x 0 33006
p 0 223 33006
x 0 33007
p 0 285 33007
x 0 33008
p 0 207 33008
x 0 33009
p 0 203 33009
x 0 33010
p 0 200 33010
x 0 33011
p 0 204 33011
x 0 33012
p 0 202 33012
x 0 33013
p 0 202 33013
x 0 33014
p 0 202 33014
x 0 33015
p 0 205 33015
x 0 33016
p 0 202 33016
x 0 33017
p 0 207 33017
x 0 33018
p 0 204 33018
x 0 33019
p 0 205 33019
x 0 33020
p 0 201 33020
x 0 33021
p 0 204 33021
x 0 33022
p 0 187 33022
x 0 33023
p 0 204 33023
x 0 33024
p 0 189 33024
x 0 33025
p 0 203 33025
x 0 33026
p 0 203 33026
x 0 33027
p 0 204 33027
x 0 33028
p 0 202 33028
x 0 33029
p 0 206 33029
x 0 33030
p 0 207 33030
x 0 33031
p 0 205 33031
x 0 33032
p 0 206 33032
x 0 33033
p 0 203 33033
x 0 33034
p 0 301 33034
x 0 33035
p 0 205 33035
x 0 33036
p 0 205 33036
x 0 33037
p 0 205 33037
x 0 33038
p 0 205 33038
x 0 33039
p 0 203 33039
x 0 33040
p 0 204 33040
x 0 33041
p 0 207 33041
x 0 33042
p 0 204 33042
x 0 33043
p 0 206 33043
x 0 33044
p 0 207 33044
x 0 33045
p 0 203 33045
x 0 33046
p 0 205 33046
x 0 33047
p 0 297 33047
x 0 33048
p 0 203 33048
x 0 33049
p 0 202 33049
x 0 33050
p 0 205 33050
x 0 33051
p 0 208 33051
x 0 33052
p 0 201 33052
x 0 33053
p 0 205 33053
x 0 33054
p 0 206 33054
x 0 33055
p 0 216 33055
x 0 33056
p 0 219 33056
x 0 33057
p 0 224 33057
x 0 33058
p 0 222 33058
x 0 33059
p 0 221 33059
x 0 33060
p 0 219 33060
x 0 33061
p 0 216 33061
x 0 33062
p 0 221 33062
x 0 33000
x 1 33001
h 1 10.0.0.10
p 1 1590 33001
x 2 33002
h 2 10.0.0.10
p 2 284 33002
x 0 33003
h 0 10.0.0.10
p 0 204 33003
x 1 33004
p 1 203 33004
p 0 1000885 33000
x 0 33005
p 0 204 33005
x 0 33006
p 0 178 33006
x 0 33007
p 0 203 33007
x 0 33008
p 0 220 33008
x 0 33009
p 0 178 33009
x 0 33010
p 0 175 33010
x 0 33011
p 0 173 33011
x 0 33012
p 0 175 33012
x 0 33013
p 0 204 33013
x 0 33014
p 0 209 33014
x 0 33015
p 0 181 33015
x 0 33016
p 0 205 33016
x 0 33017
p 0 203 33017
x 0 33018
p 0 207 33018
x 0 33019
p 0 171 33019
x 0 33020
p 0 200 33020
x 0 33021
p 0 203 33021
x 0 33022
p 0 207 33022
x 0 33023
p 0 172 33023
x 0 33024
p 0 173 33024
x 0 33025
p 0 201 33025
x 0 33026
p 0 207 33026
x 0 33027
p 0 171 33027
x 0 33028
p 0 202 33028
x 0 33029
p 0 201 33029
x 0 33030
p 0 175 33030
x 0 33031
p 0 173 33031
x 0 33032
p 0 202 33032
x 0 33033
p 0 201 33033
x 0 33034
p 0 204 33034
x 0 33035
p 0 193 33035
x 0 33036
p 0 210 33036
x 0 33037
p 0 217 33037
x 0 33038
p 0 197 33038
x 0 33039
p 0 217 33039
x 0 33040
p 0 214 33040
x 0 33041
p 0 215 33041
x 0 33042
p 0 218 33042
x 0 33043
p 0 249 33043
x 0 33044
p 0 213 33044
x 0 33045
p 0 201 33045
x 0 33046
p 0 206 33046
x 0 33047
p 0 204 33047
x 0 33048
p 0 206 33048
x 0 33049
p 0 179 33049
x 0 33050
p 0 175 33050
x 0 33051
p 0 178 33051
x 0 33052
p 0 203 33052
x 0 33053
p 0 178 33053
x 0 33054
p 0 151 33054
x 0 33055
p 0 171 33055
x 0 33056
p 0 207 33056
x 0 33057
p 0 175 33057
x 0 33058
p 0 207 33058
x 0 33059
p 0 205 33059
x 0 33060
p 0 212 33060
x 0 33061
p 0 205 33061
x 0 33062
p 0 207 33062
x 0 33000
x 1 33001
h 1 10.0.0.10
p 1 1940 33001
x 2 33002
h 2 10.0.0.10
p 2 215 33002
x 0 33003
h 0 10.0.0.10
p 0 249 33003
x 1 33004
p 1 252 33004
p 0 1008561 33000
x 0 33005
p 0 204 33005
x 0 33006
p 0 210 33006
x 0 33007
p 0 196 33007
x 0 33008
p 0 220 33008
x 0 33009
p 0 218 33009
x 0 33010
p 0 216 33010
x 0 33011
p 0 251 33011
x 0 33012
p 0 217 33012
x 0 33013
p 0 222 33013
x 0 33014
p 0 213 33014
x 0 33015
p 0 215 33015
x 0 33016
p 0 213 33016
x 0 33017
p 0 221 33017
x 0 33018
p 0 225 33018
x 0 33019
p 0 219 33019
x 0 33020
p 0 217 33020
x 0 33021
p 0 218 33021
x 0 33022
p 0 220 33022
x 0 33023
p 0 215 33023
x 0 33024
p 0 218 33024
x 0 33025
p 0 243 33025
x 0 33026
p 0 249 33026
x 0 33027
p 0 212 33027
x 0 33028
p 0 214 33028
x 0 33029
p 0 211 33029
x 0 33030
p 0 213 33030
x 0 33031
p 0 214 33031
x 0 33032
p 0 213 33032
x 0 33033
p 0 213 33033
x 0 33034
p 0 213 33034
x 0 33035
p 0 257 33035
x 0 33036
p 0 211 33036
x 0 33037
p 0 216 33037
x 0 33038
p 0 215 33038
x 0 33039
p 0 218 33039
x 0 33040
p 0 216 33040
x 0 33041
p 0 215 33041
x 0 33042
p 0 218 33042
x 0 33043
p 0 267 33043
x 0 33044
p 0 227 33044
x 0 33045
p 0 232 33045
x 0 33046
p 0 201 33046
x 0 33047
p 0 207 33047
x 0 33048
p 0 203 33048
x 0 33049
p 0 231 33049
x 0 33050
p 0 203 33050
x 0 33051
p 0 204 33051
x 0 33052
p 0 206 33052
x 0 33053
p 0 201 33053
x 0 33054
p 0 217 33054
x 0 33055
p 0 213 33055
x 0 33056
p 0 213 33056
x 0 33057
p 0 217 33057
x 0 33058
p 0 218 33058
x 0 33059
p 0 157 33059
x 0 33060
p 0 161 33060
x 0 33061
p 0 189 33061
x 0 33062
p 0 169 33062
x 0 33000
x 1 33001
h 1 10.0.0.10
p 1 1955 33001
x 2 33002
h 2 10.0.0.10
p 2 225 33002
x 0 33003
h 0 10.0.0.10
p 0 211 33003
x 1 33004
p 1 271 33004
p 0 1015647 33000
x 0 33005
p 0 213 33005
x 0 33006
p 0 185 33006
x 0 33007
p 0 212 33007
x 0 33008
p 0 259 33008
x 0 33009
p 0 205 33009
x 0 33010
p 0 174 33010
x 0 33011
p 0 238 33011
x 0 33012
p 0 207 33012
x 0 33013
p 0 207 33013
x 0 33014
p 0 175 33014
x 0 33015
p 0 229 33015
x 0 33016
p 0 204 33016
x 0 33017
p 0 205 33017
x 0 33018
p 0 174 33018
x 0 33019
p 0 238 33019
x 0 33020
p 0 125 33020
x 0 33021
p 0 206 33021
x 0 33022
p 0 174 33022
x 0 33023
p 0 234 33023
x 0 33024
p 0 203 33024
x 0 33025
p 0 203 33025
x 0 33026
p 0 173 33026
x 0 33027
p 0 241 33027
x 0 33028
p 0 172 33028
x 0 33029
p 0 205 33029
x 0 33030
p 0 165 33030
x 0 33031
p 0 234 33031
x 0 33032
p 0 206 33032
x 0 33033
p 0 178 33033
x 0 33034
p 0 176 33034
x 0 33035
p 0 205 33035
x 0 33036
p 0 174 33036
x 0 33037
p 0 202 33037
x 0 33038
p 0 176 33038
x 0 33039
p 0 235 33039
x 0 33040
p 0 203 33040
x 0 33041
p 0 207 33041
x 0 33042
p 0 175 33042
x 0 33043
p 0 237 33043
x 0 33044
p 0 175 33044
x 0 33045
p 0 207 33045
x 0 33046
p 0 173 33046
x 0 33047
p 0 324 33047
x 0 33048
p 0 205 33048
x 0 33049
p 0 207 33049
x 0 33050
p 0 176 33050
x 0 33051
p 0 235 33051
x 0 33052
p 0 204 33052
x 0 33053
p 0 172 33053
x 0 33054
p 0 178 33054
x 0 33055
p 0 212 33055
x 0 33056
p 0 211 33056
x 0 33057
p 0 218 33057
x 0 33058
p 0 183 33058
x 0 33059
p 0 242 33059
x 0 33060
p 0 208 33060
x 0 33061
p 0 228 33061
x 0 33062
p 0 219 33062
x 0 33000
x 1 33001
h 1 10.0.0.10
p 1 1692 33001
x 2 33002
h 2 10.0.0.10
p 2 205 33002
x 0 33003
h 0 10.0.0.10
p 0 209 33003
x 1 33004
p 1 209 33004
p 0 1017603 33000
x 0 33005
p 0 167 33005
x 0 33006
p 0 159 33006
x 0 33007
p 0 304 33007
x 0 33008
p 0 210 33008
x 0 33009
p 0 214 33009
x 0 33010
p 0 210 33010
x 0 33011
p 0 208 33011
x 0 33012
p 0 208 33012
x 0 33013
p 0 207 33013
x 0 33014
p 0 207 33014
x 0 33015
p 0 241 33015
x 0 33016
p 0 206 33016
x 0 33017
p 0 203 33017
x 0 33018
p 0 205 33018
x 0 33019
p 0 205 33019
x 0 33020
p 0 205 33020
x 0 33021
p 0 204 33021
x 0 33022
p 0 206 33022
x 0 33023
p 0 208 33023
x 0 33024
p 0 204 33024
x 0 33025
p 0 207 33025
x 0 33026
p 0 175 33026
x 0 33027
p 0 209 33027
x 0 33028
p 0 208 33028
x 0 33029
p 0 207 33029
x 0 33030
p 0 200 33030
x 0 33031
p 0 208 33031
x 0 33032
p 0 205 33032
x 0 33033
p 0 207 33033
x 0 33034
p 0 209 33034
x 0 33035
p 0 203 33035
x 0 33036
p 0 204 33036
x 0 33037
p 0 203 33037
x 0 33038
p 0 209 33038
x 0 33039
p 0 204 33039
x 0 33040
p 0 202 33040
x 0 33041
p 0 204 33041
x 0 33042
p 0 208 33042
x 0 33043
p 0 207 33043
x 0 33044
p 0 207 33044
x 0 33045
p 0 205 33045
x 0 33046
p 0 207 33046
x 0 33047
p 0 209 33047
x 0 33048
p 0 205 33048
x 0 33049
p 0 205 33049
x 0 33050
p 0 208 33050
x 0 33051
p 0 204 33051
x 0 33052
p 0 202 33052
x 0 33053
p 0 203 33053
x 0 33054
p 0 205 33054
x 0 33055
p 0 212 33055
x 0 33056
p 0 209 33056
x 0 33057
p 0 213 33057
x 0 33058
p 0 213 33058
x 0 33059
p 0 214 33059
x 0 33060
p 0 211 33060
x 0 33061
p 0 216 33061
x 0 33062
p 0 217 33062
x 0 33000
x 1 33001
h 1 10.0.0.10
p 1 2315 33001
x 2 33002
h 2 10.0.0.10
p 2 286 33002
x 0 33003
h 0 10.0.0.10
p 0 216 33003
x 1 33004
p 1 210 33004
p 0 1020927 33000
x 0 33005
p 0 209 33005
x 0 33006
p 0 208 33006
x 0 33007
p 0 189 33007
x 0 33008
p 0 207 33008
x 0 33009
p 0 209 33009
x 0 33010
p 0 178 33010
x 0 33011
p 0 204 33011
x 0 33012
p 0 233 33012
x 0 33013
p 0 204 33013
x 0 33014
p 0 205 33014
x 0 33015
p 0 206 33015
x 0 33016
p 0 214 33016
x 0 33017
p 0 217 33017
x 0 33018
p 0 319 33018
x 0 33019
p 0 237 33019
x 0 33020
p 0 245 33020
x 0 33021
p 0 261 33021
x 0 33022
p 0 223 33022
x 0 33023
p 0 203 33023
x 0 33024
p 0 175 33024
x 0 33025
p 0 202 33025
x 0 33026
p 0 203 33026
x 0 33027
p 0 170 33027
x 0 33028
p 0 206 33028
x 0 33029
p 0 206 33029
x 0 33030
p 0 203 33030
x 0 33031
p 0 202 33031
x 0 33032
p 0 176 33032
x 0 33033
p 0 203 33033
x 0 33034
p 0 208 33034
x 0 33035
p 0 206 33035
x 0 33036
p 0 205 33036
x 0 33037
p 0 203 33037
x 0 33038
p 0 169 33038
x 0 33039
p 0 204 33039
x 0 33040
p 0 203 33040
x 0 33041
p 0 202 33041
x 0 33042
p 0 204 33042
x 0 33043
p 0 245 33043
x 0 33044
p 0 205 33044
x 0 33045
p 0 229 33045
x 0 33046
p 0 173 33046
x 0 33047
p 0 169 33047
x 0 33048
p 0 202 33048
x 0 33049
p 0 202 33049
x 0 33050
p 0 205 33050
x 0 33051
p 0 170 33051
x 0 33052
p 0 203 33052
x 0 33053
p 0 201 33053
x 0 33054
p 0 206 33054
x 0 33055
p 0 207 33055
x 0 33056
p 0 211 33056
x 0 33057
p 0 214 33057
x 0 33058
p 0 214 33058
x 0 33059
p 0 184 33059
x 0 33060
p 0 215 33060
x 0 33061
p 0 214 33061
x 0 33062
p 0 231 33062
x 0 33000
x 1 33001
h 1 10.0.0.10
p 1 1574 33001
x 2 33002
h 2 10.0.0.10
p 2 212 33002
x 0 33003
h 0 10.0.0.10
p 0 204 33003
x 1 33004
p 1 202 33004
p 0 1007788 33000
x 0 33005
p 0 173 33005
x 0 33006
p 0 220 33006
x 0 33007
p 0 207 33007
x 0 33008
p 0 205 33008
x 0 33009
p 0 204 33009
x 0 33010
p 0 203 33010
x 0 33011
p 0 205 33011
x 0 33012
p 0 202 33012
x 0 33013
p 0 200 33013
x 0 33014
p 0 204 33014
x 0 33015
p 0 204 33015
x 0 33016
p 0 204 33016
x 0 33017
p 0 202 33017
x 0 33018
p 0 204 33018
x 0 33019
p 0 205 33019
x 0 33020
p 0 206 33020
x 0 33021
p 0 176 33021
x 0 33022
p 0 206 33022
x 0 33023
p 0 207 33023
x 0 33024
p 0 208 33024
x 0 33025
p 0 203 33025
x 0 33026
p 0 203 33026
x 0 33027
p 0 209 33027
x 0 33028
p 0 207 33028
x 0 33029
p 0 205 33029
x 0 33030
p 0 206 33030
x 0 33031
p 0 206 33031
x 0 33032
p 0 207 33032
x 0 33033
p 0 204 33033
x 0 33034
p 0 206 33034
x 0 33035
p 0 183 33035
x 0 33036
p 0 203 33036
x 0 33037
p 0 204 33037
x 0 33038
p 0 204 33038
x 0 33039
p 0 202 33039
x 0 33040
p 0 206 33040
x 0 33041
p 0 202 33041
x 0 33042
p 0 204 33042
x 0 33043
p 0 206 33043
x 0 33044
p 0 205 33044
x 0 33045
p 0 205 33045
x 0 33046
p 0 205 33046
x 0 33047
p 0 209 33047
x 0 33048
p 0 209 33048
x 0 33049
p 0 203 33049
x 0 33050
p 0 210 33050
x 0 33051
p 0 209 33051
x 0 33052
p 0 213 33052
x 0 33053
p 0 207 33053
x 0 33054
p 0 206 33054
x 0 33055
p 0 218 33055
x 0 33056
p 0 214 33056
x 0 33057
p 0 211 33057
x 0 33058
p 0 209 33058
x 0 33059
p 0 215 33059
x 0 33060
p 0 261 33060
x 0 33061
p 0 211 33061
x 0 33062
p 0 257 33062
x 0 33000
x 1 33001
h 1 10.0.0.10
p 1 1935 33001
x 2 33002
h 2 10.0.0.10
p 2 208 33002
x 0 33003
h 0 10.0.0.10
p 0 211 33003
x 1 33004
p 1 206 33004
p 0 1004722 33000
x 0 33005
p 0 259 33005
x 0 33006
p 0 215 33006
x 0 33007
p 0 222 33007
x 0 33008
p 0 218 33008
x 0 33009
p 0 218 33009
x 0 33010
p 0 213 33010
x 0 33011
p 0 216 33011
x 0 33012
p 0 216 33012
x 0 33013
p 0 218 33013
x 0 33014
p 0 218 33014
x 0 33015
p 0 214 33015
x 0 33016
p 0 216 33016
x 0 33017
p 0 219 33017
x 0 33018
p 0 218 33018
x 0 33019
p 0 213 33019
x 0 33020
p 0 214 33020
x 0 33021
p 0 216 33021
x 0 33022
p 0 217 33022
x 0 33023
p 0 213 33023
x 0 33024
p 0 215 33024
x 0 33025
p 0 215 33025
x 0 33026
p 0 216 33026
x 0 33027
p 0 214 33027
x 0 33028
p 0 214 33028
x 0 33029
p 0 299 33029
x 0 33030
p 0 213 33030
x 0 33031
p 0 218 33031
x 0 33032
p 0 219 33032
x 0 33033
p 0 216 33033
x 0 33034
p 0 215 33034
x 0 33035
p 0 216 33035
x 0 33036
p 0 216 33036
x 0 33037
p 0 215 33037
x 0 33038
p 0 217 33038
x 0 33039
p 0 217 33039
x 0 33040
p 0 270 33040
x 0 33041
p 0 315 33041
x 0 33042
p 0 215 33042
x 0 33043
p 0 220 33043
x 0 33044
p 0 215 33044
x 0 33045
p 0 213 33045
x 0 33046
p 0 215 33046
x 0 33047
p 0 218 33047
x 0 33048
p 0 224 33048
x 0 33049
p 0 217 33049
x 0 33050
p 0 216 33050
x 0 33051
p 0 221 33051
x 0 33052
p 0 228 33052
x 0 33053
p 0 260 33053
x 0 33054
p 0 226 33054
x 0 33055
p 0 220 33055
x 0 33056
p 0 227 33056
x 0 33057
p 0 232 33057
x 0 33058
p 0 246 33058
x 0 33059
p 0 228 33059
x 0 33060
p 0 392 33060
x 0 33061
p 0 64 33061
x 0 33062
p 0 180 33062
x 0 33000
x 1 33001
h 1 10.0.0.10
p 1 2115 33001
x 2 33002
h 2 10.0.0.10
p 2 247 33002
x 0 33003
h 0 10.0.0.10
p 0 205 33003
x 1 33004
p 1 205 33004
p 0 1018434 33000
x 0 33005
p 0 205 33005
x 0 33006
p 0 206 33006
x 0 33007
p 0 209 33007
x 0 33008
p 0 202 33008
x 0 33009
p 0 203 33009
x 0 33010
p 0 201 33010
x 0 33011
p 0 216 33011
x 0 33012
p 0 204 33012
x 0 33013
p 0 204 33013
x 0 33014
p 0 203 33014
x 0 33015
p 0 204 33015
x 0 33016
p 0 207 33016
x 0 33017
p 0 209 33017
x 0 33018
p 0 202 33018
x 0 33019
p 0 205 33019
x 0 33020
p 0 203 33020
x 0 33021
p 0 205 33021
x 0 33022
p 0 152 33022
x 0 33023
p 0 170 33023
x 0 33024
p 0 182 33024
x 0 33025
p 0 204 33025
x 0 33026
p 0 205 33026
x 0 33027
p 0 204 33027
x 0 33028
p 0 202 33028
x 0 33029
p 0 203 33029
x 0 33030
p 0 203 33030
x 0 33031
p 0 178 33031
x 0 33032
p 0 204 33032
x 0 33033
p 0 203 33033
x 0 33034
p 0 203 33034
x 0 33035
p 0 203 33035
x 0 33036
p 0 205 33036
x 0 33037
p 0 205 33037
x 0 33038
p 0 207 33038
x 0 33039
p 0 207 33039
x 0 33040
p 0 208 33040
x 0 33041
p 0 211 33041
x 0 33042
p 0 207 33042
x 0 33043
p 0 207 33043
x 0 33044
p 0 424 33044
x 0 33045
p 0 208 33045
x 0 33046
p 0 207 33046
x 0 33047
p 0 207 33047
x 0 33048
p 0 208 33048
x 0 33049
p 0 207 33049
x 0 33050
p 0 206 33050
x 0 33051
p 0 205 33051
x 0 33052
p 0 207 33052
x 0 33053
p 0 207 33053
x 0 33054
p 0 204 33054
x 0 33055
p 0 211 33055
x 0 33056
p 0 234 33056
x 0 33057
p 0 216 33057
x 0 33058
p 0 222 33058
x 0 33059
p 0 212 33059
x 0 33060
p 0 208 33060
x 0 33061
p 0 235 33061
x 0 33062
p 0 217 33062
x 0 33000
x 1 33001
h 1 10.0.0.10
p 1 2004 33001
x 2 33002
h 2 10.0.0.10
p 2 209 33002
x 0 33003
h 0 10.0.0.10
p 0 215 33003
x 1 33004
p 1 207 33004
p 0 1010606 33000
x 0 33005
p 0 163 33005
x 0 33006
p 0 267 33006
x 0 33007
p 0 249 33007
x 0 33008
p 0 338 33008
x 0 33009
p 0 216 33009
x 0 33010
p 0 205 33010
x 0 33011
p 0 301 33011
x 0 33012
p 0 224 33012
x 0 33013
p 0 218 33013
x 0 33014
p 0 218 33014
x 0 33015
p 0 214 33015
x 0 33016
p 0 215 33016
x 0 33017
p 0 215 33017
x 0 33018
p 0 216 33018
x 0 33019
p 0 213 33019
x 0 33020
p 0 221 33020
x 0 33021
p 0 222 33021
x 0 33022
p 0 221 33022
x 0 33023
p 0 223 33023
x 0 33024
p 0 217 33024
x 0 33025
p 0 220 33025
x 0 33026
p 0 218 33026
x 0 33027
p 0 222 33027
x 0 33028
p 0 219 33028
x 0 33029
p 0 220 33029
x 0 33030
p 0 217 33030
x 0 33031
p 0 212 33031
x 0 33032
p 0 215 33032
x 0 33033
p 0 312 33033
x 0 33034
p 0 215 33034
x 0 33035
p 0 213 33035
x 0 33036
p 0 243 33036
x 0 33037
p 0 216 33037
x 0 33038
p 0 207 33038
x 0 33039
p 0 207 33039
x 0 33040
p 0 208 33040
x 0 33041
p 0 207 33041
x 0 33042
p 0 319 33042
x 0 33043
p 0 182 33043
x 0 33044
p 0 175 33044
x 0 33045
p 0 207 33045
x 0 33046
p 0 241 33046
x 0 33047
p 0 185 33047
x 0 33048
p 0 214 33048
x 0 33049
p 0 210 33049
x 0 33050
p 0 213 33050
x 0 33051
p 0 183 33051
x 0 33052
p 0 271 33052
x 0 33053
p 0 352 33053
x 0 33054
p 0 211 33054
x 0 33055
p 0 199 33055
x 0 33056
p 0 211 33056
x 0 33057
p 0 249 33057
x 0 33058
p 0 237 33058
x 0 33059
p 0 216 33059
x 0 33060
p 0 219 33060
x 0 33061
p 0 229 33061
x 0 33062
p 0 224 33062
x 0 33000
x 1 33001
h 1 10.0.0.10
p 1 2160 33001
x 2 33002
h 2 10.0.0.10
p 2 212 33002
x 0 33003
h 0 10.0.0.10
p 0 210 33003
x 1 33004
p 1 209 33004
p 0 1018917 33000
x 0 33005
p 0 171 33005
x 0 33006
p 0 174 33006
x 0 33007
p 0 188 33007
x 0 33008
p 0 162 33008
x 0 33009
p 0 176 33009
x 0 33010
p 0 179 33010
x 0 33011
p 0 179 33011
x 0 33012
p 0 155 33012
x 0 33013
p 0 170 33013
x 0 33014
p 0 172 33014
x 0 33015
p 0 179 33015
x 0 33016
p 0 168 33016
x 0 33017
p 0 176 33017
x 0 33018
p 0 196 33018
x 0 33019
p 0 200 33019
x 0 33020
p 0 158 33020
x 0 33021
p 0 173 33021
x 0 33022
p 0 174 33022
x 0 33023
p 0 216 33023
x 0 33024
p 0 205 33024
x 0 33025
p 0 209 33025
x 0 33026
p 0 208 33026
x 0 33027
p 0 214 33027
x 0 33028
p 0 213 33028
x 0 33029
p 0 209 33029
x 0 33030
p 0 208 33030
x 0 33031
p 0 208 33031
x 0 33032
p 0 212 33032
x 0 33033
p 0 211 33033
x 0 33034
p 0 207 33034
x 0 33035
p 0 210 33035
x 0 33036
p 0 208 33036
x 0 33037
p 0 212 33037
x 0 33038
p 0 300 33038
x 0 33039
p 0 238 33039
x 0 33040
p 0 244 33040
x 0 33041
p 0 209 33041
x 0 33042
p 0 215 33042
x 0 33043
p 0 241 33043
x 0 33044
p 0 208 33044
x 0 33045
p 0 208 33045
x 0 33046
p 0 293 33046
x 0 33047
p 0 197 33047
x 0 33048
p 0 300 33048
x 0 33049
p 0 213 33049
x 0 33050
p 0 212 33050
x 0 33051
p 0 216 33051
x 0 33052
p 0 214 33052
x 0 33053
p 0 204 33053
x 0 33054
p 0 220 33054
x 0 33055
p 0 218 33055
x 0 33056
p 0 216 33056
x 0 33057
p 0 234 33057
x 0 33058
p 0 229 33058
x 0 33059
p 0 237 33059
x 0 33060
p 0 231 33060
x 0 33061
p 0 222 33061
x 0 33062
p 0 231 33062
x 0 33000
x 1 33001
h 1 10.0.0.10
p 1 2237 33001
x 2 33002
h 2 10.0.0.10
p 2 205 33002
x 0 33003
h 0 10.0.0.10
p 0 206 33003
x 1 33004
p 1 205 33004
p 0 1016129 33000
x 0 33005
p 0 183 33005
x 0 33006
p 0 139 33006
x 0 33007
p 0 161 33007
x 0 33008
p 0 271 33008
x 0 33009
p 0 291 33009
x 0 33010
p 0 295 33010
x 0 33011
p 0 217 33011
x 0 33012
p 0 212 33012
x 0 33013
p 0 213 33013
x 0 33014
p 0 208 33014
x 0 33015
p 0 277 33015
x 0 33016
p 0 212 33016
x 0 33017
p 0 208 33017
x 0 33018
p 0 214 33018
x 0 33019
p 0 215 33019
x 0 33020
p 0 177 33020
x 0 33021
p 0 211 33021
x 0 33022
p 0 299 33022
x 0 33023
p 0 179 33023
x 0 33024
p 0 202 33024
x 0 33025
p 0 284 33025
x 0 33026
p 0 269 33026
x 0 33027
p 0 204 33027
x 0 33028
p 0 183 33028
x 0 33029
p 0 209 33029
x 0 33030
p 0 177 33030
x 0 33031
p 0 306 33031
x 0 33032
p 0 207 33032
x 0 33033
p 0 181 33033
x 0 33034
p 0 176 33034
x 0 33035
p 0 206 33035
x 0 33036
p 0 182 33036
x 0 33037
p 0 174 33037
x 0 33038
p 0 183 33038
x 0 33039
p 0 178 33039
x 0 33040
p 0 178 33040
x 0 33041
p 0 181 33041
x 0 33042
p 0 177 33042
x 0 33043
p 0 180 33043
x 0 33044
p 0 176 33044
x 0 33045
p 0 205 33045
x 0 33046
p 0 209 33046
x 0 33047
p 0 159 33047
x 0 33048
p 0 229 33048
x 0 33049
p 0 161 33049
x 0 33050
p 0 193 33050
x 0 33051
p 0 272 33051
x 0 33052
p 0 202 33052
x 0 33053
p 0 217 33053
x 0 33054
p 0 231 33054
x 0 33055
p 0 218 33055
x 0 33056
p 0 272 33056
x 0 33057
p 0 212 33057
x 0 33058
p 0 232 33058
x 0 33059
p 0 221 33059
x 0 33060
p 0 237 33060
x 0 33061
p 0 235 33061
x 0 33062
p 0 237 33062
x 0 33000
x 1 33001
h 1 10.0.0.10
p 1 2010 33001
x 2 33002
h 2 10.0.0.10
p 2 227 33002
x 0 33003
h 0 10.0.0.10
p 0 201 33003
x 1 33004
p 1 209 33004
p 0 1031967 33000
x 0 33005
p 0 175 33005
x 0 33006
p 0 205 33006
x 0 33007
p 0 207 33007
x 0 33008
p 0 205 33008
x 0 33009
p 0 206 33009
x 0 33010
p 0 202 33010
x 0 33011
p 0 208 33011
x 0 33012
p 0 207 33012
x 0 33013
p 0 205 33013
x 0 33014
p 0 202 33014
x 0 33015
p 0 153 33015
x 0 33016
p 0 207 33016
x 0 33017
p 0 204 33017
x 0 33018
p 0 184 33018
x 0 33019
p 0 206 33019
x 0 33020
p 0 205 33020
x 0 33021
p 0 203 33021
x 0 33022
p 0 206 33022
x 0 33023
p 0 204 33023
x 0 33024
p 0 291 33024
x 0 33025
p 0 269 33025
x 0 33026
p 0 293 33026
x 0 33027
p 0 205 33027
x 0 33028
p 0 185 33028
x 0 33029
p 0 206 33029
x 0 33030
p 0 205 33030
x 0 33031
p 0 203 33031
x 0 33032
p 0 150 33032
x 0 33033
p 0 208 33033
x 0 33034
p 0 204 33034
x 0 33035
p 0 203 33035
x 0 33036
p 0 203 33036
x 0 33037
p 0 208 33037
x 0 33038
p 0 179 33038
x 0 33039
p 0 206 33039
x 0 33040
p 0 202 33040
x 0 33041
p 0 205 33041
x 0 33042
p 0 209 33042
x 0 33043
p 0 202 33043
x 0 33044
p 0 205 33044
x 0 33045
p 0 205 33045
x 0 33046
p 0 203 33046
x 0 33047
p 0 208 33047
x 0 33048
p 0 231 33048
x 0 33049
p 0 207 33049
x 0 33050
p 0 203 33050
x 0 33051
p 0 224 33051
x 0 33052
p 0 190 33052
x 0 33053
p 0 244 33053
x 0 33054
p 0 211 33054
x 0 33055
p 0 244 33055
x 0 33056
p 0 215 33056
x 0 33057
p 0 196 33057
x 0 33058
p 0 213 33058
x 0 33059
p 0 216 33059
x 0 33060
p 0 223 33060
x 0 33061
p 0 146 33061
x 0 33062
p 0 250 33062
x 0 33000
x 1 33001
h 1 10.0.0.10
p 1 2156 33001
x 2 33002
h 2 10.0.0.10
p 2 212 33002
x 0 33003
h 0 10.0.0.10
p 0 213 33003
x 1 33004
p 1 208 33004
p 0 1021778 33000
x 0 33005
p 0 260 33005
x 0 33006
p 0 212 33006
x 0 33007
p 0 210 33007
x 0 33008
p 0 211 33008
x 0 33009
p 0 211 33009
x 0 33010
p 0 214 33010
x 0 33011
p 0 213 33011
x 0 33012
p 0 210 33012
x 0 33013
p 0 214 33013
x 0 33014
p 0 217 33014
x 0 33015
p 0 209 33015
x 0 33016
p 0 240 33016
x 0 33017
p 0 209 33017
x 0 33018
p 0 241 33018
x 0 33019
p 0 212 33019
x 0 33020
p 0 208 33020
x 0 33021
p 0 210 33021
x 0 33022
p 0 241 33022
x 0 33023
p 0 209 33023
x 0 33024
p 0 212 33024
x 0 33025
p 0 214 33025
x 0 33026
p 0 242 33026
x 0 33027
p 0 210 33027
x 0 33028
p 0 208 33028
x 0 33029
p 0 207 33029
x 0 33030
p 0 243 33030
x 0 33031
p 0 207 33031
x 0 33032
p 0 209 33032
x 0 33033
p 0 237 33033
x 0 33034
p 0 241 33034
x 0 33035
p 0 215 33035
x 0 33036
p 0 210 33036
x 0 33037
p 0 211 33037
x 0 33038
p 0 246 33038
x 0 33039
p 0 210 33039
x 0 33040
p 0 209 33040
x 0 33041
p 0 179 33041
x 0 33042
p 0 214 33042
x 0 33043
p 0 242 33043
x 0 33044
p 0 211 33044
x 0 33045
p 0 211 33045
x 0 33046
p 0 96 33046
x 0 33047
p 0 238 33047
x 0 33048
p 0 209 33048
x 0 33049
p 0 181 33049
x 0 33050
p 0 205 33050
x 0 33051
p 0 242 33051
x 0 33052
p 0 209 33052
x 0 33053
p 0 181 33053
x 0 33054
p 0 215 33054
x 0 33055
p 0 271 33055
x 0 33056
p 0 181 33056
x 0 33057
p 0 181 33057
x 0 33058
p 0 215 33058
x 0 33059
p 0 212 33059
x 0 33060
p 0 208 33060
x 0 33061
p 0 209 33061
x 0 33062
p 0 206 33062
x 0 33000
x 1 33001
h 1 10.0.0.10
p 1 1864 33001
x 2 33002
h 2 10.0.0.10
p 2 216 33002
x 0 33003
h 0 10.0.0.10
p 0 214 33003
x 1 33004
p 1 224 33004
p 0 1026699 33000
x 0 33005
p 0 165 33005
x 0 33006
p 0 246 33006
x 0 33007
p 0 262 33007
x 0 33008
p 0 211 33008
x 0 33009
p 0 207 33009
x 0 33010
p 0 211 33010
x 0 33011
p 0 211 33011
x 0 33012
p 0 302 33012
x 0 33013
p 0 209 33013
x 0 33014
p 0 211 33014
x 0 33015
p 0 210 33015
x 0 33016
p 0 237 33016
x 0 33017
p 0 205 33017
x 0 33018
p 0 171 33018
x 0 33019
p 0 207 33019
x 0 33020
p 0 207 33020
x 0 33021
p 0 205 33021
x 0 33022
p 0 174 33022
x 0 33023
p 0 207 33023
x 0 33024
p 0 206 33024
x 0 33025
p 0 221 33025
x 0 33026
p 0 173 33026
x 0 33027
p 0 230 33027
x 0 33028
p 0 164 33028
x 0 33029
p 0 209 33029
x 0 33030
p 0 211 33030
x 0 33031
p 0 209 33031
x 0 33032
p 0 267 33032
x 0 33033
p 0 210 33033
x 0 33034
p 0 207 33034
x 0 33035
p 0 210 33035
x 0 33036
p 0 442 33036
x 0 33037
p 0 204 33037
x 0 33038
p 0 224 33038
x 0 33039
p 0 252 33039
x 0 33040
p 0 151 33040
x 0 33041
p 0 354 33041
x 0 33042
p 0 268 33042
x 0 33043
p 0 189 33043
x 0 33044
p 0 252 33044
x 0 33045
p 0 211 33045
x 0 33046
p 0 249 33046
x 0 33047
p 0 296 33047
x 0 33048
p 0 268 33048
x 0 33049
p 0 209 33049
x 0 33050
p 0 242 33050
x 0 33051
p 0 312 33051
x 0 33052
p 0 428 33052
x 0 33053
p 0 193 33053
x 0 33054
p 0 180 33054
x 0 33055
p 0 255 33055
x 0 33056
p 0 283 33056
x 0 33057
p 0 172 33057
x 0 33058
p 0 195 33058
x 0 33059
p 0 204 33059
x 0 33060
p 0 166 33060
x 0 33061
p 0 165 33061
x 0 33062
p 0 167 33062
x 0 33000
x 1 33001
h 1 10.0.0.10
p 1 1982 33001
x 2 33002
h 2 10.0.0.10
p 2 218 33002
x 0 33003
h 0 10.0.0.10
p 0 211 33003
x 1 33004
p 1 291 33004
p 0 1000593 33000
x 0 33005
p 0 213 33005
x 0 33006
p 0 213 33006
x 0 33007
p 0 179 33007
x 0 33008
p 0 171 33008
x 0 33009
p 0 208 33009
x 0 33010
p 0 206 33010
x 0 33011
p 0 209 33011
x 0 33012
p 0 207 33012
x 0 33013
p 0 207 33013
x 0 33014
p 0 207 33014
x 0 33015
p 0 207 33015
x 0 33016
p 0 208 33016
x 0 33017
p 0 210 33017
x 0 33018
p 0 294 33018
x 0 33019
p 0 208 33019
x 0 33020
p 0 129 33020
x 0 33021
p 0 208 33021
x 0 33022
p 0 210 33022
x 0 33023
p 0 174 33023
x 0 33024
p 0 208 33024
x 0 33025
p 0 175 33025
x 0 33026
p 0 312 33026
x 0 33027
p 0 210 33027
x 0 33028
p 0 210 33028
x 0 33029
p 0 190 33029
x 0 33030
p 0 210 33030
x 0 33031
p 0 209 33031
x 0 33032
p 0 210 33032
x 0 33033
p 0 179 33033
x 0 33034
p 0 173 33034
x 0 33035
p 0 209 33035
x 0 33036
p 0 210 33036
x 0 33037
p 0 211 33037
x 0 33038
p 0 243 33038
x 0 33039
p 0 234 33039
x 0 33040
p 0 208 33040
x 0 33041
p 0 208 33041
x 0 33042
p 0 207 33042
x 0 33043
p 0 168 33043
x 0 33044
p 0 182 33044
x 0 33045
p 0 169 33045
x 0 33046
p 0 207 33046
x 0 33047
p 0 158 33047
x 0 33048
p 0 214 33048
x 0 33049
p 0 203 33049
x 0 33050
p 0 188 33050
x 0 33051
p 0 207 33051
x 0 33052
p 0 293 33052
x 0 33053
p 0 80 33053
x 0 33054
p 0 209 33054
x 0 33055
p 0 303 33055
x 0 33056
p 0 223 33056
x 0 33057
p 0 234 33057
x 0 33058
p 0 234 33058
x 0 33059
p 0 259 33059
x 0 33060
p 0 226 33060
x 0 33061
p 0 226 33061
x 0 33062
p 0 238 33062
x 0 33000
x 1 33001
h 1 10.0.0.10
p 1 2284 33001
x 2 33002
h 2 10.0.0.10
p 2 206 33002
x 0 33003
h 0 10.0.0.10
p 0 207 33003
x 1 33004
p 1 205 33004
p 0 1017803 33000
x 0 33005
p 0 173 33005
x 0 33006
p 0 217 33006
x 0 33007
p 0 223 33007
x 0 33008
p 0 248 33008
x 0 33009
p 0 196 33009
x 0 33010
p 0 197 33010
x 0 33011
p 0 213 33011
x 0 33012
p 0 214 33012
x 0 33013
p 0 262 33013
x 0 33014
p 0 218 33014
x 0 33015
p 0 221 33015
x 0 33016
p 0 215 33016
x 0 33017
p 0 256 33017
x 0 33018
p 0 254 33018
x 0 33019
p 0 211 33019
x 0 33020
p 0 218 33020
x 0 33021
p 0 214 33021
x 0 33022
p 0 215 33022
x 0 33023
p 0 221 33023
x 0 33024
p 0 260 33024
x 0 33025
p 0 273 33025
x 0 33026
p 0 215 33026
x 0 33027
p 0 222 33027
x 0 33028
p 0 221 33028
x 0 33029
p 0 220 33029
x 0 33030
p 0 213 33030
x 0 33031
p 0 215 33031
x 0 33032
p 0 281 33032
x 0 33033
p 0 225 33033
x 0 33034
p 0 214 33034
x 0 33035
p 0 220 33035
x 0 33036
p 0 237 33036
x 0 33037
p 0 214 33037
x 0 33038
p 0 223 33038
x 0 33039
p 0 220 33039
x 0 33040
p 0 214 33040
x 0 33041
p 0 218 33041
x 0 33042
p 0 217 33042
x 0 33043
p 0 223 33043
x 0 33044
p 0 249 33044
x 0 33045
p 0 218 33045
x 0 33046
p 0 219 33046
x 0 33047
p 0 215 33047
x 0 33048
p 0 218 33048
x 0 33049
p 0 220 33049
x 0 33050
p 0 271 33050
x 0 33051
p 0 224 33051
x 0 33052
p 0 223 33052
x 0 33053
p 0 128 33053
x 0 33054
p 0 213 33054
x 0 33055
p 0 218 33055
x 0 33056
p 0 217 33056
x 0 33057
p 0 246 33057
x 0 33058
p 0 224 33058
x 0 33059
p 0 222 33059
x 0 33060
p 0 647 33060
x 0 33061
p 0 218 33061
x 0 33062
p 0 221 33062
x 0 33000
x 1 33001
h 1 10.0.0.10
p 1 1911 33001
x 2 33002
h 2 10.0.0.10
p 2 198 33002
x 0 33003
h 0 10.0.0.10
p 0 214 33003
x 1 33004
p 1 212 33004
p 0 1023395 33000
x 0 33005
p 0 215 33005
x 0 33006
p 0 218 33006
x 0 33007
p 0 223 33007
x 0 33008
p 0 219 33008
x 0 33009
p 0 218 33009
x 0 33010
p 0 215 33010
x 0 33011
p 0 216 33011
x 0 33012
p 0 243 33012
x 0 33013
p 0 220 33013
x 0 33014
p 0 216 33014
x 0 33015
p 0 220 33015
x 0 33016
p 0 218 33016
x 0 33017
p 0 240 33017
x 0 33018
p 0 217 33018
x 0 33019
p 0 216 33019
x 0 33020
p 0 264 33020
x 0 33021
p 0 216 33021
x 0 33022
p 0 218 33022
x 0 33023
p 0 222 33023
x 0 33024
p 0 218 33024
x 0 33025
p 0 212 33025
x 0 33026
p 0 215 33026
x 0 33027
p 0 214 33027
x 0 33028
p 0 410 33028
x 0 33029
p 0 243 33029
x 0 33030
p 0 215 33030
x 0 33031
p 0 220 33031
x 0 33032
p 0 151 33032
x 0 33033
p 0 249 33033
x 0 33034
p 0 260 33034
x 0 33035
p 0 262 33035
x 0 33036
p 0 214 33036
x 0 33037
p 0 182 33037
x 0 33038
p 0 501 33038
x 0 33039
p 0 183 33039
x 0 33040
p 0 218 33040
x 0 33041
p 0 276 33041
x 0 33042
p 0 874 33042
x 0 33043
p 0 173 33043
x 0 33044
p 0 153 33044
x 0 33045
p 0 153 33045
x 0 33046
p 0 158 33046
x 0 33047
p 0 176 33047
x 0 33048
p 0 155 33048
x 0 33049
p 0 157 33049
x 0 33050
p 0 157 33050
x 0 33051
p 0 159 33051
x 0 33052
p 0 154 33052
x 0 33053
p 0 161 33053
x 0 33054
p 0 279 33054
x 0 33055
p 0 272 33055
x 0 33056
p 0 214 33056
x 0 33057
p 0 230 33057
x 0 33058
p 0 216 33058
x 0 33059
p 0 297 33059
x 0 33060
p 0 206 33060
x 0 33061
p 0 210 33061
x 0 33062
p 0 225 33062
x 0 33000
x 1 33001
h 1 10.0.0.10
p 1 1569 33001
x 2 33002
h 2 10.0.0.10
p 2 212 33002
x 0 33003
h 0 10.0.0.10
p 0 206 33003
x 1 33004
p 1 239 33004
p 0 1002477 33000
x 0 33005
p 0 212 33005
x 0 33006
p 0 212 33006
x 0 33007
p 0 174 33007
x 0 33008
p 0 123 33008
x 0 33009
p 0 173 33009
x 0 33010
p 0 206 33010
x 0 33011
p 0 83 33011
x 0 33012
p 0 175 33012
x 0 33013
p 0 173 33013
x 0 33014
p 0 207 33014
x 0 33015
p 0 172 33015
x 0 33016
p 0 173 33016
x 0 33017
p 0 173 33017
x 0 33018
p 0 175 33018
x 0 33019
p 0 207 33019
x 0 33020
p 0 172 33020
x 0 33021
p 0 208 33021
x 0 33022
p 0 270 33022
x 0 33023
p 0 208 33023
x 0 33024
p 0 173 33024
x 0 33025
p 0 204 33025
x 0 33026
p 0 215 33026
x 0 33027
p 0 206 33027
x 0 33028
p 0 176 33028
x 0 33029
p 0 187 33029
x 0 33030
p 0 206 33030
x 0 33031
p 0 207 33031
x 0 33032
p 0 207 33032
x 0 33033
p 0 206 33033
x 0 33034
p 0 205 33034
x 0 33035
p 0 207 33035
x 0 33036
p 0 206 33036
x 0 33037
p 0 206 33037
x 0 33038
p 0 175 33038
x 0 33039
p 0 209 33039
x 0 33040
p 0 220 33040
x 0 33041
p 0 203 33041
x 0 33042
p 0 206 33042
x 0 33043
p 0 210 33043
x 0 33044
p 0 217 33044
x 0 33045
p 0 206 33045
x 0 33046
p 0 208 33046
x 0 33047
p 0 184 33047
x 0 33048
p 0 209 33048
x 0 33049
p 0 207 33049
x 0 33050
p 0 204 33050
x 0 33051
p 0 204 33051
x 0 33052
p 0 203 33052
x 0 33053
p 0 210 33053
x 0 33054
p 0 206 33054
x 0 33055
p 0 215 33055
x 0 33056
p 0 180 33056
x 0 33057
p 0 221 33057
x 0 33058
p 0 183 33058
x 0 33059
p 0 176 33059
x 0 33060
p 0 179 33060
x 0 33061
p 0 179 33061
x 0 33062
p 0 216 33062
x 0 33000
x 1 33001
h 1 10.0.0.10
p 1 2179 33001
x 2 33002
h 2 10.0.0.10
p 2 224 33002
x 0 33003
h 0 10.0.0.10
p 0 214 33003
x 1 33004
p 1 212 33004
p 0 1022343 33000
x 0 33005
p 0 210 33005
x 0 33006
p 0 211 33006
x 0 33007
p 0 182 33007
x 0 33008
p 0 211 33008
x 0 33009
p 0 208 33009
x 0 33010
p 0 176 33010
x 0 33011
p 0 227 33011
x 0 33012
p 0 209 33012
x 0 33013
p 0 206 33013
x 0 33014
p 0 208 33014
x 0 33015
p 0 122 33015
x 0 33016
p 0 180 33016
x 0 33017
p 0 205 33017
x 0 33018
p 0 208 33018
x 0 33019
p 0 203 33019
x 0 33020
p 0 205 33020
x 0 33021
p 0 208 33021
x 0 33022
p 0 160 33022
x 0 33023
p 0 158 33023
x 0 33024
p 0 208 33024
x 0 33025
p 0 156 33025
x 0 33026
p 0 159 33026
x 0 33027
p 0 158 33027
x 0 33028
p 0 207 33028
x 0 33029
p 0 155 33029
x 0 33030
p 0 221 33030
x 0 33031
p 0 159 33031
x 0 33032
p 0 208 33032
x 0 33033
p 0 166 33033
x 0 33034
p 0 159 33034
x 0 33035
p 0 159 33035
x 0 33036
p 0 207 33036
x 0 33037
p 0 210 33037
x 0 33038
p 0 208 33038
x 0 33039
p 0 210 33039
x 0 33040
p 0 156 33040
x 0 33041
p 0 271 33041
x 0 33042
p 0 207 33042
x 0 33043
p 0 311 33043
x 0 33044
p 0 206 33044
x 0 33045
p 0 210 33045
x 0 33046
p 0 208 33046
x 0 33047
p 0 286 33047
x 0 33048
p 0 286 33048
x 0 33049
p 0 211 33049
x 0 33050
p 0 206 33050
x 0 33051
p 0 179 33051
x 0 33052
p 0 203 33052
x 0 33053
p 0 210 33053
x 0 33054
p 0 180 33054
x 0 33055
p 0 206 33055
x 0 33056
p 0 244 33056
x 0 33057
p 0 219 33057
x 0 33058
p 0 195 33058
x 0 33059
p 0 169 33059
x 0 33060
p 0 198 33060
x 0 33061
p 0 163 33061
x 0 33062
p 0 160 33062
x 0 33000
x 1 33001
h 1 10.0.0.10
p 1 2260 33001
x 2 33002
h 2 10.0.0.10
p 2 189 33002
x 0 33003
h 0 10.0.0.10
p 0 212 33003
x 1 33004
p 1 210 33004
p 0 1018008 33000
x 0 33005
p 0 237 33005
x 0 33006
p 0 247 33006
x 0 33007
p 0 226 33007
x 0 33008
p 0 182 33008
x 0 33009
p 0 209 33009
x 0 33010
p 0 222 33010
x 0 33011
p 0 211 33011
x 0 33012
p 0 179 33012
x 0 33013
p 0 208 33013
x 0 33014
p 0 210 33014
x 0 33015
p 0 209 33015
x 0 33016
p 0 180 33016
x 0 33017
p 0 210 33017
x 0 33018
p 0 211 33018
x 0 33019
p 0 182 33019
x 0 33020
p 0 177 33020
x 0 33021
p 0 209 33021
x 0 33022
p 0 209 33022
x 0 33023
p 0 213 33023
x 0 33024
p 0 176 33024
x 0 33025
p 0 208 33025
x 0 33026
p 0 209 33026
x 0 33027
p 0 213 33027
x 0 33028
p 0 179 33028
x 0 33029
p 0 213 33029
x 0 33030
p 0 211 33030
x 0 33031
p 0 208 33031
x 0 33032
p 0 180 33032
x 0 33033
p 0 214 33033
x 0 33034
p 0 210 33034
x 0 33035
p 0 210 33035
x 0 33036
p 0 179 33036
x 0 33037
p 0 213 33037
x 0 33038
p 0 213 33038
x 0 33039
p 0 213 33039
x 0 33040
p 0 177 33040
x 0 33041
p 0 182 33041
x 0 33042
p 0 191 33042
x 0 33043
p 0 213 33043
x 0 33044
p 0 182 33044
x 0 33045
p 0 210 33045
x 0 33046
p 0 210 33046
x 0 33047
p 0 214 33047
x 0 33048
p 0 191 33048
x 0 33049
p 0 213 33049
x 0 33050
p 0 179 33050
x 0 33051
p 0 179 33051
x 0 33052
p 0 182 33052
x 0 33053
p 0 215 33053
x 0 33054
p 0 210 33054
x 0 33055
p 0 212 33055
x 0 33056
p 0 180 33056
x 0 33057
p 0 215 33057
x 0 33058
p 0 215 33058
x 0 33059
p 0 214 33059
x 0 33060
p 0 182 33060
x 0 33061
p 0 213 33061
x 0 33062
p 0 240 33062
x 0 33000
x 1 33001
h 1 10.0.0.10
p 1 1959 33001
x 2 33002
h 2 10.0.0.10
p 2 268 33002
x 0 33003
h 0 10.0.0.10
p 0 214 33003
x 1 33004
p 1 209 33004
p 0 1016049 33000
x 0 33005
p 0 237 33005
x 0 33006
p 0 237 33006
x 0 33007
p 0 211 33007
x 0 33008
p 0 209 33008
x 0 33009
p 0 240 33009
x 0 33010
p 0 232 33010
x 0 33011
p 0 206 33011
x 0 33012
p 0 182 33012
x 0 33013
p 0 212 33013
x 0 33014
p 0 210 33014
x 0 33015
p 0 209 33015
x 0 33016
p 0 208 33016
x 0 33017
p 0 213 33017
x 0 33018
p 0 214 33018
x 0 33019
p 0 211 33019
x 0 33020
p 0 209 33020
x 0 33021
p 0 214 33021
x 0 33022
p 0 211 33022
x 0 33023
p 0 213 33023
x 0 33024
p 0 211 33024
x 0 33025
p 0 250 33025
x 0 33026
p 0 208 33026
x 0 33027
p 0 207 33027
x 0 33028
p 0 207 33028
x 0 33029
p 0 210 33029
x 0 33030
p 0 210 33030
x 0 33031
p 0 212 33031
x 0 33032
p 0 209 33032
x 0 33033
p 0 209 33033
x 0 33034
p 0 171 33034
x 0 33035
p 0 209 33035
x 0 33036
p 0 208 33036
x 0 33037
p 0 211 33037
x 0 33038
p 0 181 33038
x 0 33039
p 0 211 33039
x 0 33040
p 0 181 33040
x 0 33041
p 0 215 33041
x 0 33042
p 0 207 33042
x 0 33043
p 0 241 33043
x 0 33044
p 0 221 33044
x 0 33045
p 0 209 33045
x 0 33046
p 0 208 33046
x 0 33047
p 0 237 33047
x 0 33048
p 0 209 33048
x 0 33049
p 0 211 33049
x 0 33050
p 0 208 33050
x 0 33051
p 0 211 33051
x 0 33052
p 0 213 33052
x 0 33053
p 0 244 33053
x 0 33054
p 0 241 33054
x 0 33055
p 0 241 33055
x 0 33056
p 0 239 33056
x 0 33057
p 0 218 33057
x 0 33058
p 0 250 33058
x 0 33059
p 0 236 33059
x 0 33060
p 0 265 33060
x 0 33061
p 0 231 33061
x 0 33062
p 0 296 33062
x 0 33000
x 1 33001
h 1 10.0.0.10
p 1 2202 33001
x 2 33002
h 2 10.0.0.10
p 2 209 33002
x 0 33003
h 0 10.0.0.10
p 0 220 33003
x 1 33004
p 1 213 33004
p 0 1012433 33000
x 0 33005
p 0 312 33005
x 0 33006
p 0 219 33006
x 0 33007
p 0 216 33007
x 0 33008
p 0 256 33008
x 0 33009
p 0 217 33009
x 0 33010
p 0 290 33010
x 0 33011
p 0 214 33011
x 0 33012
p 0 219 33012
x 0 33013
p 0 220 33013
x 0 33014
p 0 217 33014
x 0 33015
p 0 218 33015
x 0 33016
p 0 213 33016
x 0 33017
p 0 214 33017
x 0 33018
p 0 259 33018
x 0 33019
p 0 212 33019
x 0 33020
p 0 211 33020
x 0 33021
p 0 209 33021
x 0 33022
p 0 211 33022
x 0 33023
p 0 215 33023
x 0 33024
p 0 214 33024
x 0 33025
p 0 252 33025
x 0 33026
p 0 211 33026
x 0 33027
p 0 214 33027
x 0 33028
p 0 214 33028
x 0 33029
p 0 213 33029
x 0 33030
p 0 218 33030
x 0 33031
p 0 220 33031
x 0 33032
p 0 250 33032
x 0 33033
p 0 213 33033
x 0 33034
p 0 210 33034
x 0 33035
p 0 211 33035
x 0 33036
p 0 208 33036
x 0 33037
p 0 212 33037
x 0 33038
p 0 243 33038
x 0 33039
p 0 268 33039
x 0 33040
p 0 213 33040
x 0 33041
p 0 211 33041
x 0 33042
p 0 234 33042
x 0 33043
p 0 229 33043
x 0 33044
p 0 221 33044
x 0 33045
p 0 255 33045
x 0 33046
p 0 221 33046
x 0 33047
p 0 220 33047
x 0 33048
p 0 219 33048
x 0 33049
p 0 249 33049
x 0 33050
p 0 220 33050
x 0 33051
p 0 241 33051
x 0 33052
p 0 214 33052
x 0 33053
p 0 212 33053
x 0 33054
p 0 211 33054
x 0 33055
p 0 212 33055
x 0 33056
p 0 223 33056
x 0 33057
p 0 241 33057
x 0 33058
p 0 220 33058
x 0 33059
p 0 213 33059
x 0 33060
p 0 216 33060
x 0 33061
p 0 235 33061
x 0 33062
p 0 246 33062
x 0 33000
x 1 33001
h 1 10.0.0.10
p 1 2207 33001
x 2 33002
h 2 10.0.0.10
p 2 209 33002
x 0 33003
h 0 10.0.0.10
p 0 215 33003
x 1 33004
p 1 206 33004
p 0 1027080 33000
x 0 33005
p 0 214 33005
x 0 33006
p 0 214 33006
x 0 33007
p 0 260 33007
x 0 33008
p 0 245 33008
x 0 33009
p 0 208 33009
x 0 33010
p 0 207 33010
x 0 33011
p 0 210 33011
x 0 33012
p 0 209 33012
x 0 33013
p 0 207 33013
x 0 33014
p 0 211 33014
x 0 33015
p 0 210 33015
x 0 33016
p 0 211 33016
x 0 33017
p 0 207 33017
x 0 33018
p 0 208 33018
x 0 33019
p 0 213 33019
x 0 33020
p 0 209 33020
x 0 33021
p 0 207 33021
x 0 33022
p 0 208 33022
x 0 33023
p 0 212 33023
x 0 33024
p 0 212 33024
x 0 33025
p 0 214 33025
x 0 33026
p 0 215 33026
x 0 33027
p 0 263 33027
x 0 33028
p 0 320 33028
x 0 33029
p 0 219 33029
x 0 33030
p 0 217 33030
x 0 33031
p 0 217 33031
x 0 33032
p 0 216 33032
x 0 33033
p 0 185 33033
x 0 33034
p 0 215 33034
x 0 33035
p 0 104 33035
x 0 33036
p 0 307 33036
x 0 33037
p 0 218 33037
x 0 33038
p 0 294 33038
x 0 33039
p 0 297 33039
x 0 33040
p 0 293 33040
x 0 33041
p 0 217 33041
x 0 33042
p 0 178 33042
x 0 33043
p 0 213 33043
x 0 33044
p 0 214 33044
x 0 33045
p 0 215 33045
x 0 33046
p 0 221 33046
x 0 33047
p 0 223 33047
x 0 33048
p 0 223 33048
x 0 33049
p 0 222 33049
x 0 33050
p 0 224 33050
x 0 33051
p 0 223 33051
x 0 33052
p 0 230 33052
x 0 33053
p 0 222 33053
x 0 33054
p 0 216 33054
x 0 33055
p 0 218 33055
x 0 33056
p 0 220 33056
x 0 33057
p 0 223 33057
x 0 33058
p 0 228 33058
x 0 33059
p 0 226 33059
x 0 33060
p 0 226 33060
x 0 33061
p 0 247 33061
x 0 33062
p 0 274 33062
x 0 33000
x 1 33001
h 1 10.0.0.10
p 1 1996 33001
x 2 33002
h 2 10.0.0.10
p 2 213 33002
x 0 33003
h 0 10.0.0.10
p 0 207 33003
x 1 33004
p 1 213 33004
p 0 1003920 33000
x 0 33005
p 0 240 33005
x 0 33006
p 0 212 33006
x 0 33007
p 0 218 33007
x 0 33008
p 0 220 33008
x 0 33009
p 0 246 33009
x 0 33010
p 0 247 33010
x 0 33011
p 0 215 33011
x 0 33012
p 0 217 33012
x 0 33013
p 0 217 33013
x 0 33014
p 0 216 33014
x 0 33015
p 0 238 33015
x 0 33016
p 0 218 33016
x 0 33017
p 0 208 33017
x 0 33018
p 0 209 33018
x 0 33019
p 0 207 33019
x 0 33020
p 0 210 33020
x 0 33021
p 0 208 33021
x 0 33022
p 0 211 33022
x 0 33023
p 0 209 33023
x 0 33024
p 0 210 33024
x 0 33025
p 0 181 33025
x 0 33026
p 0 263 33026
x 0 33027
p 0 230 33027
x 0 33028
p 0 211 33028
x 0 33029
p 0 254 33029
x 0 33030
p 0 209 33030
x 0 33031
p 0 212 33031
x 0 33032
p 0 213 33032
x 0 33033
p 0 178 33033
x 0 33034
p 0 207 33034
x 0 33035
p 0 207 33035
x 0 33036
p 0 208 33036
x 0 33037
p 0 207 33037
x 0 33038
p 0 211 33038
x 0 33039
p 0 209 33039
x 0 33040
p 0 210 33040
x 0 33041
p 0 212 33041
x 0 33042
p 0 210 33042
x 0 33043
p 0 209 33043
x 0 33044
p 0 211 33044
x 0 33045
p 0 208 33045
x 0 33046
p 0 211 33046
x 0 33047
p 0 210 33047
x 0 33048
p 0 184 33048
x 0 33049
p 0 210 33049
x 0 33050
p 0 213 33050
x 0 33051
p 0 211 33051
x 0 33052
p 0 211 33052
x 0 33053
p 0 213 33053
x 0 33054
p 0 213 33054
x 0 33055
p 0 209 33055
x 0 33056
p 0 215 33056
x 0 33057
p 0 191 33057
x 0 33058
p 0 222 33058
x 0 33059
p 0 215 33059
x 0 33060
p 0 225 33060
x 0 33061
p 0 240 33061
x 0 33062
p 0 227 33062
x 0 33000
x 1 33001
h 1 10.0.0.10
p 1 2138 33001
x 2 33002
h 2 10.0.0.10
p 2 214 33002
x 0 33003
h 0 10.0.0.10
p 0 208 33003
x 1 33004
p 1 206 33004
p 0 1002353 33000
x 0 33005
p 0 184 33005
x 0 33006
p 0 232 33006
x 0 33007
p 0 217 33007
x 0 33008
p 0 221 33008
x 0 33009
p 0 211 33009
x 0 33010
p 0 210 33010
x 0 33011
p 0 210 33011
x 0 33012
p 0 214 33012
x 0 33013
p 0 211 33013
x 0 33014
p 0 210 33014
x 0 33015
p 0 182 33015
x 0 33016
p 0 213 33016
x 0 33017
p 0 214 33017
x 0 33018
p 0 181 33018
x 0 33019
p 0 217 33019
x 0 33020
p 0 212 33020
x 0 33021
p 0 210 33021
x 0 33022
p 0 214 33022
x 0 33023
p 0 223 33023
x 0 33024
p 0 209 33024
x 0 33025
p 0 207 33025
x 0 33026
p 0 214 33026
x 0 33027
p 0 211 33027
x 0 33028
p 0 167 33028
x 0 33029
p 0 212 33029
x 0 33030
p 0 205 33030
x 0 33031
p 0 208 33031
x 0 33032
p 0 209 33032
x 0 33033
p 0 157 33033
x 0 33034
p 0 176 33034
x 0 33035
p 0 210 33035
x 0 33036
p 0 204 33036
x 0 33037
p 0 185 33037
x 0 33038
p 0 157 33038
x 0 33039
p 0 156 33039
x 0 33040
p 0 206 33040
x 0 33041
p 0 158 33041
x 0 33042
p 0 209 33042
x 0 33043
p 0 215 33043
x 0 33044
p 0 214 33044
x 0 33045
p 0 211 33045
x 0 33046
p 0 218 33046
x 0 33047
p 0 258 33047
x 0 33048
p 0 220 33048
x 0 33049
p 0 212 33049
x 0 33050
p 0 211 33050
x 0 33051
p 0 212 33051
x 0 33052
p 0 210 33052
x 0 33053
p 0 211 33053
x 0 33054
p 0 263 33054
x 0 33055
p 0 170 33055
x 0 33056
p 0 157 33056
x 0 33057
p 0 213 33057
x 0 33058
p 0 158 33058
x 0 33059
p 0 158 33059
x 0 33060
p 0 214 33060
x 0 33061
p 0 674 33061
x 0 33062
p 0 214 33062
