x 0 33000
h 0 10.0.0.11
p 0 24527 33000
x 1 33001
h 1 10.0.0.11
p 1 1904 33001
x 0 33002
p 0 253 33002
x 0 33003
p 0 232 33003
x 0 33004
p 0 224 33004
x 0 33005
p 0 289 33005
x 0 33006
p 0 214 33006
x 0 33007
p 0 207 33007
x 0 33008
p 0 211 33008
x 0 33009
p 0 212 33009
x 0 33010
p 0 206 33010
x 0 33011
p 0 205 33011
x 0 33012
p 0 205 33012
x 0 33013
p 0 225 33013
x 0 33014
p 0 220 33014
x 0 33015
p 0 88 33015
x 0 33016
p 0 222 33016
x 0 33017
p 0 286 33017
x 0 33018
p 0 234 33018
x 0 33019
p 0 222 33019
x 0 33020
p 0 218 33020
x 0 33021
p 0 219 33021
x 0 33022
p 0 218 33022
x 0 33023
p 0 225 33023
x 0 33024
p 0 220 33024
x 0 33025
p 0 220 33025
x 0 33026
p 0 256 33026
x 0 33027
p 0 215 33027
x 0 33028
p 0 221 33028
x 0 33029
p 0 219 33029
x 0 33030
p 0 215 33030
x 0 33031
p 0 216 33031
x 0 33032
p 0 218 33032
x 0 33033
p 0 293 33033
x 0 33034
p 0 218 33034
x 0 33035
p 0 213 33035
x 0 33036
p 0 217 33036
x 0 33037
p 0 219 33037
x 0 33038
p 0 219 33038
x 0 33039
p 0 219 33039
x 0 33040
p 0 218 33040
x 0 33041
p 0 214 33041
x 0 33042
p 0 214 33042
x 0 33043
p 0 215 33043
x 0 33044
p 0 219 33044
x 0 33045
p 0 214 33045
x 0 33046
p 0 201 33046
x 0 33047
p 0 202 33047
x 0 33048
p 0 206 33048
x 0 33049
p 0 207 33049
x 0 33050
p 0 206 33050
x 0 33051
p 0 199 33051
x 0 33052
p 0 202 33052
x 0 33053
p 0 209 33053
x 0 33054
p 0 206 33054
x 0 33055
p 0 209 33055
x 0 33056
p 0 213 33056
x 0 33057
p 0 210 33057
x 0 33058
p 0 249 33058
x 0 33059
p 0 269 33059
x 0 33060
p 0 270 33060
x 0 33000
h 0 10.0.0.11
p 0 12856 33000
x 1 33001
h 1 10.0.0.11
p 1 1890 33001
x 0 33002
p 0 199 33002
x 0 33003
p 0 207 33003
x 0 33004
p 0 203 33004
x 0 33005
p 0 206 33005
x 0 33006
p 0 206 33006
x 0 33007
p 0 133 33007
x 0 33008
p 0 204 33008
x 0 33009
p 0 205 33009
x 0 33010
p 0 205 33010
x 0 33011
p 0 208 33011
x 0 33012
p 0 206 33012
x 0 33013
p 0 322 33013
x 0 33014
p 0 208 33014
x 0 33015
p 0 280 33015
x 0 33016
p 0 208 33016
x 0 33017
p 0 211 33017
x 0 33018
p 0 210 33018
x 0 33019
p 0 212 33019
x 0 33020
p 0 243 33020
x 0 33021
p 0 210 33021
x 0 33022
p 0 215 33022
x 0 33023
p 0 218 33023
x 0 33024
p 0 213 33024
x 0 33025
p 0 211 33025
x 0 33026
p 0 214 33026
x 0 33027
p 0 213 33027
x 0 33028
p 0 212 33028
x 0 33029
p 0 208 33029
x 0 33030
p 0 203 33030
x 0 33031
p 0 206 33031
x 0 33032
p 0 204 33032
x 0 33033
p 0 204 33033
x 0 33034
p 0 299 33034
x 0 33035
p 0 202 33035
x 0 33036
p 0 282 33036
x 0 33037
p 0 211 33037
x 0 33038
p 0 207 33038
x 0 33039
p 0 240 33039
x 0 33040
p 0 209 33040
x 0 33041
p 0 209 33041
x 0 33042
p 0 213 33042
x 0 33043
p 0 209 33043
x 0 33044
p 0 261 33044
x 0 33045
p 0 247 33045
x 0 33046
p 0 248 33046
x 0 33047
p 0 253 33047
x 0 33048
p 0 258 33048
x 0 33049
p 0 252 33049
x 0 33050
p 0 254 33050
x 0 33051
p 0 216 33051
x 0 33052
p 0 217 33052
x 0 33053
p 0 215 33053
x 0 33054
p 0 256 33054
x 0 33055
p 0 257 33055
x 0 33056
p 0 212 33056
x 0 33057
p 0 251 33057
x 0 33058
p 0 220 33058
x 0 33059
p 0 265 33059
x 0 33060
p 0 315 33060
