x 0 33000
x 1 33001
x 2 33002
x 3 33003
x 4 33004
x 5 33005
x 6 33006
x 7 33007
x 8 33008
x 9 33009
x 10 33010
x 11 33011
x 12 33012
x 13 33013
x 0 33014
h 2 10.0.0.1
p 2 1220475 33002
h 3 10.0.0.1
p 3 1124115 33003
h 0 10.0.0.1
p 0 1427032 33000
h 4 10.0.0.1
p 4 1028503 33004
h 5 10.0.0.1
p 5 930573 33005
h 1 10.0.0.1
p 1 1333568 33001
h 6 10.0.0.1
p 6 834755 33006
x 1 33015
p 1 745 33015
h 7 10.0.0.1
p 7 812173 33007
h 8 10.0.0.1
p 8 914337 33008
h 9 10.0.0.1
p 9 958289 33009
x 0 33016
p 0 253 33016
h 10 10.0.0.1
p 10 1014358 33010
h 11 10.0.0.1
p 11 1016894 33011
h 12 10.0.0.1
p 12 1008207 33012
h 13 10.0.0.1
p 13 936823 33013
p 0 1029521 33014
x 0 33017
p 0 240 33017
x 0 33018
p 0 256 33018
x 0 33019
p 0 226 33019
x 0 33020
p 0 228 33020
x 0 33021
p 0 237 33021
x 0 33022
p 0 232 33022
x 0 33023
p 0 275 33023
x 0 33024
p 0 231 33024
x 0 33025
p 0 230 33025
x 0 33026
p 0 228 33026
x 0 33027
p 0 356 33027
x 0 33028
p 0 278 33028
x 0 33029
p 0 231 33029
x 0 33030
p 0 229 33030
x 0 33031
p 0 224 33031
x 0 33032
p 0 220 33032
x 0 33033
p 0 241 33033
x 0 33034
p 0 238 33034
x 0 33035
p 0 231 33035
x 0 33036
p 0 240 33036
x 0 33037
p 0 290 33037
x 0 33038
p 0 242 33038
x 0 33039
p 0 233 33039
x 0 33040
p 0 228 33040
x 0 33041
p 0 228 33041
x 0 33042
p 0 233 33042
x 0 33043
p 0 239 33043
x 0 33044
p 0 236 33044
x 0 33045
p 0 243 33045
x 0 33046
p 0 225 33046
x 0 33047
p 0 219 33047
x 0 33048
p 0 245 33048
x 0 33049
p 0 233 33049
x 0 33050
p 0 224 33050
x 0 33051
p 0 293 33051
x 0 33052
p 0 234 33052
x 0 33053
p 0 284 33053
x 0 33054
p 0 238 33054
x 0 33055
p 0 231 33055
x 0 33056
p 0 237 33056
x 0 33057
p 0 231 33057
x 0 33058
p 0 302 33058
x 0 33059
p 0 228 33059
x 0 33060
p 0 263 33060
x 0 33061
p 0 232 33061
x 0 33062
p 0 237 33062
x 0 33063
p 0 244 33063
x 0 33064
p 0 236 33064
x 0 33065
p 0 275 33065
x 0 33066
p 0 238 33066
x 0 33067
p 0 273 33067
x 0 33068
p 0 237 33068
x 0 33069
p 0 232 33069
x 0 33070
p 0 235 33070
x 0 33071
p 0 237 33071
x 0 33072
p 0 276 33072
x 0 33073
p 0 244 33073
x 0 33000
h 0 10.0.0.1
p 0 1237 33000
x 1 33001
h 1 10.0.0.1
p 1 294 33001
x 0 33002
p 0 247 33002
x 0 33003
p 0 224 33003
x 0 33004
p 0 221 33004
x 0 33005
p 0 225 33005
x 0 33006
p 0 228 33006
x 0 33007
p 0 226 33007
x 0 33008
p 0 262 33008
x 0 33009
p 0 225 33009
x 0 33010
p 0 228 33010
x 0 33011
p 0 225 33011
x 0 33012
p 0 188 33012
x 0 33013
p 0 224 33013
x 0 33014
p 0 229 33014
x 0 33015
p 0 231 33015
x 0 33016
p 0 232 33016
x 0 33017
p 0 229 33017
x 0 33018
p 0 228 33018
x 0 33019
p 0 222 33019
x 0 33020
p 0 229 33020
x 0 33021
p 0 229 33021
x 0 33022
p 0 265 33022
x 0 33023
p 0 232 33023
x 0 33024
p 0 226 33024
x 0 33025
p 0 230 33025
x 0 33026
p 0 224 33026
x 0 33027
p 0 227 33027
x 0 33028
p 0 232 33028
x 0 33029
p 0 227 33029
x 0 33030
p 0 237 33030
x 0 33031
p 0 239 33031
x 0 33032
p 0 237 33032
x 0 33033
p 0 316 33033
x 0 33034
p 0 288 33034
x 0 33035
p 0 235 33035
x 0 33036
p 0 270 33036
x 0 33037
p 0 236 33037
x 0 33038
p 0 238 33038
x 0 33039
p 0 232 33039
x 0 33040
p 0 239 33040
x 0 33041
p 0 239 33041
x 0 33042
p 0 246 33042
x 0 33043
p 0 275 33043
x 0 33044
p 0 238 33044
x 0 33045
p 0 235 33045
x 0 33046
p 0 240 33046
x 0 33047
p 0 237 33047
x 0 33048
p 0 239 33048
x 0 33049
p 0 239 33049
x 0 33050
p 0 234 33050
x 0 33051
p 0 231 33051
x 0 33052
p 0 237 33052
x 0 33053
p 0 273 33053
x 0 33054
p 0 229 33054
x 0 33055
p 0 118 33055
x 0 33056
p 0 241 33056
x 0 33057
p 0 235 33057
x 0 33058
p 0 235 33058
x 0 33059
p 0 236 33059
x 0 33060
p 0 234 33060
x 0 33000
x 1 33001
x 2 33002
x 3 33003
x 4 33004
x 5 33005
x 6 33006
x 7 33007
x 8 33008
x 9 33009
x 10 33010
x 11 33011
h 0 10.0.0.1
p 0 1197204 33000
x 12 33012
h 12 10.0.0.1
p 12 979 33012
h 2 10.0.0.1
p 2 1004495 33002
h 1 10.0.0.1
p 1 1124763 33001
h 3 10.0.0.1
p 3 954513 33003
h 4 10.0.0.1
p 4 868822 33004
x 0 33013
p 0 143 33013
h 5 10.0.0.1
p 5 783069 33005
h 6 10.0.0.1
p 6 694195 33006
h 7 10.0.0.1
p 7 603184 33007
h 8 10.0.0.1
p 8 509635 33008
h 9 10.0.0.1
p 9 414518 33009
h 10 10.0.0.1
p 10 317923 33010
h 11 10.0.0.1
p 11 222700 33011
x 0 33014
p 0 228 33014
x 0 33015
p 0 187 33015
x 0 33016
p 0 173 33016
x 0 33017
p 0 219 33017
x 0 33018
p 0 246 33018
x 0 33019
p 0 231 33019
x 0 33020
p 0 227 33020
x 0 33021
p 0 218 33021
x 0 33022
p 0 236 33022
x 0 33023
p 0 224 33023
x 0 33024
p 0 224 33024
x 0 33025
p 0 223 33025
x 0 33026
p 0 230 33026
x 0 33027
p 0 268 33027
x 0 33028
p 0 216 33028
x 0 33029
p 0 242 33029
x 0 33030
p 0 223 33030
x 0 33031
p 0 216 33031
x 0 33032
p 0 190 33032
x 0 33033
p 0 224 33033
x 0 33034
p 0 220 33034
x 0 33035
p 0 221 33035
x 0 33036
p 0 267 33036
x 0 33037
p 0 268 33037
x 0 33038
p 0 236 33038
x 0 33039
p 0 229 33039
x 0 33040
p 0 233 33040
x 0 33041
p 0 217 33041
x 0 33042
p 0 230 33042
x 0 33043
p 0 225 33043
x 0 33044
p 0 224 33044
x 0 33045
p 0 236 33045
x 0 33046
p 0 222 33046
x 0 33047
p 0 232 33047
x 0 33048
p 0 230 33048
x 0 33049
p 0 249 33049
x 0 33050
p 0 235 33050
x 0 33051
p 0 285 33051
x 0 33052
p 0 230 33052
x 0 33053
p 0 233 33053
x 0 33054
p 0 227 33054
x 0 33055
p 0 235 33055
x 0 33056
p 0 224 33056
x 0 33057
p 0 249 33057
x 0 33058
p 0 269 33058
x 0 33059
p 0 249 33059
x 0 33060
p 0 240 33060
x 0 33061
p 0 233 33061
x 0 33062
p 0 236 33062
x 0 33063
p 0 237 33063
x 0 33064
p 0 234 33064
x 0 33065
p 0 271 33065
x 0 33066
p 0 236 33066
x 0 33067
p 0 255 33067
x 0 33068
p 0 228 33068
x 0 33069
p 0 274 33069
x 0 33070
p 0 254 33070
x 0 33071
p 0 223 33071
x 0 33000
h 0 10.0.0.1
p 0 798 33000
x 1 33001
h 1 10.0.0.1
p 1 221 33001
x 0 33002
p 0 201 33002
x 0 33003
p 0 225 33003
x 0 33004
p 0 228 33004
x 0 33005
p 0 258 33005
x 0 33006
p 0 187 33006
x 0 33007
p 0 236 33007
x 0 33008
p 0 228 33008
x 0 33009
p 0 227 33009
x 0 33010
p 0 226 33010
x 0 33011
p 0 230 33011
x 0 33012
p 0 320 33012
x 0 33013
p 0 227 33013
x 0 33014
p 0 228 33014
x 0 33015
p 0 226 33015
x 0 33016
p 0 224 33016
x 0 33017
p 0 468 33017
x 0 33018
p 0 229 33018
x 0 33019
p 0 233 33019
x 0 33020
p 0 233 33020
x 0 33021
p 0 353 33021
x 0 33022
p 0 454 33022
x 0 33023
p 0 280 33023
x 0 33024
p 0 378 33024
x 0 33025
p 0 227 33025
x 0 33026
p 0 425 33026
x 0 33027
p 0 297 33027
x 0 33028
p 0 383 33028
x 0 33029
p 0 423 33029
x 0 33030
p 0 232 33030
x 0 33031
p 0 342 33031
x 0 33032
p 0 294 33032
x 0 33033
p 0 230 33033
x 0 33034
p 0 341 33034
x 0 33035
p 0 283 33035
x 0 33036
p 0 228 33036
x 0 33037
p 0 396 33037
x 0 33038
p 0 229 33038
x 0 33039
p 0 289 33039
x 0 33040
p 0 231 33040
x 0 33041
p 0 230 33041
x 0 33042
p 0 232 33042
x 0 33043
p 0 234 33043
x 0 33044
p 0 230 33044
x 0 33045
p 0 227 33045
x 0 33046
p 0 224 33046
x 0 33047
p 0 231 33047
x 0 33048
p 0 230 33048
x 0 33049
p 0 224 33049
x 0 33050
p 0 226 33050
x 0 33051
p 0 238 33051
x 0 33052
p 0 243 33052
x 0 33053
p 0 235 33053
x 0 33054
p 0 238 33054
x 0 33055
p 0 236 33055
x 0 33056
p 0 238 33056
x 0 33057
p 0 241 33057
x 0 33058
p 0 207 33058
x 0 33059
p 0 236 33059
x 0 33060
p 0 241 33060
x 0 33000
x 1 33001
x 2 33002
x 3 33003
x 4 33004
x 5 33005
x 6 33006
x 7 33007
x 8 33008
h 0 10.0.0.1
p 0 851248 33000
x 9 33009
h 9 10.0.0.1
p 9 1163 33009
x 0 33010
p 0 318 33010
h 1 10.0.0.1
p 1 1003533 33001
h 2 10.0.0.1
p 2 1031540 33002
h 3 10.0.0.1
p 3 996978 33003
h 4 10.0.0.1
p 4 915517 33004
h 5 10.0.0.1
p 5 832074 33005
h 6 10.0.0.1
p 6 745908 33006
h 7 10.0.0.1
p 7 657944 33007
h 8 10.0.0.1
p 8 570093 33008
x 0 33011
p 0 228 33011
x 0 33012
p 0 221 33012
x 0 33013
p 0 224 33013
x 0 33014
p 0 218 33014
x 0 33015
p 0 248 33015
x 0 33016
p 0 229 33016
x 0 33017
p 0 221 33017
x 0 33018
p 0 290 33018
x 0 33019
p 0 219 33019
x 0 33020
p 0 215 33020
x 0 33021
p 0 225 33021
x 0 33022
p 0 221 33022
x 0 33023
p 0 228 33023
x 0 33024
p 0 218 33024
x 0 33025
p 0 229 33025
x 0 33026
p 0 293 33026
x 0 33027
p 0 218 33027
x 0 33028
p 0 220 33028
x 0 33029
p 0 216 33029
x 0 33030
p 0 214 33030
x 0 33031
p 0 223 33031
x 0 33032
p 0 284 33032
x 0 33033
p 0 246 33033
x 0 33034
p 0 217 33034
x 0 33035
p 0 317 33035
x 0 33036
p 0 223 33036
x 0 33037
p 0 219 33037
x 0 33038
p 0 219 33038
x 0 33039
p 0 220 33039
x 0 33040
p 0 256 33040
x 0 33041
p 0 222 33041
x 0 33042
p 0 221 33042
x 0 33043
p 0 215 33043
x 0 33044
p 0 219 33044
x 0 33045
p 0 223 33045
x 0 33046
p 0 223 33046
x 0 33047
p 0 220 33047
x 0 33048
p 0 217 33048
x 0 33049
p 0 217 33049
x 0 33050
p 0 224 33050
x 0 33051
p 0 227 33051
x 0 33052
p 0 221 33052
x 0 33053
p 0 229 33053
x 0 33054
p 0 278 33054
x 0 33055
p 0 229 33055
x 0 33056
p 0 230 33056
x 0 33057
p 0 225 33057
x 0 33058
p 0 223 33058
x 0 33059
p 0 226 33059
x 0 33060
p 0 232 33060
x 0 33061
p 0 255 33061
x 0 33062
p 0 221 33062
x 0 33063
p 0 223 33063
x 0 33064
p 0 218 33064
x 0 33065
p 0 228 33065
x 0 33066
p 0 267 33066
x 0 33067
p 0 224 33067
x 0 33068
p 0 252 33068
x 0 33000
h 0 10.0.0.1
p 0 1018 33000
x 1 33001
h 1 10.0.0.1
p 1 244 33001
x 0 33002
p 0 245 33002
x 0 33003
p 0 242 33003
x 0 33004
p 0 241 33004
x 0 33005
p 0 240 33005
x 0 33006
p 0 225 33006
x 0 33007
p 0 146 33007
x 0 33008
p 0 210 33008
x 0 33009
p 0 225 33009
x 0 33010
p 0 313 33010
x 0 33011
p 0 193 33011
x 0 33012
p 0 203 33012
x 0 33013
p 0 241 33013
x 0 33014
p 0 205 33014
x 0 33015
p 0 204 33015
x 0 33016
p 0 205 33016
x 0 33017
p 0 202 33017
x 0 33018
p 0 259 33018
x 0 33019
p 0 205 33019
x 0 33020
p 0 204 33020
x 0 33021
p 0 198 33021
x 0 33022
p 0 204 33022
x 0 33023
p 0 205 33023
x 0 33024
p 0 202 33024
x 0 33025
p 0 197 33025
x 0 33026
p 0 195 33026
x 0 33027
p 0 203 33027
x 0 33028
p 0 207 33028
x 0 33029
p 0 226 33029
x 0 33030
p 0 198 33030
x 0 33031
p 0 200 33031
x 0 33032
p 0 200 33032
x 0 33033
p 0 226 33033
x 0 33034
p 0 198 33034
x 0 33035
p 0 200 33035
x 0 33036
p 0 224 33036
x 0 33037
p 0 228 33037
x 0 33038
p 0 205 33038
x 0 33039
p 0 197 33039
x 0 33040
p 0 193 33040
x 0 33041
p 0 186 33041
x 0 33042
p 0 189 33042
x 0 33043
p 0 198 33043
x 0 33044
p 0 227 33044
x 0 33045
p 0 193 33045
x 0 33046
p 0 195 33046
x 0 33047
p 0 202 33047
x 0 33048
p 0 225 33048
x 0 33049
p 0 224 33049
x 0 33050
p 0 198 33050
x 0 33051
p 0 197 33051
x 0 33052
p 0 225 33052
x 0 33053
p 0 224 33053
x 0 33054
p 0 222 33054
x 0 33055
p 0 384 33055
x 0 33056
p 0 224 33056
x 0 33057
p 0 333 33057
x 0 33058
p 0 366 33058
x 0 33059
p 0 431 33059
x 0 33060
p 0 378 33060
x 0 33000
x 1 33001
x 2 33002
x 3 33003
x 4 33004
x 5 33005
x 6 33006
x 7 33007
x 8 33008
x 9 33009
h 0 10.0.0.1
p 0 915363 33000
x 10 33010
h 10 10.0.0.1
p 10 1298 33010
x 0 33011
p 0 280 33011
h 1 10.0.0.1
p 1 1010895 33001
h 2 10.0.0.1
p 2 1006754 33002
h 3 10.0.0.1
p 3 984861 33003
h 4 10.0.0.1
p 4 894661 33004
h 5 10.0.0.1
p 5 803671 33005
h 6 10.0.0.1
p 6 711228 33006
h 7 10.0.0.1
p 7 617534 33007
h 8 10.0.0.1
p 8 523836 33008
h 9 10.0.0.1
p 9 1005282 33009
x 0 33012
p 0 258 33012
x 0 33013
p 0 263 33013
x 0 33014
p 0 228 33014
x 0 33015
p 0 224 33015
x 0 33016
p 0 272 33016
x 0 33017
p 0 238 33017
x 0 33018
p 0 229 33018
x 0 33019
p 0 223 33019
x 0 33020
p 0 283 33020
x 0 33021
p 0 229 33021
x 0 33022
p 0 232 33022
x 0 33023
p 0 232 33023
x 0 33024
p 0 237 33024
x 0 33025
p 0 236 33025
x 0 33026
p 0 232 33026
x 0 33027
p 0 279 33027
x 0 33028
p 0 232 33028
x 0 33029
p 0 230 33029
x 0 33030
p 0 223 33030
x 0 33031
p 0 219 33031
x 0 33032
p 0 223 33032
x 0 33033
p 0 219 33033
x 0 33034
p 0 263 33034
x 0 33035
p 0 223 33035
x 0 33036
p 0 233 33036
x 0 33037
p 0 237 33037
x 0 33038
p 0 239 33038
x 0 33039
p 0 236 33039
x 0 33040
p 0 234 33040
x 0 33041
p 0 276 33041
x 0 33042
p 0 236 33042
x 0 33043
p 0 243 33043
x 0 33044
p 0 237 33044
x 0 33045
p 0 236 33045
x 0 33046
p 0 228 33046
x 0 33047
p 0 233 33047
x 0 33048
p 0 287 33048
x 0 33049
p 0 226 33049
x 0 33050
p 0 222 33050
x 0 33051
p 0 228 33051
x 0 33052
p 0 233 33052
x 0 33053
p 0 239 33053
x 0 33054
p 0 244 33054
x 0 33055
p 0 264 33055
x 0 33056
p 0 235 33056
x 0 33057
p 0 232 33057
x 0 33058
p 0 231 33058
x 0 33059
p 0 238 33059
x 0 33060
p 0 231 33060
x 0 33061
p 0 235 33061
x 0 33062
p 0 271 33062
x 0 33063
p 0 220 33063
x 0 33064
p 0 233 33064
x 0 33065
p 0 230 33065
x 0 33066
p 0 222 33066
x 0 33067
p 0 225 33067
x 0 33068
p 0 230 33068
x 0 33069
p 0 312 33069
x 0 33000
h 0 10.0.0.1
p 0 772 33000
x 1 33001
h 1 10.0.0.1
p 1 171 33001
x 0 33002
p 0 232 33002
x 0 33003
p 0 231 33003
x 0 33004
p 0 224 33004
x 0 33005
p 0 259 33005
x 0 33006
p 0 188 33006
x 0 33007
p 0 232 33007
x 0 33008
p 0 228 33008
x 0 33009
p 0 228 33009
x 0 33010
p 0 229 33010
x 0 33011
p 0 229 33011
x 0 33012
p 0 236 33012
x 0 33013
p 0 229 33013
x 0 33014
p 0 160 33014
x 0 33015
p 0 231 33015
x 0 33016
p 0 235 33016
x 0 33017
p 0 227 33017
x 0 33018
p 0 227 33018
x 0 33019
p 0 348 33019
x 0 33020
p 0 208 33020
x 0 33021
p 0 228 33021
x 0 33022
p 0 231 33022
x 0 33023
p 0 233 33023
x 0 33024
p 0 230 33024
x 0 33025
p 0 233 33025
x 0 33026
p 0 232 33026
x 0 33027
p 0 232 33027
x 0 33028
p 0 234 33028
x 0 33029
p 0 230 33029
x 0 33030
p 0 231 33030
x 0 33031
p 0 204 33031
x 0 33032
p 0 356 33032
x 0 33033
p 0 208 33033
x 0 33034
p 0 228 33034
x 0 33035
p 0 225 33035
x 0 33036
p 0 342 33036
x 0 33037
p 0 230 33037
x 0 33038
p 0 224 33038
x 0 33039
p 0 237 33039
x 0 33040
p 0 237 33040
x 0 33041
p 0 234 33041
x 0 33042
p 0 207 33042
x 0 33043
p 0 342 33043
x 0 33044
p 0 236 33044
x 0 33045
p 0 235 33045
x 0 33046
p 0 353 33046
x 0 33047
p 0 317 33047
x 0 33048
p 0 209 33048
x 0 33049
p 0 235 33049
x 0 33050
p 0 226 33050
x 0 33051
p 0 226 33051
x 0 33052
p 0 341 33052
x 0 33053
p 0 345 33053
x 0 33054
p 0 340 33054
x 0 33055
p 0 98 33055
x 0 33056
p 0 359 33056
x 0 33057
p 0 349 33057
x 0 33058
p 0 275 33058
x 0 33059
p 0 324 33059
x 0 33060
p 0 237 33060
x 0 33000
x 1 33001
x 2 33002
x 3 33003
x 4 33004
x 5 33005
x 6 33006
x 7 33007
x 8 33008
x 9 33009
x 10 33010
x 11 33011
h 0 10.0.0.1
p 0 1150310 33000
x 12 33012
h 12 10.0.0.1
p 12 1291 33012
h 2 10.0.0.1
p 2 1021589 33002
h 1 10.0.0.1
p 1 1122644 33001
h 3 10.0.0.1
p 3 956280 33003
h 4 10.0.0.1
p 4 870041 33004
x 0 33013
p 0 163 33013
h 5 10.0.0.1
p 5 781367 33005
h 6 10.0.0.1
p 6 692318 33006
h 7 10.0.0.1
p 7 600870 33007
h 8 10.0.0.1
p 8 507766 33008
h 9 10.0.0.1
p 9 412700 33009
h 10 10.0.0.1
p 10 315349 33010
h 11 10.0.0.1
p 11 219143 33011
x 0 33014
p 0 358 33014
x 0 33015
p 0 257 33015
x 0 33016
p 0 229 33016
x 0 33017
p 0 230 33017
x 0 33018
p 0 314 33018
x 0 33019
p 0 235 33019
x 0 33020
p 0 233 33020
x 0 33021
p 0 269 33021
x 0 33022
p 0 251 33022
x 0 33023
p 0 231 33023
x 0 33024
p 0 243 33024
x 0 33025
p 0 301 33025
x 0 33026
p 0 224 33026
x 0 33027
p 0 242 33027
x 0 33028
p 0 221 33028
x 0 33029
p 0 223 33029
x 0 33030
p 0 220 33030
x 0 33031
p 0 219 33031
x 0 33032
p 0 299 33032
x 0 33033
p 0 219 33033
x 0 33034
p 0 227 33034
x 0 33035
p 0 220 33035
x 0 33036
p 0 217 33036
x 0 33037
p 0 252 33037
x 0 33038
p 0 224 33038
x 0 33039
p 0 264 33039
x 0 33040
p 0 217 33040
x 0 33041
p 0 219 33041
x 0 33042
p 0 254 33042
x 0 33043
p 0 227 33043
x 0 33044
p 0 238 33044
x 0 33045
p 0 230 33045
x 0 33046
p 0 223 33046
x 0 33047
p 0 257 33047
x 0 33048
p 0 225 33048
x 0 33049
p 0 224 33049
x 0 33050
p 0 256 33050
x 0 33051
p 0 221 33051
x 0 33052
p 0 254 33052
x 0 33053
p 0 226 33053
x 0 33054
p 0 223 33054
x 0 33055
p 0 223 33055
x 0 33056
p 0 221 33056
x 0 33057
p 0 274 33057
x 0 33058
p 0 218 33058
x 0 33059
p 0 226 33059
x 0 33060
p 0 222 33060
x 0 33061
p 0 294 33061
x 0 33062
p 0 244 33062
x 0 33063
p 0 226 33063
x 0 33064
p 0 269 33064
x 0 33065
p 0 219 33065
x 0 33066
p 0 222 33066
x 0 33067
p 0 244 33067
x 0 33068
p 0 250 33068
x 0 33069
p 0 224 33069
x 0 33070
p 0 222 33070
x 0 33071
p 0 263 33071
x 0 33000
h 0 10.0.0.1
p 0 711 33000
x 1 33001
h 1 10.0.0.1
p 1 214 33001
x 0 33002
p 0 258 33002
x 0 33003
p 0 218 33003
x 0 33004
p 0 219 33004
x 0 33005
p 0 243 33005
x 0 33006
p 0 260 33006
x 0 33007
p 0 247 33007
x 0 33008
p 0 213 33008
x 0 33009
p 0 216 33009
x 0 33010
p 0 255 33010
x 0 33011
p 0 242 33011
x 0 33012
p 0 249 33012
x 0 33013
p 0 218 33013
x 0 33014
p 0 215 33014
x 0 33015
p 0 217 33015
x 0 33016
p 0 217 33016
x 0 33017
p 0 222 33017
x 0 33018
p 0 217 33018
x 0 33019
p 0 197 33019
x 0 33020
p 0 217 33020
x 0 33021
p 0 217 33021
x 0 33022
p 0 219 33022
x 0 33023
p 0 217 33023
x 0 33024
p 0 220 33024
x 0 33025
p 0 216 33025
x 0 33026
p 0 215 33026
x 0 33027
p 0 215 33027
x 0 33028
p 0 217 33028
x 0 33029
p 0 214 33029
x 0 33030
p 0 215 33030
x 0 33031
p 0 188 33031
x 0 33032
p 0 217 33032
x 0 33033
p 0 215 33033
x 0 33034
p 0 91 33034
x 0 33035
p 0 218 33035
x 0 33036
p 0 218 33036
x 0 33037
p 0 219 33037
x 0 33038
p 0 216 33038
x 0 33039
p 0 214 33039
x 0 33040
p 0 214 33040
x 0 33041
p 0 214 33041
x 0 33042
p 0 215 33042
x 0 33043
p 0 215 33043
x 0 33044
p 0 215 33044
x 0 33045
p 0 216 33045
x 0 33046
p 0 215 33046
x 0 33047
p 0 206 33047
x 0 33048
p 0 213 33048
x 0 33049
p 0 215 33049
x 0 33050
p 0 187 33050
x 0 33051
p 0 212 33051
x 0 33052
p 0 214 33052
x 0 33053
p 0 192 33053
x 0 33054
p 0 214 33054
x 0 33055
p 0 219 33055
x 0 33056
p 0 191 33056
x 0 33057
p 0 218 33057
x 0 33058
p 0 180 33058
x 0 33059
p 0 189 33059
x 0 33060
p 0 193 33060
x 0 33000
x 1 33001
x 2 33002
x 3 33003
x 4 33004
x 5 33005
x 6 33006
x 7 33007
x 8 33008
h 0 10.0.0.1
p 0 848372 33000
x 9 33009
h 9 10.0.0.1
p 9 1079 33009
x 0 33010
p 0 216 33010
h 1 10.0.0.1
p 1 1002874 33001
h 2 10.0.0.1
p 2 1010144 33002
h 3 10.0.0.1
p 3 922304 33003
h 4 10.0.0.1
p 4 832717 33004
h 5 10.0.0.1
p 5 741607 33005
h 6 10.0.0.1
p 6 650081 33006
h 7 10.0.0.1
p 7 556641 33007
h 8 10.0.0.1
p 8 462447 33008
x 0 33011
p 0 225 33011
x 0 33012
p 0 220 33012
x 0 33013
p 0 219 33013
x 0 33014
p 0 219 33014
x 0 33015
p 0 236 33015
x 0 33016
p 0 224 33016
x 0 33017
p 0 217 33017
x 0 33018
p 0 200 33018
x 0 33019
p 0 249 33019
x 0 33020
p 0 220 33020
x 0 33021
p 0 225 33021
x 0 33022
p 0 221 33022
x 0 33023
p 0 215 33023
x 0 33024
p 0 217 33024
x 0 33025
p 0 219 33025
x 0 33026
p 0 248 33026
x 0 33027
p 0 215 33027
x 0 33028
p 0 212 33028
x 0 33029
p 0 214 33029
x 0 33030
p 0 217 33030
x 0 33031
p 0 216 33031
x 0 33032
p 0 216 33032
x 0 33033
p 0 215 33033
x 0 33034
p 0 217 33034
x 0 33035
p 0 272 33035
x 0 33036
p 0 218 33036
x 0 33037
p 0 218 33037
x 0 33038
p 0 215 33038
x 0 33039
p 0 214 33039
x 0 33040
p 0 226 33040
x 0 33041
p 0 231 33041
x 0 33042
p 0 224 33042
x 0 33043
p 0 225 33043
x 0 33044
p 0 228 33044
x 0 33045
p 0 248 33045
x 0 33046
p 0 231 33046
x 0 33047
p 0 225 33047
x 0 33048
p 0 225 33048
x 0 33049
p 0 228 33049
x 0 33050
p 0 225 33050
x 0 33051
p 0 219 33051
x 0 33052
p 0 221 33052
x 0 33053
p 0 217 33053
x 0 33054
p 0 218 33054
x 0 33055
p 0 223 33055
x 0 33056
p 0 232 33056
x 0 33057
p 0 221 33057
x 0 33058
p 0 218 33058
x 0 33059
p 0 220 33059
x 0 33060
p 0 223 33060
x 0 33061
p 0 232 33061
x 0 33062
p 0 221 33062
x 0 33063
p 0 216 33063
x 0 33064
p 0 219 33064
x 0 33065
p 0 221 33065
x 0 33066
p 0 225 33066
x 0 33067
p 0 217 33067
x 0 33068
p 0 219 33068
x 0 33000
h 0 10.0.0.1
p 0 804 33000
x 1 33001
h 1 10.0.0.1
p 1 181 33001
x 0 33002
p 0 224 33002
x 0 33003
p 0 223 33003
x 0 33004
p 0 225 33004
x 0 33005
p 0 222 33005
x 0 33006
p 0 221 33006
x 0 33007
p 0 221 33007
x 0 33008
p 0 219 33008
x 0 33009
p 0 220 33009
x 0 33010
p 0 219 33010
x 0 33011
p 0 221 33011
x 0 33012
p 0 228 33012
x 0 33013
p 0 223 33013
x 0 33014
p 0 222 33014
x 0 33015
p 0 220 33015
x 0 33016
p 0 220 33016
x 0 33017
p 0 223 33017
x 0 33018
p 0 187 33018
x 0 33019
p 0 221 33019
x 0 33020
p 0 222 33020
x 0 33021
p 0 221 33021
x 0 33022
p 0 189 33022
x 0 33023
p 0 217 33023
x 0 33024
p 0 223 33024
x 0 33025
p 0 220 33025
x 0 33026
p 0 187 33026
x 0 33027
p 0 195 33027
x 0 33028
p 0 224 33028
x 0 33029
p 0 190 33029
x 0 33030
p 0 187 33030
x 0 33031
p 0 222 33031
x 0 33032
p 0 223 33032
x 0 33033
p 0 220 33033
x 0 33034
p 0 243 33034
x 0 33035
p 0 220 33035
x 0 33036
p 0 219 33036
x 0 33037
p 0 190 33037
x 0 33038
p 0 186 33038
x 0 33039
p 0 191 33039
x 0 33040
p 0 186 33040
x 0 33041
p 0 189 33041
x 0 33042
p 0 191 33042
x 0 33043
p 0 187 33043
x 0 33044
p 0 191 33044
x 0 33045
p 0 187 33045
x 0 33046
p 0 190 33046
x 0 33047
p 0 189 33047
x 0 33048
p 0 185 33048
x 0 33049
p 0 188 33049
x 0 33050
p 0 185 33050
x 0 33051
p 0 183 33051
x 0 33052
p 0 182 33052
x 0 33053
p 0 173 33053
x 0 33054
p 0 175 33054
x 0 33055
p 0 170 33055
x 0 33056
p 0 209 33056
x 0 33057
p 0 169 33057
x 0 33058
p 0 171 33058
x 0 33059
p 0 174 33059
x 0 33060
p 0 186 33060
x 0 33000
x 1 33001
x 2 33002
x 3 33003
x 4 33004
x 5 33005
x 6 33006
x 7 33007
x 8 33008
h 0 10.0.0.1
p 0 874080 33000
x 9 33009
h 9 10.0.0.1
p 9 627 33009
x 0 33010
p 0 233 33010
h 1 10.0.0.1
p 1 1030796 33001
h 2 10.0.0.1
p 2 1026646 33002
h 3 10.0.0.1
p 3 946355 33003
h 4 10.0.0.1
p 4 857961 33004
h 5 10.0.0.1
p 5 769069 33005
h 6 10.0.0.1
p 6 678513 33006
h 7 10.0.0.1
p 7 587149 33007
h 8 10.0.0.1
p 8 490890 33008
x 0 33011
p 0 228 33011
x 0 33012
p 0 228 33012
x 0 33013
p 0 222 33013
x 0 33014
p 0 259 33014
x 0 33015
p 0 273 33015
x 0 33016
p 0 221 33016
x 0 33017
p 0 220 33017
x 0 33018
p 0 232 33018
x 0 33019
p 0 232 33019
x 0 33020
p 0 134 33020
x 0 33021
p 0 223 33021
x 0 33022
p 0 223 33022
x 0 33023
p 0 259 33023
x 0 33024
p 0 226 33024
x 0 33025
p 0 226 33025
x 0 33026
p 0 224 33026
x 0 33027
p 0 226 33027
x 0 33028
p 0 243 33028
x 0 33029
p 0 229 33029
x 0 33030
p 0 220 33030
x 0 33031
p 0 246 33031
x 0 33032
p 0 214 33032
x 0 33033
p 0 214 33033
x 0 33034
p 0 215 33034
x 0 33035
p 0 229 33035
x 0 33036
p 0 259 33036
x 0 33037
p 0 224 33037
x 0 33038
p 0 351 33038
x 0 33039
p 0 254 33039
x 0 33040
p 0 226 33040
x 0 33041
p 0 252 33041
x 0 33042
p 0 229 33042
x 0 33043
p 0 227 33043
x 0 33044
p 0 224 33044
x 0 33045
p 0 229 33045
x 0 33046
p 0 247 33046
x 0 33047
p 0 215 33047
x 0 33048
p 0 299 33048
x 0 33049
p 0 219 33049
x 0 33050
p 0 224 33050
x 0 33051
p 0 227 33051
x 0 33052
p 0 225 33052
x 0 33053
p 0 223 33053
x 0 33054
p 0 223 33054
x 0 33055
p 0 226 33055
x 0 33056
p 0 220 33056
x 0 33057
p 0 224 33057
x 0 33058
p 0 223 33058
x 0 33059
p 0 226 33059
x 0 33060
p 0 222 33060
x 0 33061
p 0 216 33061
x 0 33062
p 0 219 33062
x 0 33063
p 0 216 33063
x 0 33064
p 0 220 33064
x 0 33065
p 0 218 33065
x 0 33066
p 0 215 33066
x 0 33067
p 0 230 33067
x 0 33068
p 0 263 33068
x 0 33000
h 0 10.0.0.1
p 0 886 33000
x 1 33001
h 1 10.0.0.1
p 1 160 33001
x 0 33002
p 0 222 33002
x 0 33003
p 0 219 33003
x 0 33004
p 0 215 33004
x 0 33005
p 0 219 33005
x 0 33006
p 0 227 33006
x 0 33007
p 0 241 33007
x 0 33008
p 0 237 33008
x 0 33009
p 0 237 33009
x 0 33010
p 0 234 33010
x 0 33011
p 0 345 33011
x 0 33012
p 0 213 33012
x 0 33013
p 0 240 33013
x 0 33014
p 0 328 33014
x 0 33015
p 0 340 33015
x 0 33016
p 0 195 33016
x 0 33017
p 0 233 33017
x 0 33018
p 0 193 33018
x 0 33019
p 0 193 33019
x 0 33020
p 0 190 33020
x 0 33021
p 0 226 33021
x 0 33022
p 0 193 33022
x 0 33023
p 0 200 33023
x 0 33024
p 0 199 33024
x 0 33025
p 0 219 33025
x 0 33026
p 0 187 33026
x 0 33027
p 0 194 33027
x 0 33028
p 0 310 33028
x 0 33029
p 0 190 33029
x 0 33030
p 0 183 33030
x 0 33031
p 0 190 33031
x 0 33032
p 0 189 33032
x 0 33033
p 0 175 33033
x 0 33034
p 0 181 33034
x 0 33035
p 0 224 33035
x 0 33036
p 0 228 33036
x 0 33037
p 0 232 33037
x 0 33038
p 0 225 33038
x 0 33039
p 0 232 33039
x 0 33040
p 0 226 33040
x 0 33041
p 0 274 33041
x 0 33042
p 0 235 33042
x 0 33043
p 0 234 33043
x 0 33044
p 0 232 33044
x 0 33045
p 0 234 33045
x 0 33046
p 0 241 33046
x 0 33047
p 0 327 33047
x 0 33048
p 0 287 33048
x 0 33049
p 0 231 33049
x 0 33050
p 0 228 33050
x 0 33051
p 0 736 33051
x 0 33052
p 0 229 33052
x 0 33053
p 0 224 33053
x 0 33054
p 0 178 33054
x 0 33055
p 0 290 33055
x 0 33056
p 0 284 33056
x 0 33057
p 0 271 33057
x 0 33058
p 0 225 33058
x 0 33059
p 0 227 33059
x 0 33060
p 0 223 33060
x 0 33000
x 1 33001
x 2 33002
x 3 33003
x 4 33004
x 5 33005
x 6 33006
x 7 33007
x 8 33008
x 9 33009
h 0 10.0.0.1
p 0 929174 33000
x 10 33010
h 10 10.0.0.1
p 10 1171 33010
x 0 33011
p 0 174 33011
h 1 10.0.0.1
p 1 1005286 33001
h 2 10.0.0.1
p 2 1000835 33002
h 3 10.0.0.1
p 3 1009833 33003
h 4 10.0.0.1
p 4 922889 33004
h 5 10.0.0.1
p 5 835512 33005
h 6 10.0.0.1
p 6 746209 33006
h 7 10.0.0.1
p 7 656716 33007
h 8 10.0.0.1
p 8 562525 33008
h 9 10.0.0.1
p 9 1003203 33009
x 0 33012
p 0 224 33012
x 0 33013
p 0 222 33013
x 0 33014
p 0 230 33014
x 0 33015
p 0 312 33015
x 0 33016
p 0 137 33016
x 0 33017
p 0 260 33017
x 0 33018
p 0 267 33018
x 0 33019
p 0 224 33019
x 0 33020
p 0 225 33020
x 0 33021
p 0 203 33021
x 0 33022
p 0 229 33022
x 0 33023
p 0 225 33023
x 0 33024
p 0 216 33024
x 0 33025
p 0 217 33025
x 0 33026
p 0 149 33026
x 0 33027
p 0 228 33027
x 0 33028
p 0 216 33028
x 0 33029
p 0 220 33029
x 0 33030
p 0 223 33030
x 0 33031
p 0 158 33031
x 0 33032
p 0 140 33032
x 0 33033
p 0 296 33033
x 0 33034
p 0 221 33034
x 0 33035
p 0 250 33035
x 0 33036
p 0 241 33036
x 0 33037
p 0 234 33037
x 0 33038
p 0 231 33038
x 0 33039
p 0 237 33039
x 0 33040
p 0 237 33040
x 0 33041
p 0 218 33041
x 0 33042
p 0 117 33042
x 0 33043
p 0 220 33043
x 0 33044
p 0 219 33044
x 0 33045
p 0 253 33045
x 0 33046
p 0 224 33046
x 0 33047
p 0 262 33047
x 0 33048
p 0 217 33048
x 0 33049
p 0 221 33049
x 0 33050
p 0 249 33050
x 0 33051
p 0 244 33051
x 0 33052
p 0 234 33052
x 0 33053
p 0 216 33053
x 0 33054
p 0 218 33054
x 0 33055
p 0 244 33055
x 0 33056
p 0 246 33056
x 0 33057
p 0 250 33057
x 0 33058
p 0 217 33058
x 0 33059
p 0 218 33059
x 0 33060
p 0 251 33060
x 0 33061
p 0 258 33061
x 0 33062
p 0 230 33062
x 0 33063
p 0 228 33063
x 0 33064
p 0 227 33064
x 0 33065
p 0 260 33065
x 0 33066
p 0 253 33066
x 0 33067
p 0 237 33067
x 0 33068
p 0 255 33068
x 0 33069
p 0 224 33069
x 0 33000
h 0 10.0.0.1
p 0 772 33000
x 1 33001
h 1 10.0.0.1
p 1 223 33001
x 0 33002
p 0 254 33002
x 0 33003
p 0 287 33003
x 0 33004
p 0 227 33004
x 0 33005
p 0 218 33005
x 0 33006
p 0 222 33006
x 0 33007
p 0 222 33007
x 0 33008
p 0 222 33008
x 0 33009
p 0 223 33009
x 0 33010
p 0 218 33010
x 0 33011
p 0 257 33011
x 0 33012
p 0 269 33012
x 0 33013
p 0 222 33013
x 0 33014
p 0 262 33014
x 0 33015
p 0 241 33015
x 0 33016
p 0 220 33016
x 0 33017
p 0 234 33017
x 0 33018
p 0 385 33018
x 0 33019
p 0 232 33019
x 0 33020
p 0 231 33020
x 0 33021
p 0 139 33021
x 0 33022
p 0 197 33022
x 0 33023
p 0 199 33023
x 0 33024
p 0 200 33024
x 0 33025
p 0 198 33025
x 0 33026
p 0 200 33026
x 0 33027
p 0 293 33027
x 0 33028
p 0 388 33028
x 0 33029
p 0 423 33029
x 0 33030
p 0 406 33030
x 0 33031
p 0 327 33031
x 0 33032
p 0 380 33032
x 0 33033
p 0 389 33033
x 0 33034
p 0 408 33034
x 0 33035
p 0 381 33035
x 0 33036
p 0 412 33036
x 0 33037
p 0 431 33037
x 0 33038
p 0 412 33038
x 0 33039
p 0 378 33039
x 0 33040
p 0 383 33040
x 0 33041
p 0 397 33041
x 0 33042
p 0 379 33042
x 0 33043
p 0 409 33043
x 0 33044
p 0 403 33044
x 0 33045
p 0 258 33045
x 0 33046
p 0 247 33046
x 0 33047
p 0 236 33047
x 0 33048
p 0 234 33048
x 0 33049
p 0 212 33049
x 0 33050
p 0 224 33050
x 0 33051
p 0 221 33051
x 0 33052
p 0 221 33052
x 0 33053
p 0 225 33053
x 0 33054
p 0 222 33054
x 0 33055
p 0 220 33055
x 0 33056
p 0 220 33056
x 0 33057
p 0 222 33057
x 0 33058
p 0 225 33058
x 0 33059
p 0 225 33059
x 0 33060
p 0 217 33060
x 0 33000
x 1 33001
x 2 33002
x 3 33003
x 4 33004
x 5 33005
x 6 33006
x 7 33007
x 8 33008
h 0 10.0.0.1
p 0 844681 33000
x 9 33009
h 9 10.0.0.1
p 9 1214 33009
x 0 33010
p 0 245 33010
h 1 10.0.0.1
p 1 1031328 33001
h 2 10.0.0.1
p 2 1023944 33002
h 3 10.0.0.1
p 3 965129 33003
h 4 10.0.0.1
p 4 921483 33004
h 5 10.0.0.1
p 5 832754 33005
h 6 10.0.0.1
p 6 740910 33006
h 7 10.0.0.1
p 7 648058 33007
h 8 10.0.0.1
p 8 553647 33008
x 0 33011
p 0 221 33011
x 0 33012
p 0 232 33012
x 0 33013
p 0 223 33013
x 0 33014
p 0 219 33014
x 0 33015
p 0 181 33015
x 0 33016
p 0 287 33016
x 0 33017
p 0 237 33017
x 0 33018
p 0 225 33018
x 0 33019
p 0 221 33019
x 0 33020
p 0 220 33020
x 0 33021
p 0 220 33021
x 0 33022
p 0 236 33022
x 0 33023
p 0 232 33023
x 0 33024
p 0 229 33024
x 0 33025
p 0 230 33025
x 0 33026
p 0 229 33026
x 0 33027
p 0 240 33027
x 0 33028
p 0 235 33028
x 0 33029
p 0 221 33029
x 0 33030
p 0 225 33030
x 0 33031
p 0 230 33031
x 0 33032
p 0 235 33032
x 0 33033
p 0 234 33033
x 0 33034
p 0 224 33034
x 0 33035
p 0 226 33035
x 0 33036
p 0 223 33036
x 0 33037
p 0 236 33037
x 0 33038
p 0 209 33038
x 0 33039
p 0 230 33039
x 0 33040
p 0 217 33040
x 0 33041
p 0 215 33041
x 0 33042
p 0 236 33042
x 0 33043
p 0 221 33043
x 0 33044
p 0 234 33044
x 0 33045
p 0 219 33045
x 0 33046
p 0 220 33046
x 0 33047
p 0 233 33047
x 0 33048
p 0 228 33048
x 0 33049
p 0 239 33049
x 0 33050
p 0 221 33050
x 0 33051
p 0 215 33051
x 0 33052
p 0 236 33052
x 0 33053
p 0 227 33053
x 0 33054
p 0 230 33054
x 0 33055
p 0 231 33055
x 0 33056
p 0 226 33056
x 0 33057
p 0 229 33057
x 0 33058
p 0 229 33058
x 0 33059
p 0 225 33059
x 0 33060
p 0 216 33060
x 0 33061
p 0 218 33061
x 0 33062
p 0 233 33062
x 0 33063
p 0 228 33063
x 0 33064
p 0 238 33064
x 0 33065
p 0 241 33065
x 0 33066
p 0 275 33066
x 0 33067
p 0 237 33067
x 0 33068
p 0 229 33068
x 0 33000
h 0 10.0.0.1
p 0 762 33000
x 1 33001
h 1 10.0.0.1
p 1 217 33001
x 0 33002
p 0 219 33002
x 0 33003
p 0 218 33003
x 0 33004
p 0 220 33004
x 0 33005
p 0 226 33005
x 0 33006
p 0 221 33006
x 0 33007
p 0 222 33007
x 0 33008
p 0 229 33008
x 0 33009
p 0 228 33009
x 0 33010
p 0 226 33010
x 0 33011
p 0 223 33011
x 0 33012
p 0 224 33012
x 0 33013
p 0 222 33013
x 0 33014
p 0 218 33014
x 0 33015
p 0 174 33015
x 0 33016
p 0 220 33016
x 0 33017
p 0 222 33017
x 0 33018
p 0 227 33018
x 0 33019
p 0 226 33019
x 0 33020
p 0 223 33020
x 0 33021
p 0 222 33021
x 0 33022
p 0 223 33022
x 0 33023
p 0 219 33023
x 0 33024
p 0 222 33024
x 0 33025
p 0 223 33025
x 0 33026
p 0 219 33026
x 0 33027
p 0 220 33027
x 0 33028
p 0 229 33028
x 0 33029
p 0 226 33029
x 0 33030
p 0 225 33030
x 0 33031
p 0 220 33031
x 0 33032
p 0 221 33032
x 0 33033
p 0 222 33033
x 0 33034
p 0 220 33034
x 0 33035
p 0 221 33035
x 0 33036
p 0 218 33036
x 0 33037
p 0 222 33037
x 0 33038
p 0 227 33038
x 0 33039
p 0 219 33039
x 0 33040
p 0 227 33040
x 0 33041
p 0 224 33041
x 0 33042
p 0 226 33042
x 0 33043
p 0 227 33043
x 0 33044
p 0 222 33044
x 0 33045
p 0 223 33045
x 0 33046
p 0 226 33046
x 0 33047
p 0 224 33047
x 0 33048
p 0 223 33048
x 0 33049
p 0 226 33049
x 0 33050
p 0 225 33050
x 0 33051
p 0 217 33051
x 0 33052
p 0 224 33052
x 0 33053
p 0 221 33053
x 0 33054
p 0 182 33054
x 0 33055
p 0 219 33055
x 0 33056
p 0 217 33056
x 0 33057
p 0 221 33057
x 0 33058
p 0 221 33058
x 0 33059
p 0 226 33059
x 0 33060
p 0 226 33060
x 0 33000
x 1 33001
x 2 33002
x 3 33003
x 4 33004
x 5 33005
x 6 33006
x 7 33007
x 8 33008
h 0 10.0.0.1
p 0 867793 33000
x 9 33009
h 9 10.0.0.1
p 9 1302 33009
x 0 33010
p 0 345 33010
h 1 10.0.0.1
p 1 1032082 33001
h 2 10.0.0.1
p 2 1028090 33002
h 3 10.0.0.1
p 3 990403 33003
h 4 10.0.0.1
p 4 908240 33004
h 5 10.0.0.1
p 5 824413 33005
h 6 10.0.0.1
p 6 740525 33006
h 7 10.0.0.1
p 7 656142 33007
h 8 10.0.0.1
p 8 562879 33008
x 0 33011
p 0 246 33011
x 0 33012
p 0 221 33012
x 0 33013
p 0 237 33013
x 0 33014
p 0 243 33014
x 0 33015
p 0 351 33015
x 0 33016
p 0 152 33016
x 0 33017
p 0 225 33017
x 0 33018
p 0 257 33018
x 0 33019
p 0 170 33019
x 0 33020
p 0 234 33020
x 0 33021
p 0 222 33021
x 0 33022
p 0 223 33022
x 0 33023
p 0 229 33023
x 0 33024
p 0 251 33024
x 0 33025
p 0 261 33025
x 0 33026
p 0 225 33026
x 0 33027
p 0 221 33027
x 0 33028
p 0 224 33028
x 0 33029
p 0 229 33029
x 0 33030
p 0 234 33030
x 0 33031
p 0 220 33031
x 0 33032
p 0 261 33032
x 0 33033
p 0 220 33033
x 0 33034
p 0 232 33034
x 0 33035
p 0 233 33035
x 0 33036
p 0 222 33036
x 0 33037
p 0 220 33037
x 0 33038
p 0 226 33038
x 0 33039
p 0 258 33039
x 0 33040
p 0 233 33040
x 0 33041
p 0 223 33041
x 0 33042
p 0 222 33042
x 0 33043
p 0 221 33043
x 0 33044
p 0 265 33044
x 0 33045
p 0 235 33045
x 0 33046
p 0 252 33046
x 0 33047
p 0 223 33047
x 0 33048
p 0 224 33048
x 0 33049
p 0 231 33049
x 0 33050
p 0 231 33050
x 0 33051
p 0 231 33051
x 0 33052
p 0 223 33052
x 0 33053
p 0 255 33053
x 0 33054
p 0 240 33054
x 0 33055
p 0 236 33055
x 0 33056
p 0 222 33056
x 0 33057
p 0 222 33057
x 0 33058
p 0 221 33058
x 0 33059
p 0 235 33059
x 0 33060
p 0 266 33060
x 0 33061
p 0 224 33061
x 0 33062
p 0 222 33062
x 0 33063
p 0 224 33063
x 0 33064
p 0 232 33064
x 0 33065
p 0 236 33065
x 0 33066
p 0 228 33066
x 0 33067
p 0 252 33067
x 0 33068
p 0 222 33068
x 0 33000
h 0 10.0.0.1
p 0 544 33000
x 1 33001
h 1 10.0.0.1
p 1 218 33001
x 0 33002
p 0 197 33002
x 0 33003
p 0 217 33003
x 0 33004
p 0 220 33004
x 0 33005
p 0 218 33005
x 0 33006
p 0 219 33006
x 0 33007
p 0 226 33007
x 0 33008
p 0 225 33008
x 0 33009
p 0 225 33009
x 0 33010
p 0 226 33010
x 0 33011
p 0 259 33011
x 0 33012
p 0 227 33012
x 0 33013
p 0 229 33013
x 0 33014
p 0 225 33014
x 0 33015
p 0 227 33015
x 0 33016
p 0 226 33016
x 0 33017
p 0 229 33017
x 0 33018
p 0 224 33018
x 0 33019
p 0 223 33019
x 0 33020
p 0 221 33020
x 0 33021
p 0 225 33021
x 0 33022
p 0 256 33022
x 0 33023
p 0 174 33023
x 0 33024
p 0 224 33024
x 0 33025
p 0 251 33025
x 0 33026
p 0 216 33026
x 0 33027
p 0 223 33027
x 0 33028
p 0 226 33028
x 0 33029
p 0 220 33029
x 0 33030
p 0 225 33030
x 0 33031
p 0 222 33031
x 0 33032
p 0 225 33032
x 0 33033
p 0 223 33033
x 0 33034
p 0 220 33034
x 0 33035
p 0 223 33035
x 0 33036
p 0 222 33036
x 0 33037
p 0 221 33037
x 0 33038
p 0 226 33038
x 0 33039
p 0 221 33039
x 0 33040
p 0 221 33040
x 0 33041
p 0 291 33041
x 0 33042
p 0 262 33042
x 0 33043
p 0 253 33043
x 0 33044
p 0 251 33044
x 0 33045
p 0 251 33045
x 0 33046
p 0 283 33046
x 0 33047
p 0 252 33047
x 0 33048
p 0 219 33048
x 0 33049
p 0 248 33049
x 0 33050
p 0 248 33050
x 0 33051
p 0 250 33051
x 0 33052
p 0 357 33052
x 0 33053
p 0 222 33053
x 0 33054
p 0 226 33054
x 0 33055
p 0 221 33055
x 0 33056
p 0 216 33056
x 0 33057
p 0 218 33057
x 0 33058
p 0 222 33058
x 0 33059
p 0 221 33059
x 0 33060
p 0 220 33060
x 0 33000
x 1 33001
x 2 33002
x 3 33003
x 4 33004
x 5 33005
x 6 33006
x 7 33007
x 8 33008
x 9 33009
x 10 33010
h 0 10.0.0.1
p 0 1031077 33000
x 11 33011
h 11 10.0.0.1
p 11 203 33011
h 1 10.0.0.1
p 1 1025466 33001
x 0 33012
p 0 194 33012
h 2 10.0.0.1
p 2 1000760 33002
h 3 10.0.0.1
p 3 912397 33003
h 4 10.0.0.1
p 4 821950 33004
h 5 10.0.0.1
p 5 731421 33005
h 6 10.0.0.1
p 6 640187 33006
h 7 10.0.0.1
p 7 546190 33007
h 8 10.0.0.1
p 8 451393 33008
h 9 10.0.0.1
p 9 355283 33009
h 10 10.0.0.1
p 10 1018678 33010
x 0 33013
p 0 216 33013
x 0 33014
p 0 228 33014
x 0 33015
p 0 260 33015
x 0 33016
p 0 210 33016
x 0 33017
p 0 227 33017
x 0 33018
p 0 256 33018
x 0 33019
p 0 216 33019
x 0 33020
p 0 217 33020
x 0 33021
p 0 215 33021
x 0 33022
p 0 213 33022
x 0 33023
p 0 221 33023
x 0 33024
p 0 224 33024
x 0 33025
p 0 260 33025
x 0 33026
p 0 217 33026
x 0 33027
p 0 217 33027
x 0 33028
p 0 226 33028
x 0 33029
p 0 224 33029
x 0 33030
p 0 224 33030
x 0 33031
p 0 215 33031
x 0 33032
p 0 247 33032
x 0 33033
p 0 224 33033
x 0 33034
p 0 225 33034
x 0 33035
p 0 223 33035
x 0 33036
p 0 218 33036
x 0 33037
p 0 221 33037
x 0 33038
p 0 222 33038
x 0 33039
p 0 255 33039
x 0 33040
p 0 86 33040
x 0 33041
p 0 219 33041
x 0 33042
p 0 220 33042
x 0 33043
p 0 249 33043
x 0 33044
p 0 228 33044
x 0 33045
p 0 224 33045
x 0 33046
p 0 223 33046
x 0 33047
p 0 273 33047
x 0 33048
p 0 226 33048
x 0 33049
p 0 227 33049
x 0 33050
p 0 262 33050
x 0 33051
p 0 221 33051
x 0 33052
p 0 227 33052
x 0 33053
p 0 228 33053
x 0 33054
p 0 229 33054
x 0 33055
p 0 231 33055
x 0 33056
p 0 221 33056
x 0 33057
p 0 246 33057
x 0 33058
p 0 222 33058
x 0 33059
p 0 220 33059
x 0 33060
p 0 357 33060
x 0 33061
p 0 222 33061
x 0 33062
p 0 241 33062
x 0 33063
p 0 227 33063
x 0 33064
p 0 230 33064
x 0 33065
p 0 228 33065
x 0 33066
p 0 217 33066
x 0 33067
p 0 224 33067
x 0 33068
p 0 222 33068
x 0 33069
p 0 223 33069
x 0 33070
p 0 225 33070
x 0 33000
h 0 10.0.0.1
p 0 740 33000
x 1 33001
h 1 10.0.0.1
p 1 223 33001
x 0 33002
p 0 224 33002
x 0 33003
p 0 210 33003
x 0 33004
p 0 224 33004
x 0 33005
p 0 225 33005
x 0 33006
p 0 223 33006
x 0 33007
p 0 224 33007
x 0 33008
p 0 131 33008
x 0 33009
p 0 462 33009
x 0 33010
p 0 227 33010
x 0 33011
p 0 198 33011
x 0 33012
p 0 184 33012
x 0 33013
p 0 79 33013
x 0 33014
p 0 177 33014
x 0 33015
p 0 193 33015
x 0 33016
p 0 185 33016
x 0 33017
p 0 139 33017
x 0 33018
p 0 73 33018
x 0 33019
p 0 223 33019
x 0 33020
p 0 176 33020
x 0 33021
p 0 133 33021
x 0 33022
p 0 174 33022
x 0 33023
p 0 168 33023
x 0 33024
p 0 173 33024
x 0 33025
p 0 191 33025
x 0 33026
p 0 187 33026
x 0 33027
p 0 149 33027
x 0 33028
p 0 116 33028
x 0 33029
p 0 1122 33029
x 0 33030
p 0 222 33030
x 0 33031
p 0 155 33031
x 0 33032
p 0 148 33032
x 0 33033
p 0 265 33033
x 0 33034
p 0 322 33034
x 0 33035
p 0 356 33035
x 0 33036
p 0 317 33036
x 0 33037
p 0 230 33037
x 0 33038
p 0 199 33038
x 0 33039
p 0 376 33039
x 0 33040
p 0 367 33040
x 0 33041
p 0 142 33041
x 0 33042
p 0 167 33042
x 0 33043
p 0 331 33043
x 0 33044
p 0 318 33044
x 0 33045
p 0 321 33045
x 0 33046
p 0 224 33046
x 0 33047
p 0 225 33047
x 0 33048
p 0 222 33048
x 0 33049
p 0 381 33049
x 0 33050
p 0 336 33050
x 0 33051
p 0 332 33051
x 0 33052
p 0 287 33052
x 0 33053
p 0 225 33053
x 0 33054
p 0 220 33054
x 0 33055
p 0 225 33055
x 0 33056
p 0 279 33056
x 0 33057
p 0 269 33057
x 0 33058
p 0 405 33058
x 0 33059
p 0 313 33059
x 0 33060
p 0 311 33060
x 0 33000
x 1 33001
x 2 33002
x 3 33003
x 4 33004
x 5 33005
x 6 33006
x 7 33007
x 8 33008
x 9 33009
h 0 10.0.0.1
p 0 911350 33000
x 10 33010
h 10 10.0.0.1
p 10 1273 33010
x 0 33011
p 0 241 33011
h 1 10.0.0.1
p 1 1019913 33001
h 2 10.0.0.1
p 2 1015787 33002
h 3 10.0.0.1
p 3 936889 33003
h 4 10.0.0.1
p 4 847320 33004
h 5 10.0.0.1
p 5 756389 33005
h 6 10.0.0.1
p 6 664171 33006
h 7 10.0.0.1
p 7 587912 33007
h 8 10.0.0.1
p 8 499299 33008
h 9 10.0.0.1
p 9 1017340 33009
x 0 33012
p 0 224 33012
x 0 33013
p 0 258 33013
x 0 33014
p 0 222 33014
x 0 33015
p 0 221 33015
x 0 33016
p 0 278 33016
x 0 33017
p 0 226 33017
x 0 33018
p 0 224 33018
x 0 33019
p 0 227 33019
x 0 33020
p 0 264 33020
x 0 33021
p 0 239 33021
x 0 33022
p 0 229 33022
x 0 33023
p 0 256 33023
x 0 33024
p 0 223 33024
x 0 33025
p 0 230 33025
x 0 33026
p 0 227 33026
x 0 33027
p 0 257 33027
x 0 33028
p 0 236 33028
x 0 33029
p 0 227 33029
x 0 33030
p 0 267 33030
x 0 33031
p 0 239 33031
x 0 33032
p 0 226 33032
x 0 33033
p 0 221 33033
x 0 33034
p 0 282 33034
x 0 33035
p 0 225 33035
x 0 33036
p 0 228 33036
x 0 33037
p 0 256 33037
x 0 33038
p 0 219 33038
x 0 33039
p 0 221 33039
x 0 33040
p 0 227 33040
x 0 33041
p 0 233 33041
x 0 33042
p 0 230 33042
x 0 33043
p 0 222 33043
x 0 33044
p 0 262 33044
x 0 33045
p 0 224 33045
x 0 33046
p 0 228 33046
x 0 33047
p 0 219 33047
x 0 33048
p 0 218 33048
x 0 33049
p 0 170 33049
x 0 33050
p 0 228 33050
x 0 33051
p 0 243 33051
x 0 33052
p 0 101 33052
x 0 33053
p 0 222 33053
x 0 33054
p 0 226 33054
x 0 33055
p 0 228 33055
x 0 33056
p 0 237 33056
x 0 33057
p 0 228 33057
x 0 33058
p 0 235 33058
x 0 33059
p 0 230 33059
x 0 33060
p 0 233 33060
x 0 33061
p 0 242 33061
x 0 33062
p 0 239 33062
x 0 33063
p 0 228 33063
x 0 33064
p 0 233 33064
x 0 33065
p 0 234 33065
x 0 33066
p 0 234 33066
x 0 33067
p 0 220 33067
x 0 33068
p 0 223 33068
x 0 33069
p 0 221 33069
x 0 33000
h 0 10.0.0.1
p 0 899 33000
x 1 33001
h 1 10.0.0.1
p 1 212 33001
x 0 33002
p 0 333 33002
x 0 33003
p 0 277 33003
x 0 33004
p 0 232 33004
x 0 33005
p 0 122 33005
x 0 33006
p 0 224 33006
x 0 33007
p 0 225 33007
x 0 33008
p 0 220 33008
x 0 33009
p 0 220 33009
x 0 33010
p 0 217 33010
x 0 33011
p 0 217 33011
x 0 33012
p 0 220 33012
x 0 33013
p 0 221 33013
x 0 33014
p 0 223 33014
x 0 33015
p 0 219 33015
x 0 33016
p 0 217 33016
x 0 33017
p 0 218 33017
x 0 33018
p 0 218 33018
x 0 33019
p 0 217 33019
x 0 33020
p 0 234 33020
x 0 33021
p 0 221 33021
x 0 33022
p 0 225 33022
x 0 33023
p 0 219 33023
x 0 33024
p 0 220 33024
x 0 33025
p 0 222 33025
x 0 33026
p 0 219 33026
x 0 33027
p 0 224 33027
x 0 33028
p 0 225 33028
x 0 33029
p 0 222 33029
x 0 33030
p 0 232 33030
x 0 33031
p 0 222 33031
x 0 33032
p 0 223 33032
x 0 33033
p 0 224 33033
x 0 33034
p 0 224 33034
x 0 33035
p 0 224 33035
x 0 33036
p 0 228 33036
x 0 33037
p 0 219 33037
x 0 33038
p 0 220 33038
x 0 33039
p 0 219 33039
x 0 33040
p 0 224 33040
x 0 33041
p 0 222 33041
x 0 33042
p 0 221 33042
x 0 33043
p 0 225 33043
x 0 33044
p 0 226 33044
x 0 33045
p 0 228 33045
x 0 33046
p 0 225 33046
x 0 33047
p 0 224 33047
x 0 33048
p 0 225 33048
x 0 33049
p 0 225 33049
x 0 33050
p 0 225 33050
x 0 33051
p 0 222 33051
x 0 33052
p 0 224 33052
x 0 33053
p 0 223 33053
x 0 33054
p 0 223 33054
x 0 33055
p 0 220 33055
x 0 33056
p 0 218 33056
x 0 33057
p 0 219 33057
x 0 33058
p 0 221 33058
x 0 33059
p 0 219 33059
x 0 33060
p 0 218 33060
x 0 33000
x 1 33001
x 2 33002
x 3 33003
x 4 33004
x 5 33005
x 6 33006
x 7 33007
h 0 10.0.0.1
p 0 782185 33000
x 8 33008
h 8 10.0.0.1
p 8 1000 33008
x 0 33009
p 0 241 33009
h 1 10.0.0.1
p 1 1028372 33001
h 2 10.0.0.1
p 2 948593 33002
h 3 10.0.0.1
p 3 864737 33003
h 4 10.0.0.1
p 4 777762 33004
h 5 10.0.0.1
p 5 688054 33005
h 6 10.0.0.1
p 6 610096 33006
h 7 10.0.0.1
p 7 518907 33007
x 0 33010
p 0 290 33010
x 0 33011
p 0 222 33011
x 0 33012
p 0 238 33012
x 0 33013
p 0 250 33013
x 0 33014
p 0 237 33014
x 0 33015
p 0 222 33015
x 0 33016
p 0 229 33016
x 0 33017
p 0 225 33017
x 0 33018
p 0 236 33018
x 0 33019
p 0 223 33019
x 0 33020
p 0 257 33020
x 0 33021
p 0 230 33021
x 0 33022
p 0 227 33022
x 0 33023
p 0 228 33023
x 0 33024
p 0 234 33024
x 0 33025
p 0 226 33025
x 0 33026
p 0 219 33026
x 0 33027
p 0 255 33027
x 0 33028
p 0 219 33028
x 0 33029
p 0 222 33029
x 0 33030
p 0 219 33030
x 0 33031
p 0 219 33031
x 0 33032
p 0 215 33032
x 0 33033
p 0 224 33033
x 0 33034
p 0 257 33034
x 0 33035
p 0 222 33035
x 0 33036
p 0 223 33036
x 0 33037
p 0 225 33037
x 0 33038
p 0 219 33038
x 0 33039
p 0 224 33039
x 0 33040
p 0 224 33040
x 0 33041
p 0 221 33041
x 0 33042
p 0 218 33042
x 0 33043
p 0 217 33043
x 0 33044
p 0 219 33044
x 0 33045
p 0 215 33045
x 0 33046
p 0 215 33046
x 0 33047
p 0 216 33047
x 0 33048
p 0 294 33048
x 0 33049
p 0 226 33049
x 0 33050
p 0 227 33050
x 0 33051
p 0 227 33051
x 0 33052
p 0 233 33052
x 0 33053
p 0 263 33053
x 0 33054
p 0 234 33054
x 0 33055
p 0 231 33055
x 0 33056
p 0 270 33056
x 0 33057
p 0 230 33057
x 0 33058
p 0 227 33058
x 0 33059
p 0 248 33059
x 0 33060
p 0 218 33060
x 0 33061
p 0 217 33061
x 0 33062
p 0 219 33062
x 0 33063
p 0 256 33063
x 0 33064
p 0 235 33064
x 0 33065
p 0 225 33065
x 0 33066
p 0 228 33066
x 0 33067
p 0 224 33067
x 0 33000
h 0 10.0.0.1
p 0 719 33000
x 1 33001
h 1 10.0.0.1
p 1 215 33001
x 0 33002
p 0 152 33002
x 0 33003
p 0 216 33003
x 0 33004
p 0 217 33004
x 0 33005
p 0 225 33005
x 0 33006
p 0 243 33006
x 0 33007
p 0 449 33007
x 0 33008
p 0 320 33008
x 0 33009
p 0 315 33009
x 0 33010
p 0 315 33010
x 0 33011
p 0 396 33011
x 0 33012
p 0 334 33012
x 0 33013
p 0 224 33013
x 0 33014
p 0 327 33014
x 0 33015
p 0 219 33015
x 0 33016
p 0 220 33016
x 0 33017
p 0 223 33017
x 0 33018
p 0 238 33018
x 0 33019
p 0 399 33019
x 0 33020
p 0 311 33020
x 0 33021
p 0 327 33021
x 0 33022
p 0 352 33022
x 0 33023
p 0 228 33023
x 0 33024
p 0 226 33024
x 0 33025
p 0 227 33025
x 0 33026
p 0 228 33026
x 0 33027
p 0 230 33027
x 0 33028
p 0 229 33028
x 0 33029
p 0 230 33029
x 0 33030
p 0 326 33030
x 0 33031
p 0 345 33031
x 0 33032
p 0 197 33032
x 0 33033
p 0 222 33033
x 0 33034
p 0 217 33034
x 0 33035
p 0 414 33035
x 0 33036
p 0 394 33036
x 0 33037
p 0 417 33037
x 0 33038
p 0 446 33038
x 0 33039
p 0 445 33039
x 0 33040
p 0 414 33040
x 0 33041
p 0 334 33041
x 0 33042
p 0 235 33042
x 0 33043
p 0 233 33043
x 0 33044
p 0 231 33044
x 0 33045
p 0 331 33045
x 0 33046
p 0 329 33046
x 0 33047
p 0 422 33047
x 0 33048
p 0 384 33048
x 0 33049
p 0 316 33049
x 0 33050
p 0 319 33050
x 0 33051
p 0 316 33051
x 0 33052
p 0 225 33052
x 0 33053
p 0 225 33053
x 0 33054
p 0 224 33054
x 0 33055
p 0 224 33055
x 0 33056
p 0 224 33056
x 0 33057
p 0 229 33057
x 0 33058
p 0 228 33058
x 0 33059
p 0 184 33059
x 0 33060
p 0 219 33060
x 0 33000
x 1 33001
x 2 33002
x 3 33003
x 4 33004
x 5 33005
x 6 33006
x 7 33007
x 8 33008
h 0 10.0.0.1
p 0 886127 33000
x 9 33009
h 9 10.0.0.1
p 9 1221 33009
x 0 33010
p 0 243 33010
h 1 10.0.0.1
p 1 1013462 33001
h 2 10.0.0.1
p 2 1012766 33002
h 3 10.0.0.1
p 3 959159 33003
h 4 10.0.0.1
p 4 869660 33004
h 5 10.0.0.1
p 5 781184 33005
h 6 10.0.0.1
p 6 689751 33006
h 7 10.0.0.1
p 7 597525 33007
h 8 10.0.0.1
p 8 503858 33008
x 0 33011
p 0 221 33011
x 0 33012
p 0 273 33012
x 0 33013
p 0 226 33013
x 0 33014
p 0 228 33014
x 0 33015
p 0 261 33015
x 0 33016
p 0 228 33016
x 0 33017
p 0 233 33017
x 0 33018
p 0 232 33018
x 0 33019
p 0 229 33019
x 0 33020
p 0 225 33020
x 0 33021
p 0 228 33021
x 0 33022
p 0 256 33022
x 0 33023
p 0 221 33023
x 0 33024
p 0 227 33024
x 0 33025
p 0 220 33025
x 0 33026
p 0 226 33026
x 0 33027
p 0 273 33027
x 0 33028
p 0 226 33028
x 0 33029
p 0 233 33029
x 0 33030
p 0 248 33030
x 0 33031
p 0 219 33031
x 0 33032
p 0 223 33032
x 0 33033
p 0 229 33033
x 0 33034
p 0 219 33034
x 0 33035
p 0 218 33035
x 0 33036
p 0 217 33036
x 0 33037
p 0 227 33037
x 0 33038
p 0 227 33038
x 0 33039
p 0 219 33039
x 0 33040
p 0 219 33040
x 0 33041
p 0 220 33041
x 0 33042
p 0 241 33042
x 0 33043
p 0 220 33043
x 0 33044
p 0 218 33044
x 0 33045
p 0 214 33045
x 0 33046
p 0 220 33046
x 0 33047
p 0 238 33047
x 0 33048
p 0 227 33048
x 0 33049
p 0 254 33049
x 0 33050
p 0 215 33050
x 0 33051
p 0 219 33051
x 0 33052
p 0 222 33052
x 0 33053
p 0 216 33053
x 0 33054
p 0 220 33054
x 0 33055
p 0 219 33055
x 0 33056
p 0 215 33056
x 0 33057
p 0 226 33057
x 0 33058
p 0 109 33058
x 0 33059
p 0 222 33059
x 0 33060
p 0 219 33060
x 0 33061
p 0 146 33061
x 0 33062
p 0 230 33062
x 0 33063
p 0 227 33063
x 0 33064
p 0 227 33064
x 0 33065
p 0 225 33065
x 0 33066
p 0 226 33066
x 0 33067
p 0 237 33067
x 0 33068
p 0 263 33068
x 0 33000
h 0 10.0.0.1
p 0 1093 33000
x 1 33001
h 1 10.0.0.1
p 1 218 33001
x 0 33002
p 0 331 33002
x 0 33003
p 0 232 33003
x 0 33004
p 0 228 33004
x 0 33005
p 0 231 33005
x 0 33006
p 0 221 33006
x 0 33007
p 0 231 33007
x 0 33008
p 0 225 33008
x 0 33009
p 0 228 33009
x 0 33010
p 0 274 33010
x 0 33011
p 0 232 33011
x 0 33012
p 0 238 33012
x 0 33013
p 0 234 33013
x 0 33014
p 0 228 33014
x 0 33015
p 0 229 33015
x 0 33016
p 0 236 33016
x 0 33017
p 0 264 33017
x 0 33018
p 0 235 33018
x 0 33019
p 0 236 33019
x 0 33020
p 0 351 33020
x 0 33021
p 0 239 33021
x 0 33022
p 0 236 33022
x 0 33023
p 0 237 33023
x 0 33024
p 0 263 33024
x 0 33025
p 0 232 33025
x 0 33026
p 0 223 33026
x 0 33027
p 0 224 33027
x 0 33028
p 0 342 33028
x 0 33029
p 0 228 33029
x 0 33030
p 0 240 33030
x 0 33031
p 0 265 33031
x 0 33032
p 0 228 33032
x 0 33033
p 0 229 33033
x 0 33034
p 0 234 33034
x 0 33035
p 0 225 33035
x 0 33036
p 0 223 33036
x 0 33037
p 0 225 33037
x 0 33038
p 0 256 33038
x 0 33039
p 0 228 33039
x 0 33040
p 0 241 33040
x 0 33041
p 0 235 33041
x 0 33042
p 0 229 33042
x 0 33043
p 0 233 33043
x 0 33044
p 0 226 33044
x 0 33045
p 0 261 33045
x 0 33046
p 0 225 33046
x 0 33047
p 0 225 33047
x 0 33048
p 0 229 33048
x 0 33049
p 0 233 33049
x 0 33050
p 0 231 33050
x 0 33051
p 0 228 33051
x 0 33052
p 0 261 33052
x 0 33053
p 0 235 33053
x 0 33054
p 0 287 33054
x 0 33055
p 0 232 33055
x 0 33056
p 0 231 33056
x 0 33057
p 0 233 33057
x 0 33058
p 0 230 33058
x 0 33059
p 0 257 33059
x 0 33060
p 0 259 33060
x 0 33000
x 1 33001
x 2 33002
x 3 33003
x 4 33004
x 5 33005
x 6 33006
x 7 33007
x 8 33008
x 9 33009
h 0 10.0.0.1
p 0 959593 33000
x 10 33010
h 10 10.0.0.1
p 10 1225 33010
x 0 33011
p 0 229 33011
h 1 10.0.0.1
p 1 1007257 33001
h 2 10.0.0.1
p 2 1030764 33002
h 3 10.0.0.1
p 3 985925 33003
h 4 10.0.0.1
p 4 898267 33004
h 5 10.0.0.1
p 5 810124 33005
h 6 10.0.0.1
p 6 719576 33006
h 7 10.0.0.1
p 7 627499 33007
h 8 10.0.0.1
p 8 535054 33008
h 9 10.0.0.1
p 9 440842 33009
x 0 33012
p 0 248 33012
x 0 33013
p 0 218 33013
x 0 33014
p 0 217 33014
x 0 33015
p 0 252 33015
x 0 33016
p 0 267 33016
x 0 33017
p 0 228 33017
x 0 33018
p 0 219 33018
x 0 33019
p 0 227 33019
x 0 33020
p 0 260 33020
x 0 33021
p 0 275 33021
x 0 33022
p 0 255 33022
x 0 33023
p 0 257 33023
x 0 33024
p 0 221 33024
x 0 33025
p 0 229 33025
x 0 33026
p 0 225 33026
x 0 33027
p 0 229 33027
x 0 33028
p 0 220 33028
x 0 33029
p 0 275 33029
x 0 33030
p 0 263 33030
x 0 33031
p 0 223 33031
x 0 33032
p 0 223 33032
x 0 33033
p 0 220 33033
x 0 33034
p 0 224 33034
x 0 33035
p 0 270 33035
x 0 33036
p 0 260 33036
x 0 33037
p 0 264 33037
x 0 33038
p 0 218 33038
x 0 33039
p 0 219 33039
x 0 33040
p 0 233 33040
x 0 33041
p 0 292 33041
x 0 33042
p 0 235 33042
x 0 33043
p 0 230 33043
x 0 33044
p 0 268 33044
x 0 33045
p 0 289 33045
x 0 33046
p 0 277 33046
x 0 33047
p 0 269 33047
x 0 33048
p 0 261 33048
x 0 33049
p 0 289 33049
x 0 33050
p 0 222 33050
x 0 33051
p 0 310 33051
x 0 33052
p 0 352 33052
x 0 33053
p 0 218 33053
x 0 33054
p 0 215 33054
x 0 33055
p 0 217 33055
x 0 33056
p 0 216 33056
x 0 33057
p 0 226 33057
x 0 33058
p 0 261 33058
x 0 33059
p 0 220 33059
x 0 33060
p 0 224 33060
x 0 33061
p 0 225 33061
x 0 33062
p 0 226 33062
x 0 33063
p 0 218 33063
x 0 33064
p 0 317 33064
x 0 33065
p 0 265 33065
x 0 33066
p 0 222 33066
x 0 33067
p 0 230 33067
x 0 33068
p 0 224 33068
x 0 33069
p 0 220 33069
x 0 33000
h 0 10.0.0.1
p 0 820 33000
x 1 33001
h 1 10.0.0.1
p 1 266 33001
x 0 33002
p 0 262 33002
x 0 33003
p 0 178 33003
x 0 33004
p 0 185 33004
x 0 33005
p 0 226 33005
x 0 33006
p 0 229 33006
x 0 33007
p 0 235 33007
x 0 33008
p 0 228 33008
x 0 33009
p 0 227 33009
x 0 33010
p 0 230 33010
x 0 33011
p 0 230 33011
x 0 33012
p 0 233 33012
x 0 33013
p 0 225 33013
x 0 33014
p 0 229 33014
x 0 33015
p 0 226 33015
x 0 33016
p 0 229 33016
x 0 33017
p 0 228 33017
x 0 33018
p 0 194 33018
x 0 33019
p 0 192 33019
x 0 33020
p 0 196 33020
x 0 33021
p 0 194 33021
x 0 33022
p 0 194 33022
x 0 33023
p 0 192 33023
x 0 33024
p 0 194 33024
x 0 33025
p 0 191 33025
x 0 33026
p 0 194 33026
x 0 33027
p 0 196 33027
x 0 33028
p 0 189 33028
x 0 33029
p 0 193 33029
x 0 33030
p 0 227 33030
x 0 33031
p 0 227 33031
x 0 33032
p 0 315 33032
x 0 33033
p 0 225 33033
x 0 33034
p 0 222 33034
x 0 33035
p 0 202 33035
x 0 33036
p 0 229 33036
x 0 33037
p 0 233 33037
x 0 33038
p 0 202 33038
x 0 33039
p 0 230 33039
x 0 33040
p 0 232 33040
x 0 33041
p 0 227 33041
x 0 33042
p 0 225 33042
x 0 33043
p 0 226 33043
x 0 33044
p 0 226 33044
x 0 33045
p 0 225 33045
x 0 33046
p 0 227 33046
x 0 33047
p 0 233 33047
x 0 33048
p 0 223 33048
x 0 33049
p 0 230 33049
x 0 33050
p 0 226 33050
x 0 33051
p 0 230 33051
x 0 33052
p 0 231 33052
x 0 33053
p 0 157 33053
x 0 33054
p 0 232 33054
x 0 33055
p 0 224 33055
x 0 33056
p 0 233 33056
x 0 33057
p 0 234 33057
x 0 33058
p 0 225 33058
x 0 33059
p 0 234 33059
x 0 33060
p 0 234 33060
x 0 33000
x 1 33001
x 2 33002
x 3 33003
x 4 33004
x 5 33005
x 6 33006
x 7 33007
h 0 10.0.0.1
p 0 788856 33000
x 8 33008
h 8 10.0.0.1
p 8 921 33008
x 0 33009
p 0 137 33009
h 1 10.0.0.1
p 1 1034438 33001
h 2 10.0.0.1
p 2 1026034 33002
h 3 10.0.0.1
p 3 1012436 33003
h 4 10.0.0.1
p 4 923527 33004
h 5 10.0.0.1
p 5 833743 33005
h 6 10.0.0.1
p 6 741351 33006
h 7 10.0.0.1
p 7 649298 33007
x 0 33010
p 0 226 33010
x 0 33011
p 0 225 33011
x 0 33012
p 0 220 33012
x 0 33013
p 0 222 33013
x 0 33014
p 0 247 33014
x 0 33015
p 0 223 33015
x 0 33016
p 0 235 33016
x 0 33017
p 0 229 33017
x 0 33018
p 0 231 33018
x 0 33019
p 0 226 33019
x 0 33020
p 0 236 33020
x 0 33021
p 0 235 33021
x 0 33022
p 0 232 33022
x 0 33023
p 0 238 33023
x 0 33024
p 0 305 33024
x 0 33025
p 0 271 33025
x 0 33026
p 0 220 33026
x 0 33027
p 0 222 33027
x 0 33028
p 0 222 33028
x 0 33029
p 0 331 33029
x 0 33030
p 0 222 33030
x 0 33031
p 0 220 33031
x 0 33032
p 0 214 33032
x 0 33033
p 0 264 33033
x 0 33034
p 0 223 33034
x 0 33035
p 0 223 33035
x 0 33036
p 0 220 33036
x 0 33037
p 0 218 33037
x 0 33038
p 0 219 33038
x 0 33039
p 0 219 33039
x 0 33040
p 0 223 33040
x 0 33041
p 0 223 33041
x 0 33042
p 0 216 33042
x 0 33043
p 0 229 33043
x 0 33044
p 0 227 33044
x 0 33045
p 0 222 33045
x 0 33046
p 0 224 33046
x 0 33047
p 0 221 33047
x 0 33048
p 0 223 33048
x 0 33049
p 0 227 33049
x 0 33050
p 0 222 33050
x 0 33051
p 0 223 33051
x 0 33052
p 0 221 33052
x 0 33053
p 0 251 33053
x 0 33054
p 0 238 33054
x 0 33055
p 0 224 33055
x 0 33056
p 0 221 33056
x 0 33057
p 0 221 33057
x 0 33058
p 0 225 33058
x 0 33059
p 0 222 33059
x 0 33060
p 0 220 33060
x 0 33061
p 0 226 33061
x 0 33062
p 0 221 33062
x 0 33063
p 0 221 33063
x 0 33064
p 0 223 33064
x 0 33065
p 0 227 33065
x 0 33066
p 0 225 33066
x 0 33067
p 0 224 33067
x 0 33000
h 0 10.0.0.1
p 0 834 33000
x 1 33001
h 1 10.0.0.1
p 1 229 33001
x 0 33002
p 0 226 33002
x 0 33003
p 0 237 33003
x 0 33004
p 0 221 33004
x 0 33005
p 0 232 33005
x 0 33006
p 0 165 33006
x 0 33007
p 0 229 33007
x 0 33008
p 0 209 33008
x 0 33009
p 0 224 33009
x 0 33010
p 0 285 33010
x 0 33011
p 0 231 33011
x 0 33012
p 0 234 33012
x 0 33013
p 0 227 33013
x 0 33014
p 0 228 33014
x 0 33015
p 0 226 33015
x 0 33016
p 0 230 33016
x 0 33017
p 0 233 33017
x 0 33018
p 0 230 33018
x 0 33019
p 0 226 33019
x 0 33020
p 0 228 33020
x 0 33021
p 0 290 33021
x 0 33022
p 0 229 33022
x 0 33023
p 0 229 33023
x 0 33024
p 0 230 33024
x 0 33025
p 0 223 33025
x 0 33026
p 0 227 33026
x 0 33027
p 0 229 33027
x 0 33028
p 0 266 33028
x 0 33029
p 0 237 33029
x 0 33030
p 0 193 33030
x 0 33031
p 0 197 33031
x 0 33032
p 0 200 33032
x 0 33033
p 0 248 33033
x 0 33034
p 0 213 33034
x 0 33035
p 0 241 33035
x 0 33036
p 0 326 33036
x 0 33037
p 0 221 33037
x 0 33038
p 0 245 33038
x 0 33039
p 0 332 33039
x 0 33040
p 0 224 33040
x 0 33041
p 0 228 33041
x 0 33042
p 0 228 33042
x 0 33043
p 0 239 33043
x 0 33044
p 0 227 33044
x 0 33045
p 0 226 33045
x 0 33046
p 0 164 33046
x 0 33047
p 0 230 33047
x 0 33048
p 0 232 33048
x 0 33049
p 0 229 33049
x 0 33050
p 0 290 33050
x 0 33051
p 0 227 33051
x 0 33052
p 0 227 33052
x 0 33053
p 0 224 33053
x 0 33054
p 0 224 33054
x 0 33055
p 0 223 33055
x 0 33056
p 0 270 33056
x 0 33057
p 0 229 33057
x 0 33058
p 0 198 33058
x 0 33059
p 0 225 33059
x 0 33060
p 0 198 33060
x 0 33000
x 1 33001
x 2 33002
x 3 33003
x 4 33004
x 5 33005
x 6 33006
x 7 33007
x 8 33008
x 9 33009
h 0 10.0.0.1
p 0 958294 33000
x 10 33010
h 10 10.0.0.1
p 10 1609 33010
x 0 33011
p 0 222 33011
h 1 10.0.0.1
p 1 1028084 33001
h 2 10.0.0.1
p 2 1023550 33002
h 3 10.0.0.1
p 3 945951 33003
h 4 10.0.0.1
p 4 860528 33004
h 5 10.0.0.1
p 5 773828 33005
h 6 10.0.0.1
p 6 684014 33006
h 7 10.0.0.1
p 7 592127 33007
h 8 10.0.0.1
p 8 499224 33008
h 9 10.0.0.1
p 9 403576 33009
x 0 33012
p 0 245 33012
x 0 33013
p 0 234 33013
x 0 33014
p 0 260 33014
x 0 33015
p 0 214 33015
x 0 33016
p 0 198 33016
x 0 33017
p 0 189 33017
x 0 33018
p 0 192 33018
x 0 33019
p 0 192 33019
x 0 33020
p 0 195 33020
x 0 33021
p 0 186 33021
x 0 33022
p 0 187 33022
x 0 33023
p 0 198 33023
x 0 33024
p 0 192 33024
x 0 33025
p 0 188 33025
x 0 33026
p 0 184 33026
x 0 33027
p 0 184 33027
x 0 33028
p 0 182 33028
x 0 33029
p 0 181 33029
x 0 33030
p 0 227 33030
x 0 33031
p 0 238 33031
x 0 33032
p 0 227 33032
x 0 33033
p 0 181 33033
x 0 33034
p 0 180 33034
x 0 33035
p 0 188 33035
x 0 33036
p 0 213 33036
x 0 33037
p 0 149 33037
x 0 33038
p 0 181 33038
x 0 33039
p 0 185 33039
x 0 33040
p 0 178 33040
x 0 33041
p 0 243 33041
x 0 33042
p 0 87 33042
x 0 33043
p 0 231 33043
x 0 33044
p 0 228 33044
x 0 33045
p 0 269 33045
x 0 33046
p 0 220 33046
x 0 33047
p 0 221 33047
x 0 33048
p 0 219 33048
x 0 33049
p 0 257 33049
x 0 33050
p 0 219 33050
x 0 33051
p 0 224 33051
x 0 33052
p 0 197 33052
x 0 33053
p 0 256 33053
x 0 33054
p 0 221 33054
x 0 33055
p 0 222 33055
x 0 33056
p 0 224 33056
x 0 33057
p 0 255 33057
x 0 33058
p 0 217 33058
x 0 33059
p 0 222 33059
x 0 33060
p 0 194 33060
x 0 33061
p 0 257 33061
x 0 33062
p 0 218 33062
x 0 33063
p 0 225 33063
x 0 33064
p 0 223 33064
x 0 33065
p 0 258 33065
x 0 33066
p 0 223 33066
x 0 33067
p 0 222 33067
x 0 33068
p 0 219 33068
x 0 33069
p 0 263 33069
x 0 33000
h 0 10.0.0.1
p 0 695 33000
x 1 33001
h 1 10.0.0.1
p 1 222 33001
x 0 33002
p 0 228 33002
x 0 33003
p 0 300 33003
x 0 33004
p 0 223 33004
x 0 33005
p 0 246 33005
x 0 33006
p 0 234 33006
x 0 33007
p 0 265 33007
x 0 33008
p 0 206 33008
x 0 33009
p 0 223 33009
x 0 33010
p 0 227 33010
x 0 33011
p 0 211 33011
x 0 33012
p 0 234 33012
x 0 33013
p 0 225 33013
x 0 33014
p 0 203 33014
x 0 33015
p 0 300 33015
x 0 33016
p 0 269 33016
x 0 33017
p 0 241 33017
x 0 33018
p 0 236 33018
x 0 33019
p 0 228 33019
x 0 33020
p 0 262 33020
x 0 33021
p 0 229 33021
x 0 33022
p 0 231 33022
x 0 33023
p 0 229 33023
x 0 33024
p 0 232 33024
x 0 33025
p 0 229 33025
x 0 33026
p 0 223 33026
x 0 33027
p 0 193 33027
x 0 33028
p 0 249 33028
x 0 33029
p 0 222 33029
x 0 33030
p 0 227 33030
x 0 33031
p 0 187 33031
x 0 33032
p 0 254 33032
x 0 33033
p 0 219 33033
x 0 33034
p 0 223 33034
x 0 33035
p 0 1376 33035
x 0 33036
p 0 248 33036
x 0 33037
p 0 232 33037
x 0 33038
p 0 361 33038
x 0 33039
p 0 307 33039
x 0 33040
p 0 406 33040
x 0 33041
p 0 426 33041
x 0 33042
p 0 785 33042
x 0 33043
p 0 229 33043
x 0 33044
p 0 224 33044
x 0 33045
p 0 244 33045
x 0 33046
p 0 238 33046
x 0 33047
p 0 234 33047
x 0 33048
p 0 232 33048
x 0 33049
p 0 183 33049
x 0 33050
p 0 1021 33050
x 0 33051
p 0 221 33051
x 0 33052
p 0 177 33052
x 0 33053
p 0 281 33053
x 0 33054
p 0 260 33054
x 0 33055
p 0 169 33055
x 0 33056
p 0 196 33056
x 0 33057
p 0 231 33057
x 0 33058
p 0 235 33058
x 0 33059
p 0 230 33059
x 0 33060
p 0 232 33060
x 0 33000
x 1 33001
x 2 33002
x 3 33003
x 4 33004
x 5 33005
x 6 33006
x 7 33007
x 8 33008
x 9 33009
x 10 33010
h 10 10.0.0.1
p 10 1717 33010
h 0 10.0.0.1
p 0 1004952 33000
h 1 10.0.0.1
p 1 1001545 33001
x 11 33011
h 11 10.0.0.1
p 11 190 33011
x 0 33012
p 0 229 33012
h 2 10.0.0.1
p 2 1028575 33002
h 3 10.0.0.1
p 3 959544 33003
h 4 10.0.0.1
p 4 877284 33004
h 5 10.0.0.1
p 5 794677 33005
h 6 10.0.0.1
p 6 703250 33006
h 7 10.0.0.1
p 7 610016 33007
h 8 10.0.0.1
p 8 514617 33008
h 9 10.0.0.1
p 9 418150 33009
x 0 33013
p 0 223 33013
x 0 33014
p 0 223 33014
x 0 33015
p 0 226 33015
x 0 33016
p 0 243 33016
x 0 33017
p 0 230 33017
x 0 33018
p 0 221 33018
x 0 33019
p 0 228 33019
x 0 33020
p 0 254 33020
x 0 33021
p 0 221 33021
x 0 33022
p 0 220 33022
x 0 33023
p 0 220 33023
x 0 33024
p 0 222 33024
x 0 33025
p 0 223 33025
x 0 33026
p 0 221 33026
x 0 33027
p 0 252 33027
x 0 33028
p 0 217 33028
x 0 33029
p 0 219 33029
x 0 33030
p 0 222 33030
x 0 33031
p 0 219 33031
x 0 33032
p 0 260 33032
x 0 33033
p 0 215 33033
x 0 33034
p 0 224 33034
x 0 33035
p 0 223 33035
x 0 33036
p 0 217 33036
x 0 33037
p 0 218 33037
x 0 33038
p 0 214 33038
x 0 33039
p 0 350 33039
x 0 33040
p 0 227 33040
x 0 33041
p 0 219 33041
x 0 33042
p 0 215 33042
x 0 33043
p 0 222 33043
x 0 33044
p 0 223 33044
x 0 33045
p 0 224 33045
x 0 33046
p 0 134 33046
x 0 33047
p 0 219 33047
x 0 33048
p 0 231 33048
x 0 33049
p 0 226 33049
x 0 33050
p 0 228 33050
x 0 33051
p 0 220 33051
x 0 33052
p 0 220 33052
x 0 33053
p 0 224 33053
x 0 33054
p 0 222 33054
x 0 33055
p 0 221 33055
x 0 33056
p 0 215 33056
x 0 33057
p 0 219 33057
x 0 33058
p 0 217 33058
x 0 33059
p 0 219 33059
x 0 33060
p 0 223 33060
x 0 33061
p 0 215 33061
x 0 33062
p 0 237 33062
x 0 33063
p 0 223 33063
x 0 33064
p 0 226 33064
x 0 33065
p 0 223 33065
x 0 33066
p 0 245 33066
x 0 33067
p 0 215 33067
x 0 33068
p 0 221 33068
x 0 33069
p 0 219 33069
x 0 33070
p 0 297 33070
x 0 33000
h 0 10.0.0.1
p 0 893 33000
x 1 33001
h 1 10.0.0.1
p 1 279 33001
x 0 33002
p 0 233 33002
x 0 33003
p 0 232 33003
x 0 33004
p 0 231 33004
x 0 33005
p 0 223 33005
x 0 33006
p 0 218 33006
x 0 33007
p 0 226 33007
x 0 33008
p 0 226 33008
x 0 33009
p 0 220 33009
x 0 33010
p 0 227 33010
x 0 33011
p 0 226 33011
x 0 33012
p 0 227 33012
x 0 33013
p 0 186 33013
x 0 33014
p 0 230 33014
x 0 33015
p 0 203 33015
x 0 33016
p 0 226 33016
x 0 33017
p 0 229 33017
x 0 33018
p 0 225 33018
x 0 33019
p 0 222 33019
x 0 33020
p 0 292 33020
x 0 33021
p 0 225 33021
x 0 33022
p 0 232 33022
x 0 33023
p 0 206 33023
x 0 33024
p 0 228 33024
x 0 33025
p 0 229 33025
x 0 33026
p 0 273 33026
x 0 33027
p 0 267 33027
x 0 33028
p 0 224 33028
x 0 33029
p 0 222 33029
x 0 33030
p 0 224 33030
x 0 33031
p 0 224 33031
x 0 33032
p 0 229 33032
x 0 33033
p 0 291 33033
x 0 33034
p 0 228 33034
x 0 33035
p 0 226 33035
x 0 33036
p 0 229 33036
x 0 33037
p 0 227 33037
x 0 33038
p 0 223 33038
x 0 33039
p 0 223 33039
x 0 33040
p 0 350 33040
x 0 33041
p 0 221 33041
x 0 33042
p 0 221 33042
x 0 33043
p 0 222 33043
x 0 33044
p 0 222 33044
x 0 33045
p 0 225 33045
x 0 33046
p 0 225 33046
x 0 33047
p 0 220 33047
x 0 33048
p 0 224 33048
x 0 33049
p 0 226 33049
x 0 33050
p 0 224 33050
x 0 33051
p 0 229 33051
x 0 33052
p 0 224 33052
x 0 33053
p 0 224 33053
x 0 33054
p 0 224 33054
x 0 33055
p 0 255 33055
x 0 33056
p 0 226 33056
x 0 33057
p 0 224 33057
x 0 33058
p 0 221 33058
x 0 33059
p 0 219 33059
x 0 33060
p 0 227 33060
x 0 33000
x 1 33001
x 2 33002
x 3 33003
x 4 33004
x 5 33005
x 6 33006
x 7 33007
h 0 10.0.0.1
p 0 801142 33000
x 8 33008
h 8 10.0.0.1
p 8 1022 33008
x 0 33009
p 0 232 33009
h 1 10.0.0.1
p 1 1006193 33001
h 2 10.0.0.1
p 2 1001355 33002
h 3 10.0.0.1
p 3 975992 33003
h 4 10.0.0.1
p 4 888445 33004
h 5 10.0.0.1
p 5 799238 33005
h 6 10.0.0.1
p 6 709066 33006
h 7 10.0.0.1
p 7 617635 33007
x 0 33010
p 0 182 33010
x 0 33011
p 0 223 33011
x 0 33012
p 0 250 33012
x 0 33013
p 0 283 33013
x 0 33014
p 0 252 33014
x 0 33015
p 0 236 33015
x 0 33016
p 0 235 33016
x 0 33017
p 0 237 33017
x 0 33018
p 0 236 33018
x 0 33019
p 0 273 33019
x 0 33020
p 0 269 33020
x 0 33021
p 0 241 33021
x 0 33022
p 0 234 33022
x 0 33023
p 0 230 33023
x 0 33024
p 0 231 33024
x 0 33025
p 0 234 33025
x 0 33026
p 0 232 33026
x 0 33027
p 0 229 33027
x 0 33028
p 0 231 33028
x 0 33029
p 0 227 33029
x 0 33030
p 0 231 33030
x 0 33031
p 0 271 33031
x 0 33032
p 0 286 33032
x 0 33033
p 0 233 33033
x 0 33034
p 0 233 33034
x 0 33035
p 0 231 33035
x 0 33036
p 0 231 33036
x 0 33037
p 0 228 33037
x 0 33038
p 0 226 33038
x 0 33039
p 0 279 33039
x 0 33040
p 0 232 33040
x 0 33041
p 0 233 33041
x 0 33042
p 0 229 33042
x 0 33043
p 0 228 33043
x 0 33044
p 0 232 33044
x 0 33045
p 0 307 33045
x 0 33046
p 0 232 33046
x 0 33047
p 0 268 33047
x 0 33048
p 0 227 33048
x 0 33049
p 0 231 33049
x 0 33050
p 0 230 33050
x 0 33051
p 0 234 33051
x 0 33052
p 0 236 33052
x 0 33053
p 0 240 33053
x 0 33054
p 0 268 33054
x 0 33055
p 0 234 33055
x 0 33056
p 0 236 33056
x 0 33057
p 0 236 33057
x 0 33058
p 0 233 33058
x 0 33059
p 0 234 33059
x 0 33060
p 0 228 33060
x 0 33061
p 0 231 33061
x 0 33062
p 0 234 33062
x 0 33063
p 0 235 33063
x 0 33064
p 0 271 33064
x 0 33065
p 0 232 33065
x 0 33066
p 0 277 33066
x 0 33067
p 0 242 33067
x 0 33000
h 0 10.0.0.1
p 0 1182 33000
x 1 33001
h 1 10.0.0.1
p 1 223 33001
x 0 33002
p 0 148 33002
x 0 33003
p 0 219 33003
x 0 33004
p 0 250 33004
x 0 33005
p 0 220 33005
x 0 33006
p 0 247 33006
x 0 33007
p 0 216 33007
x 0 33008
p 0 218 33008
x 0 33009
p 0 221 33009
x 0 33010
p 0 219 33010
x 0 33011
p 0 219 33011
x 0 33012
p 0 224 33012
x 0 33013
p 0 192 33013
x 0 33014
p 0 224 33014
x 0 33015
p 0 218 33015
x 0 33016
p 0 219 33016
x 0 33017
p 0 220 33017
x 0 33018
p 0 221 33018
x 0 33019
p 0 218 33019
x 0 33020
p 0 219 33020
x 0 33021
p 0 221 33021
x 0 33022
p 0 224 33022
x 0 33023
p 0 221 33023
x 0 33024
p 0 222 33024
x 0 33025
p 0 222 33025
x 0 33026
p 0 218 33026
x 0 33027
p 0 216 33027
x 0 33028
p 0 621 33028
x 0 33029
p 0 388 33029
x 0 33030
p 0 317 33030
x 0 33031
p 0 218 33031
x 0 33032
p 0 285 33032
x 0 33033
p 0 221 33033
x 0 33034
p 0 314 33034
x 0 33035
p 0 220 33035
x 0 33036
p 0 334 33036
x 0 33037
p 0 221 33037
x 0 33038
p 0 220 33038
x 0 33039
p 0 218 33039
x 0 33040
p 0 342 33040
x 0 33041
p 0 319 33041
x 0 33042
p 0 221 33042
x 0 33043
p 0 316 33043
x 0 33044
p 0 307 33044
x 0 33045
p 0 68 33045
x 0 33046
p 0 219 33046
x 0 33047
p 0 223 33047
x 0 33048
p 0 217 33048
x 0 33049
p 0 222 33049
x 0 33050
p 0 223 33050
x 0 33051
p 0 331 33051
x 0 33052
p 0 223 33052
x 0 33053
p 0 225 33053
x 0 33054
p 0 226 33054
x 0 33055
p 0 224 33055
x 0 33056
p 0 225 33056
x 0 33057
p 0 223 33057
x 0 33058
p 0 220 33058
x 0 33059
p 0 221 33059
x 0 33060
p 0 218 33060
x 0 33000
x 1 33001
x 2 33002
x 3 33003
x 4 33004
x 5 33005
x 6 33006
x 7 33007
x 8 33008
x 9 33009
h 0 10.0.0.1
p 0 928962 33000
x 10 33010
h 10 10.0.0.1
p 10 1582 33010
x 0 33011
p 0 268 33011
h 1 10.0.0.1
p 1 1029599 33001
h 2 10.0.0.1
p 2 1025789 33002
h 3 10.0.0.1
p 3 955817 33003
h 4 10.0.0.1
p 4 868084 33004
h 5 10.0.0.1
p 5 778845 33005
h 6 10.0.0.1
p 6 689400 33006
h 7 10.0.0.1
p 7 599199 33007
h 8 10.0.0.1
p 8 505184 33008
h 9 10.0.0.1
p 9 1027419 33009
x 0 33012
p 0 252 33012
x 0 33013
p 0 251 33013
x 0 33014
p 0 262 33014
x 0 33015
p 0 159 33015
x 0 33016
p 0 225 33016
x 0 33017
p 0 232 33017
x 0 33018
p 0 257 33018
x 0 33019
p 0 265 33019
x 0 33020
p 0 219 33020
x 0 33021
p 0 254 33021
x 0 33022
p 0 229 33022
x 0 33023
p 0 223 33023
x 0 33024
p 0 236 33024
x 0 33025
p 0 222 33025
x 0 33026
p 0 220 33026
x 0 33027
p 0 230 33027
x 0 33028
p 0 256 33028
x 0 33029
p 0 268 33029
x 0 33030
p 0 222 33030
x 0 33031
p 0 218 33031
x 0 33032
p 0 227 33032
x 0 33033
p 0 220 33033
x 0 33034
p 0 236 33034
x 0 33035
p 0 231 33035
x 0 33036
p 0 281 33036
x 0 33037
p 0 226 33037
x 0 33038
p 0 223 33038
x 0 33039
p 0 233 33039
x 0 33040
p 0 231 33040
x 0 33041
p 0 223 33041
x 0 33042
p 0 227 33042
x 0 33043
p 0 267 33043
x 0 33044
p 0 234 33044
x 0 33045
p 0 238 33045
x 0 33046
p 0 242 33046
x 0 33047
p 0 260 33047
x 0 33048
p 0 221 33048
x 0 33049
p 0 239 33049
x 0 33050
p 0 247 33050
x 0 33051
p 0 218 33051
x 0 33052
p 0 231 33052
x 0 33053
p 0 222 33053
x 0 33054
p 0 231 33054
x 0 33055
p 0 185 33055
x 0 33056
p 0 222 33056
x 0 33057
p 0 272 33057
x 0 33058
p 0 220 33058
x 0 33059
p 0 183 33059
x 0 33060
p 0 238 33060
x 0 33061
p 0 219 33061
x 0 33062
p 0 227 33062
x 0 33063
p 0 231 33063
x 0 33064
p 0 262 33064
x 0 33065
p 0 213 33065
x 0 33066
p 0 218 33066
x 0 33067
p 0 223 33067
x 0 33068
p 0 223 33068
x 0 33069
p 0 235 33069
x 0 33000
h 0 10.0.0.1
p 0 1177 33000
x 1 33001
h 1 10.0.0.1
p 1 232 33001
x 0 33002
p 0 288 33002
x 0 33003
p 0 227 33003
x 0 33004
p 0 232 33004
x 0 33005
p 0 186 33005
x 0 33006
p 0 192 33006
x 0 33007
p 0 186 33007
x 0 33008
p 0 184 33008
x 0 33009
p 0 182 33009
x 0 33010
p 0 182 33010
x 0 33011
p 0 190 33011
x 0 33012
p 0 184 33012
x 0 33013
p 0 179 33013
x 0 33014
p 0 187 33014
x 0 33015
p 0 184 33015
x 0 33016
p 0 184 33016
x 0 33017
p 0 189 33017
x 0 33018
p 0 185 33018
x 0 33019
p 0 183 33019
x 0 33020
p 0 183 33020
x 0 33021
p 0 183 33021
x 0 33022
p 0 187 33022
x 0 33023
p 0 182 33023
x 0 33024
p 0 183 33024
x 0 33025
p 0 184 33025
x 0 33026
p 0 185 33026
x 0 33027
p 0 183 33027
x 0 33028
p 0 186 33028
x 0 33029
p 0 282 33029
x 0 33030
p 0 179 33030
x 0 33031
p 0 222 33031
x 0 33032
p 0 225 33032
x 0 33033
p 0 248 33033
x 0 33034
p 0 222 33034
x 0 33035
p 0 219 33035
x 0 33036
p 0 222 33036
x 0 33037
p 0 222 33037
x 0 33038
p 0 216 33038
x 0 33039
p 0 218 33039
x 0 33040
p 0 221 33040
x 0 33041
p 0 269 33041
x 0 33042
p 0 323 33042
x 0 33043
p 0 220 33043
x 0 33044
p 0 224 33044
x 0 33045
p 0 223 33045
x 0 33046
p 0 220 33046
x 0 33047
p 0 190 33047
x 0 33048
p 0 219 33048
x 0 33049
p 0 222 33049
x 0 33050
p 0 221 33050
x 0 33051
p 0 222 33051
x 0 33052
p 0 223 33052
x 0 33053
p 0 217 33053
x 0 33054
p 0 325 33054
x 0 33055
p 0 315 33055
x 0 33056
p 0 323 33056
x 0 33057
p 0 356 33057
x 0 33058
p 0 188 33058
x 0 33059
p 0 220 33059
x 0 33060
p 0 220 33060
x 0 33000
x 1 33001
x 2 33002
x 3 33003
x 4 33004
x 5 33005
x 6 33006
x 7 33007
x 8 33008
x 9 33009
h 0 10.0.0.1
p 0 919400 33000
x 10 33010
h 10 10.0.0.1
p 10 1498 33010
x 0 33011
p 0 216 33011
h 1 10.0.0.1
p 1 1011413 33001
h 2 10.0.0.1
p 2 979084 33002
h 3 10.0.0.1
p 3 887695 33003
h 4 10.0.0.1
p 4 795671 33004
h 5 10.0.0.1
p 5 702602 33005
h 6 10.0.0.1
p 6 609401 33006
h 7 10.0.0.1
p 7 514238 33007
h 8 10.0.0.1
p 8 418161 33008
h 9 10.0.0.1
p 9 1004938 33009
x 0 33012
p 0 216 33012
x 0 33013
p 0 228 33013
x 0 33014
p 0 234 33014
x 0 33015
p 0 229 33015
x 0 33016
p 0 240 33016
x 0 33017
p 0 240 33017
x 0 33018
p 0 234 33018
x 0 33019
p 0 237 33019
x 0 33020
p 0 349 33020
x 0 33021
p 0 163 33021
x 0 33022
p 0 229 33022
x 0 33023
p 0 236 33023
x 0 33024
p 0 238 33024
x 0 33025
p 0 229 33025
x 0 33026
p 0 226 33026
x 0 33027
p 0 233 33027
x 0 33028
p 0 229 33028
x 0 33029
p 0 230 33029
x 0 33030
p 0 229 33030
x 0 33031
p 0 235 33031
x 0 33032
p 0 224 33032
x 0 33033
p 0 224 33033
x 0 33034
p 0 232 33034
x 0 33035
p 0 235 33035
x 0 33036
p 0 231 33036
x 0 33037
p 0 232 33037
x 0 33038
p 0 274 33038
x 0 33039
p 0 249 33039
x 0 33040
p 0 251 33040
x 0 33041
p 0 246 33041
x 0 33042
p 0 242 33042
x 0 33043
p 0 236 33043
x 0 33044
p 0 248 33044
x 0 33045
p 0 258 33045
x 0 33046
p 0 244 33046
x 0 33047
p 0 240 33047
x 0 33048
p 0 241 33048
x 0 33049
p 0 244 33049
x 0 33050
p 0 251 33050
x 0 33051
p 0 250 33051
x 0 33052
p 0 238 33052
x 0 33053
p 0 233 33053
x 0 33054
p 0 244 33054
x 0 33055
p 0 339 33055
x 0 33056
p 0 243 33056
x 0 33057
p 0 240 33057
x 0 33058
p 0 238 33058
x 0 33059
p 0 241 33059
x 0 33060
p 0 253 33060
x 0 33061
p 0 249 33061
x 0 33062
p 0 243 33062
x 0 33063
p 0 238 33063
x 0 33064
p 0 245 33064
x 0 33065
p 0 255 33065
x 0 33066
p 0 245 33066
x 0 33067
p 0 236 33067
x 0 33068
p 0 233 33068
x 0 33069
p 0 246 33069
x 0 33000
h 0 10.0.0.1
p 0 934 33000
x 1 33001
h 1 10.0.0.1
p 1 224 33001
x 0 33002
p 0 263 33002
x 0 33003
p 0 225 33003
x 0 33004
p 0 248 33004
x 0 33005
p 0 225 33005
x 0 33006
p 0 255 33006
x 0 33007
p 0 226 33007
x 0 33008
p 0 223 33008
x 0 33009
p 0 226 33009
x 0 33010
p 0 225 33010
x 0 33011
p 0 229 33011
x 0 33012
p 0 228 33012
x 0 33013
p 0 226 33013
x 0 33014
p 0 226 33014
x 0 33015
p 0 223 33015
x 0 33016
p 0 227 33016
x 0 33017
p 0 316 33017
x 0 33018
p 0 224 33018
x 0 33019
p 0 227 33019
x 0 33020
p 0 229 33020
x 0 33021
p 0 227 33021
x 0 33022
p 0 227 33022
x 0 33023
p 0 227 33023
x 0 33024
p 0 266 33024
x 0 33025
p 0 227 33025
x 0 33026
p 0 234 33026
x 0 33027
p 0 231 33027
x 0 33028
p 0 229 33028
x 0 33029
p 0 231 33029
x 0 33030
p 0 228 33030
x 0 33031
p 0 230 33031
x 0 33032
p 0 227 33032
x 0 33033
p 0 223 33033
x 0 33034
p 0 223 33034
x 0 33035
p 0 223 33035
x 0 33036
p 0 223 33036
x 0 33037
p 0 224 33037
x 0 33038
p 0 224 33038
x 0 33039
p 0 230 33039
x 0 33040
p 0 226 33040
x 0 33041
p 0 228 33041
x 0 33042
p 0 225 33042
x 0 33043
p 0 226 33043
x 0 33044
p 0 226 33044
x 0 33045
p 0 225 33045
x 0 33046
p 0 224 33046
x 0 33047
p 0 220 33047
x 0 33048
p 0 225 33048
x 0 33049
p 0 223 33049
x 0 33050
p 0 230 33050
x 0 33051
p 0 230 33051
x 0 33052
p 0 810 33052
x 0 33053
p 0 237 33053
x 0 33054
p 0 234 33054
x 0 33055
p 0 349 33055
x 0 33056
p 0 287 33056
x 0 33057
p 0 236 33057
x 0 33058
p 0 229 33058
x 0 33059
p 0 231 33059
x 0 33060
p 0 234 33060
x 0 33000
x 1 33001
x 2 33002
x 3 33003
x 4 33004
x 5 33005
x 6 33006
x 7 33007
x 8 33008
x 9 33009
x 10 33010
h 10 10.0.0.1
p 10 1757 33010
h 0 10.0.0.1
p 0 1009795 33000
x 11 33011
h 11 10.0.0.1
p 11 231 33011
h 1 10.0.0.1
p 1 1009643 33001
x 0 33012
p 0 231 33012
h 2 10.0.0.1
p 2 1006023 33002
h 3 10.0.0.1
p 3 947823 33003
h 4 10.0.0.1
p 4 858120 33004
h 5 10.0.0.1
p 5 765932 33005
h 6 10.0.0.1
p 6 672744 33006
h 7 10.0.0.1
p 7 579569 33007
h 8 10.0.0.1
p 8 483890 33008
h 9 10.0.0.1
p 9 387102 33009
x 0 33013
p 0 221 33013
x 0 33014
p 0 222 33014
x 0 33015
p 0 219 33015
x 0 33016
p 0 320 33016
x 0 33017
p 0 236 33017
x 0 33018
p 0 292 33018
x 0 33019
p 0 221 33019
x 0 33020
p 0 257 33020
x 0 33021
p 0 219 33021
x 0 33022
p 0 220 33022
x 0 33023
p 0 221 33023
x 0 33024
p 0 226 33024
x 0 33025
p 0 219 33025
x 0 33026
p 0 220 33026
x 0 33027
p 0 225 33027
x 0 33028
p 0 222 33028
x 0 33029
p 0 223 33029
x 0 33030
p 0 222 33030
x 0 33031
p 0 214 33031
x 0 33032
p 0 220 33032
x 0 33033
p 0 215 33033
x 0 33034
p 0 223 33034
x 0 33035
p 0 218 33035
x 0 33036
p 0 224 33036
x 0 33037
p 0 266 33037
x 0 33038
p 0 220 33038
x 0 33039
p 0 224 33039
x 0 33040
p 0 219 33040
x 0 33041
p 0 238 33041
x 0 33042
p 0 230 33042
x 0 33043
p 0 216 33043
x 0 33044
p 0 227 33044
x 0 33045
p 0 223 33045
x 0 33046
p 0 302 33046
x 0 33047
p 0 222 33047
x 0 33048
p 0 216 33048
x 0 33049
p 0 226 33049
x 0 33050
p 0 218 33050
x 0 33051
p 0 217 33051
x 0 33052
p 0 222 33052
x 0 33053
p 0 243 33053
x 0 33054
p 0 226 33054
x 0 33055
p 0 217 33055
x 0 33056
p 0 220 33056
x 0 33057
p 0 228 33057
x 0 33058
p 0 227 33058
x 0 33059
p 0 226 33059
x 0 33060
p 0 253 33060
x 0 33061
p 0 226 33061
x 0 33062
p 0 225 33062
x 0 33063
p 0 183 33063
x 0 33064
p 0 229 33064
x 0 33065
p 0 223 33065
x 0 33066
p 0 227 33066
x 0 33067
p 0 257 33067
x 0 33068
p 0 222 33068
x 0 33069
p 0 225 33069
x 0 33070
p 0 223 33070
x 0 33000
h 0 10.0.0.1
p 0 1338 33000
x 1 33001
h 1 10.0.0.1
p 1 223 33001
x 0 33002
p 0 151 33002
x 0 33003
p 0 238 33003
x 0 33004
p 0 239 33004
x 0 33005
p 0 227 33005
x 0 33006
p 0 265 33006
x 0 33007
p 0 198 33007
x 0 33008
p 0 229 33008
x 0 33009
p 0 225 33009
x 0 33010
p 0 200 33010
x 0 33011
p 0 180 33011
x 0 33012
p 0 226 33012
x 0 33013
p 0 313 33013
x 0 33014
p 0 223 33014
x 0 33015
p 0 227 33015
x 0 33016
p 0 221 33016
x 0 33017
p 0 225 33017
x 0 33018
p 0 227 33018
x 0 33019
p 0 223 33019
x 0 33020
p 0 285 33020
x 0 33021
p 0 224 33021
x 0 33022
p 0 225 33022
x 0 33023
p 0 221 33023
x 0 33024
p 0 378 33024
x 0 33025
p 0 352 33025
x 0 33026
p 0 299 33026
x 0 33027
p 0 226 33027
x 0 33028
p 0 229 33028
x 0 33029
p 0 224 33029
x 0 33030
p 0 231 33030
x 0 33031
p 0 261 33031
x 0 33032
p 0 227 33032
x 0 33033
p 0 228 33033
x 0 33034
p 0 228 33034
x 0 33035
p 0 229 33035
x 0 33036
p 0 222 33036
x 0 33037
p 0 223 33037
x 0 33038
p 0 260 33038
x 0 33039
p 0 227 33039
x 0 33040
p 0 228 33040
x 0 33041
p 0 223 33041
x 0 33042
p 0 224 33042
x 0 33043
p 0 221 33043
x 0 33044
p 0 225 33044
x 0 33045
p 0 261 33045
x 0 33046
p 0 222 33046
x 0 33047
p 0 220 33047
x 0 33048
p 0 224 33048
x 0 33049
p 0 224 33049
x 0 33050
p 0 221 33050
x 0 33051
p 0 221 33051
x 0 33052
p 0 276 33052
x 0 33053
p 0 222 33053
x 0 33054
p 0 223 33054
x 0 33055
p 0 225 33055
x 0 33056
p 0 226 33056
x 0 33057
p 0 222 33057
x 0 33058
p 0 226 33058
x 0 33059
p 0 304 33059
x 0 33060
p 0 226 33060
x 0 33000
x 1 33001
x 2 33002
x 3 33003
x 4 33004
x 5 33005
x 6 33006
x 7 33007
x 8 33008
x 9 33009
h 0 10.0.0.1
p 0 919781 33000
x 10 33010
h 10 10.0.0.1
p 10 889 33010
x 0 33011
p 0 350 33011
h 1 10.0.0.1
p 1 1027170 33001
h 2 10.0.0.1
p 2 984663 33002
h 3 10.0.0.1
p 3 899079 33003
h 4 10.0.0.1
p 4 810699 33004
h 5 10.0.0.1
p 5 720550 33005
h 6 10.0.0.1
p 6 629520 33006
h 7 10.0.0.1
p 7 535726 33007
h 8 10.0.0.1
p 8 440259 33008
h 9 10.0.0.1
p 9 1024859 33009
x 0 33012
p 0 239 33012
x 0 33013
p 0 270 33013
x 0 33014
p 0 237 33014
x 0 33015
p 0 218 33015
x 0 33016
p 0 233 33016
x 0 33017
p 0 238 33017
x 0 33018
p 0 240 33018
x 0 33019
p 0 235 33019
x 0 33020
p 0 272 33020
x 0 33021
p 0 242 33021
x 0 33022
p 0 237 33022
x 0 33023
p 0 246 33023
x 0 33024
p 0 266 33024
x 0 33025
p 0 270 33025
x 0 33026
p 0 247 33026
x 0 33027
p 0 274 33027
x 0 33028
p 0 240 33028
x 0 33029
p 0 237 33029
x 0 33030
p 0 249 33030
x 0 33031
p 0 240 33031
x 0 33032
p 0 239 33032
x 0 33033
p 0 239 33033
x 0 33034
p 0 277 33034
x 0 33035
p 0 263 33035
x 0 33036
p 0 243 33036
x 0 33037
p 0 239 33037
x 0 33038
p 0 243 33038
x 0 33039
p 0 240 33039
x 0 33040
p 0 252 33040
x 0 33041
p 0 240 33041
x 0 33042
p 0 235 33042
x 0 33043
p 0 244 33043
x 0 33044
p 0 241 33044
x 0 33045
p 0 265 33045
x 0 33046
p 0 246 33046
x 0 33047
p 0 235 33047
x 0 33048
p 0 277 33048
x 0 33049
p 0 240 33049
x 0 33050
p 0 259 33050
x 0 33051
p 0 293 33051
x 0 33052
p 0 244 33052
x 0 33053
p 0 243 33053
x 0 33054
p 0 269 33054
x 0 33055
p 0 313 33055
x 0 33056
p 0 252 33056
x 0 33057
p 0 237 33057
x 0 33058
p 0 298 33058
x 0 33059
p 0 238 33059
x 0 33060
p 0 259 33060
x 0 33061
p 0 245 33061
x 0 33062
p 0 277 33062
x 0 33063
p 0 240 33063
x 0 33064
p 0 242 33064
x 0 33065
p 0 311 33065
x 0 33066
p 0 246 33066
x 0 33067
p 0 239 33067
x 0 33068
p 0 243 33068
x 0 33069
p 0 274 33069
x 0 33000
h 0 10.0.0.1
p 0 674 33000
x 1 33001
h 1 10.0.0.1
p 1 177 33001
x 0 33002
p 0 115 33002
x 0 33003
p 0 220 33003
x 0 33004
p 0 231 33004
x 0 33005
p 0 123 33005
x 0 33006
p 0 196 33006
x 0 33007
p 0 220 33007
x 0 33008
p 0 218 33008
x 0 33009
p 0 249 33009
x 0 33010
p 0 228 33010
x 0 33011
p 0 144 33011
x 0 33012
p 0 219 33012
x 0 33013
p 0 251 33013
x 0 33014
p 0 218 33014
x 0 33015
p 0 218 33015
x 0 33016
p 0 218 33016
x 0 33017
p 0 252 33017
x 0 33018
p 0 219 33018
x 0 33019
p 0 214 33019
x 0 33020
p 0 219 33020
x 0 33021
p 0 220 33021
x 0 33022
p 0 224 33022
x 0 33023
p 0 220 33023
x 0 33024
p 0 217 33024
x 0 33025
p 0 253 33025
x 0 33026
p 0 223 33026
x 0 33027
p 0 225 33027
x 0 33028
p 0 223 33028
x 0 33029
p 0 254 33029
x 0 33030
p 0 219 33030
x 0 33031
p 0 220 33031
x 0 33032
p 0 223 33032
x 0 33033
p 0 256 33033
x 0 33034
p 0 222 33034
x 0 33035
p 0 218 33035
x 0 33036
p 0 220 33036
x 0 33037
p 0 255 33037
x 0 33038
p 0 218 33038
x 0 33039
p 0 214 33039
x 0 33040
p 0 217 33040
x 0 33041
p 0 257 33041
x 0 33042
p 0 222 33042
x 0 33043
p 0 217 33043
x 0 33044
p 0 216 33044
x 0 33045
p 0 254 33045
x 0 33046
p 0 188 33046
x 0 33047
p 0 221 33047
x 0 33048
p 0 220 33048
x 0 33049
p 0 253 33049
x 0 33050
p 0 196 33050
x 0 33051
p 0 219 33051
x 0 33052
p 0 190 33052
x 0 33053
p 0 256 33053
x 0 33054
p 0 193 33054
x 0 33055
p 0 191 33055
x 0 33056
p 0 224 33056
x 0 33057
p 0 196 33057
x 0 33058
p 0 195 33058
x 0 33059
p 0 182 33059
x 0 33060
p 0 181 33060
x 0 33000
x 1 33001
x 2 33002
x 3 33003
x 4 33004
x 5 33005
x 6 33006
x 7 33007
x 8 33008
h 0 10.0.0.1
p 0 875318 33000
x 9 33009
h 9 10.0.0.1
p 9 921 33009
x 0 33010
p 0 431 33010
h 1 10.0.0.1
p 1 1008927 33001
h 2 10.0.0.1
p 2 1005290 33002
h 3 10.0.0.1
p 3 951551 33003
h 4 10.0.0.1
p 4 864748 33004
h 5 10.0.0.1
p 5 776164 33005
h 6 10.0.0.1
p 6 686421 33006
h 7 10.0.0.1
p 7 595688 33007
h 8 10.0.0.1
p 8 502100 33008
x 0 33011
p 0 229 33011
x 0 33012
p 0 232 33012
x 0 33013
p 0 226 33013
x 0 33014
p 0 222 33014
x 0 33015
p 0 196 33015
x 0 33016
p 0 201 33016
x 0 33017
p 0 196 33017
x 0 33018
p 0 192 33018
x 0 33019
p 0 196 33019
x 0 33020
p 0 226 33020
x 0 33021
p 0 195 33021
x 0 33022
p 0 200 33022
x 0 33023
p 0 271 33023
x 0 33024
p 0 196 33024
x 0 33025
p 0 191 33025
x 0 33026
p 0 272 33026
x 0 33027
p 0 253 33027
x 0 33028
p 0 200 33028
x 0 33029
p 0 239 33029
x 0 33030
p 0 217 33030
x 0 33031
p 0 226 33031
x 0 33032
p 0 240 33032
x 0 33033
p 0 240 33033
x 0 33034
p 0 252 33034
x 0 33035
p 0 235 33035
x 0 33036
p 0 249 33036
x 0 33037
p 0 89 33037
x 0 33038
p 0 250 33038
x 0 33039
p 0 231 33039
x 0 33040
p 0 217 33040
x 0 33041
p 0 255 33041
x 0 33042
p 0 219 33042
x 0 33043
p 0 218 33043
x 0 33044
p 0 158 33044
x 0 33045
p 0 366 33045
x 0 33046
p 0 221 33046
x 0 33047
p 0 216 33047
x 0 33048
p 0 274 33048
x 0 33049
p 0 243 33049
x 0 33050
p 0 227 33050
x 0 33051
p 0 146 33051
x 0 33052
p 0 220 33052
x 0 33053
p 0 222 33053
x 0 33054
p 0 231 33054
x 0 33055
p 0 217 33055
x 0 33056
p 0 267 33056
x 0 33057
p 0 220 33057
x 0 33058
p 0 220 33058
x 0 33059
p 0 227 33059
x 0 33060
p 0 222 33060
x 0 33061
p 0 226 33061
x 0 33062
p 0 261 33062
x 0 33063
p 0 218 33063
x 0 33064
p 0 226 33064
x 0 33065
p 0 227 33065
x 0 33066
p 0 226 33066
x 0 33067
p 0 218 33067
x 0 33068
p 0 217 33068
x 0 33000
h 0 10.0.0.1
p 0 842 33000
x 1 33001
h 1 10.0.0.1
p 1 178 33001
x 0 33002
p 0 224 33002
x 0 33003
p 0 211 33003
x 0 33004
p 0 307 33004
x 0 33005
p 0 180 33005
x 0 33006
p 0 217 33006
x 0 33007
p 0 191 33007
x 0 33008
p 0 220 33008
x 0 33009
p 0 195 33009
x 0 33010
p 0 193 33010
x 0 33011
p 0 221 33011
x 0 33012
p 0 192 33012
x 0 33013
p 0 195 33013
x 0 33014
p 0 200 33014
x 0 33015
p 0 195 33015
x 0 33016
p 0 189 33016
x 0 33017
p 0 192 33017
x 0 33018
p 0 189 33018
x 0 33019
p 0 182 33019
x 0 33020
p 0 181 33020
x 0 33021
p 0 223 33021
x 0 33022
p 0 224 33022
x 0 33023
p 0 222 33023
x 0 33024
p 0 221 33024
x 0 33025
p 0 234 33025
x 0 33026
p 0 230 33026
x 0 33027
p 0 232 33027
x 0 33028
p 0 233 33028
x 0 33029
p 0 234 33029
x 0 33030
p 0 231 33030
x 0 33031
p 0 225 33031
x 0 33032
p 0 287 33032
x 0 33033
p 0 273 33033
x 0 33034
p 0 314 33034
x 0 33035
p 0 261 33035
x 0 33036
p 0 245 33036
x 0 33037
p 0 228 33037
x 0 33038
p 0 247 33038
x 0 33039
p 0 285 33039
x 0 33040
p 0 256 33040
x 0 33041
p 0 263 33041
x 0 33042
p 0 256 33042
x 0 33043
p 0 264 33043
x 0 33044
p 0 226 33044
x 0 33045
p 0 256 33045
x 0 33046
p 0 257 33046
x 0 33047
p 0 232 33047
x 0 33048
p 0 287 33048
x 0 33049
p 0 258 33049
x 0 33050
p 0 226 33050
x 0 33051
p 0 222 33051
x 0 33052
p 0 256 33052
x 0 33053
p 0 223 33053
x 0 33054
p 0 253 33054
x 0 33055
p 0 282 33055
x 0 33056
p 0 175 33056
x 0 33057
p 0 177 33057
x 0 33058
p 0 174 33058
x 0 33059
p 0 183 33059
x 0 33060
p 0 176 33060
x 0 33000
x 1 33001
x 2 33002
x 3 33003
x 4 33004
x 5 33005
x 6 33006
x 7 33007
x 8 33008
h 0 10.0.0.1
p 0 852770 33000
x 9 33009
h 9 10.0.0.1
p 9 937 33009
x 0 33010
p 0 214 33010
h 1 10.0.0.1
p 1 1005803 33001
h 2 10.0.0.1
p 2 1032585 33002
h 3 10.0.0.1
p 3 947209 33003
h 4 10.0.0.1
p 4 858622 33004
h 5 10.0.0.1
p 5 768482 33005
h 6 10.0.0.1
p 6 677284 33006
h 7 10.0.0.1
p 7 583317 33007
h 8 10.0.0.1
p 8 488943 33008
x 0 33011
p 0 308 33011
x 0 33012
p 0 222 33012
x 0 33013
p 0 128 33013
x 0 33014
p 0 299 33014
x 0 33015
p 0 233 33015
x 0 33016
p 0 263 33016
x 0 33017
p 0 223 33017
x 0 33018
p 0 230 33018
x 0 33019
p 0 260 33019
x 0 33020
p 0 235 33020
x 0 33021
p 0 239 33021
x 0 33022
p 0 218 33022
x 0 33023
p 0 228 33023
x 0 33024
p 0 225 33024
x 0 33025
p 0 217 33025
x 0 33026
p 0 116 33026
x 0 33027
p 0 216 33027
x 0 33028
p 0 232 33028
x 0 33029
p 0 219 33029
x 0 33030
p 0 234 33030
x 0 33031
p 0 265 33031
x 0 33032
p 0 213 33032
x 0 33033
p 0 105 33033
x 0 33034
p 0 257 33034
x 0 33035
p 0 179 33035
x 0 33036
p 0 238 33036
x 0 33037
p 0 230 33037
x 0 33038
p 0 176 33038
x 0 33039
p 0 239 33039
x 0 33040
p 0 235 33040
x 0 33041
p 0 243 33041
x 0 33042
p 0 214 33042
x 0 33043
p 0 225 33043
x 0 33044
p 0 117 33044
x 0 33045
p 0 223 33045
x 0 33046
p 0 234 33046
x 0 33047
p 0 212 33047
x 0 33048
p 0 194 33048
x 0 33049
p 0 229 33049
x 0 33050
p 0 224 33050
x 0 33051
p 0 231 33051
x 0 33052
p 0 294 33052
x 0 33053
p 0 231 33053
x 0 33054
p 0 232 33054
x 0 33055
p 0 225 33055
x 0 33056
p 0 260 33056
x 0 33057
p 0 218 33057
x 0 33058
p 0 231 33058
x 0 33059
p 0 278 33059
x 0 33060
p 0 227 33060
x 0 33061
p 0 238 33061
x 0 33062
p 0 220 33062
x 0 33063
p 0 227 33063
x 0 33064
p 0 227 33064
x 0 33065
p 0 226 33065
x 0 33066
p 0 229 33066
x 0 33067
p 0 219 33067
x 0 33068
p 0 218 33068
x 0 33000
h 0 10.0.0.1
p 0 962 33000
x 1 33001
h 1 10.0.0.1
p 1 217 33001
x 0 33002
p 0 228 33002
x 0 33003
p 0 225 33003
x 0 33004
p 0 335 33004
x 0 33005
p 0 477 33005
x 0 33006
p 0 361 33006
x 0 33007
p 0 232 33007
x 0 33008
p 0 464 33008
x 0 33009
p 0 427 33009
x 0 33010
p 0 235 33010
x 0 33011
p 0 237 33011
x 0 33012
p 0 371 33012
x 0 33013
p 0 232 33013
x 0 33014
p 0 227 33014
x 0 33015
p 0 227 33015
x 0 33016
p 0 223 33016
x 0 33017
p 0 274 33017
x 0 33018
p 0 319 33018
x 0 33019
p 0 227 33019
x 0 33020
p 0 224 33020
x 0 33021
p 0 736 33021
x 0 33022
p 0 728 33022
x 0 33023
p 0 233 33023
x 0 33024
p 0 199 33024
x 0 33025
p 0 195 33025
x 0 33026
p 0 271 33026
x 0 33027
p 0 266 33027
x 0 33028
p 0 262 33028
x 0 33029
p 0 262 33029
x 0 33030
p 0 262 33030
x 0 33031
p 0 229 33031
x 0 33032
p 0 226 33032
x 0 33033
p 0 227 33033
x 0 33034
p 0 225 33034
x 0 33035
p 0 232 33035
x 0 33036
p 0 230 33036
x 0 33037
p 0 227 33037
x 0 33038
p 0 228 33038
x 0 33039
p 0 225 33039
x 0 33040
p 0 228 33040
x 0 33041
p 0 225 33041
x 0 33042
p 0 224 33042
x 0 33043
p 0 227 33043
x 0 33044
p 0 231 33044
x 0 33045
p 0 270 33045
x 0 33046
p 0 264 33046
x 0 33047
p 0 229 33047
x 0 33048
p 0 226 33048
x 0 33049
p 0 265 33049
x 0 33050
p 0 225 33050
x 0 33051
p 0 228 33051
x 0 33052
p 0 228 33052
x 0 33053
p 0 262 33053
x 0 33054
p 0 233 33054
x 0 33055
p 0 231 33055
x 0 33056
p 0 269 33056
x 0 33057
p 0 234 33057
x 0 33058
p 0 223 33058
x 0 33059
p 0 235 33059
x 0 33060
p 0 185 33060
