-----------------------------------------------------------
Server listening on 83
-----------------------------------------------------------
Accepted connection from 10.0.0.3, port 33316
[  5] local 10.0.0.13 port 83 connected to 10.0.0.3 port 33554
[  8] local 10.0.0.13 port 83 connected to 10.0.0.3 port 33574
[ 10] local 10.0.0.13 port 83 connected to 10.0.0.3 port 33596
[ 12] local 10.0.0.13 port 83 connected to 10.0.0.3 port 33610
[ 14] local 10.0.0.13 port 83 connected to 10.0.0.3 port 33618
[ 16] local 10.0.0.13 port 83 connected to 10.0.0.3 port 33632
[ 18] local 10.0.0.13 port 83 connected to 10.0.0.3 port 33646
[ 20] local 10.0.0.13 port 83 connected to 10.0.0.3 port 33662
[ 22] local 10.0.0.13 port 83 connected to 10.0.0.3 port 33674
[ 24] local 10.0.0.13 port 83 connected to 10.0.0.3 port 33690
[ 26] local 10.0.0.13 port 83 connected to 10.0.0.3 port 33708
[ 28] local 10.0.0.13 port 83 connected to 10.0.0.3 port 33724
[ 30] local 10.0.0.13 port 83 connected to 10.0.0.3 port 33738
[ 32] local 10.0.0.13 port 83 connected to 10.0.0.3 port 33764
[ 34] local 10.0.0.13 port 83 connected to 10.0.0.3 port 33780
[ 36] local 10.0.0.13 port 83 connected to 10.0.0.3 port 33798
[ 38] local 10.0.0.13 port 83 connected to 10.0.0.3 port 33820
[ 40] local 10.0.0.13 port 83 connected to 10.0.0.3 port 33848
[ 42] local 10.0.0.13 port 83 connected to 10.0.0.3 port 33870
[ 44] local 10.0.0.13 port 83 connected to 10.0.0.3 port 33886
[ 46] local 10.0.0.13 port 83 connected to 10.0.0.3 port 33900
[ 48] local 10.0.0.13 port 83 connected to 10.0.0.3 port 33920
[ 50] local 10.0.0.13 port 83 connected to 10.0.0.3 port 33934
[ 52] local 10.0.0.13 port 83 connected to 10.0.0.3 port 33954
[ 54] local 10.0.0.13 port 83 connected to 10.0.0.3 port 33974
[ 56] local 10.0.0.13 port 83 connected to 10.0.0.3 port 33990
[ 58] local 10.0.0.13 port 83 connected to 10.0.0.3 port 34010
[ 60] local 10.0.0.13 port 83 connected to 10.0.0.3 port 34032
[ 62] local 10.0.0.13 port 83 connected to 10.0.0.3 port 34046
[ 64] local 10.0.0.13 port 83 connected to 10.0.0.3 port 34064
[ 66] local 10.0.0.13 port 83 connected to 10.0.0.3 port 34078
[ 68] local 10.0.0.13 port 83 connected to 10.0.0.3 port 34096
[ 70] local 10.0.0.13 port 83 connected to 10.0.0.3 port 34124
[ 72] local 10.0.0.13 port 83 connected to 10.0.0.3 port 34144
[ 74] local 10.0.0.13 port 83 connected to 10.0.0.3 port 34160
[ 76] local 10.0.0.13 port 83 connected to 10.0.0.3 port 34180
[ 78] local 10.0.0.13 port 83 connected to 10.0.0.3 port 34198
[ 80] local 10.0.0.13 port 83 connected to 10.0.0.3 port 34214
[ 82] local 10.0.0.13 port 83 connected to 10.0.0.3 port 34230
[ 84] local 10.0.0.13 port 83 connected to 10.0.0.3 port 34246
[ 86] local 10.0.0.13 port 83 connected to 10.0.0.3 port 34266
[ 88] local 10.0.0.13 port 83 connected to 10.0.0.3 port 34290
[ 90] local 10.0.0.13 port 83 connected to 10.0.0.3 port 34308
[ 92] local 10.0.0.13 port 83 connected to 10.0.0.3 port 34332
[ 94] local 10.0.0.13 port 83 connected to 10.0.0.3 port 34350
[ 96] local 10.0.0.13 port 83 connected to 10.0.0.3 port 34376
[ 98] local 10.0.0.13 port 83 connected to 10.0.0.3 port 34394
[100] local 10.0.0.13 port 83 connected to 10.0.0.3 port 34410
[102] local 10.0.0.13 port 83 connected to 10.0.0.3 port 34426
[104] local 10.0.0.13 port 83 connected to 10.0.0.3 port 34432
[ ID] Interval           Transfer     Bitrate
[  5]   0.00-1.00   sec   156 KBytes  1.27 Mbits/sec                  
[  8]   0.00-1.00   sec   119 KBytes   973 Kbits/sec                  
[ 10]   0.00-1.00   sec   156 KBytes  1.27 Mbits/sec                  
[ 12]   0.00-1.00   sec   150 KBytes  1.23 Mbits/sec                  
[ 14]   0.00-1.00   sec   153 KBytes  1.25 Mbits/sec                  
[ 16]   0.00-1.00   sec  70.7 KBytes   579 Kbits/sec                  
[ 18]   0.00-1.00   sec   129 KBytes  1.05 Mbits/sec                  
[ 20]   0.00-1.00   sec   140 KBytes  1.15 Mbits/sec                  
[ 22]   0.00-1.00   sec   132 KBytes  1.08 Mbits/sec                  
[ 24]   0.00-1.00   sec   143 KBytes  1.17 Mbits/sec                  
[ 26]   0.00-1.00   sec   158 KBytes  1.30 Mbits/sec                  
[ 28]   0.00-1.00   sec   134 KBytes  1.10 Mbits/sec                  
[ 30]   0.00-1.00   sec   147 KBytes  1.20 Mbits/sec                  
[ 32]   0.00-1.00   sec   158 KBytes  1.30 Mbits/sec                  
[ 34]   0.00-1.00   sec   134 KBytes  1.10 Mbits/sec                  
[ 36]   0.00-1.00   sec   153 KBytes  1.25 Mbits/sec                  
[ 38]   0.00-1.00   sec   139 KBytes  1.13 Mbits/sec                  
[ 40]   0.00-1.00   sec   130 KBytes  1.07 Mbits/sec                  
[ 42]   0.00-1.00   sec   150 KBytes  1.23 Mbits/sec                  
[ 44]   0.00-1.00   sec   130 KBytes  1.07 Mbits/sec                  
[ 46]   0.00-1.00   sec   158 KBytes  1.30 Mbits/sec                  
[ 48]   0.00-1.00   sec  91.9 KBytes   753 Kbits/sec                  
[ 50]   0.00-1.00   sec  55.1 KBytes   452 Kbits/sec                  
[ 52]   0.00-1.00   sec   156 KBytes  1.27 Mbits/sec                  
[ 54]   0.00-1.00   sec   147 KBytes  1.20 Mbits/sec                  
[ 56]   0.00-1.00   sec   134 KBytes  1.10 Mbits/sec                  
[ 58]   0.00-1.00   sec   151 KBytes  1.24 Mbits/sec                  
[ 60]   0.00-1.00   sec   134 KBytes  1.10 Mbits/sec                  
[ 62]   0.00-1.00   sec   117 KBytes   961 Kbits/sec                  
[ 64]   0.00-1.00   sec   139 KBytes  1.13 Mbits/sec                  
[ 66]   0.00-1.00   sec   150 KBytes  1.23 Mbits/sec                  
[ 68]   0.00-1.00   sec   144 KBytes  1.18 Mbits/sec                  
[ 70]   0.00-1.00   sec   150 KBytes  1.23 Mbits/sec                  
[ 72]   0.00-1.00   sec   156 KBytes  1.27 Mbits/sec                  
[ 74]   0.00-1.00   sec   148 KBytes  1.22 Mbits/sec                  
[ 76]   0.00-1.00   sec   154 KBytes  1.26 Mbits/sec                  
[ 78]   0.00-1.00   sec   133 KBytes  1.09 Mbits/sec                  
[ 80]   0.00-1.00   sec   156 KBytes  1.27 Mbits/sec                  
[ 82]   0.00-1.00   sec   165 KBytes  1.35 Mbits/sec                  
[ 84]   0.00-1.00   sec  42.4 KBytes   347 Kbits/sec                  
[ 86]   0.00-1.00   sec   129 KBytes  1.05 Mbits/sec                  
[ 88]   0.00-1.00   sec  35.4 KBytes   290 Kbits/sec                  
[ 90]   0.00-1.00   sec   123 KBytes  1.01 Mbits/sec                  
[ 92]   0.00-1.00   sec   115 KBytes   938 Kbits/sec                  
[ 94]   0.00-1.00   sec   100 KBytes   822 Kbits/sec                  
[ 96]   0.00-1.00   sec   130 KBytes  1.07 Mbits/sec                  
[ 98]   0.00-1.00   sec   106 KBytes   869 Kbits/sec                  
[100]   0.00-1.00   sec   127 KBytes  1.04 Mbits/sec                  
[102]   0.00-1.00   sec   117 KBytes   961 Kbits/sec                  
[104]   0.00-1.00   sec   134 KBytes  1.10 Mbits/sec                  
[SUM]   0.00-1.00   sec  6.43 MBytes  53.9 Mbits/sec                  
- - - - - - - - - - - - - - - - - - - - - - - - -
[  5]   1.00-2.00   sec   106 KBytes   869 Kbits/sec                  
[  8]   1.00-2.00   sec   184 KBytes  1.51 Mbits/sec                  
[ 10]   1.00-2.00   sec   154 KBytes  1.26 Mbits/sec                  
[ 12]   1.00-2.00   sec  79.2 KBytes   649 Kbits/sec                  
[ 14]   1.00-2.00   sec   182 KBytes  1.49 Mbits/sec                  
[ 16]   1.00-2.00   sec   105 KBytes   857 Kbits/sec                  
[ 18]   1.00-2.00   sec   124 KBytes  1.02 Mbits/sec                  
[ 20]   1.00-2.00   sec  97.6 KBytes   799 Kbits/sec                  
[ 22]   1.00-2.00   sec  96.2 KBytes   788 Kbits/sec                  
[ 24]   1.00-2.00   sec  97.6 KBytes   799 Kbits/sec                  
[ 26]   1.00-2.00   sec   139 KBytes  1.14 Mbits/sec                  
[ 28]   1.00-2.00   sec   102 KBytes   834 Kbits/sec                  
[ 30]   1.00-2.00   sec  36.8 KBytes   301 Kbits/sec                  
[ 32]   1.00-2.00   sec   197 KBytes  1.61 Mbits/sec                  
[ 34]   1.00-2.00   sec   153 KBytes  1.25 Mbits/sec                  
[ 36]   1.00-2.00   sec   187 KBytes  1.53 Mbits/sec                  
[ 38]   1.00-2.00   sec  94.7 KBytes   776 Kbits/sec                  
[ 40]   1.00-2.00   sec  84.8 KBytes   695 Kbits/sec                  
[ 42]   1.00-2.00   sec   102 KBytes   834 Kbits/sec                  
[ 44]   1.00-2.00   sec   154 KBytes  1.26 Mbits/sec                  
[ 46]   1.00-2.00   sec   127 KBytes  1.04 Mbits/sec                  
[ 48]   1.00-2.00   sec  94.7 KBytes   776 Kbits/sec                  
[ 50]   1.00-2.00   sec   170 KBytes  1.39 Mbits/sec                  
[ 52]   1.00-2.00   sec   189 KBytes  1.55 Mbits/sec                  
[ 54]   1.00-2.00   sec   134 KBytes  1.10 Mbits/sec                  
[ 56]   1.00-2.00   sec   165 KBytes  1.36 Mbits/sec                  
[ 58]   1.00-2.00   sec   151 KBytes  1.24 Mbits/sec                  
[ 60]   1.00-2.00   sec   140 KBytes  1.15 Mbits/sec                  
[ 62]   1.00-2.00   sec  83.4 KBytes   683 Kbits/sec                  
[ 64]   1.00-2.00   sec   105 KBytes   857 Kbits/sec                  
[ 66]   1.00-2.00   sec   129 KBytes  1.05 Mbits/sec                  
[ 68]   1.00-2.00   sec   158 KBytes  1.30 Mbits/sec                  
[ 70]   1.00-2.00   sec   173 KBytes  1.41 Mbits/sec                  
[ 72]   1.00-2.00   sec  90.5 KBytes   741 Kbits/sec                  
[ 74]   1.00-2.00   sec  96.2 KBytes   788 Kbits/sec                  
[ 76]   1.00-2.00   sec   191 KBytes  1.56 Mbits/sec                  
[ 78]   1.00-2.00   sec   136 KBytes  1.11 Mbits/sec                  
[ 80]   1.00-2.00   sec   188 KBytes  1.54 Mbits/sec                  
[ 82]   1.00-2.00   sec   136 KBytes  1.11 Mbits/sec                  
[ 84]   1.00-2.00   sec  60.8 KBytes   498 Kbits/sec                  
[ 86]   1.00-2.00   sec   150 KBytes  1.23 Mbits/sec                  
[ 88]   1.00-2.00   sec   160 KBytes  1.31 Mbits/sec                  
[ 90]   1.00-2.00   sec   137 KBytes  1.12 Mbits/sec                  
[ 92]   1.00-2.00   sec  72.1 KBytes   591 Kbits/sec                  
[ 94]   1.00-2.00   sec   167 KBytes  1.37 Mbits/sec                  
[ 96]   1.00-2.00   sec   117 KBytes   961 Kbits/sec                  
[ 98]   1.00-2.00   sec   143 KBytes  1.17 Mbits/sec                  
[100]   1.00-2.00   sec   127 KBytes  1.04 Mbits/sec                  
[102]   1.00-2.00   sec   134 KBytes  1.10 Mbits/sec                  
[104]   1.00-2.00   sec   168 KBytes  1.38 Mbits/sec                  
[SUM]   1.00-2.00   sec  6.41 MBytes  53.8 Mbits/sec                  
- - - - - - - - - - - - - - - - - - - - - - - - -
[  5]   2.00-3.00   sec  76.4 KBytes   626 Kbits/sec                  
[  8]   2.00-3.00   sec   133 KBytes  1.09 Mbits/sec                  
[ 10]   2.00-3.00   sec   157 KBytes  1.29 Mbits/sec                  
[ 12]   2.00-3.00   sec   156 KBytes  1.27 Mbits/sec                  
[ 14]   2.00-3.00   sec   112 KBytes   915 Kbits/sec                  
[ 16]   2.00-3.00   sec   110 KBytes   904 Kbits/sec                  
[ 18]   2.00-3.00   sec  32.5 KBytes   266 Kbits/sec                  
[ 20]   2.00-3.00   sec   106 KBytes   869 Kbits/sec                  
[ 22]   2.00-3.00   sec   160 KBytes  1.31 Mbits/sec                  
[ 24]   2.00-3.00   sec   102 KBytes   834 Kbits/sec                  
[ 26]   2.00-3.00   sec   105 KBytes   857 Kbits/sec                  
[ 28]   2.00-3.00   sec   105 KBytes   857 Kbits/sec                  
[ 30]   2.00-3.00   sec   109 KBytes   892 Kbits/sec                  
[ 32]   2.00-3.00   sec   132 KBytes  1.08 Mbits/sec                  
[ 34]   2.00-3.00   sec   105 KBytes   857 Kbits/sec                  
[ 36]   2.00-3.00   sec   139 KBytes  1.14 Mbits/sec                  
[ 38]   2.00-3.00   sec   218 KBytes  1.78 Mbits/sec                  
[ 40]   2.00-3.00   sec   103 KBytes   846 Kbits/sec                  
[ 42]   2.00-3.00   sec   144 KBytes  1.18 Mbits/sec                  
[ 44]   2.00-3.00   sec   157 KBytes  1.29 Mbits/sec                  
[ 46]   2.00-3.00   sec   113 KBytes   927 Kbits/sec                  
[ 48]   2.00-3.00   sec   110 KBytes   904 Kbits/sec                  
[ 50]   2.00-3.00   sec   199 KBytes  1.63 Mbits/sec                  
[ 52]   2.00-3.00   sec   134 KBytes  1.10 Mbits/sec                  
[ 54]   2.00-3.00   sec  90.5 KBytes   741 Kbits/sec                  
[ 56]   2.00-3.00   sec   102 KBytes   834 Kbits/sec                  
[ 58]   2.00-3.00   sec   153 KBytes  1.25 Mbits/sec                  
[ 60]   2.00-3.00   sec   174 KBytes  1.43 Mbits/sec                  
[ 62]   2.00-3.00   sec  96.2 KBytes   788 Kbits/sec                  
[ 64]   2.00-3.00   sec   216 KBytes  1.77 Mbits/sec                  
[ 66]   2.00-3.00   sec   137 KBytes  1.12 Mbits/sec                  
[ 68]   2.00-3.00   sec   170 KBytes  1.39 Mbits/sec                  
[ 70]   2.00-3.00   sec   219 KBytes  1.80 Mbits/sec                  
[ 72]   2.00-3.00   sec   119 KBytes   973 Kbits/sec                  
[ 74]   2.00-3.00   sec   156 KBytes  1.27 Mbits/sec                  
[ 76]   2.00-3.00   sec   116 KBytes   950 Kbits/sec                  
[ 78]   2.00-3.00   sec   123 KBytes  1.01 Mbits/sec                  
[ 80]   2.00-3.00   sec   115 KBytes   938 Kbits/sec                  
[ 82]   2.00-3.00   sec  94.7 KBytes   776 Kbits/sec                  
[ 84]   2.00-3.00   sec  82.0 KBytes   672 Kbits/sec                  
[ 86]   2.00-3.00   sec   182 KBytes  1.49 Mbits/sec                  
[ 88]   2.00-3.00   sec   119 KBytes   973 Kbits/sec                  
[ 90]   2.00-3.00   sec   185 KBytes  1.52 Mbits/sec                  
[ 92]   2.00-3.00   sec   195 KBytes  1.60 Mbits/sec                  
[ 94]   2.00-3.00   sec   173 KBytes  1.41 Mbits/sec                  
[ 96]   2.00-3.00   sec   122 KBytes   996 Kbits/sec                  
[ 98]   2.00-3.00   sec   174 KBytes  1.42 Mbits/sec                  
[100]   2.00-3.00   sec   143 KBytes  1.17 Mbits/sec                  
[102]   2.00-3.00   sec   165 KBytes  1.36 Mbits/sec                  
[104]   2.00-3.00   sec   102 KBytes   834 Kbits/sec                  
[SUM]   2.00-3.00   sec  6.58 MBytes  55.2 Mbits/sec                  
- - - - - - - - - - - - - - - - - - - - - - - - -
[  5]   3.00-4.00   sec   109 KBytes   890 Kbits/sec                  
[  8]   3.00-4.00   sec   107 KBytes   878 Kbits/sec                  
[ 10]   3.00-4.00   sec   112 KBytes   913 Kbits/sec                  
[ 12]   3.00-4.00   sec   122 KBytes   994 Kbits/sec                  
[ 14]   3.00-4.00   sec   105 KBytes   855 Kbits/sec                  
[ 16]   3.00-4.00   sec  99.0 KBytes   809 Kbits/sec                  
[ 18]   3.00-4.00   sec   153 KBytes  1.25 Mbits/sec                  
[ 20]   3.00-4.00   sec   112 KBytes   913 Kbits/sec                  
[ 22]   3.00-4.00   sec   122 KBytes   994 Kbits/sec                  
[ 24]   3.00-4.00   sec   103 KBytes   843 Kbits/sec                  
[ 26]   3.00-4.00   sec   113 KBytes   924 Kbits/sec                  
[ 28]   3.00-4.00   sec   141 KBytes  1.16 Mbits/sec                  
[ 30]   3.00-4.00   sec   140 KBytes  1.14 Mbits/sec                  
[ 32]   3.00-4.00   sec   119 KBytes   971 Kbits/sec                  
[ 34]   3.00-4.00   sec   180 KBytes  1.47 Mbits/sec                  
[ 36]   3.00-4.00   sec   150 KBytes  1.22 Mbits/sec                  
[ 38]   3.00-4.00   sec   164 KBytes  1.34 Mbits/sec                  
[ 40]   3.00-4.00   sec   112 KBytes   913 Kbits/sec                  
[ 42]   3.00-4.00   sec   175 KBytes  1.43 Mbits/sec                  
[ 44]   3.00-4.00   sec  62.2 KBytes   508 Kbits/sec                  
[ 46]   3.00-4.00   sec   171 KBytes  1.40 Mbits/sec                  
[ 48]   3.00-4.00   sec   106 KBytes   867 Kbits/sec                  
[ 50]   3.00-4.00   sec   181 KBytes  1.48 Mbits/sec                  
[ 52]   3.00-4.00   sec   110 KBytes   901 Kbits/sec                  
[ 54]   3.00-4.00   sec  82.0 KBytes   670 Kbits/sec                  
[ 56]   3.00-4.00   sec   154 KBytes  1.26 Mbits/sec                  
[ 58]   3.00-4.00   sec   130 KBytes  1.06 Mbits/sec                  
[ 60]   3.00-4.00   sec  97.6 KBytes   797 Kbits/sec                  
[ 62]   3.00-4.00   sec   124 KBytes  1.02 Mbits/sec                  
[ 64]   3.00-4.00   sec   150 KBytes  1.22 Mbits/sec                  
[ 66]   3.00-4.00   sec   137 KBytes  1.12 Mbits/sec                  
[ 68]   3.00-4.00   sec   130 KBytes  1.06 Mbits/sec                  
[ 70]   3.00-4.00   sec   218 KBytes  1.78 Mbits/sec                  
[ 72]   3.00-4.00   sec   107 KBytes   878 Kbits/sec                  
[ 74]   3.00-4.00   sec   170 KBytes  1.39 Mbits/sec                  
[ 76]   3.00-4.00   sec   134 KBytes  1.10 Mbits/sec                  
[ 78]   3.00-4.00   sec   129 KBytes  1.05 Mbits/sec                  
[ 80]   3.00-4.00   sec   144 KBytes  1.18 Mbits/sec                  
[ 82]   3.00-4.00   sec   167 KBytes  1.36 Mbits/sec                  
[ 84]   3.00-4.00   sec   174 KBytes  1.42 Mbits/sec                  
[ 86]   3.00-4.00   sec  24.0 KBytes   196 Kbits/sec                  
[ 88]   3.00-4.00   sec   146 KBytes  1.19 Mbits/sec                  
[ 90]   3.00-4.00   sec   140 KBytes  1.14 Mbits/sec                  
[ 92]   3.00-4.00   sec   229 KBytes  1.87 Mbits/sec                  
[ 94]   3.00-4.00   sec   225 KBytes  1.84 Mbits/sec                  
[ 96]   3.00-4.00   sec   163 KBytes  1.33 Mbits/sec                  
[ 98]   3.00-4.00   sec   160 KBytes  1.31 Mbits/sec                  
[100]   3.00-4.00   sec   189 KBytes  1.55 Mbits/sec                  
[102]   3.00-4.00   sec   182 KBytes  1.49 Mbits/sec                  
[104]   3.00-4.00   sec   127 KBytes  1.04 Mbits/sec                  
[SUM]   3.00-4.00   sec  6.74 MBytes  56.4 Mbits/sec                  
- - - - - - - - - - - - - - - - - - - - - - - - -
[  5]   4.00-5.00   sec  87.7 KBytes   720 Kbits/sec                  
[  8]   4.00-5.00   sec  90.5 KBytes   743 Kbits/sec                  
[ 10]   4.00-5.00   sec   148 KBytes  1.22 Mbits/sec                  
[ 12]   4.00-5.00   sec   180 KBytes  1.47 Mbits/sec                  
[ 14]   4.00-5.00   sec   140 KBytes  1.15 Mbits/sec                  
[ 16]   4.00-5.00   sec   173 KBytes  1.42 Mbits/sec                  
[ 18]   4.00-5.00   sec   161 KBytes  1.32 Mbits/sec                  
[ 20]   4.00-5.00   sec  90.5 KBytes   743 Kbits/sec                  
[ 22]   4.00-5.00   sec   140 KBytes  1.15 Mbits/sec                  
[ 24]   4.00-5.00   sec  87.7 KBytes   720 Kbits/sec                  
[ 26]   4.00-5.00   sec  90.5 KBytes   743 Kbits/sec                  
[ 28]   4.00-5.00   sec   127 KBytes  1.05 Mbits/sec                  
[ 30]   4.00-5.00   sec   139 KBytes  1.14 Mbits/sec                  
[ 32]   4.00-5.00   sec  90.5 KBytes   743 Kbits/sec                  
[ 34]   4.00-5.00   sec   173 KBytes  1.42 Mbits/sec                  
[ 36]   4.00-5.00   sec   174 KBytes  1.43 Mbits/sec                  
[ 38]   4.00-5.00   sec   178 KBytes  1.46 Mbits/sec                  
[ 40]   4.00-5.00   sec   115 KBytes   941 Kbits/sec                  
[ 42]   4.00-5.00   sec   180 KBytes  1.47 Mbits/sec                  
[ 44]   4.00-5.00   sec   173 KBytes  1.42 Mbits/sec                  
[ 46]   4.00-5.00   sec   194 KBytes  1.59 Mbits/sec                  
[ 48]   4.00-5.00   sec   147 KBytes  1.21 Mbits/sec                  
[ 50]   4.00-5.00   sec   185 KBytes  1.52 Mbits/sec                  
[ 52]   4.00-5.00   sec  90.5 KBytes   743 Kbits/sec                  
[ 54]   4.00-5.00   sec  91.9 KBytes   755 Kbits/sec                  
[ 56]   4.00-5.00   sec   127 KBytes  1.05 Mbits/sec                  
[ 58]   4.00-5.00   sec   174 KBytes  1.43 Mbits/sec                  
[ 60]   4.00-5.00   sec   178 KBytes  1.46 Mbits/sec                  
[ 62]   4.00-5.00   sec   161 KBytes  1.32 Mbits/sec                  
[ 64]   4.00-5.00   sec   175 KBytes  1.44 Mbits/sec                  
[ 66]   4.00-5.00   sec  86.3 KBytes   708 Kbits/sec                  
[ 68]   4.00-5.00   sec  90.5 KBytes   743 Kbits/sec                  
[ 70]   4.00-5.00   sec   185 KBytes  1.52 Mbits/sec                  
[ 72]   4.00-5.00   sec   182 KBytes  1.50 Mbits/sec                  
[ 74]   4.00-5.00   sec   174 KBytes  1.43 Mbits/sec                  
[ 76]   4.00-5.00   sec   170 KBytes  1.39 Mbits/sec                  
[ 78]   4.00-5.00   sec   160 KBytes  1.31 Mbits/sec                  
[ 80]   4.00-5.00   sec   136 KBytes  1.11 Mbits/sec                  
[ 82]   4.00-5.00   sec   185 KBytes  1.52 Mbits/sec                  
[ 84]   4.00-5.00   sec   175 KBytes  1.44 Mbits/sec                  
[ 86]   4.00-5.00   sec   161 KBytes  1.32 Mbits/sec                  
[ 88]   4.00-5.00   sec   174 KBytes  1.43 Mbits/sec                  
[ 90]   4.00-5.00   sec   170 KBytes  1.39 Mbits/sec                  
[ 92]   4.00-5.00   sec   185 KBytes  1.52 Mbits/sec                  
[ 94]   4.00-5.00   sec   185 KBytes  1.52 Mbits/sec                  
[ 96]   4.00-5.00   sec   185 KBytes  1.52 Mbits/sec                  
[ 98]   4.00-5.00   sec   161 KBytes  1.32 Mbits/sec                  
[100]   4.00-5.00   sec   184 KBytes  1.51 Mbits/sec                  
[102]   4.00-5.00   sec   184 KBytes  1.51 Mbits/sec                  
[104]   4.00-5.00   sec   163 KBytes  1.34 Mbits/sec                  
[SUM]   4.00-5.00   sec  7.38 MBytes  62.1 Mbits/sec                  
- - - - - - - - - - - - - - - - - - - - - - - - -
[  5]   5.00-6.00   sec   161 KBytes  1.32 Mbits/sec                  
[  8]   5.00-6.00   sec   154 KBytes  1.26 Mbits/sec                  
[ 10]   5.00-6.00   sec   168 KBytes  1.38 Mbits/sec                  
[ 12]   5.00-6.00   sec   168 KBytes  1.38 Mbits/sec                  
[ 14]   5.00-6.00   sec   168 KBytes  1.38 Mbits/sec                  
[ 16]   5.00-6.00   sec   174 KBytes  1.42 Mbits/sec                  
[ 18]   5.00-6.00   sec   168 KBytes  1.38 Mbits/sec                  
[ 20]   5.00-6.00   sec  99.0 KBytes   811 Kbits/sec                  
[ 22]   5.00-6.00   sec   174 KBytes  1.42 Mbits/sec                  
[ 24]   5.00-6.00   sec  96.2 KBytes   788 Kbits/sec                  
[ 26]   5.00-6.00   sec   163 KBytes  1.33 Mbits/sec                  
[ 28]   5.00-6.00   sec   167 KBytes  1.37 Mbits/sec                  
[ 30]   5.00-6.00   sec   167 KBytes  1.37 Mbits/sec                  
[ 32]   5.00-6.00   sec   117 KBytes   961 Kbits/sec                  
[ 34]   5.00-6.00   sec   168 KBytes  1.38 Mbits/sec                  
[ 36]   5.00-6.00   sec   174 KBytes  1.42 Mbits/sec                  
[ 38]   5.00-6.00   sec   174 KBytes  1.42 Mbits/sec                  
[ 40]   5.00-6.00   sec   201 KBytes  1.64 Mbits/sec                  
[ 42]   5.00-6.00   sec   170 KBytes  1.39 Mbits/sec                  
[ 44]   5.00-6.00   sec   164 KBytes  1.34 Mbits/sec                  
[ 46]   5.00-6.00   sec   168 KBytes  1.38 Mbits/sec                  
[ 48]   5.00-6.00   sec   174 KBytes  1.42 Mbits/sec                  
[ 50]   5.00-6.00   sec   167 KBytes  1.37 Mbits/sec                  
[ 52]   5.00-6.00   sec   174 KBytes  1.42 Mbits/sec                  
[ 54]   5.00-6.00   sec   173 KBytes  1.41 Mbits/sec                  
[ 56]   5.00-6.00   sec   168 KBytes  1.38 Mbits/sec                  
[ 58]   5.00-6.00   sec   167 KBytes  1.37 Mbits/sec                  
[ 60]   5.00-6.00   sec   168 KBytes  1.38 Mbits/sec                  
[ 62]   5.00-6.00   sec   167 KBytes  1.37 Mbits/sec                  
[ 64]   5.00-6.00   sec   168 KBytes  1.38 Mbits/sec                  
[ 66]   5.00-6.00   sec   177 KBytes  1.45 Mbits/sec                  
[ 68]   5.00-6.00   sec   158 KBytes  1.30 Mbits/sec                  
[ 70]   5.00-6.00   sec   168 KBytes  1.38 Mbits/sec                  
[ 72]   5.00-6.00   sec   167 KBytes  1.37 Mbits/sec                  
[ 74]   5.00-6.00   sec   167 KBytes  1.37 Mbits/sec                  
[ 76]   5.00-6.00   sec   167 KBytes  1.37 Mbits/sec                  
[ 78]   5.00-6.00   sec   171 KBytes  1.40 Mbits/sec                  
[ 80]   5.00-6.00   sec   167 KBytes  1.37 Mbits/sec                  
[ 82]   5.00-6.00   sec   167 KBytes  1.37 Mbits/sec                  
[ 84]   5.00-6.00   sec   164 KBytes  1.34 Mbits/sec                  
[ 86]   5.00-6.00   sec   168 KBytes  1.38 Mbits/sec                  
[ 88]   5.00-6.00   sec   167 KBytes  1.37 Mbits/sec                  
[ 90]   5.00-6.00   sec   173 KBytes  1.41 Mbits/sec                  
[ 92]   5.00-6.00   sec   168 KBytes  1.38 Mbits/sec                  
[ 94]   5.00-6.00   sec   167 KBytes  1.37 Mbits/sec                  
[ 96]   5.00-6.00   sec   168 KBytes  1.38 Mbits/sec                  
[ 98]   5.00-6.00   sec   173 KBytes  1.41 Mbits/sec                  
[100]   5.00-6.00   sec   167 KBytes  1.37 Mbits/sec                  
[102]   5.00-6.00   sec   164 KBytes  1.34 Mbits/sec                  
[104]   5.00-6.00   sec   175 KBytes  1.44 Mbits/sec                  
[SUM]   5.00-6.00   sec  8.06 MBytes  67.6 Mbits/sec                  
- - - - - - - - - - - - - - - - - - - - - - - - -
[  5]   6.00-7.00   sec   161 KBytes  1.32 Mbits/sec                  
[  8]   6.00-7.00   sec   168 KBytes  1.38 Mbits/sec                  
[ 10]   6.00-7.00   sec   167 KBytes  1.37 Mbits/sec                  
[ 12]   6.00-7.00   sec   163 KBytes  1.33 Mbits/sec                  
[ 14]   6.00-7.00   sec   167 KBytes  1.37 Mbits/sec                  
[ 16]   6.00-7.00   sec   161 KBytes  1.32 Mbits/sec                  
[ 18]   6.00-7.00   sec   167 KBytes  1.37 Mbits/sec                  
[ 20]   6.00-7.00   sec   165 KBytes  1.36 Mbits/sec                  
[ 22]   6.00-7.00   sec   161 KBytes  1.32 Mbits/sec                  
[ 24]   6.00-7.00   sec   158 KBytes  1.30 Mbits/sec                  
[ 26]   6.00-7.00   sec   161 KBytes  1.32 Mbits/sec                  
[ 28]   6.00-7.00   sec   167 KBytes  1.37 Mbits/sec                  
[ 30]   6.00-7.00   sec   168 KBytes  1.38 Mbits/sec                  
[ 32]   6.00-7.00   sec   165 KBytes  1.36 Mbits/sec                  
[ 34]   6.00-7.00   sec   168 KBytes  1.38 Mbits/sec                  
[ 36]   6.00-7.00   sec   161 KBytes  1.32 Mbits/sec                  
[ 38]   6.00-7.00   sec   161 KBytes  1.32 Mbits/sec                  
[ 40]   6.00-7.00   sec   170 KBytes  1.39 Mbits/sec                  
[ 42]   6.00-7.00   sec   165 KBytes  1.36 Mbits/sec                  
[ 44]   6.00-7.00   sec   164 KBytes  1.34 Mbits/sec                  
[ 46]   6.00-7.00   sec   168 KBytes  1.38 Mbits/sec                  
[ 48]   6.00-7.00   sec   163 KBytes  1.33 Mbits/sec                  
[ 50]   6.00-7.00   sec   168 KBytes  1.38 Mbits/sec                  
[ 52]   6.00-7.00   sec   168 KBytes  1.38 Mbits/sec                  
[ 54]   6.00-7.00   sec   161 KBytes  1.32 Mbits/sec                  
[ 56]   6.00-7.00   sec   168 KBytes  1.38 Mbits/sec                  
[ 58]   6.00-7.00   sec   163 KBytes  1.33 Mbits/sec                  
[ 60]   6.00-7.00   sec   168 KBytes  1.38 Mbits/sec                  
[ 62]   6.00-7.00   sec   168 KBytes  1.38 Mbits/sec                  
[ 64]   6.00-7.00   sec   168 KBytes  1.38 Mbits/sec                  
[ 66]   6.00-7.00   sec   163 KBytes  1.33 Mbits/sec                  
[ 68]   6.00-7.00   sec   163 KBytes  1.33 Mbits/sec                  
[ 70]   6.00-7.00   sec   167 KBytes  1.37 Mbits/sec                  
[ 72]   6.00-7.00   sec   168 KBytes  1.38 Mbits/sec                  
[ 74]   6.00-7.00   sec   168 KBytes  1.38 Mbits/sec                  
[ 76]   6.00-7.00   sec   168 KBytes  1.38 Mbits/sec                  
[ 78]   6.00-7.00   sec   163 KBytes  1.33 Mbits/sec                  
[ 80]   6.00-7.00   sec   168 KBytes  1.38 Mbits/sec                  
[ 82]   6.00-7.00   sec   165 KBytes  1.36 Mbits/sec                  
[ 84]   6.00-7.00   sec   164 KBytes  1.34 Mbits/sec                  
[ 86]   6.00-7.00   sec   167 KBytes  1.37 Mbits/sec                  
[ 88]   6.00-7.00   sec   167 KBytes  1.37 Mbits/sec                  
[ 90]   6.00-7.00   sec   161 KBytes  1.32 Mbits/sec                  
[ 92]   6.00-7.00   sec   167 KBytes  1.37 Mbits/sec                  
[ 94]   6.00-7.00   sec   164 KBytes  1.34 Mbits/sec                  
[ 96]   6.00-7.00   sec   167 KBytes  1.37 Mbits/sec                  
[ 98]   6.00-7.00   sec   161 KBytes  1.32 Mbits/sec                  
[100]   6.00-7.00   sec   167 KBytes  1.37 Mbits/sec                  
[102]   6.00-7.00   sec   164 KBytes  1.34 Mbits/sec                  
[104]   6.00-7.00   sec   163 KBytes  1.33 Mbits/sec                  
[SUM]   6.00-7.00   sec  8.07 MBytes  67.7 Mbits/sec                  
- - - - - - - - - - - - - - - - - - - - - - - - -
[  5]   7.00-8.00   sec   174 KBytes  1.42 Mbits/sec                  
[  8]   7.00-8.00   sec   167 KBytes  1.37 Mbits/sec                  
[ 10]   7.00-8.00   sec   174 KBytes  1.42 Mbits/sec                  
[ 12]   7.00-8.00   sec   173 KBytes  1.41 Mbits/sec                  
[ 14]   7.00-8.00   sec   168 KBytes  1.38 Mbits/sec                  
[ 16]   7.00-8.00   sec   174 KBytes  1.42 Mbits/sec                  
[ 18]   7.00-8.00   sec   168 KBytes  1.38 Mbits/sec                  
[ 20]   7.00-8.00   sec   168 KBytes  1.38 Mbits/sec                  
[ 22]   7.00-8.00   sec   174 KBytes  1.42 Mbits/sec                  
[ 24]   7.00-8.00   sec   174 KBytes  1.42 Mbits/sec                  
[ 26]   7.00-8.00   sec   174 KBytes  1.42 Mbits/sec                  
[ 28]   7.00-8.00   sec   168 KBytes  1.38 Mbits/sec                  
[ 30]   7.00-8.00   sec   167 KBytes  1.37 Mbits/sec                  
[ 32]   7.00-8.00   sec   174 KBytes  1.42 Mbits/sec                  
[ 34]   7.00-8.00   sec   170 KBytes  1.39 Mbits/sec                  
[ 36]   7.00-8.00   sec   174 KBytes  1.42 Mbits/sec                  
[ 38]   7.00-8.00   sec   174 KBytes  1.42 Mbits/sec                  
[ 40]   7.00-8.00   sec   168 KBytes  1.38 Mbits/sec                  
[ 42]   7.00-8.00   sec   171 KBytes  1.40 Mbits/sec                  
[ 44]   7.00-8.00   sec   170 KBytes  1.39 Mbits/sec                  
[ 46]   7.00-8.00   sec   167 KBytes  1.37 Mbits/sec                  
[ 48]   7.00-8.00   sec   173 KBytes  1.41 Mbits/sec                  
[ 50]   7.00-8.00   sec   167 KBytes  1.37 Mbits/sec                  
[ 52]   7.00-8.00   sec   167 KBytes  1.37 Mbits/sec                  
[ 54]   7.00-8.00   sec   174 KBytes  1.42 Mbits/sec                  
[ 56]   7.00-8.00   sec   167 KBytes  1.37 Mbits/sec                  
[ 58]   7.00-8.00   sec   173 KBytes  1.41 Mbits/sec                  
[ 60]   7.00-8.00   sec   173 KBytes  1.41 Mbits/sec                  
[ 62]   7.00-8.00   sec   168 KBytes  1.38 Mbits/sec                  
[ 64]   7.00-8.00   sec   167 KBytes  1.37 Mbits/sec                  
[ 66]   7.00-8.00   sec   174 KBytes  1.42 Mbits/sec                  
[ 68]   7.00-8.00   sec   173 KBytes  1.41 Mbits/sec                  
[ 70]   7.00-8.00   sec   168 KBytes  1.38 Mbits/sec                  
[ 72]   7.00-8.00   sec   168 KBytes  1.38 Mbits/sec                  
[ 74]   7.00-8.00   sec   168 KBytes  1.38 Mbits/sec                  
[ 76]   7.00-8.00   sec   168 KBytes  1.38 Mbits/sec                  
[ 78]   7.00-8.00   sec   173 KBytes  1.41 Mbits/sec                  
[ 80]   7.00-8.00   sec   168 KBytes  1.38 Mbits/sec                  
[ 82]   7.00-8.00   sec   171 KBytes  1.40 Mbits/sec                  
[ 84]   7.00-8.00   sec   167 KBytes  1.37 Mbits/sec                  
[ 86]   7.00-8.00   sec   168 KBytes  1.38 Mbits/sec                  
[ 88]   7.00-8.00   sec   167 KBytes  1.37 Mbits/sec                  
[ 90]   7.00-8.00   sec   173 KBytes  1.41 Mbits/sec                  
[ 92]   7.00-8.00   sec   167 KBytes  1.37 Mbits/sec                  
[ 94]   7.00-8.00   sec   170 KBytes  1.39 Mbits/sec                  
[ 96]   7.00-8.00   sec   168 KBytes  1.38 Mbits/sec                  
[ 98]   7.00-8.00   sec   173 KBytes  1.41 Mbits/sec                  
[100]   7.00-8.00   sec   168 KBytes  1.38 Mbits/sec                  
[102]   7.00-8.00   sec   164 KBytes  1.34 Mbits/sec                  
[104]   7.00-8.00   sec   174 KBytes  1.42 Mbits/sec                  
[SUM]   7.00-8.00   sec  8.31 MBytes  69.7 Mbits/sec                  
- - - - - - - - - - - - - - - - - - - - - - - - -
[  5]   8.00-9.00   sec   167 KBytes  1.37 Mbits/sec                  
[  8]   8.00-9.00   sec   171 KBytes  1.40 Mbits/sec                  
[ 10]   8.00-9.00   sec   168 KBytes  1.38 Mbits/sec                  
[ 12]   8.00-9.00   sec   168 KBytes  1.38 Mbits/sec                  
[ 14]   8.00-9.00   sec   171 KBytes  1.40 Mbits/sec                  
[ 16]   8.00-9.00   sec   168 KBytes  1.38 Mbits/sec                  
[ 18]   8.00-9.00   sec   174 KBytes  1.42 Mbits/sec                  
[ 20]   8.00-9.00   sec   174 KBytes  1.42 Mbits/sec                  
[ 22]   8.00-9.00   sec   167 KBytes  1.37 Mbits/sec                  
[ 24]   8.00-9.00   sec   167 KBytes  1.37 Mbits/sec                  
[ 26]   8.00-9.00   sec   168 KBytes  1.38 Mbits/sec                  
[ 28]   8.00-9.00   sec   174 KBytes  1.42 Mbits/sec                  
[ 30]   8.00-9.00   sec   174 KBytes  1.42 Mbits/sec                  
[ 32]   8.00-9.00   sec   168 KBytes  1.38 Mbits/sec                  
[ 34]   8.00-9.00   sec   171 KBytes  1.40 Mbits/sec                  
[ 36]   8.00-9.00   sec   168 KBytes  1.38 Mbits/sec                  
[ 38]   8.00-9.00   sec   168 KBytes  1.38 Mbits/sec                  
[ 40]   8.00-9.00   sec   173 KBytes  1.41 Mbits/sec                  
[ 42]   8.00-9.00   sec   170 KBytes  1.39 Mbits/sec                  
[ 44]   8.00-9.00   sec   164 KBytes  1.34 Mbits/sec                  
[ 46]   8.00-9.00   sec   174 KBytes  1.42 Mbits/sec                  
[ 48]   8.00-9.00   sec   168 KBytes  1.38 Mbits/sec                  
[ 50]   8.00-9.00   sec   171 KBytes  1.40 Mbits/sec                  
[ 52]   8.00-9.00   sec   168 KBytes  1.38 Mbits/sec                  
[ 54]   8.00-9.00   sec   168 KBytes  1.38 Mbits/sec                  
[ 56]   8.00-9.00   sec   174 KBytes  1.42 Mbits/sec                  
[ 58]   8.00-9.00   sec   168 KBytes  1.38 Mbits/sec                  
[ 60]   8.00-9.00   sec   168 KBytes  1.38 Mbits/sec                  
[ 62]   8.00-9.00   sec   173 KBytes  1.41 Mbits/sec                  
[ 64]   8.00-9.00   sec   174 KBytes  1.42 Mbits/sec                  
[ 66]   8.00-9.00   sec   167 KBytes  1.37 Mbits/sec                  
[ 68]   8.00-9.00   sec   168 KBytes  1.38 Mbits/sec                  
[ 70]   8.00-9.00   sec   171 KBytes  1.40 Mbits/sec                  
[ 72]   8.00-9.00   sec   173 KBytes  1.41 Mbits/sec                  
[ 74]   8.00-9.00   sec   173 KBytes  1.41 Mbits/sec                  
[ 76]   8.00-9.00   sec   173 KBytes  1.41 Mbits/sec                  
[ 78]   8.00-9.00   sec   168 KBytes  1.38 Mbits/sec                  
[ 80]   8.00-9.00   sec   170 KBytes  1.39 Mbits/sec                  
[ 82]   8.00-9.00   sec   170 KBytes  1.39 Mbits/sec                  
[ 84]   8.00-9.00   sec   167 KBytes  1.37 Mbits/sec                  
[ 86]   8.00-9.00   sec   171 KBytes  1.40 Mbits/sec                  
[ 88]   8.00-9.00   sec   167 KBytes  1.37 Mbits/sec                  
[ 90]   8.00-9.00   sec   168 KBytes  1.38 Mbits/sec                  
[ 92]   8.00-9.00   sec   170 KBytes  1.39 Mbits/sec                  
[ 94]   8.00-9.00   sec   167 KBytes  1.37 Mbits/sec                  
[ 96]   8.00-9.00   sec   170 KBytes  1.39 Mbits/sec                  
[ 98]   8.00-9.00   sec   167 KBytes  1.37 Mbits/sec                  
[100]   8.00-9.00   sec   173 KBytes  1.41 Mbits/sec                  
[102]   8.00-9.00   sec   170 KBytes  1.39 Mbits/sec                  
[104]   8.00-9.00   sec   170 KBytes  1.39 Mbits/sec                  
[SUM]   8.00-9.00   sec  8.29 MBytes  69.5 Mbits/sec                  
- - - - - - - - - - - - - - - - - - - - - - - - -
[  5]   9.00-10.00  sec   174 KBytes  1.42 Mbits/sec                  
[  8]   9.00-10.00  sec   171 KBytes  1.40 Mbits/sec                  
[ 10]   9.00-10.00  sec   173 KBytes  1.41 Mbits/sec                  
[ 12]   9.00-10.00  sec   174 KBytes  1.42 Mbits/sec                  
[ 14]   9.00-10.00  sec   170 KBytes  1.39 Mbits/sec                  
[ 16]   9.00-10.00  sec   174 KBytes  1.42 Mbits/sec                  
[ 18]   9.00-10.00  sec   167 KBytes  1.37 Mbits/sec                  
[ 20]   9.00-10.00  sec   167 KBytes  1.37 Mbits/sec                  
[ 22]   9.00-10.00  sec   174 KBytes  1.42 Mbits/sec                  
[ 24]   9.00-10.00  sec   174 KBytes  1.42 Mbits/sec                  
[ 26]   9.00-10.00  sec   173 KBytes  1.41 Mbits/sec                  
[ 28]   9.00-10.00  sec   167 KBytes  1.37 Mbits/sec                  
[ 30]   9.00-10.00  sec   168 KBytes  1.38 Mbits/sec                  
[ 32]   9.00-10.00  sec   173 KBytes  1.41 Mbits/sec                  
[ 34]   9.00-10.00  sec   174 KBytes  1.42 Mbits/sec                  
[ 36]   9.00-10.00  sec   174 KBytes  1.42 Mbits/sec                  
[ 38]   9.00-10.00  sec   173 KBytes  1.41 Mbits/sec                  
[ 40]   9.00-10.00  sec   168 KBytes  1.38 Mbits/sec                  
[ 42]   9.00-10.00  sec   171 KBytes  1.40 Mbits/sec                  
[ 44]   9.00-10.00  sec   170 KBytes  1.39 Mbits/sec                  
[ 46]   9.00-10.00  sec   168 KBytes  1.38 Mbits/sec                  
[ 48]   9.00-10.00  sec   174 KBytes  1.42 Mbits/sec                  
[ 50]   9.00-10.00  sec   171 KBytes  1.40 Mbits/sec                  
[ 52]   9.00-10.00  sec   174 KBytes  1.42 Mbits/sec                  
[ 54]   9.00-10.00  sec   174 KBytes  1.42 Mbits/sec                  
[ 56]   9.00-10.00  sec   168 KBytes  1.38 Mbits/sec                  
[ 58]   9.00-10.00  sec   174 KBytes  1.42 Mbits/sec                  
[ 60]   9.00-10.00  sec   174 KBytes  1.42 Mbits/sec                  
[ 62]   9.00-10.00  sec   168 KBytes  1.38 Mbits/sec                  
[ 64]   9.00-10.00  sec   168 KBytes  1.38 Mbits/sec                  
[ 66]   9.00-10.00  sec   174 KBytes  1.42 Mbits/sec                  
[ 68]   9.00-10.00  sec   174 KBytes  1.42 Mbits/sec                  
[ 70]   9.00-10.00  sec   170 KBytes  1.39 Mbits/sec                  
[ 72]   9.00-10.00  sec   168 KBytes  1.38 Mbits/sec                  
[ 74]   9.00-10.00  sec   168 KBytes  1.38 Mbits/sec                  
[ 76]   9.00-10.00  sec   168 KBytes  1.38 Mbits/sec                  
[ 78]   9.00-10.00  sec   174 KBytes  1.42 Mbits/sec                  
[ 80]   9.00-10.00  sec   171 KBytes  1.40 Mbits/sec                  
[ 82]   9.00-10.00  sec   171 KBytes  1.40 Mbits/sec                  
[ 84]   9.00-10.00  sec   167 KBytes  1.37 Mbits/sec                  
[ 86]   9.00-10.00  sec   170 KBytes  1.39 Mbits/sec                  
[ 88]   9.00-10.00  sec   173 KBytes  1.41 Mbits/sec                  
[ 90]   9.00-10.00  sec   173 KBytes  1.41 Mbits/sec                  
[ 92]   9.00-10.00  sec   174 KBytes  1.42 Mbits/sec                  
[ 94]   9.00-10.00  sec   173 KBytes  1.41 Mbits/sec                  
[ 96]   9.00-10.00  sec   171 KBytes  1.40 Mbits/sec                  
[ 98]   9.00-10.00  sec   174 KBytes  1.42 Mbits/sec                  
[100]   9.00-10.00  sec   167 KBytes  1.37 Mbits/sec                  
[102]   9.00-10.00  sec   164 KBytes  1.34 Mbits/sec                  
[104]   9.00-10.00  sec   174 KBytes  1.42 Mbits/sec                  
[SUM]   9.00-10.00  sec  8.36 MBytes  70.1 Mbits/sec                  
- - - - - - - - - - - - - - - - - - - - - - - - -
[  5]  10.00-11.00  sec   116 KBytes   949 Kbits/sec                  
[  8]  10.00-11.00  sec   115 KBytes   938 Kbits/sec                  
[ 10]  10.00-11.00  sec   116 KBytes   949 Kbits/sec                  
[ 12]  10.00-11.00  sec   116 KBytes   949 Kbits/sec                  
[ 14]  10.00-11.00  sec   116 KBytes   949 Kbits/sec                  
[ 16]  10.00-11.00  sec   115 KBytes   938 Kbits/sec                  
[ 18]  10.00-11.00  sec   116 KBytes   949 Kbits/sec                  
[ 20]  10.00-11.00  sec   116 KBytes   949 Kbits/sec                  
[ 22]  10.00-11.00  sec   116 KBytes   949 Kbits/sec                  
[ 24]  10.00-11.00  sec   110 KBytes   903 Kbits/sec                  
[ 26]  10.00-11.00  sec   116 KBytes   949 Kbits/sec                  
[ 28]  10.00-11.00  sec   116 KBytes   949 Kbits/sec                  
[ 30]  10.00-11.00  sec   116 KBytes   949 Kbits/sec                  
[ 32]  10.00-11.00  sec   110 KBytes   903 Kbits/sec                  
[ 34]  10.00-11.00  sec   109 KBytes   891 Kbits/sec                  
[ 36]  10.00-11.00  sec   115 KBytes   938 Kbits/sec                  
[ 38]  10.00-11.00  sec   116 KBytes   949 Kbits/sec                  
[ 40]  10.00-11.00  sec   116 KBytes   949 Kbits/sec                  
[ 42]  10.00-11.00  sec   116 KBytes   949 Kbits/sec                  
[ 44]  10.00-11.00  sec   110 KBytes   903 Kbits/sec                  
[ 46]  10.00-11.00  sec   116 KBytes   949 Kbits/sec                  
[ 48]  10.00-11.00  sec   115 KBytes   938 Kbits/sec                  
[ 50]  10.00-11.00  sec   116 KBytes   949 Kbits/sec                  
[ 52]  10.00-11.00  sec   115 KBytes   938 Kbits/sec                  
[ 54]  10.00-11.00  sec   115 KBytes   938 Kbits/sec                  
[ 56]  10.00-11.00  sec   115 KBytes   938 Kbits/sec                  
[ 58]  10.00-11.00  sec   116 KBytes   949 Kbits/sec                  
[ 60]  10.00-11.00  sec   113 KBytes   926 Kbits/sec                  
[ 62]  10.00-11.00  sec   116 KBytes   949 Kbits/sec                  
[ 64]  10.00-11.00  sec   115 KBytes   938 Kbits/sec                  
[ 66]  10.00-11.00  sec   116 KBytes   949 Kbits/sec                  
[ 68]  10.00-11.00  sec   109 KBytes   891 Kbits/sec                  
[ 70]  10.00-11.00  sec   116 KBytes   949 Kbits/sec                  
[ 72]  10.00-11.00  sec   116 KBytes   949 Kbits/sec                  
[ 74]  10.00-11.00  sec   116 KBytes   949 Kbits/sec                  
[ 76]  10.00-11.00  sec   116 KBytes   949 Kbits/sec                  
[ 78]  10.00-11.00  sec   115 KBytes   938 Kbits/sec                  
[ 80]  10.00-11.00  sec   113 KBytes   926 Kbits/sec                  
[ 82]  10.00-11.00  sec   117 KBytes   961 Kbits/sec                  
[ 84]  10.00-11.00  sec   110 KBytes   903 Kbits/sec                  
[ 86]  10.00-11.00  sec   116 KBytes   949 Kbits/sec                  
[ 88]  10.00-11.00  sec   112 KBytes   915 Kbits/sec                  
[ 90]  10.00-11.00  sec   115 KBytes   938 Kbits/sec                  
[ 92]  10.00-11.00  sec   112 KBytes   915 Kbits/sec                  
[ 94]  10.00-11.00  sec   115 KBytes   938 Kbits/sec                  
[ 96]  10.00-11.00  sec   116 KBytes   949 Kbits/sec                  
[ 98]  10.00-11.00  sec   115 KBytes   938 Kbits/sec                  
[100]  10.00-11.00  sec   116 KBytes   949 Kbits/sec                  
[102]  10.00-11.00  sec   113 KBytes   926 Kbits/sec                  
[104]  10.00-11.00  sec   109 KBytes   891 Kbits/sec                  
[SUM]  10.00-11.00  sec  5.59 MBytes  46.8 Mbits/sec                  
- - - - - - - - - - - - - - - - - - - - - - - - -
[  5]  11.00-12.00  sec  0.00 Bytes  0.00 bits/sec                  
[  8]  11.00-12.00  sec  0.00 Bytes  0.00 bits/sec                  
[ 10]  11.00-12.00  sec  0.00 Bytes  0.00 bits/sec                  
[ 12]  11.00-12.00  sec  0.00 Bytes  0.00 bits/sec                  
[ 14]  11.00-12.00  sec  0.00 Bytes  0.00 bits/sec                  
[ 16]  11.00-12.00  sec  0.00 Bytes  0.00 bits/sec                  
[ 18]  11.00-12.00  sec  0.00 Bytes  0.00 bits/sec                  
[ 20]  11.00-12.00  sec  0.00 Bytes  0.00 bits/sec                  
[ 22]  11.00-12.00  sec  0.00 Bytes  0.00 bits/sec                  
[ 24]  11.00-12.00  sec  0.00 Bytes  0.00 bits/sec                  
[ 26]  11.00-12.00  sec  0.00 Bytes  0.00 bits/sec                  
[ 28]  11.00-12.00  sec  0.00 Bytes  0.00 bits/sec                  
[ 30]  11.00-12.00  sec  0.00 Bytes  0.00 bits/sec                  
[ 32]  11.00-12.00  sec  0.00 Bytes  0.00 bits/sec                  
[ 34]  11.00-12.00  sec  0.00 Bytes  0.00 bits/sec                  
[ 36]  11.00-12.00  sec  0.00 Bytes  0.00 bits/sec                  
[ 38]  11.00-12.00  sec  0.00 Bytes  0.00 bits/sec                  
[ 40]  11.00-12.00  sec  0.00 Bytes  0.00 bits/sec                  
[ 42]  11.00-12.00  sec  0.00 Bytes  0.00 bits/sec                  
[ 44]  11.00-12.00  sec  0.00 Bytes  0.00 bits/sec                  
[ 46]  11.00-12.00  sec  0.00 Bytes  0.00 bits/sec                  
[ 48]  11.00-12.00  sec  0.00 Bytes  0.00 bits/sec                  
[ 50]  11.00-12.00  sec  0.00 Bytes  0.00 bits/sec                  
[ 52]  11.00-12.00  sec  0.00 Bytes  0.00 bits/sec                  
[ 54]  11.00-12.00  sec  0.00 Bytes  0.00 bits/sec                  
[ 56]  11.00-12.00  sec  0.00 Bytes  0.00 bits/sec                  
[ 58]  11.00-12.00  sec  0.00 Bytes  0.00 bits/sec                  
[ 60]  11.00-12.00  sec  0.00 Bytes  0.00 bits/sec                  
[ 62]  11.00-12.00  sec  0.00 Bytes  0.00 bits/sec                  
[ 64]  11.00-12.00  sec  0.00 Bytes  0.00 bits/sec                  
[ 66]  11.00-12.00  sec  0.00 Bytes  0.00 bits/sec                  
[ 68]  11.00-12.00  sec  0.00 Bytes  0.00 bits/sec                  
[ 70]  11.00-12.00  sec  0.00 Bytes  0.00 bits/sec                  
[ 72]  11.00-12.00  sec  0.00 Bytes  0.00 bits/sec                  
[ 74]  11.00-12.00  sec  0.00 Bytes  0.00 bits/sec                  
[ 76]  11.00-12.00  sec  0.00 Bytes  0.00 bits/sec                  
[ 78]  11.00-12.00  sec  0.00 Bytes  0.00 bits/sec                  
[ 80]  11.00-12.00  sec  0.00 Bytes  0.00 bits/sec                  
[ 82]  11.00-12.00  sec  0.00 Bytes  0.00 bits/sec                  
[ 84]  11.00-12.00  sec  0.00 Bytes  0.00 bits/sec                  
[ 86]  11.00-12.00  sec  0.00 Bytes  0.00 bits/sec                  
[ 88]  11.00-12.00  sec  0.00 Bytes  0.00 bits/sec                  
[ 90]  11.00-12.00  sec  0.00 Bytes  0.00 bits/sec                  
[ 92]  11.00-12.00  sec  0.00 Bytes  0.00 bits/sec                  
[ 94]  11.00-12.00  sec  0.00 Bytes  0.00 bits/sec                  
[ 96]  11.00-12.00  sec  0.00 Bytes  0.00 bits/sec                  
[ 98]  11.00-12.00  sec  0.00 Bytes  0.00 bits/sec                  
[100]  11.00-12.00  sec  0.00 Bytes  0.00 bits/sec                  
[102]  11.00-12.00  sec  0.00 Bytes  0.00 bits/sec                  
[104]  11.00-12.00  sec  0.00 Bytes  0.00 bits/sec                  
[SUM]  11.00-12.00  sec  0.00 Bytes  0.00 bits/sec                  
- - - - - - - - - - - - - - - - - - - - - - - - -
[  5]  12.00-12.66  sec  0.00 Bytes  0.00 bits/sec                  
[  8]  12.00-12.66  sec  0.00 Bytes  0.00 bits/sec                  
[ 10]  12.00-12.66  sec  0.00 Bytes  0.00 bits/sec                  
[ 12]  12.00-12.66  sec  0.00 Bytes  0.00 bits/sec                  
[ 14]  12.00-12.66  sec  0.00 Bytes  0.00 bits/sec                  
[ 16]  12.00-12.66  sec  0.00 Bytes  0.00 bits/sec                  
[ 18]  12.00-12.66  sec  0.00 Bytes  0.00 bits/sec                  
[ 20]  12.00-12.66  sec  0.00 Bytes  0.00 bits/sec                  
[ 22]  12.00-12.66  sec  0.00 Bytes  0.00 bits/sec                  
[ 24]  12.00-12.66  sec  0.00 Bytes  0.00 bits/sec                  
[ 26]  12.00-12.66  sec  0.00 Bytes  0.00 bits/sec                  
[ 28]  12.00-12.66  sec  0.00 Bytes  0.00 bits/sec                  
[ 30]  12.00-12.66  sec  0.00 Bytes  0.00 bits/sec                  
[ 32]  12.00-12.66  sec  0.00 Bytes  0.00 bits/sec                  
[ 34]  12.00-12.66  sec  0.00 Bytes  0.00 bits/sec                  
[ 36]  12.00-12.66  sec  0.00 Bytes  0.00 bits/sec                  
[ 38]  12.00-12.66  sec  0.00 Bytes  0.00 bits/sec                  
[ 40]  12.00-12.66  sec  0.00 Bytes  0.00 bits/sec                  
[ 42]  12.00-12.66  sec  0.00 Bytes  0.00 bits/sec                  
[ 44]  12.00-12.66  sec  0.00 Bytes  0.00 bits/sec                  
[ 46]  12.00-12.66  sec  0.00 Bytes  0.00 bits/sec                  
[ 48]  12.00-12.66  sec  0.00 Bytes  0.00 bits/sec                  
[ 50]  12.00-12.66  sec  0.00 Bytes  0.00 bits/sec                  
[ 52]  12.00-12.66  sec  0.00 Bytes  0.00 bits/sec                  
[ 54]  12.00-12.66  sec  0.00 Bytes  0.00 bits/sec                  
[ 56]  12.00-12.66  sec  0.00 Bytes  0.00 bits/sec                  
[ 58]  12.00-12.66  sec  0.00 Bytes  0.00 bits/sec                  
[ 60]  12.00-12.66  sec  0.00 Bytes  0.00 bits/sec                  
[ 62]  12.00-12.66  sec  0.00 Bytes  0.00 bits/sec                  
[ 64]  12.00-12.66  sec  0.00 Bytes  0.00 bits/sec                  
[ 66]  12.00-12.66  sec  0.00 Bytes  0.00 bits/sec                  
[ 68]  12.00-12.66  sec  0.00 Bytes  0.00 bits/sec                  
[ 70]  12.00-12.66  sec  0.00 Bytes  0.00 bits/sec                  
[ 72]  12.00-12.66  sec  0.00 Bytes  0.00 bits/sec                  
[ 74]  12.00-12.66  sec  0.00 Bytes  0.00 bits/sec                  
[ 76]  12.00-12.66  sec  0.00 Bytes  0.00 bits/sec                  
[ 78]  12.00-12.66  sec  0.00 Bytes  0.00 bits/sec                  
[ 80]  12.00-12.66  sec  0.00 Bytes  0.00 bits/sec                  
[ 82]  12.00-12.66  sec  0.00 Bytes  0.00 bits/sec                  
[ 84]  12.00-12.66  sec  0.00 Bytes  0.00 bits/sec                  
[ 86]  12.00-12.66  sec  0.00 Bytes  0.00 bits/sec                  
[ 88]  12.00-12.66  sec  0.00 Bytes  0.00 bits/sec                  
[ 90]  12.00-12.66  sec  0.00 Bytes  0.00 bits/sec                  
[ 92]  12.00-12.66  sec  0.00 Bytes  0.00 bits/sec                  
[ 94]  12.00-12.66  sec  0.00 Bytes  0.00 bits/sec                  
[ 96]  12.00-12.66  sec  0.00 Bytes  0.00 bits/sec                  
[ 98]  12.00-12.66  sec  0.00 Bytes  0.00 bits/sec                  
[100]  12.00-12.66  sec  0.00 Bytes  0.00 bits/sec                  
[102]  12.00-12.66  sec  0.00 Bytes  0.00 bits/sec                  
[104]  12.00-12.66  sec  0.00 Bytes  0.00 bits/sec                  
[SUM]  12.00-12.66  sec  0.00 Bytes  0.00 bits/sec                  
- - - - - - - - - - - - - - - - - - - - - - - - -
[ ID] Interval           Transfer     Bitrate
[  5]   0.00-12.66  sec  1.45 MBytes   963 Kbits/sec                  receiver
[  8]   0.00-12.66  sec  1.54 MBytes  1.02 Mbits/sec                  receiver
[ 10]   0.00-12.66  sec  1.65 MBytes  1.10 Mbits/sec                  receiver
[ 12]   0.00-12.66  sec  1.61 MBytes  1.07 Mbits/sec                  receiver
[ 14]   0.00-12.66  sec  1.61 MBytes  1.07 Mbits/sec                  receiver
[ 16]   0.00-12.66  sec  1.49 MBytes   986 Kbits/sec                  receiver
[ 18]   0.00-12.66  sec  1.52 MBytes  1.01 Mbits/sec                  receiver
[ 20]   0.00-12.66  sec  1.40 MBytes   929 Kbits/sec                  receiver
[ 22]   0.00-12.66  sec  1.58 MBytes  1.04 Mbits/sec                  receiver
[ 24]   0.00-12.66  sec  1.38 MBytes   914 Kbits/sec                  receiver
[ 26]   0.00-12.66  sec  1.52 MBytes  1.01 Mbits/sec                  receiver
[ 28]   0.00-12.66  sec  1.53 MBytes  1.01 Mbits/sec                  receiver
[ 30]   0.00-12.66  sec  1.50 MBytes   991 Kbits/sec                  receiver
[ 32]   0.00-12.66  sec  1.57 MBytes  1.04 Mbits/sec                  receiver
[ 34]   0.00-12.66  sec  1.66 MBytes  1.10 Mbits/sec                  receiver
[ 36]   0.00-12.66  sec  1.73 MBytes  1.14 Mbits/sec                  receiver
[ 38]   0.00-12.66  sec  1.72 MBytes  1.14 Mbits/sec                  receiver
[ 40]   0.00-12.66  sec  1.50 MBytes   996 Kbits/sec                  receiver
[ 42]   0.00-12.66  sec  1.67 MBytes  1.11 Mbits/sec                  receiver
[ 44]   0.00-12.66  sec  1.58 MBytes  1.05 Mbits/sec                  receiver
[ 46]   0.00-12.66  sec  1.68 MBytes  1.12 Mbits/sec                  receiver
[ 48]   0.00-12.66  sec  1.48 MBytes   981 Kbits/sec                  receiver
[ 50]   0.00-12.66  sec  1.71 MBytes  1.13 Mbits/sec                  receiver
[ 52]   0.00-12.66  sec  1.61 MBytes  1.07 Mbits/sec                  receiver
[ 54]   0.00-12.66  sec  1.47 MBytes   977 Kbits/sec                  receiver
[ 56]   0.00-12.66  sec  1.60 MBytes  1.06 Mbits/sec                  receiver
[ 58]   0.00-12.66  sec  1.68 MBytes  1.11 Mbits/sec                  receiver
[ 60]   0.00-12.66  sec  1.65 MBytes  1.09 Mbits/sec                  receiver
[ 62]   0.00-12.66  sec  1.51 MBytes   998 Kbits/sec                  receiver
[ 64]  iperf3: interrupt - the server has terminated
 0.00-12.66  sec  1.70 MBytes  1.13 Mbits/sec                  receiver
[ 66]   0.00-12.66  sec  1.57 MBytes  1.04 Mbits/sec                  receiver
[ 68]   0.00-12.66  sec  1.60 MBytes  1.06 Mbits/sec                  receiver
[ 70]   0.00-12.66  sec  1.86 MBytes  1.23 Mbits/sec                  receiver
[ 72]   0.00-12.66  sec  1.58 MBytes  1.04 Mbits/sec                  receiver
[ 74]   0.00-12.66  sec  1.66 MBytes  1.10 Mbits/sec                  receiver
[ 76]   0.00-12.66  sec  1.68 MBytes  1.12 Mbits/sec                  receiver
[ 78]   0.00-12.66  sec  1.60 MBytes  1.06 Mbits/sec                  receiver
[ 80]   0.00-12.66  sec  1.66 MBytes  1.10 Mbits/sec                  receiver
[ 82]   0.00-12.66  sec  1.67 MBytes  1.11 Mbits/sec                  receiver
[ 84]   0.00-12.66  sec  1.44 MBytes   953 Kbits/sec                  receiver
[ 86]   0.00-12.66  sec  1.57 MBytes  1.04 Mbits/sec                  receiver
[ 88]   0.00-12.66  sec  1.55 MBytes  1.03 Mbits/sec                  receiver
[ 90]   0.00-12.66  sec  1.68 MBytes  1.11 Mbits/sec                  receiver
[ 92]   0.00-12.66  sec  1.71 MBytes  1.13 Mbits/sec                  receiver
[ 94]   0.00-12.66  sec  1.76 MBytes  1.17 Mbits/sec                  receiver
[ 96]   0.00-12.66  sec  1.64 MBytes  1.09 Mbits/sec                  receiver
[ 98]   0.00-12.66  sec  1.67 MBytes  1.10 Mbits/sec                  receiver
[100]   0.00-12.66  sec  1.69 MBytes  1.12 Mbits/sec                  receiver
[102]   0.00-12.66  sec  1.68 MBytes  1.11 Mbits/sec                  receiver
[104]   0.00-12.66  sec  1.62 MBytes  1.07 Mbits/sec                  receiver
[SUM]   0.00-12.66  sec  80.2 MBytes  53.1 Mbits/sec                  receiver
