x 0 33000
x 1 33001
x 2 33002
x 3 33003
x 4 33004
x 5 33005
x 6 33006
x 7 33007
x 8 33008
h 2 10.0.0.10
p 2 641796 33002
h 3 10.0.0.10
p 3 547135 33003
h 0 10.0.0.10
p 0 853308 33000
h 1 10.0.0.10
p 1 769244 33001
x 9 33009
h 9 10.0.0.10
p 9 837 33009
x 0 33010
p 0 170 33010
h 4 10.0.0.10
p 4 710742 33004
h 5 10.0.0.10
p 5 773475 33005
h 6 10.0.0.10
p 6 746747 33006
h 7 10.0.0.10
p 7 784802 33007
h 8 10.0.0.10
p 8 1010042 33008
x 0 33011
p 0 207 33011
x 0 33012
p 0 213 33012
x 0 33013
p 0 253 33013
x 0 33014
p 0 251 33014
x 0 33015
p 0 209 33015
x 0 33016
p 0 215 33016
x 0 33017
p 0 243 33017
x 0 33018
p 0 229 33018
x 0 33019
p 0 215 33019
x 0 33020
p 0 212 33020
x 0 33021
p 0 211 33021
x 0 33022
p 0 213 33022
x 0 33023
p 0 224 33023
x 0 33024
p 0 219 33024
x 0 33025
p 0 249 33025
x 0 33026
p 0 255 33026
x 0 33027
p 0 217 33027
x 0 33028
p 0 226 33028
x 0 33029
p 0 250 33029
x 0 33030
p 0 217 33030
x 0 33031
p 0 252 33031
x 0 33032
p 0 220 33032
x 0 33033
p 0 222 33033
x 0 33034
p 0 221 33034
x 0 33035
p 0 219 33035
x 0 33036
p 0 222 33036
x 0 33037
p 0 109 33037
x 0 33038
p 0 221 33038
x 0 33039
p 0 212 33039
x 0 33040
p 0 214 33040
x 0 33041
p 0 217 33041
x 0 33042
p 0 208 33042
x 0 33043
p 0 213 33043
x 0 33044
p 0 211 33044
x 0 33045
p 0 211 33045
x 0 33046
p 0 214 33046
x 0 33047
p 0 212 33047
x 0 33048
p 0 215 33048
x 0 33049
p 0 219 33049
x 0 33050
p 0 214 33050
x 0 33051
p 0 214 33051
x 0 33052
p 0 215 33052
x 0 33053
p 0 272 33053
x 0 33054
p 0 260 33054
x 0 33055
p 0 219 33055
x 0 33056
p 0 220 33056
x 0 33057
p 0 217 33057
x 0 33058
p 0 220 33058
x 0 33059
p 0 251 33059
x 0 33060
p 0 215 33060
x 0 33061
p 0 219 33061
x 0 33062
p 0 220 33062
x 0 33063
p 0 249 33063
x 0 33064
p 0 219 33064
x 0 33065
p 0 228 33065
x 0 33066
p 0 223 33066
x 0 33067
p 0 215 33067
x 0 33068
p 0 225 33068
x 0 33000
x 1 33001
h 0 10.0.0.10
p 0 122205 33000
x 2 33002
h 2 10.0.0.10
p 2 1137 33002
x 0 33003
p 0 119 33003
h 1 10.0.0.10
p 1 1015450 33001
x 0 33004
p 0 173 33004
x 0 33005
p 0 253 33005
x 0 33006
p 0 236 33006
x 0 33007
p 0 235 33007
x 0 33008
p 0 276 33008
x 0 33009
p 0 236 33009
x 0 33010
p 0 233 33010
x 0 33011
p 0 242 33011
x 0 33012
p 0 307 33012
x 0 33013
p 0 232 33013
x 0 33014
p 0 128 33014
x 0 33015
p 0 150 33015
x 0 33016
p 0 231 33016
x 0 33017
p 0 241 33017
x 0 33018
p 0 245 33018
x 0 33019
p 0 162 33019
x 0 33020
p 0 232 33020
x 0 33021
p 0 247 33021
x 0 33022
p 0 223 33022
x 0 33023
p 0 264 33023
x 0 33024
p 0 222 33024
x 0 33025
p 0 214 33025
x 0 33026
p 0 244 33026
x 0 33027
p 0 231 33027
x 0 33028
p 0 345 33028
x 0 33029
p 0 371 33029
x 0 33030
p 0 220 33030
x 0 33031
p 0 265 33031
x 0 33032
p 0 226 33032
x 0 33033
p 0 249 33033
x 0 33034
p 0 224 33034
x 0 33035
p 0 255 33035
x 0 33036
p 0 234 33036
x 0 33037
p 0 226 33037
x 0 33038
p 0 228 33038
x 0 33039
p 0 292 33039
x 0 33040
p 0 218 33040
x 0 33041
p 0 227 33041
x 0 33042
p 0 222 33042
x 0 33043
p 0 268 33043
x 0 33044
p 0 223 33044
x 0 33045
p 0 222 33045
x 0 33046
p 0 219 33046
x 0 33047
p 0 229 33047
x 0 33048
p 0 231 33048
x 0 33049
p 0 221 33049
x 0 33050
p 0 221 33050
x 0 33051
p 0 232 33051
x 0 33052
p 0 225 33052
x 0 33053
p 0 256 33053
x 0 33054
p 0 222 33054
x 0 33055
p 0 216 33055
x 0 33056
p 0 221 33056
x 0 33057
p 0 210 33057
x 0 33058
p 0 305 33058
x 0 33059
p 0 216 33059
x 0 33060
p 0 249 33060
x 0 33061
p 0 226 33061
x 0 33000
h 0 10.0.0.10
p 0 50769 33000
x 1 33001
h 1 10.0.0.10
p 1 695 33001
x 0 33002
p 0 332 33002
x 0 33003
p 0 209 33003
x 0 33004
p 0 213 33004
x 0 33005
p 0 211 33005
x 0 33006
p 0 217 33006
x 0 33007
p 0 246 33007
x 0 33008
p 0 240 33008
x 0 33009
p 0 216 33009
x 0 33010
p 0 252 33010
x 0 33011
p 0 216 33011
x 0 33012
p 0 215 33012
x 0 33013
p 0 211 33013
x 0 33014
p 0 210 33014
x 0 33015
p 0 212 33015
x 0 33016
p 0 216 33016
x 0 33017
p 0 251 33017
x 0 33018
p 0 216 33018
x 0 33019
p 0 212 33019
x 0 33020
p 0 208 33020
x 0 33021
p 0 222 33021
x 0 33022
p 0 220 33022
x 0 33023
p 0 209 33023
x 0 33024
p 0 248 33024
x 0 33025
p 0 215 33025
x 0 33026
p 0 199 33026
x 0 33027
p 0 218 33027
x 0 33028
p 0 211 33028
x 0 33029
p 0 209 33029
x 0 33030
p 0 213 33030
x 0 33031
p 0 273 33031
x 0 33032
p 0 219 33032
x 0 33033
p 0 218 33033
x 0 33034
p 0 209 33034
x 0 33035
p 0 211 33035
x 0 33036
p 0 214 33036
x 0 33037
p 0 216 33037
x 0 33038
p 0 287 33038
x 0 33039
p 0 215 33039
x 0 33040
p 0 215 33040
x 0 33041
p 0 212 33041
x 0 33042
p 0 213 33042
x 0 33043
p 0 213 33043
x 0 33044
p 0 247 33044
x 0 33045
p 0 307 33045
x 0 33046
p 0 214 33046
x 0 33047
p 0 215 33047
x 0 33048
p 0 210 33048
x 0 33049
p 0 213 33049
x 0 33050
p 0 214 33050
x 0 33051
p 0 213 33051
x 0 33052
p 0 299 33052
x 0 33053
p 0 211 33053
x 0 33054
p 0 209 33054
x 0 33055
p 0 211 33055
x 0 33056
p 0 211 33056
x 0 33057
p 0 246 33057
x 0 33058
p 0 220 33058
x 0 33059
p 0 220 33059
x 0 33060
p 0 213 33060
x 0 33000
h 0 10.0.0.10
p 0 77414 33000
x 1 33001
h 1 10.0.0.10
p 1 1194 33001
x 0 33002
p 0 352 33002
x 0 33003
p 0 232 33003
x 0 33004
p 0 217 33004
x 0 33005
p 0 217 33005
x 0 33006
p 0 214 33006
x 0 33007
p 0 300 33007
x 0 33008
p 0 214 33008
x 0 33009
p 0 203 33009
x 0 33010
p 0 209 33010
x 0 33011
p 0 209 33011
x 0 33012
p 0 208 33012
x 0 33013
p 0 214 33013
x 0 33014
p 0 281 33014
x 0 33015
p 0 210 33015
x 0 33016
p 0 213 33016
x 0 33017
p 0 213 33017
x 0 33018
p 0 213 33018
x 0 33019
p 0 216 33019
x 0 33020
p 0 211 33020
x 0 33021
p 0 212 33021
x 0 33022
p 0 106 33022
x 0 33023
p 0 213 33023
x 0 33024
p 0 219 33024
x 0 33025
p 0 249 33025
x 0 33026
p 0 206 33026
x 0 33027
p 0 157 33027
x 0 33028
p 0 209 33028
x 0 33029
p 0 220 33029
x 0 33030
p 0 231 33030
x 0 33031
p 0 213 33031
x 0 33032
p 0 154 33032
x 0 33033
p 0 215 33033
x 0 33034
p 0 221 33034
x 0 33035
p 0 213 33035
x 0 33036
p 0 212 33036
x 0 33037
p 0 210 33037
x 0 33038
p 0 256 33038
x 0 33039
p 0 235 33039
x 0 33040
p 0 207 33040
x 0 33041
p 0 223 33041
x 0 33042
p 0 224 33042
x 0 33043
p 0 210 33043
x 0 33044
p 0 211 33044
x 0 33045
p 0 211 33045
x 0 33046
p 0 210 33046
x 0 33047
p 0 218 33047
x 0 33048
p 0 213 33048
x 0 33049
p 0 210 33049
x 0 33050
p 0 223 33050
x 0 33051
p 0 212 33051
x 0 33052
p 0 218 33052
x 0 33053
p 0 212 33053
x 0 33054
p 0 217 33054
x 0 33055
p 0 206 33055
x 0 33056
p 0 208 33056
x 0 33057
p 0 218 33057
x 0 33058
p 0 211 33058
x 0 33059
p 0 211 33059
x 0 33060
p 0 208 33060
x 0 33000
h 0 10.0.0.10
p 0 64793 33000
x 1 33001
h 1 10.0.0.10
p 1 746 33001
x 0 33002
p 0 134 33002
x 0 33003
p 0 260 33003
x 0 33004
p 0 210 33004
x 0 33005
p 0 212 33005
x 0 33006
p 0 295 33006
x 0 33007
p 0 208 33007
x 0 33008
p 0 241 33008
x 0 33009
p 0 207 33009
x 0 33010
p 0 208 33010
x 0 33011
p 0 209 33011
x 0 33012
p 0 208 33012
x 0 33013
p 0 209 33013
x 0 33014
p 0 212 33014
x 0 33015
p 0 243 33015
x 0 33016
p 0 211 33016
x 0 33017
p 0 208 33017
x 0 33018
p 0 210 33018
x 0 33019
p 0 209 33019
x 0 33020
p 0 209 33020
x 0 33021
p 0 211 33021
x 0 33022
p 0 242 33022
x 0 33023
p 0 210 33023
x 0 33024
p 0 213 33024
x 0 33025
p 0 211 33025
x 0 33026
p 0 215 33026
x 0 33027
p 0 212 33027
x 0 33028
p 0 210 33028
x 0 33029
p 0 213 33029
x 0 33030
p 0 212 33030
x 0 33031
p 0 216 33031
x 0 33032
p 0 212 33032
x 0 33033
p 0 212 33033
x 0 33034
p 0 209 33034
x 0 33035
p 0 211 33035
x 0 33036
p 0 211 33036
x 0 33037
p 0 210 33037
x 0 33038
p 0 209 33038
x 0 33039
p 0 229 33039
x 0 33040
p 0 234 33040
x 0 33041
p 0 211 33041
x 0 33042
p 0 122 33042
x 0 33043
p 0 211 33043
x 0 33044
p 0 209 33044
x 0 33045
p 0 211 33045
x 0 33046
p 0 212 33046
x 0 33047
p 0 246 33047
x 0 33048
p 0 209 33048
x 0 33049
p 0 275 33049
x 0 33050
p 0 208 33050
x 0 33051
p 0 207 33051
x 0 33052
p 0 211 33052
x 0 33053
p 0 277 33053
x 0 33054
p 0 206 33054
x 0 33055
p 0 205 33055
x 0 33056
p 0 222 33056
x 0 33057
p 0 208 33057
x 0 33058
p 0 210 33058
x 0 33059
p 0 209 33059
x 0 33060
p 0 256 33060
x 0 33000
h 0 10.0.0.10
p 0 70634 33000
x 1 33001
h 1 10.0.0.10
p 1 1064 33001
x 0 33002
p 0 266 33002
x 0 33003
p 0 211 33003
x 0 33004
p 0 216 33004
x 0 33005
p 0 215 33005
x 0 33006
p 0 212 33006
x 0 33007
p 0 212 33007
x 0 33008
p 0 208 33008
x 0 33009
p 0 205 33009
x 0 33010
p 0 136 33010
x 0 33011
p 0 205 33011
x 0 33012
p 0 206 33012
x 0 33013
p 0 172 33013
x 0 33014
p 0 206 33014
x 0 33015
p 0 211 33015
x 0 33016
p 0 207 33016
x 0 33017
p 0 207 33017
x 0 33018
p 0 203 33018
x 0 33019
p 0 203 33019
x 0 33020
p 0 211 33020
x 0 33021
p 0 205 33021
x 0 33022
p 0 204 33022
x 0 33023
p 0 204 33023
x 0 33024
p 0 203 33024
x 0 33025
p 0 207 33025
x 0 33026
p 0 204 33026
x 0 33027
p 0 207 33027
x 0 33028
p 0 204 33028
x 0 33029
p 0 205 33029
x 0 33030
p 0 208 33030
x 0 33031
p 0 204 33031
x 0 33032
p 0 207 33032
x 0 33033
p 0 206 33033
x 0 33034
p 0 202 33034
x 0 33035
p 0 206 33035
x 0 33036
p 0 203 33036
x 0 33037
p 0 204 33037
x 0 33038
p 0 203 33038
x 0 33039
p 0 206 33039
x 0 33040
p 0 209 33040
x 0 33041
p 0 207 33041
x 0 33042
p 0 205 33042
x 0 33043
p 0 206 33043
x 0 33044
p 0 235 33044
x 0 33045
p 0 208 33045
x 0 33046
p 0 210 33046
x 0 33047
p 0 212 33047
x 0 33048
p 0 208 33048
x 0 33049
p 0 208 33049
x 0 33050
p 0 208 33050
x 0 33051
p 0 207 33051
x 0 33052
p 0 211 33052
x 0 33053
p 0 209 33053
x 0 33054
p 0 208 33054
x 0 33055
p 0 204 33055
x 0 33056
p 0 204 33056
x 0 33057
p 0 207 33057
x 0 33058
p 0 203 33058
x 0 33059
p 0 204 33059
x 0 33060
p 0 209 33060
x 0 33000
x 1 33001
h 1 10.0.0.10
p 1 1665 33001
h 0 10.0.0.10
p 0 110307 33000
x 2 33002
h 2 10.0.0.10
p 2 820 33002
x 0 33003
p 0 316 33003
x 0 33004
p 0 231 33004
x 0 33005
p 0 234 33005
x 0 33006
p 0 239 33006
x 0 33007
p 0 226 33007
x 0 33008
p 0 275 33008
x 0 33009
p 0 232 33009
x 0 33010
p 0 248 33010
x 0 33011
p 0 258 33011
x 0 33012
p 0 219 33012
x 0 33013
p 0 229 33013
x 0 33014
p 0 219 33014
x 0 33015
p 0 229 33015
x 0 33016
p 0 228 33016
x 0 33017
p 0 224 33017
x 0 33018
p 0 262 33018
x 0 33019
p 0 226 33019
x 0 33020
p 0 233 33020
x 0 33021
p 0 235 33021
x 0 33022
p 0 225 33022
x 0 33023
p 0 225 33023
x 0 33024
p 0 267 33024
x 0 33025
p 0 288 33025
x 0 33026
p 0 224 33026
x 0 33027
p 0 223 33027
x 0 33028
p 0 223 33028
x 0 33029
p 0 220 33029
x 0 33030
p 0 223 33030
x 0 33031
p 0 224 33031
x 0 33032
p 0 267 33032
x 0 33033
p 0 228 33033
x 0 33034
p 0 122 33034
x 0 33035
p 0 225 33035
x 0 33036
p 0 221 33036
x 0 33037
p 0 220 33037
x 0 33038
p 0 234 33038
x 0 33039
p 0 165 33039
x 0 33040
p 0 208 33040
x 0 33041
p 0 209 33041
x 0 33042
p 0 208 33042
x 0 33043
p 0 212 33043
x 0 33044
p 0 217 33044
x 0 33045
p 0 232 33045
x 0 33046
p 0 214 33046
x 0 33047
p 0 215 33047
x 0 33048
p 0 221 33048
x 0 33049
p 0 215 33049
x 0 33050
p 0 214 33050
x 0 33051
p 0 210 33051
x 0 33052
p 0 261 33052
x 0 33053
p 0 217 33053
x 0 33054
p 0 216 33054
x 0 33055
p 0 220 33055
x 0 33056
p 0 208 33056
x 0 33057
p 0 209 33057
x 0 33058
p 0 213 33058
x 0 33059
p 0 209 33059
x 0 33060
p 0 209 33060
x 0 33061
p 0 209 33061
x 0 33000
h 0 10.0.0.10
p 0 51210 33000
x 1 33001
h 1 10.0.0.10
p 1 706 33001
x 0 33002
p 0 218 33002
x 0 33003
p 0 209 33003
x 0 33004
p 0 214 33004
x 0 33005
p 0 211 33005
x 0 33006
p 0 215 33006
x 0 33007
p 0 222 33007
x 0 33008
p 0 230 33008
x 0 33009
p 0 235 33009
x 0 33010
p 0 208 33010
x 0 33011
p 0 208 33011
x 0 33012
p 0 212 33012
x 0 33013
p 0 210 33013
x 0 33014
p 0 291 33014
x 0 33015
p 0 208 33015
x 0 33016
p 0 208 33016
x 0 33017
p 0 232 33017
x 0 33018
p 0 206 33018
x 0 33019
p 0 206 33019
x 0 33020
p 0 204 33020
x 0 33021
p 0 206 33021
x 0 33022
p 0 207 33022
x 0 33023
p 0 223 33023
x 0 33024
p 0 205 33024
x 0 33025
p 0 205 33025
x 0 33026
p 0 207 33026
x 0 33027
p 0 210 33027
x 0 33028
p 0 232 33028
x 0 33029
p 0 210 33029
x 0 33030
p 0 210 33030
x 0 33031
p 0 209 33031
x 0 33032
p 0 269 33032
x 0 33033
p 0 211 33033
x 0 33034
p 0 209 33034
x 0 33035
p 0 215 33035
x 0 33036
p 0 213 33036
x 0 33037
p 0 213 33037
x 0 33038
p 0 214 33038
x 0 33039
p 0 206 33039
x 0 33040
p 0 206 33040
x 0 33041
p 0 207 33041
x 0 33042
p 0 207 33042
x 0 33043
p 0 207 33043
x 0 33044
p 0 234 33044
x 0 33045
p 0 209 33045
x 0 33046
p 0 208 33046
x 0 33047
p 0 208 33047
x 0 33048
p 0 206 33048
x 0 33049
p 0 206 33049
x 0 33050
p 0 206 33050
x 0 33051
p 0 213 33051
x 0 33052
p 0 236 33052
x 0 33053
p 0 207 33053
x 0 33054
p 0 205 33054
x 0 33055
p 0 207 33055
x 0 33056
p 0 206 33056
x 0 33057
p 0 206 33057
x 0 33058
p 0 208 33058
x 0 33059
p 0 204 33059
x 0 33060
p 0 206 33060
x 0 33000
x 1 33001
h 0 10.0.0.10
p 0 126560 33000
x 2 33002
h 2 10.0.0.10
p 2 1057 33002
x 0 33003
p 0 230 33003
h 1 10.0.0.10
p 1 1021109 33001
x 0 33004
p 0 213 33004
x 0 33005
p 0 219 33005
x 0 33006
p 0 284 33006
x 0 33007
p 0 233 33007
x 0 33008
p 0 211 33008
x 0 33009
p 0 225 33009
x 0 33010
p 0 236 33010
x 0 33011
p 0 223 33011
x 0 33012
p 0 221 33012
x 0 33013
p 0 293 33013
x 0 33014
p 0 225 33014
x 0 33015
p 0 282 33015
x 0 33016
p 0 234 33016
x 0 33017
p 0 217 33017
x 0 33018
p 0 217 33018
x 0 33019
p 0 217 33019
x 0 33020
p 0 287 33020
x 0 33021
p 0 219 33021
x 0 33022
p 0 220 33022
x 0 33023
p 0 234 33023
x 0 33024
p 0 217 33024
x 0 33025
p 0 219 33025
x 0 33026
p 0 237 33026
x 0 33027
p 0 296 33027
x 0 33028
p 0 231 33028
x 0 33029
p 0 258 33029
x 0 33030
p 0 224 33030
x 0 33031
p 0 221 33031
x 0 33032
p 0 237 33032
x 0 33033
p 0 239 33033
x 0 33034
p 0 297 33034
x 0 33035
p 0 229 33035
x 0 33036
p 0 224 33036
x 0 33037
p 0 317 33037
x 0 33038
p 0 225 33038
x 0 33039
p 0 225 33039
x 0 33040
p 0 221 33040
x 0 33041
p 0 272 33041
x 0 33042
p 0 228 33042
x 0 33043
p 0 238 33043
x 0 33044
p 0 234 33044
x 0 33045
p 0 222 33045
x 0 33046
p 0 221 33046
x 0 33047
p 0 231 33047
x 0 33048
p 0 253 33048
x 0 33049
p 0 220 33049
x 0 33050
p 0 217 33050
x 0 33051
p 0 222 33051
x 0 33052
p 0 218 33052
x 0 33053
p 0 232 33053
x 0 33054
p 0 229 33054
x 0 33055
p 0 260 33055
x 0 33056
p 0 223 33056
x 0 33057
p 0 832 33057
x 0 33058
p 0 273 33058
x 0 33059
p 0 221 33059
x 0 33060
p 0 220 33060
x 0 33061
p 0 257 33061
x 0 33000
h 0 10.0.0.10
p 0 49717 33000
x 1 33001
h 1 10.0.0.10
p 1 1027 33001
x 0 33002
p 0 251 33002
x 0 33003
p 0 240 33003
x 0 33004
p 0 213 33004
x 0 33005
p 0 242 33005
x 0 33006
p 0 213 33006
x 0 33007
p 0 180 33007
x 0 33008
p 0 236 33008
x 0 33009
p 0 209 33009
x 0 33010
p 0 245 33010
x 0 33011
p 0 208 33011
x 0 33012
p 0 214 33012
x 0 33013
p 0 208 33013
x 0 33014
p 0 208 33014
x 0 33015
p 0 210 33015
x 0 33016
p 0 208 33016
x 0 33017
p 0 243 33017
x 0 33018
p 0 208 33018
x 0 33019
p 0 204 33019
x 0 33020
p 0 211 33020
x 0 33021
p 0 208 33021
x 0 33022
p 0 208 33022
x 0 33023
p 0 208 33023
x 0 33024
p 0 207 33024
x 0 33025
p 0 208 33025
x 0 33026
p 0 235 33026
x 0 33027
p 0 209 33027
x 0 33028
p 0 206 33028
x 0 33029
p 0 208 33029
x 0 33030
p 0 209 33030
x 0 33031
p 0 208 33031
x 0 33032
p 0 211 33032
x 0 33033
p 0 209 33033
x 0 33034
p 0 208 33034
x 0 33035
p 0 208 33035
x 0 33036
p 0 211 33036
x 0 33037
p 0 208 33037
x 0 33038
p 0 207 33038
x 0 33039
p 0 211 33039
x 0 33040
p 0 212 33040
x 0 33041
p 0 209 33041
x 0 33042
p 0 213 33042
x 0 33043
p 0 207 33043
x 0 33044
p 0 208 33044
x 0 33045
p 0 209 33045
x 0 33046
p 0 207 33046
x 0 33047
p 0 210 33047
x 0 33048
p 0 209 33048
x 0 33049
p 0 244 33049
x 0 33050
p 0 211 33050
x 0 33051
p 0 213 33051
x 0 33052
p 0 211 33052
x 0 33053
p 0 213 33053
x 0 33054
p 0 209 33054
x 0 33055
p 0 208 33055
x 0 33056
p 0 212 33056
x 0 33057
p 0 206 33057
x 0 33058
p 0 210 33058
x 0 33059
p 0 206 33059
x 0 33060
p 0 175 33060
x 0 33000
h 0 10.0.0.10
p 0 50384 33000
x 1 33001
h 1 10.0.0.10
p 1 776 33001
x 0 33002
p 0 230 33002
x 0 33003
p 0 210 33003
x 0 33004
p 0 284 33004
x 0 33005
p 0 215 33005
x 0 33006
p 0 209 33006
x 0 33007
p 0 218 33007
x 0 33008
p 0 212 33008
x 0 33009
p 0 227 33009
x 0 33010
p 0 218 33010
x 0 33011
p 0 210 33011
x 0 33012
p 0 210 33012
x 0 33013
p 0 212 33013
x 0 33014
p 0 210 33014
x 0 33015
p 0 229 33015
x 0 33016
p 0 212 33016
x 0 33017
p 0 209 33017
x 0 33018
p 0 207 33018
x 0 33019
p 0 211 33019
x 0 33020
p 0 209 33020
x 0 33021
p 0 209 33021
x 0 33022
p 0 250 33022
x 0 33023
p 0 239 33023
x 0 33024
p 0 207 33024
x 0 33025
p 0 211 33025
x 0 33026
p 0 210 33026
x 0 33027
p 0 273 33027
x 0 33028
p 0 210 33028
x 0 33029
p 0 265 33029
x 0 33030
p 0 241 33030
x 0 33031
p 0 208 33031
x 0 33032
p 0 210 33032
x 0 33033
p 0 208 33033
x 0 33034
p 0 205 33034
x 0 33035
p 0 213 33035
x 0 33036
p 0 210 33036
x 0 33037
p 0 215 33037
x 0 33038
p 0 212 33038
x 0 33039
p 0 258 33039
x 0 33040
p 0 211 33040
x 0 33041
p 0 209 33041
x 0 33042
p 0 211 33042
x 0 33043
p 0 209 33043
x 0 33044
p 0 222 33044
x 0 33045
p 0 216 33045
x 0 33046
p 0 240 33046
x 0 33047
p 0 212 33047
x 0 33048
p 0 206 33048
x 0 33049
p 0 243 33049
x 0 33050
p 0 221 33050
x 0 33051
p 0 212 33051
x 0 33052
p 0 190 33052
x 0 33053
p 0 213 33053
x 0 33054
p 0 210 33054
x 0 33055
p 0 256 33055
x 0 33056
p 0 241 33056
x 0 33057
p 0 211 33057
x 0 33058
p 0 208 33058
x 0 33059
p 0 208 33059
x 0 33060
p 0 316 33060
x 0 33000
h 0 10.0.0.10
p 0 61085 33000
x 1 33001
h 1 10.0.0.10
p 1 1156 33001
x 0 33002
p 0 227 33002
x 0 33003
p 0 214 33003
x 0 33004
p 0 215 33004
x 0 33005
p 0 210 33005
x 0 33006
p 0 214 33006
x 0 33007
p 0 236 33007
x 0 33008
p 0 158 33008
x 0 33009
p 0 215 33009
x 0 33010
p 0 259 33010
x 0 33011
p 0 213 33011
x 0 33012
p 0 214 33012
x 0 33013
p 0 217 33013
x 0 33014
p 0 213 33014
x 0 33015
p 0 208 33015
x 0 33016
p 0 218 33016
x 0 33017
p 0 256 33017
x 0 33018
p 0 222 33018
x 0 33019
p 0 211 33019
x 0 33020
p 0 210 33020
x 0 33021
p 0 211 33021
x 0 33022
p 0 209 33022
x 0 33023
p 0 260 33023
x 0 33024
p 0 250 33024
x 0 33025
p 0 211 33025
x 0 33026
p 0 210 33026
x 0 33027
p 0 191 33027
x 0 33028
p 0 231 33028
x 0 33029
p 0 251 33029
x 0 33030
p 0 229 33030
x 0 33031
p 0 227 33031
x 0 33032
p 0 236 33032
x 0 33033
p 0 286 33033
x 0 33034
p 0 226 33034
x 0 33035
p 0 227 33035
x 0 33036
p 0 259 33036
x 0 33037
p 0 226 33037
x 0 33038
p 0 222 33038
x 0 33039
p 0 217 33039
x 0 33040
p 0 211 33040
x 0 33041
p 0 212 33041
x 0 33042
p 0 228 33042
x 0 33043
p 0 247 33043
x 0 33044
p 0 213 33044
x 0 33045
p 0 213 33045
x 0 33046
p 0 212 33046
x 0 33047
p 0 215 33047
x 0 33048
p 0 222 33048
x 0 33049
p 0 214 33049
x 0 33050
p 0 248 33050
x 0 33051
p 0 213 33051
x 0 33052
p 0 177 33052
x 0 33053
p 0 213 33053
x 0 33054
p 0 217 33054
x 0 33055
p 0 211 33055
x 0 33056
p 0 210 33056
x 0 33057
p 0 218 33057
x 0 33058
p 0 219 33058
x 0 33059
p 0 214 33059
x 0 33060
p 0 209 33060
x 0 33000
x 1 33001
x 2 33002
h 0 10.0.0.10
p 0 216837 33000
x 3 33003
h 3 10.0.0.10
p 3 1127 33003
x 0 33004
p 0 167 33004
h 1 10.0.0.10
p 1 565239 33001
h 2 10.0.0.10
p 2 1011812 33002
x 0 33005
p 0 212 33005
x 0 33006
p 0 251 33006
x 0 33007
p 0 214 33007
x 0 33008
p 0 217 33008
x 0 33009
p 0 223 33009
x 0 33010
p 0 273 33010
x 0 33011
p 0 219 33011
x 0 33012
p 0 216 33012
x 0 33013
p 0 220 33013
x 0 33014
p 0 231 33014
x 0 33015
p 0 228 33015
x 0 33016
p 0 217 33016
x 0 33017
p 0 220 33017
x 0 33018
p 0 219 33018
x 0 33019
p 0 231 33019
x 0 33020
p 0 222 33020
x 0 33021
p 0 219 33021
x 0 33022
p 0 220 33022
x 0 33023
p 0 219 33023
x 0 33024
p 0 218 33024
x 0 33025
p 0 222 33025
x 0 33026
p 0 217 33026
x 0 33027
p 0 217 33027
x 0 33028
p 0 307 33028
x 0 33029
p 0 226 33029
x 0 33030
p 0 225 33030
x 0 33031
p 0 224 33031
x 0 33032
p 0 309 33032
x 0 33033
p 0 223 33033
x 0 33034
p 0 232 33034
x 0 33035
p 0 252 33035
x 0 33036
p 0 241 33036
x 0 33037
p 0 221 33037
x 0 33038
p 0 224 33038
x 0 33039
p 0 229 33039
x 0 33040
p 0 227 33040
x 0 33041
p 0 217 33041
x 0 33042
p 0 217 33042
x 0 33043
p 0 237 33043
x 0 33044
p 0 217 33044
x 0 33045
p 0 224 33045
x 0 33046
p 0 214 33046
x 0 33047
p 0 219 33047
x 0 33048
p 0 253 33048
x 0 33049
p 0 255 33049
x 0 33050
p 0 227 33050
x 0 33051
p 0 219 33051
x 0 33052
p 0 222 33052
x 0 33053
p 0 220 33053
x 0 33054
p 0 221 33054
x 0 33055
p 0 263 33055
x 0 33056
p 0 218 33056
x 0 33057
p 0 264 33057
x 0 33058
p 0 216 33058
x 0 33059
p 0 226 33059
x 0 33060
p 0 218 33060
x 0 33061
p 0 220 33061
x 0 33062
p 0 215 33062
x 0 33000
x 1 33001
h 0 10.0.0.10
p 0 188678 33000
x 2 33002
h 2 10.0.0.10
p 2 983 33002
x 0 33003
p 0 288 33003
h 1 10.0.0.10
p 1 544668 33001
x 0 33004
p 0 231 33004
x 0 33005
p 0 249 33005
x 0 33006
p 0 218 33006
x 0 33007
p 0 211 33007
x 0 33008
p 0 222 33008
x 0 33009
p 0 207 33009
x 0 33010
p 0 207 33010
x 0 33011
p 0 206 33011
x 0 33012
p 0 321 33012
x 0 33013
p 0 208 33013
x 0 33014
p 0 209 33014
x 0 33015
p 0 207 33015
x 0 33016
p 0 211 33016
x 0 33017
p 0 209 33017
x 0 33018
p 0 208 33018
x 0 33019
p 0 241 33019
x 0 33020
p 0 210 33020
x 0 33021
p 0 208 33021
x 0 33022
p 0 234 33022
x 0 33023
p 0 204 33023
x 0 33024
p 0 204 33024
x 0 33025
p 0 207 33025
x 0 33026
p 0 205 33026
x 0 33027
p 0 262 33027
x 0 33028
p 0 204 33028
x 0 33029
p 0 211 33029
x 0 33030
p 0 208 33030
x 0 33031
p 0 213 33031
x 0 33032
p 0 210 33032
x 0 33033
p 0 212 33033
x 0 33034
p 0 210 33034
x 0 33035
p 0 213 33035
x 0 33036
p 0 212 33036
x 0 33037
p 0 209 33037
x 0 33038
p 0 208 33038
x 0 33039
p 0 213 33039
x 0 33040
p 0 205 33040
x 0 33041
p 0 205 33041
x 0 33042
p 0 204 33042
x 0 33043
p 0 205 33043
x 0 33044
p 0 207 33044
x 0 33045
p 0 207 33045
x 0 33046
p 0 211 33046
x 0 33047
p 0 307 33047
x 0 33048
p 0 211 33048
x 0 33049
p 0 215 33049
x 0 33050
p 0 208 33050
x 0 33051
p 0 281 33051
x 0 33052
p 0 208 33052
x 0 33053
p 0 209 33053
x 0 33054
p 0 212 33054
x 0 33055
p 0 208 33055
x 0 33056
p 0 209 33056
x 0 33057
p 0 224 33057
x 0 33058
p 0 206 33058
x 0 33059
p 0 207 33059
x 0 33060
p 0 209 33060
x 0 33061
p 0 205 33061
x 0 33000
h 0 10.0.0.10
p 0 64453 33000
x 1 33001
h 1 10.0.0.10
p 1 738 33001
x 0 33002
p 0 218 33002
x 0 33003
p 0 172 33003
x 0 33004
p 0 208 33004
x 0 33005
p 0 208 33005
x 0 33006
p 0 221 33006
x 0 33007
p 0 271 33007
x 0 33008
p 0 218 33008
x 0 33009
p 0 214 33009
x 0 33010
p 0 216 33010
x 0 33011
p 0 213 33011
x 0 33012
p 0 216 33012
x 0 33013
p 0 218 33013
x 0 33014
p 0 257 33014
x 0 33015
p 0 216 33015
x 0 33016
p 0 216 33016
x 0 33017
p 0 215 33017
x 0 33018
p 0 216 33018
x 0 33019
p 0 213 33019
x 0 33020
p 0 218 33020
x 0 33021
p 0 263 33021
x 0 33022
p 0 213 33022
x 0 33023
p 0 218 33023
x 0 33024
p 0 216 33024
x 0 33025
p 0 216 33025
x 0 33026
p 0 214 33026
x 0 33027
p 0 216 33027
x 0 33028
p 0 267 33028
x 0 33029
p 0 222 33029
x 0 33030
p 0 221 33030
x 0 33031
p 0 217 33031
x 0 33032
p 0 223 33032
x 0 33033
p 0 226 33033
x 0 33034
p 0 225 33034
x 0 33035
p 0 227 33035
x 0 33036
p 0 225 33036
x 0 33037
p 0 224 33037
x 0 33038
p 0 219 33038
x 0 33039
p 0 216 33039
x 0 33040
p 0 217 33040
x 0 33041
p 0 236 33041
x 0 33042
p 0 212 33042
x 0 33043
p 0 219 33043
x 0 33044
p 0 212 33044
x 0 33045
p 0 214 33045
x 0 33046
p 0 211 33046
x 0 33047
p 0 212 33047
x 0 33048
p 0 248 33048
x 0 33049
p 0 215 33049
x 0 33050
p 0 213 33050
x 0 33051
p 0 211 33051
x 0 33052
p 0 216 33052
x 0 33053
p 0 213 33053
x 0 33054
p 0 214 33054
x 0 33055
p 0 246 33055
x 0 33056
p 0 214 33056
x 0 33057
p 0 338 33057
x 0 33058
p 0 217 33058
x 0 33059
p 0 217 33059
x 0 33060
p 0 212 33060
x 0 33000
h 0 10.0.0.10
p 0 61883 33000
x 1 33001
h 1 10.0.0.10
p 1 1004 33001
x 0 33002
p 0 226 33002
x 0 33003
p 0 220 33003
x 0 33004
p 0 212 33004
x 0 33005
p 0 216 33005
x 0 33006
p 0 212 33006
x 0 33007
p 0 222 33007
x 0 33008
p 0 268 33008
x 0 33009
p 0 210 33009
x 0 33010
p 0 210 33010
x 0 33011
p 0 208 33011
x 0 33012
p 0 209 33012
x 0 33013
p 0 212 33013
x 0 33014
p 0 240 33014
x 0 33015
p 0 209 33015
x 0 33016
p 0 209 33016
x 0 33017
p 0 213 33017
x 0 33018
p 0 206 33018
x 0 33019
p 0 208 33019
x 0 33020
p 0 208 33020
x 0 33021
p 0 245 33021
x 0 33022
p 0 207 33022
x 0 33023
p 0 213 33023
x 0 33024
p 0 211 33024
x 0 33025
p 0 211 33025
x 0 33026
p 0 250 33026
x 0 33027
p 0 210 33027
x 0 33028
p 0 243 33028
x 0 33029
p 0 208 33029
x 0 33030
p 0 272 33030
x 0 33031
p 0 211 33031
x 0 33032
p 0 213 33032
x 0 33033
p 0 213 33033
x 0 33034
p 0 211 33034
x 0 33035
p 0 237 33035
x 0 33036
p 0 214 33036
x 0 33037
p 0 209 33037
x 0 33038
p 0 209 33038
x 0 33039
p 0 205 33039
x 0 33040
p 0 209 33040
x 0 33041
p 0 213 33041
x 0 33042
p 0 210 33042
x 0 33043
p 0 213 33043
x 0 33044
p 0 210 33044
x 0 33045
p 0 209 33045
x 0 33046
p 0 208 33046
x 0 33047
p 0 211 33047
x 0 33048
p 0 209 33048
x 0 33049
p 0 209 33049
x 0 33050
p 0 209 33050
x 0 33051
p 0 208 33051
x 0 33052
p 0 209 33052
x 0 33053
p 0 207 33053
x 0 33054
p 0 211 33054
x 0 33055
p 0 209 33055
x 0 33056
p 0 209 33056
x 0 33057
p 0 261 33057
x 0 33058
p 0 212 33058
x 0 33059
p 0 209 33059
x 0 33060
p 0 209 33060
x 0 33000
x 1 33001
x 2 33002
h 0 10.0.0.10
p 0 225381 33000
x 3 33003
h 3 10.0.0.10
p 3 1142 33003
x 0 33004
p 0 204 33004
h 1 10.0.0.10
p 1 537826 33001
h 2 10.0.0.10
p 2 1015615 33002
x 0 33005
p 0 244 33005
x 0 33006
p 0 216 33006
x 0 33007
p 0 208 33007
x 0 33008
p 0 204 33008
x 0 33009
p 0 219 33009
x 0 33010
p 0 213 33010
x 0 33011
p 0 210 33011
x 0 33012
p 0 206 33012
x 0 33013
p 0 207 33013
x 0 33014
p 0 208 33014
x 0 33015
p 0 209 33015
x 0 33016
p 0 255 33016
x 0 33017
p 0 208 33017
x 0 33018
p 0 214 33018
x 0 33019
p 0 233 33019
x 0 33020
p 0 210 33020
x 0 33021
p 0 208 33021
x 0 33022
p 0 208 33022
x 0 33023
p 0 208 33023
x 0 33024
p 0 209 33024
x 0 33025
p 0 230 33025
x 0 33026
p 0 256 33026
x 0 33027
p 0 210 33027
x 0 33028
p 0 210 33028
x 0 33029
p 0 207 33029
x 0 33030
p 0 211 33030
x 0 33031
p 0 210 33031
x 0 33032
p 0 209 33032
x 0 33033
p 0 286 33033
x 0 33034
p 0 191 33034
x 0 33035
p 0 226 33035
x 0 33036
p 0 230 33036
x 0 33037
p 0 210 33037
x 0 33038
p 0 186 33038
x 0 33039
p 0 213 33039
x 0 33040
p 0 215 33040
x 0 33041
p 0 214 33041
x 0 33042
p 0 185 33042
x 0 33043
p 0 206 33043
x 0 33044
p 0 222 33044
x 0 33045
p 0 215 33045
x 0 33046
p 0 186 33046
x 0 33047
p 0 185 33047
x 0 33048
p 0 181 33048
x 0 33049
p 0 226 33049
x 0 33050
p 0 258 33050
x 0 33051
p 0 276 33051
x 0 33052
p 0 284 33052
x 0 33053
p 0 223 33053
x 0 33054
p 0 220 33054
x 0 33055
p 0 272 33055
x 0 33056
p 0 211 33056
x 0 33057
p 0 212 33057
x 0 33058
p 0 205 33058
x 0 33059
p 0 214 33059
x 0 33060
p 0 213 33060
x 0 33061
p 0 214 33061
x 0 33062
p 0 210 33062
x 0 33000
h 0 10.0.0.10
p 0 72191 33000
x 1 33001
h 1 10.0.0.10
p 1 1157 33001
x 0 33002
p 0 235 33002
x 0 33003
p 0 243 33003
x 0 33004
p 0 219 33004
x 0 33005
p 0 216 33005
x 0 33006
p 0 209 33006
x 0 33007
p 0 218 33007
x 0 33008
p 0 209 33008
x 0 33009
p 0 207 33009
x 0 33010
p 0 209 33010
x 0 33011
p 0 215 33011
x 0 33012
p 0 244 33012
x 0 33013
p 0 210 33013
x 0 33014
p 0 212 33014
x 0 33015
p 0 208 33015
x 0 33016
p 0 209 33016
x 0 33017
p 0 212 33017
x 0 33018
p 0 210 33018
x 0 33019
p 0 236 33019
x 0 33020
p 0 208 33020
x 0 33021
p 0 214 33021
x 0 33022
p 0 211 33022
x 0 33023
p 0 209 33023
x 0 33024
p 0 206 33024
x 0 33025
p 0 212 33025
x 0 33026
p 0 241 33026
x 0 33027
p 0 209 33027
x 0 33028
p 0 214 33028
x 0 33029
p 0 207 33029
x 0 33030
p 0 207 33030
x 0 33031
p 0 214 33031
x 0 33032
p 0 214 33032
x 0 33033
p 0 241 33033
x 0 33034
p 0 209 33034
x 0 33035
p 0 209 33035
x 0 33036
p 0 207 33036
x 0 33037
p 0 250 33037
x 0 33038
p 0 208 33038
x 0 33039
p 0 208 33039
x 0 33040
p 0 207 33040
x 0 33041
p 0 209 33041
x 0 33042
p 0 210 33042
x 0 33043
p 0 211 33043
x 0 33044
p 0 208 33044
x 0 33045
p 0 210 33045
x 0 33046
p 0 206 33046
x 0 33047
p 0 216 33047
x 0 33048
p 0 209 33048
x 0 33049
p 0 211 33049
x 0 33050
p 0 207 33050
x 0 33051
p 0 212 33051
x 0 33052
p 0 213 33052
x 0 33053
p 0 209 33053
x 0 33054
p 0 208 33054
x 0 33055
p 0 207 33055
x 0 33056
p 0 208 33056
x 0 33057
p 0 211 33057
x 0 33058
p 0 210 33058
x 0 33059
p 0 284 33059
x 0 33060
p 0 208 33060
x 0 33000
x 1 33001
h 0 10.0.0.10
p 0 115305 33000
x 2 33002
h 2 10.0.0.10
p 2 1121 33002
x 0 33003
p 0 288 33003
h 1 10.0.0.10
p 1 1018566 33001
x 0 33004
p 0 254 33004
x 0 33005
p 0 259 33005
x 0 33006
p 0 224 33006
x 0 33007
p 0 237 33007
x 0 33008
p 0 270 33008
x 0 33009
p 0 216 33009
x 0 33010
p 0 206 33010
x 0 33011
p 0 232 33011
x 0 33012
p 0 228 33012
x 0 33013
p 0 211 33013
x 0 33014
p 0 234 33014
x 0 33015
p 0 220 33015
x 0 33016
p 0 218 33016
x 0 33017
p 0 245 33017
x 0 33018
p 0 219 33018
x 0 33019
p 0 248 33019
x 0 33020
p 0 224 33020
x 0 33021
p 0 250 33021
x 0 33022
p 0 216 33022
x 0 33023
p 0 216 33023
x 0 33024
p 0 245 33024
x 0 33025
p 0 225 33025
x 0 33026
p 0 308 33026
x 0 33027
p 0 213 33027
x 0 33028
p 0 229 33028
x 0 33029
p 0 245 33029
x 0 33030
p 0 220 33030
x 0 33031
p 0 287 33031
x 0 33032
p 0 226 33032
x 0 33033
p 0 233 33033
x 0 33034
p 0 256 33034
x 0 33035
p 0 253 33035
x 0 33036
p 0 237 33036
x 0 33037
p 0 215 33037
x 0 33038
p 0 234 33038
x 0 33039
p 0 220 33039
x 0 33040
p 0 231 33040
x 0 33041
p 0 260 33041
x 0 33042
p 0 241 33042
x 0 33043
p 0 232 33043
x 0 33044
p 0 220 33044
x 0 33045
p 0 225 33045
x 0 33046
p 0 234 33046
x 0 33047
p 0 214 33047
x 0 33048
p 0 228 33048
x 0 33049
p 0 255 33049
x 0 33050
p 0 268 33050
x 0 33051
p 0 263 33051
x 0 33052
p 0 210 33052
x 0 33053
p 0 231 33053
x 0 33054
p 0 214 33054
x 0 33055
p 0 222 33055
x 0 33056
p 0 270 33056
x 0 33057
p 0 211 33057
x 0 33058
p 0 227 33058
x 0 33059
p 0 236 33059
x 0 33060
p 0 224 33060
x 0 33061
p 0 261 33061
x 0 33000
h 0 10.0.0.10
p 0 49033 33000
x 1 33001
h 1 10.0.0.10
p 1 817 33001
x 0 33002
p 0 283 33002
x 0 33003
p 0 213 33003
x 0 33004
p 0 211 33004
x 0 33005
p 0 208 33005
x 0 33006
p 0 211 33006
x 0 33007
p 0 249 33007
x 0 33008
p 0 214 33008
x 0 33009
p 0 211 33009
x 0 33010
p 0 212 33010
x 0 33011
p 0 220 33011
x 0 33012
p 0 213 33012
x 0 33013
p 0 214 33013
x 0 33014
p 0 250 33014
x 0 33015
p 0 212 33015
x 0 33016
p 0 213 33016
x 0 33017
p 0 210 33017
x 0 33018
p 0 118 33018
x 0 33019
p 0 212 33019
x 0 33020
p 0 211 33020
x 0 33021
p 0 211 33021
x 0 33022
p 0 210 33022
x 0 33023
p 0 211 33023
x 0 33024
p 0 211 33024
x 0 33025
p 0 209 33025
x 0 33026
p 0 208 33026
x 0 33027
p 0 212 33027
x 0 33028
p 0 210 33028
x 0 33029
p 0 211 33029
x 0 33030
p 0 209 33030
x 0 33031
p 0 210 33031
x 0 33032
p 0 277 33032
x 0 33033
p 0 210 33033
x 0 33034
p 0 209 33034
x 0 33035
p 0 209 33035
x 0 33036
p 0 213 33036
x 0 33037
p 0 213 33037
x 0 33038
p 0 212 33038
x 0 33039
p 0 301 33039
x 0 33040
p 0 213 33040
x 0 33041
p 0 212 33041
x 0 33042
p 0 213 33042
x 0 33043
p 0 214 33043
x 0 33044
p 0 210 33044
x 0 33045
p 0 214 33045
x 0 33046
p 0 209 33046
x 0 33047
p 0 212 33047
x 0 33048
p 0 213 33048
x 0 33049
p 0 216 33049
x 0 33050
p 0 211 33050
x 0 33051
p 0 209 33051
x 0 33052
p 0 214 33052
x 0 33053
p 0 298 33053
x 0 33054
p 0 170 33054
x 0 33055
p 0 171 33055
x 0 33056
p 0 172 33056
x 0 33057
p 0 171 33057
x 0 33058
p 0 172 33058
x 0 33059
p 0 176 33059
x 0 33060
p 0 173 33060
x 0 33000
h 0 10.0.0.10
p 0 71455 33000
x 1 33001
h 1 10.0.0.10
p 1 753 33001
x 0 33002
p 0 227 33002
x 0 33003
p 0 215 33003
x 0 33004
p 0 219 33004
x 0 33005
p 0 260 33005
x 0 33006
p 0 304 33006
x 0 33007
p 0 235 33007
x 0 33008
p 0 210 33008
x 0 33009
p 0 212 33009
x 0 33010
p 0 213 33010
x 0 33011
p 0 215 33011
x 0 33012
p 0 216 33012
x 0 33013
p 0 289 33013
x 0 33014
p 0 208 33014
x 0 33015
p 0 213 33015
x 0 33016
p 0 218 33016
x 0 33017
p 0 211 33017
x 0 33018
p 0 212 33018
x 0 33019
p 0 211 33019
x 0 33020
p 0 283 33020
x 0 33021
p 0 217 33021
x 0 33022
p 0 211 33022
x 0 33023
p 0 209 33023
x 0 33024
p 0 214 33024
x 0 33025
p 0 212 33025
x 0 33026
p 0 217 33026
x 0 33027
p 0 370 33027
x 0 33028
p 0 212 33028
x 0 33029
p 0 212 33029
x 0 33030
p 0 210 33030
x 0 33031
p 0 211 33031
x 0 33032
p 0 213 33032
x 0 33033
p 0 212 33033
x 0 33034
p 0 214 33034
x 0 33035
p 0 209 33035
x 0 33036
p 0 212 33036
x 0 33037
p 0 211 33037
x 0 33038
p 0 211 33038
x 0 33039
p 0 212 33039
x 0 33040
p 0 212 33040
x 0 33041
p 0 267 33041
x 0 33042
p 0 211 33042
x 0 33043
p 0 212 33043
x 0 33044
p 0 209 33044
x 0 33045
p 0 210 33045
x 0 33046
p 0 209 33046
x 0 33047
p 0 210 33047
x 0 33048
p 0 308 33048
x 0 33049
p 0 212 33049
x 0 33050
p 0 209 33050
x 0 33051
p 0 210 33051
x 0 33052
p 0 209 33052
x 0 33053
p 0 210 33053
x 0 33054
p 0 208 33054
x 0 33055
p 0 210 33055
x 0 33056
p 0 211 33056
x 0 33057
p 0 209 33057
x 0 33058
p 0 211 33058
x 0 33059
p 0 215 33059
x 0 33060
p 0 209 33060
x 0 33000
h 0 10.0.0.10
p 0 73174 33000
x 1 33001
h 1 10.0.0.10
p 1 940 33001
x 0 33002
p 0 256 33002
x 0 33003
p 0 240 33003
x 0 33004
p 0 213 33004
x 0 33005
p 0 216 33005
x 0 33006
p 0 219 33006
x 0 33007
p 0 199 33007
x 0 33008
p 0 214 33008
x 0 33009
p 0 217 33009
x 0 33010
p 0 321 33010
x 0 33011
p 0 224 33011
x 0 33012
p 0 225 33012
x 0 33013
p 0 219 33013
x 0 33014
p 0 221 33014
x 0 33015
p 0 275 33015
x 0 33016
p 0 225 33016
x 0 33017
p 0 264 33017
x 0 33018
p 0 222 33018
x 0 33019
p 0 221 33019
x 0 33020
p 0 221 33020
x 0 33021
p 0 219 33021
x 0 33022
p 0 216 33022
x 0 33023
p 0 217 33023
x 0 33024
p 0 275 33024
x 0 33025
p 0 214 33025
x 0 33026
p 0 229 33026
x 0 33027
p 0 219 33027
x 0 33028
p 0 245 33028
x 0 33029
p 0 215 33029
x 0 33030
p 0 212 33030
x 0 33031
p 0 276 33031
x 0 33032
p 0 216 33032
x 0 33033
p 0 213 33033
x 0 33034
p 0 213 33034
x 0 33035
p 0 244 33035
x 0 33036
p 0 214 33036
x 0 33037
p 0 217 33037
x 0 33038
p 0 257 33038
x 0 33039
p 0 214 33039
x 0 33040
p 0 220 33040
x 0 33041
p 0 211 33041
x 0 33042
p 0 250 33042
x 0 33043
p 0 250 33043
x 0 33044
p 0 216 33044
x 0 33045
p 0 254 33045
x 0 33046
p 0 213 33046
x 0 33047
p 0 216 33047
x 0 33048
p 0 213 33048
x 0 33049
p 0 412 33049
x 0 33050
p 0 213 33050
x 0 33051
p 0 217 33051
x 0 33052
p 0 259 33052
x 0 33053
p 0 214 33053
x 0 33054
p 0 216 33054
x 0 33055
p 0 213 33055
x 0 33056
p 0 217 33056
x 0 33057
p 0 223 33057
x 0 33058
p 0 217 33058
x 0 33059
p 0 284 33059
x 0 33060
p 0 215 33060
x 0 33000
h 0 10.0.0.10
p 0 51884 33000
x 1 33001
h 1 10.0.0.10
p 1 888 33001
x 0 33002
p 0 240 33002
x 0 33003
p 0 252 33003
x 0 33004
p 0 265 33004
x 0 33005
p 0 226 33005
x 0 33006
p 0 222 33006
x 0 33007
p 0 211 33007
x 0 33008
p 0 226 33008
x 0 33009
p 0 222 33009
x 0 33010
p 0 224 33010
x 0 33011
p 0 223 33011
x 0 33012
p 0 223 33012
x 0 33013
p 0 223 33013
x 0 33014
p 0 219 33014
x 0 33015
p 0 263 33015
x 0 33016
p 0 228 33016
x 0 33017
p 0 227 33017
x 0 33018
p 0 225 33018
x 0 33019
p 0 221 33019
x 0 33020
p 0 221 33020
x 0 33021
p 0 223 33021
x 0 33022
p 0 224 33022
x 0 33023
p 0 224 33023
x 0 33024
p 0 224 33024
x 0 33025
p 0 220 33025
x 0 33026
p 0 223 33026
x 0 33027
p 0 229 33027
x 0 33028
p 0 253 33028
x 0 33029
p 0 227 33029
x 0 33030
p 0 223 33030
x 0 33031
p 0 226 33031
x 0 33032
p 0 226 33032
x 0 33033
p 0 258 33033
x 0 33034
p 0 227 33034
x 0 33035
p 0 227 33035
x 0 33036
p 0 268 33036
x 0 33037
p 0 227 33037
x 0 33038
p 0 219 33038
x 0 33039
p 0 219 33039
x 0 33040
p 0 257 33040
x 0 33041
p 0 220 33041
x 0 33042
p 0 228 33042
x 0 33043
p 0 271 33043
x 0 33044
p 0 229 33044
x 0 33045
p 0 220 33045
x 0 33046
p 0 225 33046
x 0 33047
p 0 229 33047
x 0 33048
p 0 224 33048
x 0 33049
p 0 297 33049
x 0 33050
p 0 223 33050
x 0 33051
p 0 278 33051
x 0 33052
p 0 226 33052
x 0 33053
p 0 224 33053
x 0 33054
p 0 225 33054
x 0 33055
p 0 221 33055
x 0 33056
p 0 279 33056
x 0 33057
p 0 225 33057
x 0 33058
p 0 221 33058
x 0 33059
p 0 223 33059
x 0 33060
p 0 220 33060
x 0 33000
h 0 10.0.0.10
p 0 52727 33000
x 1 33001
h 1 10.0.0.10
p 1 1230 33001
x 0 33002
p 0 113 33002
x 0 33003
p 0 189 33003
x 0 33004
p 0 221 33004
x 0 33005
p 0 258 33005
x 0 33006
p 0 212 33006
x 0 33007
p 0 253 33007
x 0 33008
p 0 212 33008
x 0 33009
p 0 223 33009
x 0 33010
p 0 211 33010
x 0 33011
p 0 211 33011
x 0 33012
p 0 210 33012
x 0 33013
p 0 211 33013
x 0 33014
p 0 255 33014
x 0 33015
p 0 208 33015
x 0 33016
p 0 206 33016
x 0 33017
p 0 211 33017
x 0 33018
p 0 248 33018
x 0 33019
p 0 209 33019
x 0 33020
p 0 208 33020
x 0 33021
p 0 206 33021
x 0 33022
p 0 207 33022
x 0 33023
p 0 206 33023
x 0 33024
p 0 215 33024
x 0 33025
p 0 241 33025
x 0 33026
p 0 207 33026
x 0 33027
p 0 207 33027
x 0 33028
p 0 211 33028
x 0 33029
p 0 212 33029
x 0 33030
p 0 208 33030
x 0 33031
p 0 211 33031
x 0 33032
p 0 209 33032
x 0 33033
p 0 209 33033
x 0 33034
p 0 212 33034
x 0 33035
p 0 210 33035
x 0 33036
p 0 205 33036
x 0 33037
p 0 207 33037
x 0 33038
p 0 208 33038
x 0 33039
p 0 209 33039
x 0 33040
p 0 241 33040
x 0 33041
p 0 204 33041
x 0 33042
p 0 207 33042
x 0 33043
p 0 208 33043
x 0 33044
p 0 211 33044
x 0 33045
p 0 212 33045
x 0 33046
p 0 210 33046
x 0 33047
p 0 212 33047
x 0 33048
p 0 208 33048
x 0 33049
p 0 208 33049
x 0 33050
p 0 208 33050
x 0 33051
p 0 210 33051
x 0 33052
p 0 213 33052
x 0 33053
p 0 214 33053
x 0 33054
p 0 232 33054
x 0 33055
p 0 208 33055
x 0 33056
p 0 209 33056
x 0 33057
p 0 206 33057
x 0 33058
p 0 206 33058
x 0 33059
p 0 206 33059
x 0 33060
p 0 264 33060
x 0 33000
h 0 10.0.0.10
p 0 50510 33000
x 1 33001
h 1 10.0.0.10
p 1 805 33001
x 0 33002
p 0 290 33002
x 0 33003
p 0 215 33003
x 0 33004
p 0 216 33004
x 0 33005
p 0 214 33005
x 0 33006
p 0 208 33006
x 0 33007
p 0 208 33007
x 0 33008
p 0 208 33008
x 0 33009
p 0 211 33009
x 0 33010
p 0 213 33010
x 0 33011
p 0 212 33011
x 0 33012
p 0 212 33012
x 0 33013
p 0 215 33013
x 0 33014
p 0 254 33014
x 0 33015
p 0 210 33015
x 0 33016
p 0 211 33016
x 0 33017
p 0 210 33017
x 0 33018
p 0 212 33018
x 0 33019
p 0 209 33019
x 0 33020
p 0 214 33020
x 0 33021
p 0 211 33021
x 0 33022
p 0 212 33022
x 0 33023
p 0 211 33023
x 0 33024
p 0 216 33024
x 0 33025
p 0 213 33025
x 0 33026
p 0 212 33026
x 0 33027
p 0 213 33027
x 0 33028
p 0 216 33028
x 0 33029
p 0 213 33029
x 0 33030
p 0 214 33030
x 0 33031
p 0 256 33031
x 0 33032
p 0 212 33032
x 0 33033
p 0 216 33033
x 0 33034
p 0 216 33034
x 0 33035
p 0 217 33035
x 0 33036
p 0 216 33036
x 0 33037
p 0 215 33037
x 0 33038
p 0 251 33038
x 0 33039
p 0 209 33039
x 0 33040
p 0 211 33040
x 0 33041
p 0 212 33041
x 0 33042
p 0 245 33042
x 0 33043
p 0 218 33043
x 0 33044
p 0 216 33044
x 0 33045
p 0 215 33045
x 0 33046
p 0 212 33046
x 0 33047
p 0 217 33047
x 0 33048
p 0 216 33048
x 0 33049
p 0 245 33049
x 0 33050
p 0 211 33050
x 0 33051
p 0 217 33051
x 0 33052
p 0 250 33052
x 0 33053
p 0 215 33053
x 0 33054
p 0 212 33054
x 0 33055
p 0 212 33055
x 0 33056
p 0 241 33056
x 0 33057
p 0 209 33057
x 0 33058
p 0 216 33058
x 0 33059
p 0 212 33059
x 0 33060
p 0 209 33060
x 0 33000
x 1 33001
h 0 10.0.0.10
p 0 171714 33000
x 2 33002
h 2 10.0.0.10
p 2 1054 33002
x 0 33003
p 0 163 33003
h 1 10.0.0.10
p 1 555245 33001
x 0 33004
p 0 217 33004
x 0 33005
p 0 211 33005
x 0 33006
p 0 233 33006
x 0 33007
p 0 224 33007
x 0 33008
p 0 249 33008
x 0 33009
p 0 237 33009
x 0 33010
p 0 232 33010
x 0 33011
p 0 228 33011
x 0 33012
p 0 229 33012
x 0 33013
p 0 227 33013
x 0 33014
p 0 223 33014
x 0 33015
p 0 220 33015
x 0 33016
p 0 210 33016
x 0 33017
p 0 215 33017
x 0 33018
p 0 216 33018
x 0 33019
p 0 212 33019
x 0 33020
p 0 210 33020
x 0 33021
p 0 208 33021
x 0 33022
p 0 214 33022
x 0 33023
p 0 214 33023
x 0 33024
p 0 213 33024
x 0 33025
p 0 212 33025
x 0 33026
p 0 216 33026
x 0 33027
p 0 214 33027
x 0 33028
p 0 260 33028
x 0 33029
p 0 214 33029
x 0 33030
p 0 212 33030
x 0 33031
p 0 222 33031
x 0 33032
p 0 219 33032
x 0 33033
p 0 219 33033
x 0 33034
p 0 220 33034
x 0 33035
p 0 213 33035
x 0 33036
p 0 216 33036
x 0 33037
p 0 220 33037
x 0 33038
p 0 222 33038
x 0 33039
p 0 214 33039
x 0 33040
p 0 236 33040
x 0 33041
p 0 215 33041
x 0 33042
p 0 250 33042
x 0 33043
p 0 226 33043
x 0 33044
p 0 216 33044
x 0 33045
p 0 213 33045
x 0 33046
p 0 216 33046
x 0 33047
p 0 219 33047
x 0 33048
p 0 222 33048
x 0 33049
p 0 214 33049
x 0 33050
p 0 213 33050
x 0 33051
p 0 213 33051
x 0 33052
p 0 217 33052
x 0 33053
p 0 227 33053
x 0 33054
p 0 212 33054
x 0 33055
p 0 214 33055
x 0 33056
p 0 215 33056
x 0 33057
p 0 213 33057
x 0 33058
p 0 216 33058
x 0 33059
p 0 214 33059
x 0 33060
p 0 257 33060
x 0 33061
p 0 214 33061
x 0 33000
h 0 10.0.0.10
p 0 49919 33000
x 1 33001
h 1 10.0.0.10
p 1 998 33001
x 0 33002
p 0 161 33002
x 0 33003
p 0 208 33003
x 0 33004
p 0 219 33004
x 0 33005
p 0 218 33005
x 0 33006
p 0 214 33006
x 0 33007
p 0 220 33007
x 0 33008
p 0 217 33008
x 0 33009
p 0 217 33009
x 0 33010
p 0 218 33010
x 0 33011
p 0 215 33011
x 0 33012
p 0 215 33012
x 0 33013
p 0 213 33013
x 0 33014
p 0 222 33014
x 0 33015
p 0 215 33015
x 0 33016
p 0 214 33016
x 0 33017
p 0 209 33017
x 0 33018
p 0 218 33018
x 0 33019
p 0 218 33019
x 0 33020
p 0 212 33020
x 0 33021
p 0 213 33021
x 0 33022
p 0 211 33022
x 0 33023
p 0 215 33023
x 0 33024
p 0 218 33024
x 0 33025
p 0 215 33025
x 0 33026
p 0 214 33026
x 0 33027
p 0 211 33027
x 0 33028
p 0 212 33028
x 0 33029
p 0 217 33029
x 0 33030
p 0 213 33030
x 0 33031
p 0 213 33031
x 0 33032
p 0 215 33032
x 0 33033
p 0 215 33033
x 0 33034
p 0 217 33034
x 0 33035
p 0 246 33035
x 0 33036
p 0 215 33036
x 0 33037
p 0 214 33037
x 0 33038
p 0 216 33038
x 0 33039
p 0 216 33039
x 0 33040
p 0 214 33040
x 0 33041
p 0 216 33041
x 0 33042
p 0 215 33042
x 0 33043
p 0 216 33043
x 0 33044
p 0 219 33044
x 0 33045
p 0 215 33045
x 0 33046
p 0 214 33046
x 0 33047
p 0 210 33047
x 0 33048
p 0 213 33048
x 0 33049
p 0 214 33049
x 0 33050
p 0 213 33050
x 0 33051
p 0 215 33051
x 0 33052
p 0 216 33052
x 0 33053
p 0 214 33053
x 0 33054
p 0 213 33054
x 0 33055
p 0 211 33055
x 0 33056
p 0 212 33056
x 0 33057
p 0 213 33057
x 0 33058
p 0 214 33058
x 0 33059
p 0 217 33059
x 0 33060
p 0 214 33060
x 0 33000
h 0 10.0.0.10
p 0 49354 33000
x 1 33001
h 1 10.0.0.10
p 1 1211 33001
x 0 33002
p 0 223 33002
x 0 33003
p 0 213 33003
x 0 33004
p 0 251 33004
x 0 33005
p 0 216 33005
x 0 33006
p 0 209 33006
x 0 33007
p 0 226 33007
x 0 33008
p 0 213 33008
x 0 33009
p 0 208 33009
x 0 33010
p 0 214 33010
x 0 33011
p 0 208 33011
x 0 33012
p 0 213 33012
x 0 33013
p 0 213 33013
x 0 33014
p 0 213 33014
x 0 33015
p 0 210 33015
x 0 33016
p 0 215 33016
x 0 33017
p 0 214 33017
x 0 33018
p 0 215 33018
x 0 33019
p 0 212 33019
x 0 33020
p 0 214 33020
x 0 33021
p 0 211 33021
x 0 33022
p 0 216 33022
x 0 33023
p 0 208 33023
x 0 33024
p 0 208 33024
x 0 33025
p 0 209 33025
x 0 33026
p 0 207 33026
x 0 33027
p 0 213 33027
x 0 33028
p 0 208 33028
x 0 33029
p 0 206 33029
x 0 33030
p 0 210 33030
x 0 33031
p 0 209 33031
x 0 33032
p 0 216 33032
x 0 33033
p 0 208 33033
x 0 33034
p 0 206 33034
x 0 33035
p 0 206 33035
x 0 33036
p 0 207 33036
x 0 33037
p 0 208 33037
x 0 33038
p 0 208 33038
x 0 33039
p 0 206 33039
x 0 33040
p 0 215 33040
x 0 33041
p 0 211 33041
x 0 33042
p 0 212 33042
x 0 33043
p 0 211 33043
x 0 33044
p 0 190 33044
x 0 33045
p 0 207 33045
x 0 33046
p 0 210 33046
x 0 33047
p 0 211 33047
x 0 33048
p 0 206 33048
x 0 33049
p 0 208 33049
x 0 33050
p 0 209 33050
x 0 33051
p 0 210 33051
x 0 33052
p 0 212 33052
x 0 33053
p 0 208 33053
x 0 33054
p 0 205 33054
x 0 33055
p 0 207 33055
x 0 33056
p 0 205 33056
x 0 33057
p 0 208 33057
x 0 33058
p 0 207 33058
x 0 33059
p 0 206 33059
x 0 33060
p 0 212 33060
x 0 33000
h 0 10.0.0.10
p 0 71364 33000
x 1 33001
h 1 10.0.0.10
p 1 992 33001
x 0 33002
p 0 235 33002
x 0 33003
p 0 223 33003
x 0 33004
p 0 224 33004
x 0 33005
p 0 220 33005
x 0 33006
p 0 211 33006
x 0 33007
p 0 224 33007
x 0 33008
p 0 240 33008
x 0 33009
p 0 274 33009
x 0 33010
p 0 227 33010
x 0 33011
p 0 212 33011
x 0 33012
p 0 209 33012
x 0 33013
p 0 207 33013
x 0 33014
p 0 208 33014
x 0 33015
p 0 212 33015
x 0 33016
p 0 206 33016
x 0 33017
p 0 214 33017
x 0 33018
p 0 208 33018
x 0 33019
p 0 215 33019
x 0 33020
p 0 246 33020
x 0 33021
p 0 209 33021
x 0 33022
p 0 211 33022
x 0 33023
p 0 210 33023
x 0 33024
p 0 211 33024
x 0 33025
p 0 212 33025
x 0 33026
p 0 215 33026
x 0 33027
p 0 212 33027
x 0 33028
p 0 207 33028
x 0 33029
p 0 218 33029
x 0 33030
p 0 216 33030
x 0 33031
p 0 215 33031
x 0 33032
p 0 212 33032
x 0 33033
p 0 220 33033
x 0 33034
p 0 207 33034
x 0 33035
p 0 212 33035
x 0 33036
p 0 212 33036
x 0 33037
p 0 211 33037
x 0 33038
p 0 210 33038
x 0 33039
p 0 209 33039
x 0 33040
p 0 214 33040
x 0 33041
p 0 211 33041
x 0 33042
p 0 210 33042
x 0 33043
p 0 208 33043
x 0 33044
p 0 215 33044
x 0 33045
p 0 210 33045
x 0 33046
p 0 215 33046
x 0 33047
p 0 259 33047
x 0 33048
p 0 207 33048
x 0 33049
p 0 218 33049
x 0 33050
p 0 215 33050
x 0 33051
p 0 213 33051
x 0 33052
p 0 213 33052
x 0 33053
p 0 207 33053
x 0 33054
p 0 207 33054
x 0 33055
p 0 213 33055
x 0 33056
p 0 209 33056
x 0 33057
p 0 213 33057
x 0 33058
p 0 206 33058
x 0 33059
p 0 271 33059
x 0 33060
p 0 209 33060
x 0 33000
h 0 10.0.0.10
p 0 77566 33000
x 1 33001
h 1 10.0.0.10
p 1 999 33001
x 0 33002
p 0 252 33002
x 0 33003
p 0 218 33003
x 0 33004
p 0 217 33004
x 0 33005
p 0 212 33005
x 0 33006
p 0 206 33006
x 0 33007
p 0 210 33007
x 0 33008
p 0 243 33008
x 0 33009
p 0 209 33009
x 0 33010
p 0 244 33010
x 0 33011
p 0 205 33011
x 0 33012
p 0 205 33012
x 0 33013
p 0 212 33013
x 0 33014
p 0 209 33014
x 0 33015
p 0 242 33015
x 0 33016
p 0 208 33016
x 0 33017
p 0 206 33017
x 0 33018
p 0 190 33018
x 0 33019
p 0 255 33019
x 0 33020
p 0 208 33020
x 0 33021
p 0 239 33021
x 0 33022
p 0 207 33022
x 0 33023
p 0 208 33023
x 0 33024
p 0 207 33024
x 0 33025
p 0 207 33025
x 0 33026
p 0 207 33026
x 0 33027
p 0 207 33027
x 0 33028
p 0 245 33028
x 0 33029
p 0 209 33029
x 0 33030
p 0 205 33030
x 0 33031
p 0 208 33031
x 0 33032
p 0 207 33032
x 0 33033
p 0 206 33033
x 0 33034
p 0 211 33034
x 0 33035
p 0 241 33035
x 0 33036
p 0 259 33036
x 0 33037
p 0 209 33037
x 0 33038
p 0 216 33038
x 0 33039
p 0 211 33039
x 0 33040
p 0 208 33040
x 0 33041
p 0 218 33041
x 0 33042
p 0 209 33042
x 0 33043
p 0 213 33043
x 0 33044
p 0 249 33044
x 0 33045
p 0 246 33045
x 0 33046
p 0 242 33046
x 0 33047
p 0 244 33047
x 0 33048
p 0 226 33048
x 0 33049
p 0 235 33049
x 0 33050
p 0 205 33050
x 0 33051
p 0 104 33051
x 0 33052
p 0 245 33052
x 0 33053
p 0 238 33053
x 0 33054
p 0 238 33054
x 0 33055
p 0 208 33055
x 0 33056
p 0 162 33056
x 0 33057
p 0 235 33057
x 0 33058
p 0 214 33058
x 0 33059
p 0 241 33059
x 0 33060
p 0 317 33060
x 0 33000
h 0 10.0.0.10
p 0 60095 33000
x 1 33001
h 1 10.0.0.10
p 1 2595 33001
x 0 33002
p 0 227 33002
x 0 33003
p 0 217 33003
x 0 33004
p 0 247 33004
x 0 33005
p 0 216 33005
x 0 33006
p 0 219 33006
x 0 33007
p 0 218 33007
x 0 33008
p 0 215 33008
x 0 33009
p 0 217 33009
x 0 33010
p 0 218 33010
x 0 33011
p 0 217 33011
x 0 33012
p 0 218 33012
x 0 33013
p 0 214 33013
x 0 33014
p 0 214 33014
x 0 33015
p 0 213 33015
x 0 33016
p 0 222 33016
x 0 33017
p 0 218 33017
x 0 33018
p 0 215 33018
x 0 33019
p 0 216 33019
x 0 33020
p 0 211 33020
x 0 33021
p 0 217 33021
x 0 33022
p 0 220 33022
x 0 33023
p 0 212 33023
x 0 33024
p 0 215 33024
x 0 33025
p 0 212 33025
x 0 33026
p 0 237 33026
x 0 33027
p 0 262 33027
x 0 33028
p 0 220 33028
x 0 33029
p 0 224 33029
x 0 33030
p 0 224 33030
x 0 33031
p 0 254 33031
x 0 33032
p 0 222 33032
x 0 33033
p 0 214 33033
x 0 33034
p 0 219 33034
x 0 33035
p 0 222 33035
x 0 33036
p 0 246 33036
x 0 33037
p 0 231 33037
x 0 33038
p 0 218 33038
x 0 33039
p 0 218 33039
x 0 33040
p 0 217 33040
x 0 33041
p 0 216 33041
x 0 33042
p 0 219 33042
x 0 33043
p 0 241 33043
x 0 33044
p 0 210 33044
x 0 33045
p 0 213 33045
x 0 33046
p 0 213 33046
x 0 33047
p 0 217 33047
x 0 33048
p 0 211 33048
x 0 33049
p 0 209 33049
x 0 33050
p 0 241 33050
x 0 33051
p 0 214 33051
x 0 33052
p 0 215 33052
x 0 33053
p 0 212 33053
x 0 33054
p 0 210 33054
x 0 33055
p 0 253 33055
x 0 33056
p 0 212 33056
x 0 33057
p 0 249 33057
x 0 33058
p 0 210 33058
x 0 33059
p 0 211 33059
x 0 33060
p 0 216 33060
x 0 33000
x 1 33001
h 0 10.0.0.10
p 0 153302 33000
x 2 33002
h 2 10.0.0.10
p 2 1054 33002
x 0 33003
p 0 223 33003
h 1 10.0.0.10
p 1 474654 33001
x 0 33004
p 0 226 33004
x 0 33005
p 0 212 33005
x 0 33006
p 0 268 33006
x 0 33007
p 0 216 33007
x 0 33008
p 0 240 33008
x 0 33009
p 0 236 33009
x 0 33010
p 0 298 33010
x 0 33011
p 0 226 33011
x 0 33012
p 0 265 33012
x 0 33013
p 0 219 33013
x 0 33014
p 0 228 33014
x 0 33015
p 0 223 33015
x 0 33016
p 0 255 33016
x 0 33017
p 0 263 33017
x 0 33018
p 0 217 33018
x 0 33019
p 0 218 33019
x 0 33020
p 0 219 33020
x 0 33021
p 0 219 33021
x 0 33022
p 0 243 33022
x 0 33023
p 0 219 33023
x 0 33024
p 0 257 33024
x 0 33025
p 0 216 33025
x 0 33026
p 0 222 33026
x 0 33027
p 0 214 33027
x 0 33028
p 0 219 33028
x 0 33029
p 0 217 33029
x 0 33030
p 0 211 33030
x 0 33031
p 0 258 33031
x 0 33032
p 0 211 33032
x 0 33033
p 0 217 33033
x 0 33034
p 0 215 33034
x 0 33035
p 0 218 33035
x 0 33036
p 0 216 33036
x 0 33037
p 0 214 33037
x 0 33038
p 0 264 33038
x 0 33039
p 0 223 33039
x 0 33040
p 0 212 33040
x 0 33041
p 0 214 33041
x 0 33042
p 0 214 33042
x 0 33043
p 0 221 33043
x 0 33044
p 0 216 33044
x 0 33045
p 0 248 33045
x 0 33046
p 0 223 33046
x 0 33047
p 0 215 33047
x 0 33048
p 0 221 33048
x 0 33049
p 0 222 33049
x 0 33050
p 0 241 33050
x 0 33051
p 0 218 33051
x 0 33052
p 0 229 33052
x 0 33053
p 0 221 33053
x 0 33054
p 0 217 33054
x 0 33055
p 0 246 33055
x 0 33056
p 0 214 33056
x 0 33057
p 0 216 33057
x 0 33058
p 0 277 33058
x 0 33059
p 0 211 33059
x 0 33060
p 0 247 33060
x 0 33061
p 0 232 33061
x 0 33000
h 0 10.0.0.10
p 0 49288 33000
x 1 33001
h 1 10.0.0.10
p 1 653 33001
x 0 33002
p 0 226 33002
x 0 33003
p 0 210 33003
x 0 33004
p 0 212 33004
x 0 33005
p 0 216 33005
x 0 33006
p 0 215 33006
x 0 33007
p 0 216 33007
x 0 33008
p 0 215 33008
x 0 33009
p 0 218 33009
x 0 33010
p 0 213 33010
x 0 33011
p 0 218 33011
x 0 33012
p 0 216 33012
x 0 33013
p 0 215 33013
x 0 33014
p 0 217 33014
x 0 33015
p 0 216 33015
x 0 33016
p 0 214 33016
x 0 33017
p 0 215 33017
x 0 33018
p 0 227 33018
x 0 33019
p 0 220 33019
x 0 33020
p 0 217 33020
x 0 33021
p 0 253 33021
x 0 33022
p 0 218 33022
x 0 33023
p 0 211 33023
x 0 33024
p 0 222 33024
x 0 33025
p 0 217 33025
x 0 33026
p 0 217 33026
x 0 33027
p 0 217 33027
x 0 33028
p 0 214 33028
x 0 33029
p 0 219 33029
x 0 33030
p 0 213 33030
x 0 33031
p 0 213 33031
x 0 33032
p 0 220 33032
x 0 33033
p 0 214 33033
x 0 33034
p 0 220 33034
x 0 33035
p 0 219 33035
x 0 33036
p 0 216 33036
x 0 33037
p 0 217 33037
x 0 33038
p 0 217 33038
x 0 33039
p 0 217 33039
x 0 33040
p 0 247 33040
x 0 33041
p 0 216 33041
x 0 33042
p 0 285 33042
x 0 33043
p 0 219 33043
x 0 33044
p 0 222 33044
x 0 33045
p 0 216 33045
x 0 33046
p 0 216 33046
x 0 33047
p 0 344 33047
x 0 33048
p 0 333 33048
x 0 33049
p 0 218 33049
x 0 33050
p 0 216 33050
x 0 33051
p 0 296 33051
x 0 33052
p 0 219 33052
x 0 33053
p 0 285 33053
x 0 33054
p 0 215 33054
x 0 33055
p 0 216 33055
x 0 33056
p 0 215 33056
x 0 33057
p 0 221 33057
x 0 33058
p 0 217 33058
x 0 33059
p 0 218 33059
x 0 33060
p 0 260 33060
x 0 33000
x 1 33001
h 1 10.0.0.10
p 1 1688 33001
h 0 10.0.0.10
p 0 105678 33000
x 2 33002
h 2 10.0.0.10
p 2 242 33002
x 0 33003
p 0 231 33003
x 0 33004
p 0 234 33004
x 0 33005
p 0 230 33005
x 0 33006
p 0 217 33006
x 0 33007
p 0 220 33007
x 0 33008
p 0 193 33008
x 0 33009
p 0 247 33009
x 0 33010
p 0 232 33010
x 0 33011
p 0 216 33011
x 0 33012
p 0 223 33012
x 0 33013
p 0 238 33013
x 0 33014
p 0 371 33014
x 0 33015
p 0 344 33015
x 0 33016
p 0 214 33016
x 0 33017
p 0 253 33017
x 0 33018
p 0 222 33018
x 0 33019
p 0 221 33019
x 0 33020
p 0 220 33020
x 0 33021
p 0 246 33021
x 0 33022
p 0 223 33022
x 0 33023
p 0 216 33023
x 0 33024
p 0 262 33024
x 0 33025
p 0 221 33025
x 0 33026
p 0 116 33026
x 0 33027
p 0 220 33027
x 0 33028
p 0 234 33028
x 0 33029
p 0 223 33029
x 0 33030
p 0 228 33030
x 0 33031
p 0 242 33031
x 0 33032
p 0 219 33032
x 0 33033
p 0 240 33033
x 0 33034
p 0 233 33034
x 0 33035
p 0 219 33035
x 0 33036
p 0 217 33036
x 0 33037
p 0 219 33037
x 0 33038
p 0 267 33038
x 0 33039
p 0 224 33039
x 0 33040
p 0 218 33040
x 0 33041
p 0 218 33041
x 0 33042
p 0 221 33042
x 0 33043
p 0 236 33043
x 0 33044
p 0 225 33044
x 0 33045
p 0 257 33045
x 0 33046
p 0 217 33046
x 0 33047
p 0 223 33047
x 0 33048
p 0 230 33048
x 0 33049
p 0 222 33049
x 0 33050
p 0 273 33050
x 0 33051
p 0 213 33051
x 0 33052
p 0 247 33052
x 0 33053
p 0 220 33053
x 0 33054
p 0 214 33054
x 0 33055
p 0 222 33055
x 0 33056
p 0 215 33056
x 0 33057
p 0 211 33057
x 0 33058
p 0 217 33058
x 0 33059
p 0 291 33059
x 0 33060
p 0 220 33060
x 0 33061
p 0 211 33061
x 0 33000
h 0 10.0.0.10
p 0 49742 33000
x 1 33001
h 1 10.0.0.10
p 1 565 33001
x 0 33002
p 0 154 33002
x 0 33003
p 0 209 33003
x 0 33004
p 0 207 33004
x 0 33005
p 0 210 33005
x 0 33006
p 0 207 33006
x 0 33007
p 0 256 33007
x 0 33008
p 0 231 33008
x 0 33009
p 0 206 33009
x 0 33010
p 0 210 33010
x 0 33011
p 0 234 33011
x 0 33012
p 0 281 33012
x 0 33013
p 0 208 33013
x 0 33014
p 0 208 33014
x 0 33015
p 0 210 33015
x 0 33016
p 0 207 33016
x 0 33017
p 0 209 33017
x 0 33018
p 0 208 33018
x 0 33019
p 0 250 33019
x 0 33020
p 0 208 33020
x 0 33021
p 0 211 33021
x 0 33022
p 0 211 33022
x 0 33023
p 0 208 33023
x 0 33024
p 0 210 33024
x 0 33025
p 0 206 33025
x 0 33026
p 0 240 33026
x 0 33027
p 0 208 33027
x 0 33028
p 0 208 33028
x 0 33029
p 0 210 33029
x 0 33030
p 0 209 33030
x 0 33031
p 0 210 33031
x 0 33032
p 0 207 33032
x 0 33033
p 0 244 33033
x 0 33034
p 0 208 33034
x 0 33035
p 0 207 33035
x 0 33036
p 0 208 33036
x 0 33037
p 0 210 33037
x 0 33038
p 0 208 33038
x 0 33039
p 0 209 33039
x 0 33040
p 0 209 33040
x 0 33041
p 0 207 33041
x 0 33042
p 0 209 33042
x 0 33043
p 0 207 33043
x 0 33044
p 0 227 33044
x 0 33045
p 0 210 33045
x 0 33046
p 0 209 33046
x 0 33047
p 0 211 33047
x 0 33048
p 0 210 33048
x 0 33049
p 0 212 33049
x 0 33050
p 0 212 33050
x 0 33051
p 0 221 33051
x 0 33052
p 0 208 33052
x 0 33053
p 0 206 33053
x 0 33054
p 0 245 33054
x 0 33055
p 0 211 33055
x 0 33056
p 0 210 33056
x 0 33057
p 0 210 33057
x 0 33058
p 0 208 33058
x 0 33059
p 0 206 33059
x 0 33060
p 0 215 33060
x 0 33000
h 0 10.0.0.10
p 0 71998 33000
x 1 33001
h 1 10.0.0.10
p 1 1121 33001
x 0 33002
p 0 221 33002
x 0 33003
p 0 214 33003
x 0 33004
p 0 208 33004
x 0 33005
p 0 355 33005
x 0 33006
p 0 209 33006
x 0 33007
p 0 220 33007
x 0 33008
p 0 213 33008
x 0 33009
p 0 211 33009
x 0 33010
p 0 259 33010
x 0 33011
p 0 210 33011
x 0 33012
p 0 243 33012
x 0 33013
p 0 213 33013
x 0 33014
p 0 273 33014
x 0 33015
p 0 214 33015
x 0 33016
p 0 207 33016
x 0 33017
p 0 208 33017
x 0 33018
p 0 212 33018
x 0 33019
p 0 208 33019
x 0 33020
p 0 213 33020
x 0 33021
p 0 247 33021
x 0 33022
p 0 214 33022
x 0 33023
p 0 208 33023
x 0 33024
p 0 208 33024
x 0 33025
p 0 212 33025
x 0 33026
p 0 209 33026
x 0 33027
p 0 208 33027
x 0 33028
p 0 273 33028
x 0 33029
p 0 211 33029
x 0 33030
p 0 216 33030
x 0 33031
p 0 211 33031
x 0 33032
p 0 207 33032
x 0 33033
p 0 208 33033
x 0 33034
p 0 208 33034
x 0 33035
p 0 255 33035
x 0 33036
p 0 210 33036
x 0 33037
p 0 211 33037
x 0 33038
p 0 208 33038
x 0 33039
p 0 209 33039
x 0 33040
p 0 210 33040
x 0 33041
p 0 210 33041
x 0 33042
p 0 244 33042
x 0 33043
p 0 207 33043
x 0 33044
p 0 207 33044
x 0 33045
p 0 209 33045
x 0 33046
p 0 205 33046
x 0 33047
p 0 208 33047
x 0 33048
p 0 212 33048
x 0 33049
p 0 250 33049
x 0 33050
p 0 210 33050
x 0 33051
p 0 211 33051
x 0 33052
p 0 209 33052
x 0 33053
p 0 212 33053
x 0 33054
p 0 208 33054
x 0 33055
p 0 213 33055
x 0 33056
p 0 252 33056
x 0 33057
p 0 208 33057
x 0 33058
p 0 202 33058
x 0 33059
p 0 207 33059
x 0 33060
p 0 208 33060
x 0 33000
h 0 10.0.0.10
p 0 49778 33000
x 1 33001
h 1 10.0.0.10
p 1 1245 33001
x 0 33002
p 0 263 33002
x 0 33003
p 0 213 33003
x 0 33004
p 0 206 33004
x 0 33005
p 0 213 33005
x 0 33006
p 0 243 33006
x 0 33007
p 0 214 33007
x 0 33008
p 0 209 33008
x 0 33009
p 0 208 33009
x 0 33010
p 0 209 33010
x 0 33011
p 0 210 33011
x 0 33012
p 0 254 33012
x 0 33013
p 0 207 33013
x 0 33014
p 0 207 33014
x 0 33015
p 0 206 33015
x 0 33016
p 0 206 33016
x 0 33017
p 0 205 33017
x 0 33018
p 0 209 33018
x 0 33019
p 0 287 33019
x 0 33020
p 0 207 33020
x 0 33021
p 0 207 33021
x 0 33022
p 0 210 33022
x 0 33023
p 0 208 33023
x 0 33024
p 0 209 33024
x 0 33025
p 0 209 33025
x 0 33026
p 0 268 33026
x 0 33027
p 0 209 33027
x 0 33028
p 0 208 33028
x 0 33029
p 0 206 33029
x 0 33030
p 0 209 33030
x 0 33031
p 0 207 33031
x 0 33032
p 0 206 33032
x 0 33033
p 0 206 33033
x 0 33034
p 0 205 33034
x 0 33035
p 0 206 33035
x 0 33036
p 0 206 33036
x 0 33037
p 0 205 33037
x 0 33038
p 0 206 33038
x 0 33039
p 0 207 33039
x 0 33040
p 0 251 33040
x 0 33041
p 0 230 33041
x 0 33042
p 0 206 33042
x 0 33043
p 0 208 33043
x 0 33044
p 0 211 33044
x 0 33045
p 0 208 33045
x 0 33046
p 0 207 33046
x 0 33047
p 0 249 33047
x 0 33048
p 0 208 33048
x 0 33049
p 0 206 33049
x 0 33050
p 0 235 33050
x 0 33051
p 0 210 33051
x 0 33052
p 0 209 33052
x 0 33053
p 0 209 33053
x 0 33054
p 0 205 33054
x 0 33055
p 0 210 33055
x 0 33056
p 0 206 33056
x 0 33057
p 0 206 33057
x 0 33058
p 0 205 33058
x 0 33059
p 0 207 33059
x 0 33060
p 0 263 33060
x 0 33000
h 0 10.0.0.10
p 0 50814 33000
x 1 33001
h 1 10.0.0.10
p 1 1126 33001
x 0 33002
p 0 222 33002
x 0 33003
p 0 225 33003
x 0 33004
p 0 210 33004
x 0 33005
p 0 209 33005
x 0 33006
p 0 207 33006
x 0 33007
p 0 213 33007
x 0 33008
p 0 251 33008
x 0 33009
p 0 210 33009
x 0 33010
p 0 208 33010
x 0 33011
p 0 211 33011
x 0 33012
p 0 207 33012
x 0 33013
p 0 205 33013
x 0 33014
p 0 208 33014
x 0 33015
p 0 251 33015
x 0 33016
p 0 210 33016
x 0 33017
p 0 206 33017
x 0 33018
p 0 206 33018
x 0 33019
p 0 206 33019
x 0 33020
p 0 208 33020
x 0 33021
p 0 204 33021
x 0 33022
p 0 208 33022
x 0 33023
p 0 208 33023
x 0 33024
p 0 206 33024
x 0 33025
p 0 205 33025
x 0 33026
p 0 207 33026
x 0 33027
p 0 207 33027
x 0 33028
p 0 207 33028
x 0 33029
p 0 206 33029
x 0 33030
p 0 208 33030
x 0 33031
p 0 206 33031
x 0 33032
p 0 189 33032
x 0 33033
p 0 208 33033
x 0 33034
p 0 240 33034
x 0 33035
p 0 206 33035
x 0 33036
p 0 207 33036
x 0 33037
p 0 208 33037
x 0 33038
p 0 207 33038
x 0 33039
p 0 206 33039
x 0 33040
p 0 208 33040
x 0 33041
p 0 238 33041
x 0 33042
p 0 206 33042
x 0 33043
p 0 207 33043
x 0 33044
p 0 208 33044
x 0 33045
p 0 209 33045
x 0 33046
p 0 208 33046
x 0 33047
p 0 240 33047
x 0 33048
p 0 207 33048
x 0 33049
p 0 208 33049
x 0 33050
p 0 209 33050
x 0 33051
p 0 206 33051
x 0 33052
p 0 236 33052
x 0 33053
p 0 239 33053
x 0 33054
p 0 330 33054
x 0 33055
p 0 211 33055
x 0 33056
p 0 218 33056
x 0 33057
p 0 210 33057
x 0 33058
p 0 210 33058
x 0 33059
p 0 207 33059
x 0 33060
p 0 237 33060
x 0 33000
h 0 10.0.0.10
p 0 50368 33000
x 1 33001
h 1 10.0.0.10
p 1 996 33001
x 0 33002
p 0 312 33002
x 0 33003
p 0 212 33003
x 0 33004
p 0 211 33004
x 0 33005
p 0 256 33005
x 0 33006
p 0 212 33006
x 0 33007
p 0 213 33007
x 0 33008
p 0 211 33008
x 0 33009
p 0 214 33009
x 0 33010
p 0 210 33010
x 0 33011
p 0 211 33011
x 0 33012
p 0 289 33012
x 0 33013
p 0 211 33013
x 0 33014
p 0 209 33014
x 0 33015
p 0 209 33015
x 0 33016
p 0 210 33016
x 0 33017
p 0 208 33017
x 0 33018
p 0 211 33018
x 0 33019
p 0 253 33019
x 0 33020
p 0 211 33020
x 0 33021
p 0 210 33021
x 0 33022
p 0 219 33022
x 0 33023
p 0 210 33023
x 0 33024
p 0 213 33024
x 0 33025
p 0 212 33025
x 0 33026
p 0 256 33026
x 0 33027
p 0 214 33027
x 0 33028
p 0 225 33028
x 0 33029
p 0 214 33029
x 0 33030
p 0 217 33030
x 0 33031
p 0 212 33031
x 0 33032
p 0 212 33032
x 0 33033
p 0 249 33033
x 0 33034
p 0 211 33034
x 0 33035
p 0 211 33035
x 0 33036
p 0 211 33036
x 0 33037
p 0 213 33037
x 0 33038
p 0 212 33038
x 0 33039
p 0 209 33039
x 0 33040
p 0 131 33040
x 0 33041
p 0 211 33041
x 0 33042
p 0 211 33042
x 0 33043
p 0 213 33043
x 0 33044
p 0 212 33044
x 0 33045
p 0 211 33045
x 0 33046
p 0 214 33046
x 0 33047
p 0 209 33047
x 0 33048
p 0 250 33048
x 0 33049
p 0 209 33049
x 0 33050
p 0 213 33050
x 0 33051
p 0 214 33051
x 0 33052
p 0 213 33052
x 0 33053
p 0 211 33053
x 0 33054
p 0 215 33054
x 0 33055
p 0 210 33055
x 0 33056
p 0 212 33056
x 0 33057
p 0 213 33057
x 0 33058
p 0 213 33058
x 0 33059
p 0 211 33059
x 0 33060
p 0 209 33060
x 0 33000
x 1 33001
h 0 10.0.0.10
p 0 129654 33000
x 2 33002
h 2 10.0.0.10
p 2 906 33002
x 0 33003
p 0 213 33003
h 1 10.0.0.10
p 1 1021527 33001
x 0 33004
p 0 236 33004
x 0 33005
p 0 179 33005
x 0 33006
p 0 215 33006
x 0 33007
p 0 212 33007
x 0 33008
p 0 219 33008
x 0 33009
p 0 228 33009
x 0 33010
p 0 222 33010
x 0 33011
p 0 213 33011
x 0 33012
p 0 211 33012
x 0 33013
p 0 211 33013
x 0 33014
p 0 207 33014
x 0 33015
p 0 215 33015
x 0 33016
p 0 210 33016
x 0 33017
p 0 218 33017
x 0 33018
p 0 210 33018
x 0 33019
p 0 213 33019
x 0 33020
p 0 212 33020
x 0 33021
p 0 213 33021
x 0 33022
p 0 211 33022
x 0 33023
p 0 207 33023
x 0 33024
p 0 209 33024
x 0 33025
p 0 212 33025
x 0 33026
p 0 208 33026
x 0 33027
p 0 214 33027
x 0 33028
p 0 215 33028
x 0 33029
p 0 206 33029
x 0 33030
p 0 213 33030
x 0 33031
p 0 211 33031
x 0 33032
p 0 230 33032
x 0 33033
p 0 209 33033
x 0 33034
p 0 212 33034
x 0 33035
p 0 212 33035
x 0 33036
p 0 243 33036
x 0 33037
p 0 194 33037
x 0 33038
p 0 220 33038
x 0 33039
p 0 208 33039
x 0 33040
p 0 213 33040
x 0 33041
p 0 210 33041
x 0 33042
p 0 214 33042
x 0 33043
p 0 235 33043
x 0 33044
p 0 205 33044
x 0 33045
p 0 213 33045
x 0 33046
p 0 210 33046
x 0 33047
p 0 212 33047
x 0 33048
p 0 215 33048
x 0 33049
p 0 210 33049
x 0 33050
p 0 245 33050
x 0 33051
p 0 210 33051
x 0 33052
p 0 219 33052
x 0 33053
p 0 213 33053
x 0 33054
p 0 210 33054
x 0 33055
p 0 215 33055
x 0 33056
p 0 209 33056
x 0 33057
p 0 253 33057
x 0 33058
p 0 211 33058
x 0 33059
p 0 208 33059
x 0 33060
p 0 214 33060
x 0 33061
p 0 208 33061
x 0 33000
h 0 10.0.0.10
p 0 72390 33000
x 1 33001
h 1 10.0.0.10
p 1 985 33001
x 0 33002
p 0 332 33002
x 0 33003
p 0 236 33003
x 0 33004
p 0 239 33004
x 0 33005
p 0 252 33005
x 0 33006
p 0 241 33006
x 0 33007
p 0 303 33007
x 0 33008
p 0 288 33008
x 0 33009
p 0 235 33009
x 0 33010
p 0 236 33010
x 0 33011
p 0 207 33011
x 0 33012
p 0 207 33012
x 0 33013
p 0 206 33013
x 0 33014
p 0 236 33014
x 0 33015
p 0 255 33015
x 0 33016
p 0 209 33016
x 0 33017
p 0 273 33017
x 0 33018
p 0 204 33018
x 0 33019
p 0 210 33019
x 0 33020
p 0 206 33020
x 0 33021
p 0 213 33021
x 0 33022
p 0 242 33022
x 0 33023
p 0 208 33023
x 0 33024
p 0 208 33024
x 0 33025
p 0 213 33025
x 0 33026
p 0 255 33026
x 0 33027
p 0 210 33027
x 0 33028
p 0 214 33028
x 0 33029
p 0 290 33029
x 0 33030
p 0 206 33030
x 0 33031
p 0 241 33031
x 0 33032
p 0 206 33032
x 0 33033
p 0 213 33033
x 0 33034
p 0 207 33034
x 0 33035
p 0 205 33035
x 0 33036
p 0 208 33036
x 0 33037
p 0 208 33037
x 0 33038
p 0 214 33038
x 0 33039
p 0 204 33039
x 0 33040
p 0 210 33040
x 0 33041
p 0 207 33041
x 0 33042
p 0 273 33042
x 0 33043
p 0 216 33043
x 0 33044
p 0 208 33044
x 0 33045
p 0 204 33045
x 0 33046
p 0 243 33046
x 0 33047
p 0 224 33047
x 0 33048
p 0 245 33048
x 0 33049
p 0 203 33049
x 0 33050
p 0 207 33050
x 0 33051
p 0 286 33051
x 0 33052
p 0 218 33052
x 0 33053
p 0 212 33053
x 0 33054
p 0 209 33054
x 0 33055
p 0 232 33055
x 0 33056
p 0 90 33056
x 0 33057
p 0 214 33057
x 0 33058
p 0 211 33058
x 0 33059
p 0 236 33059
x 0 33060
p 0 207 33060
x 0 33000
h 0 10.0.0.10
p 0 48975 33000
x 1 33001
h 1 10.0.0.10
p 1 723 33001
x 0 33002
p 0 216 33002
x 0 33003
p 0 218 33003
x 0 33004
p 0 216 33004
x 0 33005
p 0 206 33005
x 0 33006
p 0 211 33006
x 0 33007
p 0 120 33007
x 0 33008
p 0 210 33008
x 0 33009
p 0 210 33009
x 0 33010
p 0 211 33010
x 0 33011
p 0 208 33011
x 0 33012
p 0 206 33012
x 0 33013
p 0 209 33013
x 0 33014
p 0 211 33014
x 0 33015
p 0 207 33015
x 0 33016
p 0 211 33016
x 0 33017
p 0 207 33017
x 0 33018
p 0 209 33018
x 0 33019
p 0 209 33019
x 0 33020
p 0 208 33020
x 0 33021
p 0 208 33021
x 0 33022
p 0 209 33022
x 0 33023
p 0 205 33023
x 0 33024
p 0 208 33024
x 0 33025
p 0 207 33025
x 0 33026
p 0 207 33026
x 0 33027
p 0 206 33027
x 0 33028
p 0 248 33028
x 0 33029
p 0 207 33029
x 0 33030
p 0 208 33030
x 0 33031
p 0 207 33031
x 0 33032
p 0 206 33032
x 0 33033
p 0 206 33033
x 0 33034
p 0 208 33034
x 0 33035
p 0 207 33035
x 0 33036
p 0 207 33036
x 0 33037
p 0 209 33037
x 0 33038
p 0 210 33038
x 0 33039
p 0 207 33039
x 0 33040
p 0 208 33040
x 0 33041
p 0 206 33041
x 0 33042
p 0 210 33042
x 0 33043
p 0 208 33043
x 0 33044
p 0 208 33044
x 0 33045
p 0 211 33045
x 0 33046
p 0 241 33046
x 0 33047
p 0 210 33047
x 0 33048
p 0 211 33048
x 0 33049
p 0 208 33049
x 0 33050
p 0 211 33050
x 0 33051
p 0 210 33051
x 0 33052
p 0 214 33052
x 0 33053
p 0 211 33053
x 0 33054
p 0 270 33054
x 0 33055
p 0 206 33055
x 0 33056
p 0 206 33056
x 0 33057
p 0 207 33057
x 0 33058
p 0 207 33058
x 0 33059
p 0 238 33059
x 0 33060
p 0 207 33060
x 0 33000
h 0 10.0.0.10
p 0 50055 33000
x 1 33001
h 1 10.0.0.10
p 1 1006 33001
x 0 33002
p 0 225 33002
x 0 33003
p 0 229 33003
x 0 33004
p 0 164 33004
x 0 33005
p 0 210 33005
x 0 33006
p 0 208 33006
x 0 33007
p 0 243 33007
x 0 33008
p 0 206 33008
x 0 33009
p 0 209 33009
x 0 33010
p 0 208 33010
x 0 33011
p 0 209 33011
x 0 33012
p 0 209 33012
x 0 33013
p 0 206 33013
x 0 33014
p 0 238 33014
x 0 33015
p 0 209 33015
x 0 33016
p 0 207 33016
x 0 33017
p 0 211 33017
x 0 33018
p 0 208 33018
x 0 33019
p 0 209 33019
x 0 33020
p 0 205 33020
x 0 33021
p 0 241 33021
x 0 33022
p 0 265 33022
x 0 33023
p 0 206 33023
x 0 33024
p 0 206 33024
x 0 33025
p 0 206 33025
x 0 33026
p 0 208 33026
x 0 33027
p 0 244 33027
x 0 33028
p 0 207 33028
x 0 33029
p 0 212 33029
x 0 33030
p 0 209 33030
x 0 33031
p 0 210 33031
x 0 33032
p 0 212 33032
x 0 33033
p 0 214 33033
x 0 33034
p 0 242 33034
x 0 33035
p 0 208 33035
x 0 33036
p 0 211 33036
x 0 33037
p 0 215 33037
x 0 33038
p 0 207 33038
x 0 33039
p 0 137 33039
x 0 33040
p 0 209 33040
x 0 33041
p 0 208 33041
x 0 33042
p 0 208 33042
x 0 33043
p 0 208 33043
x 0 33044
p 0 209 33044
x 0 33045
p 0 276 33045
x 0 33046
p 0 208 33046
x 0 33047
p 0 239 33047
x 0 33048
p 0 209 33048
x 0 33049
p 0 210 33049
x 0 33050
p 0 205 33050
x 0 33051
p 0 238 33051
x 0 33052
p 0 208 33052
x 0 33053
p 0 209 33053
x 0 33054
p 0 208 33054
x 0 33055
p 0 232 33055
x 0 33056
p 0 207 33056
x 0 33057
p 0 208 33057
x 0 33058
p 0 203 33058
x 0 33059
p 0 239 33059
x 0 33060
p 0 207 33060
x 0 33000
x 1 33001
x 2 33002
h 0 10.0.0.10
p 0 238146 33000
x 3 33003
h 3 10.0.0.10
p 3 1440 33003
x 0 33004
p 0 223 33004
h 1 10.0.0.10
p 1 516172 33001
h 2 10.0.0.10
p 2 1022195 33002
x 0 33005
p 0 276 33005
x 0 33006
p 0 216 33006
x 0 33007
p 0 217 33007
x 0 33008
p 0 214 33008
x 0 33009
p 0 187 33009
x 0 33010
p 0 218 33010
x 0 33011
p 0 261 33011
x 0 33012
p 0 215 33012
x 0 33013
p 0 212 33013
x 0 33014
p 0 225 33014
x 0 33015
p 0 218 33015
x 0 33016
p 0 251 33016
x 0 33017
p 0 218 33017
x 0 33018
p 0 269 33018
x 0 33019
p 0 241 33019
x 0 33020
p 0 218 33020
x 0 33021
p 0 219 33021
x 0 33022
p 0 217 33022
x 0 33023
p 0 254 33023
x 0 33024
p 0 217 33024
x 0 33025
p 0 214 33025
x 0 33026
p 0 211 33026
x 0 33027
p 0 213 33027
x 0 33028
p 0 215 33028
x 0 33029
p 0 212 33029
x 0 33030
p 0 239 33030
x 0 33031
p 0 213 33031
x 0 33032
p 0 213 33032
x 0 33033
p 0 214 33033
x 0 33034
p 0 184 33034
x 0 33035
p 0 215 33035
x 0 33036
p 0 211 33036
x 0 33037
p 0 212 33037
x 0 33038
p 0 212 33038
x 0 33039
p 0 215 33039
x 0 33040
p 0 212 33040
x 0 33041
p 0 212 33041
x 0 33042
p 0 212 33042
x 0 33043
p 0 226 33043
x 0 33044
p 0 212 33044
x 0 33045
p 0 213 33045
x 0 33046
p 0 213 33046
x 0 33047
p 0 213 33047
x 0 33048
p 0 214 33048
x 0 33049
p 0 212 33049
x 0 33050
p 0 213 33050
x 0 33051
p 0 211 33051
x 0 33052
p 0 211 33052
x 0 33053
p 0 210 33053
x 0 33054
p 0 216 33054
x 0 33055
p 0 215 33055
x 0 33056
p 0 214 33056
x 0 33057
p 0 269 33057
x 0 33058
p 0 211 33058
x 0 33059
p 0 232 33059
x 0 33060
p 0 212 33060
x 0 33061
p 0 215 33061
x 0 33062
p 0 213 33062
x 0 33000
h 0 10.0.0.10
p 0 60676 33000
x 1 33001
h 1 10.0.0.10
p 1 1040 33001
x 0 33002
p 0 248 33002
x 0 33003
p 0 211 33003
x 0 33004
p 0 246 33004
x 0 33005
p 0 233 33005
x 0 33006
p 0 207 33006
x 0 33007
p 0 216 33007
x 0 33008
p 0 212 33008
x 0 33009
p 0 213 33009
x 0 33010
p 0 214 33010
x 0 33011
p 0 212 33011
x 0 33012
p 0 243 33012
x 0 33013
p 0 212 33013
x 0 33014
p 0 235 33014
x 0 33015
p 0 214 33015
x 0 33016
p 0 211 33016
x 0 33017
p 0 213 33017
x 0 33018
p 0 210 33018
x 0 33019
p 0 247 33019
x 0 33020
p 0 213 33020
x 0 33021
p 0 212 33021
x 0 33022
p 0 212 33022
x 0 33023
p 0 213 33023
x 0 33024
p 0 214 33024
x 0 33025
p 0 211 33025
x 0 33026
p 0 239 33026
x 0 33027
p 0 213 33027
x 0 33028
p 0 213 33028
x 0 33029
p 0 215 33029
x 0 33030
p 0 214 33030
x 0 33031
p 0 212 33031
x 0 33032
p 0 216 33032
x 0 33033
p 0 246 33033
x 0 33034
p 0 238 33034
x 0 33035
p 0 212 33035
x 0 33036
p 0 213 33036
x 0 33037
p 0 211 33037
x 0 33038
p 0 213 33038
x 0 33039
p 0 211 33039
x 0 33040
p 0 246 33040
x 0 33041
p 0 214 33041
x 0 33042
p 0 212 33042
x 0 33043
p 0 210 33043
x 0 33044
p 0 211 33044
x 0 33045
p 0 213 33045
x 0 33046
p 0 213 33046
x 0 33047
p 0 244 33047
x 0 33048
p 0 214 33048
x 0 33049
p 0 211 33049
x 0 33050
p 0 211 33050
x 0 33051
p 0 221 33051
x 0 33052
p 0 211 33052
x 0 33053
p 0 213 33053
x 0 33054
p 0 212 33054
x 0 33055
p 0 212 33055
x 0 33056
p 0 212 33056
x 0 33057
p 0 209 33057
x 0 33058
p 0 211 33058
x 0 33059
p 0 238 33059
x 0 33060
p 0 210 33060
x 0 33000
h 0 10.0.0.10
p 0 49967 33000
x 1 33001
h 1 10.0.0.10
p 1 787 33001
x 0 33002
p 0 274 33002
x 0 33003
p 0 240 33003
x 0 33004
p 0 209 33004
x 0 33005
p 0 208 33005
x 0 33006
p 0 209 33006
x 0 33007
p 0 265 33007
x 0 33008
p 0 211 33008
x 0 33009
p 0 279 33009
x 0 33010
p 0 213 33010
x 0 33011
p 0 209 33011
x 0 33012
p 0 213 33012
x 0 33013
p 0 211 33013
x 0 33014
p 0 210 33014
x 0 33015
p 0 210 33015
x 0 33016
p 0 212 33016
x 0 33017
p 0 251 33017
x 0 33018
p 0 211 33018
x 0 33019
p 0 214 33019
x 0 33020
p 0 213 33020
x 0 33021
p 0 210 33021
x 0 33022
p 0 210 33022
x 0 33023
p 0 248 33023
x 0 33024
p 0 254 33024
x 0 33025
p 0 211 33025
x 0 33026
p 0 211 33026
x 0 33027
p 0 215 33027
x 0 33028
p 0 216 33028
x 0 33029
p 0 211 33029
x 0 33030
p 0 217 33030
x 0 33031
p 0 211 33031
x 0 33032
p 0 215 33032
x 0 33033
p 0 212 33033
x 0 33034
p 0 213 33034
x 0 33035
p 0 212 33035
x 0 33036
p 0 213 33036
x 0 33037
p 0 215 33037
x 0 33038
p 0 245 33038
x 0 33039
p 0 212 33039
x 0 33040
p 0 216 33040
x 0 33041
p 0 214 33041
x 0 33042
p 0 211 33042
x 0 33043
p 0 214 33043
x 0 33044
p 0 215 33044
x 0 33045
p 0 210 33045
x 0 33046
p 0 211 33046
x 0 33047
p 0 214 33047
x 0 33048
p 0 215 33048
x 0 33049
p 0 210 33049
x 0 33050
p 0 213 33050
x 0 33051
p 0 213 33051
x 0 33052
p 0 215 33052
x 0 33053
p 0 217 33053
x 0 33054
p 0 215 33054
x 0 33055
p 0 216 33055
x 0 33056
p 0 211 33056
x 0 33057
p 0 213 33057
x 0 33058
p 0 213 33058
x 0 33059
p 0 212 33059
x 0 33060
p 0 225 33060
x 0 33000
h 0 10.0.0.10
p 0 51696 33000
x 1 33001
h 1 10.0.0.10
p 1 1052 33001
x 0 33002
p 0 317 33002
x 0 33003
p 0 210 33003
x 0 33004
p 0 241 33004
x 0 33005
p 0 208 33005
x 0 33006
p 0 268 33006
x 0 33007
p 0 211 33007
x 0 33008
p 0 209 33008
x 0 33009
p 0 212 33009
x 0 33010
p 0 210 33010
x 0 33011
p 0 241 33011
x 0 33012
p 0 211 33012
x 0 33013
p 0 266 33013
x 0 33014
p 0 211 33014
x 0 33015
p 0 211 33015
x 0 33016
p 0 211 33016
x 0 33017
p 0 210 33017
x 0 33018
p 0 241 33018
x 0 33019
p 0 210 33019
x 0 33020
p 0 210 33020
x 0 33021
p 0 214 33021
x 0 33022
p 0 211 33022
x 0 33023
p 0 238 33023
x 0 33024
p 0 211 33024
x 0 33025
p 0 243 33025
x 0 33026
p 0 210 33026
x 0 33027
p 0 274 33027
x 0 33028
p 0 215 33028
x 0 33029
p 0 214 33029
x 0 33030
p 0 215 33030
x 0 33031
p 0 214 33031
x 0 33032
p 0 254 33032
x 0 33033
p 0 217 33033
x 0 33034
p 0 273 33034
x 0 33035
p 0 250 33035
x 0 33036
p 0 219 33036
x 0 33037
p 0 215 33037
x 0 33038
p 0 213 33038
x 0 33039
p 0 246 33039
x 0 33040
p 0 209 33040
x 0 33041
p 0 281 33041
x 0 33042
p 0 208 33042
x 0 33043
p 0 208 33043
x 0 33044
p 0 210 33044
x 0 33045
p 0 210 33045
x 0 33046
p 0 240 33046
x 0 33047
p 0 209 33047
x 0 33048
p 0 260 33048
x 0 33049
p 0 209 33049
x 0 33050
p 0 208 33050
x 0 33051
p 0 209 33051
x 0 33052
p 0 211 33052
x 0 33053
p 0 209 33053
x 0 33054
p 0 207 33054
x 0 33055
p 0 212 33055
x 0 33056
p 0 210 33056
x 0 33057
p 0 212 33057
x 0 33058
p 0 208 33058
x 0 33059
p 0 210 33059
x 0 33060
p 0 207 33060
x 0 33000
h 0 10.0.0.10
p 0 61646 33000
x 1 33001
h 1 10.0.0.10
p 1 1329 33001
x 0 33002
p 0 274 33002
x 0 33003
p 0 217 33003
x 0 33004
p 0 214 33004
x 0 33005
p 0 220 33005
x 0 33006
p 0 206 33006
x 0 33007
p 0 248 33007
x 0 33008
p 0 207 33008
x 0 33009
p 0 249 33009
x 0 33010
p 0 212 33010
x 0 33011
p 0 206 33011
x 0 33012
p 0 207 33012
x 0 33013
p 0 209 33013
x 0 33014
p 0 210 33014
x 0 33015
p 0 212 33015
x 0 33016
p 0 211 33016
x 0 33017
p 0 214 33017
x 0 33018
p 0 212 33018
x 0 33019
p 0 212 33019
x 0 33020
p 0 214 33020
x 0 33021
p 0 210 33021
x 0 33022
p 0 207 33022
x 0 33023
p 0 210 33023
x 0 33024
p 0 211 33024
x 0 33025
p 0 210 33025
x 0 33026
p 0 209 33026
x 0 33027
p 0 213 33027
x 0 33028
p 0 210 33028
x 0 33029
p 0 213 33029
x 0 33030
p 0 213 33030
x 0 33031
p 0 208 33031
x 0 33032
p 0 216 33032
x 0 33033
p 0 210 33033
x 0 33034
p 0 213 33034
x 0 33035
p 0 216 33035
x 0 33036
p 0 210 33036
x 0 33037
p 0 212 33037
x 0 33038
p 0 210 33038
x 0 33039
p 0 218 33039
x 0 33040
p 0 216 33040
x 0 33041
p 0 210 33041
x 0 33042
p 0 209 33042
x 0 33043
p 0 244 33043
x 0 33044
p 0 215 33044
x 0 33045
p 0 295 33045
x 0 33046
p 0 207 33046
x 0 33047
p 0 210 33047
x 0 33048
p 0 212 33048
x 0 33049
p 0 215 33049
x 0 33050
p 0 215 33050
x 0 33051
p 0 207 33051
x 0 33052
p 0 211 33052
x 0 33053
p 0 211 33053
x 0 33054
p 0 214 33054
x 0 33055
p 0 213 33055
x 0 33056
p 0 210 33056
x 0 33057
p 0 214 33057
x 0 33058
p 0 211 33058
x 0 33059
p 0 211 33059
x 0 33060
p 0 214 33060
x 0 33000
x 1 33001
h 0 10.0.0.10
p 0 154018 33000
x 2 33002
h 2 10.0.0.10
p 2 705 33002
x 0 33003
p 0 162 33003
h 1 10.0.0.10
p 1 476615 33001
x 0 33004
p 0 332 33004
x 0 33005
p 0 307 33005
x 0 33006
p 0 215 33006
x 0 33007
p 0 215 33007
x 0 33008
p 0 236 33008
x 0 33009
p 0 218 33009
x 0 33010
p 0 213 33010
x 0 33011
p 0 215 33011
x 0 33012
p 0 218 33012
x 0 33013
p 0 213 33013
x 0 33014
p 0 212 33014
x 0 33015
p 0 217 33015
x 0 33016
p 0 213 33016
x 0 33017
p 0 215 33017
x 0 33018
p 0 215 33018
x 0 33019
p 0 212 33019
x 0 33020
p 0 216 33020
x 0 33021
p 0 210 33021
x 0 33022
p 0 247 33022
x 0 33023
p 0 215 33023
x 0 33024
p 0 227 33024
x 0 33025
p 0 218 33025
x 0 33026
p 0 221 33026
x 0 33027
p 0 217 33027
x 0 33028
p 0 225 33028
x 0 33029
p 0 247 33029
x 0 33030
p 0 217 33030
x 0 33031
p 0 213 33031
x 0 33032
p 0 253 33032
x 0 33033
p 0 213 33033
x 0 33034
p 0 215 33034
x 0 33035
p 0 214 33035
x 0 33036
p 0 255 33036
x 0 33037
p 0 215 33037
x 0 33038
p 0 269 33038
x 0 33039
p 0 216 33039
x 0 33040
p 0 217 33040
x 0 33041
p 0 215 33041
x 0 33042
p 0 216 33042
x 0 33043
p 0 244 33043
x 0 33044
p 0 215 33044
x 0 33045
p 0 251 33045
x 0 33046
p 0 217 33046
x 0 33047
p 0 214 33047
x 0 33048
p 0 245 33048
x 0 33049
p 0 219 33049
x 0 33050
p 0 255 33050
x 0 33051
p 0 217 33051
x 0 33052
p 0 254 33052
x 0 33053
p 0 253 33053
x 0 33054
p 0 215 33054
x 0 33055
p 0 214 33055
x 0 33056
p 0 215 33056
x 0 33057
p 0 218 33057
x 0 33058
p 0 231 33058
x 0 33059
p 0 257 33059
x 0 33060
p 0 213 33060
x 0 33061
p 0 213 33061
x 0 33000
h 0 10.0.0.10
p 0 49378 33000
x 1 33001
h 1 10.0.0.10
p 1 893 33001
x 0 33002
p 0 194 33002
x 0 33003
p 0 217 33003
x 0 33004
p 0 246 33004
x 0 33005
p 0 216 33005
x 0 33006
p 0 216 33006
x 0 33007
p 0 216 33007
x 0 33008
p 0 214 33008
x 0 33009
p 0 211 33009
x 0 33010
p 0 216 33010
x 0 33011
p 0 215 33011
x 0 33012
p 0 218 33012
x 0 33013
p 0 258 33013
x 0 33014
p 0 212 33014
x 0 33015
p 0 221 33015
x 0 33016
p 0 218 33016
x 0 33017
p 0 217 33017
x 0 33018
p 0 217 33018
x 0 33019
p 0 216 33019
x 0 33020
p 0 256 33020
x 0 33021
p 0 214 33021
x 0 33022
p 0 209 33022
x 0 33023
p 0 212 33023
x 0 33024
p 0 217 33024
x 0 33025
p 0 217 33025
x 0 33026
p 0 212 33026
x 0 33027
p 0 212 33027
x 0 33028
p 0 216 33028
x 0 33029
p 0 213 33029
x 0 33030
p 0 227 33030
x 0 33031
p 0 216 33031
x 0 33032
p 0 215 33032
x 0 33033
p 0 216 33033
x 0 33034
p 0 219 33034
x 0 33035
p 0 237 33035
x 0 33036
p 0 220 33036
x 0 33037
p 0 214 33037
x 0 33038
p 0 219 33038
x 0 33039
p 0 213 33039
x 0 33040
p 0 216 33040
x 0 33041
p 0 221 33041
x 0 33042
p 0 216 33042
x 0 33043
p 0 215 33043
x 0 33044
p 0 220 33044
x 0 33045
p 0 223 33045
x 0 33046
p 0 223 33046
x 0 33047
p 0 234 33047
x 0 33048
p 0 221 33048
x 0 33049
p 0 220 33049
x 0 33050
p 0 219 33050
x 0 33051
p 0 219 33051
x 0 33052
p 0 220 33052
x 0 33053
p 0 221 33053
x 0 33054
p 0 217 33054
x 0 33055
p 0 212 33055
x 0 33056
p 0 214 33056
x 0 33057
p 0 213 33057
x 0 33058
p 0 215 33058
x 0 33059
p 0 214 33059
x 0 33060
p 0 214 33060
