x 0 33000
x 1 33001
h 1 10.0.0.6
p 1 66082 33001
h 0 10.0.0.6
p 0 166245 33000
x 2 33002
h 2 10.0.0.6
p 2 180 33002
x 0 33003
p 0 217 33003
x 0 33004
p 0 236 33004
x 0 33005
p 0 241 33005
x 0 33006
p 0 207 33006
x 0 33007
p 0 267 33007
x 0 33008
p 0 267 33008
x 0 33009
p 0 217 33009
x 0 33010
p 0 212 33010
x 0 33011
p 0 205 33011
x 0 33012
p 0 200 33012
x 0 33013
p 0 210 33013
x 0 33014
p 0 207 33014
x 0 33015
p 0 240 33015
x 0 33016
p 0 222 33016
x 0 33017
p 0 203 33017
x 0 33018
p 0 213 33018
x 0 33019
p 0 204 33019
x 0 33020
p 0 204 33020
x 0 33021
p 0 199 33021
x 0 33022
p 0 240 33022
x 0 33023
p 0 208 33023
x 0 33024
p 0 238 33024
x 0 33025
p 0 204 33025
x 0 33026
p 0 204 33026
x 0 33027
p 0 198 33027
x 0 33028
p 0 204 33028
x 0 33029
p 0 278 33029
x 0 33030
p 0 289 33030
x 0 33031
p 0 204 33031
x 0 33032
p 0 203 33032
x 0 33033
p 0 209 33033
x 0 33034
p 0 203 33034
x 0 33035
p 0 206 33035
x 0 33036
p 0 249 33036
x 0 33037
p 0 246 33037
x 0 33038
p 0 216 33038
x 0 33039
p 0 220 33039
x 0 33040
p 0 183 33040
x 0 33041
p 0 389 33041
x 0 33042
p 0 219 33042
x 0 33043
p 0 212 33043
x 0 33044
p 0 207 33044
x 0 33045
p 0 211 33045
x 0 33046
p 0 236 33046
x 0 33047
p 0 330 33047
x 0 33048
p 0 319 33048
x 0 33049
p 0 232 33049
x 0 33050
p 0 234 33050
x 0 33051
p 0 228 33051
x 0 33052
p 0 231 33052
x 0 33053
p 0 238 33053
x 0 33054
p 0 231 33054
x 0 33055
p 0 232 33055
x 0 33056
p 0 242 33056
x 0 33057
p 0 227 33057
x 0 33058
p 0 235 33058
x 0 33059
p 0 231 33059
x 0 33060
p 0 216 33060
x 0 33061
p 0 181 33061
x 0 33000
x 1 33001
x 2 33002
h 0 10.0.0.6
p 0 282205 33000
x 3 33003
h 3 10.0.0.6
p 3 529 33003
h 1 10.0.0.6
p 1 288880 33001
h 2 10.0.0.6
p 2 194453 33002
x 0 33004
p 0 217 33004
x 0 33005
p 0 213 33005
x 0 33006
p 0 261 33006
x 0 33007
p 0 206 33007
x 0 33008
p 0 215 33008
x 0 33009
p 0 248 33009
x 0 33010
p 0 212 33010
x 0 33011
p 0 258 33011
x 0 33012
p 0 210 33012
x 0 33013
p 0 211 33013
x 0 33014
p 0 99 33014
x 0 33015
p 0 246 33015
x 0 33016
p 0 243 33016
x 0 33017
p 0 206 33017
x 0 33018
p 0 217 33018
x 0 33019
p 0 212 33019
x 0 33020
p 0 203 33020
x 0 33021
p 0 210 33021
x 0 33022
p 0 214 33022
x 0 33023
p 0 208 33023
x 0 33024
p 0 204 33024
x 0 33025
p 0 203 33025
x 0 33026
p 0 206 33026
x 0 33027
p 0 205 33027
x 0 33028
p 0 182 33028
x 0 33029
p 0 212 33029
x 0 33030
p 0 206 33030
x 0 33031
p 0 208 33031
x 0 33032
p 0 203 33032
x 0 33033
p 0 209 33033
x 0 33034
p 0 243 33034
x 0 33035
p 0 209 33035
x 0 33036
p 0 216 33036
x 0 33037
p 0 211 33037
x 0 33038
p 0 211 33038
x 0 33039
p 0 211 33039
x 0 33040
p 0 251 33040
x 0 33041
p 0 246 33041
x 0 33042
p 0 213 33042
x 0 33043
p 0 212 33043
x 0 33044
p 0 203 33044
x 0 33045
p 0 203 33045
x 0 33046
p 0 203 33046
x 0 33047
p 0 200 33047
x 0 33048
p 0 206 33048
x 0 33049
p 0 208 33049
x 0 33050
p 0 204 33050
x 0 33051
p 0 199 33051
x 0 33052
p 0 201 33052
x 0 33053
p 0 204 33053
x 0 33054
p 0 204 33054
x 0 33055
p 0 234 33055
x 0 33056
p 0 227 33056
x 0 33057
p 0 237 33057
x 0 33058
p 0 206 33058
x 0 33059
p 0 204 33059
x 0 33060
p 0 199 33060
x 0 33061
p 0 201 33061
x 0 33062
p 0 204 33062
x 0 33000
x 1 33001
h 0 10.0.0.6
p 0 178154 33000
x 2 33002
h 2 10.0.0.6
p 2 438 33002
h 1 10.0.0.6
p 1 272789 33001
x 0 33003
p 0 160 33003
x 0 33004
p 0 174 33004
x 0 33005
p 0 169 33005
x 0 33006
p 0 167 33006
x 0 33007
p 0 171 33007
x 0 33008
p 0 167 33008
x 0 33009
p 0 208 33009
x 0 33010
p 0 264 33010
x 0 33011
p 0 210 33011
x 0 33012
p 0 214 33012
x 0 33013
p 0 209 33013
x 0 33014
p 0 210 33014
x 0 33015
p 0 218 33015
x 0 33016
p 0 210 33016
x 0 33017
p 0 242 33017
x 0 33018
p 0 208 33018
x 0 33019
p 0 208 33019
x 0 33020
p 0 209 33020
x 0 33021
p 0 237 33021
x 0 33022
p 0 201 33022
x 0 33023
p 0 204 33023
x 0 33024
p 0 251 33024
x 0 33025
p 0 208 33025
x 0 33026
p 0 206 33026
x 0 33027
p 0 204 33027
x 0 33028
p 0 207 33028
x 0 33029
p 0 213 33029
x 0 33030
p 0 217 33030
x 0 33031
p 0 272 33031
x 0 33032
p 0 259 33032
x 0 33033
p 0 213 33033
x 0 33034
p 0 209 33034
x 0 33035
p 0 217 33035
x 0 33036
p 0 208 33036
x 0 33037
p 0 201 33037
x 0 33038
p 0 271 33038
x 0 33039
p 0 267 33039
x 0 33040
p 0 213 33040
x 0 33041
p 0 320 33041
x 0 33042
p 0 203 33042
x 0 33043
p 0 210 33043
x 0 33044
p 0 212 33044
x 0 33045
p 0 219 33045
x 0 33046
p 0 290 33046
x 0 33047
p 0 209 33047
x 0 33048
p 0 219 33048
x 0 33049
p 0 217 33049
x 0 33050
p 0 267 33050
x 0 33051
p 0 216 33051
x 0 33052
p 0 207 33052
x 0 33053
p 0 304 33053
x 0 33054
p 0 209 33054
x 0 33055
p 0 218 33055
x 0 33056
p 0 209 33056
x 0 33057
p 0 239 33057
x 0 33058
p 0 212 33058
x 0 33059
p 0 211 33059
x 0 33060
p 0 271 33060
x 0 33061
p 0 210 33061
