x 0 33000
x 1 33001
h 1 10.0.0.7
p 1 57774 33001
h 0 10.0.0.7
p 0 158325 33000
x 2 33002
h 2 10.0.0.7
p 2 125 33002
x 0 33003
p 0 215 33003
x 0 33004
p 0 232 33004
x 0 33005
p 0 204 33005
x 0 33006
p 0 229 33006
x 0 33007
p 0 240 33007
x 0 33008
p 0 230 33008
x 0 33009
p 0 204 33009
x 0 33010
p 0 234 33010
x 0 33011
p 0 197 33011
x 0 33012
p 0 195 33012
x 0 33013
p 0 197 33013
x 0 33014
p 0 240 33014
x 0 33015
p 0 200 33015
x 0 33016
p 0 196 33016
x 0 33017
p 0 200 33017
x 0 33018
p 0 201 33018
x 0 33019
p 0 196 33019
x 0 33020
p 0 200 33020
x 0 33021
p 0 248 33021
x 0 33022
p 0 196 33022
x 0 33023
p 0 201 33023
x 0 33024
p 0 195 33024
x 0 33025
p 0 229 33025
x 0 33026
p 0 196 33026
x 0 33027
p 0 195 33027
x 0 33028
p 0 244 33028
x 0 33029
p 0 276 33029
x 0 33030
p 0 231 33030
x 0 33031
p 0 203 33031
x 0 33032
p 0 202 33032
x 0 33033
p 0 203 33033
x 0 33034
p 0 205 33034
x 0 33035
p 0 244 33035
x 0 33036
p 0 199 33036
x 0 33037
p 0 200 33037
x 0 33038
p 0 206 33038
x 0 33039
p 0 206 33039
x 0 33040
p 0 207 33040
x 0 33041
p 0 205 33041
x 0 33042
p 0 238 33042
x 0 33043
p 0 203 33043
x 0 33044
p 0 200 33044
x 0 33045
p 0 200 33045
x 0 33046
p 0 198 33046
x 0 33047
p 0 198 33047
x 0 33048
p 0 204 33048
x 0 33049
p 0 243 33049
x 0 33050
p 0 203 33050
x 0 33051
p 0 297 33051
x 0 33052
p 0 200 33052
x 0 33053
p 0 203 33053
x 0 33054
p 0 203 33054
x 0 33055
p 0 202 33055
x 0 33056
p 0 287 33056
x 0 33057
p 0 239 33057
x 0 33058
p 0 197 33058
x 0 33059
p 0 196 33059
x 0 33060
p 0 208 33060
x 0 33061
p 0 194 33061
x 0 33000
x 1 33001
x 2 33002
x 3 33003
h 0 10.0.0.7
p 0 379227 33000
h 1 10.0.0.7
p 1 291525 33001
h 2 10.0.0.7
p 2 193282 33002
h 3 10.0.0.7
p 3 95009 33003
x 4 33004
h 4 10.0.0.7
p 4 507 33004
x 0 33005
p 0 206 33005
x 0 33006
p 0 159 33006
x 0 33007
p 0 159 33007
x 0 33008
p 0 160 33008
x 0 33009
p 0 205 33009
x 0 33010
p 0 204 33010
x 0 33011
p 0 248 33011
x 0 33012
p 0 202 33012
x 0 33013
p 0 207 33013
x 0 33014
p 0 207 33014
x 0 33015
p 0 202 33015
x 0 33016
p 0 203 33016
x 0 33017
p 0 206 33017
x 0 33018
p 0 206 33018
x 0 33019
p 0 211 33019
x 0 33020
p 0 208 33020
x 0 33021
p 0 209 33021
x 0 33022
p 0 206 33022
x 0 33023
p 0 203 33023
x 0 33024
p 0 212 33024
x 0 33025
p 0 204 33025
x 0 33026
p 0 204 33026
x 0 33027
p 0 160 33027
x 0 33028
p 0 155 33028
x 0 33029
p 0 77 33029
x 0 33030
p 0 167 33030
x 0 33031
p 0 239 33031
x 0 33032
p 0 210 33032
x 0 33033
p 0 206 33033
x 0 33034
p 0 157 33034
x 0 33035
p 0 205 33035
x 0 33036
p 0 206 33036
x 0 33037
p 0 235 33037
x 0 33038
p 0 205 33038
x 0 33039
p 0 210 33039
x 0 33040
p 0 211 33040
x 0 33041
p 0 93 33041
x 0 33042
p 0 206 33042
x 0 33043
p 0 282 33043
x 0 33044
p 0 723 33044
x 0 33045
p 0 148 33045
x 0 33046
p 0 151 33046
x 0 33047
p 0 156 33047
x 0 33048
p 0 201 33048
x 0 33049
p 0 202 33049
x 0 33050
p 0 196 33050
x 0 33051
p 0 170 33051
x 0 33052
p 0 123 33052
x 0 33053
p 0 199 33053
x 0 33054
p 0 146 33054
x 0 33055
p 0 143 33055
x 0 33056
p 0 276 33056
x 0 33057
p 0 146 33057
x 0 33058
p 0 102 33058
x 0 33059
p 0 194 33059
x 0 33060
p 0 198 33060
x 0 33061
p 0 194 33061
x 0 33062
p 0 196 33062
x 0 33063
p 0 194 33063
x 0 33000
x 1 33001
x 2 33002
h 0 10.0.0.7
p 0 216495 33000
x 3 33003
h 3 10.0.0.7
p 3 543 33003
h 1 10.0.0.7
p 1 271664 33001
h 2 10.0.0.7
p 2 177645 33002
x 0 33004
p 0 262 33004
x 0 33005
p 0 204 33005
x 0 33006
p 0 200 33006
x 0 33007
p 0 243 33007
x 0 33008
p 0 172 33008
x 0 33009
p 0 168 33009
x 0 33010
p 0 168 33010
x 0 33011
p 0 214 33011
x 0 33012
p 0 234 33012
x 0 33013
p 0 206 33013
x 0 33014
p 0 203 33014
x 0 33015
p 0 199 33015
x 0 33016
p 0 212 33016
x 0 33017
p 0 201 33017
x 0 33018
p 0 210 33018
x 0 33019
p 0 239 33019
x 0 33020
p 0 200 33020
x 0 33021
p 0 277 33021
x 0 33022
p 0 204 33022
x 0 33023
p 0 200 33023
x 0 33024
p 0 199 33024
x 0 33025
p 0 166 33025
x 0 33026
p 0 223 33026
x 0 33027
p 0 202 33027
x 0 33028
p 0 259 33028
x 0 33029
p 0 259 33029
x 0 33030
p 0 215 33030
x 0 33031
p 0 180 33031
x 0 33032
p 0 156 33032
x 0 33033
p 0 144 33033
x 0 33034
p 0 186 33034
x 0 33035
p 0 146 33035
x 0 33036
p 0 183 33036
x 0 33037
p 0 180 33037
x 0 33038
p 0 146 33038
x 0 33039
p 0 208 33039
x 0 33040
p 0 167 33040
x 0 33041
p 0 221 33041
x 0 33042
p 0 269 33042
x 0 33043
p 0 223 33043
x 0 33044
p 0 158 33044
x 0 33045
p 0 158 33045
x 0 33046
p 0 212 33046
x 0 33047
p 0 333 33047
x 0 33048
p 0 205 33048
x 0 33049
p 0 210 33049
x 0 33050
p 0 196 33050
x 0 33051
p 0 270 33051
x 0 33052
p 0 216 33052
x 0 33053
p 0 152 33053
x 0 33054
p 0 160 33054
x 0 33055
p 0 208 33055
x 0 33056
p 0 158 33056
x 0 33057
p 0 207 33057
x 0 33058
p 0 155 33058
x 0 33059
p 0 212 33059
x 0 33060
p 0 209 33060
x 0 33061
p 0 223 33061
x 0 33062
p 0 154 33062
