x 0 33000
x 1 33001
x 2 33002
x 3 33003
x 4 33004
h 2 10.0.0.10
p 2 270768 33002
h 0 10.0.0.10
p 0 473447 33000
h 1 10.0.0.10
p 1 377003 33001
h 3 10.0.0.10
p 3 178997 33003
x 5 33005
h 5 10.0.0.10
p 5 727 33005
x 0 33006
p 0 278 33006
h 4 10.0.0.10
p 4 311671 33004
x 0 33007
p 0 138 33007
x 0 33008
p 0 225 33008
x 0 33009
p 0 227 33009
x 0 33010
p 0 281 33010
x 0 33011
p 0 219 33011
x 0 33012
p 0 235 33012
x 0 33013
p 0 245 33013
x 0 33014
p 0 221 33014
x 0 33015
p 0 258 33015
x 0 33016
p 0 220 33016
x 0 33017
p 0 219 33017
x 0 33018
p 0 230 33018
x 0 33019
p 0 221 33019
x 0 33020
p 0 222 33020
x 0 33021
p 0 225 33021
x 0 33022
p 0 221 33022
x 0 33023
p 0 217 33023
x 0 33024
p 0 221 33024
x 0 33025
p 0 222 33025
x 0 33026
p 0 261 33026
x 0 33027
p 0 220 33027
x 0 33028
p 0 220 33028
x 0 33029
p 0 228 33029
x 0 33030
p 0 219 33030
x 0 33031
p 0 218 33031
x 0 33032
p 0 239 33032
x 0 33033
p 0 267 33033
x 0 33034
p 0 221 33034
x 0 33035
p 0 224 33035
x 0 33036
p 0 212 33036
x 0 33037
p 0 215 33037
x 0 33038
p 0 217 33038
x 0 33039
p 0 240 33039
x 0 33040
p 0 255 33040
x 0 33041
p 0 278 33041
x 0 33042
p 0 216 33042
x 0 33043
p 0 223 33043
x 0 33044
p 0 211 33044
x 0 33045
p 0 220 33045
x 0 33046
p 0 256 33046
x 0 33047
p 0 255 33047
x 0 33048
p 0 212 33048
x 0 33049
p 0 230 33049
x 0 33050
p 0 213 33050
x 0 33051
p 0 213 33051
x 0 33052
p 0 218 33052
x 0 33053
p 0 244 33053
x 0 33054
p 0 217 33054
x 0 33055
p 0 229 33055
x 0 33056
p 0 220 33056
x 0 33057
p 0 239 33057
x 0 33058
p 0 219 33058
x 0 33059
p 0 222 33059
x 0 33060
p 0 250 33060
x 0 33061
p 0 266 33061
x 0 33062
p 0 220 33062
x 0 33063
p 0 225 33063
x 0 33064
p 0 222 33064
x 0 33000
h 0 10.0.0.10
p 0 88716 33000
x 1 33001
h 1 10.0.0.10
p 1 957 33001
x 0 33002
p 0 281 33002
x 0 33003
p 0 215 33003
x 0 33004
p 0 212 33004
x 0 33005
p 0 244 33005
x 0 33006
p 0 216 33006
x 0 33007
p 0 227 33007
x 0 33008
p 0 248 33008
x 0 33009
p 0 215 33009
x 0 33010
p 0 211 33010
x 0 33011
p 0 209 33011
x 0 33012
p 0 211 33012
x 0 33013
p 0 213 33013
x 0 33014
p 0 208 33014
x 0 33015
p 0 208 33015
x 0 33016
p 0 211 33016
x 0 33017
p 0 208 33017
x 0 33018
p 0 209 33018
x 0 33019
p 0 209 33019
x 0 33020
p 0 207 33020
x 0 33021
p 0 212 33021
x 0 33022
p 0 209 33022
x 0 33023
p 0 214 33023
x 0 33024
p 0 208 33024
x 0 33025
p 0 242 33025
x 0 33026
p 0 204 33026
x 0 33027
p 0 210 33027
x 0 33028
p 0 218 33028
x 0 33029
p 0 246 33029
x 0 33030
p 0 210 33030
x 0 33031
p 0 210 33031
x 0 33032
p 0 215 33032
x 0 33033
p 0 217 33033
x 0 33034
p 0 216 33034
x 0 33035
p 0 245 33035
x 0 33036
p 0 210 33036
x 0 33037
p 0 216 33037
x 0 33038
p 0 217 33038
x 0 33039
p 0 286 33039
x 0 33040
p 0 215 33040
x 0 33041
p 0 216 33041
x 0 33042
p 0 217 33042
x 0 33043
p 0 276 33043
x 0 33044
p 0 218 33044
x 0 33045
p 0 210 33045
x 0 33046
p 0 210 33046
x 0 33047
p 0 213 33047
x 0 33048
p 0 212 33048
x 0 33049
p 0 218 33049
x 0 33050
p 0 219 33050
x 0 33051
p 0 246 33051
x 0 33052
p 0 212 33052
x 0 33053
p 0 221 33053
x 0 33054
p 0 219 33054
x 0 33055
p 0 249 33055
x 0 33056
p 0 216 33056
x 0 33057
p 0 218 33057
x 0 33058
p 0 216 33058
x 0 33059
p 0 244 33059
x 0 33060
p 0 212 33060
x 0 33000
h 0 10.0.0.10
p 0 85950 33000
x 1 33001
h 1 10.0.0.10
p 1 1048 33001
x 0 33002
p 0 271 33002
x 0 33003
p 0 220 33003
x 0 33004
p 0 215 33004
x 0 33005
p 0 213 33005
x 0 33006
p 0 248 33006
x 0 33007
p 0 109 33007
x 0 33008
p 0 219 33008
x 0 33009
p 0 214 33009
x 0 33010
p 0 212 33010
x 0 33011
p 0 190 33011
x 0 33012
p 0 210 33012
x 0 33013
p 0 182 33013
x 0 33014
p 0 246 33014
x 0 33015
p 0 314 33015
x 0 33016
p 0 187 33016
x 0 33017
p 0 178 33017
x 0 33018
p 0 177 33018
x 0 33019
p 0 178 33019
x 0 33020
p 0 176 33020
x 0 33021
p 0 175 33021
x 0 33022
p 0 173 33022
x 0 33023
p 0 174 33023
x 0 33024
p 0 178 33024
x 0 33025
p 0 164 33025
x 0 33026
p 0 169 33026
x 0 33027
p 0 164 33027
x 0 33028
p 0 172 33028
x 0 33029
p 0 172 33029
x 0 33030
p 0 178 33030
x 0 33031
p 0 175 33031
x 0 33032
p 0 171 33032
x 0 33033
p 0 173 33033
x 0 33034
p 0 217 33034
x 0 33035
p 0 184 33035
x 0 33036
p 0 175 33036
x 0 33037
p 0 181 33037
x 0 33038
p 0 184 33038
x 0 33039
p 0 175 33039
x 0 33040
p 0 171 33040
x 0 33041
p 0 307 33041
x 0 33042
p 0 171 33042
x 0 33043
p 0 169 33043
x 0 33044
p 0 176 33044
x 0 33045
p 0 181 33045
x 0 33046
p 0 166 33046
x 0 33047
p 0 171 33047
x 0 33048
p 0 166 33048
x 0 33049
p 0 166 33049
x 0 33050
p 0 165 33050
x 0 33051
p 0 174 33051
x 0 33052
p 0 227 33052
x 0 33053
p 0 168 33053
x 0 33054
p 0 174 33054
x 0 33055
p 0 177 33055
x 0 33056
p 0 179 33056
x 0 33057
p 0 181 33057
x 0 33058
p 0 213 33058
x 0 33059
p 0 220 33059
x 0 33060
p 0 142 33060
x 0 33000
h 0 10.0.0.10
p 0 82815 33000
x 1 33001
h 1 10.0.0.10
p 1 802 33001
x 0 33002
p 0 235 33002
x 0 33003
p 0 220 33003
x 0 33004
p 0 212 33004
x 0 33005
p 0 215 33005
x 0 33006
p 0 219 33006
x 0 33007
p 0 239 33007
x 0 33008
p 0 216 33008
x 0 33009
p 0 214 33009
x 0 33010
p 0 215 33010
x 0 33011
p 0 218 33011
x 0 33012
p 0 217 33012
x 0 33013
p 0 220 33013
x 0 33014
p 0 216 33014
x 0 33015
p 0 222 33015
x 0 33016
p 0 223 33016
x 0 33017
p 0 219 33017
x 0 33018
p 0 232 33018
x 0 33019
p 0 219 33019
x 0 33020
p 0 159 33020
x 0 33021
p 0 157 33021
x 0 33022
p 0 151 33022
x 0 33023
p 0 213 33023
x 0 33024
p 0 154 33024
x 0 33025
p 0 210 33025
x 0 33026
p 0 154 33026
x 0 33027
p 0 251 33027
x 0 33028
p 0 235 33028
x 0 33029
p 0 235 33029
x 0 33030
p 0 223 33030
x 0 33031
p 0 157 33031
x 0 33032
p 0 217 33032
x 0 33033
p 0 160 33033
x 0 33034
p 0 157 33034
x 0 33035
p 0 222 33035
x 0 33036
p 0 160 33036
x 0 33037
p 0 224 33037
x 0 33038
p 0 154 33038
x 0 33039
p 0 216 33039
x 0 33040
p 0 155 33040
x 0 33041
p 0 249 33041
x 0 33042
p 0 157 33042
x 0 33043
p 0 222 33043
x 0 33044
p 0 156 33044
x 0 33045
p 0 222 33045
x 0 33046
p 0 223 33046
x 0 33047
p 0 159 33047
x 0 33048
p 0 230 33048
x 0 33049
p 0 161 33049
x 0 33050
p 0 222 33050
x 0 33051
p 0 192 33051
x 0 33052
p 0 223 33052
x 0 33053
p 0 160 33053
x 0 33054
p 0 215 33054
x 0 33055
p 0 168 33055
x 0 33056
p 0 221 33056
x 0 33057
p 0 154 33057
x 0 33058
p 0 217 33058
x 0 33059
p 0 151 33059
x 0 33060
p 0 220 33060
x 0 33000
h 0 10.0.0.10
p 0 49838 33000
x 1 33001
h 1 10.0.0.10
p 1 1093 33001
x 0 33002
p 0 199 33002
x 0 33003
p 0 216 33003
x 0 33004
p 0 210 33004
x 0 33005
p 0 210 33005
x 0 33006
p 0 218 33006
x 0 33007
p 0 223 33007
x 0 33008
p 0 212 33008
x 0 33009
p 0 210 33009
x 0 33010
p 0 226 33010
x 0 33011
p 0 224 33011
x 0 33012
p 0 223 33012
x 0 33013
p 0 223 33013
x 0 33014
p 0 230 33014
x 0 33015
p 0 229 33015
x 0 33016
p 0 225 33016
x 0 33017
p 0 224 33017
x 0 33018
p 0 221 33018
x 0 33019
p 0 219 33019
x 0 33020
p 0 225 33020
x 0 33021
p 0 222 33021
x 0 33022
p 0 223 33022
x 0 33023
p 0 290 33023
x 0 33024
p 0 226 33024
x 0 33025
p 0 224 33025
x 0 33026
p 0 225 33026
x 0 33027
p 0 220 33027
x 0 33028
p 0 225 33028
x 0 33029
p 0 254 33029
x 0 33030
p 0 225 33030
x 0 33031
p 0 227 33031
x 0 33032
p 0 226 33032
x 0 33033
p 0 226 33033
x 0 33034
p 0 254 33034
x 0 33035
p 0 230 33035
x 0 33036
p 0 451 33036
x 0 33037
p 0 269 33037
x 0 33038
p 0 224 33038
x 0 33039
p 0 220 33039
x 0 33040
p 0 221 33040
x 0 33041
p 0 229 33041
x 0 33042
p 0 226 33042
x 0 33043
p 0 270 33043
x 0 33044
p 0 266 33044
x 0 33045
p 0 231 33045
x 0 33046
p 0 229 33046
x 0 33047
p 0 225 33047
x 0 33048
p 0 229 33048
x 0 33049
p 0 221 33049
x 0 33050
p 0 258 33050
x 0 33051
p 0 275 33051
x 0 33052
p 0 225 33052
x 0 33053
p 0 227 33053
x 0 33054
p 0 225 33054
x 0 33055
p 0 232 33055
x 0 33056
p 0 236 33056
x 0 33057
p 0 264 33057
x 0 33058
p 0 272 33058
x 0 33059
p 0 225 33059
x 0 33060
p 0 226 33060
x 0 33000
h 0 10.0.0.10
p 0 83430 33000
x 1 33001
h 1 10.0.0.10
p 1 1253 33001
x 0 33002
p 0 213 33002
x 0 33003
p 0 213 33003
x 0 33004
p 0 248 33004
x 0 33005
p 0 213 33005
x 0 33006
p 0 211 33006
x 0 33007
p 0 239 33007
x 0 33008
p 0 215 33008
x 0 33009
p 0 211 33009
x 0 33010
p 0 212 33010
x 0 33011
p 0 215 33011
x 0 33012
p 0 212 33012
x 0 33013
p 0 215 33013
x 0 33014
p 0 217 33014
x 0 33015
p 0 213 33015
x 0 33016
p 0 216 33016
x 0 33017
p 0 212 33017
x 0 33018
p 0 228 33018
x 0 33019
p 0 278 33019
x 0 33020
p 0 212 33020
x 0 33021
p 0 213 33021
x 0 33022
p 0 211 33022
x 0 33023
p 0 215 33023
x 0 33024
p 0 212 33024
x 0 33025
p 0 214 33025
x 0 33026
p 0 270 33026
x 0 33027
p 0 215 33027
x 0 33028
p 0 215 33028
x 0 33029
p 0 215 33029
x 0 33030
p 0 214 33030
x 0 33031
p 0 208 33031
x 0 33032
p 0 214 33032
x 0 33033
p 0 217 33033
x 0 33034
p 0 213 33034
x 0 33035
p 0 212 33035
x 0 33036
p 0 210 33036
x 0 33037
p 0 216 33037
x 0 33038
p 0 214 33038
x 0 33039
p 0 214 33039
x 0 33040
p 0 211 33040
x 0 33041
p 0 213 33041
x 0 33042
p 0 216 33042
x 0 33043
p 0 216 33043
x 0 33044
p 0 215 33044
x 0 33045
p 0 221 33045
x 0 33046
p 0 212 33046
x 0 33047
p 0 216 33047
x 0 33048
p 0 213 33048
x 0 33049
p 0 219 33049
x 0 33050
p 0 215 33050
x 0 33051
p 0 212 33051
x 0 33052
p 0 218 33052
x 0 33053
p 0 299 33053
x 0 33054
p 0 292 33054
x 0 33055
p 0 215 33055
x 0 33056
p 0 212 33056
x 0 33057
p 0 214 33057
x 0 33058
p 0 217 33058
x 0 33059
p 0 218 33059
x 0 33060
p 0 217 33060
x 0 33000
h 0 10.0.0.10
p 0 62608 33000
x 1 33001
h 1 10.0.0.10
p 1 588 33001
x 0 33002
p 0 257 33002
x 0 33003
p 0 221 33003
x 0 33004
p 0 257 33004
x 0 33005
p 0 212 33005
x 0 33006
p 0 209 33006
x 0 33007
p 0 181 33007
x 0 33008
p 0 212 33008
x 0 33009
p 0 214 33009
x 0 33010
p 0 182 33010
x 0 33011
p 0 214 33011
x 0 33012
p 0 216 33012
x 0 33013
p 0 216 33013
x 0 33014
p 0 182 33014
x 0 33015
p 0 211 33015
x 0 33016
p 0 193 33016
x 0 33017
p 0 214 33017
x 0 33018
p 0 183 33018
x 0 33019
p 0 218 33019
x 0 33020
p 0 209 33020
x 0 33021
p 0 209 33021
x 0 33022
p 0 216 33022
x 0 33023
p 0 224 33023
x 0 33024
p 0 214 33024
x 0 33025
p 0 207 33025
x 0 33026
p 0 189 33026
x 0 33027
p 0 219 33027
x 0 33028
p 0 217 33028
x 0 33029
p 0 217 33029
x 0 33030
p 0 216 33030
x 0 33031
p 0 200 33031
x 0 33032
p 0 216 33032
x 0 33033
p 0 218 33033
x 0 33034
p 0 184 33034
x 0 33035
p 0 218 33035
x 0 33036
p 0 206 33036
x 0 33037
p 0 209 33037
x 0 33038
p 0 176 33038
x 0 33039
p 0 207 33039
x 0 33040
p 0 205 33040
x 0 33041
p 0 208 33041
x 0 33042
p 0 211 33042
x 0 33043
p 0 213 33043
x 0 33044
p 0 209 33044
x 0 33045
p 0 211 33045
x 0 33046
p 0 177 33046
x 0 33047
p 0 210 33047
x 0 33048
p 0 209 33048
x 0 33049
p 0 176 33049
x 0 33050
p 0 212 33050
x 0 33051
p 0 265 33051
x 0 33052
p 0 209 33052
x 0 33053
p 0 207 33053
x 0 33054
p 0 182 33054
x 0 33055
p 0 210 33055
x 0 33056
p 0 205 33056
x 0 33057
p 0 207 33057
x 0 33058
p 0 187 33058
x 0 33059
p 0 178 33059
x 0 33060
p 0 178 33060
x 0 33000
h 0 10.0.0.10
p 0 61524 33000
x 1 33001
h 1 10.0.0.10
p 1 1032 33001
x 0 33002
p 0 271 33002
x 0 33003
p 0 200 33003
x 0 33004
p 0 243 33004
x 0 33005
p 0 210 33005
x 0 33006
p 0 246 33006
x 0 33007
p 0 279 33007
x 0 33008
p 0 240 33008
x 0 33009
p 0 226 33009
x 0 33010
p 0 210 33010
x 0 33011
p 0 208 33011
x 0 33012
p 0 209 33012
x 0 33013
p 0 250 33013
x 0 33014
p 0 208 33014
x 0 33015
p 0 260 33015
x 0 33016
p 0 204 33016
x 0 33017
p 0 206 33017
x 0 33018
p 0 104 33018
x 0 33019
p 0 239 33019
x 0 33020
p 0 203 33020
x 0 33021
p 0 202 33021
x 0 33022
p 0 202 33022
x 0 33023
p 0 209 33023
x 0 33024
p 0 234 33024
x 0 33025
p 0 201 33025
x 0 33026
p 0 207 33026
x 0 33027
p 0 223 33027
x 0 33028
p 0 210 33028
x 0 33029
p 0 206 33029
x 0 33030
p 0 209 33030
x 0 33031
p 0 242 33031
x 0 33032
p 0 115 33032
x 0 33033
p 0 214 33033
x 0 33034
p 0 208 33034
x 0 33035
p 0 206 33035
x 0 33036
p 0 204 33036
x 0 33037
p 0 216 33037
x 0 33038
p 0 209 33038
x 0 33039
p 0 202 33039
x 0 33040
p 0 205 33040
x 0 33041
p 0 203 33041
x 0 33042
p 0 211 33042
x 0 33043
p 0 204 33043
x 0 33044
p 0 202 33044
x 0 33045
p 0 204 33045
x 0 33046
p 0 202 33046
x 0 33047
p 0 207 33047
x 0 33048
p 0 208 33048
x 0 33049
p 0 203 33049
x 0 33050
p 0 206 33050
x 0 33051
p 0 206 33051
x 0 33052
p 0 208 33052
x 0 33053
p 0 205 33053
x 0 33054
p 0 205 33054
x 0 33055
p 0 205 33055
x 0 33056
p 0 205 33056
x 0 33057
p 0 251 33057
x 0 33058
p 0 209 33058
x 0 33059
p 0 208 33059
x 0 33060
p 0 221 33060
x 0 33000
x 1 33001
h 0 10.0.0.10
p 0 129169 33000
x 2 33002
h 2 10.0.0.10
p 2 584 33002
x 0 33003
p 0 211 33003
h 1 10.0.0.10
p 1 1005546 33001
x 0 33004
p 0 207 33004
x 0 33005
p 0 210 33005
x 0 33006
p 0 207 33006
x 0 33007
p 0 271 33007
x 0 33008
p 0 222 33008
x 0 33009
p 0 264 33009
x 0 33010
p 0 222 33010
x 0 33011
p 0 216 33011
x 0 33012
p 0 224 33012
x 0 33013
p 0 216 33013
x 0 33014
p 0 221 33014
x 0 33015
p 0 214 33015
x 0 33016
p 0 215 33016
x 0 33017
p 0 250 33017
x 0 33018
p 0 220 33018
x 0 33019
p 0 224 33019
x 0 33020
p 0 222 33020
x 0 33021
p 0 211 33021
x 0 33022
p 0 223 33022
x 0 33023
p 0 221 33023
x 0 33024
p 0 261 33024
x 0 33025
p 0 216 33025
x 0 33026
p 0 215 33026
x 0 33027
p 0 218 33027
x 0 33028
p 0 227 33028
x 0 33029
p 0 232 33029
x 0 33030
p 0 220 33030
x 0 33031
p 0 261 33031
x 0 33032
p 0 223 33032
x 0 33033
p 0 225 33033
x 0 33034
p 0 218 33034
x 0 33035
p 0 227 33035
x 0 33036
p 0 217 33036
x 0 33037
p 0 220 33037
x 0 33038
p 0 279 33038
x 0 33039
p 0 232 33039
x 0 33040
p 0 219 33040
x 0 33041
p 0 230 33041
x 0 33042
p 0 221 33042
x 0 33043
p 0 227 33043
x 0 33044
p 0 250 33044
x 0 33045
p 0 266 33045
x 0 33046
p 0 213 33046
x 0 33047
p 0 222 33047
x 0 33048
p 0 229 33048
x 0 33049
p 0 224 33049
x 0 33050
p 0 220 33050
x 0 33051
p 0 214 33051
x 0 33052
p 0 258 33052
x 0 33053
p 0 225 33053
x 0 33054
p 0 221 33054
x 0 33055
p 0 221 33055
x 0 33056
p 0 217 33056
x 0 33057
p 0 220 33057
x 0 33058
p 0 229 33058
x 0 33059
p 0 260 33059
x 0 33060
p 0 221 33060
x 0 33061
p 0 216 33061
x 0 33000
h 0 10.0.0.10
p 0 76356 33000
x 1 33001
h 1 10.0.0.10
p 1 950 33001
x 0 33002
p 0 284 33002
x 0 33003
p 0 212 33003
x 0 33004
p 0 210 33004
x 0 33005
p 0 208 33005
x 0 33006
p 0 249 33006
x 0 33007
p 0 213 33007
x 0 33008
p 0 207 33008
x 0 33009
p 0 206 33009
x 0 33010
p 0 206 33010
x 0 33011
p 0 207 33011
x 0 33012
p 0 206 33012
x 0 33013
p 0 208 33013
x 0 33014
p 0 208 33014
x 0 33015
p 0 230 33015
x 0 33016
p 0 208 33016
x 0 33017
p 0 206 33017
x 0 33018
p 0 207 33018
x 0 33019
p 0 210 33019
x 0 33020
p 0 210 33020
x 0 33021
p 0 204 33021
x 0 33022
p 0 209 33022
x 0 33023
p 0 238 33023
x 0 33024
p 0 204 33024
x 0 33025
p 0 207 33025
x 0 33026
p 0 213 33026
x 0 33027
p 0 205 33027
x 0 33028
p 0 206 33028
x 0 33029
p 0 207 33029
x 0 33030
p 0 241 33030
x 0 33031
p 0 208 33031
x 0 33032
p 0 207 33032
x 0 33033
p 0 206 33033
x 0 33034
p 0 207 33034
x 0 33035
p 0 209 33035
x 0 33036
p 0 207 33036
x 0 33037
p 0 207 33037
x 0 33038
p 0 205 33038
x 0 33039
p 0 207 33039
x 0 33040
p 0 207 33040
x 0 33041
p 0 206 33041
x 0 33042
p 0 276 33042
x 0 33043
p 0 209 33043
x 0 33044
p 0 242 33044
x 0 33045
p 0 204 33045
x 0 33046
p 0 208 33046
x 0 33047
p 0 207 33047
x 0 33048
p 0 205 33048
x 0 33049
p 0 207 33049
x 0 33050
p 0 208 33050
x 0 33051
p 0 240 33051
x 0 33052
p 0 212 33052
x 0 33053
p 0 207 33053
x 0 33054
p 0 211 33054
x 0 33055
p 0 209 33055
x 0 33056
p 0 210 33056
x 0 33057
p 0 217 33057
x 0 33058
p 0 207 33058
x 0 33059
p 0 290 33059
x 0 33060
p 0 208 33060
x 0 33000
h 0 10.0.0.10
p 0 49631 33000
x 1 33001
h 1 10.0.0.10
p 1 1000 33001
x 0 33002
p 0 224 33002
x 0 33003
p 0 216 33003
x 0 33004
p 0 209 33004
x 0 33005
p 0 214 33005
x 0 33006
p 0 255 33006
x 0 33007
p 0 280 33007
x 0 33008
p 0 217 33008
x 0 33009
p 0 207 33009
x 0 33010
p 0 207 33010
x 0 33011
p 0 213 33011
x 0 33012
p 0 210 33012
x 0 33013
p 0 213 33013
x 0 33014
p 0 245 33014
x 0 33015
p 0 219 33015
x 0 33016
p 0 212 33016
x 0 33017
p 0 207 33017
x 0 33018
p 0 210 33018
x 0 33019
p 0 205 33019
x 0 33020
p 0 208 33020
x 0 33021
p 0 264 33021
x 0 33022
p 0 207 33022
x 0 33023
p 0 211 33023
x 0 33024
p 0 206 33024
x 0 33025
p 0 207 33025
x 0 33026
p 0 207 33026
x 0 33027
p 0 208 33027
x 0 33028
p 0 212 33028
x 0 33029
p 0 204 33029
x 0 33030
p 0 208 33030
x 0 33031
p 0 208 33031
x 0 33032
p 0 206 33032
x 0 33033
p 0 210 33033
x 0 33034
p 0 206 33034
x 0 33035
p 0 250 33035
x 0 33036
p 0 271 33036
x 0 33037
p 0 208 33037
x 0 33038
p 0 243 33038
x 0 33039
p 0 205 33039
x 0 33040
p 0 203 33040
x 0 33041
p 0 210 33041
x 0 33042
p 0 207 33042
x 0 33043
p 0 217 33043
x 0 33044
p 0 208 33044
x 0 33045
p 0 242 33045
x 0 33046
p 0 213 33046
x 0 33047
p 0 210 33047
x 0 33048
p 0 208 33048
x 0 33049
p 0 208 33049
x 0 33050
p 0 205 33050
x 0 33051
p 0 266 33051
x 0 33052
p 0 238 33052
x 0 33053
p 0 216 33053
x 0 33054
p 0 208 33054
x 0 33055
p 0 212 33055
x 0 33056
p 0 213 33056
x 0 33057
p 0 210 33057
x 0 33058
p 0 216 33058
x 0 33059
p 0 239 33059
x 0 33060
p 0 203 33060
x 0 33000
h 0 10.0.0.10
p 0 63021 33000
x 1 33001
h 1 10.0.0.10
p 1 866 33001
x 0 33002
p 0 200 33002
x 0 33003
p 0 213 33003
x 0 33004
p 0 217 33004
x 0 33005
p 0 213 33005
x 0 33006
p 0 189 33006
x 0 33007
p 0 269 33007
x 0 33008
p 0 190 33008
x 0 33009
p 0 205 33009
x 0 33010
p 0 190 33010
x 0 33011
p 0 188 33011
x 0 33012
p 0 186 33012
x 0 33013
p 0 194 33013
x 0 33014
p 0 193 33014
x 0 33015
p 0 187 33015
x 0 33016
p 0 201 33016
x 0 33017
p 0 290 33017
x 0 33018
p 0 239 33018
x 0 33019
p 0 240 33019
x 0 33020
p 0 268 33020
x 0 33021
p 0 228 33021
x 0 33022
p 0 233 33022
x 0 33023
p 0 232 33023
x 0 33024
p 0 232 33024
x 0 33025
p 0 230 33025
x 0 33026
p 0 263 33026
x 0 33027
p 0 303 33027
x 0 33028
p 0 255 33028
x 0 33029
p 0 263 33029
x 0 33030
p 0 261 33030
x 0 33031
p 0 268 33031
x 0 33032
p 0 265 33032
x 0 33033
p 0 260 33033
x 0 33034
p 0 298 33034
x 0 33035
p 0 256 33035
x 0 33036
p 0 259 33036
x 0 33037
p 0 262 33037
x 0 33038
p 0 253 33038
x 0 33039
p 0 261 33039
x 0 33040
p 0 257 33040
x 0 33041
p 0 240 33041
x 0 33042
p 0 221 33042
x 0 33043
p 0 212 33043
x 0 33044
p 0 224 33044
x 0 33045
p 0 217 33045
x 0 33046
p 0 215 33046
x 0 33047
p 0 244 33047
x 0 33048
p 0 245 33048
x 0 33049
p 0 218 33049
x 0 33050
p 0 217 33050
x 0 33051
p 0 220 33051
x 0 33052
p 0 233 33052
x 0 33053
p 0 215 33053
x 0 33054
p 0 247 33054
x 0 33055
p 0 250 33055
x 0 33056
p 0 278 33056
x 0 33057
p 0 223 33057
x 0 33058
p 0 225 33058
x 0 33059
p 0 227 33059
x 0 33060
p 0 221 33060
x 0 33000
h 0 10.0.0.10
p 0 83380 33000
x 1 33001
h 1 10.0.0.10
p 1 943 33001
x 0 33002
p 0 103 33002
x 0 33003
p 0 213 33003
x 0 33004
p 0 249 33004
x 0 33005
p 0 212 33005
x 0 33006
p 0 207 33006
x 0 33007
p 0 237 33007
x 0 33008
p 0 242 33008
x 0 33009
p 0 214 33009
x 0 33010
p 0 216 33010
x 0 33011
p 0 240 33011
x 0 33012
p 0 254 33012
x 0 33013
p 0 213 33013
x 0 33014
p 0 217 33014
x 0 33015
p 0 215 33015
x 0 33016
p 0 257 33016
x 0 33017
p 0 218 33017
x 0 33018
p 0 213 33018
x 0 33019
p 0 245 33019
x 0 33020
p 0 206 33020
x 0 33021
p 0 213 33021
x 0 33022
p 0 216 33022
x 0 33023
p 0 214 33023
x 0 33024
p 0 213 33024
x 0 33025
p 0 218 33025
x 0 33026
p 0 248 33026
x 0 33027
p 0 214 33027
x 0 33028
p 0 216 33028
x 0 33029
p 0 216 33029
x 0 33030
p 0 214 33030
x 0 33031
p 0 214 33031
x 0 33032
p 0 219 33032
x 0 33033
p 0 214 33033
x 0 33034
p 0 213 33034
x 0 33035
p 0 212 33035
x 0 33036
p 0 209 33036
x 0 33037
p 0 210 33037
x 0 33038
p 0 210 33038
x 0 33039
p 0 210 33039
x 0 33040
p 0 212 33040
x 0 33041
p 0 215 33041
x 0 33042
p 0 216 33042
x 0 33043
p 0 213 33043
x 0 33044
p 0 216 33044
x 0 33045
p 0 215 33045
x 0 33046
p 0 180 33046
x 0 33047
p 0 218 33047
x 0 33048
p 0 267 33048
x 0 33049
p 0 211 33049
x 0 33050
p 0 302 33050
x 0 33051
p 0 181 33051
x 0 33052
p 0 270 33052
x 0 33053
p 0 207 33053
x 0 33054
p 0 215 33054
x 0 33055
p 0 214 33055
x 0 33056
p 0 224 33056
x 0 33057
p 0 209 33057
x 0 33058
p 0 213 33058
x 0 33059
p 0 219 33059
x 0 33060
p 0 217 33060
x 0 33000
x 1 33001
x 2 33002
x 3 33003
x 4 33004
h 0 10.0.0.10
p 0 459682 33000
x 5 33005
h 5 10.0.0.10
p 5 1142 33005
h 1 10.0.0.10
p 1 560757 33001
h 2 10.0.0.10
p 2 465791 33002
x 0 33006
p 0 214 33006
h 3 10.0.0.10
p 3 372021 33003
h 4 10.0.0.10
p 4 276591 33004
x 0 33007
p 0 212 33007
x 0 33008
p 0 208 33008
x 0 33009
p 0 208 33009
x 0 33010
p 0 222 33010
x 0 33011
p 0 222 33011
x 0 33012
p 0 218 33012
x 0 33013
p 0 218 33013
x 0 33014
p 0 212 33014
x 0 33015
p 0 213 33015
x 0 33016
p 0 215 33016
x 0 33017
p 0 211 33017
x 0 33018
p 0 215 33018
x 0 33019
p 0 211 33019
x 0 33020
p 0 212 33020
x 0 33021
p 0 206 33021
x 0 33022
p 0 203 33022
x 0 33023
p 0 212 33023
x 0 33024
p 0 204 33024
x 0 33025
p 0 203 33025
x 0 33026
p 0 205 33026
x 0 33027
p 0 203 33027
x 0 33028
p 0 206 33028
x 0 33029
p 0 203 33029
x 0 33030
p 0 206 33030
x 0 33031
p 0 209 33031
x 0 33032
p 0 209 33032
x 0 33033
p 0 206 33033
x 0 33034
p 0 207 33034
x 0 33035
p 0 206 33035
x 0 33036
p 0 206 33036
x 0 33037
p 0 203 33037
x 0 33038
p 0 206 33038
x 0 33039
p 0 203 33039
x 0 33040
p 0 203 33040
x 0 33041
p 0 203 33041
x 0 33042
p 0 218 33042
x 0 33043
p 0 211 33043
x 0 33044
p 0 213 33044
x 0 33045
p 0 241 33045
x 0 33046
p 0 213 33046
x 0 33047
p 0 213 33047
x 0 33048
p 0 213 33048
x 0 33049
p 0 250 33049
x 0 33050
p 0 211 33050
x 0 33051
p 0 211 33051
x 0 33052
p 0 242 33052
x 0 33053
p 0 206 33053
x 0 33054
p 0 207 33054
x 0 33055
p 0 206 33055
x 0 33056
p 0 248 33056
x 0 33057
p 0 205 33057
x 0 33058
p 0 204 33058
x 0 33059
p 0 236 33059
x 0 33060
p 0 206 33060
x 0 33061
p 0 209 33061
x 0 33062
p 0 208 33062
x 0 33063
p 0 208 33063
x 0 33064
p 0 209 33064
x 0 33000
h 0 10.0.0.10
p 0 60768 33000
x 1 33001
h 1 10.0.0.10
p 1 815 33001
x 0 33002
p 0 219 33002
x 0 33003
p 0 205 33003
x 0 33004
p 0 207 33004
x 0 33005
p 0 210 33005
x 0 33006
p 0 237 33006
x 0 33007
p 0 220 33007
x 0 33008
p 0 211 33008
x 0 33009
p 0 223 33009
x 0 33010
p 0 218 33010
x 0 33011
p 0 212 33011
x 0 33012
p 0 213 33012
x 0 33013
p 0 243 33013
x 0 33014
p 0 213 33014
x 0 33015
p 0 214 33015
x 0 33016
p 0 206 33016
x 0 33017
p 0 268 33017
x 0 33018
p 0 212 33018
x 0 33019
p 0 216 33019
x 0 33020
p 0 240 33020
x 0 33021
p 0 205 33021
x 0 33022
p 0 210 33022
x 0 33023
p 0 218 33023
x 0 33024
p 0 251 33024
x 0 33025
p 0 212 33025
x 0 33026
p 0 214 33026
x 0 33027
p 0 240 33027
x 0 33028
p 0 212 33028
x 0 33029
p 0 219 33029
x 0 33030
p 0 212 33030
x 0 33031
p 0 248 33031
x 0 33032
p 0 215 33032
x 0 33033
p 0 247 33033
x 0 33034
p 0 241 33034
x 0 33035
p 0 210 33035
x 0 33036
p 0 206 33036
x 0 33037
p 0 213 33037
x 0 33038
p 0 256 33038
x 0 33039
p 0 213 33039
x 0 33040
p 0 214 33040
x 0 33041
p 0 235 33041
x 0 33042
p 0 213 33042
x 0 33043
p 0 212 33043
x 0 33044
p 0 206 33044
x 0 33045
p 0 250 33045
x 0 33046
p 0 208 33046
x 0 33047
p 0 213 33047
x 0 33048
p 0 212 33048
x 0 33049
p 0 237 33049
x 0 33050
p 0 213 33050
x 0 33051
p 0 210 33051
x 0 33052
p 0 212 33052
x 0 33053
p 0 212 33053
x 0 33054
p 0 209 33054
x 0 33055
p 0 215 33055
x 0 33056
p 0 214 33056
x 0 33057
p 0 212 33057
x 0 33058
p 0 214 33058
x 0 33059
p 0 215 33059
x 0 33060
p 0 215 33060
x 0 33000
h 0 10.0.0.10
p 0 51704 33000
x 1 33001
h 1 10.0.0.10
p 1 769 33001
x 0 33002
p 0 200 33002
x 0 33003
p 0 167 33003
x 0 33004
p 0 174 33004
x 0 33005
p 0 209 33005
x 0 33006
p 0 213 33006
x 0 33007
p 0 253 33007
x 0 33008
p 0 212 33008
x 0 33009
p 0 212 33009
x 0 33010
p 0 210 33010
x 0 33011
p 0 241 33011
x 0 33012
p 0 211 33012
x 0 33013
p 0 205 33013
x 0 33014
p 0 212 33014
x 0 33015
p 0 209 33015
x 0 33016
p 0 207 33016
x 0 33017
p 0 216 33017
x 0 33018
p 0 209 33018
x 0 33019
p 0 207 33019
x 0 33020
p 0 208 33020
x 0 33021
p 0 206 33021
x 0 33022
p 0 207 33022
x 0 33023
p 0 205 33023
x 0 33024
p 0 218 33024
x 0 33025
p 0 205 33025
x 0 33026
p 0 205 33026
x 0 33027
p 0 210 33027
x 0 33028
p 0 226 33028
x 0 33029
p 0 211 33029
x 0 33030
p 0 206 33030
x 0 33031
p 0 207 33031
x 0 33032
p 0 209 33032
x 0 33033
p 0 224 33033
x 0 33034
p 0 241 33034
x 0 33035
p 0 208 33035
x 0 33036
p 0 209 33036
x 0 33037
p 0 238 33037
x 0 33038
p 0 209 33038
x 0 33039
p 0 215 33039
x 0 33040
p 0 213 33040
x 0 33041
p 0 241 33041
x 0 33042
p 0 209 33042
x 0 33043
p 0 212 33043
x 0 33044
p 0 212 33044
x 0 33045
p 0 209 33045
x 0 33046
p 0 209 33046
x 0 33047
p 0 214 33047
x 0 33048
p 0 211 33048
x 0 33049
p 0 209 33049
x 0 33050
p 0 212 33050
x 0 33051
p 0 210 33051
x 0 33052
p 0 209 33052
x 0 33053
p 0 289 33053
x 0 33054
p 0 206 33054
x 0 33055
p 0 216 33055
x 0 33056
p 0 209 33056
x 0 33057
p 0 210 33057
x 0 33058
p 0 213 33058
x 0 33059
p 0 216 33059
x 0 33060
p 0 220 33060
x 0 33000
h 0 10.0.0.10
p 0 51354 33000
x 1 33001
h 1 10.0.0.10
p 1 856 33001
x 0 33002
p 0 247 33002
x 0 33003
p 0 265 33003
x 0 33004
p 0 238 33004
x 0 33005
p 0 237 33005
x 0 33006
p 0 247 33006
x 0 33007
p 0 260 33007
x 0 33008
p 0 221 33008
x 0 33009
p 0 214 33009
x 0 33010
p 0 213 33010
x 0 33011
p 0 212 33011
x 0 33012
p 0 214 33012
x 0 33013
p 0 272 33013
x 0 33014
p 0 211 33014
x 0 33015
p 0 247 33015
x 0 33016
p 0 210 33016
x 0 33017
p 0 216 33017
x 0 33018
p 0 210 33018
x 0 33019
p 0 251 33019
x 0 33020
p 0 348 33020
x 0 33021
p 0 209 33021
x 0 33022
p 0 213 33022
x 0 33023
p 0 216 33023
x 0 33024
p 0 211 33024
x 0 33025
p 0 224 33025
x 0 33026
p 0 213 33026
x 0 33027
p 0 219 33027
x 0 33028
p 0 214 33028
x 0 33029
p 0 215 33029
x 0 33030
p 0 213 33030
x 0 33031
p 0 212 33031
x 0 33032
p 0 241 33032
x 0 33033
p 0 220 33033
x 0 33034
p 0 249 33034
x 0 33035
p 0 216 33035
x 0 33036
p 0 214 33036
x 0 33037
p 0 220 33037
x 0 33038
p 0 280 33038
x 0 33039
p 0 216 33039
x 0 33040
p 0 214 33040
x 0 33041
p 0 213 33041
x 0 33042
p 0 230 33042
x 0 33043
p 0 226 33043
x 0 33044
p 0 216 33044
x 0 33045
p 0 219 33045
x 0 33046
p 0 216 33046
x 0 33047
p 0 216 33047
x 0 33048
p 0 218 33048
x 0 33049
p 0 213 33049
x 0 33050
p 0 213 33050
x 0 33051
p 0 210 33051
x 0 33052
p 0 216 33052
x 0 33053
p 0 214 33053
x 0 33054
p 0 213 33054
x 0 33055
p 0 214 33055
x 0 33056
p 0 219 33056
x 0 33057
p 0 216 33057
x 0 33058
p 0 221 33058
x 0 33059
p 0 212 33059
x 0 33060
p 0 216 33060
x 0 33000
h 0 10.0.0.10
p 0 71151 33000
x 1 33001
h 1 10.0.0.10
p 1 1379 33001
x 0 33002
p 0 223 33002
x 0 33003
p 0 217 33003
x 0 33004
p 0 254 33004
x 0 33005
p 0 281 33005
x 0 33006
p 0 207 33006
x 0 33007
p 0 219 33007
x 0 33008
p 0 211 33008
x 0 33009
p 0 209 33009
x 0 33010
p 0 209 33010
x 0 33011
p 0 209 33011
x 0 33012
p 0 239 33012
x 0 33013
p 0 207 33013
x 0 33014
p 0 212 33014
x 0 33015
p 0 212 33015
x 0 33016
p 0 207 33016
x 0 33017
p 0 211 33017
x 0 33018
p 0 209 33018
x 0 33019
p 0 209 33019
x 0 33020
p 0 207 33020
x 0 33021
p 0 208 33021
x 0 33022
p 0 209 33022
x 0 33023
p 0 208 33023
x 0 33024
p 0 212 33024
x 0 33025
p 0 209 33025
x 0 33026
p 0 209 33026
x 0 33027
p 0 209 33027
x 0 33028
p 0 211 33028
x 0 33029
p 0 213 33029
x 0 33030
p 0 209 33030
x 0 33031
p 0 207 33031
x 0 33032
p 0 211 33032
x 0 33033
p 0 217 33033
x 0 33034
p 0 210 33034
x 0 33035
p 0 215 33035
x 0 33036
p 0 214 33036
x 0 33037
p 0 210 33037
x 0 33038
p 0 211 33038
x 0 33039
p 0 215 33039
x 0 33040
p 0 214 33040
x 0 33041
p 0 207 33041
x 0 33042
p 0 210 33042
x 0 33043
p 0 212 33043
x 0 33044
p 0 210 33044
x 0 33045
p 0 209 33045
x 0 33046
p 0 212 33046
x 0 33047
p 0 275 33047
x 0 33048
p 0 209 33048
x 0 33049
p 0 211 33049
x 0 33050
p 0 210 33050
x 0 33051
p 0 209 33051
x 0 33052
p 0 211 33052
x 0 33053
p 0 212 33053
x 0 33054
p 0 213 33054
x 0 33055
p 0 260 33055
x 0 33056
p 0 211 33056
x 0 33057
p 0 210 33057
x 0 33058
p 0 213 33058
x 0 33059
p 0 211 33059
x 0 33060
p 0 210 33060
x 0 33000
h 0 10.0.0.10
p 0 50235 33000
x 1 33001
h 1 10.0.0.10
p 1 666 33001
x 0 33002
p 0 214 33002
x 0 33003
p 0 214 33003
x 0 33004
p 0 211 33004
x 0 33005
p 0 211 33005
x 0 33006
p 0 211 33006
x 0 33007
p 0 209 33007
x 0 33008
p 0 211 33008
x 0 33009
p 0 206 33009
x 0 33010
p 0 207 33010
x 0 33011
p 0 209 33011
x 0 33012
p 0 209 33012
x 0 33013
p 0 210 33013
x 0 33014
p 0 210 33014
x 0 33015
p 0 210 33015
x 0 33016
p 0 210 33016
x 0 33017
p 0 208 33017
x 0 33018
p 0 213 33018
x 0 33019
p 0 207 33019
x 0 33020
p 0 209 33020
x 0 33021
p 0 209 33021
x 0 33022
p 0 212 33022
x 0 33023
p 0 209 33023
x 0 33024
p 0 257 33024
x 0 33025
p 0 208 33025
x 0 33026
p 0 206 33026
x 0 33027
p 0 211 33027
x 0 33028
p 0 149 33028
x 0 33029
p 0 208 33029
x 0 33030
p 0 209 33030
x 0 33031
p 0 254 33031
x 0 33032
p 0 214 33032
x 0 33033
p 0 215 33033
x 0 33034
p 0 208 33034
x 0 33035
p 0 211 33035
x 0 33036
p 0 213 33036
x 0 33037
p 0 211 33037
x 0 33038
p 0 250 33038
x 0 33039
p 0 210 33039
x 0 33040
p 0 212 33040
x 0 33041
p 0 256 33041
x 0 33042
p 0 212 33042
x 0 33043
p 0 249 33043
x 0 33044
p 0 206 33044
x 0 33045
p 0 268 33045
x 0 33046
p 0 205 33046
x 0 33047
p 0 210 33047
x 0 33048
p 0 211 33048
x 0 33049
p 0 205 33049
x 0 33050
p 0 244 33050
x 0 33051
p 0 209 33051
x 0 33052
p 0 269 33052
x 0 33053
p 0 213 33053
x 0 33054
p 0 198 33054
x 0 33055
p 0 211 33055
x 0 33056
p 0 210 33056
x 0 33057
p 0 242 33057
x 0 33058
p 0 210 33058
x 0 33059
p 0 212 33059
x 0 33060
p 0 210 33060
x 0 33000
h 0 10.0.0.10
p 0 61847 33000
x 1 33001
h 1 10.0.0.10
p 1 821 33001
x 0 33002
p 0 162 33002
x 0 33003
p 0 212 33003
x 0 33004
p 0 212 33004
x 0 33005
p 0 209 33005
x 0 33006
p 0 211 33006
x 0 33007
p 0 283 33007
x 0 33008
p 0 214 33008
x 0 33009
p 0 207 33009
x 0 33010
p 0 186 33010
x 0 33011
p 0 213 33011
x 0 33012
p 0 210 33012
x 0 33013
p 0 210 33013
x 0 33014
p 0 211 33014
x 0 33015
p 0 215 33015
x 0 33016
p 0 218 33016
x 0 33017
p 0 185 33017
x 0 33018
p 0 210 33018
x 0 33019
p 0 207 33019
x 0 33020
p 0 213 33020
x 0 33021
p 0 215 33021
x 0 33022
p 0 216 33022
x 0 33023
p 0 246 33023
x 0 33024
p 0 209 33024
x 0 33025
p 0 212 33025
x 0 33026
p 0 212 33026
x 0 33027
p 0 218 33027
x 0 33028
p 0 251 33028
x 0 33029
p 0 212 33029
x 0 33030
p 0 249 33030
x 0 33031
p 0 243 33031
x 0 33032
p 0 217 33032
x 0 33033
p 0 209 33033
x 0 33034
p 0 210 33034
x 0 33035
p 0 214 33035
x 0 33036
p 0 212 33036
x 0 33037
p 0 256 33037
x 0 33038
p 0 208 33038
x 0 33039
p 0 211 33039
x 0 33040
p 0 214 33040
x 0 33041
p 0 249 33041
x 0 33042
p 0 216 33042
x 0 33043
p 0 209 33043
x 0 33044
p 0 207 33044
x 0 33045
p 0 209 33045
x 0 33046
p 0 209 33046
x 0 33047
p 0 213 33047
x 0 33048
p 0 242 33048
x 0 33049
p 0 207 33049
x 0 33050
p 0 213 33050
x 0 33051
p 0 194 33051
x 0 33052
p 0 215 33052
x 0 33053
p 0 208 33053
x 0 33054
p 0 207 33054
x 0 33055
p 0 211 33055
x 0 33056
p 0 207 33056
x 0 33057
p 0 216 33057
x 0 33058
p 0 211 33058
x 0 33059
p 0 211 33059
x 0 33060
p 0 214 33060
x 0 33000
x 1 33001
x 2 33002
x 3 33003
h 0 10.0.0.10
p 0 333133 33000
x 4 33004
h 4 10.0.0.10
p 4 829 33004
x 0 33005
p 0 219 33005
h 1 10.0.0.10
p 1 606826 33001
h 2 10.0.0.10
p 2 515055 33002
h 3 10.0.0.10
p 3 1012218 33003
x 0 33006
p 0 206 33006
x 0 33007
p 0 211 33007
x 0 33008
p 0 208 33008
x 0 33009
p 0 224 33009
x 0 33010
p 0 288 33010
x 0 33011
p 0 210 33011
x 0 33012
p 0 213 33012
x 0 33013
p 0 301 33013
x 0 33014
p 0 307 33014
x 0 33015
p 0 210 33015
x 0 33016
p 0 208 33016
x 0 33017
p 0 212 33017
x 0 33018
p 0 211 33018
x 0 33019
p 0 213 33019
x 0 33020
p 0 375 33020
x 0 33021
p 0 251 33021
x 0 33022
p 0 209 33022
x 0 33023
p 0 209 33023
x 0 33024
p 0 248 33024
x 0 33025
p 0 209 33025
x 0 33026
p 0 286 33026
x 0 33027
p 0 210 33027
x 0 33028
p 0 267 33028
x 0 33029
p 0 177 33029
x 0 33030
p 0 206 33030
x 0 33031
p 0 208 33031
x 0 33032
p 0 224 33032
x 0 33033
p 0 177 33033
x 0 33034
p 0 176 33034
x 0 33035
p 0 170 33035
x 0 33036
p 0 174 33036
x 0 33037
p 0 180 33037
x 0 33038
p 0 276 33038
x 0 33039
p 0 218 33039
x 0 33040
p 0 222 33040
x 0 33041
p 0 218 33041
x 0 33042
p 0 229 33042
x 0 33043
p 0 224 33043
x 0 33044
p 0 220 33044
x 0 33045
p 0 215 33045
x 0 33046
p 0 217 33046
x 0 33047
p 0 215 33047
x 0 33048
p 0 221 33048
x 0 33049
p 0 217 33049
x 0 33050
p 0 215 33050
x 0 33051
p 0 209 33051
x 0 33052
p 0 152 33052
x 0 33053
p 0 219 33053
x 0 33054
p 0 187 33054
x 0 33055
p 0 215 33055
x 0 33056
p 0 151 33056
x 0 33057
p 0 214 33057
x 0 33058
p 0 207 33058
x 0 33059
p 0 210 33059
x 0 33060
p 0 204 33060
x 0 33061
p 0 209 33061
x 0 33062
p 0 207 33062
x 0 33063
p 0 212 33063
x 0 33000
h 0 10.0.0.10
p 0 52184 33000
x 1 33001
h 1 10.0.0.10
p 1 604 33001
x 0 33002
p 0 257 33002
x 0 33003
p 0 216 33003
x 0 33004
p 0 218 33004
x 0 33005
p 0 213 33005
x 0 33006
p 0 248 33006
x 0 33007
p 0 220 33007
x 0 33008
p 0 222 33008
x 0 33009
p 0 218 33009
x 0 33010
p 0 222 33010
x 0 33011
p 0 234 33011
x 0 33012
p 0 213 33012
x 0 33013
p 0 220 33013
x 0 33014
p 0 218 33014
x 0 33015
p 0 219 33015
x 0 33016
p 0 219 33016
x 0 33017
p 0 216 33017
x 0 33018
p 0 259 33018
x 0 33019
p 0 222 33019
x 0 33020
p 0 219 33020
x 0 33021
p 0 211 33021
x 0 33022
p 0 216 33022
x 0 33023
p 0 217 33023
x 0 33024
p 0 254 33024
x 0 33025
p 0 258 33025
x 0 33026
p 0 214 33026
x 0 33027
p 0 218 33027
x 0 33028
p 0 222 33028
x 0 33029
p 0 221 33029
x 0 33030
p 0 218 33030
x 0 33031
p 0 256 33031
x 0 33032
p 0 262 33032
x 0 33033
p 0 220 33033
x 0 33034
p 0 218 33034
x 0 33035
p 0 219 33035
x 0 33036
p 0 219 33036
x 0 33037
p 0 219 33037
x 0 33038
p 0 226 33038
x 0 33039
p 0 260 33039
x 0 33040
p 0 224 33040
x 0 33041
p 0 219 33041
x 0 33042
p 0 222 33042
x 0 33043
p 0 222 33043
x 0 33044
p 0 215 33044
x 0 33045
p 0 222 33045
x 0 33046
p 0 275 33046
x 0 33047
p 0 224 33047
x 0 33048
p 0 227 33048
x 0 33049
p 0 214 33049
x 0 33050
p 0 221 33050
x 0 33051
p 0 214 33051
x 0 33052
p 0 251 33052
x 0 33053
p 0 212 33053
x 0 33054
p 0 212 33054
x 0 33055
p 0 213 33055
x 0 33056
p 0 211 33056
x 0 33057
p 0 252 33057
x 0 33058
p 0 215 33058
x 0 33059
p 0 250 33059
x 0 33060
p 0 211 33060
x 0 33000
h 0 10.0.0.10
p 0 63860 33000
x 1 33001
h 1 10.0.0.10
p 1 949 33001
x 0 33002
p 0 225 33002
x 0 33003
p 0 209 33003
x 0 33004
p 0 212 33004
x 0 33005
p 0 211 33005
x 0 33006
p 0 219 33006
x 0 33007
p 0 225 33007
x 0 33008
p 0 208 33008
x 0 33009
p 0 206 33009
x 0 33010
p 0 208 33010
x 0 33011
p 0 210 33011
x 0 33012
p 0 209 33012
x 0 33013
p 0 206 33013
x 0 33014
p 0 206 33014
x 0 33015
p 0 206 33015
x 0 33016
p 0 205 33016
x 0 33017
p 0 204 33017
x 0 33018
p 0 208 33018
x 0 33019
p 0 208 33019
x 0 33020
p 0 207 33020
x 0 33021
p 0 208 33021
x 0 33022
p 0 207 33022
x 0 33023
p 0 207 33023
x 0 33024
p 0 261 33024
x 0 33025
p 0 211 33025
x 0 33026
p 0 207 33026
x 0 33027
p 0 209 33027
x 0 33028
p 0 208 33028
x 0 33029
p 0 232 33029
x 0 33030
p 0 205 33030
x 0 33031
p 0 204 33031
x 0 33032
p 0 206 33032
x 0 33033
p 0 206 33033
x 0 33034
p 0 208 33034
x 0 33035
p 0 202 33035
x 0 33036
p 0 205 33036
x 0 33037
p 0 207 33037
x 0 33038
p 0 251 33038
x 0 33039
p 0 206 33039
x 0 33040
p 0 208 33040
x 0 33041
p 0 204 33041
x 0 33042
p 0 205 33042
x 0 33043
p 0 208 33043
x 0 33044
p 0 206 33044
x 0 33045
p 0 203 33045
x 0 33046
p 0 209 33046
x 0 33047
p 0 204 33047
x 0 33048
p 0 208 33048
x 0 33049
p 0 206 33049
x 0 33050
p 0 205 33050
x 0 33051
p 0 202 33051
x 0 33052
p 0 206 33052
x 0 33053
p 0 206 33053
x 0 33054
p 0 235 33054
x 0 33055
p 0 210 33055
x 0 33056
p 0 245 33056
x 0 33057
p 0 208 33057
x 0 33058
p 0 204 33058
x 0 33059
p 0 207 33059
x 0 33060
p 0 204 33060
x 0 33000
h 0 10.0.0.10
p 0 59964 33000
x 1 33001
h 1 10.0.0.10
p 1 878 33001
x 0 33002
p 0 220 33002
x 0 33003
p 0 209 33003
x 0 33004
p 0 208 33004
x 0 33005
p 0 208 33005
x 0 33006
p 0 207 33006
x 0 33007
p 0 327 33007
x 0 33008
p 0 252 33008
x 0 33009
p 0 209 33009
x 0 33010
p 0 121 33010
x 0 33011
p 0 212 33011
x 0 33012
p 0 210 33012
x 0 33013
p 0 213 33013
x 0 33014
p 0 215 33014
x 0 33015
p 0 215 33015
x 0 33016
p 0 213 33016
x 0 33017
p 0 286 33017
x 0 33018
p 0 213 33018
x 0 33019
p 0 212 33019
x 0 33020
p 0 213 33020
x 0 33021
p 0 213 33021
x 0 33022
p 0 212 33022
x 0 33023
p 0 209 33023
x 0 33024
p 0 214 33024
x 0 33025
p 0 215 33025
x 0 33026
p 0 207 33026
x 0 33027
p 0 268 33027
x 0 33028
p 0 210 33028
x 0 33029
p 0 212 33029
x 0 33030
p 0 214 33030
x 0 33031
p 0 209 33031
x 0 33032
p 0 288 33032
x 0 33033
p 0 210 33033
x 0 33034
p 0 217 33034
x 0 33035
p 0 219 33035
x 0 33036
p 0 213 33036
x 0 33037
p 0 219 33037
x 0 33038
p 0 217 33038
x 0 33039
p 0 211 33039
x 0 33040
p 0 210 33040
x 0 33041
p 0 213 33041
x 0 33042
p 0 213 33042
x 0 33043
p 0 215 33043
x 0 33044
p 0 215 33044
x 0 33045
p 0 209 33045
x 0 33046
p 0 214 33046
x 0 33047
p 0 211 33047
x 0 33048
p 0 213 33048
x 0 33049
p 0 207 33049
x 0 33050
p 0 216 33050
x 0 33051
p 0 214 33051
x 0 33052
p 0 220 33052
x 0 33053
p 0 218 33053
x 0 33054
p 0 213 33054
x 0 33055
p 0 220 33055
x 0 33056
p 0 215 33056
x 0 33057
p 0 221 33057
x 0 33058
p 0 215 33058
x 0 33059
p 0 219 33059
x 0 33060
p 0 219 33060
x 0 33000
h 0 10.0.0.10
p 0 49345 33000
x 1 33001
h 1 10.0.0.10
p 1 591 33001
x 0 33002
p 0 207 33002
x 0 33003
p 0 214 33003
x 0 33004
p 0 259 33004
x 0 33005
p 0 219 33005
x 0 33006
p 0 215 33006
x 0 33007
p 0 200 33007
x 0 33008
p 0 218 33008
x 0 33009
p 0 213 33009
x 0 33010
p 0 212 33010
x 0 33011
p 0 248 33011
x 0 33012
p 0 211 33012
x 0 33013
p 0 217 33013
x 0 33014
p 0 249 33014
x 0 33015
p 0 222 33015
x 0 33016
p 0 211 33016
x 0 33017
p 0 210 33017
x 0 33018
p 0 262 33018
x 0 33019
p 0 215 33019
x 0 33020
p 0 215 33020
x 0 33021
p 0 254 33021
x 0 33022
p 0 212 33022
x 0 33023
p 0 223 33023
x 0 33024
p 0 215 33024
x 0 33025
p 0 291 33025
x 0 33026
p 0 214 33026
x 0 33027
p 0 223 33027
x 0 33028
p 0 260 33028
x 0 33029
p 0 210 33029
x 0 33030
p 0 212 33030
x 0 33031
p 0 210 33031
x 0 33032
p 0 175 33032
x 0 33033
p 0 175 33033
x 0 33034
p 0 217 33034
x 0 33035
p 0 184 33035
x 0 33036
p 0 185 33036
x 0 33037
p 0 221 33037
x 0 33038
p 0 218 33038
x 0 33039
p 0 255 33039
x 0 33040
p 0 184 33040
x 0 33041
p 0 211 33041
x 0 33042
p 0 216 33042
x 0 33043
p 0 245 33043
x 0 33044
p 0 205 33044
x 0 33045
p 0 206 33045
x 0 33046
p 0 212 33046
x 0 33047
p 0 182 33047
x 0 33048
p 0 240 33048
x 0 33049
p 0 181 33049
x 0 33050
p 0 213 33050
x 0 33051
p 0 171 33051
x 0 33052
p 0 183 33052
x 0 33053
p 0 185 33053
x 0 33054
p 0 209 33054
x 0 33055
p 0 210 33055
x 0 33056
p 0 205 33056
x 0 33057
p 0 178 33057
x 0 33058
p 0 174 33058
x 0 33059
p 0 172 33059
x 0 33060
p 0 203 33060
x 0 33000
h 0 10.0.0.10
p 0 61659 33000
x 1 33001
h 1 10.0.0.10
p 1 786 33001
x 0 33002
p 0 87 33002
x 0 33003
p 0 211 33003
x 0 33004
p 0 210 33004
x 0 33005
p 0 208 33005
x 0 33006
p 0 212 33006
x 0 33007
p 0 219 33007
x 0 33008
p 0 216 33008
x 0 33009
p 0 241 33009
x 0 33010
p 0 212 33010
x 0 33011
p 0 217 33011
x 0 33012
p 0 213 33012
x 0 33013
p 0 213 33013
x 0 33014
p 0 212 33014
x 0 33015
p 0 210 33015
x 0 33016
p 0 213 33016
x 0 33017
p 0 219 33017
x 0 33018
p 0 220 33018
x 0 33019
p 0 214 33019
x 0 33020
p 0 215 33020
x 0 33021
p 0 219 33021
x 0 33022
p 0 215 33022
x 0 33023
p 0 211 33023
x 0 33024
p 0 211 33024
x 0 33025
p 0 215 33025
x 0 33026
p 0 214 33026
x 0 33027
p 0 215 33027
x 0 33028
p 0 213 33028
x 0 33029
p 0 209 33029
x 0 33030
p 0 210 33030
x 0 33031
p 0 214 33031
x 0 33032
p 0 215 33032
x 0 33033
p 0 229 33033
x 0 33034
p 0 241 33034
x 0 33035
p 0 214 33035
x 0 33036
p 0 216 33036
x 0 33037
p 0 213 33037
x 0 33038
p 0 216 33038
x 0 33039
p 0 212 33039
x 0 33040
p 0 213 33040
x 0 33041
p 0 216 33041
x 0 33042
p 0 219 33042
x 0 33043
p 0 216 33043
x 0 33044
p 0 212 33044
x 0 33045
p 0 209 33045
x 0 33046
p 0 212 33046
x 0 33047
p 0 212 33047
x 0 33048
p 0 209 33048
x 0 33049
p 0 210 33049
x 0 33050
p 0 209 33050
x 0 33051
p 0 210 33051
x 0 33052
p 0 211 33052
x 0 33053
p 0 211 33053
x 0 33054
p 0 210 33054
x 0 33055
p 0 210 33055
x 0 33056
p 0 211 33056
x 0 33057
p 0 210 33057
x 0 33058
p 0 209 33058
x 0 33059
p 0 211 33059
x 0 33060
p 0 209 33060
x 0 33000
h 0 10.0.0.10
p 0 73287 33000
x 1 33001
h 1 10.0.0.10
p 1 1232 33001
x 0 33002
p 0 308 33002
x 0 33003
p 0 217 33003
x 0 33004
p 0 213 33004
x 0 33005
p 0 246 33005
x 0 33006
p 0 205 33006
x 0 33007
p 0 231 33007
x 0 33008
p 0 210 33008
x 0 33009
p 0 242 33009
x 0 33010
p 0 208 33010
x 0 33011
p 0 209 33011
x 0 33012
p 0 270 33012
x 0 33013
p 0 246 33013
x 0 33014
p 0 249 33014
x 0 33015
p 0 237 33015
x 0 33016
p 0 255 33016
x 0 33017
p 0 207 33017
x 0 33018
p 0 241 33018
x 0 33019
p 0 237 33019
x 0 33020
p 0 238 33020
x 0 33021
p 0 209 33021
x 0 33022
p 0 239 33022
x 0 33023
p 0 238 33023
x 0 33024
p 0 235 33024
x 0 33025
p 0 208 33025
x 0 33026
p 0 207 33026
x 0 33027
p 0 209 33027
x 0 33028
p 0 239 33028
x 0 33029
p 0 295 33029
x 0 33030
p 0 258 33030
x 0 33031
p 0 233 33031
x 0 33032
p 0 237 33032
x 0 33033
p 0 209 33033
x 0 33034
p 0 204 33034
x 0 33035
p 0 205 33035
x 0 33036
p 0 205 33036
x 0 33037
p 0 239 33037
x 0 33038
p 0 208 33038
x 0 33039
p 0 207 33039
x 0 33040
p 0 209 33040
x 0 33041
p 0 207 33041
x 0 33042
p 0 213 33042
x 0 33043
p 0 215 33043
x 0 33044
p 0 241 33044
x 0 33045
p 0 208 33045
x 0 33046
p 0 205 33046
x 0 33047
p 0 207 33047
x 0 33048
p 0 207 33048
x 0 33049
p 0 207 33049
x 0 33050
p 0 217 33050
x 0 33051
p 0 255 33051
x 0 33052
p 0 211 33052
x 0 33053
p 0 234 33053
x 0 33054
p 0 239 33054
x 0 33055
p 0 213 33055
x 0 33056
p 0 209 33056
x 0 33057
p 0 244 33057
x 0 33058
p 0 210 33058
x 0 33059
p 0 259 33059
x 0 33060
p 0 209 33060
x 0 33000
h 0 10.0.0.10
p 0 60779 33000
x 1 33001
h 1 10.0.0.10
p 1 848 33001
x 0 33002
p 0 225 33002
x 0 33003
p 0 211 33003
x 0 33004
p 0 209 33004
x 0 33005
p 0 211 33005
x 0 33006
p 0 227 33006
x 0 33007
p 0 221 33007
x 0 33008
p 0 214 33008
x 0 33009
p 0 211 33009
x 0 33010
p 0 209 33010
x 0 33011
p 0 211 33011
x 0 33012
p 0 208 33012
x 0 33013
p 0 209 33013
x 0 33014
p 0 206 33014
x 0 33015
p 0 208 33015
x 0 33016
p 0 210 33016
x 0 33017
p 0 207 33017
x 0 33018
p 0 211 33018
x 0 33019
p 0 211 33019
x 0 33020
p 0 208 33020
x 0 33021
p 0 217 33021
x 0 33022
p 0 209 33022
x 0 33023
p 0 237 33023
x 0 33024
p 0 208 33024
x 0 33025
p 0 211 33025
x 0 33026
p 0 212 33026
x 0 33027
p 0 212 33027
x 0 33028
p 0 211 33028
x 0 33029
p 0 208 33029
x 0 33030
p 0 211 33030
x 0 33031
p 0 222 33031
x 0 33032
p 0 224 33032
x 0 33033
p 0 207 33033
x 0 33034
p 0 205 33034
x 0 33035
p 0 204 33035
x 0 33036
p 0 168 33036
x 0 33037
p 0 168 33037
x 0 33038
p 0 164 33038
x 0 33039
p 0 200 33039
x 0 33040
p 0 172 33040
x 0 33041
p 0 167 33041
x 0 33042
p 0 167 33042
x 0 33043
p 0 171 33043
x 0 33044
p 0 212 33044
x 0 33045
p 0 214 33045
x 0 33046
p 0 258 33046
x 0 33047
p 0 239 33047
x 0 33048
p 0 219 33048
x 0 33049
p 0 212 33049
x 0 33050
p 0 244 33050
x 0 33051
p 0 212 33051
x 0 33052
p 0 216 33052
x 0 33053
p 0 215 33053
x 0 33054
p 0 210 33054
x 0 33055
p 0 215 33055
x 0 33056
p 0 215 33056
x 0 33057
p 0 215 33057
x 0 33058
p 0 255 33058
x 0 33059
p 0 212 33059
x 0 33060
p 0 213 33060
x 0 33000
h 0 10.0.0.10
p 0 59009 33000
x 1 33001
h 1 10.0.0.10
p 1 669 33001
x 0 33002
p 0 283 33002
x 0 33003
p 0 209 33003
x 0 33004
p 0 219 33004
x 0 33005
p 0 216 33005
x 0 33006
p 0 215 33006
x 0 33007
p 0 213 33007
x 0 33008
p 0 213 33008
x 0 33009
p 0 217 33009
x 0 33010
p 0 212 33010
x 0 33011
p 0 212 33011
x 0 33012
p 0 213 33012
x 0 33013
p 0 212 33013
x 0 33014
p 0 216 33014
x 0 33015
p 0 214 33015
x 0 33016
p 0 213 33016
x 0 33017
p 0 213 33017
x 0 33018
p 0 247 33018
x 0 33019
p 0 213 33019
x 0 33020
p 0 214 33020
x 0 33021
p 0 211 33021
x 0 33022
p 0 211 33022
x 0 33023
p 0 214 33023
x 0 33024
p 0 210 33024
x 0 33025
p 0 253 33025
x 0 33026
p 0 211 33026
x 0 33027
p 0 222 33027
x 0 33028
p 0 226 33028
x 0 33029
p 0 219 33029
x 0 33030
p 0 218 33030
x 0 33031
p 0 233 33031
x 0 33032
p 0 278 33032
x 0 33033
p 0 112 33033
x 0 33034
p 0 218 33034
x 0 33035
p 0 219 33035
x 0 33036
p 0 174 33036
x 0 33037
p 0 223 33037
x 0 33038
p 0 266 33038
x 0 33039
p 0 221 33039
x 0 33040
p 0 217 33040
x 0 33041
p 0 173 33041
x 0 33042
p 0 218 33042
x 0 33043
p 0 220 33043
x 0 33044
p 0 217 33044
x 0 33045
p 0 254 33045
x 0 33046
p 0 126 33046
x 0 33047
p 0 216 33047
x 0 33048
p 0 220 33048
x 0 33049
p 0 223 33049
x 0 33050
p 0 223 33050
x 0 33051
p 0 123 33051
x 0 33052
p 0 255 33052
x 0 33053
p 0 98 33053
x 0 33054
p 0 224 33054
x 0 33055
p 0 222 33055
x 0 33056
p 0 225 33056
x 0 33057
p 0 219 33057
x 0 33058
p 0 223 33058
x 0 33059
p 0 249 33059
x 0 33060
p 0 228 33060
x 0 33000
x 1 33001
h 0 10.0.0.10
p 0 185915 33000
x 2 33002
h 2 10.0.0.10
p 2 612 33002
x 0 33003
p 0 179 33003
h 1 10.0.0.10
p 1 547398 33001
x 0 33004
p 0 215 33004
x 0 33005
p 0 209 33005
x 0 33006
p 0 181 33006
x 0 33007
p 0 211 33007
x 0 33008
p 0 181 33008
x 0 33009
p 0 212 33009
x 0 33010
p 0 222 33010
x 0 33011
p 0 213 33011
x 0 33012
p 0 221 33012
x 0 33013
p 0 217 33013
x 0 33014
p 0 252 33014
x 0 33015
p 0 214 33015
x 0 33016
p 0 229 33016
x 0 33017
p 0 212 33017
x 0 33018
p 0 209 33018
x 0 33019
p 0 240 33019
x 0 33020
p 0 214 33020
x 0 33021
p 0 215 33021
x 0 33022
p 0 218 33022
x 0 33023
p 0 308 33023
x 0 33024
p 0 204 33024
x 0 33025
p 0 207 33025
x 0 33026
p 0 210 33026
x 0 33027
p 0 209 33027
x 0 33028
p 0 206 33028
x 0 33029
p 0 205 33029
x 0 33030
p 0 208 33030
x 0 33031
p 0 206 33031
x 0 33032
p 0 208 33032
x 0 33033
p 0 206 33033
x 0 33034
p 0 204 33034
x 0 33035
p 0 205 33035
x 0 33036
p 0 207 33036
x 0 33037
p 0 209 33037
x 0 33038
p 0 206 33038
x 0 33039
p 0 205 33039
x 0 33040
p 0 210 33040
x 0 33041
p 0 206 33041
x 0 33042
p 0 212 33042
x 0 33043
p 0 212 33043
x 0 33044
p 0 207 33044
x 0 33045
p 0 208 33045
x 0 33046
p 0 257 33046
x 0 33047
p 0 213 33047
x 0 33048
p 0 210 33048
x 0 33049
p 0 242 33049
x 0 33050
p 0 208 33050
x 0 33051
p 0 206 33051
x 0 33052
p 0 207 33052
x 0 33053
p 0 206 33053
x 0 33054
p 0 206 33054
x 0 33055
p 0 206 33055
x 0 33056
p 0 206 33056
x 0 33057
p 0 207 33057
x 0 33058
p 0 211 33058
x 0 33059
p 0 207 33059
x 0 33060
p 0 207 33060
x 0 33061
p 0 206 33061
x 0 33000
x 1 33001
h 1 10.0.0.10
p 1 1956 33001
h 0 10.0.0.10
p 0 103273 33000
x 2 33002
h 2 10.0.0.10
p 2 222 33002
x 0 33003
p 0 286 33003
x 0 33004
p 0 222 33004
x 0 33005
p 0 218 33005
x 0 33006
p 0 216 33006
x 0 33007
p 0 208 33007
x 0 33008
p 0 237 33008
x 0 33009
p 0 223 33009
x 0 33010
p 0 229 33010
x 0 33011
p 0 214 33011
x 0 33012
p 0 213 33012
x 0 33013
p 0 211 33013
x 0 33014
p 0 210 33014
x 0 33015
p 0 220 33015
x 0 33016
p 0 215 33016
x 0 33017
p 0 209 33017
x 0 33018
p 0 218 33018
x 0 33019
p 0 215 33019
x 0 33020
p 0 221 33020
x 0 33021
p 0 218 33021
x 0 33022
p 0 219 33022
x 0 33023
p 0 242 33023
x 0 33024
p 0 219 33024
x 0 33025
p 0 217 33025
x 0 33026
p 0 220 33026
x 0 33027
p 0 215 33027
x 0 33028
p 0 218 33028
x 0 33029
p 0 218 33029
x 0 33030
p 0 216 33030
x 0 33031
p 0 212 33031
x 0 33032
p 0 209 33032
x 0 33033
p 0 217 33033
x 0 33034
p 0 211 33034
x 0 33035
p 0 213 33035
x 0 33036
p 0 268 33036
x 0 33037
p 0 208 33037
x 0 33038
p 0 210 33038
x 0 33039
p 0 213 33039
x 0 33040
p 0 214 33040
x 0 33041
p 0 221 33041
x 0 33042
p 0 209 33042
x 0 33043
p 0 217 33043
x 0 33044
p 0 211 33044
x 0 33045
p 0 233 33045
x 0 33046
p 0 217 33046
x 0 33047
p 0 209 33047
x 0 33048
p 0 216 33048
x 0 33049
p 0 209 33049
x 0 33050
p 0 213 33050
x 0 33051
p 0 209 33051
x 0 33052
p 0 211 33052
x 0 33053
p 0 216 33053
x 0 33054
p 0 245 33054
x 0 33055
p 0 232 33055
x 0 33056
p 0 219 33056
x 0 33057
p 0 228 33057
x 0 33058
p 0 217 33058
x 0 33059
p 0 214 33059
x 0 33060
p 0 218 33060
x 0 33061
p 0 285 33061
x 0 33000
x 1 33001
h 0 10.0.0.10
p 0 117612 33000
x 2 33002
h 2 10.0.0.10
p 2 800 33002
x 0 33003
p 0 181 33003
h 1 10.0.0.10
p 1 1006766 33001
x 0 33004
p 0 270 33004
x 0 33005
p 0 253 33005
x 0 33006
p 0 213 33006
x 0 33007
p 0 219 33007
x 0 33008
p 0 233 33008
x 0 33009
p 0 264 33009
x 0 33010
p 0 229 33010
x 0 33011
p 0 210 33011
x 0 33012
p 0 225 33012
x 0 33013
p 0 243 33013
x 0 33014
p 0 218 33014
x 0 33015
p 0 217 33015
x 0 33016
p 0 241 33016
x 0 33017
p 0 213 33017
x 0 33018
p 0 223 33018
x 0 33019
p 0 223 33019
x 0 33020
p 0 216 33020
x 0 33021
p 0 213 33021
x 0 33022
p 0 217 33022
x 0 33023
p 0 258 33023
x 0 33024
p 0 220 33024
x 0 33025
p 0 222 33025
x 0 33026
p 0 208 33026
x 0 33027
p 0 206 33027
x 0 33028
p 0 223 33028
x 0 33029
p 0 221 33029
x 0 33030
p 0 622 33030
x 0 33031
p 0 212 33031
x 0 33032
p 0 215 33032
x 0 33033
p 0 245 33033
x 0 33034
p 0 231 33034
x 0 33035
p 0 227 33035
x 0 33036
p 0 213 33036
x 0 33037
p 0 209 33037
x 0 33038
p 0 220 33038
x 0 33039
p 0 222 33039
x 0 33040
p 0 225 33040
x 0 33041
p 0 248 33041
x 0 33042
p 0 235 33042
x 0 33043
p 0 227 33043
x 0 33044
p 0 224 33044
x 0 33045
p 0 215 33045
x 0 33046
p 0 211 33046
x 0 33047
p 0 249 33047
x 0 33048
p 0 226 33048
x 0 33049
p 0 218 33049
x 0 33050
p 0 220 33050
x 0 33051
p 0 210 33051
x 0 33052
p 0 211 33052
x 0 33053
p 0 224 33053
x 0 33054
p 0 226 33054
x 0 33055
p 0 217 33055
x 0 33056
p 0 210 33056
x 0 33057
p 0 206 33057
x 0 33058
p 0 219 33058
x 0 33059
p 0 291 33059
x 0 33060
p 0 215 33060
x 0 33061
p 0 206 33061
x 0 33000
h 0 10.0.0.10
p 0 51685 33000
x 1 33001
h 1 10.0.0.10
p 1 831 33001
x 0 33002
p 0 243 33002
x 0 33003
p 0 215 33003
x 0 33004
p 0 212 33004
x 0 33005
p 0 217 33005
x 0 33006
p 0 217 33006
x 0 33007
p 0 215 33007
x 0 33008
p 0 204 33008
x 0 33009
p 0 207 33009
x 0 33010
p 0 205 33010
x 0 33011
p 0 212 33011
x 0 33012
p 0 209 33012
x 0 33013
p 0 211 33013
x 0 33014
p 0 211 33014
x 0 33015
p 0 206 33015
x 0 33016
p 0 209 33016
x 0 33017
p 0 207 33017
x 0 33018
p 0 207 33018
x 0 33019
p 0 210 33019
x 0 33020
p 0 209 33020
x 0 33021
p 0 207 33021
x 0 33022
p 0 207 33022
x 0 33023
p 0 208 33023
x 0 33024
p 0 209 33024
x 0 33025
p 0 207 33025
x 0 33026
p 0 208 33026
x 0 33027
p 0 207 33027
x 0 33028
p 0 207 33028
x 0 33029
p 0 208 33029
x 0 33030
p 0 205 33030
x 0 33031
p 0 207 33031
x 0 33032
p 0 212 33032
x 0 33033
p 0 207 33033
x 0 33034
p 0 209 33034
x 0 33035
p 0 207 33035
x 0 33036
p 0 206 33036
x 0 33037
p 0 209 33037
x 0 33038
p 0 207 33038
x 0 33039
p 0 210 33039
x 0 33040
p 0 208 33040
x 0 33041
p 0 211 33041
x 0 33042
p 0 211 33042
x 0 33043
p 0 206 33043
x 0 33044
p 0 210 33044
x 0 33045
p 0 205 33045
x 0 33046
p 0 208 33046
x 0 33047
p 0 207 33047
x 0 33048
p 0 205 33048
x 0 33049
p 0 206 33049
x 0 33050
p 0 204 33050
x 0 33051
p 0 206 33051
x 0 33052
p 0 211 33052
x 0 33053
p 0 205 33053
x 0 33054
p 0 207 33054
x 0 33055
p 0 206 33055
x 0 33056
p 0 207 33056
x 0 33057
p 0 207 33057
x 0 33058
p 0 206 33058
x 0 33059
p 0 207 33059
x 0 33060
p 0 205 33060
x 0 33000
h 0 10.0.0.10
p 0 60269 33000
x 1 33001
h 1 10.0.0.10
p 1 846 33001
x 0 33002
p 0 220 33002
x 0 33003
p 0 216 33003
x 0 33004
p 0 212 33004
x 0 33005
p 0 213 33005
x 0 33006
p 0 211 33006
x 0 33007
p 0 251 33007
x 0 33008
p 0 214 33008
x 0 33009
p 0 207 33009
x 0 33010
p 0 206 33010
x 0 33011
p 0 212 33011
x 0 33012
p 0 214 33012
x 0 33013
p 0 211 33013
x 0 33014
p 0 208 33014
x 0 33015
p 0 208 33015
x 0 33016
p 0 209 33016
x 0 33017
p 0 210 33017
x 0 33018
p 0 215 33018
x 0 33019
p 0 212 33019
x 0 33020
p 0 208 33020
x 0 33021
p 0 212 33021
x 0 33022
p 0 211 33022
x 0 33023
p 0 208 33023
x 0 33024
p 0 213 33024
x 0 33025
p 0 243 33025
x 0 33026
p 0 209 33026
x 0 33027
p 0 214 33027
x 0 33028
p 0 210 33028
x 0 33029
p 0 215 33029
x 0 33030
p 0 210 33030
x 0 33031
p 0 249 33031
x 0 33032
p 0 215 33032
x 0 33033
p 0 212 33033
x 0 33034
p 0 211 33034
x 0 33035
p 0 210 33035
x 0 33036
p 0 209 33036
x 0 33037
p 0 212 33037
x 0 33038
p 0 226 33038
x 0 33039
p 0 235 33039
x 0 33040
p 0 223 33040
x 0 33041
p 0 225 33041
x 0 33042
p 0 229 33042
x 0 33043
p 0 225 33043
x 0 33044
p 0 225 33044
x 0 33045
p 0 222 33045
x 0 33046
p 0 221 33046
x 0 33047
p 0 227 33047
x 0 33048
p 0 224 33048
x 0 33049
p 0 238 33049
x 0 33050
p 0 220 33050
x 0 33051
p 0 223 33051
x 0 33052
p 0 224 33052
x 0 33053
p 0 220 33053
x 0 33054
p 0 224 33054
x 0 33055
p 0 220 33055
x 0 33056
p 0 222 33056
x 0 33057
p 0 227 33057
x 0 33058
p 0 220 33058
x 0 33059
p 0 229 33059
x 0 33060
p 0 218 33060
x 0 33000
x 1 33001
h 0 10.0.0.10
p 0 115406 33000
x 2 33002
h 2 10.0.0.10
p 2 651 33002
x 0 33003
p 0 147 33003
h 1 10.0.0.10
p 1 1030917 33001
x 0 33004
p 0 253 33004
x 0 33005
p 0 247 33005
x 0 33006
p 0 210 33006
x 0 33007
p 0 207 33007
x 0 33008
p 0 248 33008
x 0 33009
p 0 217 33009
x 0 33010
p 0 211 33010
x 0 33011
p 0 248 33011
x 0 33012
p 0 202 33012
x 0 33013
p 0 208 33013
x 0 33014
p 0 209 33014
x 0 33015
p 0 203 33015
x 0 33016
p 0 207 33016
x 0 33017
p 0 207 33017
x 0 33018
p 0 245 33018
x 0 33019
p 0 238 33019
x 0 33020
p 0 209 33020
x 0 33021
p 0 208 33021
x 0 33022
p 0 204 33022
x 0 33023
p 0 208 33023
x 0 33024
p 0 205 33024
x 0 33025
p 0 242 33025
x 0 33026
p 0 236 33026
x 0 33027
p 0 202 33027
x 0 33028
p 0 205 33028
x 0 33029
p 0 206 33029
x 0 33030
p 0 207 33030
x 0 33031
p 0 206 33031
x 0 33032
p 0 240 33032
x 0 33033
p 0 247 33033
x 0 33034
p 0 202 33034
x 0 33035
p 0 207 33035
x 0 33036
p 0 207 33036
x 0 33037
p 0 206 33037
x 0 33038
p 0 205 33038
x 0 33039
p 0 263 33039
x 0 33040
p 0 234 33040
x 0 33041
p 0 207 33041
x 0 33042
p 0 240 33042
x 0 33043
p 0 208 33043
x 0 33044
p 0 205 33044
x 0 33045
p 0 207 33045
x 0 33046
p 0 214 33046
x 0 33047
p 0 204 33047
x 0 33048
p 0 209 33048
x 0 33049
p 0 206 33049
x 0 33050
p 0 263 33050
x 0 33051
p 0 209 33051
x 0 33052
p 0 204 33052
x 0 33053
p 0 209 33053
x 0 33054
p 0 235 33054
x 0 33055
p 0 204 33055
x 0 33056
p 0 206 33056
x 0 33057
p 0 209 33057
x 0 33058
p 0 206 33058
x 0 33059
p 0 205 33059
x 0 33060
p 0 210 33060
x 0 33061
p 0 206 33061
x 0 33000
x 1 33001
h 0 10.0.0.10
p 0 108940 33000
x 2 33002
h 2 10.0.0.10
p 2 431 33002
x 0 33003
p 0 218 33003
h 1 10.0.0.10
p 1 1001979 33001
x 0 33004
p 0 237 33004
x 0 33005
p 0 219 33005
x 0 33006
p 0 297 33006
x 0 33007
p 0 226 33007
x 0 33008
p 0 226 33008
x 0 33009
p 0 217 33009
x 0 33010
p 0 221 33010
x 0 33011
p 0 246 33011
x 0 33012
p 0 223 33012
x 0 33013
p 0 224 33013
x 0 33014
p 0 214 33014
x 0 33015
p 0 220 33015
x 0 33016
p 0 216 33016
x 0 33017
p 0 221 33017
x 0 33018
p 0 230 33018
x 0 33019
p 0 210 33019
x 0 33020
p 0 220 33020
x 0 33021
p 0 262 33021
x 0 33022
p 0 218 33022
x 0 33023
p 0 222 33023
x 0 33024
p 0 219 33024
x 0 33025
p 0 230 33025
x 0 33026
p 0 219 33026
x 0 33027
p 0 228 33027
x 0 33028
p 0 268 33028
x 0 33029
p 0 210 33029
x 0 33030
p 0 218 33030
x 0 33031
p 0 216 33031
x 0 33032
p 0 216 33032
x 0 33033
p 0 229 33033
x 0 33034
p 0 274 33034
x 0 33035
p 0 267 33035
x 0 33036
p 0 217 33036
x 0 33037
p 0 221 33037
x 0 33038
p 0 236 33038
x 0 33039
p 0 209 33039
x 0 33040
p 0 218 33040
x 0 33041
p 0 221 33041
x 0 33042
p 0 274 33042
x 0 33043
p 0 231 33043
x 0 33044
p 0 211 33044
x 0 33045
p 0 216 33045
x 0 33046
p 0 220 33046
x 0 33047
p 0 217 33047
x 0 33048
p 0 227 33048
x 0 33049
p 0 219 33049
x 0 33050
p 0 253 33050
x 0 33051
p 0 220 33051
x 0 33052
p 0 220 33052
x 0 33053
p 0 228 33053
x 0 33054
p 0 209 33054
x 0 33055
p 0 216 33055
x 0 33056
p 0 218 33056
x 0 33057
p 0 242 33057
x 0 33058
p 0 231 33058
x 0 33059
p 0 210 33059
x 0 33060
p 0 215 33060
x 0 33061
p 0 237 33061
x 0 33000
h 0 10.0.0.10
p 0 61152 33000
x 1 33001
h 1 10.0.0.10
p 1 865 33001
x 0 33002
p 0 241 33002
x 0 33003
p 0 259 33003
x 0 33004
p 0 249 33004
x 0 33005
p 0 225 33005
x 0 33006
p 0 307 33006
x 0 33007
p 0 220 33007
x 0 33008
p 0 224 33008
x 0 33009
p 0 214 33009
x 0 33010
p 0 214 33010
x 0 33011
p 0 213 33011
x 0 33012
p 0 219 33012
x 0 33013
p 0 298 33013
x 0 33014
p 0 216 33014
x 0 33015
p 0 247 33015
x 0 33016
p 0 215 33016
x 0 33017
p 0 214 33017
x 0 33018
p 0 213 33018
x 0 33019
p 0 246 33019
x 0 33020
p 0 218 33020
x 0 33021
p 0 216 33021
x 0 33022
p 0 209 33022
x 0 33023
p 0 213 33023
x 0 33024
p 0 212 33024
x 0 33025
p 0 219 33025
x 0 33026
p 0 214 33026
x 0 33027
p 0 217 33027
x 0 33028
p 0 215 33028
x 0 33029
p 0 213 33029
x 0 33030
p 0 216 33030
x 0 33031
p 0 215 33031
x 0 33032
p 0 247 33032
x 0 33033
p 0 217 33033
x 0 33034
p 0 217 33034
x 0 33035
p 0 222 33035
x 0 33036
p 0 215 33036
x 0 33037
p 0 216 33037
x 0 33038
p 0 217 33038
x 0 33039
p 0 215 33039
x 0 33040
p 0 214 33040
x 0 33041
p 0 214 33041
x 0 33042
p 0 218 33042
x 0 33043
p 0 213 33043
x 0 33044
p 0 217 33044
x 0 33045
p 0 222 33045
x 0 33046
p 0 215 33046
x 0 33047
p 0 217 33047
x 0 33048
p 0 217 33048
x 0 33049
p 0 239 33049
x 0 33050
p 0 219 33050
x 0 33051
p 0 219 33051
x 0 33052
p 0 219 33052
x 0 33053
p 0 217 33053
x 0 33054
p 0 215 33054
x 0 33055
p 0 225 33055
x 0 33056
p 0 220 33056
x 0 33057
p 0 191 33057
x 0 33058
p 0 214 33058
x 0 33059
p 0 301 33059
x 0 33060
p 0 190 33060
x 0 33000
x 1 33001
x 2 33002
h 0 10.0.0.10
p 0 240471 33000
x 3 33003
h 3 10.0.0.10
p 3 863 33003
x 0 33004
p 0 264 33004
h 1 10.0.0.10
p 1 536247 33001
h 2 10.0.0.10
p 2 452609 33002
x 0 33005
p 0 214 33005
x 0 33006
p 0 212 33006
x 0 33007
p 0 218 33007
x 0 33008
p 0 207 33008
x 0 33009
p 0 260 33009
x 0 33010
p 0 242 33010
x 0 33011
p 0 182 33011
x 0 33012
p 0 178 33012
x 0 33013
p 0 177 33013
x 0 33014
p 0 178 33014
x 0 33015
p 0 178 33015
x 0 33016
p 0 178 33016
x 0 33017
p 0 186 33017
x 0 33018
p 0 180 33018
x 0 33019
p 0 178 33019
x 0 33020
p 0 176 33020
x 0 33021
p 0 176 33021
x 0 33022
p 0 176 33022
x 0 33023
p 0 175 33023
x 0 33024
p 0 174 33024
x 0 33025
p 0 401 33025
x 0 33026
p 0 368 33026
x 0 33027
p 0 356 33027
x 0 33028
p 0 401 33028
x 0 33029
p 0 253 33029
x 0 33030
p 0 208 33030
x 0 33031
p 0 210 33031
x 0 33032
p 0 210 33032
x 0 33033
p 0 205 33033
x 0 33034
p 0 207 33034
x 0 33035
p 0 215 33035
x 0 33036
p 0 214 33036
x 0 33037
p 0 212 33037
x 0 33038
p 0 238 33038
x 0 33039
p 0 207 33039
x 0 33040
p 0 204 33040
x 0 33041
p 0 209 33041
x 0 33042
p 0 207 33042
x 0 33043
p 0 205 33043
x 0 33044
p 0 210 33044
x 0 33045
p 0 217 33045
x 0 33046
p 0 238 33046
x 0 33047
p 0 212 33047
x 0 33048
p 0 206 33048
x 0 33049
p 0 209 33049
x 0 33050
p 0 270 33050
x 0 33051
p 0 216 33051
x 0 33052
p 0 211 33052
x 0 33053
p 0 208 33053
x 0 33054
p 0 239 33054
x 0 33055
p 0 212 33055
x 0 33056
p 0 210 33056
x 0 33057
p 0 208 33057
x 0 33058
p 0 236 33058
x 0 33059
p 0 176 33059
x 0 33060
p 0 210 33060
x 0 33061
p 0 207 33061
x 0 33062
p 0 241 33062
x 0 33000
h 0 10.0.0.10
p 0 60240 33000
x 1 33001
h 1 10.0.0.10
p 1 1087 33001
x 0 33002
p 0 126 33002
x 0 33003
p 0 207 33003
x 0 33004
p 0 208 33004
x 0 33005
p 0 206 33005
x 0 33006
p 0 209 33006
x 0 33007
p 0 219 33007
x 0 33008
p 0 203 33008
x 0 33009
p 0 205 33009
x 0 33010
p 0 246 33010
x 0 33011
p 0 204 33011
x 0 33012
p 0 208 33012
x 0 33013
p 0 215 33013
x 0 33014
p 0 208 33014
x 0 33015
p 0 209 33015
x 0 33016
p 0 207 33016
x 0 33017
p 0 249 33017
x 0 33018
p 0 209 33018
x 0 33019
p 0 208 33019
x 0 33020
p 0 207 33020
x 0 33021
p 0 215 33021
x 0 33022
p 0 202 33022
x 0 33023
p 0 205 33023
x 0 33024
p 0 267 33024
x 0 33025
p 0 207 33025
x 0 33026
p 0 202 33026
x 0 33027
p 0 208 33027
x 0 33028
p 0 205 33028
x 0 33029
p 0 203 33029
x 0 33030
p 0 204 33030
x 0 33031
p 0 259 33031
x 0 33032
p 0 206 33032
x 0 33033
p 0 206 33033
x 0 33034
p 0 208 33034
x 0 33035
p 0 205 33035
x 0 33036
p 0 204 33036
x 0 33037
p 0 207 33037
x 0 33038
p 0 245 33038
x 0 33039
p 0 206 33039
x 0 33040
p 0 204 33040
x 0 33041
p 0 202 33041
x 0 33042
p 0 205 33042
x 0 33043
p 0 206 33043
x 0 33044
p 0 206 33044
x 0 33045
p 0 272 33045
x 0 33046
p 0 206 33046
x 0 33047
p 0 205 33047
x 0 33048
p 0 206 33048
x 0 33049
p 0 203 33049
x 0 33050
p 0 205 33050
x 0 33051
p 0 205 33051
x 0 33052
p 0 247 33052
x 0 33053
p 0 204 33053
x 0 33054
p 0 204 33054
x 0 33055
p 0 206 33055
x 0 33056
p 0 205 33056
x 0 33057
p 0 206 33057
x 0 33058
p 0 205 33058
x 0 33059
p 0 250 33059
x 0 33060
p 0 206 33060
x 0 33000
h 0 10.0.0.10
p 0 71858 33000
x 1 33001
h 1 10.0.0.10
p 1 875 33001
x 0 33002
p 0 250 33002
x 0 33003
p 0 249 33003
x 0 33004
p 0 221 33004
x 0 33005
p 0 212 33005
x 0 33006
p 0 216 33006
x 0 33007
p 0 177 33007
x 0 33008
p 0 212 33008
x 0 33009
p 0 178 33009
x 0 33010
p 0 210 33010
x 0 33011
p 0 208 33011
x 0 33012
p 0 207 33012
x 0 33013
p 0 149 33013
x 0 33014
p 0 186 33014
x 0 33015
p 0 181 33015
x 0 33016
p 0 182 33016
x 0 33017
p 0 177 33017
x 0 33018
p 0 172 33018
x 0 33019
p 0 172 33019
x 0 33020
p 0 210 33020
x 0 33021
p 0 162 33021
x 0 33022
p 0 160 33022
x 0 33023
p 0 162 33023
x 0 33024
p 0 159 33024
x 0 33025
p 0 158 33025
x 0 33026
p 0 160 33026
x 0 33027
p 0 210 33027
x 0 33028
p 0 162 33028
x 0 33029
p 0 159 33029
x 0 33030
p 0 158 33030
x 0 33031
p 0 163 33031
x 0 33032
p 0 161 33032
x 0 33033
p 0 159 33033
x 0 33034
p 0 158 33034
x 0 33035
p 0 211 33035
x 0 33036
p 0 157 33036
x 0 33037
p 0 159 33037
x 0 33038
p 0 203 33038
x 0 33039
p 0 158 33039
x 0 33040
p 0 158 33040
x 0 33041
p 0 157 33041
x 0 33042
p 0 162 33042
x 0 33043
p 0 158 33043
x 0 33044
p 0 165 33044
x 0 33045
p 0 218 33045
x 0 33046
p 0 160 33046
x 0 33047
p 0 161 33047
x 0 33048
p 0 168 33048
x 0 33049
p 0 171 33049
x 0 33050
p 0 165 33050
x 0 33051
p 0 169 33051
x 0 33052
p 0 239 33052
x 0 33053
p 0 162 33053
x 0 33054
p 0 159 33054
x 0 33055
p 0 163 33055
x 0 33056
p 0 210 33056
x 0 33057
p 0 206 33057
x 0 33058
p 0 206 33058
x 0 33059
p 0 204 33059
x 0 33060
p 0 206 33060
x 0 33000
x 1 33001
h 0 10.0.0.10
p 0 162495 33000
x 2 33002
h 2 10.0.0.10
p 2 695 33002
x 0 33003
p 0 217 33003
h 1 10.0.0.10
p 1 548786 33001
x 0 33004
p 0 218 33004
x 0 33005
p 0 216 33005
x 0 33006
p 0 219 33006
x 0 33007
p 0 219 33007
x 0 33008
p 0 229 33008
x 0 33009
p 0 214 33009
x 0 33010
p 0 283 33010
x 0 33011
p 0 213 33011
x 0 33012
p 0 219 33012
x 0 33013
p 0 214 33013
x 0 33014
p 0 212 33014
x 0 33015
p 0 211 33015
x 0 33016
p 0 217 33016
x 0 33017
p 0 463 33017
x 0 33018
p 0 207 33018
x 0 33019
p 0 213 33019
x 0 33020
p 0 225 33020
x 0 33021
p 0 212 33021
x 0 33022
p 0 222 33022
x 0 33023
p 0 207 33023
x 0 33024
p 0 285 33024
x 0 33025
p 0 213 33025
x 0 33026
p 0 236 33026
x 0 33027
p 0 215 33027
x 0 33028
p 0 212 33028
x 0 33029
p 0 213 33029
x 0 33030
p 0 227 33030
x 0 33031
p 0 288 33031
x 0 33032
p 0 219 33032
x 0 33033
p 0 217 33033
x 0 33034
p 0 220 33034
x 0 33035
p 0 212 33035
x 0 33036
p 0 216 33036
x 0 33037
p 0 217 33037
x 0 33038
p 0 301 33038
x 0 33039
p 0 218 33039
x 0 33040
p 0 237 33040
x 0 33041
p 0 216 33041
x 0 33042
p 0 214 33042
x 0 33043
p 0 250 33043
x 0 33044
p 0 219 33044
x 0 33045
p 0 212 33045
x 0 33046
p 0 215 33046
x 0 33047
p 0 219 33047
x 0 33048
p 0 213 33048
x 0 33049
p 0 212 33049
x 0 33050
p 0 218 33050
x 0 33051
p 0 214 33051
x 0 33052
p 0 214 33052
x 0 33053
p 0 222 33053
x 0 33054
p 0 212 33054
x 0 33055
p 0 210 33055
x 0 33056
p 0 217 33056
x 0 33057
p 0 212 33057
x 0 33058
p 0 207 33058
x 0 33059
p 0 296 33059
x 0 33060
p 0 234 33060
x 0 33061
p 0 218 33061
x 0 33000
h 0 10.0.0.10
p 0 73271 33000
x 1 33001
h 1 10.0.0.10
p 1 904 33001
x 0 33002
p 0 219 33002
x 0 33003
p 0 209 33003
x 0 33004
p 0 211 33004
x 0 33005
p 0 210 33005
x 0 33006
p 0 203 33006
x 0 33007
p 0 214 33007
x 0 33008
p 0 208 33008
x 0 33009
p 0 211 33009
x 0 33010
p 0 206 33010
x 0 33011
p 0 206 33011
x 0 33012
p 0 206 33012
x 0 33013
p 0 210 33013
x 0 33014
p 0 208 33014
x 0 33015
p 0 207 33015
x 0 33016
p 0 206 33016
x 0 33017
p 0 209 33017
x 0 33018
p 0 263 33018
x 0 33019
p 0 210 33019
x 0 33020
p 0 209 33020
x 0 33021
p 0 205 33021
x 0 33022
p 0 208 33022
x 0 33023
p 0 211 33023
x 0 33024
p 0 205 33024
x 0 33025
p 0 209 33025
x 0 33026
p 0 204 33026
x 0 33027
p 0 278 33027
x 0 33028
p 0 212 33028
x 0 33029
p 0 208 33029
x 0 33030
p 0 207 33030
x 0 33031
p 0 206 33031
x 0 33032
p 0 209 33032
x 0 33033
p 0 209 33033
x 0 33034
p 0 206 33034
x 0 33035
p 0 213 33035
x 0 33036
p 0 208 33036
x 0 33037
p 0 213 33037
x 0 33038
p 0 212 33038
x 0 33039
p 0 209 33039
x 0 33040
p 0 206 33040
x 0 33041
p 0 207 33041
x 0 33042
p 0 209 33042
x 0 33043
p 0 209 33043
x 0 33044
p 0 209 33044
x 0 33045
p 0 208 33045
x 0 33046
p 0 219 33046
x 0 33047
p 0 209 33047
x 0 33048
p 0 241 33048
x 0 33049
p 0 207 33049
x 0 33050
p 0 207 33050
x 0 33051
p 0 209 33051
x 0 33052
p 0 210 33052
x 0 33053
p 0 209 33053
x 0 33054
p 0 204 33054
x 0 33055
p 0 240 33055
x 0 33056
p 0 205 33056
x 0 33057
p 0 217 33057
x 0 33058
p 0 209 33058
x 0 33059
p 0 213 33059
x 0 33060
p 0 210 33060
x 0 33000
h 0 10.0.0.10
p 0 70732 33000
x 1 33001
h 1 10.0.0.10
p 1 1008 33001
x 0 33002
p 0 142 33002
x 0 33003
p 0 205 33003
x 0 33004
p 0 208 33004
x 0 33005
p 0 213 33005
x 0 33006
p 0 240 33006
x 0 33007
p 0 211 33007
x 0 33008
p 0 210 33008
x 0 33009
p 0 209 33009
x 0 33010
p 0 209 33010
x 0 33011
p 0 209 33011
x 0 33012
p 0 209 33012
x 0 33013
p 0 208 33013
x 0 33014
p 0 209 33014
x 0 33015
p 0 210 33015
x 0 33016
p 0 211 33016
x 0 33017
p 0 205 33017
x 0 33018
p 0 236 33018
x 0 33019
p 0 204 33019
x 0 33020
p 0 207 33020
x 0 33021
p 0 205 33021
x 0 33022
p 0 208 33022
x 0 33023
p 0 208 33023
x 0 33024
p 0 204 33024
x 0 33025
p 0 218 33025
x 0 33026
p 0 209 33026
x 0 33027
p 0 208 33027
x 0 33028
p 0 261 33028
x 0 33029
p 0 205 33029
x 0 33030
p 0 210 33030
x 0 33031
p 0 208 33031
x 0 33032
p 0 210 33032
x 0 33033
p 0 208 33033
x 0 33034
p 0 208 33034
x 0 33035
p 0 208 33035
x 0 33036
p 0 209 33036
x 0 33037
p 0 210 33037
x 0 33038
p 0 204 33038
x 0 33039
p 0 207 33039
x 0 33040
p 0 207 33040
x 0 33041
p 0 208 33041
x 0 33042
p 0 205 33042
x 0 33043
p 0 204 33043
x 0 33044
p 0 205 33044
x 0 33045
p 0 209 33045
x 0 33046
p 0 207 33046
x 0 33047
p 0 209 33047
x 0 33048
p 0 206 33048
x 0 33049
p 0 207 33049
x 0 33050
p 0 205 33050
x 0 33051
p 0 214 33051
x 0 33052
p 0 209 33052
x 0 33053
p 0 205 33053
x 0 33054
p 0 206 33054
x 0 33055
p 0 203 33055
x 0 33056
p 0 129 33056
x 0 33057
p 0 181 33057
x 0 33058
p 0 207 33058
x 0 33059
p 0 208 33059
x 0 33060
p 0 210 33060
x 0 33000
x 1 33001
h 0 10.0.0.10
p 0 133049 33000
x 2 33002
h 2 10.0.0.10
p 2 986 33002
x 0 33003
p 0 225 33003
h 1 10.0.0.10
p 1 1029618 33001
x 0 33004
p 0 212 33004
x 0 33005
p 0 215 33005
x 0 33006
p 0 212 33006
x 0 33007
p 0 204 33007
x 0 33008
p 0 217 33008
x 0 33009
p 0 210 33009
x 0 33010
p 0 256 33010
x 0 33011
p 0 208 33011
x 0 33012
p 0 208 33012
x 0 33013
p 0 212 33013
x 0 33014
p 0 207 33014
x 0 33015
p 0 214 33015
x 0 33016
p 0 208 33016
x 0 33017
p 0 248 33017
x 0 33018
p 0 211 33018
x 0 33019
p 0 206 33019
x 0 33020
p 0 207 33020
x 0 33021
p 0 205 33021
x 0 33022
p 0 206 33022
x 0 33023
p 0 208 33023
x 0 33024
p 0 271 33024
x 0 33025
p 0 210 33025
x 0 33026
p 0 210 33026
x 0 33027
p 0 210 33027
x 0 33028
p 0 207 33028
x 0 33029
p 0 206 33029
x 0 33030
p 0 206 33030
x 0 33031
p 0 202 33031
x 0 33032
p 0 208 33032
x 0 33033
p 0 213 33033
x 0 33034
p 0 210 33034
x 0 33035
p 0 296 33035
x 0 33036
p 0 281 33036
x 0 33037
p 0 212 33037
x 0 33038
p 0 212 33038
x 0 33039
p 0 211 33039
x 0 33040
p 0 205 33040
x 0 33041
p 0 148 33041
x 0 33042
p 0 213 33042
x 0 33043
p 0 209 33043
x 0 33044
p 0 206 33044
x 0 33045
p 0 212 33045
x 0 33046
p 0 209 33046
x 0 33047
p 0 163 33047
x 0 33048
p 0 210 33048
x 0 33049
p 0 208 33049
x 0 33050
p 0 209 33050
x 0 33051
p 0 209 33051
x 0 33052
p 0 214 33052
x 0 33053
p 0 214 33053
x 0 33054
p 0 206 33054
x 0 33055
p 0 212 33055
x 0 33056
p 0 271 33056
x 0 33057
p 0 211 33057
x 0 33058
p 0 211 33058
x 0 33059
p 0 211 33059
x 0 33060
p 0 278 33060
x 0 33061
p 0 209 33061
x 0 33000
x 1 33001
h 1 10.0.0.10
p 1 1681 33001
h 0 10.0.0.10
p 0 106403 33000
x 2 33002
h 2 10.0.0.10
p 2 225 33002
x 0 33003
p 0 219 33003
x 0 33004
p 0 216 33004
x 0 33005
p 0 216 33005
x 0 33006
p 0 228 33006
x 0 33007
p 0 225 33007
x 0 33008
p 0 243 33008
x 0 33009
p 0 259 33009
x 0 33010
p 0 231 33010
x 0 33011
p 0 218 33011
x 0 33012
p 0 248 33012
x 0 33013
p 0 306 33013
x 0 33014
p 0 223 33014
x 0 33015
p 0 224 33015
x 0 33016
p 0 264 33016
x 0 33017
p 0 227 33017
x 0 33018
p 0 219 33018
x 0 33019
p 0 218 33019
x 0 33020
p 0 245 33020
x 0 33021
p 0 222 33021
x 0 33022
p 0 237 33022
x 0 33023
p 0 262 33023
x 0 33024
p 0 214 33024
x 0 33025
p 0 220 33025
x 0 33026
p 0 219 33026
x 0 33027
p 0 252 33027
x 0 33028
p 0 226 33028
x 0 33029
p 0 217 33029
x 0 33030
p 0 291 33030
x 0 33031
p 0 290 33031
x 0 33032
p 0 230 33032
x 0 33033
p 0 234 33033
x 0 33034
p 0 243 33034
x 0 33035
p 0 218 33035
x 0 33036
p 0 223 33036
x 0 33037
p 0 252 33037
x 0 33038
p 0 226 33038
x 0 33039
p 0 211 33039
x 0 33040
p 0 217 33040
x 0 33041
p 0 219 33041
x 0 33042
p 0 224 33042
x 0 33043
p 0 251 33043
x 0 33044
p 0 217 33044
x 0 33045
p 0 218 33045
x 0 33046
p 0 222 33046
x 0 33047
p 0 230 33047
x 0 33048
p 0 230 33048
x 0 33049
p 0 215 33049
x 0 33050
p 0 227 33050
x 0 33051
p 0 217 33051
x 0 33052
p 0 226 33052
x 0 33053
p 0 226 33053
x 0 33054
p 0 224 33054
x 0 33055
p 0 239 33055
x 0 33056
p 0 215 33056
x 0 33057
p 0 224 33057
x 0 33058
p 0 216 33058
x 0 33059
p 0 214 33059
x 0 33060
p 0 219 33060
x 0 33061
p 0 219 33061
x 0 33000
h 0 10.0.0.10
p 0 49661 33000
x 1 33001
h 1 10.0.0.10
p 1 974 33001
x 0 33002
p 0 216 33002
x 0 33003
p 0 211 33003
x 0 33004
p 0 248 33004
x 0 33005
p 0 211 33005
x 0 33006
p 0 210 33006
x 0 33007
p 0 259 33007
x 0 33008
p 0 211 33008
x 0 33009
p 0 208 33009
x 0 33010
p 0 211 33010
x 0 33011
p 0 256 33011
x 0 33012
p 0 209 33012
x 0 33013
p 0 212 33013
x 0 33014
p 0 211 33014
x 0 33015
p 0 208 33015
x 0 33016
p 0 207 33016
x 0 33017
p 0 207 33017
x 0 33018
p 0 209 33018
x 0 33019
p 0 212 33019
x 0 33020
p 0 207 33020
x 0 33021
p 0 211 33021
x 0 33022
p 0 273 33022
x 0 33023
p 0 210 33023
x 0 33024
p 0 208 33024
x 0 33025
p 0 210 33025
x 0 33026
p 0 207 33026
x 0 33027
p 0 208 33027
x 0 33028
p 0 209 33028
x 0 33029
p 0 207 33029
x 0 33030
p 0 206 33030
x 0 33031
p 0 209 33031
x 0 33032
p 0 207 33032
x 0 33033
p 0 209 33033
x 0 33034
p 0 210 33034
x 0 33035
p 0 211 33035
x 0 33036
p 0 207 33036
x 0 33037
p 0 210 33037
x 0 33038
p 0 212 33038
x 0 33039
p 0 213 33039
x 0 33040
p 0 210 33040
x 0 33041
p 0 206 33041
x 0 33042
p 0 210 33042
x 0 33043
p 0 207 33043
x 0 33044
p 0 212 33044
x 0 33045
p 0 210 33045
x 0 33046
p 0 205 33046
x 0 33047
p 0 206 33047
x 0 33048
p 0 209 33048
x 0 33049
p 0 209 33049
x 0 33050
p 0 215 33050
x 0 33051
p 0 208 33051
x 0 33052
p 0 203 33052
x 0 33053
p 0 205 33053
x 0 33054
p 0 249 33054
x 0 33055
p 0 209 33055
x 0 33056
p 0 209 33056
x 0 33057
p 0 210 33057
x 0 33058
p 0 209 33058
x 0 33059
p 0 211 33059
x 0 33060
p 0 209 33060
x 0 33000
h 0 10.0.0.10
p 0 72822 33000
x 1 33001
h 1 10.0.0.10
p 1 1248 33001
x 0 33002
p 0 218 33002
x 0 33003
p 0 209 33003
x 0 33004
p 0 209 33004
x 0 33005
p 0 213 33005
x 0 33006
p 0 210 33006
x 0 33007
p 0 203 33007
x 0 33008
p 0 225 33008
x 0 33009
p 0 214 33009
x 0 33010
p 0 211 33010
x 0 33011
p 0 213 33011
x 0 33012
p 0 213 33012
x 0 33013
p 0 215 33013
x 0 33014
p 0 212 33014
x 0 33015
p 0 218 33015
x 0 33016
p 0 216 33016
x 0 33017
p 0 210 33017
x 0 33018
p 0 208 33018
x 0 33019
p 0 210 33019
x 0 33020
p 0 208 33020
x 0 33021
p 0 208 33021
x 0 33022
p 0 203 33022
x 0 33023
p 0 206 33023
x 0 33024
p 0 206 33024
x 0 33025
p 0 206 33025
x 0 33026
p 0 205 33026
x 0 33027
p 0 207 33027
x 0 33028
p 0 206 33028
x 0 33029
p 0 206 33029
x 0 33030
p 0 209 33030
x 0 33031
p 0 204 33031
x 0 33032
p 0 205 33032
x 0 33033
p 0 208 33033
x 0 33034
p 0 203 33034
x 0 33035
p 0 208 33035
x 0 33036
p 0 209 33036
x 0 33037
p 0 209 33037
x 0 33038
p 0 207 33038
x 0 33039
p 0 208 33039
x 0 33040
p 0 212 33040
x 0 33041
p 0 207 33041
x 0 33042
p 0 210 33042
x 0 33043
p 0 205 33043
x 0 33044
p 0 205 33044
x 0 33045
p 0 211 33045
x 0 33046
p 0 206 33046
x 0 33047
p 0 208 33047
x 0 33048
p 0 210 33048
x 0 33049
p 0 210 33049
x 0 33050
p 0 213 33050
x 0 33051
p 0 206 33051
x 0 33052
p 0 206 33052
x 0 33053
p 0 205 33053
x 0 33054
p 0 207 33054
x 0 33055
p 0 243 33055
x 0 33056
p 0 206 33056
x 0 33057
p 0 208 33057
x 0 33058
p 0 205 33058
x 0 33059
p 0 176 33059
x 0 33060
p 0 180 33060
x 0 33000
x 1 33001
h 0 10.0.0.10
p 0 117057 33000
x 2 33002
h 2 10.0.0.10
p 2 778 33002
x 0 33003
p 0 299 33003
h 1 10.0.0.10
p 1 1015450 33001
x 0 33004
p 0 238 33004
x 0 33005
p 0 216 33005
x 0 33006
p 0 249 33006
x 0 33007
p 0 276 33007
x 0 33008
p 0 303 33008
x 0 33009
p 0 227 33009
x 0 33010
p 0 220 33010
x 0 33011
p 0 209 33011
x 0 33012
p 0 210 33012
x 0 33013
p 0 297 33013
x 0 33014
p 0 209 33014
x 0 33015
p 0 291 33015
x 0 33016
p 0 212 33016
x 0 33017
p 0 209 33017
x 0 33018
p 0 209 33018
x 0 33019
p 0 252 33019
x 0 33020
p 0 216 33020
x 0 33021
p 0 214 33021
x 0 33022
p 0 253 33022
x 0 33023
p 0 219 33023
x 0 33024
p 0 204 33024
x 0 33025
p 0 221 33025
x 0 33026
p 0 208 33026
x 0 33027
p 0 217 33027
x 0 33028
p 0 228 33028
x 0 33029
p 0 281 33029
x 0 33030
p 0 252 33030
x 0 33031
p 0 215 33031
x 0 33032
p 0 246 33032
x 0 33033
p 0 232 33033
x 0 33034
p 0 212 33034
x 0 33035
p 0 227 33035
x 0 33036
p 0 270 33036
x 0 33037
p 0 246 33037
x 0 33038
p 0 236 33038
x 0 33039
p 0 240 33039
x 0 33040
p 0 218 33040
x 0 33041
p 0 209 33041
x 0 33042
p 0 217 33042
x 0 33043
p 0 286 33043
x 0 33044
p 0 254 33044
x 0 33045
p 0 224 33045
x 0 33046
p 0 210 33046
x 0 33047
p 0 216 33047
x 0 33048
p 0 236 33048
x 0 33049
p 0 239 33049
x 0 33050
p 0 305 33050
x 0 33051
p 0 242 33051
x 0 33052
p 0 211 33052
x 0 33053
p 0 231 33053
x 0 33054
p 0 223 33054
x 0 33055
p 0 262 33055
x 0 33056
p 0 212 33056
x 0 33057
p 0 213 33057
x 0 33058
p 0 245 33058
x 0 33059
p 0 244 33059
x 0 33060
p 0 236 33060
x 0 33061
p 0 217 33061
x 0 33000
h 0 10.0.0.10
p 0 71524 33000
x 1 33001
h 1 10.0.0.10
p 1 779 33001
x 0 33002
p 0 235 33002
x 0 33003
p 0 212 33003
x 0 33004
p 0 208 33004
x 0 33005
p 0 212 33005
x 0 33006
p 0 210 33006
x 0 33007
p 0 213 33007
x 0 33008
p 0 217 33008
x 0 33009
p 0 207 33009
x 0 33010
p 0 208 33010
x 0 33011
p 0 211 33011
x 0 33012
p 0 210 33012
x 0 33013
p 0 213 33013
x 0 33014
p 0 208 33014
x 0 33015
p 0 133 33015
x 0 33016
p 0 215 33016
x 0 33017
p 0 212 33017
x 0 33018
p 0 211 33018
x 0 33019
p 0 208 33019
x 0 33020
p 0 208 33020
x 0 33021
p 0 209 33021
x 0 33022
p 0 210 33022
x 0 33023
p 0 207 33023
x 0 33024
p 0 205 33024
x 0 33025
p 0 211 33025
x 0 33026
p 0 215 33026
x 0 33027
p 0 212 33027
x 0 33028
p 0 211 33028
x 0 33029
p 0 209 33029
x 0 33030
p 0 209 33030
x 0 33031
p 0 211 33031
x 0 33032
p 0 212 33032
x 0 33033
p 0 211 33033
x 0 33034
p 0 206 33034
x 0 33035
p 0 211 33035
x 0 33036
p 0 213 33036
x 0 33037
p 0 211 33037
x 0 33038
p 0 212 33038
x 0 33039
p 0 208 33039
x 0 33040
p 0 206 33040
x 0 33041
p 0 209 33041
x 0 33042
p 0 208 33042
x 0 33043
p 0 243 33043
x 0 33044
p 0 207 33044
x 0 33045
p 0 206 33045
x 0 33046
p 0 206 33046
x 0 33047
p 0 207 33047
x 0 33048
p 0 212 33048
x 0 33049
p 0 209 33049
x 0 33050
p 0 211 33050
x 0 33051
p 0 208 33051
x 0 33052
p 0 209 33052
x 0 33053
p 0 212 33053
x 0 33054
p 0 209 33054
x 0 33055
p 0 209 33055
x 0 33056
p 0 208 33056
x 0 33057
p 0 216 33057
x 0 33058
p 0 210 33058
x 0 33059
p 0 205 33059
x 0 33060
p 0 210 33060
x 0 33000
h 0 10.0.0.10
p 0 49220 33000
x 1 33001
h 1 10.0.0.10
p 1 801 33001
x 0 33002
p 0 210 33002
x 0 33003
p 0 208 33003
x 0 33004
p 0 208 33004
x 0 33005
p 0 205 33005
x 0 33006
p 0 203 33006
x 0 33007
p 0 214 33007
x 0 33008
p 0 209 33008
x 0 33009
p 0 208 33009
x 0 33010
p 0 206 33010
x 0 33011
p 0 206 33011
x 0 33012
p 0 207 33012
x 0 33013
p 0 207 33013
x 0 33014
p 0 209 33014
x 0 33015
p 0 211 33015
x 0 33016
p 0 208 33016
x 0 33017
p 0 208 33017
x 0 33018
p 0 204 33018
x 0 33019
p 0 204 33019
x 0 33020
p 0 220 33020
x 0 33021
p 0 390 33021
x 0 33022
p 0 207 33022
x 0 33023
p 0 218 33023
x 0 33024
p 0 217 33024
x 0 33025
p 0 218 33025
x 0 33026
p 0 225 33026
x 0 33027
p 0 182 33027
x 0 33028
p 0 179 33028
x 0 33029
p 0 188 33029
x 0 33030
p 0 181 33030
x 0 33031
p 0 183 33031
x 0 33032
p 0 179 33032
x 0 33033
p 0 182 33033
x 0 33034
p 0 182 33034
x 0 33035
p 0 176 33035
x 0 33036
p 0 192 33036
x 0 33037
p 0 211 33037
x 0 33038
p 0 178 33038
x 0 33039
p 0 178 33039
x 0 33040
p 0 179 33040
x 0 33041
p 0 177 33041
x 0 33042
p 0 179 33042
x 0 33043
p 0 206 33043
x 0 33044
p 0 180 33044
x 0 33045
p 0 181 33045
x 0 33046
p 0 203 33046
x 0 33047
p 0 205 33047
x 0 33048
p 0 179 33048
x 0 33049
p 0 177 33049
x 0 33050
p 0 208 33050
x 0 33051
p 0 179 33051
x 0 33052
p 0 180 33052
x 0 33053
p 0 179 33053
x 0 33054
p 0 276 33054
x 0 33055
p 0 205 33055
x 0 33056
p 0 187 33056
x 0 33057
p 0 208 33057
x 0 33058
p 0 209 33058
x 0 33059
p 0 206 33059
x 0 33060
p 0 206 33060
