x 0 33000
x 1 33001
x 2 33002
x 3 33003
x 4 33004
h 0 10.0.0.11
p 0 446262 33000
h 1 10.0.0.11
p 1 350530 33001
h 2 10.0.0.11
p 2 256332 33002
x 5 33005
h 5 10.0.0.11
p 5 909 33005
h 3 10.0.0.11
p 3 214604 33003
x 0 33006
p 0 147 33006
h 4 10.0.0.11
p 4 1017552 33004
x 0 33007
p 0 130 33007
x 0 33008
p 0 217 33008
x 0 33009
p 0 246 33009
x 0 33010
p 0 221 33010
x 0 33011
p 0 215 33011
x 0 33012
p 0 266 33012
x 0 33013
p 0 220 33013
x 0 33014
p 0 242 33014
x 0 33015
p 0 211 33015
x 0 33016
p 0 209 33016
x 0 33017
p 0 269 33017
x 0 33018
p 0 228 33018
x 0 33019
p 0 257 33019
x 0 33020
p 0 214 33020
x 0 33021
p 0 214 33021
x 0 33022
p 0 211 33022
x 0 33023
p 0 212 33023
x 0 33024
p 0 211 33024
x 0 33025
p 0 213 33025
x 0 33026
p 0 269 33026
x 0 33027
p 0 209 33027
x 0 33028
p 0 220 33028
x 0 33029
p 0 209 33029
x 0 33030
p 0 243 33030
x 0 33031
p 0 218 33031
x 0 33032
p 0 212 33032
x 0 33033
p 0 222 33033
x 0 33034
p 0 215 33034
x 0 33035
p 0 213 33035
x 0 33036
p 0 211 33036
x 0 33037
p 0 211 33037
x 0 33038
p 0 211 33038
x 0 33039
p 0 201 33039
x 0 33040
p 0 213 33040
x 0 33041
p 0 205 33041
x 0 33042
p 0 209 33042
x 0 33043
p 0 207 33043
x 0 33044
p 0 210 33044
x 0 33045
p 0 220 33045
x 0 33046
p 0 209 33046
x 0 33047
p 0 214 33047
x 0 33048
p 0 210 33048
x 0 33049
p 0 223 33049
x 0 33050
p 0 208 33050
x 0 33051
p 0 214 33051
x 0 33052
p 0 214 33052
x 0 33053
p 0 214 33053
x 0 33054
p 0 217 33054
x 0 33055
p 0 231 33055
x 0 33056
p 0 211 33056
x 0 33057
p 0 213 33057
x 0 33058
p 0 301 33058
x 0 33059
p 0 255 33059
x 0 33060
p 0 135 33060
x 0 33061
p 0 219 33061
x 0 33062
p 0 215 33062
x 0 33063
p 0 213 33063
x 0 33064
p 0 220 33064
x 0 33000
h 0 10.0.0.11
p 0 1721 33000
x 1 33001
h 1 10.0.0.11
p 1 210 33001
x 0 33002
p 0 209 33002
x 0 33003
p 0 239 33003
x 0 33004
p 0 265 33004
x 0 33005
p 0 264 33005
x 0 33006
p 0 216 33006
x 0 33007
p 0 240 33007
x 0 33008
p 0 214 33008
x 0 33009
p 0 235 33009
x 0 33010
p 0 232 33010
x 0 33011
p 0 235 33011
x 0 33012
p 0 263 33012
x 0 33013
p 0 279 33013
x 0 33014
p 0 227 33014
x 0 33015
p 0 209 33015
x 0 33016
p 0 253 33016
x 0 33017
p 0 231 33017
x 0 33018
p 0 243 33018
x 0 33019
p 0 253 33019
x 0 33020
p 0 219 33020
x 0 33021
p 0 300 33021
x 0 33022
p 0 246 33022
x 0 33023
p 0 210 33023
x 0 33024
p 0 264 33024
x 0 33025
p 0 219 33025
x 0 33026
p 0 226 33026
x 0 33027
p 0 217 33027
x 0 33028
p 0 225 33028
x 0 33029
p 0 227 33029
x 0 33030
p 0 220 33030
x 0 33031
p 0 230 33031
x 0 33032
p 0 231 33032
x 0 33033
p 0 214 33033
x 0 33034
p 0 228 33034
x 0 33035
p 0 216 33035
x 0 33036
p 0 225 33036
x 0 33037
p 0 224 33037
x 0 33038
p 0 273 33038
x 0 33039
p 0 230 33039
x 0 33040
p 0 263 33040
x 0 33041
p 0 237 33041
x 0 33042
p 0 261 33042
x 0 33043
p 0 222 33043
x 0 33044
p 0 229 33044
x 0 33045
p 0 258 33045
x 0 33046
p 0 235 33046
x 0 33047
p 0 232 33047
x 0 33048
p 0 216 33048
x 0 33049
p 0 228 33049
x 0 33050
p 0 229 33050
x 0 33051
p 0 221 33051
x 0 33052
p 0 296 33052
x 0 33053
p 0 229 33053
x 0 33054
p 0 219 33054
x 0 33055
p 0 214 33055
x 0 33056
p 0 228 33056
x 0 33057
p 0 223 33057
x 0 33058
p 0 217 33058
x 0 33059
p 0 301 33059
x 0 33060
p 0 229 33060
x 0 33000
x 1 33001
h 0 10.0.0.11
p 0 148455 33000
x 2 33002
h 2 10.0.0.11
p 2 1125 33002
x 0 33003
p 0 249 33003
h 1 10.0.0.11
p 1 623844 33001
x 0 33004
p 0 233 33004
x 0 33005
p 0 218 33005
x 0 33006
p 0 252 33006
x 0 33007
p 0 211 33007
x 0 33008
p 0 229 33008
x 0 33009
p 0 237 33009
x 0 33010
p 0 270 33010
x 0 33011
p 0 226 33011
x 0 33012
p 0 239 33012
x 0 33013
p 0 239 33013
x 0 33014
p 0 216 33014
x 0 33015
p 0 207 33015
x 0 33016
p 0 217 33016
x 0 33017
p 0 208 33017
x 0 33018
p 0 209 33018
x 0 33019
p 0 213 33019
x 0 33020
p 0 248 33020
x 0 33021
p 0 237 33021
x 0 33022
p 0 211 33022
x 0 33023
p 0 205 33023
x 0 33024
p 0 222 33024
x 0 33025
p 0 205 33025
x 0 33026
p 0 206 33026
x 0 33027
p 0 213 33027
x 0 33028
p 0 229 33028
x 0 33029
p 0 216 33029
x 0 33030
p 0 208 33030
x 0 33031
p 0 235 33031
x 0 33032
p 0 207 33032
x 0 33033
p 0 211 33033
x 0 33034
p 0 229 33034
x 0 33035
p 0 206 33035
x 0 33036
p 0 209 33036
x 0 33037
p 0 209 33037
x 0 33038
p 0 219 33038
x 0 33039
p 0 220 33039
x 0 33040
p 0 206 33040
x 0 33041
p 0 225 33041
x 0 33042
p 0 210 33042
x 0 33043
p 0 208 33043
x 0 33044
p 0 210 33044
x 0 33045
p 0 208 33045
x 0 33046
p 0 206 33046
x 0 33047
p 0 203 33047
x 0 33048
p 0 207 33048
x 0 33049
p 0 220 33049
x 0 33050
p 0 207 33050
x 0 33051
p 0 206 33051
x 0 33052
p 0 206 33052
x 0 33053
p 0 204 33053
x 0 33054
p 0 214 33054
x 0 33055
p 0 208 33055
x 0 33056
p 0 235 33056
x 0 33057
p 0 204 33057
x 0 33058
p 0 214 33058
x 0 33059
p 0 297 33059
x 0 33060
p 0 208 33060
x 0 33061
p 0 235 33061
x 0 33000
h 0 10.0.0.11
p 0 1871 33000
x 1 33001
h 1 10.0.0.11
p 1 209 33001
x 0 33002
p 0 146 33002
x 0 33003
p 0 258 33003
x 0 33004
p 0 244 33004
x 0 33005
p 0 215 33005
x 0 33006
p 0 210 33006
x 0 33007
p 0 212 33007
x 0 33008
p 0 296 33008
x 0 33009
p 0 224 33009
x 0 33010
p 0 265 33010
x 0 33011
p 0 216 33011
x 0 33012
p 0 295 33012
x 0 33013
p 0 263 33013
x 0 33014
p 0 206 33014
x 0 33015
p 0 258 33015
x 0 33016
p 0 208 33016
x 0 33017
p 0 210 33017
x 0 33018
p 0 274 33018
x 0 33019
p 0 211 33019
x 0 33020
p 0 248 33020
x 0 33021
p 0 243 33021
x 0 33022
p 0 240 33022
x 0 33023
p 0 216 33023
x 0 33024
p 0 210 33024
x 0 33025
p 0 206 33025
x 0 33026
p 0 352 33026
x 0 33027
p 0 220 33027
x 0 33028
p 0 240 33028
x 0 33029
p 0 237 33029
x 0 33030
p 0 288 33030
x 0 33031
p 0 263 33031
x 0 33032
p 0 213 33032
x 0 33033
p 0 219 33033
x 0 33034
p 0 256 33034
x 0 33035
p 0 215 33035
x 0 33036
p 0 274 33036
x 0 33037
p 0 779 33037
x 0 33038
p 0 221 33038
x 0 33039
p 0 210 33039
x 0 33040
p 0 236 33040
x 0 33041
p 0 312 33041
x 0 33042
p 0 235 33042
x 0 33043
p 0 262 33043
x 0 33044
p 0 207 33044
x 0 33045
p 0 221 33045
x 0 33046
p 0 215 33046
x 0 33047
p 0 214 33047
x 0 33048
p 0 222 33048
x 0 33049
p 0 215 33049
x 0 33050
p 0 214 33050
x 0 33051
p 0 218 33051
x 0 33052
p 0 218 33052
x 0 33053
p 0 225 33053
x 0 33054
p 0 211 33054
x 0 33055
p 0 218 33055
x 0 33056
p 0 204 33056
x 0 33057
p 0 207 33057
x 0 33058
p 0 223 33058
x 0 33059
p 0 207 33059
x 0 33060
p 0 204 33060
x 0 33000
x 1 33001
x 2 33002
h 0 10.0.0.11
p 0 279229 33000
x 3 33003
h 3 10.0.0.11
p 3 855 33003
x 0 33004
p 0 225 33004
h 1 10.0.0.11
p 1 551149 33001
h 2 10.0.0.11
p 2 459403 33002
x 0 33005
p 0 212 33005
x 0 33006
p 0 233 33006
x 0 33007
p 0 209 33007
x 0 33008
p 0 207 33008
x 0 33009
p 0 223 33009
x 0 33010
p 0 207 33010
x 0 33011
p 0 206 33011
x 0 33012
p 0 258 33012
x 0 33013
p 0 202 33013
x 0 33014
p 0 205 33014
x 0 33015
p 0 234 33015
x 0 33016
p 0 206 33016
x 0 33017
p 0 217 33017
x 0 33018
p 0 203 33018
x 0 33019
p 0 206 33019
x 0 33020
p 0 203 33020
x 0 33021
p 0 212 33021
x 0 33022
p 0 211 33022
x 0 33023
p 0 202 33023
x 0 33024
p 0 206 33024
x 0 33025
p 0 208 33025
x 0 33026
p 0 204 33026
x 0 33027
p 0 205 33027
x 0 33028
p 0 203 33028
x 0 33029
p 0 205 33029
x 0 33030
p 0 206 33030
x 0 33031
p 0 202 33031
x 0 33032
p 0 205 33032
x 0 33033
p 0 205 33033
x 0 33034
p 0 206 33034
x 0 33035
p 0 205 33035
x 0 33036
p 0 201 33036
x 0 33037
p 0 206 33037
x 0 33038
p 0 204 33038
x 0 33039
p 0 204 33039
x 0 33040
p 0 204 33040
x 0 33041
p 0 207 33041
x 0 33042
p 0 204 33042
x 0 33043
p 0 203 33043
x 0 33044
p 0 203 33044
x 0 33045
p 0 203 33045
x 0 33046
p 0 205 33046
x 0 33047
p 0 208 33047
x 0 33048
p 0 203 33048
x 0 33049
p 0 207 33049
x 0 33050
p 0 202 33050
x 0 33051
p 0 205 33051
x 0 33052
p 0 208 33052
x 0 33053
p 0 206 33053
x 0 33054
p 0 202 33054
x 0 33055
p 0 204 33055
x 0 33056
p 0 202 33056
x 0 33057
p 0 204 33057
x 0 33058
p 0 205 33058
x 0 33059
p 0 205 33059
x 0 33060
p 0 211 33060
x 0 33061
p 0 206 33061
x 0 33062
p 0 204 33062
x 0 33000
h 0 10.0.0.11
p 0 1553 33000
x 1 33001
h 1 10.0.0.11
p 1 208 33001
x 0 33002
p 0 212 33002
x 0 33003
p 0 207 33003
x 0 33004
p 0 207 33004
x 0 33005
p 0 213 33005
x 0 33006
p 0 207 33006
x 0 33007
p 0 213 33007
x 0 33008
p 0 209 33008
x 0 33009
p 0 250 33009
x 0 33010
p 0 212 33010
x 0 33011
p 0 211 33011
x 0 33012
p 0 216 33012
x 0 33013
p 0 208 33013
x 0 33014
p 0 210 33014
x 0 33015
p 0 211 33015
x 0 33016
p 0 258 33016
x 0 33017
p 0 207 33017
x 0 33018
p 0 205 33018
x 0 33019
p 0 214 33019
x 0 33020
p 0 210 33020
x 0 33021
p 0 208 33021
x 0 33022
p 0 226 33022
x 0 33023
p 0 235 33023
x 0 33024
p 0 212 33024
x 0 33025
p 0 213 33025
x 0 33026
p 0 207 33026
x 0 33027
p 0 218 33027
x 0 33028
p 0 210 33028
x 0 33029
p 0 222 33029
x 0 33030
p 0 252 33030
x 0 33031
p 0 209 33031
x 0 33032
p 0 208 33032
x 0 33033
p 0 209 33033
x 0 33034
p 0 210 33034
x 0 33035
p 0 212 33035
x 0 33036
p 0 259 33036
x 0 33037
p 0 249 33037
x 0 33038
p 0 207 33038
x 0 33039
p 0 231 33039
x 0 33040
p 0 217 33040
x 0 33041
p 0 210 33041
x 0 33042
p 0 210 33042
x 0 33043
p 0 205 33043
x 0 33044
p 0 206 33044
x 0 33045
p 0 212 33045
x 0 33046
p 0 204 33046
x 0 33047
p 0 213 33047
x 0 33048
p 0 305 33048
x 0 33049
p 0 262 33049
x 0 33050
p 0 239 33050
x 0 33051
p 0 215 33051
x 0 33052
p 0 253 33052
x 0 33053
p 0 218 33053
x 0 33054
p 0 205 33054
x 0 33055
p 0 212 33055
x 0 33056
p 0 203 33056
x 0 33057
p 0 213 33057
x 0 33058
p 0 271 33058
x 0 33059
p 0 239 33059
x 0 33060
p 0 258 33060
x 0 33000
x 1 33001
h 0 10.0.0.11
p 0 120440 33000
x 2 33002
h 2 10.0.0.11
p 2 1051 33002
x 0 33003
p 0 118 33003
h 1 10.0.0.11
p 1 1020632 33001
x 0 33004
p 0 210 33004
x 0 33005
p 0 213 33005
x 0 33006
p 0 227 33006
x 0 33007
p 0 228 33007
x 0 33008
p 0 243 33008
x 0 33009
p 0 305 33009
x 0 33010
p 0 220 33010
x 0 33011
p 0 219 33011
x 0 33012
p 0 218 33012
x 0 33013
p 0 224 33013
x 0 33014
p 0 224 33014
x 0 33015
p 0 218 33015
x 0 33016
p 0 221 33016
x 0 33017
p 0 217 33017
x 0 33018
p 0 213 33018
x 0 33019
p 0 223 33019
x 0 33020
p 0 216 33020
x 0 33021
p 0 210 33021
x 0 33022
p 0 209 33022
x 0 33023
p 0 214 33023
x 0 33024
p 0 221 33024
x 0 33025
p 0 214 33025
x 0 33026
p 0 217 33026
x 0 33027
p 0 211 33027
x 0 33028
p 0 221 33028
x 0 33029
p 0 229 33029
x 0 33030
p 0 109 33030
x 0 33031
p 0 251 33031
x 0 33032
p 0 216 33032
x 0 33033
p 0 270 33033
x 0 33034
p 0 227 33034
x 0 33035
p 0 251 33035
x 0 33036
p 0 212 33036
x 0 33037
p 0 205 33037
x 0 33038
p 0 250 33038
x 0 33039
p 0 229 33039
x 0 33040
p 0 213 33040
x 0 33041
p 0 219 33041
x 0 33042
p 0 215 33042
x 0 33043
p 0 220 33043
x 0 33044
p 0 232 33044
x 0 33045
p 0 244 33045
x 0 33046
p 0 214 33046
x 0 33047
p 0 217 33047
x 0 33048
p 0 220 33048
x 0 33049
p 0 242 33049
x 0 33050
p 0 216 33050
x 0 33051
p 0 279 33051
x 0 33052
p 0 244 33052
x 0 33053
p 0 215 33053
x 0 33054
p 0 224 33054
x 0 33055
p 0 214 33055
x 0 33056
p 0 215 33056
x 0 33057
p 0 217 33057
x 0 33058
p 0 258 33058
x 0 33059
p 0 262 33059
x 0 33060
p 0 217 33060
x 0 33061
p 0 220 33061
x 0 33000
h 0 10.0.0.11
p 0 2023 33000
x 1 33001
h 1 10.0.0.11
p 1 209 33001
x 0 33002
p 0 217 33002
x 0 33003
p 0 314 33003
x 0 33004
p 0 219 33004
x 0 33005
p 0 225 33005
x 0 33006
p 0 217 33006
x 0 33007
p 0 229 33007
x 0 33008
p 0 261 33008
x 0 33009
p 0 224 33009
x 0 33010
p 0 223 33010
x 0 33011
p 0 226 33011
x 0 33012
p 0 223 33012
x 0 33013
p 0 237 33013
x 0 33014
p 0 221 33014
x 0 33015
p 0 214 33015
x 0 33016
p 0 222 33016
x 0 33017
p 0 233 33017
x 0 33018
p 0 293 33018
x 0 33019
p 0 222 33019
x 0 33020
p 0 261 33020
x 0 33021
p 0 287 33021
x 0 33022
p 0 270 33022
x 0 33023
p 0 249 33023
x 0 33024
p 0 226 33024
x 0 33025
p 0 223 33025
x 0 33026
p 0 276 33026
x 0 33027
p 0 234 33027
x 0 33028
p 0 246 33028
x 0 33029
p 0 217 33029
x 0 33030
p 0 217 33030
x 0 33031
p 0 214 33031
x 0 33032
p 0 218 33032
x 0 33033
p 0 246 33033
x 0 33034
p 0 219 33034
x 0 33035
p 0 151 33035
x 0 33036
p 0 219 33036
x 0 33037
p 0 218 33037
x 0 33038
p 0 243 33038
x 0 33039
p 0 237 33039
x 0 33040
p 0 223 33040
x 0 33041
p 0 318 33041
x 0 33042
p 0 261 33042
x 0 33043
p 0 240 33043
x 0 33044
p 0 223 33044
x 0 33045
p 0 223 33045
x 0 33046
p 0 267 33046
x 0 33047
p 0 218 33047
x 0 33048
p 0 240 33048
x 0 33049
p 0 217 33049
x 0 33050
p 0 216 33050
x 0 33051
p 0 289 33051
x 0 33052
p 0 239 33052
x 0 33053
p 0 237 33053
x 0 33054
p 0 219 33054
x 0 33055
p 0 219 33055
x 0 33056
p 0 268 33056
x 0 33057
p 0 219 33057
x 0 33058
p 0 251 33058
x 0 33059
p 0 226 33059
x 0 33060
p 0 222 33060
x 0 33000
h 0 10.0.0.11
p 0 72939 33000
x 1 33001
h 1 10.0.0.11
p 1 969 33001
x 0 33002
p 0 200 33002
x 0 33003
p 0 235 33003
x 0 33004
p 0 251 33004
x 0 33005
p 0 211 33005
x 0 33006
p 0 198 33006
x 0 33007
p 0 208 33007
x 0 33008
p 0 207 33008
x 0 33009
p 0 206 33009
x 0 33010
p 0 254 33010
x 0 33011
p 0 204 33011
x 0 33012
p 0 238 33012
x 0 33013
p 0 253 33013
x 0 33014
p 0 207 33014
x 0 33015
p 0 230 33015
x 0 33016
p 0 210 33016
x 0 33017
p 0 208 33017
x 0 33018
p 0 210 33018
x 0 33019
p 0 244 33019
x 0 33020
p 0 211 33020
x 0 33021
p 0 209 33021
x 0 33022
p 0 210 33022
x 0 33023
p 0 207 33023
x 0 33024
p 0 209 33024
x 0 33025
p 0 209 33025
x 0 33026
p 0 246 33026
x 0 33027
p 0 210 33027
x 0 33028
p 0 209 33028
x 0 33029
p 0 208 33029
x 0 33030
p 0 210 33030
x 0 33031
p 0 206 33031
x 0 33032
p 0 207 33032
x 0 33033
p 0 204 33033
x 0 33034
p 0 206 33034
x 0 33035
p 0 207 33035
x 0 33036
p 0 205 33036
x 0 33037
p 0 207 33037
x 0 33038
p 0 207 33038
x 0 33039
p 0 242 33039
x 0 33040
p 0 210 33040
x 0 33041
p 0 207 33041
x 0 33042
p 0 209 33042
x 0 33043
p 0 207 33043
x 0 33044
p 0 209 33044
x 0 33045
p 0 206 33045
x 0 33046
p 0 241 33046
x 0 33047
p 0 214 33047
x 0 33048
p 0 210 33048
x 0 33049
p 0 209 33049
x 0 33050
p 0 232 33050
x 0 33051
p 0 238 33051
x 0 33052
p 0 209 33052
x 0 33053
p 0 290 33053
x 0 33054
p 0 208 33054
x 0 33055
p 0 217 33055
x 0 33056
p 0 222 33056
x 0 33057
p 0 211 33057
x 0 33058
p 0 239 33058
x 0 33059
p 0 209 33059
x 0 33060
p 0 248 33060
x 0 33000
h 0 10.0.0.11
p 0 1387 33000
x 1 33001
h 1 10.0.0.11
p 1 204 33001
x 0 33002
p 0 210 33002
x 0 33003
p 0 209 33003
x 0 33004
p 0 212 33004
x 0 33005
p 0 222 33005
x 0 33006
p 0 205 33006
x 0 33007
p 0 250 33007
x 0 33008
p 0 212 33008
x 0 33009
p 0 206 33009
x 0 33010
p 0 217 33010
x 0 33011
p 0 204 33011
x 0 33012
p 0 212 33012
x 0 33013
p 0 208 33013
x 0 33014
p 0 208 33014
x 0 33015
p 0 217 33015
x 0 33016
p 0 212 33016
x 0 33017
p 0 230 33017
x 0 33018
p 0 208 33018
x 0 33019
p 0 206 33019
x 0 33020
p 0 256 33020
x 0 33021
p 0 205 33021
x 0 33022
p 0 220 33022
x 0 33023
p 0 207 33023
x 0 33024
p 0 211 33024
x 0 33025
p 0 216 33025
x 0 33026
p 0 210 33026
x 0 33027
p 0 259 33027
x 0 33028
p 0 208 33028
x 0 33029
p 0 207 33029
x 0 33030
p 0 116 33030
x 0 33031
p 0 207 33031
x 0 33032
p 0 242 33032
x 0 33033
p 0 208 33033
x 0 33034
p 0 472 33034
x 0 33035
p 0 209 33035
x 0 33036
p 0 207 33036
x 0 33037
p 0 209 33037
x 0 33038
p 0 201 33038
x 0 33039
p 0 203 33039
x 0 33040
p 0 203 33040
x 0 33041
p 0 203 33041
x 0 33042
p 0 204 33042
x 0 33043
p 0 205 33043
x 0 33044
p 0 204 33044
x 0 33045
p 0 202 33045
x 0 33046
p 0 175 33046
x 0 33047
p 0 250 33047
x 0 33048
p 0 230 33048
x 0 33049
p 0 201 33049
x 0 33050
p 0 241 33050
x 0 33051
p 0 243 33051
x 0 33052
p 0 202 33052
x 0 33053
p 0 202 33053
x 0 33054
p 0 168 33054
x 0 33055
p 0 231 33055
x 0 33056
p 0 232 33056
x 0 33057
p 0 203 33057
x 0 33058
p 0 168 33058
x 0 33059
p 0 238 33059
x 0 33060
p 0 234 33060
x 0 33000
x 1 33001
h 1 10.0.0.11
p 1 927 33001
h 0 10.0.0.11
p 0 105813 33000
x 2 33002
h 2 10.0.0.11
p 2 172 33002
x 0 33003
p 0 148 33003
x 0 33004
p 0 250 33004
x 0 33005
p 0 226 33005
x 0 33006
p 0 237 33006
x 0 33007
p 0 220 33007
x 0 33008
p 0 226 33008
x 0 33009
p 0 144 33009
x 0 33010
p 0 239 33010
x 0 33011
p 0 220 33011
x 0 33012
p 0 281 33012
x 0 33013
p 0 223 33013
x 0 33014
p 0 234 33014
x 0 33015
p 0 232 33015
x 0 33016
p 0 227 33016
x 0 33017
p 0 218 33017
x 0 33018
p 0 223 33018
x 0 33019
p 0 298 33019
x 0 33020
p 0 222 33020
x 0 33021
p 0 223 33021
x 0 33022
p 0 212 33022
x 0 33023
p 0 218 33023
x 0 33024
p 0 246 33024
x 0 33025
p 0 225 33025
x 0 33026
p 0 270 33026
x 0 33027
p 0 245 33027
x 0 33028
p 0 292 33028
x 0 33029
p 0 242 33029
x 0 33030
p 0 229 33030
x 0 33031
p 0 231 33031
x 0 33032
p 0 207 33032
x 0 33033
p 0 217 33033
x 0 33034
p 0 248 33034
x 0 33035
p 0 228 33035
x 0 33036
p 0 230 33036
x 0 33037
p 0 253 33037
x 0 33038
p 0 219 33038
x 0 33039
p 0 255 33039
x 0 33040
p 0 228 33040
x 0 33041
p 0 224 33041
x 0 33042
p 0 239 33042
x 0 33043
p 0 221 33043
x 0 33044
p 0 244 33044
x 0 33045
p 0 225 33045
x 0 33046
p 0 226 33046
x 0 33047
p 0 253 33047
x 0 33048
p 0 219 33048
x 0 33049
p 0 268 33049
x 0 33050
p 0 224 33050
x 0 33051
p 0 221 33051
x 0 33052
p 0 212 33052
x 0 33053
p 0 250 33053
x 0 33054
p 0 357 33054
x 0 33055
p 0 231 33055
x 0 33056
p 0 262 33056
x 0 33057
p 0 246 33057
x 0 33058
p 0 216 33058
x 0 33059
p 0 243 33059
x 0 33060
p 0 220 33060
x 0 33061
p 0 218 33061
x 0 33000
h 0 10.0.0.11
p 0 2129 33000
x 1 33001
h 1 10.0.0.11
p 1 245 33001
x 0 33002
p 0 242 33002
x 0 33003
p 0 263 33003
x 0 33004
p 0 229 33004
x 0 33005
p 0 273 33005
x 0 33006
p 0 245 33006
x 0 33007
p 0 221 33007
x 0 33008
p 0 809 33008
x 0 33009
p 0 220 33009
x 0 33010
p 0 234 33010
x 0 33011
p 0 218 33011
x 0 33012
p 0 262 33012
x 0 33013
p 0 237 33013
x 0 33014
p 0 235 33014
x 0 33015
p 0 216 33015
x 0 33016
p 0 228 33016
x 0 33017
p 0 221 33017
x 0 33018
p 0 223 33018
x 0 33019
p 0 255 33019
x 0 33020
p 0 213 33020
x 0 33021
p 0 246 33021
x 0 33022
p 0 214 33022
x 0 33023
p 0 223 33023
x 0 33024
p 0 217 33024
x 0 33025
p 0 222 33025
x 0 33026
p 0 232 33026
x 0 33027
p 0 219 33027
x 0 33028
p 0 261 33028
x 0 33029
p 0 226 33029
x 0 33030
p 0 217 33030
x 0 33031
p 0 221 33031
x 0 33032
p 0 219 33032
x 0 33033
p 0 236 33033
x 0 33034
p 0 225 33034
x 0 33035
p 0 268 33035
x 0 33036
p 0 245 33036
x 0 33037
p 0 222 33037
x 0 33038
p 0 241 33038
x 0 33039
p 0 221 33039
x 0 33040
p 0 215 33040
x 0 33041
p 0 217 33041
x 0 33042
p 0 216 33042
x 0 33043
p 0 235 33043
x 0 33044
p 0 222 33044
x 0 33045
p 0 219 33045
x 0 33046
p 0 231 33046
x 0 33047
p 0 221 33047
x 0 33048
p 0 239 33048
x 0 33049
p 0 316 33049
x 0 33050
p 0 225 33050
x 0 33051
p 0 219 33051
x 0 33052
p 0 214 33052
x 0 33053
p 0 232 33053
x 0 33054
p 0 223 33054
x 0 33055
p 0 219 33055
x 0 33056
p 0 224 33056
x 0 33057
p 0 238 33057
x 0 33058
p 0 227 33058
x 0 33059
p 0 227 33059
x 0 33060
p 0 214 33060
x 0 33000
x 1 33001
h 0 10.0.0.11
p 0 121442 33000
x 2 33002
h 2 10.0.0.11
p 2 842 33002
x 0 33003
p 0 225 33003
h 1 10.0.0.11
p 1 1000675 33001
x 0 33004
p 0 209 33004
x 0 33005
p 0 219 33005
x 0 33006
p 0 236 33006
x 0 33007
p 0 221 33007
x 0 33008
p 0 239 33008
x 0 33009
p 0 286 33009
x 0 33010
p 0 231 33010
x 0 33011
p 0 275 33011
x 0 33012
p 0 230 33012
x 0 33013
p 0 253 33013
x 0 33014
p 0 220 33014
x 0 33015
p 0 224 33015
x 0 33016
p 0 293 33016
x 0 33017
p 0 225 33017
x 0 33018
p 0 263 33018
x 0 33019
p 0 235 33019
x 0 33020
p 0 224 33020
x 0 33021
p 0 234 33021
x 0 33022
p 0 219 33022
x 0 33023
p 0 286 33023
x 0 33024
p 0 223 33024
x 0 33025
p 0 254 33025
x 0 33026
p 0 252 33026
x 0 33027
p 0 242 33027
x 0 33028
p 0 247 33028
x 0 33029
p 0 222 33029
x 0 33030
p 0 146 33030
x 0 33031
p 0 235 33031
x 0 33032
p 0 225 33032
x 0 33033
p 0 247 33033
x 0 33034
p 0 227 33034
x 0 33035
p 0 224 33035
x 0 33036
p 0 259 33036
x 0 33037
p 0 237 33037
x 0 33038
p 0 244 33038
x 0 33039
p 0 223 33039
x 0 33040
p 0 226 33040
x 0 33041
p 0 237 33041
x 0 33042
p 0 221 33042
x 0 33043
p 0 254 33043
x 0 33044
p 0 228 33044
x 0 33045
p 0 228 33045
x 0 33046
p 0 264 33046
x 0 33047
p 0 223 33047
x 0 33048
p 0 252 33048
x 0 33049
p 0 247 33049
x 0 33050
p 0 238 33050
x 0 33051
p 0 288 33051
x 0 33052
p 0 221 33052
x 0 33053
p 0 243 33053
x 0 33054
p 0 217 33054
x 0 33055
p 0 243 33055
x 0 33056
p 0 258 33056
x 0 33057
p 0 219 33057
x 0 33058
p 0 261 33058
x 0 33059
p 0 230 33059
x 0 33060
p 0 217 33060
x 0 33061
p 0 244 33061
x 0 33000
h 0 10.0.0.11
p 0 1703 33000
x 1 33001
h 1 10.0.0.11
p 1 203 33001
x 0 33002
p 0 222 33002
x 0 33003
p 0 215 33003
x 0 33004
p 0 219 33004
x 0 33005
p 0 230 33005
x 0 33006
p 0 222 33006
x 0 33007
p 0 307 33007
x 0 33008
p 0 216 33008
x 0 33009
p 0 218 33009
x 0 33010
p 0 223 33010
x 0 33011
p 0 215 33011
x 0 33012
p 0 226 33012
x 0 33013
p 0 219 33013
x 0 33014
p 0 217 33014
x 0 33015
p 0 227 33015
x 0 33016
p 0 217 33016
x 0 33017
p 0 223 33017
x 0 33018
p 0 218 33018
x 0 33019
p 0 214 33019
x 0 33020
p 0 265 33020
x 0 33021
p 0 218 33021
x 0 33022
p 0 223 33022
x 0 33023
p 0 219 33023
x 0 33024
p 0 196 33024
x 0 33025
p 0 248 33025
x 0 33026
p 0 224 33026
x 0 33027
p 0 204 33027
x 0 33028
p 0 228 33028
x 0 33029
p 0 226 33029
x 0 33030
p 0 229 33030
x 0 33031
p 0 217 33031
x 0 33032
p 0 224 33032
x 0 33033
p 0 224 33033
x 0 33034
p 0 222 33034
x 0 33035
p 0 225 33035
x 0 33036
p 0 216 33036
x 0 33037
p 0 205 33037
x 0 33038
p 0 253 33038
x 0 33039
p 0 215 33039
x 0 33040
p 0 223 33040
x 0 33041
p 0 215 33041
x 0 33042
p 0 220 33042
x 0 33043
p 0 224 33043
x 0 33044
p 0 229 33044
x 0 33045
p 0 229 33045
x 0 33046
p 0 224 33046
x 0 33047
p 0 223 33047
x 0 33048
p 0 213 33048
x 0 33049
p 0 216 33049
x 0 33050
p 0 292 33050
x 0 33051
p 0 212 33051
x 0 33052
p 0 219 33052
x 0 33053
p 0 215 33053
x 0 33054
p 0 188 33054
x 0 33055
p 0 218 33055
x 0 33056
p 0 228 33056
x 0 33057
p 0 196 33057
x 0 33058
p 0 217 33058
x 0 33059
p 0 229 33059
x 0 33060
p 0 220 33060
x 0 33000
x 1 33001
h 1 10.0.0.11
p 1 1889 33001
h 0 10.0.0.11
p 0 116499 33000
x 2 33002
h 2 10.0.0.11
p 2 280 33002
x 0 33003
p 0 113 33003
x 0 33004
p 0 237 33004
x 0 33005
p 0 189 33005
x 0 33006
p 0 223 33006
x 0 33007
p 0 214 33007
x 0 33008
p 0 257 33008
x 0 33009
p 0 341 33009
x 0 33010
p 0 229 33010
x 0 33011
p 0 221 33011
x 0 33012
p 0 221 33012
x 0 33013
p 0 216 33013
x 0 33014
p 0 222 33014
x 0 33015
p 0 262 33015
x 0 33016
p 0 253 33016
x 0 33017
p 0 214 33017
x 0 33018
p 0 220 33018
x 0 33019
p 0 228 33019
x 0 33020
p 0 238 33020
x 0 33021
p 0 228 33021
x 0 33022
p 0 264 33022
x 0 33023
p 0 321 33023
x 0 33024
p 0 236 33024
x 0 33025
p 0 272 33025
x 0 33026
p 0 223 33026
x 0 33027
p 0 252 33027
x 0 33028
p 0 220 33028
x 0 33029
p 0 257 33029
x 0 33030
p 0 221 33030
x 0 33031
p 0 219 33031
x 0 33032
p 0 209 33032
x 0 33033
p 0 218 33033
x 0 33034
p 0 228 33034
x 0 33035
p 0 256 33035
x 0 33036
p 0 259 33036
x 0 33037
p 0 219 33037
x 0 33038
p 0 228 33038
x 0 33039
p 0 234 33039
x 0 33040
p 0 227 33040
x 0 33041
p 0 229 33041
x 0 33042
p 0 225 33042
x 0 33043
p 0 312 33043
x 0 33044
p 0 236 33044
x 0 33045
p 0 248 33045
x 0 33046
p 0 230 33046
x 0 33047
p 0 213 33047
x 0 33048
p 0 222 33048
x 0 33049
p 0 238 33049
x 0 33050
p 0 224 33050
x 0 33051
p 0 235 33051
x 0 33052
p 0 217 33052
x 0 33053
p 0 243 33053
x 0 33054
p 0 238 33054
x 0 33055
p 0 268 33055
x 0 33056
p 0 232 33056
x 0 33057
p 0 222 33057
x 0 33058
p 0 224 33058
x 0 33059
p 0 232 33059
x 0 33060
p 0 230 33060
x 0 33061
p 0 231 33061
x 0 33000
h 0 10.0.0.11
p 0 1812 33000
x 1 33001
h 1 10.0.0.11
p 1 263 33001
x 0 33002
p 0 211 33002
x 0 33003
p 0 217 33003
x 0 33004
p 0 222 33004
x 0 33005
p 0 212 33005
x 0 33006
p 0 213 33006
x 0 33007
p 0 218 33007
x 0 33008
p 0 220 33008
x 0 33009
p 0 224 33009
x 0 33010
p 0 220 33010
x 0 33011
p 0 237 33011
x 0 33012
p 0 269 33012
x 0 33013
p 0 235 33013
x 0 33014
p 0 227 33014
x 0 33015
p 0 217 33015
x 0 33016
p 0 210 33016
x 0 33017
p 0 102 33017
x 0 33018
p 0 269 33018
x 0 33019
p 0 262 33019
x 0 33020
p 0 218 33020
x 0 33021
p 0 209 33021
x 0 33022
p 0 220 33022
x 0 33023
p 0 230 33023
x 0 33024
p 0 216 33024
x 0 33025
p 0 237 33025
x 0 33026
p 0 208 33026
x 0 33027
p 0 219 33027
x 0 33028
p 0 216 33028
x 0 33029
p 0 209 33029
x 0 33030
p 0 227 33030
x 0 33031
p 0 209 33031
x 0 33032
p 0 211 33032
x 0 33033
p 0 239 33033
x 0 33034
p 0 221 33034
x 0 33035
p 0 215 33035
x 0 33036
p 0 210 33036
x 0 33037
p 0 214 33037
x 0 33038
p 0 220 33038
x 0 33039
p 0 240 33039
x 0 33040
p 0 249 33040
x 0 33041
p 0 210 33041
x 0 33042
p 0 211 33042
x 0 33043
p 0 216 33043
x 0 33044
p 0 215 33044
x 0 33045
p 0 220 33045
x 0 33046
p 0 243 33046
x 0 33047
p 0 210 33047
x 0 33048
p 0 226 33048
x 0 33049
p 0 215 33049
x 0 33050
p 0 208 33050
x 0 33051
p 0 212 33051
x 0 33052
p 0 209 33052
x 0 33053
p 0 213 33053
x 0 33054
p 0 220 33054
x 0 33055
p 0 212 33055
x 0 33056
p 0 209 33056
x 0 33057
p 0 239 33057
x 0 33058
p 0 217 33058
x 0 33059
p 0 206 33059
x 0 33060
p 0 208 33060
x 0 33000
x 1 33001
h 0 10.0.0.11
p 0 129996 33000
x 2 33002
h 2 10.0.0.11
p 2 907 33002
x 0 33003
p 0 255 33003
h 1 10.0.0.11
p 1 1014618 33001
x 0 33004
p 0 214 33004
x 0 33005
p 0 225 33005
x 0 33006
p 0 209 33006
x 0 33007
p 0 267 33007
x 0 33008
p 0 263 33008
x 0 33009
p 0 215 33009
x 0 33010
p 0 214 33010
x 0 33011
p 0 217 33011
x 0 33012
p 0 211 33012
x 0 33013
p 0 233 33013
x 0 33014
p 0 215 33014
x 0 33015
p 0 212 33015
x 0 33016
p 0 213 33016
x 0 33017
p 0 210 33017
x 0 33018
p 0 210 33018
x 0 33019
p 0 212 33019
x 0 33020
p 0 215 33020
x 0 33021
p 0 217 33021
x 0 33022
p 0 209 33022
x 0 33023
p 0 211 33023
x 0 33024
p 0 215 33024
x 0 33025
p 0 210 33025
x 0 33026
p 0 219 33026
x 0 33027
p 0 208 33027
x 0 33028
p 0 214 33028
x 0 33029
p 0 213 33029
x 0 33030
p 0 212 33030
x 0 33031
p 0 251 33031
x 0 33032
p 0 212 33032
x 0 33033
p 0 220 33033
x 0 33034
p 0 219 33034
x 0 33035
p 0 216 33035
x 0 33036
p 0 219 33036
x 0 33037
p 0 212 33037
x 0 33038
p 0 248 33038
x 0 33039
p 0 210 33039
x 0 33040
p 0 213 33040
x 0 33041
p 0 221 33041
x 0 33042
p 0 206 33042
x 0 33043
p 0 214 33043
x 0 33044
p 0 219 33044
x 0 33045
p 0 246 33045
x 0 33046
p 0 218 33046
x 0 33047
p 0 211 33047
x 0 33048
p 0 218 33048
x 0 33049
p 0 233 33049
x 0 33050
p 0 224 33050
x 0 33051
p 0 223 33051
x 0 33052
p 0 240 33052
x 0 33053
p 0 216 33053
x 0 33054
p 0 219 33054
x 0 33055
p 0 214 33055
x 0 33056
p 0 215 33056
x 0 33057
p 0 208 33057
x 0 33058
p 0 215 33058
x 0 33059
p 0 246 33059
x 0 33060
p 0 211 33060
x 0 33061
p 0 218 33061
x 0 33000
h 0 10.0.0.11
p 0 1688 33000
x 1 33001
h 1 10.0.0.11
p 1 267 33001
x 0 33002
p 0 208 33002
x 0 33003
p 0 213 33003
x 0 33004
p 0 240 33004
x 0 33005
p 0 278 33005
x 0 33006
p 0 221 33006
x 0 33007
p 0 228 33007
x 0 33008
p 0 246 33008
x 0 33009
p 0 229 33009
x 0 33010
p 0 232 33010
x 0 33011
p 0 227 33011
x 0 33012
p 0 267 33012
x 0 33013
p 0 241 33013
x 0 33014
p 0 223 33014
x 0 33015
p 0 228 33015
x 0 33016
p 0 281 33016
x 0 33017
p 0 232 33017
x 0 33018
p 0 219 33018
x 0 33019
p 0 258 33019
x 0 33020
p 0 239 33020
x 0 33021
p 0 223 33021
x 0 33022
p 0 222 33022
x 0 33023
p 0 228 33023
x 0 33024
p 0 217 33024
x 0 33025
p 0 228 33025
x 0 33026
p 0 260 33026
x 0 33027
p 0 224 33027
x 0 33028
p 0 222 33028
x 0 33029
p 0 219 33029
x 0 33030
p 0 232 33030
x 0 33031
p 0 219 33031
x 0 33032
p 0 235 33032
x 0 33033
p 0 278 33033
x 0 33034
p 0 239 33034
x 0 33035
p 0 225 33035
x 0 33036
p 0 221 33036
x 0 33037
p 0 231 33037
x 0 33038
p 0 219 33038
x 0 33039
p 0 246 33039
x 0 33040
p 0 361 33040
x 0 33041
p 0 218 33041
x 0 33042
p 0 227 33042
x 0 33043
p 0 237 33043
x 0 33044
p 0 221 33044
x 0 33045
p 0 231 33045
x 0 33046
p 0 220 33046
x 0 33047
p 0 271 33047
x 0 33048
p 0 224 33048
x 0 33049
p 0 219 33049
x 0 33050
p 0 226 33050
x 0 33051
p 0 221 33051
x 0 33052
p 0 225 33052
x 0 33053
p 0 240 33053
x 0 33054
p 0 258 33054
x 0 33055
p 0 227 33055
x 0 33056
p 0 216 33056
x 0 33057
p 0 223 33057
x 0 33058
p 0 218 33058
x 0 33059
p 0 230 33059
x 0 33060
p 0 227 33060
x 0 33000
x 1 33001
h 0 10.0.0.11
p 0 136733 33000
x 2 33002
h 2 10.0.0.11
p 2 362 33002
x 0 33003
p 0 262 33003
h 1 10.0.0.11
p 1 1008053 33001
x 0 33004
p 0 209 33004
x 0 33005
p 0 242 33005
x 0 33006
p 0 232 33006
x 0 33007
p 0 213 33007
x 0 33008
p 0 256 33008
x 0 33009
p 0 250 33009
x 0 33010
p 0 244 33010
x 0 33011
p 0 220 33011
x 0 33012
p 0 242 33012
x 0 33013
p 0 232 33013
x 0 33014
p 0 228 33014
x 0 33015
p 0 226 33015
x 0 33016
p 0 260 33016
x 0 33017
p 0 213 33017
x 0 33018
p 0 268 33018
x 0 33019
p 0 291 33019
x 0 33020
p 0 219 33020
x 0 33021
p 0 251 33021
x 0 33022
p 0 210 33022
x 0 33023
p 0 229 33023
x 0 33024
p 0 227 33024
x 0 33025
p 0 222 33025
x 0 33026
p 0 219 33026
x 0 33027
p 0 209 33027
x 0 33028
p 0 215 33028
x 0 33029
p 0 220 33029
x 0 33030
p 0 215 33030
x 0 33031
p 0 234 33031
x 0 33032
p 0 221 33032
x 0 33033
p 0 286 33033
x 0 33034
p 0 227 33034
x 0 33035
p 0 223 33035
x 0 33036
p 0 224 33036
x 0 33037
p 0 218 33037
x 0 33038
p 0 219 33038
x 0 33039
p 0 229 33039
x 0 33040
p 0 248 33040
x 0 33041
p 0 228 33041
x 0 33042
p 0 213 33042
x 0 33043
p 0 239 33043
x 0 33044
p 0 225 33044
x 0 33045
p 0 224 33045
x 0 33046
p 0 220 33046
x 0 33047
p 0 269 33047
x 0 33048
p 0 223 33048
x 0 33049
p 0 228 33049
x 0 33050
p 0 218 33050
x 0 33051
p 0 219 33051
x 0 33052
p 0 213 33052
x 0 33053
p 0 236 33053
x 0 33054
p 0 243 33054
x 0 33055
p 0 227 33055
x 0 33056
p 0 227 33056
x 0 33057
p 0 218 33057
x 0 33058
p 0 222 33058
x 0 33059
p 0 231 33059
x 0 33060
p 0 247 33060
x 0 33061
p 0 233 33061
x 0 33000
h 0 10.0.0.11
p 0 2293 33000
x 1 33001
h 1 10.0.0.11
p 1 274 33001
x 0 33002
p 0 339 33002
x 0 33003
p 0 243 33003
x 0 33004
p 0 253 33004
x 0 33005
p 0 239 33005
x 0 33006
p 0 273 33006
x 0 33007
p 0 241 33007
x 0 33008
p 0 299 33008
x 0 33009
p 0 229 33009
x 0 33010
p 0 233 33010
x 0 33011
p 0 244 33011
x 0 33012
p 0 270 33012
x 0 33013
p 0 346 33013
x 0 33014
p 0 321 33014
x 0 33015
p 0 982 33015
x 0 33016
p 0 274 33016
x 0 33017
p 0 264 33017
x 0 33018
p 0 256 33018
x 0 33019
p 0 340 33019
x 0 33020
p 0 266 33020
x 0 33021
p 0 244 33021
x 0 33022
p 0 274 33022
x 0 33023
p 0 261 33023
x 0 33024
p 0 252 33024
x 0 33025
p 0 320 33025
x 0 33026
p 0 269 33026
x 0 33027
p 0 238 33027
x 0 33028
p 0 259 33028
x 0 33029
p 0 350 33029
x 0 33030
p 0 364 33030
x 0 33031
p 0 319 33031
x 0 33032
p 0 288 33032
x 0 33033
p 0 227 33033
x 0 33034
p 0 221 33034
x 0 33035
p 0 324 33035
x 0 33036
p 0 265 33036
x 0 33037
p 0 222 33037
x 0 33038
p 0 230 33038
x 0 33039
p 0 264 33039
x 0 33040
p 0 317 33040
x 0 33041
p 0 215 33041
x 0 33042
p 0 248 33042
x 0 33043
p 0 379 33043
x 0 33044
p 0 253 33044
x 0 33045
p 0 270 33045
x 0 33046
p 0 211 33046
x 0 33047
p 0 135 33047
x 0 33048
p 0 219 33048
x 0 33049
p 0 315 33049
x 0 33050
p 0 365 33050
x 0 33051
p 0 321 33051
x 0 33052
p 0 263 33052
x 0 33053
p 0 220 33053
x 0 33054
p 0 224 33054
x 0 33055
p 0 370 33055
x 0 33056
p 0 212 33056
x 0 33057
p 0 249 33057
x 0 33058
p 0 221 33058
x 0 33059
p 0 224 33059
x 0 33060
p 0 385 33060
x 0 33000
x 1 33001
h 0 10.0.0.11
p 0 193796 33000
x 2 33002
h 2 10.0.0.11
p 2 468 33002
x 0 33003
p 0 84 33003
h 1 10.0.0.11
p 1 599568 33001
x 0 33004
p 0 189 33004
x 0 33005
p 0 196 33005
x 0 33006
p 0 248 33006
x 0 33007
p 0 215 33007
x 0 33008
p 0 244 33008
x 0 33009
p 0 215 33009
x 0 33010
p 0 217 33010
x 0 33011
p 0 272 33011
x 0 33012
p 0 218 33012
x 0 33013
p 0 218 33013
x 0 33014
p 0 255 33014
x 0 33015
p 0 220 33015
x 0 33016
p 0 217 33016
x 0 33017
p 0 223 33017
x 0 33018
p 0 274 33018
x 0 33019
p 0 218 33019
x 0 33020
p 0 217 33020
x 0 33021
p 0 217 33021
x 0 33022
p 0 221 33022
x 0 33023
p 0 218 33023
x 0 33024
p 0 217 33024
x 0 33025
p 0 218 33025
x 0 33026
p 0 218 33026
x 0 33027
p 0 218 33027
x 0 33028
p 0 222 33028
x 0 33029
p 0 216 33029
x 0 33030
p 0 217 33030
x 0 33031
p 0 220 33031
x 0 33032
p 0 224 33032
x 0 33033
p 0 226 33033
x 0 33034
p 0 223 33034
x 0 33035
p 0 223 33035
x 0 33036
p 0 225 33036
x 0 33037
p 0 218 33037
x 0 33038
p 0 225 33038
x 0 33039
p 0 219 33039
x 0 33040
p 0 222 33040
x 0 33041
p 0 227 33041
x 0 33042
p 0 295 33042
x 0 33043
p 0 220 33043
x 0 33044
p 0 221 33044
x 0 33045
p 0 225 33045
x 0 33046
p 0 221 33046
x 0 33047
p 0 217 33047
x 0 33048
p 0 224 33048
x 0 33049
p 0 253 33049
x 0 33050
p 0 217 33050
x 0 33051
p 0 227 33051
x 0 33052
p 0 223 33052
x 0 33053
p 0 221 33053
x 0 33054
p 0 219 33054
x 0 33055
p 0 221 33055
x 0 33056
p 0 254 33056
x 0 33057
p 0 213 33057
x 0 33058
p 0 223 33058
x 0 33059
p 0 221 33059
x 0 33060
p 0 220 33060
x 0 33061
p 0 221 33061
x 0 33000
h 0 10.0.0.11
p 0 1451 33000
x 1 33001
h 1 10.0.0.11
p 1 184 33001
x 0 33002
p 0 219 33002
x 0 33003
p 0 224 33003
x 0 33004
p 0 223 33004
x 0 33005
p 0 244 33005
x 0 33006
p 0 223 33006
x 0 33007
p 0 228 33007
x 0 33008
p 0 227 33008
x 0 33009
p 0 223 33009
x 0 33010
p 0 247 33010
x 0 33011
p 0 257 33011
x 0 33012
p 0 239 33012
x 0 33013
p 0 233 33013
x 0 33014
p 0 230 33014
x 0 33015
p 0 242 33015
x 0 33016
p 0 225 33016
x 0 33017
p 0 252 33017
x 0 33018
p 0 227 33018
x 0 33019
p 0 233 33019
x 0 33020
p 0 241 33020
x 0 33021
p 0 249 33021
x 0 33022
p 0 247 33022
x 0 33023
p 0 227 33023
x 0 33024
p 0 232 33024
x 0 33025
p 0 245 33025
x 0 33026
p 0 222 33026
x 0 33027
p 0 250 33027
x 0 33028
p 0 228 33028
x 0 33029
p 0 246 33029
x 0 33030
p 0 258 33030
x 0 33031
p 0 252 33031
x 0 33032
p 0 247 33032
x 0 33033
p 0 230 33033
x 0 33034
p 0 320 33034
x 0 33035
p 0 248 33035
x 0 33036
p 0 219 33036
x 0 33037
p 0 243 33037
x 0 33038
p 0 234 33038
x 0 33039
p 0 234 33039
x 0 33040
p 0 241 33040
x 0 33041
p 0 280 33041
x 0 33042
p 0 251 33042
x 0 33043
p 0 230 33043
x 0 33044
p 0 231 33044
x 0 33045
p 0 252 33045
x 0 33046
p 0 222 33046
x 0 33047
p 0 241 33047
x 0 33048
p 0 267 33048
x 0 33049
p 0 226 33049
x 0 33050
p 0 247 33050
x 0 33051
p 0 250 33051
x 0 33052
p 0 268 33052
x 0 33053
p 0 239 33053
x 0 33054
p 0 231 33054
x 0 33055
p 0 276 33055
x 0 33056
p 0 232 33056
x 0 33057
p 0 319 33057
x 0 33058
p 0 227 33058
x 0 33059
p 0 233 33059
x 0 33060
p 0 289 33060
x 0 33000
h 0 10.0.0.11
p 0 60087 33000
x 1 33001
h 1 10.0.0.11
p 1 580 33001
x 0 33002
p 0 187 33002
x 0 33003
p 0 169 33003
x 0 33004
p 0 165 33004
x 0 33005
p 0 216 33005
x 0 33006
p 0 218 33006
x 0 33007
p 0 217 33007
x 0 33008
p 0 213 33008
x 0 33009
p 0 215 33009
x 0 33010
p 0 217 33010
x 0 33011
p 0 226 33011
x 0 33012
p 0 217 33012
x 0 33013
p 0 217 33013
x 0 33014
p 0 217 33014
x 0 33015
p 0 214 33015
x 0 33016
p 0 323 33016
x 0 33017
p 0 225 33017
x 0 33018
p 0 222 33018
x 0 33019
p 0 224 33019
x 0 33020
p 0 222 33020
x 0 33021
p 0 222 33021
x 0 33022
p 0 217 33022
x 0 33023
p 0 221 33023
x 0 33024
p 0 222 33024
x 0 33025
p 0 215 33025
x 0 33026
p 0 215 33026
x 0 33027
p 0 217 33027
x 0 33028
p 0 218 33028
x 0 33029
p 0 217 33029
x 0 33030
p 0 239 33030
x 0 33031
p 0 216 33031
x 0 33032
p 0 243 33032
x 0 33033
p 0 215 33033
x 0 33034
p 0 216 33034
x 0 33035
p 0 217 33035
x 0 33036
p 0 213 33036
x 0 33037
p 0 218 33037
x 0 33038
p 0 221 33038
x 0 33039
p 0 243 33039
x 0 33040
p 0 221 33040
x 0 33041
p 0 220 33041
x 0 33042
p 0 221 33042
x 0 33043
p 0 222 33043
x 0 33044
p 0 219 33044
x 0 33045
p 0 220 33045
x 0 33046
p 0 248 33046
x 0 33047
p 0 218 33047
x 0 33048
p 0 212 33048
x 0 33049
p 0 215 33049
x 0 33050
p 0 221 33050
x 0 33051
p 0 216 33051
x 0 33052
p 0 217 33052
x 0 33053
p 0 219 33053
x 0 33054
p 0 217 33054
x 0 33055
p 0 211 33055
x 0 33056
p 0 216 33056
x 0 33057
p 0 216 33057
x 0 33058
p 0 199 33058
x 0 33059
p 0 217 33059
x 0 33060
p 0 218 33060
x 0 33000
h 0 10.0.0.11
p 0 1610 33000
x 1 33001
h 1 10.0.0.11
p 1 206 33001
x 0 33002
p 0 210 33002
x 0 33003
p 0 222 33003
x 0 33004
p 0 194 33004
x 0 33005
p 0 176 33005
x 0 33006
p 0 216 33006
x 0 33007
p 0 214 33007
x 0 33008
p 0 218 33008
x 0 33009
p 0 218 33009
x 0 33010
p 0 214 33010
x 0 33011
p 0 214 33011
x 0 33012
p 0 216 33012
x 0 33013
p 0 223 33013
x 0 33014
p 0 510 33014
x 0 33015
p 0 214 33015
x 0 33016
p 0 303 33016
x 0 33017
p 0 224 33017
x 0 33018
p 0 313 33018
x 0 33019
p 0 213 33019
x 0 33020
p 0 263 33020
x 0 33021
p 0 214 33021
x 0 33022
p 0 255 33022
x 0 33023
p 0 219 33023
x 0 33024
p 0 280 33024
x 0 33025
p 0 212 33025
x 0 33026
p 0 210 33026
x 0 33027
p 0 223 33027
x 0 33028
p 0 223 33028
x 0 33029
p 0 242 33029
x 0 33030
p 0 223 33030
x 0 33031
p 0 254 33031
x 0 33032
p 0 244 33032
x 0 33033
p 0 235 33033
x 0 33034
p 0 225 33034
x 0 33035
p 0 222 33035
x 0 33036
p 0 207 33036
x 0 33037
p 0 218 33037
x 0 33038
p 0 219 33038
x 0 33039
p 0 217 33039
x 0 33040
p 0 224 33040
x 0 33041
p 0 213 33041
x 0 33042
p 0 217 33042
x 0 33043
p 0 220 33043
x 0 33044
p 0 221 33044
x 0 33045
p 0 222 33045
x 0 33046
p 0 218 33046
x 0 33047
p 0 220 33047
x 0 33048
p 0 224 33048
x 0 33049
p 0 218 33049
x 0 33050
p 0 220 33050
x 0 33051
p 0 245 33051
x 0 33052
p 0 236 33052
x 0 33053
p 0 247 33053
x 0 33054
p 0 261 33054
x 0 33055
p 0 230 33055
x 0 33056
p 0 259 33056
x 0 33057
p 0 255 33057
x 0 33058
p 0 411 33058
x 0 33059
p 0 233 33059
x 0 33060
p 0 228 33060
x 0 33000
x 1 33001
h 1 10.0.0.11
p 1 1176 33001
h 0 10.0.0.11
p 0 105279 33000
x 2 33002
h 2 10.0.0.11
p 2 247 33002
x 0 33003
p 0 174 33003
x 0 33004
p 0 226 33004
x 0 33005
p 0 259 33005
x 0 33006
p 0 221 33006
x 0 33007
p 0 214 33007
x 0 33008
p 0 234 33008
x 0 33009
p 0 218 33009
x 0 33010
p 0 243 33010
x 0 33011
p 0 262 33011
x 0 33012
p 0 212 33012
x 0 33013
p 0 209 33013
x 0 33014
p 0 219 33014
x 0 33015
p 0 220 33015
x 0 33016
p 0 216 33016
x 0 33017
p 0 210 33017
x 0 33018
p 0 248 33018
x 0 33019
p 0 211 33019
x 0 33020
p 0 229 33020
x 0 33021
p 0 215 33021
x 0 33022
p 0 340 33022
x 0 33023
p 0 281 33023
x 0 33024
p 0 208 33024
x 0 33025
p 0 247 33025
x 0 33026
p 0 312 33026
x 0 33027
p 0 207 33027
x 0 33028
p 0 216 33028
x 0 33029
p 0 210 33029
x 0 33030
p 0 228 33030
x 0 33031
p 0 214 33031
x 0 33032
p 0 254 33032
x 0 33033
p 0 228 33033
x 0 33034
p 0 315 33034
x 0 33035
p 0 324 33035
x 0 33036
p 0 216 33036
x 0 33037
p 0 216 33037
x 0 33038
p 0 224 33038
x 0 33039
p 0 263 33039
x 0 33040
p 0 217 33040
x 0 33041
p 0 211 33041
x 0 33042
p 0 214 33042
x 0 33043
p 0 235 33043
x 0 33044
p 0 208 33044
x 0 33045
p 0 214 33045
x 0 33046
p 0 219 33046
x 0 33047
p 0 210 33047
x 0 33048
p 0 212 33048
x 0 33049
p 0 209 33049
x 0 33050
p 0 215 33050
x 0 33051
p 0 215 33051
x 0 33052
p 0 208 33052
x 0 33053
p 0 219 33053
x 0 33054
p 0 210 33054
x 0 33055
p 0 207 33055
x 0 33056
p 0 210 33056
x 0 33057
p 0 207 33057
x 0 33058
p 0 212 33058
x 0 33059
p 0 206 33059
x 0 33060
p 0 236 33060
x 0 33061
p 0 220 33061
x 0 33000
h 0 10.0.0.11
p 0 1351 33000
x 1 33001
h 1 10.0.0.11
p 1 261 33001
x 0 33002
p 0 216 33002
x 0 33003
p 0 212 33003
x 0 33004
p 0 212 33004
x 0 33005
p 0 215 33005
x 0 33006
p 0 217 33006
x 0 33007
p 0 221 33007
x 0 33008
p 0 219 33008
x 0 33009
p 0 253 33009
x 0 33010
p 0 221 33010
x 0 33011
p 0 226 33011
x 0 33012
p 0 284 33012
x 0 33013
p 0 249 33013
x 0 33014
p 0 223 33014
x 0 33015
p 0 230 33015
x 0 33016
p 0 220 33016
x 0 33017
p 0 221 33017
x 0 33018
p 0 259 33018
x 0 33019
p 0 313 33019
x 0 33020
p 0 219 33020
x 0 33021
p 0 217 33021
x 0 33022
p 0 221 33022
x 0 33023
p 0 217 33023
x 0 33024
p 0 222 33024
x 0 33025
p 0 222 33025
x 0 33026
p 0 231 33026
x 0 33027
p 0 237 33027
x 0 33028
p 0 220 33028
x 0 33029
p 0 274 33029
x 0 33030
p 0 222 33030
x 0 33031
p 0 219 33031
x 0 33032
p 0 224 33032
x 0 33033
p 0 221 33033
x 0 33034
p 0 223 33034
x 0 33035
p 0 217 33035
x 0 33036
p 0 219 33036
x 0 33037
p 0 234 33037
x 0 33038
p 0 216 33038
x 0 33039
p 0 221 33039
x 0 33040
p 0 218 33040
x 0 33041
p 0 241 33041
x 0 33042
p 0 236 33042
x 0 33043
p 0 219 33043
x 0 33044
p 0 448 33044
x 0 33045
p 0 292 33045
x 0 33046
p 0 221 33046
x 0 33047
p 0 240 33047
x 0 33048
p 0 223 33048
x 0 33049
p 0 220 33049
x 0 33050
p 0 223 33050
x 0 33051
p 0 222 33051
x 0 33052
p 0 250 33052
x 0 33053
p 0 217 33053
x 0 33054
p 0 221 33054
x 0 33055
p 0 217 33055
x 0 33056
p 0 218 33056
x 0 33057
p 0 228 33057
x 0 33058
p 0 216 33058
x 0 33059
p 0 248 33059
x 0 33060
p 0 218 33060
x 0 33000
h 0 10.0.0.11
p 0 60435 33000
x 1 33001
h 1 10.0.0.11
p 1 478 33001
x 0 33002
p 0 282 33002
x 0 33003
p 0 243 33003
x 0 33004
p 0 229 33004
x 0 33005
p 0 177 33005
x 0 33006
p 0 251 33006
x 0 33007
p 0 148 33007
x 0 33008
p 0 179 33008
x 0 33009
p 0 176 33009
x 0 33010
p 0 208 33010
x 0 33011
p 0 205 33011
x 0 33012
p 0 175 33012
x 0 33013
p 0 207 33013
x 0 33014
p 0 208 33014
x 0 33015
p 0 204 33015
x 0 33016
p 0 175 33016
x 0 33017
p 0 179 33017
x 0 33018
p 0 207 33018
x 0 33019
p 0 203 33019
x 0 33020
p 0 178 33020
x 0 33021
p 0 170 33021
x 0 33022
p 0 205 33022
x 0 33023
p 0 170 33023
x 0 33024
p 0 171 33024
x 0 33025
p 0 168 33025
x 0 33026
p 0 168 33026
x 0 33027
p 0 167 33027
x 0 33028
p 0 172 33028
x 0 33029
p 0 166 33029
x 0 33030
p 0 166 33030
x 0 33031
p 0 157 33031
x 0 33032
p 0 160 33032
x 0 33033
p 0 159 33033
x 0 33034
p 0 196 33034
x 0 33035
p 0 159 33035
x 0 33036
p 0 210 33036
x 0 33037
p 0 209 33037
x 0 33038
p 0 211 33038
x 0 33039
p 0 209 33039
x 0 33040
p 0 208 33040
x 0 33041
p 0 209 33041
x 0 33042
p 0 211 33042
x 0 33043
p 0 209 33043
x 0 33044
p 0 206 33044
x 0 33045
p 0 206 33045
x 0 33046
p 0 207 33046
x 0 33047
p 0 209 33047
x 0 33048
p 0 212 33048
x 0 33049
p 0 206 33049
x 0 33050
p 0 204 33050
x 0 33051
p 0 205 33051
x 0 33052
p 0 208 33052
x 0 33053
p 0 207 33053
x 0 33054
p 0 204 33054
x 0 33055
p 0 225 33055
x 0 33056
p 0 207 33056
x 0 33057
p 0 207 33057
x 0 33058
p 0 181 33058
x 0 33059
p 0 208 33059
x 0 33060
p 0 208 33060
x 0 33000
h 0 10.0.0.11
p 0 1673 33000
x 1 33001
h 1 10.0.0.11
p 1 207 33001
x 0 33002
p 0 208 33002
x 0 33003
p 0 220 33003
x 0 33004
p 0 211 33004
x 0 33005
p 0 216 33005
x 0 33006
p 0 209 33006
x 0 33007
p 0 221 33007
x 0 33008
p 0 224 33008
x 0 33009
p 0 213 33009
x 0 33010
p 0 214 33010
x 0 33011
p 0 246 33011
x 0 33012
p 0 235 33012
x 0 33013
p 0 224 33013
x 0 33014
p 0 275 33014
x 0 33015
p 0 226 33015
x 0 33016
p 0 213 33016
x 0 33017
p 0 223 33017
x 0 33018
p 0 232 33018
x 0 33019
p 0 211 33019
x 0 33020
p 0 219 33020
x 0 33021
p 0 214 33021
x 0 33022
p 0 217 33022
x 0 33023
p 0 216 33023
x 0 33024
p 0 216 33024
x 0 33025
p 0 218 33025
x 0 33026
p 0 216 33026
x 0 33027
p 0 226 33027
x 0 33028
p 0 244 33028
x 0 33029
p 0 214 33029
x 0 33030
p 0 212 33030
x 0 33031
p 0 217 33031
x 0 33032
p 0 217 33032
x 0 33033
p 0 214 33033
x 0 33034
p 0 216 33034
x 0 33035
p 0 213 33035
x 0 33036
p 0 218 33036
x 0 33037
p 0 233 33037
x 0 33038
p 0 237 33038
x 0 33039
p 0 234 33039
x 0 33040
p 0 216 33040
x 0 33041
p 0 212 33041
x 0 33042
p 0 237 33042
x 0 33043
p 0 221 33043
x 0 33044
p 0 215 33044
x 0 33045
p 0 219 33045
x 0 33046
p 0 212 33046
x 0 33047
p 0 226 33047
x 0 33048
p 0 261 33048
x 0 33049
p 0 237 33049
x 0 33050
p 0 215 33050
x 0 33051
p 0 214 33051
x 0 33052
p 0 227 33052
x 0 33053
p 0 224 33053
x 0 33054
p 0 216 33054
x 0 33055
p 0 214 33055
x 0 33056
p 0 212 33056
x 0 33057
p 0 238 33057
x 0 33058
p 0 225 33058
x 0 33059
p 0 241 33059
x 0 33060
p 0 217 33060
x 0 33000
x 1 33001
h 0 10.0.0.11
p 0 116097 33000
x 2 33002
h 2 10.0.0.11
p 2 611 33002
x 0 33003
p 0 173 33003
h 1 10.0.0.11
p 1 1026363 33001
x 0 33004
p 0 213 33004
x 0 33005
p 0 217 33005
x 0 33006
p 0 224 33006
x 0 33007
p 0 258 33007
x 0 33008
p 0 316 33008
x 0 33009
p 0 187 33009
x 0 33010
p 0 183 33010
x 0 33011
p 0 186 33011
x 0 33012
p 0 212 33012
x 0 33013
p 0 216 33013
x 0 33014
p 0 215 33014
x 0 33015
p 0 214 33015
x 0 33016
p 0 214 33016
x 0 33017
p 0 210 33017
x 0 33018
p 0 222 33018
x 0 33019
p 0 219 33019
x 0 33020
p 0 215 33020
x 0 33021
p 0 216 33021
x 0 33022
p 0 211 33022
x 0 33023
p 0 214 33023
x 0 33024
p 0 215 33024
x 0 33025
p 0 215 33025
x 0 33026
p 0 218 33026
x 0 33027
p 0 213 33027
x 0 33028
p 0 214 33028
x 0 33029
p 0 216 33029
x 0 33030
p 0 212 33030
x 0 33031
p 0 216 33031
x 0 33032
p 0 212 33032
x 0 33033
p 0 215 33033
x 0 33034
p 0 247 33034
x 0 33035
p 0 216 33035
x 0 33036
p 0 213 33036
x 0 33037
p 0 214 33037
x 0 33038
p 0 271 33038
x 0 33039
p 0 210 33039
x 0 33040
p 0 217 33040
x 0 33041
p 0 214 33041
x 0 33042
p 0 210 33042
x 0 33043
p 0 217 33043
x 0 33044
p 0 212 33044
x 0 33045
p 0 213 33045
x 0 33046
p 0 214 33046
x 0 33047
p 0 211 33047
x 0 33048
p 0 218 33048
x 0 33049
p 0 211 33049
x 0 33050
p 0 212 33050
x 0 33051
p 0 216 33051
x 0 33052
p 0 213 33052
x 0 33053
p 0 219 33053
x 0 33054
p 0 211 33054
x 0 33055
p 0 213 33055
x 0 33056
p 0 214 33056
x 0 33057
p 0 211 33057
x 0 33058
p 0 219 33058
x 0 33059
p 0 212 33059
x 0 33060
p 0 311 33060
x 0 33061
p 0 218 33061
x 0 33000
h 0 10.0.0.11
p 0 1315 33000
x 1 33001
h 1 10.0.0.11
p 1 164 33001
x 0 33002
p 0 193 33002
x 0 33003
p 0 169 33003
x 0 33004
p 0 189 33004
x 0 33005
p 0 191 33005
x 0 33006
p 0 210 33006
x 0 33007
p 0 217 33007
x 0 33008
p 0 209 33008
x 0 33009
p 0 212 33009
x 0 33010
p 0 219 33010
x 0 33011
p 0 210 33011
x 0 33012
p 0 220 33012
x 0 33013
p 0 218 33013
x 0 33014
p 0 210 33014
x 0 33015
p 0 215 33015
x 0 33016
p 0 209 33016
x 0 33017
p 0 217 33017
x 0 33018
p 0 211 33018
x 0 33019
p 0 213 33019
x 0 33020
p 0 213 33020
x 0 33021
p 0 208 33021
x 0 33022
p 0 213 33022
x 0 33023
p 0 213 33023
x 0 33024
p 0 221 33024
x 0 33025
p 0 215 33025
x 0 33026
p 0 216 33026
x 0 33027
p 0 225 33027
x 0 33028
p 0 214 33028
x 0 33029
p 0 213 33029
x 0 33030
p 0 218 33030
x 0 33031
p 0 250 33031
x 0 33032
p 0 217 33032
x 0 33033
p 0 211 33033
x 0 33034
p 0 212 33034
x 0 33035
p 0 216 33035
x 0 33036
p 0 211 33036
x 0 33037
p 0 218 33037
x 0 33038
p 0 252 33038
x 0 33039
p 0 210 33039
x 0 33040
p 0 216 33040
x 0 33041
p 0 212 33041
x 0 33042
p 0 220 33042
x 0 33043
p 0 211 33043
x 0 33044
p 0 212 33044
x 0 33045
p 0 284 33045
x 0 33046
p 0 211 33046
x 0 33047
p 0 225 33047
x 0 33048
p 0 216 33048
x 0 33049
p 0 210 33049
x 0 33050
p 0 215 33050
x 0 33051
p 0 215 33051
x 0 33052
p 0 291 33052
x 0 33053
p 0 213 33053
x 0 33054
p 0 212 33054
x 0 33055
p 0 212 33055
x 0 33056
p 0 149 33056
x 0 33057
p 0 215 33057
x 0 33058
p 0 217 33058
x 0 33059
p 0 210 33059
x 0 33060
p 0 211 33060
x 0 33000
x 1 33001
h 1 10.0.0.11
p 1 1908 33001
h 0 10.0.0.11
p 0 106951 33000
x 2 33002
h 2 10.0.0.11
p 2 267 33002
x 0 33003
p 0 228 33003
x 0 33004
p 0 225 33004
x 0 33005
p 0 228 33005
x 0 33006
p 0 231 33006
x 0 33007
p 0 219 33007
x 0 33008
p 0 257 33008
x 0 33009
p 0 229 33009
x 0 33010
p 0 323 33010
x 0 33011
p 0 296 33011
x 0 33012
p 0 214 33012
x 0 33013
p 0 230 33013
x 0 33014
p 0 218 33014
x 0 33015
p 0 219 33015
x 0 33016
p 0 207 33016
x 0 33017
p 0 322 33017
x 0 33018
p 0 316 33018
x 0 33019
p 0 321 33019
x 0 33020
p 0 242 33020
x 0 33021
p 0 208 33021
x 0 33022
p 0 210 33022
x 0 33023
p 0 216 33023
x 0 33024
p 0 214 33024
x 0 33025
p 0 227 33025
x 0 33026
p 0 209 33026
x 0 33027
p 0 215 33027
x 0 33028
p 0 221 33028
x 0 33029
p 0 223 33029
x 0 33030
p 0 224 33030
x 0 33031
p 0 212 33031
x 0 33032
p 0 211 33032
x 0 33033
p 0 223 33033
x 0 33034
p 0 220 33034
x 0 33035
p 0 215 33035
x 0 33036
p 0 206 33036
x 0 33037
p 0 228 33037
x 0 33038
p 0 319 33038
x 0 33039
p 0 318 33039
x 0 33040
p 0 323 33040
x 0 33041
p 0 320 33041
x 0 33042
p 0 305 33042
x 0 33043
p 0 306 33043
x 0 33044
p 0 305 33044
x 0 33045
p 0 304 33045
x 0 33046
p 0 291 33046
x 0 33047
p 0 336 33047
x 0 33048
p 0 325 33048
x 0 33049
p 0 314 33049
x 0 33050
p 0 315 33050
x 0 33051
p 0 306 33051
x 0 33052
p 0 220 33052
x 0 33053
p 0 324 33053
x 0 33054
p 0 316 33054
x 0 33055
p 0 218 33055
x 0 33056
p 0 212 33056
x 0 33057
p 0 247 33057
x 0 33058
p 0 220 33058
x 0 33059
p 0 225 33059
x 0 33060
p 0 216 33060
x 0 33061
p 0 209 33061
x 0 33000
h 0 10.0.0.11
p 0 2068 33000
x 1 33001
h 1 10.0.0.11
p 1 209 33001
x 0 33002
p 0 280 33002
x 0 33003
p 0 238 33003
x 0 33004
p 0 228 33004
x 0 33005
p 0 233 33005
x 0 33006
p 0 221 33006
x 0 33007
p 0 230 33007
x 0 33008
p 0 224 33008
x 0 33009
p 0 218 33009
x 0 33010
p 0 215 33010
x 0 33011
p 0 221 33011
x 0 33012
p 0 353 33012
x 0 33013
p 0 250 33013
x 0 33014
p 0 220 33014
x 0 33015
p 0 221 33015
x 0 33016
p 0 227 33016
x 0 33017
p 0 415 33017
x 0 33018
p 0 316 33018
x 0 33019
p 0 265 33019
x 0 33020
p 0 263 33020
x 0 33021
p 0 250 33021
x 0 33022
p 0 280 33022
x 0 33023
p 0 256 33023
x 0 33024
p 0 254 33024
x 0 33025
p 0 323 33025
x 0 33026
p 0 220 33026
x 0 33027
p 0 250 33027
x 0 33028
p 0 259 33028
x 0 33029
p 0 218 33029
x 0 33030
p 0 216 33030
x 0 33031
p 0 219 33031
x 0 33032
p 0 223 33032
x 0 33033
p 0 217 33033
x 0 33034
p 0 298 33034
x 0 33035
p 0 220 33035
x 0 33036
p 0 257 33036
x 0 33037
p 0 188 33037
x 0 33038
p 0 224 33038
x 0 33039
p 0 218 33039
x 0 33040
p 0 251 33040
x 0 33041
p 0 265 33041
x 0 33042
p 0 253 33042
x 0 33043
p 0 245 33043
x 0 33044
p 0 256 33044
x 0 33045
p 0 217 33045
x 0 33046
p 0 219 33046
x 0 33047
p 0 225 33047
x 0 33048
p 0 220 33048
x 0 33049
p 0 215 33049
x 0 33050
p 0 217 33050
x 0 33051
p 0 256 33051
x 0 33052
p 0 245 33052
x 0 33053
p 0 217 33053
x 0 33054
p 0 217 33054
x 0 33055
p 0 219 33055
x 0 33056
p 0 221 33056
x 0 33057
p 0 224 33057
x 0 33058
p 0 258 33058
x 0 33059
p 0 218 33059
x 0 33060
p 0 216 33060
x 0 33000
x 1 33001
h 0 10.0.0.11
p 0 171189 33000
x 2 33002
h 2 10.0.0.11
p 2 744 33002
x 0 33003
p 0 212 33003
h 1 10.0.0.11
p 1 563049 33001
x 0 33004
p 0 218 33004
x 0 33005
p 0 212 33005
x 0 33006
p 0 218 33006
x 0 33007
p 0 253 33007
x 0 33008
p 0 220 33008
x 0 33009
p 0 214 33009
x 0 33010
p 0 213 33010
x 0 33011
p 0 214 33011
x 0 33012
p 0 212 33012
x 0 33013
p 0 212 33013
x 0 33014
p 0 249 33014
x 0 33015
p 0 213 33015
x 0 33016
p 0 220 33016
x 0 33017
p 0 213 33017
x 0 33018
p 0 212 33018
x 0 33019
p 0 212 33019
x 0 33020
p 0 206 33020
x 0 33021
p 0 249 33021
x 0 33022
p 0 216 33022
x 0 33023
p 0 213 33023
x 0 33024
p 0 212 33024
x 0 33025
p 0 208 33025
x 0 33026
p 0 216 33026
x 0 33027
p 0 213 33027
x 0 33028
p 0 264 33028
x 0 33029
p 0 215 33029
x 0 33030
p 0 219 33030
x 0 33031
p 0 213 33031
x 0 33032
p 0 212 33032
x 0 33033
p 0 216 33033
x 0 33034
p 0 213 33034
x 0 33035
p 0 206 33035
x 0 33036
p 0 224 33036
x 0 33037
p 0 212 33037
x 0 33038
p 0 217 33038
x 0 33039
p 0 217 33039
x 0 33040
p 0 210 33040
x 0 33041
p 0 214 33041
x 0 33042
p 0 245 33042
x 0 33043
p 0 225 33043
x 0 33044
p 0 213 33044
x 0 33045
p 0 213 33045
x 0 33046
p 0 250 33046
x 0 33047
p 0 185 33047
x 0 33048
p 0 218 33048
x 0 33049
p 0 248 33049
x 0 33050
p 0 186 33050
x 0 33051
p 0 213 33051
x 0 33052
p 0 211 33052
x 0 33053
p 0 213 33053
x 0 33054
p 0 183 33054
x 0 33055
p 0 188 33055
x 0 33056
p 0 217 33056
x 0 33057
p 0 186 33057
x 0 33058
p 0 190 33058
x 0 33059
p 0 210 33059
x 0 33060
p 0 295 33060
x 0 33061
p 0 187 33061
x 0 33000
h 0 10.0.0.11
p 0 1439 33000
x 1 33001
h 1 10.0.0.11
p 1 223 33001
x 0 33002
p 0 221 33002
x 0 33003
p 0 226 33003
x 0 33004
p 0 227 33004
x 0 33005
p 0 269 33005
x 0 33006
p 0 224 33006
x 0 33007
p 0 210 33007
x 0 33008
p 0 213 33008
x 0 33009
p 0 204 33009
x 0 33010
p 0 211 33010
x 0 33011
p 0 197 33011
x 0 33012
p 0 211 33012
x 0 33013
p 0 204 33013
x 0 33014
p 0 201 33014
x 0 33015
p 0 208 33015
x 0 33016
p 0 202 33016
x 0 33017
p 0 206 33017
x 0 33018
p 0 200 33018
x 0 33019
p 0 201 33019
x 0 33020
p 0 205 33020
x 0 33021
p 0 206 33021
x 0 33022
p 0 203 33022
x 0 33023
p 0 226 33023
x 0 33024
p 0 202 33024
x 0 33025
p 0 205 33025
x 0 33026
p 0 200 33026
x 0 33027
p 0 205 33027
x 0 33028
p 0 199 33028
x 0 33029
p 0 200 33029
x 0 33030
p 0 232 33030
x 0 33031
p 0 205 33031
x 0 33032
p 0 201 33032
x 0 33033
p 0 201 33033
x 0 33034
p 0 203 33034
x 0 33035
p 0 211 33035
x 0 33036
p 0 207 33036
x 0 33037
p 0 210 33037
x 0 33038
p 0 206 33038
x 0 33039
p 0 208 33039
x 0 33040
p 0 209 33040
x 0 33041
p 0 247 33041
x 0 33042
p 0 215 33042
x 0 33043
p 0 233 33043
x 0 33044
p 0 210 33044
x 0 33045
p 0 225 33045
x 0 33046
p 0 224 33046
x 0 33047
p 0 208 33047
x 0 33048
p 0 265 33048
x 0 33049
p 0 212 33049
x 0 33050
p 0 208 33050
x 0 33051
p 0 204 33051
x 0 33052
p 0 208 33052
x 0 33053
p 0 202 33053
x 0 33054
p 0 203 33054
x 0 33055
p 0 206 33055
x 0 33056
p 0 227 33056
x 0 33057
p 0 210 33057
x 0 33058
p 0 204 33058
x 0 33059
p 0 204 33059
x 0 33060
p 0 207 33060
x 0 33000
h 0 10.0.0.11
p 0 71728 33000
x 1 33001
h 1 10.0.0.11
p 1 719 33001
x 0 33002
p 0 228 33002
x 0 33003
p 0 207 33003
x 0 33004
p 0 213 33004
x 0 33005
p 0 210 33005
x 0 33006
p 0 241 33006
x 0 33007
p 0 219 33007
x 0 33008
p 0 211 33008
x 0 33009
p 0 210 33009
x 0 33010
p 0 213 33010
x 0 33011
p 0 211 33011
x 0 33012
p 0 211 33012
x 0 33013
p 0 210 33013
x 0 33014
p 0 211 33014
x 0 33015
p 0 211 33015
x 0 33016
p 0 210 33016
x 0 33017
p 0 209 33017
x 0 33018
p 0 211 33018
x 0 33019
p 0 210 33019
x 0 33020
p 0 208 33020
x 0 33021
p 0 211 33021
x 0 33022
p 0 207 33022
x 0 33023
p 0 211 33023
x 0 33024
p 0 212 33024
x 0 33025
p 0 210 33025
x 0 33026
p 0 214 33026
x 0 33027
p 0 211 33027
x 0 33028
p 0 212 33028
x 0 33029
p 0 209 33029
x 0 33030
p 0 212 33030
x 0 33031
p 0 234 33031
x 0 33032
p 0 212 33032
x 0 33033
p 0 210 33033
x 0 33034
p 0 213 33034
x 0 33035
p 0 233 33035
x 0 33036
p 0 211 33036
x 0 33037
p 0 210 33037
x 0 33038
p 0 243 33038
x 0 33039
p 0 208 33039
x 0 33040
p 0 210 33040
x 0 33041
p 0 212 33041
x 0 33042
p 0 253 33042
x 0 33043
p 0 214 33043
x 0 33044
p 0 213 33044
x 0 33045
p 0 208 33045
x 0 33046
p 0 215 33046
x 0 33047
p 0 213 33047
x 0 33048
p 0 215 33048
x 0 33049
p 0 246 33049
x 0 33050
p 0 213 33050
x 0 33051
p 0 214 33051
x 0 33052
p 0 212 33052
x 0 33053
p 0 213 33053
x 0 33054
p 0 210 33054
x 0 33055
p 0 211 33055
x 0 33056
p 0 200 33056
x 0 33057
p 0 213 33057
x 0 33058
p 0 209 33058
x 0 33059
p 0 209 33059
x 0 33060
p 0 209 33060
x 0 33000
h 0 10.0.0.11
p 0 1661 33000
x 1 33001
h 1 10.0.0.11
p 1 214 33001
x 0 33002
p 0 209 33002
x 0 33003
p 0 241 33003
x 0 33004
p 0 258 33004
x 0 33005
p 0 215 33005
x 0 33006
p 0 341 33006
x 0 33007
p 0 320 33007
x 0 33008
p 0 215 33008
x 0 33009
p 0 304 33009
x 0 33010
p 0 212 33010
x 0 33011
p 0 322 33011
x 0 33012
p 0 222 33012
x 0 33013
p 0 321 33013
x 0 33014
p 0 241 33014
x 0 33015
p 0 308 33015
x 0 33016
p 0 218 33016
x 0 33017
p 0 325 33017
x 0 33018
p 0 232 33018
x 0 33019
p 0 216 33019
x 0 33020
p 0 213 33020
x 0 33021
p 0 222 33021
x 0 33022
p 0 247 33022
x 0 33023
p 0 230 33023
x 0 33024
p 0 240 33024
x 0 33025
p 0 215 33025
x 0 33026
p 0 250 33026
x 0 33027
p 0 231 33027
x 0 33028
p 0 225 33028
x 0 33029
p 0 264 33029
x 0 33030
p 0 249 33030
x 0 33031
p 0 341 33031
x 0 33032
p 0 344 33032
x 0 33033
p 0 222 33033
x 0 33034
p 0 224 33034
x 0 33035
p 0 231 33035
x 0 33036
p 0 346 33036
x 0 33037
p 0 348 33037
x 0 33038
p 0 279 33038
x 0 33039
p 0 275 33039
x 0 33040
p 0 276 33040
x 0 33041
p 0 276 33041
x 0 33042
p 0 253 33042
x 0 33043
p 0 274 33043
x 0 33044
p 0 232 33044
x 0 33045
p 0 226 33045
x 0 33046
p 0 214 33046
x 0 33047
p 0 257 33047
x 0 33048
p 0 215 33048
x 0 33049
p 0 222 33049
x 0 33050
p 0 214 33050
x 0 33051
p 0 256 33051
x 0 33052
p 0 226 33052
x 0 33053
p 0 216 33053
x 0 33054
p 0 249 33054
x 0 33055
p 0 221 33055
x 0 33056
p 0 214 33056
x 0 33057
p 0 219 33057
x 0 33058
p 0 256 33058
x 0 33059
p 0 215 33059
x 0 33060
p 0 304 33060
x 0 33000
x 1 33001
h 0 10.0.0.11
p 0 173115 33000
x 2 33002
h 2 10.0.0.11
p 2 666 33002
x 0 33003
p 0 259 33003
h 1 10.0.0.11
p 1 520979 33001
x 0 33004
p 0 214 33004
x 0 33005
p 0 221 33005
x 0 33006
p 0 222 33006
x 0 33007
p 0 213 33007
x 0 33008
p 0 254 33008
x 0 33009
p 0 213 33009
x 0 33010
p 0 212 33010
x 0 33011
p 0 221 33011
x 0 33012
p 0 213 33012
x 0 33013
p 0 210 33013
x 0 33014
p 0 234 33014
x 0 33015
p 0 208 33015
x 0 33016
p 0 214 33016
x 0 33017
p 0 244 33017
x 0 33018
p 0 244 33018
x 0 33019
p 0 208 33019
x 0 33020
p 0 211 33020
x 0 33021
p 0 214 33021
x 0 33022
p 0 279 33022
x 0 33023
p 0 217 33023
x 0 33024
p 0 216 33024
x 0 33025
p 0 249 33025
x 0 33026
p 0 218 33026
x 0 33027
p 0 219 33027
x 0 33028
p 0 210 33028
x 0 33029
p 0 206 33029
x 0 33030
p 0 212 33030
x 0 33031
p 0 213 33031
x 0 33032
p 0 217 33032
x 0 33033
p 0 217 33033
x 0 33034
p 0 215 33034
x 0 33035
p 0 213 33035
x 0 33036
p 0 177 33036
x 0 33037
p 0 226 33037
x 0 33038
p 0 214 33038
x 0 33039
p 0 207 33039
x 0 33040
p 0 206 33040
x 0 33041
p 0 215 33041
x 0 33042
p 0 219 33042
x 0 33043
p 0 214 33043
x 0 33044
p 0 232 33044
x 0 33045
p 0 212 33045
x 0 33046
p 0 218 33046
x 0 33047
p 0 228 33047
x 0 33048
p 0 217 33048
x 0 33049
p 0 208 33049
x 0 33050
p 0 206 33050
x 0 33051
p 0 233 33051
x 0 33052
p 0 217 33052
x 0 33053
p 0 213 33053
x 0 33054
p 0 233 33054
x 0 33055
p 0 209 33055
x 0 33056
p 0 213 33056
x 0 33057
p 0 228 33057
x 0 33058
p 0 216 33058
x 0 33059
p 0 209 33059
x 0 33060
p 0 209 33060
x 0 33061
p 0 221 33061
x 0 33000
h 0 10.0.0.11
p 0 1277 33000
x 1 33001
h 1 10.0.0.11
p 1 165 33001
x 0 33002
p 0 180 33002
x 0 33003
p 0 174 33003
x 0 33004
p 0 245 33004
x 0 33005
p 0 217 33005
x 0 33006
p 0 215 33006
x 0 33007
p 0 231 33007
x 0 33008
p 0 228 33008
x 0 33009
p 0 217 33009
x 0 33010
p 0 371 33010
x 0 33011
p 0 422 33011
x 0 33012
p 0 405 33012
x 0 33013
p 0 415 33013
x 0 33014
p 0 463 33014
x 0 33015
p 0 407 33015
x 0 33016
p 0 429 33016
x 0 33017
p 0 376 33017
x 0 33018
p 0 375 33018
x 0 33019
p 0 392 33019
x 0 33020
p 0 423 33020
x 0 33021
p 0 336 33021
x 0 33022
p 0 223 33022
x 0 33023
p 0 240 33023
x 0 33024
p 0 244 33024
x 0 33025
p 0 268 33025
x 0 33026
p 0 412 33026
x 0 33027
p 0 397 33027
x 0 33028
p 0 371 33028
x 0 33029
p 0 367 33029
x 0 33030
p 0 381 33030
x 0 33031
p 0 394 33031
x 0 33032
p 0 300 33032
x 0 33033
p 0 224 33033
x 0 33034
p 0 250 33034
x 0 33035
p 0 243 33035
x 0 33036
p 0 291 33036
x 0 33037
p 0 228 33037
x 0 33038
p 0 218 33038
x 0 33039
p 0 220 33039
x 0 33040
p 0 235 33040
x 0 33041
p 0 243 33041
x 0 33042
p 0 225 33042
x 0 33043
p 0 219 33043
x 0 33044
p 0 248 33044
x 0 33045
p 0 233 33045
x 0 33046
p 0 238 33046
x 0 33047
p 0 351 33047
x 0 33048
p 0 231 33048
x 0 33049
p 0 216 33049
x 0 33050
p 0 179 33050
x 0 33051
p 0 192 33051
x 0 33052
p 0 188 33052
x 0 33053
p 0 184 33053
x 0 33054
p 0 222 33054
x 0 33055
p 0 192 33055
x 0 33056
p 0 244 33056
x 0 33057
p 0 191 33057
x 0 33058
p 0 188 33058
x 0 33059
p 0 182 33059
x 0 33060
p 0 191 33060
x 0 33000
x 1 33001
h 0 10.0.0.11
p 0 111852 33000
x 2 33002
h 2 10.0.0.11
p 2 591 33002
x 0 33003
p 0 118 33003
h 1 10.0.0.11
p 1 1028785 33001
x 0 33004
p 0 211 33004
x 0 33005
p 0 245 33005
x 0 33006
p 0 220 33006
x 0 33007
p 0 218 33007
x 0 33008
p 0 222 33008
x 0 33009
p 0 213 33009
x 0 33010
p 0 212 33010
x 0 33011
p 0 287 33011
x 0 33012
p 0 212 33012
x 0 33013
p 0 218 33013
x 0 33014
p 0 244 33014
x 0 33015
p 0 213 33015
x 0 33016
p 0 209 33016
x 0 33017
p 0 210 33017
x 0 33018
p 0 214 33018
x 0 33019
p 0 214 33019
x 0 33020
p 0 213 33020
x 0 33021
p 0 212 33021
x 0 33022
p 0 212 33022
x 0 33023
p 0 216 33023
x 0 33024
p 0 212 33024
x 0 33025
p 0 214 33025
x 0 33026
p 0 214 33026
x 0 33027
p 0 210 33027
x 0 33028
p 0 218 33028
x 0 33029
p 0 215 33029
x 0 33030
p 0 213 33030
x 0 33031
p 0 211 33031
x 0 33032
p 0 213 33032
x 0 33033
p 0 226 33033
x 0 33034
p 0 213 33034
x 0 33035
p 0 211 33035
x 0 33036
p 0 217 33036
x 0 33037
p 0 209 33037
x 0 33038
p 0 218 33038
x 0 33039
p 0 233 33039
x 0 33040
p 0 212 33040
x 0 33041
p 0 213 33041
x 0 33042
p 0 211 33042
x 0 33043
p 0 220 33043
x 0 33044
p 0 212 33044
x 0 33045
p 0 212 33045
x 0 33046
p 0 210 33046
x 0 33047
p 0 211 33047
x 0 33048
p 0 214 33048
x 0 33049
p 0 209 33049
x 0 33050
p 0 210 33050
x 0 33051
p 0 205 33051
x 0 33052
p 0 206 33052
x 0 33053
p 0 216 33053
x 0 33054
p 0 215 33054
x 0 33055
p 0 207 33055
x 0 33056
p 0 209 33056
x 0 33057
p 0 173 33057
x 0 33058
p 0 173 33058
x 0 33059
p 0 213 33059
x 0 33060
p 0 208 33060
x 0 33061
p 0 208 33061
x 0 33000
h 0 10.0.0.11
p 0 2071 33000
x 1 33001
h 1 10.0.0.11
p 1 234 33001
x 0 33002
p 0 242 33002
x 0 33003
p 0 230 33003
x 0 33004
p 0 252 33004
x 0 33005
p 0 219 33005
x 0 33006
p 0 215 33006
x 0 33007
p 0 229 33007
x 0 33008
p 0 232 33008
x 0 33009
p 0 216 33009
x 0 33010
p 0 219 33010
x 0 33011
p 0 216 33011
x 0 33012
p 0 258 33012
x 0 33013
p 0 228 33013
x 0 33014
p 0 221 33014
x 0 33015
p 0 218 33015
x 0 33016
p 0 213 33016
x 0 33017
p 0 239 33017
x 0 33018
p 0 228 33018
x 0 33019
p 0 217 33019
x 0 33020
p 0 220 33020
x 0 33021
p 0 215 33021
x 0 33022
p 0 258 33022
x 0 33023
p 0 268 33023
x 0 33024
p 0 269 33024
x 0 33025
p 0 215 33025
x 0 33026
p 0 226 33026
x 0 33027
p 0 256 33027
x 0 33028
p 0 280 33028
x 0 33029
p 0 218 33029
x 0 33030
p 0 228 33030
x 0 33031
p 0 219 33031
x 0 33032
p 0 251 33032
x 0 33033
p 0 269 33033
x 0 33034
p 0 220 33034
x 0 33035
p 0 223 33035
x 0 33036
p 0 231 33036
x 0 33037
p 0 254 33037
x 0 33038
p 0 235 33038
x 0 33039
p 0 221 33039
x 0 33040
p 0 234 33040
x 0 33041
p 0 226 33041
x 0 33042
p 0 275 33042
x 0 33043
p 0 263 33043
x 0 33044
p 0 224 33044
x 0 33045
p 0 233 33045
x 0 33046
p 0 228 33046
x 0 33047
p 0 248 33047
x 0 33048
p 0 242 33048
x 0 33049
p 0 222 33049
x 0 33050
p 0 225 33050
x 0 33051
p 0 232 33051
x 0 33052
p 0 249 33052
x 0 33053
p 0 316 33053
x 0 33054
p 0 221 33054
x 0 33055
p 0 253 33055
x 0 33056
p 0 223 33056
x 0 33057
p 0 280 33057
x 0 33058
p 0 255 33058
x 0 33059
p 0 234 33059
x 0 33060
p 0 262 33060
x 0 33000
x 1 33001
h 0 10.0.0.11
p 0 139020 33000
x 2 33002
h 2 10.0.0.11
p 2 844 33002
x 0 33003
p 0 220 33003
h 1 10.0.0.11
p 1 568229 33001
x 0 33004
p 0 277 33004
x 0 33005
p 0 227 33005
x 0 33006
p 0 231 33006
x 0 33007
p 0 234 33007
x 0 33008
p 0 228 33008
x 0 33009
p 0 227 33009
x 0 33010
p 0 269 33010
x 0 33011
p 0 226 33011
x 0 33012
p 0 251 33012
x 0 33013
p 0 234 33013
x 0 33014
p 0 217 33014
x 0 33015
p 0 220 33015
x 0 33016
p 0 282 33016
x 0 33017
p 0 222 33017
x 0 33018
p 0 219 33018
x 0 33019
p 0 218 33019
x 0 33020
p 0 280 33020
x 0 33021
p 0 239 33021
x 0 33022
p 0 244 33022
x 0 33023
p 0 223 33023
x 0 33024
p 0 215 33024
x 0 33025
p 0 218 33025
x 0 33026
p 0 235 33026
x 0 33027
p 0 235 33027
x 0 33028
p 0 227 33028
x 0 33029
p 0 218 33029
x 0 33030
p 0 220 33030
x 0 33031
p 0 238 33031
x 0 33032
p 0 311 33032
x 0 33033
p 0 232 33033
x 0 33034
p 0 217 33034
x 0 33035
p 0 219 33035
x 0 33036
p 0 235 33036
x 0 33037
p 0 246 33037
x 0 33038
p 0 309 33038
x 0 33039
p 0 217 33039
x 0 33040
p 0 223 33040
x 0 33041
p 0 205 33041
x 0 33042
p 0 261 33042
x 0 33043
p 0 247 33043
x 0 33044
p 0 221 33044
x 0 33045
p 0 225 33045
x 0 33046
p 0 237 33046
x 0 33047
p 0 248 33047
x 0 33048
p 0 238 33048
x 0 33049
p 0 222 33049
x 0 33050
p 0 221 33050
x 0 33051
p 0 235 33051
x 0 33052
p 0 257 33052
x 0 33053
p 0 245 33053
x 0 33054
p 0 217 33054
x 0 33055
p 0 221 33055
x 0 33056
p 0 254 33056
x 0 33057
p 0 241 33057
x 0 33058
p 0 240 33058
x 0 33059
p 0 219 33059
x 0 33060
p 0 261 33060
x 0 33061
p 0 235 33061
x 0 33000
h 0 10.0.0.11
p 0 1327 33000
x 1 33001
h 1 10.0.0.11
p 1 215 33001
x 0 33002
p 0 238 33002
x 0 33003
p 0 215 33003
x 0 33004
p 0 209 33004
x 0 33005
p 0 212 33005
x 0 33006
p 0 208 33006
x 0 33007
p 0 211 33007
x 0 33008
p 0 207 33008
x 0 33009
p 0 211 33009
x 0 33010
p 0 212 33010
x 0 33011
p 0 228 33011
x 0 33012
p 0 224 33012
x 0 33013
p 0 213 33013
x 0 33014
p 0 211 33014
x 0 33015
p 0 209 33015
x 0 33016
p 0 214 33016
x 0 33017
p 0 218 33017
x 0 33018
p 0 249 33018
x 0 33019
p 0 208 33019
x 0 33020
p 0 207 33020
x 0 33021
p 0 215 33021
x 0 33022
p 0 212 33022
x 0 33023
p 0 206 33023
x 0 33024
p 0 214 33024
x 0 33025
p 0 264 33025
x 0 33026
p 0 227 33026
x 0 33027
p 0 224 33027
x 0 33028
p 0 243 33028
x 0 33029
p 0 212 33029
x 0 33030
p 0 216 33030
x 0 33031
p 0 224 33031
x 0 33032
p 0 231 33032
x 0 33033
p 0 207 33033
x 0 33034
p 0 235 33034
x 0 33035
p 0 257 33035
x 0 33036
p 0 242 33036
x 0 33037
p 0 220 33037
x 0 33038
p 0 210 33038
x 0 33039
p 0 272 33039
x 0 33040
p 0 255 33040
x 0 33041
p 0 229 33041
x 0 33042
p 0 269 33042
x 0 33043
p 0 207 33043
x 0 33044
p 0 231 33044
x 0 33045
p 0 219 33045
x 0 33046
p 0 223 33046
x 0 33047
p 0 247 33047
x 0 33048
p 0 208 33048
x 0 33049
p 0 260 33049
x 0 33050
p 0 220 33050
x 0 33051
p 0 223 33051
x 0 33052
p 0 224 33052
x 0 33053
p 0 209 33053
x 0 33054
p 0 226 33054
x 0 33055
p 0 216 33055
x 0 33056
p 0 257 33056
x 0 33057
p 0 214 33057
x 0 33058
p 0 211 33058
x 0 33059
p 0 213 33059
x 0 33060
p 0 222 33060
x 0 33000
x 1 33001
h 1 10.0.0.11
p 1 1289 33001
h 0 10.0.0.11
p 0 105291 33000
x 2 33002
h 2 10.0.0.11
p 2 224 33002
x 0 33003
p 0 220 33003
x 0 33004
p 0 212 33004
x 0 33005
p 0 217 33005
x 0 33006
p 0 287 33006
x 0 33007
p 0 216 33007
x 0 33008
p 0 224 33008
x 0 33009
p 0 223 33009
x 0 33010
p 0 219 33010
x 0 33011
p 0 230 33011
x 0 33012
p 0 218 33012
x 0 33013
p 0 219 33013
x 0 33014
p 0 257 33014
x 0 33015
p 0 220 33015
x 0 33016
p 0 222 33016
x 0 33017
p 0 218 33017
x 0 33018
p 0 219 33018
x 0 33019
p 0 227 33019
x 0 33020
p 0 225 33020
x 0 33021
p 0 275 33021
x 0 33022
p 0 220 33022
x 0 33023
p 0 217 33023
x 0 33024
p 0 223 33024
x 0 33025
p 0 252 33025
x 0 33026
p 0 226 33026
x 0 33027
p 0 221 33027
x 0 33028
p 0 268 33028
x 0 33029
p 0 220 33029
x 0 33030
p 0 217 33030
x 0 33031
p 0 252 33031
x 0 33032
p 0 220 33032
x 0 33033
p 0 225 33033
x 0 33034
p 0 221 33034
x 0 33035
p 0 258 33035
x 0 33036
p 0 222 33036
x 0 33037
p 0 220 33037
x 0 33038
p 0 227 33038
x 0 33039
p 0 220 33039
x 0 33040
p 0 223 33040
x 0 33041
p 0 225 33041
x 0 33042
p 0 255 33042
x 0 33043
p 0 223 33043
x 0 33044
p 0 221 33044
x 0 33045
p 0 250 33045
x 0 33046
p 0 227 33046
x 0 33047
p 0 222 33047
x 0 33048
p 0 249 33048
x 0 33049
p 0 264 33049
x 0 33050
p 0 230 33050
x 0 33051
p 0 234 33051
x 0 33052
p 0 319 33052
x 0 33053
p 0 242 33053
x 0 33054
p 0 226 33054
x 0 33055
p 0 219 33055
x 0 33056
p 0 229 33056
x 0 33057
p 0 319 33057
x 0 33058
p 0 234 33058
x 0 33059
p 0 251 33059
x 0 33060
p 0 222 33060
x 0 33061
p 0 226 33061
x 0 33000
h 0 10.0.0.11
p 0 3186 33000
x 1 33001
h 1 10.0.0.11
p 1 252 33001
x 0 33002
p 0 300 33002
x 0 33003
p 0 267 33003
x 0 33004
p 0 266 33004
x 0 33005
p 0 275 33005
x 0 33006
p 0 226 33006
x 0 33007
p 0 241 33007
x 0 33008
p 0 249 33008
x 0 33009
p 0 226 33009
x 0 33010
p 0 249 33010
x 0 33011
p 0 226 33011
x 0 33012
p 0 236 33012
x 0 33013
p 0 220 33013
x 0 33014
p 0 253 33014
x 0 33015
p 0 259 33015
x 0 33016
p 0 227 33016
x 0 33017
p 0 257 33017
x 0 33018
p 0 228 33018
x 0 33019
p 0 233 33019
x 0 33020
p 0 246 33020
x 0 33021
p 0 250 33021
x 0 33022
p 0 251 33022
x 0 33023
p 0 229 33023
x 0 33024
p 0 218 33024
x 0 33025
p 0 235 33025
x 0 33026
p 0 221 33026
x 0 33027
p 0 555 33027
x 0 33028
p 0 308 33028
x 0 33029
p 0 216 33029
x 0 33030
p 0 255 33030
x 0 33031
p 0 220 33031
x 0 33032
p 0 217 33032
x 0 33033
p 0 223 33033
x 0 33034
p 0 220 33034
x 0 33035
p 0 217 33035
x 0 33036
p 0 217 33036
x 0 33037
p 0 255 33037
x 0 33038
p 0 218 33038
x 0 33039
p 0 215 33039
x 0 33040
p 0 216 33040
x 0 33041
p 0 305 33041
x 0 33042
p 0 249 33042
x 0 33043
p 0 257 33043
x 0 33044
p 0 248 33044
x 0 33045
p 0 243 33045
x 0 33046
p 0 224 33046
x 0 33047
p 0 244 33047
x 0 33048
p 0 236 33048
x 0 33049
p 0 217 33049
x 0 33050
p 0 236 33050
x 0 33051
p 0 263 33051
x 0 33052
p 0 241 33052
x 0 33053
p 0 251 33053
x 0 33054
p 0 218 33054
x 0 33055
p 0 324 33055
x 0 33056
p 0 234 33056
x 0 33057
p 0 250 33057
x 0 33058
p 0 235 33058
x 0 33059
p 0 303 33059
x 0 33060
p 0 274 33060
x 0 33000
x 1 33001
x 2 33002
h 0 10.0.0.11
p 0 210617 33000
x 3 33003
h 3 10.0.0.11
p 3 919 33003
x 0 33004
p 0 201 33004
h 1 10.0.0.11
p 1 518278 33001
h 2 10.0.0.11
p 2 1008864 33002
x 0 33005
p 0 207 33005
x 0 33006
p 0 210 33006
x 0 33007
p 0 216 33007
x 0 33008
p 0 212 33008
x 0 33009
p 0 290 33009
x 0 33010
p 0 212 33010
x 0 33011
p 0 212 33011
x 0 33012
p 0 215 33012
x 0 33013
p 0 214 33013
x 0 33014
p 0 240 33014
x 0 33015
p 0 205 33015
x 0 33016
p 0 216 33016
x 0 33017
p 0 216 33017
x 0 33018
p 0 209 33018
x 0 33019
p 0 213 33019
x 0 33020
p 0 210 33020
x 0 33021
p 0 217 33021
x 0 33022
p 0 212 33022
x 0 33023
p 0 212 33023
x 0 33024
p 0 211 33024
x 0 33025
p 0 208 33025
x 0 33026
p 0 207 33026
x 0 33027
p 0 213 33027
x 0 33028
p 0 288 33028
x 0 33029
p 0 211 33029
x 0 33030
p 0 209 33030
x 0 33031
p 0 214 33031
x 0 33032
p 0 211 33032
x 0 33033
p 0 213 33033
x 0 33034
p 0 213 33034
x 0 33035
p 0 209 33035
x 0 33036
p 0 207 33036
x 0 33037
p 0 212 33037
x 0 33038
p 0 213 33038
x 0 33039
p 0 211 33039
x 0 33040
p 0 206 33040
x 0 33041
p 0 209 33041
x 0 33042
p 0 213 33042
x 0 33043
p 0 153 33043
x 0 33044
p 0 207 33044
x 0 33045
p 0 208 33045
x 0 33046
p 0 233 33046
x 0 33047
p 0 209 33047
x 0 33048
p 0 211 33048
x 0 33049
p 0 208 33049
x 0 33050
p 0 207 33050
x 0 33051
p 0 212 33051
x 0 33052
p 0 212 33052
x 0 33053
p 0 237 33053
x 0 33054
p 0 209 33054
x 0 33055
p 0 208 33055
x 0 33056
p 0 211 33056
x 0 33057
p 0 210 33057
x 0 33058
p 0 210 33058
x 0 33059
p 0 339 33059
x 0 33060
p 0 272 33060
x 0 33061
p 0 211 33061
x 0 33062
p 0 215 33062
x 0 33000
h 0 10.0.0.11
p 0 1420 33000
x 1 33001
h 1 10.0.0.11
p 1 206 33001
x 0 33002
p 0 220 33002
x 0 33003
p 0 212 33003
x 0 33004
p 0 230 33004
x 0 33005
p 0 235 33005
x 0 33006
p 0 224 33006
x 0 33007
p 0 218 33007
x 0 33008
p 0 215 33008
x 0 33009
p 0 217 33009
x 0 33010
p 0 220 33010
x 0 33011
p 0 222 33011
x 0 33012
p 0 214 33012
x 0 33013
p 0 214 33013
x 0 33014
p 0 216 33014
x 0 33015
p 0 216 33015
x 0 33016
p 0 256 33016
x 0 33017
p 0 216 33017
x 0 33018
p 0 215 33018
x 0 33019
p 0 219 33019
x 0 33020
p 0 220 33020
x 0 33021
p 0 222 33021
x 0 33022
p 0 213 33022
x 0 33023
p 0 239 33023
x 0 33024
p 0 216 33024
x 0 33025
p 0 216 33025
x 0 33026
p 0 217 33026
x 0 33027
p 0 217 33027
x 0 33028
p 0 215 33028
x 0 33029
p 0 217 33029
x 0 33030
p 0 257 33030
x 0 33031
p 0 220 33031
x 0 33032
p 0 215 33032
x 0 33033
p 0 204 33033
x 0 33034
p 0 207 33034
x 0 33035
p 0 206 33035
x 0 33036
p 0 205 33036
x 0 33037
p 0 208 33037
x 0 33038
p 0 207 33038
x 0 33039
p 0 206 33039
x 0 33040
p 0 234 33040
x 0 33041
p 0 217 33041
x 0 33042
p 0 213 33042
x 0 33043
p 0 205 33043
x 0 33044
p 0 204 33044
x 0 33045
p 0 213 33045
x 0 33046
p 0 210 33046
x 0 33047
p 0 204 33047
x 0 33048
p 0 207 33048
x 0 33049
p 0 207 33049
x 0 33050
p 0 234 33050
x 0 33051
p 0 216 33051
x 0 33052
p 0 206 33052
x 0 33053
p 0 204 33053
x 0 33054
p 0 206 33054
x 0 33055
p 0 208 33055
x 0 33056
p 0 205 33056
x 0 33057
p 0 205 33057
x 0 33058
p 0 207 33058
x 0 33059
p 0 246 33059
x 0 33060
p 0 221 33060
x 0 33000
x 1 33001
h 0 10.0.0.11
p 0 129688 33000
x 2 33002
h 2 10.0.0.11
p 2 652 33002
x 0 33003
p 0 230 33003
h 1 10.0.0.11
p 1 1029620 33001
x 0 33004
p 0 247 33004
x 0 33005
p 0 212 33005
x 0 33006
p 0 210 33006
x 0 33007
p 0 220 33007
x 0 33008
p 0 223 33008
x 0 33009
p 0 244 33009
x 0 33010
p 0 225 33010
x 0 33011
p 0 223 33011
x 0 33012
p 0 220 33012
x 0 33013
p 0 218 33013
x 0 33014
p 0 225 33014
x 0 33015
p 0 232 33015
x 0 33016
p 0 222 33016
x 0 33017
p 0 226 33017
x 0 33018
p 0 214 33018
x 0 33019
p 0 312 33019
x 0 33020
p 0 227 33020
x 0 33021
p 0 218 33021
x 0 33022
p 0 219 33022
x 0 33023
p 0 246 33023
x 0 33024
p 0 225 33024
x 0 33025
p 0 255 33025
x 0 33026
p 0 217 33026
x 0 33027
p 0 218 33027
x 0 33028
p 0 227 33028
x 0 33029
p 0 221 33029
x 0 33030
p 0 224 33030
x 0 33031
p 0 226 33031
x 0 33032
p 0 221 33032
x 0 33033
p 0 224 33033
x 0 33034
p 0 222 33034
x 0 33035
p 0 223 33035
x 0 33036
p 0 219 33036
x 0 33037
p 0 218 33037
x 0 33038
p 0 226 33038
x 0 33039
p 0 349 33039
x 0 33040
p 0 269 33040
x 0 33041
p 0 315 33041
x 0 33042
p 0 216 33042
x 0 33043
p 0 230 33043
x 0 33044
p 0 221 33044
x 0 33045
p 0 243 33045
x 0 33046
p 0 220 33046
x 0 33047
p 0 216 33047
x 0 33048
p 0 225 33048
x 0 33049
p 0 227 33049
x 0 33050
p 0 299 33050
x 0 33051
p 0 210 33051
x 0 33052
p 0 254 33052
x 0 33053
p 0 239 33053
x 0 33054
p 0 273 33054
x 0 33055
p 0 240 33055
x 0 33056
p 0 228 33056
x 0 33057
p 0 220 33057
x 0 33058
p 0 220 33058
x 0 33059
p 0 242 33059
x 0 33060
p 0 223 33060
x 0 33061
p 0 216 33061
x 0 33000
h 0 10.0.0.11
p 0 1302 33000
x 1 33001
h 1 10.0.0.11
p 1 241 33001
x 0 33002
p 0 222 33002
x 0 33003
p 0 220 33003
x 0 33004
p 0 213 33004
x 0 33005
p 0 246 33005
x 0 33006
p 0 220 33006
x 0 33007
p 0 215 33007
x 0 33008
p 0 219 33008
x 0 33009
p 0 427 33009
x 0 33010
p 0 221 33010
x 0 33011
p 0 222 33011
x 0 33012
p 0 242 33012
x 0 33013
p 0 227 33013
x 0 33014
p 0 216 33014
x 0 33015
p 0 213 33015
x 0 33016
p 0 256 33016
x 0 33017
p 0 231 33017
x 0 33018
p 0 218 33018
x 0 33019
p 0 399 33019
x 0 33020
p 0 219 33020
x 0 33021
p 0 216 33021
x 0 33022
p 0 224 33022
x 0 33023
p 0 255 33023
x 0 33024
p 0 376 33024
x 0 33025
p 0 216 33025
x 0 33026
p 0 214 33026
x 0 33027
p 0 233 33027
x 0 33028
p 0 219 33028
x 0 33029
p 0 375 33029
x 0 33030
p 0 248 33030
x 0 33031
p 0 214 33031
x 0 33032
p 0 245 33032
x 0 33033
p 0 229 33033
x 0 33034
p 0 384 33034
x 0 33035
p 0 223 33035
x 0 33036
p 0 212 33036
x 0 33037
p 0 221 33037
x 0 33038
p 0 185 33038
x 0 33039
p 0 808 33039
x 0 33040
p 0 242 33040
x 0 33041
p 0 162 33041
x 0 33042
p 0 173 33042
x 0 33043
p 0 157 33043
x 0 33044
p 0 230 33044
x 0 33045
p 0 153 33045
x 0 33046
p 0 152 33046
x 0 33047
p 0 252 33047
x 0 33048
p 0 156 33048
x 0 33049
p 0 233 33049
x 0 33050
p 0 162 33050
x 0 33051
p 0 215 33051
x 0 33052
p 0 222 33052
x 0 33053
p 0 154 33053
x 0 33054
p 0 176 33054
x 0 33055
p 0 172 33055
x 0 33056
p 0 215 33056
x 0 33057
p 0 216 33057
x 0 33058
p 0 218 33058
x 0 33059
p 0 223 33059
x 0 33060
p 0 218 33060
x 0 33000
h 0 10.0.0.11
p 0 49992 33000
x 1 33001
h 1 10.0.0.11
p 1 1334 33001
x 0 33002
p 0 275 33002
x 0 33003
p 0 209 33003
x 0 33004
p 0 208 33004
x 0 33005
p 0 211 33005
x 0 33006
p 0 212 33006
x 0 33007
p 0 218 33007
x 0 33008
p 0 212 33008
x 0 33009
p 0 214 33009
x 0 33010
p 0 209 33010
x 0 33011
p 0 212 33011
x 0 33012
p 0 209 33012
x 0 33013
p 0 210 33013
x 0 33014
p 0 210 33014
x 0 33015
p 0 211 33015
x 0 33016
p 0 206 33016
x 0 33017
p 0 208 33017
x 0 33018
p 0 209 33018
x 0 33019
p 0 210 33019
x 0 33020
p 0 209 33020
x 0 33021
p 0 209 33021
x 0 33022
p 0 208 33022
x 0 33023
p 0 206 33023
x 0 33024
p 0 208 33024
x 0 33025
p 0 213 33025
x 0 33026
p 0 213 33026
x 0 33027
p 0 207 33027
x 0 33028
p 0 211 33028
x 0 33029
p 0 210 33029
x 0 33030
p 0 211 33030
x 0 33031
p 0 212 33031
x 0 33032
p 0 210 33032
x 0 33033
p 0 212 33033
x 0 33034
p 0 211 33034
x 0 33035
p 0 210 33035
x 0 33036
p 0 211 33036
x 0 33037
p 0 265 33037
x 0 33038
p 0 258 33038
x 0 33039
p 0 243 33039
x 0 33040
p 0 136 33040
x 0 33041
p 0 214 33041
x 0 33042
p 0 215 33042
x 0 33043
p 0 214 33043
x 0 33044
p 0 210 33044
x 0 33045
p 0 215 33045
x 0 33046
p 0 231 33046
x 0 33047
p 0 325 33047
x 0 33048
p 0 257 33048
x 0 33049
p 0 269 33049
x 0 33050
p 0 216 33050
x 0 33051
p 0 219 33051
x 0 33052
p 0 210 33052
x 0 33053
p 0 270 33053
x 0 33054
p 0 214 33054
x 0 33055
p 0 254 33055
x 0 33056
p 0 215 33056
x 0 33057
p 0 213 33057
x 0 33058
p 0 214 33058
x 0 33059
p 0 213 33059
x 0 33060
p 0 254 33060
x 0 33000
h 0 10.0.0.11
p 0 1871 33000
x 1 33001
h 1 10.0.0.11
p 1 231 33001
x 0 33002
p 0 231 33002
x 0 33003
p 0 218 33003
x 0 33004
p 0 178 33004
x 0 33005
p 0 255 33005
x 0 33006
p 0 196 33006
x 0 33007
p 0 210 33007
x 0 33008
p 0 217 33008
x 0 33009
p 0 211 33009
x 0 33010
p 0 217 33010
x 0 33011
p 0 168 33011
x 0 33012
p 0 212 33012
x 0 33013
p 0 207 33013
x 0 33014
p 0 215 33014
x 0 33015
p 0 215 33015
x 0 33016
p 0 220 33016
x 0 33017
p 0 212 33017
x 0 33018
p 0 219 33018
x 0 33019
p 0 212 33019
x 0 33020
p 0 216 33020
x 0 33021
p 0 228 33021
x 0 33022
p 0 208 33022
x 0 33023
p 0 209 33023
x 0 33024
p 0 213 33024
x 0 33025
p 0 249 33025
x 0 33026
p 0 224 33026
x 0 33027
p 0 254 33027
x 0 33028
p 0 232 33028
x 0 33029
p 0 211 33029
x 0 33030
p 0 213 33030
x 0 33031
p 0 223 33031
x 0 33032
p 0 210 33032
x 0 33033
p 0 206 33033
x 0 33034
p 0 219 33034
x 0 33035
p 0 219 33035
x 0 33036
p 0 220 33036
x 0 33037
p 0 209 33037
x 0 33038
p 0 214 33038
x 0 33039
p 0 219 33039
x 0 33040
p 0 214 33040
x 0 33041
p 0 217 33041
x 0 33042
p 0 211 33042
x 0 33043
p 0 207 33043
x 0 33044
p 0 211 33044
x 0 33045
p 0 254 33045
x 0 33046
p 0 218 33046
x 0 33047
p 0 206 33047
x 0 33048
p 0 220 33048
x 0 33049
p 0 213 33049
x 0 33050
p 0 279 33050
x 0 33051
p 0 451 33051
x 0 33052
p 0 684 33052
x 0 33053
p 0 213 33053
x 0 33054
p 0 167 33054
x 0 33055
p 0 297 33055
x 0 33056
p 0 234 33056
x 0 33057
p 0 237 33057
x 0 33058
p 0 241 33058
x 0 33059
p 0 268 33059
x 0 33060
p 0 234 33060
