x 0 33000
x 1 33001
x 2 33002
x 3 33003
x 4 33004
x 5 33005
x 6 33006
x 7 33007
x 8 33008
x 9 33009
x 10 33010
h 0 10.0.0.10
p 0 1093727 33000
x 11 33011
h 11 10.0.0.10
p 11 488 33011
h 4 10.0.0.10
p 4 697216 33004
h 1 10.0.0.10
p 1 1000782 33001
h 2 10.0.0.10
p 2 903314 33002
h 5 10.0.0.10
p 5 605714 33005
h 6 10.0.0.10
p 6 508268 33006
h 8 10.0.0.10
p 8 313595 33008
h 3 10.0.0.10
p 3 815976 33003
h 7 10.0.0.10
p 7 416530 33007
h 9 10.0.0.10
p 9 218164 33009
h 10 10.0.0.10
p 10 121232 33010
x 0 33012
p 0 183 33012
x 0 33013
p 0 322 33013
x 0 33014
p 0 246 33014
x 0 33015
p 0 215 33015
x 0 33016
p 0 203 33016
x 0 33017
p 0 206 33017
x 0 33018
p 0 207 33018
x 0 33019
p 0 207 33019
x 0 33020
p 0 225 33020
x 0 33021
p 0 209 33021
x 0 33022
p 0 204 33022
x 0 33023
p 0 203 33023
x 0 33024
p 0 210 33024
x 0 33025
p 0 217 33025
x 0 33026
p 0 209 33026
x 0 33027
p 0 767 33027
x 0 33028
p 0 208 33028
x 0 33029
p 0 204 33029
x 0 33030
p 0 226 33030
x 0 33031
p 0 241 33031
x 0 33032
p 0 206 33032
x 0 33033
p 0 161 33033
x 0 33034
p 0 210 33034
x 0 33035
p 0 210 33035
x 0 33036
p 0 209 33036
x 0 33037
p 0 241 33037
x 0 33038
p 0 216 33038
x 0 33039
p 0 217 33039
x 0 33040
p 0 248 33040
x 0 33041
p 0 212 33041
x 0 33042
p 0 205 33042
x 0 33043
p 0 212 33043
x 0 33044
p 0 197 33044
x 0 33045
p 0 208 33045
x 0 33046
p 0 240 33046
x 0 33047
p 0 262 33047
x 0 33048
p 0 201 33048
x 0 33049
p 0 205 33049
x 0 33050
p 0 204 33050
x 0 33051
p 0 204 33051
x 0 33052
p 0 207 33052
x 0 33053
p 0 205 33053
x 0 33054
p 0 236 33054
x 0 33055
p 0 207 33055
x 0 33056
p 0 211 33056
x 0 33057
p 0 208 33057
x 0 33058
p 0 212 33058
x 0 33059
p 0 207 33059
x 0 33060
p 0 215 33060
x 0 33061
p 0 260 33061
x 0 33062
p 0 208 33062
x 0 33063
p 0 207 33063
x 0 33064
p 0 123 33064
x 0 33065
p 0 181 33065
x 0 33066
p 0 212 33066
x 0 33067
p 0 218 33067
x 0 33068
p 0 211 33068
x 0 33069
p 0 242 33069
x 0 33070
p 0 215 33070
x 0 33000
h 0 10.0.0.10
p 0 853 33000
x 1 33001
h 1 10.0.0.10
p 1 202 33001
x 0 33002
p 0 202 33002
x 0 33003
p 0 203 33003
x 0 33004
p 0 162 33004
x 0 33005
p 0 164 33005
x 0 33006
p 0 211 33006
x 0 33007
p 0 211 33007
x 0 33008
p 0 203 33008
x 0 33009
p 0 212 33009
x 0 33010
p 0 210 33010
x 0 33011
p 0 210 33011
x 0 33012
p 0 208 33012
x 0 33013
p 0 208 33013
x 0 33014
p 0 247 33014
x 0 33015
p 0 199 33015
x 0 33016
p 0 210 33016
x 0 33017
p 0 212 33017
x 0 33018
p 0 213 33018
x 0 33019
p 0 210 33019
x 0 33020
p 0 214 33020
x 0 33021
p 0 205 33021
x 0 33022
p 0 217 33022
x 0 33023
p 0 207 33023
x 0 33024
p 0 208 33024
x 0 33025
p 0 210 33025
x 0 33026
p 0 210 33026
x 0 33027
p 0 207 33027
x 0 33028
p 0 212 33028
x 0 33029
p 0 214 33029
x 0 33030
p 0 212 33030
x 0 33031
p 0 213 33031
x 0 33032
p 0 215 33032
x 0 33033
p 0 211 33033
x 0 33034
p 0 213 33034
x 0 33035
p 0 210 33035
x 0 33036
p 0 215 33036
x 0 33037
p 0 211 33037
x 0 33038
p 0 214 33038
x 0 33039
p 0 212 33039
x 0 33040
p 0 211 33040
x 0 33041
p 0 216 33041
x 0 33042
p 0 214 33042
x 0 33043
p 0 280 33043
x 0 33044
p 0 216 33044
x 0 33045
p 0 241 33045
x 0 33046
p 0 215 33046
x 0 33047
p 0 217 33047
x 0 33048
p 0 213 33048
x 0 33049
p 0 252 33049
x 0 33050
p 0 213 33050
x 0 33051
p 0 210 33051
x 0 33052
p 0 216 33052
x 0 33053
p 0 219 33053
x 0 33054
p 0 214 33054
x 0 33055
p 0 210 33055
x 0 33056
p 0 216 33056
x 0 33057
p 0 217 33057
x 0 33058
p 0 213 33058
x 0 33059
p 0 251 33059
x 0 33060
p 0 215 33060
x 0 33000
x 1 33001
h 0 10.0.0.10
p 0 190382 33000
x 2 33002
h 2 10.0.0.10
p 2 559 33002
h 1 10.0.0.10
p 1 415031 33001
x 0 33003
p 0 190 33003
x 0 33004
p 0 220 33004
x 0 33005
p 0 310 33005
x 0 33006
p 0 211 33006
x 0 33007
p 0 203 33007
x 0 33008
p 0 224 33008
x 0 33009
p 0 232 33009
x 0 33010
p 0 213 33010
x 0 33011
p 0 219 33011
x 0 33012
p 0 227 33012
x 0 33013
p 0 219 33013
x 0 33014
p 0 212 33014
x 0 33015
p 0 205 33015
x 0 33016
p 0 220 33016
x 0 33017
p 0 254 33017
x 0 33018
p 0 205 33018
x 0 33019
p 0 210 33019
x 0 33020
p 0 200 33020
x 0 33021
p 0 235 33021
x 0 33022
p 0 209 33022
x 0 33023
p 0 202 33023
x 0 33024
p 0 215 33024
x 0 33025
p 0 203 33025
x 0 33026
p 0 203 33026
x 0 33027
p 0 235 33027
x 0 33028
p 0 249 33028
x 0 33029
p 0 211 33029
x 0 33030
p 0 204 33030
x 0 33031
p 0 238 33031
x 0 33032
p 0 205 33032
x 0 33033
p 0 208 33033
x 0 33034
p 0 227 33034
x 0 33035
p 0 202 33035
x 0 33036
p 0 204 33036
x 0 33037
p 0 205 33037
x 0 33038
p 0 215 33038
x 0 33039
p 0 215 33039
x 0 33040
p 0 204 33040
x 0 33041
p 0 225 33041
x 0 33042
p 0 208 33042
x 0 33043
p 0 214 33043
x 0 33044
p 0 215 33044
x 0 33045
p 0 272 33045
x 0 33046
p 0 208 33046
x 0 33047
p 0 205 33047
x 0 33048
p 0 209 33048
x 0 33049
p 0 221 33049
x 0 33050
p 0 206 33050
x 0 33051
p 0 210 33051
x 0 33052
p 0 273 33052
x 0 33053
p 0 205 33053
x 0 33054
p 0 215 33054
x 0 33055
p 0 205 33055
x 0 33056
p 0 224 33056
x 0 33057
p 0 202 33057
x 0 33058
p 0 212 33058
x 0 33059
p 0 228 33059
x 0 33060
p 0 229 33060
x 0 33061
p 0 235 33061
x 0 33000
h 0 10.0.0.10
p 0 725 33000
x 1 33001
h 1 10.0.0.10
p 1 205 33001
x 0 33002
p 0 245 33002
x 0 33003
p 0 200 33003
x 0 33004
p 0 217 33004
x 0 33005
p 0 212 33005
x 0 33006
p 0 216 33006
x 0 33007
p 0 211 33007
x 0 33008
p 0 306 33008
x 0 33009
p 0 214 33009
x 0 33010
p 0 220 33010
x 0 33011
p 0 251 33011
x 0 33012
p 0 215 33012
x 0 33013
p 0 215 33013
x 0 33014
p 0 195 33014
x 0 33015
p 0 182 33015
x 0 33016
p 0 210 33016
x 0 33017
p 0 213 33017
x 0 33018
p 0 212 33018
x 0 33019
p 0 215 33019
x 0 33020
p 0 206 33020
x 0 33021
p 0 211 33021
x 0 33022
p 0 216 33022
x 0 33023
p 0 216 33023
x 0 33024
p 0 214 33024
x 0 33025
p 0 165 33025
x 0 33026
p 0 261 33026
x 0 33027
p 0 217 33027
x 0 33028
p 0 218 33028
x 0 33029
p 0 188 33029
x 0 33030
p 0 218 33030
x 0 33031
p 0 218 33031
x 0 33032
p 0 212 33032
x 0 33033
p 0 182 33033
x 0 33034
p 0 186 33034
x 0 33035
p 0 181 33035
x 0 33036
p 0 204 33036
x 0 33037
p 0 335 33037
x 0 33038
p 0 183 33038
x 0 33039
p 0 113 33039
x 0 33040
p 0 286 33040
x 0 33041
p 0 277 33041
x 0 33042
p 0 174 33042
x 0 33043
p 0 177 33043
x 0 33044
p 0 179 33044
x 0 33045
p 0 182 33045
x 0 33046
p 0 177 33046
x 0 33047
p 0 203 33047
x 0 33048
p 0 176 33048
x 0 33049
p 0 172 33049
x 0 33050
p 0 289 33050
x 0 33051
p 0 213 33051
x 0 33052
p 0 215 33052
x 0 33053
p 0 217 33053
x 0 33054
p 0 215 33054
x 0 33055
p 0 214 33055
x 0 33056
p 0 208 33056
x 0 33057
p 0 253 33057
x 0 33058
p 0 208 33058
x 0 33059
p 0 207 33059
x 0 33060
p 0 209 33060
x 0 33000
x 1 33001
x 2 33002
x 3 33003
h 3 10.0.0.10
p 3 818 33003
h 0 10.0.0.10
p 0 305631 33000
x 4 33004
h 4 10.0.0.10
p 4 202 33004
h 1 10.0.0.10
p 1 370084 33001
h 2 10.0.0.10
p 2 276727 33002
x 0 33005
p 0 213 33005
x 0 33006
p 0 207 33006
x 0 33007
p 0 205 33007
x 0 33008
p 0 205 33008
x 0 33009
p 0 199 33009
x 0 33010
p 0 211 33010
x 0 33011
p 0 319 33011
x 0 33012
p 0 207 33012
x 0 33013
p 0 204 33013
x 0 33014
p 0 198 33014
x 0 33015
p 0 242 33015
x 0 33016
p 0 198 33016
x 0 33017
p 0 199 33017
x 0 33018
p 0 202 33018
x 0 33019
p 0 203 33019
x 0 33020
p 0 198 33020
x 0 33021
p 0 197 33021
x 0 33022
p 0 206 33022
x 0 33023
p 0 205 33023
x 0 33024
p 0 200 33024
x 0 33025
p 0 205 33025
x 0 33026
p 0 202 33026
x 0 33027
p 0 199 33027
x 0 33028
p 0 203 33028
x 0 33029
p 0 202 33029
x 0 33030
p 0 206 33030
x 0 33031
p 0 201 33031
x 0 33032
p 0 202 33032
x 0 33033
p 0 200 33033
x 0 33034
p 0 200 33034
x 0 33035
p 0 205 33035
x 0 33036
p 0 198 33036
x 0 33037
p 0 200 33037
x 0 33038
p 0 265 33038
x 0 33039
p 0 200 33039
x 0 33040
p 0 201 33040
x 0 33041
p 0 200 33041
x 0 33042
p 0 206 33042
x 0 33043
p 0 201 33043
x 0 33044
p 0 203 33044
x 0 33045
p 0 202 33045
x 0 33046
p 0 199 33046
x 0 33047
p 0 204 33047
x 0 33048
p 0 203 33048
x 0 33049
p 0 200 33049
x 0 33050
p 0 205 33050
x 0 33051
p 0 202 33051
x 0 33052
p 0 291 33052
x 0 33053
p 0 210 33053
x 0 33054
p 0 205 33054
x 0 33055
p 0 209 33055
x 0 33056
p 0 203 33056
x 0 33057
p 0 200 33057
x 0 33058
p 0 204 33058
x 0 33059
p 0 204 33059
x 0 33060
p 0 204 33060
x 0 33061
p 0 200 33061
x 0 33062
p 0 241 33062
x 0 33063
p 0 205 33063
x 0 33000
h 0 10.0.0.10
p 0 1101 33000
x 1 33001
h 1 10.0.0.10
p 1 206 33001
x 0 33002
p 0 216 33002
x 0 33003
p 0 211 33003
x 0 33004
p 0 213 33004
x 0 33005
p 0 217 33005
x 0 33006
p 0 307 33006
x 0 33007
p 0 213 33007
x 0 33008
p 0 215 33008
x 0 33009
p 0 224 33009
x 0 33010
p 0 218 33010
x 0 33011
p 0 217 33011
x 0 33012
p 0 215 33012
x 0 33013
p 0 212 33013
x 0 33014
p 0 218 33014
x 0 33015
p 0 214 33015
x 0 33016
p 0 282 33016
x 0 33017
p 0 213 33017
x 0 33018
p 0 209 33018
x 0 33019
p 0 230 33019
x 0 33020
p 0 219 33020
x 0 33021
p 0 213 33021
x 0 33022
p 0 238 33022
x 0 33023
p 0 215 33023
x 0 33024
p 0 216 33024
x 0 33025
p 0 222 33025
x 0 33026
p 0 215 33026
x 0 33027
p 0 256 33027
x 0 33028
p 0 212 33028
x 0 33029
p 0 221 33029
x 0 33030
p 0 216 33030
x 0 33031
p 0 226 33031
x 0 33032
p 0 221 33032
x 0 33033
p 0 213 33033
x 0 33034
p 0 247 33034
x 0 33035
p 0 217 33035
x 0 33036
p 0 217 33036
x 0 33037
p 0 212 33037
x 0 33038
p 0 211 33038
x 0 33039
p 0 221 33039
x 0 33040
p 0 218 33040
x 0 33041
p 0 252 33041
x 0 33042
p 0 216 33042
x 0 33043
p 0 212 33043
x 0 33044
p 0 210 33044
x 0 33045
p 0 217 33045
x 0 33046
p 0 86 33046
x 0 33047
p 0 258 33047
x 0 33048
p 0 260 33048
x 0 33049
p 0 216 33049
x 0 33050
p 0 198 33050
x 0 33051
p 0 219 33051
x 0 33052
p 0 140 33052
x 0 33053
p 0 215 33053
x 0 33054
p 0 225 33054
x 0 33055
p 0 222 33055
x 0 33056
p 0 245 33056
x 0 33057
p 0 215 33057
x 0 33058
p 0 216 33058
x 0 33059
p 0 213 33059
x 0 33060
p 0 215 33060
x 0 33000
h 0 10.0.0.10
p 0 71186 33000
x 1 33001
h 1 10.0.0.10
p 1 681 33001
x 0 33002
p 0 224 33002
x 0 33003
p 0 215 33003
x 0 33004
p 0 211 33004
x 0 33005
p 0 206 33005
x 0 33006
p 0 206 33006
x 0 33007
p 0 214 33007
x 0 33008
p 0 214 33008
x 0 33009
p 0 212 33009
x 0 33010
p 0 211 33010
x 0 33011
p 0 209 33011
x 0 33012
p 0 210 33012
x 0 33013
p 0 210 33013
x 0 33014
p 0 210 33014
x 0 33015
p 0 213 33015
x 0 33016
p 0 212 33016
x 0 33017
p 0 210 33017
x 0 33018
p 0 207 33018
x 0 33019
p 0 206 33019
x 0 33020
p 0 204 33020
x 0 33021
p 0 204 33021
x 0 33022
p 0 208 33022
x 0 33023
p 0 208 33023
x 0 33024
p 0 209 33024
x 0 33025
p 0 209 33025
x 0 33026
p 0 209 33026
x 0 33027
p 0 211 33027
x 0 33028
p 0 216 33028
x 0 33029
p 0 285 33029
x 0 33030
p 0 212 33030
x 0 33031
p 0 213 33031
x 0 33032
p 0 214 33032
x 0 33033
p 0 214 33033
x 0 33034
p 0 208 33034
x 0 33035
p 0 207 33035
x 0 33036
p 0 206 33036
x 0 33037
p 0 210 33037
x 0 33038
p 0 210 33038
x 0 33039
p 0 205 33039
x 0 33040
p 0 208 33040
x 0 33041
p 0 212 33041
x 0 33042
p 0 212 33042
x 0 33043
p 0 213 33043
x 0 33044
p 0 211 33044
x 0 33045
p 0 212 33045
x 0 33046
p 0 251 33046
x 0 33047
p 0 248 33047
x 0 33048
p 0 217 33048
x 0 33049
p 0 213 33049
x 0 33050
p 0 210 33050
x 0 33051
p 0 211 33051
x 0 33052
p 0 211 33052
x 0 33053
p 0 247 33053
x 0 33054
p 0 211 33054
x 0 33055
p 0 206 33055
x 0 33056
p 0 212 33056
x 0 33057
p 0 212 33057
x 0 33058
p 0 216 33058
x 0 33059
p 0 211 33059
x 0 33060
p 0 213 33060
x 0 33000
h 0 10.0.0.10
p 0 773 33000
x 1 33001
h 1 10.0.0.10
p 1 307 33001
x 0 33002
p 0 105 33002
x 0 33003
p 0 219 33003
x 0 33004
p 0 210 33004
x 0 33005
p 0 209 33005
x 0 33006
p 0 214 33006
x 0 33007
p 0 209 33007
x 0 33008
p 0 175 33008
x 0 33009
p 0 175 33009
x 0 33010
p 0 210 33010
x 0 33011
p 0 179 33011
x 0 33012
p 0 204 33012
x 0 33013
p 0 170 33013
x 0 33014
p 0 204 33014
x 0 33015
p 0 201 33015
x 0 33016
p 0 172 33016
x 0 33017
p 0 166 33017
x 0 33018
p 0 212 33018
x 0 33019
p 0 209 33019
x 0 33020
p 0 173 33020
x 0 33021
p 0 175 33021
x 0 33022
p 0 205 33022
x 0 33023
p 0 217 33023
x 0 33024
p 0 217 33024
x 0 33025
p 0 211 33025
x 0 33026
p 0 212 33026
x 0 33027
p 0 209 33027
x 0 33028
p 0 225 33028
x 0 33029
p 0 176 33029
x 0 33030
p 0 205 33030
x 0 33031
p 0 206 33031
x 0 33032
p 0 204 33032
x 0 33033
p 0 210 33033
x 0 33034
p 0 209 33034
x 0 33035
p 0 210 33035
x 0 33036
p 0 209 33036
x 0 33037
p 0 207 33037
x 0 33038
p 0 219 33038
x 0 33039
p 0 216 33039
x 0 33040
p 0 201 33040
x 0 33041
p 0 210 33041
x 0 33042
p 0 206 33042
x 0 33043
p 0 214 33043
x 0 33044
p 0 209 33044
x 0 33045
p 0 205 33045
x 0 33046
p 0 258 33046
x 0 33047
p 0 201 33047
x 0 33048
p 0 213 33048
x 0 33049
p 0 206 33049
x 0 33050
p 0 200 33050
x 0 33051
p 0 213 33051
x 0 33052
p 0 236 33052
x 0 33053
p 0 211 33053
x 0 33054
p 0 209 33054
x 0 33055
p 0 206 33055
x 0 33056
p 0 238 33056
x 0 33057
p 0 208 33057
x 0 33058
p 0 211 33058
x 0 33059
p 0 323 33059
x 0 33060
p 0 242 33060
x 0 33000
x 1 33001
x 2 33002
h 0 10.0.0.10
p 0 238045 33000
x 3 33003
h 3 10.0.0.10
p 3 1026 33003
h 1 10.0.0.10
p 1 374810 33001
h 2 10.0.0.10
p 2 278537 33002
x 0 33004
p 0 217 33004
x 0 33005
p 0 208 33005
x 0 33006
p 0 243 33006
x 0 33007
p 0 209 33007
x 0 33008
p 0 212 33008
x 0 33009
p 0 185 33009
x 0 33010
p 0 207 33010
x 0 33011
p 0 206 33011
x 0 33012
p 0 205 33012
x 0 33013
p 0 245 33013
x 0 33014
p 0 204 33014
x 0 33015
p 0 229 33015
x 0 33016
p 0 206 33016
x 0 33017
p 0 123 33017
x 0 33018
p 0 242 33018
x 0 33019
p 0 239 33019
x 0 33020
p 0 213 33020
x 0 33021
p 0 212 33021
x 0 33022
p 0 214 33022
x 0 33023
p 0 208 33023
x 0 33024
p 0 210 33024
x 0 33025
p 0 206 33025
x 0 33026
p 0 209 33026
x 0 33027
p 0 209 33027
x 0 33028
p 0 209 33028
x 0 33029
p 0 209 33029
x 0 33030
p 0 214 33030
x 0 33031
p 0 208 33031
x 0 33032
p 0 211 33032
x 0 33033
p 0 209 33033
x 0 33034
p 0 207 33034
x 0 33035
p 0 205 33035
x 0 33036
p 0 234 33036
x 0 33037
p 0 205 33037
x 0 33038
p 0 249 33038
x 0 33039
p 0 218 33039
x 0 33040
p 0 208 33040
x 0 33041
p 0 208 33041
x 0 33042
p 0 207 33042
x 0 33043
p 0 242 33043
x 0 33044
p 0 209 33044
x 0 33045
p 0 207 33045
x 0 33046
p 0 209 33046
x 0 33047
p 0 207 33047
x 0 33048
p 0 206 33048
x 0 33049
p 0 205 33049
x 0 33050
p 0 208 33050
x 0 33051
p 0 208 33051
x 0 33052
p 0 210 33052
x 0 33053
p 0 211 33053
x 0 33054
p 0 209 33054
x 0 33055
p 0 212 33055
x 0 33056
p 0 208 33056
x 0 33057
p 0 219 33057
x 0 33058
p 0 219 33058
x 0 33059
p 0 210 33059
x 0 33060
p 0 210 33060
x 0 33061
p 0 209 33061
x 0 33062
p 0 209 33062
x 0 33000
h 0 10.0.0.10
p 0 1077 33000
x 1 33001
h 1 10.0.0.10
p 1 209 33001
x 0 33002
p 0 139 33002
x 0 33003
p 0 212 33003
x 0 33004
p 0 240 33004
x 0 33005
p 0 213 33005
x 0 33006
p 0 206 33006
x 0 33007
p 0 216 33007
x 0 33008
p 0 180 33008
x 0 33009
p 0 201 33009
x 0 33010
p 0 205 33010
x 0 33011
p 0 202 33011
x 0 33012
p 0 204 33012
x 0 33013
p 0 231 33013
x 0 33014
p 0 201 33014
x 0 33015
p 0 203 33015
x 0 33016
p 0 171 33016
x 0 33017
p 0 209 33017
x 0 33018
p 0 203 33018
x 0 33019
p 0 200 33019
x 0 33020
p 0 203 33020
x 0 33021
p 0 199 33021
x 0 33022
p 0 207 33022
x 0 33023
p 0 202 33023
x 0 33024
p 0 341 33024
x 0 33025
p 0 202 33025
x 0 33026
p 0 204 33026
x 0 33027
p 0 205 33027
x 0 33028
p 0 203 33028
x 0 33029
p 0 169 33029
x 0 33030
p 0 204 33030
x 0 33031
p 0 202 33031
x 0 33032
p 0 181 33032
x 0 33033
p 0 174 33033
x 0 33034
p 0 274 33034
x 0 33035
p 0 176 33035
x 0 33036
p 0 175 33036
x 0 33037
p 0 171 33037
x 0 33038
p 0 159 33038
x 0 33039
p 0 157 33039
x 0 33040
p 0 198 33040
x 0 33041
p 0 161 33041
x 0 33042
p 0 160 33042
x 0 33043
p 0 155 33043
x 0 33044
p 0 158 33044
x 0 33045
p 0 159 33045
x 0 33046
p 0 402 33046
x 0 33047
p 0 296 33047
x 0 33048
p 0 196 33048
x 0 33049
p 0 328 33049
x 0 33050
p 0 751 33050
x 0 33051
p 0 288 33051
x 0 33052
p 0 284 33052
x 0 33053
p 0 202 33053
x 0 33054
p 0 232 33054
x 0 33055
p 0 204 33055
x 0 33056
p 0 237 33056
x 0 33057
p 0 458 33057
x 0 33058
p 0 219 33058
x 0 33059
p 0 273 33059
x 0 33060
p 0 238 33060
x 0 33000
h 0 10.0.0.10
p 0 59506 33000
x 1 33001
h 1 10.0.0.10
p 1 470 33001
x 0 33002
p 0 218 33002
x 0 33003
p 0 207 33003
x 0 33004
p 0 207 33004
x 0 33005
p 0 215 33005
x 0 33006
p 0 298 33006
x 0 33007
p 0 213 33007
x 0 33008
p 0 232 33008
x 0 33009
p 0 201 33009
x 0 33010
p 0 225 33010
x 0 33011
p 0 200 33011
x 0 33012
p 0 198 33012
x 0 33013
p 0 200 33013
x 0 33014
p 0 226 33014
x 0 33015
p 0 198 33015
x 0 33016
p 0 212 33016
x 0 33017
p 0 204 33017
x 0 33018
p 0 203 33018
x 0 33019
p 0 237 33019
x 0 33020
p 0 199 33020
x 0 33021
p 0 200 33021
x 0 33022
p 0 198 33022
x 0 33023
p 0 202 33023
x 0 33024
p 0 199 33024
x 0 33025
p 0 200 33025
x 0 33026
p 0 249 33026
x 0 33027
p 0 223 33027
x 0 33028
p 0 203 33028
x 0 33029
p 0 199 33029
x 0 33030
p 0 200 33030
x 0 33031
p 0 199 33031
x 0 33032
p 0 200 33032
x 0 33033
p 0 239 33033
x 0 33034
p 0 201 33034
x 0 33035
p 0 200 33035
x 0 33036
p 0 203 33036
x 0 33037
p 0 199 33037
x 0 33038
p 0 205 33038
x 0 33039
p 0 201 33039
x 0 33040
p 0 200 33040
x 0 33041
p 0 201 33041
x 0 33042
p 0 235 33042
x 0 33043
p 0 203 33043
x 0 33044
p 0 199 33044
x 0 33045
p 0 199 33045
x 0 33046
p 0 212 33046
x 0 33047
p 0 213 33047
x 0 33048
p 0 216 33048
x 0 33049
p 0 213 33049
x 0 33050
p 0 211 33050
x 0 33051
p 0 213 33051
x 0 33052
p 0 218 33052
x 0 33053
p 0 214 33053
x 0 33054
p 0 213 33054
x 0 33055
p 0 211 33055
x 0 33056
p 0 212 33056
x 0 33057
p 0 213 33057
x 0 33058
p 0 214 33058
x 0 33059
p 0 212 33059
x 0 33060
p 0 262 33060
x 0 33000
h 0 10.0.0.10
p 0 664 33000
x 1 33001
h 1 10.0.0.10
p 1 220 33001
x 0 33002
p 0 216 33002
x 0 33003
p 0 284 33003
x 0 33004
p 0 217 33004
x 0 33005
p 0 213 33005
x 0 33006
p 0 294 33006
x 0 33007
p 0 206 33007
x 0 33008
p 0 213 33008
x 0 33009
p 0 207 33009
x 0 33010
p 0 210 33010
x 0 33011
p 0 205 33011
x 0 33012
p 0 207 33012
x 0 33013
p 0 257 33013
x 0 33014
p 0 209 33014
x 0 33015
p 0 235 33015
x 0 33016
p 0 206 33016
x 0 33017
p 0 207 33017
x 0 33018
p 0 204 33018
x 0 33019
p 0 201 33019
x 0 33020
p 0 202 33020
x 0 33021
p 0 208 33021
x 0 33022
p 0 204 33022
x 0 33023
p 0 203 33023
x 0 33024
p 0 202 33024
x 0 33025
p 0 202 33025
x 0 33026
p 0 203 33026
x 0 33027
p 0 199 33027
x 0 33028
p 0 203 33028
x 0 33029
p 0 204 33029
x 0 33030
p 0 203 33030
x 0 33031
p 0 201 33031
x 0 33032
p 0 200 33032
x 0 33033
p 0 203 33033
x 0 33034
p 0 201 33034
x 0 33035
p 0 210 33035
x 0 33036
p 0 206 33036
x 0 33037
p 0 203 33037
x 0 33038
p 0 288 33038
x 0 33039
p 0 201 33039
x 0 33040
p 0 237 33040
x 0 33041
p 0 209 33041
x 0 33042
p 0 351 33042
x 0 33043
p 0 341 33043
x 0 33044
p 0 348 33044
x 0 33045
p 0 461 33045
x 0 33046
p 0 183 33046
x 0 33047
p 0 175 33047
x 0 33048
p 0 179 33048
x 0 33049
p 0 177 33049
x 0 33050
p 0 175 33050
x 0 33051
p 0 173 33051
x 0 33052
p 0 174 33052
x 0 33053
p 0 181 33053
x 0 33054
p 0 177 33054
x 0 33055
p 0 178 33055
x 0 33056
p 0 186 33056
x 0 33057
p 0 181 33057
x 0 33058
p 0 177 33058
x 0 33059
p 0 180 33059
x 0 33060
p 0 178 33060
x 0 33000
h 0 10.0.0.10
p 0 58967 33000
x 1 33001
h 1 10.0.0.10
p 1 502 33001
x 0 33002
p 0 238 33002
x 0 33003
p 0 205 33003
x 0 33004
p 0 210 33004
x 0 33005
p 0 185 33005
x 0 33006
p 0 200 33006
x 0 33007
p 0 218 33007
x 0 33008
p 0 203 33008
x 0 33009
p 0 233 33009
x 0 33010
p 0 205 33010
x 0 33011
p 0 204 33011
x 0 33012
p 0 206 33012
x 0 33013
p 0 206 33013
x 0 33014
p 0 240 33014
x 0 33015
p 0 206 33015
x 0 33016
p 0 237 33016
x 0 33017
p 0 201 33017
x 0 33018
p 0 202 33018
x 0 33019
p 0 202 33019
x 0 33020
p 0 202 33020
x 0 33021
p 0 241 33021
x 0 33022
p 0 200 33022
x 0 33023
p 0 203 33023
x 0 33024
p 0 202 33024
x 0 33025
p 0 204 33025
x 0 33026
p 0 203 33026
x 0 33027
p 0 206 33027
x 0 33028
p 0 203 33028
x 0 33029
p 0 204 33029
x 0 33030
p 0 204 33030
x 0 33031
p 0 201 33031
x 0 33032
p 0 205 33032
x 0 33033
p 0 206 33033
x 0 33034
p 0 203 33034
x 0 33035
p 0 203 33035
x 0 33036
p 0 204 33036
x 0 33037
p 0 206 33037
x 0 33038
p 0 201 33038
x 0 33039
p 0 203 33039
x 0 33040
p 0 203 33040
x 0 33041
p 0 207 33041
x 0 33042
p 0 206 33042
x 0 33043
p 0 203 33043
x 0 33044
p 0 203 33044
x 0 33045
p 0 203 33045
x 0 33046
p 0 203 33046
x 0 33047
p 0 208 33047
x 0 33048
p 0 208 33048
x 0 33049
p 0 214 33049
x 0 33050
p 0 208 33050
x 0 33051
p 0 206 33051
x 0 33052
p 0 205 33052
x 0 33053
p 0 260 33053
x 0 33054
p 0 203 33054
x 0 33055
p 0 205 33055
x 0 33056
p 0 202 33056
x 0 33057
p 0 207 33057
x 0 33058
p 0 206 33058
x 0 33059
p 0 204 33059
x 0 33060
p 0 260 33060
x 0 33000
h 0 10.0.0.10
p 0 679 33000
x 1 33001
h 1 10.0.0.10
p 1 200 33001
x 0 33002
p 0 252 33002
x 0 33003
p 0 205 33003
x 0 33004
p 0 213 33004
x 0 33005
p 0 216 33005
x 0 33006
p 0 212 33006
x 0 33007
p 0 210 33007
x 0 33008
p 0 206 33008
x 0 33009
p 0 209 33009
x 0 33010
p 0 209 33010
x 0 33011
p 0 205 33011
x 0 33012
p 0 183 33012
x 0 33013
p 0 207 33013
x 0 33014
p 0 206 33014
x 0 33015
p 0 210 33015
x 0 33016
p 0 202 33016
x 0 33017
p 0 207 33017
x 0 33018
p 0 206 33018
x 0 33019
p 0 205 33019
x 0 33020
p 0 189 33020
x 0 33021
p 0 209 33021
x 0 33022
p 0 211 33022
x 0 33023
p 0 210 33023
x 0 33024
p 0 215 33024
x 0 33025
p 0 216 33025
x 0 33026
p 0 183 33026
x 0 33027
p 0 214 33027
x 0 33028
p 0 211 33028
x 0 33029
p 0 210 33029
x 0 33030
p 0 207 33030
x 0 33031
p 0 209 33031
x 0 33032
p 0 212 33032
x 0 33033
p 0 207 33033
x 0 33034
p 0 208 33034
x 0 33035
p 0 212 33035
x 0 33036
p 0 207 33036
x 0 33037
p 0 215 33037
x 0 33038
p 0 206 33038
x 0 33039
p 0 208 33039
x 0 33040
p 0 209 33040
x 0 33041
p 0 204 33041
x 0 33042
p 0 333 33042
x 0 33043
p 0 210 33043
x 0 33044
p 0 212 33044
x 0 33045
p 0 183 33045
x 0 33046
p 0 209 33046
x 0 33047
p 0 178 33047
x 0 33048
p 0 207 33048
x 0 33049
p 0 204 33049
x 0 33050
p 0 210 33050
x 0 33051
p 0 206 33051
x 0 33052
p 0 207 33052
x 0 33053
p 0 207 33053
x 0 33054
p 0 207 33054
x 0 33055
p 0 209 33055
x 0 33056
p 0 213 33056
x 0 33057
p 0 207 33057
x 0 33058
p 0 207 33058
x 0 33059
p 0 209 33059
x 0 33060
p 0 212 33060
x 0 33000
h 0 10.0.0.10
p 0 59895 33000
x 1 33001
h 1 10.0.0.10
p 1 828 33001
x 0 33002
p 0 125 33002
x 0 33003
p 0 158 33003
x 0 33004
p 0 202 33004
x 0 33005
p 0 211 33005
x 0 33006
p 0 179 33006
x 0 33007
p 0 218 33007
x 0 33008
p 0 238 33008
x 0 33009
p 0 204 33009
x 0 33010
p 0 201 33010
x 0 33011
p 0 232 33011
x 0 33012
p 0 205 33012
x 0 33013
p 0 209 33013
x 0 33014
p 0 204 33014
x 0 33015
p 0 233 33015
x 0 33016
p 0 181 33016
x 0 33017
p 0 207 33017
x 0 33018
p 0 203 33018
x 0 33019
p 0 238 33019
x 0 33020
p 0 197 33020
x 0 33021
p 0 236 33021
x 0 33022
p 0 213 33022
x 0 33023
p 0 241 33023
x 0 33024
p 0 106 33024
x 0 33025
p 0 189 33025
x 0 33026
p 0 237 33026
x 0 33027
p 0 158 33027
x 0 33028
p 0 236 33028
x 0 33029
p 0 202 33029
x 0 33030
p 0 112 33030
x 0 33031
p 0 202 33031
x 0 33032
p 0 267 33032
x 0 33033
p 0 202 33033
x 0 33034
p 0 205 33034
x 0 33035
p 0 174 33035
x 0 33036
p 0 247 33036
x 0 33037
p 0 211 33037
x 0 33038
p 0 180 33038
x 0 33039
p 0 182 33039
x 0 33040
p 0 213 33040
x 0 33041
p 0 180 33041
x 0 33042
p 0 179 33042
x 0 33043
p 0 178 33043
x 0 33044
p 0 175 33044
x 0 33045
p 0 190 33045
x 0 33046
p 0 170 33046
x 0 33047
p 0 206 33047
x 0 33048
p 0 209 33048
x 0 33049
p 0 230 33049
x 0 33050
p 0 166 33050
x 0 33051
p 0 166 33051
x 0 33052
p 0 171 33052
x 0 33053
p 0 176 33053
x 0 33054
p 0 170 33054
x 0 33055
p 0 175 33055
x 0 33056
p 0 171 33056
x 0 33057
p 0 174 33057
x 0 33058
p 0 206 33058
x 0 33059
p 0 199 33059
x 0 33060
p 0 174 33060
x 0 33000
h 0 10.0.0.10
p 0 518 33000
x 1 33001
h 1 10.0.0.10
p 1 210 33001
x 0 33002
p 0 142 33002
x 0 33003
p 0 213 33003
x 0 33004
p 0 304 33004
x 0 33005
p 0 245 33005
x 0 33006
p 0 208 33006
x 0 33007
p 0 181 33007
x 0 33008
p 0 184 33008
x 0 33009
p 0 212 33009
x 0 33010
p 0 207 33010
x 0 33011
p 0 182 33011
x 0 33012
p 0 180 33012
x 0 33013
p 0 250 33013
x 0 33014
p 0 181 33014
x 0 33015
p 0 178 33015
x 0 33016
p 0 174 33016
x 0 33017
p 0 209 33017
x 0 33018
p 0 180 33018
x 0 33019
p 0 176 33019
x 0 33020
p 0 175 33020
x 0 33021
p 0 173 33021
x 0 33022
p 0 177 33022
x 0 33023
p 0 181 33023
x 0 33024
p 0 177 33024
x 0 33025
p 0 178 33025
x 0 33026
p 0 208 33026
x 0 33027
p 0 180 33027
x 0 33028
p 0 207 33028
x 0 33029
p 0 176 33029
x 0 33030
p 0 178 33030
x 0 33031
p 0 204 33031
x 0 33032
p 0 203 33032
x 0 33033
p 0 178 33033
x 0 33034
p 0 209 33034
x 0 33035
p 0 211 33035
x 0 33036
p 0 207 33036
x 0 33037
p 0 173 33037
x 0 33038
p 0 211 33038
x 0 33039
p 0 207 33039
x 0 33040
p 0 210 33040
x 0 33041
p 0 178 33041
x 0 33042
p 0 210 33042
x 0 33043
p 0 204 33043
x 0 33044
p 0 205 33044
x 0 33045
p 0 169 33045
x 0 33046
p 0 170 33046
x 0 33047
p 0 202 33047
x 0 33048
p 0 207 33048
x 0 33049
p 0 168 33049
x 0 33050
p 0 204 33050
x 0 33051
p 0 203 33051
x 0 33052
p 0 166 33052
x 0 33053
p 0 170 33053
x 0 33054
p 0 254 33054
x 0 33055
p 0 203 33055
x 0 33056
p 0 206 33056
x 0 33057
p 0 160 33057
x 0 33058
p 0 208 33058
x 0 33059
p 0 206 33059
x 0 33060
p 0 204 33060
x 0 33000
h 0 10.0.0.10
p 0 59932 33000
x 1 33001
h 1 10.0.0.10
p 1 1124 33001
x 0 33002
p 0 210 33002
x 0 33003
p 0 209 33003
x 0 33004
p 0 207 33004
x 0 33005
p 0 206 33005
x 0 33006
p 0 207 33006
x 0 33007
p 0 206 33007
x 0 33008
p 0 203 33008
x 0 33009
p 0 201 33009
x 0 33010
p 0 203 33010
x 0 33011
p 0 201 33011
x 0 33012
p 0 200 33012
x 0 33013
p 0 198 33013
x 0 33014
p 0 201 33014
x 0 33015
p 0 202 33015
x 0 33016
p 0 200 33016
x 0 33017
p 0 241 33017
x 0 33018
p 0 201 33018
x 0 33019
p 0 201 33019
x 0 33020
p 0 201 33020
x 0 33021
p 0 201 33021
x 0 33022
p 0 205 33022
x 0 33023
p 0 202 33023
x 0 33024
p 0 204 33024
x 0 33025
p 0 203 33025
x 0 33026
p 0 199 33026
x 0 33027
p 0 205 33027
x 0 33028
p 0 201 33028
x 0 33029
p 0 200 33029
x 0 33030
p 0 201 33030
x 0 33031
p 0 206 33031
x 0 33032
p 0 238 33032
x 0 33033
p 0 212 33033
x 0 33034
p 0 237 33034
x 0 33035
p 0 205 33035
x 0 33036
p 0 203 33036
x 0 33037
p 0 212 33037
x 0 33038
p 0 204 33038
x 0 33039
p 0 205 33039
x 0 33040
p 0 205 33040
x 0 33041
p 0 233 33041
x 0 33042
p 0 202 33042
x 0 33043
p 0 206 33043
x 0 33044
p 0 199 33044
x 0 33045
p 0 164 33045
x 0 33046
p 0 203 33046
x 0 33047
p 0 201 33047
x 0 33048
p 0 237 33048
x 0 33049
p 0 199 33049
x 0 33050
p 0 200 33050
x 0 33051
p 0 201 33051
x 0 33052
p 0 204 33052
x 0 33053
p 0 204 33053
x 0 33054
p 0 201 33054
x 0 33055
p 0 234 33055
x 0 33056
p 0 198 33056
x 0 33057
p 0 202 33057
x 0 33058
p 0 198 33058
x 0 33059
p 0 200 33059
x 0 33060
p 0 200 33060
x 0 33000
h 0 10.0.0.10
p 0 803 33000
x 1 33001
h 1 10.0.0.10
p 1 270 33001
x 0 33002
p 0 152 33002
x 0 33003
p 0 216 33003
x 0 33004
p 0 219 33004
x 0 33005
p 0 216 33005
x 0 33006
p 0 192 33006
x 0 33007
p 0 271 33007
x 0 33008
p 0 189 33008
x 0 33009
p 0 185 33009
x 0 33010
p 0 211 33010
x 0 33011
p 0 208 33011
x 0 33012
p 0 174 33012
x 0 33013
p 0 184 33013
x 0 33014
p 0 210 33014
x 0 33015
p 0 209 33015
x 0 33016
p 0 179 33016
x 0 33017
p 0 229 33017
x 0 33018
p 0 66 33018
x 0 33019
p 0 169 33019
x 0 33020
p 0 171 33020
x 0 33021
p 0 207 33021
x 0 33022
p 0 169 33022
x 0 33023
p 0 180 33023
x 0 33024
p 0 210 33024
x 0 33025
p 0 241 33025
x 0 33026
p 0 204 33026
x 0 33027
p 0 358 33027
x 0 33028
p 0 176 33028
x 0 33029
p 0 210 33029
x 0 33030
p 0 224 33030
x 0 33031
p 0 304 33031
x 0 33032
p 0 183 33032
x 0 33033
p 0 176 33033
x 0 33034
p 0 264 33034
x 0 33035
p 0 177 33035
x 0 33036
p 0 180 33036
x 0 33037
p 0 213 33037
x 0 33038
p 0 166 33038
x 0 33039
p 0 158 33039
x 0 33040
p 0 158 33040
x 0 33041
p 0 186 33041
x 0 33042
p 0 208 33042
x 0 33043
p 0 210 33043
x 0 33044
p 0 219 33044
x 0 33045
p 0 376 33045
x 0 33046
p 0 207 33046
x 0 33047
p 0 212 33047
x 0 33048
p 0 210 33048
x 0 33049
p 0 211 33049
x 0 33050
p 0 177 33050
x 0 33051
p 0 210 33051
x 0 33052
p 0 219 33052
x 0 33053
p 0 211 33053
x 0 33054
p 0 385 33054
x 0 33055
p 0 165 33055
x 0 33056
p 0 207 33056
x 0 33057
p 0 213 33057
x 0 33058
p 0 254 33058
x 0 33059
p 0 400 33059
x 0 33060
p 0 227 33060
x 0 33000
h 0 10.0.0.10
p 0 59243 33000
x 1 33001
h 1 10.0.0.10
p 1 737 33001
x 0 33002
p 0 218 33002
x 0 33003
p 0 212 33003
x 0 33004
p 0 211 33004
x 0 33005
p 0 248 33005
x 0 33006
p 0 205 33006
x 0 33007
p 0 226 33007
x 0 33008
p 0 203 33008
x 0 33009
p 0 203 33009
x 0 33010
p 0 203 33010
x 0 33011
p 0 242 33011
x 0 33012
p 0 206 33012
x 0 33013
p 0 208 33013
x 0 33014
p 0 206 33014
x 0 33015
p 0 210 33015
x 0 33016
p 0 206 33016
x 0 33017
p 0 209 33017
x 0 33018
p 0 249 33018
x 0 33019
p 0 217 33019
x 0 33020
p 0 207 33020
x 0 33021
p 0 175 33021
x 0 33022
p 0 202 33022
x 0 33023
p 0 207 33023
x 0 33024
p 0 205 33024
x 0 33025
p 0 248 33025
x 0 33026
p 0 207 33026
x 0 33027
p 0 206 33027
x 0 33028
p 0 203 33028
x 0 33029
p 0 204 33029
x 0 33030
p 0 206 33030
x 0 33031
p 0 206 33031
x 0 33032
p 0 317 33032
x 0 33033
p 0 203 33033
x 0 33034
p 0 204 33034
x 0 33035
p 0 204 33035
x 0 33036
p 0 204 33036
x 0 33037
p 0 204 33037
x 0 33038
p 0 207 33038
x 0 33039
p 0 254 33039
x 0 33040
p 0 205 33040
x 0 33041
p 0 206 33041
x 0 33042
p 0 203 33042
x 0 33043
p 0 204 33043
x 0 33044
p 0 203 33044
x 0 33045
p 0 204 33045
x 0 33046
p 0 243 33046
x 0 33047
p 0 206 33047
x 0 33048
p 0 209 33048
x 0 33049
p 0 205 33049
x 0 33050
p 0 204 33050
x 0 33051
p 0 204 33051
x 0 33052
p 0 206 33052
x 0 33053
p 0 238 33053
x 0 33054
p 0 205 33054
x 0 33055
p 0 206 33055
x 0 33056
p 0 243 33056
x 0 33057
p 0 205 33057
x 0 33058
p 0 206 33058
x 0 33059
p 0 206 33059
x 0 33060
p 0 330 33060
x 0 33000
h 0 10.0.0.10
p 0 887 33000
x 1 33001
h 1 10.0.0.10
p 1 207 33001
x 0 33002
p 0 201 33002
x 0 33003
p 0 237 33003
x 0 33004
p 0 204 33004
x 0 33005
p 0 201 33005
x 0 33006
p 0 253 33006
x 0 33007
p 0 204 33007
x 0 33008
p 0 206 33008
x 0 33009
p 0 205 33009
x 0 33010
p 0 205 33010
x 0 33011
p 0 200 33011
x 0 33012
p 0 208 33012
x 0 33013
p 0 208 33013
x 0 33014
p 0 203 33014
x 0 33015
p 0 353 33015
x 0 33016
p 0 258 33016
x 0 33017
p 0 272 33017
x 0 33018
p 0 246 33018
x 0 33019
p 0 243 33019
x 0 33020
p 0 241 33020
x 0 33021
p 0 200 33021
x 0 33022
p 0 210 33022
x 0 33023
p 0 204 33023
x 0 33024
p 0 202 33024
x 0 33025
p 0 206 33025
x 0 33026
p 0 232 33026
x 0 33027
p 0 188 33027
x 0 33028
p 0 233 33028
x 0 33029
p 0 202 33029
x 0 33030
p 0 205 33030
x 0 33031
p 0 202 33031
x 0 33032
p 0 135 33032
x 0 33033
p 0 203 33033
x 0 33034
p 0 203 33034
x 0 33035
p 0 230 33035
x 0 33036
p 0 198 33036
x 0 33037
p 0 247 33037
x 0 33038
p 0 202 33038
x 0 33039
p 0 204 33039
x 0 33040
p 0 202 33040
x 0 33041
p 0 176 33041
x 0 33042
p 0 211 33042
x 0 33043
p 0 203 33043
x 0 33044
p 0 298 33044
x 0 33045
p 0 202 33045
x 0 33046
p 0 231 33046
x 0 33047
p 0 209 33047
x 0 33048
p 0 205 33048
x 0 33049
p 0 178 33049
x 0 33050
p 0 203 33050
x 0 33051
p 0 204 33051
x 0 33052
p 0 163 33052
x 0 33053
p 0 357 33053
x 0 33054
p 0 203 33054
x 0 33055
p 0 202 33055
x 0 33056
p 0 204 33056
x 0 33057
p 0 205 33057
x 0 33058
p 0 202 33058
x 0 33059
p 0 202 33059
x 0 33060
p 0 205 33060
x 0 33000
x 1 33001
h 0 10.0.0.10
p 0 177436 33000
x 2 33002
h 2 10.0.0.10
p 2 701 33002
h 1 10.0.0.10
p 1 394222 33001
x 0 33003
p 0 100 33003
x 0 33004
p 0 239 33004
x 0 33005
p 0 223 33005
x 0 33006
p 0 231 33006
x 0 33007
p 0 240 33007
x 0 33008
p 0 228 33008
x 0 33009
p 0 223 33009
x 0 33010
p 0 215 33010
x 0 33011
p 0 220 33011
x 0 33012
p 0 211 33012
x 0 33013
p 0 213 33013
x 0 33014
p 0 252 33014
x 0 33015
p 0 214 33015
x 0 33016
p 0 226 33016
x 0 33017
p 0 206 33017
x 0 33018
p 0 267 33018
x 0 33019
p 0 218 33019
x 0 33020
p 0 221 33020
x 0 33021
p 0 247 33021
x 0 33022
p 0 228 33022
x 0 33023
p 0 253 33023
x 0 33024
p 0 218 33024
x 0 33025
p 0 229 33025
x 0 33026
p 0 225 33026
x 0 33027
p 0 207 33027
x 0 33028
p 0 235 33028
x 0 33029
p 0 217 33029
x 0 33030
p 0 254 33030
x 0 33031
p 0 221 33031
x 0 33032
p 0 235 33032
x 0 33033
p 0 241 33033
x 0 33034
p 0 221 33034
x 0 33035
p 0 224 33035
x 0 33036
p 0 223 33036
x 0 33037
p 0 247 33037
x 0 33038
p 0 233 33038
x 0 33039
p 0 218 33039
x 0 33040
p 0 222 33040
x 0 33041
p 0 218 33041
x 0 33042
p 0 233 33042
x 0 33043
p 0 227 33043
x 0 33044
p 0 258 33044
x 0 33045
p 0 263 33045
x 0 33046
p 0 227 33046
x 0 33047
p 0 211 33047
x 0 33048
p 0 236 33048
x 0 33049
p 0 218 33049
x 0 33050
p 0 217 33050
x 0 33051
p 0 249 33051
x 0 33052
p 0 230 33052
x 0 33053
p 0 235 33053
x 0 33054
p 0 214 33054
x 0 33055
p 0 213 33055
x 0 33056
p 0 307 33056
x 0 33057
p 0 207 33057
x 0 33058
p 0 227 33058
x 0 33059
p 0 216 33059
x 0 33060
p 0 217 33060
x 0 33061
p 0 305 33061
x 0 33000
h 0 10.0.0.10
p 0 491 33000
x 1 33001
h 1 10.0.0.10
p 1 205 33001
x 0 33002
p 0 170 33002
x 0 33003
p 0 168 33003
x 0 33004
p 0 225 33004
x 0 33005
p 0 214 33005
x 0 33006
p 0 255 33006
x 0 33007
p 0 215 33007
x 0 33008
p 0 213 33008
x 0 33009
p 0 302 33009
x 0 33010
p 0 302 33010
x 0 33011
p 0 303 33011
x 0 33012
p 0 214 33012
x 0 33013
p 0 213 33013
x 0 33014
p 0 215 33014
x 0 33015
p 0 214 33015
x 0 33016
p 0 310 33016
x 0 33017
p 0 218 33017
x 0 33018
p 0 312 33018
x 0 33019
p 0 215 33019
x 0 33020
p 0 213 33020
x 0 33021
p 0 214 33021
x 0 33022
p 0 211 33022
x 0 33023
p 0 213 33023
x 0 33024
p 0 215 33024
x 0 33025
p 0 216 33025
x 0 33026
p 0 210 33026
x 0 33027
p 0 214 33027
x 0 33028
p 0 214 33028
x 0 33029
p 0 214 33029
x 0 33030
p 0 343 33030
x 0 33031
p 0 304 33031
x 0 33032
p 0 252 33032
x 0 33033
p 0 214 33033
x 0 33034
p 0 212 33034
x 0 33035
p 0 213 33035
x 0 33036
p 0 212 33036
x 0 33037
p 0 218 33037
x 0 33038
p 0 212 33038
x 0 33039
p 0 212 33039
x 0 33040
p 0 218 33040
x 0 33041
p 0 212 33041
x 0 33042
p 0 212 33042
x 0 33043
p 0 212 33043
x 0 33044
p 0 211 33044
x 0 33045
p 0 307 33045
x 0 33046
p 0 339 33046
x 0 33047
p 0 216 33047
x 0 33048
p 0 212 33048
x 0 33049
p 0 214 33049
x 0 33050
p 0 212 33050
x 0 33051
p 0 239 33051
x 0 33052
p 0 213 33052
x 0 33053
p 0 213 33053
x 0 33054
p 0 210 33054
x 0 33055
p 0 217 33055
x 0 33056
p 0 212 33056
x 0 33057
p 0 216 33057
x 0 33058
p 0 211 33058
x 0 33059
p 0 215 33059
x 0 33060
p 0 186 33060
x 0 33000
x 1 33001
h 1 10.0.0.10
p 1 1414 33001
h 0 10.0.0.10
p 0 109341 33000
x 2 33002
h 2 10.0.0.10
p 2 140 33002
x 0 33003
p 0 218 33003
x 0 33004
p 0 219 33004
x 0 33005
p 0 275 33005
x 0 33006
p 0 212 33006
x 0 33007
p 0 201 33007
x 0 33008
p 0 192 33008
x 0 33009
p 0 205 33009
x 0 33010
p 0 202 33010
x 0 33011
p 0 204 33011
x 0 33012
p 0 205 33012
x 0 33013
p 0 204 33013
x 0 33014
p 0 209 33014
x 0 33015
p 0 210 33015
x 0 33016
p 0 204 33016
x 0 33017
p 0 211 33017
x 0 33018
p 0 211 33018
x 0 33019
p 0 210 33019
x 0 33020
p 0 208 33020
x 0 33021
p 0 210 33021
x 0 33022
p 0 207 33022
x 0 33023
p 0 208 33023
x 0 33024
p 0 212 33024
x 0 33025
p 0 241 33025
x 0 33026
p 0 206 33026
x 0 33027
p 0 204 33027
x 0 33028
p 0 203 33028
x 0 33029
p 0 268 33029
x 0 33030
p 0 256 33030
x 0 33031
p 0 232 33031
x 0 33032
p 0 231 33032
x 0 33033
p 0 218 33033
x 0 33034
p 0 213 33034
x 0 33035
p 0 205 33035
x 0 33036
p 0 202 33036
x 0 33037
p 0 254 33037
x 0 33038
p 0 224 33038
x 0 33039
p 0 248 33039
x 0 33040
p 0 203 33040
x 0 33041
p 0 206 33041
x 0 33042
p 0 203 33042
x 0 33043
p 0 208 33043
x 0 33044
p 0 238 33044
x 0 33045
p 0 201 33045
x 0 33046
p 0 203 33046
x 0 33047
p 0 201 33047
x 0 33048
p 0 205 33048
x 0 33049
p 0 213 33049
x 0 33050
p 0 234 33050
x 0 33051
p 0 204 33051
x 0 33052
p 0 207 33052
x 0 33053
p 0 212 33053
x 0 33054
p 0 206 33054
x 0 33055
p 0 204 33055
x 0 33056
p 0 206 33056
x 0 33057
p 0 236 33057
x 0 33058
p 0 210 33058
x 0 33059
p 0 213 33059
x 0 33060
p 0 204 33060
x 0 33061
p 0 217 33061
x 0 33000
h 0 10.0.0.10
p 0 750 33000
x 1 33001
h 1 10.0.0.10
p 1 204 33001
x 0 33002
p 0 242 33002
x 0 33003
p 0 77 33003
x 0 33004
p 0 180 33004
x 0 33005
p 0 173 33005
x 0 33006
p 0 254 33006
x 0 33007
p 0 202 33007
x 0 33008
p 0 203 33008
x 0 33009
p 0 201 33009
x 0 33010
p 0 203 33010
x 0 33011
p 0 205 33011
x 0 33012
p 0 203 33012
x 0 33013
p 0 203 33013
x 0 33014
p 0 202 33014
x 0 33015
p 0 201 33015
x 0 33016
p 0 290 33016
x 0 33017
p 0 204 33017
x 0 33018
p 0 202 33018
x 0 33019
p 0 204 33019
x 0 33020
p 0 202 33020
x 0 33021
p 0 206 33021
x 0 33022
p 0 202 33022
x 0 33023
p 0 202 33023
x 0 33024
p 0 200 33024
x 0 33025
p 0 200 33025
x 0 33026
p 0 200 33026
x 0 33027
p 0 203 33027
x 0 33028
p 0 203 33028
x 0 33029
p 0 200 33029
x 0 33030
p 0 199 33030
x 0 33031
p 0 201 33031
x 0 33032
p 0 312 33032
x 0 33033
p 0 292 33033
x 0 33034
p 0 202 33034
x 0 33035
p 0 200 33035
x 0 33036
p 0 211 33036
x 0 33037
p 0 234 33037
x 0 33038
p 0 203 33038
x 0 33039
p 0 233 33039
x 0 33040
p 0 205 33040
x 0 33041
p 0 215 33041
x 0 33042
p 0 209 33042
x 0 33043
p 0 201 33043
x 0 33044
p 0 241 33044
x 0 33045
p 0 205 33045
x 0 33046
p 0 250 33046
x 0 33047
p 0 207 33047
x 0 33048
p 0 207 33048
x 0 33049
p 0 205 33049
x 0 33050
p 0 204 33050
x 0 33051
p 0 254 33051
x 0 33052
p 0 215 33052
x 0 33053
p 0 332 33053
x 0 33054
p 0 203 33054
x 0 33055
p 0 201 33055
x 0 33056
p 0 202 33056
x 0 33057
p 0 203 33057
x 0 33058
p 0 203 33058
x 0 33059
p 0 255 33059
x 0 33060
p 0 207 33060
x 0 33000
h 0 10.0.0.10
p 0 59249 33000
x 1 33001
h 1 10.0.0.10
p 1 552 33001
x 0 33002
p 0 223 33002
x 0 33003
p 0 213 33003
x 0 33004
p 0 213 33004
x 0 33005
p 0 279 33005
x 0 33006
p 0 205 33006
x 0 33007
p 0 91 33007
x 0 33008
p 0 205 33008
x 0 33009
p 0 205 33009
x 0 33010
p 0 211 33010
x 0 33011
p 0 206 33011
x 0 33012
p 0 235 33012
x 0 33013
p 0 204 33013
x 0 33014
p 0 203 33014
x 0 33015
p 0 204 33015
x 0 33016
p 0 205 33016
x 0 33017
p 0 199 33017
x 0 33018
p 0 203 33018
x 0 33019
p 0 236 33019
x 0 33020
p 0 205 33020
x 0 33021
p 0 203 33021
x 0 33022
p 0 200 33022
x 0 33023
p 0 200 33023
x 0 33024
p 0 200 33024
x 0 33025
p 0 211 33025
x 0 33026
p 0 201 33026
x 0 33027
p 0 210 33027
x 0 33028
p 0 210 33028
x 0 33029
p 0 206 33029
x 0 33030
p 0 208 33030
x 0 33031
p 0 210 33031
x 0 33032
p 0 304 33032
x 0 33033
p 0 206 33033
x 0 33034
p 0 205 33034
x 0 33035
p 0 206 33035
x 0 33036
p 0 206 33036
x 0 33037
p 0 200 33037
x 0 33038
p 0 202 33038
x 0 33039
p 0 268 33039
x 0 33040
p 0 202 33040
x 0 33041
p 0 204 33041
x 0 33042
p 0 204 33042
x 0 33043
p 0 214 33043
x 0 33044
p 0 210 33044
x 0 33045
p 0 207 33045
x 0 33046
p 0 210 33046
x 0 33047
p 0 210 33047
x 0 33048
p 0 207 33048
x 0 33049
p 0 209 33049
x 0 33050
p 0 211 33050
x 0 33051
p 0 208 33051
x 0 33052
p 0 209 33052
x 0 33053
p 0 210 33053
x 0 33054
p 0 206 33054
x 0 33055
p 0 204 33055
x 0 33056
p 0 205 33056
x 0 33057
p 0 204 33057
x 0 33058
p 0 205 33058
x 0 33059
p 0 205 33059
x 0 33060
p 0 208 33060
x 0 33000
h 0 10.0.0.10
p 0 848 33000
x 1 33001
h 1 10.0.0.10
p 1 207 33001
x 0 33002
p 0 214 33002
x 0 33003
p 0 207 33003
x 0 33004
p 0 208 33004
x 0 33005
p 0 210 33005
x 0 33006
p 0 209 33006
x 0 33007
p 0 213 33007
x 0 33008
p 0 214 33008
x 0 33009
p 0 213 33009
x 0 33010
p 0 215 33010
x 0 33011
p 0 214 33011
x 0 33012
p 0 217 33012
x 0 33013
p 0 210 33013
x 0 33014
p 0 213 33014
x 0 33015
p 0 215 33015
x 0 33016
p 0 209 33016
x 0 33017
p 0 207 33017
x 0 33018
p 0 207 33018
x 0 33019
p 0 206 33019
x 0 33020
p 0 208 33020
x 0 33021
p 0 208 33021
x 0 33022
p 0 211 33022
x 0 33023
p 0 210 33023
x 0 33024
p 0 210 33024
x 0 33025
p 0 214 33025
x 0 33026
p 0 307 33026
x 0 33027
p 0 304 33027
x 0 33028
p 0 185 33028
x 0 33029
p 0 304 33029
x 0 33030
p 0 213 33030
x 0 33031
p 0 209 33031
x 0 33032
p 0 214 33032
x 0 33033
p 0 205 33033
x 0 33034
p 0 206 33034
x 0 33035
p 0 205 33035
x 0 33036
p 0 207 33036
x 0 33037
p 0 212 33037
x 0 33038
p 0 208 33038
x 0 33039
p 0 213 33039
x 0 33040
p 0 209 33040
x 0 33041
p 0 313 33041
x 0 33042
p 0 216 33042
x 0 33043
p 0 301 33043
x 0 33044
p 0 394 33044
x 0 33045
p 0 209 33045
x 0 33046
p 0 242 33046
x 0 33047
p 0 301 33047
x 0 33048
p 0 206 33048
x 0 33049
p 0 291 33049
x 0 33050
p 0 210 33050
x 0 33051
p 0 338 33051
x 0 33052
p 0 303 33052
x 0 33053
p 0 291 33053
x 0 33054
p 0 296 33054
x 0 33055
p 0 287 33055
x 0 33056
p 0 208 33056
x 0 33057
p 0 301 33057
x 0 33058
p 0 208 33058
x 0 33059
p 0 291 33059
x 0 33060
p 0 327 33060
x 0 33000
h 0 10.0.0.10
p 0 72229 33000
x 1 33001
h 1 10.0.0.10
p 1 430 33001
x 0 33002
p 0 224 33002
x 0 33003
p 0 207 33003
x 0 33004
p 0 206 33004
x 0 33005
p 0 201 33005
x 0 33006
p 0 205 33006
x 0 33007
p 0 211 33007
x 0 33008
p 0 206 33008
x 0 33009
p 0 203 33009
x 0 33010
p 0 207 33010
x 0 33011
p 0 204 33011
x 0 33012
p 0 202 33012
x 0 33013
p 0 201 33013
x 0 33014
p 0 201 33014
x 0 33015
p 0 201 33015
x 0 33016
p 0 203 33016
x 0 33017
p 0 200 33017
x 0 33018
p 0 206 33018
x 0 33019
p 0 203 33019
x 0 33020
p 0 201 33020
x 0 33021
p 0 203 33021
x 0 33022
p 0 203 33022
x 0 33023
p 0 204 33023
x 0 33024
p 0 202 33024
x 0 33025
p 0 203 33025
x 0 33026
p 0 204 33026
x 0 33027
p 0 203 33027
x 0 33028
p 0 203 33028
x 0 33029
p 0 201 33029
x 0 33030
p 0 200 33030
x 0 33031
p 0 203 33031
x 0 33032
p 0 219 33032
x 0 33033
p 0 204 33033
x 0 33034
p 0 200 33034
x 0 33035
p 0 201 33035
x 0 33036
p 0 200 33036
x 0 33037
p 0 202 33037
x 0 33038
p 0 208 33038
x 0 33039
p 0 208 33039
x 0 33040
p 0 206 33040
x 0 33041
p 0 208 33041
x 0 33042
p 0 208 33042
x 0 33043
p 0 208 33043
x 0 33044
p 0 207 33044
x 0 33045
p 0 205 33045
x 0 33046
p 0 241 33046
x 0 33047
p 0 210 33047
x 0 33048
p 0 243 33048
x 0 33049
p 0 202 33049
x 0 33050
p 0 205 33050
x 0 33051
p 0 202 33051
x 0 33052
p 0 203 33052
x 0 33053
p 0 208 33053
x 0 33054
p 0 206 33054
x 0 33055
p 0 211 33055
x 0 33056
p 0 208 33056
x 0 33057
p 0 209 33057
x 0 33058
p 0 210 33058
x 0 33059
p 0 243 33059
x 0 33060
p 0 207 33060
x 0 33000
h 0 10.0.0.10
p 0 594 33000
x 1 33001
h 1 10.0.0.10
p 1 199 33001
x 0 33002
p 0 130 33002
x 0 33003
p 0 238 33003
x 0 33004
p 0 182 33004
x 0 33005
p 0 208 33005
x 0 33006
p 0 205 33006
x 0 33007
p 0 206 33007
x 0 33008
p 0 214 33008
x 0 33009
p 0 209 33009
x 0 33010
p 0 205 33010
x 0 33011
p 0 213 33011
x 0 33012
p 0 215 33012
x 0 33013
p 0 209 33013
x 0 33014
p 0 210 33014
x 0 33015
p 0 206 33015
x 0 33016
p 0 203 33016
x 0 33017
p 0 208 33017
x 0 33018
p 0 214 33018
x 0 33019
p 0 208 33019
x 0 33020
p 0 206 33020
x 0 33021
p 0 204 33021
x 0 33022
p 0 209 33022
x 0 33023
p 0 256 33023
x 0 33024
p 0 209 33024
x 0 33025
p 0 207 33025
x 0 33026
p 0 207 33026
x 0 33027
p 0 210 33027
x 0 33028
p 0 210 33028
x 0 33029
p 0 206 33029
x 0 33030
p 0 207 33030
x 0 33031
p 0 240 33031
x 0 33032
p 0 276 33032
x 0 33033
p 0 212 33033
x 0 33034
p 0 206 33034
x 0 33035
p 0 209 33035
x 0 33036
p 0 205 33036
x 0 33037
p 0 208 33037
x 0 33038
p 0 213 33038
x 0 33039
p 0 258 33039
x 0 33040
p 0 298 33040
x 0 33041
p 0 317 33041
x 0 33042
p 0 208 33042
x 0 33043
p 0 208 33043
x 0 33044
p 0 204 33044
x 0 33045
p 0 205 33045
x 0 33046
p 0 202 33046
x 0 33047
p 0 208 33047
x 0 33048
p 0 211 33048
x 0 33049
p 0 207 33049
x 0 33050
p 0 209 33050
x 0 33051
p 0 202 33051
x 0 33052
p 0 207 33052
x 0 33053
p 0 206 33053
x 0 33054
p 0 205 33054
x 0 33055
p 0 204 33055
x 0 33056
p 0 204 33056
x 0 33057
p 0 206 33057
x 0 33058
p 0 207 33058
x 0 33059
p 0 210 33059
x 0 33060
p 0 202 33060
x 0 33000
h 0 10.0.0.10
p 0 69225 33000
x 1 33001
h 1 10.0.0.10
p 1 729 33001
x 0 33002
p 0 104 33002
x 0 33003
p 0 209 33003
x 0 33004
p 0 203 33004
x 0 33005
p 0 247 33005
x 0 33006
p 0 202 33006
x 0 33007
p 0 183 33007
x 0 33008
p 0 203 33008
x 0 33009
p 0 203 33009
x 0 33010
p 0 203 33010
x 0 33011
p 0 203 33011
x 0 33012
p 0 201 33012
x 0 33013
p 0 200 33013
x 0 33014
p 0 200 33014
x 0 33015
p 0 203 33015
x 0 33016
p 0 236 33016
x 0 33017
p 0 205 33017
x 0 33018
p 0 210 33018
x 0 33019
p 0 205 33019
x 0 33020
p 0 204 33020
x 0 33021
p 0 203 33021
x 0 33022
p 0 204 33022
x 0 33023
p 0 237 33023
x 0 33024
p 0 202 33024
x 0 33025
p 0 207 33025
x 0 33026
p 0 207 33026
x 0 33027
p 0 202 33027
x 0 33028
p 0 200 33028
x 0 33029
p 0 203 33029
x 0 33030
p 0 238 33030
x 0 33031
p 0 203 33031
x 0 33032
p 0 203 33032
x 0 33033
p 0 204 33033
x 0 33034
p 0 201 33034
x 0 33035
p 0 200 33035
x 0 33036
p 0 202 33036
x 0 33037
p 0 204 33037
x 0 33038
p 0 198 33038
x 0 33039
p 0 202 33039
x 0 33040
p 0 202 33040
x 0 33041
p 0 232 33041
x 0 33042
p 0 201 33042
x 0 33043
p 0 202 33043
x 0 33044
p 0 199 33044
x 0 33045
p 0 199 33045
x 0 33046
p 0 199 33046
x 0 33047
p 0 200 33047
x 0 33048
p 0 201 33048
x 0 33049
p 0 205 33049
x 0 33050
p 0 203 33050
x 0 33051
p 0 201 33051
x 0 33052
p 0 202 33052
x 0 33053
p 0 204 33053
x 0 33054
p 0 201 33054
x 0 33055
p 0 201 33055
x 0 33056
p 0 201 33056
x 0 33057
p 0 202 33057
x 0 33058
p 0 203 33058
x 0 33059
p 0 201 33059
x 0 33060
p 0 207 33060
x 0 33000
h 0 10.0.0.10
p 0 640 33000
x 1 33001
h 1 10.0.0.10
p 1 216 33001
x 0 33002
p 0 212 33002
x 0 33003
p 0 212 33003
x 0 33004
p 0 209 33004
x 0 33005
p 0 205 33005
x 0 33006
p 0 208 33006
x 0 33007
p 0 215 33007
x 0 33008
p 0 212 33008
x 0 33009
p 0 207 33009
x 0 33010
p 0 208 33010
x 0 33011
p 0 205 33011
x 0 33012
p 0 210 33012
x 0 33013
p 0 206 33013
x 0 33014
p 0 315 33014
x 0 33015
p 0 207 33015
x 0 33016
p 0 206 33016
x 0 33017
p 0 441 33017
x 0 33018
p 0 361 33018
x 0 33019
p 0 209 33019
x 0 33020
p 0 207 33020
x 0 33021
p 0 201 33021
x 0 33022
p 0 204 33022
x 0 33023
p 0 201 33023
x 0 33024
p 0 206 33024
x 0 33025
p 0 205 33025
x 0 33026
p 0 202 33026
x 0 33027
p 0 204 33027
x 0 33028
p 0 206 33028
x 0 33029
p 0 211 33029
x 0 33030
p 0 208 33030
x 0 33031
p 0 206 33031
x 0 33032
p 0 229 33032
x 0 33033
p 0 205 33033
x 0 33034
p 0 204 33034
x 0 33035
p 0 204 33035
x 0 33036
p 0 275 33036
x 0 33037
p 0 209 33037
x 0 33038
p 0 205 33038
x 0 33039
p 0 204 33039
x 0 33040
p 0 207 33040
x 0 33041
p 0 203 33041
x 0 33042
p 0 211 33042
x 0 33043
p 0 206 33043
x 0 33044
p 0 203 33044
x 0 33045
p 0 205 33045
x 0 33046
p 0 202 33046
x 0 33047
p 0 205 33047
x 0 33048
p 0 206 33048
x 0 33049
p 0 291 33049
x 0 33050
p 0 210 33050
x 0 33051
p 0 202 33051
x 0 33052
p 0 205 33052
x 0 33053
p 0 201 33053
x 0 33054
p 0 174 33054
x 0 33055
p 0 205 33055
x 0 33056
p 0 203 33056
x 0 33057
p 0 291 33057
x 0 33058
p 0 207 33058
x 0 33059
p 0 202 33059
x 0 33060
p 0 204 33060
x 0 33000
h 0 10.0.0.10
p 0 59779 33000
x 1 33001
h 1 10.0.0.10
p 1 642 33001
x 0 33002
p 0 219 33002
x 0 33003
p 0 210 33003
x 0 33004
p 0 205 33004
x 0 33005
p 0 214 33005
x 0 33006
p 0 213 33006
x 0 33007
p 0 211 33007
x 0 33008
p 0 207 33008
x 0 33009
p 0 205 33009
x 0 33010
p 0 206 33010
x 0 33011
p 0 205 33011
x 0 33012
p 0 205 33012
x 0 33013
p 0 204 33013
x 0 33014
p 0 206 33014
x 0 33015
p 0 204 33015
x 0 33016
p 0 206 33016
x 0 33017
p 0 206 33017
x 0 33018
p 0 206 33018
x 0 33019
p 0 266 33019
x 0 33020
p 0 202 33020
x 0 33021
p 0 204 33021
x 0 33022
p 0 203 33022
x 0 33023
p 0 205 33023
x 0 33024
p 0 204 33024
x 0 33025
p 0 203 33025
x 0 33026
p 0 229 33026
x 0 33027
p 0 206 33027
x 0 33028
p 0 203 33028
x 0 33029
p 0 207 33029
x 0 33030
p 0 205 33030
x 0 33031
p 0 203 33031
x 0 33032
p 0 207 33032
x 0 33033
p 0 235 33033
x 0 33034
p 0 202 33034
x 0 33035
p 0 202 33035
x 0 33036
p 0 204 33036
x 0 33037
p 0 270 33037
x 0 33038
p 0 208 33038
x 0 33039
p 0 207 33039
x 0 33040
p 0 241 33040
x 0 33041
p 0 208 33041
x 0 33042
p 0 207 33042
x 0 33043
p 0 207 33043
x 0 33044
p 0 208 33044
x 0 33045
p 0 208 33045
x 0 33046
p 0 209 33046
x 0 33047
p 0 274 33047
x 0 33048
p 0 207 33048
x 0 33049
p 0 206 33049
x 0 33050
p 0 203 33050
x 0 33051
p 0 213 33051
x 0 33052
p 0 209 33052
x 0 33053
p 0 210 33053
x 0 33054
p 0 275 33054
x 0 33055
p 0 205 33055
x 0 33056
p 0 208 33056
x 0 33057
p 0 207 33057
x 0 33058
p 0 207 33058
x 0 33059
p 0 207 33059
x 0 33060
p 0 207 33060
x 0 33000
h 0 10.0.0.10
p 0 837 33000
x 1 33001
h 1 10.0.0.10
p 1 236 33001
x 0 33002
p 0 208 33002
x 0 33003
p 0 206 33003
x 0 33004
p 0 204 33004
x 0 33005
p 0 227 33005
x 0 33006
p 0 372 33006
x 0 33007
p 0 266 33007
x 0 33008
p 0 206 33008
x 0 33009
p 0 208 33009
x 0 33010
p 0 237 33010
x 0 33011
p 0 268 33011
x 0 33012
p 0 297 33012
x 0 33013
p 0 203 33013
x 0 33014
p 0 353 33014
x 0 33015
p 0 206 33015
x 0 33016
p 0 272 33016
x 0 33017
p 0 168 33017
x 0 33018
p 0 294 33018
x 0 33019
p 0 254 33019
x 0 33020
p 0 246 33020
x 0 33021
p 0 275 33021
x 0 33022
p 0 113 33022
x 0 33023
p 0 331 33023
x 0 33024
p 0 206 33024
x 0 33025
p 0 349 33025
x 0 33026
p 0 101 33026
x 0 33027
p 0 316 33027
x 0 33028
p 0 234 33028
x 0 33029
p 0 204 33029
x 0 33030
p 0 206 33030
x 0 33031
p 0 127 33031
x 0 33032
p 0 234 33032
x 0 33033
p 0 239 33033
x 0 33034
p 0 245 33034
x 0 33035
p 0 234 33035
x 0 33036
p 0 98 33036
x 0 33037
p 0 190 33037
x 0 33038
p 0 208 33038
x 0 33039
p 0 206 33039
x 0 33040
p 0 246 33040
x 0 33041
p 0 168 33041
x 0 33042
p 0 208 33042
x 0 33043
p 0 206 33043
x 0 33044
p 0 205 33044
x 0 33045
p 0 203 33045
x 0 33046
p 0 216 33046
x 0 33047
p 0 237 33047
x 0 33048
p 0 206 33048
x 0 33049
p 0 207 33049
x 0 33050
p 0 207 33050
x 0 33051
p 0 289 33051
x 0 33052
p 0 203 33052
x 0 33053
p 0 206 33053
x 0 33054
p 0 235 33054
x 0 33055
p 0 203 33055
x 0 33056
p 0 118 33056
x 0 33057
p 0 206 33057
x 0 33058
p 0 200 33058
x 0 33059
p 0 203 33059
x 0 33060
p 0 306 33060
x 0 33000
x 1 33001
h 0 10.0.0.10
p 0 125884 33000
x 2 33002
h 2 10.0.0.10
p 2 696 33002
x 0 33003
p 0 192 33003
h 1 10.0.0.10
p 1 1007608 33001
x 0 33004
p 0 205 33004
x 0 33005
p 0 296 33005
x 0 33006
p 0 209 33006
x 0 33007
p 0 203 33007
x 0 33008
p 0 242 33008
x 0 33009
p 0 206 33009
x 0 33010
p 0 205 33010
x 0 33011
p 0 207 33011
x 0 33012
p 0 203 33012
x 0 33013
p 0 206 33013
x 0 33014
p 0 204 33014
x 0 33015
p 0 229 33015
x 0 33016
p 0 206 33016
x 0 33017
p 0 205 33017
x 0 33018
p 0 203 33018
x 0 33019
p 0 202 33019
x 0 33020
p 0 202 33020
x 0 33021
p 0 212 33021
x 0 33022
p 0 235 33022
x 0 33023
p 0 204 33023
x 0 33024
p 0 205 33024
x 0 33025
p 0 203 33025
x 0 33026
p 0 206 33026
x 0 33027
p 0 200 33027
x 0 33028
p 0 205 33028
x 0 33029
p 0 237 33029
x 0 33030
p 0 205 33030
x 0 33031
p 0 203 33031
x 0 33032
p 0 201 33032
x 0 33033
p 0 201 33033
x 0 33034
p 0 203 33034
x 0 33035
p 0 203 33035
x 0 33036
p 0 203 33036
x 0 33037
p 0 202 33037
x 0 33038
p 0 204 33038
x 0 33039
p 0 202 33039
x 0 33040
p 0 202 33040
x 0 33041
p 0 205 33041
x 0 33042
p 0 202 33042
x 0 33043
p 0 202 33043
x 0 33044
p 0 206 33044
x 0 33045
p 0 208 33045
x 0 33046
p 0 213 33046
x 0 33047
p 0 204 33047
x 0 33048
p 0 210 33048
x 0 33049
p 0 208 33049
x 0 33050
p 0 206 33050
x 0 33051
p 0 210 33051
x 0 33052
p 0 205 33052
x 0 33053
p 0 208 33053
x 0 33054
p 0 208 33054
x 0 33055
p 0 207 33055
x 0 33056
p 0 205 33056
x 0 33057
p 0 204 33057
x 0 33058
p 0 205 33058
x 0 33059
p 0 204 33059
x 0 33060
p 0 204 33060
x 0 33061
p 0 241 33061
x 0 33000
h 0 10.0.0.10
p 0 561 33000
x 1 33001
h 1 10.0.0.10
p 1 199 33001
x 0 33002
p 0 265 33002
x 0 33003
p 0 207 33003
x 0 33004
p 0 203 33004
x 0 33005
p 0 210 33005
x 0 33006
p 0 207 33006
x 0 33007
p 0 227 33007
x 0 33008
p 0 209 33008
x 0 33009
p 0 212 33009
x 0 33010
p 0 217 33010
x 0 33011
p 0 212 33011
x 0 33012
p 0 180 33012
x 0 33013
p 0 213 33013
x 0 33014
p 0 212 33014
x 0 33015
p 0 215 33015
x 0 33016
p 0 212 33016
x 0 33017
p 0 213 33017
x 0 33018
p 0 209 33018
x 0 33019
p 0 265 33019
x 0 33020
p 0 213 33020
x 0 33021
p 0 215 33021
x 0 33022
p 0 214 33022
x 0 33023
p 0 212 33023
x 0 33024
p 0 212 33024
x 0 33025
p 0 214 33025
x 0 33026
p 0 260 33026
x 0 33027
p 0 211 33027
x 0 33028
p 0 249 33028
x 0 33029
p 0 210 33029
x 0 33030
p 0 214 33030
x 0 33031
p 0 214 33031
x 0 33032
p 0 213 33032
x 0 33033
p 0 269 33033
x 0 33034
p 0 210 33034
x 0 33035
p 0 219 33035
x 0 33036
p 0 213 33036
x 0 33037
p 0 216 33037
x 0 33038
p 0 215 33038
x 0 33039
p 0 215 33039
x 0 33040
p 0 265 33040
x 0 33041
p 0 215 33041
x 0 33042
p 0 220 33042
x 0 33043
p 0 214 33043
x 0 33044
p 0 214 33044
x 0 33045
p 0 224 33045
x 0 33046
p 0 222 33046
x 0 33047
p 0 262 33047
x 0 33048
p 0 209 33048
x 0 33049
p 0 219 33049
x 0 33050
p 0 217 33050
x 0 33051
p 0 214 33051
x 0 33052
p 0 214 33052
x 0 33053
p 0 210 33053
x 0 33054
p 0 213 33054
x 0 33055
p 0 213 33055
x 0 33056
p 0 222 33056
x 0 33057
p 0 222 33057
x 0 33058
p 0 213 33058
x 0 33059
p 0 208 33059
x 0 33060
p 0 212 33060
x 0 33000
x 1 33001
h 0 10.0.0.10
p 0 117564 33000
x 2 33002
h 2 10.0.0.10
p 2 441 33002
x 0 33003
p 0 266 33003
h 1 10.0.0.10
p 1 1001650 33001
x 0 33004
p 0 208 33004
x 0 33005
p 0 222 33005
x 0 33006
p 0 228 33006
x 0 33007
p 0 221 33007
x 0 33008
p 0 240 33008
x 0 33009
p 0 238 33009
x 0 33010
p 0 221 33010
x 0 33011
p 0 269 33011
x 0 33012
p 0 212 33012
x 0 33013
p 0 216 33013
x 0 33014
p 0 220 33014
x 0 33015
p 0 213 33015
x 0 33016
p 0 211 33016
x 0 33017
p 0 212 33017
x 0 33018
p 0 212 33018
x 0 33019
p 0 259 33019
x 0 33020
p 0 212 33020
x 0 33021
p 0 212 33021
x 0 33022
p 0 211 33022
x 0 33023
p 0 225 33023
x 0 33024
p 0 214 33024
x 0 33025
p 0 213 33025
x 0 33026
p 0 210 33026
x 0 33027
p 0 212 33027
x 0 33028
p 0 255 33028
x 0 33029
p 0 212 33029
x 0 33030
p 0 212 33030
x 0 33031
p 0 213 33031
x 0 33032
p 0 210 33032
x 0 33033
p 0 274 33033
x 0 33034
p 0 215 33034
x 0 33035
p 0 213 33035
x 0 33036
p 0 214 33036
x 0 33037
p 0 211 33037
x 0 33038
p 0 225 33038
x 0 33039
p 0 218 33039
x 0 33040
p 0 211 33040
x 0 33041
p 0 207 33041
x 0 33042
p 0 217 33042
x 0 33043
p 0 218 33043
x 0 33044
p 0 263 33044
x 0 33045
p 0 237 33045
x 0 33046
p 0 215 33046
x 0 33047
p 0 215 33047
x 0 33048
p 0 219 33048
x 0 33049
p 0 213 33049
x 0 33050
p 0 223 33050
x 0 33051
p 0 260 33051
x 0 33052
p 0 210 33052
x 0 33053
p 0 216 33053
x 0 33054
p 0 213 33054
x 0 33055
p 0 237 33055
x 0 33056
p 0 217 33056
x 0 33057
p 0 213 33057
x 0 33058
p 0 269 33058
x 0 33059
p 0 213 33059
x 0 33060
p 0 210 33060
x 0 33061
p 0 238 33061
x 0 33000
h 0 10.0.0.10
p 0 622 33000
x 1 33001
h 1 10.0.0.10
p 1 232 33001
x 0 33002
p 0 212 33002
x 0 33003
p 0 199 33003
x 0 33004
p 0 219 33004
x 0 33005
p 0 213 33005
x 0 33006
p 0 204 33006
x 0 33007
p 0 207 33007
x 0 33008
p 0 205 33008
x 0 33009
p 0 203 33009
x 0 33010
p 0 202 33010
x 0 33011
p 0 205 33011
x 0 33012
p 0 203 33012
x 0 33013
p 0 209 33013
x 0 33014
p 0 205 33014
x 0 33015
p 0 201 33015
x 0 33016
p 0 204 33016
x 0 33017
p 0 255 33017
x 0 33018
p 0 204 33018
x 0 33019
p 0 202 33019
x 0 33020
p 0 233 33020
x 0 33021
p 0 205 33021
x 0 33022
p 0 203 33022
x 0 33023
p 0 203 33023
x 0 33024
p 0 241 33024
x 0 33025
p 0 203 33025
x 0 33026
p 0 201 33026
x 0 33027
p 0 203 33027
x 0 33028
p 0 206 33028
x 0 33029
p 0 230 33029
x 0 33030
p 0 224 33030
x 0 33031
p 0 249 33031
x 0 33032
p 0 207 33032
x 0 33033
p 0 222 33033
x 0 33034
p 0 208 33034
x 0 33035
p 0 201 33035
x 0 33036
p 0 217 33036
x 0 33037
p 0 202 33037
x 0 33038
p 0 204 33038
x 0 33039
p 0 205 33039
x 0 33040
p 0 202 33040
x 0 33041
p 0 202 33041
x 0 33042
p 0 202 33042
x 0 33043
p 0 215 33043
x 0 33044
p 0 232 33044
x 0 33045
p 0 286 33045
x 0 33046
p 0 258 33046
x 0 33047
p 0 210 33047
x 0 33048
p 0 205 33048
x 0 33049
p 0 208 33049
x 0 33050
p 0 304 33050
x 0 33051
p 0 207 33051
x 0 33052
p 0 209 33052
x 0 33053
p 0 214 33053
x 0 33054
p 0 181 33054
x 0 33055
p 0 232 33055
x 0 33056
p 0 237 33056
x 0 33057
p 0 226 33057
x 0 33058
p 0 229 33058
x 0 33059
p 0 338 33059
x 0 33060
p 0 206 33060
x 0 33000
h 0 10.0.0.10
p 0 61573 33000
x 1 33001
h 1 10.0.0.10
p 1 682 33001
x 0 33002
p 0 210 33002
x 0 33003
p 0 213 33003
x 0 33004
p 0 212 33004
x 0 33005
p 0 231 33005
x 0 33006
p 0 204 33006
x 0 33007
p 0 216 33007
x 0 33008
p 0 201 33008
x 0 33009
p 0 207 33009
x 0 33010
p 0 203 33010
x 0 33011
p 0 154 33011
x 0 33012
p 0 200 33012
x 0 33013
p 0 201 33013
x 0 33014
p 0 201 33014
x 0 33015
p 0 201 33015
x 0 33016
p 0 198 33016
x 0 33017
p 0 202 33017
x 0 33018
p 0 200 33018
x 0 33019
p 0 201 33019
x 0 33020
p 0 198 33020
x 0 33021
p 0 201 33021
x 0 33022
p 0 200 33022
x 0 33023
p 0 199 33023
x 0 33024
p 0 200 33024
x 0 33025
p 0 204 33025
x 0 33026
p 0 199 33026
x 0 33027
p 0 200 33027
x 0 33028
p 0 198 33028
x 0 33029
p 0 198 33029
x 0 33030
p 0 201 33030
x 0 33031
p 0 200 33031
x 0 33032
p 0 200 33032
x 0 33033
p 0 201 33033
x 0 33034
p 0 200 33034
x 0 33035
p 0 202 33035
x 0 33036
p 0 199 33036
x 0 33037
p 0 202 33037
x 0 33038
p 0 203 33038
x 0 33039
p 0 200 33039
x 0 33040
p 0 204 33040
x 0 33041
p 0 207 33041
x 0 33042
p 0 201 33042
x 0 33043
p 0 200 33043
x 0 33044
p 0 202 33044
x 0 33045
p 0 184 33045
x 0 33046
p 0 200 33046
x 0 33047
p 0 201 33047
x 0 33048
p 0 199 33048
x 0 33049
p 0 200 33049
x 0 33050
p 0 201 33050
x 0 33051
p 0 202 33051
x 0 33052
p 0 200 33052
x 0 33053
p 0 199 33053
x 0 33054
p 0 198 33054
x 0 33055
p 0 200 33055
x 0 33056
p 0 201 33056
x 0 33057
p 0 201 33057
x 0 33058
p 0 198 33058
x 0 33059
p 0 200 33059
x 0 33060
p 0 203 33060
x 0 33000
h 0 10.0.0.10
p 0 590 33000
x 1 33001
h 1 10.0.0.10
p 1 203 33001
x 0 33002
p 0 127 33002
x 0 33003
p 0 261 33003
x 0 33004
p 0 207 33004
x 0 33005
p 0 210 33005
x 0 33006
p 0 212 33006
x 0 33007
p 0 206 33007
x 0 33008
p 0 206 33008
x 0 33009
p 0 208 33009
x 0 33010
p 0 186 33010
x 0 33011
p 0 210 33011
x 0 33012
p 0 205 33012
x 0 33013
p 0 184 33013
x 0 33014
p 0 206 33014
x 0 33015
p 0 207 33015
x 0 33016
p 0 213 33016
x 0 33017
p 0 210 33017
x 0 33018
p 0 183 33018
x 0 33019
p 0 209 33019
x 0 33020
p 0 211 33020
x 0 33021
p 0 210 33021
x 0 33022
p 0 205 33022
x 0 33023
p 0 206 33023
x 0 33024
p 0 211 33024
x 0 33025
p 0 208 33025
x 0 33026
p 0 211 33026
x 0 33027
p 0 207 33027
x 0 33028
p 0 203 33028
x 0 33029
p 0 168 33029
x 0 33030
p 0 208 33030
x 0 33031
p 0 212 33031
x 0 33032
p 0 194 33032
x 0 33033
p 0 183 33033
x 0 33034
p 0 213 33034
x 0 33035
p 0 212 33035
x 0 33036
p 0 216 33036
x 0 33037
p 0 226 33037
x 0 33038
p 0 207 33038
x 0 33039
p 0 203 33039
x 0 33040
p 0 210 33040
x 0 33041
p 0 210 33041
x 0 33042
p 0 208 33042
x 0 33043
p 0 207 33043
x 0 33044
p 0 212 33044
x 0 33045
p 0 209 33045
x 0 33046
p 0 215 33046
x 0 33047
p 0 396 33047
x 0 33048
p 0 207 33048
x 0 33049
p 0 205 33049
x 0 33050
p 0 242 33050
x 0 33051
p 0 210 33051
x 0 33052
p 0 208 33052
x 0 33053
p 0 180 33053
x 0 33054
p 0 208 33054
x 0 33055
p 0 209 33055
x 0 33056
p 0 211 33056
x 0 33057
p 0 183 33057
x 0 33058
p 0 209 33058
x 0 33059
p 0 205 33059
x 0 33060
p 0 205 33060
x 0 33000
h 0 10.0.0.10
p 0 59571 33000
x 1 33001
h 1 10.0.0.10
p 1 476 33001
x 0 33002
p 0 114 33002
x 0 33003
p 0 214 33003
x 0 33004
p 0 242 33004
x 0 33005
p 0 205 33005
x 0 33006
p 0 204 33006
x 0 33007
p 0 195 33007
x 0 33008
p 0 136 33008
x 0 33009
p 0 211 33009
x 0 33010
p 0 210 33010
x 0 33011
p 0 207 33011
x 0 33012
p 0 210 33012
x 0 33013
p 0 187 33013
x 0 33014
p 0 209 33014
x 0 33015
p 0 207 33015
x 0 33016
p 0 210 33016
x 0 33017
p 0 205 33017
x 0 33018
p 0 208 33018
x 0 33019
p 0 214 33019
x 0 33020
p 0 206 33020
x 0 33021
p 0 207 33021
x 0 33022
p 0 206 33022
x 0 33023
p 0 211 33023
x 0 33024
p 0 211 33024
x 0 33025
p 0 207 33025
x 0 33026
p 0 268 33026
x 0 33027
p 0 207 33027
x 0 33028
p 0 210 33028
x 0 33029
p 0 205 33029
x 0 33030
p 0 211 33030
x 0 33031
p 0 207 33031
x 0 33032
p 0 209 33032
x 0 33033
p 0 264 33033
x 0 33034
p 0 209 33034
x 0 33035
p 0 207 33035
x 0 33036
p 0 209 33036
x 0 33037
p 0 213 33037
x 0 33038
p 0 212 33038
x 0 33039
p 0 209 33039
x 0 33040
p 0 228 33040
x 0 33041
p 0 208 33041
x 0 33042
p 0 210 33042
x 0 33043
p 0 208 33043
x 0 33044
p 0 204 33044
x 0 33045
p 0 205 33045
x 0 33046
p 0 207 33046
x 0 33047
p 0 208 33047
x 0 33048
p 0 206 33048
x 0 33049
p 0 202 33049
x 0 33050
p 0 206 33050
x 0 33051
p 0 276 33051
x 0 33052
p 0 187 33052
x 0 33053
p 0 211 33053
x 0 33054
p 0 247 33054
x 0 33055
p 0 587 33055
x 0 33056
p 0 207 33056
x 0 33057
p 0 208 33057
x 0 33058
p 0 207 33058
x 0 33059
p 0 207 33059
x 0 33060
p 0 206 33060
x 0 33000
h 0 10.0.0.10
p 0 724 33000
x 1 33001
h 1 10.0.0.10
p 1 156 33001
x 0 33002
p 0 172 33002
x 0 33003
p 0 185 33003
x 0 33004
p 0 164 33004
x 0 33005
p 0 157 33005
x 0 33006
p 0 235 33006
x 0 33007
p 0 235 33007
x 0 33008
p 0 209 33008
x 0 33009
p 0 202 33009
x 0 33010
p 0 204 33010
x 0 33011
p 0 204 33011
x 0 33012
p 0 206 33012
x 0 33013
p 0 202 33013
x 0 33014
p 0 202 33014
x 0 33015
p 0 199 33015
x 0 33016
p 0 201 33016
x 0 33017
p 0 207 33017
x 0 33018
p 0 201 33018
x 0 33019
p 0 223 33019
x 0 33020
p 0 202 33020
x 0 33021
p 0 203 33021
x 0 33022
p 0 207 33022
x 0 33023
p 0 206 33023
x 0 33024
p 0 203 33024
x 0 33025
p 0 201 33025
x 0 33026
p 0 204 33026
x 0 33027
p 0 204 33027
x 0 33028
p 0 207 33028
x 0 33029
p 0 203 33029
x 0 33030
p 0 202 33030
x 0 33031
p 0 199 33031
x 0 33032
p 0 206 33032
x 0 33033
p 0 206 33033
x 0 33034
p 0 206 33034
x 0 33035
p 0 205 33035
x 0 33036
p 0 204 33036
x 0 33037
p 0 210 33037
x 0 33038
p 0 211 33038
x 0 33039
p 0 204 33039
x 0 33040
p 0 205 33040
x 0 33041
p 0 204 33041
x 0 33042
p 0 209 33042
x 0 33043
p 0 205 33043
x 0 33044
p 0 200 33044
x 0 33045
p 0 206 33045
x 0 33046
p 0 207 33046
x 0 33047
p 0 207 33047
x 0 33048
p 0 207 33048
x 0 33049
p 0 203 33049
x 0 33050
p 0 204 33050
x 0 33051
p 0 203 33051
x 0 33052
p 0 205 33052
x 0 33053
p 0 208 33053
x 0 33054
p 0 203 33054
x 0 33055
p 0 202 33055
x 0 33056
p 0 204 33056
x 0 33057
p 0 210 33057
x 0 33058
p 0 210 33058
x 0 33059
p 0 207 33059
x 0 33060
p 0 205 33060
x 0 33000
h 0 10.0.0.10
p 0 67547 33000
x 1 33001
h 1 10.0.0.10
p 1 779 33001
x 0 33002
p 0 213 33002
x 0 33003
p 0 206 33003
x 0 33004
p 0 205 33004
x 0 33005
p 0 212 33005
x 0 33006
p 0 205 33006
x 0 33007
p 0 218 33007
x 0 33008
p 0 202 33008
x 0 33009
p 0 208 33009
x 0 33010
p 0 227 33010
x 0 33011
p 0 203 33011
x 0 33012
p 0 202 33012
x 0 33013
p 0 203 33013
x 0 33014
p 0 200 33014
x 0 33015
p 0 205 33015
x 0 33016
p 0 200 33016
x 0 33017
p 0 200 33017
x 0 33018
p 0 202 33018
x 0 33019
p 0 202 33019
x 0 33020
p 0 202 33020
x 0 33021
p 0 203 33021
x 0 33022
p 0 201 33022
x 0 33023
p 0 199 33023
x 0 33024
p 0 256 33024
x 0 33025
p 0 202 33025
x 0 33026
p 0 206 33026
x 0 33027
p 0 200 33027
x 0 33028
p 0 204 33028
x 0 33029
p 0 200 33029
x 0 33030
p 0 205 33030
x 0 33031
p 0 262 33031
x 0 33032
p 0 212 33032
x 0 33033
p 0 203 33033
x 0 33034
p 0 237 33034
x 0 33035
p 0 205 33035
x 0 33036
p 0 205 33036
x 0 33037
p 0 204 33037
x 0 33038
p 0 205 33038
x 0 33039
p 0 202 33039
x 0 33040
p 0 207 33040
x 0 33041
p 0 233 33041
x 0 33042
p 0 201 33042
x 0 33043
p 0 204 33043
x 0 33044
p 0 202 33044
x 0 33045
p 0 204 33045
x 0 33046
p 0 202 33046
x 0 33047
p 0 199 33047
x 0 33048
p 0 201 33048
x 0 33049
p 0 202 33049
x 0 33050
p 0 205 33050
x 0 33051
p 0 201 33051
x 0 33052
p 0 204 33052
x 0 33053
p 0 201 33053
x 0 33054
p 0 202 33054
x 0 33055
p 0 208 33055
x 0 33056
p 0 203 33056
x 0 33057
p 0 202 33057
x 0 33058
p 0 204 33058
x 0 33059
p 0 203 33059
x 0 33060
p 0 232 33060
x 0 33000
h 0 10.0.0.10
p 0 1547 33000
x 1 33001
h 1 10.0.0.10
p 1 198 33001
x 0 33002
p 0 218 33002
x 0 33003
p 0 201 33003
x 0 33004
p 0 181 33004
x 0 33005
p 0 178 33005
x 0 33006
p 0 177 33006
x 0 33007
p 0 170 33007
x 0 33008
p 0 171 33008
x 0 33009
p 0 180 33009
x 0 33010
p 0 179 33010
x 0 33011
p 0 178 33011
x 0 33012
p 0 175 33012
x 0 33013
p 0 168 33013
x 0 33014
p 0 170 33014
x 0 33015
p 0 173 33015
x 0 33016
p 0 168 33016
x 0 33017
p 0 169 33017
x 0 33018
p 0 165 33018
x 0 33019
p 0 175 33019
x 0 33020
p 0 168 33020
x 0 33021
p 0 182 33021
x 0 33022
p 0 177 33022
x 0 33023
p 0 170 33023
x 0 33024
p 0 171 33024
x 0 33025
p 0 167 33025
x 0 33026
p 0 173 33026
x 0 33027
p 0 169 33027
x 0 33028
p 0 167 33028
x 0 33029
p 0 165 33029
x 0 33030
p 0 167 33030
x 0 33031
p 0 167 33031
x 0 33032
p 0 266 33032
x 0 33033
p 0 163 33033
x 0 33034
p 0 168 33034
x 0 33035
p 0 163 33035
x 0 33036
p 0 169 33036
x 0 33037
p 0 168 33037
x 0 33038
p 0 164 33038
x 0 33039
p 0 206 33039
x 0 33040
p 0 211 33040
x 0 33041
p 0 209 33041
x 0 33042
p 0 207 33042
x 0 33043
p 0 164 33043
x 0 33044
p 0 165 33044
x 0 33045
p 0 164 33045
x 0 33046
p 0 166 33046
x 0 33047
p 0 178 33047
x 0 33048
p 0 164 33048
x 0 33049
p 0 165 33049
x 0 33050
p 0 162 33050
x 0 33051
p 0 154 33051
x 0 33052
p 0 154 33052
x 0 33053
p 0 149 33053
x 0 33054
p 0 164 33054
x 0 33055
p 0 160 33055
x 0 33056
p 0 153 33056
x 0 33057
p 0 383 33057
x 0 33058
p 0 143 33058
x 0 33059
p 0 141 33059
x 0 33060
p 0 206 33060
x 0 33000
x 1 33001
x 2 33002
x 3 33003
h 0 10.0.0.10
p 0 341308 33000
x 4 33004
h 4 10.0.0.10
p 4 660 33004
h 1 10.0.0.10
p 1 343651 33001
h 2 10.0.0.10
p 2 249783 33002
h 3 10.0.0.10
p 3 153764 33003
x 0 33005
p 0 204 33005
x 0 33006
p 0 200 33006
x 0 33007
p 0 201 33007
x 0 33008
p 0 205 33008
x 0 33009
p 0 171 33009
x 0 33010
p 0 139 33010
x 0 33011
p 0 209 33011
x 0 33012
p 0 207 33012
x 0 33013
p 0 208 33013
x 0 33014
p 0 203 33014
x 0 33015
p 0 205 33015
x 0 33016
p 0 206 33016
x 0 33017
p 0 204 33017
x 0 33018
p 0 207 33018
x 0 33019
p 0 207 33019
x 0 33020
p 0 237 33020
x 0 33021
p 0 209 33021
x 0 33022
p 0 207 33022
x 0 33023
p 0 208 33023
x 0 33024
p 0 204 33024
x 0 33025
p 0 202 33025
x 0 33026
p 0 207 33026
x 0 33027
p 0 231 33027
x 0 33028
p 0 208 33028
x 0 33029
p 0 93 33029
x 0 33030
p 0 210 33030
x 0 33031
p 0 207 33031
x 0 33032
p 0 207 33032
x 0 33033
p 0 207 33033
x 0 33034
p 0 206 33034
x 0 33035
p 0 206 33035
x 0 33036
p 0 207 33036
x 0 33037
p 0 205 33037
x 0 33038
p 0 206 33038
x 0 33039
p 0 207 33039
x 0 33040
p 0 206 33040
x 0 33041
p 0 208 33041
x 0 33042
p 0 201 33042
x 0 33043
p 0 207 33043
x 0 33044
p 0 207 33044
x 0 33045
p 0 207 33045
x 0 33046
p 0 209 33046
x 0 33047
p 0 206 33047
x 0 33048
p 0 205 33048
x 0 33049
p 0 191 33049
x 0 33050
p 0 209 33050
x 0 33051
p 0 207 33051
x 0 33052
p 0 207 33052
x 0 33053
p 0 211 33053
x 0 33054
p 0 212 33054
x 0 33055
p 0 209 33055
x 0 33056
p 0 204 33056
x 0 33057
p 0 205 33057
x 0 33058
p 0 206 33058
x 0 33059
p 0 203 33059
x 0 33060
p 0 203 33060
x 0 33061
p 0 204 33061
x 0 33062
p 0 203 33062
x 0 33063
p 0 272 33063
x 0 33000
h 0 10.0.0.10
p 0 627 33000
x 1 33001
h 1 10.0.0.10
p 1 331 33001
x 0 33002
p 0 149 33002
x 0 33003
p 0 233 33003
x 0 33004
p 0 229 33004
x 0 33005
p 0 241 33005
x 0 33006
p 0 207 33006
x 0 33007
p 0 212 33007
x 0 33008
p 0 236 33008
x 0 33009
p 0 238 33009
x 0 33010
p 0 185 33010
x 0 33011
p 0 185 33011
x 0 33012
p 0 209 33012
x 0 33013
p 0 211 33013
x 0 33014
p 0 205 33014
x 0 33015
p 0 204 33015
x 0 33016
p 0 303 33016
x 0 33017
p 0 214 33017
x 0 33018
p 0 207 33018
x 0 33019
p 0 206 33019
x 0 33020
p 0 340 33020
x 0 33021
p 0 214 33021
x 0 33022
p 0 296 33022
x 0 33023
p 0 209 33023
x 0 33024
p 0 210 33024
x 0 33025
p 0 211 33025
x 0 33026
p 0 305 33026
x 0 33027
p 0 287 33027
x 0 33028
p 0 212 33028
x 0 33029
p 0 208 33029
x 0 33030
p 0 208 33030
x 0 33031
p 0 212 33031
x 0 33032
p 0 212 33032
x 0 33033
p 0 209 33033
x 0 33034
p 0 208 33034
x 0 33035
p 0 209 33035
x 0 33036
p 0 208 33036
x 0 33037
p 0 215 33037
x 0 33038
p 0 208 33038
x 0 33039
p 0 207 33039
x 0 33040
p 0 213 33040
x 0 33041
p 0 220 33041
x 0 33042
p 0 209 33042
x 0 33043
p 0 178 33043
x 0 33044
p 0 206 33044
x 0 33045
p 0 208 33045
x 0 33046
p 0 240 33046
x 0 33047
p 0 209 33047
x 0 33048
p 0 212 33048
x 0 33049
p 0 203 33049
x 0 33050
p 0 208 33050
x 0 33051
p 0 212 33051
x 0 33052
p 0 210 33052
x 0 33053
p 0 215 33053
x 0 33054
p 0 205 33054
x 0 33055
p 0 286 33055
x 0 33056
p 0 211 33056
x 0 33057
p 0 211 33057
x 0 33058
p 0 210 33058
x 0 33059
p 0 176 33059
x 0 33060
p 0 213 33060
x 0 33000
h 0 10.0.0.10
p 0 58522 33000
x 1 33001
h 1 10.0.0.10
p 1 620 33001
x 0 33002
p 0 209 33002
x 0 33003
p 0 205 33003
x 0 33004
p 0 205 33004
x 0 33005
p 0 209 33005
x 0 33006
p 0 206 33006
x 0 33007
p 0 207 33007
x 0 33008
p 0 213 33008
x 0 33009
p 0 215 33009
x 0 33010
p 0 209 33010
x 0 33011
p 0 213 33011
x 0 33012
p 0 209 33012
x 0 33013
p 0 210 33013
x 0 33014
p 0 211 33014
x 0 33015
p 0 214 33015
x 0 33016
p 0 210 33016
x 0 33017
p 0 212 33017
x 0 33018
p 0 240 33018
x 0 33019
p 0 214 33019
x 0 33020
p 0 272 33020
x 0 33021
p 0 208 33021
x 0 33022
p 0 210 33022
x 0 33023
p 0 210 33023
x 0 33024
p 0 209 33024
x 0 33025
p 0 211 33025
x 0 33026
p 0 217 33026
x 0 33027
p 0 212 33027
x 0 33028
p 0 207 33028
x 0 33029
p 0 211 33029
x 0 33030
p 0 215 33030
x 0 33031
p 0 210 33031
x 0 33032
p 0 210 33032
x 0 33033
p 0 208 33033
x 0 33034
p 0 210 33034
x 0 33035
p 0 211 33035
x 0 33036
p 0 214 33036
x 0 33037
p 0 209 33037
x 0 33038
p 0 205 33038
x 0 33039
p 0 213 33039
x 0 33040
p 0 211 33040
x 0 33041
p 0 214 33041
x 0 33042
p 0 210 33042
x 0 33043
p 0 211 33043
x 0 33044
p 0 209 33044
x 0 33045
p 0 253 33045
x 0 33046
p 0 209 33046
x 0 33047
p 0 207 33047
x 0 33048
p 0 207 33048
x 0 33049
p 0 209 33049
x 0 33050
p 0 211 33050
x 0 33051
p 0 209 33051
x 0 33052
p 0 211 33052
x 0 33053
p 0 210 33053
x 0 33054
p 0 212 33054
x 0 33055
p 0 210 33055
x 0 33056
p 0 209 33056
x 0 33057
p 0 211 33057
x 0 33058
p 0 207 33058
x 0 33059
p 0 207 33059
x 0 33060
p 0 209 33060
x 0 33000
h 0 10.0.0.10
p 0 481 33000
x 1 33001
h 1 10.0.0.10
p 1 204 33001
x 0 33002
p 0 211 33002
x 0 33003
p 0 206 33003
x 0 33004
p 0 210 33004
x 0 33005
p 0 207 33005
x 0 33006
p 0 250 33006
x 0 33007
p 0 203 33007
x 0 33008
p 0 173 33008
x 0 33009
p 0 207 33009
x 0 33010
p 0 204 33010
x 0 33011
p 0 205 33011
x 0 33012
p 0 58 33012
x 0 33013
p 0 165 33013
x 0 33014
p 0 170 33014
x 0 33015
p 0 169 33015
x 0 33016
p 0 172 33016
x 0 33017
p 0 167 33017
x 0 33018
p 0 165 33018
x 0 33019
p 0 170 33019
x 0 33020
p 0 173 33020
x 0 33021
p 0 169 33021
x 0 33022
p 0 169 33022
x 0 33023
p 0 208 33023
x 0 33024
p 0 207 33024
x 0 33025
p 0 215 33025
x 0 33026
p 0 214 33026
x 0 33027
p 0 211 33027
x 0 33028
p 0 207 33028
x 0 33029
p 0 210 33029
x 0 33030
p 0 210 33030
x 0 33031
p 0 250 33031
x 0 33032
p 0 206 33032
x 0 33033
p 0 207 33033
x 0 33034
p 0 207 33034
x 0 33035
p 0 178 33035
x 0 33036
p 0 179 33036
x 0 33037
p 0 206 33037
x 0 33038
p 0 203 33038
x 0 33039
p 0 182 33039
x 0 33040
p 0 207 33040
x 0 33041
p 0 183 33041
x 0 33042
p 0 205 33042
x 0 33043
p 0 173 33043
x 0 33044
p 0 204 33044
x 0 33045
p 0 205 33045
x 0 33046
p 0 208 33046
x 0 33047
p 0 207 33047
x 0 33048
p 0 175 33048
x 0 33049
p 0 206 33049
x 0 33050
p 0 204 33050
x 0 33051
p 0 208 33051
x 0 33052
p 0 204 33052
x 0 33053
p 0 155 33053
x 0 33054
p 0 162 33054
x 0 33055
p 0 166 33055
x 0 33056
p 0 158 33056
x 0 33057
p 0 208 33057
x 0 33058
p 0 210 33058
x 0 33059
p 0 177 33059
x 0 33060
p 0 205 33060
x 0 33000
h 0 10.0.0.10
p 0 59184 33000
x 1 33001
h 1 10.0.0.10
p 1 861 33001
x 0 33002
p 0 213 33002
x 0 33003
p 0 208 33003
x 0 33004
p 0 212 33004
x 0 33005
p 0 207 33005
x 0 33006
p 0 203 33006
x 0 33007
p 0 213 33007
x 0 33008
p 0 206 33008
x 0 33009
p 0 205 33009
x 0 33010
p 0 204 33010
x 0 33011
p 0 205 33011
x 0 33012
p 0 206 33012
x 0 33013
p 0 202 33013
x 0 33014
p 0 206 33014
x 0 33015
p 0 203 33015
x 0 33016
p 0 205 33016
x 0 33017
p 0 205 33017
x 0 33018
p 0 205 33018
x 0 33019
p 0 203 33019
x 0 33020
p 0 205 33020
x 0 33021
p 0 204 33021
x 0 33022
p 0 205 33022
x 0 33023
p 0 202 33023
x 0 33024
p 0 206 33024
x 0 33025
p 0 202 33025
x 0 33026
p 0 180 33026
x 0 33027
p 0 205 33027
x 0 33028
p 0 208 33028
x 0 33029
p 0 177 33029
x 0 33030
p 0 203 33030
x 0 33031
p 0 203 33031
x 0 33032
p 0 208 33032
x 0 33033
p 0 201 33033
x 0 33034
p 0 199 33034
x 0 33035
p 0 203 33035
x 0 33036
p 0 205 33036
x 0 33037
p 0 182 33037
x 0 33038
p 0 317 33038
x 0 33039
p 0 226 33039
x 0 33040
p 0 205 33040
x 0 33041
p 0 205 33041
x 0 33042
p 0 208 33042
x 0 33043
p 0 204 33043
x 0 33044
p 0 207 33044
x 0 33045
p 0 179 33045
x 0 33046
p 0 231 33046
x 0 33047
p 0 182 33047
x 0 33048
p 0 204 33048
x 0 33049
p 0 205 33049
x 0 33050
p 0 200 33050
x 0 33051
p 0 172 33051
x 0 33052
p 0 208 33052
x 0 33053
p 0 202 33053
x 0 33054
p 0 233 33054
x 0 33055
p 0 202 33055
x 0 33056
p 0 171 33056
x 0 33057
p 0 207 33057
x 0 33058
p 0 173 33058
x 0 33059
p 0 179 33059
x 0 33060
p 0 205 33060
x 0 33000
h 0 10.0.0.10
p 0 509 33000
x 1 33001
h 1 10.0.0.10
p 1 169 33001
x 0 33002
p 0 191 33002
x 0 33003
p 0 212 33003
x 0 33004
p 0 216 33004
x 0 33005
p 0 214 33005
x 0 33006
p 0 214 33006
x 0 33007
p 0 221 33007
x 0 33008
p 0 245 33008
x 0 33009
p 0 266 33009
x 0 33010
p 0 182 33010
x 0 33011
p 0 180 33011
x 0 33012
p 0 178 33012
x 0 33013
p 0 206 33013
x 0 33014
p 0 207 33014
x 0 33015
p 0 177 33015
x 0 33016
p 0 210 33016
x 0 33017
p 0 213 33017
x 0 33018
p 0 185 33018
x 0 33019
p 0 183 33019
x 0 33020
p 0 177 33020
x 0 33021
p 0 181 33021
x 0 33022
p 0 182 33022
x 0 33023
p 0 173 33023
x 0 33024
p 0 174 33024
x 0 33025
p 0 217 33025
x 0 33026
p 0 251 33026
x 0 33027
p 0 223 33027
x 0 33028
p 0 212 33028
x 0 33029
p 0 221 33029
x 0 33030
p 0 215 33030
x 0 33031
p 0 217 33031
x 0 33032
p 0 217 33032
x 0 33033
p 0 214 33033
x 0 33034
p 0 216 33034
x 0 33035
p 0 215 33035
x 0 33036
p 0 214 33036
x 0 33037
p 0 217 33037
x 0 33038
p 0 215 33038
x 0 33039
p 0 217 33039
x 0 33040
p 0 239 33040
x 0 33041
p 0 215 33041
x 0 33042
p 0 218 33042
x 0 33043
p 0 217 33043
x 0 33044
p 0 216 33044
x 0 33045
p 0 215 33045
x 0 33046
p 0 212 33046
x 0 33047
p 0 218 33047
x 0 33048
p 0 213 33048
x 0 33049
p 0 223 33049
x 0 33050
p 0 216 33050
x 0 33051
p 0 210 33051
x 0 33052
p 0 215 33052
x 0 33053
p 0 213 33053
x 0 33054
p 0 216 33054
x 0 33055
p 0 213 33055
x 0 33056
p 0 204 33056
x 0 33057
p 0 215 33057
x 0 33058
p 0 213 33058
x 0 33059
p 0 195 33059
x 0 33060
p 0 210 33060
x 0 33000
h 0 10.0.0.10
p 0 58275 33000
x 1 33001
h 1 10.0.0.10
p 1 630 33001
x 0 33002
p 0 141 33002
x 0 33003
p 0 206 33003
x 0 33004
p 0 205 33004
x 0 33005
p 0 207 33005
x 0 33006
p 0 204 33006
x 0 33007
p 0 205 33007
x 0 33008
p 0 205 33008
x 0 33009
p 0 207 33009
x 0 33010
p 0 205 33010
x 0 33011
p 0 206 33011
x 0 33012
p 0 202 33012
x 0 33013
p 0 206 33013
x 0 33014
p 0 200 33014
x 0 33015
p 0 203 33015
x 0 33016
p 0 206 33016
x 0 33017
p 0 203 33017
x 0 33018
p 0 198 33018
x 0 33019
p 0 203 33019
x 0 33020
p 0 208 33020
x 0 33021
p 0 205 33021
x 0 33022
p 0 200 33022
x 0 33023
p 0 200 33023
x 0 33024
p 0 202 33024
x 0 33025
p 0 204 33025
x 0 33026
p 0 143 33026
x 0 33027
p 0 207 33027
x 0 33028
p 0 199 33028
x 0 33029
p 0 205 33029
x 0 33030
p 0 217 33030
x 0 33031
p 0 216 33031
x 0 33032
p 0 205 33032
x 0 33033
p 0 201 33033
x 0 33034
p 0 203 33034
x 0 33035
p 0 148 33035
x 0 33036
p 0 258 33036
x 0 33037
p 0 210 33037
x 0 33038
p 0 217 33038
x 0 33039
p 0 203 33039
x 0 33040
p 0 214 33040
x 0 33041
p 0 164 33041
x 0 33042
p 0 200 33042
x 0 33043
p 0 241 33043
x 0 33044
p 0 205 33044
x 0 33045
p 0 210 33045
x 0 33046
p 0 213 33046
x 0 33047
p 0 254 33047
x 0 33048
p 0 204 33048
x 0 33049
p 0 203 33049
x 0 33050
p 0 244 33050
x 0 33051
p 0 208 33051
x 0 33052
p 0 200 33052
x 0 33053
p 0 203 33053
x 0 33054
p 0 199 33054
x 0 33055
p 0 207 33055
x 0 33056
p 0 212 33056
x 0 33057
p 0 251 33057
x 0 33058
p 0 203 33058
x 0 33059
p 0 202 33059
x 0 33060
p 0 208 33060
x 0 33000
h 0 10.0.0.10
p 0 1176 33000
x 1 33001
h 1 10.0.0.10
p 1 206 33001
x 0 33002
p 0 206 33002
x 0 33003
p 0 232 33003
x 0 33004
p 0 199 33004
x 0 33005
p 0 181 33005
x 0 33006
p 0 183 33006
x 0 33007
p 0 214 33007
x 0 33008
p 0 211 33008
x 0 33009
p 0 208 33009
x 0 33010
p 0 208 33010
x 0 33011
p 0 210 33011
x 0 33012
p 0 210 33012
x 0 33013
p 0 209 33013
x 0 33014
p 0 206 33014
x 0 33015
p 0 211 33015
x 0 33016
p 0 211 33016
x 0 33017
p 0 208 33017
x 0 33018
p 0 210 33018
x 0 33019
p 0 219 33019
x 0 33020
p 0 213 33020
x 0 33021
p 0 209 33021
x 0 33022
p 0 209 33022
x 0 33023
p 0 205 33023
x 0 33024
p 0 205 33024
x 0 33025
p 0 209 33025
x 0 33026
p 0 205 33026
x 0 33027
p 0 207 33027
x 0 33028
p 0 208 33028
x 0 33029
p 0 205 33029
x 0 33030
p 0 210 33030
x 0 33031
p 0 206 33031
x 0 33032
p 0 208 33032
x 0 33033
p 0 204 33033
x 0 33034
p 0 207 33034
x 0 33035
p 0 208 33035
x 0 33036
p 0 210 33036
x 0 33037
p 0 161 33037
x 0 33038
p 0 159 33038
x 0 33039
p 0 162 33039
x 0 33040
p 0 202 33040
x 0 33041
p 0 206 33041
x 0 33042
p 0 207 33042
x 0 33043
p 0 205 33043
x 0 33044
p 0 160 33044
x 0 33045
p 0 172 33045
x 0 33046
p 0 209 33046
x 0 33047
p 0 209 33047
x 0 33048
p 0 213 33048
x 0 33049
p 0 205 33049
x 0 33050
p 0 205 33050
x 0 33051
p 0 269 33051
x 0 33052
p 0 165 33052
x 0 33053
p 0 159 33053
x 0 33054
p 0 157 33054
x 0 33055
p 0 175 33055
x 0 33056
p 0 172 33056
x 0 33057
p 0 167 33057
x 0 33058
p 0 171 33058
x 0 33059
p 0 207 33059
x 0 33060
p 0 167 33060
