-----------------------------------------------------------
Server listening on 84
-----------------------------------------------------------
Accepted connection from 10.0.0.4, port 36256
[  5] local 10.0.0.12 port 84 connected to 10.0.0.4 port 36322
[ ID] Interval           Transfer     Bitrate
[  5]   0.00-1.00   sec  35.9 MBytes   301 Mbits/sec                  
[  5]   1.00-2.00   sec  41.0 MBytes   344 Mbits/sec                  
[  5]   2.00-3.00   sec  42.9 MBytes   360 Mbits/sec                  
[  5]   3.00-4.00   sec  42.8 MBytes   359 Mbits/sec                  
[  5]   4.00-5.00   sec  42.8 MBytes   359 Mbits/sec                  
[  5]   5.00-6.00   sec  43.1 MBytes   362 Mbits/sec                  
[  5]   6.00-7.00   sec  42.4 MBytes   356 Mbits/sec                  
[  5]   7.00-8.00   sec  43.0 MBytes   361 Mbits/sec                  
[  5]   8.00-9.00   sec  38.9 MBytes   326 Mbits/sec                  
[  5]   9.00-10.00  sec  31.0 MBytes   260 Mbits/sec                  
[  5]  10.00-11.00  sec  30.9 MBytes   259 Mbits/sec                  
[  5]  11.00-12.00  sec  27.8 MBytes   233 Mbits/sec                  
[  5]  12.00-13.00  sec  26.6 MBytes   223 Mbits/sec                  
[  5]  13.00-14.00  sec  26.3 MBytes   221 Mbits/sec                  
[  5]  14.00-15.00  sec  26.3 MBytes   221 Mbits/sec                  
[  5]  15.00-16.00  sec  26.5 MBytes   223 Mbits/sec                  
[  5]  16.00-17.00  sec  26.4 MBytes   222 Mbits/sec                  
[  5]  17.00-18.00  sec  26.5 MBytes   223 Mbits/sec                  
[  5]  18.00-19.00  sec  25.5 MBytes   214 Mbits/sec                  
[  5]  19.00-20.00  sec  25.5 MBytes   214 Mbits/sec                  
[  5]  20.00-21.00  sec  25.4 MBytes   213 Mbits/sec                  
[  5]  21.00-22.00  sec  25.5 MBytes   214 Mbits/sec                  
[  5]  22.00-23.00  sec  25.6 MBytes   215 Mbits/sec                  
[  5]  23.00-24.00  sec  25.3 MBytes   212 Mbits/sec                  
[  5]  24.00-25.00  sec  25.5 MBytes   214 Mbits/sec                  
[  5]  25.00-26.00  sec  25.5 MBytes   214 Mbits/sec                  
[  5]  26.00-27.00  sec  25.4 MBytes   213 Mbits/sec                  
[  5]  27.00-28.00  sec  25.3 MBytes   212 Mbits/sec                  
[  5]  28.00-29.00  sec  25.5 MBytes   214 Mbits/sec                  
[  5]  29.00-30.00  sec  25.4 MBytes   213 Mbits/sec                  
[  5]  30.00-31.00  sec  25.5 MBytes   214 Mbits/sec                  
[  5]  31.00-32.00  sec  25.2 MBytes   212 Mbits/sec                  
[  5]  32.00-33.00  sec  32.1 MBytes   270 Mbits/sec                  
[  5]  33.00-34.00  sec  36.0 MBytes   302 Mbits/sec                  
[  5]  34.00-35.00  sec  34.1 MBytes   286 Mbits/sec                  
[  5]  35.00-36.00  sec  33.5 MBytes   281 Mbits/sec                  
[  5]  36.00-37.00  sec  33.7 MBytes   283 Mbits/sec                  
[  5]  37.00-38.00  sec  34.2 MBytes   287 Mbits/sec                  
[  5]  38.00-39.00  sec  33.7 MBytes   283 Mbits/sec                  
[  5]  39.00-40.00  sec  34.0 MBytes   285 Mbits/sec                  
[  5]  40.00-41.00  sec  34.1 MBytes   286 Mbits/sec                  
[  5]  41.00-42.00  sec  34.1 MBytes   286 Mbits/sec                  
[  5]  42.00-43.00  sec  34.1 MBytes   286 Mbits/sec                  
[  5]  43.00-44.00  sec  34.1 MBytes   286 Mbits/sec                  
[  5]  44.00-45.00  sec  34.1 MBytes   286 Mbits/sec                  
[  5]  45.00-46.00  sec  33.9 MBytes   285 Mbits/sec                  
[  5]  46.00-47.00  sec  34.4 MBytes   288 Mbits/sec                  
[  5]  47.00-48.00  sec  33.6 MBytes   281 Mbits/sec                  
[  5]  48.00-49.00  sec  34.2 MBytes   287 Mbits/sec                  
[  5]  49.00-50.00  sec  34.1 MBytes   286 Mbits/sec                  
[  5]  50.00-51.00  sec  34.1 MBytes   286 Mbits/sec                  
[  5]  51.00-52.00  sec  34.1 MBytes   286 Mbits/sec                  
[  5]  52.00-53.00  sec  33.8 MBytes   284 Mbits/sec                  
[  5]  53.00-54.00  sec  33.6 MBytes   282 Mbits/sec                  
[  5]  54.00-55.00  sec  34.1 MBytes   286 Mbits/sec                  
[  5]  55.00-56.00  sec  34.2 MBytes   287 Mbits/sec                  
[  5]  56.00-57.00  sec  33.4 MBytes   280 Mbits/sec                  
[  5]  57.00-58.00  sec  34.1 MBytes   286 Mbits/sec                  
[  5]  58.00-59.00  sec  34.0 MBytes   285 Mbits/sec                  
[  5]  59.00-60.00  sec  85.9 MBytes   720 Mbits/sec                  
[  5]  60.00-60.00  sec   445 KBytes   915 Mbits/sec                  
- - - - - - - - - - - - - - - - - - - - - - - - -
[ ID] Interval           Transfer     Bitrate
[  5]   0.00-60.00  sec  1.93 GBytes   277 Mbits/sec                  receiver
-----------------------------------------------------------
Server listening on 84
-----------------------------------------------------------
Accepted connection from 10.0.0.4, port 36354
[  5] local 10.0.0.12 port 84 connected to 10.0.0.4 port 36384
[ ID] Interval           Transfer     Bitrate
[  5]   0.00-1.00   sec  27.5 MBytes   231 Mbits/sec                  
[  5]   1.00-2.00   sec  32.8 MBytes   275 Mbits/sec                  
[  5]   2.00-3.00   sec  33.1 MBytes   277 Mbits/sec                  
[  5]   3.00-4.00   sec  32.0 MBytes   268 Mbits/sec                  
[  5]   4.00-5.00   sec  32.6 MBytes   274 Mbits/sec                  
[  5]   5.00-6.00   sec  32.8 MBytes   275 Mbits/sec                  
[  5]   6.00-7.00   sec  32.8 MBytes   275 Mbits/sec                  
[  5]   7.00-8.00   sec  32.4 MBytes   272 Mbits/sec                  
[  5]   8.00-9.00   sec  32.4 MBytes   272 Mbits/sec                  
[  5]   9.00-10.00  sec  32.5 MBytes   273 Mbits/sec                  
[  5]  10.00-11.00  sec  32.4 MBytes   272 Mbits/sec                  
[  5]  11.00-12.00  sec  31.0 MBytes   260 Mbits/sec                  
[  5]  12.00-13.00  sec  30.6 MBytes   257 Mbits/sec                  
[  5]  13.00-14.00  sec  27.0 MBytes   226 Mbits/sec                  
[  5]  14.00-15.00  sec  24.7 MBytes   207 Mbits/sec                  
[  5]  15.00-16.00  sec  22.5 MBytes   189 Mbits/sec                  
[  5]  16.00-17.00  sec  12.0 MBytes   101 Mbits/sec                  
[  5]  17.00-18.00  sec  11.9 MBytes  99.6 Mbits/sec                  
[  5]  18.00-19.00  sec  11.1 MBytes  92.7 Mbits/sec                  
[  5]  19.00-20.00  sec  10.4 MBytes  87.6 Mbits/sec                  
[  5]  20.00-21.00  sec  10.4 MBytes  87.6 Mbits/sec                  
[  5]  21.00-22.00  sec  10.4 MBytes  87.1 Mbits/sec                  
[  5]  22.00-23.00  sec  10.4 MBytes  87.6 Mbits/sec                  
[  5]  23.00-24.00  sec  10.4 MBytes  87.0 Mbits/sec                  
[  5]  24.00-25.00  sec  10.4 MBytes  87.1 Mbits/sec                  
[  5]  25.00-26.00  sec  10.4 MBytes  87.1 Mbits/sec                  
[  5]  26.00-27.00  sec  10.4 MBytes  87.0 Mbits/sec                  
[  5]  27.00-28.00  sec  10.4 MBytes  87.1 Mbits/sec                  
[  5]  28.00-29.00  sec  10.4 MBytes  87.6 Mbits/sec                  
[  5]  29.00-30.00  sec  10.4 MBytes  87.6 Mbits/sec                  
[  5]  30.00-31.00  sec  10.3 MBytes  86.5 Mbits/sec                  
[  5]  31.00-32.00  sec  10.3 MBytes  86.5 Mbits/sec                  
[  5]  32.00-33.00  sec  10.3 MBytes  86.5 Mbits/sec                  
[  5]  33.00-34.00  sec  10.4 MBytes  87.0 Mbits/sec                  
[  5]  34.00-35.00  sec  10.3 MBytes  86.5 Mbits/sec                  
[  5]  35.00-36.00  sec  10.3 MBytes  86.5 Mbits/sec                  
[  5]  36.00-37.00  sec  10.3 MBytes  86.5 Mbits/sec                  
[  5]  37.00-38.00  sec  10.3 MBytes  86.5 Mbits/sec                  
[  5]  38.00-39.00  sec  10.4 MBytes  87.1 Mbits/sec                  
[  5]  39.00-40.00  sec  10.4 MBytes  87.1 Mbits/sec                  
[  5]  40.00-41.00  sec  10.3 MBytes  86.5 Mbits/sec                  
[  5]  41.00-42.00  sec  10.3 MBytes  86.0 Mbits/sec                  
[  5]  42.00-43.00  sec  10.4 MBytes  87.0 Mbits/sec                  
[  5]  43.00-44.00  sec  10.4 MBytes  87.0 Mbits/sec                  
[  5]  44.00-45.00  sec  10.3 MBytes  86.5 Mbits/sec                  
[  5]  45.00-46.00  sec  10.3 MBytes  86.5 Mbits/sec                  
[  5]  46.00-47.00  sec  10.3 MBytes  86.5 Mbits/sec                  
[  5]  47.00-48.00  sec  10.4 MBytes  87.1 Mbits/sec                  
[  5]  48.00-49.00  sec  10.4 MBytes  87.6 Mbits/sec                  
[  5]  49.00-50.00  sec  10.3 MBytes  86.6 Mbits/sec                  
[  5]  50.00-51.00  sec  10.4 MBytes  87.0 Mbits/sec                  
[  5]  51.00-52.00  sec  10.4 MBytes  87.1 Mbits/sec                  
[  5]  52.00-53.00  sec  10.3 MBytes  86.0 Mbits/sec                  
[  5]  53.00-54.00  sec  10.3 MBytes  86.5 Mbits/sec                  
[  5]  54.00-55.00  sec  10.3 MBytes  86.5 Mbits/sec                  
[  5]  55.00-56.00  sec  10.3 MBytes  86.5 Mbits/sec                  
[  5]  56.00-57.00  sec  10.4 MBytes  87.1 Mbits/sec                  
[  5]  57.00-58.00  sec  10.4 MBytes  87.1 Mbits/sec                  
[  5]  58.00-59.00  sec  10.3 MBytes  86.5 Mbits/sec                  
[  5]  59.00-60.00  sec  12.0 MBytes   101 Mbits/sec                  
[  5]  60.00-60.00  sec   127 KBytes   265 Mbits/sec                  
- - - - - - - - - - - - - - - - - - - - - - - - -
[ ID] Interval           Transfer     Bitrate
[  5]   0.00-60.00  sec   950 MBytes   133 Mbits/sec                  receiver
iperf3: interrupt - the server has terminated
-----------------------------------------------------------
Server listening on 84
-----------------------------------------------------------
