Connecting to host 10.0.0.13, port 80
[  5] local 10.0.0.10 port 47678 connected to 10.0.0.13 port 80
[ ID] Interval           Transfer     Bitrate         Retr  Cwnd
[  5]   0.00-1.00   sec   114 MBytes   954 Mbits/sec    0    402 KBytes       
[  5]   1.00-2.00   sec   112 MBytes   937 Mbits/sec    0    420 KBytes       
[  5]   2.00-3.00   sec   112 MBytes   939 Mbits/sec    0    420 KBytes       
[  5]   3.00-4.00   sec   111 MBytes   929 Mbits/sec    0    458 KBytes       
[  5]   4.00-5.00   sec   111 MBytes   934 Mbits/sec    0    458 KBytes       
[  5]   5.00-6.00   sec   112 MBytes   937 Mbits/sec    0    458 KBytes       
[  5]   6.00-7.00   sec   112 MBytes   938 Mbits/sec    0    458 KBytes       
[  5]   7.00-8.00   sec   112 MBytes   938 Mbits/sec    0    458 KBytes       
[  5]   8.00-9.00   sec   110 MBytes   925 Mbits/sec    0    503 KBytes       
[  5]   9.00-10.00  sec   111 MBytes   929 Mbits/sec    0    503 KBytes       
- - - - - - - - - - - - - - - - - - - - - - - - -
[ ID] Interval           Transfer     Bitrate         Retr
[  5]   0.00-10.00  sec  1.09 GBytes   936 Mbits/sec    0             sender
[  5]   0.00-10.00  sec  1.09 GBytes   934 Mbits/sec                  receiver

iperf Done.
Connecting to host 10.0.0.13, port 80
[  5] local 10.0.0.10 port 47682 connected to 10.0.0.13 port 80
[ ID] Interval           Transfer     Bitrate         Retr  Cwnd
[  5]   0.00-1.00   sec   113 MBytes   949 Mbits/sec    0    339 KBytes       
[  5]   1.00-2.00   sec   111 MBytes   935 Mbits/sec    0    387 KBytes       
[  5]   2.00-3.00   sec   112 MBytes   940 Mbits/sec    0    387 KBytes       
[  5]   3.00-4.00   sec   112 MBytes   942 Mbits/sec    0    406 KBytes       
[  5]   4.00-5.00   sec   111 MBytes   928 Mbits/sec    0    444 KBytes       
[  5]   5.00-6.00   sec   112 MBytes   936 Mbits/sec    0    444 KBytes       
[  5]   6.00-7.00   sec   112 MBytes   938 Mbits/sec    0    444 KBytes       
[  5]   7.00-8.00   sec   112 MBytes   942 Mbits/sec    0    464 KBytes       
[  5]   8.00-9.00   sec   111 MBytes   932 Mbits/sec    0    508 KBytes       
[  5]   9.00-10.00  sec   112 MBytes   938 Mbits/sec    0    508 KBytes       
- - - - - - - - - - - - - - - - - - - - - - - - -
[ ID] Interval           Transfer     Bitrate         Retr
[  5]   0.00-10.00  sec  1.09 GBytes   938 Mbits/sec    0             sender
[  5]   0.00-10.00  sec  1.09 GBytes   936 Mbits/sec                  receiver

iperf Done.
Connecting to host 10.0.0.13, port 80
[  5] local 10.0.0.10 port 47686 connected to 10.0.0.13 port 80
[ ID] Interval           Transfer     Bitrate         Retr  Cwnd
[  5]   0.00-1.00   sec   114 MBytes   956 Mbits/sec    0    368 KBytes       
[  5]   1.00-2.00   sec   111 MBytes   932 Mbits/sec    0    383 KBytes       
[  5]   2.00-3.00   sec   112 MBytes   938 Mbits/sec    0    383 KBytes       
[  5]   3.00-4.00   sec   111 MBytes   932 Mbits/sec    0    403 KBytes       
[  5]   4.00-5.00   sec   112 MBytes   940 Mbits/sec    0    441 KBytes       
[  5]   5.00-6.00   sec   112 MBytes   937 Mbits/sec    0    460 KBytes       
[  5]   6.00-7.00   sec   111 MBytes   929 Mbits/sec    0    460 KBytes       
[  5]   7.00-8.00   sec   111 MBytes   935 Mbits/sec    0    460 KBytes       
[  5]   8.00-9.00   sec   110 MBytes   926 Mbits/sec    0    460 KBytes       
[  5]   9.00-10.00  sec   112 MBytes   938 Mbits/sec    0    460 KBytes       
- - - - - - - - - - - - - - - - - - - - - - - - -
[ ID] Interval           Transfer     Bitrate         Retr
[  5]   0.00-10.00  sec  1.09 GBytes   936 Mbits/sec    0             sender
[  5]   0.00-10.00  sec  1.09 GBytes   935 Mbits/sec                  receiver

iperf Done.
Connecting to host 10.0.0.13, port 80
[  5] local 10.0.0.10 port 47690 connected to 10.0.0.13 port 80
[ ID] Interval           Transfer     Bitrate         Retr  Cwnd
[  5]   0.00-1.00   sec   114 MBytes   954 Mbits/sec    0    387 KBytes       
[  5]   1.00-2.00   sec   112 MBytes   941 Mbits/sec    0    406 KBytes       
[  5]   2.00-3.00   sec   112 MBytes   938 Mbits/sec    0    426 KBytes       
[  5]   3.00-4.00   sec   112 MBytes   936 Mbits/sec    0    444 KBytes       
[  5]   4.00-5.00   sec   111 MBytes   934 Mbits/sec    0    444 KBytes       
[  5]   5.00-6.00   sec   111 MBytes   928 Mbits/sec    0    464 KBytes       
[  5]   6.00-7.00   sec   109 MBytes   916 Mbits/sec    0    464 KBytes       
[  5]   7.00-8.00   sec   112 MBytes   941 Mbits/sec    0    464 KBytes       
[  5]   8.00-9.00   sec   110 MBytes   926 Mbits/sec    0    508 KBytes       
[  5]   9.00-10.00  sec   112 MBytes   939 Mbits/sec    0    508 KBytes       
- - - - - - - - - - - - - - - - - - - - - - - - -
[ ID] Interval           Transfer     Bitrate         Retr
[  5]   0.00-10.00  sec  1.09 GBytes   935 Mbits/sec    0             sender
[  5]   0.00-10.00  sec  1.09 GBytes   933 Mbits/sec                  receiver

iperf Done.
Connecting to host 10.0.0.13, port 80
[  5] local 10.0.0.10 port 47694 connected to 10.0.0.13 port 80
[ ID] Interval           Transfer     Bitrate         Retr  Cwnd
[  5]   0.00-1.00   sec   114 MBytes   956 Mbits/sec    0    387 KBytes       
[  5]   1.00-2.00   sec   112 MBytes   941 Mbits/sec    0    387 KBytes       
[  5]   2.00-3.00   sec   111 MBytes   931 Mbits/sec    0    387 KBytes       
[  5]   3.00-4.00   sec   112 MBytes   937 Mbits/sec    0    387 KBytes       
[  5]   4.00-5.00   sec   112 MBytes   941 Mbits/sec    0    387 KBytes       
[  5]   5.00-6.00   sec   112 MBytes   938 Mbits/sec    0    406 KBytes       
[  5]   6.00-7.00   sec   111 MBytes   934 Mbits/sec    0    406 KBytes       
[  5]   7.00-8.00   sec   112 MBytes   941 Mbits/sec    0    406 KBytes       
[  5]   8.00-9.00   sec   110 MBytes   920 Mbits/sec    0    431 KBytes       
[  5]   9.00-10.00  sec   112 MBytes   942 Mbits/sec    0    592 KBytes       
- - - - - - - - - - - - - - - - - - - - - - - - -
[ ID] Interval           Transfer     Bitrate         Retr
[  5]   0.00-10.00  sec  1.09 GBytes   938 Mbits/sec    0             sender
[  5]   0.00-10.00  sec  1.09 GBytes   936 Mbits/sec                  receiver

iperf Done.
Connecting to host 10.0.0.13, port 80
[  5] local 10.0.0.10 port 47698 connected to 10.0.0.13 port 80
[ ID] Interval           Transfer     Bitrate         Retr  Cwnd
[  5]   0.00-1.00   sec   114 MBytes   958 Mbits/sec    0    402 KBytes       
[  5]   1.00-2.00   sec   112 MBytes   937 Mbits/sec    0    421 KBytes       
[  5]   2.00-3.00   sec   111 MBytes   928 Mbits/sec    0    327 KBytes       
[  5]   3.00-4.00   sec   112 MBytes   941 Mbits/sec    0    375 KBytes       
[  5]   4.00-5.00   sec   112 MBytes   938 Mbits/sec    0    382 KBytes       
[  5]   5.00-6.00   sec   111 MBytes   934 Mbits/sec    0    414 KBytes       
[  5]   6.00-7.00   sec   112 MBytes   936 Mbits/sec    0    414 KBytes       
[  5]   7.00-8.00   sec   111 MBytes   933 Mbits/sec    0    421 KBytes       
[  5]   8.00-9.00   sec   111 MBytes   934 Mbits/sec    0    421 KBytes       
[  5]   9.00-10.00  sec   112 MBytes   937 Mbits/sec    0    421 KBytes       
- - - - - - - - - - - - - - - - - - - - - - - - -
[ ID] Interval           Transfer     Bitrate         Retr
[  5]   0.00-10.00  sec  1.09 GBytes   938 Mbits/sec    0             sender
[  5]   0.00-10.00  sec  1.09 GBytes   936 Mbits/sec                  receiver

iperf Done.
Connecting to host 10.0.0.13, port 80
[  5] local 10.0.0.10 port 47702 connected to 10.0.0.13 port 80
[ ID] Interval           Transfer     Bitrate         Retr  Cwnd
[  5]   0.00-1.00   sec   114 MBytes   956 Mbits/sec    0    403 KBytes       
[  5]   1.00-2.00   sec   112 MBytes   939 Mbits/sec    0    444 KBytes       
[  5]   2.00-3.00   sec   111 MBytes   928 Mbits/sec    0    464 KBytes       
[  5]   3.00-4.00   sec   112 MBytes   943 Mbits/sec    0    464 KBytes       
[  5]   4.00-5.00   sec   111 MBytes   932 Mbits/sec    0    383 KBytes       
[  5]   5.00-6.00   sec   112 MBytes   936 Mbits/sec    0    404 KBytes       
[  5]   6.00-7.00   sec   112 MBytes   941 Mbits/sec    0    404 KBytes       
[  5]   7.00-8.00   sec   111 MBytes   933 Mbits/sec    0    447 KBytes       
[  5]   8.00-9.00   sec   112 MBytes   938 Mbits/sec    0    457 KBytes       
[  5]   9.00-10.00  sec   111 MBytes   932 Mbits/sec    0    457 KBytes       
- - - - - - - - - - - - - - - - - - - - - - - - -
[ ID] Interval           Transfer     Bitrate         Retr
[  5]   0.00-10.00  sec  1.09 GBytes   938 Mbits/sec    0             sender
[  5]   0.00-10.00  sec  1.09 GBytes   936 Mbits/sec                  receiver

iperf Done.
Connecting to host 10.0.0.13, port 80
[  5] local 10.0.0.10 port 47706 connected to 10.0.0.13 port 80
[ ID] Interval           Transfer     Bitrate         Retr  Cwnd
[  5]   0.00-1.00   sec   114 MBytes   954 Mbits/sec    0    402 KBytes       
[  5]   1.00-2.00   sec   112 MBytes   936 Mbits/sec    0    402 KBytes       
[  5]   2.00-3.00   sec   112 MBytes   937 Mbits/sec    0    421 KBytes       
[  5]   3.00-4.00   sec   112 MBytes   941 Mbits/sec    0    460 KBytes       
[  5]   4.00-5.00   sec   111 MBytes   933 Mbits/sec    0    460 KBytes       
[  5]   5.00-6.00   sec   111 MBytes   935 Mbits/sec    0    482 KBytes       
[  5]   6.00-7.00   sec   112 MBytes   939 Mbits/sec    0    503 KBytes       
[  5]   7.00-8.00   sec   112 MBytes   937 Mbits/sec    0    503 KBytes       
[  5]   8.00-9.00   sec   111 MBytes   931 Mbits/sec    0    503 KBytes       
[  5]   9.00-10.00  sec   112 MBytes   942 Mbits/sec    0    503 KBytes       
- - - - - - - - - - - - - - - - - - - - - - - - -
[ ID] Interval           Transfer     Bitrate         Retr
[  5]   0.00-10.00  sec  1.09 GBytes   939 Mbits/sec    0             sender
[  5]   0.00-10.00  sec  1.09 GBytes   936 Mbits/sec                  receiver

iperf Done.
Connecting to host 10.0.0.13, port 80
[  5] local 10.0.0.10 port 47710 connected to 10.0.0.13 port 80
[ ID] Interval           Transfer     Bitrate         Retr  Cwnd
[  5]   0.00-1.00   sec   113 MBytes   949 Mbits/sec    0    259 KBytes       
[  5]   1.00-2.00   sec   111 MBytes   927 Mbits/sec    0    386 KBytes       
[  5]   2.00-3.00   sec   112 MBytes   938 Mbits/sec    0    406 KBytes       
[  5]   3.00-4.00   sec   112 MBytes   937 Mbits/sec    0    406 KBytes       
[  5]   4.00-5.00   sec   110 MBytes   923 Mbits/sec    0    427 KBytes       
[  5]   5.00-6.00   sec   112 MBytes   942 Mbits/sec    0    447 KBytes       
[  5]   6.00-7.00   sec   108 MBytes   907 Mbits/sec    0    469 KBytes       
[  5]   7.00-8.00   sec   112 MBytes   938 Mbits/sec    0    469 KBytes       
[  5]   8.00-9.00   sec   111 MBytes   935 Mbits/sec    0    469 KBytes       
[  5]   9.00-10.00  sec   113 MBytes   944 Mbits/sec    0    469 KBytes       
- - - - - - - - - - - - - - - - - - - - - - - - -
[ ID] Interval           Transfer     Bitrate         Retr
[  5]   0.00-10.00  sec  1.09 GBytes   934 Mbits/sec    0             sender
[  5]   0.00-10.00  sec  1.08 GBytes   932 Mbits/sec                  receiver

iperf Done.
Connecting to host 10.0.0.13, port 80
[  5] local 10.0.0.10 port 47714 connected to 10.0.0.13 port 80
[ ID] Interval           Transfer     Bitrate         Retr  Cwnd
[  5]   0.00-1.00   sec   114 MBytes   955 Mbits/sec    0    385 KBytes       
[  5]   1.00-2.00   sec   112 MBytes   937 Mbits/sec    0    385 KBytes       
[  5]   2.00-3.00   sec   111 MBytes   935 Mbits/sec    0    385 KBytes       
[  5]   3.00-4.00   sec   111 MBytes   934 Mbits/sec    0    385 KBytes       
[  5]   4.00-5.00   sec   109 MBytes   914 Mbits/sec    0    403 KBytes       
[  5]   5.00-6.00   sec   112 MBytes   936 Mbits/sec    0    423 KBytes       
[  5]   6.00-7.00   sec   109 MBytes   918 Mbits/sec    0    505 KBytes       
[  5]   7.00-8.00   sec   111 MBytes   931 Mbits/sec    0    505 KBytes       
[  5]   8.00-9.00   sec   113 MBytes   945 Mbits/sec    0    505 KBytes       
[  5]   9.00-10.00  sec   111 MBytes   928 Mbits/sec    0    595 KBytes       
- - - - - - - - - - - - - - - - - - - - - - - - -
[ ID] Interval           Transfer     Bitrate         Retr
[  5]   0.00-10.00  sec  1.09 GBytes   933 Mbits/sec    0             sender
[  5]   0.00-10.00  sec  1.08 GBytes   931 Mbits/sec                  receiver

iperf Done.
Connecting to host 10.0.0.13, port 80
[  5] local 10.0.0.10 port 47718 connected to 10.0.0.13 port 80
[ ID] Interval           Transfer     Bitrate         Retr  Cwnd
[  5]   0.00-1.00   sec   113 MBytes   950 Mbits/sec    0    444 KBytes       
[  5]   1.00-2.00   sec   111 MBytes   935 Mbits/sec    0    464 KBytes       
[  5]   2.00-3.00   sec   112 MBytes   936 Mbits/sec    0    510 KBytes       
[  5]   3.00-4.00   sec   112 MBytes   938 Mbits/sec    0    510 KBytes       
[  5]   4.00-5.00   sec   110 MBytes   920 Mbits/sec    0    510 KBytes       
[  5]   5.00-6.00   sec   112 MBytes   937 Mbits/sec    0    510 KBytes       
[  5]   6.00-7.00   sec   112 MBytes   940 Mbits/sec    0    536 KBytes       
[  5]   7.00-8.00   sec   110 MBytes   924 Mbits/sec    0    556 KBytes       
[  5]   8.00-9.00   sec   112 MBytes   937 Mbits/sec    0    617 KBytes       
[  5]   9.00-10.00  sec   112 MBytes   944 Mbits/sec    0    617 KBytes       
- - - - - - - - - - - - - - - - - - - - - - - - -
[ ID] Interval           Transfer     Bitrate         Retr
[  5]   0.00-10.00  sec  1.09 GBytes   936 Mbits/sec    0             sender
[  5]   0.00-10.00  sec  1.09 GBytes   933 Mbits/sec                  receiver

iperf Done.
Connecting to host 10.0.0.13, port 80
[  5] local 10.0.0.10 port 47724 connected to 10.0.0.13 port 80
[ ID] Interval           Transfer     Bitrate         Retr  Cwnd
[  5]   0.00-1.00   sec   113 MBytes   951 Mbits/sec    0    421 KBytes       
[  5]   1.00-2.00   sec   112 MBytes   937 Mbits/sec    0    421 KBytes       
[  5]   2.00-3.00   sec   112 MBytes   937 Mbits/sec    0    462 KBytes       
[  5]   3.00-4.00   sec   111 MBytes   931 Mbits/sec    0    485 KBytes       
[  5]   4.00-5.00   sec   111 MBytes   927 Mbits/sec    0    508 KBytes       
[  5]   5.00-6.00   sec   112 MBytes   936 Mbits/sec    0    508 KBytes       
[  5]   6.00-7.00   sec   111 MBytes   935 Mbits/sec    0    508 KBytes       
[  5]   7.00-8.00   sec   109 MBytes   914 Mbits/sec    0    508 KBytes       
[  5]   8.00-9.00   sec   112 MBytes   941 Mbits/sec    0    559 KBytes       
[  5]   9.00-10.00  sec   110 MBytes   920 Mbits/sec    0    559 KBytes       
- - - - - - - - - - - - - - - - - - - - - - - - -
[ ID] Interval           Transfer     Bitrate         Retr
[  5]   0.00-10.00  sec  1.09 GBytes   933 Mbits/sec    0             sender
[  5]   0.00-10.00  sec  1.08 GBytes   930 Mbits/sec                  receiver

iperf Done.
Connecting to host 10.0.0.13, port 80
[  5] local 10.0.0.10 port 47728 connected to 10.0.0.13 port 80
[ ID] Interval           Transfer     Bitrate         Retr  Cwnd
[  5]   0.00-1.00   sec   114 MBytes   952 Mbits/sec    0    352 KBytes       
[  5]   1.00-2.00   sec   111 MBytes   933 Mbits/sec    0    383 KBytes       
[  5]   2.00-3.00   sec   112 MBytes   937 Mbits/sec    0    383 KBytes       
[  5]   3.00-4.00   sec   113 MBytes   944 Mbits/sec    0    421 KBytes       
[  5]   4.00-5.00   sec   111 MBytes   929 Mbits/sec    0    421 KBytes       
[  5]   5.00-6.00   sec   112 MBytes   941 Mbits/sec    0    421 KBytes       
[  5]   6.00-7.00   sec   112 MBytes   938 Mbits/sec    0    421 KBytes       
[  5]   7.00-8.00   sec   111 MBytes   934 Mbits/sec    0    421 KBytes       
[  5]   8.00-9.00   sec   112 MBytes   938 Mbits/sec    0    421 KBytes       
[  5]   9.00-10.00  sec   111 MBytes   928 Mbits/sec    0    421 KBytes       
- - - - - - - - - - - - - - - - - - - - - - - - -
[ ID] Interval           Transfer     Bitrate         Retr
[  5]   0.00-10.00  sec  1.09 GBytes   937 Mbits/sec    0             sender
[  5]   0.00-10.00  sec  1.09 GBytes   935 Mbits/sec                  receiver

iperf Done.
Connecting to host 10.0.0.13, port 80
[  5] local 10.0.0.10 port 47732 connected to 10.0.0.13 port 80
[ ID] Interval           Transfer     Bitrate         Retr  Cwnd
[  5]   0.00-1.00   sec   115 MBytes   961 Mbits/sec    0    383 KBytes       
[  5]   1.00-2.00   sec   111 MBytes   933 Mbits/sec    0    383 KBytes       
[  5]   2.00-3.00   sec   113 MBytes   946 Mbits/sec    0    383 KBytes       
[  5]   3.00-4.00   sec   111 MBytes   929 Mbits/sec    0    450 KBytes       
[  5]   4.00-5.00   sec   112 MBytes   937 Mbits/sec    0    495 KBytes       
[  5]   5.00-6.00   sec   112 MBytes   938 Mbits/sec    0    495 KBytes       
[  5]   6.00-7.00   sec   111 MBytes   932 Mbits/sec    0    542 KBytes       
[  5]   7.00-8.00   sec   111 MBytes   933 Mbits/sec    0    542 KBytes       
[  5]   8.00-9.00   sec   112 MBytes   938 Mbits/sec    0    542 KBytes       
[  5]   9.00-10.00  sec   112 MBytes   939 Mbits/sec    0    542 KBytes       
- - - - - - - - - - - - - - - - - - - - - - - - -
[ ID] Interval           Transfer     Bitrate         Retr
[  5]   0.00-10.00  sec  1.09 GBytes   939 Mbits/sec    0             sender
[  5]   0.00-10.00  sec  1.09 GBytes   936 Mbits/sec                  receiver

iperf Done.
Connecting to host 10.0.0.13, port 80
[  5] local 10.0.0.10 port 47736 connected to 10.0.0.13 port 80
[ ID] Interval           Transfer     Bitrate         Retr  Cwnd
[  5]   0.00-1.00   sec   114 MBytes   959 Mbits/sec    0    382 KBytes       
[  5]   1.00-2.00   sec   112 MBytes   937 Mbits/sec    0    402 KBytes       
[  5]   2.00-3.00   sec   111 MBytes   931 Mbits/sec    0    420 KBytes       
[  5]   3.00-4.00   sec   112 MBytes   937 Mbits/sec    0    440 KBytes       
[  5]   4.00-5.00   sec   112 MBytes   938 Mbits/sec    0    440 KBytes       
[  5]   5.00-6.00   sec   111 MBytes   934 Mbits/sec    0    462 KBytes       
[  5]   6.00-7.00   sec   112 MBytes   936 Mbits/sec    0    462 KBytes       
[  5]   7.00-8.00   sec   112 MBytes   940 Mbits/sec    0    462 KBytes       
[  5]   8.00-9.00   sec   112 MBytes   939 Mbits/sec    0    506 KBytes       
[  5]   9.00-10.00  sec   111 MBytes   932 Mbits/sec    0    571 KBytes       
- - - - - - - - - - - - - - - - - - - - - - - - -
[ ID] Interval           Transfer     Bitrate         Retr
[  5]   0.00-10.00  sec  1.09 GBytes   938 Mbits/sec    0             sender
[  5]   0.00-10.00  sec  1.09 GBytes   936 Mbits/sec                  receiver

iperf Done.
Connecting to host 10.0.0.13, port 80
[  5] local 10.0.0.10 port 47740 connected to 10.0.0.13 port 80
[ ID] Interval           Transfer     Bitrate         Retr  Cwnd
[  5]   0.00-1.00   sec   113 MBytes   950 Mbits/sec    0    351 KBytes       
[  5]   1.00-2.00   sec   111 MBytes   933 Mbits/sec    0    421 KBytes       
[  5]   2.00-3.00   sec   111 MBytes   934 Mbits/sec    0    440 KBytes       
[  5]   3.00-4.00   sec   113 MBytes   943 Mbits/sec    0    482 KBytes       
[  5]   4.00-5.00   sec   111 MBytes   931 Mbits/sec    0    482 KBytes       
[  5]   5.00-6.00   sec   112 MBytes   939 Mbits/sec    0    482 KBytes       
[  5]   6.00-7.00   sec   111 MBytes   933 Mbits/sec    0    482 KBytes       
[  5]   7.00-8.00   sec   112 MBytes   940 Mbits/sec    0    503 KBytes       
[  5]   8.00-9.00   sec   111 MBytes   932 Mbits/sec    0    503 KBytes       
[  5]   9.00-10.00  sec   112 MBytes   938 Mbits/sec    0    503 KBytes       
- - - - - - - - - - - - - - - - - - - - - - - - -
[ ID] Interval           Transfer     Bitrate         Retr
[  5]   0.00-10.00  sec  1.09 GBytes   937 Mbits/sec    0             sender
[  5]   0.00-10.00  sec  1.09 GBytes   936 Mbits/sec                  receiver

iperf Done.
Connecting to host 10.0.0.13, port 80
[  5] local 10.0.0.10 port 47744 connected to 10.0.0.13 port 80
[ ID] Interval           Transfer     Bitrate         Retr  Cwnd
[  5]   0.00-1.00   sec   113 MBytes   951 Mbits/sec    0    338 KBytes       
[  5]   1.00-2.00   sec   112 MBytes   941 Mbits/sec    0    369 KBytes       
[  5]   2.00-3.00   sec   112 MBytes   938 Mbits/sec    0    386 KBytes       
[  5]   3.00-4.00   sec   112 MBytes   942 Mbits/sec    0    404 KBytes       
[  5]   4.00-5.00   sec   111 MBytes   932 Mbits/sec    0    404 KBytes       
[  5]   5.00-6.00   sec   112 MBytes   938 Mbits/sec    0    404 KBytes       
[  5]   6.00-7.00   sec   112 MBytes   944 Mbits/sec    0    404 KBytes       
[  5]   7.00-8.00   sec   111 MBytes   935 Mbits/sec    0    404 KBytes       
[  5]   8.00-9.00   sec   112 MBytes   940 Mbits/sec    0    468 KBytes       
[  5]   9.00-10.00  sec   112 MBytes   939 Mbits/sec    0    468 KBytes       
- - - - - - - - - - - - - - - - - - - - - - - - -
[ ID] Interval           Transfer     Bitrate         Retr
[  5]   0.00-10.00  sec  1.09 GBytes   940 Mbits/sec    0             sender
[  5]   0.00-10.01  sec  1.09 GBytes   938 Mbits/sec                  receiver

iperf Done.
Connecting to host 10.0.0.13, port 80
[  5] local 10.0.0.10 port 47748 connected to 10.0.0.13 port 80
[ ID] Interval           Transfer     Bitrate         Retr  Cwnd
[  5]   0.00-1.00   sec   112 MBytes   942 Mbits/sec    0    383 KBytes       
[  5]   1.00-2.00   sec   112 MBytes   940 Mbits/sec    0    403 KBytes       
[  5]   2.00-3.00   sec   110 MBytes   920 Mbits/sec    0    421 KBytes       
[  5]   3.00-4.00   sec   112 MBytes   938 Mbits/sec    0    460 KBytes       
[  5]   4.00-5.00   sec   112 MBytes   940 Mbits/sec    0    460 KBytes       
[  5]   5.00-6.00   sec   112 MBytes   940 Mbits/sec    0    460 KBytes       
[  5]   6.00-7.00   sec   111 MBytes   933 Mbits/sec    0    460 KBytes       
[  5]   7.00-8.00   sec   113 MBytes   945 Mbits/sec    0    460 KBytes       
[  5]   8.00-9.00   sec   112 MBytes   941 Mbits/sec    0    460 KBytes       
[  5]   9.00-10.00  sec   112 MBytes   937 Mbits/sec    0    460 KBytes       
- - - - - - - - - - - - - - - - - - - - - - - - -
[ ID] Interval           Transfer     Bitrate         Retr
[  5]   0.00-10.00  sec  1.09 GBytes   938 Mbits/sec    0             sender
[  5]   0.00-10.00  sec  1.09 GBytes   935 Mbits/sec                  receiver

iperf Done.
Connecting to host 10.0.0.13, port 80
[  5] local 10.0.0.10 port 47752 connected to 10.0.0.13 port 80
[ ID] Interval           Transfer     Bitrate         Retr  Cwnd
[  5]   0.00-1.00   sec   114 MBytes   953 Mbits/sec    0    383 KBytes       
[  5]   1.00-2.00   sec   112 MBytes   940 Mbits/sec    0    383 KBytes       
[  5]   2.00-3.00   sec   112 MBytes   943 Mbits/sec    0    403 KBytes       
[  5]   3.00-4.00   sec   112 MBytes   939 Mbits/sec    0    421 KBytes       
[  5]   4.00-5.00   sec   111 MBytes   928 Mbits/sec    0    421 KBytes       
[  5]   5.00-6.00   sec   111 MBytes   928 Mbits/sec    0    441 KBytes       
[  5]   6.00-7.00   sec   111 MBytes   935 Mbits/sec    0    460 KBytes       
[  5]   7.00-8.00   sec   111 MBytes   935 Mbits/sec    0    460 KBytes       
[  5]   8.00-9.00   sec   111 MBytes   935 Mbits/sec    0    527 KBytes       
[  5]   9.00-10.00  sec   111 MBytes   929 Mbits/sec    0    527 KBytes       
- - - - - - - - - - - - - - - - - - - - - - - - -
[ ID] Interval           Transfer     Bitrate         Retr
[  5]   0.00-10.00  sec  1.09 GBytes   937 Mbits/sec    0             sender
[  5]   0.00-10.00  sec  1.09 GBytes   935 Mbits/sec                  receiver

iperf Done.
Connecting to host 10.0.0.13, port 80
[  5] local 10.0.0.10 port 47756 connected to 10.0.0.13 port 80
[ ID] Interval           Transfer     Bitrate         Retr  Cwnd
[  5]   0.00-1.00   sec   113 MBytes   947 Mbits/sec    0    383 KBytes       
[  5]   1.00-2.00   sec   111 MBytes   934 Mbits/sec    0    383 KBytes       
[  5]   2.00-3.00   sec   112 MBytes   941 Mbits/sec    0    383 KBytes       
[  5]   3.00-4.00   sec   111 MBytes   935 Mbits/sec    0    383 KBytes       
[  5]   4.00-5.00   sec   112 MBytes   938 Mbits/sec    0    383 KBytes       
[  5]   5.00-6.00   sec   110 MBytes   923 Mbits/sec    0    402 KBytes       
[  5]   6.00-7.00   sec   112 MBytes   943 Mbits/sec    0    402 KBytes       
[  5]   7.00-8.00   sec   112 MBytes   941 Mbits/sec    0    460 KBytes       
[  5]   8.00-9.00   sec   112 MBytes   939 Mbits/sec    0    460 KBytes       
[  5]   9.00-10.00  sec   112 MBytes   939 Mbits/sec    0    460 KBytes       
- - - - - - - - - - - - - - - - - - - - - - - - -
[ ID] Interval           Transfer     Bitrate         Retr
[  5]   0.00-10.00  sec  1.09 GBytes   938 Mbits/sec    0             sender
[  5]   0.00-10.00  sec  1.09 GBytes   936 Mbits/sec                  receiver

iperf Done.
