-----------------------------------------------------------
Server listening on 83
-----------------------------------------------------------
Accepted connection from 10.0.0.3, port 43038
[  5] local 10.0.0.6 port 83 connected to 10.0.0.3 port 43110
[ ID] Interval           Transfer     Bitrate
[  5]   0.00-1.00   sec  3.18 MBytes  26.7 Mbits/sec                  
[  5]   1.00-2.00   sec  1.82 MBytes  15.2 Mbits/sec                  
[  5]   2.00-3.00   sec  1.81 MBytes  15.2 Mbits/sec                  
[  5]   3.00-4.00   sec  1.80 MBytes  15.1 Mbits/sec                  
[  5]   4.00-5.01   sec  1.81 MBytes  15.1 Mbits/sec                  
[  5]   5.01-6.00   sec  1.75 MBytes  14.8 Mbits/sec                  
[  5]   6.00-7.00   sec  1.80 MBytes  15.1 Mbits/sec                  
[  5]   7.00-8.00   sec  1.78 MBytes  14.9 Mbits/sec                  
[  5]   8.00-9.00   sec  1.77 MBytes  14.9 Mbits/sec                  
[  5]   9.00-10.00  sec  1.78 MBytes  14.9 Mbits/sec                  
[  5]  10.00-11.00  sec  1.73 MBytes  14.5 Mbits/sec                  
[  5]  11.00-12.00  sec  1.77 MBytes  14.9 Mbits/sec                  
[  5]  12.00-13.00  sec  1.76 MBytes  14.8 Mbits/sec                  
[  5]  13.00-14.00  sec  1.73 MBytes  14.5 Mbits/sec                  
[  5]  14.00-15.00  sec  1.75 MBytes  14.7 Mbits/sec                  
[  5]  15.00-16.00  sec  1.77 MBytes  14.8 Mbits/sec                  
[  5]  16.00-17.00  sec  1.77 MBytes  14.9 Mbits/sec                  
[  5]  17.00-18.00  sec  1.78 MBytes  14.9 Mbits/sec                  
[  5]  18.00-19.00  sec  1.76 MBytes  14.8 Mbits/sec                  
[  5]  19.00-20.00  sec  1.77 MBytes  14.8 Mbits/sec                  
[  5]  20.00-21.00  sec  1.79 MBytes  15.0 Mbits/sec                  
[  5]  21.00-22.00  sec  1.71 MBytes  14.4 Mbits/sec                  
[  5]  22.00-23.00  sec  1.68 MBytes  14.1 Mbits/sec                  
[  5]  23.00-24.00  sec  2.57 MBytes  21.6 Mbits/sec                  
[  5]  24.00-25.00  sec  2.58 MBytes  21.6 Mbits/sec                  
[  5]  25.00-26.00  sec  3.61 MBytes  30.3 Mbits/sec                  
[  5]  26.00-27.00  sec  3.79 MBytes  31.8 Mbits/sec                  
[  5]  27.00-28.00  sec  3.73 MBytes  31.3 Mbits/sec                  
[  5]  28.00-29.00  sec  3.76 MBytes  31.6 Mbits/sec                  
[  5]  29.00-30.00  sec  3.76 MBytes  31.5 Mbits/sec                  
[  5]  30.00-31.00  sec  3.83 MBytes  32.1 Mbits/sec                  
[  5]  31.00-32.00  sec  3.95 MBytes  33.1 Mbits/sec                  
[  5]  32.00-33.00  sec  3.95 MBytes  33.1 Mbits/sec                  
[  5]  33.00-34.00  sec  3.98 MBytes  33.4 Mbits/sec                  
[  5]  34.00-35.00  sec  3.91 MBytes  32.8 Mbits/sec                  
[  5]  35.00-36.00  sec  3.88 MBytes  32.6 Mbits/sec                  
[  5]  36.00-37.00  sec  3.89 MBytes  32.6 Mbits/sec                  
[  5]  37.00-38.00  sec  3.91 MBytes  32.8 Mbits/sec                  
[  5]  38.00-39.00  sec  3.87 MBytes  32.4 Mbits/sec                  
[  5]  39.00-40.00  sec  3.93 MBytes  33.0 Mbits/sec                  
[  5]  40.00-41.00  sec  3.82 MBytes  32.1 Mbits/sec                  
[  5]  41.00-42.00  sec  3.88 MBytes  32.5 Mbits/sec                  
[  5]  42.00-43.00  sec  3.89 MBytes  32.6 Mbits/sec                  
[  5]  43.00-44.00  sec  3.93 MBytes  33.0 Mbits/sec                  
[  5]  44.00-45.00  sec  3.87 MBytes  32.4 Mbits/sec                  
[  5]  45.00-46.00  sec  5.49 MBytes  46.1 Mbits/sec                  
[  5]  46.00-47.00  sec  6.40 MBytes  53.7 Mbits/sec                  
[  5]  47.00-48.00  sec  6.55 MBytes  54.9 Mbits/sec                  
[  5]  48.00-49.00  sec  7.10 MBytes  59.6 Mbits/sec                  
[  5]  49.00-50.00  sec  7.17 MBytes  60.1 Mbits/sec                  
[  5]  50.00-51.00  sec  6.77 MBytes  56.8 Mbits/sec                  
[  5]  51.00-52.00  sec  6.84 MBytes  57.3 Mbits/sec                  
[  5]  52.00-53.00  sec  7.04 MBytes  59.1 Mbits/sec                  
[  5]  53.00-54.00  sec  6.81 MBytes  57.2 Mbits/sec                  
[  5]  54.00-55.00  sec  6.92 MBytes  58.1 Mbits/sec                  
[  5]  55.00-56.00  sec  6.71 MBytes  56.3 Mbits/sec                  
[  5]  56.00-57.00  sec  6.53 MBytes  54.8 Mbits/sec                  
[  5]  57.00-58.00  sec  5.49 MBytes  46.0 Mbits/sec                  
[  5]  58.00-59.00  sec  3.98 MBytes  33.4 Mbits/sec                  
[  5]  59.00-60.00  sec  3.98 MBytes  33.4 Mbits/sec                  
[  5]  60.00-60.01  sec  35.4 KBytes  47.0 Mbits/sec                  
- - - - - - - - - - - - - - - - - - - - - - - - -
[ ID] Interval           Transfer     Bitrate
[  5]   0.00-60.01  sec   218 MBytes  30.5 Mbits/sec                  receiver
iperf3: interrupt - the server has terminated
-----------------------------------------------------------
Server listening on 83
-----------------------------------------------------------
