x 0 33000
x 1 33001
x 2 33002
x 3 33003
x 4 33004
x 5 33005
x 6 33006
x 7 33007
x 8 33008
x 9 33009
x 10 33010
x 11 33011
x 12 33012
h 0 10.0.0.11
p 0 1232221 33000
h 4 10.0.0.11
p 4 833455 33004
h 5 10.0.0.11
p 5 740604 33005
h 3 10.0.0.11
p 3 941028 33003
h 6 10.0.0.11
p 6 642347 33006
h 2 10.0.0.11
p 2 1045113 33002
h 1 10.0.0.11
p 1 1153694 33001
h 7 10.0.0.11
p 7 548876 33007
x 13 33013
h 13 10.0.0.11
p 13 672 33013
x 0 33014
p 0 149 33014
h 8 10.0.0.11
p 8 620976 33008
h 9 10.0.0.11
p 9 611376 33009
h 10 10.0.0.11
p 10 684612 33010
h 11 10.0.0.11
p 11 616397 33011
h 12 10.0.0.11
p 12 1006920 33012
x 0 33015
p 0 245 33015
x 0 33016
p 0 214 33016
x 0 33017
p 0 216 33017
x 0 33018
p 0 276 33018
x 0 33019
p 0 210 33019
x 0 33020
p 0 212 33020
x 0 33021
p 0 250 33021
x 0 33022
p 0 214 33022
x 0 33023
p 0 262 33023
x 0 33024
p 0 212 33024
x 0 33025
p 0 214 33025
x 0 33026
p 0 209 33026
x 0 33027
p 0 278 33027
x 0 33028
p 0 264 33028
x 0 33029
p 0 209 33029
x 0 33030
p 0 210 33030
x 0 33031
p 0 294 33031
x 0 33032
p 0 211 33032
x 0 33033
p 0 265 33033
x 0 33034
p 0 255 33034
x 0 33035
p 0 209 33035
x 0 33036
p 0 206 33036
x 0 33037
p 0 235 33037
x 0 33038
p 0 299 33038
x 0 33039
p 0 237 33039
x 0 33040
p 0 217 33040
x 0 33041
p 0 218 33041
x 0 33042
p 0 222 33042
x 0 33043
p 0 245 33043
x 0 33044
p 0 238 33044
x 0 33045
p 0 251 33045
x 0 33046
p 0 214 33046
x 0 33047
p 0 211 33047
x 0 33048
p 0 237 33048
x 0 33049
p 0 227 33049
x 0 33050
p 0 218 33050
x 0 33051
p 0 214 33051
x 0 33052
p 0 280 33052
x 0 33053
p 0 231 33053
x 0 33054
p 0 280 33054
x 0 33055
p 0 220 33055
x 0 33056
p 0 218 33056
x 0 33057
p 0 220 33057
x 0 33058
p 0 236 33058
x 0 33059
p 0 296 33059
x 0 33060
p 0 219 33060
x 0 33061
p 0 215 33061
x 0 33062
p 0 221 33062
x 0 33063
p 0 230 33063
x 0 33064
p 0 234 33064
x 0 33065
p 0 222 33065
x 0 33066
p 0 254 33066
x 0 33067
p 0 217 33067
x 0 33068
p 0 264 33068
x 0 33069
p 0 223 33069
x 0 33070
p 0 211 33070
x 0 33071
p 0 214 33071
x 0 33072
p 0 209 33072
x 0 33000
x 1 33001
x 2 33002
x 3 33003
x 4 33004
x 5 33005
x 6 33006
h 0 10.0.0.11
p 0 636749 33000
x 7 33007
h 7 10.0.0.11
p 7 1051 33007
x 0 33008
p 0 288 33008
h 1 10.0.0.11
p 1 862520 33001
h 2 10.0.0.11
p 2 796138 33002
h 3 10.0.0.11
p 3 710357 33003
h 4 10.0.0.11
p 4 618369 33004
h 5 10.0.0.11
p 5 524440 33005
h 6 10.0.0.11
p 6 1029203 33006
x 0 33009
p 0 204 33009
x 0 33010
p 0 298 33010
x 0 33011
p 0 214 33011
x 0 33012
p 0 210 33012
x 0 33013
p 0 304 33013
x 0 33014
p 0 218 33014
x 0 33015
p 0 232 33015
x 0 33016
p 0 218 33016
x 0 33017
p 0 222 33017
x 0 33018
p 0 218 33018
x 0 33019
p 0 220 33019
x 0 33020
p 0 253 33020
x 0 33021
p 0 229 33021
x 0 33022
p 0 218 33022
x 0 33023
p 0 218 33023
x 0 33024
p 0 220 33024
x 0 33025
p 0 270 33025
x 0 33026
p 0 218 33026
x 0 33027
p 0 221 33027
x 0 33028
p 0 216 33028
x 0 33029
p 0 184 33029
x 0 33030
p 0 219 33030
x 0 33031
p 0 233 33031
x 0 33032
p 0 223 33032
x 0 33033
p 0 223 33033
x 0 33034
p 0 248 33034
x 0 33035
p 0 218 33035
x 0 33036
p 0 219 33036
x 0 33037
p 0 220 33037
x 0 33038
p 0 222 33038
x 0 33039
p 0 219 33039
x 0 33040
p 0 219 33040
x 0 33041
p 0 248 33041
x 0 33042
p 0 227 33042
x 0 33043
p 0 218 33043
x 0 33044
p 0 221 33044
x 0 33045
p 0 216 33045
x 0 33046
p 0 222 33046
x 0 33047
p 0 219 33047
x 0 33048
p 0 289 33048
x 0 33049
p 0 216 33049
x 0 33050
p 0 219 33050
x 0 33051
p 0 234 33051
x 0 33052
p 0 218 33052
x 0 33053
p 0 218 33053
x 0 33054
p 0 275 33054
x 0 33055
p 0 215 33055
x 0 33056
p 0 218 33056
x 0 33057
p 0 261 33057
x 0 33058
p 0 212 33058
x 0 33059
p 0 213 33059
x 0 33060
p 0 216 33060
x 0 33061
p 0 108 33061
x 0 33062
p 0 219 33062
x 0 33063
p 0 209 33063
x 0 33064
p 0 212 33064
x 0 33065
p 0 214 33065
x 0 33066
p 0 153 33066
x 0 33000
x 1 33001
x 2 33002
x 3 33003
x 4 33004
x 5 33005
x 6 33006
x 7 33007
h 0 10.0.0.11
p 0 779516 33000
x 8 33008
h 8 10.0.0.11
p 8 852 33008
h 1 10.0.0.11
p 1 793445 33001
h 2 10.0.0.11
p 2 709094 33002
x 0 33009
p 0 193 33009
h 3 10.0.0.11
p 3 620948 33003
h 4 10.0.0.11
p 4 529907 33004
h 5 10.0.0.11
p 5 435646 33005
h 6 10.0.0.11
p 6 339820 33006
h 7 10.0.0.11
p 7 242704 33007
x 0 33010
p 0 249 33010
x 0 33011
p 0 212 33011
x 0 33012
p 0 258 33012
x 0 33013
p 0 214 33013
x 0 33014
p 0 220 33014
x 0 33015
p 0 236 33015
x 0 33016
p 0 209 33016
x 0 33017
p 0 251 33017
x 0 33018
p 0 211 33018
x 0 33019
p 0 213 33019
x 0 33020
p 0 206 33020
x 0 33021
p 0 210 33021
x 0 33022
p 0 241 33022
x 0 33023
p 0 216 33023
x 0 33024
p 0 212 33024
x 0 33025
p 0 213 33025
x 0 33026
p 0 211 33026
x 0 33027
p 0 212 33027
x 0 33028
p 0 214 33028
x 0 33029
p 0 239 33029
x 0 33030
p 0 212 33030
x 0 33031
p 0 211 33031
x 0 33032
p 0 217 33032
x 0 33033
p 0 190 33033
x 0 33034
p 0 115 33034
x 0 33035
p 0 211 33035
x 0 33036
p 0 241 33036
x 0 33037
p 0 251 33037
x 0 33038
p 0 217 33038
x 0 33039
p 0 167 33039
x 0 33040
p 0 214 33040
x 0 33041
p 0 218 33041
x 0 33042
p 0 213 33042
x 0 33043
p 0 213 33043
x 0 33044
p 0 210 33044
x 0 33045
p 0 214 33045
x 0 33046
p 0 226 33046
x 0 33047
p 0 226 33047
x 0 33048
p 0 212 33048
x 0 33049
p 0 192 33049
x 0 33050
p 0 216 33050
x 0 33051
p 0 217 33051
x 0 33052
p 0 216 33052
x 0 33053
p 0 256 33053
x 0 33054
p 0 216 33054
x 0 33055
p 0 217 33055
x 0 33056
p 0 219 33056
x 0 33057
p 0 219 33057
x 0 33058
p 0 246 33058
x 0 33059
p 0 216 33059
x 0 33060
p 0 216 33060
x 0 33061
p 0 218 33061
x 0 33062
p 0 217 33062
x 0 33063
p 0 87 33063
x 0 33064
p 0 220 33064
x 0 33065
p 0 164 33065
x 0 33066
p 0 239 33066
x 0 33067
p 0 219 33067
