x 0 33000
x 1 33001
h 0 10.0.0.9
p 0 140502 33000
h 1 10.0.0.9
p 1 41776 33001
x 2 33002
h 2 10.0.0.9
p 2 29821 33002
x 0 33003
p 0 685 33003
x 0 33004
p 0 248 33004
x 0 33005
p 0 251 33005
x 0 33006
p 0 239 33006
x 0 33007
p 0 236 33007
x 0 33008
p 0 166 33008
x 0 33009
p 0 285 33009
x 0 33010
p 0 245 33010
x 0 33011
p 0 249 33011
x 0 33012
p 0 215 33012
x 0 33013
p 0 251 33013
x 0 33014
p 0 244 33014
x 0 33015
p 0 216 33015
x 0 33016
p 0 213 33016
x 0 33017
p 0 181 33017
x 0 33018
p 0 231 33018
x 0 33019
p 0 218 33019
x 0 33020
p 0 137 33020
x 0 33021
p 0 241 33021
x 0 33022
p 0 208 33022
x 0 33023
p 0 216 33023
x 0 33024
p 0 215 33024
x 0 33025
p 0 210 33025
x 0 33026
p 0 204 33026
x 0 33027
p 0 212 33027
x 0 33028
p 0 212 33028
x 0 33029
p 0 215 33029
x 0 33030
p 0 197 33030
x 0 33031
p 0 214 33031
x 0 33032
p 0 213 33032
x 0 33033
p 0 220 33033
x 0 33034
p 0 283 33034
x 0 33035
p 0 253 33035
x 0 33036
p 0 218 33036
x 0 33037
p 0 228 33037
x 0 33038
p 0 321 33038
x 0 33039
p 0 227 33039
x 0 33040
p 0 176 33040
x 0 33041
p 0 180 33041
x 0 33042
p 0 268 33042
x 0 33043
p 0 272 33043
x 0 33044
p 0 263 33044
x 0 33045
p 0 308 33045
x 0 33046
p 0 213 33046
x 0 33047
p 0 253 33047
x 0 33048
p 0 218 33048
x 0 33049
p 0 179 33049
x 0 33050
p 0 211 33050
x 0 33051
p 0 147 33051
x 0 33052
p 0 178 33052
x 0 33053
p 0 213 33053
x 0 33054
p 0 210 33054
x 0 33055
p 0 165 33055
x 0 33056
p 0 211 33056
x 0 33057
p 0 201 33057
x 0 33058
p 0 207 33058
x 0 33059
p 0 208 33059
x 0 33060
p 0 201 33060
x 0 33061
p 0 203 33061
x 0 33000
h 0 10.0.0.9
p 0 16006 33000
x 1 33001
h 1 10.0.0.9
p 1 883 33001
x 0 33002
p 0 212 33002
x 0 33003
p 0 209 33003
x 0 33004
p 0 221 33004
x 0 33005
p 0 207 33005
x 0 33006
p 0 223 33006
x 0 33007
p 0 219 33007
x 0 33008
p 0 213 33008
x 0 33009
p 0 91 33009
x 0 33010
p 0 232 33010
x 0 33011
p 0 210 33011
x 0 33012
p 0 209 33012
x 0 33013
p 0 242 33013
x 0 33014
p 0 208 33014
x 0 33015
p 0 251 33015
x 0 33016
p 0 211 33016
x 0 33017
p 0 306 33017
x 0 33018
p 0 205 33018
x 0 33019
p 0 205 33019
x 0 33020
p 0 207 33020
x 0 33021
p 0 255 33021
x 0 33022
p 0 208 33022
x 0 33023
p 0 208 33023
x 0 33024
p 0 211 33024
x 0 33025
p 0 284 33025
x 0 33026
p 0 209 33026
x 0 33027
p 0 207 33027
x 0 33028
p 0 209 33028
x 0 33029
p 0 209 33029
x 0 33030
p 0 208 33030
x 0 33031
p 0 205 33031
x 0 33032
p 0 206 33032
x 0 33033
p 0 204 33033
x 0 33034
p 0 208 33034
x 0 33035
p 0 206 33035
x 0 33036
p 0 208 33036
x 0 33037
p 0 209 33037
x 0 33038
p 0 209 33038
x 0 33039
p 0 208 33039
x 0 33040
p 0 210 33040
x 0 33041
p 0 211 33041
x 0 33042
p 0 204 33042
x 0 33043
p 0 205 33043
x 0 33044
p 0 208 33044
x 0 33045
p 0 206 33045
x 0 33046
p 0 208 33046
x 0 33047
p 0 208 33047
x 0 33048
p 0 206 33048
x 0 33049
p 0 208 33049
x 0 33050
p 0 204 33050
x 0 33051
p 0 205 33051
x 0 33052
p 0 200 33052
x 0 33053
p 0 202 33053
x 0 33054
p 0 206 33054
x 0 33055
p 0 203 33055
x 0 33056
p 0 202 33056
x 0 33057
p 0 204 33057
x 0 33058
p 0 204 33058
x 0 33059
p 0 204 33059
x 0 33060
p 0 201 33060
x 0 33000
h 0 10.0.0.9
p 0 10342 33000
x 1 33001
h 1 10.0.0.9
p 1 1001 33001
x 0 33002
p 0 318 33002
x 0 33003
p 0 293 33003
x 0 33004
p 0 266 33004
x 0 33005
p 0 280 33005
x 0 33006
p 0 295 33006
x 0 33007
p 0 253 33007
x 0 33008
p 0 269 33008
x 0 33009
p 0 255 33009
x 0 33010
p 0 308 33010
x 0 33011
p 0 243 33011
x 0 33012
p 0 214 33012
x 0 33013
p 0 191 33013
x 0 33014
p 0 132 33014
x 0 33015
p 0 217 33015
x 0 33016
p 0 215 33016
x 0 33017
p 0 190 33017
x 0 33018
p 0 221 33018
x 0 33019
p 0 150 33019
x 0 33020
p 0 220 33020
x 0 33021
p 0 215 33021
x 0 33022
p 0 218 33022
x 0 33023
p 0 219 33023
x 0 33024
p 0 216 33024
x 0 33025
p 0 198 33025
x 0 33026
p 0 226 33026
x 0 33027
p 0 213 33027
x 0 33028
p 0 221 33028
x 0 33029
p 0 186 33029
x 0 33030
p 0 220 33030
x 0 33031
p 0 218 33031
x 0 33032
p 0 206 33032
x 0 33033
p 0 217 33033
x 0 33034
p 0 199 33034
x 0 33035
p 0 225 33035
x 0 33036
p 0 214 33036
x 0 33037
p 0 204 33037
x 0 33038
p 0 229 33038
x 0 33039
p 0 195 33039
x 0 33040
p 0 219 33040
x 0 33041
p 0 211 33041
x 0 33042
p 0 191 33042
x 0 33043
p 0 239 33043
x 0 33044
p 0 245 33044
x 0 33045
p 0 252 33045
x 0 33046
p 0 239 33046
x 0 33047
p 0 234 33047
x 0 33048
p 0 271 33048
x 0 33049
p 0 235 33049
x 0 33050
p 0 235 33050
x 0 33051
p 0 246 33051
x 0 33052
p 0 227 33052
x 0 33053
p 0 231 33053
x 0 33054
p 0 271 33054
x 0 33055
p 0 256 33055
x 0 33056
p 0 253 33056
x 0 33057
p 0 242 33057
x 0 33058
p 0 226 33058
x 0 33059
p 0 244 33059
x 0 33060
p 0 241 33060
x 0 33000
h 0 10.0.0.9
p 0 4843 33000
x 1 33001
h 1 10.0.0.9
p 1 800 33001
x 0 33002
p 0 229 33002
x 0 33003
p 0 223 33003
x 0 33004
p 0 277 33004
x 0 33005
p 0 308 33005
x 0 33006
p 0 247 33006
x 0 33007
p 0 235 33007
x 0 33008
p 0 227 33008
x 0 33009
p 0 225 33009
x 0 33010
p 0 222 33010
x 0 33011
p 0 321 33011
x 0 33012
p 0 348 33012
x 0 33013
p 0 223 33013
x 0 33014
p 0 214 33014
x 0 33015
p 0 217 33015
x 0 33016
p 0 200 33016
x 0 33017
p 0 222 33017
x 0 33018
p 0 194 33018
x 0 33019
p 0 239 33019
x 0 33020
p 0 181 33020
x 0 33021
p 0 231 33021
x 0 33022
p 0 174 33022
x 0 33023
p 0 209 33023
x 0 33024
p 0 166 33024
x 0 33025
p 0 207 33025
x 0 33026
p 0 175 33026
x 0 33027
p 0 219 33027
x 0 33028
p 0 172 33028
x 0 33029
p 0 178 33029
x 0 33030
p 0 211 33030
x 0 33031
p 0 209 33031
x 0 33032
p 0 209 33032
x 0 33033
p 0 210 33033
x 0 33034
p 0 166 33034
x 0 33035
p 0 162 33035
x 0 33036
p 0 157 33036
x 0 33037
p 0 200 33037
x 0 33038
p 0 211 33038
x 0 33039
p 0 211 33039
x 0 33040
p 0 215 33040
x 0 33041
p 0 212 33041
x 0 33042
p 0 180 33042
x 0 33043
p 0 288 33043
x 0 33044
p 0 219 33044
x 0 33045
p 0 217 33045
x 0 33046
p 0 220 33046
x 0 33047
p 0 165 33047
x 0 33048
p 0 256 33048
x 0 33049
p 0 221 33049
x 0 33050
p 0 220 33050
x 0 33051
p 0 216 33051
x 0 33052
p 0 215 33052
x 0 33053
p 0 224 33053
x 0 33054
p 0 210 33054
x 0 33055
p 0 153 33055
x 0 33056
p 0 214 33056
x 0 33057
p 0 210 33057
x 0 33058
p 0 150 33058
x 0 33059
p 0 159 33059
x 0 33060
p 0 209 33060
x 0 33000
h 0 10.0.0.9
p 0 7024 33000
x 1 33001
h 1 10.0.0.9
p 1 725 33001
x 0 33002
p 0 209 33002
x 0 33003
p 0 204 33003
x 0 33004
p 0 175 33004
x 0 33005
p 0 146 33005
x 0 33006
p 0 213 33006
x 0 33007
p 0 211 33007
x 0 33008
p 0 233 33008
x 0 33009
p 0 202 33009
x 0 33010
p 0 203 33010
x 0 33011
p 0 204 33011
x 0 33012
p 0 204 33012
x 0 33013
p 0 201 33013
x 0 33014
p 0 201 33014
x 0 33015
p 0 201 33015
x 0 33016
p 0 204 33016
x 0 33017
p 0 202 33017
x 0 33018
p 0 201 33018
x 0 33019
p 0 200 33019
x 0 33020
p 0 203 33020
x 0 33021
p 0 114 33021
x 0 33022
p 0 207 33022
x 0 33023
p 0 203 33023
x 0 33024
p 0 204 33024
x 0 33025
p 0 201 33025
x 0 33026
p 0 292 33026
x 0 33027
p 0 205 33027
x 0 33028
p 0 204 33028
x 0 33029
p 0 201 33029
x 0 33030
p 0 203 33030
x 0 33031
p 0 225 33031
x 0 33032
p 0 261 33032
x 0 33033
p 0 202 33033
x 0 33034
p 0 202 33034
x 0 33035
p 0 198 33035
x 0 33036
p 0 203 33036
x 0 33037
p 0 205 33037
x 0 33038
p 0 204 33038
x 0 33039
p 0 209 33039
x 0 33040
p 0 205 33040
x 0 33041
p 0 186 33041
x 0 33042
p 0 214 33042
x 0 33043
p 0 204 33043
x 0 33044
p 0 199 33044
x 0 33045
p 0 202 33045
x 0 33046
p 0 205 33046
x 0 33047
p 0 211 33047
x 0 33048
p 0 204 33048
x 0 33049
p 0 203 33049
x 0 33050
p 0 200 33050
x 0 33051
p 0 210 33051
x 0 33052
p 0 206 33052
x 0 33053
p 0 203 33053
x 0 33054
p 0 205 33054
x 0 33055
p 0 203 33055
x 0 33056
p 0 205 33056
x 0 33057
p 0 209 33057
x 0 33058
p 0 205 33058
x 0 33059
p 0 206 33059
x 0 33060
p 0 205 33060
