x 0 33000
x 1 33001
x 2 33002
h 0 10.0.0.6
p 0 201445 33000
h 1 10.0.0.6
p 1 105528 33001
h 2 10.0.0.6
p 2 30550 33002
x 3 33003
h 3 10.0.0.6
p 3 628 33003
x 0 33004
p 0 176 33004
x 0 33005
p 0 253 33005
x 0 33006
p 0 223 33006
x 0 33007
p 0 217 33007
x 0 33008
p 0 223 33008
x 0 33009
p 0 196 33009
x 0 33010
p 0 235 33010
x 0 33011
p 0 191 33011
x 0 33012
p 0 191 33012
x 0 33013
p 0 215 33013
x 0 33014
p 0 220 33014
x 0 33015
p 0 193 33015
x 0 33016
p 0 189 33016
x 0 33017
p 0 216 33017
x 0 33018
p 0 189 33018
x 0 33019
p 0 192 33019
x 0 33020
p 0 139 33020
x 0 33021
p 0 103 33021
x 0 33022
p 0 240 33022
x 0 33023
p 0 188 33023
x 0 33024
p 0 188 33024
x 0 33025
p 0 186 33025
x 0 33026
p 0 189 33026
x 0 33027
p 0 159 33027
x 0 33028
p 0 188 33028
x 0 33029
p 0 194 33029
x 0 33030
p 0 189 33030
x 0 33031
p 0 118 33031
x 0 33032
p 0 284 33032
x 0 33033
p 0 192 33033
x 0 33034
p 0 191 33034
x 0 33035
p 0 189 33035
x 0 33036
p 0 191 33036
x 0 33037
p 0 192 33037
x 0 33038
p 0 189 33038
x 0 33039
p 0 194 33039
x 0 33040
p 0 249 33040
x 0 33041
p 0 190 33041
x 0 33042
p 0 188 33042
x 0 33043
p 0 191 33043
x 0 33044
p 0 195 33044
x 0 33045
p 0 240 33045
x 0 33046
p 0 276 33046
x 0 33047
p 0 192 33047
x 0 33048
p 0 190 33048
x 0 33049
p 0 190 33049
x 0 33050
p 0 193 33050
x 0 33051
p 0 193 33051
x 0 33052
p 0 189 33052
x 0 33053
p 0 221 33053
x 0 33054
p 0 192 33054
x 0 33055
p 0 276 33055
x 0 33056
p 0 215 33056
x 0 33057
p 0 189 33057
x 0 33058
p 0 187 33058
x 0 33059
p 0 253 33059
x 0 33060
p 0 262 33060
x 0 33061
p 0 260 33061
x 0 33062
p 0 188 33062
x 0 33000
h 0 10.0.0.6
p 0 18351 33000
x 1 33001
h 1 10.0.0.6
p 1 399 33001
x 0 33002
p 0 243 33002
x 0 33003
p 0 206 33003
x 0 33004
p 0 196 33004
x 0 33005
p 0 191 33005
x 0 33006
p 0 206 33006
x 0 33007
p 0 127 33007
x 0 33008
p 0 205 33008
x 0 33009
p 0 196 33009
x 0 33010
p 0 206 33010
x 0 33011
p 0 204 33011
x 0 33012
p 0 198 33012
x 0 33013
p 0 209 33013
x 0 33014
p 0 199 33014
x 0 33015
p 0 195 33015
x 0 33016
p 0 208 33016
x 0 33017
p 0 287 33017
x 0 33018
p 0 196 33018
x 0 33019
p 0 199 33019
x 0 33020
p 0 193 33020
x 0 33021
p 0 202 33021
x 0 33022
p 0 204 33022
x 0 33023
p 0 198 33023
x 0 33024
p 0 204 33024
x 0 33025
p 0 197 33025
x 0 33026
p 0 203 33026
x 0 33027
p 0 203 33027
x 0 33028
p 0 202 33028
x 0 33029
p 0 194 33029
x 0 33030
p 0 202 33030
x 0 33031
p 0 204 33031
x 0 33032
p 0 193 33032
x 0 33033
p 0 193 33033
x 0 33034
p 0 201 33034
x 0 33035
p 0 206 33035
x 0 33036
p 0 231 33036
x 0 33037
p 0 201 33037
x 0 33038
p 0 204 33038
x 0 33039
p 0 194 33039
x 0 33040
p 0 205 33040
x 0 33041
p 0 289 33041
x 0 33042
p 0 190 33042
x 0 33043
p 0 223 33043
x 0 33044
p 0 202 33044
x 0 33045
p 0 193 33045
x 0 33046
p 0 201 33046
x 0 33047
p 0 200 33047
x 0 33048
p 0 197 33048
x 0 33049
p 0 200 33049
x 0 33050
p 0 197 33050
x 0 33051
p 0 197 33051
x 0 33052
p 0 185 33052
x 0 33053
p 0 193 33053
x 0 33054
p 0 188 33054
x 0 33055
p 0 190 33055
x 0 33056
p 0 281 33056
x 0 33057
p 0 190 33057
x 0 33058
p 0 189 33058
x 0 33059
p 0 192 33059
x 0 33060
p 0 190 33060
x 0 33000
h 0 10.0.0.6
p 0 15559 33000
x 1 33001
h 1 10.0.0.6
p 1 901 33001
x 0 33002
p 0 213 33002
x 0 33003
p 0 197 33003
x 0 33004
p 0 222 33004
x 0 33005
p 0 161 33005
x 0 33006
p 0 173 33006
x 0 33007
p 0 308 33007
x 0 33008
p 0 227 33008
x 0 33009
p 0 303 33009
x 0 33010
p 0 229 33010
x 0 33011
p 0 185 33011
x 0 33012
p 0 213 33012
x 0 33013
p 0 214 33013
x 0 33014
p 0 214 33014
x 0 33015
p 0 185 33015
x 0 33016
p 0 185 33016
x 0 33017
p 0 229 33017
x 0 33018
p 0 201 33018
x 0 33019
p 0 189 33019
x 0 33020
p 0 187 33020
x 0 33021
p 0 186 33021
x 0 33022
p 0 187 33022
x 0 33023
p 0 186 33023
x 0 33024
p 0 113 33024
x 0 33025
p 0 143 33025
x 0 33026
p 0 143 33026
x 0 33027
p 0 155 33027
x 0 33028
p 0 150 33028
x 0 33029
p 0 151 33029
x 0 33030
p 0 146 33030
x 0 33031
p 0 145 33031
x 0 33032
p 0 149 33032
x 0 33033
p 0 151 33033
x 0 33034
p 0 149 33034
x 0 33035
p 0 151 33035
x 0 33036
p 0 153 33036
x 0 33037
p 0 150 33037
x 0 33038
p 0 142 33038
x 0 33039
p 0 171 33039
x 0 33040
p 0 157 33040
x 0 33041
p 0 215 33041
x 0 33042
p 0 173 33042
x 0 33043
p 0 187 33043
x 0 33044
p 0 216 33044
x 0 33045
p 0 139 33045
x 0 33046
p 0 202 33046
x 0 33047
p 0 158 33047
x 0 33048
p 0 196 33048
x 0 33049
p 0 201 33049
x 0 33050
p 0 233 33050
x 0 33051
p 0 197 33051
x 0 33052
p 0 195 33052
x 0 33053
p 0 225 33053
x 0 33054
p 0 196 33054
x 0 33055
p 0 158 33055
x 0 33056
p 0 165 33056
x 0 33057
p 0 160 33057
x 0 33058
p 0 158 33058
x 0 33059
p 0 151 33059
x 0 33060
p 0 148 33060
x 0 33000
h 0 10.0.0.6
p 0 21234 33000
x 1 33001
h 1 10.0.0.6
p 1 883 33001
x 0 33002
p 0 214 33002
x 0 33003
p 0 203 33003
x 0 33004
p 0 190 33004
x 0 33005
p 0 182 33005
x 0 33006
p 0 214 33006
x 0 33007
p 0 207 33007
x 0 33008
p 0 206 33008
x 0 33009
p 0 200 33009
x 0 33010
p 0 197 33010
x 0 33011
p 0 195 33011
x 0 33012
p 0 197 33012
x 0 33013
p 0 198 33013
x 0 33014
p 0 200 33014
x 0 33015
p 0 200 33015
x 0 33016
p 0 202 33016
x 0 33017
p 0 201 33017
x 0 33018
p 0 201 33018
x 0 33019
p 0 194 33019
x 0 33020
p 0 222 33020
x 0 33021
p 0 194 33021
x 0 33022
p 0 193 33022
x 0 33023
p 0 184 33023
x 0 33024
p 0 229 33024
x 0 33025
p 0 194 33025
x 0 33026
p 0 234 33026
x 0 33027
p 0 198 33027
x 0 33028
p 0 201 33028
x 0 33029
p 0 202 33029
x 0 33030
p 0 203 33030
x 0 33031
p 0 199 33031
x 0 33032
p 0 196 33032
x 0 33033
p 0 144 33033
x 0 33034
p 0 199 33034
x 0 33035
p 0 200 33035
x 0 33036
p 0 198 33036
x 0 33037
p 0 323 33037
x 0 33038
p 0 261 33038
x 0 33039
p 0 315 33039
x 0 33040
p 0 326 33040
x 0 33041
p 0 367 33041
x 0 33042
p 0 198 33042
x 0 33043
p 0 200 33043
x 0 33044
p 0 248 33044
x 0 33045
p 0 197 33045
x 0 33046
p 0 205 33046
x 0 33047
p 0 207 33047
x 0 33048
p 0 198 33048
x 0 33049
p 0 198 33049
x 0 33050
p 0 205 33050
x 0 33051
p 0 253 33051
x 0 33052
p 0 198 33052
x 0 33053
p 0 198 33053
x 0 33054
p 0 198 33054
x 0 33055
p 0 195 33055
x 0 33056
p 0 195 33056
x 0 33057
p 0 208 33057
x 0 33058
p 0 100 33058
x 0 33059
p 0 196 33059
x 0 33060
p 0 193 33060
x 0 33000
h 0 10.0.0.6
p 0 9345 33000
x 1 33001
h 1 10.0.0.6
p 1 741 33001
x 0 33002
p 0 120 33002
x 0 33003
p 0 120 33003
x 0 33004
p 0 261 33004
x 0 33005
p 0 292 33005
x 0 33006
p 0 203 33006
x 0 33007
p 0 194 33007
x 0 33008
p 0 194 33008
x 0 33009
p 0 201 33009
x 0 33010
p 0 200 33010
x 0 33011
p 0 199 33011
x 0 33012
p 0 201 33012
x 0 33013
p 0 205 33013
x 0 33014
p 0 201 33014
x 0 33015
p 0 218 33015
x 0 33016
p 0 204 33016
x 0 33017
p 0 208 33017
x 0 33018
p 0 207 33018
x 0 33019
p 0 199 33019
x 0 33020
p 0 205 33020
x 0 33021
p 0 172 33021
x 0 33022
p 0 194 33022
x 0 33023
p 0 218 33023
x 0 33024
p 0 186 33024
x 0 33025
p 0 185 33025
x 0 33026
p 0 140 33026
x 0 33027
p 0 137 33027
x 0 33028
p 0 262 33028
x 0 33029
p 0 189 33029
x 0 33030
p 0 189 33030
x 0 33031
p 0 138 33031
x 0 33032
p 0 142 33032
x 0 33033
p 0 137 33033
x 0 33034
p 0 187 33034
x 0 33035
p 0 236 33035
x 0 33036
p 0 193 33036
x 0 33037
p 0 140 33037
x 0 33038
p 0 189 33038
x 0 33039
p 0 161 33039
x 0 33040
p 0 193 33040
x 0 33041
p 0 153 33041
x 0 33042
p 0 307 33042
x 0 33043
p 0 173 33043
x 0 33044
p 0 140 33044
x 0 33045
p 0 137 33045
x 0 33046
p 0 155 33046
x 0 33047
p 0 154 33047
x 0 33048
p 0 188 33048
x 0 33049
p 0 191 33049
x 0 33050
p 0 187 33050
x 0 33051
p 0 247 33051
x 0 33052
p 0 205 33052
x 0 33053
p 0 193 33053
x 0 33054
p 0 195 33054
x 0 33055
p 0 195 33055
x 0 33056
p 0 192 33056
x 0 33057
p 0 198 33057
x 0 33058
p 0 187 33058
x 0 33059
p 0 195 33059
x 0 33060
p 0 190 33060
