x 0 33000
x 1 33001
x 2 33002
x 3 33003
x 4 33004
x 5 33005
h 2 10.0.0.13
p 2 374949 33002
x 6 33006
h 6 10.0.0.13
p 6 486 33006
h 3 10.0.0.13
p 3 326408 33003
h 4 10.0.0.13
p 4 238778 33004
h 5 10.0.0.13
p 5 143159 33005
x 0 33007
h 0 10.0.0.13
p 0 112 33007
x 1 33008
h 1 10.0.0.13
p 1 325 33008
p 0 1021166 33000
p 1 1019367 33001
x 0 33009
p 0 169 33009
x 0 33010
p 0 168 33010
x 0 33011
p 0 220 33011
x 0 33012
p 0 219 33012
x 0 33013
p 0 245 33013
x 0 33014
p 0 231 33014
x 0 33015
p 0 278 33015
x 0 33016
p 0 222 33016
x 0 33017
p 0 224 33017
x 0 33018
p 0 261 33018
x 0 33019
p 0 222 33019
x 0 33020
p 0 255 33020
x 0 33021
p 0 257 33021
x 0 33022
p 0 315 33022
x 0 33023
p 0 214 33023
x 0 33024
p 0 222 33024
x 0 33025
p 0 211 33025
x 0 33026
p 0 214 33026
x 0 33027
p 0 343 33027
x 0 33028
p 0 226 33028
x 0 33029
p 0 193 33029
x 0 33030
p 0 229 33030
x 0 33031
p 0 207 33031
x 0 33032
p 0 221 33032
x 0 33033
p 0 231 33033
x 0 33034
p 0 172 33034
x 0 33035
p 0 220 33035
x 0 33036
p 0 281 33036
x 0 33037
p 0 214 33037
x 0 33038
p 0 216 33038
x 0 33039
p 0 311 33039
x 0 33040
p 0 213 33040
x 0 33041
p 0 218 33041
x 0 33042
p 0 250 33042
x 0 33043
p 0 257 33043
x 0 33044
p 0 247 33044
x 0 33045
p 0 290 33045
x 0 33046
p 0 217 33046
x 0 33047
p 0 217 33047
x 0 33048
p 0 233 33048
x 0 33049
p 0 246 33049
x 0 33050
p 0 215 33050
x 0 33051
p 0 232 33051
x 0 33052
p 0 260 33052
x 0 33053
p 0 253 33053
x 0 33054
p 0 250 33054
x 0 33055
p 0 215 33055
x 0 33056
p 0 212 33056
x 0 33057
p 0 219 33057
x 0 33058
p 0 239 33058
x 0 33059
p 0 328 33059
x 0 33060
p 0 219 33060
x 0 33061
p 0 213 33061
x 0 33062
p 0 209 33062
x 0 33063
p 0 261 33063
x 0 33064
p 0 254 33064
x 0 33065
p 0 207 33065
x 0 33066
p 0 270 33066
x 0 33000
x 1 33001
h 1 10.0.0.13
p 1 732 33001
x 2 33002
h 2 10.0.0.13
p 2 206 33002
x 0 33003
h 0 10.0.0.13
p 0 207 33003
x 1 33004
p 1 225 33004
p 0 1029319 33000
x 0 33005
p 0 206 33005
x 0 33006
p 0 209 33006
x 0 33007
p 0 211 33007
x 0 33008
p 0 192 33008
x 0 33009
p 0 250 33009
x 0 33010
p 0 207 33010
x 0 33011
p 0 208 33011
x 0 33012
p 0 206 33012
x 0 33013
p 0 203 33013
x 0 33014
p 0 214 33014
x 0 33015
p 0 210 33015
x 0 33016
p 0 207 33016
x 0 33017
p 0 211 33017
x 0 33018
p 0 215 33018
x 0 33019
p 0 210 33019
x 0 33020
p 0 209 33020
x 0 33021
p 0 206 33021
x 0 33022
p 0 210 33022
x 0 33023
p 0 208 33023
x 0 33024
p 0 206 33024
x 0 33025
p 0 206 33025
x 0 33026
p 0 212 33026
x 0 33027
p 0 209 33027
x 0 33028
p 0 208 33028
x 0 33029
p 0 208 33029
x 0 33030
p 0 205 33030
x 0 33031
p 0 207 33031
x 0 33032
p 0 185 33032
x 0 33033
p 0 208 33033
x 0 33034
p 0 211 33034
x 0 33035
p 0 187 33035
x 0 33036
p 0 210 33036
x 0 33037
p 0 208 33037
x 0 33038
p 0 184 33038
x 0 33039
p 0 184 33039
x 0 33040
p 0 214 33040
x 0 33041
p 0 204 33041
x 0 33042
p 0 204 33042
x 0 33043
p 0 183 33043
x 0 33044
p 0 206 33044
x 0 33045
p 0 205 33045
x 0 33046
p 0 177 33046
x 0 33047
p 0 177 33047
x 0 33048
p 0 174 33048
x 0 33049
p 0 179 33049
x 0 33050
p 0 176 33050
x 0 33051
p 0 175 33051
x 0 33052
p 0 204 33052
x 0 33053
p 0 199 33053
x 0 33054
p 0 176 33054
x 0 33055
p 0 174 33055
x 0 33056
p 0 247 33056
x 0 33057
p 0 247 33057
x 0 33058
p 0 192 33058
x 0 33059
p 0 179 33059
x 0 33060
p 0 252 33060
x 0 33061
p 0 263 33061
x 0 33062
p 0 177 33062
