x 0 33000
x 1 33001
x 2 33002
x 3 33003
x 4 33004
x 5 33005
x 6 33006
x 7 33007
h 7 10.0.0.13
p 7 608 33007
h 2 10.0.0.13
p 2 527423 33002
h 3 10.0.0.13
p 3 462640 33003
h 4 10.0.0.13
p 4 389157 33004
x 8 33008
h 8 10.0.0.13
p 8 88 33008
h 5 10.0.0.13
p 5 304396 33005
h 6 10.0.0.13
p 6 210313 33006
x 0 33009
h 0 10.0.0.13
p 0 76 33009
x 1 33010
h 1 10.0.0.13
p 1 91 33010
p 0 1034588 33000
p 1 1047671 33001
x 0 33011
p 0 170 33011
x 0 33012
p 0 200 33012
x 0 33013
p 0 216 33013
x 0 33014
p 0 213 33014
x 0 33015
p 0 226 33015
x 0 33016
p 0 300 33016
x 0 33017
p 0 255 33017
x 0 33018
p 0 253 33018
x 0 33019
p 0 215 33019
x 0 33020
p 0 226 33020
x 0 33021
p 0 209 33021
x 0 33022
p 0 244 33022
x 0 33023
p 0 268 33023
x 0 33024
p 0 207 33024
x 0 33025
p 0 223 33025
x 0 33026
p 0 237 33026
x 0 33027
p 0 200 33027
x 0 33028
p 0 226 33028
x 0 33029
p 0 242 33029
x 0 33030
p 0 237 33030
x 0 33031
p 0 237 33031
x 0 33032
p 0 208 33032
x 0 33033
p 0 205 33033
x 0 33034
p 0 217 33034
x 0 33035
p 0 231 33035
x 0 33036
p 0 249 33036
x 0 33037
p 0 247 33037
x 0 33038
p 0 221 33038
x 0 33039
p 0 208 33039
x 0 33040
p 0 298 33040
x 0 33041
p 0 272 33041
x 0 33042
p 0 211 33042
x 0 33043
p 0 215 33043
x 0 33044
p 0 245 33044
x 0 33045
p 0 226 33045
x 0 33046
p 0 241 33046
x 0 33047
p 0 213 33047
x 0 33048
p 0 212 33048
x 0 33049
p 0 213 33049
x 0 33050
p 0 223 33050
x 0 33051
p 0 215 33051
x 0 33052
p 0 208 33052
x 0 33053
p 0 210 33053
x 0 33054
p 0 207 33054
x 0 33055
p 0 298 33055
x 0 33056
p 0 229 33056
x 0 33057
p 0 215 33057
x 0 33058
p 0 216 33058
x 0 33059
p 0 303 33059
x 0 33060
p 0 232 33060
x 0 33061
p 0 234 33061
x 0 33062
p 0 259 33062
x 0 33063
p 0 213 33063
x 0 33064
p 0 211 33064
x 0 33065
p 0 265 33065
x 0 33066
p 0 388 33066
x 0 33067
p 0 210 33067
x 0 33068
p 0 217 33068
x 0 33000
x 1 33001
h 1 10.0.0.13
p 1 708 33001
x 2 33002
h 2 10.0.0.13
p 2 147 33002
x 0 33003
h 0 10.0.0.13
p 0 204 33003
x 1 33004
p 1 204 33004
p 0 1021051 33000
x 0 33005
p 0 265 33005
x 0 33006
p 0 176 33006
x 0 33007
p 0 173 33007
x 0 33008
p 0 231 33008
x 0 33009
p 0 228 33009
x 0 33010
p 0 215 33010
x 0 33011
p 0 214 33011
x 0 33012
p 0 207 33012
x 0 33013
p 0 208 33013
x 0 33014
p 0 209 33014
x 0 33015
p 0 210 33015
x 0 33016
p 0 207 33016
x 0 33017
p 0 211 33017
x 0 33018
p 0 226 33018
x 0 33019
p 0 241 33019
x 0 33020
p 0 212 33020
x 0 33021
p 0 206 33021
x 0 33022
p 0 210 33022
x 0 33023
p 0 228 33023
x 0 33024
p 0 209 33024
x 0 33025
p 0 208 33025
x 0 33026
p 0 232 33026
x 0 33027
p 0 210 33027
x 0 33028
p 0 225 33028
x 0 33029
p 0 492 33029
x 0 33030
p 0 169 33030
x 0 33031
p 0 163 33031
x 0 33032
p 0 216 33032
x 0 33033
p 0 245 33033
x 0 33034
p 0 155 33034
x 0 33035
p 0 153 33035
x 0 33036
p 0 155 33036
x 0 33037
p 0 153 33037
x 0 33038
p 0 210 33038
x 0 33039
p 0 211 33039
x 0 33040
p 0 199 33040
x 0 33041
p 0 251 33041
x 0 33042
p 0 255 33042
x 0 33043
p 0 233 33043
x 0 33044
p 0 249 33044
x 0 33045
p 0 231 33045
x 0 33046
p 0 94 33046
x 0 33047
p 0 219 33047
x 0 33048
p 0 236 33048
x 0 33049
p 0 312 33049
x 0 33050
p 0 376 33050
x 0 33051
p 0 208 33051
x 0 33052
p 0 210 33052
x 0 33053
p 0 208 33053
x 0 33054
p 0 211 33054
x 0 33055
p 0 212 33055
x 0 33056
p 0 280 33056
x 0 33057
p 0 211 33057
x 0 33058
p 0 209 33058
x 0 33059
p 0 209 33059
x 0 33060
p 0 209 33060
x 0 33061
p 0 208 33061
x 0 33062
p 0 209 33062
