x 0 33000
x 1 33001
x 2 33002
x 3 33003
x 4 33004
x 5 33005
h 2 10.0.0.11
p 2 380443 33002
x 6 33006
h 6 10.0.0.11
p 6 481 33006
h 3 10.0.0.11
p 3 328715 33003
h 4 10.0.0.11
p 4 238386 33004
h 5 10.0.0.11
p 5 145119 33005
x 0 33007
h 0 10.0.0.11
p 0 152 33007
x 1 33008
h 1 10.0.0.11
p 1 218 33008
p 0 1018985 33000
p 1 1019106 33001
x 0 33009
p 0 221 33009
x 0 33010
p 0 246 33010
x 0 33011
p 0 203 33011
x 0 33012
p 0 225 33012
x 0 33013
p 0 234 33013
x 0 33014
p 0 245 33014
x 0 33015
p 0 225 33015
x 0 33016
p 0 225 33016
x 0 33017
p 0 232 33017
x 0 33018
p 0 260 33018
x 0 33019
p 0 224 33019
x 0 33020
p 0 226 33020
x 0 33021
p 0 251 33021
x 0 33022
p 0 224 33022
x 0 33023
p 0 261 33023
x 0 33024
p 0 235 33024
x 0 33025
p 0 209 33025
x 0 33026
p 0 217 33026
x 0 33027
p 0 276 33027
x 0 33028
p 0 241 33028
x 0 33029
p 0 239 33029
x 0 33030
p 0 204 33030
x 0 33031
p 0 205 33031
x 0 33032
p 0 215 33032
x 0 33033
p 0 224 33033
x 0 33034
p 0 99 33034
x 0 33035
p 0 208 33035
x 0 33036
p 0 268 33036
x 0 33037
p 0 210 33037
x 0 33038
p 0 215 33038
x 0 33039
p 0 224 33039
x 0 33040
p 0 206 33040
x 0 33041
p 0 208 33041
x 0 33042
p 0 216 33042
x 0 33043
p 0 106 33043
x 0 33044
p 0 225 33044
x 0 33045
p 0 235 33045
x 0 33046
p 0 244 33046
x 0 33047
p 0 216 33047
x 0 33048
p 0 226 33048
x 0 33049
p 0 238 33049
x 0 33050
p 0 284 33050
x 0 33051
p 0 216 33051
x 0 33052
p 0 216 33052
x 0 33053
p 0 240 33053
x 0 33054
p 0 179 33054
x 0 33055
p 0 213 33055
x 0 33056
p 0 213 33056
x 0 33057
p 0 215 33057
x 0 33058
p 0 229 33058
x 0 33059
p 0 177 33059
x 0 33060
p 0 246 33060
x 0 33061
p 0 215 33061
x 0 33062
p 0 214 33062
x 0 33063
p 0 224 33063
x 0 33064
p 0 182 33064
x 0 33065
p 0 206 33065
x 0 33066
p 0 210 33066
x 0 33000
x 1 33001
h 1 10.0.0.11
p 1 788 33001
x 2 33002
h 2 10.0.0.11
p 2 150 33002
x 0 33003
h 0 10.0.0.11
p 0 211 33003
x 1 33004
p 1 205 33004
p 0 1003908 33000
x 0 33005
p 0 207 33005
x 0 33006
p 0 208 33006
x 0 33007
p 0 246 33007
x 0 33008
p 0 214 33008
x 0 33009
p 0 422 33009
x 0 33010
p 0 206 33010
x 0 33011
p 0 211 33011
x 0 33012
p 0 211 33012
x 0 33013
p 0 213 33013
x 0 33014
p 0 219 33014
x 0 33015
p 0 350 33015
x 0 33016
p 0 213 33016
x 0 33017
p 0 221 33017
x 0 33018
p 0 254 33018
x 0 33019
p 0 217 33019
x 0 33020
p 0 217 33020
x 0 33021
p 0 215 33021
x 0 33022
p 0 283 33022
x 0 33023
p 0 288 33023
x 0 33024
p 0 282 33024
x 0 33025
p 0 282 33025
x 0 33026
p 0 184 33026
x 0 33027
p 0 179 33027
x 0 33028
p 0 176 33028
x 0 33029
p 0 182 33029
x 0 33030
p 0 228 33030
x 0 33031
p 0 223 33031
x 0 33032
p 0 232 33032
x 0 33033
p 0 225 33033
x 0 33034
p 0 225 33034
x 0 33035
p 0 226 33035
x 0 33036
p 0 224 33036
x 0 33037
p 0 219 33037
x 0 33038
p 0 369 33038
x 0 33039
p 0 378 33039
x 0 33040
p 0 412 33040
x 0 33041
p 0 299 33041
x 0 33042
p 0 215 33042
x 0 33043
p 0 216 33043
x 0 33044
p 0 216 33044
x 0 33045
p 0 215 33045
x 0 33046
p 0 215 33046
x 0 33047
p 0 214 33047
x 0 33048
p 0 215 33048
x 0 33049
p 0 211 33049
x 0 33050
p 0 212 33050
x 0 33051
p 0 205 33051
x 0 33052
p 0 206 33052
x 0 33053
p 0 209 33053
x 0 33054
p 0 203 33054
x 0 33055
p 0 120 33055
x 0 33056
p 0 208 33056
x 0 33057
p 0 209 33057
x 0 33058
p 0 206 33058
x 0 33059
p 0 207 33059
x 0 33060
p 0 205 33060
x 0 33061
p 0 208 33061
x 0 33062
p 0 205 33062
