x 0 33000
x 1 33001
x 2 33002
x 3 33003
x 4 33004
x 5 33005
x 6 33006
x 7 33007
x 8 33008
x 9 33009
x 10 33010
x 11 33011
h 1 10.0.0.5
p 1 1039370 33001
h 3 10.0.0.5
p 3 842070 33003
h 0 10.0.0.5
p 0 1144674 33000
h 4 10.0.0.5
p 4 746402 33004
h 5 10.0.0.5
p 5 650266 33005
h 2 10.0.0.5
p 2 952694 33002
h 7 10.0.0.5
p 7 453400 33007
h 6 10.0.0.5
p 6 555046 33006
x 12 33012
h 12 10.0.0.5
p 12 521 33012
x 0 33013
p 0 170 33013
h 8 10.0.0.5
p 8 496131 33008
h 9 10.0.0.5
p 9 552814 33009
h 10 10.0.0.5
p 10 584985 33010
h 11 10.0.0.5
p 11 505032 33011
x 0 33014
p 0 200 33014
x 0 33015
p 0 203 33015
x 0 33016
p 0 196 33016
x 0 33017
p 0 229 33017
x 0 33018
p 0 211 33018
x 0 33019
p 0 200 33019
x 0 33020
p 0 190 33020
x 0 33021
p 0 235 33021
x 0 33022
p 0 219 33022
x 0 33023
p 0 203 33023
x 0 33024
p 0 234 33024
x 0 33025
p 0 197 33025
x 0 33026
p 0 205 33026
x 0 33027
p 0 192 33027
x 0 33028
p 0 203 33028
x 0 33029
p 0 227 33029
x 0 33030
p 0 192 33030
x 0 33031
p 0 235 33031
x 0 33032
p 0 195 33032
x 0 33033
p 0 198 33033
x 0 33034
p 0 198 33034
x 0 33035
p 0 195 33035
x 0 33036
p 0 199 33036
x 0 33037
p 0 203 33037
x 0 33038
p 0 238 33038
x 0 33039
p 0 200 33039
x 0 33040
p 0 199 33040
x 0 33041
p 0 223 33041
x 0 33042
p 0 192 33042
x 0 33043
p 0 198 33043
x 0 33044
p 0 196 33044
x 0 33045
p 0 194 33045
x 0 33046
p 0 205 33046
x 0 33047
p 0 196 33047
x 0 33048
p 0 207 33048
x 0 33049
p 0 206 33049
x 0 33050
p 0 258 33050
x 0 33051
p 0 195 33051
x 0 33052
p 0 197 33052
x 0 33053
p 0 231 33053
x 0 33054
p 0 198 33054
x 0 33055
p 0 110 33055
x 0 33056
p 0 203 33056
x 0 33057
p 0 196 33057
x 0 33058
p 0 87 33058
x 0 33059
p 0 202 33059
x 0 33060
p 0 168 33060
x 0 33061
p 0 213 33061
x 0 33062
p 0 203 33062
x 0 33063
p 0 214 33063
x 0 33064
p 0 201 33064
x 0 33065
p 0 223 33065
x 0 33066
p 0 201 33066
x 0 33067
p 0 204 33067
x 0 33068
p 0 217 33068
x 0 33069
p 0 199 33069
x 0 33070
p 0 206 33070
x 0 33071
p 0 219 33071
x 0 33000
h 0 10.0.0.5
p 0 711 33000
x 1 33001
h 1 10.0.0.5
p 1 195 33001
x 0 33002
p 0 201 33002
x 0 33003
p 0 204 33003
x 0 33004
p 0 205 33004
x 0 33005
p 0 221 33005
x 0 33006
p 0 210 33006
x 0 33007
p 0 211 33007
x 0 33008
p 0 215 33008
x 0 33009
p 0 288 33009
x 0 33010
p 0 210 33010
x 0 33011
p 0 210 33011
x 0 33012
p 0 214 33012
x 0 33013
p 0 213 33013
x 0 33014
p 0 206 33014
x 0 33015
p 0 214 33015
x 0 33016
p 0 208 33016
x 0 33017
p 0 209 33017
x 0 33018
p 0 214 33018
x 0 33019
p 0 208 33019
x 0 33020
p 0 213 33020
x 0 33021
p 0 210 33021
x 0 33022
p 0 208 33022
x 0 33023
p 0 209 33023
x 0 33024
p 0 211 33024
x 0 33025
p 0 215 33025
x 0 33026
p 0 210 33026
x 0 33027
p 0 205 33027
x 0 33028
p 0 214 33028
x 0 33029
p 0 217 33029
x 0 33030
p 0 214 33030
x 0 33031
p 0 227 33031
x 0 33032
p 0 211 33032
x 0 33033
p 0 215 33033
x 0 33034
p 0 213 33034
x 0 33035
p 0 219 33035
x 0 33036
p 0 214 33036
x 0 33037
p 0 221 33037
x 0 33038
p 0 217 33038
x 0 33039
p 0 211 33039
x 0 33040
p 0 219 33040
x 0 33041
p 0 220 33041
x 0 33042
p 0 216 33042
x 0 33043
p 0 223 33043
x 0 33044
p 0 213 33044
x 0 33045
p 0 223 33045
x 0 33046
p 0 216 33046
x 0 33047
p 0 210 33047
x 0 33048
p 0 216 33048
x 0 33049
p 0 216 33049
x 0 33050
p 0 216 33050
x 0 33051
p 0 160 33051
x 0 33052
p 0 142 33052
x 0 33053
p 0 223 33053
x 0 33054
p 0 212 33054
x 0 33055
p 0 218 33055
x 0 33056
p 0 184 33056
x 0 33057
p 0 212 33057
x 0 33058
p 0 217 33058
x 0 33059
p 0 214 33059
x 0 33060
p 0 219 33060
x 0 33000
h 0 10.0.0.5
p 0 522 33000
x 1 33001
h 1 10.0.0.5
p 1 197 33001
x 0 33002
p 0 194 33002
x 0 33003
p 0 201 33003
x 0 33004
p 0 228 33004
x 0 33005
p 0 200 33005
x 0 33006
p 0 202 33006
x 0 33007
p 0 319 33007
x 0 33008
p 0 361 33008
x 0 33009
p 0 233 33009
x 0 33010
p 0 162 33010
x 0 33011
p 0 162 33011
x 0 33012
p 0 164 33012
x 0 33013
p 0 169 33013
x 0 33014
p 0 168 33014
x 0 33015
p 0 166 33015
x 0 33016
p 0 164 33016
x 0 33017
p 0 167 33017
x 0 33018
p 0 164 33018
x 0 33019
p 0 299 33019
x 0 33020
p 0 277 33020
x 0 33021
p 0 164 33021
x 0 33022
p 0 162 33022
x 0 33023
p 0 164 33023
x 0 33024
p 0 209 33024
x 0 33025
p 0 164 33025
x 0 33026
p 0 160 33026
x 0 33027
p 0 160 33027
x 0 33028
p 0 162 33028
x 0 33029
p 0 161 33029
x 0 33030
p 0 159 33030
x 0 33031
p 0 160 33031
x 0 33032
p 0 162 33032
x 0 33033
p 0 161 33033
x 0 33034
p 0 161 33034
x 0 33035
p 0 168 33035
x 0 33036
p 0 160 33036
x 0 33037
p 0 162 33037
x 0 33038
p 0 161 33038
x 0 33039
p 0 166 33039
x 0 33040
p 0 165 33040
x 0 33041
p 0 200 33041
x 0 33042
p 0 160 33042
x 0 33043
p 0 164 33043
x 0 33044
p 0 159 33044
x 0 33045
p 0 161 33045
x 0 33046
p 0 164 33046
x 0 33047
p 0 161 33047
x 0 33048
p 0 162 33048
x 0 33049
p 0 161 33049
x 0 33050
p 0 164 33050
x 0 33051
p 0 165 33051
x 0 33052
p 0 166 33052
x 0 33053
p 0 213 33053
x 0 33054
p 0 175 33054
x 0 33055
p 0 169 33055
x 0 33056
p 0 162 33056
x 0 33057
p 0 163 33057
x 0 33058
p 0 166 33058
x 0 33059
p 0 165 33059
x 0 33060
p 0 165 33060
x 0 33000
h 0 10.0.0.5
p 0 654 33000
x 1 33001
h 1 10.0.0.5
p 1 234 33001
x 0 33002
p 0 201 33002
x 0 33003
p 0 200 33003
x 0 33004
p 0 196 33004
x 0 33005
p 0 218 33005
x 0 33006
p 0 201 33006
x 0 33007
p 0 193 33007
x 0 33008
p 0 240 33008
x 0 33009
p 0 195 33009
x 0 33010
p 0 194 33010
x 0 33011
p 0 240 33011
x 0 33012
p 0 205 33012
x 0 33013
p 0 225 33013
x 0 33014
p 0 194 33014
x 0 33015
p 0 193 33015
x 0 33016
p 0 196 33016
x 0 33017
p 0 192 33017
x 0 33018
p 0 201 33018
x 0 33019
p 0 196 33019
x 0 33020
p 0 201 33020
x 0 33021
p 0 200 33021
x 0 33022
p 0 199 33022
x 0 33023
p 0 197 33023
x 0 33024
p 0 203 33024
x 0 33025
p 0 205 33025
x 0 33026
p 0 236 33026
x 0 33027
p 0 171 33027
x 0 33028
p 0 388 33028
x 0 33029
p 0 377 33029
x 0 33030
p 0 350 33030
x 0 33031
p 0 404 33031
x 0 33032
p 0 145 33032
x 0 33033
p 0 371 33033
x 0 33034
p 0 363 33034
x 0 33035
p 0 397 33035
x 0 33036
p 0 352 33036
x 0 33037
p 0 352 33037
x 0 33038
p 0 351 33038
x 0 33039
p 0 415 33039
x 0 33040
p 0 356 33040
x 0 33041
p 0 356 33041
x 0 33042
p 0 243 33042
x 0 33043
p 0 406 33043
x 0 33044
p 0 342 33044
x 0 33045
p 0 347 33045
x 0 33046
p 0 356 33046
x 0 33047
p 0 358 33047
x 0 33048
p 0 407 33048
x 0 33049
p 0 346 33049
x 0 33050
p 0 347 33050
x 0 33051
p 0 352 33051
x 0 33052
p 0 407 33052
x 0 33053
p 0 353 33053
x 0 33054
p 0 341 33054
x 0 33055
p 0 200 33055
x 0 33056
p 0 193 33056
x 0 33057
p 0 192 33057
x 0 33058
p 0 348 33058
x 0 33059
p 0 339 33059
x 0 33060
p 0 343 33060
x 0 33000
h 0 10.0.0.5
p 0 405 33000
x 1 33001
h 1 10.0.0.5
p 1 154 33001
x 0 33002
p 0 150 33002
x 0 33003
p 0 146 33003
x 0 33004
p 0 240 33004
x 0 33005
p 0 147 33005
x 0 33006
p 0 196 33006
x 0 33007
p 0 231 33007
x 0 33008
p 0 196 33008
x 0 33009
p 0 203 33009
x 0 33010
p 0 207 33010
x 0 33011
p 0 200 33011
x 0 33012
p 0 199 33012
x 0 33013
p 0 209 33013
x 0 33014
p 0 200 33014
x 0 33015
p 0 204 33015
x 0 33016
p 0 205 33016
x 0 33017
p 0 198 33017
x 0 33018
p 0 204 33018
x 0 33019
p 0 196 33019
x 0 33020
p 0 240 33020
x 0 33021
p 0 225 33021
x 0 33022
p 0 218 33022
x 0 33023
p 0 231 33023
x 0 33024
p 0 196 33024
x 0 33025
p 0 305 33025
x 0 33026
p 0 234 33026
x 0 33027
p 0 372 33027
x 0 33028
p 0 227 33028
x 0 33029
p 0 191 33029
x 0 33030
p 0 200 33030
x 0 33031
p 0 106 33031
x 0 33032
p 0 164 33032
x 0 33033
p 0 192 33033
x 0 33034
p 0 165 33034
x 0 33035
p 0 195 33035
x 0 33036
p 0 165 33036
x 0 33037
p 0 177 33037
x 0 33038
p 0 196 33038
x 0 33039
p 0 162 33039
x 0 33040
p 0 169 33040
x 0 33041
p 0 172 33041
x 0 33042
p 0 167 33042
x 0 33043
p 0 170 33043
x 0 33044
p 0 198 33044
x 0 33045
p 0 167 33045
x 0 33046
p 0 174 33046
x 0 33047
p 0 164 33047
x 0 33048
p 0 169 33048
x 0 33049
p 0 155 33049
x 0 33050
p 0 161 33050
x 0 33051
p 0 158 33051
x 0 33052
p 0 150 33052
x 0 33053
p 0 162 33053
x 0 33054
p 0 152 33054
x 0 33055
p 0 203 33055
x 0 33056
p 0 198 33056
x 0 33057
p 0 197 33057
x 0 33058
p 0 204 33058
x 0 33059
p 0 246 33059
x 0 33060
p 0 203 33060
x 0 33000
h 0 10.0.0.5
p 0 451 33000
x 1 33001
h 1 10.0.0.5
p 1 264 33001
x 0 33002
p 0 136 33002
x 0 33003
p 0 250 33003
x 0 33004
p 0 203 33004
x 0 33005
p 0 184 33005
x 0 33006
p 0 154 33006
x 0 33007
p 0 166 33007
x 0 33008
p 0 165 33008
x 0 33009
p 0 197 33009
x 0 33010
p 0 196 33010
x 0 33011
p 0 196 33011
x 0 33012
p 0 196 33012
x 0 33013
p 0 200 33013
x 0 33014
p 0 196 33014
x 0 33015
p 0 198 33015
x 0 33016
p 0 196 33016
x 0 33017
p 0 195 33017
x 0 33018
p 0 198 33018
x 0 33019
p 0 195 33019
x 0 33020
p 0 195 33020
x 0 33021
p 0 278 33021
x 0 33022
p 0 194 33022
x 0 33023
p 0 197 33023
x 0 33024
p 0 200 33024
x 0 33025
p 0 197 33025
x 0 33026
p 0 196 33026
x 0 33027
p 0 198 33027
x 0 33028
p 0 195 33028
x 0 33029
p 0 193 33029
x 0 33030
p 0 196 33030
x 0 33031
p 0 197 33031
x 0 33032
p 0 195 33032
x 0 33033
p 0 197 33033
x 0 33034
p 0 197 33034
x 0 33035
p 0 199 33035
x 0 33036
p 0 199 33036
x 0 33037
p 0 199 33037
x 0 33038
p 0 175 33038
x 0 33039
p 0 202 33039
x 0 33040
p 0 200 33040
x 0 33041
p 0 197 33041
x 0 33042
p 0 201 33042
x 0 33043
p 0 199 33043
x 0 33044
p 0 199 33044
x 0 33045
p 0 199 33045
x 0 33046
p 0 195 33046
x 0 33047
p 0 195 33047
x 0 33048
p 0 202 33048
x 0 33049
p 0 200 33049
x 0 33050
p 0 254 33050
x 0 33051
p 0 246 33051
x 0 33052
p 0 197 33052
x 0 33053
p 0 197 33053
x 0 33054
p 0 177 33054
x 0 33055
p 0 198 33055
x 0 33056
p 0 171 33056
x 0 33057
p 0 196 33057
x 0 33058
p 0 265 33058
x 0 33059
p 0 196 33059
x 0 33060
p 0 172 33060
x 0 33000
h 0 10.0.0.5
p 0 583 33000
x 1 33001
h 1 10.0.0.5
p 1 201 33001
x 0 33002
p 0 175 33002
x 0 33003
p 0 169 33003
x 0 33004
p 0 141 33004
x 0 33005
p 0 169 33005
x 0 33006
p 0 197 33006
x 0 33007
p 0 192 33007
x 0 33008
p 0 277 33008
x 0 33009
p 0 277 33009
x 0 33010
p 0 313 33010
x 0 33011
p 0 198 33011
x 0 33012
p 0 198 33012
x 0 33013
p 0 293 33013
x 0 33014
p 0 193 33014
x 0 33015
p 0 238 33015
x 0 33016
p 0 197 33016
x 0 33017
p 0 195 33017
x 0 33018
p 0 164 33018
x 0 33019
p 0 199 33019
x 0 33020
p 0 301 33020
x 0 33021
p 0 167 33021
x 0 33022
p 0 258 33022
x 0 33023
p 0 356 33023
x 0 33024
p 0 348 33024
x 0 33025
p 0 365 33025
x 0 33026
p 0 429 33026
x 0 33027
p 0 349 33027
x 0 33028
p 0 253 33028
x 0 33029
p 0 349 33029
x 0 33030
p 0 481 33030
x 0 33031
p 0 202 33031
x 0 33032
p 0 321 33032
x 0 33033
p 0 199 33033
x 0 33034
p 0 305 33034
x 0 33035
p 0 355 33035
x 0 33036
p 0 348 33036
x 0 33037
p 0 350 33037
x 0 33038
p 0 342 33038
x 0 33039
p 0 199 33039
x 0 33040
p 0 200 33040
x 0 33041
p 0 198 33041
x 0 33042
p 0 199 33042
x 0 33043
p 0 418 33043
x 0 33044
p 0 198 33044
x 0 33045
p 0 142 33045
x 0 33046
p 0 238 33046
x 0 33047
p 0 198 33047
x 0 33048
p 0 198 33048
x 0 33049
p 0 203 33049
x 0 33050
p 0 201 33050
x 0 33051
p 0 230 33051
x 0 33052
p 0 200 33052
x 0 33053
p 0 243 33053
x 0 33054
p 0 205 33054
x 0 33055
p 0 202 33055
x 0 33056
p 0 201 33056
x 0 33057
p 0 205 33057
x 0 33058
p 0 198 33058
x 0 33059
p 0 201 33059
x 0 33060
p 0 199 33060
x 0 33000
h 0 10.0.0.5
p 0 352 33000
x 1 33001
h 1 10.0.0.5
p 1 192 33001
x 0 33002
p 0 103 33002
x 0 33003
p 0 171 33003
x 0 33004
p 0 199 33004
x 0 33005
p 0 199 33005
x 0 33006
p 0 195 33006
x 0 33007
p 0 201 33007
x 0 33008
p 0 198 33008
x 0 33009
p 0 200 33009
x 0 33010
p 0 195 33010
x 0 33011
p 0 195 33011
x 0 33012
p 0 236 33012
x 0 33013
p 0 200 33013
x 0 33014
p 0 176 33014
x 0 33015
p 0 200 33015
x 0 33016
p 0 235 33016
x 0 33017
p 0 180 33017
x 0 33018
p 0 295 33018
x 0 33019
p 0 205 33019
x 0 33020
p 0 203 33020
x 0 33021
p 0 205 33021
x 0 33022
p 0 222 33022
x 0 33023
p 0 198 33023
x 0 33024
p 0 246 33024
x 0 33025
p 0 205 33025
x 0 33026
p 0 201 33026
x 0 33027
p 0 201 33027
x 0 33028
p 0 209 33028
x 0 33029
p 0 121 33029
x 0 33030
p 0 208 33030
x 0 33031
p 0 204 33031
x 0 33032
p 0 205 33032
x 0 33033
p 0 202 33033
x 0 33034
p 0 86 33034
x 0 33035
p 0 238 33035
x 0 33036
p 0 99 33036
x 0 33037
p 0 211 33037
x 0 33038
p 0 205 33038
x 0 33039
p 0 180 33039
x 0 33040
p 0 200 33040
x 0 33041
p 0 229 33041
x 0 33042
p 0 200 33042
x 0 33043
p 0 198 33043
x 0 33044
p 0 198 33044
x 0 33045
p 0 207 33045
x 0 33046
p 0 256 33046
x 0 33047
p 0 223 33047
x 0 33048
p 0 203 33048
x 0 33049
p 0 208 33049
x 0 33050
p 0 165 33050
x 0 33051
p 0 163 33051
x 0 33052
p 0 179 33052
x 0 33053
p 0 165 33053
x 0 33054
p 0 199 33054
x 0 33055
p 0 197 33055
x 0 33056
p 0 192 33056
x 0 33057
p 0 198 33057
x 0 33058
p 0 194 33058
x 0 33059
p 0 194 33059
x 0 33060
p 0 194 33060
x 0 33000
h 0 10.0.0.5
p 0 693 33000
x 1 33001
h 1 10.0.0.5
p 1 282 33001
x 0 33002
p 0 249 33002
x 0 33003
p 0 257 33003
x 0 33004
p 0 269 33004
x 0 33005
p 0 206 33005
x 0 33006
p 0 199 33006
x 0 33007
p 0 203 33007
x 0 33008
p 0 533 33008
x 0 33009
p 0 367 33009
x 0 33010
p 0 375 33010
x 0 33011
p 0 423 33011
x 0 33012
p 0 342 33012
x 0 33013
p 0 356 33013
x 0 33014
p 0 294 33014
x 0 33015
p 0 306 33015
x 0 33016
p 0 377 33016
x 0 33017
p 0 317 33017
x 0 33018
p 0 191 33018
x 0 33019
p 0 196 33019
x 0 33020
p 0 417 33020
x 0 33021
p 0 345 33021
x 0 33022
p 0 347 33022
x 0 33023
p 0 381 33023
x 0 33024
p 0 368 33024
x 0 33025
p 0 253 33025
x 0 33026
p 0 215 33026
x 0 33027
p 0 322 33027
x 0 33028
p 0 165 33028
x 0 33029
p 0 201 33029
x 0 33030
p 0 226 33030
x 0 33031
p 0 194 33031
x 0 33032
p 0 198 33032
x 0 33033
p 0 174 33033
x 0 33034
p 0 169 33034
x 0 33035
p 0 192 33035
x 0 33036
p 0 199 33036
x 0 33037
p 0 274 33037
x 0 33038
p 0 162 33038
x 0 33039
p 0 192 33039
x 0 33040
p 0 282 33040
x 0 33041
p 0 277 33041
x 0 33042
p 0 168 33042
x 0 33043
p 0 167 33043
x 0 33044
p 0 204 33044
x 0 33045
p 0 267 33045
x 0 33046
p 0 287 33046
x 0 33047
p 0 214 33047
x 0 33048
p 0 177 33048
x 0 33049
p 0 165 33049
x 0 33050
p 0 153 33050
x 0 33051
p 0 150 33051
x 0 33052
p 0 177 33052
x 0 33053
p 0 158 33053
x 0 33054
p 0 159 33054
x 0 33055
p 0 158 33055
x 0 33056
p 0 154 33056
x 0 33057
p 0 160 33057
x 0 33058
p 0 284 33058
x 0 33059
p 0 157 33059
x 0 33060
p 0 154 33060
x 0 33000
h 0 10.0.0.5
p 0 399 33000
x 1 33001
h 1 10.0.0.5
p 1 191 33001
x 0 33002
p 0 194 33002
x 0 33003
p 0 192 33003
x 0 33004
p 0 170 33004
x 0 33005
p 0 153 33005
x 0 33006
p 0 164 33006
x 0 33007
p 0 203 33007
x 0 33008
p 0 202 33008
x 0 33009
p 0 200 33009
x 0 33010
p 0 199 33010
x 0 33011
p 0 194 33011
x 0 33012
p 0 197 33012
x 0 33013
p 0 199 33013
x 0 33014
p 0 107 33014
x 0 33015
p 0 205 33015
x 0 33016
p 0 198 33016
x 0 33017
p 0 251 33017
x 0 33018
p 0 197 33018
x 0 33019
p 0 198 33019
x 0 33020
p 0 199 33020
x 0 33021
p 0 194 33021
x 0 33022
p 0 231 33022
x 0 33023
p 0 200 33023
x 0 33024
p 0 198 33024
x 0 33025
p 0 203 33025
x 0 33026
p 0 203 33026
x 0 33027
p 0 201 33027
x 0 33028
p 0 199 33028
x 0 33029
p 0 197 33029
x 0 33030
p 0 199 33030
x 0 33031
p 0 201 33031
x 0 33032
p 0 21423 33032
x 0 33033
p 0 200 33033
x 0 33034
p 0 199 33034
x 0 33035
p 0 199 33035
x 0 33036
p 0 203 33036
x 0 33037
p 0 237 33037
x 0 33038
p 0 197 33038
x 0 33039
p 0 380 33039
x 0 33040
p 0 199 33040
x 0 33041
p 0 198 33041
x 0 33042
p 0 200 33042
x 0 33043
p 0 152 33043
x 0 33044
p 0 161 33044
x 0 33045
p 0 198 33045
x 0 33046
p 0 232 33046
x 0 33047
p 0 197 33047
x 0 33048
p 0 149 33048
x 0 33049
p 0 158 33049
x 0 33050
p 0 152 33050
x 0 33051
p 0 167 33051
x 0 33052
p 0 207 33052
x 0 33053
p 0 176 33053
x 0 33054
p 0 194 33054
x 0 33055
p 0 154 33055
x 0 33056
p 0 181 33056
x 0 33057
p 0 156 33057
x 0 33058
p 0 194 33058
x 0 33059
p 0 193 33059
x 0 33060
p 0 154 33060
x 0 33000
h 0 10.0.0.5
p 0 693 33000
x 1 33001
h 1 10.0.0.5
p 1 196 33001
x 0 33002
p 0 163 33002
x 0 33003
p 0 194 33003
x 0 33004
p 0 197 33004
x 0 33005
p 0 201 33005
x 0 33006
p 0 197 33006
x 0 33007
p 0 186 33007
x 0 33008
p 0 201 33008
x 0 33009
p 0 184 33009
x 0 33010
p 0 194 33010
x 0 33011
p 0 195 33011
x 0 33012
p 0 151 33012
x 0 33013
p 0 145 33013
x 0 33014
p 0 197 33014
x 0 33015
p 0 116 33015
x 0 33016
p 0 197 33016
x 0 33017
p 0 84 33017
x 0 33018
p 0 193 33018
x 0 33019
p 0 104 33019
x 0 33020
p 0 145 33020
x 0 33021
p 0 122 33021
x 0 33022
p 0 196 33022
x 0 33023
p 0 107 33023
x 0 33024
p 0 122 33024
x 0 33025
p 0 166 33025
x 0 33026
p 0 162 33026
x 0 33027
p 0 149 33027
x 0 33028
p 0 138 33028
x 0 33029
p 0 168 33029
x 0 33030
p 0 198 33030
x 0 33031
p 0 162 33031
x 0 33032
p 0 169 33032
x 0 33033
p 0 166 33033
x 0 33034
p 0 197 33034
x 0 33035
p 0 169 33035
x 0 33036
p 0 168 33036
x 0 33037
p 0 167 33037
x 0 33038
p 0 196 33038
x 0 33039
p 0 163 33039
x 0 33040
p 0 164 33040
x 0 33041
p 0 167 33041
x 0 33042
p 0 200 33042
x 0 33043
p 0 164 33043
x 0 33044
p 0 167 33044
x 0 33045
p 0 165 33045
x 0 33046
p 0 195 33046
x 0 33047
p 0 200 33047
x 0 33048
p 0 169 33048
x 0 33049
p 0 165 33049
x 0 33050
p 0 197 33050
x 0 33051
p 0 167 33051
x 0 33052
p 0 167 33052
x 0 33053
p 0 164 33053
x 0 33054
p 0 199 33054
x 0 33055
p 0 196 33055
x 0 33056
p 0 229 33056
x 0 33057
p 0 174 33057
x 0 33058
p 0 178 33058
x 0 33059
p 0 173 33059
x 0 33060
p 0 171 33060
x 0 33000
h 0 10.0.0.5
p 0 570 33000
x 1 33001
h 1 10.0.0.5
p 1 200 33001
x 0 33002
p 0 230 33002
x 0 33003
p 0 196 33003
x 0 33004
p 0 163 33004
x 0 33005
p 0 87 33005
x 0 33006
p 0 291 33006
x 0 33007
p 0 278 33007
x 0 33008
p 0 204 33008
x 0 33009
p 0 234 33009
x 0 33010
p 0 200 33010
x 0 33011
p 0 139 33011
x 0 33012
p 0 199 33012
x 0 33013
p 0 141 33013
x 0 33014
p 0 195 33014
x 0 33015
p 0 234 33015
x 0 33016
p 0 143 33016
x 0 33017
p 0 196 33017
x 0 33018
p 0 144 33018
x 0 33019
p 0 196 33019
x 0 33020
p 0 197 33020
x 0 33021
p 0 138 33021
x 0 33022
p 0 274 33022
x 0 33023
p 0 225 33023
x 0 33024
p 0 199 33024
x 0 33025
p 0 199 33025
x 0 33026
p 0 200 33026
x 0 33027
p 0 198 33027
x 0 33028
p 0 220 33028
x 0 33029
p 0 260 33029
x 0 33030
p 0 228 33030
x 0 33031
p 0 194 33031
x 0 33032
p 0 194 33032
x 0 33033
p 0 192 33033
x 0 33034
p 0 193 33034
x 0 33035
p 0 193 33035
x 0 33036
p 0 193 33036
x 0 33037
p 0 195 33037
x 0 33038
p 0 193 33038
x 0 33039
p 0 194 33039
x 0 33040
p 0 198 33040
x 0 33041
p 0 196 33041
x 0 33042
p 0 194 33042
x 0 33043
p 0 195 33043
x 0 33044
p 0 192 33044
x 0 33045
p 0 194 33045
x 0 33046
p 0 196 33046
x 0 33047
p 0 196 33047
x 0 33048
p 0 226 33048
x 0 33049
p 0 191 33049
x 0 33050
p 0 193 33050
x 0 33051
p 0 192 33051
x 0 33052
p 0 265 33052
x 0 33053
p 0 269 33053
x 0 33054
p 0 193 33054
x 0 33055
p 0 192 33055
x 0 33056
p 0 263 33056
x 0 33057
p 0 193 33057
x 0 33058
p 0 259 33058
x 0 33059
p 0 284 33059
x 0 33060
p 0 191 33060
x 0 33000
h 0 10.0.0.5
p 0 461 33000
x 1 33001
h 1 10.0.0.5
p 1 202 33001
x 0 33002
p 0 229 33002
x 0 33003
p 0 206 33003
x 0 33004
p 0 288 33004
x 0 33005
p 0 177 33005
x 0 33006
p 0 354 33006
x 0 33007
p 0 390 33007
x 0 33008
p 0 497 33008
x 0 33009
p 0 335 33009
x 0 33010
p 0 349 33010
x 0 33011
p 0 375 33011
x 0 33012
p 0 199 33012
x 0 33013
p 0 168 33013
x 0 33014
p 0 192 33014
x 0 33015
p 0 194 33015
x 0 33016
p 0 165 33016
x 0 33017
p 0 198 33017
x 0 33018
p 0 201 33018
x 0 33019
p 0 234 33019
x 0 33020
p 0 148 33020
x 0 33021
p 0 147 33021
x 0 33022
p 0 187 33022
x 0 33023
p 0 151 33023
x 0 33024
p 0 149 33024
x 0 33025
p 0 155 33025
x 0 33026
p 0 156 33026
x 0 33027
p 0 149 33027
x 0 33028
p 0 153 33028
x 0 33029
p 0 163 33029
x 0 33030
p 0 150 33030
x 0 33031
p 0 149 33031
x 0 33032
p 0 154 33032
x 0 33033
p 0 156 33033
x 0 33034
p 0 153 33034
x 0 33035
p 0 149 33035
x 0 33036
p 0 161 33036
x 0 33037
p 0 151 33037
x 0 33038
p 0 150 33038
x 0 33039
p 0 158 33039
x 0 33040
p 0 198 33040
x 0 33041
p 0 198 33041
x 0 33042
p 0 197 33042
x 0 33043
p 0 196 33043
x 0 33044
p 0 230 33044
x 0 33045
p 0 196 33045
x 0 33046
p 0 197 33046
x 0 33047
p 0 241 33047
x 0 33048
p 0 200 33048
x 0 33049
p 0 199 33049
x 0 33050
p 0 197 33050
x 0 33051
p 0 198 33051
x 0 33052
p 0 198 33052
x 0 33053
p 0 187 33053
x 0 33054
p 0 230 33054
x 0 33055
p 0 153 33055
x 0 33056
p 0 153 33056
x 0 33057
p 0 192 33057
x 0 33058
p 0 156 33058
x 0 33059
p 0 143 33059
x 0 33060
p 0 157 33060
x 0 33000
h 0 10.0.0.5
p 0 715 33000
x 1 33001
h 1 10.0.0.5
p 1 157 33001
x 0 33002
p 0 125 33002
x 0 33003
p 0 155 33003
x 0 33004
p 0 157 33004
x 0 33005
p 0 152 33005
x 0 33006
p 0 197 33006
x 0 33007
p 0 176 33007
x 0 33008
p 0 199 33008
x 0 33009
p 0 196 33009
x 0 33010
p 0 166 33010
x 0 33011
p 0 164 33011
x 0 33012
p 0 174 33012
x 0 33013
p 0 205 33013
x 0 33014
p 0 176 33014
x 0 33015
p 0 173 33015
x 0 33016
p 0 177 33016
x 0 33017
p 0 210 33017
x 0 33018
p 0 180 33018
x 0 33019
p 0 184 33019
x 0 33020
p 0 179 33020
x 0 33021
p 0 205 33021
x 0 33022
p 0 205 33022
x 0 33023
p 0 201 33023
x 0 33024
p 0 206 33024
x 0 33025
p 0 204 33025
x 0 33026
p 0 206 33026
x 0 33027
p 0 208 33027
x 0 33028
p 0 203 33028
x 0 33029
p 0 203 33029
x 0 33030
p 0 200 33030
x 0 33031
p 0 200 33031
x 0 33032
p 0 200 33032
x 0 33033
p 0 199 33033
x 0 33034
p 0 201 33034
x 0 33035
p 0 199 33035
x 0 33036
p 0 204 33036
x 0 33037
p 0 207 33037
x 0 33038
p 0 200 33038
x 0 33039
p 0 205 33039
x 0 33040
p 0 200 33040
x 0 33041
p 0 200 33041
x 0 33042
p 0 204 33042
x 0 33043
p 0 199 33043
x 0 33044
p 0 198 33044
x 0 33045
p 0 200 33045
x 0 33046
p 0 200 33046
x 0 33047
p 0 304 33047
x 0 33048
p 0 290 33048
x 0 33049
p 0 202 33049
x 0 33050
p 0 204 33050
x 0 33051
p 0 208 33051
x 0 33052
p 0 210 33052
x 0 33053
p 0 205 33053
x 0 33054
p 0 207 33054
x 0 33055
p 0 202 33055
x 0 33056
p 0 207 33056
x 0 33057
p 0 249 33057
x 0 33058
p 0 208 33058
x 0 33059
p 0 231 33059
x 0 33060
p 0 199 33060
x 0 33000
h 0 10.0.0.5
p 0 566 33000
x 1 33001
h 1 10.0.0.5
p 1 255 33001
x 0 33002
p 0 164 33002
x 0 33003
p 0 199 33003
x 0 33004
p 0 201 33004
x 0 33005
p 0 200 33005
x 0 33006
p 0 267 33006
x 0 33007
p 0 198 33007
x 0 33008
p 0 193 33008
x 0 33009
p 0 197 33009
x 0 33010
p 0 230 33010
x 0 33011
p 0 192 33011
x 0 33012
p 0 283 33012
x 0 33013
p 0 198 33013
x 0 33014
p 0 200 33014
x 0 33015
p 0 230 33015
x 0 33016
p 0 167 33016
x 0 33017
p 0 205 33017
x 0 33018
p 0 201 33018
x 0 33019
p 0 173 33019
x 0 33020
p 0 196 33020
x 0 33021
p 0 270 33021
x 0 33022
p 0 294 33022
x 0 33023
p 0 192 33023
x 0 33024
p 0 195 33024
x 0 33025
p 0 354 33025
x 0 33026
p 0 246 33026
x 0 33027
p 0 260 33027
x 0 33028
p 0 324 33028
x 0 33029
p 0 269 33029
x 0 33030
p 0 303 33030
x 0 33031
p 0 198 33031
x 0 33032
p 0 201 33032
x 0 33033
p 0 197 33033
x 0 33034
p 0 243 33034
x 0 33035
p 0 196 33035
x 0 33036
p 0 195 33036
x 0 33037
p 0 201 33037
x 0 33038
p 0 230 33038
x 0 33039
p 0 202 33039
x 0 33040
p 0 191 33040
x 0 33041
p 0 191 33041
x 0 33042
p 0 197 33042
x 0 33043
p 0 191 33043
x 0 33044
p 0 195 33044
x 0 33045
p 0 200 33045
x 0 33046
p 0 226 33046
x 0 33047
p 0 201 33047
x 0 33048
p 0 196 33048
x 0 33049
p 0 234 33049
x 0 33050
p 0 189 33050
x 0 33051
p 0 197 33051
x 0 33052
p 0 203 33052
x 0 33053
p 0 200 33053
x 0 33054
p 0 228 33054
x 0 33055
p 0 196 33055
x 0 33056
p 0 191 33056
x 0 33057
p 0 201 33057
x 0 33058
p 0 193 33058
x 0 33059
p 0 199 33059
x 0 33060
p 0 193 33060
x 0 33000
h 0 10.0.0.5
p 0 507 33000
x 1 33001
h 1 10.0.0.5
p 1 160 33001
x 0 33002
p 0 150 33002
x 0 33003
p 0 283 33003
x 0 33004
p 0 198 33004
x 0 33005
p 0 147 33005
x 0 33006
p 0 146 33006
x 0 33007
p 0 227 33007
x 0 33008
p 0 278 33008
x 0 33009
p 0 206 33009
x 0 33010
p 0 233 33010
x 0 33011
p 0 215 33011
x 0 33012
p 0 200 33012
x 0 33013
p 0 194 33013
x 0 33014
p 0 199 33014
x 0 33015
p 0 162 33015
x 0 33016
p 0 197 33016
x 0 33017
p 0 236 33017
x 0 33018
p 0 193 33018
x 0 33019
p 0 197 33019
x 0 33020
p 0 198 33020
x 0 33021
p 0 197 33021
x 0 33022
p 0 196 33022
x 0 33023
p 0 198 33023
x 0 33024
p 0 195 33024
x 0 33025
p 0 197 33025
x 0 33026
p 0 198 33026
x 0 33027
p 0 275 33027
x 0 33028
p 0 195 33028
x 0 33029
p 0 204 33029
x 0 33030
p 0 202 33030
x 0 33031
p 0 196 33031
x 0 33032
p 0 202 33032
x 0 33033
p 0 199 33033
x 0 33034
p 0 199 33034
x 0 33035
p 0 198 33035
x 0 33036
p 0 193 33036
x 0 33037
p 0 198 33037
x 0 33038
p 0 201 33038
x 0 33039
p 0 197 33039
x 0 33040
p 0 198 33040
x 0 33041
p 0 199 33041
x 0 33042
p 0 245 33042
x 0 33043
p 0 199 33043
x 0 33044
p 0 200 33044
x 0 33045
p 0 226 33045
x 0 33046
p 0 151 33046
x 0 33047
p 0 155 33047
x 0 33048
p 0 155 33048
x 0 33049
p 0 198 33049
x 0 33050
p 0 198 33050
x 0 33051
p 0 193 33051
x 0 33052
p 0 242 33052
x 0 33053
p 0 190 33053
x 0 33054
p 0 191 33054
x 0 33055
p 0 194 33055
x 0 33056
p 0 189 33056
x 0 33057
p 0 194 33057
x 0 33058
p 0 193 33058
x 0 33059
p 0 194 33059
x 0 33060
p 0 200 33060
x 0 33000
h 0 10.0.0.5
p 0 343 33000
x 1 33001
h 1 10.0.0.5
p 1 220 33001
x 0 33002
p 0 193 33002
x 0 33003
p 0 251 33003
x 0 33004
p 0 201 33004
x 0 33005
p 0 199 33005
x 0 33006
p 0 204 33006
x 0 33007
p 0 210 33007
x 0 33008
p 0 172 33008
x 0 33009
p 0 178 33009
x 0 33010
p 0 205 33010
x 0 33011
p 0 166 33011
x 0 33012
p 0 172 33012
x 0 33013
p 0 198 33013
x 0 33014
p 0 194 33014
x 0 33015
p 0 163 33015
x 0 33016
p 0 162 33016
x 0 33017
p 0 197 33017
x 0 33018
p 0 194 33018
x 0 33019
p 0 166 33019
x 0 33020
p 0 165 33020
x 0 33021
p 0 192 33021
x 0 33022
p 0 192 33022
x 0 33023
p 0 161 33023
x 0 33024
p 0 166 33024
x 0 33025
p 0 328 33025
x 0 33026
p 0 376 33026
x 0 33027
p 0 202 33027
x 0 33028
p 0 230 33028
x 0 33029
p 0 198 33029
x 0 33030
p 0 167 33030
x 0 33031
p 0 208 33031
x 0 33032
p 0 271 33032
x 0 33033
p 0 183 33033
x 0 33034
p 0 155 33034
x 0 33035
p 0 200 33035
x 0 33036
p 0 153 33036
x 0 33037
p 0 163 33037
x 0 33038
p 0 157 33038
x 0 33039
p 0 185 33039
x 0 33040
p 0 155 33040
x 0 33041
p 0 190 33041
x 0 33042
p 0 198 33042
x 0 33043
p 0 194 33043
x 0 33044
p 0 238 33044
x 0 33045
p 0 195 33045
x 0 33046
p 0 249 33046
x 0 33047
p 0 193 33047
x 0 33048
p 0 189 33048
x 0 33049
p 0 195 33049
x 0 33050
p 0 195 33050
x 0 33051
p 0 191 33051
x 0 33052
p 0 193 33052
x 0 33053
p 0 198 33053
x 0 33054
p 0 201 33054
x 0 33055
p 0 200 33055
x 0 33056
p 0 157 33056
x 0 33057
p 0 163 33057
x 0 33058
p 0 158 33058
x 0 33059
p 0 163 33059
x 0 33060
p 0 168 33060
x 0 33000
h 0 10.0.0.5
p 0 538 33000
x 1 33001
h 1 10.0.0.5
p 1 170 33001
x 0 33002
p 0 203 33002
x 0 33003
p 0 177 33003
x 0 33004
p 0 255 33004
x 0 33005
p 0 210 33005
x 0 33006
p 0 208 33006
x 0 33007
p 0 209 33007
x 0 33008
p 0 214 33008
x 0 33009
p 0 212 33009
x 0 33010
p 0 208 33010
x 0 33011
p 0 86 33011
x 0 33012
p 0 289 33012
x 0 33013
p 0 151 33013
x 0 33014
p 0 285 33014
x 0 33015
p 0 198 33015
x 0 33016
p 0 196 33016
x 0 33017
p 0 87 33017
x 0 33018
p 0 173 33018
x 0 33019
p 0 194 33019
x 0 33020
p 0 294 33020
x 0 33021
p 0 157 33021
x 0 33022
p 0 170 33022
x 0 33023
p 0 165 33023
x 0 33024
p 0 276 33024
x 0 33025
p 0 308 33025
x 0 33026
p 0 193 33026
x 0 33027
p 0 286 33027
x 0 33028
p 0 193 33028
x 0 33029
p 0 190 33029
x 0 33030
p 0 190 33030
x 0 33031
p 0 191 33031
x 0 33032
p 0 192 33032
x 0 33033
p 0 192 33033
x 0 33034
p 0 197 33034
x 0 33035
p 0 194 33035
x 0 33036
p 0 197 33036
x 0 33037
p 0 195 33037
x 0 33038
p 0 196 33038
x 0 33039
p 0 472 33039
x 0 33040
p 0 167 33040
x 0 33041
p 0 190 33041
x 0 33042
p 0 160 33042
x 0 33043
p 0 146 33043
x 0 33044
p 0 160 33044
x 0 33045
p 0 163 33045
x 0 33046
p 0 612 33046
x 0 33047
p 0 156 33047
x 0 33048
p 0 140 33048
x 0 33049
p 0 182 33049
x 0 33050
p 0 414 33050
x 0 33051
p 0 153 33051
x 0 33052
p 0 231 33052
x 0 33053
p 0 153 33053
x 0 33054
p 0 200 33054
x 0 33055
p 0 141 33055
x 0 33056
p 0 204 33056
x 0 33057
p 0 258 33057
x 0 33058
p 0 170 33058
x 0 33059
p 0 150 33059
x 0 33060
p 0 156 33060
x 0 33000
h 0 10.0.0.5
p 0 422 33000
x 1 33001
h 1 10.0.0.5
p 1 223 33001
x 0 33002
p 0 117 33002
x 0 33003
p 0 197 33003
x 0 33004
p 0 188 33004
x 0 33005
p 0 252 33005
x 0 33006
p 0 198 33006
x 0 33007
p 0 195 33007
x 0 33008
p 0 193 33008
x 0 33009
p 0 191 33009
x 0 33010
p 0 191 33010
x 0 33011
p 0 194 33011
x 0 33012
p 0 223 33012
x 0 33013
p 0 195 33013
x 0 33014
p 0 193 33014
x 0 33015
p 0 193 33015
x 0 33016
p 0 199 33016
x 0 33017
p 0 192 33017
x 0 33018
p 0 194 33018
x 0 33019
p 0 190 33019
x 0 33020
p 0 227 33020
x 0 33021
p 0 195 33021
x 0 33022
p 0 192 33022
x 0 33023
p 0 259 33023
x 0 33024
p 0 226 33024
x 0 33025
p 0 191 33025
x 0 33026
p 0 194 33026
x 0 33027
p 0 192 33027
x 0 33028
p 0 193 33028
x 0 33029
p 0 193 33029
x 0 33030
p 0 193 33030
x 0 33031
p 0 197 33031
x 0 33032
p 0 191 33032
x 0 33033
p 0 194 33033
x 0 33034
p 0 200 33034
x 0 33035
p 0 192 33035
x 0 33036
p 0 196 33036
x 0 33037
p 0 170 33037
x 0 33038
p 0 195 33038
x 0 33039
p 0 194 33039
x 0 33040
p 0 192 33040
x 0 33041
p 0 197 33041
x 0 33042
p 0 174 33042
x 0 33043
p 0 194 33043
x 0 33044
p 0 253 33044
x 0 33045
p 0 65 33045
x 0 33046
p 0 217 33046
x 0 33047
p 0 148 33047
x 0 33048
p 0 142 33048
x 0 33049
p 0 217 33049
x 0 33050
p 0 160 33050
x 0 33051
p 0 298 33051
x 0 33052
p 0 304 33052
x 0 33053
p 0 863 33053
x 0 33054
p 0 215 33054
x 0 33055
p 0 195 33055
x 0 33056
p 0 193 33056
x 0 33057
p 0 192 33057
x 0 33058
p 0 256 33058
x 0 33059
p 0 248 33059
x 0 33060
p 0 161 33060
x 0 33000
h 0 10.0.0.5
p 0 757 33000
x 1 33001
h 1 10.0.0.5
p 1 190 33001
x 0 33002
p 0 76 33002
x 0 33003
p 0 190 33003
x 0 33004
p 0 198 33004
x 0 33005
p 0 199 33005
x 0 33006
p 0 191 33006
x 0 33007
p 0 191 33007
x 0 33008
p 0 190 33008
x 0 33009
p 0 188 33009
x 0 33010
p 0 188 33010
x 0 33011
p 0 186 33011
x 0 33012
p 0 190 33012
x 0 33013
p 0 190 33013
x 0 33014
p 0 191 33014
x 0 33015
p 0 190 33015
x 0 33016
p 0 189 33016
x 0 33017
p 0 188 33017
x 0 33018
p 0 190 33018
x 0 33019
p 0 188 33019
x 0 33020
p 0 189 33020
x 0 33021
p 0 190 33021
x 0 33022
p 0 190 33022
x 0 33023
p 0 190 33023
x 0 33024
p 0 190 33024
x 0 33025
p 0 187 33025
x 0 33026
p 0 198 33026
x 0 33027
p 0 293 33027
x 0 33028
p 0 190 33028
x 0 33029
p 0 190 33029
x 0 33030
p 0 188 33030
x 0 33031
p 0 193 33031
x 0 33032
p 0 191 33032
x 0 33033
p 0 189 33033
x 0 33034
p 0 189 33034
x 0 33035
p 0 187 33035
x 0 33036
p 0 190 33036
x 0 33037
p 0 187 33037
x 0 33038
p 0 334 33038
x 0 33039
p 0 392 33039
x 0 33040
p 0 191 33040
x 0 33041
p 0 189 33041
x 0 33042
p 0 188 33042
x 0 33043
p 0 188 33043
x 0 33044
p 0 187 33044
x 0 33045
p 0 188 33045
x 0 33046
p 0 191 33046
x 0 33047
p 0 201 33047
x 0 33048
p 0 189 33048
x 0 33049
p 0 187 33049
x 0 33050
p 0 189 33050
x 0 33051
p 0 191 33051
x 0 33052
p 0 190 33052
x 0 33053
p 0 190 33053
x 0 33054
p 0 191 33054
x 0 33055
p 0 189 33055
x 0 33056
p 0 189 33056
x 0 33057
p 0 187 33057
x 0 33058
p 0 190 33058
x 0 33059
p 0 190 33059
x 0 33060
p 0 191 33060
x 0 33000
h 0 10.0.0.5
p 0 730 33000
x 1 33001
h 1 10.0.0.5
p 1 193 33001
x 0 33002
p 0 142 33002
x 0 33003
p 0 197 33003
x 0 33004
p 0 199 33004
x 0 33005
p 0 198 33005
x 0 33006
p 0 199 33006
x 0 33007
p 0 190 33007
x 0 33008
p 0 188 33008
x 0 33009
p 0 189 33009
x 0 33010
p 0 189 33010
x 0 33011
p 0 189 33011
x 0 33012
p 0 189 33012
x 0 33013
p 0 191 33013
x 0 33014
p 0 153 33014
x 0 33015
p 0 151 33015
x 0 33016
p 0 153 33016
x 0 33017
p 0 188 33017
x 0 33018
p 0 133 33018
x 0 33019
p 0 176 33019
x 0 33020
p 0 160 33020
x 0 33021
p 0 157 33021
x 0 33022
p 0 158 33022
x 0 33023
p 0 158 33023
x 0 33024
p 0 176 33024
x 0 33025
p 0 175 33025
x 0 33026
p 0 159 33026
x 0 33027
p 0 231 33027
x 0 33028
p 0 168 33028
x 0 33029
p 0 271 33029
x 0 33030
p 0 163 33030
x 0 33031
p 0 240 33031
x 0 33032
p 0 173 33032
x 0 33033
p 0 271 33033
x 0 33034
p 0 161 33034
x 0 33035
p 0 161 33035
x 0 33036
p 0 174 33036
x 0 33037
p 0 169 33037
x 0 33038
p 0 161 33038
x 0 33039
p 0 170 33039
x 0 33040
p 0 159 33040
x 0 33041
p 0 173 33041
x 0 33042
p 0 162 33042
x 0 33043
p 0 160 33043
x 0 33044
p 0 160 33044
x 0 33045
p 0 184 33045
x 0 33046
p 0 174 33046
x 0 33047
p 0 164 33047
x 0 33048
p 0 160 33048
x 0 33049
p 0 192 33049
x 0 33050
p 0 194 33050
x 0 33051
p 0 189 33051
x 0 33052
p 0 194 33052
x 0 33053
p 0 172 33053
x 0 33054
p 0 194 33054
x 0 33055
p 0 192 33055
x 0 33056
p 0 194 33056
x 0 33057
p 0 190 33057
x 0 33058
p 0 279 33058
x 0 33059
p 0 190 33059
x 0 33060
p 0 190 33060
x 0 33000
h 0 10.0.0.5
p 0 527 33000
x 1 33001
h 1 10.0.0.5
p 1 196 33001
x 0 33002
p 0 216 33002
x 0 33003
p 0 201 33003
x 0 33004
p 0 218 33004
x 0 33005
p 0 281 33005
x 0 33006
p 0 202 33006
x 0 33007
p 0 198 33007
x 0 33008
p 0 175 33008
x 0 33009
p 0 198 33009
x 0 33010
p 0 283 33010
x 0 33011
p 0 168 33011
x 0 33012
p 0 194 33012
x 0 33013
p 0 200 33013
x 0 33014
p 0 193 33014
x 0 33015
p 0 196 33015
x 0 33016
p 0 195 33016
x 0 33017
p 0 195 33017
x 0 33018
p 0 199 33018
x 0 33019
p 0 175 33019
x 0 33020
p 0 193 33020
x 0 33021
p 0 201 33021
x 0 33022
p 0 198 33022
x 0 33023
p 0 195 33023
x 0 33024
p 0 267 33024
x 0 33025
p 0 195 33025
x 0 33026
p 0 201 33026
x 0 33027
p 0 196 33027
x 0 33028
p 0 194 33028
x 0 33029
p 0 196 33029
x 0 33030
p 0 195 33030
x 0 33031
p 0 193 33031
x 0 33032
p 0 193 33032
x 0 33033
p 0 196 33033
x 0 33034
p 0 195 33034
x 0 33035
p 0 191 33035
x 0 33036
p 0 192 33036
x 0 33037
p 0 198 33037
x 0 33038
p 0 172 33038
x 0 33039
p 0 192 33039
x 0 33040
p 0 192 33040
x 0 33041
p 0 194 33041
x 0 33042
p 0 146 33042
x 0 33043
p 0 197 33043
x 0 33044
p 0 192 33044
x 0 33045
p 0 192 33045
x 0 33046
p 0 264 33046
x 0 33047
p 0 195 33047
x 0 33048
p 0 194 33048
x 0 33049
p 0 173 33049
x 0 33050
p 0 192 33050
x 0 33051
p 0 197 33051
x 0 33052
p 0 195 33052
x 0 33053
p 0 194 33053
x 0 33054
p 0 195 33054
x 0 33055
p 0 197 33055
x 0 33056
p 0 193 33056
x 0 33057
p 0 164 33057
x 0 33058
p 0 196 33058
x 0 33059
p 0 170 33059
x 0 33060
p 0 163 33060
x 0 33000
h 0 10.0.0.5
p 0 750 33000
x 1 33001
h 1 10.0.0.5
p 1 197 33001
x 0 33002
p 0 161 33002
x 0 33003
p 0 197 33003
x 0 33004
p 0 218 33004
x 0 33005
p 0 192 33005
x 0 33006
p 0 196 33006
x 0 33007
p 0 194 33007
x 0 33008
p 0 222 33008
x 0 33009
p 0 197 33009
x 0 33010
p 0 196 33010
x 0 33011
p 0 255 33011
x 0 33012
p 0 285 33012
x 0 33013
p 0 262 33013
x 0 33014
p 0 197 33014
x 0 33015
p 0 241 33015
x 0 33016
p 0 231 33016
x 0 33017
p 0 192 33017
x 0 33018
p 0 194 33018
x 0 33019
p 0 256 33019
x 0 33020
p 0 220 33020
x 0 33021
p 0 193 33021
x 0 33022
p 0 195 33022
x 0 33023
p 0 192 33023
x 0 33024
p 0 195 33024
x 0 33025
p 0 225 33025
x 0 33026
p 0 193 33026
x 0 33027
p 0 194 33027
x 0 33028
p 0 195 33028
x 0 33029
p 0 223 33029
x 0 33030
p 0 189 33030
x 0 33031
p 0 194 33031
x 0 33032
p 0 189 33032
x 0 33033
p 0 217 33033
x 0 33034
p 0 193 33034
x 0 33035
p 0 195 33035
x 0 33036
p 0 288 33036
x 0 33037
p 0 248 33037
x 0 33038
p 0 192 33038
x 0 33039
p 0 194 33039
x 0 33040
p 0 195 33040
x 0 33041
p 0 200 33041
x 0 33042
p 0 290 33042
x 0 33043
p 0 196 33043
x 0 33044
p 0 204 33044
x 0 33045
p 0 196 33045
x 0 33046
p 0 203 33046
x 0 33047
p 0 169 33047
x 0 33048
p 0 194 33048
x 0 33049
p 0 194 33049
x 0 33050
p 0 197 33050
x 0 33051
p 0 193 33051
x 0 33052
p 0 191 33052
x 0 33053
p 0 295 33053
x 0 33054
p 0 202 33054
x 0 33055
p 0 192 33055
x 0 33056
p 0 194 33056
x 0 33057
p 0 194 33057
x 0 33058
p 0 195 33058
x 0 33059
p 0 190 33059
x 0 33060
p 0 193 33060
x 0 33000
h 0 10.0.0.5
p 0 407 33000
x 1 33001
h 1 10.0.0.5
p 1 191 33001
x 0 33002
p 0 266 33002
x 0 33003
p 0 194 33003
x 0 33004
p 0 193 33004
x 0 33005
p 0 194 33005
x 0 33006
p 0 193 33006
x 0 33007
p 0 191 33007
x 0 33008
p 0 194 33008
x 0 33009
p 0 191 33009
x 0 33010
p 0 188 33010
x 0 33011
p 0 196 33011
x 0 33012
p 0 189 33012
x 0 33013
p 0 192 33013
x 0 33014
p 0 194 33014
x 0 33015
p 0 191 33015
x 0 33016
p 0 193 33016
x 0 33017
p 0 192 33017
x 0 33018
p 0 194 33018
x 0 33019
p 0 192 33019
x 0 33020
p 0 191 33020
x 0 33021
p 0 195 33021
x 0 33022
p 0 191 33022
x 0 33023
p 0 213 33023
x 0 33024
p 0 195 33024
x 0 33025
p 0 195 33025
x 0 33026
p 0 196 33026
x 0 33027
p 0 194 33027
x 0 33028
p 0 195 33028
x 0 33029
p 0 173 33029
x 0 33030
p 0 190 33030
x 0 33031
p 0 296 33031
x 0 33032
p 0 190 33032
x 0 33033
p 0 193 33033
x 0 33034
p 0 198 33034
x 0 33035
p 0 191 33035
x 0 33036
p 0 192 33036
x 0 33037
p 0 190 33037
x 0 33038
p 0 187 33038
x 0 33039
p 0 191 33039
x 0 33040
p 0 189 33040
x 0 33041
p 0 191 33041
x 0 33042
p 0 190 33042
x 0 33043
p 0 193 33043
x 0 33044
p 0 189 33044
x 0 33045
p 0 193 33045
x 0 33046
p 0 193 33046
x 0 33047
p 0 191 33047
x 0 33048
p 0 192 33048
x 0 33049
p 0 190 33049
x 0 33050
p 0 189 33050
x 0 33051
p 0 191 33051
x 0 33052
p 0 190 33052
x 0 33053
p 0 194 33053
x 0 33054
p 0 193 33054
x 0 33055
p 0 196 33055
x 0 33056
p 0 194 33056
x 0 33057
p 0 193 33057
x 0 33058
p 0 195 33058
x 0 33059
p 0 193 33059
x 0 33060
p 0 194 33060
x 0 33000
h 0 10.0.0.5
p 0 380 33000
x 1 33001
h 1 10.0.0.5
p 1 154 33001
x 0 33002
p 0 130 33002
x 0 33003
p 0 151 33003
x 0 33004
p 0 143 33004
x 0 33005
p 0 194 33005
x 0 33006
p 0 197 33006
x 0 33007
p 0 196 33007
x 0 33008
p 0 293 33008
x 0 33009
p 0 398 33009
x 0 33010
p 0 172 33010
x 0 33011
p 0 175 33011
x 0 33012
p 0 166 33012
x 0 33013
p 0 169 33013
x 0 33014
p 0 174 33014
x 0 33015
p 0 176 33015
x 0 33016
p 0 171 33016
x 0 33017
p 0 196 33017
x 0 33018
p 0 174 33018
x 0 33019
p 0 173 33019
x 0 33020
p 0 199 33020
x 0 33021
p 0 180 33021
x 0 33022
p 0 197 33022
x 0 33023
p 0 200 33023
x 0 33024
p 0 180 33024
x 0 33025
p 0 203 33025
x 0 33026
p 0 205 33026
x 0 33027
p 0 201 33027
x 0 33028
p 0 198 33028
x 0 33029
p 0 173 33029
x 0 33030
p 0 200 33030
x 0 33031
p 0 233 33031
x 0 33032
p 0 196 33032
x 0 33033
p 0 199 33033
x 0 33034
p 0 197 33034
x 0 33035
p 0 200 33035
x 0 33036
p 0 117 33036
x 0 33037
p 0 251 33037
x 0 33038
p 0 199 33038
x 0 33039
p 0 199 33039
x 0 33040
p 0 201 33040
x 0 33041
p 0 245 33041
x 0 33042
p 0 197 33042
x 0 33043
p 0 199 33043
x 0 33044
p 0 199 33044
x 0 33045
p 0 202 33045
x 0 33046
p 0 202 33046
x 0 33047
p 0 237 33047
x 0 33048
p 0 195 33048
x 0 33049
p 0 206 33049
x 0 33050
p 0 202 33050
x 0 33051
p 0 205 33051
x 0 33052
p 0 201 33052
x 0 33053
p 0 202 33053
x 0 33054
p 0 232 33054
x 0 33055
p 0 186 33055
x 0 33056
p 0 207 33056
x 0 33057
p 0 293 33057
x 0 33058
p 0 200 33058
x 0 33059
p 0 201 33059
x 0 33060
p 0 201 33060
x 0 33000
h 0 10.0.0.5
p 0 502 33000
x 1 33001
h 1 10.0.0.5
p 1 149 33001
x 0 33002
p 0 157 33002
x 0 33003
p 0 158 33003
x 0 33004
p 0 197 33004
x 0 33005
p 0 199 33005
x 0 33006
p 0 197 33006
x 0 33007
p 0 196 33007
x 0 33008
p 0 238 33008
x 0 33009
p 0 195 33009
x 0 33010
p 0 197 33010
x 0 33011
p 0 201 33011
x 0 33012
p 0 201 33012
x 0 33013
p 0 203 33013
x 0 33014
p 0 197 33014
x 0 33015
p 0 198 33015
x 0 33016
p 0 202 33016
x 0 33017
p 0 198 33017
x 0 33018
p 0 200 33018
x 0 33019
p 0 200 33019
x 0 33020
p 0 199 33020
x 0 33021
p 0 206 33021
x 0 33022
p 0 201 33022
x 0 33023
p 0 221 33023
x 0 33024
p 0 233 33024
x 0 33025
p 0 299 33025
x 0 33026
p 0 270 33026
x 0 33027
p 0 276 33027
x 0 33028
p 0 275 33028
x 0 33029
p 0 311 33029
x 0 33030
p 0 264 33030
x 0 33031
p 0 267 33031
x 0 33032
p 0 260 33032
x 0 33033
p 0 367 33033
x 0 33034
p 0 356 33034
x 0 33035
p 0 346 33035
x 0 33036
p 0 310 33036
x 0 33037
p 0 631 33037
x 0 33038
p 0 571 33038
x 0 33039
p 0 193 33039
x 0 33040
p 0 234 33040
x 0 33041
p 0 272 33041
x 0 33042
p 0 267 33042
x 0 33043
p 0 312 33043
x 0 33044
p 0 268 33044
x 0 33045
p 0 270 33045
x 0 33046
p 0 269 33046
x 0 33047
p 0 266 33047
x 0 33048
p 0 266 33048
x 0 33049
p 0 263 33049
x 0 33050
p 0 301 33050
x 0 33051
p 0 261 33051
x 0 33052
p 0 340 33052
x 0 33053
p 0 344 33053
x 0 33054
p 0 338 33054
x 0 33055
p 0 354 33055
x 0 33056
p 0 344 33056
x 0 33057
p 0 366 33057
x 0 33058
p 0 358 33058
x 0 33059
p 0 335 33059
x 0 33060
p 0 372 33060
x 0 33000
h 0 10.0.0.5
p 0 642 33000
x 1 33001
h 1 10.0.0.5
p 1 192 33001
x 0 33002
p 0 180 33002
x 0 33003
p 0 197 33003
x 0 33004
p 0 177 33004
x 0 33005
p 0 196 33005
x 0 33006
p 0 289 33006
x 0 33007
p 0 201 33007
x 0 33008
p 0 319 33008
x 0 33009
p 0 202 33009
x 0 33010
p 0 199 33010
x 0 33011
p 0 204 33011
x 0 33012
p 0 201 33012
x 0 33013
p 0 203 33013
x 0 33014
p 0 153 33014
x 0 33015
p 0 170 33015
x 0 33016
p 0 207 33016
x 0 33017
p 0 199 33017
x 0 33018
p 0 204 33018
x 0 33019
p 0 195 33019
x 0 33020
p 0 197 33020
x 0 33021
p 0 199 33021
x 0 33022
p 0 251 33022
x 0 33023
p 0 165 33023
x 0 33024
p 0 290 33024
x 0 33025
p 0 202 33025
x 0 33026
p 0 205 33026
x 0 33027
p 0 294 33027
x 0 33028
p 0 208 33028
x 0 33029
p 0 200 33029
x 0 33030
p 0 170 33030
x 0 33031
p 0 209 33031
x 0 33032
p 0 205 33032
x 0 33033
p 0 204 33033
x 0 33034
p 0 161 33034
x 0 33035
p 0 198 33035
x 0 33036
p 0 172 33036
x 0 33037
p 0 163 33037
x 0 33038
p 0 168 33038
x 0 33039
p 0 162 33039
x 0 33040
p 0 197 33040
x 0 33041
p 0 199 33041
x 0 33042
p 0 199 33042
x 0 33043
p 0 324 33043
x 0 33044
p 0 245 33044
x 0 33045
p 0 197 33045
x 0 33046
p 0 203 33046
x 0 33047
p 0 174 33047
x 0 33048
p 0 109 33048
x 0 33049
p 0 210 33049
x 0 33050
p 0 253 33050
x 0 33051
p 0 268 33051
x 0 33052
p 0 202 33052
x 0 33053
p 0 202 33053
x 0 33054
p 0 337 33054
x 0 33055
p 0 235 33055
x 0 33056
p 0 133 33056
x 0 33057
p 0 205 33057
x 0 33058
p 0 177 33058
x 0 33059
p 0 239 33059
x 0 33060
p 0 204 33060
x 0 33000
h 0 10.0.0.5
p 0 747 33000
x 1 33001
h 1 10.0.0.5
p 1 157 33001
x 0 33002
p 0 162 33002
x 0 33003
p 0 247 33003
x 0 33004
p 0 157 33004
x 0 33005
p 0 188 33005
x 0 33006
p 0 173 33006
x 0 33007
p 0 200 33007
x 0 33008
p 0 202 33008
x 0 33009
p 0 195 33009
x 0 33010
p 0 201 33010
x 0 33011
p 0 203 33011
x 0 33012
p 0 200 33012
x 0 33013
p 0 197 33013
x 0 33014
p 0 195 33014
x 0 33015
p 0 195 33015
x 0 33016
p 0 195 33016
x 0 33017
p 0 217 33017
x 0 33018
p 0 199 33018
x 0 33019
p 0 202 33019
x 0 33020
p 0 197 33020
x 0 33021
p 0 201 33021
x 0 33022
p 0 198 33022
x 0 33023
p 0 195 33023
x 0 33024
p 0 197 33024
x 0 33025
p 0 200 33025
x 0 33026
p 0 198 33026
x 0 33027
p 0 197 33027
x 0 33028
p 0 200 33028
x 0 33029
p 0 196 33029
x 0 33030
p 0 194 33030
x 0 33031
p 0 198 33031
x 0 33032
p 0 198 33032
x 0 33033
p 0 236 33033
x 0 33034
p 0 196 33034
x 0 33035
p 0 202 33035
x 0 33036
p 0 201 33036
x 0 33037
p 0 204 33037
x 0 33038
p 0 202 33038
x 0 33039
p 0 198 33039
x 0 33040
p 0 240 33040
x 0 33041
p 0 200 33041
x 0 33042
p 0 200 33042
x 0 33043
p 0 204 33043
x 0 33044
p 0 301 33044
x 0 33045
p 0 295 33045
x 0 33046
p 0 201 33046
x 0 33047
p 0 201 33047
x 0 33048
p 0 196 33048
x 0 33049
p 0 197 33049
x 0 33050
p 0 198 33050
x 0 33051
p 0 231 33051
x 0 33052
p 0 201 33052
x 0 33053
p 0 200 33053
x 0 33054
p 0 197 33054
x 0 33055
p 0 198 33055
x 0 33056
p 0 266 33056
x 0 33057
p 0 199 33057
x 0 33058
p 0 231 33058
x 0 33059
p 0 195 33059
x 0 33060
p 0 196 33060
x 0 33000
h 0 10.0.0.5
p 0 605 33000
x 1 33001
h 1 10.0.0.5
p 1 194 33001
x 0 33002
p 0 194 33002
x 0 33003
p 0 197 33003
x 0 33004
p 0 239 33004
x 0 33005
p 0 342 33005
x 0 33006
p 0 354 33006
x 0 33007
p 0 352 33007
x 0 33008
p 0 371 33008
x 0 33009
p 0 199 33009
x 0 33010
p 0 192 33010
x 0 33011
p 0 205 33011
x 0 33012
p 0 204 33012
x 0 33013
p 0 199 33013
x 0 33014
p 0 193 33014
x 0 33015
p 0 197 33015
x 0 33016
p 0 199 33016
x 0 33017
p 0 201 33017
x 0 33018
p 0 202 33018
x 0 33019
p 0 197 33019
x 0 33020
p 0 321 33020
x 0 33021
p 0 273 33021
x 0 33022
p 0 198 33022
x 0 33023
p 0 204 33023
x 0 33024
p 0 222 33024
x 0 33025
p 0 312 33025
x 0 33026
p 0 197 33026
x 0 33027
p 0 197 33027
x 0 33028
p 0 201 33028
x 0 33029
p 0 227 33029
x 0 33030
p 0 157 33030
x 0 33031
p 0 163 33031
x 0 33032
p 0 187 33032
x 0 33033
p 0 155 33033
x 0 33034
p 0 156 33034
x 0 33035
p 0 156 33035
x 0 33036
p 0 193 33036
x 0 33037
p 0 150 33037
x 0 33038
p 0 162 33038
x 0 33039
p 0 162 33039
x 0 33040
p 0 176 33040
x 0 33041
p 0 202 33041
x 0 33042
p 0 198 33042
x 0 33043
p 0 201 33043
x 0 33044
p 0 200 33044
x 0 33045
p 0 201 33045
x 0 33046
p 0 270 33046
x 0 33047
p 0 205 33047
x 0 33048
p 0 208 33048
x 0 33049
p 0 200 33049
x 0 33050
p 0 198 33050
x 0 33051
p 0 201 33051
x 0 33052
p 0 233 33052
x 0 33053
p 0 203 33053
x 0 33054
p 0 198 33054
x 0 33055
p 0 201 33055
x 0 33056
p 0 206 33056
x 0 33057
p 0 197 33057
x 0 33058
p 0 144 33058
x 0 33059
p 0 145 33059
x 0 33060
p 0 248 33060
x 0 33000
h 0 10.0.0.5
p 0 541 33000
x 1 33001
h 1 10.0.0.5
p 1 197 33001
x 0 33002
p 0 159 33002
x 0 33003
p 0 199 33003
x 0 33004
p 0 157 33004
x 0 33005
p 0 86 33005
x 0 33006
p 0 200 33006
x 0 33007
p 0 200 33007
x 0 33008
p 0 198 33008
x 0 33009
p 0 195 33009
x 0 33010
p 0 198 33010
x 0 33011
p 0 164 33011
x 0 33012
p 0 198 33012
x 0 33013
p 0 196 33013
x 0 33014
p 0 196 33014
x 0 33015
p 0 219 33015
x 0 33016
p 0 205 33016
x 0 33017
p 0 209 33017
x 0 33018
p 0 203 33018
x 0 33019
p 0 196 33019
x 0 33020
p 0 193 33020
x 0 33021
p 0 192 33021
x 0 33022
p 0 200 33022
x 0 33023
p 0 196 33023
x 0 33024
p 0 194 33024
x 0 33025
p 0 194 33025
x 0 33026
p 0 204 33026
x 0 33027
p 0 203 33027
x 0 33028
p 0 200 33028
x 0 33029
p 0 198 33029
x 0 33030
p 0 201 33030
x 0 33031
p 0 201 33031
x 0 33032
p 0 183 33032
x 0 33033
p 0 199 33033
x 0 33034
p 0 260 33034
x 0 33035
p 0 156 33035
x 0 33036
p 0 151 33036
x 0 33037
p 0 150 33037
x 0 33038
p 0 358 33038
x 0 33039
p 0 250 33039
x 0 33040
p 0 149 33040
x 0 33041
p 0 143 33041
x 0 33042
p 0 145 33042
x 0 33043
p 0 146 33043
x 0 33044
p 0 147 33044
x 0 33045
p 0 144 33045
x 0 33046
p 0 243 33046
x 0 33047
p 0 361 33047
x 0 33048
p 0 220 33048
x 0 33049
p 0 259 33049
x 0 33050
p 0 263 33050
x 0 33051
p 0 358 33051
x 0 33052
p 0 172 33052
x 0 33053
p 0 166 33053
x 0 33054
p 0 190 33054
x 0 33055
p 0 302 33055
x 0 33056
p 0 248 33056
x 0 33057
p 0 179 33057
x 0 33058
p 0 181 33058
x 0 33059
p 0 150 33059
x 0 33060
p 0 187 33060
x 0 33000
h 0 10.0.0.5
p 0 582 33000
x 1 33001
h 1 10.0.0.5
p 1 249 33001
x 0 33002
p 0 216 33002
x 0 33003
p 0 220 33003
x 0 33004
p 0 223 33004
x 0 33005
p 0 219 33005
x 0 33006
p 0 192 33006
x 0 33007
p 0 195 33007
x 0 33008
p 0 217 33008
x 0 33009
p 0 193 33009
x 0 33010
p 0 192 33010
x 0 33011
p 0 192 33011
x 0 33012
p 0 195 33012
x 0 33013
p 0 190 33013
x 0 33014
p 0 192 33014
x 0 33015
p 0 191 33015
x 0 33016
p 0 192 33016
x 0 33017
p 0 192 33017
x 0 33018
p 0 191 33018
x 0 33019
p 0 162 33019
x 0 33020
p 0 192 33020
x 0 33021
p 0 190 33021
x 0 33022
p 0 192 33022
x 0 33023
p 0 162 33023
x 0 33024
p 0 195 33024
x 0 33025
p 0 194 33025
x 0 33026
p 0 160 33026
x 0 33027
p 0 162 33027
x 0 33028
p 0 194 33028
x 0 33029
p 0 191 33029
x 0 33030
p 0 159 33030
x 0 33031
p 0 218 33031
x 0 33032
p 0 160 33032
x 0 33033
p 0 155 33033
x 0 33034
p 0 158 33034
x 0 33035
p 0 157 33035
x 0 33036
p 0 231 33036
x 0 33037
p 0 146 33037
x 0 33038
p 0 171 33038
x 0 33039
p 0 151 33039
x 0 33040
p 0 198 33040
x 0 33041
p 0 197 33041
x 0 33042
p 0 202 33042
x 0 33043
p 0 196 33043
x 0 33044
p 0 200 33044
x 0 33045
p 0 225 33045
x 0 33046
p 0 196 33046
x 0 33047
p 0 203 33047
x 0 33048
p 0 196 33048
x 0 33049
p 0 194 33049
x 0 33050
p 0 193 33050
x 0 33051
p 0 188 33051
x 0 33052
p 0 311 33052
x 0 33053
p 0 189 33053
x 0 33054
p 0 190 33054
x 0 33055
p 0 191 33055
x 0 33056
p 0 191 33056
x 0 33057
p 0 191 33057
x 0 33058
p 0 146 33058
x 0 33059
p 0 155 33059
x 0 33060
p 0 147 33060
x 0 33000
h 0 10.0.0.5
p 0 385 33000
x 1 33001
h 1 10.0.0.5
p 1 175 33001
x 0 33002
p 0 204 33002
x 0 33003
p 0 201 33003
x 0 33004
p 0 199 33004
x 0 33005
p 0 200 33005
x 0 33006
p 0 196 33006
x 0 33007
p 0 233 33007
x 0 33008
p 0 228 33008
x 0 33009
p 0 172 33009
x 0 33010
p 0 199 33010
x 0 33011
p 0 198 33011
x 0 33012
p 0 226 33012
x 0 33013
p 0 195 33013
x 0 33014
p 0 248 33014
x 0 33015
p 0 198 33015
x 0 33016
p 0 198 33016
x 0 33017
p 0 198 33017
x 0 33018
p 0 167 33018
x 0 33019
p 0 201 33019
x 0 33020
p 0 197 33020
x 0 33021
p 0 195 33021
x 0 33022
p 0 194 33022
x 0 33023
p 0 201 33023
x 0 33024
p 0 200 33024
x 0 33025
p 0 177 33025
x 0 33026
p 0 199 33026
x 0 33027
p 0 202 33027
x 0 33028
p 0 198 33028
x 0 33029
p 0 196 33029
x 0 33030
p 0 198 33030
x 0 33031
p 0 201 33031
x 0 33032
p 0 231 33032
x 0 33033
p 0 196 33033
x 0 33034
p 0 251 33034
x 0 33035
p 0 362 33035
x 0 33036
p 0 388 33036
x 0 33037
p 0 204 33037
x 0 33038
p 0 193 33038
x 0 33039
p 0 207 33039
x 0 33040
p 0 222 33040
x 0 33041
p 0 195 33041
x 0 33042
p 0 197 33042
x 0 33043
p 0 198 33043
x 0 33044
p 0 198 33044
x 0 33045
p 0 201 33045
x 0 33046
p 0 197 33046
x 0 33047
p 0 201 33047
x 0 33048
p 0 189 33048
x 0 33049
p 0 197 33049
x 0 33050
p 0 211 33050
x 0 33051
p 0 199 33051
x 0 33052
p 0 200 33052
x 0 33053
p 0 166 33053
x 0 33054
p 0 163 33054
x 0 33055
p 0 202 33055
x 0 33056
p 0 197 33056
x 0 33057
p 0 198 33057
x 0 33058
p 0 162 33058
x 0 33059
p 0 198 33059
x 0 33060
p 0 200 33060
x 0 33000
h 0 10.0.0.5
p 0 469 33000
x 1 33001
h 1 10.0.0.5
p 1 214 33001
x 0 33002
p 0 198 33002
x 0 33003
p 0 192 33003
x 0 33004
p 0 194 33004
x 0 33005
p 0 223 33005
x 0 33006
p 0 190 33006
x 0 33007
p 0 181 33007
x 0 33008
p 0 162 33008
x 0 33009
p 0 125 33009
x 0 33010
p 0 266 33010
x 0 33011
p 0 194 33011
x 0 33012
p 0 326 33012
x 0 33013
p 0 307 33013
x 0 33014
p 0 254 33014
x 0 33015
p 0 238 33015
x 0 33016
p 0 192 33016
x 0 33017
p 0 249 33017
x 0 33018
p 0 191 33018
x 0 33019
p 0 194 33019
x 0 33020
p 0 197 33020
x 0 33021
p 0 265 33021
x 0 33022
p 0 176 33022
x 0 33023
p 0 144 33023
x 0 33024
p 0 142 33024
x 0 33025
p 0 251 33025
x 0 33026
p 0 383 33026
x 0 33027
p 0 152 33027
x 0 33028
p 0 193 33028
x 0 33029
p 0 254 33029
x 0 33030
p 0 198 33030
x 0 33031
p 0 202 33031
x 0 33032
p 0 187 33032
x 0 33033
p 0 213 33033
x 0 33034
p 0 163 33034
x 0 33035
p 0 163 33035
x 0 33036
p 0 156 33036
x 0 33037
p 0 154 33037
x 0 33038
p 0 253 33038
x 0 33039
p 0 155 33039
x 0 33040
p 0 198 33040
x 0 33041
p 0 148 33041
x 0 33042
p 0 197 33042
x 0 33043
p 0 187 33043
x 0 33044
p 0 188 33044
x 0 33045
p 0 188 33045
x 0 33046
p 0 185 33046
x 0 33047
p 0 345 33047
x 0 33048
p 0 187 33048
x 0 33049
p 0 186 33049
x 0 33050
p 0 192 33050
x 0 33051
p 0 188 33051
x 0 33052
p 0 190 33052
x 0 33053
p 0 188 33053
x 0 33054
p 0 186 33054
x 0 33055
p 0 187 33055
x 0 33056
p 0 232 33056
x 0 33057
p 0 188 33057
x 0 33058
p 0 158 33058
x 0 33059
p 0 186 33059
x 0 33060
p 0 187 33060
x 0 33000
h 0 10.0.0.5
p 0 462 33000
x 1 33001
h 1 10.0.0.5
p 1 157 33001
x 0 33002
p 0 238 33002
x 0 33003
p 0 195 33003
x 0 33004
p 0 208 33004
x 0 33005
p 0 269 33005
x 0 33006
p 0 208 33006
x 0 33007
p 0 205 33007
x 0 33008
p 0 203 33008
x 0 33009
p 0 202 33009
x 0 33010
p 0 204 33010
x 0 33011
p 0 201 33011
x 0 33012
p 0 204 33012
x 0 33013
p 0 202 33013
x 0 33014
p 0 202 33014
x 0 33015
p 0 202 33015
x 0 33016
p 0 199 33016
x 0 33017
p 0 204 33017
x 0 33018
p 0 202 33018
x 0 33019
p 0 201 33019
x 0 33020
p 0 202 33020
x 0 33021
p 0 200 33021
x 0 33022
p 0 203 33022
x 0 33023
p 0 203 33023
x 0 33024
p 0 201 33024
x 0 33025
p 0 200 33025
x 0 33026
p 0 200 33026
x 0 33027
p 0 203 33027
x 0 33028
p 0 201 33028
x 0 33029
p 0 205 33029
x 0 33030
p 0 203 33030
x 0 33031
p 0 201 33031
x 0 33032
p 0 204 33032
x 0 33033
p 0 206 33033
x 0 33034
p 0 195 33034
x 0 33035
p 0 194 33035
x 0 33036
p 0 193 33036
x 0 33037
p 0 194 33037
x 0 33038
p 0 192 33038
x 0 33039
p 0 190 33039
x 0 33040
p 0 191 33040
x 0 33041
p 0 195 33041
x 0 33042
p 0 196 33042
x 0 33043
p 0 191 33043
x 0 33044
p 0 190 33044
x 0 33045
p 0 191 33045
x 0 33046
p 0 192 33046
x 0 33047
p 0 196 33047
x 0 33048
p 0 194 33048
x 0 33049
p 0 193 33049
x 0 33050
p 0 192 33050
x 0 33051
p 0 193 33051
x 0 33052
p 0 195 33052
x 0 33053
p 0 195 33053
x 0 33054
p 0 193 33054
x 0 33055
p 0 194 33055
x 0 33056
p 0 191 33056
x 0 33057
p 0 192 33057
x 0 33058
p 0 193 33058
x 0 33059
p 0 189 33059
x 0 33060
p 0 163 33060
x 0 33000
h 0 10.0.0.5
p 0 469 33000
x 1 33001
h 1 10.0.0.5
p 1 193 33001
x 0 33002
p 0 200 33002
x 0 33003
p 0 198 33003
x 0 33004
p 0 204 33004
x 0 33005
p 0 200 33005
x 0 33006
p 0 236 33006
x 0 33007
p 0 193 33007
x 0 33008
p 0 194 33008
x 0 33009
p 0 197 33009
x 0 33010
p 0 197 33010
x 0 33011
p 0 193 33011
x 0 33012
p 0 192 33012
x 0 33013
p 0 195 33013
x 0 33014
p 0 167 33014
x 0 33015
p 0 196 33015
x 0 33016
p 0 189 33016
x 0 33017
p 0 166 33017
x 0 33018
p 0 193 33018
x 0 33019
p 0 218 33019
x 0 33020
p 0 198 33020
x 0 33021
p 0 171 33021
x 0 33022
p 0 203 33022
x 0 33023
p 0 199 33023
x 0 33024
p 0 171 33024
x 0 33025
p 0 170 33025
x 0 33026
p 0 202 33026
x 0 33027
p 0 197 33027
x 0 33028
p 0 171 33028
x 0 33029
p 0 122 33029
x 0 33030
p 0 196 33030
x 0 33031
p 0 166 33031
x 0 33032
p 0 171 33032
x 0 33033
p 0 270 33033
x 0 33034
p 0 265 33034
x 0 33035
p 0 168 33035
x 0 33036
p 0 167 33036
x 0 33037
p 0 168 33037
x 0 33038
p 0 167 33038
x 0 33039
p 0 165 33039
x 0 33040
p 0 165 33040
x 0 33041
p 0 199 33041
x 0 33042
p 0 165 33042
x 0 33043
p 0 164 33043
x 0 33044
p 0 233 33044
x 0 33045
p 0 218 33045
x 0 33046
p 0 228 33046
x 0 33047
p 0 191 33047
x 0 33048
p 0 192 33048
x 0 33049
p 0 193 33049
x 0 33050
p 0 308 33050
x 0 33051
p 0 230 33051
x 0 33052
p 0 193 33052
x 0 33053
p 0 195 33053
x 0 33054
p 0 194 33054
x 0 33055
p 0 198 33055
x 0 33056
p 0 193 33056
x 0 33057
p 0 193 33057
x 0 33058
p 0 194 33058
x 0 33059
p 0 191 33059
x 0 33060
p 0 190 33060
x 0 33000
h 0 10.0.0.5
p 0 445 33000
x 1 33001
h 1 10.0.0.5
p 1 206 33001
x 0 33002
p 0 262 33002
x 0 33003
p 0 208 33003
x 0 33004
p 0 194 33004
x 0 33005
p 0 195 33005
x 0 33006
p 0 155 33006
x 0 33007
p 0 201 33007
x 0 33008
p 0 200 33008
x 0 33009
p 0 196 33009
x 0 33010
p 0 201 33010
x 0 33011
p 0 198 33011
x 0 33012
p 0 201 33012
x 0 33013
p 0 196 33013
x 0 33014
p 0 195 33014
x 0 33015
p 0 199 33015
x 0 33016
p 0 196 33016
x 0 33017
p 0 174 33017
x 0 33018
p 0 197 33018
x 0 33019
p 0 228 33019
x 0 33020
p 0 266 33020
x 0 33021
p 0 194 33021
x 0 33022
p 0 202 33022
x 0 33023
p 0 228 33023
x 0 33024
p 0 198 33024
x 0 33025
p 0 200 33025
x 0 33026
p 0 198 33026
x 0 33027
p 0 200 33027
x 0 33028
p 0 198 33028
x 0 33029
p 0 201 33029
x 0 33030
p 0 204 33030
x 0 33031
p 0 199 33031
x 0 33032
p 0 287 33032
x 0 33033
p 0 200 33033
x 0 33034
p 0 199 33034
x 0 33035
p 0 204 33035
x 0 33036
p 0 198 33036
x 0 33037
p 0 202 33037
x 0 33038
p 0 200 33038
x 0 33039
p 0 196 33039
x 0 33040
p 0 216 33040
x 0 33041
p 0 200 33041
x 0 33042
p 0 200 33042
x 0 33043
p 0 198 33043
x 0 33044
p 0 223 33044
x 0 33045
p 0 235 33045
x 0 33046
p 0 200 33046
x 0 33047
p 0 201 33047
x 0 33048
p 0 196 33048
x 0 33049
p 0 196 33049
x 0 33050
p 0 198 33050
x 0 33051
p 0 237 33051
x 0 33052
p 0 291 33052
x 0 33053
p 0 278 33053
x 0 33054
p 0 198 33054
x 0 33055
p 0 201 33055
x 0 33056
p 0 199 33056
x 0 33057
p 0 200 33057
x 0 33058
p 0 227 33058
x 0 33059
p 0 319 33059
x 0 33060
p 0 200 33060
x 0 33000
h 0 10.0.0.5
p 0 497 33000
x 1 33001
h 1 10.0.0.5
p 1 168 33001
x 0 33002
p 0 135 33002
x 0 33003
p 0 151 33003
x 0 33004
p 0 194 33004
x 0 33005
p 0 198 33005
x 0 33006
p 0 315 33006
x 0 33007
p 0 212 33007
x 0 33008
p 0 294 33008
x 0 33009
p 0 286 33009
x 0 33010
p 0 209 33010
x 0 33011
p 0 318 33011
x 0 33012
p 0 208 33012
x 0 33013
p 0 295 33013
x 0 33014
p 0 212 33014
x 0 33015
p 0 277 33015
x 0 33016
p 0 286 33016
x 0 33017
p 0 207 33017
x 0 33018
p 0 302 33018
x 0 33019
p 0 291 33019
x 0 33020
p 0 288 33020
x 0 33021
p 0 205 33021
x 0 33022
p 0 326 33022
x 0 33023
p 0 210 33023
x 0 33024
p 0 284 33024
x 0 33025
p 0 290 33025
x 0 33026
p 0 304 33026
x 0 33027
p 0 292 33027
x 0 33028
p 0 206 33028
x 0 33029
p 0 280 33029
x 0 33030
p 0 310 33030
x 0 33031
p 0 289 33031
x 0 33032
p 0 287 33032
x 0 33033
p 0 208 33033
x 0 33034
p 0 243 33034
x 0 33035
p 0 213 33035
x 0 33036
p 0 286 33036
x 0 33037
p 0 293 33037
x 0 33038
p 0 243 33038
x 0 33039
p 0 204 33039
x 0 33040
p 0 393 33040
x 0 33041
p 0 205 33041
x 0 33042
p 0 249 33042
x 0 33043
p 0 205 33043
x 0 33044
p 0 203 33044
x 0 33045
p 0 206 33045
x 0 33046
p 0 245 33046
x 0 33047
p 0 207 33047
x 0 33048
p 0 204 33048
x 0 33049
p 0 206 33049
x 0 33050
p 0 251 33050
x 0 33051
p 0 210 33051
x 0 33052
p 0 211 33052
x 0 33053
p 0 217 33053
x 0 33054
p 0 251 33054
x 0 33055
p 0 213 33055
x 0 33056
p 0 100 33056
x 0 33057
p 0 211 33057
x 0 33058
p 0 250 33058
x 0 33059
p 0 209 33059
x 0 33060
p 0 293 33060
x 0 33000
h 0 10.0.0.5
p 0 297 33000
x 1 33001
h 1 10.0.0.5
p 1 126 33001
x 0 33002
p 0 157 33002
x 0 33003
p 0 138 33003
x 0 33004
p 0 183 33004
x 0 33005
p 0 183 33005
x 0 33006
p 0 195 33006
x 0 33007
p 0 305 33007
x 0 33008
p 0 296 33008
x 0 33009
p 0 212 33009
x 0 33010
p 0 197 33010
x 0 33011
p 0 191 33011
x 0 33012
p 0 215 33012
x 0 33013
p 0 218 33013
x 0 33014
p 0 272 33014
x 0 33015
p 0 364 33015
x 0 33016
p 0 318 33016
x 0 33017
p 0 196 33017
x 0 33018
p 0 270 33018
x 0 33019
p 0 192 33019
x 0 33020
p 0 194 33020
x 0 33021
p 0 202 33021
x 0 33022
p 0 194 33022
x 0 33023
p 0 340 33023
x 0 33024
p 0 164 33024
x 0 33025
p 0 275 33025
x 0 33026
p 0 278 33026
x 0 33027
p 0 275 33027
x 0 33028
p 0 343 33028
x 0 33029
p 0 198 33029
x 0 33030
p 0 192 33030
x 0 33031
p 0 351 33031
x 0 33032
p 0 165 33032
x 0 33033
p 0 196 33033
x 0 33034
p 0 190 33034
x 0 33035
p 0 365 33035
x 0 33036
p 0 640 33036
x 0 33037
p 0 276 33037
x 0 33038
p 0 190 33038
x 0 33039
p 0 189 33039
x 0 33040
p 0 194 33040
x 0 33041
p 0 270 33041
x 0 33042
p 0 194 33042
x 0 33043
p 0 195 33043
x 0 33044
p 0 192 33044
x 0 33045
p 0 195 33045
x 0 33046
p 0 203 33046
x 0 33047
p 0 200 33047
x 0 33048
p 0 274 33048
x 0 33049
p 0 325 33049
x 0 33050
p 0 192 33050
x 0 33051
p 0 273 33051
x 0 33052
p 0 197 33052
x 0 33053
p 0 195 33053
x 0 33054
p 0 191 33054
x 0 33055
p 0 192 33055
x 0 33056
p 0 194 33056
x 0 33057
p 0 192 33057
x 0 33058
p 0 189 33058
x 0 33059
p 0 192 33059
x 0 33060
p 0 194 33060
x 0 33000
h 0 10.0.0.5
p 0 430 33000
x 1 33001
h 1 10.0.0.5
p 1 203 33001
x 0 33002
p 0 167 33002
x 0 33003
p 0 196 33003
x 0 33004
p 0 222 33004
x 0 33005
p 0 175 33005
x 0 33006
p 0 173 33006
x 0 33007
p 0 167 33007
x 0 33008
p 0 189 33008
x 0 33009
p 0 188 33009
x 0 33010
p 0 190 33010
x 0 33011
p 0 192 33011
x 0 33012
p 0 194 33012
x 0 33013
p 0 191 33013
x 0 33014
p 0 165 33014
x 0 33015
p 0 197 33015
x 0 33016
p 0 197 33016
x 0 33017
p 0 195 33017
x 0 33018
p 0 191 33018
x 0 33019
p 0 188 33019
x 0 33020
p 0 195 33020
x 0 33021
p 0 192 33021
x 0 33022
p 0 190 33022
x 0 33023
p 0 226 33023
x 0 33024
p 0 192 33024
x 0 33025
p 0 291 33025
x 0 33026
p 0 256 33026
x 0 33027
p 0 192 33027
x 0 33028
p 0 194 33028
x 0 33029
p 0 191 33029
x 0 33030
p 0 196 33030
x 0 33031
p 0 191 33031
x 0 33032
p 0 192 33032
x 0 33033
p 0 193 33033
x 0 33034
p 0 192 33034
x 0 33035
p 0 194 33035
x 0 33036
p 0 192 33036
x 0 33037
p 0 194 33037
x 0 33038
p 0 191 33038
x 0 33039
p 0 190 33039
x 0 33040
p 0 190 33040
x 0 33041
p 0 329 33041
x 0 33042
p 0 195 33042
x 0 33043
p 0 160 33043
x 0 33044
p 0 114 33044
x 0 33045
p 0 162 33045
x 0 33046
p 0 146 33046
x 0 33047
p 0 162 33047
x 0 33048
p 0 148 33048
x 0 33049
p 0 147 33049
x 0 33050
p 0 154 33050
x 0 33051
p 0 158 33051
x 0 33052
p 0 170 33052
x 0 33053
p 0 147 33053
x 0 33054
p 0 156 33054
x 0 33055
p 0 155 33055
x 0 33056
p 0 147 33056
x 0 33057
p 0 150 33057
x 0 33058
p 0 146 33058
x 0 33059
p 0 154 33059
x 0 33060
p 0 155 33060
x 0 33000
h 0 10.0.0.5
p 0 553 33000
x 1 33001
h 1 10.0.0.5
p 1 153 33001
x 0 33002
p 0 200 33002
x 0 33003
p 0 195 33003
x 0 33004
p 0 197 33004
x 0 33005
p 0 197 33005
x 0 33006
p 0 194 33006
x 0 33007
p 0 194 33007
x 0 33008
p 0 192 33008
x 0 33009
p 0 242 33009
x 0 33010
p 0 169 33010
x 0 33011
p 0 202 33011
x 0 33012
p 0 195 33012
x 0 33013
p 0 190 33013
x 0 33014
p 0 189 33014
x 0 33015
p 0 193 33015
x 0 33016
p 0 280 33016
x 0 33017
p 0 194 33017
x 0 33018
p 0 190 33018
x 0 33019
p 0 191 33019
x 0 33020
p 0 163 33020
x 0 33021
p 0 191 33021
x 0 33022
p 0 191 33022
x 0 33023
p 0 240 33023
x 0 33024
p 0 199 33024
x 0 33025
p 0 167 33025
x 0 33026
p 0 193 33026
x 0 33027
p 0 192 33027
x 0 33028
p 0 165 33028
x 0 33029
p 0 191 33029
x 0 33030
p 0 192 33030
x 0 33031
p 0 280 33031
x 0 33032
p 0 271 33032
x 0 33033
p 0 191 33033
x 0 33034
p 0 198 33034
x 0 33035
p 0 192 33035
x 0 33036
p 0 156 33036
x 0 33037
p 0 191 33037
x 0 33038
p 0 190 33038
x 0 33039
p 0 168 33039
x 0 33040
p 0 195 33040
x 0 33041
p 0 179 33041
x 0 33042
p 0 195 33042
x 0 33043
p 0 247 33043
x 0 33044
p 0 300 33044
x 0 33045
p 0 325 33045
x 0 33046
p 0 242 33046
x 0 33047
p 0 165 33047
x 0 33048
p 0 285 33048
x 0 33049
p 0 279 33049
x 0 33050
p 0 169 33050
x 0 33051
p 0 192 33051
x 0 33052
p 0 195 33052
x 0 33053
p 0 191 33053
x 0 33054
p 0 200 33054
x 0 33055
p 0 196 33055
x 0 33056
p 0 317 33056
x 0 33057
p 0 163 33057
x 0 33058
p 0 193 33058
x 0 33059
p 0 192 33059
x 0 33060
p 0 195 33060
x 0 33000
h 0 10.0.0.5
p 0 492 33000
x 1 33001
h 1 10.0.0.5
p 1 171 33001
x 0 33002
p 0 89 33002
x 0 33003
p 0 170 33003
x 0 33004
p 0 161 33004
x 0 33005
p 0 270 33005
x 0 33006
p 0 191 33006
x 0 33007
p 0 154 33007
x 0 33008
p 0 152 33008
x 0 33009
p 0 197 33009
x 0 33010
p 0 160 33010
x 0 33011
p 0 98 33011
x 0 33012
p 0 191 33012
x 0 33013
p 0 155 33013
x 0 33014
p 0 161 33014
x 0 33015
p 0 160 33015
x 0 33016
p 0 192 33016
x 0 33017
p 0 156 33017
x 0 33018
p 0 157 33018
x 0 33019
p 0 161 33019
x 0 33020
p 0 192 33020
x 0 33021
p 0 156 33021
x 0 33022
p 0 160 33022
x 0 33023
p 0 159 33023
x 0 33024
p 0 191 33024
x 0 33025
p 0 161 33025
x 0 33026
p 0 157 33026
x 0 33027
p 0 160 33027
x 0 33028
p 0 156 33028
x 0 33029
p 0 160 33029
x 0 33030
p 0 163 33030
x 0 33031
p 0 164 33031
x 0 33032
p 0 191 33032
x 0 33033
p 0 303 33033
x 0 33034
p 0 161 33034
x 0 33035
p 0 159 33035
x 0 33036
p 0 134 33036
x 0 33037
p 0 158 33037
x 0 33038
p 0 157 33038
x 0 33039
p 0 157 33039
x 0 33040
p 0 156 33040
x 0 33041
p 0 174 33041
x 0 33042
p 0 160 33042
x 0 33043
p 0 156 33043
x 0 33044
p 0 125 33044
x 0 33045
p 0 157 33045
x 0 33046
p 0 159 33046
x 0 33047
p 0 163 33047
x 0 33048
p 0 187 33048
x 0 33049
p 0 105 33049
x 0 33050
p 0 159 33050
x 0 33051
p 0 143 33051
x 0 33052
p 0 189 33052
x 0 33053
p 0 158 33053
x 0 33054
p 0 198 33054
x 0 33055
p 0 161 33055
x 0 33056
p 0 161 33056
x 0 33057
p 0 162 33057
x 0 33058
p 0 158 33058
x 0 33059
p 0 144 33059
x 0 33060
p 0 269 33060
x 0 33000
h 0 10.0.0.5
p 0 514 33000
x 1 33001
h 1 10.0.0.5
p 1 182 33001
x 0 33002
p 0 214 33002
x 0 33003
p 0 153 33003
x 0 33004
p 0 224 33004
x 0 33005
p 0 201 33005
x 0 33006
p 0 193 33006
x 0 33007
p 0 190 33007
x 0 33008
p 0 193 33008
x 0 33009
p 0 195 33009
x 0 33010
p 0 193 33010
x 0 33011
p 0 195 33011
x 0 33012
p 0 195 33012
x 0 33013
p 0 229 33013
x 0 33014
p 0 199 33014
x 0 33015
p 0 225 33015
x 0 33016
p 0 197 33016
x 0 33017
p 0 197 33017
x 0 33018
p 0 192 33018
x 0 33019
p 0 199 33019
x 0 33020
p 0 234 33020
x 0 33021
p 0 243 33021
x 0 33022
p 0 274 33022
x 0 33023
p 0 194 33023
x 0 33024
p 0 199 33024
x 0 33025
p 0 198 33025
x 0 33026
p 0 196 33026
x 0 33027
p 0 232 33027
x 0 33028
p 0 193 33028
x 0 33029
p 0 195 33029
x 0 33030
p 0 198 33030
x 0 33031
p 0 196 33031
x 0 33032
p 0 466 33032
x 0 33033
p 0 256 33033
x 0 33034
p 0 338 33034
x 0 33035
p 0 225 33035
x 0 33036
p 0 270 33036
x 0 33037
p 0 226 33037
x 0 33038
p 0 192 33038
x 0 33039
p 0 226 33039
x 0 33040
p 0 194 33040
x 0 33041
p 0 297 33041
x 0 33042
p 0 196 33042
x 0 33043
p 0 196 33043
x 0 33044
p 0 238 33044
x 0 33045
p 0 196 33045
x 0 33046
p 0 225 33046
x 0 33047
p 0 197 33047
x 0 33048
p 0 195 33048
x 0 33049
p 0 197 33049
x 0 33050
p 0 196 33050
x 0 33051
p 0 269 33051
x 0 33052
p 0 194 33052
x 0 33053
p 0 191 33053
x 0 33054
p 0 195 33054
x 0 33055
p 0 195 33055
x 0 33056
p 0 194 33056
x 0 33057
p 0 193 33057
x 0 33058
p 0 196 33058
x 0 33059
p 0 201 33059
x 0 33060
p 0 112 33060
x 0 33000
h 0 10.0.0.5
p 0 482 33000
x 1 33001
h 1 10.0.0.5
p 1 192 33001
x 0 33002
p 0 151 33002
x 0 33003
p 0 153 33003
x 0 33004
p 0 161 33004
x 0 33005
p 0 193 33005
x 0 33006
p 0 198 33006
x 0 33007
p 0 190 33007
x 0 33008
p 0 189 33008
x 0 33009
p 0 191 33009
x 0 33010
p 0 191 33010
x 0 33011
p 0 194 33011
x 0 33012
p 0 193 33012
x 0 33013
p 0 200 33013
x 0 33014
p 0 190 33014
x 0 33015
p 0 192 33015
x 0 33016
p 0 200 33016
x 0 33017
p 0 191 33017
x 0 33018
p 0 196 33018
x 0 33019
p 0 195 33019
x 0 33020
p 0 190 33020
x 0 33021
p 0 196 33021
x 0 33022
p 0 196 33022
x 0 33023
p 0 195 33023
x 0 33024
p 0 198 33024
x 0 33025
p 0 196 33025
x 0 33026
p 0 201 33026
x 0 33027
p 0 191 33027
x 0 33028
p 0 198 33028
x 0 33029
p 0 197 33029
x 0 33030
p 0 191 33030
x 0 33031
p 0 228 33031
x 0 33032
p 0 194 33032
x 0 33033
p 0 193 33033
x 0 33034
p 0 195 33034
x 0 33035
p 0 194 33035
x 0 33036
p 0 294 33036
x 0 33037
p 0 195 33037
x 0 33038
p 0 189 33038
x 0 33039
p 0 189 33039
x 0 33040
p 0 192 33040
x 0 33041
p 0 196 33041
x 0 33042
p 0 191 33042
x 0 33043
p 0 192 33043
x 0 33044
p 0 193 33044
x 0 33045
p 0 192 33045
x 0 33046
p 0 198 33046
x 0 33047
p 0 194 33047
x 0 33048
p 0 193 33048
x 0 33049
p 0 195 33049
x 0 33050
p 0 191 33050
x 0 33051
p 0 197 33051
x 0 33052
p 0 197 33052
x 0 33053
p 0 205 33053
x 0 33054
p 0 197 33054
x 0 33055
p 0 193 33055
x 0 33056
p 0 203 33056
x 0 33057
p 0 195 33057
x 0 33058
p 0 191 33058
x 0 33059
p 0 195 33059
x 0 33060
p 0 195 33060
x 0 33000
h 0 10.0.0.5
p 0 547 33000
x 1 33001
h 1 10.0.0.5
p 1 191 33001
x 0 33002
p 0 173 33002
x 0 33003
p 0 190 33003
x 0 33004
p 0 133 33004
x 0 33005
p 0 202 33005
x 0 33006
p 0 204 33006
x 0 33007
p 0 193 33007
x 0 33008
p 0 117 33008
x 0 33009
p 0 446 33009
x 0 33010
p 0 265 33010
x 0 33011
p 0 197 33011
x 0 33012
p 0 316 33012
x 0 33013
p 0 394 33013
x 0 33014
p 0 324 33014
x 0 33015
p 0 344 33015
x 0 33016
p 0 628 33016
x 0 33017
p 0 654 33017
x 0 33018
p 0 160 33018
x 0 33019
p 0 669 33019
x 0 33020
p 0 153 33020
x 0 33021
p 0 702 33021
x 0 33022
p 0 322 33022
x 0 33023
p 0 325 33023
x 0 33024
p 0 185 33024
x 0 33025
p 0 152 33025
x 0 33026
p 0 152 33026
x 0 33027
p 0 203 33027
x 0 33028
p 0 398 33028
x 0 33029
p 0 484 33029
x 0 33030
p 0 420 33030
x 0 33031
p 0 442 33031
x 0 33032
p 0 476 33032
x 0 33033
p 0 412 33033
x 0 33034
p 0 408 33034
x 0 33035
p 0 371 33035
x 0 33036
p 0 348 33036
x 0 33037
p 0 315 33037
x 0 33038
p 0 191 33038
x 0 33039
p 0 165 33039
x 0 33040
p 0 157 33040
x 0 33041
p 0 154 33041
x 0 33042
p 0 158 33042
x 0 33043
p 0 192 33043
x 0 33044
p 0 193 33044
x 0 33045
p 0 193 33045
x 0 33046
p 0 196 33046
x 0 33047
p 0 195 33047
x 0 33048
p 0 191 33048
x 0 33049
p 0 240 33049
x 0 33050
p 0 192 33050
x 0 33051
p 0 135 33051
x 0 33052
p 0 140 33052
x 0 33053
p 0 237 33053
x 0 33054
p 0 141 33054
x 0 33055
p 0 195 33055
x 0 33056
p 0 142 33056
x 0 33057
p 0 199 33057
x 0 33058
p 0 141 33058
x 0 33059
p 0 193 33059
x 0 33060
p 0 141 33060
x 0 33000
h 0 10.0.0.5
p 0 575 33000
x 1 33001
h 1 10.0.0.5
p 1 191 33001
x 0 33002
p 0 269 33002
x 0 33003
p 0 201 33003
x 0 33004
p 0 229 33004
x 0 33005
p 0 209 33005
x 0 33006
p 0 203 33006
x 0 33007
p 0 200 33007
x 0 33008
p 0 237 33008
x 0 33009
p 0 199 33009
x 0 33010
p 0 204 33010
x 0 33011
p 0 200 33011
x 0 33012
p 0 201 33012
x 0 33013
p 0 201 33013
x 0 33014
p 0 199 33014
x 0 33015
p 0 273 33015
x 0 33016
p 0 199 33016
x 0 33017
p 0 202 33017
x 0 33018
p 0 205 33018
x 0 33019
p 0 201 33019
x 0 33020
p 0 204 33020
x 0 33021
p 0 204 33021
x 0 33022
p 0 233 33022
x 0 33023
p 0 197 33023
x 0 33024
p 0 198 33024
x 0 33025
p 0 205 33025
x 0 33026
p 0 200 33026
x 0 33027
p 0 200 33027
x 0 33028
p 0 201 33028
x 0 33029
p 0 235 33029
x 0 33030
p 0 207 33030
x 0 33031
p 0 202 33031
x 0 33032
p 0 200 33032
x 0 33033
p 0 203 33033
x 0 33034
p 0 217 33034
x 0 33035
p 0 248 33035
x 0 33036
p 0 295 33036
x 0 33037
p 0 224 33037
x 0 33038
p 0 249 33038
x 0 33039
p 0 251 33039
x 0 33040
p 0 216 33040
x 0 33041
p 0 237 33041
x 0 33042
p 0 238 33042
x 0 33043
p 0 297 33043
x 0 33044
p 0 247 33044
x 0 33045
p 0 262 33045
x 0 33046
p 0 260 33046
x 0 33047
p 0 208 33047
x 0 33048
p 0 241 33048
x 0 33049
p 0 245 33049
x 0 33050
p 0 264 33050
x 0 33051
p 0 199 33051
x 0 33052
p 0 198 33052
x 0 33053
p 0 205 33053
x 0 33054
p 0 199 33054
x 0 33055
p 0 200 33055
x 0 33056
p 0 203 33056
x 0 33057
p 0 234 33057
x 0 33058
p 0 218 33058
x 0 33059
p 0 203 33059
x 0 33060
p 0 221 33060
x 0 33000
h 0 10.0.0.5
p 0 963 33000
x 1 33001
h 1 10.0.0.5
p 1 191 33001
x 0 33002
p 0 242 33002
x 0 33003
p 0 193 33003
x 0 33004
p 0 255 33004
x 0 33005
p 0 223 33005
x 0 33006
p 0 361 33006
x 0 33007
p 0 462 33007
x 0 33008
p 0 214 33008
x 0 33009
p 0 168 33009
x 0 33010
p 0 200 33010
x 0 33011
p 0 197 33011
x 0 33012
p 0 198 33012
x 0 33013
p 0 197 33013
x 0 33014
p 0 179 33014
x 0 33015
p 0 277 33015
x 0 33016
p 0 196 33016
x 0 33017
p 0 198 33017
x 0 33018
p 0 223 33018
x 0 33019
p 0 175 33019
x 0 33020
p 0 193 33020
x 0 33021
p 0 174 33021
x 0 33022
p 0 195 33022
x 0 33023
p 0 170 33023
x 0 33024
p 0 197 33024
x 0 33025
p 0 197 33025
x 0 33026
p 0 196 33026
x 0 33027
p 0 198 33027
x 0 33028
p 0 211 33028
x 0 33029
p 0 295 33029
x 0 33030
p 0 330 33030
x 0 33031
p 0 338 33031
x 0 33032
p 0 196 33032
x 0 33033
p 0 198 33033
x 0 33034
p 0 196 33034
x 0 33035
p 0 198 33035
x 0 33036
p 0 196 33036
x 0 33037
p 0 196 33037
x 0 33038
p 0 198 33038
x 0 33039
p 0 196 33039
x 0 33040
p 0 192 33040
x 0 33041
p 0 195 33041
x 0 33042
p 0 196 33042
x 0 33043
p 0 194 33043
x 0 33044
p 0 198 33044
x 0 33045
p 0 196 33045
x 0 33046
p 0 195 33046
x 0 33047
p 0 197 33047
x 0 33048
p 0 198 33048
x 0 33049
p 0 198 33049
x 0 33050
p 0 195 33050
x 0 33051
p 0 196 33051
x 0 33052
p 0 196 33052
x 0 33053
p 0 197 33053
x 0 33054
p 0 196 33054
x 0 33055
p 0 193 33055
x 0 33056
p 0 197 33056
x 0 33057
p 0 195 33057
x 0 33058
p 0 197 33058
x 0 33059
p 0 198 33059
x 0 33060
p 0 256 33060
x 0 33000
h 0 10.0.0.5
p 0 689 33000
x 1 33001
h 1 10.0.0.5
p 1 196 33001
x 0 33002
p 0 175 33002
x 0 33003
p 0 218 33003
x 0 33004
p 0 206 33004
x 0 33005
p 0 175 33005
x 0 33006
p 0 200 33006
x 0 33007
p 0 192 33007
x 0 33008
p 0 172 33008
x 0 33009
p 0 199 33009
x 0 33010
p 0 160 33010
x 0 33011
p 0 191 33011
x 0 33012
p 0 160 33012
x 0 33013
p 0 194 33013
x 0 33014
p 0 204 33014
x 0 33015
p 0 193 33015
x 0 33016
p 0 165 33016
x 0 33017
p 0 196 33017
x 0 33018
p 0 197 33018
x 0 33019
p 0 223 33019
x 0 33020
p 0 161 33020
x 0 33021
p 0 198 33021
x 0 33022
p 0 161 33022
x 0 33023
p 0 193 33023
x 0 33024
p 0 165 33024
x 0 33025
p 0 159 33025
x 0 33026
p 0 197 33026
x 0 33027
p 0 193 33027
x 0 33028
p 0 164 33028
x 0 33029
p 0 197 33029
x 0 33030
p 0 194 33030
x 0 33031
p 0 193 33031
x 0 33032
p 0 109 33032
x 0 33033
p 0 192 33033
x 0 33034
p 0 194 33034
x 0 33035
p 0 190 33035
x 0 33036
p 0 167 33036
x 0 33037
p 0 196 33037
x 0 33038
p 0 194 33038
x 0 33039
p 0 195 33039
x 0 33040
p 0 161 33040
x 0 33041
p 0 192 33041
x 0 33042
p 0 195 33042
x 0 33043
p 0 192 33043
x 0 33044
p 0 187 33044
x 0 33045
p 0 192 33045
x 0 33046
p 0 194 33046
x 0 33047
p 0 192 33047
x 0 33048
p 0 161 33048
x 0 33049
p 0 197 33049
x 0 33050
p 0 194 33050
x 0 33051
p 0 193 33051
x 0 33052
p 0 163 33052
x 0 33053
p 0 196 33053
x 0 33054
p 0 196 33054
x 0 33055
p 0 201 33055
x 0 33056
p 0 163 33056
x 0 33057
p 0 198 33057
x 0 33058
p 0 206 33058
x 0 33059
p 0 197 33059
x 0 33060
p 0 163 33060
x 0 33000
h 0 10.0.0.5
p 0 386 33000
x 1 33001
h 1 10.0.0.5
p 1 148 33001
x 0 33002
p 0 85 33002
x 0 33003
p 0 193 33003
x 0 33004
p 0 161 33004
x 0 33005
p 0 192 33005
x 0 33006
p 0 198 33006
x 0 33007
p 0 196 33007
x 0 33008
p 0 198 33008
x 0 33009
p 0 198 33009
x 0 33010
p 0 196 33010
x 0 33011
p 0 283 33011
x 0 33012
p 0 292 33012
x 0 33013
p 0 193 33013
x 0 33014
p 0 194 33014
x 0 33015
p 0 200 33015
x 0 33016
p 0 153 33016
x 0 33017
p 0 198 33017
x 0 33018
p 0 198 33018
x 0 33019
p 0 298 33019
x 0 33020
p 0 155 33020
x 0 33021
p 0 200 33021
x 0 33022
p 0 197 33022
x 0 33023
p 0 230 33023
x 0 33024
p 0 199 33024
x 0 33025
p 0 198 33025
x 0 33026
p 0 199 33026
x 0 33027
p 0 302 33027
x 0 33028
p 0 199 33028
x 0 33029
p 0 197 33029
x 0 33030
p 0 195 33030
x 0 33031
p 0 231 33031
x 0 33032
p 0 231 33032
x 0 33033
p 0 196 33033
x 0 33034
p 0 201 33034
x 0 33035
p 0 197 33035
x 0 33036
p 0 230 33036
x 0 33037
p 0 197 33037
x 0 33038
p 0 199 33038
x 0 33039
p 0 201 33039
x 0 33040
p 0 227 33040
x 0 33041
p 0 163 33041
x 0 33042
p 0 196 33042
x 0 33043
p 0 170 33043
x 0 33044
p 0 175 33044
x 0 33045
p 0 271 33045
x 0 33046
p 0 279 33046
x 0 33047
p 0 178 33047
x 0 33048
p 0 162 33048
x 0 33049
p 0 245 33049
x 0 33050
p 0 236 33050
x 0 33051
p 0 160 33051
x 0 33052
p 0 146 33052
x 0 33053
p 0 160 33053
x 0 33054
p 0 156 33054
x 0 33055
p 0 158 33055
x 0 33056
p 0 153 33056
x 0 33057
p 0 206 33057
x 0 33058
p 0 165 33058
x 0 33059
p 0 165 33059
x 0 33060
p 0 147 33060
x 0 33000
h 0 10.0.0.5
p 0 500 33000
x 1 33001
h 1 10.0.0.5
p 1 240 33001
x 0 33002
p 0 166 33002
x 0 33003
p 0 164 33003
x 0 33004
p 0 196 33004
x 0 33005
p 0 229 33005
x 0 33006
p 0 201 33006
x 0 33007
p 0 196 33007
x 0 33008
p 0 199 33008
x 0 33009
p 0 247 33009
x 0 33010
p 0 195 33010
x 0 33011
p 0 195 33011
x 0 33012
p 0 196 33012
x 0 33013
p 0 196 33013
x 0 33014
p 0 196 33014
x 0 33015
p 0 196 33015
x 0 33016
p 0 197 33016
x 0 33017
p 0 222 33017
x 0 33018
p 0 195 33018
x 0 33019
p 0 200 33019
x 0 33020
p 0 198 33020
x 0 33021
p 0 70 33021
x 0 33022
p 0 168 33022
x 0 33023
p 0 200 33023
x 0 33024
p 0 169 33024
x 0 33025
p 0 163 33025
x 0 33026
p 0 175 33026
x 0 33027
p 0 164 33027
x 0 33028
p 0 194 33028
x 0 33029
p 0 197 33029
x 0 33030
p 0 166 33030
x 0 33031
p 0 199 33031
x 0 33032
p 0 195 33032
x 0 33033
p 0 226 33033
x 0 33034
p 0 204 33034
x 0 33035
p 0 168 33035
x 0 33036
p 0 196 33036
x 0 33037
p 0 195 33037
x 0 33038
p 0 197 33038
x 0 33039
p 0 198 33039
x 0 33040
p 0 195 33040
x 0 33041
p 0 197 33041
x 0 33042
p 0 283 33042
x 0 33043
p 0 187 33043
x 0 33044
p 0 196 33044
x 0 33045
p 0 191 33045
x 0 33046
p 0 170 33046
x 0 33047
p 0 241 33047
x 0 33048
p 0 195 33048
x 0 33049
p 0 165 33049
x 0 33050
p 0 198 33050
x 0 33051
p 0 200 33051
x 0 33052
p 0 196 33052
x 0 33053
p 0 199 33053
x 0 33054
p 0 319 33054
x 0 33055
p 0 165 33055
x 0 33056
p 0 202 33056
x 0 33057
p 0 200 33057
x 0 33058
p 0 193 33058
x 0 33059
p 0 168 33059
x 0 33060
p 0 199 33060
x 0 33000
h 0 10.0.0.5
p 0 648 33000
x 1 33001
h 1 10.0.0.5
p 1 152 33001
x 0 33002
p 0 171 33002
x 0 33003
p 0 166 33003
x 0 33004
p 0 189 33004
x 0 33005
p 0 193 33005
x 0 33006
p 0 214 33006
x 0 33007
p 0 215 33007
x 0 33008
p 0 191 33008
x 0 33009
p 0 212 33009
x 0 33010
p 0 181 33010
x 0 33011
p 0 191 33011
x 0 33012
p 0 191 33012
x 0 33013
p 0 190 33013
x 0 33014
p 0 160 33014
x 0 33015
p 0 163 33015
x 0 33016
p 0 193 33016
x 0 33017
p 0 196 33017
x 0 33018
p 0 159 33018
x 0 33019
p 0 195 33019
x 0 33020
p 0 197 33020
x 0 33021
p 0 197 33021
x 0 33022
p 0 164 33022
x 0 33023
p 0 203 33023
x 0 33024
p 0 197 33024
x 0 33025
p 0 78 33025
x 0 33026
p 0 165 33026
x 0 33027
p 0 192 33027
x 0 33028
p 0 192 33028
x 0 33029
p 0 157 33029
x 0 33030
p 0 162 33030
x 0 33031
p 0 191 33031
x 0 33032
p 0 189 33032
x 0 33033
p 0 188 33033
x 0 33034
p 0 162 33034
x 0 33035
p 0 189 33035
x 0 33036
p 0 190 33036
x 0 33037
p 0 156 33037
x 0 33038
p 0 162 33038
x 0 33039
p 0 191 33039
x 0 33040
p 0 153 33040
x 0 33041
p 0 188 33041
x 0 33042
p 0 190 33042
x 0 33043
p 0 189 33043
x 0 33044
p 0 191 33044
x 0 33045
p 0 157 33045
x 0 33046
p 0 189 33046
x 0 33047
p 0 158 33047
x 0 33048
p 0 160 33048
x 0 33049
p 0 191 33049
x 0 33050
p 0 192 33050
x 0 33051
p 0 159 33051
x 0 33052
p 0 191 33052
x 0 33053
p 0 194 33053
x 0 33054
p 0 192 33054
x 0 33055
p 0 160 33055
x 0 33056
p 0 193 33056
x 0 33057
p 0 191 33057
x 0 33058
p 0 160 33058
x 0 33059
p 0 147 33059
x 0 33060
p 0 190 33060
