x 0 33000
h 0 10.0.0.13
p 0 33237 33000
x 1 33001
h 1 10.0.0.13
p 1 1867 33001
x 0 33002
p 0 298 33002
x 0 33003
p 0 314 33003
x 0 33004
p 0 268 33004
x 0 33005
p 0 225 33005
x 0 33006
p 0 246 33006
x 0 33007
p 0 246 33007
x 0 33008
p 0 261 33008
x 0 33009
p 0 223 33009
x 0 33010
p 0 261 33010
x 0 33011
p 0 219 33011
x 0 33012
p 0 223 33012
x 0 33013
p 0 246 33013
x 0 33014
p 0 226 33014
x 0 33015
p 0 217 33015
x 0 33016
p 0 215 33016
x 0 33017
p 0 269 33017
x 0 33018
p 0 214 33018
x 0 33019
p 0 235 33019
x 0 33020
p 0 238 33020
x 0 33021
p 0 216 33021
x 0 33022
p 0 209 33022
x 0 33023
p 0 217 33023
x 0 33024
p 0 277 33024
x 0 33025
p 0 266 33025
x 0 33026
p 0 218 33026
x 0 33027
p 0 217 33027
x 0 33028
p 0 218 33028
x 0 33029
p 0 221 33029
x 0 33030
p 0 238 33030
x 0 33031
p 0 270 33031
x 0 33032
p 0 223 33032
x 0 33033
p 0 213 33033
x 0 33034
p 0 222 33034
x 0 33035
p 0 222 33035
x 0 33036
p 0 219 33036
x 0 33037
p 0 223 33037
x 0 33038
p 0 254 33038
x 0 33039
p 0 221 33039
x 0 33040
p 0 221 33040
x 0 33041
p 0 252 33041
x 0 33042
p 0 164 33042
x 0 33043
p 0 169 33043
x 0 33044
p 0 164 33044
x 0 33045
p 0 724 33045
x 0 33046
p 0 167 33046
x 0 33047
p 0 219 33047
x 0 33048
p 0 168 33048
x 0 33049
p 0 230 33049
x 0 33050
p 0 166 33050
x 0 33051
p 0 164 33051
x 0 33052
p 0 214 33052
x 0 33053
p 0 236 33053
x 0 33054
p 0 172 33054
x 0 33055
p 0 206 33055
x 0 33056
p 0 215 33056
x 0 33057
p 0 222 33057
x 0 33058
p 0 201 33058
x 0 33059
p 0 224 33059
x 0 33060
p 0 218 33060
x 0 33000
h 0 10.0.0.13
p 0 16289 33000
x 1 33001
h 1 10.0.0.13
p 1 1863 33001
x 0 33002
p 0 217 33002
x 0 33003
p 0 217 33003
x 0 33004
p 0 227 33004
x 0 33005
p 0 219 33005
x 0 33006
p 0 275 33006
x 0 33007
p 0 231 33007
x 0 33008
p 0 212 33008
x 0 33009
p 0 242 33009
x 0 33010
p 0 233 33010
x 0 33011
p 0 213 33011
x 0 33012
p 0 212 33012
x 0 33013
p 0 306 33013
x 0 33014
p 0 212 33014
x 0 33015
p 0 215 33015
x 0 33016
p 0 238 33016
x 0 33017
p 0 249 33017
x 0 33018
p 0 214 33018
x 0 33019
p 0 210 33019
x 0 33020
p 0 254 33020
x 0 33021
p 0 192 33021
x 0 33022
p 0 211 33022
x 0 33023
p 0 242 33023
x 0 33024
p 0 220 33024
x 0 33025
p 0 212 33025
x 0 33026
p 0 213 33026
x 0 33027
p 0 253 33027
x 0 33028
p 0 216 33028
x 0 33029
p 0 208 33029
x 0 33030
p 0 243 33030
x 0 33031
p 0 214 33031
x 0 33032
p 0 214 33032
x 0 33033
p 0 216 33033
x 0 33034
p 0 219 33034
x 0 33035
p 0 218 33035
x 0 33036
p 0 212 33036
x 0 33037
p 0 250 33037
x 0 33038
p 0 214 33038
x 0 33039
p 0 214 33039
x 0 33040
p 0 211 33040
x 0 33041
p 0 211 33041
x 0 33042
p 0 215 33042
x 0 33043
p 0 213 33043
x 0 33044
p 0 235 33044
x 0 33045
p 0 209 33045
x 0 33046
p 0 210 33046
x 0 33047
p 0 213 33047
x 0 33048
p 0 222 33048
x 0 33049
p 0 217 33049
x 0 33050
p 0 216 33050
x 0 33051
p 0 212 33051
x 0 33052
p 0 212 33052
x 0 33053
p 0 225 33053
x 0 33054
p 0 216 33054
x 0 33055
p 0 215 33055
x 0 33056
p 0 215 33056
x 0 33057
p 0 218 33057
x 0 33058
p 0 216 33058
x 0 33059
p 0 216 33059
x 0 33060
p 0 233 33060
x 0 33000
h 0 10.0.0.13
p 0 13211 33000
x 1 33001
h 1 10.0.0.13
p 1 2147 33001
x 0 33002
p 0 226 33002
x 0 33003
p 0 250 33003
x 0 33004
p 0 234 33004
x 0 33005
p 0 264 33005
x 0 33006
p 0 265 33006
x 0 33007
p 0 226 33007
x 0 33008
p 0 259 33008
x 0 33009
p 0 294 33009
x 0 33010
p 0 293 33010
x 0 33011
p 0 243 33011
x 0 33012
p 0 262 33012
x 0 33013
p 0 259 33013
x 0 33014
p 0 301 33014
x 0 33015
p 0 265 33015
x 0 33016
p 0 222 33016
x 0 33017
p 0 221 33017
x 0 33018
p 0 223 33018
x 0 33019
p 0 229 33019
x 0 33020
p 0 301 33020
x 0 33021
p 0 299 33021
x 0 33022
p 0 227 33022
x 0 33023
p 0 221 33023
x 0 33024
p 0 231 33024
x 0 33025
p 0 295 33025
x 0 33026
p 0 247 33026
x 0 33027
p 0 219 33027
x 0 33028
p 0 262 33028
x 0 33029
p 0 226 33029
x 0 33030
p 0 261 33030
x 0 33031
p 0 216 33031
x 0 33032
p 0 215 33032
x 0 33033
p 0 217 33033
x 0 33034
p 0 218 33034
x 0 33035
p 0 247 33035
x 0 33036
p 0 214 33036
x 0 33037
p 0 214 33037
x 0 33038
p 0 213 33038
x 0 33039
p 0 217 33039
x 0 33040
p 0 226 33040
x 0 33041
p 0 212 33041
x 0 33042
p 0 262 33042
x 0 33043
p 0 214 33043
x 0 33044
p 0 217 33044
x 0 33045
p 0 220 33045
x 0 33046
p 0 212 33046
x 0 33047
p 0 209 33047
x 0 33048
p 0 213 33048
x 0 33049
p 0 254 33049
x 0 33050
p 0 218 33050
x 0 33051
p 0 212 33051
x 0 33052
p 0 213 33052
x 0 33053
p 0 213 33053
x 0 33054
p 0 224 33054
x 0 33055
p 0 224 33055
x 0 33056
p 0 212 33056
x 0 33057
p 0 212 33057
x 0 33058
p 0 211 33058
x 0 33059
p 0 236 33059
x 0 33060
p 0 377 33060
x 0 33000
h 0 10.0.0.13
p 0 12456 33000
x 1 33001
h 1 10.0.0.13
p 1 1701 33001
x 0 33002
p 0 259 33002
x 0 33003
p 0 220 33003
x 0 33004
p 0 220 33004
x 0 33005
p 0 218 33005
x 0 33006
p 0 225 33006
x 0 33007
p 0 220 33007
x 0 33008
p 0 215 33008
x 0 33009
p 0 217 33009
x 0 33010
p 0 211 33010
x 0 33011
p 0 208 33011
x 0 33012
p 0 215 33012
x 0 33013
p 0 220 33013
x 0 33014
p 0 218 33014
x 0 33015
p 0 214 33015
x 0 33016
p 0 216 33016
x 0 33017
p 0 218 33017
x 0 33018
p 0 218 33018
x 0 33019
p 0 220 33019
x 0 33020
p 0 221 33020
x 0 33021
p 0 249 33021
x 0 33022
p 0 254 33022
x 0 33023
p 0 221 33023
x 0 33024
p 0 222 33024
x 0 33025
p 0 226 33025
x 0 33026
p 0 285 33026
x 0 33027
p 0 261 33027
x 0 33028
p 0 211 33028
x 0 33029
p 0 253 33029
x 0 33030
p 0 223 33030
x 0 33031
p 0 204 33031
x 0 33032
p 0 207 33032
x 0 33033
p 0 207 33033
x 0 33034
p 0 215 33034
x 0 33035
p 0 219 33035
x 0 33036
p 0 237 33036
x 0 33037
p 0 204 33037
x 0 33038
p 0 206 33038
x 0 33039
p 0 210 33039
x 0 33040
p 0 256 33040
x 0 33041
p 0 208 33041
x 0 33042
p 0 210 33042
x 0 33043
p 0 201 33043
x 0 33044
p 0 208 33044
x 0 33045
p 0 213 33045
x 0 33046
p 0 203 33046
x 0 33047
p 0 200 33047
x 0 33048
p 0 207 33048
x 0 33049
p 0 212 33049
x 0 33050
p 0 256 33050
x 0 33051
p 0 208 33051
x 0 33052
p 0 208 33052
x 0 33053
p 0 206 33053
x 0 33054
p 0 212 33054
x 0 33055
p 0 210 33055
x 0 33056
p 0 205 33056
x 0 33057
p 0 204 33057
x 0 33058
p 0 203 33058
x 0 33059
p 0 208 33059
x 0 33060
p 0 214 33060
x 0 33000
h 0 10.0.0.13
p 0 11346 33000
x 1 33001
h 1 10.0.0.13
p 1 1816 33001
x 0 33002
p 0 240 33002
x 0 33003
p 0 248 33003
x 0 33004
p 0 238 33004
x 0 33005
p 0 241 33005
x 0 33006
p 0 170 33006
x 0 33007
p 0 205 33007
x 0 33008
p 0 202 33008
x 0 33009
p 0 206 33009
x 0 33010
p 0 171 33010
x 0 33011
p 0 207 33011
x 0 33012
p 0 207 33012
x 0 33013
p 0 176 33013
x 0 33014
p 0 177 33014
x 0 33015
p 0 214 33015
x 0 33016
p 0 212 33016
x 0 33017
p 0 183 33017
x 0 33018
p 0 180 33018
x 0 33019
p 0 178 33019
x 0 33020
p 0 178 33020
x 0 33021
p 0 182 33021
x 0 33022
p 0 175 33022
x 0 33023
p 0 175 33023
x 0 33024
p 0 233 33024
x 0 33025
p 0 689 33025
x 0 33026
p 0 161 33026
x 0 33027
p 0 237 33027
x 0 33028
p 0 158 33028
x 0 33029
p 0 227 33029
x 0 33030
p 0 223 33030
x 0 33031
p 0 232 33031
x 0 33032
p 0 156 33032
x 0 33033
p 0 230 33033
x 0 33034
p 0 239 33034
x 0 33035
p 0 255 33035
x 0 33036
p 0 154 33036
x 0 33037
p 0 151 33037
x 0 33038
p 0 207 33038
x 0 33039
p 0 704 33039
x 0 33040
p 0 217 33040
x 0 33041
p 0 170 33041
x 0 33042
p 0 210 33042
x 0 33043
p 0 235 33043
x 0 33044
p 0 206 33044
x 0 33045
p 0 207 33045
x 0 33046
p 0 209 33046
x 0 33047
p 0 206 33047
x 0 33048
p 0 201 33048
x 0 33049
p 0 205 33049
x 0 33050
p 0 204 33050
x 0 33051
p 0 203 33051
x 0 33052
p 0 210 33052
x 0 33053
p 0 200 33053
x 0 33054
p 0 208 33054
x 0 33055
p 0 201 33055
x 0 33056
p 0 201 33056
x 0 33057
p 0 201 33057
x 0 33058
p 0 206 33058
x 0 33059
p 0 223 33059
x 0 33060
p 0 226 33060
