x 0 33000
h 0 10.0.0.13
p 0 24568 33000
x 1 33001
h 1 10.0.0.13
p 1 2003 33001
x 0 33002
p 0 210 33002
x 0 33003
p 0 268 33003
x 0 33004
p 0 206 33004
x 0 33005
p 0 213 33005
x 0 33006
p 0 213 33006
x 0 33007
p 0 220 33007
x 0 33008
p 0 215 33008
x 0 33009
p 0 348 33009
x 0 33010
p 0 217 33010
x 0 33011
p 0 213 33011
x 0 33012
p 0 217 33012
x 0 33013
p 0 217 33013
x 0 33014
p 0 224 33014
x 0 33015
p 0 218 33015
x 0 33016
p 0 214 33016
x 0 33017
p 0 215 33017
x 0 33018
p 0 279 33018
x 0 33019
p 0 217 33019
x 0 33020
p 0 216 33020
x 0 33021
p 0 238 33021
x 0 33022
p 0 218 33022
x 0 33023
p 0 219 33023
x 0 33024
p 0 217 33024
x 0 33025
p 0 220 33025
x 0 33026
p 0 217 33026
x 0 33027
p 0 217 33027
x 0 33028
p 0 251 33028
x 0 33029
p 0 219 33029
x 0 33030
p 0 216 33030
x 0 33031
p 0 218 33031
x 0 33032
p 0 208 33032
x 0 33033
p 0 207 33033
x 0 33034
p 0 209 33034
x 0 33035
p 0 247 33035
x 0 33036
p 0 208 33036
x 0 33037
p 0 209 33037
x 0 33038
p 0 211 33038
x 0 33039
p 0 210 33039
x 0 33040
p 0 211 33040
x 0 33041
p 0 251 33041
x 0 33042
p 0 207 33042
x 0 33043
p 0 214 33043
x 0 33044
p 0 213 33044
x 0 33045
p 0 218 33045
x 0 33046
p 0 215 33046
x 0 33047
p 0 209 33047
x 0 33048
p 0 213 33048
x 0 33049
p 0 217 33049
x 0 33050
p 0 306 33050
x 0 33051
p 0 281 33051
x 0 33052
p 0 178 33052
x 0 33053
p 0 183 33053
x 0 33054
p 0 190 33054
x 0 33055
p 0 173 33055
x 0 33056
p 0 178 33056
x 0 33057
p 0 185 33057
x 0 33058
p 0 171 33058
x 0 33059
p 0 168 33059
x 0 33060
p 0 255 33060
x 0 33000
h 0 10.0.0.13
p 0 13448 33000
x 1 33001
h 1 10.0.0.13
p 1 1368 33001
x 0 33002
p 0 206 33002
x 0 33003
p 0 209 33003
x 0 33004
p 0 238 33004
x 0 33005
p 0 206 33005
x 0 33006
p 0 173 33006
x 0 33007
p 0 170 33007
x 0 33008
p 0 204 33008
x 0 33009
p 0 200 33009
x 0 33010
p 0 168 33010
x 0 33011
p 0 214 33011
x 0 33012
p 0 202 33012
x 0 33013
p 0 202 33013
x 0 33014
p 0 175 33014
x 0 33015
p 0 204 33015
x 0 33016
p 0 170 33016
x 0 33017
p 0 170 33017
x 0 33018
p 0 173 33018
x 0 33019
p 0 207 33019
x 0 33020
p 0 204 33020
x 0 33021
p 0 174 33021
x 0 33022
p 0 175 33022
x 0 33023
p 0 176 33023
x 0 33024
p 0 202 33024
x 0 33025
p 0 178 33025
x 0 33026
p 0 176 33026
x 0 33027
p 0 178 33027
x 0 33028
p 0 175 33028
x 0 33029
p 0 175 33029
x 0 33030
p 0 151 33030
x 0 33031
p 0 211 33031
x 0 33032
p 0 206 33032
x 0 33033
p 0 153 33033
x 0 33034
p 0 217 33034
x 0 33035
p 0 215 33035
x 0 33036
p 0 151 33036
x 0 33037
p 0 151 33037
x 0 33038
p 0 268 33038
x 0 33039
p 0 215 33039
x 0 33040
p 0 212 33040
x 0 33041
p 0 147 33041
x 0 33042
p 0 146 33042
x 0 33043
p 0 293 33043
x 0 33044
p 0 148 33044
x 0 33045
p 0 51 33045
x 0 33046
p 0 150 33046
x 0 33047
p 0 221 33047
x 0 33048
p 0 216 33048
x 0 33049
p 0 220 33049
x 0 33050
p 0 155 33050
x 0 33051
p 0 208 33051
x 0 33052
p 0 150 33052
x 0 33053
p 0 220 33053
x 0 33054
p 0 148 33054
x 0 33055
p 0 153 33055
x 0 33056
p 0 147 33056
x 0 33057
p 0 155 33057
x 0 33058
p 0 158 33058
x 0 33059
p 0 125 33059
x 0 33060
p 0 212 33060
