x 0 33000
h 0 10.0.0.12
p 0 18269 33000
x 1 33001
h 1 10.0.0.12
p 1 843 33001
x 0 33002
p 0 177 33002
x 0 33003
p 0 137 33003
x 0 33004
p 0 183 33004
x 0 33005
p 0 165 33005
x 0 33006
p 0 226 33006
x 0 33007
p 0 200 33007
x 0 33008
p 0 185 33008
x 0 33009
p 0 180 33009
x 0 33010
p 0 185 33010
x 0 33011
p 0 181 33011
x 0 33012
p 0 181 33012
x 0 33013
p 0 184 33013
x 0 33014
p 0 184 33014
x 0 33015
p 0 180 33015
x 0 33016
p 0 183 33016
x 0 33017
p 0 184 33017
x 0 33018
p 0 208 33018
x 0 33019
p 0 183 33019
x 0 33020
p 0 183 33020
x 0 33021
p 0 182 33021
x 0 33022
p 0 181 33022
x 0 33023
p 0 201 33023
x 0 33024
p 0 184 33024
x 0 33025
p 0 183 33025
x 0 33026
p 0 182 33026
x 0 33027
p 0 185 33027
x 0 33028
p 0 190 33028
x 0 33029
p 0 181 33029
x 0 33030
p 0 181 33030
x 0 33031
p 0 165 33031
x 0 33032
p 0 183 33032
x 0 33033
p 0 184 33033
x 0 33034
p 0 186 33034
x 0 33035
p 0 185 33035
x 0 33036
p 0 182 33036
x 0 33037
p 0 190 33037
x 0 33038
p 0 192 33038
x 0 33039
p 0 189 33039
x 0 33040
p 0 221 33040
x 0 33041
p 0 180 33041
x 0 33042
p 0 185 33042
x 0 33043
p 0 190 33043
x 0 33044
p 0 188 33044
x 0 33045
p 0 186 33045
x 0 33046
p 0 185 33046
x 0 33047
p 0 183 33047
x 0 33048
p 0 186 33048
x 0 33049
p 0 191 33049
x 0 33050
p 0 185 33050
x 0 33051
p 0 181 33051
x 0 33052
p 0 271 33052
x 0 33053
p 0 192 33053
x 0 33054
p 0 193 33054
x 0 33055
p 0 133 33055
x 0 33056
p 0 186 33056
x 0 33057
p 0 187 33057
x 0 33058
p 0 162 33058
x 0 33059
p 0 202 33059
x 0 33060
p 0 187 33060
x 0 33000
h 0 10.0.0.12
p 0 12426 33000
x 1 33001
h 1 10.0.0.12
p 1 892 33001
x 0 33002
p 0 154 33002
x 0 33003
p 0 144 33003
x 0 33004
p 0 182 33004
x 0 33005
p 0 178 33005
x 0 33006
p 0 181 33006
x 0 33007
p 0 176 33007
x 0 33008
p 0 175 33008
x 0 33009
p 0 208 33009
x 0 33010
p 0 177 33010
x 0 33011
p 0 176 33011
x 0 33012
p 0 175 33012
x 0 33013
p 0 174 33013
x 0 33014
p 0 182 33014
x 0 33015
p 0 189 33015
x 0 33016
p 0 175 33016
x 0 33017
p 0 198 33017
x 0 33018
p 0 177 33018
x 0 33019
p 0 177 33019
x 0 33020
p 0 174 33020
x 0 33021
p 0 183 33021
x 0 33022
p 0 175 33022
x 0 33023
p 0 179 33023
x 0 33024
p 0 183 33024
x 0 33025
p 0 178 33025
x 0 33026
p 0 179 33026
x 0 33027
p 0 176 33027
x 0 33028
p 0 178 33028
x 0 33029
p 0 179 33029
x 0 33030
p 0 179 33030
x 0 33031
p 0 189 33031
x 0 33032
p 0 176 33032
x 0 33033
p 0 182 33033
x 0 33034
p 0 213 33034
x 0 33035
p 0 175 33035
x 0 33036
p 0 194 33036
x 0 33037
p 0 178 33037
x 0 33038
p 0 179 33038
x 0 33039
p 0 181 33039
x 0 33040
p 0 176 33040
x 0 33041
p 0 178 33041
x 0 33042
p 0 180 33042
x 0 33043
p 0 179 33043
x 0 33044
p 0 177 33044
x 0 33045
p 0 174 33045
x 0 33046
p 0 177 33046
x 0 33047
p 0 224 33047
x 0 33048
p 0 183 33048
x 0 33049
p 0 184 33049
x 0 33050
p 0 179 33050
x 0 33051
p 0 181 33051
x 0 33052
p 0 181 33052
x 0 33053
p 0 182 33053
x 0 33054
p 0 184 33054
x 0 33055
p 0 211 33055
x 0 33056
p 0 186 33056
x 0 33057
p 0 179 33057
x 0 33058
p 0 186 33058
x 0 33059
p 0 180 33059
x 0 33060
p 0 175 33060
