x 0 33000
x 1 33001
h 0 10.0.0.13
p 0 101819 33000
h 1 10.0.0.13
p 1 1017 33001
x 2 33002
h 2 10.0.0.13
p 2 303 33002
x 0 33003
p 0 283 33003
x 0 33004
p 0 289 33004
x 0 33005
p 0 303 33005
x 0 33006
p 0 260 33006
x 0 33007
p 0 307 33007
x 0 33008
p 0 236 33008
x 0 33009
p 0 248 33009
x 0 33010
p 0 250 33010
x 0 33011
p 0 282 33011
x 0 33012
p 0 244 33012
x 0 33013
p 0 285 33013
x 0 33014
p 0 265 33014
x 0 33015
p 0 282 33015
x 0 33016
p 0 231 33016
x 0 33017
p 0 284 33017
x 0 33018
p 0 280 33018
x 0 33019
p 0 285 33019
x 0 33020
p 0 246 33020
x 0 33021
p 0 263 33021
x 0 33022
p 0 288 33022
x 0 33023
p 0 275 33023
x 0 33024
p 0 275 33024
x 0 33025
p 0 246 33025
x 0 33026
p 0 243 33026
x 0 33027
p 0 248 33027
x 0 33028
p 0 255 33028
x 0 33029
p 0 243 33029
x 0 33030
p 0 250 33030
x 0 33031
p 0 241 33031
x 0 33032
p 0 277 33032
x 0 33033
p 0 244 33033
x 0 33034
p 0 280 33034
x 0 33035
p 0 246 33035
x 0 33036
p 0 240 33036
x 0 33037
p 0 247 33037
x 0 33038
p 0 251 33038
x 0 33039
p 0 274 33039
x 0 33040
p 0 244 33040
x 0 33041
p 0 281 33041
x 0 33042
p 0 245 33042
x 0 33043
p 0 239 33043
x 0 33044
p 0 242 33044
x 0 33045
p 0 255 33045
x 0 33046
p 0 237 33046
x 0 33047
p 0 239 33047
x 0 33048
p 0 229 33048
x 0 33049
p 0 228 33049
x 0 33050
p 0 232 33050
x 0 33051
p 0 226 33051
x 0 33052
p 0 242 33052
x 0 33053
p 0 336 33053
x 0 33054
p 0 227 33054
x 0 33055
p 0 237 33055
x 0 33056
p 0 263 33056
x 0 33057
p 0 239 33057
x 0 33058
p 0 233 33058
x 0 33059
p 0 244 33059
x 0 33060
p 0 249 33060
x 0 33061
p 0 300 33061
x 0 33000
h 0 10.0.0.13
p 0 46219 33000
x 1 33001
h 1 10.0.0.13
p 1 1569 33001
x 0 33002
p 0 263 33002
x 0 33003
p 0 232 33003
x 0 33004
p 0 227 33004
x 0 33005
p 0 252 33005
x 0 33006
p 0 240 33006
x 0 33007
p 0 227 33007
x 0 33008
p 0 189 33008
x 0 33009
p 0 227 33009
x 0 33010
p 0 227 33010
x 0 33011
p 0 223 33011
x 0 33012
p 0 254 33012
x 0 33013
p 0 224 33013
x 0 33014
p 0 229 33014
x 0 33015
p 0 86 33015
x 0 33016
p 0 232 33016
x 0 33017
p 0 230 33017
x 0 33018
p 0 230 33018
x 0 33019
p 0 222 33019
x 0 33020
p 0 258 33020
x 0 33021
p 0 232 33021
x 0 33022
p 0 199 33022
x 0 33023
p 0 191 33023
x 0 33024
p 0 234 33024
x 0 33025
p 0 236 33025
x 0 33026
p 0 235 33026
x 0 33027
p 0 263 33027
x 0 33028
p 0 239 33028
x 0 33029
p 0 240 33029
x 0 33030
p 0 244 33030
x 0 33031
p 0 267 33031
x 0 33032
p 0 230 33032
x 0 33033
p 0 232 33033
x 0 33034
p 0 236 33034
x 0 33035
p 0 269 33035
x 0 33036
p 0 245 33036
x 0 33037
p 0 220 33037
x 0 33038
p 0 245 33038
x 0 33039
p 0 281 33039
x 0 33040
p 0 240 33040
x 0 33041
p 0 243 33041
x 0 33042
p 0 244 33042
x 0 33043
p 0 271 33043
x 0 33044
p 0 244 33044
x 0 33045
p 0 248 33045
x 0 33046
p 0 212 33046
x 0 33047
p 0 208 33047
x 0 33048
p 0 238 33048
x 0 33049
p 0 430 33049
x 0 33050
p 0 245 33050
x 0 33051
p 0 208 33051
x 0 33052
p 0 231 33052
x 0 33053
p 0 238 33053
x 0 33054
p 0 284 33054
x 0 33055
p 0 226 33055
x 0 33056
p 0 264 33056
x 0 33057
p 0 256 33057
x 0 33058
p 0 273 33058
x 0 33059
p 0 281 33059
x 0 33060
p 0 274 33060
x 0 33000
h 0 10.0.0.13
p 0 40210 33000
x 1 33001
h 1 10.0.0.13
p 1 1635 33001
x 0 33002
p 0 284 33002
x 0 33003
p 0 231 33003
x 0 33004
p 0 236 33004
x 0 33005
p 0 245 33005
x 0 33006
p 0 235 33006
x 0 33007
p 0 268 33007
x 0 33008
p 0 235 33008
x 0 33009
p 0 226 33009
x 0 33010
p 0 240 33010
x 0 33011
p 0 236 33011
x 0 33012
p 0 236 33012
x 0 33013
p 0 225 33013
x 0 33014
p 0 265 33014
x 0 33015
p 0 238 33015
x 0 33016
p 0 236 33016
x 0 33017
p 0 237 33017
x 0 33018
p 0 238 33018
x 0 33019
p 0 229 33019
x 0 33020
p 0 234 33020
x 0 33021
p 0 234 33021
x 0 33022
p 0 236 33022
x 0 33023
p 0 237 33023
x 0 33024
p 0 240 33024
x 0 33025
p 0 235 33025
x 0 33026
p 0 252 33026
x 0 33027
p 0 236 33027
x 0 33028
p 0 263 33028
x 0 33029
p 0 243 33029
x 0 33030
p 0 241 33030
x 0 33031
p 0 233 33031
x 0 33032
p 0 233 33032
x 0 33033
p 0 235 33033
x 0 33034
p 0 279 33034
x 0 33035
p 0 236 33035
x 0 33036
p 0 235 33036
x 0 33037
p 0 233 33037
x 0 33038
p 0 233 33038
x 0 33039
p 0 269 33039
x 0 33040
p 0 239 33040
x 0 33041
p 0 315 33041
x 0 33042
p 0 236 33042
x 0 33043
p 0 233 33043
x 0 33044
p 0 261 33044
x 0 33045
p 0 237 33045
x 0 33046
p 0 236 33046
x 0 33047
p 0 231 33047
x 0 33048
p 0 226 33048
x 0 33049
p 0 229 33049
x 0 33050
p 0 231 33050
x 0 33051
p 0 232 33051
x 0 33052
p 0 229 33052
x 0 33053
p 0 231 33053
x 0 33054
p 0 232 33054
x 0 33055
p 0 241 33055
x 0 33056
p 0 245 33056
x 0 33057
p 0 236 33057
x 0 33058
p 0 233 33058
x 0 33059
p 0 334 33059
x 0 33060
p 0 267 33060
x 0 33000
h 0 10.0.0.13
p 0 47232 33000
x 1 33001
h 1 10.0.0.13
p 1 1623 33001
x 0 33002
p 0 290 33002
x 0 33003
p 0 236 33003
x 0 33004
p 0 264 33004
x 0 33005
p 0 247 33005
x 0 33006
p 0 249 33006
x 0 33007
p 0 244 33007
x 0 33008
p 0 245 33008
x 0 33009
p 0 305 33009
x 0 33010
p 0 245 33010
x 0 33011
p 0 285 33011
x 0 33012
p 0 245 33012
x 0 33013
p 0 244 33013
x 0 33014
p 0 202 33014
x 0 33015
p 0 249 33015
x 0 33016
p 0 260 33016
x 0 33017
p 0 231 33017
x 0 33018
p 0 235 33018
x 0 33019
p 0 240 33019
x 0 33020
p 0 148 33020
x 0 33021
p 0 238 33021
x 0 33022
p 0 240 33022
x 0 33023
p 0 252 33023
x 0 33024
p 0 245 33024
x 0 33025
p 0 253 33025
x 0 33026
p 0 252 33026
x 0 33027
p 0 256 33027
x 0 33028
p 0 252 33028
x 0 33029
p 0 298 33029
x 0 33030
p 0 257 33030
x 0 33031
p 0 260 33031
x 0 33032
p 0 258 33032
x 0 33033
p 0 242 33033
x 0 33034
p 0 242 33034
x 0 33035
p 0 217 33035
x 0 33036
p 0 244 33036
x 0 33037
p 0 235 33037
x 0 33038
p 0 234 33038
x 0 33039
p 0 192 33039
x 0 33040
p 0 254 33040
x 0 33041
p 0 274 33041
x 0 33042
p 0 253 33042
x 0 33043
p 0 316 33043
x 0 33044
p 0 247 33044
x 0 33045
p 0 247 33045
x 0 33046
p 0 242 33046
x 0 33047
p 0 247 33047
x 0 33048
p 0 272 33048
x 0 33049
p 0 234 33049
x 0 33050
p 0 293 33050
x 0 33051
p 0 232 33051
x 0 33052
p 0 233 33052
x 0 33053
p 0 227 33053
x 0 33054
p 0 239 33054
x 0 33055
p 0 352 33055
x 0 33056
p 0 277 33056
x 0 33057
p 0 288 33057
x 0 33058
p 0 243 33058
x 0 33059
p 0 257 33059
x 0 33060
p 0 289 33060
x 0 33000
h 0 10.0.0.13
p 0 44968 33000
x 1 33001
h 1 10.0.0.13
p 1 1621 33001
x 0 33002
p 0 184 33002
x 0 33003
p 0 196 33003
x 0 33004
p 0 167 33004
x 0 33005
p 0 239 33005
x 0 33006
p 0 266 33006
x 0 33007
p 0 174 33007
x 0 33008
p 0 234 33008
x 0 33009
p 0 179 33009
x 0 33010
p 0 175 33010
x 0 33011
p 0 656 33011
x 0 33012
p 0 243 33012
x 0 33013
p 0 235 33013
x 0 33014
p 0 239 33014
x 0 33015
p 0 239 33015
x 0 33016
p 0 176 33016
x 0 33017
p 0 171 33017
x 0 33018
p 0 386 33018
x 0 33019
p 0 202 33019
x 0 33020
p 0 268 33020
x 0 33021
p 0 176 33021
x 0 33022
p 0 177 33022
x 0 33023
p 0 237 33023
x 0 33024
p 0 179 33024
x 0 33025
p 0 176 33025
x 0 33026
p 0 233 33026
x 0 33027
p 0 178 33027
x 0 33028
p 0 233 33028
x 0 33029
p 0 218 33029
x 0 33030
p 0 269 33030
x 0 33031
p 0 265 33031
x 0 33032
p 0 224 33032
x 0 33033
p 0 230 33033
x 0 33034
p 0 198 33034
x 0 33035
p 0 236 33035
x 0 33036
p 0 291 33036
x 0 33037
p 0 209 33037
x 0 33038
p 0 209 33038
x 0 33039
p 0 178 33039
x 0 33040
p 0 237 33040
x 0 33041
p 0 197 33041
x 0 33042
p 0 170 33042
x 0 33043
p 0 173 33043
x 0 33044
p 0 178 33044
x 0 33045
p 0 174 33045
x 0 33046
p 0 281 33046
x 0 33047
p 0 237 33047
x 0 33048
p 0 234 33048
x 0 33049
p 0 241 33049
x 0 33050
p 0 246 33050
x 0 33051
p 0 234 33051
x 0 33052
p 0 244 33052
x 0 33053
p 0 239 33053
x 0 33054
p 0 276 33054
x 0 33055
p 0 248 33055
x 0 33056
p 0 288 33056
x 0 33057
p 0 239 33057
x 0 33058
p 0 243 33058
x 0 33059
p 0 254 33059
x 0 33060
p 0 273 33060
x 0 33000
h 0 10.0.0.13
p 0 44930 33000
x 1 33001
h 1 10.0.0.13
p 1 1430 33001
x 0 33002
p 0 237 33002
x 0 33003
p 0 224 33003
x 0 33004
p 0 273 33004
x 0 33005
p 0 221 33005
x 0 33006
p 0 187 33006
x 0 33007
p 0 184 33007
x 0 33008
p 0 233 33008
x 0 33009
p 0 162 33009
x 0 33010
p 0 204 33010
x 0 33011
p 0 189 33011
x 0 33012
p 0 208 33012
x 0 33013
p 0 329 33013
x 0 33014
p 0 232 33014
x 0 33015
p 0 227 33015
x 0 33016
p 0 225 33016
x 0 33017
p 0 249 33017
x 0 33018
p 0 236 33018
x 0 33019
p 0 232 33019
x 0 33020
p 0 226 33020
x 0 33021
p 0 260 33021
x 0 33022
p 0 228 33022
x 0 33023
p 0 232 33023
x 0 33024
p 0 230 33024
x 0 33025
p 0 260 33025
x 0 33026
p 0 235 33026
x 0 33027
p 0 228 33027
x 0 33028
p 0 229 33028
x 0 33029
p 0 254 33029
x 0 33030
p 0 238 33030
x 0 33031
p 0 238 33031
x 0 33032
p 0 244 33032
x 0 33033
p 0 280 33033
x 0 33034
p 0 242 33034
x 0 33035
p 0 236 33035
x 0 33036
p 0 233 33036
x 0 33037
p 0 278 33037
x 0 33038
p 0 238 33038
x 0 33039
p 0 236 33039
x 0 33040
p 0 325 33040
x 0 33041
p 0 230 33041
x 0 33042
p 0 255 33042
x 0 33043
p 0 229 33043
x 0 33044
p 0 239 33044
x 0 33045
p 0 233 33045
x 0 33046
p 0 268 33046
x 0 33047
p 0 235 33047
x 0 33048
p 0 173 33048
x 0 33049
p 0 186 33049
x 0 33050
p 0 197 33050
x 0 33051
p 0 185 33051
x 0 33052
p 0 184 33052
x 0 33053
p 0 453 33053
x 0 33054
p 0 231 33054
x 0 33055
p 0 195 33055
x 0 33056
p 0 246 33056
x 0 33057
p 0 235 33057
x 0 33058
p 0 291 33058
x 0 33059
p 0 190 33059
x 0 33060
p 0 196 33060
x 0 33000
h 0 10.0.0.13
p 0 38877 33000
x 1 33001
h 1 10.0.0.13
p 1 1582 33001
x 0 33002
p 0 258 33002
x 0 33003
p 0 258 33003
x 0 33004
p 0 273 33004
x 0 33005
p 0 282 33005
x 0 33006
p 0 253 33006
x 0 33007
p 0 246 33007
x 0 33008
p 0 264 33008
x 0 33009
p 0 288 33009
x 0 33010
p 0 254 33010
x 0 33011
p 0 243 33011
x 0 33012
p 0 248 33012
x 0 33013
p 0 248 33013
x 0 33014
p 0 284 33014
x 0 33015
p 0 258 33015
x 0 33016
p 0 366 33016
x 0 33017
p 0 247 33017
x 0 33018
p 0 251 33018
x 0 33019
p 0 257 33019
x 0 33020
p 0 256 33020
x 0 33021
p 0 253 33021
x 0 33022
p 0 275 33022
x 0 33023
p 0 253 33023
x 0 33024
p 0 257 33024
x 0 33025
p 0 305 33025
x 0 33026
p 0 272 33026
x 0 33027
p 0 250 33027
x 0 33028
p 0 261 33028
x 0 33029
p 0 249 33029
x 0 33030
p 0 279 33030
x 0 33031
p 0 250 33031
x 0 33032
p 0 256 33032
x 0 33033
p 0 256 33033
x 0 33034
p 0 290 33034
x 0 33035
p 0 266 33035
x 0 33036
p 0 258 33036
x 0 33037
p 0 257 33037
x 0 33038
p 0 278 33038
x 0 33039
p 0 267 33039
x 0 33040
p 0 260 33040
x 0 33041
p 0 251 33041
x 0 33042
p 0 274 33042
x 0 33043
p 0 265 33043
x 0 33044
p 0 258 33044
x 0 33045
p 0 259 33045
x 0 33046
p 0 276 33046
x 0 33047
p 0 251 33047
x 0 33048
p 0 250 33048
x 0 33049
p 0 252 33049
x 0 33050
p 0 288 33050
x 0 33051
p 0 247 33051
x 0 33052
p 0 260 33052
x 0 33053
p 0 258 33053
x 0 33054
p 0 312 33054
x 0 33055
p 0 282 33055
x 0 33056
p 0 301 33056
x 0 33057
p 0 256 33057
x 0 33058
p 0 296 33058
x 0 33059
p 0 277 33059
x 0 33060
p 0 304 33060
x 0 33000
h 0 10.0.0.13
p 0 45974 33000
x 1 33001
h 1 10.0.0.13
p 1 1699 33001
x 0 33002
p 0 248 33002
x 0 33003
p 0 121 33003
x 0 33004
p 0 242 33004
x 0 33005
p 0 238 33005
x 0 33006
p 0 209 33006
x 0 33007
p 0 232 33007
x 0 33008
p 0 234 33008
x 0 33009
p 0 237 33009
x 0 33010
p 0 204 33010
x 0 33011
p 0 202 33011
x 0 33012
p 0 237 33012
x 0 33013
p 0 195 33013
x 0 33014
p 0 201 33014
x 0 33015
p 0 201 33015
x 0 33016
p 0 243 33016
x 0 33017
p 0 205 33017
x 0 33018
p 0 181 33018
x 0 33019
p 0 180 33019
x 0 33020
p 0 238 33020
x 0 33021
p 0 239 33021
x 0 33022
p 0 236 33022
x 0 33023
p 0 245 33023
x 0 33024
p 0 247 33024
x 0 33025
p 0 248 33025
x 0 33026
p 0 240 33026
x 0 33027
p 0 242 33027
x 0 33028
p 0 241 33028
x 0 33029
p 0 245 33029
x 0 33030
p 0 244 33030
x 0 33031
p 0 238 33031
x 0 33032
p 0 236 33032
x 0 33033
p 0 235 33033
x 0 33034
p 0 241 33034
x 0 33035
p 0 243 33035
x 0 33036
p 0 243 33036
x 0 33037
p 0 242 33037
x 0 33038
p 0 177 33038
x 0 33039
p 0 181 33039
x 0 33040
p 0 181 33040
x 0 33041
p 0 233 33041
x 0 33042
p 0 175 33042
x 0 33043
p 0 234 33043
x 0 33044
p 0 182 33044
x 0 33045
p 0 241 33045
x 0 33046
p 0 236 33046
x 0 33047
p 0 282 33047
x 0 33048
p 0 234 33048
x 0 33049
p 0 283 33049
x 0 33050
p 0 250 33050
x 0 33051
p 0 229 33051
x 0 33052
p 0 235 33052
x 0 33053
p 0 230 33053
x 0 33054
p 0 275 33054
x 0 33055
p 0 261 33055
x 0 33056
p 0 305 33056
x 0 33057
p 0 256 33057
x 0 33058
p 0 247 33058
x 0 33059
p 0 253 33059
x 0 33060
p 0 259 33060
x 0 33000
h 0 10.0.0.13
p 0 57336 33000
x 1 33001
h 1 10.0.0.13
p 1 1552 33001
x 0 33002
p 0 246 33002
x 0 33003
p 0 266 33003
x 0 33004
p 0 268 33004
x 0 33005
p 0 244 33005
x 0 33006
p 0 234 33006
x 0 33007
p 0 234 33007
x 0 33008
p 0 235 33008
x 0 33009
p 0 241 33009
x 0 33010
p 0 237 33010
x 0 33011
p 0 264 33011
x 0 33012
p 0 233 33012
x 0 33013
p 0 229 33013
x 0 33014
p 0 236 33014
x 0 33015
p 0 204 33015
x 0 33016
p 0 232 33016
x 0 33017
p 0 266 33017
x 0 33018
p 0 238 33018
x 0 33019
p 0 233 33019
x 0 33020
p 0 235 33020
x 0 33021
p 0 240 33021
x 0 33022
p 0 264 33022
x 0 33023
p 0 213 33023
x 0 33024
p 0 236 33024
x 0 33025
p 0 349 33025
x 0 33026
p 0 209 33026
x 0 33027
p 0 239 33027
x 0 33028
p 0 239 33028
x 0 33029
p 0 237 33029
x 0 33030
p 0 236 33030
x 0 33031
p 0 235 33031
x 0 33032
p 0 234 33032
x 0 33033
p 0 234 33033
x 0 33034
p 0 266 33034
x 0 33035
p 0 236 33035
x 0 33036
p 0 239 33036
x 0 33037
p 0 237 33037
x 0 33038
p 0 203 33038
x 0 33039
p 0 246 33039
x 0 33040
p 0 238 33040
x 0 33041
p 0 242 33041
x 0 33042
p 0 205 33042
x 0 33043
p 0 235 33043
x 0 33044
p 0 202 33044
x 0 33045
p 0 240 33045
x 0 33046
p 0 203 33046
x 0 33047
p 0 212 33047
x 0 33048
p 0 245 33048
x 0 33049
p 0 208 33049
x 0 33050
p 0 215 33050
x 0 33051
p 0 204 33051
x 0 33052
p 0 197 33052
x 0 33053
p 0 212 33053
x 0 33054
p 0 208 33054
x 0 33055
p 0 271 33055
x 0 33056
p 0 248 33056
x 0 33057
p 0 244 33057
x 0 33058
p 0 239 33058
x 0 33059
p 0 252 33059
x 0 33060
p 0 261 33060
x 0 33000
h 0 10.0.0.13
p 0 39062 33000
x 1 33001
h 1 10.0.0.13
p 1 1398 33001
x 0 33002
p 0 237 33002
x 0 33003
p 0 297 33003
x 0 33004
p 0 271 33004
x 0 33005
p 0 237 33005
x 0 33006
p 0 236 33006
x 0 33007
p 0 216 33007
x 0 33008
p 0 239 33008
x 0 33009
p 0 183 33009
x 0 33010
p 0 289 33010
x 0 33011
p 0 244 33011
x 0 33012
p 0 242 33012
x 0 33013
p 0 240 33013
x 0 33014
p 0 246 33014
x 0 33015
p 0 342 33015
x 0 33016
p 0 186 33016
x 0 33017
p 0 215 33017
x 0 33018
p 0 189 33018
x 0 33019
p 0 184 33019
x 0 33020
p 0 183 33020
x 0 33021
p 0 193 33021
x 0 33022
p 0 197 33022
x 0 33023
p 0 198 33023
x 0 33024
p 0 207 33024
x 0 33025
p 0 200 33025
x 0 33026
p 0 194 33026
x 0 33027
p 0 201 33027
x 0 33028
p 0 197 33028
x 0 33029
p 0 199 33029
x 0 33030
p 0 199 33030
x 0 33031
p 0 199 33031
x 0 33032
p 0 197 33032
x 0 33033
p 0 195 33033
x 0 33034
p 0 220 33034
x 0 33035
p 0 178 33035
x 0 33036
p 0 174 33036
x 0 33037
p 0 209 33037
x 0 33038
p 0 306 33038
x 0 33039
p 0 245 33039
x 0 33040
p 0 241 33040
x 0 33041
p 0 172 33041
x 0 33042
p 0 174 33042
x 0 33043
p 0 240 33043
x 0 33044
p 0 209 33044
x 0 33045
p 0 301 33045
x 0 33046
p 0 176 33046
x 0 33047
p 0 177 33047
x 0 33048
p 0 179 33048
x 0 33049
p 0 243 33049
x 0 33050
p 0 179 33050
x 0 33051
p 0 179 33051
x 0 33052
p 0 712 33052
x 0 33053
p 0 176 33053
x 0 33054
p 0 179 33054
x 0 33055
p 0 182 33055
x 0 33056
p 0 239 33056
x 0 33057
p 0 179 33057
x 0 33058
p 0 240 33058
x 0 33059
p 0 274 33059
x 0 33060
p 0 259 33060
x 0 33000
h 0 10.0.0.13
p 0 44397 33000
x 1 33001
h 1 10.0.0.13
p 1 1774 33001
x 0 33002
p 0 273 33002
x 0 33003
p 0 254 33003
x 0 33004
p 0 258 33004
x 0 33005
p 0 256 33005
x 0 33006
p 0 226 33006
x 0 33007
p 0 272 33007
x 0 33008
p 0 227 33008
x 0 33009
p 0 227 33009
x 0 33010
p 0 230 33010
x 0 33011
p 0 280 33011
x 0 33012
p 0 226 33012
x 0 33013
p 0 267 33013
x 0 33014
p 0 258 33014
x 0 33015
p 0 254 33015
x 0 33016
p 0 227 33016
x 0 33017
p 0 255 33017
x 0 33018
p 0 261 33018
x 0 33019
p 0 255 33019
x 0 33020
p 0 225 33020
x 0 33021
p 0 231 33021
x 0 33022
p 0 245 33022
x 0 33023
p 0 277 33023
x 0 33024
p 0 245 33024
x 0 33025
p 0 241 33025
x 0 33026
p 0 245 33026
x 0 33027
p 0 272 33027
x 0 33028
p 0 242 33028
x 0 33029
p 0 232 33029
x 0 33030
p 0 231 33030
x 0 33031
p 0 232 33031
x 0 33032
p 0 228 33032
x 0 33033
p 0 226 33033
x 0 33034
p 0 229 33034
x 0 33035
p 0 226 33035
x 0 33036
p 0 226 33036
x 0 33037
p 0 228 33037
x 0 33038
p 0 225 33038
x 0 33039
p 0 230 33039
x 0 33040
p 0 228 33040
x 0 33041
p 0 224 33041
x 0 33042
p 0 225 33042
x 0 33043
p 0 227 33043
x 0 33044
p 0 225 33044
x 0 33045
p 0 230 33045
x 0 33046
p 0 228 33046
x 0 33047
p 0 228 33047
x 0 33048
p 0 226 33048
x 0 33049
p 0 230 33049
x 0 33050
p 0 228 33050
x 0 33051
p 0 231 33051
x 0 33052
p 0 229 33052
x 0 33053
p 0 227 33053
x 0 33054
p 0 231 33054
x 0 33055
p 0 236 33055
x 0 33056
p 0 205 33056
x 0 33057
p 0 238 33057
x 0 33058
p 0 284 33058
x 0 33059
p 0 244 33059
x 0 33060
p 0 281 33060
x 0 33000
x 1 33001
h 1 10.0.0.13
p 1 1835 33001
x 2 33002
h 2 10.0.0.13
p 2 235 33002
x 0 33003
h 0 10.0.0.13
p 0 234 33003
x 1 33004
p 1 227 33004
p 0 1028868 33000
x 0 33005
p 0 267 33005
x 0 33006
p 0 296 33006
x 0 33007
p 0 272 33007
x 0 33008
p 0 264 33008
x 0 33009
p 0 274 33009
x 0 33010
p 0 278 33010
x 0 33011
p 0 335 33011
x 0 33012
p 0 271 33012
x 0 33013
p 0 294 33013
x 0 33014
p 0 260 33014
x 0 33015
p 0 284 33015
x 0 33016
p 0 249 33016
x 0 33017
p 0 262 33017
x 0 33018
p 0 256 33018
x 0 33019
p 0 264 33019
x 0 33020
p 0 293 33020
x 0 33021
p 0 255 33021
x 0 33022
p 0 259 33022
x 0 33023
p 0 259 33023
x 0 33024
p 0 270 33024
x 0 33025
p 0 309 33025
x 0 33026
p 0 254 33026
x 0 33027
p 0 296 33027
x 0 33028
p 0 263 33028
x 0 33029
p 0 300 33029
x 0 33030
p 0 271 33030
x 0 33031
p 0 256 33031
x 0 33032
p 0 270 33032
x 0 33033
p 0 260 33033
x 0 33034
p 0 273 33034
x 0 33035
p 0 278 33035
x 0 33036
p 0 258 33036
x 0 33037
p 0 272 33037
x 0 33038
p 0 270 33038
x 0 33039
p 0 286 33039
x 0 33040
p 0 259 33040
x 0 33041
p 0 267 33041
x 0 33042
p 0 274 33042
x 0 33043
p 0 301 33043
x 0 33044
p 0 298 33044
x 0 33045
p 0 279 33045
x 0 33046
p 0 283 33046
x 0 33047
p 0 284 33047
x 0 33048
p 0 302 33048
x 0 33049
p 0 248 33049
x 0 33050
p 0 288 33050
x 0 33051
p 0 258 33051
x 0 33052
p 0 268 33052
x 0 33053
p 0 260 33053
x 0 33054
p 0 286 33054
x 0 33055
p 0 253 33055
x 0 33056
p 0 262 33056
x 0 33057
p 0 278 33057
x 0 33058
p 0 257 33058
x 0 33059
p 0 161 33059
x 0 33060
p 0 259 33060
x 0 33061
p 0 262 33061
x 0 33062
p 0 267 33062
x 0 33000
h 0 10.0.0.13
p 0 39578 33000
x 1 33001
h 1 10.0.0.13
p 1 1270 33001
x 0 33002
p 0 268 33002
x 0 33003
p 0 192 33003
x 0 33004
p 0 212 33004
x 0 33005
p 0 193 33005
x 0 33006
p 0 230 33006
x 0 33007
p 0 196 33007
x 0 33008
p 0 199 33008
x 0 33009
p 0 200 33009
x 0 33010
p 0 237 33010
x 0 33011
p 0 198 33011
x 0 33012
p 0 236 33012
x 0 33013
p 0 109 33013
x 0 33014
p 0 242 33014
x 0 33015
p 0 205 33015
x 0 33016
p 0 201 33016
x 0 33017
p 0 198 33017
x 0 33018
p 0 253 33018
x 0 33019
p 0 191 33019
x 0 33020
p 0 191 33020
x 0 33021
p 0 189 33021
x 0 33022
p 0 235 33022
x 0 33023
p 0 173 33023
x 0 33024
p 0 165 33024
x 0 33025
p 0 177 33025
x 0 33026
p 0 215 33026
x 0 33027
p 0 175 33027
x 0 33028
p 0 197 33028
x 0 33029
p 0 196 33029
x 0 33030
p 0 225 33030
x 0 33031
p 0 196 33031
x 0 33032
p 0 198 33032
x 0 33033
p 0 195 33033
x 0 33034
p 0 177 33034
x 0 33035
p 0 197 33035
x 0 33036
p 0 176 33036
x 0 33037
p 0 160 33037
x 0 33038
p 0 176 33038
x 0 33039
p 0 195 33039
x 0 33040
p 0 201 33040
x 0 33041
p 0 216 33041
x 0 33042
p 0 214 33042
x 0 33043
p 0 227 33043
x 0 33044
p 0 270 33044
x 0 33045
p 0 273 33045
x 0 33046
p 0 316 33046
x 0 33047
p 0 269 33047
x 0 33048
p 0 198 33048
x 0 33049
p 0 200 33049
x 0 33050
p 0 286 33050
x 0 33051
p 0 189 33051
x 0 33052
p 0 190 33052
x 0 33053
p 0 195 33053
x 0 33054
p 0 264 33054
x 0 33055
p 0 200 33055
x 0 33056
p 0 197 33056
x 0 33057
p 0 259 33057
x 0 33058
p 0 316 33058
x 0 33059
p 0 209 33059
x 0 33060
p 0 274 33060
x 0 33000
h 0 10.0.0.13
p 0 45672 33000
x 1 33001
h 1 10.0.0.13
p 1 1933 33001
x 0 33002
p 0 237 33002
x 0 33003
p 0 245 33003
x 0 33004
p 0 239 33004
x 0 33005
p 0 240 33005
x 0 33006
p 0 237 33006
x 0 33007
p 0 245 33007
x 0 33008
p 0 198 33008
x 0 33009
p 0 248 33009
x 0 33010
p 0 241 33010
x 0 33011
p 0 206 33011
x 0 33012
p 0 250 33012
x 0 33013
p 0 253 33013
x 0 33014
p 0 249 33014
x 0 33015
p 0 249 33015
x 0 33016
p 0 247 33016
x 0 33017
p 0 249 33017
x 0 33018
p 0 246 33018
x 0 33019
p 0 249 33019
x 0 33020
p 0 250 33020
x 0 33021
p 0 249 33021
x 0 33022
p 0 241 33022
x 0 33023
p 0 242 33023
x 0 33024
p 0 244 33024
x 0 33025
p 0 247 33025
x 0 33026
p 0 243 33026
x 0 33027
p 0 242 33027
x 0 33028
p 0 242 33028
x 0 33029
p 0 245 33029
x 0 33030
p 0 246 33030
x 0 33031
p 0 247 33031
x 0 33032
p 0 245 33032
x 0 33033
p 0 246 33033
x 0 33034
p 0 248 33034
x 0 33035
p 0 247 33035
x 0 33036
p 0 248 33036
x 0 33037
p 0 247 33037
x 0 33038
p 0 245 33038
x 0 33039
p 0 246 33039
x 0 33040
p 0 240 33040
x 0 33041
p 0 245 33041
x 0 33042
p 0 238 33042
x 0 33043
p 0 213 33043
x 0 33044
p 0 217 33044
x 0 33045
p 0 250 33045
x 0 33046
p 0 247 33046
x 0 33047
p 0 241 33047
x 0 33048
p 0 210 33048
x 0 33049
p 0 244 33049
x 0 33050
p 0 247 33050
x 0 33051
p 0 208 33051
x 0 33052
p 0 209 33052
x 0 33053
p 0 242 33053
x 0 33054
p 0 243 33054
x 0 33055
p 0 222 33055
x 0 33056
p 0 259 33056
x 0 33057
p 0 252 33057
x 0 33058
p 0 293 33058
x 0 33059
p 0 124 33059
x 0 33060
p 0 298 33060
x 0 33000
h 0 10.0.0.13
p 0 80590 33000
x 1 33001
h 1 10.0.0.13
p 1 1521 33001
x 0 33002
p 0 235 33002
x 0 33003
p 0 242 33003
x 0 33004
p 0 238 33004
x 0 33005
p 0 236 33005
x 0 33006
p 0 238 33006
x 0 33007
p 0 234 33007
x 0 33008
p 0 267 33008
x 0 33009
p 0 237 33009
x 0 33010
p 0 233 33010
x 0 33011
p 0 261 33011
x 0 33012
p 0 270 33012
x 0 33013
p 0 234 33013
x 0 33014
p 0 213 33014
x 0 33015
p 0 225 33015
x 0 33016
p 0 273 33016
x 0 33017
p 0 238 33017
x 0 33018
p 0 217 33018
x 0 33019
p 0 233 33019
x 0 33020
p 0 262 33020
x 0 33021
p 0 238 33021
x 0 33022
p 0 217 33022
x 0 33023
p 0 220 33023
x 0 33024
p 0 213 33024
x 0 33025
p 0 218 33025
x 0 33026
p 0 213 33026
x 0 33027
p 0 214 33027
x 0 33028
p 0 217 33028
x 0 33029
p 0 218 33029
x 0 33030
p 0 194 33030
x 0 33031
p 0 259 33031
x 0 33032
p 0 197 33032
x 0 33033
p 0 325 33033
x 0 33034
p 0 226 33034
x 0 33035
p 0 196 33035
x 0 33036
p 0 194 33036
x 0 33037
p 0 266 33037
x 0 33038
p 0 229 33038
x 0 33039
p 0 258 33039
x 0 33040
p 0 195 33040
x 0 33041
p 0 276 33041
x 0 33042
p 0 241 33042
x 0 33043
p 0 240 33043
x 0 33044
p 0 326 33044
x 0 33045
p 0 248 33045
x 0 33046
p 0 239 33046
x 0 33047
p 0 248 33047
x 0 33048
p 0 431 33048
x 0 33049
p 0 247 33049
x 0 33050
p 0 267 33050
x 0 33051
p 0 246 33051
x 0 33052
p 0 240 33052
x 0 33053
p 0 238 33053
x 0 33054
p 0 276 33054
x 0 33055
p 0 276 33055
x 0 33056
p 0 306 33056
x 0 33057
p 0 262 33057
x 0 33058
p 0 251 33058
x 0 33059
p 0 257 33059
x 0 33060
p 0 305 33060
x 0 33000
h 0 10.0.0.13
p 0 44568 33000
x 1 33001
h 1 10.0.0.13
p 1 1522 33001
x 0 33002
p 0 216 33002
x 0 33003
p 0 196 33003
x 0 33004
p 0 209 33004
x 0 33005
p 0 243 33005
x 0 33006
p 0 272 33006
x 0 33007
p 0 262 33007
x 0 33008
p 0 256 33008
x 0 33009
p 0 288 33009
x 0 33010
p 0 279 33010
x 0 33011
p 0 247 33011
x 0 33012
p 0 269 33012
x 0 33013
p 0 246 33013
x 0 33014
p 0 252 33014
x 0 33015
p 0 248 33015
x 0 33016
p 0 245 33016
x 0 33017
p 0 281 33017
x 0 33018
p 0 239 33018
x 0 33019
p 0 246 33019
x 0 33020
p 0 242 33020
x 0 33021
p 0 299 33021
x 0 33022
p 0 250 33022
x 0 33023
p 0 252 33023
x 0 33024
p 0 246 33024
x 0 33025
p 0 248 33025
x 0 33026
p 0 242 33026
x 0 33027
p 0 248 33027
x 0 33028
p 0 296 33028
x 0 33029
p 0 252 33029
x 0 33030
p 0 248 33030
x 0 33031
p 0 244 33031
x 0 33032
p 0 253 33032
x 0 33033
p 0 240 33033
x 0 33034
p 0 248 33034
x 0 33035
p 0 292 33035
x 0 33036
p 0 242 33036
x 0 33037
p 0 243 33037
x 0 33038
p 0 250 33038
x 0 33039
p 0 274 33039
x 0 33040
p 0 245 33040
x 0 33041
p 0 239 33041
x 0 33042
p 0 238 33042
x 0 33043
p 0 246 33043
x 0 33044
p 0 248 33044
x 0 33045
p 0 241 33045
x 0 33046
p 0 271 33046
x 0 33047
p 0 238 33047
x 0 33048
p 0 238 33048
x 0 33049
p 0 294 33049
x 0 33050
p 0 240 33050
x 0 33051
p 0 238 33051
x 0 33052
p 0 236 33052
x 0 33053
p 0 235 33053
x 0 33054
p 0 242 33054
x 0 33055
p 0 247 33055
x 0 33056
p 0 290 33056
x 0 33057
p 0 243 33057
x 0 33058
p 0 262 33058
x 0 33059
p 0 253 33059
x 0 33060
p 0 262 33060
x 0 33000
h 0 10.0.0.13
p 0 44019 33000
x 1 33001
h 1 10.0.0.13
p 1 1434 33001
x 0 33002
p 0 266 33002
x 0 33003
p 0 302 33003
x 0 33004
p 0 287 33004
x 0 33005
p 0 296 33005
x 0 33006
p 0 248 33006
x 0 33007
p 0 327 33007
x 0 33008
p 0 271 33008
x 0 33009
p 0 285 33009
x 0 33010
p 0 296 33010
x 0 33011
p 0 368 33011
x 0 33012
p 0 313 33012
x 0 33013
p 0 361 33013
x 0 33014
p 0 371 33014
x 0 33015
p 0 322 33015
x 0 33016
p 0 319 33016
x 0 33017
p 0 359 33017
x 0 33018
p 0 282 33018
x 0 33019
p 0 239 33019
x 0 33020
p 0 241 33020
x 0 33021
p 0 241 33021
x 0 33022
p 0 247 33022
x 0 33023
p 0 241 33023
x 0 33024
p 0 238 33024
x 0 33025
p 0 238 33025
x 0 33026
p 0 245 33026
x 0 33027
p 0 238 33027
x 0 33028
p 0 275 33028
x 0 33029
p 0 238 33029
x 0 33030
p 0 233 33030
x 0 33031
p 0 242 33031
x 0 33032
p 0 243 33032
x 0 33033
p 0 239 33033
x 0 33034
p 0 241 33034
x 0 33035
p 0 270 33035
x 0 33036
p 0 241 33036
x 0 33037
p 0 241 33037
x 0 33038
p 0 237 33038
x 0 33039
p 0 253 33039
x 0 33040
p 0 238 33040
x 0 33041
p 0 241 33041
x 0 33042
p 0 270 33042
x 0 33043
p 0 237 33043
x 0 33044
p 0 246 33044
x 0 33045
p 0 278 33045
x 0 33046
p 0 237 33046
x 0 33047
p 0 235 33047
x 0 33048
p 0 238 33048
x 0 33049
p 0 336 33049
x 0 33050
p 0 241 33050
x 0 33051
p 0 245 33051
x 0 33052
p 0 192 33052
x 0 33053
p 0 316 33053
x 0 33054
p 0 248 33054
x 0 33055
p 0 256 33055
x 0 33056
p 0 250 33056
x 0 33057
p 0 248 33057
x 0 33058
p 0 252 33058
x 0 33059
p 0 276 33059
x 0 33060
p 0 355 33060
x 0 33000
h 0 10.0.0.13
p 0 39693 33000
x 1 33001
h 1 10.0.0.13
p 1 1403 33001
x 0 33002
p 0 264 33002
x 0 33003
p 0 232 33003
x 0 33004
p 0 228 33004
x 0 33005
p 0 231 33005
x 0 33006
p 0 228 33006
x 0 33007
p 0 227 33007
x 0 33008
p 0 226 33008
x 0 33009
p 0 232 33009
x 0 33010
p 0 199 33010
x 0 33011
p 0 264 33011
x 0 33012
p 0 230 33012
x 0 33013
p 0 230 33013
x 0 33014
p 0 201 33014
x 0 33015
p 0 229 33015
x 0 33016
p 0 230 33016
x 0 33017
p 0 228 33017
x 0 33018
p 0 197 33018
x 0 33019
p 0 228 33019
x 0 33020
p 0 231 33020
x 0 33021
p 0 200 33021
x 0 33022
p 0 199 33022
x 0 33023
p 0 233 33023
x 0 33024
p 0 229 33024
x 0 33025
p 0 259 33025
x 0 33026
p 0 204 33026
x 0 33027
p 0 199 33027
x 0 33028
p 0 186 33028
x 0 33029
p 0 199 33029
x 0 33030
p 0 206 33030
x 0 33031
p 0 234 33031
x 0 33032
p 0 230 33032
x 0 33033
p 0 231 33033
x 0 33034
p 0 235 33034
x 0 33035
p 0 204 33035
x 0 33036
p 0 201 33036
x 0 33037
p 0 229 33037
x 0 33038
p 0 227 33038
x 0 33039
p 0 231 33039
x 0 33040
p 0 232 33040
x 0 33041
p 0 343 33041
x 0 33042
p 0 225 33042
x 0 33043
p 0 198 33043
x 0 33044
p 0 201 33044
x 0 33045
p 0 230 33045
x 0 33046
p 0 182 33046
x 0 33047
p 0 148 33047
x 0 33048
p 0 180 33048
x 0 33049
p 0 184 33049
x 0 33050
p 0 172 33050
x 0 33051
p 0 201 33051
x 0 33052
p 0 207 33052
x 0 33053
p 0 229 33053
x 0 33054
p 0 199 33054
x 0 33055
p 0 239 33055
x 0 33056
p 0 278 33056
x 0 33057
p 0 236 33057
x 0 33058
p 0 236 33058
x 0 33059
p 0 248 33059
x 0 33060
p 0 251 33060
x 0 33000
h 0 10.0.0.13
p 0 44847 33000
x 1 33001
h 1 10.0.0.13
p 1 1571 33001
x 0 33002
p 0 188 33002
x 0 33003
p 0 254 33003
x 0 33004
p 0 199 33004
x 0 33005
p 0 178 33005
x 0 33006
p 0 192 33006
x 0 33007
p 0 217 33007
x 0 33008
p 0 197 33008
x 0 33009
p 0 233 33009
x 0 33010
p 0 200 33010
x 0 33011
p 0 222 33011
x 0 33012
p 0 197 33012
x 0 33013
p 0 234 33013
x 0 33014
p 0 203 33014
x 0 33015
p 0 224 33015
x 0 33016
p 0 208 33016
x 0 33017
p 0 227 33017
x 0 33018
p 0 193 33018
x 0 33019
p 0 227 33019
x 0 33020
p 0 199 33020
x 0 33021
p 0 229 33021
x 0 33022
p 0 239 33022
x 0 33023
p 0 223 33023
x 0 33024
p 0 200 33024
x 0 33025
p 0 201 33025
x 0 33026
p 0 203 33026
x 0 33027
p 0 217 33027
x 0 33028
p 0 219 33028
x 0 33029
p 0 233 33029
x 0 33030
p 0 237 33030
x 0 33031
p 0 202 33031
x 0 33032
p 0 230 33032
x 0 33033
p 0 230 33033
x 0 33034
p 0 239 33034
x 0 33035
p 0 244 33035
x 0 33036
p 0 199 33036
x 0 33037
p 0 228 33037
x 0 33038
p 0 226 33038
x 0 33039
p 0 228 33039
x 0 33040
p 0 235 33040
x 0 33041
p 0 231 33041
x 0 33042
p 0 251 33042
x 0 33043
p 0 243 33043
x 0 33044
p 0 223 33044
x 0 33045
p 0 250 33045
x 0 33046
p 0 268 33046
x 0 33047
p 0 212 33047
x 0 33048
p 0 208 33048
x 0 33049
p 0 241 33049
x 0 33050
p 0 212 33050
x 0 33051
p 0 243 33051
x 0 33052
p 0 214 33052
x 0 33053
p 0 215 33053
x 0 33054
p 0 225 33054
x 0 33055
p 0 247 33055
x 0 33056
p 0 207 33056
x 0 33057
p 0 250 33057
x 0 33058
p 0 872 33058
x 0 33059
p 0 217 33059
x 0 33060
p 0 257 33060
x 0 33000
h 0 10.0.0.13
p 0 45104 33000
x 1 33001
h 1 10.0.0.13
p 1 1573 33001
x 0 33002
p 0 279 33002
x 0 33003
p 0 263 33003
x 0 33004
p 0 315 33004
x 0 33005
p 0 380 33005
x 0 33006
p 0 231 33006
x 0 33007
p 0 225 33007
x 0 33008
p 0 226 33008
x 0 33009
p 0 225 33009
x 0 33010
p 0 224 33010
x 0 33011
p 0 226 33011
x 0 33012
p 0 223 33012
x 0 33013
p 0 223 33013
x 0 33014
p 0 224 33014
x 0 33015
p 0 247 33015
x 0 33016
p 0 224 33016
x 0 33017
p 0 222 33017
x 0 33018
p 0 224 33018
x 0 33019
p 0 223 33019
x 0 33020
p 0 225 33020
x 0 33021
p 0 225 33021
x 0 33022
p 0 227 33022
x 0 33023
p 0 225 33023
x 0 33024
p 0 226 33024
x 0 33025
p 0 228 33025
x 0 33026
p 0 228 33026
x 0 33027
p 0 226 33027
x 0 33028
p 0 225 33028
x 0 33029
p 0 226 33029
x 0 33030
p 0 227 33030
x 0 33031
p 0 225 33031
x 0 33032
p 0 224 33032
x 0 33033
p 0 227 33033
x 0 33034
p 0 224 33034
x 0 33035
p 0 225 33035
x 0 33036
p 0 224 33036
x 0 33037
p 0 226 33037
x 0 33038
p 0 225 33038
x 0 33039
p 0 224 33039
x 0 33040
p 0 227 33040
x 0 33041
p 0 273 33041
x 0 33042
p 0 226 33042
x 0 33043
p 0 224 33043
x 0 33044
p 0 229 33044
x 0 33045
p 0 227 33045
x 0 33046
p 0 230 33046
x 0 33047
p 0 224 33047
x 0 33048
p 0 227 33048
x 0 33049
p 0 226 33049
x 0 33050
p 0 230 33050
x 0 33051
p 0 226 33051
x 0 33052
p 0 224 33052
x 0 33053
p 0 223 33053
x 0 33054
p 0 225 33054
x 0 33055
p 0 247 33055
x 0 33056
p 0 230 33056
x 0 33057
p 0 230 33057
x 0 33058
p 0 233 33058
x 0 33059
p 0 240 33059
x 0 33060
p 0 249 33060
x 0 33000
h 0 10.0.0.13
p 0 50589 33000
x 1 33001
h 1 10.0.0.13
p 1 1028 33001
x 0 33002
p 0 210 33002
x 0 33003
p 0 203 33003
x 0 33004
p 0 234 33004
x 0 33005
p 0 239 33005
x 0 33006
p 0 240 33006
x 0 33007
p 0 260 33007
x 0 33008
p 0 269 33008
x 0 33009
p 0 267 33009
x 0 33010
p 0 352 33010
x 0 33011
p 0 337 33011
x 0 33012
p 0 349 33012
x 0 33013
p 0 336 33013
x 0 33014
p 0 239 33014
x 0 33015
p 0 209 33015
x 0 33016
p 0 267 33016
x 0 33017
p 0 406 33017
x 0 33018
p 0 278 33018
x 0 33019
p 0 273 33019
x 0 33020
p 0 267 33020
x 0 33021
p 0 238 33021
x 0 33022
p 0 240 33022
x 0 33023
p 0 235 33023
x 0 33024
p 0 238 33024
x 0 33025
p 0 235 33025
x 0 33026
p 0 240 33026
x 0 33027
p 0 236 33027
x 0 33028
p 0 244 33028
x 0 33029
p 0 242 33029
x 0 33030
p 0 283 33030
x 0 33031
p 0 345 33031
x 0 33032
p 0 306 33032
x 0 33033
p 0 308 33033
x 0 33034
p 0 241 33034
x 0 33035
p 0 245 33035
x 0 33036
p 0 291 33036
x 0 33037
p 0 209 33037
x 0 33038
p 0 203 33038
x 0 33039
p 0 234 33039
x 0 33040
p 0 234 33040
x 0 33041
p 0 236 33041
x 0 33042
p 0 198 33042
x 0 33043
p 0 197 33043
x 0 33044
p 0 232 33044
x 0 33045
p 0 236 33045
x 0 33046
p 0 236 33046
x 0 33047
p 0 234 33047
x 0 33048
p 0 355 33048
x 0 33049
p 0 305 33049
x 0 33050
p 0 238 33050
x 0 33051
p 0 302 33051
x 0 33052
p 0 238 33052
x 0 33053
p 0 235 33053
x 0 33054
p 0 217 33054
x 0 33055
p 0 245 33055
x 0 33056
p 0 251 33056
x 0 33057
p 0 252 33057
x 0 33058
p 0 251 33058
x 0 33059
p 0 249 33059
x 0 33060
p 0 252 33060
x 0 33000
h 0 10.0.0.13
p 0 42333 33000
x 1 33001
h 1 10.0.0.13
p 1 1503 33001
x 0 33002
p 0 233 33002
x 0 33003
p 0 169 33003
x 0 33004
p 0 209 33004
x 0 33005
p 0 265 33005
x 0 33006
p 0 245 33006
x 0 33007
p 0 241 33007
x 0 33008
p 0 249 33008
x 0 33009
p 0 311 33009
x 0 33010
p 0 250 33010
x 0 33011
p 0 275 33011
x 0 33012
p 0 240 33012
x 0 33013
p 0 242 33013
x 0 33014
p 0 262 33014
x 0 33015
p 0 240 33015
x 0 33016
p 0 312 33016
x 0 33017
p 0 238 33017
x 0 33018
p 0 289 33018
x 0 33019
p 0 263 33019
x 0 33020
p 0 262 33020
x 0 33021
p 0 239 33021
x 0 33022
p 0 249 33022
x 0 33023
p 0 240 33023
x 0 33024
p 0 267 33024
x 0 33025
p 0 383 33025
x 0 33026
p 0 241 33026
x 0 33027
p 0 249 33027
x 0 33028
p 0 273 33028
x 0 33029
p 0 254 33029
x 0 33030
p 0 257 33030
x 0 33031
p 0 248 33031
x 0 33032
p 0 312 33032
x 0 33033
p 0 241 33033
x 0 33034
p 0 242 33034
x 0 33035
p 0 264 33035
x 0 33036
p 0 242 33036
x 0 33037
p 0 239 33037
x 0 33038
p 0 245 33038
x 0 33039
p 0 281 33039
x 0 33040
p 0 250 33040
x 0 33041
p 0 240 33041
x 0 33042
p 0 240 33042
x 0 33043
p 0 246 33043
x 0 33044
p 0 259 33044
x 0 33045
p 0 260 33045
x 0 33046
p 0 241 33046
x 0 33047
p 0 243 33047
x 0 33048
p 0 311 33048
x 0 33049
p 0 273 33049
x 0 33050
p 0 276 33050
x 0 33051
p 0 243 33051
x 0 33052
p 0 240 33052
x 0 33053
p 0 245 33053
x 0 33054
p 0 252 33054
x 0 33055
p 0 257 33055
x 0 33056
p 0 217 33056
x 0 33057
p 0 365 33057
x 0 33058
p 0 324 33058
x 0 33059
p 0 270 33059
x 0 33060
p 0 281 33060
x 0 33000
h 0 10.0.0.13
p 0 39374 33000
x 1 33001
h 1 10.0.0.13
p 1 1352 33001
x 0 33002
p 0 206 33002
x 0 33003
p 0 228 33003
x 0 33004
p 0 231 33004
x 0 33005
p 0 140 33005
x 0 33006
p 0 301 33006
x 0 33007
p 0 190 33007
x 0 33008
p 0 226 33008
x 0 33009
p 0 181 33009
x 0 33010
p 0 200 33010
x 0 33011
p 0 194 33011
x 0 33012
p 0 188 33012
x 0 33013
p 0 178 33013
x 0 33014
p 0 179 33014
x 0 33015
p 0 205 33015
x 0 33016
p 0 223 33016
x 0 33017
p 0 205 33017
x 0 33018
p 0 708 33018
x 0 33019
p 0 252 33019
x 0 33020
p 0 295 33020
x 0 33021
p 0 299 33021
x 0 33022
p 0 244 33022
x 0 33023
p 0 240 33023
x 0 33024
p 0 245 33024
x 0 33025
p 0 248 33025
x 0 33026
p 0 250 33026
x 0 33027
p 0 254 33027
x 0 33028
p 0 251 33028
x 0 33029
p 0 306 33029
x 0 33030
p 0 254 33030
x 0 33031
p 0 255 33031
x 0 33032
p 0 279 33032
x 0 33033
p 0 239 33033
x 0 33034
p 0 208 33034
x 0 33035
p 0 233 33035
x 0 33036
p 0 240 33036
x 0 33037
p 0 237 33037
x 0 33038
p 0 231 33038
x 0 33039
p 0 263 33039
x 0 33040
p 0 247 33040
x 0 33041
p 0 175 33041
x 0 33042
p 0 179 33042
x 0 33043
p 0 191 33043
x 0 33044
p 0 235 33044
x 0 33045
p 0 235 33045
x 0 33046
p 0 267 33046
x 0 33047
p 0 295 33047
x 0 33048
p 0 233 33048
x 0 33049
p 0 234 33049
x 0 33050
p 0 325 33050
x 0 33051
p 0 233 33051
x 0 33052
p 0 235 33052
x 0 33053
p 0 264 33053
x 0 33054
p 0 234 33054
x 0 33055
p 0 247 33055
x 0 33056
p 0 243 33056
x 0 33057
p 0 300 33057
x 0 33058
p 0 243 33058
x 0 33059
p 0 257 33059
x 0 33060
p 0 342 33060
x 0 33000
h 0 10.0.0.13
p 0 44663 33000
x 1 33001
h 1 10.0.0.13
p 1 1360 33001
x 0 33002
p 0 228 33002
x 0 33003
p 0 228 33003
x 0 33004
p 0 231 33004
x 0 33005
p 0 226 33005
x 0 33006
p 0 151 33006
x 0 33007
p 0 221 33007
x 0 33008
p 0 221 33008
x 0 33009
p 0 222 33009
x 0 33010
p 0 191 33010
x 0 33011
p 0 221 33011
x 0 33012
p 0 224 33012
x 0 33013
p 0 185 33013
x 0 33014
p 0 194 33014
x 0 33015
p 0 225 33015
x 0 33016
p 0 223 33016
x 0 33017
p 0 229 33017
x 0 33018
p 0 194 33018
x 0 33019
p 0 227 33019
x 0 33020
p 0 226 33020
x 0 33021
p 0 226 33021
x 0 33022
p 0 193 33022
x 0 33023
p 0 226 33023
x 0 33024
p 0 231 33024
x 0 33025
p 0 226 33025
x 0 33026
p 0 198 33026
x 0 33027
p 0 229 33027
x 0 33028
p 0 229 33028
x 0 33029
p 0 229 33029
x 0 33030
p 0 198 33030
x 0 33031
p 0 226 33031
x 0 33032
p 0 225 33032
x 0 33033
p 0 238 33033
x 0 33034
p 0 206 33034
x 0 33035
p 0 239 33035
x 0 33036
p 0 241 33036
x 0 33037
p 0 214 33037
x 0 33038
p 0 206 33038
x 0 33039
p 0 238 33039
x 0 33040
p 0 241 33040
x 0 33041
p 0 238 33041
x 0 33042
p 0 203 33042
x 0 33043
p 0 213 33043
x 0 33044
p 0 227 33044
x 0 33045
p 0 189 33045
x 0 33046
p 0 193 33046
x 0 33047
p 0 224 33047
x 0 33048
p 0 186 33048
x 0 33049
p 0 225 33049
x 0 33050
p 0 160 33050
x 0 33051
p 0 227 33051
x 0 33052
p 0 226 33052
x 0 33053
p 0 248 33053
x 0 33054
p 0 226 33054
x 0 33055
p 0 236 33055
x 0 33056
p 0 243 33056
x 0 33057
p 0 236 33057
x 0 33058
p 0 233 33058
x 0 33059
p 0 264 33059
x 0 33060
p 0 319 33060
x 0 33000
h 0 10.0.0.13
p 0 44634 33000
x 1 33001
h 1 10.0.0.13
p 1 1510 33001
x 0 33002
p 0 205 33002
x 0 33003
p 0 228 33003
x 0 33004
p 0 241 33004
x 0 33005
p 0 163 33005
x 0 33006
p 0 186 33006
x 0 33007
p 0 174 33007
x 0 33008
p 0 240 33008
x 0 33009
p 0 208 33009
x 0 33010
p 0 177 33010
x 0 33011
p 0 175 33011
x 0 33012
p 0 220 33012
x 0 33013
p 0 176 33013
x 0 33014
p 0 175 33014
x 0 33015
p 0 168 33015
x 0 33016
p 0 226 33016
x 0 33017
p 0 230 33017
x 0 33018
p 0 225 33018
x 0 33019
p 0 199 33019
x 0 33020
p 0 169 33020
x 0 33021
p 0 165 33021
x 0 33022
p 0 169 33022
x 0 33023
p 0 187 33023
x 0 33024
p 0 175 33024
x 0 33025
p 0 169 33025
x 0 33026
p 0 214 33026
x 0 33027
p 0 179 33027
x 0 33028
p 0 230 33028
x 0 33029
p 0 233 33029
x 0 33030
p 0 287 33030
x 0 33031
p 0 177 33031
x 0 33032
p 0 178 33032
x 0 33033
p 0 178 33033
x 0 33034
p 0 242 33034
x 0 33035
p 0 182 33035
x 0 33036
p 0 233 33036
x 0 33037
p 0 288 33037
x 0 33038
p 0 179 33038
x 0 33039
p 0 181 33039
x 0 33040
p 0 234 33040
x 0 33041
p 0 264 33041
x 0 33042
p 0 178 33042
x 0 33043
p 0 231 33043
x 0 33044
p 0 246 33044
x 0 33045
p 0 166 33045
x 0 33046
p 0 173 33046
x 0 33047
p 0 255 33047
x 0 33048
p 0 229 33048
x 0 33049
p 0 230 33049
x 0 33050
p 0 231 33050
x 0 33051
p 0 230 33051
x 0 33052
p 0 181 33052
x 0 33053
p 0 179 33053
x 0 33054
p 0 272 33054
x 0 33055
p 0 197 33055
x 0 33056
p 0 191 33056
x 0 33057
p 0 187 33057
x 0 33058
p 0 188 33058
x 0 33059
p 0 184 33059
x 0 33060
p 0 194 33060
x 0 33000
h 0 10.0.0.13
p 0 44461 33000
x 1 33001
h 1 10.0.0.13
p 1 1502 33001
x 0 33002
p 0 273 33002
x 0 33003
p 0 262 33003
x 0 33004
p 0 254 33004
x 0 33005
p 0 312 33005
x 0 33006
p 0 214 33006
x 0 33007
p 0 289 33007
x 0 33008
p 0 192 33008
x 0 33009
p 0 195 33009
x 0 33010
p 0 224 33010
x 0 33011
p 0 286 33011
x 0 33012
p 0 225 33012
x 0 33013
p 0 220 33013
x 0 33014
p 0 221 33014
x 0 33015
p 0 223 33015
x 0 33016
p 0 226 33016
x 0 33017
p 0 217 33017
x 0 33018
p 0 265 33018
x 0 33019
p 0 269 33019
x 0 33020
p 0 224 33020
x 0 33021
p 0 195 33021
x 0 33022
p 0 266 33022
x 0 33023
p 0 259 33023
x 0 33024
p 0 231 33024
x 0 33025
p 0 202 33025
x 0 33026
p 0 230 33026
x 0 33027
p 0 224 33027
x 0 33028
p 0 175 33028
x 0 33029
p 0 174 33029
x 0 33030
p 0 173 33030
x 0 33031
p 0 176 33031
x 0 33032
p 0 172 33032
x 0 33033
p 0 234 33033
x 0 33034
p 0 199 33034
x 0 33035
p 0 234 33035
x 0 33036
p 0 178 33036
x 0 33037
p 0 176 33037
x 0 33038
p 0 712 33038
x 0 33039
p 0 174 33039
x 0 33040
p 0 233 33040
x 0 33041
p 0 212 33041
x 0 33042
p 0 172 33042
x 0 33043
p 0 175 33043
x 0 33044
p 0 231 33044
x 0 33045
p 0 185 33045
x 0 33046
p 0 232 33046
x 0 33047
p 0 178 33047
x 0 33048
p 0 231 33048
x 0 33049
p 0 179 33049
x 0 33050
p 0 237 33050
x 0 33051
p 0 177 33051
x 0 33052
p 0 244 33052
x 0 33053
p 0 173 33053
x 0 33054
p 0 180 33054
x 0 33055
p 0 241 33055
x 0 33056
p 0 183 33056
x 0 33057
p 0 234 33057
x 0 33058
p 0 192 33058
x 0 33059
p 0 241 33059
x 0 33060
p 0 279 33060
x 0 33000
h 0 10.0.0.13
p 0 45981 33000
x 1 33001
h 1 10.0.0.13
p 1 1656 33001
x 0 33002
p 0 225 33002
x 0 33003
p 0 229 33003
x 0 33004
p 0 267 33004
x 0 33005
p 0 194 33005
x 0 33006
p 0 167 33006
x 0 33007
p 0 158 33007
x 0 33008
p 0 133 33008
x 0 33009
p 0 223 33009
x 0 33010
p 0 223 33010
x 0 33011
p 0 201 33011
x 0 33012
p 0 183 33012
x 0 33013
p 0 225 33013
x 0 33014
p 0 183 33014
x 0 33015
p 0 216 33015
x 0 33016
p 0 223 33016
x 0 33017
p 0 178 33017
x 0 33018
p 0 222 33018
x 0 33019
p 0 197 33019
x 0 33020
p 0 189 33020
x 0 33021
p 0 196 33021
x 0 33022
p 0 188 33022
x 0 33023
p 0 220 33023
x 0 33024
p 0 201 33024
x 0 33025
p 0 195 33025
x 0 33026
p 0 195 33026
x 0 33027
p 0 239 33027
x 0 33028
p 0 204 33028
x 0 33029
p 0 232 33029
x 0 33030
p 0 226 33030
x 0 33031
p 0 229 33031
x 0 33032
p 0 197 33032
x 0 33033
p 0 231 33033
x 0 33034
p 0 228 33034
x 0 33035
p 0 233 33035
x 0 33036
p 0 211 33036
x 0 33037
p 0 236 33037
x 0 33038
p 0 234 33038
x 0 33039
p 0 231 33039
x 0 33040
p 0 201 33040
x 0 33041
p 0 198 33041
x 0 33042
p 0 199 33042
x 0 33043
p 0 229 33043
x 0 33044
p 0 200 33044
x 0 33045
p 0 236 33045
x 0 33046
p 0 233 33046
x 0 33047
p 0 199 33047
x 0 33048
p 0 201 33048
x 0 33049
p 0 243 33049
x 0 33050
p 0 200 33050
x 0 33051
p 0 237 33051
x 0 33052
p 0 202 33052
x 0 33053
p 0 233 33053
x 0 33054
p 0 234 33054
x 0 33055
p 0 209 33055
x 0 33056
p 0 214 33056
x 0 33057
p 0 277 33057
x 0 33058
p 0 258 33058
x 0 33059
p 0 256 33059
x 0 33060
p 0 273 33060
x 0 33000
h 0 10.0.0.13
p 0 39435 33000
x 1 33001
h 1 10.0.0.13
p 1 1487 33001
x 0 33002
p 0 233 33002
x 0 33003
p 0 250 33003
x 0 33004
p 0 249 33004
x 0 33005
p 0 246 33005
x 0 33006
p 0 247 33006
x 0 33007
p 0 244 33007
x 0 33008
p 0 245 33008
x 0 33009
p 0 249 33009
x 0 33010
p 0 247 33010
x 0 33011
p 0 244 33011
x 0 33012
p 0 163 33012
x 0 33013
p 0 244 33013
x 0 33014
p 0 251 33014
x 0 33015
p 0 252 33015
x 0 33016
p 0 260 33016
x 0 33017
p 0 253 33017
x 0 33018
p 0 250 33018
x 0 33019
p 0 256 33019
x 0 33020
p 0 255 33020
x 0 33021
p 0 250 33021
x 0 33022
p 0 251 33022
x 0 33023
p 0 250 33023
x 0 33024
p 0 245 33024
x 0 33025
p 0 254 33025
x 0 33026
p 0 256 33026
x 0 33027
p 0 250 33027
x 0 33028
p 0 254 33028
x 0 33029
p 0 256 33029
x 0 33030
p 0 259 33030
x 0 33031
p 0 250 33031
x 0 33032
p 0 254 33032
x 0 33033
p 0 247 33033
x 0 33034
p 0 256 33034
x 0 33035
p 0 253 33035
x 0 33036
p 0 247 33036
x 0 33037
p 0 304 33037
x 0 33038
p 0 377 33038
x 0 33039
p 0 297 33039
x 0 33040
p 0 256 33040
x 0 33041
p 0 240 33041
x 0 33042
p 0 244 33042
x 0 33043
p 0 246 33043
x 0 33044
p 0 238 33044
x 0 33045
p 0 200 33045
x 0 33046
p 0 244 33046
x 0 33047
p 0 236 33047
x 0 33048
p 0 210 33048
x 0 33049
p 0 221 33049
x 0 33050
p 0 217 33050
x 0 33051
p 0 248 33051
x 0 33052
p 0 217 33052
x 0 33053
p 0 244 33053
x 0 33054
p 0 219 33054
x 0 33055
p 0 256 33055
x 0 33056
p 0 222 33056
x 0 33057
p 0 244 33057
x 0 33058
p 0 262 33058
x 0 33059
p 0 276 33059
x 0 33060
p 0 281 33060
x 0 33000
h 0 10.0.0.13
p 0 45292 33000
x 1 33001
h 1 10.0.0.13
p 1 1660 33001
x 0 33002
p 0 256 33002
x 0 33003
p 0 233 33003
x 0 33004
p 0 231 33004
x 0 33005
p 0 237 33005
x 0 33006
p 0 240 33006
x 0 33007
p 0 240 33007
x 0 33008
p 0 236 33008
x 0 33009
p 0 242 33009
x 0 33010
p 0 238 33010
x 0 33011
p 0 237 33011
x 0 33012
p 0 238 33012
x 0 33013
p 0 235 33013
x 0 33014
p 0 237 33014
x 0 33015
p 0 268 33015
x 0 33016
p 0 237 33016
x 0 33017
p 0 238 33017
x 0 33018
p 0 201 33018
x 0 33019
p 0 241 33019
x 0 33020
p 0 247 33020
x 0 33021
p 0 247 33021
x 0 33022
p 0 245 33022
x 0 33023
p 0 249 33023
x 0 33024
p 0 248 33024
x 0 33025
p 0 249 33025
x 0 33026
p 0 243 33026
x 0 33027
p 0 231 33027
x 0 33028
p 0 251 33028
x 0 33029
p 0 248 33029
x 0 33030
p 0 242 33030
x 0 33031
p 0 237 33031
x 0 33032
p 0 239 33032
x 0 33033
p 0 239 33033
x 0 33034
p 0 238 33034
x 0 33035
p 0 243 33035
x 0 33036
p 0 238 33036
x 0 33037
p 0 234 33037
x 0 33038
p 0 234 33038
x 0 33039
p 0 239 33039
x 0 33040
p 0 241 33040
x 0 33041
p 0 235 33041
x 0 33042
p 0 231 33042
x 0 33043
p 0 232 33043
x 0 33044
p 0 236 33044
x 0 33045
p 0 236 33045
x 0 33046
p 0 205 33046
x 0 33047
p 0 233 33047
x 0 33048
p 0 234 33048
x 0 33049
p 0 194 33049
x 0 33050
p 0 243 33050
x 0 33051
p 0 204 33051
x 0 33052
p 0 232 33052
x 0 33053
p 0 240 33053
x 0 33054
p 0 210 33054
x 0 33055
p 0 219 33055
x 0 33056
p 0 210 33056
x 0 33057
p 0 209 33057
x 0 33058
p 0 259 33058
x 0 33059
p 0 316 33059
x 0 33060
p 0 273 33060
x 0 33000
h 0 10.0.0.13
p 0 46223 33000
x 1 33001
h 1 10.0.0.13
p 1 1547 33001
x 0 33002
p 0 205 33002
x 0 33003
p 0 234 33003
x 0 33004
p 0 244 33004
x 0 33005
p 0 215 33005
x 0 33006
p 0 208 33006
x 0 33007
p 0 233 33007
x 0 33008
p 0 206 33008
x 0 33009
p 0 200 33009
x 0 33010
p 0 206 33010
x 0 33011
p 0 199 33011
x 0 33012
p 0 277 33012
x 0 33013
p 0 412 33013
x 0 33014
p 0 287 33014
x 0 33015
p 0 292 33015
x 0 33016
p 0 274 33016
x 0 33017
p 0 192 33017
x 0 33018
p 0 217 33018
x 0 33019
p 0 164 33019
x 0 33020
p 0 379 33020
x 0 33021
p 0 199 33021
x 0 33022
p 0 269 33022
x 0 33023
p 0 271 33023
x 0 33024
p 0 242 33024
x 0 33025
p 0 188 33025
x 0 33026
p 0 159 33026
x 0 33027
p 0 222 33027
x 0 33028
p 0 309 33028
x 0 33029
p 0 208 33029
x 0 33030
p 0 276 33030
x 0 33031
p 0 246 33031
x 0 33032
p 0 129 33032
x 0 33033
p 0 223 33033
x 0 33034
p 0 274 33034
x 0 33035
p 0 224 33035
x 0 33036
p 0 243 33036
x 0 33037
p 0 250 33037
x 0 33038
p 0 225 33038
x 0 33039
p 0 256 33039
x 0 33040
p 0 257 33040
x 0 33041
p 0 260 33041
x 0 33042
p 0 224 33042
x 0 33043
p 0 248 33043
x 0 33044
p 0 384 33044
x 0 33045
p 0 277 33045
x 0 33046
p 0 265 33046
x 0 33047
p 0 351 33047
x 0 33048
p 0 250 33048
x 0 33049
p 0 261 33049
x 0 33050
p 0 287 33050
x 0 33051
p 0 260 33051
x 0 33052
p 0 265 33052
x 0 33053
p 0 241 33053
x 0 33054
p 0 273 33054
x 0 33055
p 0 274 33055
x 0 33056
p 0 291 33056
x 0 33057
p 0 261 33057
x 0 33058
p 0 267 33058
x 0 33059
p 0 282 33059
x 0 33060
p 0 342 33060
x 0 33000
h 0 10.0.0.13
p 0 40400 33000
x 1 33001
h 1 10.0.0.13
p 1 1964 33001
x 0 33002
p 0 231 33002
x 0 33003
p 0 233 33003
x 0 33004
p 0 237 33004
x 0 33005
p 0 238 33005
x 0 33006
p 0 236 33006
x 0 33007
p 0 233 33007
x 0 33008
p 0 229 33008
x 0 33009
p 0 229 33009
x 0 33010
p 0 234 33010
x 0 33011
p 0 231 33011
x 0 33012
p 0 235 33012
x 0 33013
p 0 273 33013
x 0 33014
p 0 237 33014
x 0 33015
p 0 235 33015
x 0 33016
p 0 233 33016
x 0 33017
p 0 233 33017
x 0 33018
p 0 236 33018
x 0 33019
p 0 236 33019
x 0 33020
p 0 234 33020
x 0 33021
p 0 232 33021
x 0 33022
p 0 302 33022
x 0 33023
p 0 272 33023
x 0 33024
p 0 332 33024
x 0 33025
p 0 258 33025
x 0 33026
p 0 272 33026
x 0 33027
p 0 262 33027
x 0 33028
p 0 233 33028
x 0 33029
p 0 260 33029
x 0 33030
p 0 230 33030
x 0 33031
p 0 233 33031
x 0 33032
p 0 236 33032
x 0 33033
p 0 229 33033
x 0 33034
p 0 262 33034
x 0 33035
p 0 233 33035
x 0 33036
p 0 230 33036
x 0 33037
p 0 233 33037
x 0 33038
p 0 258 33038
x 0 33039
p 0 234 33039
x 0 33040
p 0 233 33040
x 0 33041
p 0 222 33041
x 0 33042
p 0 229 33042
x 0 33043
p 0 241 33043
x 0 33044
p 0 341 33044
x 0 33045
p 0 233 33045
x 0 33046
p 0 234 33046
x 0 33047
p 0 226 33047
x 0 33048
p 0 354 33048
x 0 33049
p 0 327 33049
x 0 33050
p 0 230 33050
x 0 33051
p 0 226 33051
x 0 33052
p 0 233 33052
x 0 33053
p 0 236 33053
x 0 33054
p 0 234 33054
x 0 33055
p 0 247 33055
x 0 33056
p 0 246 33056
x 0 33057
p 0 257 33057
x 0 33058
p 0 242 33058
x 0 33059
p 0 256 33059
x 0 33060
p 0 282 33060
x 0 33000
h 0 10.0.0.13
p 0 43656 33000
x 1 33001
h 1 10.0.0.13
p 1 1356 33001
x 0 33002
p 0 252 33002
x 0 33003
p 0 245 33003
x 0 33004
p 0 246 33004
x 0 33005
p 0 232 33005
x 0 33006
p 0 326 33006
x 0 33007
p 0 298 33007
x 0 33008
p 0 250 33008
x 0 33009
p 0 286 33009
x 0 33010
p 0 398 33010
x 0 33011
p 0 390 33011
x 0 33012
p 0 403 33012
x 0 33013
p 0 442 33013
x 0 33014
p 0 238 33014
x 0 33015
p 0 202 33015
x 0 33016
p 0 203 33016
x 0 33017
p 0 205 33017
x 0 33018
p 0 205 33018
x 0 33019
p 0 202 33019
x 0 33020
p 0 207 33020
x 0 33021
p 0 206 33021
x 0 33022
p 0 207 33022
x 0 33023
p 0 202 33023
x 0 33024
p 0 203 33024
x 0 33025
p 0 265 33025
x 0 33026
p 0 237 33026
x 0 33027
p 0 234 33027
x 0 33028
p 0 239 33028
x 0 33029
p 0 238 33029
x 0 33030
p 0 238 33030
x 0 33031
p 0 238 33031
x 0 33032
p 0 268 33032
x 0 33033
p 0 234 33033
x 0 33034
p 0 233 33034
x 0 33035
p 0 236 33035
x 0 33036
p 0 232 33036
x 0 33037
p 0 235 33037
x 0 33038
p 0 232 33038
x 0 33039
p 0 267 33039
x 0 33040
p 0 235 33040
x 0 33041
p 0 230 33041
x 0 33042
p 0 231 33042
x 0 33043
p 0 236 33043
x 0 33044
p 0 238 33044
x 0 33045
p 0 238 33045
x 0 33046
p 0 276 33046
x 0 33047
p 0 211 33047
x 0 33048
p 0 238 33048
x 0 33049
p 0 238 33049
x 0 33050
p 0 233 33050
x 0 33051
p 0 238 33051
x 0 33052
p 0 239 33052
x 0 33053
p 0 320 33053
x 0 33054
p 0 280 33054
x 0 33055
p 0 222 33055
x 0 33056
p 0 241 33056
x 0 33057
p 0 208 33057
x 0 33058
p 0 204 33058
x 0 33059
p 0 209 33059
x 0 33060
p 0 337 33060
x 0 33000
h 0 10.0.0.13
p 0 43640 33000
x 1 33001
h 1 10.0.0.13
p 1 1102 33001
x 0 33002
p 0 228 33002
x 0 33003
p 0 285 33003
x 0 33004
p 0 207 33004
x 0 33005
p 0 194 33005
x 0 33006
p 0 227 33006
x 0 33007
p 0 224 33007
x 0 33008
p 0 172 33008
x 0 33009
p 0 192 33009
x 0 33010
p 0 227 33010
x 0 33011
p 0 225 33011
x 0 33012
p 0 185 33012
x 0 33013
p 0 196 33013
x 0 33014
p 0 226 33014
x 0 33015
p 0 188 33015
x 0 33016
p 0 189 33016
x 0 33017
p 0 195 33017
x 0 33018
p 0 190 33018
x 0 33019
p 0 224 33019
x 0 33020
p 0 186 33020
x 0 33021
p 0 196 33021
x 0 33022
p 0 225 33022
x 0 33023
p 0 181 33023
x 0 33024
p 0 257 33024
x 0 33025
p 0 199 33025
x 0 33026
p 0 194 33026
x 0 33027
p 0 228 33027
x 0 33028
p 0 191 33028
x 0 33029
p 0 195 33029
x 0 33030
p 0 111 33030
x 0 33031
p 0 189 33031
x 0 33032
p 0 227 33032
x 0 33033
p 0 192 33033
x 0 33034
p 0 225 33034
x 0 33035
p 0 231 33035
x 0 33036
p 0 190 33036
x 0 33037
p 0 192 33037
x 0 33038
p 0 227 33038
x 0 33039
p 0 227 33039
x 0 33040
p 0 227 33040
x 0 33041
p 0 189 33041
x 0 33042
p 0 198 33042
x 0 33043
p 0 226 33043
x 0 33044
p 0 229 33044
x 0 33045
p 0 200 33045
x 0 33046
p 0 228 33046
x 0 33047
p 0 195 33047
x 0 33048
p 0 200 33048
x 0 33049
p 0 202 33049
x 0 33050
p 0 279 33050
x 0 33051
p 0 198 33051
x 0 33052
p 0 201 33052
x 0 33053
p 0 199 33053
x 0 33054
p 0 184 33054
x 0 33055
p 0 247 33055
x 0 33056
p 0 703 33056
x 0 33057
p 0 190 33057
x 0 33058
p 0 244 33058
x 0 33059
p 0 403 33059
x 0 33060
p 0 258 33060
x 0 33000
h 0 10.0.0.13
p 0 43873 33000
x 1 33001
h 1 10.0.0.13
p 1 1373 33001
x 0 33002
p 0 252 33002
x 0 33003
p 0 264 33003
x 0 33004
p 0 243 33004
x 0 33005
p 0 231 33005
x 0 33006
p 0 230 33006
x 0 33007
p 0 285 33007
x 0 33008
p 0 231 33008
x 0 33009
p 0 241 33009
x 0 33010
p 0 233 33010
x 0 33011
p 0 230 33011
x 0 33012
p 0 305 33012
x 0 33013
p 0 232 33013
x 0 33014
p 0 233 33014
x 0 33015
p 0 198 33015
x 0 33016
p 0 360 33016
x 0 33017
p 0 196 33017
x 0 33018
p 0 231 33018
x 0 33019
p 0 370 33019
x 0 33020
p 0 232 33020
x 0 33021
p 0 203 33021
x 0 33022
p 0 236 33022
x 0 33023
p 0 231 33023
x 0 33024
p 0 225 33024
x 0 33025
p 0 198 33025
x 0 33026
p 0 227 33026
x 0 33027
p 0 230 33027
x 0 33028
p 0 194 33028
x 0 33029
p 0 198 33029
x 0 33030
p 0 198 33030
x 0 33031
p 0 206 33031
x 0 33032
p 0 196 33032
x 0 33033
p 0 195 33033
x 0 33034
p 0 194 33034
x 0 33035
p 0 199 33035
x 0 33036
p 0 297 33036
x 0 33037
p 0 176 33037
x 0 33038
p 0 245 33038
x 0 33039
p 0 283 33039
x 0 33040
p 0 180 33040
x 0 33041
p 0 213 33041
x 0 33042
p 0 176 33042
x 0 33043
p 0 239 33043
x 0 33044
p 0 244 33044
x 0 33045
p 0 287 33045
x 0 33046
p 0 239 33046
x 0 33047
p 0 205 33047
x 0 33048
p 0 237 33048
x 0 33049
p 0 243 33049
x 0 33050
p 0 245 33050
x 0 33051
p 0 234 33051
x 0 33052
p 0 237 33052
x 0 33053
p 0 239 33053
x 0 33054
p 0 241 33054
x 0 33055
p 0 271 33055
x 0 33056
p 0 289 33056
x 0 33057
p 0 258 33057
x 0 33058
p 0 263 33058
x 0 33059
p 0 315 33059
x 0 33060
p 0 269 33060
x 0 33000
h 0 10.0.0.13
p 0 43774 33000
x 1 33001
h 1 10.0.0.13
p 1 1367 33001
x 0 33002
p 0 233 33002
x 0 33003
p 0 229 33003
x 0 33004
p 0 228 33004
x 0 33005
p 0 191 33005
x 0 33006
p 0 190 33006
x 0 33007
p 0 191 33007
x 0 33008
p 0 184 33008
x 0 33009
p 0 192 33009
x 0 33010
p 0 195 33010
x 0 33011
p 0 194 33011
x 0 33012
p 0 192 33012
x 0 33013
p 0 175 33013
x 0 33014
p 0 273 33014
x 0 33015
p 0 235 33015
x 0 33016
p 0 237 33016
x 0 33017
p 0 231 33017
x 0 33018
p 0 264 33018
x 0 33019
p 0 240 33019
x 0 33020
p 0 235 33020
x 0 33021
p 0 275 33021
x 0 33022
p 0 237 33022
x 0 33023
p 0 235 33023
x 0 33024
p 0 241 33024
x 0 33025
p 0 265 33025
x 0 33026
p 0 237 33026
x 0 33027
p 0 230 33027
x 0 33028
p 0 354 33028
x 0 33029
p 0 244 33029
x 0 33030
p 0 236 33030
x 0 33031
p 0 238 33031
x 0 33032
p 0 239 33032
x 0 33033
p 0 240 33033
x 0 33034
p 0 239 33034
x 0 33035
p 0 243 33035
x 0 33036
p 0 238 33036
x 0 33037
p 0 178 33037
x 0 33038
p 0 237 33038
x 0 33039
p 0 270 33039
x 0 33040
p 0 239 33040
x 0 33041
p 0 232 33041
x 0 33042
p 0 231 33042
x 0 33043
p 0 233 33043
x 0 33044
p 0 235 33044
x 0 33045
p 0 236 33045
x 0 33046
p 0 235 33046
x 0 33047
p 0 236 33047
x 0 33048
p 0 300 33048
x 0 33049
p 0 239 33049
x 0 33050
p 0 233 33050
x 0 33051
p 0 230 33051
x 0 33052
p 0 234 33052
x 0 33053
p 0 231 33053
x 0 33054
p 0 234 33054
x 0 33055
p 0 242 33055
x 0 33056
p 0 234 33056
x 0 33057
p 0 237 33057
x 0 33058
p 0 241 33058
x 0 33059
p 0 242 33059
x 0 33060
p 0 253 33060
x 0 33000
h 0 10.0.0.13
p 0 40553 33000
x 1 33001
h 1 10.0.0.13
p 1 1262 33001
x 0 33002
p 0 254 33002
x 0 33003
p 0 172 33003
x 0 33004
p 0 194 33004
x 0 33005
p 0 224 33005
x 0 33006
p 0 225 33006
x 0 33007
p 0 225 33007
x 0 33008
p 0 191 33008
x 0 33009
p 0 228 33009
x 0 33010
p 0 217 33010
x 0 33011
p 0 190 33011
x 0 33012
p 0 193 33012
x 0 33013
p 0 226 33013
x 0 33014
p 0 203 33014
x 0 33015
p 0 190 33015
x 0 33016
p 0 190 33016
x 0 33017
p 0 226 33017
x 0 33018
p 0 224 33018
x 0 33019
p 0 224 33019
x 0 33020
p 0 197 33020
x 0 33021
p 0 229 33021
x 0 33022
p 0 228 33022
x 0 33023
p 0 227 33023
x 0 33024
p 0 232 33024
x 0 33025
p 0 236 33025
x 0 33026
p 0 232 33026
x 0 33027
p 0 232 33027
x 0 33028
p 0 231 33028
x 0 33029
p 0 212 33029
x 0 33030
p 0 237 33030
x 0 33031
p 0 283 33031
x 0 33032
p 0 232 33032
x 0 33033
p 0 236 33033
x 0 33034
p 0 292 33034
x 0 33035
p 0 230 33035
x 0 33036
p 0 227 33036
x 0 33037
p 0 200 33037
x 0 33038
p 0 232 33038
x 0 33039
p 0 311 33039
x 0 33040
p 0 278 33040
x 0 33041
p 0 239 33041
x 0 33042
p 0 276 33042
x 0 33043
p 0 234 33043
x 0 33044
p 0 200 33044
x 0 33045
p 0 219 33045
x 0 33046
p 0 224 33046
x 0 33047
p 0 193 33047
x 0 33048
p 0 197 33048
x 0 33049
p 0 198 33049
x 0 33050
p 0 196 33050
x 0 33051
p 0 175 33051
x 0 33052
p 0 188 33052
x 0 33053
p 0 235 33053
x 0 33054
p 0 234 33054
x 0 33055
p 0 253 33055
x 0 33056
p 0 288 33056
x 0 33057
p 0 246 33057
x 0 33058
p 0 284 33058
x 0 33059
p 0 260 33059
x 0 33060
p 0 293 33060
x 0 33000
h 0 10.0.0.13
p 0 43814 33000
x 1 33001
h 1 10.0.0.13
p 1 1514 33001
x 0 33002
p 0 232 33002
x 0 33003
p 0 172 33003
x 0 33004
p 0 231 33004
x 0 33005
p 0 235 33005
x 0 33006
p 0 234 33006
x 0 33007
p 0 231 33007
x 0 33008
p 0 290 33008
x 0 33009
p 0 230 33009
x 0 33010
p 0 233 33010
x 0 33011
p 0 234 33011
x 0 33012
p 0 234 33012
x 0 33013
p 0 275 33013
x 0 33014
p 0 236 33014
x 0 33015
p 0 230 33015
x 0 33016
p 0 231 33016
x 0 33017
p 0 226 33017
x 0 33018
p 0 232 33018
x 0 33019
p 0 279 33019
x 0 33020
p 0 235 33020
x 0 33021
p 0 233 33021
x 0 33022
p 0 229 33022
x 0 33023
p 0 234 33023
x 0 33024
p 0 233 33024
x 0 33025
p 0 233 33025
x 0 33026
p 0 234 33026
x 0 33027
p 0 236 33027
x 0 33028
p 0 308 33028
x 0 33029
p 0 236 33029
x 0 33030
p 0 235 33030
x 0 33031
p 0 237 33031
x 0 33032
p 0 236 33032
x 0 33033
p 0 238 33033
x 0 33034
p 0 234 33034
x 0 33035
p 0 218 33035
x 0 33036
p 0 273 33036
x 0 33037
p 0 233 33037
x 0 33038
p 0 234 33038
x 0 33039
p 0 238 33039
x 0 33040
p 0 237 33040
x 0 33041
p 0 237 33041
x 0 33042
p 0 235 33042
x 0 33043
p 0 277 33043
x 0 33044
p 0 242 33044
x 0 33045
p 0 237 33045
x 0 33046
p 0 234 33046
x 0 33047
p 0 235 33047
x 0 33048
p 0 299 33048
x 0 33049
p 0 235 33049
x 0 33050
p 0 270 33050
x 0 33051
p 0 235 33051
x 0 33052
p 0 236 33052
x 0 33053
p 0 236 33053
x 0 33054
p 0 232 33054
x 0 33055
p 0 241 33055
x 0 33056
p 0 241 33056
x 0 33057
p 0 295 33057
x 0 33058
p 0 294 33058
x 0 33059
p 0 237 33059
x 0 33060
p 0 250 33060
x 0 33000
h 0 10.0.0.13
p 0 37748 33000
x 1 33001
h 1 10.0.0.13
p 1 1641 33001
x 0 33002
p 0 279 33002
x 0 33003
p 0 234 33003
x 0 33004
p 0 264 33004
x 0 33005
p 0 240 33005
x 0 33006
p 0 233 33006
x 0 33007
p 0 192 33007
x 0 33008
p 0 198 33008
x 0 33009
p 0 165 33009
x 0 33010
p 0 173 33010
x 0 33011
p 0 290 33011
x 0 33012
p 0 226 33012
x 0 33013
p 0 199 33013
x 0 33014
p 0 198 33014
x 0 33015
p 0 234 33015
x 0 33016
p 0 234 33016
x 0 33017
p 0 229 33017
x 0 33018
p 0 239 33018
x 0 33019
p 0 229 33019
x 0 33020
p 0 195 33020
x 0 33021
p 0 167 33021
x 0 33022
p 0 299 33022
x 0 33023
p 0 250 33023
x 0 33024
p 0 215 33024
x 0 33025
p 0 249 33025
x 0 33026
p 0 356 33026
x 0 33027
p 0 345 33027
x 0 33028
p 0 301 33028
x 0 33029
p 0 300 33029
x 0 33030
p 0 407 33030
x 0 33031
p 0 401 33031
x 0 33032
p 0 375 33032
x 0 33033
p 0 441 33033
x 0 33034
p 0 202 33034
x 0 33035
p 0 212 33035
x 0 33036
p 0 210 33036
x 0 33037
p 0 211 33037
x 0 33038
p 0 210 33038
x 0 33039
p 0 214 33039
x 0 33040
p 0 781 33040
x 0 33041
p 0 261 33041
x 0 33042
p 0 262 33042
x 0 33043
p 0 264 33043
x 0 33044
p 0 200 33044
x 0 33045
p 0 268 33045
x 0 33046
p 0 260 33046
x 0 33047
p 0 252 33047
x 0 33048
p 0 290 33048
x 0 33049
p 0 194 33049
x 0 33050
p 0 273 33050
x 0 33051
p 0 261 33051
x 0 33052
p 0 234 33052
x 0 33053
p 0 233 33053
x 0 33054
p 0 232 33054
x 0 33055
p 0 237 33055
x 0 33056
p 0 240 33056
x 0 33057
p 0 238 33057
x 0 33058
p 0 240 33058
x 0 33059
p 0 248 33059
x 0 33060
p 0 254 33060
x 0 33000
h 0 10.0.0.13
p 0 77183 33000
x 1 33001
h 1 10.0.0.13
p 1 1468 33001
x 0 33002
p 0 227 33002
x 0 33003
p 0 264 33003
x 0 33004
p 0 213 33004
x 0 33005
p 0 210 33005
x 0 33006
p 0 210 33006
x 0 33007
p 0 243 33007
x 0 33008
p 0 214 33008
x 0 33009
p 0 221 33009
x 0 33010
p 0 215 33010
x 0 33011
p 0 249 33011
x 0 33012
p 0 217 33012
x 0 33013
p 0 220 33013
x 0 33014
p 0 219 33014
x 0 33015
p 0 218 33015
x 0 33016
p 0 210 33016
x 0 33017
p 0 214 33017
x 0 33018
p 0 210 33018
x 0 33019
p 0 251 33019
x 0 33020
p 0 251 33020
x 0 33021
p 0 210 33021
x 0 33022
p 0 245 33022
x 0 33023
p 0 356 33023
x 0 33024
p 0 248 33024
x 0 33025
p 0 214 33025
x 0 33026
p 0 222 33026
x 0 33027
p 0 252 33027
x 0 33028
p 0 249 33028
x 0 33029
p 0 219 33029
x 0 33030
p 0 218 33030
x 0 33031
p 0 214 33031
x 0 33032
p 0 247 33032
x 0 33033
p 0 210 33033
x 0 33034
p 0 214 33034
x 0 33035
p 0 252 33035
x 0 33036
p 0 215 33036
x 0 33037
p 0 210 33037
x 0 33038
p 0 210 33038
x 0 33039
p 0 210 33039
x 0 33040
p 0 211 33040
x 0 33041
p 0 211 33041
x 0 33042
p 0 211 33042
x 0 33043
p 0 208 33043
x 0 33044
p 0 214 33044
x 0 33045
p 0 208 33045
x 0 33046
p 0 203 33046
x 0 33047
p 0 200 33047
x 0 33048
p 0 206 33048
x 0 33049
p 0 183 33049
x 0 33050
p 0 219 33050
x 0 33051
p 0 198 33051
x 0 33052
p 0 207 33052
x 0 33053
p 0 238 33053
x 0 33054
p 0 211 33054
x 0 33055
p 0 219 33055
x 0 33056
p 0 204 33056
x 0 33057
p 0 219 33057
x 0 33058
p 0 287 33058
x 0 33059
p 0 272 33059
x 0 33060
p 0 271 33060
x 0 33000
h 0 10.0.0.13
p 0 40407 33000
x 1 33001
h 1 10.0.0.13
p 1 1761 33001
x 0 33002
p 0 256 33002
x 0 33003
p 0 229 33003
x 0 33004
p 0 235 33004
x 0 33005
p 0 236 33005
x 0 33006
p 0 231 33006
x 0 33007
p 0 196 33007
x 0 33008
p 0 193 33008
x 0 33009
p 0 225 33009
x 0 33010
p 0 228 33010
x 0 33011
p 0 200 33011
x 0 33012
p 0 234 33012
x 0 33013
p 0 364 33013
x 0 33014
p 0 199 33014
x 0 33015
p 0 198 33015
x 0 33016
p 0 233 33016
x 0 33017
p 0 329 33017
x 0 33018
p 0 199 33018
x 0 33019
p 0 198 33019
x 0 33020
p 0 236 33020
x 0 33021
p 0 331 33021
x 0 33022
p 0 79 33022
x 0 33023
p 0 195 33023
x 0 33024
p 0 227 33024
x 0 33025
p 0 194 33025
x 0 33026
p 0 197 33026
x 0 33027
p 0 202 33027
x 0 33028
p 0 320 33028
x 0 33029
p 0 193 33029
x 0 33030
p 0 206 33030
x 0 33031
p 0 187 33031
x 0 33032
p 0 174 33032
x 0 33033
p 0 175 33033
x 0 33034
p 0 268 33034
x 0 33035
p 0 175 33035
x 0 33036
p 0 233 33036
x 0 33037
p 0 179 33037
x 0 33038
p 0 234 33038
x 0 33039
p 0 195 33039
x 0 33040
p 0 197 33040
x 0 33041
p 0 226 33041
x 0 33042
p 0 232 33042
x 0 33043
p 0 203 33043
x 0 33044
p 0 233 33044
x 0 33045
p 0 231 33045
x 0 33046
p 0 230 33046
x 0 33047
p 0 235 33047
x 0 33048
p 0 233 33048
x 0 33049
p 0 232 33049
x 0 33050
p 0 241 33050
x 0 33051
p 0 230 33051
x 0 33052
p 0 231 33052
x 0 33053
p 0 231 33053
x 0 33054
p 0 233 33054
x 0 33055
p 0 241 33055
x 0 33056
p 0 236 33056
x 0 33057
p 0 254 33057
x 0 33058
p 0 264 33058
x 0 33059
p 0 242 33059
x 0 33060
p 0 307 33060
x 0 33000
h 0 10.0.0.13
p 0 40458 33000
x 1 33001
h 1 10.0.0.13
p 1 1373 33001
x 0 33002
p 0 237 33002
x 0 33003
p 0 292 33003
x 0 33004
p 0 194 33004
x 0 33005
p 0 240 33005
x 0 33006
p 0 236 33006
x 0 33007
p 0 234 33007
x 0 33008
p 0 236 33008
x 0 33009
p 0 238 33009
x 0 33010
p 0 234 33010
x 0 33011
p 0 234 33011
x 0 33012
p 0 237 33012
x 0 33013
p 0 236 33013
x 0 33014
p 0 233 33014
x 0 33015
p 0 234 33015
x 0 33016
p 0 237 33016
x 0 33017
p 0 239 33017
x 0 33018
p 0 235 33018
x 0 33019
p 0 238 33019
x 0 33020
p 0 239 33020
x 0 33021
p 0 239 33021
x 0 33022
p 0 237 33022
x 0 33023
p 0 267 33023
x 0 33024
p 0 238 33024
x 0 33025
p 0 304 33025
x 0 33026
p 0 237 33026
x 0 33027
p 0 234 33027
x 0 33028
p 0 242 33028
x 0 33029
p 0 235 33029
x 0 33030
p 0 233 33030
x 0 33031
p 0 237 33031
x 0 33032
p 0 236 33032
x 0 33033
p 0 239 33033
x 0 33034
p 0 230 33034
x 0 33035
p 0 233 33035
x 0 33036
p 0 234 33036
x 0 33037
p 0 265 33037
x 0 33038
p 0 267 33038
x 0 33039
p 0 235 33039
x 0 33040
p 0 232 33040
x 0 33041
p 0 233 33041
x 0 33042
p 0 234 33042
x 0 33043
p 0 349 33043
x 0 33044
p 0 300 33044
x 0 33045
p 0 238 33045
x 0 33046
p 0 292 33046
x 0 33047
p 0 293 33047
x 0 33048
p 0 237 33048
x 0 33049
p 0 240 33049
x 0 33050
p 0 360 33050
x 0 33051
p 0 237 33051
x 0 33052
p 0 239 33052
x 0 33053
p 0 237 33053
x 0 33054
p 0 238 33054
x 0 33055
p 0 241 33055
x 0 33056
p 0 240 33056
x 0 33057
p 0 247 33057
x 0 33058
p 0 263 33058
x 0 33059
p 0 250 33059
x 0 33060
p 0 260 33060
x 0 33000
h 0 10.0.0.13
p 0 80118 33000
x 1 33001
h 1 10.0.0.13
p 1 1427 33001
x 0 33002
p 0 259 33002
x 0 33003
p 0 231 33003
x 0 33004
p 0 236 33004
x 0 33005
p 0 230 33005
x 0 33006
p 0 225 33006
x 0 33007
p 0 229 33007
x 0 33008
p 0 230 33008
x 0 33009
p 0 224 33009
x 0 33010
p 0 226 33010
x 0 33011
p 0 231 33011
x 0 33012
p 0 233 33012
x 0 33013
p 0 232 33013
x 0 33014
p 0 230 33014
x 0 33015
p 0 230 33015
x 0 33016
p 0 204 33016
x 0 33017
p 0 230 33017
x 0 33018
p 0 231 33018
x 0 33019
p 0 232 33019
x 0 33020
p 0 233 33020
x 0 33021
p 0 228 33021
x 0 33022
p 0 305 33022
x 0 33023
p 0 309 33023
x 0 33024
p 0 222 33024
x 0 33025
p 0 217 33025
x 0 33026
p 0 269 33026
x 0 33027
p 0 257 33027
x 0 33028
p 0 230 33028
x 0 33029
p 0 216 33029
x 0 33030
p 0 227 33030
x 0 33031
p 0 227 33031
x 0 33032
p 0 200 33032
x 0 33033
p 0 198 33033
x 0 33034
p 0 256 33034
x 0 33035
p 0 195 33035
x 0 33036
p 0 196 33036
x 0 33037
p 0 182 33037
x 0 33038
p 0 224 33038
x 0 33039
p 0 204 33039
x 0 33040
p 0 205 33040
x 0 33041
p 0 225 33041
x 0 33042
p 0 185 33042
x 0 33043
p 0 318 33043
x 0 33044
p 0 371 33044
x 0 33045
p 0 291 33045
x 0 33046
p 0 241 33046
x 0 33047
p 0 235 33047
x 0 33048
p 0 307 33048
x 0 33049
p 0 237 33049
x 0 33050
p 0 240 33050
x 0 33051
p 0 238 33051
x 0 33052
p 0 232 33052
x 0 33053
p 0 273 33053
x 0 33054
p 0 234 33054
x 0 33055
p 0 246 33055
x 0 33056
p 0 256 33056
x 0 33057
p 0 392 33057
x 0 33058
p 0 240 33058
x 0 33059
p 0 272 33059
x 0 33060
p 0 254 33060
x 0 33000
h 0 10.0.0.13
p 0 44560 33000
x 1 33001
h 1 10.0.0.13
p 1 657 33001
x 0 33002
p 0 236 33002
x 0 33003
p 0 233 33003
x 0 33004
p 0 208 33004
x 0 33005
p 0 387 33005
x 0 33006
p 0 225 33006
x 0 33007
p 0 198 33007
x 0 33008
p 0 197 33008
x 0 33009
p 0 186 33009
x 0 33010
p 0 229 33010
x 0 33011
p 0 227 33011
x 0 33012
p 0 228 33012
x 0 33013
p 0 206 33013
x 0 33014
p 0 237 33014
x 0 33015
p 0 235 33015
x 0 33016
p 0 228 33016
x 0 33017
p 0 191 33017
x 0 33018
p 0 226 33018
x 0 33019
p 0 194 33019
x 0 33020
p 0 229 33020
x 0 33021
p 0 232 33021
x 0 33022
p 0 199 33022
x 0 33023
p 0 230 33023
x 0 33024
p 0 230 33024
x 0 33025
p 0 391 33025
x 0 33026
p 0 193 33026
x 0 33027
p 0 233 33027
x 0 33028
p 0 235 33028
x 0 33029
p 0 278 33029
x 0 33030
p 0 203 33030
x 0 33031
p 0 234 33031
x 0 33032
p 0 231 33032
x 0 33033
p 0 211 33033
x 0 33034
p 0 207 33034
x 0 33035
p 0 226 33035
x 0 33036
p 0 237 33036
x 0 33037
p 0 234 33037
x 0 33038
p 0 235 33038
x 0 33039
p 0 177 33039
x 0 33040
p 0 237 33040
x 0 33041
p 0 182 33041
x 0 33042
p 0 231 33042
x 0 33043
p 0 187 33043
x 0 33044
p 0 250 33044
x 0 33045
p 0 179 33045
x 0 33046
p 0 235 33046
x 0 33047
p 0 210 33047
x 0 33048
p 0 177 33048
x 0 33049
p 0 238 33049
x 0 33050
p 0 182 33050
x 0 33051
p 0 179 33051
x 0 33052
p 0 258 33052
x 0 33053
p 0 184 33053
x 0 33054
p 0 233 33054
x 0 33055
p 0 191 33055
x 0 33056
p 0 268 33056
x 0 33057
p 0 185 33057
x 0 33058
p 0 241 33058
x 0 33059
p 0 235 33059
x 0 33060
p 0 265 33060
x 0 33000
h 0 10.0.0.13
p 0 43552 33000
x 1 33001
h 1 10.0.0.13
p 1 1763 33001
x 0 33002
p 0 193 33002
x 0 33003
p 0 184 33003
x 0 33004
p 0 181 33004
x 0 33005
p 0 191 33005
x 0 33006
p 0 235 33006
x 0 33007
p 0 233 33007
x 0 33008
p 0 238 33008
x 0 33009
p 0 233 33009
x 0 33010
p 0 235 33010
x 0 33011
p 0 235 33011
x 0 33012
p 0 237 33012
x 0 33013
p 0 246 33013
x 0 33014
p 0 243 33014
x 0 33015
p 0 241 33015
x 0 33016
p 0 242 33016
x 0 33017
p 0 244 33017
x 0 33018
p 0 245 33018
x 0 33019
p 0 244 33019
x 0 33020
p 0 243 33020
x 0 33021
p 0 244 33021
x 0 33022
p 0 340 33022
x 0 33023
p 0 280 33023
x 0 33024
p 0 243 33024
x 0 33025
p 0 251 33025
x 0 33026
p 0 247 33026
x 0 33027
p 0 246 33027
x 0 33028
p 0 254 33028
x 0 33029
p 0 248 33029
x 0 33030
p 0 251 33030
x 0 33031
p 0 244 33031
x 0 33032
p 0 246 33032
x 0 33033
p 0 167 33033
x 0 33034
p 0 241 33034
x 0 33035
p 0 244 33035
x 0 33036
p 0 238 33036
x 0 33037
p 0 237 33037
x 0 33038
p 0 239 33038
x 0 33039
p 0 236 33039
x 0 33040
p 0 242 33040
x 0 33041
p 0 230 33041
x 0 33042
p 0 238 33042
x 0 33043
p 0 246 33043
x 0 33044
p 0 245 33044
x 0 33045
p 0 240 33045
x 0 33046
p 0 239 33046
x 0 33047
p 0 212 33047
x 0 33048
p 0 231 33048
x 0 33049
p 0 238 33049
x 0 33050
p 0 242 33050
x 0 33051
p 0 238 33051
x 0 33052
p 0 237 33052
x 0 33053
p 0 251 33053
x 0 33054
p 0 252 33054
x 0 33055
p 0 157 33055
x 0 33056
p 0 344 33056
x 0 33057
p 0 252 33057
x 0 33058
p 0 246 33058
x 0 33059
p 0 240 33059
x 0 33060
p 0 241 33060
x 0 33000
h 0 10.0.0.13
p 0 44842 33000
x 1 33001
h 1 10.0.0.13
p 1 1728 33001
x 0 33002
p 0 229 33002
x 0 33003
p 0 220 33003
x 0 33004
p 0 242 33004
x 0 33005
p 0 209 33005
x 0 33006
p 0 175 33006
x 0 33007
p 0 236 33007
x 0 33008
p 0 242 33008
x 0 33009
p 0 239 33009
x 0 33010
p 0 247 33010
x 0 33011
p 0 345 33011
x 0 33012
p 0 241 33012
x 0 33013
p 0 232 33013
x 0 33014
p 0 237 33014
x 0 33015
p 0 210 33015
x 0 33016
p 0 240 33016
x 0 33017
p 0 237 33017
x 0 33018
p 0 202 33018
x 0 33019
p 0 228 33019
x 0 33020
p 0 226 33020
x 0 33021
p 0 227 33021
x 0 33022
p 0 224 33022
x 0 33023
p 0 229 33023
x 0 33024
p 0 226 33024
x 0 33025
p 0 230 33025
x 0 33026
p 0 225 33026
x 0 33027
p 0 230 33027
x 0 33028
p 0 234 33028
x 0 33029
p 0 226 33029
x 0 33030
p 0 229 33030
x 0 33031
p 0 227 33031
x 0 33032
p 0 232 33032
x 0 33033
p 0 231 33033
x 0 33034
p 0 230 33034
x 0 33035
p 0 233 33035
x 0 33036
p 0 230 33036
x 0 33037
p 0 230 33037
x 0 33038
p 0 232 33038
x 0 33039
p 0 232 33039
x 0 33040
p 0 229 33040
x 0 33041
p 0 205 33041
x 0 33042
p 0 228 33042
x 0 33043
p 0 228 33043
x 0 33044
p 0 230 33044
x 0 33045
p 0 230 33045
x 0 33046
p 0 228 33046
x 0 33047
p 0 227 33047
x 0 33048
p 0 227 33048
x 0 33049
p 0 231 33049
x 0 33050
p 0 230 33050
x 0 33051
p 0 228 33051
x 0 33052
p 0 229 33052
x 0 33053
p 0 228 33053
x 0 33054
p 0 235 33054
x 0 33055
p 0 243 33055
x 0 33056
p 0 240 33056
x 0 33057
p 0 214 33057
x 0 33058
p 0 238 33058
x 0 33059
p 0 273 33059
x 0 33060
p 0 288 33060
x 0 33000
h 0 10.0.0.13
p 0 44337 33000
x 1 33001
h 1 10.0.0.13
p 1 1220 33001
x 0 33002
p 0 231 33002
x 0 33003
p 0 186 33003
x 0 33004
p 0 272 33004
x 0 33005
p 0 229 33005
x 0 33006
p 0 231 33006
x 0 33007
p 0 224 33007
x 0 33008
p 0 225 33008
x 0 33009
p 0 204 33009
x 0 33010
p 0 233 33010
x 0 33011
p 0 227 33011
x 0 33012
p 0 227 33012
x 0 33013
p 0 227 33013
x 0 33014
p 0 230 33014
x 0 33015
p 0 228 33015
x 0 33016
p 0 232 33016
x 0 33017
p 0 231 33017
x 0 33018
p 0 228 33018
x 0 33019
p 0 228 33019
x 0 33020
p 0 230 33020
x 0 33021
p 0 228 33021
x 0 33022
p 0 230 33022
x 0 33023
p 0 233 33023
x 0 33024
p 0 231 33024
x 0 33025
p 0 236 33025
x 0 33026
p 0 235 33026
x 0 33027
p 0 232 33027
x 0 33028
p 0 207 33028
x 0 33029
p 0 233 33029
x 0 33030
p 0 229 33030
x 0 33031
p 0 194 33031
x 0 33032
p 0 238 33032
x 0 33033
p 0 259 33033
x 0 33034
p 0 231 33034
x 0 33035
p 0 232 33035
x 0 33036
p 0 243 33036
x 0 33037
p 0 241 33037
x 0 33038
p 0 234 33038
x 0 33039
p 0 241 33039
x 0 33040
p 0 242 33040
x 0 33041
p 0 236 33041
x 0 33042
p 0 194 33042
x 0 33043
p 0 242 33043
x 0 33044
p 0 234 33044
x 0 33045
p 0 213 33045
x 0 33046
p 0 233 33046
x 0 33047
p 0 234 33047
x 0 33048
p 0 236 33048
x 0 33049
p 0 233 33049
x 0 33050
p 0 156 33050
x 0 33051
p 0 233 33051
x 0 33052
p 0 244 33052
x 0 33053
p 0 239 33053
x 0 33054
p 0 234 33054
x 0 33055
p 0 257 33055
x 0 33056
p 0 248 33056
x 0 33057
p 0 261 33057
x 0 33058
p 0 265 33058
x 0 33059
p 0 262 33059
x 0 33060
p 0 294 33060
x 0 33000
h 0 10.0.0.13
p 0 43243 33000
x 1 33001
h 1 10.0.0.13
p 1 1157 33001
x 0 33002
p 0 256 33002
x 0 33003
p 0 203 33003
x 0 33004
p 0 235 33004
x 0 33005
p 0 272 33005
x 0 33006
p 0 253 33006
x 0 33007
p 0 247 33007
x 0 33008
p 0 254 33008
x 0 33009
p 0 225 33009
x 0 33010
p 0 254 33010
x 0 33011
p 0 248 33011
x 0 33012
p 0 245 33012
x 0 33013
p 0 211 33013
x 0 33014
p 0 252 33014
x 0 33015
p 0 214 33015
x 0 33016
p 0 244 33016
x 0 33017
p 0 207 33017
x 0 33018
p 0 213 33018
x 0 33019
p 0 253 33019
x 0 33020
p 0 248 33020
x 0 33021
p 0 214 33021
x 0 33022
p 0 212 33022
x 0 33023
p 0 291 33023
x 0 33024
p 0 256 33024
x 0 33025
p 0 226 33025
x 0 33026
p 0 225 33026
x 0 33027
p 0 315 33027
x 0 33028
p 0 261 33028
x 0 33029
p 0 228 33029
x 0 33030
p 0 228 33030
x 0 33031
p 0 260 33031
x 0 33032
p 0 255 33032
x 0 33033
p 0 222 33033
x 0 33034
p 0 215 33034
x 0 33035
p 0 246 33035
x 0 33036
p 0 246 33036
x 0 33037
p 0 215 33037
x 0 33038
p 0 221 33038
x 0 33039
p 0 223 33039
x 0 33040
p 0 221 33040
x 0 33041
p 0 209 33041
x 0 33042
p 0 207 33042
x 0 33043
p 0 388 33043
x 0 33044
p 0 212 33044
x 0 33045
p 0 264 33045
x 0 33046
p 0 247 33046
x 0 33047
p 0 243 33047
x 0 33048
p 0 238 33048
x 0 33049
p 0 286 33049
x 0 33050
p 0 267 33050
x 0 33051
p 0 187 33051
x 0 33052
p 0 189 33052
x 0 33053
p 0 246 33053
x 0 33054
p 0 191 33054
x 0 33055
p 0 249 33055
x 0 33056
p 0 224 33056
x 0 33057
p 0 325 33057
x 0 33058
p 0 301 33058
x 0 33059
p 0 295 33059
x 0 33060
p 0 490 33060
x 0 33000
h 0 10.0.0.13
p 0 39404 33000
x 1 33001
h 1 10.0.0.13
p 1 1576 33001
x 0 33002
p 0 233 33002
x 0 33003
p 0 202 33003
x 0 33004
p 0 235 33004
x 0 33005
p 0 233 33005
x 0 33006
p 0 231 33006
x 0 33007
p 0 228 33007
x 0 33008
p 0 225 33008
x 0 33009
p 0 232 33009
x 0 33010
p 0 245 33010
x 0 33011
p 0 232 33011
x 0 33012
p 0 230 33012
x 0 33013
p 0 176 33013
x 0 33014
p 0 262 33014
x 0 33015
p 0 234 33015
x 0 33016
p 0 230 33016
x 0 33017
p 0 235 33017
x 0 33018
p 0 228 33018
x 0 33019
p 0 230 33019
x 0 33020
p 0 233 33020
x 0 33021
p 0 231 33021
x 0 33022
p 0 213 33022
x 0 33023
p 0 235 33023
x 0 33024
p 0 230 33024
x 0 33025
p 0 234 33025
x 0 33026
p 0 233 33026
x 0 33027
p 0 265 33027
x 0 33028
p 0 235 33028
x 0 33029
p 0 238 33029
x 0 33030
p 0 241 33030
x 0 33031
p 0 233 33031
x 0 33032
p 0 232 33032
x 0 33033
p 0 237 33033
x 0 33034
p 0 237 33034
x 0 33035
p 0 232 33035
x 0 33036
p 0 237 33036
x 0 33037
p 0 239 33037
x 0 33038
p 0 228 33038
x 0 33039
p 0 237 33039
x 0 33040
p 0 198 33040
x 0 33041
p 0 283 33041
x 0 33042
p 0 233 33042
x 0 33043
p 0 200 33043
x 0 33044
p 0 197 33044
x 0 33045
p 0 188 33045
x 0 33046
p 0 232 33046
x 0 33047
p 0 232 33047
x 0 33048
p 0 230 33048
x 0 33049
p 0 232 33049
x 0 33050
p 0 246 33050
x 0 33051
p 0 238 33051
x 0 33052
p 0 240 33052
x 0 33053
p 0 338 33053
x 0 33054
p 0 257 33054
x 0 33055
p 0 271 33055
x 0 33056
p 0 245 33056
x 0 33057
p 0 255 33057
x 0 33058
p 0 243 33058
x 0 33059
p 0 293 33059
x 0 33060
p 0 285 33060
x 0 33000
h 0 10.0.0.13
p 0 40253 33000
x 1 33001
h 1 10.0.0.13
p 1 1168 33001
x 0 33002
p 0 230 33002
x 0 33003
p 0 227 33003
x 0 33004
p 0 240 33004
x 0 33005
p 0 235 33005
x 0 33006
p 0 231 33006
x 0 33007
p 0 229 33007
x 0 33008
p 0 229 33008
x 0 33009
p 0 236 33009
x 0 33010
p 0 232 33010
x 0 33011
p 0 232 33011
x 0 33012
p 0 233 33012
x 0 33013
p 0 231 33013
x 0 33014
p 0 236 33014
x 0 33015
p 0 236 33015
x 0 33016
p 0 254 33016
x 0 33017
p 0 232 33017
x 0 33018
p 0 232 33018
x 0 33019
p 0 234 33019
x 0 33020
p 0 237 33020
x 0 33021
p 0 234 33021
x 0 33022
p 0 235 33022
x 0 33023
p 0 313 33023
x 0 33024
p 0 234 33024
x 0 33025
p 0 242 33025
x 0 33026
p 0 237 33026
x 0 33027
p 0 236 33027
x 0 33028
p 0 240 33028
x 0 33029
p 0 254 33029
x 0 33030
p 0 241 33030
x 0 33031
p 0 242 33031
x 0 33032
p 0 239 33032
x 0 33033
p 0 242 33033
x 0 33034
p 0 233 33034
x 0 33035
p 0 236 33035
x 0 33036
p 0 238 33036
x 0 33037
p 0 271 33037
x 0 33038
p 0 254 33038
x 0 33039
p 0 240 33039
x 0 33040
p 0 239 33040
x 0 33041
p 0 242 33041
x 0 33042
p 0 240 33042
x 0 33043
p 0 249 33043
x 0 33044
p 0 239 33044
x 0 33045
p 0 239 33045
x 0 33046
p 0 236 33046
x 0 33047
p 0 242 33047
x 0 33048
p 0 233 33048
x 0 33049
p 0 237 33049
x 0 33050
p 0 313 33050
x 0 33051
p 0 240 33051
x 0 33052
p 0 242 33052
x 0 33053
p 0 230 33053
x 0 33054
p 0 235 33054
x 0 33055
p 0 243 33055
x 0 33056
p 0 205 33056
x 0 33057
p 0 204 33057
x 0 33058
p 0 203 33058
x 0 33059
p 0 242 33059
x 0 33060
p 0 227 33060
x 0 33000
h 0 10.0.0.13
p 0 46120 33000
x 1 33001
h 1 10.0.0.13
p 1 1607 33001
x 0 33002
p 0 231 33002
x 0 33003
p 0 89 33003
x 0 33004
p 0 188 33004
x 0 33005
p 0 194 33005
x 0 33006
p 0 194 33006
x 0 33007
p 0 177 33007
x 0 33008
p 0 181 33008
x 0 33009
p 0 219 33009
x 0 33010
p 0 235 33010
x 0 33011
p 0 236 33011
x 0 33012
p 0 238 33012
x 0 33013
p 0 238 33013
x 0 33014
p 0 311 33014
x 0 33015
p 0 327 33015
x 0 33016
p 0 317 33016
x 0 33017
p 0 240 33017
x 0 33018
p 0 191 33018
x 0 33019
p 0 177 33019
x 0 33020
p 0 181 33020
x 0 33021
p 0 234 33021
x 0 33022
p 0 175 33022
x 0 33023
p 0 176 33023
x 0 33024
p 0 177 33024
x 0 33025
p 0 183 33025
x 0 33026
p 0 241 33026
x 0 33027
p 0 243 33027
x 0 33028
p 0 241 33028
x 0 33029
p 0 240 33029
x 0 33030
p 0 241 33030
x 0 33031
p 0 240 33031
x 0 33032
p 0 827 33032
x 0 33033
p 0 238 33033
x 0 33034
p 0 269 33034
x 0 33035
p 0 237 33035
x 0 33036
p 0 214 33036
x 0 33037
p 0 215 33037
x 0 33038
p 0 230 33038
x 0 33039
p 0 170 33039
x 0 33040
p 0 276 33040
x 0 33041
p 0 246 33041
x 0 33042
p 0 216 33042
x 0 33043
p 0 217 33043
x 0 33044
p 0 215 33044
x 0 33045
p 0 215 33045
x 0 33046
p 0 240 33046
x 0 33047
p 0 209 33047
x 0 33048
p 0 203 33048
x 0 33049
p 0 206 33049
x 0 33050
p 0 210 33050
x 0 33051
p 0 215 33051
x 0 33052
p 0 214 33052
x 0 33053
p 0 214 33053
x 0 33054
p 0 208 33054
x 0 33055
p 0 269 33055
x 0 33056
p 0 216 33056
x 0 33057
p 0 359 33057
x 0 33058
p 0 241 33058
x 0 33059
p 0 252 33059
x 0 33060
p 0 194 33060
