x 0 33000
x 1 33001
h 0 10.0.0.3
p 0 120180 33000
x 2 33002
h 2 10.0.0.3
p 2 1347 33002
x 0 33003
p 0 292 33003
h 1 10.0.0.3
p 1 1007162 33001
x 0 33004
p 0 257 33004
x 0 33005
p 0 287 33005
x 0 33006
p 0 256 33006
x 0 33007
p 0 258 33007
x 0 33008
p 0 228 33008
x 0 33009
p 0 252 33009
x 0 33010
p 0 273 33010
x 0 33011
p 0 244 33011
x 0 33012
p 0 248 33012
x 0 33013
p 0 257 33013
x 0 33014
p 0 274 33014
x 0 33015
p 0 253 33015
x 0 33016
p 0 262 33016
x 0 33017
p 0 243 33017
x 0 33018
p 0 278 33018
x 0 33019
p 0 248 33019
x 0 33020
p 0 251 33020
x 0 33021
p 0 249 33021
x 0 33022
p 0 216 33022
x 0 33023
p 0 225 33023
x 0 33024
p 0 262 33024
x 0 33025
p 0 220 33025
x 0 33026
p 0 190 33026
x 0 33027
p 0 189 33027
x 0 33028
p 0 228 33028
x 0 33029
p 0 255 33029
x 0 33030
p 0 192 33030
x 0 33031
p 0 228 33031
x 0 33032
p 0 225 33032
x 0 33033
p 0 230 33033
x 0 33034
p 0 194 33034
x 0 33035
p 0 242 33035
x 0 33036
p 0 228 33036
x 0 33037
p 0 227 33037
x 0 33038
p 0 192 33038
x 0 33039
p 0 197 33039
x 0 33040
p 0 229 33040
x 0 33041
p 0 202 33041
x 0 33042
p 0 199 33042
x 0 33043
p 0 202 33043
x 0 33044
p 0 196 33044
x 0 33045
p 0 223 33045
x 0 33046
p 0 197 33046
x 0 33047
p 0 222 33047
x 0 33048
p 0 230 33048
x 0 33049
p 0 189 33049
x 0 33050
p 0 197 33050
x 0 33051
p 0 217 33051
x 0 33052
p 0 215 33052
x 0 33053
p 0 262 33053
x 0 33054
p 0 248 33054
x 0 33055
p 0 223 33055
x 0 33056
p 0 222 33056
x 0 33057
p 0 190 33057
x 0 33058
p 0 219 33058
x 0 33059
p 0 194 33059
x 0 33060
p 0 194 33060
x 0 33061
p 0 225 33061
x 0 33000
h 0 10.0.0.3
p 0 44363 33000
x 1 33001
h 1 10.0.0.3
p 1 1287 33001
x 0 33002
p 0 219 33002
x 0 33003
p 0 227 33003
x 0 33004
p 0 219 33004
x 0 33005
p 0 214 33005
x 0 33006
p 0 190 33006
x 0 33007
p 0 209 33007
x 0 33008
p 0 179 33008
x 0 33009
p 0 213 33009
x 0 33010
p 0 180 33010
x 0 33011
p 0 195 33011
x 0 33012
p 0 181 33012
x 0 33013
p 0 182 33013
x 0 33014
p 0 182 33014
x 0 33015
p 0 183 33015
x 0 33016
p 0 182 33016
x 0 33017
p 0 180 33017
x 0 33018
p 0 79 33018
x 0 33019
p 0 162 33019
x 0 33020
p 0 218 33020
x 0 33021
p 0 281 33021
x 0 33022
p 0 218 33022
x 0 33023
p 0 225 33023
x 0 33024
p 0 224 33024
x 0 33025
p 0 224 33025
x 0 33026
p 0 228 33026
x 0 33027
p 0 221 33027
x 0 33028
p 0 265 33028
x 0 33029
p 0 231 33029
x 0 33030
p 0 254 33030
x 0 33031
p 0 220 33031
x 0 33032
p 0 220 33032
x 0 33033
p 0 265 33033
x 0 33034
p 0 230 33034
x 0 33035
p 0 224 33035
x 0 33036
p 0 230 33036
x 0 33037
p 0 237 33037
x 0 33038
p 0 336 33038
x 0 33039
p 0 232 33039
x 0 33040
p 0 292 33040
x 0 33041
p 0 230 33041
x 0 33042
p 0 233 33042
x 0 33043
p 0 233 33043
x 0 33044
p 0 227 33044
x 0 33045
p 0 226 33045
x 0 33046
p 0 226 33046
x 0 33047
p 0 260 33047
x 0 33048
p 0 230 33048
x 0 33049
p 0 235 33049
x 0 33050
p 0 228 33050
x 0 33051
p 0 228 33051
x 0 33052
p 0 273 33052
x 0 33053
p 0 231 33053
x 0 33054
p 0 284 33054
x 0 33055
p 0 232 33055
x 0 33056
p 0 233 33056
x 0 33057
p 0 238 33057
x 0 33058
p 0 248 33058
x 0 33059
p 0 252 33059
x 0 33060
p 0 228 33060
x 0 33000
h 0 10.0.0.3
p 0 40941 33000
x 1 33001
h 1 10.0.0.3
p 1 1120 33001
x 0 33002
p 0 257 33002
x 0 33003
p 0 217 33003
x 0 33004
p 0 219 33004
x 0 33005
p 0 239 33005
x 0 33006
p 0 214 33006
x 0 33007
p 0 210 33007
x 0 33008
p 0 280 33008
x 0 33009
p 0 231 33009
x 0 33010
p 0 207 33010
x 0 33011
p 0 180 33011
x 0 33012
p 0 214 33012
x 0 33013
p 0 180 33013
x 0 33014
p 0 184 33014
x 0 33015
p 0 214 33015
x 0 33016
p 0 219 33016
x 0 33017
p 0 181 33017
x 0 33018
p 0 179 33018
x 0 33019
p 0 183 33019
x 0 33020
p 0 228 33020
x 0 33021
p 0 179 33021
x 0 33022
p 0 178 33022
x 0 33023
p 0 211 33023
x 0 33024
p 0 181 33024
x 0 33025
p 0 179 33025
x 0 33026
p 0 179 33026
x 0 33027
p 0 178 33027
x 0 33028
p 0 179 33028
x 0 33029
p 0 158 33029
x 0 33030
p 0 157 33030
x 0 33031
p 0 163 33031
x 0 33032
p 0 163 33032
x 0 33033
p 0 164 33033
x 0 33034
p 0 157 33034
x 0 33035
p 0 159 33035
x 0 33036
p 0 158 33036
x 0 33037
p 0 158 33037
x 0 33038
p 0 158 33038
x 0 33039
p 0 289 33039
x 0 33040
p 0 194 33040
x 0 33041
p 0 224 33041
x 0 33042
p 0 163 33042
x 0 33043
p 0 224 33043
x 0 33044
p 0 225 33044
x 0 33045
p 0 162 33045
x 0 33046
p 0 253 33046
x 0 33047
p 0 181 33047
x 0 33048
p 0 156 33048
x 0 33049
p 0 159 33049
x 0 33050
p 0 158 33050
x 0 33051
p 0 156 33051
x 0 33052
p 0 205 33052
x 0 33053
p 0 159 33053
x 0 33054
p 0 191 33054
x 0 33055
p 0 159 33055
x 0 33056
p 0 160 33056
x 0 33057
p 0 162 33057
x 0 33058
p 0 169 33058
x 0 33059
p 0 247 33059
x 0 33060
p 0 284 33060
x 0 33000
h 0 10.0.0.3
p 0 41264 33000
x 1 33001
h 1 10.0.0.3
p 1 1290 33001
x 0 33002
p 0 259 33002
x 0 33003
p 0 335 33003
x 0 33004
p 0 225 33004
x 0 33005
p 0 257 33005
x 0 33006
p 0 279 33006
x 0 33007
p 0 233 33007
x 0 33008
p 0 231 33008
x 0 33009
p 0 234 33009
x 0 33010
p 0 237 33010
x 0 33011
p 0 240 33011
x 0 33012
p 0 158 33012
x 0 33013
p 0 219 33013
x 0 33014
p 0 155 33014
x 0 33015
p 0 208 33015
x 0 33016
p 0 240 33016
x 0 33017
p 0 241 33017
x 0 33018
p 0 112 33018
x 0 33019
p 0 203 33019
x 0 33020
p 0 206 33020
x 0 33021
p 0 203 33021
x 0 33022
p 0 198 33022
x 0 33023
p 0 233 33023
x 0 33024
p 0 201 33024
x 0 33025
p 0 198 33025
x 0 33026
p 0 190 33026
x 0 33027
p 0 189 33027
x 0 33028
p 0 196 33028
x 0 33029
p 0 241 33029
x 0 33030
p 0 199 33030
x 0 33031
p 0 194 33031
x 0 33032
p 0 196 33032
x 0 33033
p 0 83 33033
x 0 33034
p 0 181 33034
x 0 33035
p 0 183 33035
x 0 33036
p 0 166 33036
x 0 33037
p 0 233 33037
x 0 33038
p 0 231 33038
x 0 33039
p 0 219 33039
x 0 33040
p 0 236 33040
x 0 33041
p 0 195 33041
x 0 33042
p 0 164 33042
x 0 33043
p 0 185 33043
x 0 33044
p 0 177 33044
x 0 33045
p 0 165 33045
x 0 33046
p 0 163 33046
x 0 33047
p 0 168 33047
x 0 33048
p 0 180 33048
x 0 33049
p 0 226 33049
x 0 33050
p 0 181 33050
x 0 33051
p 0 189 33051
x 0 33052
p 0 121 33052
x 0 33053
p 0 174 33053
x 0 33054
p 0 175 33054
x 0 33055
p 0 164 33055
x 0 33056
p 0 685 33056
x 0 33057
p 0 174 33057
x 0 33058
p 0 253 33058
x 0 33059
p 0 280 33059
x 0 33060
p 0 245 33060
x 0 33000
h 0 10.0.0.3
p 0 44857 33000
x 1 33001
h 1 10.0.0.3
p 1 1047 33001
x 0 33002
p 0 182 33002
x 0 33003
p 0 265 33003
x 0 33004
p 0 231 33004
x 0 33005
p 0 235 33005
x 0 33006
p 0 232 33006
x 0 33007
p 0 252 33007
x 0 33008
p 0 224 33008
x 0 33009
p 0 221 33009
x 0 33010
p 0 225 33010
x 0 33011
p 0 276 33011
x 0 33012
p 0 225 33012
x 0 33013
p 0 234 33013
x 0 33014
p 0 235 33014
x 0 33015
p 0 271 33015
x 0 33016
p 0 201 33016
x 0 33017
p 0 228 33017
x 0 33018
p 0 226 33018
x 0 33019
p 0 258 33019
x 0 33020
p 0 218 33020
x 0 33021
p 0 252 33021
x 0 33022
p 0 244 33022
x 0 33023
p 0 255 33023
x 0 33024
p 0 235 33024
x 0 33025
p 0 230 33025
x 0 33026
p 0 225 33026
x 0 33027
p 0 256 33027
x 0 33028
p 0 220 33028
x 0 33029
p 0 218 33029
x 0 33030
p 0 226 33030
x 0 33031
p 0 220 33031
x 0 33032
p 0 333 33032
x 0 33033
p 0 208 33033
x 0 33034
p 0 271 33034
x 0 33035
p 0 280 33035
x 0 33036
p 0 274 33036
x 0 33037
p 0 304 33037
x 0 33038
p 0 318 33038
x 0 33039
p 0 257 33039
x 0 33040
p 0 229 33040
x 0 33041
p 0 230 33041
x 0 33042
p 0 232 33042
x 0 33043
p 0 261 33043
x 0 33044
p 0 260 33044
x 0 33045
p 0 232 33045
x 0 33046
p 0 231 33046
x 0 33047
p 0 277 33047
x 0 33048
p 0 234 33048
x 0 33049
p 0 265 33049
x 0 33050
p 0 230 33050
x 0 33051
p 0 255 33051
x 0 33052
p 0 231 33052
x 0 33053
p 0 237 33053
x 0 33054
p 0 226 33054
x 0 33055
p 0 270 33055
x 0 33056
p 0 236 33056
x 0 33057
p 0 243 33057
x 0 33058
p 0 264 33058
x 0 33059
p 0 276 33059
x 0 33060
p 0 235 33060
x 0 33000
h 0 10.0.0.3
p 0 39883 33000
x 1 33001
h 1 10.0.0.3
p 1 1228 33001
x 0 33002
p 0 260 33002
x 0 33003
p 0 176 33003
x 0 33004
p 0 226 33004
x 0 33005
p 0 274 33005
x 0 33006
p 0 260 33006
x 0 33007
p 0 173 33007
x 0 33008
p 0 167 33008
x 0 33009
p 0 175 33009
x 0 33010
p 0 208 33010
x 0 33011
p 0 235 33011
x 0 33012
p 0 208 33012
x 0 33013
p 0 156 33013
x 0 33014
p 0 157 33014
x 0 33015
p 0 240 33015
x 0 33016
p 0 224 33016
x 0 33017
p 0 211 33017
x 0 33018
p 0 154 33018
x 0 33019
p 0 234 33019
x 0 33020
p 0 209 33020
x 0 33021
p 0 277 33021
x 0 33022
p 0 210 33022
x 0 33023
p 0 357 33023
x 0 33024
p 0 328 33024
x 0 33025
p 0 330 33025
x 0 33026
p 0 273 33026
x 0 33027
p 0 245 33027
x 0 33028
p 0 212 33028
x 0 33029
p 0 213 33029
x 0 33030
p 0 324 33030
x 0 33031
p 0 210 33031
x 0 33032
p 0 212 33032
x 0 33033
p 0 216 33033
x 0 33034
p 0 329 33034
x 0 33035
p 0 251 33035
x 0 33036
p 0 218 33036
x 0 33037
p 0 283 33037
x 0 33038
p 0 214 33038
x 0 33039
p 0 343 33039
x 0 33040
p 0 328 33040
x 0 33041
p 0 320 33041
x 0 33042
p 0 290 33042
x 0 33043
p 0 243 33043
x 0 33044
p 0 209 33044
x 0 33045
p 0 448 33045
x 0 33046
p 0 285 33046
x 0 33047
p 0 338 33047
x 0 33048
p 0 311 33048
x 0 33049
p 0 220 33049
x 0 33050
p 0 222 33050
x 0 33051
p 0 241 33051
x 0 33052
p 0 182 33052
x 0 33053
p 0 223 33053
x 0 33054
p 0 215 33054
x 0 33055
p 0 253 33055
x 0 33056
p 0 248 33056
x 0 33057
p 0 401 33057
x 0 33058
p 0 244 33058
x 0 33059
p 0 228 33059
x 0 33060
p 0 218 33060
x 0 33000
h 0 10.0.0.3
p 0 39045 33000
x 1 33001
h 1 10.0.0.3
p 1 1030 33001
x 0 33002
p 0 214 33002
x 0 33003
p 0 301 33003
x 0 33004
p 0 140 33004
x 0 33005
p 0 176 33005
x 0 33006
p 0 198 33006
x 0 33007
p 0 176 33007
x 0 33008
p 0 219 33008
x 0 33009
p 0 221 33009
x 0 33010
p 0 220 33010
x 0 33011
p 0 231 33011
x 0 33012
p 0 226 33012
x 0 33013
p 0 231 33013
x 0 33014
p 0 218 33014
x 0 33015
p 0 221 33015
x 0 33016
p 0 226 33016
x 0 33017
p 0 233 33017
x 0 33018
p 0 230 33018
x 0 33019
p 0 252 33019
x 0 33020
p 0 220 33020
x 0 33021
p 0 228 33021
x 0 33022
p 0 319 33022
x 0 33023
p 0 225 33023
x 0 33024
p 0 222 33024
x 0 33025
p 0 209 33025
x 0 33026
p 0 220 33026
x 0 33027
p 0 126 33027
x 0 33028
p 0 217 33028
x 0 33029
p 0 214 33029
x 0 33030
p 0 212 33030
x 0 33031
p 0 214 33031
x 0 33032
p 0 214 33032
x 0 33033
p 0 213 33033
x 0 33034
p 0 243 33034
x 0 33035
p 0 212 33035
x 0 33036
p 0 212 33036
x 0 33037
p 0 221 33037
x 0 33038
p 0 247 33038
x 0 33039
p 0 221 33039
x 0 33040
p 0 221 33040
x 0 33041
p 0 218 33041
x 0 33042
p 0 219 33042
x 0 33043
p 0 218 33043
x 0 33044
p 0 218 33044
x 0 33045
p 0 219 33045
x 0 33046
p 0 218 33046
x 0 33047
p 0 220 33047
x 0 33048
p 0 219 33048
x 0 33049
p 0 211 33049
x 0 33050
p 0 212 33050
x 0 33051
p 0 211 33051
x 0 33052
p 0 225 33052
x 0 33053
p 0 230 33053
x 0 33054
p 0 257 33054
x 0 33055
p 0 231 33055
x 0 33056
p 0 227 33056
x 0 33057
p 0 232 33057
x 0 33058
p 0 286 33058
x 0 33059
p 0 247 33059
x 0 33060
p 0 310 33060
x 0 33000
h 0 10.0.0.3
p 0 51819 33000
x 1 33001
h 1 10.0.0.3
p 1 1412 33001
x 0 33002
p 0 226 33002
x 0 33003
p 0 278 33003
x 0 33004
p 0 225 33004
x 0 33005
p 0 221 33005
x 0 33006
p 0 226 33006
x 0 33007
p 0 215 33007
x 0 33008
p 0 214 33008
x 0 33009
p 0 247 33009
x 0 33010
p 0 214 33010
x 0 33011
p 0 214 33011
x 0 33012
p 0 213 33012
x 0 33013
p 0 212 33013
x 0 33014
p 0 210 33014
x 0 33015
p 0 213 33015
x 0 33016
p 0 213 33016
x 0 33017
p 0 214 33017
x 0 33018
p 0 213 33018
x 0 33019
p 0 240 33019
x 0 33020
p 0 212 33020
x 0 33021
p 0 210 33021
x 0 33022
p 0 213 33022
x 0 33023
p 0 167 33023
x 0 33024
p 0 156 33024
x 0 33025
p 0 186 33025
x 0 33026
p 0 157 33026
x 0 33027
p 0 162 33027
x 0 33028
p 0 155 33028
x 0 33029
p 0 156 33029
x 0 33030
p 0 160 33030
x 0 33031
p 0 157 33031
x 0 33032
p 0 191 33032
x 0 33033
p 0 158 33033
x 0 33034
p 0 154 33034
x 0 33035
p 0 155 33035
x 0 33036
p 0 154 33036
x 0 33037
p 0 157 33037
x 0 33038
p 0 154 33038
x 0 33039
p 0 187 33039
x 0 33040
p 0 158 33040
x 0 33041
p 0 218 33041
x 0 33042
p 0 217 33042
x 0 33043
p 0 250 33043
x 0 33044
p 0 163 33044
x 0 33045
p 0 648 33045
x 0 33046
p 0 163 33046
x 0 33047
p 0 219 33047
x 0 33048
p 0 314 33048
x 0 33049
p 0 221 33049
x 0 33050
p 0 260 33050
x 0 33051
p 0 209 33051
x 0 33052
p 0 211 33052
x 0 33053
p 0 211 33053
x 0 33054
p 0 208 33054
x 0 33055
p 0 214 33055
x 0 33056
p 0 213 33056
x 0 33057
p 0 214 33057
x 0 33058
p 0 222 33058
x 0 33059
p 0 225 33059
x 0 33060
p 0 234 33060
x 0 33000
h 0 10.0.0.3
p 0 42122 33000
x 1 33001
h 1 10.0.0.3
p 1 1253 33001
x 0 33002
p 0 283 33002
x 0 33003
p 0 215 33003
x 0 33004
p 0 270 33004
x 0 33005
p 0 222 33005
x 0 33006
p 0 222 33006
x 0 33007
p 0 219 33007
x 0 33008
p 0 216 33008
x 0 33009
p 0 218 33009
x 0 33010
p 0 218 33010
x 0 33011
p 0 219 33011
x 0 33012
p 0 231 33012
x 0 33013
p 0 218 33013
x 0 33014
p 0 250 33014
x 0 33015
p 0 223 33015
x 0 33016
p 0 218 33016
x 0 33017
p 0 217 33017
x 0 33018
p 0 256 33018
x 0 33019
p 0 216 33019
x 0 33020
p 0 219 33020
x 0 33021
p 0 220 33021
x 0 33022
p 0 217 33022
x 0 33023
p 0 219 33023
x 0 33024
p 0 219 33024
x 0 33025
p 0 219 33025
x 0 33026
p 0 217 33026
x 0 33027
p 0 234 33027
x 0 33028
p 0 219 33028
x 0 33029
p 0 220 33029
x 0 33030
p 0 218 33030
x 0 33031
p 0 221 33031
x 0 33032
p 0 218 33032
x 0 33033
p 0 222 33033
x 0 33034
p 0 224 33034
x 0 33035
p 0 215 33035
x 0 33036
p 0 217 33036
x 0 33037
p 0 222 33037
x 0 33038
p 0 220 33038
x 0 33039
p 0 222 33039
x 0 33040
p 0 230 33040
x 0 33041
p 0 222 33041
x 0 33042
p 0 223 33042
x 0 33043
p 0 224 33043
x 0 33044
p 0 225 33044
x 0 33045
p 0 223 33045
x 0 33046
p 0 220 33046
x 0 33047
p 0 224 33047
x 0 33048
p 0 228 33048
x 0 33049
p 0 226 33049
x 0 33050
p 0 226 33050
x 0 33051
p 0 226 33051
x 0 33052
p 0 226 33052
x 0 33053
p 0 227 33053
x 0 33054
p 0 218 33054
x 0 33055
p 0 213 33055
x 0 33056
p 0 221 33056
x 0 33057
p 0 272 33057
x 0 33058
p 0 218 33058
x 0 33059
p 0 223 33059
x 0 33060
p 0 225 33060
x 0 33000
h 0 10.0.0.3
p 0 44075 33000
x 1 33001
h 1 10.0.0.3
p 1 1132 33001
x 0 33002
p 0 216 33002
x 0 33003
p 0 230 33003
x 0 33004
p 0 227 33004
x 0 33005
p 0 226 33005
x 0 33006
p 0 228 33006
x 0 33007
p 0 208 33007
x 0 33008
p 0 217 33008
x 0 33009
p 0 215 33009
x 0 33010
p 0 217 33010
x 0 33011
p 0 217 33011
x 0 33012
p 0 218 33012
x 0 33013
p 0 88 33013
x 0 33014
p 0 214 33014
x 0 33015
p 0 213 33015
x 0 33016
p 0 373 33016
x 0 33017
p 0 356 33017
x 0 33018
p 0 290 33018
x 0 33019
p 0 216 33019
x 0 33020
p 0 218 33020
x 0 33021
p 0 229 33021
x 0 33022
p 0 440 33022
x 0 33023
p 0 222 33023
x 0 33024
p 0 224 33024
x 0 33025
p 0 214 33025
x 0 33026
p 0 217 33026
x 0 33027
p 0 223 33027
x 0 33028
p 0 218 33028
x 0 33029
p 0 216 33029
x 0 33030
p 0 217 33030
x 0 33031
p 0 218 33031
x 0 33032
p 0 218 33032
x 0 33033
p 0 226 33033
x 0 33034
p 0 218 33034
x 0 33035
p 0 250 33035
x 0 33036
p 0 215 33036
x 0 33037
p 0 214 33037
x 0 33038
p 0 216 33038
x 0 33039
p 0 216 33039
x 0 33040
p 0 229 33040
x 0 33041
p 0 213 33041
x 0 33042
p 0 255 33042
x 0 33043
p 0 222 33043
x 0 33044
p 0 214 33044
x 0 33045
p 0 212 33045
x 0 33046
p 0 213 33046
x 0 33047
p 0 216 33047
x 0 33048
p 0 219 33048
x 0 33049
p 0 215 33049
x 0 33050
p 0 211 33050
x 0 33051
p 0 213 33051
x 0 33052
p 0 217 33052
x 0 33053
p 0 316 33053
x 0 33054
p 0 218 33054
x 0 33055
p 0 213 33055
x 0 33056
p 0 213 33056
x 0 33057
p 0 215 33057
x 0 33058
p 0 216 33058
x 0 33059
p 0 210 33059
x 0 33060
p 0 210 33060
x 0 33000
h 0 10.0.0.3
p 0 39615 33000
x 1 33001
h 1 10.0.0.3
p 1 1065 33001
x 0 33002
p 0 238 33002
x 0 33003
p 0 263 33003
x 0 33004
p 0 290 33004
x 0 33005
p 0 201 33005
x 0 33006
p 0 309 33006
x 0 33007
p 0 256 33007
x 0 33008
p 0 248 33008
x 0 33009
p 0 215 33009
x 0 33010
p 0 208 33010
x 0 33011
p 0 206 33011
x 0 33012
p 0 256 33012
x 0 33013
p 0 223 33013
x 0 33014
p 0 241 33014
x 0 33015
p 0 238 33015
x 0 33016
p 0 230 33016
x 0 33017
p 0 210 33017
x 0 33018
p 0 207 33018
x 0 33019
p 0 177 33019
x 0 33020
p 0 205 33020
x 0 33021
p 0 205 33021
x 0 33022
p 0 177 33022
x 0 33023
p 0 155 33023
x 0 33024
p 0 214 33024
x 0 33025
p 0 158 33025
x 0 33026
p 0 156 33026
x 0 33027
p 0 158 33027
x 0 33028
p 0 251 33028
x 0 33029
p 0 179 33029
x 0 33030
p 0 221 33030
x 0 33031
p 0 280 33031
x 0 33032
p 0 227 33032
x 0 33033
p 0 243 33033
x 0 33034
p 0 230 33034
x 0 33035
p 0 225 33035
x 0 33036
p 0 224 33036
x 0 33037
p 0 227 33037
x 0 33038
p 0 228 33038
x 0 33039
p 0 222 33039
x 0 33040
p 0 224 33040
x 0 33041
p 0 219 33041
x 0 33042
p 0 226 33042
x 0 33043
p 0 230 33043
x 0 33044
p 0 223 33044
x 0 33045
p 0 222 33045
x 0 33046
p 0 219 33046
x 0 33047
p 0 227 33047
x 0 33048
p 0 227 33048
x 0 33049
p 0 325 33049
x 0 33050
p 0 220 33050
x 0 33051
p 0 221 33051
x 0 33052
p 0 320 33052
x 0 33053
p 0 364 33053
x 0 33054
p 0 233 33054
x 0 33055
p 0 238 33055
x 0 33056
p 0 230 33056
x 0 33057
p 0 243 33057
x 0 33058
p 0 247 33058
x 0 33059
p 0 236 33059
x 0 33060
p 0 287 33060
x 0 33000
h 0 10.0.0.3
p 0 41885 33000
x 1 33001
h 1 10.0.0.3
p 1 1033 33001
x 0 33002
p 0 242 33002
x 0 33003
p 0 221 33003
x 0 33004
p 0 208 33004
x 0 33005
p 0 206 33005
x 0 33006
p 0 197 33006
x 0 33007
p 0 187 33007
x 0 33008
p 0 214 33008
x 0 33009
p 0 211 33009
x 0 33010
p 0 209 33010
x 0 33011
p 0 211 33011
x 0 33012
p 0 238 33012
x 0 33013
p 0 234 33013
x 0 33014
p 0 234 33014
x 0 33015
p 0 223 33015
x 0 33016
p 0 232 33016
x 0 33017
p 0 217 33017
x 0 33018
p 0 214 33018
x 0 33019
p 0 216 33019
x 0 33020
p 0 212 33020
x 0 33021
p 0 351 33021
x 0 33022
p 0 160 33022
x 0 33023
p 0 210 33023
x 0 33024
p 0 214 33024
x 0 33025
p 0 255 33025
x 0 33026
p 0 335 33026
x 0 33027
p 0 153 33027
x 0 33028
p 0 215 33028
x 0 33029
p 0 236 33029
x 0 33030
p 0 208 33030
x 0 33031
p 0 236 33031
x 0 33032
p 0 289 33032
x 0 33033
p 0 187 33033
x 0 33034
p 0 212 33034
x 0 33035
p 0 246 33035
x 0 33036
p 0 279 33036
x 0 33037
p 0 220 33037
x 0 33038
p 0 217 33038
x 0 33039
p 0 224 33039
x 0 33040
p 0 166 33040
x 0 33041
p 0 221 33041
x 0 33042
p 0 165 33042
x 0 33043
p 0 227 33043
x 0 33044
p 0 192 33044
x 0 33045
p 0 318 33045
x 0 33046
p 0 185 33046
x 0 33047
p 0 189 33047
x 0 33048
p 0 186 33048
x 0 33049
p 0 190 33049
x 0 33050
p 0 182 33050
x 0 33051
p 0 178 33051
x 0 33052
p 0 183 33052
x 0 33053
p 0 185 33053
x 0 33054
p 0 214 33054
x 0 33055
p 0 186 33055
x 0 33056
p 0 249 33056
x 0 33057
p 0 192 33057
x 0 33058
p 0 214 33058
x 0 33059
p 0 213 33059
x 0 33060
p 0 213 33060
x 0 33000
h 0 10.0.0.3
p 0 53744 33000
x 1 33001
h 1 10.0.0.3
p 1 1198 33001
x 0 33002
p 0 211 33002
x 0 33003
p 0 243 33003
x 0 33004
p 0 248 33004
x 0 33005
p 0 262 33005
x 0 33006
p 0 353 33006
x 0 33007
p 0 183 33007
x 0 33008
p 0 178 33008
x 0 33009
p 0 182 33009
x 0 33010
p 0 190 33010
x 0 33011
p 0 183 33011
x 0 33012
p 0 122 33012
x 0 33013
p 0 187 33013
x 0 33014
p 0 191 33014
x 0 33015
p 0 183 33015
x 0 33016
p 0 169 33016
x 0 33017
p 0 186 33017
x 0 33018
p 0 190 33018
x 0 33019
p 0 189 33019
x 0 33020
p 0 184 33020
x 0 33021
p 0 257 33021
x 0 33022
p 0 260 33022
x 0 33023
p 0 257 33023
x 0 33024
p 0 254 33024
x 0 33025
p 0 178 33025
x 0 33026
p 0 185 33026
x 0 33027
p 0 173 33027
x 0 33028
p 0 209 33028
x 0 33029
p 0 180 33029
x 0 33030
p 0 162 33030
x 0 33031
p 0 217 33031
x 0 33032
p 0 199 33032
x 0 33033
p 0 183 33033
x 0 33034
p 0 181 33034
x 0 33035
p 0 190 33035
x 0 33036
p 0 168 33036
x 0 33037
p 0 167 33037
x 0 33038
p 0 149 33038
x 0 33039
p 0 169 33039
x 0 33040
p 0 154 33040
x 0 33041
p 0 166 33041
x 0 33042
p 0 178 33042
x 0 33043
p 0 282 33043
x 0 33044
p 0 232 33044
x 0 33045
p 0 222 33045
x 0 33046
p 0 254 33046
x 0 33047
p 0 222 33047
x 0 33048
p 0 221 33048
x 0 33049
p 0 276 33049
x 0 33050
p 0 218 33050
x 0 33051
p 0 179 33051
x 0 33052
p 0 182 33052
x 0 33053
p 0 185 33053
x 0 33054
p 0 164 33054
x 0 33055
p 0 183 33055
x 0 33056
p 0 185 33056
x 0 33057
p 0 157 33057
x 0 33058
p 0 187 33058
x 0 33059
p 0 182 33059
x 0 33060
p 0 214 33060
x 0 33000
h 0 10.0.0.3
p 0 44905 33000
x 1 33001
h 1 10.0.0.3
p 1 994 33001
x 0 33002
p 0 205 33002
x 0 33003
p 0 224 33003
x 0 33004
p 0 223 33004
x 0 33005
p 0 195 33005
x 0 33006
p 0 191 33006
x 0 33007
p 0 220 33007
x 0 33008
p 0 182 33008
x 0 33009
p 0 190 33009
x 0 33010
p 0 188 33010
x 0 33011
p 0 219 33011
x 0 33012
p 0 219 33012
x 0 33013
p 0 188 33013
x 0 33014
p 0 185 33014
x 0 33015
p 0 187 33015
x 0 33016
p 0 185 33016
x 0 33017
p 0 191 33017
x 0 33018
p 0 188 33018
x 0 33019
p 0 186 33019
x 0 33020
p 0 190 33020
x 0 33021
p 0 175 33021
x 0 33022
p 0 197 33022
x 0 33023
p 0 174 33023
x 0 33024
p 0 176 33024
x 0 33025
p 0 169 33025
x 0 33026
p 0 171 33026
x 0 33027
p 0 168 33027
x 0 33028
p 0 246 33028
x 0 33029
p 0 240 33029
x 0 33030
p 0 170 33030
x 0 33031
p 0 173 33031
x 0 33032
p 0 169 33032
x 0 33033
p 0 170 33033
x 0 33034
p 0 235 33034
x 0 33035
p 0 246 33035
x 0 33036
p 0 239 33036
x 0 33037
p 0 218 33037
x 0 33038
p 0 218 33038
x 0 33039
p 0 214 33039
x 0 33040
p 0 214 33040
x 0 33041
p 0 214 33041
x 0 33042
p 0 217 33042
x 0 33043
p 0 217 33043
x 0 33044
p 0 212 33044
x 0 33045
p 0 209 33045
x 0 33046
p 0 209 33046
x 0 33047
p 0 213 33047
x 0 33048
p 0 216 33048
x 0 33049
p 0 210 33049
x 0 33050
p 0 216 33050
x 0 33051
p 0 211 33051
x 0 33052
p 0 214 33052
x 0 33053
p 0 219 33053
x 0 33054
p 0 211 33054
x 0 33055
p 0 215 33055
x 0 33056
p 0 218 33056
x 0 33057
p 0 229 33057
x 0 33058
p 0 233 33058
x 0 33059
p 0 232 33059
x 0 33060
p 0 226 33060
x 0 33000
h 0 10.0.0.3
p 0 40776 33000
x 1 33001
h 1 10.0.0.3
p 1 1233 33001
x 0 33002
p 0 232 33002
x 0 33003
p 0 209 33003
x 0 33004
p 0 208 33004
x 0 33005
p 0 212 33005
x 0 33006
p 0 179 33006
x 0 33007
p 0 209 33007
x 0 33008
p 0 239 33008
x 0 33009
p 0 277 33009
x 0 33010
p 0 173 33010
x 0 33011
p 0 212 33011
x 0 33012
p 0 239 33012
x 0 33013
p 0 209 33013
x 0 33014
p 0 178 33014
x 0 33015
p 0 209 33015
x 0 33016
p 0 246 33016
x 0 33017
p 0 155 33017
x 0 33018
p 0 177 33018
x 0 33019
p 0 210 33019
x 0 33020
p 0 208 33020
x 0 33021
p 0 210 33021
x 0 33022
p 0 180 33022
x 0 33023
p 0 212 33023
x 0 33024
p 0 247 33024
x 0 33025
p 0 179 33025
x 0 33026
p 0 233 33026
x 0 33027
p 0 172 33027
x 0 33028
p 0 176 33028
x 0 33029
p 0 190 33029
x 0 33030
p 0 179 33030
x 0 33031
p 0 178 33031
x 0 33032
p 0 175 33032
x 0 33033
p 0 178 33033
x 0 33034
p 0 184 33034
x 0 33035
p 0 185 33035
x 0 33036
p 0 181 33036
x 0 33037
p 0 190 33037
x 0 33038
p 0 168 33038
x 0 33039
p 0 222 33039
x 0 33040
p 0 220 33040
x 0 33041
p 0 164 33041
x 0 33042
p 0 224 33042
x 0 33043
p 0 167 33043
x 0 33044
p 0 213 33044
x 0 33045
p 0 216 33045
x 0 33046
p 0 155 33046
x 0 33047
p 0 218 33047
x 0 33048
p 0 218 33048
x 0 33049
p 0 165 33049
x 0 33050
p 0 217 33050
x 0 33051
p 0 200 33051
x 0 33052
p 0 158 33052
x 0 33053
p 0 216 33053
x 0 33054
p 0 212 33054
x 0 33055
p 0 158 33055
x 0 33056
p 0 212 33056
x 0 33057
p 0 163 33057
x 0 33058
p 0 221 33058
x 0 33059
p 0 156 33059
x 0 33060
p 0 240 33060
x 0 33000
h 0 10.0.0.3
p 0 46062 33000
x 1 33001
h 1 10.0.0.3
p 1 1245 33001
x 0 33002
p 0 215 33002
x 0 33003
p 0 182 33003
x 0 33004
p 0 234 33004
x 0 33005
p 0 221 33005
x 0 33006
p 0 220 33006
x 0 33007
p 0 186 33007
x 0 33008
p 0 220 33008
x 0 33009
p 0 223 33009
x 0 33010
p 0 190 33010
x 0 33011
p 0 200 33011
x 0 33012
p 0 191 33012
x 0 33013
p 0 184 33013
x 0 33014
p 0 193 33014
x 0 33015
p 0 191 33015
x 0 33016
p 0 178 33016
x 0 33017
p 0 179 33017
x 0 33018
p 0 185 33018
x 0 33019
p 0 158 33019
x 0 33020
p 0 154 33020
x 0 33021
p 0 208 33021
x 0 33022
p 0 354 33022
x 0 33023
p 0 225 33023
x 0 33024
p 0 232 33024
x 0 33025
p 0 228 33025
x 0 33026
p 0 229 33026
x 0 33027
p 0 230 33027
x 0 33028
p 0 228 33028
x 0 33029
p 0 98 33029
x 0 33030
p 0 225 33030
x 0 33031
p 0 232 33031
x 0 33032
p 0 224 33032
x 0 33033
p 0 244 33033
x 0 33034
p 0 230 33034
x 0 33035
p 0 238 33035
x 0 33036
p 0 287 33036
x 0 33037
p 0 312 33037
x 0 33038
p 0 225 33038
x 0 33039
p 0 223 33039
x 0 33040
p 0 224 33040
x 0 33041
p 0 224 33041
x 0 33042
p 0 218 33042
x 0 33043
p 0 706 33043
x 0 33044
p 0 217 33044
x 0 33045
p 0 157 33045
x 0 33046
p 0 168 33046
x 0 33047
p 0 159 33047
x 0 33048
p 0 162 33048
x 0 33049
p 0 160 33049
x 0 33050
p 0 186 33050
x 0 33051
p 0 224 33051
x 0 33052
p 0 220 33052
x 0 33053
p 0 230 33053
x 0 33054
p 0 158 33054
x 0 33055
p 0 214 33055
x 0 33056
p 0 157 33056
x 0 33057
p 0 289 33057
x 0 33058
p 0 252 33058
x 0 33059
p 0 211 33059
x 0 33060
p 0 214 33060
x 0 33000
h 0 10.0.0.3
p 0 46778 33000
x 1 33001
h 1 10.0.0.3
p 1 1318 33001
x 0 33002
p 0 265 33002
x 0 33003
p 0 257 33003
x 0 33004
p 0 305 33004
x 0 33005
p 0 193 33005
x 0 33006
p 0 250 33006
x 0 33007
p 0 267 33007
x 0 33008
p 0 269 33008
x 0 33009
p 0 256 33009
x 0 33010
p 0 285 33010
x 0 33011
p 0 284 33011
x 0 33012
p 0 247 33012
x 0 33013
p 0 257 33013
x 0 33014
p 0 250 33014
x 0 33015
p 0 252 33015
x 0 33016
p 0 255 33016
x 0 33017
p 0 252 33017
x 0 33018
p 0 249 33018
x 0 33019
p 0 214 33019
x 0 33020
p 0 246 33020
x 0 33021
p 0 246 33021
x 0 33022
p 0 242 33022
x 0 33023
p 0 214 33023
x 0 33024
p 0 244 33024
x 0 33025
p 0 213 33025
x 0 33026
p 0 200 33026
x 0 33027
p 0 216 33027
x 0 33028
p 0 209 33028
x 0 33029
p 0 242 33029
x 0 33030
p 0 251 33030
x 0 33031
p 0 213 33031
x 0 33032
p 0 215 33032
x 0 33033
p 0 279 33033
x 0 33034
p 0 218 33034
x 0 33035
p 0 212 33035
x 0 33036
p 0 212 33036
x 0 33037
p 0 220 33037
x 0 33038
p 0 219 33038
x 0 33039
p 0 213 33039
x 0 33040
p 0 262 33040
x 0 33041
p 0 227 33041
x 0 33042
p 0 211 33042
x 0 33043
p 0 213 33043
x 0 33044
p 0 249 33044
x 0 33045
p 0 225 33045
x 0 33046
p 0 212 33046
x 0 33047
p 0 251 33047
x 0 33048
p 0 218 33048
x 0 33049
p 0 210 33049
x 0 33050
p 0 220 33050
x 0 33051
p 0 224 33051
x 0 33052
p 0 234 33052
x 0 33053
p 0 215 33053
x 0 33054
p 0 279 33054
x 0 33055
p 0 226 33055
x 0 33056
p 0 219 33056
x 0 33057
p 0 221 33057
x 0 33058
p 0 321 33058
x 0 33059
p 0 216 33059
x 0 33060
p 0 238 33060
x 0 33000
h 0 10.0.0.3
p 0 36150 33000
x 1 33001
h 1 10.0.0.3
p 1 1182 33001
x 0 33002
p 0 218 33002
x 0 33003
p 0 227 33003
x 0 33004
p 0 227 33004
x 0 33005
p 0 268 33005
x 0 33006
p 0 230 33006
x 0 33007
p 0 213 33007
x 0 33008
p 0 214 33008
x 0 33009
p 0 185 33009
x 0 33010
p 0 220 33010
x 0 33011
p 0 217 33011
x 0 33012
p 0 223 33012
x 0 33013
p 0 222 33013
x 0 33014
p 0 183 33014
x 0 33015
p 0 222 33015
x 0 33016
p 0 220 33016
x 0 33017
p 0 215 33017
x 0 33018
p 0 220 33018
x 0 33019
p 0 216 33019
x 0 33020
p 0 216 33020
x 0 33021
p 0 197 33021
x 0 33022
p 0 228 33022
x 0 33023
p 0 252 33023
x 0 33024
p 0 231 33024
x 0 33025
p 0 233 33025
x 0 33026
p 0 238 33026
x 0 33027
p 0 230 33027
x 0 33028
p 0 229 33028
x 0 33029
p 0 229 33029
x 0 33030
p 0 294 33030
x 0 33031
p 0 232 33031
x 0 33032
p 0 231 33032
x 0 33033
p 0 231 33033
x 0 33034
p 0 234 33034
x 0 33035
p 0 229 33035
x 0 33036
p 0 234 33036
x 0 33037
p 0 233 33037
x 0 33038
p 0 230 33038
x 0 33039
p 0 226 33039
x 0 33040
p 0 227 33040
x 0 33041
p 0 225 33041
x 0 33042
p 0 230 33042
x 0 33043
p 0 232 33043
x 0 33044
p 0 230 33044
x 0 33045
p 0 233 33045
x 0 33046
p 0 230 33046
x 0 33047
p 0 284 33047
x 0 33048
p 0 259 33048
x 0 33049
p 0 223 33049
x 0 33050
p 0 231 33050
x 0 33051
p 0 224 33051
x 0 33052
p 0 233 33052
x 0 33053
p 0 231 33053
x 0 33054
p 0 265 33054
x 0 33055
p 0 257 33055
x 0 33056
p 0 243 33056
x 0 33057
p 0 231 33057
x 0 33058
p 0 236 33058
x 0 33059
p 0 228 33059
x 0 33060
p 0 224 33060
x 0 33000
h 0 10.0.0.3
p 0 41593 33000
x 1 33001
h 1 10.0.0.3
p 1 1332 33001
x 0 33002
p 0 78 33002
x 0 33003
p 0 215 33003
x 0 33004
p 0 250 33004
x 0 33005
p 0 321 33005
x 0 33006
p 0 217 33006
x 0 33007
p 0 216 33007
x 0 33008
p 0 217 33008
x 0 33009
p 0 214 33009
x 0 33010
p 0 215 33010
x 0 33011
p 0 183 33011
x 0 33012
p 0 172 33012
x 0 33013
p 0 208 33013
x 0 33014
p 0 257 33014
x 0 33015
p 0 211 33015
x 0 33016
p 0 213 33016
x 0 33017
p 0 295 33017
x 0 33018
p 0 210 33018
x 0 33019
p 0 213 33019
x 0 33020
p 0 212 33020
x 0 33021
p 0 219 33021
x 0 33022
p 0 223 33022
x 0 33023
p 0 219 33023
x 0 33024
p 0 673 33024
x 0 33025
p 0 218 33025
x 0 33026
p 0 220 33026
x 0 33027
p 0 221 33027
x 0 33028
p 0 214 33028
x 0 33029
p 0 248 33029
x 0 33030
p 0 245 33030
x 0 33031
p 0 178 33031
x 0 33032
p 0 224 33032
x 0 33033
p 0 214 33033
x 0 33034
p 0 211 33034
x 0 33035
p 0 164 33035
x 0 33036
p 0 214 33036
x 0 33037
p 0 269 33037
x 0 33038
p 0 212 33038
x 0 33039
p 0 215 33039
x 0 33040
p 0 210 33040
x 0 33041
p 0 154 33041
x 0 33042
p 0 224 33042
x 0 33043
p 0 213 33043
x 0 33044
p 0 267 33044
x 0 33045
p 0 211 33045
x 0 33046
p 0 217 33046
x 0 33047
p 0 155 33047
x 0 33048
p 0 214 33048
x 0 33049
p 0 159 33049
x 0 33050
p 0 215 33050
x 0 33051
p 0 128 33051
x 0 33052
p 0 215 33052
x 0 33053
p 0 215 33053
x 0 33054
p 0 215 33054
x 0 33055
p 0 212 33055
x 0 33056
p 0 178 33056
x 0 33057
p 0 176 33057
x 0 33058
p 0 211 33058
x 0 33059
p 0 159 33059
x 0 33060
p 0 209 33060
x 0 33000
h 0 10.0.0.3
p 0 45973 33000
x 1 33001
h 1 10.0.0.3
p 1 1346 33001
x 0 33002
p 0 273 33002
x 0 33003
p 0 214 33003
x 0 33004
p 0 239 33004
x 0 33005
p 0 245 33005
x 0 33006
p 0 213 33006
x 0 33007
p 0 253 33007
x 0 33008
p 0 217 33008
x 0 33009
p 0 219 33009
x 0 33010
p 0 439 33010
x 0 33011
p 0 214 33011
x 0 33012
p 0 215 33012
x 0 33013
p 0 217 33013
x 0 33014
p 0 224 33014
x 0 33015
p 0 217 33015
x 0 33016
p 0 212 33016
x 0 33017
p 0 217 33017
x 0 33018
p 0 213 33018
x 0 33019
p 0 406 33019
x 0 33020
p 0 214 33020
x 0 33021
p 0 213 33021
x 0 33022
p 0 219 33022
x 0 33023
p 0 218 33023
x 0 33024
p 0 214 33024
x 0 33025
p 0 215 33025
x 0 33026
p 0 239 33026
x 0 33027
p 0 217 33027
x 0 33028
p 0 223 33028
x 0 33029
p 0 217 33029
x 0 33030
p 0 212 33030
x 0 33031
p 0 213 33031
x 0 33032
p 0 220 33032
x 0 33033
p 0 242 33033
x 0 33034
p 0 211 33034
x 0 33035
p 0 217 33035
x 0 33036
p 0 213 33036
x 0 33037
p 0 217 33037
x 0 33038
p 0 222 33038
x 0 33039
p 0 213 33039
x 0 33040
p 0 235 33040
x 0 33041
p 0 213 33041
x 0 33042
p 0 254 33042
x 0 33043
p 0 215 33043
x 0 33044
p 0 213 33044
x 0 33045
p 0 211 33045
x 0 33046
p 0 209 33046
x 0 33047
p 0 244 33047
x 0 33048
p 0 213 33048
x 0 33049
p 0 214 33049
x 0 33050
p 0 205 33050
x 0 33051
p 0 212 33051
x 0 33052
p 0 214 33052
x 0 33053
p 0 215 33053
x 0 33054
p 0 210 33054
x 0 33055
p 0 214 33055
x 0 33056
p 0 243 33056
x 0 33057
p 0 218 33057
x 0 33058
p 0 236 33058
x 0 33059
p 0 216 33059
x 0 33060
p 0 214 33060
x 0 33000
h 0 10.0.0.3
p 0 44852 33000
x 1 33001
h 1 10.0.0.3
p 1 1238 33001
x 0 33002
p 0 214 33002
x 0 33003
p 0 231 33003
x 0 33004
p 0 216 33004
x 0 33005
p 0 215 33005
x 0 33006
p 0 223 33006
x 0 33007
p 0 208 33007
x 0 33008
p 0 296 33008
x 0 33009
p 0 245 33009
x 0 33010
p 0 258 33010
x 0 33011
p 0 384 33011
x 0 33012
p 0 239 33012
x 0 33013
p 0 238 33013
x 0 33014
p 0 239 33014
x 0 33015
p 0 210 33015
x 0 33016
p 0 214 33016
x 0 33017
p 0 207 33017
x 0 33018
p 0 211 33018
x 0 33019
p 0 252 33019
x 0 33020
p 0 254 33020
x 0 33021
p 0 259 33021
x 0 33022
p 0 254 33022
x 0 33023
p 0 245 33023
x 0 33024
p 0 246 33024
x 0 33025
p 0 221 33025
x 0 33026
p 0 211 33026
x 0 33027
p 0 187 33027
x 0 33028
p 0 212 33028
x 0 33029
p 0 254 33029
x 0 33030
p 0 246 33030
x 0 33031
p 0 237 33031
x 0 33032
p 0 215 33032
x 0 33033
p 0 219 33033
x 0 33034
p 0 217 33034
x 0 33035
p 0 290 33035
x 0 33036
p 0 250 33036
x 0 33037
p 0 219 33037
x 0 33038
p 0 220 33038
x 0 33039
p 0 221 33039
x 0 33040
p 0 218 33040
x 0 33041
p 0 218 33041
x 0 33042
p 0 222 33042
x 0 33043
p 0 220 33043
x 0 33044
p 0 261 33044
x 0 33045
p 0 185 33045
x 0 33046
p 0 220 33046
x 0 33047
p 0 185 33047
x 0 33048
p 0 184 33048
x 0 33049
p 0 177 33049
x 0 33050
p 0 176 33050
x 0 33051
p 0 183 33051
x 0 33052
p 0 183 33052
x 0 33053
p 0 181 33053
x 0 33054
p 0 179 33054
x 0 33055
p 0 191 33055
x 0 33056
p 0 223 33056
x 0 33057
p 0 247 33057
x 0 33058
p 0 407 33058
x 0 33059
p 0 238 33059
x 0 33060
p 0 228 33060
x 0 33000
h 0 10.0.0.3
p 0 42459 33000
x 1 33001
h 1 10.0.0.3
p 1 853 33001
x 0 33002
p 0 231 33002
x 0 33003
p 0 236 33003
x 0 33004
p 0 231 33004
x 0 33005
p 0 208 33005
x 0 33006
p 0 176 33006
x 0 33007
p 0 203 33007
x 0 33008
p 0 174 33008
x 0 33009
p 0 176 33009
x 0 33010
p 0 174 33010
x 0 33011
p 0 176 33011
x 0 33012
p 0 173 33012
x 0 33013
p 0 212 33013
x 0 33014
p 0 174 33014
x 0 33015
p 0 219 33015
x 0 33016
p 0 210 33016
x 0 33017
p 0 213 33017
x 0 33018
p 0 210 33018
x 0 33019
p 0 210 33019
x 0 33020
p 0 209 33020
x 0 33021
p 0 209 33021
x 0 33022
p 0 217 33022
x 0 33023
p 0 217 33023
x 0 33024
p 0 213 33024
x 0 33025
p 0 214 33025
x 0 33026
p 0 210 33026
x 0 33027
p 0 211 33027
x 0 33028
p 0 214 33028
x 0 33029
p 0 206 33029
x 0 33030
p 0 331 33030
x 0 33031
p 0 177 33031
x 0 33032
p 0 329 33032
x 0 33033
p 0 215 33033
x 0 33034
p 0 214 33034
x 0 33035
p 0 217 33035
x 0 33036
p 0 143 33036
x 0 33037
p 0 217 33037
x 0 33038
p 0 215 33038
x 0 33039
p 0 217 33039
x 0 33040
p 0 317 33040
x 0 33041
p 0 202 33041
x 0 33042
p 0 228 33042
x 0 33043
p 0 224 33043
x 0 33044
p 0 217 33044
x 0 33045
p 0 217 33045
x 0 33046
p 0 222 33046
x 0 33047
p 0 175 33047
x 0 33048
p 0 173 33048
x 0 33049
p 0 171 33049
x 0 33050
p 0 172 33050
x 0 33051
p 0 178 33051
x 0 33052
p 0 176 33052
x 0 33053
p 0 168 33053
x 0 33054
p 0 169 33054
x 0 33055
p 0 165 33055
x 0 33056
p 0 176 33056
x 0 33057
p 0 173 33057
x 0 33058
p 0 165 33058
x 0 33059
p 0 162 33059
x 0 33060
p 0 214 33060
x 0 33000
h 0 10.0.0.3
p 0 52032 33000
x 1 33001
h 1 10.0.0.3
p 1 1054 33001
x 0 33002
p 0 217 33002
x 0 33003
p 0 214 33003
x 0 33004
p 0 1000 33004
x 0 33005
p 0 151 33005
x 0 33006
p 0 70 33006
x 0 33007
p 0 210 33007
x 0 33008
p 0 212 33008
x 0 33009
p 0 164 33009
x 0 33010
p 0 219 33010
x 0 33011
p 0 163 33011
x 0 33012
p 0 162 33012
x 0 33013
p 0 233 33013
x 0 33014
p 0 220 33014
x 0 33015
p 0 264 33015
x 0 33016
p 0 327 33016
x 0 33017
p 0 278 33017
x 0 33018
p 0 304 33018
x 0 33019
p 0 391 33019
x 0 33020
p 0 391 33020
x 0 33021
p 0 397 33021
x 0 33022
p 0 250 33022
x 0 33023
p 0 221 33023
x 0 33024
p 0 220 33024
x 0 33025
p 0 215 33025
x 0 33026
p 0 146 33026
x 0 33027
p 0 376 33027
x 0 33028
p 0 214 33028
x 0 33029
p 0 212 33029
x 0 33030
p 0 216 33030
x 0 33031
p 0 248 33031
x 0 33032
p 0 319 33032
x 0 33033
p 0 282 33033
x 0 33034
p 0 318 33034
x 0 33035
p 0 339 33035
x 0 33036
p 0 315 33036
x 0 33037
p 0 218 33037
x 0 33038
p 0 219 33038
x 0 33039
p 0 246 33039
x 0 33040
p 0 215 33040
x 0 33041
p 0 213 33041
x 0 33042
p 0 219 33042
x 0 33043
p 0 255 33043
x 0 33044
p 0 322 33044
x 0 33045
p 0 215 33045
x 0 33046
p 0 308 33046
x 0 33047
p 0 333 33047
x 0 33048
p 0 319 33048
x 0 33049
p 0 320 33049
x 0 33050
p 0 249 33050
x 0 33051
p 0 217 33051
x 0 33052
p 0 218 33052
x 0 33053
p 0 218 33053
x 0 33054
p 0 216 33054
x 0 33055
p 0 222 33055
x 0 33056
p 0 215 33056
x 0 33057
p 0 228 33057
x 0 33058
p 0 249 33058
x 0 33059
p 0 231 33059
x 0 33060
p 0 233 33060
x 0 33000
h 0 10.0.0.3
p 0 46823 33000
x 1 33001
h 1 10.0.0.3
p 1 1240 33001
x 0 33002
p 0 189 33002
x 0 33003
p 0 171 33003
x 0 33004
p 0 214 33004
x 0 33005
p 0 212 33005
x 0 33006
p 0 209 33006
x 0 33007
p 0 214 33007
x 0 33008
p 0 215 33008
x 0 33009
p 0 160 33009
x 0 33010
p 0 207 33010
x 0 33011
p 0 208 33011
x 0 33012
p 0 136 33012
x 0 33013
p 0 209 33013
x 0 33014
p 0 212 33014
x 0 33015
p 0 211 33015
x 0 33016
p 0 212 33016
x 0 33017
p 0 213 33017
x 0 33018
p 0 172 33018
x 0 33019
p 0 176 33019
x 0 33020
p 0 212 33020
x 0 33021
p 0 159 33021
x 0 33022
p 0 213 33022
x 0 33023
p 0 211 33023
x 0 33024
p 0 212 33024
x 0 33025
p 0 210 33025
x 0 33026
p 0 209 33026
x 0 33027
p 0 210 33027
x 0 33028
p 0 213 33028
x 0 33029
p 0 210 33029
x 0 33030
p 0 212 33030
x 0 33031
p 0 211 33031
x 0 33032
p 0 214 33032
x 0 33033
p 0 213 33033
x 0 33034
p 0 213 33034
x 0 33035
p 0 213 33035
x 0 33036
p 0 221 33036
x 0 33037
p 0 218 33037
x 0 33038
p 0 223 33038
x 0 33039
p 0 227 33039
x 0 33040
p 0 222 33040
x 0 33041
p 0 224 33041
x 0 33042
p 0 222 33042
x 0 33043
p 0 227 33043
x 0 33044
p 0 224 33044
x 0 33045
p 0 220 33045
x 0 33046
p 0 219 33046
x 0 33047
p 0 212 33047
x 0 33048
p 0 217 33048
x 0 33049
p 0 210 33049
x 0 33050
p 0 213 33050
x 0 33051
p 0 212 33051
x 0 33052
p 0 218 33052
x 0 33053
p 0 216 33053
x 0 33054
p 0 219 33054
x 0 33055
p 0 216 33055
x 0 33056
p 0 227 33056
x 0 33057
p 0 222 33057
x 0 33058
p 0 226 33058
x 0 33059
p 0 287 33059
x 0 33060
p 0 257 33060
x 0 33000
h 0 10.0.0.3
p 0 40819 33000
x 1 33001
h 1 10.0.0.3
p 1 1129 33001
x 0 33002
p 0 231 33002
x 0 33003
p 0 229 33003
x 0 33004
p 0 226 33004
x 0 33005
p 0 250 33005
x 0 33006
p 0 231 33006
x 0 33007
p 0 296 33007
x 0 33008
p 0 243 33008
x 0 33009
p 0 228 33009
x 0 33010
p 0 231 33010
x 0 33011
p 0 247 33011
x 0 33012
p 0 238 33012
x 0 33013
p 0 237 33013
x 0 33014
p 0 286 33014
x 0 33015
p 0 230 33015
x 0 33016
p 0 228 33016
x 0 33017
p 0 234 33017
x 0 33018
p 0 226 33018
x 0 33019
p 0 224 33019
x 0 33020
p 0 218 33020
x 0 33021
p 0 254 33021
x 0 33022
p 0 230 33022
x 0 33023
p 0 232 33023
x 0 33024
p 0 222 33024
x 0 33025
p 0 219 33025
x 0 33026
p 0 226 33026
x 0 33027
p 0 224 33027
x 0 33028
p 0 290 33028
x 0 33029
p 0 252 33029
x 0 33030
p 0 238 33030
x 0 33031
p 0 231 33031
x 0 33032
p 0 231 33032
x 0 33033
p 0 244 33033
x 0 33034
p 0 232 33034
x 0 33035
p 0 233 33035
x 0 33036
p 0 265 33036
x 0 33037
p 0 244 33037
x 0 33038
p 0 235 33038
x 0 33039
p 0 267 33039
x 0 33040
p 0 219 33040
x 0 33041
p 0 217 33041
x 0 33042
p 0 218 33042
x 0 33043
p 0 255 33043
x 0 33044
p 0 211 33044
x 0 33045
p 0 216 33045
x 0 33046
p 0 215 33046
x 0 33047
p 0 223 33047
x 0 33048
p 0 218 33048
x 0 33049
p 0 212 33049
x 0 33050
p 0 211 33050
x 0 33051
p 0 211 33051
x 0 33052
p 0 233 33052
x 0 33053
p 0 222 33053
x 0 33054
p 0 215 33054
x 0 33055
p 0 220 33055
x 0 33056
p 0 246 33056
x 0 33057
p 0 259 33057
x 0 33058
p 0 241 33058
x 0 33059
p 0 169 33059
x 0 33060
p 0 261 33060
x 0 33000
h 0 10.0.0.3
p 0 45828 33000
x 1 33001
h 1 10.0.0.3
p 1 1141 33001
x 0 33002
p 0 252 33002
x 0 33003
p 0 262 33003
x 0 33004
p 0 192 33004
x 0 33005
p 0 154 33005
x 0 33006
p 0 148 33006
x 0 33007
p 0 205 33007
x 0 33008
p 0 152 33008
x 0 33009
p 0 192 33009
x 0 33010
p 0 169 33010
x 0 33011
p 0 191 33011
x 0 33012
p 0 199 33012
x 0 33013
p 0 203 33013
x 0 33014
p 0 197 33014
x 0 33015
p 0 257 33015
x 0 33016
p 0 282 33016
x 0 33017
p 0 288 33017
x 0 33018
p 0 260 33018
x 0 33019
p 0 228 33019
x 0 33020
p 0 271 33020
x 0 33021
p 0 252 33021
x 0 33022
p 0 216 33022
x 0 33023
p 0 216 33023
x 0 33024
p 0 275 33024
x 0 33025
p 0 217 33025
x 0 33026
p 0 189 33026
x 0 33027
p 0 218 33027
x 0 33028
p 0 256 33028
x 0 33029
p 0 212 33029
x 0 33030
p 0 289 33030
x 0 33031
p 0 214 33031
x 0 33032
p 0 251 33032
x 0 33033
p 0 185 33033
x 0 33034
p 0 187 33034
x 0 33035
p 0 179 33035
x 0 33036
p 0 179 33036
x 0 33037
p 0 192 33037
x 0 33038
p 0 188 33038
x 0 33039
p 0 218 33039
x 0 33040
p 0 200 33040
x 0 33041
p 0 182 33041
x 0 33042
p 0 186 33042
x 0 33043
p 0 175 33043
x 0 33044
p 0 177 33044
x 0 33045
p 0 230 33045
x 0 33046
p 0 278 33046
x 0 33047
p 0 182 33047
x 0 33048
p 0 180 33048
x 0 33049
p 0 162 33049
x 0 33050
p 0 218 33050
x 0 33051
p 0 215 33051
x 0 33052
p 0 220 33052
x 0 33053
p 0 218 33053
x 0 33054
p 0 217 33054
x 0 33055
p 0 293 33055
x 0 33056
p 0 221 33056
x 0 33057
p 0 247 33057
x 0 33058
p 0 225 33058
x 0 33059
p 0 225 33059
x 0 33060
p 0 194 33060
x 0 33000
h 0 10.0.0.3
p 0 40489 33000
x 1 33001
h 1 10.0.0.3
p 1 503 33001
x 0 33002
p 0 210 33002
x 0 33003
p 0 209 33003
x 0 33004
p 0 210 33004
x 0 33005
p 0 210 33005
x 0 33006
p 0 188 33006
x 0 33007
p 0 145 33007
x 0 33008
p 0 210 33008
x 0 33009
p 0 187 33009
x 0 33010
p 0 206 33010
x 0 33011
p 0 175 33011
x 0 33012
p 0 177 33012
x 0 33013
p 0 209 33013
x 0 33014
p 0 187 33014
x 0 33015
p 0 171 33015
x 0 33016
p 0 209 33016
x 0 33017
p 0 208 33017
x 0 33018
p 0 207 33018
x 0 33019
p 0 177 33019
x 0 33020
p 0 201 33020
x 0 33021
p 0 208 33021
x 0 33022
p 0 237 33022
x 0 33023
p 0 174 33023
x 0 33024
p 0 208 33024
x 0 33025
p 0 208 33025
x 0 33026
p 0 215 33026
x 0 33027
p 0 177 33027
x 0 33028
p 0 217 33028
x 0 33029
p 0 356 33029
x 0 33030
p 0 354 33030
x 0 33031
p 0 287 33031
x 0 33032
p 0 216 33032
x 0 33033
p 0 218 33033
x 0 33034
p 0 215 33034
x 0 33035
p 0 215 33035
x 0 33036
p 0 218 33036
x 0 33037
p 0 220 33037
x 0 33038
p 0 219 33038
x 0 33039
p 0 225 33039
x 0 33040
p 0 217 33040
x 0 33041
p 0 217 33041
x 0 33042
p 0 216 33042
x 0 33043
p 0 214 33043
x 0 33044
p 0 215 33044
x 0 33045
p 0 248 33045
x 0 33046
p 0 320 33046
x 0 33047
p 0 214 33047
x 0 33048
p 0 215 33048
x 0 33049
p 0 211 33049
x 0 33050
p 0 218 33050
x 0 33051
p 0 317 33051
x 0 33052
p 0 221 33052
x 0 33053
p 0 215 33053
x 0 33054
p 0 218 33054
x 0 33055
p 0 220 33055
x 0 33056
p 0 219 33056
x 0 33057
p 0 229 33057
x 0 33058
p 0 247 33058
x 0 33059
p 0 257 33059
x 0 33060
p 0 235 33060
x 0 33000
h 0 10.0.0.3
p 0 44247 33000
x 1 33001
h 1 10.0.0.3
p 1 1351 33001
x 0 33002
p 0 199 33002
x 0 33003
p 0 196 33003
x 0 33004
p 0 216 33004
x 0 33005
p 0 217 33005
x 0 33006
p 0 215 33006
x 0 33007
p 0 218 33007
x 0 33008
p 0 207 33008
x 0 33009
p 0 217 33009
x 0 33010
p 0 359 33010
x 0 33011
p 0 223 33011
x 0 33012
p 0 221 33012
x 0 33013
p 0 178 33013
x 0 33014
p 0 162 33014
x 0 33015
p 0 167 33015
x 0 33016
p 0 254 33016
x 0 33017
p 0 145 33017
x 0 33018
p 0 162 33018
x 0 33019
p 0 165 33019
x 0 33020
p 0 244 33020
x 0 33021
p 0 167 33021
x 0 33022
p 0 176 33022
x 0 33023
p 0 169 33023
x 0 33024
p 0 172 33024
x 0 33025
p 0 171 33025
x 0 33026
p 0 168 33026
x 0 33027
p 0 176 33027
x 0 33028
p 0 166 33028
x 0 33029
p 0 201 33029
x 0 33030
p 0 175 33030
x 0 33031
p 0 170 33031
x 0 33032
p 0 163 33032
x 0 33033
p 0 174 33033
x 0 33034
p 0 167 33034
x 0 33035
p 0 171 33035
x 0 33036
p 0 163 33036
x 0 33037
p 0 164 33037
x 0 33038
p 0 176 33038
x 0 33039
p 0 164 33039
x 0 33040
p 0 175 33040
x 0 33041
p 0 150 33041
x 0 33042
p 0 153 33042
x 0 33043
p 0 149 33043
x 0 33044
p 0 218 33044
x 0 33045
p 0 195 33045
x 0 33046
p 0 218 33046
x 0 33047
p 0 162 33047
x 0 33048
p 0 155 33048
x 0 33049
p 0 219 33049
x 0 33050
p 0 216 33050
x 0 33051
p 0 218 33051
x 0 33052
p 0 224 33052
x 0 33053
p 0 306 33053
x 0 33054
p 0 293 33054
x 0 33055
p 0 305 33055
x 0 33056
p 0 380 33056
x 0 33057
p 0 413 33057
x 0 33058
p 0 515 33058
x 0 33059
p 0 422 33059
x 0 33060
p 0 412 33060
x 0 33000
h 0 10.0.0.3
p 0 38860 33000
x 1 33001
h 1 10.0.0.3
p 1 1326 33001
x 0 33002
p 0 221 33002
x 0 33003
p 0 293 33003
x 0 33004
p 0 215 33004
x 0 33005
p 0 222 33005
x 0 33006
p 0 251 33006
x 0 33007
p 0 267 33007
x 0 33008
p 0 259 33008
x 0 33009
p 0 217 33009
x 0 33010
p 0 216 33010
x 0 33011
p 0 240 33011
x 0 33012
p 0 224 33012
x 0 33013
p 0 251 33013
x 0 33014
p 0 217 33014
x 0 33015
p 0 218 33015
x 0 33016
p 0 220 33016
x 0 33017
p 0 223 33017
x 0 33018
p 0 218 33018
x 0 33019
p 0 261 33019
x 0 33020
p 0 221 33020
x 0 33021
p 0 139 33021
x 0 33022
p 0 216 33022
x 0 33023
p 0 235 33023
x 0 33024
p 0 230 33024
x 0 33025
p 0 227 33025
x 0 33026
p 0 238 33026
x 0 33027
p 0 232 33027
x 0 33028
p 0 260 33028
x 0 33029
p 0 230 33029
x 0 33030
p 0 227 33030
x 0 33031
p 0 233 33031
x 0 33032
p 0 255 33032
x 0 33033
p 0 223 33033
x 0 33034
p 0 222 33034
x 0 33035
p 0 281 33035
x 0 33036
p 0 221 33036
x 0 33037
p 0 222 33037
x 0 33038
p 0 223 33038
x 0 33039
p 0 220 33039
x 0 33040
p 0 220 33040
x 0 33041
p 0 222 33041
x 0 33042
p 0 264 33042
x 0 33043
p 0 227 33043
x 0 33044
p 0 225 33044
x 0 33045
p 0 217 33045
x 0 33046
p 0 218 33046
x 0 33047
p 0 219 33047
x 0 33048
p 0 228 33048
x 0 33049
p 0 222 33049
x 0 33050
p 0 226 33050
x 0 33051
p 0 269 33051
x 0 33052
p 0 202 33052
x 0 33053
p 0 224 33053
x 0 33054
p 0 230 33054
x 0 33055
p 0 255 33055
x 0 33056
p 0 239 33056
x 0 33057
p 0 248 33057
x 0 33058
p 0 248 33058
x 0 33059
p 0 236 33059
x 0 33060
p 0 224 33060
x 0 33000
h 0 10.0.0.3
p 0 39232 33000
x 1 33001
h 1 10.0.0.3
p 1 1204 33001
x 0 33002
p 0 178 33002
x 0 33003
p 0 220 33003
x 0 33004
p 0 231 33004
x 0 33005
p 0 252 33005
x 0 33006
p 0 253 33006
x 0 33007
p 0 213 33007
x 0 33008
p 0 216 33008
x 0 33009
p 0 240 33009
x 0 33010
p 0 210 33010
x 0 33011
p 0 211 33011
x 0 33012
p 0 218 33012
x 0 33013
p 0 242 33013
x 0 33014
p 0 210 33014
x 0 33015
p 0 207 33015
x 0 33016
p 0 243 33016
x 0 33017
p 0 211 33017
x 0 33018
p 0 213 33018
x 0 33019
p 0 209 33019
x 0 33020
p 0 214 33020
x 0 33021
p 0 243 33021
x 0 33022
p 0 219 33022
x 0 33023
p 0 214 33023
x 0 33024
p 0 218 33024
x 0 33025
p 0 243 33025
x 0 33026
p 0 226 33026
x 0 33027
p 0 220 33027
x 0 33028
p 0 220 33028
x 0 33029
p 0 215 33029
x 0 33030
p 0 221 33030
x 0 33031
p 0 214 33031
x 0 33032
p 0 218 33032
x 0 33033
p 0 214 33033
x 0 33034
p 0 194 33034
x 0 33035
p 0 178 33035
x 0 33036
p 0 216 33036
x 0 33037
p 0 211 33037
x 0 33038
p 0 189 33038
x 0 33039
p 0 214 33039
x 0 33040
p 0 175 33040
x 0 33041
p 0 177 33041
x 0 33042
p 0 183 33042
x 0 33043
p 0 179 33043
x 0 33044
p 0 181 33044
x 0 33045
p 0 177 33045
x 0 33046
p 0 175 33046
x 0 33047
p 0 180 33047
x 0 33048
p 0 190 33048
x 0 33049
p 0 212 33049
x 0 33050
p 0 159 33050
x 0 33051
p 0 210 33051
x 0 33052
p 0 213 33052
x 0 33053
p 0 164 33053
x 0 33054
p 0 211 33054
x 0 33055
p 0 212 33055
x 0 33056
p 0 155 33056
x 0 33057
p 0 224 33057
x 0 33058
p 0 216 33058
x 0 33059
p 0 247 33059
x 0 33060
p 0 215 33060
x 0 33000
h 0 10.0.0.3
p 0 35976 33000
x 1 33001
h 1 10.0.0.3
p 1 1334 33001
x 0 33002
p 0 215 33002
x 0 33003
p 0 211 33003
x 0 33004
p 0 212 33004
x 0 33005
p 0 213 33005
x 0 33006
p 0 212 33006
x 0 33007
p 0 211 33007
x 0 33008
p 0 216 33008
x 0 33009
p 0 209 33009
x 0 33010
p 0 246 33010
x 0 33011
p 0 245 33011
x 0 33012
p 0 215 33012
x 0 33013
p 0 219 33013
x 0 33014
p 0 210 33014
x 0 33015
p 0 214 33015
x 0 33016
p 0 315 33016
x 0 33017
p 0 212 33017
x 0 33018
p 0 244 33018
x 0 33019
p 0 214 33019
x 0 33020
p 0 210 33020
x 0 33021
p 0 214 33021
x 0 33022
p 0 216 33022
x 0 33023
p 0 211 33023
x 0 33024
p 0 249 33024
x 0 33025
p 0 344 33025
x 0 33026
p 0 257 33026
x 0 33027
p 0 229 33027
x 0 33028
p 0 259 33028
x 0 33029
p 0 257 33029
x 0 33030
p 0 256 33030
x 0 33031
p 0 287 33031
x 0 33032
p 0 215 33032
x 0 33033
p 0 215 33033
x 0 33034
p 0 243 33034
x 0 33035
p 0 216 33035
x 0 33036
p 0 246 33036
x 0 33037
p 0 216 33037
x 0 33038
p 0 285 33038
x 0 33039
p 0 213 33039
x 0 33040
p 0 215 33040
x 0 33041
p 0 211 33041
x 0 33042
p 0 212 33042
x 0 33043
p 0 213 33043
x 0 33044
p 0 278 33044
x 0 33045
p 0 251 33045
x 0 33046
p 0 222 33046
x 0 33047
p 0 214 33047
x 0 33048
p 0 214 33048
x 0 33049
p 0 246 33049
x 0 33050
p 0 216 33050
x 0 33051
p 0 214 33051
x 0 33052
p 0 220 33052
x 0 33053
p 0 219 33053
x 0 33054
p 0 216 33054
x 0 33055
p 0 214 33055
x 0 33056
p 0 212 33056
x 0 33057
p 0 221 33057
x 0 33058
p 0 217 33058
x 0 33059
p 0 210 33059
x 0 33060
p 0 218 33060
x 0 33000
h 0 10.0.0.3
p 0 43558 33000
x 1 33001
h 1 10.0.0.3
p 1 1098 33001
x 0 33002
p 0 263 33002
x 0 33003
p 0 194 33003
x 0 33004
p 0 193 33004
x 0 33005
p 0 194 33005
x 0 33006
p 0 226 33006
x 0 33007
p 0 222 33007
x 0 33008
p 0 220 33008
x 0 33009
p 0 218 33009
x 0 33010
p 0 218 33010
x 0 33011
p 0 222 33011
x 0 33012
p 0 222 33012
x 0 33013
p 0 221 33013
x 0 33014
p 0 219 33014
x 0 33015
p 0 283 33015
x 0 33016
p 0 221 33016
x 0 33017
p 0 223 33017
x 0 33018
p 0 226 33018
x 0 33019
p 0 218 33019
x 0 33020
p 0 219 33020
x 0 33021
p 0 221 33021
x 0 33022
p 0 223 33022
x 0 33023
p 0 255 33023
x 0 33024
p 0 221 33024
x 0 33025
p 0 218 33025
x 0 33026
p 0 224 33026
x 0 33027
p 0 220 33027
x 0 33028
p 0 217 33028
x 0 33029
p 0 217 33029
x 0 33030
p 0 218 33030
x 0 33031
p 0 217 33031
x 0 33032
p 0 216 33032
x 0 33033
p 0 217 33033
x 0 33034
p 0 217 33034
x 0 33035
p 0 216 33035
x 0 33036
p 0 223 33036
x 0 33037
p 0 218 33037
x 0 33038
p 0 218 33038
x 0 33039
p 0 226 33039
x 0 33040
p 0 228 33040
x 0 33041
p 0 219 33041
x 0 33042
p 0 219 33042
x 0 33043
p 0 226 33043
x 0 33044
p 0 221 33044
x 0 33045
p 0 218 33045
x 0 33046
p 0 219 33046
x 0 33047
p 0 312 33047
x 0 33048
p 0 249 33048
x 0 33049
p 0 216 33049
x 0 33050
p 0 218 33050
x 0 33051
p 0 219 33051
x 0 33052
p 0 222 33052
x 0 33053
p 0 221 33053
x 0 33054
p 0 222 33054
x 0 33055
p 0 257 33055
x 0 33056
p 0 225 33056
x 0 33057
p 0 226 33057
x 0 33058
p 0 231 33058
x 0 33059
p 0 171 33059
x 0 33060
p 0 262 33060
x 0 33000
h 0 10.0.0.3
p 0 43774 33000
x 1 33001
h 1 10.0.0.3
p 1 674 33001
x 0 33002
p 0 160 33002
x 0 33003
p 0 258 33003
x 0 33004
p 0 214 33004
x 0 33005
p 0 220 33005
x 0 33006
p 0 257 33006
x 0 33007
p 0 220 33007
x 0 33008
p 0 218 33008
x 0 33009
p 0 216 33009
x 0 33010
p 0 214 33010
x 0 33011
p 0 232 33011
x 0 33012
p 0 223 33012
x 0 33013
p 0 220 33013
x 0 33014
p 0 217 33014
x 0 33015
p 0 218 33015
x 0 33016
p 0 221 33016
x 0 33017
p 0 219 33017
x 0 33018
p 0 327 33018
x 0 33019
p 0 218 33019
x 0 33020
p 0 348 33020
x 0 33021
p 0 212 33021
x 0 33022
p 0 177 33022
x 0 33023
p 0 188 33023
x 0 33024
p 0 209 33024
x 0 33025
p 0 209 33025
x 0 33026
p 0 212 33026
x 0 33027
p 0 218 33027
x 0 33028
p 0 216 33028
x 0 33029
p 0 153 33029
x 0 33030
p 0 155 33030
x 0 33031
p 0 157 33031
x 0 33032
p 0 213 33032
x 0 33033
p 0 65 33033
x 0 33034
p 0 151 33034
x 0 33035
p 0 192 33035
x 0 33036
p 0 213 33036
x 0 33037
p 0 248 33037
x 0 33038
p 0 1034 33038
x 0 33039
p 0 211 33039
x 0 33040
p 0 147 33040
x 0 33041
p 0 158 33041
x 0 33042
p 0 219 33042
x 0 33043
p 0 224 33043
x 0 33044
p 0 159 33044
x 0 33045
p 0 259 33045
x 0 33046
p 0 219 33046
x 0 33047
p 0 219 33047
x 0 33048
p 0 219 33048
x 0 33049
p 0 221 33049
x 0 33050
p 0 219 33050
x 0 33051
p 0 217 33051
x 0 33052
p 0 263 33052
x 0 33053
p 0 221 33053
x 0 33054
p 0 214 33054
x 0 33055
p 0 218 33055
x 0 33056
p 0 219 33056
x 0 33057
p 0 203 33057
x 0 33058
p 0 165 33058
x 0 33059
p 0 165 33059
x 0 33060
p 0 226 33060
x 0 33000
h 0 10.0.0.3
p 0 39378 33000
x 1 33001
h 1 10.0.0.3
p 1 1009 33001
x 0 33002
p 0 224 33002
x 0 33003
p 0 221 33003
x 0 33004
p 0 220 33004
x 0 33005
p 0 215 33005
x 0 33006
p 0 215 33006
x 0 33007
p 0 266 33007
x 0 33008
p 0 216 33008
x 0 33009
p 0 215 33009
x 0 33010
p 0 218 33010
x 0 33011
p 0 220 33011
x 0 33012
p 0 217 33012
x 0 33013
p 0 212 33013
x 0 33014
p 0 213 33014
x 0 33015
p 0 217 33015
x 0 33016
p 0 231 33016
x 0 33017
p 0 215 33017
x 0 33018
p 0 224 33018
x 0 33019
p 0 217 33019
x 0 33020
p 0 220 33020
x 0 33021
p 0 220 33021
x 0 33022
p 0 277 33022
x 0 33023
p 0 234 33023
x 0 33024
p 0 217 33024
x 0 33025
p 0 217 33025
x 0 33026
p 0 218 33026
x 0 33027
p 0 222 33027
x 0 33028
p 0 221 33028
x 0 33029
p 0 217 33029
x 0 33030
p 0 228 33030
x 0 33031
p 0 223 33031
x 0 33032
p 0 229 33032
x 0 33033
p 0 222 33033
x 0 33034
p 0 219 33034
x 0 33035
p 0 222 33035
x 0 33036
p 0 219 33036
x 0 33037
p 0 219 33037
x 0 33038
p 0 225 33038
x 0 33039
p 0 218 33039
x 0 33040
p 0 222 33040
x 0 33041
p 0 158 33041
x 0 33042
p 0 223 33042
x 0 33043
p 0 223 33043
x 0 33044
p 0 221 33044
x 0 33045
p 0 224 33045
x 0 33046
p 0 223 33046
x 0 33047
p 0 125 33047
x 0 33048
p 0 226 33048
x 0 33049
p 0 220 33049
x 0 33050
p 0 221 33050
x 0 33051
p 0 215 33051
x 0 33052
p 0 223 33052
x 0 33053
p 0 222 33053
x 0 33054
p 0 88 33054
x 0 33055
p 0 216 33055
x 0 33056
p 0 167 33056
x 0 33057
p 0 166 33057
x 0 33058
p 0 159 33058
x 0 33059
p 0 158 33059
x 0 33060
p 0 149 33060
x 0 33000
h 0 10.0.0.3
p 0 45426 33000
x 1 33001
h 1 10.0.0.3
p 1 1107 33001
x 0 33002
p 0 214 33002
x 0 33003
p 0 207 33003
x 0 33004
p 0 68 33004
x 0 33005
p 0 151 33005
x 0 33006
p 0 152 33006
x 0 33007
p 0 212 33007
x 0 33008
p 0 152 33008
x 0 33009
p 0 153 33009
x 0 33010
p 0 155 33010
x 0 33011
p 0 151 33011
x 0 33012
p 0 243 33012
x 0 33013
p 0 212 33013
x 0 33014
p 0 223 33014
x 0 33015
p 0 211 33015
x 0 33016
p 0 128 33016
x 0 33017
p 0 209 33017
x 0 33018
p 0 213 33018
x 0 33019
p 0 253 33019
x 0 33020
p 0 214 33020
x 0 33021
p 0 209 33021
x 0 33022
p 0 212 33022
x 0 33023
p 0 238 33023
x 0 33024
p 0 206 33024
x 0 33025
p 0 172 33025
x 0 33026
p 0 265 33026
x 0 33027
p 0 186 33027
x 0 33028
p 0 214 33028
x 0 33029
p 0 214 33029
x 0 33030
p 0 171 33030
x 0 33031
p 0 184 33031
x 0 33032
p 0 218 33032
x 0 33033
p 0 182 33033
x 0 33034
p 0 181 33034
x 0 33035
p 0 188 33035
x 0 33036
p 0 218 33036
x 0 33037
p 0 215 33037
x 0 33038
p 0 168 33038
x 0 33039
p 0 183 33039
x 0 33040
p 0 217 33040
x 0 33041
p 0 180 33041
x 0 33042
p 0 243 33042
x 0 33043
p 0 217 33043
x 0 33044
p 0 217 33044
x 0 33045
p 0 72 33045
x 0 33046
p 0 210 33046
x 0 33047
p 0 214 33047
x 0 33048
p 0 213 33048
x 0 33049
p 0 241 33049
x 0 33050
p 0 209 33050
x 0 33051
p 0 208 33051
x 0 33052
p 0 211 33052
x 0 33053
p 0 208 33053
x 0 33054
p 0 207 33054
x 0 33055
p 0 211 33055
x 0 33056
p 0 215 33056
x 0 33057
p 0 214 33057
x 0 33058
p 0 211 33058
x 0 33059
p 0 213 33059
x 0 33060
p 0 213 33060
x 0 33000
h 0 10.0.0.3
p 0 43892 33000
x 1 33001
h 1 10.0.0.3
p 1 1243 33001
x 0 33002
p 0 239 33002
x 0 33003
p 0 218 33003
x 0 33004
p 0 218 33004
x 0 33005
p 0 216 33005
x 0 33006
p 0 174 33006
x 0 33007
p 0 206 33007
x 0 33008
p 0 203 33008
x 0 33009
p 0 241 33009
x 0 33010
p 0 207 33010
x 0 33011
p 0 206 33011
x 0 33012
p 0 172 33012
x 0 33013
p 0 173 33013
x 0 33014
p 0 175 33014
x 0 33015
p 0 206 33015
x 0 33016
p 0 172 33016
x 0 33017
p 0 170 33017
x 0 33018
p 0 173 33018
x 0 33019
p 0 169 33019
x 0 33020
p 0 170 33020
x 0 33021
p 0 158 33021
x 0 33022
p 0 161 33022
x 0 33023
p 0 228 33023
x 0 33024
p 0 282 33024
x 0 33025
p 0 227 33025
x 0 33026
p 0 224 33026
x 0 33027
p 0 223 33027
x 0 33028
p 0 261 33028
x 0 33029
p 0 232 33029
x 0 33030
p 0 222 33030
x 0 33031
p 0 197 33031
x 0 33032
p 0 223 33032
x 0 33033
p 0 230 33033
x 0 33034
p 0 221 33034
x 0 33035
p 0 189 33035
x 0 33036
p 0 170 33036
x 0 33037
p 0 358 33037
x 0 33038
p 0 241 33038
x 0 33039
p 0 267 33039
x 0 33040
p 0 228 33040
x 0 33041
p 0 224 33041
x 0 33042
p 0 429 33042
x 0 33043
p 0 295 33043
x 0 33044
p 0 277 33044
x 0 33045
p 0 264 33045
x 0 33046
p 0 256 33046
x 0 33047
p 0 271 33047
x 0 33048
p 0 239 33048
x 0 33049
p 0 267 33049
x 0 33050
p 0 226 33050
x 0 33051
p 0 262 33051
x 0 33052
p 0 349 33052
x 0 33053
p 0 228 33053
x 0 33054
p 0 226 33054
x 0 33055
p 0 226 33055
x 0 33056
p 0 260 33056
x 0 33057
p 0 227 33057
x 0 33058
p 0 237 33058
x 0 33059
p 0 225 33059
x 0 33060
p 0 222 33060
x 0 33000
h 0 10.0.0.3
p 0 39355 33000
x 1 33001
h 1 10.0.0.3
p 1 1063 33001
x 0 33002
p 0 211 33002
x 0 33003
p 0 117 33003
x 0 33004
p 0 109 33004
x 0 33005
p 0 215 33005
x 0 33006
p 0 213 33006
x 0 33007
p 0 213 33007
x 0 33008
p 0 207 33008
x 0 33009
p 0 211 33009
x 0 33010
p 0 245 33010
x 0 33011
p 0 211 33011
x 0 33012
p 0 212 33012
x 0 33013
p 0 212 33013
x 0 33014
p 0 210 33014
x 0 33015
p 0 212 33015
x 0 33016
p 0 216 33016
x 0 33017
p 0 214 33017
x 0 33018
p 0 221 33018
x 0 33019
p 0 217 33019
x 0 33020
p 0 221 33020
x 0 33021
p 0 221 33021
x 0 33022
p 0 295 33022
x 0 33023
p 0 216 33023
x 0 33024
p 0 217 33024
x 0 33025
p 0 219 33025
x 0 33026
p 0 213 33026
x 0 33027
p 0 73 33027
x 0 33028
p 0 209 33028
x 0 33029
p 0 212 33029
x 0 33030
p 0 212 33030
x 0 33031
p 0 212 33031
x 0 33032
p 0 211 33032
x 0 33033
p 0 213 33033
x 0 33034
p 0 210 33034
x 0 33035
p 0 209 33035
x 0 33036
p 0 212 33036
x 0 33037
p 0 208 33037
x 0 33038
p 0 213 33038
x 0 33039
p 0 208 33039
x 0 33040
p 0 206 33040
x 0 33041
p 0 215 33041
x 0 33042
p 0 211 33042
x 0 33043
p 0 209 33043
x 0 33044
p 0 209 33044
x 0 33045
p 0 206 33045
x 0 33046
p 0 212 33046
x 0 33047
p 0 180 33047
x 0 33048
p 0 181 33048
x 0 33049
p 0 178 33049
x 0 33050
p 0 210 33050
x 0 33051
p 0 208 33051
x 0 33052
p 0 186 33052
x 0 33053
p 0 186 33053
x 0 33054
p 0 210 33054
x 0 33055
p 0 186 33055
x 0 33056
p 0 186 33056
x 0 33057
p 0 185 33057
x 0 33058
p 0 192 33058
x 0 33059
p 0 191 33059
x 0 33060
p 0 250 33060
x 0 33000
h 0 10.0.0.3
p 0 38941 33000
x 1 33001
h 1 10.0.0.3
p 1 647 33001
x 0 33002
p 0 210 33002
x 0 33003
p 0 159 33003
x 0 33004
p 0 211 33004
x 0 33005
p 0 214 33005
x 0 33006
p 0 170 33006
x 0 33007
p 0 244 33007
x 0 33008
p 0 209 33008
x 0 33009
p 0 219 33009
x 0 33010
p 0 212 33010
x 0 33011
p 0 212 33011
x 0 33012
p 0 216 33012
x 0 33013
p 0 216 33013
x 0 33014
p 0 213 33014
x 0 33015
p 0 213 33015
x 0 33016
p 0 222 33016
x 0 33017
p 0 212 33017
x 0 33018
p 0 214 33018
x 0 33019
p 0 217 33019
x 0 33020
p 0 216 33020
x 0 33021
p 0 212 33021
x 0 33022
p 0 214 33022
x 0 33023
p 0 217 33023
x 0 33024
p 0 383 33024
x 0 33025
p 0 214 33025
x 0 33026
p 0 217 33026
x 0 33027
p 0 335 33027
x 0 33028
p 0 218 33028
x 0 33029
p 0 218 33029
x 0 33030
p 0 221 33030
x 0 33031
p 0 217 33031
x 0 33032
p 0 230 33032
x 0 33033
p 0 238 33033
x 0 33034
p 0 262 33034
x 0 33035
p 0 221 33035
x 0 33036
p 0 226 33036
x 0 33037
p 0 219 33037
x 0 33038
p 0 225 33038
x 0 33039
p 0 222 33039
x 0 33040
p 0 254 33040
x 0 33041
p 0 230 33041
x 0 33042
p 0 242 33042
x 0 33043
p 0 247 33043
x 0 33044
p 0 217 33044
x 0 33045
p 0 217 33045
x 0 33046
p 0 218 33046
x 0 33047
p 0 227 33047
x 0 33048
p 0 236 33048
x 0 33049
p 0 220 33049
x 0 33050
p 0 212 33050
x 0 33051
p 0 227 33051
x 0 33052
p 0 225 33052
x 0 33053
p 0 319 33053
x 0 33054
p 0 349 33054
x 0 33055
p 0 217 33055
x 0 33056
p 0 219 33056
x 0 33057
p 0 296 33057
x 0 33058
p 0 251 33058
x 0 33059
p 0 223 33059
x 0 33060
p 0 247 33060
x 0 33000
h 0 10.0.0.3
p 0 44001 33000
x 1 33001
h 1 10.0.0.3
p 1 1474 33001
x 0 33002
p 0 299 33002
x 0 33003
p 0 216 33003
x 0 33004
p 0 217 33004
x 0 33005
p 0 214 33005
x 0 33006
p 0 281 33006
x 0 33007
p 0 294 33007
x 0 33008
p 0 236 33008
x 0 33009
p 0 241 33009
x 0 33010
p 0 236 33010
x 0 33011
p 0 245 33011
x 0 33012
p 0 258 33012
x 0 33013
p 0 321 33013
x 0 33014
p 0 280 33014
x 0 33015
p 0 255 33015
x 0 33016
p 0 256 33016
x 0 33017
p 0 259 33017
x 0 33018
p 0 249 33018
x 0 33019
p 0 257 33019
x 0 33020
p 0 284 33020
x 0 33021
p 0 276 33021
x 0 33022
p 0 260 33022
x 0 33023
p 0 264 33023
x 0 33024
p 0 250 33024
x 0 33025
p 0 281 33025
x 0 33026
p 0 266 33026
x 0 33027
p 0 258 33027
x 0 33028
p 0 261 33028
x 0 33029
p 0 256 33029
x 0 33030
p 0 248 33030
x 0 33031
p 0 251 33031
x 0 33032
p 0 253 33032
x 0 33033
p 0 252 33033
x 0 33034
p 0 181 33034
x 0 33035
p 0 248 33035
x 0 33036
p 0 179 33036
x 0 33037
p 0 249 33037
x 0 33038
p 0 184 33038
x 0 33039
p 0 255 33039
x 0 33040
p 0 238 33040
x 0 33041
p 0 170 33041
x 0 33042
p 0 249 33042
x 0 33043
p 0 243 33043
x 0 33044
p 0 241 33044
x 0 33045
p 0 246 33045
x 0 33046
p 0 173 33046
x 0 33047
p 0 248 33047
x 0 33048
p 0 271 33048
x 0 33049
p 0 253 33049
x 0 33050
p 0 173 33050
x 0 33051
p 0 241 33051
x 0 33052
p 0 288 33052
x 0 33053
p 0 249 33053
x 0 33054
p 0 326 33054
x 0 33055
p 0 240 33055
x 0 33056
p 0 215 33056
x 0 33057
p 0 179 33057
x 0 33058
p 0 191 33058
x 0 33059
p 0 261 33059
x 0 33060
p 0 178 33060
x 0 33000
h 0 10.0.0.3
p 0 40294 33000
x 1 33001
h 1 10.0.0.3
p 1 1236 33001
x 0 33002
p 0 216 33002
x 0 33003
p 0 220 33003
x 0 33004
p 0 216 33004
x 0 33005
p 0 222 33005
x 0 33006
p 0 225 33006
x 0 33007
p 0 159 33007
x 0 33008
p 0 231 33008
x 0 33009
p 0 158 33009
x 0 33010
p 0 224 33010
x 0 33011
p 0 160 33011
x 0 33012
p 0 225 33012
x 0 33013
p 0 222 33013
x 0 33014
p 0 220 33014
x 0 33015
p 0 222 33015
x 0 33016
p 0 223 33016
x 0 33017
p 0 216 33017
x 0 33018
p 0 219 33018
x 0 33019
p 0 225 33019
x 0 33020
p 0 223 33020
x 0 33021
p 0 222 33021
x 0 33022
p 0 216 33022
x 0 33023
p 0 257 33023
x 0 33024
p 0 217 33024
x 0 33025
p 0 95 33025
x 0 33026
p 0 218 33026
x 0 33027
p 0 222 33027
x 0 33028
p 0 221 33028
x 0 33029
p 0 260 33029
x 0 33030
p 0 225 33030
x 0 33031
p 0 223 33031
x 0 33032
p 0 215 33032
x 0 33033
p 0 226 33033
x 0 33034
p 0 281 33034
x 0 33035
p 0 220 33035
x 0 33036
p 0 661 33036
x 0 33037
p 0 158 33037
x 0 33038
p 0 224 33038
x 0 33039
p 0 165 33039
x 0 33040
p 0 219 33040
x 0 33041
p 0 162 33041
x 0 33042
p 0 222 33042
x 0 33043
p 0 227 33043
x 0 33044
p 0 227 33044
x 0 33045
p 0 221 33045
x 0 33046
p 0 233 33046
x 0 33047
p 0 220 33047
x 0 33048
p 0 224 33048
x 0 33049
p 0 219 33049
x 0 33050
p 0 223 33050
x 0 33051
p 0 230 33051
x 0 33052
p 0 223 33052
x 0 33053
p 0 361 33053
x 0 33054
p 0 222 33054
x 0 33055
p 0 248 33055
x 0 33056
p 0 218 33056
x 0 33057
p 0 221 33057
x 0 33058
p 0 228 33058
x 0 33059
p 0 255 33059
x 0 33060
p 0 228 33060
x 0 33000
h 0 10.0.0.3
p 0 39395 33000
x 1 33001
h 1 10.0.0.3
p 1 1081 33001
x 0 33002
p 0 245 33002
x 0 33003
p 0 207 33003
x 0 33004
p 0 221 33004
x 0 33005
p 0 217 33005
x 0 33006
p 0 213 33006
x 0 33007
p 0 209 33007
x 0 33008
p 0 217 33008
x 0 33009
p 0 218 33009
x 0 33010
p 0 211 33010
x 0 33011
p 0 211 33011
x 0 33012
p 0 212 33012
x 0 33013
p 0 212 33013
x 0 33014
p 0 211 33014
x 0 33015
p 0 212 33015
x 0 33016
p 0 215 33016
x 0 33017
p 0 743 33017
x 0 33018
p 0 212 33018
x 0 33019
p 0 219 33019
x 0 33020
p 0 163 33020
x 0 33021
p 0 238 33021
x 0 33022
p 0 217 33022
x 0 33023
p 0 216 33023
x 0 33024
p 0 212 33024
x 0 33025
p 0 215 33025
x 0 33026
p 0 223 33026
x 0 33027
p 0 217 33027
x 0 33028
p 0 215 33028
x 0 33029
p 0 220 33029
x 0 33030
p 0 225 33030
x 0 33031
p 0 218 33031
x 0 33032
p 0 334 33032
x 0 33033
p 0 168 33033
x 0 33034
p 0 215 33034
x 0 33035
p 0 125 33035
x 0 33036
p 0 218 33036
x 0 33037
p 0 245 33037
x 0 33038
p 0 218 33038
x 0 33039
p 0 214 33039
x 0 33040
p 0 220 33040
x 0 33041
p 0 219 33041
x 0 33042
p 0 218 33042
x 0 33043
p 0 220 33043
x 0 33044
p 0 249 33044
x 0 33045
p 0 219 33045
x 0 33046
p 0 217 33046
x 0 33047
p 0 219 33047
x 0 33048
p 0 219 33048
x 0 33049
p 0 214 33049
x 0 33050
p 0 272 33050
x 0 33051
p 0 219 33051
x 0 33052
p 0 224 33052
x 0 33053
p 0 253 33053
x 0 33054
p 0 223 33054
x 0 33055
p 0 238 33055
x 0 33056
p 0 197 33056
x 0 33057
p 0 240 33057
x 0 33058
p 0 257 33058
x 0 33059
p 0 239 33059
x 0 33060
p 0 235 33060
x 0 33000
h 0 10.0.0.3
p 0 39310 33000
x 1 33001
h 1 10.0.0.3
p 1 1044 33001
x 0 33002
p 0 214 33002
x 0 33003
p 0 159 33003
x 0 33004
p 0 212 33004
x 0 33005
p 0 182 33005
x 0 33006
p 0 176 33006
x 0 33007
p 0 175 33007
x 0 33008
p 0 174 33008
x 0 33009
p 0 152 33009
x 0 33010
p 0 214 33010
x 0 33011
p 0 260 33011
x 0 33012
p 0 209 33012
x 0 33013
p 0 274 33013
x 0 33014
p 0 215 33014
x 0 33015
p 0 211 33015
x 0 33016
p 0 211 33016
x 0 33017
p 0 219 33017
x 0 33018
p 0 140 33018
x 0 33019
p 0 211 33019
x 0 33020
p 0 157 33020
x 0 33021
p 0 217 33021
x 0 33022
p 0 211 33022
x 0 33023
p 0 212 33023
x 0 33024
p 0 214 33024
x 0 33025
p 0 359 33025
x 0 33026
p 0 191 33026
x 0 33027
p 0 262 33027
x 0 33028
p 0 257 33028
x 0 33029
p 0 253 33029
x 0 33030
p 0 185 33030
x 0 33031
p 0 258 33031
x 0 33032
p 0 157 33032
x 0 33033
p 0 654 33033
x 0 33034
p 0 178 33034
x 0 33035
p 0 215 33035
x 0 33036
p 0 248 33036
x 0 33037
p 0 159 33037
x 0 33038
p 0 244 33038
x 0 33039
p 0 215 33039
x 0 33040
p 0 232 33040
x 0 33041
p 0 248 33041
x 0 33042
p 0 220 33042
x 0 33043
p 0 220 33043
x 0 33044
p 0 249 33044
x 0 33045
p 0 217 33045
x 0 33046
p 0 217 33046
x 0 33047
p 0 220 33047
x 0 33048
p 0 227 33048
x 0 33049
p 0 227 33049
x 0 33050
p 0 255 33050
x 0 33051
p 0 254 33051
x 0 33052
p 0 176 33052
x 0 33053
p 0 175 33053
x 0 33054
p 0 225 33054
x 0 33055
p 0 175 33055
x 0 33056
p 0 223 33056
x 0 33057
p 0 231 33057
x 0 33058
p 0 219 33058
x 0 33059
p 0 368 33059
x 0 33060
p 0 297 33060
x 0 33000
h 0 10.0.0.3
p 0 43311 33000
x 1 33001
h 1 10.0.0.3
p 1 1266 33001
x 0 33002
p 0 240 33002
x 0 33003
p 0 179 33003
x 0 33004
p 0 214 33004
x 0 33005
p 0 215 33005
x 0 33006
p 0 216 33006
x 0 33007
p 0 210 33007
x 0 33008
p 0 220 33008
x 0 33009
p 0 209 33009
x 0 33010
p 0 212 33010
x 0 33011
p 0 210 33011
x 0 33012
p 0 265 33012
x 0 33013
p 0 215 33013
x 0 33014
p 0 211 33014
x 0 33015
p 0 239 33015
x 0 33016
p 0 331 33016
x 0 33017
p 0 220 33017
x 0 33018
p 0 224 33018
x 0 33019
p 0 198 33019
x 0 33020
p 0 221 33020
x 0 33021
p 0 221 33021
x 0 33022
p 0 246 33022
x 0 33023
p 0 255 33023
x 0 33024
p 0 224 33024
x 0 33025
p 0 224 33025
x 0 33026
p 0 248 33026
x 0 33027
p 0 215 33027
x 0 33028
p 0 255 33028
x 0 33029
p 0 253 33029
x 0 33030
p 0 217 33030
x 0 33031
p 0 215 33031
x 0 33032
p 0 217 33032
x 0 33033
p 0 222 33033
x 0 33034
p 0 217 33034
x 0 33035
p 0 296 33035
x 0 33036
p 0 224 33036
x 0 33037
p 0 220 33037
x 0 33038
p 0 220 33038
x 0 33039
p 0 159 33039
x 0 33040
p 0 156 33040
x 0 33041
p 0 157 33041
x 0 33042
p 0 264 33042
x 0 33043
p 0 159 33043
x 0 33044
p 0 218 33044
x 0 33045
p 0 157 33045
x 0 33046
p 0 289 33046
x 0 33047
p 0 159 33047
x 0 33048
p 0 218 33048
x 0 33049
p 0 157 33049
x 0 33050
p 0 702 33050
x 0 33051
p 0 216 33051
x 0 33052
p 0 160 33052
x 0 33053
p 0 220 33053
x 0 33054
p 0 271 33054
x 0 33055
p 0 165 33055
x 0 33056
p 0 226 33056
x 0 33057
p 0 162 33057
x 0 33058
p 0 278 33058
x 0 33059
p 0 162 33059
x 0 33060
p 0 219 33060
x 0 33000
h 0 10.0.0.3
p 0 39019 33000
x 1 33001
h 1 10.0.0.3
p 1 601 33001
x 0 33002
p 0 249 33002
x 0 33003
p 0 225 33003
x 0 33004
p 0 203 33004
x 0 33005
p 0 164 33005
x 0 33006
p 0 156 33006
x 0 33007
p 0 152 33007
x 0 33008
p 0 153 33008
x 0 33009
p 0 152 33009
x 0 33010
p 0 218 33010
x 0 33011
p 0 221 33011
x 0 33012
p 0 212 33012
x 0 33013
p 0 253 33013
x 0 33014
p 0 215 33014
x 0 33015
p 0 218 33015
x 0 33016
p 0 223 33016
x 0 33017
p 0 218 33017
x 0 33018
p 0 220 33018
x 0 33019
p 0 680 33019
x 0 33020
p 0 248 33020
x 0 33021
p 0 247 33021
x 0 33022
p 0 216 33022
x 0 33023
p 0 220 33023
x 0 33024
p 0 214 33024
x 0 33025
p 0 220 33025
x 0 33026
p 0 279 33026
x 0 33027
p 0 256 33027
x 0 33028
p 0 224 33028
x 0 33029
p 0 218 33029
x 0 33030
p 0 226 33030
x 0 33031
p 0 227 33031
x 0 33032
p 0 221 33032
x 0 33033
p 0 220 33033
x 0 33034
p 0 173 33034
x 0 33035
p 0 155 33035
x 0 33036
p 0 223 33036
x 0 33037
p 0 219 33037
x 0 33038
p 0 156 33038
x 0 33039
p 0 211 33039
x 0 33040
p 0 278 33040
x 0 33041
p 0 159 33041
x 0 33042
p 0 219 33042
x 0 33043
p 0 159 33043
x 0 33044
p 0 653 33044
x 0 33045
p 0 187 33045
x 0 33046
p 0 158 33046
x 0 33047
p 0 217 33047
x 0 33048
p 0 636 33048
x 0 33049
p 0 159 33049
x 0 33050
p 0 157 33050
x 0 33051
p 0 213 33051
x 0 33052
p 0 219 33052
x 0 33053
p 0 122 33053
x 0 33054
p 0 109 33054
x 0 33055
p 0 163 33055
x 0 33056
p 0 515 33056
x 0 33057
p 0 223 33057
x 0 33058
p 0 224 33058
x 0 33059
p 0 250 33059
x 0 33060
p 0 220 33060
x 0 33000
h 0 10.0.0.3
p 0 44461 33000
x 1 33001
h 1 10.0.0.3
p 1 1486 33001
x 0 33002
p 0 213 33002
x 0 33003
p 0 219 33003
x 0 33004
p 0 235 33004
x 0 33005
p 0 219 33005
x 0 33006
p 0 217 33006
x 0 33007
p 0 220 33007
x 0 33008
p 0 215 33008
x 0 33009
p 0 212 33009
x 0 33010
p 0 216 33010
x 0 33011
p 0 219 33011
x 0 33012
p 0 217 33012
x 0 33013
p 0 224 33013
x 0 33014
p 0 222 33014
x 0 33015
p 0 216 33015
x 0 33016
p 0 213 33016
x 0 33017
p 0 219 33017
x 0 33018
p 0 232 33018
x 0 33019
p 0 216 33019
x 0 33020
p 0 212 33020
x 0 33021
p 0 210 33021
x 0 33022
p 0 208 33022
x 0 33023
p 0 207 33023
x 0 33024
p 0 211 33024
x 0 33025
p 0 214 33025
x 0 33026
p 0 225 33026
x 0 33027
p 0 206 33027
x 0 33028
p 0 212 33028
x 0 33029
p 0 210 33029
x 0 33030
p 0 212 33030
x 0 33031
p 0 201 33031
x 0 33032
p 0 215 33032
x 0 33033
p 0 213 33033
x 0 33034
p 0 207 33034
x 0 33035
p 0 210 33035
x 0 33036
p 0 197 33036
x 0 33037
p 0 213 33037
x 0 33038
p 0 210 33038
x 0 33039
p 0 208 33039
x 0 33040
p 0 210 33040
x 0 33041
p 0 213 33041
x 0 33042
p 0 209 33042
x 0 33043
p 0 211 33043
x 0 33044
p 0 211 33044
x 0 33045
p 0 210 33045
x 0 33046
p 0 209 33046
x 0 33047
p 0 214 33047
x 0 33048
p 0 209 33048
x 0 33049
p 0 209 33049
x 0 33050
p 0 209 33050
x 0 33051
p 0 211 33051
x 0 33052
p 0 209 33052
x 0 33053
p 0 211 33053
x 0 33054
p 0 206 33054
x 0 33055
p 0 211 33055
x 0 33056
p 0 207 33056
x 0 33057
p 0 218 33057
x 0 33058
p 0 225 33058
x 0 33059
p 0 237 33059
x 0 33060
p 0 232 33060
x 0 33000
h 0 10.0.0.3
p 0 50438 33000
x 1 33001
h 1 10.0.0.3
p 1 1222 33001
x 0 33002
p 0 243 33002
x 0 33003
p 0 216 33003
x 0 33004
p 0 213 33004
x 0 33005
p 0 215 33005
x 0 33006
p 0 218 33006
x 0 33007
p 0 261 33007
x 0 33008
p 0 252 33008
x 0 33009
p 0 220 33009
x 0 33010
p 0 220 33010
x 0 33011
p 0 218 33011
x 0 33012
p 0 217 33012
x 0 33013
p 0 215 33013
x 0 33014
p 0 257 33014
x 0 33015
p 0 217 33015
x 0 33016
p 0 211 33016
x 0 33017
p 0 212 33017
x 0 33018
p 0 218 33018
x 0 33019
p 0 216 33019
x 0 33020
p 0 213 33020
x 0 33021
p 0 211 33021
x 0 33022
p 0 214 33022
x 0 33023
p 0 213 33023
x 0 33024
p 0 210 33024
x 0 33025
p 0 210 33025
x 0 33026
p 0 215 33026
x 0 33027
p 0 218 33027
x 0 33028
p 0 214 33028
x 0 33029
p 0 211 33029
x 0 33030
p 0 229 33030
x 0 33031
p 0 216 33031
x 0 33032
p 0 211 33032
x 0 33033
p 0 213 33033
x 0 33034
p 0 238 33034
x 0 33035
p 0 211 33035
x 0 33036
p 0 207 33036
x 0 33037
p 0 217 33037
x 0 33038
p 0 213 33038
x 0 33039
p 0 215 33039
x 0 33040
p 0 216 33040
x 0 33041
p 0 210 33041
x 0 33042
p 0 216 33042
x 0 33043
p 0 254 33043
x 0 33044
p 0 240 33044
x 0 33045
p 0 212 33045
x 0 33046
p 0 217 33046
x 0 33047
p 0 217 33047
x 0 33048
p 0 214 33048
x 0 33049
p 0 214 33049
x 0 33050
p 0 275 33050
x 0 33051
p 0 245 33051
x 0 33052
p 0 211 33052
x 0 33053
p 0 213 33053
x 0 33054
p 0 250 33054
x 0 33055
p 0 217 33055
x 0 33056
p 0 228 33056
x 0 33057
p 0 296 33057
x 0 33058
p 0 274 33058
x 0 33059
p 0 243 33059
x 0 33060
p 0 251 33060
x 0 33000
h 0 10.0.0.3
p 0 43602 33000
x 1 33001
h 1 10.0.0.3
p 1 1262 33001
x 0 33002
p 0 210 33002
x 0 33003
p 0 211 33003
x 0 33004
p 0 179 33004
x 0 33005
p 0 183 33005
x 0 33006
p 0 219 33006
x 0 33007
p 0 176 33007
x 0 33008
p 0 179 33008
x 0 33009
p 0 177 33009
x 0 33010
p 0 178 33010
x 0 33011
p 0 181 33011
x 0 33012
p 0 188 33012
x 0 33013
p 0 160 33013
x 0 33014
p 0 155 33014
x 0 33015
p 0 165 33015
x 0 33016
p 0 154 33016
x 0 33017
p 0 156 33017
x 0 33018
p 0 216 33018
x 0 33019
p 0 219 33019
x 0 33020
p 0 221 33020
x 0 33021
p 0 220 33021
x 0 33022
p 0 217 33022
x 0 33023
p 0 219 33023
x 0 33024
p 0 220 33024
x 0 33025
p 0 220 33025
x 0 33026
p 0 222 33026
x 0 33027
p 0 261 33027
x 0 33028
p 0 229 33028
x 0 33029
p 0 224 33029
x 0 33030
p 0 227 33030
x 0 33031
p 0 225 33031
x 0 33032
p 0 222 33032
x 0 33033
p 0 228 33033
x 0 33034
p 0 225 33034
x 0 33035
p 0 221 33035
x 0 33036
p 0 317 33036
x 0 33037
p 0 219 33037
x 0 33038
p 0 217 33038
x 0 33039
p 0 219 33039
x 0 33040
p 0 211 33040
x 0 33041
p 0 209 33041
x 0 33042
p 0 211 33042
x 0 33043
p 0 216 33043
x 0 33044
p 0 212 33044
x 0 33045
p 0 211 33045
x 0 33046
p 0 211 33046
x 0 33047
p 0 218 33047
x 0 33048
p 0 214 33048
x 0 33049
p 0 155 33049
x 0 33050
p 0 252 33050
x 0 33051
p 0 165 33051
x 0 33052
p 0 219 33052
x 0 33053
p 0 215 33053
x 0 33054
p 0 210 33054
x 0 33055
p 0 160 33055
x 0 33056
p 0 159 33056
x 0 33057
p 0 164 33057
x 0 33058
p 0 216 33058
x 0 33059
p 0 172 33059
x 0 33060
p 0 137 33060
x 0 33000
h 0 10.0.0.3
p 0 43287 33000
x 1 33001
h 1 10.0.0.3
p 1 1302 33001
x 0 33002
p 0 253 33002
x 0 33003
p 0 242 33003
x 0 33004
p 0 243 33004
x 0 33005
p 0 233 33005
x 0 33006
p 0 236 33006
x 0 33007
p 0 242 33007
x 0 33008
p 0 237 33008
x 0 33009
p 0 278 33009
x 0 33010
p 0 232 33010
x 0 33011
p 0 229 33011
x 0 33012
p 0 265 33012
x 0 33013
p 0 232 33013
x 0 33014
p 0 275 33014
x 0 33015
p 0 270 33015
x 0 33016
p 0 231 33016
x 0 33017
p 0 265 33017
x 0 33018
p 0 278 33018
x 0 33019
p 0 231 33019
x 0 33020
p 0 333 33020
x 0 33021
p 0 230 33021
x 0 33022
p 0 236 33022
x 0 33023
p 0 235 33023
x 0 33024
p 0 229 33024
x 0 33025
p 0 228 33025
x 0 33026
p 0 231 33026
x 0 33027
p 0 231 33027
x 0 33028
p 0 234 33028
x 0 33029
p 0 231 33029
x 0 33030
p 0 229 33030
x 0 33031
p 0 231 33031
x 0 33032
p 0 231 33032
x 0 33033
p 0 240 33033
x 0 33034
p 0 236 33034
x 0 33035
p 0 236 33035
x 0 33036
p 0 231 33036
x 0 33037
p 0 235 33037
x 0 33038
p 0 233 33038
x 0 33039
p 0 274 33039
x 0 33040
p 0 230 33040
x 0 33041
p 0 231 33041
x 0 33042
p 0 234 33042
x 0 33043
p 0 249 33043
x 0 33044
p 0 237 33044
x 0 33045
p 0 237 33045
x 0 33046
p 0 236 33046
x 0 33047
p 0 233 33047
x 0 33048
p 0 236 33048
x 0 33049
p 0 238 33049
x 0 33050
p 0 262 33050
x 0 33051
p 0 232 33051
x 0 33052
p 0 233 33052
x 0 33053
p 0 310 33053
x 0 33054
p 0 226 33054
x 0 33055
p 0 230 33055
x 0 33056
p 0 231 33056
x 0 33057
p 0 242 33057
x 0 33058
p 0 250 33058
x 0 33059
p 0 232 33059
x 0 33060
p 0 232 33060
x 0 33000
h 0 10.0.0.3
p 0 44859 33000
x 1 33001
h 1 10.0.0.3
p 1 1133 33001
x 0 33002
p 0 219 33002
x 0 33003
p 0 208 33003
x 0 33004
p 0 182 33004
x 0 33005
p 0 176 33005
x 0 33006
p 0 177 33006
x 0 33007
p 0 173 33007
x 0 33008
p 0 178 33008
x 0 33009
p 0 151 33009
x 0 33010
p 0 152 33010
x 0 33011
p 0 152 33011
x 0 33012
p 0 207 33012
x 0 33013
p 0 190 33013
x 0 33014
p 0 153 33014
x 0 33015
p 0 221 33015
x 0 33016
p 0 152 33016
x 0 33017
p 0 156 33017
x 0 33018
p 0 154 33018
x 0 33019
p 0 161 33019
x 0 33020
p 0 212 33020
x 0 33021
p 0 219 33021
x 0 33022
p 0 160 33022
x 0 33023
p 0 222 33023
x 0 33024
p 0 217 33024
x 0 33025
p 0 215 33025
x 0 33026
p 0 212 33026
x 0 33027
p 0 212 33027
x 0 33028
p 0 225 33028
x 0 33029
p 0 214 33029
x 0 33030
p 0 186 33030
x 0 33031
p 0 179 33031
x 0 33032
p 0 193 33032
x 0 33033
p 0 178 33033
x 0 33034
p 0 182 33034
x 0 33035
p 0 176 33035
x 0 33036
p 0 179 33036
x 0 33037
p 0 181 33037
x 0 33038
p 0 237 33038
x 0 33039
p 0 281 33039
x 0 33040
p 0 262 33040
x 0 33041
p 0 255 33041
x 0 33042
p 0 225 33042
x 0 33043
p 0 230 33043
x 0 33044
p 0 219 33044
x 0 33045
p 0 237 33045
x 0 33046
p 0 234 33046
x 0 33047
p 0 239 33047
x 0 33048
p 0 232 33048
x 0 33049
p 0 224 33049
x 0 33050
p 0 220 33050
x 0 33051
p 0 219 33051
x 0 33052
p 0 234 33052
x 0 33053
p 0 224 33053
x 0 33054
p 0 216 33054
x 0 33055
p 0 224 33055
x 0 33056
p 0 304 33056
x 0 33057
p 0 261 33057
x 0 33058
p 0 221 33058
x 0 33059
p 0 212 33059
x 0 33060
p 0 212 33060
x 0 33000
h 0 10.0.0.3
p 0 43940 33000
x 1 33001
h 1 10.0.0.3
p 1 1162 33001
x 0 33002
p 0 223 33002
x 0 33003
p 0 218 33003
x 0 33004
p 0 217 33004
x 0 33005
p 0 215 33005
x 0 33006
p 0 188 33006
x 0 33007
p 0 221 33007
x 0 33008
p 0 163 33008
x 0 33009
p 0 254 33009
x 0 33010
p 0 264 33010
x 0 33011
p 0 168 33011
x 0 33012
p 0 229 33012
x 0 33013
p 0 183 33013
x 0 33014
p 0 169 33014
x 0 33015
p 0 171 33015
x 0 33016
p 0 172 33016
x 0 33017
p 0 250 33017
x 0 33018
p 0 164 33018
x 0 33019
p 0 230 33019
x 0 33020
p 0 184 33020
x 0 33021
p 0 350 33021
x 0 33022
p 0 189 33022
x 0 33023
p 0 219 33023
x 0 33024
p 0 158 33024
x 0 33025
p 0 181 33025
x 0 33026
p 0 223 33026
x 0 33027
p 0 213 33027
x 0 33028
p 0 245 33028
x 0 33029
p 0 209 33029
x 0 33030
p 0 174 33030
x 0 33031
p 0 255 33031
x 0 33032
p 0 168 33032
x 0 33033
p 0 169 33033
x 0 33034
p 0 237 33034
x 0 33035
p 0 164 33035
x 0 33036
p 0 346 33036
x 0 33037
p 0 191 33037
x 0 33038
p 0 186 33038
x 0 33039
p 0 182 33039
x 0 33040
p 0 184 33040
x 0 33041
p 0 183 33041
x 0 33042
p 0 176 33042
x 0 33043
p 0 175 33043
x 0 33044
p 0 169 33044
x 0 33045
p 0 225 33045
x 0 33046
p 0 172 33046
x 0 33047
p 0 173 33047
x 0 33048
p 0 169 33048
x 0 33049
p 0 251 33049
x 0 33050
p 0 218 33050
x 0 33051
p 0 214 33051
x 0 33052
p 0 160 33052
x 0 33053
p 0 167 33053
x 0 33054
p 0 196 33054
x 0 33055
p 0 174 33055
x 0 33056
p 0 200 33056
x 0 33057
p 0 198 33057
x 0 33058
p 0 202 33058
x 0 33059
p 0 224 33059
x 0 33060
p 0 697 33060
