x 0 33000
x 1 33001
x 2 33002
x 3 33003
x 4 33004
x 5 33005
x 6 33006
h 6 10.0.0.10
p 6 651 33006
h 5 10.0.0.10
p 5 103610 33005
x 7 33007
h 7 10.0.0.10
p 7 273 33007
x 0 33008
h 0 10.0.0.10
p 0 225 33008
x 1 33009
h 1 10.0.0.10
p 1 220 33009
p 0 1004593 33000
p 1 1032450 33001
h 2 10.0.0.10
p 2 1028895 33002
x 0 33010
p 0 203 33010
h 3 10.0.0.10
p 3 1025241 33003
h 4 10.0.0.10
p 4 1020018 33004
x 0 33011
p 0 214 33011
x 0 33012
p 0 246 33012
x 0 33013
p 0 244 33013
x 0 33014
p 0 222 33014
x 0 33015
p 0 246 33015
x 0 33016
p 0 275 33016
x 0 33017
p 0 229 33017
x 0 33018
p 0 247 33018
x 0 33019
p 0 231 33019
x 0 33020
p 0 240 33020
x 0 33021
p 0 239 33021
x 0 33022
p 0 286 33022
x 0 33023
p 0 292 33023
x 0 33024
p 0 240 33024
x 0 33025
p 0 242 33025
x 0 33026
p 0 229 33026
x 0 33027
p 0 227 33027
x 0 33028
p 0 224 33028
x 0 33029
p 0 298 33029
x 0 33030
p 0 229 33030
x 0 33031
p 0 244 33031
x 0 33032
p 0 218 33032
x 0 33033
p 0 288 33033
x 0 33034
p 0 227 33034
x 0 33035
p 0 240 33035
x 0 33036
p 0 339 33036
x 0 33037
p 0 279 33037
x 0 33038
p 0 220 33038
x 0 33039
p 0 218 33039
x 0 33040
p 0 242 33040
x 0 33041
p 0 316 33041
x 0 33042
p 0 340 33042
x 0 33043
p 0 235 33043
x 0 33044
p 0 221 33044
x 0 33045
p 0 245 33045
x 0 33046
p 0 250 33046
x 0 33047
p 0 240 33047
x 0 33048
p 0 225 33048
x 0 33049
p 0 249 33049
x 0 33050
p 0 247 33050
x 0 33051
p 0 288 33051
x 0 33052
p 0 241 33052
x 0 33053
p 0 228 33053
x 0 33054
p 0 220 33054
x 0 33055
p 0 245 33055
x 0 33056
p 0 244 33056
x 0 33057
p 0 234 33057
x 0 33058
p 0 276 33058
x 0 33059
p 0 227 33059
x 0 33060
p 0 254 33060
x 0 33061
p 0 248 33061
x 0 33062
p 0 273 33062
x 0 33063
p 0 216 33063
x 0 33064
p 0 214 33064
x 0 33065
p 0 357 33065
x 0 33066
p 0 217 33066
x 0 33067
p 0 217 33067
x 0 33000
x 1 33001
h 1 10.0.0.10
p 1 579 33001
x 2 33002
h 2 10.0.0.10
p 2 109 33002
x 0 33003
h 0 10.0.0.10
p 0 105 33003
x 1 33004
p 1 161 33004
p 0 1022708 33000
x 0 33005
p 0 160 33005
x 0 33006
p 0 160 33006
x 0 33007
p 0 166 33007
x 0 33008
p 0 212 33008
x 0 33009
p 0 211 33009
x 0 33010
p 0 207 33010
x 0 33011
p 0 207 33011
x 0 33012
p 0 209 33012
x 0 33013
p 0 183 33013
x 0 33014
p 0 208 33014
x 0 33015
p 0 201 33015
x 0 33016
p 0 204 33016
x 0 33017
p 0 213 33017
x 0 33018
p 0 213 33018
x 0 33019
p 0 206 33019
x 0 33020
p 0 213 33020
x 0 33021
p 0 211 33021
x 0 33022
p 0 212 33022
x 0 33023
p 0 329 33023
x 0 33024
p 0 282 33024
x 0 33025
p 0 212 33025
x 0 33026
p 0 211 33026
x 0 33027
p 0 285 33027
x 0 33028
p 0 219 33028
x 0 33029
p 0 181 33029
x 0 33030
p 0 208 33030
x 0 33031
p 0 210 33031
x 0 33032
p 0 230 33032
x 0 33033
p 0 185 33033
x 0 33034
p 0 219 33034
x 0 33035
p 0 214 33035
x 0 33036
p 0 219 33036
x 0 33037
p 0 200 33037
x 0 33038
p 0 215 33038
x 0 33039
p 0 291 33039
x 0 33040
p 0 180 33040
x 0 33041
p 0 177 33041
x 0 33042
p 0 213 33042
x 0 33043
p 0 208 33043
x 0 33044
p 0 166 33044
x 0 33045
p 0 173 33045
x 0 33046
p 0 170 33046
x 0 33047
p 0 171 33047
x 0 33048
p 0 209 33048
x 0 33049
p 0 396 33049
x 0 33050
p 0 362 33050
x 0 33051
p 0 167 33051
x 0 33052
p 0 168 33052
x 0 33053
p 0 174 33053
x 0 33054
p 0 164 33054
x 0 33055
p 0 93 33055
x 0 33056
p 0 168 33056
x 0 33057
p 0 160 33057
x 0 33058
p 0 167 33058
x 0 33059
p 0 322 33059
x 0 33060
p 0 210 33060
x 0 33061
p 0 169 33061
x 0 33062
p 0 169 33062
x 0 33000
x 1 33001
h 1 10.0.0.10
p 1 731 33001
x 2 33002
h 2 10.0.0.10
p 2 161 33002
x 0 33003
h 0 10.0.0.10
p 0 126 33003
x 1 33004
p 1 211 33004
p 0 1024284 33000
x 0 33005
p 0 173 33005
x 0 33006
p 0 213 33006
x 0 33007
p 0 210 33007
x 0 33008
p 0 202 33008
x 0 33009
p 0 261 33009
x 0 33010
p 0 235 33010
x 0 33011
p 0 241 33011
x 0 33012
p 0 261 33012
x 0 33013
p 0 201 33013
x 0 33014
p 0 255 33014
x 0 33015
p 0 201 33015
x 0 33016
p 0 234 33016
x 0 33017
p 0 232 33017
x 0 33018
p 0 205 33018
x 0 33019
p 0 202 33019
x 0 33020
p 0 207 33020
x 0 33021
p 0 204 33021
x 0 33022
p 0 204 33022
x 0 33023
p 0 204 33023
x 0 33024
p 0 237 33024
x 0 33025
p 0 247 33025
x 0 33026
p 0 211 33026
x 0 33027
p 0 210 33027
x 0 33028
p 0 210 33028
x 0 33029
p 0 204 33029
x 0 33030
p 0 207 33030
x 0 33031
p 0 207 33031
x 0 33032
p 0 206 33032
x 0 33033
p 0 241 33033
x 0 33034
p 0 209 33034
x 0 33035
p 0 206 33035
x 0 33036
p 0 204 33036
x 0 33037
p 0 212 33037
x 0 33038
p 0 210 33038
x 0 33039
p 0 205 33039
x 0 33040
p 0 210 33040
x 0 33041
p 0 206 33041
x 0 33042
p 0 208 33042
x 0 33043
p 0 336 33043
x 0 33044
p 0 205 33044
x 0 33045
p 0 208 33045
x 0 33046
p 0 241 33046
x 0 33047
p 0 205 33047
x 0 33048
p 0 206 33048
x 0 33049
p 0 207 33049
x 0 33050
p 0 203 33050
x 0 33051
p 0 208 33051
x 0 33052
p 0 206 33052
x 0 33053
p 0 208 33053
x 0 33054
p 0 170 33054
x 0 33055
p 0 167 33055
x 0 33056
p 0 205 33056
x 0 33057
p 0 189 33057
x 0 33058
p 0 158 33058
x 0 33059
p 0 164 33059
x 0 33060
p 0 170 33060
x 0 33061
p 0 183 33061
x 0 33062
p 0 130 33062
x 0 33000
x 1 33001
h 1 10.0.0.10
p 1 604 33001
x 2 33002
h 2 10.0.0.10
p 2 186 33002
x 0 33003
h 0 10.0.0.10
p 0 102 33003
x 1 33004
p 1 202 33004
p 0 1013350 33000
x 0 33005
p 0 202 33005
x 0 33006
p 0 206 33006
x 0 33007
p 0 206 33007
x 0 33008
p 0 206 33008
x 0 33009
p 0 209 33009
x 0 33010
p 0 82 33010
x 0 33011
p 0 206 33011
x 0 33012
p 0 205 33012
x 0 33013
p 0 204 33013
x 0 33014
p 0 201 33014
x 0 33015
p 0 205 33015
x 0 33016
p 0 209 33016
x 0 33017
p 0 208 33017
x 0 33018
p 0 182 33018
x 0 33019
p 0 209 33019
x 0 33020
p 0 208 33020
x 0 33021
p 0 208 33021
x 0 33022
p 0 209 33022
x 0 33023
p 0 250 33023
x 0 33024
p 0 298 33024
x 0 33025
p 0 255 33025
x 0 33026
p 0 225 33026
x 0 33027
p 0 240 33027
x 0 33028
p 0 297 33028
x 0 33029
p 0 241 33029
x 0 33030
p 0 229 33030
x 0 33031
p 0 244 33031
x 0 33032
p 0 292 33032
x 0 33033
p 0 228 33033
x 0 33034
p 0 233 33034
x 0 33035
p 0 231 33035
x 0 33036
p 0 70 33036
x 0 33037
p 0 202 33037
x 0 33038
p 0 221 33038
x 0 33039
p 0 208 33039
x 0 33040
p 0 204 33040
x 0 33041
p 0 207 33041
x 0 33042
p 0 202 33042
x 0 33043
p 0 200 33043
x 0 33044
p 0 199 33044
x 0 33045
p 0 293 33045
x 0 33046
p 0 200 33046
x 0 33047
p 0 676 33047
x 0 33048
p 0 197 33048
x 0 33049
p 0 434 33049
x 0 33050
p 0 204 33050
x 0 33051
p 0 203 33051
x 0 33052
p 0 263 33052
x 0 33053
p 0 200 33053
x 0 33054
p 0 206 33054
x 0 33055
p 0 314 33055
x 0 33056
p 0 203 33056
x 0 33057
p 0 282 33057
x 0 33058
p 0 200 33058
x 0 33059
p 0 223 33059
x 0 33060
p 0 281 33060
x 0 33061
p 0 251 33061
x 0 33062
p 0 242 33062
x 0 33000
x 1 33001
h 1 10.0.0.10
p 1 920 33001
x 2 33002
h 2 10.0.0.10
p 2 155 33002
x 0 33003
h 0 10.0.0.10
p 0 196 33003
x 1 33004
p 1 204 33004
p 0 1019301 33000
x 0 33005
p 0 222 33005
x 0 33006
p 0 226 33006
x 0 33007
p 0 204 33007
x 0 33008
p 0 204 33008
x 0 33009
p 0 258 33009
x 0 33010
p 0 204 33010
x 0 33011
p 0 166 33011
x 0 33012
p 0 206 33012
x 0 33013
p 0 208 33013
x 0 33014
p 0 207 33014
x 0 33015
p 0 204 33015
x 0 33016
p 0 209 33016
x 0 33017
p 0 205 33017
x 0 33018
p 0 204 33018
x 0 33019
p 0 201 33019
x 0 33020
p 0 205 33020
x 0 33021
p 0 204 33021
x 0 33022
p 0 204 33022
x 0 33023
p 0 208 33023
x 0 33024
p 0 202 33024
x 0 33025
p 0 204 33025
x 0 33026
p 0 203 33026
x 0 33027
p 0 204 33027
x 0 33028
p 0 201 33028
x 0 33029
p 0 201 33029
x 0 33030
p 0 204 33030
x 0 33031
p 0 203 33031
x 0 33032
p 0 205 33032
x 0 33033
p 0 207 33033
x 0 33034
p 0 147 33034
x 0 33035
p 0 201 33035
x 0 33036
p 0 201 33036
x 0 33037
p 0 208 33037
x 0 33038
p 0 202 33038
x 0 33039
p 0 200 33039
x 0 33040
p 0 208 33040
x 0 33041
p 0 207 33041
x 0 33042
p 0 204 33042
x 0 33043
p 0 203 33043
x 0 33044
p 0 207 33044
x 0 33045
p 0 209 33045
x 0 33046
p 0 206 33046
x 0 33047
p 0 205 33047
x 0 33048
p 0 204 33048
x 0 33049
p 0 206 33049
x 0 33050
p 0 206 33050
x 0 33051
p 0 213 33051
x 0 33052
p 0 207 33052
x 0 33053
p 0 207 33053
x 0 33054
p 0 208 33054
x 0 33055
p 0 204 33055
x 0 33056
p 0 204 33056
x 0 33057
p 0 206 33057
x 0 33058
p 0 201 33058
x 0 33059
p 0 203 33059
x 0 33060
p 0 179 33060
x 0 33061
p 0 204 33061
x 0 33062
p 0 190 33062
x 0 33000
x 1 33001
h 1 10.0.0.10
p 1 667 33001
x 2 33002
h 2 10.0.0.10
p 2 402 33002
x 0 33003
h 0 10.0.0.10
p 0 271 33003
x 1 33004
p 1 203 33004
p 0 1010542 33000
x 0 33005
p 0 198 33005
x 0 33006
p 0 201 33006
x 0 33007
p 0 175 33007
x 0 33008
p 0 205 33008
x 0 33009
p 0 208 33009
x 0 33010
p 0 207 33010
x 0 33011
p 0 213 33011
x 0 33012
p 0 217 33012
x 0 33013
p 0 207 33013
x 0 33014
p 0 203 33014
x 0 33015
p 0 213 33015
x 0 33016
p 0 213 33016
x 0 33017
p 0 210 33017
x 0 33018
p 0 213 33018
x 0 33019
p 0 206 33019
x 0 33020
p 0 208 33020
x 0 33021
p 0 205 33021
x 0 33022
p 0 210 33022
x 0 33023
p 0 215 33023
x 0 33024
p 0 205 33024
x 0 33025
p 0 209 33025
x 0 33026
p 0 209 33026
x 0 33027
p 0 205 33027
x 0 33028
p 0 210 33028
x 0 33029
p 0 207 33029
x 0 33030
p 0 208 33030
x 0 33031
p 0 211 33031
x 0 33032
p 0 214 33032
x 0 33033
p 0 210 33033
x 0 33034
p 0 210 33034
x 0 33035
p 0 209 33035
x 0 33036
p 0 177 33036
x 0 33037
p 0 210 33037
x 0 33038
p 0 208 33038
x 0 33039
p 0 215 33039
x 0 33040
p 0 210 33040
x 0 33041
p 0 207 33041
x 0 33042
p 0 205 33042
x 0 33043
p 0 211 33043
x 0 33044
p 0 209 33044
x 0 33045
p 0 208 33045
x 0 33046
p 0 208 33046
x 0 33047
p 0 214 33047
x 0 33048
p 0 215 33048
x 0 33049
p 0 214 33049
x 0 33050
p 0 211 33050
x 0 33051
p 0 211 33051
x 0 33052
p 0 212 33052
x 0 33053
p 0 215 33053
x 0 33054
p 0 213 33054
x 0 33055
p 0 221 33055
x 0 33056
p 0 335 33056
x 0 33057
p 0 213 33057
x 0 33058
p 0 207 33058
x 0 33059
p 0 242 33059
x 0 33060
p 0 205 33060
x 0 33061
p 0 207 33061
x 0 33062
p 0 241 33062
x 0 33000
x 1 33001
h 1 10.0.0.10
p 1 659 33001
x 2 33002
h 2 10.0.0.10
p 2 210 33002
x 0 33003
h 0 10.0.0.10
p 0 319 33003
x 1 33004
p 1 135 33004
p 0 1022504 33000
x 0 33005
p 0 211 33005
x 0 33006
p 0 286 33006
x 0 33007
p 0 199 33007
x 0 33008
p 0 222 33008
x 0 33009
p 0 218 33009
x 0 33010
p 0 206 33010
x 0 33011
p 0 210 33011
x 0 33012
p 0 198 33012
x 0 33013
p 0 197 33013
x 0 33014
p 0 208 33014
x 0 33015
p 0 222 33015
x 0 33016
p 0 213 33016
x 0 33017
p 0 208 33017
x 0 33018
p 0 204 33018
x 0 33019
p 0 229 33019
x 0 33020
p 0 212 33020
x 0 33021
p 0 210 33021
x 0 33022
p 0 205 33022
x 0 33023
p 0 209 33023
x 0 33024
p 0 201 33024
x 0 33025
p 0 202 33025
x 0 33026
p 0 212 33026
x 0 33027
p 0 215 33027
x 0 33028
p 0 198 33028
x 0 33029
p 0 200 33029
x 0 33030
p 0 216 33030
x 0 33031
p 0 202 33031
x 0 33032
p 0 200 33032
x 0 33033
p 0 202 33033
x 0 33034
p 0 201 33034
x 0 33035
p 0 211 33035
x 0 33036
p 0 206 33036
x 0 33037
p 0 202 33037
x 0 33038
p 0 201 33038
x 0 33039
p 0 207 33039
x 0 33040
p 0 209 33040
x 0 33041
p 0 205 33041
x 0 33042
p 0 213 33042
x 0 33043
p 0 205 33043
x 0 33044
p 0 216 33044
x 0 33045
p 0 214 33045
x 0 33046
p 0 203 33046
x 0 33047
p 0 205 33047
x 0 33048
p 0 204 33048
x 0 33049
p 0 207 33049
x 0 33050
p 0 204 33050
x 0 33051
p 0 214 33051
x 0 33052
p 0 202 33052
x 0 33053
p 0 204 33053
x 0 33054
p 0 202 33054
x 0 33055
p 0 236 33055
x 0 33056
p 0 203 33056
x 0 33057
p 0 201 33057
x 0 33058
p 0 633 33058
x 0 33059
p 0 339 33059
x 0 33060
p 0 202 33060
x 0 33061
p 0 208 33061
x 0 33062
p 0 202 33062
x 0 33000
x 1 33001
h 1 10.0.0.10
p 1 727 33001
x 2 33002
h 2 10.0.0.10
p 2 230 33002
x 0 33003
h 0 10.0.0.10
p 0 209 33003
x 1 33004
p 1 245 33004
p 0 1009428 33000
x 0 33005
p 0 140 33005
x 0 33006
p 0 179 33006
x 0 33007
p 0 289 33007
x 0 33008
p 0 305 33008
x 0 33009
p 0 168 33009
x 0 33010
p 0 214 33010
x 0 33011
p 0 213 33011
x 0 33012
p 0 206 33012
x 0 33013
p 0 178 33013
x 0 33014
p 0 222 33014
x 0 33015
p 0 165 33015
x 0 33016
p 0 176 33016
x 0 33017
p 0 169 33017
x 0 33018
p 0 191 33018
x 0 33019
p 0 175 33019
x 0 33020
p 0 170 33020
x 0 33021
p 0 202 33021
x 0 33022
p 0 165 33022
x 0 33023
p 0 170 33023
x 0 33024
p 0 170 33024
x 0 33025
p 0 408 33025
x 0 33026
p 0 175 33026
x 0 33027
p 0 170 33027
x 0 33028
p 0 173 33028
x 0 33029
p 0 172 33029
x 0 33030
p 0 180 33030
x 0 33031
p 0 209 33031
x 0 33032
p 0 211 33032
x 0 33033
p 0 172 33033
x 0 33034
p 0 167 33034
x 0 33035
p 0 159 33035
x 0 33036
p 0 193 33036
x 0 33037
p 0 154 33037
x 0 33038
p 0 155 33038
x 0 33039
p 0 159 33039
x 0 33040
p 0 248 33040
x 0 33041
p 0 157 33041
x 0 33042
p 0 156 33042
x 0 33043
p 0 195 33043
x 0 33044
p 0 159 33044
x 0 33045
p 0 240 33045
x 0 33046
p 0 177 33046
x 0 33047
p 0 165 33047
x 0 33048
p 0 203 33048
x 0 33049
p 0 203 33049
x 0 33050
p 0 206 33050
x 0 33051
p 0 475 33051
x 0 33052
p 0 203 33052
x 0 33053
p 0 236 33053
x 0 33054
p 0 147 33054
x 0 33055
p 0 206 33055
x 0 33056
p 0 160 33056
x 0 33057
p 0 269 33057
x 0 33058
p 0 207 33058
x 0 33059
p 0 178 33059
x 0 33060
p 0 206 33060
x 0 33061
p 0 198 33061
x 0 33062
p 0 199 33062
x 0 33000
x 1 33001
h 1 10.0.0.10
p 1 769 33001
x 2 33002
h 2 10.0.0.10
p 2 201 33002
x 0 33003
h 0 10.0.0.10
p 0 109 33003
x 1 33004
p 1 201 33004
p 0 1013328 33000
x 0 33005
p 0 243 33005
x 0 33006
p 0 199 33006
x 0 33007
p 0 206 33007
x 0 33008
p 0 215 33008
x 0 33009
p 0 263 33009
x 0 33010
p 0 159 33010
x 0 33011
p 0 158 33011
x 0 33012
p 0 153 33012
x 0 33013
p 0 157 33013
x 0 33014
p 0 164 33014
x 0 33015
p 0 155 33015
x 0 33016
p 0 157 33016
x 0 33017
p 0 159 33017
x 0 33018
p 0 158 33018
x 0 33019
p 0 157 33019
x 0 33020
p 0 156 33020
x 0 33021
p 0 210 33021
x 0 33022
p 0 197 33022
x 0 33023
p 0 202 33023
x 0 33024
p 0 201 33024
x 0 33025
p 0 158 33025
x 0 33026
p 0 205 33026
x 0 33027
p 0 243 33027
x 0 33028
p 0 205 33028
x 0 33029
p 0 156 33029
x 0 33030
p 0 259 33030
x 0 33031
p 0 152 33031
x 0 33032
p 0 382 33032
x 0 33033
p 0 160 33033
x 0 33034
p 0 156 33034
x 0 33035
p 0 194 33035
x 0 33036
p 0 157 33036
x 0 33037
p 0 159 33037
x 0 33038
p 0 164 33038
x 0 33039
p 0 211 33039
x 0 33040
p 0 202 33040
x 0 33041
p 0 226 33041
x 0 33042
p 0 207 33042
x 0 33043
p 0 188 33043
x 0 33044
p 0 172 33044
x 0 33045
p 0 189 33045
x 0 33046
p 0 202 33046
x 0 33047
p 0 98 33047
x 0 33048
p 0 161 33048
x 0 33049
p 0 160 33049
x 0 33050
p 0 166 33050
x 0 33051
p 0 165 33051
x 0 33052
p 0 199 33052
x 0 33053
p 0 159 33053
x 0 33054
p 0 164 33054
x 0 33055
p 0 167 33055
x 0 33056
p 0 163 33056
x 0 33057
p 0 163 33057
x 0 33058
p 0 163 33058
x 0 33059
p 0 168 33059
x 0 33060
p 0 162 33060
x 0 33061
p 0 163 33061
x 0 33062
p 0 168 33062
x 0 33000
x 1 33001
h 1 10.0.0.10
p 1 824 33001
x 2 33002
h 2 10.0.0.10
p 2 246 33002
x 0 33003
h 0 10.0.0.10
p 0 220 33003
x 1 33004
p 1 204 33004
p 0 1000973 33000
x 0 33005
p 0 204 33005
x 0 33006
p 0 208 33006
x 0 33007
p 0 229 33007
x 0 33008
p 0 237 33008
x 0 33009
p 0 207 33009
x 0 33010
p 0 178 33010
x 0 33011
p 0 201 33011
x 0 33012
p 0 202 33012
x 0 33013
p 0 206 33013
x 0 33014
p 0 168 33014
x 0 33015
p 0 205 33015
x 0 33016
p 0 204 33016
x 0 33017
p 0 171 33017
x 0 33018
p 0 169 33018
x 0 33019
p 0 205 33019
x 0 33020
p 0 203 33020
x 0 33021
p 0 166 33021
x 0 33022
p 0 170 33022
x 0 33023
p 0 166 33023
x 0 33024
p 0 194 33024
x 0 33025
p 0 168 33025
x 0 33026
p 0 166 33026
x 0 33027
p 0 168 33027
x 0 33028
p 0 194 33028
x 0 33029
p 0 177 33029
x 0 33030
p 0 179 33030
x 0 33031
p 0 179 33031
x 0 33032
p 0 178 33032
x 0 33033
p 0 186 33033
x 0 33034
p 0 178 33034
x 0 33035
p 0 177 33035
x 0 33036
p 0 179 33036
x 0 33037
p 0 179 33037
x 0 33038
p 0 177 33038
x 0 33039
p 0 207 33039
x 0 33040
p 0 269 33040
x 0 33041
p 0 184 33041
x 0 33042
p 0 243 33042
x 0 33043
p 0 249 33043
x 0 33044
p 0 246 33044
x 0 33045
p 0 249 33045
x 0 33046
p 0 234 33046
x 0 33047
p 0 239 33047
x 0 33048
p 0 229 33048
x 0 33049
p 0 235 33049
x 0 33050
p 0 228 33050
x 0 33051
p 0 220 33051
x 0 33052
p 0 220 33052
x 0 33053
p 0 218 33053
x 0 33054
p 0 249 33054
x 0 33055
p 0 222 33055
x 0 33056
p 0 348 33056
x 0 33057
p 0 347 33057
x 0 33058
p 0 387 33058
x 0 33059
p 0 353 33059
x 0 33060
p 0 345 33060
x 0 33061
p 0 378 33061
x 0 33062
p 0 207 33062
x 0 33000
x 1 33001
h 1 10.0.0.10
p 1 795 33001
x 2 33002
h 2 10.0.0.10
p 2 290 33002
x 0 33003
h 0 10.0.0.10
p 0 180 33003
x 1 33004
p 1 202 33004
p 0 1020645 33000
x 0 33005
p 0 167 33005
x 0 33006
p 0 205 33006
x 0 33007
p 0 202 33007
x 0 33008
p 0 201 33008
x 0 33009
p 0 201 33009
x 0 33010
p 0 208 33010
x 0 33011
p 0 310 33011
x 0 33012
p 0 206 33012
x 0 33013
p 0 203 33013
x 0 33014
p 0 297 33014
x 0 33015
p 0 285 33015
x 0 33016
p 0 439 33016
x 0 33017
p 0 392 33017
x 0 33018
p 0 229 33018
x 0 33019
p 0 236 33019
x 0 33020
p 0 294 33020
x 0 33021
p 0 305 33021
x 0 33022
p 0 348 33022
x 0 33023
p 0 243 33023
x 0 33024
p 0 223 33024
x 0 33025
p 0 246 33025
x 0 33026
p 0 240 33026
x 0 33027
p 0 275 33027
x 0 33028
p 0 203 33028
x 0 33029
p 0 239 33029
x 0 33030
p 0 283 33030
x 0 33031
p 0 288 33031
x 0 33032
p 0 209 33032
x 0 33033
p 0 212 33033
x 0 33034
p 0 216 33034
x 0 33035
p 0 219 33035
x 0 33036
p 0 238 33036
x 0 33037
p 0 215 33037
x 0 33038
p 0 211 33038
x 0 33039
p 0 254 33039
x 0 33040
p 0 209 33040
x 0 33041
p 0 212 33041
x 0 33042
p 0 240 33042
x 0 33043
p 0 204 33043
x 0 33044
p 0 206 33044
x 0 33045
p 0 250 33045
x 0 33046
p 0 242 33046
x 0 33047
p 0 205 33047
x 0 33048
p 0 210 33048
x 0 33049
p 0 298 33049
x 0 33050
p 0 287 33050
x 0 33051
p 0 307 33051
x 0 33052
p 0 291 33052
x 0 33053
p 0 316 33053
x 0 33054
p 0 203 33054
x 0 33055
p 0 239 33055
x 0 33056
p 0 211 33056
x 0 33057
p 0 249 33057
x 0 33058
p 0 204 33058
x 0 33059
p 0 200 33059
x 0 33060
p 0 288 33060
x 0 33061
p 0 211 33061
x 0 33062
p 0 206 33062
x 0 33000
x 1 33001
h 1 10.0.0.10
p 1 722 33001
x 2 33002
h 2 10.0.0.10
p 2 199 33002
x 0 33003
h 0 10.0.0.10
p 0 206 33003
x 1 33004
p 1 200 33004
p 0 1018724 33000
x 0 33005
p 0 202 33005
x 0 33006
p 0 205 33006
x 0 33007
p 0 209 33007
x 0 33008
p 0 208 33008
x 0 33009
p 0 210 33009
x 0 33010
p 0 202 33010
x 0 33011
p 0 203 33011
x 0 33012
p 0 212 33012
x 0 33013
p 0 241 33013
x 0 33014
p 0 211 33014
x 0 33015
p 0 206 33015
x 0 33016
p 0 208 33016
x 0 33017
p 0 263 33017
x 0 33018
p 0 181 33018
x 0 33019
p 0 179 33019
x 0 33020
p 0 177 33020
x 0 33021
p 0 178 33021
x 0 33022
p 0 145 33022
x 0 33023
p 0 208 33023
x 0 33024
p 0 206 33024
x 0 33025
p 0 174 33025
x 0 33026
p 0 204 33026
x 0 33027
p 0 182 33027
x 0 33028
p 0 211 33028
x 0 33029
p 0 179 33029
x 0 33030
p 0 176 33030
x 0 33031
p 0 205 33031
x 0 33032
p 0 193 33032
x 0 33033
p 0 175 33033
x 0 33034
p 0 210 33034
x 0 33035
p 0 203 33035
x 0 33036
p 0 204 33036
x 0 33037
p 0 206 33037
x 0 33038
p 0 208 33038
x 0 33039
p 0 204 33039
x 0 33040
p 0 208 33040
x 0 33041
p 0 205 33041
x 0 33042
p 0 148 33042
x 0 33043
p 0 206 33043
x 0 33044
p 0 209 33044
x 0 33045
p 0 211 33045
x 0 33046
p 0 210 33046
x 0 33047
p 0 213 33047
x 0 33048
p 0 210 33048
x 0 33049
p 0 235 33049
x 0 33050
p 0 209 33050
x 0 33051
p 0 208 33051
x 0 33052
p 0 209 33052
x 0 33053
p 0 209 33053
x 0 33054
p 0 209 33054
x 0 33055
p 0 206 33055
x 0 33056
p 0 223 33056
x 0 33057
p 0 181 33057
x 0 33058
p 0 169 33058
x 0 33059
p 0 172 33059
x 0 33060
p 0 243 33060
x 0 33061
p 0 182 33061
x 0 33062
p 0 207 33062
x 0 33000
x 1 33001
h 1 10.0.0.10
p 1 844 33001
x 2 33002
h 2 10.0.0.10
p 2 200 33002
x 0 33003
h 0 10.0.0.10
p 0 208 33003
x 1 33004
p 1 197 33004
p 0 1008380 33000
x 0 33005
p 0 200 33005
x 0 33006
p 0 201 33006
x 0 33007
p 0 202 33007
x 0 33008
p 0 204 33008
x 0 33009
p 0 89 33009
x 0 33010
p 0 207 33010
x 0 33011
p 0 211 33011
x 0 33012
p 0 208 33012
x 0 33013
p 0 209 33013
x 0 33014
p 0 207 33014
x 0 33015
p 0 241 33015
x 0 33016
p 0 208 33016
x 0 33017
p 0 210 33017
x 0 33018
p 0 203 33018
x 0 33019
p 0 206 33019
x 0 33020
p 0 208 33020
x 0 33021
p 0 203 33021
x 0 33022
p 0 202 33022
x 0 33023
p 0 204 33023
x 0 33024
p 0 201 33024
x 0 33025
p 0 200 33025
x 0 33026
p 0 203 33026
x 0 33027
p 0 202 33027
x 0 33028
p 0 212 33028
x 0 33029
p 0 209 33029
x 0 33030
p 0 212 33030
x 0 33031
p 0 209 33031
x 0 33032
p 0 217 33032
x 0 33033
p 0 219 33033
x 0 33034
p 0 212 33034
x 0 33035
p 0 210 33035
x 0 33036
p 0 214 33036
x 0 33037
p 0 215 33037
x 0 33038
p 0 206 33038
x 0 33039
p 0 200 33039
x 0 33040
p 0 209 33040
x 0 33041
p 0 207 33041
x 0 33042
p 0 205 33042
x 0 33043
p 0 202 33043
x 0 33044
p 0 204 33044
x 0 33045
p 0 209 33045
x 0 33046
p 0 205 33046
x 0 33047
p 0 206 33047
x 0 33048
p 0 234 33048
x 0 33049
p 0 207 33049
x 0 33050
p 0 204 33050
x 0 33051
p 0 208 33051
x 0 33052
p 0 256 33052
x 0 33053
p 0 203 33053
x 0 33054
p 0 200 33054
x 0 33055
p 0 239 33055
x 0 33056
p 0 203 33056
x 0 33057
p 0 200 33057
x 0 33058
p 0 204 33058
x 0 33059
p 0 268 33059
x 0 33060
p 0 204 33060
x 0 33061
p 0 205 33061
x 0 33062
p 0 203 33062
x 0 33000
x 1 33001
h 1 10.0.0.10
p 1 951 33001
x 2 33002
h 2 10.0.0.10
p 2 197 33002
x 0 33003
h 0 10.0.0.10
p 0 201 33003
x 1 33004
p 1 202 33004
p 0 1015650 33000
x 0 33005
p 0 208 33005
x 0 33006
p 0 253 33006
x 0 33007
p 0 201 33007
x 0 33008
p 0 241 33008
x 0 33009
p 0 164 33009
x 0 33010
p 0 199 33010
x 0 33011
p 0 706 33011
x 0 33012
p 0 478 33012
x 0 33013
p 0 245 33013
x 0 33014
p 0 257 33014
x 0 33015
p 0 237 33015
x 0 33016
p 0 163 33016
x 0 33017
p 0 161 33017
x 0 33018
p 0 165 33018
x 0 33019
p 0 229 33019
x 0 33020
p 0 256 33020
x 0 33021
p 0 221 33021
x 0 33022
p 0 210 33022
x 0 33023
p 0 217 33023
x 0 33024
p 0 221 33024
x 0 33025
p 0 253 33025
x 0 33026
p 0 225 33026
x 0 33027
p 0 210 33027
x 0 33028
p 0 216 33028
x 0 33029
p 0 230 33029
x 0 33030
p 0 230 33030
x 0 33031
p 0 219 33031
x 0 33032
p 0 216 33032
x 0 33033
p 0 265 33033
x 0 33034
p 0 233 33034
x 0 33035
p 0 247 33035
x 0 33036
p 0 227 33036
x 0 33037
p 0 221 33037
x 0 33038
p 0 212 33038
x 0 33039
p 0 227 33039
x 0 33040
p 0 263 33040
x 0 33041
p 0 212 33041
x 0 33042
p 0 208 33042
x 0 33043
p 0 216 33043
x 0 33044
p 0 219 33044
x 0 33045
p 0 231 33045
x 0 33046
p 0 214 33046
x 0 33047
p 0 213 33047
x 0 33048
p 0 206 33048
x 0 33049
p 0 218 33049
x 0 33050
p 0 247 33050
x 0 33051
p 0 249 33051
x 0 33052
p 0 206 33052
x 0 33053
p 0 211 33053
x 0 33054
p 0 223 33054
x 0 33055
p 0 227 33055
x 0 33056
p 0 211 33056
x 0 33057
p 0 219 33057
x 0 33058
p 0 213 33058
x 0 33059
p 0 221 33059
x 0 33060
p 0 237 33060
x 0 33061
p 0 216 33061
x 0 33062
p 0 206 33062
x 0 33000
x 1 33001
h 1 10.0.0.10
p 1 616 33001
x 2 33002
h 2 10.0.0.10
p 2 204 33002
x 0 33003
h 0 10.0.0.10
p 0 204 33003
x 1 33004
p 1 202 33004
p 0 1010675 33000
x 0 33005
p 0 199 33005
x 0 33006
p 0 249 33006
x 0 33007
p 0 209 33007
x 0 33008
p 0 214 33008
x 0 33009
p 0 212 33009
x 0 33010
p 0 206 33010
x 0 33011
p 0 207 33011
x 0 33012
p 0 207 33012
x 0 33013
p 0 243 33013
x 0 33014
p 0 206 33014
x 0 33015
p 0 185 33015
x 0 33016
p 0 207 33016
x 0 33017
p 0 204 33017
x 0 33018
p 0 219 33018
x 0 33019
p 0 207 33019
x 0 33020
p 0 273 33020
x 0 33021
p 0 205 33021
x 0 33022
p 0 205 33022
x 0 33023
p 0 207 33023
x 0 33024
p 0 224 33024
x 0 33025
p 0 223 33025
x 0 33026
p 0 217 33026
x 0 33027
p 0 273 33027
x 0 33028
p 0 239 33028
x 0 33029
p 0 276 33029
x 0 33030
p 0 225 33030
x 0 33031
p 0 257 33031
x 0 33032
p 0 221 33032
x 0 33033
p 0 228 33033
x 0 33034
p 0 230 33034
x 0 33035
p 0 224 33035
x 0 33036
p 0 226 33036
x 0 33037
p 0 216 33037
x 0 33038
p 0 268 33038
x 0 33039
p 0 223 33039
x 0 33040
p 0 220 33040
x 0 33041
p 0 222 33041
x 0 33042
p 0 261 33042
x 0 33043
p 0 217 33043
x 0 33044
p 0 219 33044
x 0 33045
p 0 253 33045
x 0 33046
p 0 215 33046
x 0 33047
p 0 216 33047
x 0 33048
p 0 226 33048
x 0 33049
p 0 218 33049
x 0 33050
p 0 220 33050
x 0 33051
p 0 218 33051
x 0 33052
p 0 249 33052
x 0 33053
p 0 217 33053
x 0 33054
p 0 218 33054
x 0 33055
p 0 227 33055
x 0 33056
p 0 221 33056
x 0 33057
p 0 215 33057
x 0 33058
p 0 209 33058
x 0 33059
p 0 234 33059
x 0 33060
p 0 203 33060
x 0 33061
p 0 207 33061
x 0 33062
p 0 208 33062
x 0 33000
x 1 33001
h 1 10.0.0.10
p 1 1096 33001
x 2 33002
h 2 10.0.0.10
p 2 200 33002
x 0 33003
h 0 10.0.0.10
p 0 203 33003
x 1 33004
p 1 199 33004
p 0 1010022 33000
x 0 33005
p 0 200 33005
x 0 33006
p 0 206 33006
x 0 33007
p 0 207 33007
x 0 33008
p 0 204 33008
x 0 33009
p 0 242 33009
x 0 33010
p 0 206 33010
x 0 33011
p 0 206 33011
x 0 33012
p 0 202 33012
x 0 33013
p 0 290 33013
x 0 33014
p 0 210 33014
x 0 33015
p 0 209 33015
x 0 33016
p 0 210 33016
x 0 33017
p 0 206 33017
x 0 33018
p 0 205 33018
x 0 33019
p 0 205 33019
x 0 33020
p 0 286 33020
x 0 33021
p 0 205 33021
x 0 33022
p 0 204 33022
x 0 33023
p 0 209 33023
x 0 33024
p 0 249 33024
x 0 33025
p 0 209 33025
x 0 33026
p 0 211 33026
x 0 33027
p 0 252 33027
x 0 33028
p 0 212 33028
x 0 33029
p 0 207 33029
x 0 33030
p 0 208 33030
x 0 33031
p 0 212 33031
x 0 33032
p 0 207 33032
x 0 33033
p 0 210 33033
x 0 33034
p 0 247 33034
x 0 33035
p 0 212 33035
x 0 33036
p 0 209 33036
x 0 33037
p 0 216 33037
x 0 33038
p 0 206 33038
x 0 33039
p 0 209 33039
x 0 33040
p 0 213 33040
x 0 33041
p 0 243 33041
x 0 33042
p 0 206 33042
x 0 33043
p 0 206 33043
x 0 33044
p 0 209 33044
x 0 33045
p 0 209 33045
x 0 33046
p 0 205 33046
x 0 33047
p 0 210 33047
x 0 33048
p 0 244 33048
x 0 33049
p 0 204 33049
x 0 33050
p 0 211 33050
x 0 33051
p 0 210 33051
x 0 33052
p 0 208 33052
x 0 33053
p 0 206 33053
x 0 33054
p 0 205 33054
x 0 33055
p 0 259 33055
x 0 33056
p 0 204 33056
x 0 33057
p 0 205 33057
x 0 33058
p 0 208 33058
x 0 33059
p 0 207 33059
x 0 33060
p 0 202 33060
x 0 33061
p 0 204 33061
x 0 33062
p 0 241 33062
x 0 33000
x 1 33001
h 1 10.0.0.10
p 1 589 33001
x 2 33002
h 2 10.0.0.10
p 2 160 33002
x 0 33003
h 0 10.0.0.10
p 0 208 33003
x 1 33004
p 1 206 33004
p 0 1030812 33000
x 0 33005
p 0 211 33005
x 0 33006
p 0 225 33006
x 0 33007
p 0 211 33007
x 0 33008
p 0 206 33008
x 0 33009
p 0 207 33009
x 0 33010
p 0 216 33010
x 0 33011
p 0 245 33011
x 0 33012
p 0 209 33012
x 0 33013
p 0 263 33013
x 0 33014
p 0 213 33014
x 0 33015
p 0 289 33015
x 0 33016
p 0 209 33016
x 0 33017
p 0 206 33017
x 0 33018
p 0 232 33018
x 0 33019
p 0 209 33019
x 0 33020
p 0 208 33020
x 0 33021
p 0 251 33021
x 0 33022
p 0 209 33022
x 0 33023
p 0 207 33023
x 0 33024
p 0 264 33024
x 0 33025
p 0 351 33025
x 0 33026
p 0 205 33026
x 0 33027
p 0 207 33027
x 0 33028
p 0 210 33028
x 0 33029
p 0 331 33029
x 0 33030
p 0 274 33030
x 0 33031
p 0 277 33031
x 0 33032
p 0 307 33032
x 0 33033
p 0 275 33033
x 0 33034
p 0 272 33034
x 0 33035
p 0 209 33035
x 0 33036
p 0 206 33036
x 0 33037
p 0 265 33037
x 0 33038
p 0 211 33038
x 0 33039
p 0 207 33039
x 0 33040
p 0 252 33040
x 0 33041
p 0 237 33041
x 0 33042
p 0 244 33042
x 0 33043
p 0 312 33043
x 0 33044
p 0 242 33044
x 0 33045
p 0 263 33045
x 0 33046
p 0 174 33046
x 0 33047
p 0 543 33047
x 0 33048
p 0 168 33048
x 0 33049
p 0 169 33049
x 0 33050
p 0 167 33050
x 0 33051
p 0 208 33051
x 0 33052
p 0 168 33052
x 0 33053
p 0 172 33053
x 0 33054
p 0 171 33054
x 0 33055
p 0 219 33055
x 0 33056
p 0 224 33056
x 0 33057
p 0 167 33057
x 0 33058
p 0 167 33058
x 0 33059
p 0 220 33059
x 0 33060
p 0 165 33060
x 0 33061
p 0 168 33061
x 0 33062
p 0 166 33062
x 0 33000
x 1 33001
h 1 10.0.0.10
p 1 1070 33001
x 2 33002
h 2 10.0.0.10
p 2 274 33002
x 0 33003
h 0 10.0.0.10
p 0 218 33003
x 1 33004
p 1 227 33004
p 0 1029076 33000
x 0 33005
p 0 238 33005
x 0 33006
p 0 203 33006
x 0 33007
p 0 195 33007
x 0 33008
p 0 201 33008
x 0 33009
p 0 203 33009
x 0 33010
p 0 207 33010
x 0 33011
p 0 201 33011
x 0 33012
p 0 203 33012
x 0 33013
p 0 201 33013
x 0 33014
p 0 202 33014
x 0 33015
p 0 306 33015
x 0 33016
p 0 231 33016
x 0 33017
p 0 206 33017
x 0 33018
p 0 203 33018
x 0 33019
p 0 205 33019
x 0 33020
p 0 239 33020
x 0 33021
p 0 200 33021
x 0 33022
p 0 200 33022
x 0 33023
p 0 203 33023
x 0 33024
p 0 202 33024
x 0 33025
p 0 204 33025
x 0 33026
p 0 202 33026
x 0 33027
p 0 201 33027
x 0 33028
p 0 204 33028
x 0 33029
p 0 216 33029
x 0 33030
p 0 207 33030
x 0 33031
p 0 238 33031
x 0 33032
p 0 208 33032
x 0 33033
p 0 210 33033
x 0 33034
p 0 209 33034
x 0 33035
p 0 209 33035
x 0 33036
p 0 203 33036
x 0 33037
p 0 203 33037
x 0 33038
p 0 241 33038
x 0 33039
p 0 200 33039
x 0 33040
p 0 205 33040
x 0 33041
p 0 200 33041
x 0 33042
p 0 208 33042
x 0 33043
p 0 201 33043
x 0 33044
p 0 207 33044
x 0 33045
p 0 243 33045
x 0 33046
p 0 201 33046
x 0 33047
p 0 202 33047
x 0 33048
p 0 204 33048
x 0 33049
p 0 208 33049
x 0 33050
p 0 208 33050
x 0 33051
p 0 203 33051
x 0 33052
p 0 244 33052
x 0 33053
p 0 205 33053
x 0 33054
p 0 206 33054
x 0 33055
p 0 206 33055
x 0 33056
p 0 203 33056
x 0 33057
p 0 202 33057
x 0 33058
p 0 203 33058
x 0 33059
p 0 202 33059
x 0 33060
p 0 204 33060
x 0 33061
p 0 205 33061
x 0 33062
p 0 201 33062
x 0 33000
x 1 33001
h 1 10.0.0.10
p 1 847 33001
x 2 33002
h 2 10.0.0.10
p 2 241 33002
x 0 33003
h 0 10.0.0.10
p 0 223 33003
x 1 33004
p 1 233 33004
p 0 1016862 33000
x 0 33005
p 0 199 33005
x 0 33006
p 0 201 33006
x 0 33007
p 0 201 33007
x 0 33008
p 0 170 33008
x 0 33009
p 0 210 33009
x 0 33010
p 0 207 33010
x 0 33011
p 0 202 33011
x 0 33012
p 0 204 33012
x 0 33013
p 0 201 33013
x 0 33014
p 0 200 33014
x 0 33015
p 0 235 33015
x 0 33016
p 0 201 33016
x 0 33017
p 0 204 33017
x 0 33018
p 0 203 33018
x 0 33019
p 0 239 33019
x 0 33020
p 0 205 33020
x 0 33021
p 0 200 33021
x 0 33022
p 0 238 33022
x 0 33023
p 0 201 33023
x 0 33024
p 0 200 33024
x 0 33025
p 0 198 33025
x 0 33026
p 0 265 33026
x 0 33027
p 0 205 33027
x 0 33028
p 0 201 33028
x 0 33029
p 0 200 33029
x 0 33030
p 0 203 33030
x 0 33031
p 0 203 33031
x 0 33032
p 0 237 33032
x 0 33033
p 0 259 33033
x 0 33034
p 0 206 33034
x 0 33035
p 0 211 33035
x 0 33036
p 0 205 33036
x 0 33037
p 0 203 33037
x 0 33038
p 0 162 33038
x 0 33039
p 0 159 33039
x 0 33040
p 0 163 33040
x 0 33041
p 0 201 33041
x 0 33042
p 0 205 33042
x 0 33043
p 0 165 33043
x 0 33044
p 0 161 33044
x 0 33045
p 0 204 33045
x 0 33046
p 0 161 33046
x 0 33047
p 0 169 33047
x 0 33048
p 0 167 33048
x 0 33049
p 0 169 33049
x 0 33050
p 0 166 33050
x 0 33051
p 0 163 33051
x 0 33052
p 0 168 33052
x 0 33053
p 0 160 33053
x 0 33054
p 0 163 33054
x 0 33055
p 0 166 33055
x 0 33056
p 0 170 33056
x 0 33057
p 0 166 33057
x 0 33058
p 0 166 33058
x 0 33059
p 0 169 33059
x 0 33060
p 0 171 33060
x 0 33061
p 0 166 33061
x 0 33062
p 0 172 33062
x 0 33000
x 1 33001
h 1 10.0.0.10
p 1 634 33001
x 2 33002
h 2 10.0.0.10
p 2 243 33002
x 0 33003
h 0 10.0.0.10
p 0 172 33003
x 1 33004
p 1 198 33004
p 0 1029147 33000
x 0 33005
p 0 209 33005
x 0 33006
p 0 204 33006
x 0 33007
p 0 202 33007
x 0 33008
p 0 200 33008
x 0 33009
p 0 292 33009
x 0 33010
p 0 207 33010
x 0 33011
p 0 202 33011
x 0 33012
p 0 206 33012
x 0 33013
p 0 203 33013
x 0 33014
p 0 201 33014
x 0 33015
p 0 204 33015
x 0 33016
p 0 288 33016
x 0 33017
p 0 299 33017
x 0 33018
p 0 203 33018
x 0 33019
p 0 203 33019
x 0 33020
p 0 207 33020
x 0 33021
p 0 202 33021
x 0 33022
p 0 205 33022
x 0 33023
p 0 203 33023
x 0 33024
p 0 206 33024
x 0 33025
p 0 204 33025
x 0 33026
p 0 205 33026
x 0 33027
p 0 202 33027
x 0 33028
p 0 203 33028
x 0 33029
p 0 209 33029
x 0 33030
p 0 210 33030
x 0 33031
p 0 114 33031
x 0 33032
p 0 207 33032
x 0 33033
p 0 202 33033
x 0 33034
p 0 209 33034
x 0 33035
p 0 206 33035
x 0 33036
p 0 205 33036
x 0 33037
p 0 204 33037
x 0 33038
p 0 204 33038
x 0 33039
p 0 256 33039
x 0 33040
p 0 208 33040
x 0 33041
p 0 238 33041
x 0 33042
p 0 205 33042
x 0 33043
p 0 203 33043
x 0 33044
p 0 205 33044
x 0 33045
p 0 197 33045
x 0 33046
p 0 164 33046
x 0 33047
p 0 164 33047
x 0 33048
p 0 162 33048
x 0 33049
p 0 163 33049
x 0 33050
p 0 163 33050
x 0 33051
p 0 164 33051
x 0 33052
p 0 159 33052
x 0 33053
p 0 164 33053
x 0 33054
p 0 204 33054
x 0 33055
p 0 292 33055
x 0 33056
p 0 235 33056
x 0 33057
p 0 280 33057
x 0 33058
p 0 378 33058
x 0 33059
p 0 333 33059
x 0 33060
p 0 232 33060
x 0 33061
p 0 514 33061
x 0 33062
p 0 216 33062
x 0 33000
x 1 33001
h 1 10.0.0.10
p 1 670 33001
x 2 33002
h 2 10.0.0.10
p 2 201 33002
x 0 33003
h 0 10.0.0.10
p 0 202 33003
x 1 33004
p 1 205 33004
p 0 1002028 33000
x 0 33005
p 0 200 33005
x 0 33006
p 0 207 33006
x 0 33007
p 0 207 33007
x 0 33008
p 0 203 33008
x 0 33009
p 0 205 33009
x 0 33010
p 0 205 33010
x 0 33011
p 0 203 33011
x 0 33012
p 0 203 33012
x 0 33013
p 0 203 33013
x 0 33014
p 0 207 33014
x 0 33015
p 0 201 33015
x 0 33016
p 0 207 33016
x 0 33017
p 0 206 33017
x 0 33018
p 0 218 33018
x 0 33019
p 0 206 33019
x 0 33020
p 0 207 33020
x 0 33021
p 0 207 33021
x 0 33022
p 0 228 33022
x 0 33023
p 0 203 33023
x 0 33024
p 0 208 33024
x 0 33025
p 0 209 33025
x 0 33026
p 0 208 33026
x 0 33027
p 0 207 33027
x 0 33028
p 0 176 33028
x 0 33029
p 0 182 33029
x 0 33030
p 0 271 33030
x 0 33031
p 0 205 33031
x 0 33032
p 0 174 33032
x 0 33033
p 0 204 33033
x 0 33034
p 0 232 33034
x 0 33035
p 0 178 33035
x 0 33036
p 0 246 33036
x 0 33037
p 0 169 33037
x 0 33038
p 0 198 33038
x 0 33039
p 0 178 33039
x 0 33040
p 0 172 33040
x 0 33041
p 0 169 33041
x 0 33042
p 0 201 33042
x 0 33043
p 0 172 33043
x 0 33044
p 0 160 33044
x 0 33045
p 0 160 33045
x 0 33046
p 0 164 33046
x 0 33047
p 0 163 33047
x 0 33048
p 0 159 33048
x 0 33049
p 0 166 33049
x 0 33050
p 0 211 33050
x 0 33051
p 0 162 33051
x 0 33052
p 0 165 33052
x 0 33053
p 0 166 33053
x 0 33054
p 0 221 33054
x 0 33055
p 0 210 33055
x 0 33056
p 0 206 33056
x 0 33057
p 0 245 33057
x 0 33058
p 0 211 33058
x 0 33059
p 0 232 33059
x 0 33060
p 0 213 33060
x 0 33061
p 0 231 33061
x 0 33062
p 0 230 33062
x 0 33000
x 1 33001
h 1 10.0.0.10
p 1 926 33001
x 2 33002
h 2 10.0.0.10
p 2 201 33002
x 0 33003
h 0 10.0.0.10
p 0 203 33003
x 1 33004
p 1 202 33004
p 0 1030026 33000
x 0 33005
p 0 221 33005
x 0 33006
p 0 200 33006
x 0 33007
p 0 202 33007
x 0 33008
p 0 204 33008
x 0 33009
p 0 248 33009
x 0 33010
p 0 207 33010
x 0 33011
p 0 204 33011
x 0 33012
p 0 201 33012
x 0 33013
p 0 203 33013
x 0 33014
p 0 203 33014
x 0 33015
p 0 204 33015
x 0 33016
p 0 232 33016
x 0 33017
p 0 289 33017
x 0 33018
p 0 202 33018
x 0 33019
p 0 202 33019
x 0 33020
p 0 202 33020
x 0 33021
p 0 200 33021
x 0 33022
p 0 198 33022
x 0 33023
p 0 196 33023
x 0 33024
p 0 199 33024
x 0 33025
p 0 200 33025
x 0 33026
p 0 172 33026
x 0 33027
p 0 174 33027
x 0 33028
p 0 203 33028
x 0 33029
p 0 201 33029
x 0 33030
p 0 177 33030
x 0 33031
p 0 201 33031
x 0 33032
p 0 235 33032
x 0 33033
p 0 201 33033
x 0 33034
p 0 171 33034
x 0 33035
p 0 207 33035
x 0 33036
p 0 201 33036
x 0 33037
p 0 174 33037
x 0 33038
p 0 170 33038
x 0 33039
p 0 169 33039
x 0 33040
p 0 174 33040
x 0 33041
p 0 174 33041
x 0 33042
p 0 172 33042
x 0 33043
p 0 169 33043
x 0 33044
p 0 158 33044
x 0 33045
p 0 171 33045
x 0 33046
p 0 160 33046
x 0 33047
p 0 162 33047
x 0 33048
p 0 160 33048
x 0 33049
p 0 158 33049
x 0 33050
p 0 164 33050
x 0 33051
p 0 160 33051
x 0 33052
p 0 201 33052
x 0 33053
p 0 161 33053
x 0 33054
p 0 158 33054
x 0 33055
p 0 162 33055
x 0 33056
p 0 159 33056
x 0 33057
p 0 162 33057
x 0 33058
p 0 161 33058
x 0 33059
p 0 202 33059
x 0 33060
p 0 160 33060
x 0 33061
p 0 156 33061
x 0 33062
p 0 156 33062
x 0 33000
x 1 33001
h 1 10.0.0.10
p 1 593 33001
x 2 33002
h 2 10.0.0.10
p 2 198 33002
x 0 33003
h 0 10.0.0.10
p 0 205 33003
x 1 33004
p 1 198 33004
p 0 1007087 33000
x 0 33005
p 0 241 33005
x 0 33006
p 0 207 33006
x 0 33007
p 0 238 33007
x 0 33008
p 0 201 33008
x 0 33009
p 0 239 33009
x 0 33010
p 0 200 33010
x 0 33011
p 0 208 33011
x 0 33012
p 0 219 33012
x 0 33013
p 0 180 33013
x 0 33014
p 0 202 33014
x 0 33015
p 0 178 33015
x 0 33016
p 0 211 33016
x 0 33017
p 0 241 33017
x 0 33018
p 0 184 33018
x 0 33019
p 0 203 33019
x 0 33020
p 0 202 33020
x 0 33021
p 0 243 33021
x 0 33022
p 0 225 33022
x 0 33023
p 0 203 33023
x 0 33024
p 0 208 33024
x 0 33025
p 0 240 33025
x 0 33026
p 0 209 33026
x 0 33027
p 0 208 33027
x 0 33028
p 0 247 33028
x 0 33029
p 0 385 33029
x 0 33030
p 0 166 33030
x 0 33031
p 0 152 33031
x 0 33032
p 0 236 33032
x 0 33033
p 0 190 33033
x 0 33034
p 0 184 33034
x 0 33035
p 0 186 33035
x 0 33036
p 0 202 33036
x 0 33037
p 0 200 33037
x 0 33038
p 0 203 33038
x 0 33039
p 0 225 33039
x 0 33040
p 0 199 33040
x 0 33041
p 0 204 33041
x 0 33042
p 0 200 33042
x 0 33043
p 0 199 33043
x 0 33044
p 0 203 33044
x 0 33045
p 0 198 33045
x 0 33046
p 0 235 33046
x 0 33047
p 0 199 33047
x 0 33048
p 0 199 33048
x 0 33049
p 0 202 33049
x 0 33050
p 0 239 33050
x 0 33051
p 0 201 33051
x 0 33052
p 0 204 33052
x 0 33053
p 0 201 33053
x 0 33054
p 0 202 33054
x 0 33055
p 0 204 33055
x 0 33056
p 0 208 33056
x 0 33057
p 0 281 33057
x 0 33058
p 0 205 33058
x 0 33059
p 0 163 33059
x 0 33060
p 0 202 33060
x 0 33061
p 0 203 33061
x 0 33062
p 0 203 33062
x 0 33000
x 1 33001
h 1 10.0.0.10
p 1 845 33001
x 2 33002
h 2 10.0.0.10
p 2 253 33002
x 0 33003
h 0 10.0.0.10
p 0 217 33003
x 1 33004
p 1 206 33004
p 0 1028761 33000
x 0 33005
p 0 225 33005
x 0 33006
p 0 220 33006
x 0 33007
p 0 229 33007
x 0 33008
p 0 216 33008
x 0 33009
p 0 181 33009
x 0 33010
p 0 166 33010
x 0 33011
p 0 212 33011
x 0 33012
p 0 204 33012
x 0 33013
p 0 173 33013
x 0 33014
p 0 172 33014
x 0 33015
p 0 169 33015
x 0 33016
p 0 204 33016
x 0 33017
p 0 176 33017
x 0 33018
p 0 177 33018
x 0 33019
p 0 175 33019
x 0 33020
p 0 197 33020
x 0 33021
p 0 176 33021
x 0 33022
p 0 175 33022
x 0 33023
p 0 177 33023
x 0 33024
p 0 237 33024
x 0 33025
p 0 336 33025
x 0 33026
p 0 340 33026
x 0 33027
p 0 352 33027
x 0 33028
p 0 417 33028
x 0 33029
p 0 223 33029
x 0 33030
p 0 77 33030
x 0 33031
p 0 211 33031
x 0 33032
p 0 210 33032
x 0 33033
p 0 282 33033
x 0 33034
p 0 209 33034
x 0 33035
p 0 206 33035
x 0 33036
p 0 210 33036
x 0 33037
p 0 213 33037
x 0 33038
p 0 210 33038
x 0 33039
p 0 216 33039
x 0 33040
p 0 274 33040
x 0 33041
p 0 250 33041
x 0 33042
p 0 260 33042
x 0 33043
p 0 277 33043
x 0 33044
p 0 208 33044
x 0 33045
p 0 209 33045
x 0 33046
p 0 207 33046
x 0 33047
p 0 205 33047
x 0 33048
p 0 258 33048
x 0 33049
p 0 206 33049
x 0 33050
p 0 205 33050
x 0 33051
p 0 207 33051
x 0 33052
p 0 200 33052
x 0 33053
p 0 206 33053
x 0 33054
p 0 210 33054
x 0 33055
p 0 208 33055
x 0 33056
p 0 245 33056
x 0 33057
p 0 206 33057
x 0 33058
p 0 209 33058
x 0 33059
p 0 210 33059
x 0 33060
p 0 235 33060
x 0 33061
p 0 208 33061
x 0 33062
p 0 207 33062
x 0 33000
x 1 33001
h 1 10.0.0.10
p 1 569 33001
x 2 33002
h 2 10.0.0.10
p 2 163 33002
x 0 33003
h 0 10.0.0.10
p 0 730 33003
x 1 33004
p 1 198 33004
p 0 1006878 33000
x 0 33005
p 0 199 33005
x 0 33006
p 0 482 33006
x 0 33007
p 0 203 33007
x 0 33008
p 0 209 33008
x 0 33009
p 0 207 33009
x 0 33010
p 0 282 33010
x 0 33011
p 0 206 33011
x 0 33012
p 0 209 33012
x 0 33013
p 0 209 33013
x 0 33014
p 0 210 33014
x 0 33015
p 0 203 33015
x 0 33016
p 0 205 33016
x 0 33017
p 0 248 33017
x 0 33018
p 0 209 33018
x 0 33019
p 0 208 33019
x 0 33020
p 0 208 33020
x 0 33021
p 0 206 33021
x 0 33022
p 0 203 33022
x 0 33023
p 0 202 33023
x 0 33024
p 0 248 33024
x 0 33025
p 0 208 33025
x 0 33026
p 0 201 33026
x 0 33027
p 0 202 33027
x 0 33028
p 0 201 33028
x 0 33029
p 0 205 33029
x 0 33030
p 0 149 33030
x 0 33031
p 0 260 33031
x 0 33032
p 0 146 33032
x 0 33033
p 0 150 33033
x 0 33034
p 0 202 33034
x 0 33035
p 0 149 33035
x 0 33036
p 0 201 33036
x 0 33037
p 0 148 33037
x 0 33038
p 0 204 33038
x 0 33039
p 0 154 33039
x 0 33040
p 0 210 33040
x 0 33041
p 0 189 33041
x 0 33042
p 0 208 33042
x 0 33043
p 0 154 33043
x 0 33044
p 0 211 33044
x 0 33045
p 0 159 33045
x 0 33046
p 0 207 33046
x 0 33047
p 0 151 33047
x 0 33048
p 0 407 33048
x 0 33049
p 0 146 33049
x 0 33050
p 0 151 33050
x 0 33051
p 0 291 33051
x 0 33052
p 0 200 33052
x 0 33053
p 0 257 33053
x 0 33054
p 0 199 33054
x 0 33055
p 0 205 33055
x 0 33056
p 0 204 33056
x 0 33057
p 0 206 33057
x 0 33058
p 0 204 33058
x 0 33059
p 0 258 33059
x 0 33060
p 0 203 33060
x 0 33061
p 0 203 33061
x 0 33062
p 0 204 33062
x 0 33000
x 1 33001
h 1 10.0.0.10
p 1 844 33001
x 2 33002
h 2 10.0.0.10
p 2 210 33002
x 0 33003
h 0 10.0.0.10
p 0 195 33003
x 1 33004
p 1 201 33004
p 0 1015227 33000
x 0 33005
p 0 203 33005
x 0 33006
p 0 262 33006
x 0 33007
p 0 210 33007
x 0 33008
p 0 178 33008
x 0 33009
p 0 212 33009
x 0 33010
p 0 206 33010
x 0 33011
p 0 180 33011
x 0 33012
p 0 174 33012
x 0 33013
p 0 206 33013
x 0 33014
p 0 200 33014
x 0 33015
p 0 179 33015
x 0 33016
p 0 179 33016
x 0 33017
p 0 170 33017
x 0 33018
p 0 201 33018
x 0 33019
p 0 174 33019
x 0 33020
p 0 171 33020
x 0 33021
p 0 175 33021
x 0 33022
p 0 191 33022
x 0 33023
p 0 171 33023
x 0 33024
p 0 235 33024
x 0 33025
p 0 170 33025
x 0 33026
p 0 198 33026
x 0 33027
p 0 164 33027
x 0 33028
p 0 164 33028
x 0 33029
p 0 169 33029
x 0 33030
p 0 211 33030
x 0 33031
p 0 171 33031
x 0 33032
p 0 166 33032
x 0 33033
p 0 197 33033
x 0 33034
p 0 168 33034
x 0 33035
p 0 167 33035
x 0 33036
p 0 165 33036
x 0 33037
p 0 171 33037
x 0 33038
p 0 164 33038
x 0 33039
p 0 170 33039
x 0 33040
p 0 199 33040
x 0 33041
p 0 166 33041
x 0 33042
p 0 166 33042
x 0 33043
p 0 169 33043
x 0 33044
p 0 174 33044
x 0 33045
p 0 166 33045
x 0 33046
p 0 168 33046
x 0 33047
p 0 195 33047
x 0 33048
p 0 159 33048
x 0 33049
p 0 167 33049
x 0 33050
p 0 168 33050
x 0 33051
p 0 170 33051
x 0 33052
p 0 168 33052
x 0 33053
p 0 166 33053
x 0 33054
p 0 195 33054
x 0 33055
p 0 167 33055
x 0 33056
p 0 170 33056
x 0 33057
p 0 172 33057
x 0 33058
p 0 171 33058
x 0 33059
p 0 177 33059
x 0 33060
p 0 169 33060
x 0 33061
p 0 92 33061
x 0 33062
p 0 159 33062
x 0 33000
x 1 33001
h 1 10.0.0.10
p 1 674 33001
x 2 33002
h 2 10.0.0.10
p 2 162 33002
x 0 33003
h 0 10.0.0.10
p 0 176 33003
x 1 33004
p 1 161 33004
p 0 1026716 33000
x 0 33005
p 0 160 33005
x 0 33006
p 0 182 33006
x 0 33007
p 0 221 33007
x 0 33008
p 0 217 33008
x 0 33009
p 0 108 33009
x 0 33010
p 0 222 33010
x 0 33011
p 0 318 33011
x 0 33012
p 0 216 33012
x 0 33013
p 0 218 33013
x 0 33014
p 0 242 33014
x 0 33015
p 0 307 33015
x 0 33016
p 0 213 33016
x 0 33017
p 0 311 33017
x 0 33018
p 0 215 33018
x 0 33019
p 0 311 33019
x 0 33020
p 0 178 33020
x 0 33021
p 0 203 33021
x 0 33022
p 0 202 33022
x 0 33023
p 0 356 33023
x 0 33024
p 0 178 33024
x 0 33025
p 0 201 33025
x 0 33026
p 0 204 33026
x 0 33027
p 0 172 33027
x 0 33028
p 0 174 33028
x 0 33029
p 0 216 33029
x 0 33030
p 0 205 33030
x 0 33031
p 0 170 33031
x 0 33032
p 0 169 33032
x 0 33033
p 0 170 33033
x 0 33034
p 0 198 33034
x 0 33035
p 0 171 33035
x 0 33036
p 0 166 33036
x 0 33037
p 0 157 33037
x 0 33038
p 0 160 33038
x 0 33039
p 0 162 33039
x 0 33040
p 0 164 33040
x 0 33041
p 0 159 33041
x 0 33042
p 0 163 33042
x 0 33043
p 0 156 33043
x 0 33044
p 0 164 33044
x 0 33045
p 0 153 33045
x 0 33046
p 0 161 33046
x 0 33047
p 0 157 33047
x 0 33048
p 0 161 33048
x 0 33049
p 0 201 33049
x 0 33050
p 0 199 33050
x 0 33051
p 0 200 33051
x 0 33052
p 0 200 33052
x 0 33053
p 0 204 33053
x 0 33054
p 0 224 33054
x 0 33055
p 0 199 33055
x 0 33056
p 0 202 33056
x 0 33057
p 0 202 33057
x 0 33058
p 0 203 33058
x 0 33059
p 0 200 33059
x 0 33060
p 0 249 33060
x 0 33061
p 0 201 33061
x 0 33062
p 0 205 33062
x 0 33000
x 1 33001
h 1 10.0.0.10
p 1 664 33001
x 2 33002
h 2 10.0.0.10
p 2 212 33002
x 0 33003
h 0 10.0.0.10
p 0 199 33003
x 1 33004
p 1 201 33004
p 0 1029904 33000
x 0 33005
p 0 145 33005
x 0 33006
p 0 230 33006
x 0 33007
p 0 353 33007
x 0 33008
p 0 239 33008
x 0 33009
p 0 239 33009
x 0 33010
p 0 236 33010
x 0 33011
p 0 269 33011
x 0 33012
p 0 204 33012
x 0 33013
p 0 207 33013
x 0 33014
p 0 206 33014
x 0 33015
p 0 203 33015
x 0 33016
p 0 205 33016
x 0 33017
p 0 294 33017
x 0 33018
p 0 278 33018
x 0 33019
p 0 202 33019
x 0 33020
p 0 204 33020
x 0 33021
p 0 205 33021
x 0 33022
p 0 271 33022
x 0 33023
p 0 203 33023
x 0 33024
p 0 205 33024
x 0 33025
p 0 275 33025
x 0 33026
p 0 204 33026
x 0 33027
p 0 226 33027
x 0 33028
p 0 302 33028
x 0 33029
p 0 203 33029
x 0 33030
p 0 205 33030
x 0 33031
p 0 280 33031
x 0 33032
p 0 334 33032
x 0 33033
p 0 204 33033
x 0 33034
p 0 201 33034
x 0 33035
p 0 203 33035
x 0 33036
p 0 201 33036
x 0 33037
p 0 202 33037
x 0 33038
p 0 307 33038
x 0 33039
p 0 300 33039
x 0 33040
p 0 209 33040
x 0 33041
p 0 204 33041
x 0 33042
p 0 201 33042
x 0 33043
p 0 202 33043
x 0 33044
p 0 323 33044
x 0 33045
p 0 179 33045
x 0 33046
p 0 268 33046
x 0 33047
p 0 249 33047
x 0 33048
p 0 235 33048
x 0 33049
p 0 233 33049
x 0 33050
p 0 271 33050
x 0 33051
p 0 203 33051
x 0 33052
p 0 223 33052
x 0 33053
p 0 202 33053
x 0 33054
p 0 204 33054
x 0 33055
p 0 209 33055
x 0 33056
p 0 264 33056
x 0 33057
p 0 240 33057
x 0 33058
p 0 203 33058
x 0 33059
p 0 282 33059
x 0 33060
p 0 209 33060
x 0 33061
p 0 204 33061
x 0 33062
p 0 312 33062
x 0 33000
x 1 33001
h 1 10.0.0.10
p 1 709 33001
x 2 33002
h 2 10.0.0.10
p 2 173 33002
x 0 33003
h 0 10.0.0.10
p 0 162 33003
x 1 33004
p 1 160 33004
p 0 1014152 33000
x 0 33005
p 0 162 33005
x 0 33006
p 0 163 33006
x 0 33007
p 0 156 33007
x 0 33008
p 0 156 33008
x 0 33009
p 0 204 33009
x 0 33010
p 0 197 33010
x 0 33011
p 0 203 33011
x 0 33012
p 0 173 33012
x 0 33013
p 0 206 33013
x 0 33014
p 0 202 33014
x 0 33015
p 0 172 33015
x 0 33016
p 0 174 33016
x 0 33017
p 0 171 33017
x 0 33018
p 0 226 33018
x 0 33019
p 0 168 33019
x 0 33020
p 0 168 33020
x 0 33021
p 0 168 33021
x 0 33022
p 0 199 33022
x 0 33023
p 0 169 33023
x 0 33024
p 0 167 33024
x 0 33025
p 0 166 33025
x 0 33026
p 0 220 33026
x 0 33027
p 0 212 33027
x 0 33028
p 0 162 33028
x 0 33029
p 0 166 33029
x 0 33030
p 0 205 33030
x 0 33031
p 0 203 33031
x 0 33032
p 0 206 33032
x 0 33033
p 0 203 33033
x 0 33034
p 0 203 33034
x 0 33035
p 0 204 33035
x 0 33036
p 0 156 33036
x 0 33037
p 0 126 33037
x 0 33038
p 0 234 33038
x 0 33039
p 0 165 33039
x 0 33040
p 0 161 33040
x 0 33041
p 0 164 33041
x 0 33042
p 0 123 33042
x 0 33043
p 0 184 33043
x 0 33044
p 0 163 33044
x 0 33045
p 0 166 33045
x 0 33046
p 0 150 33046
x 0 33047
p 0 138 33047
x 0 33048
p 0 150 33048
x 0 33049
p 0 164 33049
x 0 33050
p 0 153 33050
x 0 33051
p 0 165 33051
x 0 33052
p 0 165 33052
x 0 33053
p 0 160 33053
x 0 33054
p 0 166 33054
x 0 33055
p 0 163 33055
x 0 33056
p 0 158 33056
x 0 33057
p 0 163 33057
x 0 33058
p 0 162 33058
x 0 33059
p 0 161 33059
x 0 33060
p 0 169 33060
x 0 33061
p 0 200 33061
x 0 33062
p 0 201 33062
x 0 33000
x 1 33001
h 1 10.0.0.10
p 1 658 33001
x 2 33002
h 2 10.0.0.10
p 2 206 33002
x 0 33003
h 0 10.0.0.10
p 0 132 33003
x 1 33004
p 1 206 33004
p 0 1023888 33000
x 0 33005
p 0 201 33005
x 0 33006
p 0 199 33006
x 0 33007
p 0 202 33007
x 0 33008
p 0 202 33008
x 0 33009
p 0 205 33009
x 0 33010
p 0 168 33010
x 0 33011
p 0 202 33011
x 0 33012
p 0 204 33012
x 0 33013
p 0 200 33013
x 0 33014
p 0 172 33014
x 0 33015
p 0 168 33015
x 0 33016
p 0 225 33016
x 0 33017
p 0 200 33017
x 0 33018
p 0 170 33018
x 0 33019
p 0 199 33019
x 0 33020
p 0 198 33020
x 0 33021
p 0 211 33021
x 0 33022
p 0 177 33022
x 0 33023
p 0 207 33023
x 0 33024
p 0 206 33024
x 0 33025
p 0 207 33025
x 0 33026
p 0 179 33026
x 0 33027
p 0 206 33027
x 0 33028
p 0 204 33028
x 0 33029
p 0 207 33029
x 0 33030
p 0 175 33030
x 0 33031
p 0 200 33031
x 0 33032
p 0 197 33032
x 0 33033
p 0 199 33033
x 0 33034
p 0 169 33034
x 0 33035
p 0 198 33035
x 0 33036
p 0 201 33036
x 0 33037
p 0 200 33037
x 0 33038
p 0 170 33038
x 0 33039
p 0 206 33039
x 0 33040
p 0 202 33040
x 0 33041
p 0 185 33041
x 0 33042
p 0 169 33042
x 0 33043
p 0 166 33043
x 0 33044
p 0 224 33044
x 0 33045
p 0 204 33045
x 0 33046
p 0 198 33046
x 0 33047
p 0 200 33047
x 0 33048
p 0 202 33048
x 0 33049
p 0 207 33049
x 0 33050
p 0 175 33050
x 0 33051
p 0 188 33051
x 0 33052
p 0 202 33052
x 0 33053
p 0 202 33053
x 0 33054
p 0 186 33054
x 0 33055
p 0 208 33055
x 0 33056
p 0 209 33056
x 0 33057
p 0 204 33057
x 0 33058
p 0 208 33058
x 0 33059
p 0 206 33059
x 0 33060
p 0 206 33060
x 0 33061
p 0 208 33061
x 0 33062
p 0 204 33062
x 0 33000
x 1 33001
h 1 10.0.0.10
p 1 634 33001
x 2 33002
h 2 10.0.0.10
p 2 202 33002
x 0 33003
h 0 10.0.0.10
p 0 189 33003
x 1 33004
p 1 182 33004
p 0 1003413 33000
x 0 33005
p 0 146 33005
x 0 33006
p 0 1318 33006
x 0 33007
p 0 370 33007
x 0 33008
p 0 221 33008
x 0 33009
p 0 481 33009
x 0 33010
p 0 266 33010
x 0 33011
p 0 208 33011
x 0 33012
p 0 213 33012
x 0 33013
p 0 267 33013
x 0 33014
p 0 215 33014
x 0 33015
p 0 212 33015
x 0 33016
p 0 208 33016
x 0 33017
p 0 211 33017
x 0 33018
p 0 211 33018
x 0 33019
p 0 209 33019
x 0 33020
p 0 211 33020
x 0 33021
p 0 1002 33021
x 0 33022
p 0 254 33022
x 0 33023
p 0 203 33023
x 0 33024
p 0 223 33024
x 0 33025
p 0 270 33025
x 0 33026
p 0 173 33026
x 0 33027
p 0 218 33027
x 0 33028
p 0 156 33028
x 0 33029
p 0 230 33029
x 0 33030
p 0 185 33030
x 0 33031
p 0 189 33031
x 0 33032
p 0 158 33032
x 0 33033
p 0 606 33033
x 0 33034
p 0 225 33034
x 0 33035
p 0 216 33035
x 0 33036
p 0 306 33036
x 0 33037
p 0 260 33037
x 0 33038
p 0 221 33038
x 0 33039
p 0 245 33039
x 0 33040
p 0 212 33040
x 0 33041
p 0 213 33041
x 0 33042
p 0 240 33042
x 0 33043
p 0 237 33043
x 0 33044
p 0 221 33044
x 0 33045
p 0 245 33045
x 0 33046
p 0 206 33046
x 0 33047
p 0 213 33047
x 0 33048
p 0 205 33048
x 0 33049
p 0 208 33049
x 0 33050
p 0 209 33050
x 0 33051
p 0 206 33051
x 0 33052
p 0 259 33052
x 0 33053
p 0 214 33053
x 0 33054
p 0 242 33054
x 0 33055
p 0 245 33055
x 0 33056
p 0 214 33056
x 0 33057
p 0 209 33057
x 0 33058
p 0 208 33058
x 0 33059
p 0 253 33059
x 0 33060
p 0 213 33060
x 0 33061
p 0 217 33061
x 0 33062
p 0 208 33062
x 0 33000
x 1 33001
h 1 10.0.0.10
p 1 566 33001
x 2 33002
h 2 10.0.0.10
p 2 219 33002
x 0 33003
h 0 10.0.0.10
p 0 259 33003
x 1 33004
p 1 226 33004
p 0 1023150 33000
x 0 33005
p 0 227 33005
x 0 33006
p 0 270 33006
x 0 33007
p 0 197 33007
x 0 33008
p 0 201 33008
x 0 33009
p 0 207 33009
x 0 33010
p 0 204 33010
x 0 33011
p 0 203 33011
x 0 33012
p 0 204 33012
x 0 33013
p 0 208 33013
x 0 33014
p 0 205 33014
x 0 33015
p 0 205 33015
x 0 33016
p 0 204 33016
x 0 33017
p 0 204 33017
x 0 33018
p 0 207 33018
x 0 33019
p 0 203 33019
x 0 33020
p 0 203 33020
x 0 33021
p 0 206 33021
x 0 33022
p 0 207 33022
x 0 33023
p 0 204 33023
x 0 33024
p 0 202 33024
x 0 33025
p 0 204 33025
x 0 33026
p 0 202 33026
x 0 33027
p 0 204 33027
x 0 33028
p 0 203 33028
x 0 33029
p 0 216 33029
x 0 33030
p 0 210 33030
x 0 33031
p 0 204 33031
x 0 33032
p 0 205 33032
x 0 33033
p 0 206 33033
x 0 33034
p 0 205 33034
x 0 33035
p 0 200 33035
x 0 33036
p 0 199 33036
x 0 33037
p 0 199 33037
x 0 33038
p 0 196 33038
x 0 33039
p 0 198 33039
x 0 33040
p 0 195 33040
x 0 33041
p 0 199 33041
x 0 33042
p 0 202 33042
x 0 33043
p 0 195 33043
x 0 33044
p 0 203 33044
x 0 33045
p 0 198 33045
x 0 33046
p 0 198 33046
x 0 33047
p 0 196 33047
x 0 33048
p 0 199 33048
x 0 33049
p 0 201 33049
x 0 33050
p 0 196 33050
x 0 33051
p 0 199 33051
x 0 33052
p 0 201 33052
x 0 33053
p 0 200 33053
x 0 33054
p 0 200 33054
x 0 33055
p 0 198 33055
x 0 33056
p 0 200 33056
x 0 33057
p 0 199 33057
x 0 33058
p 0 236 33058
x 0 33059
p 0 200 33059
x 0 33060
p 0 198 33060
x 0 33061
p 0 201 33061
x 0 33062
p 0 198 33062
x 0 33000
x 1 33001
h 1 10.0.0.10
p 1 571 33001
x 2 33002
h 2 10.0.0.10
p 2 199 33002
x 0 33003
h 0 10.0.0.10
p 0 236 33003
x 1 33004
p 1 208 33004
p 0 1024181 33000
x 0 33005
p 0 202 33005
x 0 33006
p 0 203 33006
x 0 33007
p 0 208 33007
x 0 33008
p 0 203 33008
x 0 33009
p 0 209 33009
x 0 33010
p 0 204 33010
x 0 33011
p 0 205 33011
x 0 33012
p 0 206 33012
x 0 33013
p 0 203 33013
x 0 33014
p 0 207 33014
x 0 33015
p 0 203 33015
x 0 33016
p 0 204 33016
x 0 33017
p 0 201 33017
x 0 33018
p 0 202 33018
x 0 33019
p 0 204 33019
x 0 33020
p 0 201 33020
x 0 33021
p 0 209 33021
x 0 33022
p 0 235 33022
x 0 33023
p 0 203 33023
x 0 33024
p 0 207 33024
x 0 33025
p 0 201 33025
x 0 33026
p 0 202 33026
x 0 33027
p 0 204 33027
x 0 33028
p 0 202 33028
x 0 33029
p 0 250 33029
x 0 33030
p 0 208 33030
x 0 33031
p 0 205 33031
x 0 33032
p 0 204 33032
x 0 33033
p 0 243 33033
x 0 33034
p 0 210 33034
x 0 33035
p 0 200 33035
x 0 33036
p 0 240 33036
x 0 33037
p 0 208 33037
x 0 33038
p 0 203 33038
x 0 33039
p 0 204 33039
x 0 33040
p 0 203 33040
x 0 33041
p 0 241 33041
x 0 33042
p 0 207 33042
x 0 33043
p 0 200 33043
x 0 33044
p 0 204 33044
x 0 33045
p 0 199 33045
x 0 33046
p 0 198 33046
x 0 33047
p 0 196 33047
x 0 33048
p 0 239 33048
x 0 33049
p 0 203 33049
x 0 33050
p 0 197 33050
x 0 33051
p 0 208 33051
x 0 33052
p 0 202 33052
x 0 33053
p 0 196 33053
x 0 33054
p 0 203 33054
x 0 33055
p 0 248 33055
x 0 33056
p 0 200 33056
x 0 33057
p 0 199 33057
x 0 33058
p 0 198 33058
x 0 33059
p 0 200 33059
x 0 33060
p 0 202 33060
x 0 33061
p 0 216 33061
x 0 33062
p 0 245 33062
x 0 33000
x 1 33001
h 1 10.0.0.10
p 1 881 33001
x 2 33002
h 2 10.0.0.10
p 2 216 33002
x 0 33003
h 0 10.0.0.10
p 0 206 33003
x 1 33004
p 1 206 33004
p 0 1010546 33000
x 0 33005
p 0 199 33005
x 0 33006
p 0 198 33006
x 0 33007
p 0 203 33007
x 0 33008
p 0 201 33008
x 0 33009
p 0 218 33009
x 0 33010
p 0 203 33010
x 0 33011
p 0 202 33011
x 0 33012
p 0 201 33012
x 0 33013
p 0 203 33013
x 0 33014
p 0 198 33014
x 0 33015
p 0 199 33015
x 0 33016
p 0 198 33016
x 0 33017
p 0 203 33017
x 0 33018
p 0 199 33018
x 0 33019
p 0 202 33019
x 0 33020
p 0 213 33020
x 0 33021
p 0 203 33021
x 0 33022
p 0 201 33022
x 0 33023
p 0 201 33023
x 0 33024
p 0 202 33024
x 0 33025
p 0 199 33025
x 0 33026
p 0 201 33026
x 0 33027
p 0 233 33027
x 0 33028
p 0 209 33028
x 0 33029
p 0 204 33029
x 0 33030
p 0 205 33030
x 0 33031
p 0 200 33031
x 0 33032
p 0 202 33032
x 0 33033
p 0 202 33033
x 0 33034
p 0 200 33034
x 0 33035
p 0 203 33035
x 0 33036
p 0 200 33036
x 0 33037
p 0 201 33037
x 0 33038
p 0 200 33038
x 0 33039
p 0 201 33039
x 0 33040
p 0 201 33040
x 0 33041
p 0 202 33041
x 0 33042
p 0 200 33042
x 0 33043
p 0 201 33043
x 0 33044
p 0 202 33044
x 0 33045
p 0 207 33045
x 0 33046
p 0 204 33046
x 0 33047
p 0 208 33047
x 0 33048
p 0 203 33048
x 0 33049
p 0 201 33049
x 0 33050
p 0 275 33050
x 0 33051
p 0 204 33051
x 0 33052
p 0 202 33052
x 0 33053
p 0 201 33053
x 0 33054
p 0 203 33054
x 0 33055
p 0 201 33055
x 0 33056
p 0 201 33056
x 0 33057
p 0 206 33057
x 0 33058
p 0 199 33058
x 0 33059
p 0 201 33059
x 0 33060
p 0 202 33060
x 0 33061
p 0 204 33061
x 0 33062
p 0 204 33062
x 0 33000
x 1 33001
h 1 10.0.0.10
p 1 544 33001
x 2 33002
h 2 10.0.0.10
p 2 200 33002
x 0 33003
h 0 10.0.0.10
p 0 199 33003
x 1 33004
p 1 198 33004
p 0 1002431 33000
x 0 33005
p 0 199 33005
x 0 33006
p 0 198 33006
x 0 33007
p 0 199 33007
x 0 33008
p 0 199 33008
x 0 33009
p 0 228 33009
x 0 33010
p 0 199 33010
x 0 33011
p 0 167 33011
x 0 33012
p 0 171 33012
x 0 33013
p 0 199 33013
x 0 33014
p 0 196 33014
x 0 33015
p 0 196 33015
x 0 33016
p 0 200 33016
x 0 33017
p 0 201 33017
x 0 33018
p 0 199 33018
x 0 33019
p 0 198 33019
x 0 33020
p 0 198 33020
x 0 33021
p 0 196 33021
x 0 33022
p 0 202 33022
x 0 33023
p 0 155 33023
x 0 33024
p 0 155 33024
x 0 33025
p 0 206 33025
x 0 33026
p 0 206 33026
x 0 33027
p 0 172 33027
x 0 33028
p 0 172 33028
x 0 33029
p 0 172 33029
x 0 33030
p 0 384 33030
x 0 33031
p 0 342 33031
x 0 33032
p 0 335 33032
x 0 33033
p 0 291 33033
x 0 33034
p 0 60 33034
x 0 33035
p 0 162 33035
x 0 33036
p 0 163 33036
x 0 33037
p 0 57 33037
x 0 33038
p 0 161 33038
x 0 33039
p 0 160 33039
x 0 33040
p 0 157 33040
x 0 33041
p 0 161 33041
x 0 33042
p 0 166 33042
x 0 33043
p 0 165 33043
x 0 33044
p 0 163 33044
x 0 33045
p 0 163 33045
x 0 33046
p 0 166 33046
x 0 33047
p 0 159 33047
x 0 33048
p 0 161 33048
x 0 33049
p 0 163 33049
x 0 33050
p 0 162 33050
x 0 33051
p 0 157 33051
x 0 33052
p 0 167 33052
x 0 33053
p 0 158 33053
x 0 33054
p 0 166 33054
x 0 33055
p 0 164 33055
x 0 33056
p 0 205 33056
x 0 33057
p 0 161 33057
x 0 33058
p 0 167 33058
x 0 33059
p 0 166 33059
x 0 33060
p 0 196 33060
x 0 33061
p 0 172 33061
x 0 33062
p 0 168 33062
x 0 33000
x 1 33001
h 1 10.0.0.10
p 1 1074 33001
x 2 33002
h 2 10.0.0.10
p 2 163 33002
x 0 33003
h 0 10.0.0.10
p 0 203 33003
x 1 33004
p 1 287 33004
p 0 1020375 33000
x 0 33005
p 0 206 33005
x 0 33006
p 0 176 33006
x 0 33007
p 0 194 33007
x 0 33008
p 0 309 33008
x 0 33009
p 0 215 33009
x 0 33010
p 0 209 33010
x 0 33011
p 0 173 33011
x 0 33012
p 0 183 33012
x 0 33013
p 0 175 33013
x 0 33014
p 0 174 33014
x 0 33015
p 0 179 33015
x 0 33016
p 0 180 33016
x 0 33017
p 0 264 33017
x 0 33018
p 0 175 33018
x 0 33019
p 0 221 33019
x 0 33020
p 0 181 33020
x 0 33021
p 0 195 33021
x 0 33022
p 0 192 33022
x 0 33023
p 0 225 33023
x 0 33024
p 0 176 33024
x 0 33025
p 0 184 33025
x 0 33026
p 0 220 33026
x 0 33027
p 0 199 33027
x 0 33028
p 0 217 33028
x 0 33029
p 0 290 33029
x 0 33030
p 0 219 33030
x 0 33031
p 0 233 33031
x 0 33032
p 0 206 33032
x 0 33033
p 0 250 33033
x 0 33034
p 0 207 33034
x 0 33035
p 0 217 33035
x 0 33036
p 0 214 33036
x 0 33037
p 0 352 33037
x 0 33038
p 0 347 33038
x 0 33039
p 0 266 33039
x 0 33040
p 0 384 33040
x 0 33041
p 0 180 33041
x 0 33042
p 0 177 33042
x 0 33043
p 0 174 33043
x 0 33044
p 0 329 33044
x 0 33045
p 0 390 33045
x 0 33046
p 0 260 33046
x 0 33047
p 0 348 33047
x 0 33048
p 0 379 33048
x 0 33049
p 0 347 33049
x 0 33050
p 0 221 33050
x 0 33051
p 0 343 33051
x 0 33052
p 0 342 33052
x 0 33053
p 0 427 33053
x 0 33054
p 0 345 33054
x 0 33055
p 0 206 33055
x 0 33056
p 0 224 33056
x 0 33057
p 0 263 33057
x 0 33058
p 0 307 33058
x 0 33059
p 0 413 33059
x 0 33060
p 0 209 33060
x 0 33061
p 0 203 33061
x 0 33062
p 0 204 33062
x 0 33000
x 1 33001
h 1 10.0.0.10
p 1 895 33001
x 2 33002
h 2 10.0.0.10
p 2 201 33002
x 0 33003
h 0 10.0.0.10
p 0 200 33003
x 1 33004
p 1 199 33004
p 0 1018246 33000
x 0 33005
p 0 199 33005
x 0 33006
p 0 199 33006
x 0 33007
p 0 207 33007
x 0 33008
p 0 204 33008
x 0 33009
p 0 237 33009
x 0 33010
p 0 203 33010
x 0 33011
p 0 233 33011
x 0 33012
p 0 200 33012
x 0 33013
p 0 248 33013
x 0 33014
p 0 203 33014
x 0 33015
p 0 203 33015
x 0 33016
p 0 200 33016
x 0 33017
p 0 244 33017
x 0 33018
p 0 222 33018
x 0 33019
p 0 203 33019
x 0 33020
p 0 202 33020
x 0 33021
p 0 206 33021
x 0 33022
p 0 204 33022
x 0 33023
p 0 202 33023
x 0 33024
p 0 246 33024
x 0 33025
p 0 207 33025
x 0 33026
p 0 198 33026
x 0 33027
p 0 201 33027
x 0 33028
p 0 200 33028
x 0 33029
p 0 206 33029
x 0 33030
p 0 153 33030
x 0 33031
p 0 198 33031
x 0 33032
p 0 201 33032
x 0 33033
p 0 203 33033
x 0 33034
p 0 204 33034
x 0 33035
p 0 307 33035
x 0 33036
p 0 205 33036
x 0 33037
p 0 205 33037
x 0 33038
p 0 169 33038
x 0 33039
p 0 185 33039
x 0 33040
p 0 184 33040
x 0 33041
p 0 233 33041
x 0 33042
p 0 169 33042
x 0 33043
p 0 168 33043
x 0 33044
p 0 169 33044
x 0 33045
p 0 217 33045
x 0 33046
p 0 206 33046
x 0 33047
p 0 202 33047
x 0 33048
p 0 202 33048
x 0 33049
p 0 246 33049
x 0 33050
p 0 157 33050
x 0 33051
p 0 201 33051
x 0 33052
p 0 201 33052
x 0 33053
p 0 164 33053
x 0 33054
p 0 161 33054
x 0 33055
p 0 159 33055
x 0 33056
p 0 235 33056
x 0 33057
p 0 200 33057
x 0 33058
p 0 203 33058
x 0 33059
p 0 202 33059
x 0 33060
p 0 223 33060
x 0 33061
p 0 201 33061
x 0 33062
p 0 200 33062
x 0 33000
x 1 33001
h 1 10.0.0.10
p 1 888 33001
x 2 33002
h 2 10.0.0.10
p 2 200 33002
x 0 33003
h 0 10.0.0.10
p 0 200 33003
x 1 33004
p 1 289 33004
p 0 1002168 33000
x 0 33005
p 0 197 33005
x 0 33006
p 0 197 33006
x 0 33007
p 0 202 33007
x 0 33008
p 0 200 33008
x 0 33009
p 0 207 33009
x 0 33010
p 0 222 33010
x 0 33011
p 0 201 33011
x 0 33012
p 0 202 33012
x 0 33013
p 0 208 33013
x 0 33014
p 0 205 33014
x 0 33015
p 0 201 33015
x 0 33016
p 0 204 33016
x 0 33017
p 0 203 33017
x 0 33018
p 0 203 33018
x 0 33019
p 0 202 33019
x 0 33020
p 0 197 33020
x 0 33021
p 0 203 33021
x 0 33022
p 0 204 33022
x 0 33023
p 0 203 33023
x 0 33024
p 0 203 33024
x 0 33025
p 0 202 33025
x 0 33026
p 0 207 33026
x 0 33027
p 0 202 33027
x 0 33028
p 0 206 33028
x 0 33029
p 0 205 33029
x 0 33030
p 0 246 33030
x 0 33031
p 0 204 33031
x 0 33032
p 0 203 33032
x 0 33033
p 0 207 33033
x 0 33034
p 0 205 33034
x 0 33035
p 0 246 33035
x 0 33036
p 0 233 33036
x 0 33037
p 0 174 33037
x 0 33038
p 0 207 33038
x 0 33039
p 0 208 33039
x 0 33040
p 0 199 33040
x 0 33041
p 0 174 33041
x 0 33042
p 0 205 33042
x 0 33043
p 0 207 33043
x 0 33044
p 0 174 33044
x 0 33045
p 0 192 33045
x 0 33046
p 0 204 33046
x 0 33047
p 0 203 33047
x 0 33048
p 0 171 33048
x 0 33049
p 0 173 33049
x 0 33050
p 0 168 33050
x 0 33051
p 0 198 33051
x 0 33052
p 0 217 33052
x 0 33053
p 0 171 33053
x 0 33054
p 0 175 33054
x 0 33055
p 0 194 33055
x 0 33056
p 0 171 33056
x 0 33057
p 0 168 33057
x 0 33058
p 0 161 33058
x 0 33059
p 0 165 33059
x 0 33060
p 0 156 33060
x 0 33061
p 0 160 33061
x 0 33062
p 0 166 33062
x 0 33000
x 1 33001
h 1 10.0.0.10
p 1 655 33001
x 2 33002
h 2 10.0.0.10
p 2 198 33002
x 0 33003
h 0 10.0.0.10
p 0 201 33003
x 1 33004
p 1 166 33004
p 0 1007330 33000
x 0 33005
p 0 211 33005
x 0 33006
p 0 205 33006
x 0 33007
p 0 242 33007
x 0 33008
p 0 205 33008
x 0 33009
p 0 203 33009
x 0 33010
p 0 201 33010
x 0 33011
p 0 201 33011
x 0 33012
p 0 171 33012
x 0 33013
p 0 200 33013
x 0 33014
p 0 174 33014
x 0 33015
p 0 223 33015
x 0 33016
p 0 169 33016
x 0 33017
p 0 172 33017
x 0 33018
p 0 167 33018
x 0 33019
p 0 196 33019
x 0 33020
p 0 164 33020
x 0 33021
p 0 164 33021
x 0 33022
p 0 284 33022
x 0 33023
p 0 194 33023
x 0 33024
p 0 158 33024
x 0 33025
p 0 159 33025
x 0 33026
p 0 160 33026
x 0 33027
p 0 161 33027
x 0 33028
p 0 163 33028
x 0 33029
p 0 166 33029
x 0 33030
p 0 206 33030
x 0 33031
p 0 163 33031
x 0 33032
p 0 206 33032
x 0 33033
p 0 291 33033
x 0 33034
p 0 263 33034
x 0 33035
p 0 203 33035
x 0 33036
p 0 205 33036
x 0 33037
p 0 205 33037
x 0 33038
p 0 203 33038
x 0 33039
p 0 201 33039
x 0 33040
p 0 203 33040
x 0 33041
p 0 237 33041
x 0 33042
p 0 202 33042
x 0 33043
p 0 202 33043
x 0 33044
p 0 199 33044
x 0 33045
p 0 202 33045
x 0 33046
p 0 201 33046
x 0 33047
p 0 204 33047
x 0 33048
p 0 202 33048
x 0 33049
p 0 206 33049
x 0 33050
p 0 204 33050
x 0 33051
p 0 203 33051
x 0 33052
p 0 235 33052
x 0 33053
p 0 215 33053
x 0 33054
p 0 211 33054
x 0 33055
p 0 208 33055
x 0 33056
p 0 211 33056
x 0 33057
p 0 208 33057
x 0 33058
p 0 207 33058
x 0 33059
p 0 236 33059
x 0 33060
p 0 209 33060
x 0 33061
p 0 208 33061
x 0 33062
p 0 204 33062
x 0 33000
x 1 33001
h 1 10.0.0.10
p 1 1095 33001
x 2 33002
h 2 10.0.0.10
p 2 203 33002
x 0 33003
h 0 10.0.0.10
p 0 207 33003
x 1 33004
p 1 198 33004
p 0 1003300 33000
x 0 33005
p 0 198 33005
x 0 33006
p 0 202 33006
x 0 33007
p 0 253 33007
x 0 33008
p 0 203 33008
x 0 33009
p 0 210 33009
x 0 33010
p 0 211 33010
x 0 33011
p 0 202 33011
x 0 33012
p 0 203 33012
x 0 33013
p 0 202 33013
x 0 33014
p 0 204 33014
x 0 33015
p 0 204 33015
x 0 33016
p 0 201 33016
x 0 33017
p 0 203 33017
x 0 33018
p 0 202 33018
x 0 33019
p 0 203 33019
x 0 33020
p 0 205 33020
x 0 33021
p 0 203 33021
x 0 33022
p 0 195 33022
x 0 33023
p 0 202 33023
x 0 33024
p 0 201 33024
x 0 33025
p 0 201 33025
x 0 33026
p 0 206 33026
x 0 33027
p 0 204 33027
x 0 33028
p 0 308 33028
x 0 33029
p 0 254 33029
x 0 33030
p 0 271 33030
x 0 33031
p 0 236 33031
x 0 33032
p 0 201 33032
x 0 33033
p 0 206 33033
x 0 33034
p 0 269 33034
x 0 33035
p 0 201 33035
x 0 33036
p 0 232 33036
x 0 33037
p 0 202 33037
x 0 33038
p 0 205 33038
x 0 33039
p 0 235 33039
x 0 33040
p 0 203 33040
x 0 33041
p 0 369 33041
x 0 33042
p 0 243 33042
x 0 33043
p 0 204 33043
x 0 33044
p 0 206 33044
x 0 33045
p 0 222 33045
x 0 33046
p 0 200 33046
x 0 33047
p 0 202 33047
x 0 33048
p 0 244 33048
x 0 33049
p 0 209 33049
x 0 33050
p 0 206 33050
x 0 33051
p 0 203 33051
x 0 33052
p 0 203 33052
x 0 33053
p 0 209 33053
x 0 33054
p 0 212 33054
x 0 33055
p 0 283 33055
x 0 33056
p 0 202 33056
x 0 33057
p 0 202 33057
x 0 33058
p 0 205 33058
x 0 33059
p 0 204 33059
x 0 33060
p 0 205 33060
x 0 33061
p 0 202 33061
x 0 33062
p 0 241 33062
x 0 33000
x 1 33001
h 1 10.0.0.10
p 1 763 33001
x 2 33002
h 2 10.0.0.10
p 2 201 33002
x 0 33003
h 0 10.0.0.10
p 0 132 33003
x 1 33004
p 1 300 33004
p 0 1029493 33000
x 0 33005
p 0 205 33005
x 0 33006
p 0 203 33006
x 0 33007
p 0 123 33007
x 0 33008
p 0 203 33008
x 0 33009
p 0 237 33009
x 0 33010
p 0 203 33010
x 0 33011
p 0 284 33011
x 0 33012
p 0 202 33012
x 0 33013
p 0 200 33013
x 0 33014
p 0 216 33014
x 0 33015
p 0 214 33015
x 0 33016
p 0 301 33016
x 0 33017
p 0 198 33017
x 0 33018
p 0 200 33018
x 0 33019
p 0 199 33019
x 0 33020
p 0 180 33020
x 0 33021
p 0 198 33021
x 0 33022
p 0 275 33022
x 0 33023
p 0 239 33023
x 0 33024
p 0 199 33024
x 0 33025
p 0 245 33025
x 0 33026
p 0 280 33026
x 0 33027
p 0 199 33027
x 0 33028
p 0 203 33028
x 0 33029
p 0 201 33029
x 0 33030
p 0 283 33030
x 0 33031
p 0 201 33031
x 0 33032
p 0 204 33032
x 0 33033
p 0 202 33033
x 0 33034
p 0 200 33034
x 0 33035
p 0 205 33035
x 0 33036
p 0 205 33036
x 0 33037
p 0 204 33037
x 0 33038
p 0 285 33038
x 0 33039
p 0 297 33039
x 0 33040
p 0 201 33040
x 0 33041
p 0 199 33041
x 0 33042
p 0 290 33042
x 0 33043
p 0 285 33043
x 0 33044
p 0 201 33044
x 0 33045
p 0 200 33045
x 0 33046
p 0 284 33046
x 0 33047
p 0 282 33047
x 0 33048
p 0 202 33048
x 0 33049
p 0 201 33049
x 0 33050
p 0 283 33050
x 0 33051
p 0 202 33051
x 0 33052
p 0 294 33052
x 0 33053
p 0 205 33053
x 0 33054
p 0 291 33054
x 0 33055
p 0 280 33055
x 0 33056
p 0 206 33056
x 0 33057
p 0 280 33057
x 0 33058
p 0 283 33058
x 0 33059
p 0 284 33059
x 0 33060
p 0 203 33060
x 0 33061
p 0 281 33061
x 0 33062
p 0 201 33062
x 0 33000
x 1 33001
h 1 10.0.0.10
p 1 751 33001
x 2 33002
h 2 10.0.0.10
p 2 329 33002
x 0 33003
h 0 10.0.0.10
p 0 134 33003
x 1 33004
p 1 201 33004
p 0 1020782 33000
x 0 33005
p 0 237 33005
x 0 33006
p 0 211 33006
x 0 33007
p 0 257 33007
x 0 33008
p 0 174 33008
x 0 33009
p 0 216 33009
x 0 33010
p 0 178 33010
x 0 33011
p 0 221 33011
x 0 33012
p 0 172 33012
x 0 33013
p 0 204 33013
x 0 33014
p 0 180 33014
x 0 33015
p 0 174 33015
x 0 33016
p 0 206 33016
x 0 33017
p 0 207 33017
x 0 33018
p 0 176 33018
x 0 33019
p 0 178 33019
x 0 33020
p 0 207 33020
x 0 33021
p 0 193 33021
x 0 33022
p 0 210 33022
x 0 33023
p 0 175 33023
x 0 33024
p 0 209 33024
x 0 33025
p 0 213 33025
x 0 33026
p 0 260 33026
x 0 33027
p 0 266 33027
x 0 33028
p 0 261 33028
x 0 33029
p 0 260 33029
x 0 33030
p 0 164 33030
x 0 33031
p 0 164 33031
x 0 33032
p 0 196 33032
x 0 33033
p 0 200 33033
x 0 33034
p 0 200 33034
x 0 33035
p 0 163 33035
x 0 33036
p 0 197 33036
x 0 33037
p 0 198 33037
x 0 33038
p 0 202 33038
x 0 33039
p 0 164 33039
x 0 33040
p 0 197 33040
x 0 33041
p 0 191 33041
x 0 33042
p 0 196 33042
x 0 33043
p 0 164 33043
x 0 33044
p 0 158 33044
x 0 33045
p 0 219 33045
x 0 33046
p 0 196 33046
x 0 33047
p 0 163 33047
x 0 33048
p 0 197 33048
x 0 33049
p 0 189 33049
x 0 33050
p 0 199 33050
x 0 33051
p 0 173 33051
x 0 33052
p 0 200 33052
x 0 33053
p 0 200 33053
x 0 33054
p 0 203 33054
x 0 33055
p 0 175 33055
x 0 33056
p 0 198 33056
x 0 33057
p 0 199 33057
x 0 33058
p 0 199 33058
x 0 33059
p 0 174 33059
x 0 33060
p 0 199 33060
x 0 33061
p 0 199 33061
x 0 33062
p 0 200 33062
x 0 33000
x 1 33001
h 1 10.0.0.10
p 1 671 33001
x 2 33002
h 2 10.0.0.10
p 2 199 33002
x 0 33003
h 0 10.0.0.10
p 0 200 33003
x 1 33004
p 1 196 33004
p 0 1027257 33000
x 0 33005
p 0 183 33005
x 0 33006
p 0 218 33006
x 0 33007
p 0 227 33007
x 0 33008
p 0 202 33008
x 0 33009
p 0 200 33009
x 0 33010
p 0 210 33010
x 0 33011
p 0 331 33011
x 0 33012
p 0 193 33012
x 0 33013
p 0 201 33013
x 0 33014
p 0 245 33014
x 0 33015
p 0 383 33015
x 0 33016
p 0 396 33016
x 0 33017
p 0 448 33017
x 0 33018
p 0 342 33018
x 0 33019
p 0 344 33019
x 0 33020
p 0 360 33020
x 0 33021
p 0 352 33021
x 0 33022
p 0 359 33022
x 0 33023
p 0 358 33023
x 0 33024
p 0 220 33024
x 0 33025
p 0 201 33025
x 0 33026
p 0 202 33026
x 0 33027
p 0 202 33027
x 0 33028
p 0 200 33028
x 0 33029
p 0 202 33029
x 0 33030
p 0 207 33030
x 0 33031
p 0 183 33031
x 0 33032
p 0 213 33032
x 0 33033
p 0 305 33033
x 0 33034
p 0 199 33034
x 0 33035
p 0 205 33035
x 0 33036
p 0 242 33036
x 0 33037
p 0 362 33037
x 0 33038
p 0 341 33038
x 0 33039
p 0 360 33039
x 0 33040
p 0 363 33040
x 0 33041
p 0 339 33041
x 0 33042
p 0 383 33042
x 0 33043
p 0 196 33043
x 0 33044
p 0 203 33044
x 0 33045
p 0 200 33045
x 0 33046
p 0 198 33046
x 0 33047
p 0 198 33047
x 0 33048
p 0 201 33048
x 0 33049
p 0 200 33049
x 0 33050
p 0 199 33050
x 0 33051
p 0 174 33051
x 0 33052
p 0 201 33052
x 0 33053
p 0 203 33053
x 0 33054
p 0 201 33054
x 0 33055
p 0 178 33055
x 0 33056
p 0 202 33056
x 0 33057
p 0 258 33057
x 0 33058
p 0 198 33058
x 0 33059
p 0 171 33059
x 0 33060
p 0 207 33060
x 0 33061
p 0 197 33061
x 0 33062
p 0 196 33062
x 0 33000
x 1 33001
h 1 10.0.0.10
p 1 502 33001
x 2 33002
h 2 10.0.0.10
p 2 223 33002
x 0 33003
h 0 10.0.0.10
p 0 202 33003
x 1 33004
p 1 196 33004
p 0 1005835 33000
x 0 33005
p 0 205 33005
x 0 33006
p 0 299 33006
x 0 33007
p 0 205 33007
x 0 33008
p 0 215 33008
x 0 33009
p 0 288 33009
x 0 33010
p 0 225 33010
x 0 33011
p 0 218 33011
x 0 33012
p 0 229 33012
x 0 33013
p 0 219 33013
x 0 33014
p 0 203 33014
x 0 33015
p 0 203 33015
x 0 33016
p 0 199 33016
x 0 33017
p 0 215 33017
x 0 33018
p 0 202 33018
x 0 33019
p 0 168 33019
x 0 33020
p 0 197 33020
x 0 33021
p 0 200 33021
x 0 33022
p 0 197 33022
x 0 33023
p 0 167 33023
x 0 33024
p 0 306 33024
x 0 33025
p 0 201 33025
x 0 33026
p 0 197 33026
x 0 33027
p 0 171 33027
x 0 33028
p 0 199 33028
x 0 33029
p 0 200 33029
x 0 33030
p 0 169 33030
x 0 33031
p 0 168 33031
x 0 33032
p 0 166 33032
x 0 33033
p 0 193 33033
x 0 33034
p 0 180 33034
x 0 33035
p 0 168 33035
x 0 33036
p 0 168 33036
x 0 33037
p 0 201 33037
x 0 33038
p 0 204 33038
x 0 33039
p 0 211 33039
x 0 33040
p 0 205 33040
x 0 33041
p 0 205 33041
x 0 33042
p 0 202 33042
x 0 33043
p 0 204 33043
x 0 33044
p 0 171 33044
x 0 33045
p 0 177 33045
x 0 33046
p 0 203 33046
x 0 33047
p 0 166 33047
x 0 33048
p 0 158 33048
x 0 33049
p 0 170 33049
x 0 33050
p 0 206 33050
x 0 33051
p 0 177 33051
x 0 33052
p 0 175 33052
x 0 33053
p 0 169 33053
x 0 33054
p 0 197 33054
x 0 33055
p 0 170 33055
x 0 33056
p 0 168 33056
x 0 33057
p 0 163 33057
x 0 33058
p 0 188 33058
x 0 33059
p 0 178 33059
x 0 33060
p 0 168 33060
x 0 33061
p 0 171 33061
x 0 33062
p 0 188 33062
x 0 33000
x 1 33001
h 1 10.0.0.10
p 1 678 33001
x 2 33002
h 2 10.0.0.10
p 2 197 33002
x 0 33003
h 0 10.0.0.10
p 0 203 33003
x 1 33004
p 1 211 33004
p 0 1003372 33000
x 0 33005
p 0 231 33005
x 0 33006
p 0 203 33006
x 0 33007
p 0 264 33007
x 0 33008
p 0 203 33008
x 0 33009
p 0 205 33009
x 0 33010
p 0 206 33010
x 0 33011
p 0 201 33011
x 0 33012
p 0 205 33012
x 0 33013
p 0 206 33013
x 0 33014
p 0 264 33014
x 0 33015
p 0 205 33015
x 0 33016
p 0 179 33016
x 0 33017
p 0 175 33017
x 0 33018
p 0 182 33018
x 0 33019
p 0 182 33019
x 0 33020
p 0 178 33020
x 0 33021
p 0 209 33021
x 0 33022
p 0 255 33022
x 0 33023
p 0 179 33023
x 0 33024
p 0 194 33024
x 0 33025
p 0 482 33025
x 0 33026
p 0 180 33026
x 0 33027
p 0 178 33027
x 0 33028
p 0 210 33028
x 0 33029
p 0 185 33029
x 0 33030
p 0 193 33030
x 0 33031
p 0 345 33031
x 0 33032
p 0 268 33032
x 0 33033
p 0 180 33033
x 0 33034
p 0 184 33034
x 0 33035
p 0 179 33035
x 0 33036
p 0 241 33036
x 0 33037
p 0 203 33037
x 0 33038
p 0 207 33038
x 0 33039
p 0 275 33039
x 0 33040
p 0 212 33040
x 0 33041
p 0 206 33041
x 0 33042
p 0 210 33042
x 0 33043
p 0 248 33043
x 0 33044
p 0 207 33044
x 0 33045
p 0 206 33045
x 0 33046
p 0 202 33046
x 0 33047
p 0 204 33047
x 0 33048
p 0 203 33048
x 0 33049
p 0 201 33049
x 0 33050
p 0 206 33050
x 0 33051
p 0 204 33051
x 0 33052
p 0 204 33052
x 0 33053
p 0 173 33053
x 0 33054
p 0 179 33054
x 0 33055
p 0 178 33055
x 0 33056
p 0 202 33056
x 0 33057
p 0 212 33057
x 0 33058
p 0 202 33058
x 0 33059
p 0 204 33059
x 0 33060
p 0 204 33060
x 0 33061
p 0 202 33061
x 0 33062
p 0 204 33062
x 0 33000
x 1 33001
h 1 10.0.0.10
p 1 632 33001
x 2 33002
h 2 10.0.0.10
p 2 244 33002
x 0 33003
h 0 10.0.0.10
p 0 185 33003
x 1 33004
p 1 200 33004
p 0 1020058 33000
x 0 33005
p 0 145 33005
x 0 33006
p 0 212 33006
x 0 33007
p 0 339 33007
x 0 33008
p 0 242 33008
x 0 33009
p 0 216 33009
x 0 33010
p 0 210 33010
x 0 33011
p 0 208 33011
x 0 33012
p 0 705 33012
x 0 33013
p 0 171 33013
x 0 33014
p 0 167 33014
x 0 33015
p 0 495 33015
x 0 33016
p 0 171 33016
x 0 33017
p 0 243 33017
x 0 33018
p 0 404 33018
x 0 33019
p 0 209 33019
x 0 33020
p 0 236 33020
x 0 33021
p 0 234 33021
x 0 33022
p 0 236 33022
x 0 33023
p 0 218 33023
x 0 33024
p 0 204 33024
x 0 33025
p 0 200 33025
x 0 33026
p 0 100 33026
x 0 33027
p 0 277 33027
x 0 33028
p 0 200 33028
x 0 33029
p 0 198 33029
x 0 33030
p 0 196 33030
x 0 33031
p 0 210 33031
x 0 33032
p 0 190 33032
x 0 33033
p 0 158 33033
x 0 33034
p 0 158 33034
x 0 33035
p 0 365 33035
x 0 33036
p 0 494 33036
x 0 33037
p 0 378 33037
x 0 33038
p 0 279 33038
x 0 33039
p 0 202 33039
x 0 33040
p 0 211 33040
x 0 33041
p 0 210 33041
x 0 33042
p 0 208 33042
x 0 33043
p 0 211 33043
x 0 33044
p 0 246 33044
x 0 33045
p 0 207 33045
x 0 33046
p 0 208 33046
x 0 33047
p 0 209 33047
x 0 33048
p 0 203 33048
x 0 33049
p 0 209 33049
x 0 33050
p 0 210 33050
x 0 33051
p 0 286 33051
x 0 33052
p 0 207 33052
x 0 33053
p 0 206 33053
x 0 33054
p 0 207 33054
x 0 33055
p 0 209 33055
x 0 33056
p 0 204 33056
x 0 33057
p 0 209 33057
x 0 33058
p 0 209 33058
x 0 33059
p 0 266 33059
x 0 33060
p 0 230 33060
x 0 33061
p 0 210 33061
x 0 33062
p 0 208 33062
x 0 33000
x 1 33001
h 1 10.0.0.10
p 1 984 33001
x 2 33002
h 2 10.0.0.10
p 2 227 33002
x 0 33003
h 0 10.0.0.10
p 0 215 33003
x 1 33004
p 1 210 33004
p 0 1026373 33000
x 0 33005
p 0 211 33005
x 0 33006
p 0 182 33006
x 0 33007
p 0 211 33007
x 0 33008
p 0 210 33008
x 0 33009
p 0 222 33009
x 0 33010
p 0 206 33010
x 0 33011
p 0 209 33011
x 0 33012
p 0 208 33012
x 0 33013
p 0 210 33013
x 0 33014
p 0 239 33014
x 0 33015
p 0 206 33015
x 0 33016
p 0 208 33016
x 0 33017
p 0 207 33017
x 0 33018
p 0 209 33018
x 0 33019
p 0 211 33019
x 0 33020
p 0 211 33020
x 0 33021
p 0 210 33021
x 0 33022
p 0 212 33022
x 0 33023
p 0 209 33023
x 0 33024
p 0 208 33024
x 0 33025
p 0 204 33025
x 0 33026
p 0 182 33026
x 0 33027
p 0 179 33027
x 0 33028
p 0 182 33028
x 0 33029
p 0 213 33029
x 0 33030
p 0 209 33030
x 0 33031
p 0 247 33031
x 0 33032
p 0 211 33032
x 0 33033
p 0 210 33033
x 0 33034
p 0 231 33034
x 0 33035
p 0 206 33035
x 0 33036
p 0 205 33036
x 0 33037
p 0 206 33037
x 0 33038
p 0 248 33038
x 0 33039
p 0 211 33039
x 0 33040
p 0 206 33040
x 0 33041
p 0 205 33041
x 0 33042
p 0 206 33042
x 0 33043
p 0 205 33043
x 0 33044
p 0 207 33044
x 0 33045
p 0 203 33045
x 0 33046
p 0 169 33046
x 0 33047
p 0 205 33047
x 0 33048
p 0 204 33048
x 0 33049
p 0 208 33049
x 0 33050
p 0 203 33050
x 0 33051
p 0 206 33051
x 0 33052
p 0 206 33052
x 0 33053
p 0 205 33053
x 0 33054
p 0 208 33054
x 0 33055
p 0 201 33055
x 0 33056
p 0 200 33056
x 0 33057
p 0 203 33057
x 0 33058
p 0 201 33058
x 0 33059
p 0 205 33059
x 0 33060
p 0 198 33060
x 0 33061
p 0 202 33061
x 0 33062
p 0 178 33062
x 0 33000
x 1 33001
h 1 10.0.0.10
p 1 1219 33001
x 2 33002
h 2 10.0.0.10
p 2 197 33002
x 0 33003
h 0 10.0.0.10
p 0 205 33003
x 1 33004
p 1 208 33004
p 0 1000799 33000
x 0 33005
p 0 232 33005
x 0 33006
p 0 204 33006
x 0 33007
p 0 204 33007
x 0 33008
p 0 226 33008
x 0 33009
p 0 211 33009
x 0 33010
p 0 206 33010
x 0 33011
p 0 205 33011
x 0 33012
p 0 205 33012
x 0 33013
p 0 208 33013
x 0 33014
p 0 205 33014
x 0 33015
p 0 239 33015
x 0 33016
p 0 205 33016
x 0 33017
p 0 207 33017
x 0 33018
p 0 212 33018
x 0 33019
p 0 204 33019
x 0 33020
p 0 203 33020
x 0 33021
p 0 207 33021
x 0 33022
p 0 239 33022
x 0 33023
p 0 209 33023
x 0 33024
p 0 206 33024
x 0 33025
p 0 212 33025
x 0 33026
p 0 265 33026
x 0 33027
p 0 207 33027
x 0 33028
p 0 215 33028
x 0 33029
p 0 216 33029
x 0 33030
p 0 213 33030
x 0 33031
p 0 213 33031
x 0 33032
p 0 212 33032
x 0 33033
p 0 208 33033
x 0 33034
p 0 208 33034
x 0 33035
p 0 210 33035
x 0 33036
p 0 284 33036
x 0 33037
p 0 206 33037
x 0 33038
p 0 220 33038
x 0 33039
p 0 333 33039
x 0 33040
p 0 324 33040
x 0 33041
p 0 206 33041
x 0 33042
p 0 208 33042
x 0 33043
p 0 206 33043
x 0 33044
p 0 205 33044
x 0 33045
p 0 204 33045
x 0 33046
p 0 160 33046
x 0 33047
p 0 247 33047
x 0 33048
p 0 273 33048
x 0 33049
p 0 189 33049
x 0 33050
p 0 166 33050
x 0 33051
p 0 159 33051
x 0 33052
p 0 201 33052
x 0 33053
p 0 199 33053
x 0 33054
p 0 202 33054
x 0 33055
p 0 204 33055
x 0 33056
p 0 161 33056
x 0 33057
p 0 164 33057
x 0 33058
p 0 167 33058
x 0 33059
p 0 164 33059
x 0 33060
p 0 200 33060
x 0 33061
p 0 198 33061
x 0 33062
p 0 199 33062
x 0 33000
x 1 33001
h 1 10.0.0.10
p 1 583 33001
x 2 33002
h 2 10.0.0.10
p 2 197 33002
x 0 33003
h 0 10.0.0.10
p 0 201 33003
x 1 33004
p 1 198 33004
p 0 1002622 33000
x 0 33005
p 0 206 33005
x 0 33006
p 0 208 33006
x 0 33007
p 0 217 33007
x 0 33008
p 0 210 33008
x 0 33009
p 0 210 33009
x 0 33010
p 0 293 33010
x 0 33011
p 0 200 33011
x 0 33012
p 0 202 33012
x 0 33013
p 0 201 33013
x 0 33014
p 0 204 33014
x 0 33015
p 0 204 33015
x 0 33016
p 0 211 33016
x 0 33017
p 0 209 33017
x 0 33018
p 0 210 33018
x 0 33019
p 0 199 33019
x 0 33020
p 0 202 33020
x 0 33021
p 0 201 33021
x 0 33022
p 0 202 33022
x 0 33023
p 0 302 33023
x 0 33024
p 0 202 33024
x 0 33025
p 0 203 33025
x 0 33026
p 0 292 33026
x 0 33027
p 0 277 33027
x 0 33028
p 0 203 33028
x 0 33029
p 0 212 33029
x 0 33030
p 0 209 33030
x 0 33031
p 0 208 33031
x 0 33032
p 0 180 33032
x 0 33033
p 0 206 33033
x 0 33034
p 0 205 33034
x 0 33035
p 0 211 33035
x 0 33036
p 0 208 33036
x 0 33037
p 0 207 33037
x 0 33038
p 0 312 33038
x 0 33039
p 0 211 33039
x 0 33040
p 0 207 33040
x 0 33041
p 0 199 33041
x 0 33042
p 0 203 33042
x 0 33043
p 0 202 33043
x 0 33044
p 0 200 33044
x 0 33045
p 0 131 33045
x 0 33046
p 0 207 33046
x 0 33047
p 0 207 33047
x 0 33048
p 0 231 33048
x 0 33049
p 0 173 33049
x 0 33050
p 0 198 33050
x 0 33051
p 0 199 33051
x 0 33052
p 0 200 33052
x 0 33053
p 0 170 33053
x 0 33054
p 0 196 33054
x 0 33055
p 0 198 33055
x 0 33056
p 0 180 33056
x 0 33057
p 0 177 33057
x 0 33058
p 0 169 33058
x 0 33059
p 0 197 33059
x 0 33060
p 0 152 33060
x 0 33061
p 0 166 33061
x 0 33062
p 0 171 33062
x 0 33000
x 1 33001
h 1 10.0.0.10
p 1 497 33001
x 2 33002
h 2 10.0.0.10
p 2 202 33002
x 0 33003
h 0 10.0.0.10
p 0 241 33003
x 1 33004
p 1 199 33004
p 0 1032040 33000
x 0 33005
p 0 204 33005
x 0 33006
p 0 203 33006
x 0 33007
p 0 204 33007
x 0 33008
p 0 209 33008
x 0 33009
p 0 177 33009
x 0 33010
p 0 206 33010
x 0 33011
p 0 199 33011
x 0 33012
p 0 198 33012
x 0 33013
p 0 240 33013
x 0 33014
p 0 208 33014
x 0 33015
p 0 206 33015
x 0 33016
p 0 251 33016
x 0 33017
p 0 208 33017
x 0 33018
p 0 201 33018
x 0 33019
p 0 199 33019
x 0 33020
p 0 200 33020
x 0 33021
p 0 197 33021
x 0 33022
p 0 196 33022
x 0 33023
p 0 200 33023
x 0 33024
p 0 197 33024
x 0 33025
p 0 211 33025
x 0 33026
p 0 202 33026
x 0 33027
p 0 195 33027
x 0 33028
p 0 387 33028
x 0 33029
p 0 246 33029
x 0 33030
p 0 250 33030
x 0 33031
p 0 231 33031
x 0 33032
p 0 200 33032
x 0 33033
p 0 203 33033
x 0 33034
p 0 233 33034
x 0 33035
p 0 209 33035
x 0 33036
p 0 229 33036
x 0 33037
p 0 199 33037
x 0 33038
p 0 201 33038
x 0 33039
p 0 239 33039
x 0 33040
p 0 204 33040
x 0 33041
p 0 201 33041
x 0 33042
p 0 249 33042
x 0 33043
p 0 203 33043
x 0 33044
p 0 205 33044
x 0 33045
p 0 241 33045
x 0 33046
p 0 206 33046
x 0 33047
p 0 200 33047
x 0 33048
p 0 203 33048
x 0 33049
p 0 208 33049
x 0 33050
p 0 203 33050
x 0 33051
p 0 202 33051
x 0 33052
p 0 199 33052
x 0 33053
p 0 201 33053
x 0 33054
p 0 306 33054
x 0 33055
p 0 234 33055
x 0 33056
p 0 200 33056
x 0 33057
p 0 199 33057
x 0 33058
p 0 200 33058
x 0 33059
p 0 204 33059
x 0 33060
p 0 202 33060
x 0 33061
p 0 202 33061
x 0 33062
p 0 193 33062
