x 0 33000
x 1 33001
x 2 33002
x 3 33003
x 4 33004
x 5 33005
x 6 33006
h 6 10.0.0.13
p 6 617 33006
h 4 10.0.0.13
p 4 226905 33004
h 5 10.0.0.13
p 5 148178 33005
x 7 33007
h 7 10.0.0.13
p 7 115 33007
x 0 33008
h 0 10.0.0.13
p 0 210 33008
x 1 33009
h 1 10.0.0.13
p 1 140 33009
p 0 1019040 33000
p 1 1014517 33001
h 2 10.0.0.13
p 2 1010843 33002
h 3 10.0.0.13
p 3 1006192 33003
x 0 33010
p 0 139 33010
x 0 33011
p 0 153 33011
x 0 33012
p 0 162 33012
x 0 33013
p 0 215 33013
x 0 33014
p 0 206 33014
x 0 33015
p 0 220 33015
x 0 33016
p 0 206 33016
x 0 33017
p 0 209 33017
x 0 33018
p 0 218 33018
x 0 33019
p 0 210 33019
x 0 33020
p 0 219 33020
x 0 33021
p 0 215 33021
x 0 33022
p 0 279 33022
x 0 33023
p 0 220 33023
x 0 33024
p 0 216 33024
x 0 33025
p 0 218 33025
x 0 33026
p 0 313 33026
x 0 33027
p 0 204 33027
x 0 33028
p 0 202 33028
x 0 33029
p 0 345 33029
x 0 33030
p 0 318 33030
x 0 33031
p 0 324 33031
x 0 33032
p 0 202 33032
x 0 33033
p 0 239 33033
x 0 33034
p 0 204 33034
x 0 33035
p 0 212 33035
x 0 33036
p 0 223 33036
x 0 33037
p 0 211 33037
x 0 33038
p 0 206 33038
x 0 33039
p 0 203 33039
x 0 33040
p 0 247 33040
x 0 33041
p 0 213 33041
x 0 33042
p 0 315 33042
x 0 33043
p 0 213 33043
x 0 33044
p 0 314 33044
x 0 33045
p 0 223 33045
x 0 33046
p 0 218 33046
x 0 33047
p 0 243 33047
x 0 33048
p 0 210 33048
x 0 33049
p 0 246 33049
x 0 33050
p 0 225 33050
x 0 33051
p 0 218 33051
x 0 33052
p 0 218 33052
x 0 33053
p 0 212 33053
x 0 33054
p 0 209 33054
x 0 33055
p 0 221 33055
x 0 33056
p 0 220 33056
x 0 33057
p 0 214 33057
x 0 33058
p 0 210 33058
x 0 33059
p 0 212 33059
x 0 33060
p 0 203 33060
x 0 33061
p 0 219 33061
x 0 33062
p 0 210 33062
x 0 33063
p 0 201 33063
x 0 33064
p 0 224 33064
x 0 33065
p 0 213 33065
x 0 33066
p 0 236 33066
x 0 33067
p 0 205 33067
x 0 33000
x 1 33001
h 1 10.0.0.13
p 1 641 33001
x 2 33002
h 2 10.0.0.13
p 2 217 33002
x 0 33003
h 0 10.0.0.13
p 0 245 33003
x 1 33004
p 1 204 33004
p 0 1029690 33000
x 0 33005
p 0 203 33005
x 0 33006
p 0 232 33006
x 0 33007
p 0 210 33007
x 0 33008
p 0 220 33008
x 0 33009
p 0 213 33009
x 0 33010
p 0 205 33010
x 0 33011
p 0 223 33011
x 0 33012
p 0 221 33012
x 0 33013
p 0 221 33013
x 0 33014
p 0 222 33014
x 0 33015
p 0 201 33015
x 0 33016
p 0 208 33016
x 0 33017
p 0 191 33017
x 0 33018
p 0 225 33018
x 0 33019
p 0 176 33019
x 0 33020
p 0 282 33020
x 0 33021
p 0 243 33021
x 0 33022
p 0 221 33022
x 0 33023
p 0 213 33023
x 0 33024
p 0 258 33024
x 0 33025
p 0 175 33025
x 0 33026
p 0 207 33026
x 0 33027
p 0 177 33027
x 0 33028
p 0 174 33028
x 0 33029
p 0 179 33029
x 0 33030
p 0 173 33030
x 0 33031
p 0 173 33031
x 0 33032
p 0 205 33032
x 0 33033
p 0 176 33033
x 0 33034
p 0 172 33034
x 0 33035
p 0 164 33035
x 0 33036
p 0 167 33036
x 0 33037
p 0 227 33037
x 0 33038
p 0 220 33038
x 0 33039
p 0 248 33039
x 0 33040
p 0 173 33040
x 0 33041
p 0 208 33041
x 0 33042
p 0 208 33042
x 0 33043
p 0 169 33043
x 0 33044
p 0 751 33044
x 0 33045
p 0 163 33045
x 0 33046
p 0 163 33046
x 0 33047
p 0 158 33047
x 0 33048
p 0 206 33048
x 0 33049
p 0 261 33049
x 0 33050
p 0 207 33050
x 0 33051
p 0 207 33051
x 0 33052
p 0 204 33052
x 0 33053
p 0 203 33053
x 0 33054
p 0 263 33054
x 0 33055
p 0 186 33055
x 0 33056
p 0 230 33056
x 0 33057
p 0 201 33057
x 0 33058
p 0 205 33058
x 0 33059
p 0 207 33059
x 0 33060
p 0 205 33060
x 0 33061
p 0 207 33061
x 0 33062
p 0 207 33062
x 0 33000
x 1 33001
h 1 10.0.0.13
p 1 960 33001
x 2 33002
h 2 10.0.0.13
p 2 85 33002
x 0 33003
h 0 10.0.0.13
p 0 202 33003
x 1 33004
p 1 200 33004
p 0 1003837 33000
x 0 33005
p 0 199 33005
x 0 33006
p 0 231 33006
x 0 33007
p 0 200 33007
x 0 33008
p 0 248 33008
x 0 33009
p 0 256 33009
x 0 33010
p 0 240 33010
x 0 33011
p 0 263 33011
x 0 33012
p 0 228 33012
x 0 33013
p 0 212 33013
x 0 33014
p 0 235 33014
x 0 33015
p 0 227 33015
x 0 33016
p 0 173 33016
x 0 33017
p 0 198 33017
x 0 33018
p 0 187 33018
x 0 33019
p 0 196 33019
x 0 33020
p 0 199 33020
x 0 33021
p 0 130 33021
x 0 33022
p 0 199 33022
x 0 33023
p 0 197 33023
x 0 33024
p 0 198 33024
x 0 33025
p 0 228 33025
x 0 33026
p 0 202 33026
x 0 33027
p 0 204 33027
x 0 33028
p 0 250 33028
x 0 33029
p 0 201 33029
x 0 33030
p 0 204 33030
x 0 33031
p 0 205 33031
x 0 33032
p 0 203 33032
x 0 33033
p 0 131 33033
x 0 33034
p 0 435 33034
x 0 33035
p 0 361 33035
x 0 33036
p 0 363 33036
x 0 33037
p 0 331 33037
x 0 33038
p 0 331 33038
x 0 33039
p 0 503 33039
x 0 33040
p 0 171 33040
x 0 33041
p 0 168 33041
x 0 33042
p 0 201 33042
x 0 33043
p 0 205 33043
x 0 33044
p 0 238 33044
x 0 33045
p 0 236 33045
x 0 33046
p 0 201 33046
x 0 33047
p 0 201 33047
x 0 33048
p 0 176 33048
x 0 33049
p 0 206 33049
x 0 33050
p 0 205 33050
x 0 33051
p 0 203 33051
x 0 33052
p 0 229 33052
x 0 33053
p 0 214 33053
x 0 33054
p 0 206 33054
x 0 33055
p 0 210 33055
x 0 33056
p 0 211 33056
x 0 33057
p 0 211 33057
x 0 33058
p 0 208 33058
x 0 33059
p 0 206 33059
x 0 33060
p 0 210 33060
x 0 33061
p 0 203 33061
x 0 33062
p 0 204 33062
x 0 33000
x 1 33001
h 1 10.0.0.13
p 1 733 33001
x 2 33002
h 2 10.0.0.13
p 2 173 33002
x 0 33003
h 0 10.0.0.13
p 0 210 33003
x 1 33004
p 1 201 33004
p 0 1015146 33000
x 0 33005
p 0 198 33005
x 0 33006
p 0 205 33006
x 0 33007
p 0 252 33007
x 0 33008
p 0 211 33008
x 0 33009
p 0 208 33009
x 0 33010
p 0 210 33010
x 0 33011
p 0 209 33011
x 0 33012
p 0 207 33012
x 0 33013
p 0 206 33013
x 0 33014
p 0 198 33014
x 0 33015
p 0 203 33015
x 0 33016
p 0 212 33016
x 0 33017
p 0 212 33017
x 0 33018
p 0 209 33018
x 0 33019
p 0 211 33019
x 0 33020
p 0 214 33020
x 0 33021
p 0 210 33021
x 0 33022
p 0 214 33022
x 0 33023
p 0 216 33023
x 0 33024
p 0 211 33024
x 0 33025
p 0 214 33025
x 0 33026
p 0 206 33026
x 0 33027
p 0 204 33027
x 0 33028
p 0 209 33028
x 0 33029
p 0 208 33029
x 0 33030
p 0 204 33030
x 0 33031
p 0 148 33031
x 0 33032
p 0 209 33032
x 0 33033
p 0 208 33033
x 0 33034
p 0 211 33034
x 0 33035
p 0 215 33035
x 0 33036
p 0 153 33036
x 0 33037
p 0 263 33037
x 0 33038
p 0 187 33038
x 0 33039
p 0 188 33039
x 0 33040
p 0 203 33040
x 0 33041
p 0 369 33041
x 0 33042
p 0 348 33042
x 0 33043
p 0 332 33043
x 0 33044
p 0 199 33044
x 0 33045
p 0 393 33045
x 0 33046
p 0 320 33046
x 0 33047
p 0 362 33047
x 0 33048
p 0 385 33048
x 0 33049
p 0 344 33049
x 0 33050
p 0 343 33050
x 0 33051
p 0 281 33051
x 0 33052
p 0 251 33052
x 0 33053
p 0 322 33053
x 0 33054
p 0 371 33054
x 0 33055
p 0 322 33055
x 0 33056
p 0 197 33056
x 0 33057
p 0 288 33057
x 0 33058
p 0 197 33058
x 0 33059
p 0 198 33059
x 0 33060
p 0 198 33060
x 0 33061
p 0 288 33061
x 0 33062
p 0 255 33062
x 0 33000
x 1 33001
h 1 10.0.0.13
p 1 771 33001
x 2 33002
h 2 10.0.0.13
p 2 202 33002
x 0 33003
h 0 10.0.0.13
p 0 247 33003
x 1 33004
p 1 198 33004
p 0 1022051 33000
x 0 33005
p 0 199 33005
x 0 33006
p 0 163 33006
x 0 33007
p 0 199 33007
x 0 33008
p 0 201 33008
x 0 33009
p 0 202 33009
x 0 33010
p 0 205 33010
x 0 33011
p 0 174 33011
x 0 33012
p 0 198 33012
x 0 33013
p 0 199 33013
x 0 33014
p 0 198 33014
x 0 33015
p 0 172 33015
x 0 33016
p 0 199 33016
x 0 33017
p 0 197 33017
x 0 33018
p 0 200 33018
x 0 33019
p 0 198 33019
x 0 33020
p 0 198 33020
x 0 33021
p 0 199 33021
x 0 33022
p 0 201 33022
x 0 33023
p 0 201 33023
x 0 33024
p 0 197 33024
x 0 33025
p 0 201 33025
x 0 33026
p 0 199 33026
x 0 33027
p 0 198 33027
x 0 33028
p 0 200 33028
x 0 33029
p 0 202 33029
x 0 33030
p 0 203 33030
x 0 33031
p 0 201 33031
x 0 33032
p 0 199 33032
x 0 33033
p 0 202 33033
x 0 33034
p 0 233 33034
x 0 33035
p 0 199 33035
x 0 33036
p 0 203 33036
x 0 33037
p 0 184 33037
x 0 33038
p 0 237 33038
x 0 33039
p 0 203 33039
x 0 33040
p 0 237 33040
x 0 33041
p 0 273 33041
x 0 33042
p 0 199 33042
x 0 33043
p 0 200 33043
x 0 33044
p 0 203 33044
x 0 33045
p 0 243 33045
x 0 33046
p 0 200 33046
x 0 33047
p 0 202 33047
x 0 33048
p 0 229 33048
x 0 33049
p 0 200 33049
x 0 33050
p 0 202 33050
x 0 33051
p 0 197 33051
x 0 33052
p 0 197 33052
x 0 33053
p 0 202 33053
x 0 33054
p 0 203 33054
x 0 33055
p 0 205 33055
x 0 33056
p 0 206 33056
x 0 33057
p 0 206 33057
x 0 33058
p 0 204 33058
x 0 33059
p 0 239 33059
x 0 33060
p 0 207 33060
x 0 33061
p 0 206 33061
x 0 33062
p 0 178 33062
x 0 33000
x 1 33001
h 1 10.0.0.13
p 1 812 33001
x 2 33002
h 2 10.0.0.13
p 2 481 33002
x 0 33003
h 0 10.0.0.13
p 0 364 33003
x 1 33004
p 1 203 33004
p 0 1014174 33000
x 0 33005
p 0 203 33005
x 0 33006
p 0 201 33006
x 0 33007
p 0 246 33007
x 0 33008
p 0 187 33008
x 0 33009
p 0 203 33009
x 0 33010
p 0 200 33010
x 0 33011
p 0 206 33011
x 0 33012
p 0 201 33012
x 0 33013
p 0 202 33013
x 0 33014
p 0 236 33014
x 0 33015
p 0 205 33015
x 0 33016
p 0 203 33016
x 0 33017
p 0 203 33017
x 0 33018
p 0 203 33018
x 0 33019
p 0 204 33019
x 0 33020
p 0 205 33020
x 0 33021
p 0 239 33021
x 0 33022
p 0 203 33022
x 0 33023
p 0 206 33023
x 0 33024
p 0 252 33024
x 0 33025
p 0 202 33025
x 0 33026
p 0 202 33026
x 0 33027
p 0 200 33027
x 0 33028
p 0 249 33028
x 0 33029
p 0 201 33029
x 0 33030
p 0 200 33030
x 0 33031
p 0 207 33031
x 0 33032
p 0 205 33032
x 0 33033
p 0 204 33033
x 0 33034
p 0 205 33034
x 0 33035
p 0 206 33035
x 0 33036
p 0 206 33036
x 0 33037
p 0 202 33037
x 0 33038
p 0 207 33038
x 0 33039
p 0 206 33039
x 0 33040
p 0 205 33040
x 0 33041
p 0 198 33041
x 0 33042
p 0 199 33042
x 0 33043
p 0 201 33043
x 0 33044
p 0 201 33044
x 0 33045
p 0 199 33045
x 0 33046
p 0 201 33046
x 0 33047
p 0 206 33047
x 0 33048
p 0 207 33048
x 0 33049
p 0 243 33049
x 0 33050
p 0 206 33050
x 0 33051
p 0 207 33051
x 0 33052
p 0 207 33052
x 0 33053
p 0 267 33053
x 0 33054
p 0 208 33054
x 0 33055
p 0 207 33055
x 0 33056
p 0 245 33056
x 0 33057
p 0 210 33057
x 0 33058
p 0 200 33058
x 0 33059
p 0 202 33059
x 0 33060
p 0 258 33060
x 0 33061
p 0 198 33061
x 0 33062
p 0 222 33062
x 0 33000
x 1 33001
h 1 10.0.0.13
p 1 895 33001
x 2 33002
h 2 10.0.0.13
p 2 239 33002
x 0 33003
h 0 10.0.0.13
p 0 202 33003
x 1 33004
p 1 203 33004
p 0 1001057 33000
x 0 33005
p 0 200 33005
x 0 33006
p 0 202 33006
x 0 33007
p 0 200 33007
x 0 33008
p 0 243 33008
x 0 33009
p 0 206 33009
x 0 33010
p 0 201 33010
x 0 33011
p 0 248 33011
x 0 33012
p 0 258 33012
x 0 33013
p 0 196 33013
x 0 33014
p 0 208 33014
x 0 33015
p 0 247 33015
x 0 33016
p 0 208 33016
x 0 33017
p 0 207 33017
x 0 33018
p 0 206 33018
x 0 33019
p 0 268 33019
x 0 33020
p 0 210 33020
x 0 33021
p 0 210 33021
x 0 33022
p 0 207 33022
x 0 33023
p 0 207 33023
x 0 33024
p 0 197 33024
x 0 33025
p 0 199 33025
x 0 33026
p 0 200 33026
x 0 33027
p 0 203 33027
x 0 33028
p 0 195 33028
x 0 33029
p 0 197 33029
x 0 33030
p 0 208 33030
x 0 33031
p 0 205 33031
x 0 33032
p 0 205 33032
x 0 33033
p 0 163 33033
x 0 33034
p 0 164 33034
x 0 33035
p 0 165 33035
x 0 33036
p 0 169 33036
x 0 33037
p 0 205 33037
x 0 33038
p 0 164 33038
x 0 33039
p 0 165 33039
x 0 33040
p 0 165 33040
x 0 33041
p 0 166 33041
x 0 33042
p 0 163 33042
x 0 33043
p 0 199 33043
x 0 33044
p 0 202 33044
x 0 33045
p 0 203 33045
x 0 33046
p 0 163 33046
x 0 33047
p 0 209 33047
x 0 33048
p 0 206 33048
x 0 33049
p 0 209 33049
x 0 33050
p 0 274 33050
x 0 33051
p 0 204 33051
x 0 33052
p 0 204 33052
x 0 33053
p 0 200 33053
x 0 33054
p 0 203 33054
x 0 33055
p 0 176 33055
x 0 33056
p 0 179 33056
x 0 33057
p 0 200 33057
x 0 33058
p 0 171 33058
x 0 33059
p 0 182 33059
x 0 33060
p 0 170 33060
x 0 33061
p 0 182 33061
x 0 33062
p 0 171 33062
x 0 33000
x 1 33001
h 1 10.0.0.13
p 1 948 33001
x 2 33002
h 2 10.0.0.13
p 2 203 33002
x 0 33003
h 0 10.0.0.13
p 0 210 33003
x 1 33004
p 1 213 33004
p 0 1018475 33000
x 0 33005
p 0 181 33005
x 0 33006
p 0 244 33006
x 0 33007
p 0 280 33007
x 0 33008
p 0 208 33008
x 0 33009
p 0 216 33009
x 0 33010
p 0 209 33010
x 0 33011
p 0 204 33011
x 0 33012
p 0 155 33012
x 0 33013
p 0 192 33013
x 0 33014
p 0 156 33014
x 0 33015
p 0 154 33015
x 0 33016
p 0 156 33016
x 0 33017
p 0 212 33017
x 0 33018
p 0 166 33018
x 0 33019
p 0 232 33019
x 0 33020
p 0 286 33020
x 0 33021
p 0 371 33021
x 0 33022
p 0 166 33022
x 0 33023
p 0 366 33023
x 0 33024
p 0 166 33024
x 0 33025
p 0 270 33025
x 0 33026
p 0 276 33026
x 0 33027
p 0 171 33027
x 0 33028
p 0 171 33028
x 0 33029
p 0 176 33029
x 0 33030
p 0 174 33030
x 0 33031
p 0 167 33031
x 0 33032
p 0 176 33032
x 0 33033
p 0 597 33033
x 0 33034
p 0 163 33034
x 0 33035
p 0 161 33035
x 0 33036
p 0 652 33036
x 0 33037
p 0 161 33037
x 0 33038
p 0 162 33038
x 0 33039
p 0 301 33039
x 0 33040
p 0 164 33040
x 0 33041
p 0 172 33041
x 0 33042
p 0 166 33042
x 0 33043
p 0 150 33043
x 0 33044
p 0 153 33044
x 0 33045
p 0 215 33045
x 0 33046
p 0 227 33046
x 0 33047
p 0 205 33047
x 0 33048
p 0 163 33048
x 0 33049
p 0 413 33049
x 0 33050
p 0 164 33050
x 0 33051
p 0 170 33051
x 0 33052
p 0 171 33052
x 0 33053
p 0 330 33053
x 0 33054
p 0 175 33054
x 0 33055
p 0 175 33055
x 0 33056
p 0 201 33056
x 0 33057
p 0 174 33057
x 0 33058
p 0 170 33058
x 0 33059
p 0 166 33059
x 0 33060
p 0 168 33060
x 0 33061
p 0 186 33061
x 0 33062
p 0 171 33062
x 0 33000
x 1 33001
h 1 10.0.0.13
p 1 527 33001
x 2 33002
h 2 10.0.0.13
p 2 196 33002
x 0 33003
h 0 10.0.0.13
p 0 199 33003
x 1 33004
p 1 197 33004
p 0 1029738 33000
x 0 33005
p 0 196 33005
x 0 33006
p 0 198 33006
x 0 33007
p 0 199 33007
x 0 33008
p 0 198 33008
x 0 33009
p 0 178 33009
x 0 33010
p 0 216 33010
x 0 33011
p 0 200 33011
x 0 33012
p 0 198 33012
x 0 33013
p 0 198 33013
x 0 33014
p 0 200 33014
x 0 33015
p 0 200 33015
x 0 33016
p 0 199 33016
x 0 33017
p 0 203 33017
x 0 33018
p 0 199 33018
x 0 33019
p 0 199 33019
x 0 33020
p 0 201 33020
x 0 33021
p 0 199 33021
x 0 33022
p 0 200 33022
x 0 33023
p 0 200 33023
x 0 33024
p 0 200 33024
x 0 33025
p 0 202 33025
x 0 33026
p 0 204 33026
x 0 33027
p 0 202 33027
x 0 33028
p 0 198 33028
x 0 33029
p 0 196 33029
x 0 33030
p 0 201 33030
x 0 33031
p 0 208 33031
x 0 33032
p 0 195 33032
x 0 33033
p 0 196 33033
x 0 33034
p 0 197 33034
x 0 33035
p 0 194 33035
x 0 33036
p 0 195 33036
x 0 33037
p 0 196 33037
x 0 33038
p 0 198 33038
x 0 33039
p 0 197 33039
x 0 33040
p 0 198 33040
x 0 33041
p 0 196 33041
x 0 33042
p 0 199 33042
x 0 33043
p 0 197 33043
x 0 33044
p 0 251 33044
x 0 33045
p 0 198 33045
x 0 33046
p 0 197 33046
x 0 33047
p 0 151 33047
x 0 33048
p 0 200 33048
x 0 33049
p 0 200 33049
x 0 33050
p 0 203 33050
x 0 33051
p 0 201 33051
x 0 33052
p 0 200 33052
x 0 33053
p 0 198 33053
x 0 33054
p 0 202 33054
x 0 33055
p 0 203 33055
x 0 33056
p 0 202 33056
x 0 33057
p 0 204 33057
x 0 33058
p 0 202 33058
x 0 33059
p 0 199 33059
x 0 33060
p 0 202 33060
x 0 33061
p 0 203 33061
x 0 33062
p 0 224 33062
x 0 33000
x 1 33001
h 1 10.0.0.13
p 1 960 33001
x 2 33002
h 2 10.0.0.13
p 2 168 33002
x 0 33003
h 0 10.0.0.13
p 0 199 33003
x 1 33004
p 1 199 33004
p 0 1006278 33000
x 0 33005
p 0 198 33005
x 0 33006
p 0 202 33006
x 0 33007
p 0 202 33007
x 0 33008
p 0 198 33008
x 0 33009
p 0 242 33009
x 0 33010
p 0 212 33010
x 0 33011
p 0 200 33011
x 0 33012
p 0 198 33012
x 0 33013
p 0 206 33013
x 0 33014
p 0 198 33014
x 0 33015
p 0 199 33015
x 0 33016
p 0 199 33016
x 0 33017
p 0 202 33017
x 0 33018
p 0 203 33018
x 0 33019
p 0 199 33019
x 0 33020
p 0 198 33020
x 0 33021
p 0 199 33021
x 0 33022
p 0 196 33022
x 0 33023
p 0 200 33023
x 0 33024
p 0 201 33024
x 0 33025
p 0 209 33025
x 0 33026
p 0 205 33026
x 0 33027
p 0 203 33027
x 0 33028
p 0 204 33028
x 0 33029
p 0 230 33029
x 0 33030
p 0 231 33030
x 0 33031
p 0 200 33031
x 0 33032
p 0 197 33032
x 0 33033
p 0 198 33033
x 0 33034
p 0 244 33034
x 0 33035
p 0 207 33035
x 0 33036
p 0 200 33036
x 0 33037
p 0 201 33037
x 0 33038
p 0 204 33038
x 0 33039
p 0 200 33039
x 0 33040
p 0 204 33040
x 0 33041
p 0 203 33041
x 0 33042
p 0 199 33042
x 0 33043
p 0 204 33043
x 0 33044
p 0 203 33044
x 0 33045
p 0 204 33045
x 0 33046
p 0 209 33046
x 0 33047
p 0 207 33047
x 0 33048
p 0 204 33048
x 0 33049
p 0 202 33049
x 0 33050
p 0 203 33050
x 0 33051
p 0 198 33051
x 0 33052
p 0 203 33052
x 0 33053
p 0 200 33053
x 0 33054
p 0 199 33054
x 0 33055
p 0 200 33055
x 0 33056
p 0 209 33056
x 0 33057
p 0 199 33057
x 0 33058
p 0 201 33058
x 0 33059
p 0 197 33059
x 0 33060
p 0 229 33060
x 0 33061
p 0 199 33061
x 0 33062
p 0 201 33062
x 0 33000
x 1 33001
h 1 10.0.0.13
p 1 687 33001
x 2 33002
h 2 10.0.0.13
p 2 96 33002
x 0 33003
h 0 10.0.0.13
p 0 314 33003
x 1 33004
p 1 202 33004
p 0 1029746 33000
x 0 33005
p 0 195 33005
x 0 33006
p 0 202 33006
x 0 33007
p 0 205 33007
x 0 33008
p 0 200 33008
x 0 33009
p 0 200 33009
x 0 33010
p 0 205 33010
x 0 33011
p 0 199 33011
x 0 33012
p 0 204 33012
x 0 33013
p 0 200 33013
x 0 33014
p 0 244 33014
x 0 33015
p 0 198 33015
x 0 33016
p 0 273 33016
x 0 33017
p 0 228 33017
x 0 33018
p 0 196 33018
x 0 33019
p 0 222 33019
x 0 33020
p 0 203 33020
x 0 33021
p 0 217 33021
x 0 33022
p 0 269 33022
x 0 33023
p 0 253 33023
x 0 33024
p 0 242 33024
x 0 33025
p 0 234 33025
x 0 33026
p 0 237 33026
x 0 33027
p 0 231 33027
x 0 33028
p 0 281 33028
x 0 33029
p 0 200 33029
x 0 33030
p 0 222 33030
x 0 33031
p 0 233 33031
x 0 33032
p 0 264 33032
x 0 33033
p 0 204 33033
x 0 33034
p 0 245 33034
x 0 33035
p 0 263 33035
x 0 33036
p 0 204 33036
x 0 33037
p 0 208 33037
x 0 33038
p 0 209 33038
x 0 33039
p 0 238 33039
x 0 33040
p 0 232 33040
x 0 33041
p 0 205 33041
x 0 33042
p 0 202 33042
x 0 33043
p 0 198 33043
x 0 33044
p 0 197 33044
x 0 33045
p 0 203 33045
x 0 33046
p 0 239 33046
x 0 33047
p 0 268 33047
x 0 33048
p 0 200 33048
x 0 33049
p 0 198 33049
x 0 33050
p 0 204 33050
x 0 33051
p 0 234 33051
x 0 33052
p 0 202 33052
x 0 33053
p 0 243 33053
x 0 33054
p 0 200 33054
x 0 33055
p 0 202 33055
x 0 33056
p 0 201 33056
x 0 33057
p 0 199 33057
x 0 33058
p 0 200 33058
x 0 33059
p 0 197 33059
x 0 33060
p 0 200 33060
x 0 33061
p 0 199 33061
x 0 33062
p 0 204 33062
x 0 33000
x 1 33001
h 1 10.0.0.13
p 1 923 33001
x 2 33002
h 2 10.0.0.13
p 2 238 33002
x 0 33003
h 0 10.0.0.13
p 0 198 33003
x 1 33004
p 1 238 33004
p 0 1027111 33000
x 0 33005
p 0 203 33005
x 0 33006
p 0 233 33006
x 0 33007
p 0 210 33007
x 0 33008
p 0 161 33008
x 0 33009
p 0 230 33009
x 0 33010
p 0 199 33010
x 0 33011
p 0 204 33011
x 0 33012
p 0 187 33012
x 0 33013
p 0 235 33013
x 0 33014
p 0 186 33014
x 0 33015
p 0 206 33015
x 0 33016
p 0 206 33016
x 0 33017
p 0 241 33017
x 0 33018
p 0 203 33018
x 0 33019
p 0 206 33019
x 0 33020
p 0 232 33020
x 0 33021
p 0 205 33021
x 0 33022
p 0 201 33022
x 0 33023
p 0 201 33023
x 0 33024
p 0 239 33024
x 0 33025
p 0 195 33025
x 0 33026
p 0 203 33026
x 0 33027
p 0 217 33027
x 0 33028
p 0 199 33028
x 0 33029
p 0 295 33029
x 0 33030
p 0 278 33030
x 0 33031
p 0 238 33031
x 0 33032
p 0 200 33032
x 0 33033
p 0 204 33033
x 0 33034
p 0 212 33034
x 0 33035
p 0 201 33035
x 0 33036
p 0 202 33036
x 0 33037
p 0 203 33037
x 0 33038
p 0 243 33038
x 0 33039
p 0 208 33039
x 0 33040
p 0 204 33040
x 0 33041
p 0 203 33041
x 0 33042
p 0 206 33042
x 0 33043
p 0 206 33043
x 0 33044
p 0 206 33044
x 0 33045
p 0 206 33045
x 0 33046
p 0 318 33046
x 0 33047
p 0 207 33047
x 0 33048
p 0 208 33048
x 0 33049
p 0 281 33049
x 0 33050
p 0 207 33050
x 0 33051
p 0 207 33051
x 0 33052
p 0 207 33052
x 0 33053
p 0 210 33053
x 0 33054
p 0 208 33054
x 0 33055
p 0 205 33055
x 0 33056
p 0 203 33056
x 0 33057
p 0 212 33057
x 0 33058
p 0 207 33058
x 0 33059
p 0 208 33059
x 0 33060
p 0 203 33060
x 0 33061
p 0 209 33061
x 0 33062
p 0 184 33062
x 0 33000
x 1 33001
h 1 10.0.0.13
p 1 898 33001
x 2 33002
h 2 10.0.0.13
p 2 198 33002
x 0 33003
h 0 10.0.0.13
p 0 235 33003
x 1 33004
p 1 269 33004
p 0 1021007 33000
x 0 33005
p 0 203 33005
x 0 33006
p 0 154 33006
x 0 33007
p 0 211 33007
x 0 33008
p 0 267 33008
x 0 33009
p 0 158 33009
x 0 33010
p 0 209 33010
x 0 33011
p 0 207 33011
x 0 33012
p 0 207 33012
x 0 33013
p 0 205 33013
x 0 33014
p 0 205 33014
x 0 33015
p 0 246 33015
x 0 33016
p 0 205 33016
x 0 33017
p 0 206 33017
x 0 33018
p 0 205 33018
x 0 33019
p 0 204 33019
x 0 33020
p 0 204 33020
x 0 33021
p 0 200 33021
x 0 33022
p 0 241 33022
x 0 33023
p 0 200 33023
x 0 33024
p 0 201 33024
x 0 33025
p 0 201 33025
x 0 33026
p 0 204 33026
x 0 33027
p 0 202 33027
x 0 33028
p 0 206 33028
x 0 33029
p 0 238 33029
x 0 33030
p 0 327 33030
x 0 33031
p 0 209 33031
x 0 33032
p 0 233 33032
x 0 33033
p 0 210 33033
x 0 33034
p 0 214 33034
x 0 33035
p 0 210 33035
x 0 33036
p 0 210 33036
x 0 33037
p 0 211 33037
x 0 33038
p 0 205 33038
x 0 33039
p 0 232 33039
x 0 33040
p 0 206 33040
x 0 33041
p 0 203 33041
x 0 33042
p 0 207 33042
x 0 33043
p 0 202 33043
x 0 33044
p 0 273 33044
x 0 33045
p 0 214 33045
x 0 33046
p 0 245 33046
x 0 33047
p 0 214 33047
x 0 33048
p 0 208 33048
x 0 33049
p 0 210 33049
x 0 33050
p 0 207 33050
x 0 33051
p 0 212 33051
x 0 33052
p 0 211 33052
x 0 33053
p 0 242 33053
x 0 33054
p 0 201 33054
x 0 33055
p 0 201 33055
x 0 33056
p 0 123 33056
x 0 33057
p 0 204 33057
x 0 33058
p 0 202 33058
x 0 33059
p 0 202 33059
x 0 33060
p 0 231 33060
x 0 33061
p 0 204 33061
x 0 33062
p 0 202 33062
x 0 33000
x 1 33001
h 1 10.0.0.13
p 1 1148 33001
x 2 33002
h 2 10.0.0.13
p 2 198 33002
x 0 33003
h 0 10.0.0.13
p 0 210 33003
x 1 33004
p 1 214 33004
p 0 1020401 33000
x 0 33005
p 0 153 33005
x 0 33006
p 0 163 33006
x 0 33007
p 0 205 33007
x 0 33008
p 0 467 33008
x 0 33009
p 0 276 33009
x 0 33010
p 0 269 33010
x 0 33011
p 0 523 33011
x 0 33012
p 0 219 33012
x 0 33013
p 0 214 33013
x 0 33014
p 0 212 33014
x 0 33015
p 0 216 33015
x 0 33016
p 0 212 33016
x 0 33017
p 0 165 33017
x 0 33018
p 0 174 33018
x 0 33019
p 0 362 33019
x 0 33020
p 0 216 33020
x 0 33021
p 0 173 33021
x 0 33022
p 0 166 33022
x 0 33023
p 0 207 33023
x 0 33024
p 0 189 33024
x 0 33025
p 0 166 33025
x 0 33026
p 0 148 33026
x 0 33027
p 0 161 33027
x 0 33028
p 0 193 33028
x 0 33029
p 0 264 33029
x 0 33030
p 0 162 33030
x 0 33031
p 0 238 33031
x 0 33032
p 0 171 33032
x 0 33033
p 0 167 33033
x 0 33034
p 0 167 33034
x 0 33035
p 0 157 33035
x 0 33036
p 0 142 33036
x 0 33037
p 0 159 33037
x 0 33038
p 0 147 33038
x 0 33039
p 0 153 33039
x 0 33040
p 0 155 33040
x 0 33041
p 0 154 33041
x 0 33042
p 0 160 33042
x 0 33043
p 0 151 33043
x 0 33044
p 0 152 33044
x 0 33045
p 0 157 33045
x 0 33046
p 0 282 33046
x 0 33047
p 0 151 33047
x 0 33048
p 0 149 33048
x 0 33049
p 0 166 33049
x 0 33050
p 0 156 33050
x 0 33051
p 0 150 33051
x 0 33052
p 0 151 33052
x 0 33053
p 0 234 33053
x 0 33054
p 0 154 33054
x 0 33055
p 0 155 33055
x 0 33056
p 0 165 33056
x 0 33057
p 0 184 33057
x 0 33058
p 0 166 33058
x 0 33059
p 0 167 33059
x 0 33060
p 0 161 33060
x 0 33061
p 0 158 33061
x 0 33062
p 0 223 33062
x 0 33000
x 1 33001
h 1 10.0.0.13
p 1 861 33001
x 2 33002
h 2 10.0.0.13
p 2 211 33002
x 0 33003
h 0 10.0.0.13
p 0 148 33003
x 1 33004
p 1 199 33004
p 0 1015650 33000
x 0 33005
p 0 271 33005
x 0 33006
p 0 155 33006
x 0 33007
p 0 153 33007
x 0 33008
p 0 182 33008
x 0 33009
p 0 179 33009
x 0 33010
p 0 170 33010
x 0 33011
p 0 169 33011
x 0 33012
p 0 198 33012
x 0 33013
p 0 199 33013
x 0 33014
p 0 167 33014
x 0 33015
p 0 167 33015
x 0 33016
p 0 201 33016
x 0 33017
p 0 199 33017
x 0 33018
p 0 172 33018
x 0 33019
p 0 170 33019
x 0 33020
p 0 201 33020
x 0 33021
p 0 198 33021
x 0 33022
p 0 175 33022
x 0 33023
p 0 167 33023
x 0 33024
p 0 200 33024
x 0 33025
p 0 197 33025
x 0 33026
p 0 167 33026
x 0 33027
p 0 166 33027
x 0 33028
p 0 167 33028
x 0 33029
p 0 249 33029
x 0 33030
p 0 199 33030
x 0 33031
p 0 188 33031
x 0 33032
p 0 170 33032
x 0 33033
p 0 197 33033
x 0 33034
p 0 175 33034
x 0 33035
p 0 173 33035
x 0 33036
p 0 204 33036
x 0 33037
p 0 202 33037
x 0 33038
p 0 170 33038
x 0 33039
p 0 174 33039
x 0 33040
p 0 208 33040
x 0 33041
p 0 213 33041
x 0 33042
p 0 170 33042
x 0 33043
p 0 168 33043
x 0 33044
p 0 183 33044
x 0 33045
p 0 244 33045
x 0 33046
p 0 175 33046
x 0 33047
p 0 179 33047
x 0 33048
p 0 203 33048
x 0 33049
p 0 211 33049
x 0 33050
p 0 219 33050
x 0 33051
p 0 167 33051
x 0 33052
p 0 169 33052
x 0 33053
p 0 232 33053
x 0 33054
p 0 167 33054
x 0 33055
p 0 168 33055
x 0 33056
p 0 167 33056
x 0 33057
p 0 194 33057
x 0 33058
p 0 167 33058
x 0 33059
p 0 165 33059
x 0 33060
p 0 167 33060
x 0 33061
p 0 191 33061
x 0 33062
p 0 166 33062
x 0 33000
x 1 33001
h 1 10.0.0.13
p 1 861 33001
x 2 33002
h 2 10.0.0.13
p 2 201 33002
x 0 33003
h 0 10.0.0.13
p 0 203 33003
x 1 33004
p 1 204 33004
p 0 1014494 33000
x 0 33005
p 0 198 33005
x 0 33006
p 0 210 33006
x 0 33007
p 0 198 33007
x 0 33008
p 0 197 33008
x 0 33009
p 0 202 33009
x 0 33010
p 0 200 33010
x 0 33011
p 0 201 33011
x 0 33012
p 0 200 33012
x 0 33013
p 0 199 33013
x 0 33014
p 0 237 33014
x 0 33015
p 0 200 33015
x 0 33016
p 0 204 33016
x 0 33017
p 0 175 33017
x 0 33018
p 0 203 33018
x 0 33019
p 0 177 33019
x 0 33020
p 0 178 33020
x 0 33021
p 0 205 33021
x 0 33022
p 0 176 33022
x 0 33023
p 0 208 33023
x 0 33024
p 0 203 33024
x 0 33025
p 0 203 33025
x 0 33026
p 0 181 33026
x 0 33027
p 0 215 33027
x 0 33028
p 0 232 33028
x 0 33029
p 0 201 33029
x 0 33030
p 0 231 33030
x 0 33031
p 0 201 33031
x 0 33032
p 0 248 33032
x 0 33033
p 0 205 33033
x 0 33034
p 0 202 33034
x 0 33035
p 0 200 33035
x 0 33036
p 0 206 33036
x 0 33037
p 0 201 33037
x 0 33038
p 0 216 33038
x 0 33039
p 0 203 33039
x 0 33040
p 0 205 33040
x 0 33041
p 0 200 33041
x 0 33042
p 0 202 33042
x 0 33043
p 0 204 33043
x 0 33044
p 0 201 33044
x 0 33045
p 0 202 33045
x 0 33046
p 0 231 33046
x 0 33047
p 0 201 33047
x 0 33048
p 0 203 33048
x 0 33049
p 0 204 33049
x 0 33050
p 0 201 33050
x 0 33051
p 0 202 33051
x 0 33052
p 0 202 33052
x 0 33053
p 0 231 33053
x 0 33054
p 0 203 33054
x 0 33055
p 0 203 33055
x 0 33056
p 0 203 33056
x 0 33057
p 0 258 33057
x 0 33058
p 0 203 33058
x 0 33059
p 0 202 33059
x 0 33060
p 0 204 33060
x 0 33061
p 0 204 33061
x 0 33062
p 0 199 33062
x 0 33000
x 1 33001
h 1 10.0.0.13
p 1 906 33001
x 2 33002
h 2 10.0.0.13
p 2 241 33002
x 0 33003
h 0 10.0.0.13
p 0 198 33003
x 1 33004
p 1 226 33004
p 0 1005176 33000
x 0 33005
p 0 319 33005
x 0 33006
p 0 207 33006
x 0 33007
p 0 292 33007
x 0 33008
p 0 366 33008
x 0 33009
p 0 685 33009
x 0 33010
p 0 259 33010
x 0 33011
p 0 259 33011
x 0 33012
p 0 177 33012
x 0 33013
p 0 171 33013
x 0 33014
p 0 170 33014
x 0 33015
p 0 165 33015
x 0 33016
p 0 169 33016
x 0 33017
p 0 171 33017
x 0 33018
p 0 220 33018
x 0 33019
p 0 216 33019
x 0 33020
p 0 248 33020
x 0 33021
p 0 222 33021
x 0 33022
p 0 249 33022
x 0 33023
p 0 226 33023
x 0 33024
p 0 172 33024
x 0 33025
p 0 205 33025
x 0 33026
p 0 316 33026
x 0 33027
p 0 220 33027
x 0 33028
p 0 168 33028
x 0 33029
p 0 243 33029
x 0 33030
p 0 223 33030
x 0 33031
p 0 288 33031
x 0 33032
p 0 288 33032
x 0 33033
p 0 285 33033
x 0 33034
p 0 281 33034
x 0 33035
p 0 289 33035
x 0 33036
p 0 271 33036
x 0 33037
p 0 723 33037
x 0 33038
p 0 165 33038
x 0 33039
p 0 208 33039
x 0 33040
p 0 209 33040
x 0 33041
p 0 244 33041
x 0 33042
p 0 276 33042
x 0 33043
p 0 477 33043
x 0 33044
p 0 220 33044
x 0 33045
p 0 202 33045
x 0 33046
p 0 261 33046
x 0 33047
p 0 226 33047
x 0 33048
p 0 192 33048
x 0 33049
p 0 336 33049
x 0 33050
p 0 256 33050
x 0 33051
p 0 326 33051
x 0 33052
p 0 213 33052
x 0 33053
p 0 244 33053
x 0 33054
p 0 207 33054
x 0 33055
p 0 223 33055
x 0 33056
p 0 230 33056
x 0 33057
p 0 227 33057
x 0 33058
p 0 216 33058
x 0 33059
p 0 219 33059
x 0 33060
p 0 218 33060
x 0 33061
p 0 283 33061
x 0 33062
p 0 218 33062
x 0 33000
x 1 33001
h 1 10.0.0.13
p 1 805 33001
x 2 33002
h 2 10.0.0.13
p 2 199 33002
x 0 33003
h 0 10.0.0.13
p 0 198 33003
x 1 33004
p 1 199 33004
p 0 1006707 33000
x 0 33005
p 0 199 33005
x 0 33006
p 0 230 33006
x 0 33007
p 0 201 33007
x 0 33008
p 0 202 33008
x 0 33009
p 0 202 33009
x 0 33010
p 0 237 33010
x 0 33011
p 0 200 33011
x 0 33012
p 0 197 33012
x 0 33013
p 0 202 33013
x 0 33014
p 0 202 33014
x 0 33015
p 0 200 33015
x 0 33016
p 0 200 33016
x 0 33017
p 0 243 33017
x 0 33018
p 0 197 33018
x 0 33019
p 0 204 33019
x 0 33020
p 0 199 33020
x 0 33021
p 0 197 33021
x 0 33022
p 0 199 33022
x 0 33023
p 0 206 33023
x 0 33024
p 0 201 33024
x 0 33025
p 0 199 33025
x 0 33026
p 0 199 33026
x 0 33027
p 0 199 33027
x 0 33028
p 0 199 33028
x 0 33029
p 0 204 33029
x 0 33030
p 0 199 33030
x 0 33031
p 0 206 33031
x 0 33032
p 0 200 33032
x 0 33033
p 0 202 33033
x 0 33034
p 0 201 33034
x 0 33035
p 0 205 33035
x 0 33036
p 0 194 33036
x 0 33037
p 0 196 33037
x 0 33038
p 0 201 33038
x 0 33039
p 0 199 33039
x 0 33040
p 0 203 33040
x 0 33041
p 0 198 33041
x 0 33042
p 0 201 33042
x 0 33043
p 0 202 33043
x 0 33044
p 0 204 33044
x 0 33045
p 0 201 33045
x 0 33046
p 0 201 33046
x 0 33047
p 0 200 33047
x 0 33048
p 0 203 33048
x 0 33049
p 0 200 33049
x 0 33050
p 0 207 33050
x 0 33051
p 0 201 33051
x 0 33052
p 0 200 33052
x 0 33053
p 0 200 33053
x 0 33054
p 0 205 33054
x 0 33055
p 0 202 33055
x 0 33056
p 0 198 33056
x 0 33057
p 0 201 33057
x 0 33058
p 0 203 33058
x 0 33059
p 0 238 33059
x 0 33060
p 0 243 33060
x 0 33061
p 0 202 33061
x 0 33062
p 0 201 33062
x 0 33000
x 1 33001
h 1 10.0.0.13
p 1 976 33001
x 2 33002
h 2 10.0.0.13
p 2 200 33002
x 0 33003
h 0 10.0.0.13
p 0 203 33003
x 1 33004
p 1 198 33004
p 0 1027189 33000
x 0 33005
p 0 195 33005
x 0 33006
p 0 201 33006
x 0 33007
p 0 201 33007
x 0 33008
p 0 201 33008
x 0 33009
p 0 105 33009
x 0 33010
p 0 206 33010
x 0 33011
p 0 197 33011
x 0 33012
p 0 195 33012
x 0 33013
p 0 194 33013
x 0 33014
p 0 228 33014
x 0 33015
p 0 195 33015
x 0 33016
p 0 196 33016
x 0 33017
p 0 197 33017
x 0 33018
p 0 220 33018
x 0 33019
p 0 195 33019
x 0 33020
p 0 169 33020
x 0 33021
p 0 197 33021
x 0 33022
p 0 203 33022
x 0 33023
p 0 198 33023
x 0 33024
p 0 198 33024
x 0 33025
p 0 196 33025
x 0 33026
p 0 197 33026
x 0 33027
p 0 198 33027
x 0 33028
p 0 196 33028
x 0 33029
p 0 193 33029
x 0 33030
p 0 228 33030
x 0 33031
p 0 263 33031
x 0 33032
p 0 195 33032
x 0 33033
p 0 196 33033
x 0 33034
p 0 194 33034
x 0 33035
p 0 273 33035
x 0 33036
p 0 194 33036
x 0 33037
p 0 193 33037
x 0 33038
p 0 235 33038
x 0 33039
p 0 194 33039
x 0 33040
p 0 201 33040
x 0 33041
p 0 197 33041
x 0 33042
p 0 226 33042
x 0 33043
p 0 195 33043
x 0 33044
p 0 197 33044
x 0 33045
p 0 196 33045
x 0 33046
p 0 199 33046
x 0 33047
p 0 197 33047
x 0 33048
p 0 197 33048
x 0 33049
p 0 200 33049
x 0 33050
p 0 197 33050
x 0 33051
p 0 198 33051
x 0 33052
p 0 196 33052
x 0 33053
p 0 198 33053
x 0 33054
p 0 195 33054
x 0 33055
p 0 202 33055
x 0 33056
p 0 201 33056
x 0 33057
p 0 196 33057
x 0 33058
p 0 198 33058
x 0 33059
p 0 197 33059
x 0 33060
p 0 196 33060
x 0 33061
p 0 197 33061
x 0 33062
p 0 200 33062
x 0 33000
x 1 33001
h 1 10.0.0.13
p 1 1100 33001
x 2 33002
h 2 10.0.0.13
p 2 203 33002
x 0 33003
h 0 10.0.0.13
p 0 206 33003
x 1 33004
p 1 203 33004
p 0 1008690 33000
x 0 33005
p 0 205 33005
x 0 33006
p 0 207 33006
x 0 33007
p 0 203 33007
x 0 33008
p 0 242 33008
x 0 33009
p 0 212 33009
x 0 33010
p 0 208 33010
x 0 33011
p 0 202 33011
x 0 33012
p 0 205 33012
x 0 33013
p 0 205 33013
x 0 33014
p 0 202 33014
x 0 33015
p 0 203 33015
x 0 33016
p 0 258 33016
x 0 33017
p 0 203 33017
x 0 33018
p 0 203 33018
x 0 33019
p 0 203 33019
x 0 33020
p 0 206 33020
x 0 33021
p 0 204 33021
x 0 33022
p 0 202 33022
x 0 33023
p 0 204 33023
x 0 33024
p 0 205 33024
x 0 33025
p 0 206 33025
x 0 33026
p 0 205 33026
x 0 33027
p 0 203 33027
x 0 33028
p 0 206 33028
x 0 33029
p 0 237 33029
x 0 33030
p 0 209 33030
x 0 33031
p 0 204 33031
x 0 33032
p 0 206 33032
x 0 33033
p 0 204 33033
x 0 33034
p 0 207 33034
x 0 33035
p 0 207 33035
x 0 33036
p 0 237 33036
x 0 33037
p 0 201 33037
x 0 33038
p 0 204 33038
x 0 33039
p 0 207 33039
x 0 33040
p 0 271 33040
x 0 33041
p 0 207 33041
x 0 33042
p 0 307 33042
x 0 33043
p 0 205 33043
x 0 33044
p 0 212 33044
x 0 33045
p 0 205 33045
x 0 33046
p 0 208 33046
x 0 33047
p 0 251 33047
x 0 33048
p 0 201 33048
x 0 33049
p 0 212 33049
x 0 33050
p 0 213 33050
x 0 33051
p 0 205 33051
x 0 33052
p 0 204 33052
x 0 33053
p 0 207 33053
x 0 33054
p 0 247 33054
x 0 33055
p 0 206 33055
x 0 33056
p 0 239 33056
x 0 33057
p 0 264 33057
x 0 33058
p 0 207 33058
x 0 33059
p 0 213 33059
x 0 33060
p 0 223 33060
x 0 33061
p 0 254 33061
x 0 33062
p 0 212 33062
x 0 33000
x 1 33001
h 1 10.0.0.13
p 1 939 33001
x 2 33002
h 2 10.0.0.13
p 2 201 33002
x 0 33003
h 0 10.0.0.13
p 0 200 33003
x 1 33004
p 1 204 33004
p 0 1010023 33000
x 0 33005
p 0 229 33005
x 0 33006
p 0 209 33006
x 0 33007
p 0 212 33007
x 0 33008
p 0 206 33008
x 0 33009
p 0 233 33009
x 0 33010
p 0 207 33010
x 0 33011
p 0 211 33011
x 0 33012
p 0 207 33012
x 0 33013
p 0 205 33013
x 0 33014
p 0 206 33014
x 0 33015
p 0 208 33015
x 0 33016
p 0 244 33016
x 0 33017
p 0 206 33017
x 0 33018
p 0 208 33018
x 0 33019
p 0 214 33019
x 0 33020
p 0 206 33020
x 0 33021
p 0 206 33021
x 0 33022
p 0 209 33022
x 0 33023
p 0 252 33023
x 0 33024
p 0 208 33024
x 0 33025
p 0 210 33025
x 0 33026
p 0 209 33026
x 0 33027
p 0 209 33027
x 0 33028
p 0 221 33028
x 0 33029
p 0 209 33029
x 0 33030
p 0 252 33030
x 0 33031
p 0 205 33031
x 0 33032
p 0 211 33032
x 0 33033
p 0 209 33033
x 0 33034
p 0 208 33034
x 0 33035
p 0 209 33035
x 0 33036
p 0 207 33036
x 0 33037
p 0 249 33037
x 0 33038
p 0 209 33038
x 0 33039
p 0 208 33039
x 0 33040
p 0 210 33040
x 0 33041
p 0 208 33041
x 0 33042
p 0 207 33042
x 0 33043
p 0 207 33043
x 0 33044
p 0 249 33044
x 0 33045
p 0 206 33045
x 0 33046
p 0 207 33046
x 0 33047
p 0 207 33047
x 0 33048
p 0 204 33048
x 0 33049
p 0 206 33049
x 0 33050
p 0 208 33050
x 0 33051
p 0 253 33051
x 0 33052
p 0 207 33052
x 0 33053
p 0 205 33053
x 0 33054
p 0 207 33054
x 0 33055
p 0 205 33055
x 0 33056
p 0 206 33056
x 0 33057
p 0 209 33057
x 0 33058
p 0 242 33058
x 0 33059
p 0 206 33059
x 0 33060
p 0 206 33060
x 0 33061
p 0 207 33061
x 0 33062
p 0 206 33062
x 0 33000
x 1 33001
h 1 10.0.0.13
p 1 956 33001
x 2 33002
h 2 10.0.0.13
p 2 232 33002
x 0 33003
h 0 10.0.0.13
p 0 205 33003
x 1 33004
p 1 202 33004
p 0 1013963 33000
x 0 33005
p 0 198 33005
x 0 33006
p 0 240 33006
x 0 33007
p 0 207 33007
x 0 33008
p 0 202 33008
x 0 33009
p 0 166 33009
x 0 33010
p 0 203 33010
x 0 33011
p 0 175 33011
x 0 33012
p 0 182 33012
x 0 33013
p 0 204 33013
x 0 33014
p 0 201 33014
x 0 33015
p 0 182 33015
x 0 33016
p 0 202 33016
x 0 33017
p 0 205 33017
x 0 33018
p 0 172 33018
x 0 33019
p 0 200 33019
x 0 33020
p 0 250 33020
x 0 33021
p 0 200 33021
x 0 33022
p 0 200 33022
x 0 33023
p 0 172 33023
x 0 33024
p 0 280 33024
x 0 33025
p 0 180 33025
x 0 33026
p 0 176 33026
x 0 33027
p 0 206 33027
x 0 33028
p 0 200 33028
x 0 33029
p 0 173 33029
x 0 33030
p 0 202 33030
x 0 33031
p 0 175 33031
x 0 33032
p 0 178 33032
x 0 33033
p 0 196 33033
x 0 33034
p 0 201 33034
x 0 33035
p 0 204 33035
x 0 33036
p 0 175 33036
x 0 33037
p 0 203 33037
x 0 33038
p 0 236 33038
x 0 33039
p 0 175 33039
x 0 33040
p 0 207 33040
x 0 33041
p 0 202 33041
x 0 33042
p 0 208 33042
x 0 33043
p 0 173 33043
x 0 33044
p 0 203 33044
x 0 33045
p 0 235 33045
x 0 33046
p 0 177 33046
x 0 33047
p 0 179 33047
x 0 33048
p 0 199 33048
x 0 33049
p 0 268 33049
x 0 33050
p 0 179 33050
x 0 33051
p 0 201 33051
x 0 33052
p 0 200 33052
x 0 33053
p 0 199 33053
x 0 33054
p 0 174 33054
x 0 33055
p 0 201 33055
x 0 33056
p 0 201 33056
x 0 33057
p 0 176 33057
x 0 33058
p 0 176 33058
x 0 33059
p 0 201 33059
x 0 33060
p 0 201 33060
x 0 33061
p 0 178 33061
x 0 33062
p 0 179 33062
x 0 33000
x 1 33001
h 1 10.0.0.13
p 1 988 33001
x 2 33002
h 2 10.0.0.13
p 2 221 33002
x 0 33003
h 0 10.0.0.13
p 0 216 33003
x 1 33004
p 1 218 33004
p 0 1014048 33000
x 0 33005
p 0 73 33005
x 0 33006
p 0 202 33006
x 0 33007
p 0 202 33007
x 0 33008
p 0 254 33008
x 0 33009
p 0 196 33009
x 0 33010
p 0 194 33010
x 0 33011
p 0 201 33011
x 0 33012
p 0 194 33012
x 0 33013
p 0 195 33013
x 0 33014
p 0 219 33014
x 0 33015
p 0 229 33015
x 0 33016
p 0 210 33016
x 0 33017
p 0 195 33017
x 0 33018
p 0 193 33018
x 0 33019
p 0 169 33019
x 0 33020
p 0 193 33020
x 0 33021
p 0 195 33021
x 0 33022
p 0 199 33022
x 0 33023
p 0 175 33023
x 0 33024
p 0 173 33024
x 0 33025
p 0 206 33025
x 0 33026
p 0 201 33026
x 0 33027
p 0 203 33027
x 0 33028
p 0 301 33028
x 0 33029
p 0 178 33029
x 0 33030
p 0 177 33030
x 0 33031
p 0 173 33031
x 0 33032
p 0 176 33032
x 0 33033
p 0 173 33033
x 0 33034
p 0 183 33034
x 0 33035
p 0 199 33035
x 0 33036
p 0 215 33036
x 0 33037
p 0 201 33037
x 0 33038
p 0 232 33038
x 0 33039
p 0 208 33039
x 0 33040
p 0 201 33040
x 0 33041
p 0 206 33041
x 0 33042
p 0 203 33042
x 0 33043
p 0 203 33043
x 0 33044
p 0 204 33044
x 0 33045
p 0 203 33045
x 0 33046
p 0 206 33046
x 0 33047
p 0 202 33047
x 0 33048
p 0 202 33048
x 0 33049
p 0 206 33049
x 0 33050
p 0 204 33050
x 0 33051
p 0 226 33051
x 0 33052
p 0 238 33052
x 0 33053
p 0 212 33053
x 0 33054
p 0 208 33054
x 0 33055
p 0 199 33055
x 0 33056
p 0 211 33056
x 0 33057
p 0 206 33057
x 0 33058
p 0 211 33058
x 0 33059
p 0 257 33059
x 0 33060
p 0 206 33060
x 0 33061
p 0 212 33061
x 0 33062
p 0 220 33062
x 0 33000
x 1 33001
h 1 10.0.0.13
p 1 1324 33001
x 2 33002
h 2 10.0.0.13
p 2 195 33002
x 0 33003
h 0 10.0.0.13
p 0 200 33003
x 1 33004
p 1 197 33004
p 0 1001907 33000
x 0 33005
p 0 199 33005
x 0 33006
p 0 242 33006
x 0 33007
p 0 204 33007
x 0 33008
p 0 201 33008
x 0 33009
p 0 204 33009
x 0 33010
p 0 204 33010
x 0 33011
p 0 209 33011
x 0 33012
p 0 203 33012
x 0 33013
p 0 204 33013
x 0 33014
p 0 205 33014
x 0 33015
p 0 179 33015
x 0 33016
p 0 174 33016
x 0 33017
p 0 170 33017
x 0 33018
p 0 199 33018
x 0 33019
p 0 174 33019
x 0 33020
p 0 173 33020
x 0 33021
p 0 169 33021
x 0 33022
p 0 229 33022
x 0 33023
p 0 174 33023
x 0 33024
p 0 176 33024
x 0 33025
p 0 176 33025
x 0 33026
p 0 177 33026
x 0 33027
p 0 173 33027
x 0 33028
p 0 179 33028
x 0 33029
p 0 208 33029
x 0 33030
p 0 178 33030
x 0 33031
p 0 176 33031
x 0 33032
p 0 174 33032
x 0 33033
p 0 235 33033
x 0 33034
p 0 176 33034
x 0 33035
p 0 173 33035
x 0 33036
p 0 170 33036
x 0 33037
p 0 177 33037
x 0 33038
p 0 173 33038
x 0 33039
p 0 182 33039
x 0 33040
p 0 192 33040
x 0 33041
p 0 204 33041
x 0 33042
p 0 205 33042
x 0 33043
p 0 208 33043
x 0 33044
p 0 210 33044
x 0 33045
p 0 210 33045
x 0 33046
p 0 207 33046
x 0 33047
p 0 232 33047
x 0 33048
p 0 206 33048
x 0 33049
p 0 209 33049
x 0 33050
p 0 204 33050
x 0 33051
p 0 252 33051
x 0 33052
p 0 200 33052
x 0 33053
p 0 203 33053
x 0 33054
p 0 210 33054
x 0 33055
p 0 205 33055
x 0 33056
p 0 207 33056
x 0 33057
p 0 205 33057
x 0 33058
p 0 247 33058
x 0 33059
p 0 208 33059
x 0 33060
p 0 211 33060
x 0 33061
p 0 208 33061
x 0 33062
p 0 212 33062
x 0 33000
x 1 33001
h 1 10.0.0.13
p 1 1005 33001
x 2 33002
h 2 10.0.0.13
p 2 195 33002
x 0 33003
h 0 10.0.0.13
p 0 194 33003
x 1 33004
p 1 195 33004
p 0 1015369 33000
x 0 33005
p 0 193 33005
x 0 33006
p 0 202 33006
x 0 33007
p 0 218 33007
x 0 33008
p 0 182 33008
x 0 33009
p 0 176 33009
x 0 33010
p 0 173 33010
x 0 33011
p 0 180 33011
x 0 33012
p 0 180 33012
x 0 33013
p 0 209 33013
x 0 33014
p 0 203 33014
x 0 33015
p 0 173 33015
x 0 33016
p 0 203 33016
x 0 33017
p 0 203 33017
x 0 33018
p 0 206 33018
x 0 33019
p 0 176 33019
x 0 33020
p 0 174 33020
x 0 33021
p 0 239 33021
x 0 33022
p 0 203 33022
x 0 33023
p 0 208 33023
x 0 33024
p 0 205 33024
x 0 33025
p 0 255 33025
x 0 33026
p 0 205 33026
x 0 33027
p 0 171 33027
x 0 33028
p 0 203 33028
x 0 33029
p 0 200 33029
x 0 33030
p 0 206 33030
x 0 33031
p 0 203 33031
x 0 33032
p 0 201 33032
x 0 33033
p 0 209 33033
x 0 33034
p 0 204 33034
x 0 33035
p 0 208 33035
x 0 33036
p 0 202 33036
x 0 33037
p 0 205 33037
x 0 33038
p 0 206 33038
x 0 33039
p 0 210 33039
x 0 33040
p 0 213 33040
x 0 33041
p 0 212 33041
x 0 33042
p 0 168 33042
x 0 33043
p 0 174 33043
x 0 33044
p 0 209 33044
x 0 33045
p 0 209 33045
x 0 33046
p 0 169 33046
x 0 33047
p 0 168 33047
x 0 33048
p 0 323 33048
x 0 33049
p 0 201 33049
x 0 33050
p 0 247 33050
x 0 33051
p 0 205 33051
x 0 33052
p 0 204 33052
x 0 33053
p 0 205 33053
x 0 33054
p 0 204 33054
x 0 33055
p 0 206 33055
x 0 33056
p 0 204 33056
x 0 33057
p 0 244 33057
x 0 33058
p 0 207 33058
x 0 33059
p 0 207 33059
x 0 33060
p 0 208 33060
x 0 33061
p 0 209 33061
x 0 33062
p 0 210 33062
x 0 33000
x 1 33001
h 1 10.0.0.13
p 1 1073 33001
x 2 33002
h 2 10.0.0.13
p 2 213 33002
x 0 33003
h 0 10.0.0.13
p 0 241 33003
x 1 33004
p 1 235 33004
p 0 1021842 33000
x 0 33005
p 0 211 33005
x 0 33006
p 0 218 33006
x 0 33007
p 0 214 33007
x 0 33008
p 0 238 33008
x 0 33009
p 0 225 33009
x 0 33010
p 0 203 33010
x 0 33011
p 0 207 33011
x 0 33012
p 0 209 33012
x 0 33013
p 0 212 33013
x 0 33014
p 0 227 33014
x 0 33015
p 0 209 33015
x 0 33016
p 0 210 33016
x 0 33017
p 0 204 33017
x 0 33018
p 0 252 33018
x 0 33019
p 0 214 33019
x 0 33020
p 0 207 33020
x 0 33021
p 0 224 33021
x 0 33022
p 0 216 33022
x 0 33023
p 0 234 33023
x 0 33024
p 0 234 33024
x 0 33025
p 0 282 33025
x 0 33026
p 0 214 33026
x 0 33027
p 0 210 33027
x 0 33028
p 0 242 33028
x 0 33029
p 0 224 33029
x 0 33030
p 0 210 33030
x 0 33031
p 0 217 33031
x 0 33032
p 0 217 33032
x 0 33033
p 0 247 33033
x 0 33034
p 0 228 33034
x 0 33035
p 0 221 33035
x 0 33036
p 0 224 33036
x 0 33037
p 0 219 33037
x 0 33038
p 0 249 33038
x 0 33039
p 0 239 33039
x 0 33040
p 0 212 33040
x 0 33041
p 0 242 33041
x 0 33042
p 0 218 33042
x 0 33043
p 0 272 33043
x 0 33044
p 0 247 33044
x 0 33045
p 0 213 33045
x 0 33046
p 0 229 33046
x 0 33047
p 0 221 33047
x 0 33048
p 0 281 33048
x 0 33049
p 0 247 33049
x 0 33050
p 0 212 33050
x 0 33051
p 0 243 33051
x 0 33052
p 0 226 33052
x 0 33053
p 0 302 33053
x 0 33054
p 0 236 33054
x 0 33055
p 0 222 33055
x 0 33056
p 0 230 33056
x 0 33057
p 0 223 33057
x 0 33058
p 0 225 33058
x 0 33059
p 0 246 33059
x 0 33060
p 0 267 33060
x 0 33061
p 0 228 33061
x 0 33062
p 0 245 33062
x 0 33000
x 1 33001
h 1 10.0.0.13
p 1 922 33001
x 2 33002
h 2 10.0.0.13
p 2 212 33002
x 0 33003
h 0 10.0.0.13
p 0 212 33003
x 1 33004
p 1 206 33004
p 0 1032554 33000
x 0 33005
p 0 239 33005
x 0 33006
p 0 204 33006
x 0 33007
p 0 214 33007
x 0 33008
p 0 252 33008
x 0 33009
p 0 211 33009
x 0 33010
p 0 211 33010
x 0 33011
p 0 210 33011
x 0 33012
p 0 209 33012
x 0 33013
p 0 207 33013
x 0 33014
p 0 209 33014
x 0 33015
p 0 206 33015
x 0 33016
p 0 202 33016
x 0 33017
p 0 206 33017
x 0 33018
p 0 202 33018
x 0 33019
p 0 205 33019
x 0 33020
p 0 211 33020
x 0 33021
p 0 210 33021
x 0 33022
p 0 209 33022
x 0 33023
p 0 208 33023
x 0 33024
p 0 207 33024
x 0 33025
p 0 203 33025
x 0 33026
p 0 273 33026
x 0 33027
p 0 231 33027
x 0 33028
p 0 207 33028
x 0 33029
p 0 279 33029
x 0 33030
p 0 178 33030
x 0 33031
p 0 201 33031
x 0 33032
p 0 205 33032
x 0 33033
p 0 262 33033
x 0 33034
p 0 201 33034
x 0 33035
p 0 205 33035
x 0 33036
p 0 233 33036
x 0 33037
p 0 205 33037
x 0 33038
p 0 183 33038
x 0 33039
p 0 203 33039
x 0 33040
p 0 277 33040
x 0 33041
p 0 222 33041
x 0 33042
p 0 247 33042
x 0 33043
p 0 248 33043
x 0 33044
p 0 300 33044
x 0 33045
p 0 166 33045
x 0 33046
p 0 168 33046
x 0 33047
p 0 852 33047
x 0 33048
p 0 177 33048
x 0 33049
p 0 172 33049
x 0 33050
p 0 170 33050
x 0 33051
p 0 172 33051
x 0 33052
p 0 171 33052
x 0 33053
p 0 170 33053
x 0 33054
p 0 250 33054
x 0 33055
p 0 175 33055
x 0 33056
p 0 171 33056
x 0 33057
p 0 176 33057
x 0 33058
p 0 273 33058
x 0 33059
p 0 193 33059
x 0 33060
p 0 208 33060
x 0 33061
p 0 256 33061
x 0 33062
p 0 204 33062
x 0 33000
x 1 33001
h 1 10.0.0.13
p 1 1066 33001
x 2 33002
h 2 10.0.0.13
p 2 210 33002
x 0 33003
h 0 10.0.0.13
p 0 199 33003
x 1 33004
p 1 273 33004
p 0 1004849 33000
x 0 33005
p 0 191 33005
x 0 33006
p 0 280 33006
x 0 33007
p 0 320 33007
x 0 33008
p 0 280 33008
x 0 33009
p 0 199 33009
x 0 33010
p 0 210 33010
x 0 33011
p 0 202 33011
x 0 33012
p 0 202 33012
x 0 33013
p 0 199 33013
x 0 33014
p 0 237 33014
x 0 33015
p 0 200 33015
x 0 33016
p 0 200 33016
x 0 33017
p 0 195 33017
x 0 33018
p 0 239 33018
x 0 33019
p 0 315 33019
x 0 33020
p 0 200 33020
x 0 33021
p 0 229 33021
x 0 33022
p 0 200 33022
x 0 33023
p 0 199 33023
x 0 33024
p 0 200 33024
x 0 33025
p 0 201 33025
x 0 33026
p 0 201 33026
x 0 33027
p 0 357 33027
x 0 33028
p 0 234 33028
x 0 33029
p 0 197 33029
x 0 33030
p 0 202 33030
x 0 33031
p 0 201 33031
x 0 33032
p 0 237 33032
x 0 33033
p 0 200 33033
x 0 33034
p 0 202 33034
x 0 33035
p 0 204 33035
x 0 33036
p 0 361 33036
x 0 33037
p 0 202 33037
x 0 33038
p 0 309 33038
x 0 33039
p 0 333 33039
x 0 33040
p 0 210 33040
x 0 33041
p 0 331 33041
x 0 33042
p 0 241 33042
x 0 33043
p 0 291 33043
x 0 33044
p 0 356 33044
x 0 33045
p 0 203 33045
x 0 33046
p 0 289 33046
x 0 33047
p 0 201 33047
x 0 33048
p 0 306 33048
x 0 33049
p 0 341 33049
x 0 33050
p 0 216 33050
x 0 33051
p 0 311 33051
x 0 33052
p 0 369 33052
x 0 33053
p 0 240 33053
x 0 33054
p 0 203 33054
x 0 33055
p 0 210 33055
x 0 33056
p 0 278 33056
x 0 33057
p 0 202 33057
x 0 33058
p 0 204 33058
x 0 33059
p 0 203 33059
x 0 33060
p 0 324 33060
x 0 33061
p 0 206 33061
x 0 33062
p 0 228 33062
x 0 33000
x 1 33001
h 1 10.0.0.13
p 1 1101 33001
x 2 33002
h 2 10.0.0.13
p 2 170 33002
x 0 33003
h 0 10.0.0.13
p 0 242 33003
x 1 33004
p 1 198 33004
p 0 1024815 33000
x 0 33005
p 0 204 33005
x 0 33006
p 0 256 33006
x 0 33007
p 0 210 33007
x 0 33008
p 0 241 33008
x 0 33009
p 0 184 33009
x 0 33010
p 0 191 33010
x 0 33011
p 0 167 33011
x 0 33012
p 0 205 33012
x 0 33013
p 0 165 33013
x 0 33014
p 0 162 33014
x 0 33015
p 0 162 33015
x 0 33016
p 0 163 33016
x 0 33017
p 0 261 33017
x 0 33018
p 0 150 33018
x 0 33019
p 0 184 33019
x 0 33020
p 0 172 33020
x 0 33021
p 0 201 33021
x 0 33022
p 0 201 33022
x 0 33023
p 0 205 33023
x 0 33024
p 0 250 33024
x 0 33025
p 0 197 33025
x 0 33026
p 0 199 33026
x 0 33027
p 0 202 33027
x 0 33028
p 0 203 33028
x 0 33029
p 0 202 33029
x 0 33030
p 0 196 33030
x 0 33031
p 0 200 33031
x 0 33032
p 0 206 33032
x 0 33033
p 0 206 33033
x 0 33034
p 0 202 33034
x 0 33035
p 0 202 33035
x 0 33036
p 0 201 33036
x 0 33037
p 0 201 33037
x 0 33038
p 0 207 33038
x 0 33039
p 0 205 33039
x 0 33040
p 0 199 33040
x 0 33041
p 0 202 33041
x 0 33042
p 0 199 33042
x 0 33043
p 0 202 33043
x 0 33044
p 0 202 33044
x 0 33045
p 0 198 33045
x 0 33046
p 0 198 33046
x 0 33047
p 0 202 33047
x 0 33048
p 0 202 33048
x 0 33049
p 0 201 33049
x 0 33050
p 0 199 33050
x 0 33051
p 0 197 33051
x 0 33052
p 0 205 33052
x 0 33053
p 0 202 33053
x 0 33054
p 0 196 33054
x 0 33055
p 0 196 33055
x 0 33056
p 0 200 33056
x 0 33057
p 0 199 33057
x 0 33058
p 0 205 33058
x 0 33059
p 0 206 33059
x 0 33060
p 0 199 33060
x 0 33061
p 0 197 33061
x 0 33062
p 0 202 33062
x 0 33000
x 1 33001
h 1 10.0.0.13
p 1 588 33001
x 2 33002
h 2 10.0.0.13
p 2 196 33002
x 0 33003
h 0 10.0.0.13
p 0 216 33003
x 1 33004
p 1 233 33004
p 0 1028304 33000
x 0 33005
p 0 197 33005
x 0 33006
p 0 200 33006
x 0 33007
p 0 201 33007
x 0 33008
p 0 205 33008
x 0 33009
p 0 198 33009
x 0 33010
p 0 172 33010
x 0 33011
p 0 197 33011
x 0 33012
p 0 201 33012
x 0 33013
p 0 171 33013
x 0 33014
p 0 174 33014
x 0 33015
p 0 169 33015
x 0 33016
p 0 227 33016
x 0 33017
p 0 168 33017
x 0 33018
p 0 172 33018
x 0 33019
p 0 166 33019
x 0 33020
p 0 197 33020
x 0 33021
p 0 176 33021
x 0 33022
p 0 201 33022
x 0 33023
p 0 205 33023
x 0 33024
p 0 202 33024
x 0 33025
p 0 200 33025
x 0 33026
p 0 173 33026
x 0 33027
p 0 200 33027
x 0 33028
p 0 200 33028
x 0 33029
p 0 174 33029
x 0 33030
p 0 203 33030
x 0 33031
p 0 198 33031
x 0 33032
p 0 193 33032
x 0 33033
p 0 171 33033
x 0 33034
p 0 197 33034
x 0 33035
p 0 177 33035
x 0 33036
p 0 204 33036
x 0 33037
p 0 196 33037
x 0 33038
p 0 173 33038
x 0 33039
p 0 201 33039
x 0 33040
p 0 199 33040
x 0 33041
p 0 201 33041
x 0 33042
p 0 184 33042
x 0 33043
p 0 196 33043
x 0 33044
p 0 197 33044
x 0 33045
p 0 198 33045
x 0 33046
p 0 69 33046
x 0 33047
p 0 197 33047
x 0 33048
p 0 195 33048
x 0 33049
p 0 172 33049
x 0 33050
p 0 171 33050
x 0 33051
p 0 196 33051
x 0 33052
p 0 199 33052
x 0 33053
p 0 171 33053
x 0 33054
p 0 168 33054
x 0 33055
p 0 178 33055
x 0 33056
p 0 184 33056
x 0 33057
p 0 160 33057
x 0 33058
p 0 158 33058
x 0 33059
p 0 204 33059
x 0 33060
p 0 152 33060
x 0 33061
p 0 152 33061
x 0 33062
p 0 153 33062
x 0 33000
x 1 33001
h 1 10.0.0.13
p 1 490 33001
x 2 33002
h 2 10.0.0.13
p 2 152 33002
x 0 33003
h 0 10.0.0.13
p 0 158 33003
x 1 33004
p 1 155 33004
p 0 1002573 33000
x 0 33005
p 0 198 33005
x 0 33006
p 0 232 33006
x 0 33007
p 0 296 33007
x 0 33008
p 0 153 33008
x 0 33009
p 0 368 33009
x 0 33010
p 0 539 33010
x 0 33011
p 0 277 33011
x 0 33012
p 0 213 33012
x 0 33013
p 0 213 33013
x 0 33014
p 0 252 33014
x 0 33015
p 0 208 33015
x 0 33016
p 0 205 33016
x 0 33017
p 0 351 33017
x 0 33018
p 0 211 33018
x 0 33019
p 0 209 33019
x 0 33020
p 0 302 33020
x 0 33021
p 0 946 33021
x 0 33022
p 0 236 33022
x 0 33023
p 0 250 33023
x 0 33024
p 0 242 33024
x 0 33025
p 0 251 33025
x 0 33026
p 0 209 33026
x 0 33027
p 0 245 33027
x 0 33028
p 0 207 33028
x 0 33029
p 0 185 33029
x 0 33030
p 0 306 33030
x 0 33031
p 0 202 33031
x 0 33032
p 0 227 33032
x 0 33033
p 0 482 33033
x 0 33034
p 0 206 33034
x 0 33035
p 0 354 33035
x 0 33036
p 0 206 33036
x 0 33037
p 0 205 33037
x 0 33038
p 0 282 33038
x 0 33039
p 0 242 33039
x 0 33040
p 0 210 33040
x 0 33041
p 0 212 33041
x 0 33042
p 0 207 33042
x 0 33043
p 0 160 33043
x 0 33044
p 0 331 33044
x 0 33045
p 0 234 33045
x 0 33046
p 0 282 33046
x 0 33047
p 0 199 33047
x 0 33048
p 0 166 33048
x 0 33049
p 0 165 33049
x 0 33050
p 0 233 33050
x 0 33051
p 0 192 33051
x 0 33052
p 0 156 33052
x 0 33053
p 0 154 33053
x 0 33054
p 0 161 33054
x 0 33055
p 0 242 33055
x 0 33056
p 0 152 33056
x 0 33057
p 0 255 33057
x 0 33058
p 0 239 33058
x 0 33059
p 0 186 33059
x 0 33060
p 0 208 33060
x 0 33061
p 0 206 33061
x 0 33062
p 0 208 33062
x 0 33000
x 1 33001
h 1 10.0.0.13
p 1 1106 33001
x 2 33002
h 2 10.0.0.13
p 2 200 33002
x 0 33003
h 0 10.0.0.13
p 0 200 33003
x 1 33004
p 1 201 33004
p 0 1003705 33000
x 0 33005
p 0 201 33005
x 0 33006
p 0 203 33006
x 0 33007
p 0 204 33007
x 0 33008
p 0 203 33008
x 0 33009
p 0 207 33009
x 0 33010
p 0 197 33010
x 0 33011
p 0 199 33011
x 0 33012
p 0 200 33012
x 0 33013
p 0 198 33013
x 0 33014
p 0 195 33014
x 0 33015
p 0 197 33015
x 0 33016
p 0 196 33016
x 0 33017
p 0 200 33017
x 0 33018
p 0 201 33018
x 0 33019
p 0 172 33019
x 0 33020
p 0 195 33020
x 0 33021
p 0 199 33021
x 0 33022
p 0 205 33022
x 0 33023
p 0 195 33023
x 0 33024
p 0 198 33024
x 0 33025
p 0 199 33025
x 0 33026
p 0 199 33026
x 0 33027
p 0 198 33027
x 0 33028
p 0 193 33028
x 0 33029
p 0 195 33029
x 0 33030
p 0 200 33030
x 0 33031
p 0 197 33031
x 0 33032
p 0 231 33032
x 0 33033
p 0 176 33033
x 0 33034
p 0 203 33034
x 0 33035
p 0 224 33035
x 0 33036
p 0 212 33036
x 0 33037
p 0 208 33037
x 0 33038
p 0 272 33038
x 0 33039
p 0 202 33039
x 0 33040
p 0 159 33040
x 0 33041
p 0 221 33041
x 0 33042
p 0 208 33042
x 0 33043
p 0 201 33043
x 0 33044
p 0 166 33044
x 0 33045
p 0 161 33045
x 0 33046
p 0 166 33046
x 0 33047
p 0 163 33047
x 0 33048
p 0 161 33048
x 0 33049
p 0 163 33049
x 0 33050
p 0 169 33050
x 0 33051
p 0 207 33051
x 0 33052
p 0 214 33052
x 0 33053
p 0 204 33053
x 0 33054
p 0 203 33054
x 0 33055
p 0 205 33055
x 0 33056
p 0 209 33056
x 0 33057
p 0 206 33057
x 0 33058
p 0 155 33058
x 0 33059
p 0 159 33059
x 0 33060
p 0 201 33060
x 0 33061
p 0 164 33061
x 0 33062
p 0 170 33062
x 0 33000
x 1 33001
h 1 10.0.0.13
p 1 1069 33001
x 2 33002
h 2 10.0.0.13
p 2 199 33002
x 0 33003
h 0 10.0.0.13
p 0 229 33003
x 1 33004
p 1 244 33004
p 0 1000399 33000
x 0 33005
p 0 199 33005
x 0 33006
p 0 203 33006
x 0 33007
p 0 223 33007
x 0 33008
p 0 245 33008
x 0 33009
p 0 201 33009
x 0 33010
p 0 201 33010
x 0 33011
p 0 200 33011
x 0 33012
p 0 199 33012
x 0 33013
p 0 196 33013
x 0 33014
p 0 198 33014
x 0 33015
p 0 197 33015
x 0 33016
p 0 195 33016
x 0 33017
p 0 256 33017
x 0 33018
p 0 195 33018
x 0 33019
p 0 257 33019
x 0 33020
p 0 202 33020
x 0 33021
p 0 280 33021
x 0 33022
p 0 201 33022
x 0 33023
p 0 198 33023
x 0 33024
p 0 199 33024
x 0 33025
p 0 198 33025
x 0 33026
p 0 198 33026
x 0 33027
p 0 197 33027
x 0 33028
p 0 195 33028
x 0 33029
p 0 197 33029
x 0 33030
p 0 203 33030
x 0 33031
p 0 200 33031
x 0 33032
p 0 198 33032
x 0 33033
p 0 202 33033
x 0 33034
p 0 203 33034
x 0 33035
p 0 203 33035
x 0 33036
p 0 200 33036
x 0 33037
p 0 198 33037
x 0 33038
p 0 198 33038
x 0 33039
p 0 204 33039
x 0 33040
p 0 198 33040
x 0 33041
p 0 201 33041
x 0 33042
p 0 199 33042
x 0 33043
p 0 199 33043
x 0 33044
p 0 206 33044
x 0 33045
p 0 199 33045
x 0 33046
p 0 201 33046
x 0 33047
p 0 202 33047
x 0 33048
p 0 200 33048
x 0 33049
p 0 203 33049
x 0 33050
p 0 200 33050
x 0 33051
p 0 207 33051
x 0 33052
p 0 206 33052
x 0 33053
p 0 173 33053
x 0 33054
p 0 201 33054
x 0 33055
p 0 199 33055
x 0 33056
p 0 194 33056
x 0 33057
p 0 202 33057
x 0 33058
p 0 239 33058
x 0 33059
p 0 201 33059
x 0 33060
p 0 198 33060
x 0 33061
p 0 207 33061
x 0 33062
p 0 168 33062
x 0 33000
x 1 33001
h 1 10.0.0.13
p 1 904 33001
x 2 33002
h 2 10.0.0.13
p 2 207 33002
x 0 33003
h 0 10.0.0.13
p 0 201 33003
x 1 33004
p 1 201 33004
p 0 1011955 33000
x 0 33005
p 0 199 33005
x 0 33006
p 0 199 33006
x 0 33007
p 0 201 33007
x 0 33008
p 0 205 33008
x 0 33009
p 0 207 33009
x 0 33010
p 0 203 33010
x 0 33011
p 0 200 33011
x 0 33012
p 0 203 33012
x 0 33013
p 0 202 33013
x 0 33014
p 0 232 33014
x 0 33015
p 0 200 33015
x 0 33016
p 0 198 33016
x 0 33017
p 0 202 33017
x 0 33018
p 0 240 33018
x 0 33019
p 0 202 33019
x 0 33020
p 0 204 33020
x 0 33021
p 0 200 33021
x 0 33022
p 0 199 33022
x 0 33023
p 0 197 33023
x 0 33024
p 0 200 33024
x 0 33025
p 0 258 33025
x 0 33026
p 0 198 33026
x 0 33027
p 0 199 33027
x 0 33028
p 0 199 33028
x 0 33029
p 0 203 33029
x 0 33030
p 0 203 33030
x 0 33031
p 0 203 33031
x 0 33032
p 0 203 33032
x 0 33033
p 0 199 33033
x 0 33034
p 0 203 33034
x 0 33035
p 0 205 33035
x 0 33036
p 0 205 33036
x 0 33037
p 0 202 33037
x 0 33038
p 0 202 33038
x 0 33039
p 0 204 33039
x 0 33040
p 0 199 33040
x 0 33041
p 0 200 33041
x 0 33042
p 0 203 33042
x 0 33043
p 0 200 33043
x 0 33044
p 0 204 33044
x 0 33045
p 0 209 33045
x 0 33046
p 0 231 33046
x 0 33047
p 0 204 33047
x 0 33048
p 0 202 33048
x 0 33049
p 0 206 33049
x 0 33050
p 0 233 33050
x 0 33051
p 0 162 33051
x 0 33052
p 0 160 33052
x 0 33053
p 0 158 33053
x 0 33054
p 0 160 33054
x 0 33055
p 0 160 33055
x 0 33056
p 0 202 33056
x 0 33057
p 0 160 33057
x 0 33058
p 0 162 33058
x 0 33059
p 0 155 33059
x 0 33060
p 0 162 33060
x 0 33061
p 0 156 33061
x 0 33062
p 0 160 33062
x 0 33000
x 1 33001
h 1 10.0.0.13
p 1 1317 33001
x 2 33002
h 2 10.0.0.13
p 2 197 33002
x 0 33003
h 0 10.0.0.13
p 0 197 33003
x 1 33004
p 1 196 33004
p 0 1014277 33000
x 0 33005
p 0 198 33005
x 0 33006
p 0 196 33006
x 0 33007
p 0 200 33007
x 0 33008
p 0 168 33008
x 0 33009
p 0 197 33009
x 0 33010
p 0 200 33010
x 0 33011
p 0 199 33011
x 0 33012
p 0 199 33012
x 0 33013
p 0 200 33013
x 0 33014
p 0 200 33014
x 0 33015
p 0 199 33015
x 0 33016
p 0 196 33016
x 0 33017
p 0 202 33017
x 0 33018
p 0 203 33018
x 0 33019
p 0 201 33019
x 0 33020
p 0 198 33020
x 0 33021
p 0 200 33021
x 0 33022
p 0 205 33022
x 0 33023
p 0 198 33023
x 0 33024
p 0 221 33024
x 0 33025
p 0 202 33025
x 0 33026
p 0 197 33026
x 0 33027
p 0 199 33027
x 0 33028
p 0 194 33028
x 0 33029
p 0 199 33029
x 0 33030
p 0 198 33030
x 0 33031
p 0 227 33031
x 0 33032
p 0 201 33032
x 0 33033
p 0 198 33033
x 0 33034
p 0 201 33034
x 0 33035
p 0 200 33035
x 0 33036
p 0 200 33036
x 0 33037
p 0 213 33037
x 0 33038
p 0 230 33038
x 0 33039
p 0 206 33039
x 0 33040
p 0 204 33040
x 0 33041
p 0 201 33041
x 0 33042
p 0 199 33042
x 0 33043
p 0 200 33043
x 0 33044
p 0 202 33044
x 0 33045
p 0 240 33045
x 0 33046
p 0 201 33046
x 0 33047
p 0 197 33047
x 0 33048
p 0 197 33048
x 0 33049
p 0 274 33049
x 0 33050
p 0 240 33050
x 0 33051
p 0 252 33051
x 0 33052
p 0 297 33052
x 0 33053
p 0 167 33053
x 0 33054
p 0 210 33054
x 0 33055
p 0 211 33055
x 0 33056
p 0 212 33056
x 0 33057
p 0 218 33057
x 0 33058
p 0 214 33058
x 0 33059
p 0 232 33059
x 0 33060
p 0 201 33060
x 0 33061
p 0 201 33061
x 0 33062
p 0 201 33062
x 0 33000
x 1 33001
h 1 10.0.0.13
p 1 1101 33001
x 2 33002
h 2 10.0.0.13
p 2 227 33002
x 0 33003
h 0 10.0.0.13
p 0 202 33003
x 1 33004
p 1 195 33004
p 0 1017795 33000
x 0 33005
p 0 203 33005
x 0 33006
p 0 272 33006
x 0 33007
p 0 206 33007
x 0 33008
p 0 204 33008
x 0 33009
p 0 204 33009
x 0 33010
p 0 203 33010
x 0 33011
p 0 202 33011
x 0 33012
p 0 205 33012
x 0 33013
p 0 198 33013
x 0 33014
p 0 204 33014
x 0 33015
p 0 198 33015
x 0 33016
p 0 202 33016
x 0 33017
p 0 328 33017
x 0 33018
p 0 203 33018
x 0 33019
p 0 214 33019
x 0 33020
p 0 201 33020
x 0 33021
p 0 201 33021
x 0 33022
p 0 190 33022
x 0 33023
p 0 204 33023
x 0 33024
p 0 199 33024
x 0 33025
p 0 201 33025
x 0 33026
p 0 205 33026
x 0 33027
p 0 201 33027
x 0 33028
p 0 202 33028
x 0 33029
p 0 205 33029
x 0 33030
p 0 207 33030
x 0 33031
p 0 199 33031
x 0 33032
p 0 204 33032
x 0 33033
p 0 202 33033
x 0 33034
p 0 242 33034
x 0 33035
p 0 201 33035
x 0 33036
p 0 201 33036
x 0 33037
p 0 204 33037
x 0 33038
p 0 199 33038
x 0 33039
p 0 207 33039
x 0 33040
p 0 201 33040
x 0 33041
p 0 203 33041
x 0 33042
p 0 200 33042
x 0 33043
p 0 203 33043
x 0 33044
p 0 203 33044
x 0 33045
p 0 200 33045
x 0 33046
p 0 201 33046
x 0 33047
p 0 201 33047
x 0 33048
p 0 199 33048
x 0 33049
p 0 202 33049
x 0 33050
p 0 197 33050
x 0 33051
p 0 202 33051
x 0 33052
p 0 201 33052
x 0 33053
p 0 202 33053
x 0 33054
p 0 203 33054
x 0 33055
p 0 202 33055
x 0 33056
p 0 202 33056
x 0 33057
p 0 198 33057
x 0 33058
p 0 350 33058
x 0 33059
p 0 416 33059
x 0 33060
p 0 205 33060
x 0 33061
p 0 200 33061
x 0 33062
p 0 200 33062
x 0 33000
x 1 33001
h 1 10.0.0.13
p 1 768 33001
x 2 33002
h 2 10.0.0.13
p 2 224 33002
x 0 33003
h 0 10.0.0.13
p 0 237 33003
x 1 33004
p 1 198 33004
p 0 1029629 33000
x 0 33005
p 0 201 33005
x 0 33006
p 0 203 33006
x 0 33007
p 0 198 33007
x 0 33008
p 0 199 33008
x 0 33009
p 0 205 33009
x 0 33010
p 0 200 33010
x 0 33011
p 0 195 33011
x 0 33012
p 0 202 33012
x 0 33013
p 0 211 33013
x 0 33014
p 0 200 33014
x 0 33015
p 0 203 33015
x 0 33016
p 0 199 33016
x 0 33017
p 0 199 33017
x 0 33018
p 0 198 33018
x 0 33019
p 0 204 33019
x 0 33020
p 0 203 33020
x 0 33021
p 0 199 33021
x 0 33022
p 0 199 33022
x 0 33023
p 0 200 33023
x 0 33024
p 0 202 33024
x 0 33025
p 0 208 33025
x 0 33026
p 0 201 33026
x 0 33027
p 0 208 33027
x 0 33028
p 0 209 33028
x 0 33029
p 0 207 33029
x 0 33030
p 0 207 33030
x 0 33031
p 0 205 33031
x 0 33032
p 0 205 33032
x 0 33033
p 0 236 33033
x 0 33034
p 0 203 33034
x 0 33035
p 0 205 33035
x 0 33036
p 0 204 33036
x 0 33037
p 0 256 33037
x 0 33038
p 0 163 33038
x 0 33039
p 0 164 33039
x 0 33040
p 0 210 33040
x 0 33041
p 0 163 33041
x 0 33042
p 0 161 33042
x 0 33043
p 0 209 33043
x 0 33044
p 0 245 33044
x 0 33045
p 0 210 33045
x 0 33046
p 0 203 33046
x 0 33047
p 0 166 33047
x 0 33048
p 0 159 33048
x 0 33049
p 0 164 33049
x 0 33050
p 0 197 33050
x 0 33051
p 0 157 33051
x 0 33052
p 0 161 33052
x 0 33053
p 0 224 33053
x 0 33054
p 0 233 33054
x 0 33055
p 0 210 33055
x 0 33056
p 0 202 33056
x 0 33057
p 0 162 33057
x 0 33058
p 0 161 33058
x 0 33059
p 0 164 33059
x 0 33060
p 0 164 33060
x 0 33061
p 0 199 33061
x 0 33062
p 0 202 33062
x 0 33000
x 1 33001
h 1 10.0.0.13
p 1 1083 33001
x 2 33002
h 2 10.0.0.13
p 2 195 33002
x 0 33003
h 0 10.0.0.13
p 0 79 33003
x 1 33004
p 1 169 33004
p 0 1010127 33000
x 0 33005
p 0 76 33005
x 0 33006
p 0 93 33006
x 0 33007
p 0 210 33007
x 0 33008
p 0 210 33008
x 0 33009
p 0 238 33009
x 0 33010
p 0 241 33010
x 0 33011
p 0 207 33011
x 0 33012
p 0 208 33012
x 0 33013
p 0 253 33013
x 0 33014
p 0 205 33014
x 0 33015
p 0 197 33015
x 0 33016
p 0 235 33016
x 0 33017
p 0 240 33017
x 0 33018
p 0 205 33018
x 0 33019
p 0 206 33019
x 0 33020
p 0 197 33020
x 0 33021
p 0 201 33021
x 0 33022
p 0 206 33022
x 0 33023
p 0 210 33023
x 0 33024
p 0 239 33024
x 0 33025
p 0 200 33025
x 0 33026
p 0 205 33026
x 0 33027
p 0 204 33027
x 0 33028
p 0 208 33028
x 0 33029
p 0 209 33029
x 0 33030
p 0 199 33030
x 0 33031
p 0 208 33031
x 0 33032
p 0 204 33032
x 0 33033
p 0 214 33033
x 0 33034
p 0 222 33034
x 0 33035
p 0 200 33035
x 0 33036
p 0 204 33036
x 0 33037
p 0 205 33037
x 0 33038
p 0 263 33038
x 0 33039
p 0 216 33039
x 0 33040
p 0 202 33040
x 0 33041
p 0 208 33041
x 0 33042
p 0 208 33042
x 0 33043
p 0 232 33043
x 0 33044
p 0 226 33044
x 0 33045
p 0 257 33045
x 0 33046
p 0 209 33046
x 0 33047
p 0 209 33047
x 0 33048
p 0 208 33048
x 0 33049
p 0 215 33049
x 0 33050
p 0 207 33050
x 0 33051
p 0 209 33051
x 0 33052
p 0 258 33052
x 0 33053
p 0 238 33053
x 0 33054
p 0 228 33054
x 0 33055
p 0 200 33055
x 0 33056
p 0 211 33056
x 0 33057
p 0 208 33057
x 0 33058
p 0 207 33058
x 0 33059
p 0 253 33059
x 0 33060
p 0 203 33060
x 0 33061
p 0 206 33061
x 0 33062
p 0 211 33062
x 0 33000
x 1 33001
h 1 10.0.0.13
p 1 1195 33001
x 2 33002
h 2 10.0.0.13
p 2 267 33002
x 0 33003
h 0 10.0.0.13
p 0 193 33003
x 1 33004
p 1 214 33004
p 0 1020961 33000
x 0 33005
p 0 151 33005
x 0 33006
p 0 229 33006
x 0 33007
p 0 200 33007
x 0 33008
p 0 236 33008
x 0 33009
p 0 210 33009
x 0 33010
p 0 207 33010
x 0 33011
p 0 208 33011
x 0 33012
p 0 234 33012
x 0 33013
p 0 209 33013
x 0 33014
p 0 210 33014
x 0 33015
p 0 210 33015
x 0 33016
p 0 206 33016
x 0 33017
p 0 205 33017
x 0 33018
p 0 208 33018
x 0 33019
p 0 237 33019
x 0 33020
p 0 207 33020
x 0 33021
p 0 205 33021
x 0 33022
p 0 207 33022
x 0 33023
p 0 207 33023
x 0 33024
p 0 206 33024
x 0 33025
p 0 208 33025
x 0 33026
p 0 236 33026
x 0 33027
p 0 208 33027
x 0 33028
p 0 207 33028
x 0 33029
p 0 205 33029
x 0 33030
p 0 242 33030
x 0 33031
p 0 209 33031
x 0 33032
p 0 209 33032
x 0 33033
p 0 238 33033
x 0 33034
p 0 207 33034
x 0 33035
p 0 210 33035
x 0 33036
p 0 207 33036
x 0 33037
p 0 242 33037
x 0 33038
p 0 207 33038
x 0 33039
p 0 208 33039
x 0 33040
p 0 236 33040
x 0 33041
p 0 207 33041
x 0 33042
p 0 209 33042
x 0 33043
p 0 208 33043
x 0 33044
p 0 252 33044
x 0 33045
p 0 205 33045
x 0 33046
p 0 206 33046
x 0 33047
p 0 239 33047
x 0 33048
p 0 205 33048
x 0 33049
p 0 211 33049
x 0 33050
p 0 206 33050
x 0 33051
p 0 239 33051
x 0 33052
p 0 207 33052
x 0 33053
p 0 221 33053
x 0 33054
p 0 211 33054
x 0 33055
p 0 207 33055
x 0 33056
p 0 209 33056
x 0 33057
p 0 207 33057
x 0 33058
p 0 210 33058
x 0 33059
p 0 209 33059
x 0 33060
p 0 209 33060
x 0 33061
p 0 208 33061
x 0 33062
p 0 231 33062
x 0 33000
x 1 33001
h 1 10.0.0.13
p 1 792 33001
x 2 33002
h 2 10.0.0.13
p 2 241 33002
x 0 33003
h 0 10.0.0.13
p 0 200 33003
x 1 33004
p 1 226 33004
p 0 1017280 33000
x 0 33005
p 0 255 33005
x 0 33006
p 0 201 33006
x 0 33007
p 0 198 33007
x 0 33008
p 0 209 33008
x 0 33009
p 0 205 33009
x 0 33010
p 0 209 33010
x 0 33011
p 0 200 33011
x 0 33012
p 0 250 33012
x 0 33013
p 0 200 33013
x 0 33014
p 0 200 33014
x 0 33015
p 0 272 33015
x 0 33016
p 0 199 33016
x 0 33017
p 0 201 33017
x 0 33018
p 0 201 33018
x 0 33019
p 0 239 33019
x 0 33020
p 0 204 33020
x 0 33021
p 0 199 33021
x 0 33022
p 0 143 33022
x 0 33023
p 0 200 33023
x 0 33024
p 0 197 33024
x 0 33025
p 0 201 33025
x 0 33026
p 0 242 33026
x 0 33027
p 0 175 33027
x 0 33028
p 0 260 33028
x 0 33029
p 0 245 33029
x 0 33030
p 0 254 33030
x 0 33031
p 0 312 33031
x 0 33032
p 0 245 33032
x 0 33033
p 0 202 33033
x 0 33034
p 0 246 33034
x 0 33035
p 0 243 33035
x 0 33036
p 0 262 33036
x 0 33037
p 0 203 33037
x 0 33038
p 0 203 33038
x 0 33039
p 0 201 33039
x 0 33040
p 0 234 33040
x 0 33041
p 0 217 33041
x 0 33042
p 0 149 33042
x 0 33043
p 0 199 33043
x 0 33044
p 0 234 33044
x 0 33045
p 0 220 33045
x 0 33046
p 0 201 33046
x 0 33047
p 0 230 33047
x 0 33048
p 0 202 33048
x 0 33049
p 0 251 33049
x 0 33050
p 0 204 33050
x 0 33051
p 0 231 33051
x 0 33052
p 0 197 33052
x 0 33053
p 0 203 33053
x 0 33054
p 0 200 33054
x 0 33055
p 0 199 33055
x 0 33056
p 0 254 33056
x 0 33057
p 0 202 33057
x 0 33058
p 0 202 33058
x 0 33059
p 0 201 33059
x 0 33060
p 0 205 33060
x 0 33061
p 0 231 33061
x 0 33062
p 0 201 33062
x 0 33000
x 1 33001
h 1 10.0.0.13
p 1 1169 33001
x 2 33002
h 2 10.0.0.13
p 2 157 33002
x 0 33003
h 0 10.0.0.13
p 0 166 33003
x 1 33004
p 1 158 33004
p 0 1008349 33000
x 0 33005
p 0 187 33005
x 0 33006
p 0 166 33006
x 0 33007
p 0 238 33007
x 0 33008
p 0 204 33008
x 0 33009
p 0 278 33009
x 0 33010
p 0 211 33010
x 0 33011
p 0 199 33011
x 0 33012
p 0 197 33012
x 0 33013
p 0 198 33013
x 0 33014
p 0 197 33014
x 0 33015
p 0 201 33015
x 0 33016
p 0 199 33016
x 0 33017
p 0 198 33017
x 0 33018
p 0 198 33018
x 0 33019
p 0 194 33019
x 0 33020
p 0 199 33020
x 0 33021
p 0 196 33021
x 0 33022
p 0 193 33022
x 0 33023
p 0 196 33023
x 0 33024
p 0 195 33024
x 0 33025
p 0 197 33025
x 0 33026
p 0 208 33026
x 0 33027
p 0 199 33027
x 0 33028
p 0 199 33028
x 0 33029
p 0 195 33029
x 0 33030
p 0 224 33030
x 0 33031
p 0 199 33031
x 0 33032
p 0 206 33032
x 0 33033
p 0 202 33033
x 0 33034
p 0 203 33034
x 0 33035
p 0 204 33035
x 0 33036
p 0 199 33036
x 0 33037
p 0 200 33037
x 0 33038
p 0 201 33038
x 0 33039
p 0 204 33039
x 0 33040
p 0 204 33040
x 0 33041
p 0 202 33041
x 0 33042
p 0 156 33042
x 0 33043
p 0 152 33043
x 0 33044
p 0 196 33044
x 0 33045
p 0 156 33045
x 0 33046
p 0 153 33046
x 0 33047
p 0 149 33047
x 0 33048
p 0 154 33048
x 0 33049
p 0 155 33049
x 0 33050
p 0 155 33050
x 0 33051
p 0 204 33051
x 0 33052
p 0 153 33052
x 0 33053
p 0 156 33053
x 0 33054
p 0 154 33054
x 0 33055
p 0 187 33055
x 0 33056
p 0 161 33056
x 0 33057
p 0 152 33057
x 0 33058
p 0 153 33058
x 0 33059
p 0 160 33059
x 0 33060
p 0 151 33060
x 0 33061
p 0 152 33061
x 0 33062
p 0 154 33062
x 0 33000
x 1 33001
h 1 10.0.0.13
p 1 712 33001
x 2 33002
h 2 10.0.0.13
p 2 199 33002
x 0 33003
h 0 10.0.0.13
p 0 227 33003
x 1 33004
p 1 238 33004
p 0 1032760 33000
x 0 33005
p 0 199 33005
x 0 33006
p 0 205 33006
x 0 33007
p 0 207 33007
x 0 33008
p 0 239 33008
x 0 33009
p 0 209 33009
x 0 33010
p 0 206 33010
x 0 33011
p 0 204 33011
x 0 33012
p 0 202 33012
x 0 33013
p 0 202 33013
x 0 33014
p 0 207 33014
x 0 33015
p 0 235 33015
x 0 33016
p 0 204 33016
x 0 33017
p 0 205 33017
x 0 33018
p 0 202 33018
x 0 33019
p 0 203 33019
x 0 33020
p 0 200 33020
x 0 33021
p 0 202 33021
x 0 33022
p 0 236 33022
x 0 33023
p 0 200 33023
x 0 33024
p 0 202 33024
x 0 33025
p 0 206 33025
x 0 33026
p 0 239 33026
x 0 33027
p 0 205 33027
x 0 33028
p 0 201 33028
x 0 33029
p 0 206 33029
x 0 33030
p 0 204 33030
x 0 33031
p 0 203 33031
x 0 33032
p 0 203 33032
x 0 33033
p 0 243 33033
x 0 33034
p 0 205 33034
x 0 33035
p 0 202 33035
x 0 33036
p 0 240 33036
x 0 33037
p 0 208 33037
x 0 33038
p 0 199 33038
x 0 33039
p 0 208 33039
x 0 33040
p 0 203 33040
x 0 33041
p 0 204 33041
x 0 33042
p 0 202 33042
x 0 33043
p 0 234 33043
x 0 33044
p 0 203 33044
x 0 33045
p 0 204 33045
x 0 33046
p 0 212 33046
x 0 33047
p 0 257 33047
x 0 33048
p 0 203 33048
x 0 33049
p 0 207 33049
x 0 33050
p 0 230 33050
x 0 33051
p 0 159 33051
x 0 33052
p 0 159 33052
x 0 33053
p 0 163 33053
x 0 33054
p 0 262 33054
x 0 33055
p 0 164 33055
x 0 33056
p 0 161 33056
x 0 33057
p 0 160 33057
x 0 33058
p 0 175 33058
x 0 33059
p 0 204 33059
x 0 33060
p 0 192 33060
x 0 33061
p 0 172 33061
x 0 33062
p 0 171 33062
x 0 33000
x 1 33001
h 1 10.0.0.13
p 1 1348 33001
x 2 33002
h 2 10.0.0.13
p 2 168 33002
x 0 33003
h 0 10.0.0.13
p 0 87 33003
x 1 33004
p 1 150 33004
p 0 1003281 33000
x 0 33005
p 0 343 33005
x 0 33006
p 0 166 33006
x 0 33007
p 0 360 33007
x 0 33008
p 0 206 33008
x 0 33009
p 0 202 33009
x 0 33010
p 0 215 33010
x 0 33011
p 0 444 33011
x 0 33012
p 0 256 33012
x 0 33013
p 0 211 33013
x 0 33014
p 0 204 33014
x 0 33015
p 0 599 33015
x 0 33016
p 0 338 33016
x 0 33017
p 0 205 33017
x 0 33018
p 0 337 33018
x 0 33019
p 0 200 33019
x 0 33020
p 0 202 33020
x 0 33021
p 0 348 33021
x 0 33022
p 0 165 33022
x 0 33023
p 0 164 33023
x 0 33024
p 0 280 33024
x 0 33025
p 0 212 33025
x 0 33026
p 0 207 33026
x 0 33027
p 0 203 33027
x 0 33028
p 0 202 33028
x 0 33029
p 0 208 33029
x 0 33030
p 0 262 33030
x 0 33031
p 0 213 33031
x 0 33032
p 0 207 33032
x 0 33033
p 0 200 33033
x 0 33034
p 0 207 33034
x 0 33035
p 0 215 33035
x 0 33036
p 0 211 33036
x 0 33037
p 0 206 33037
x 0 33038
p 0 371 33038
x 0 33039
p 0 333 33039
x 0 33040
p 0 254 33040
x 0 33041
p 0 203 33041
x 0 33042
p 0 236 33042
x 0 33043
p 0 288 33043
x 0 33044
p 0 206 33044
x 0 33045
p 0 206 33045
x 0 33046
p 0 208 33046
x 0 33047
p 0 208 33047
x 0 33048
p 0 310 33048
x 0 33049
p 0 250 33049
x 0 33050
p 0 373 33050
x 0 33051
p 0 211 33051
x 0 33052
p 0 209 33052
x 0 33053
p 0 246 33053
x 0 33054
p 0 380 33054
x 0 33055
p 0 452 33055
x 0 33056
p 0 398 33056
x 0 33057
p 0 248 33057
x 0 33058
p 0 160 33058
x 0 33059
p 0 217 33059
x 0 33060
p 0 211 33060
x 0 33061
p 0 206 33061
x 0 33062
p 0 209 33062
x 0 33000
x 1 33001
h 1 10.0.0.13
p 1 630 33001
x 2 33002
h 2 10.0.0.13
p 2 195 33002
x 0 33003
h 0 10.0.0.13
p 0 199 33003
x 1 33004
p 1 197 33004
p 0 1007393 33000
x 0 33005
p 0 198 33005
x 0 33006
p 0 209 33006
x 0 33007
p 0 279 33007
x 0 33008
p 0 209 33008
x 0 33009
p 0 192 33009
x 0 33010
p 0 111 33010
x 0 33011
p 0 176 33011
x 0 33012
p 0 217 33012
x 0 33013
p 0 202 33013
x 0 33014
p 0 238 33014
x 0 33015
p 0 201 33015
x 0 33016
p 0 200 33016
x 0 33017
p 0 198 33017
x 0 33018
p 0 198 33018
x 0 33019
p 0 202 33019
x 0 33020
p 0 201 33020
x 0 33021
p 0 201 33021
x 0 33022
p 0 201 33022
x 0 33023
p 0 201 33023
x 0 33024
p 0 204 33024
x 0 33025
p 0 283 33025
x 0 33026
p 0 201 33026
x 0 33027
p 0 203 33027
x 0 33028
p 0 201 33028
x 0 33029
p 0 202 33029
x 0 33030
p 0 203 33030
x 0 33031
p 0 201 33031
x 0 33032
p 0 199 33032
x 0 33033
p 0 201 33033
x 0 33034
p 0 200 33034
x 0 33035
p 0 197 33035
x 0 33036
p 0 201 33036
x 0 33037
p 0 196 33037
x 0 33038
p 0 199 33038
x 0 33039
p 0 201 33039
x 0 33040
p 0 199 33040
x 0 33041
p 0 199 33041
x 0 33042
p 0 198 33042
x 0 33043
p 0 199 33043
x 0 33044
p 0 203 33044
x 0 33045
p 0 163 33045
x 0 33046
p 0 202 33046
x 0 33047
p 0 163 33047
x 0 33048
p 0 166 33048
x 0 33049
p 0 282 33049
x 0 33050
p 0 205 33050
x 0 33051
p 0 206 33051
x 0 33052
p 0 168 33052
x 0 33053
p 0 160 33053
x 0 33054
p 0 162 33054
x 0 33055
p 0 205 33055
x 0 33056
p 0 179 33056
x 0 33057
p 0 206 33057
x 0 33058
p 0 202 33058
x 0 33059
p 0 204 33059
x 0 33060
p 0 231 33060
x 0 33061
p 0 207 33061
x 0 33062
p 0 203 33062
x 0 33000
x 1 33001
h 1 10.0.0.13
p 1 846 33001
x 2 33002
h 2 10.0.0.13
p 2 206 33002
x 0 33003
h 0 10.0.0.13
p 0 201 33003
x 1 33004
p 1 199 33004
p 0 1015053 33000
x 0 33005
p 0 198 33005
x 0 33006
p 0 206 33006
x 0 33007
p 0 201 33007
x 0 33008
p 0 201 33008
x 0 33009
p 0 205 33009
x 0 33010
p 0 206 33010
x 0 33011
p 0 286 33011
x 0 33012
p 0 204 33012
x 0 33013
p 0 174 33013
x 0 33014
p 0 202 33014
x 0 33015
p 0 200 33015
x 0 33016
p 0 202 33016
x 0 33017
p 0 200 33017
x 0 33018
p 0 201 33018
x 0 33019
p 0 200 33019
x 0 33020
p 0 200 33020
x 0 33021
p 0 199 33021
x 0 33022
p 0 249 33022
x 0 33023
p 0 204 33023
x 0 33024
p 0 207 33024
x 0 33025
p 0 207 33025
x 0 33026
p 0 204 33026
x 0 33027
p 0 207 33027
x 0 33028
p 0 293 33028
x 0 33029
p 0 318 33029
x 0 33030
p 0 207 33030
x 0 33031
p 0 430 33031
x 0 33032
p 0 208 33032
x 0 33033
p 0 173 33033
x 0 33034
p 0 206 33034
x 0 33035
p 0 206 33035
x 0 33036
p 0 203 33036
x 0 33037
p 0 204 33037
x 0 33038
p 0 207 33038
x 0 33039
p 0 149 33039
x 0 33040
p 0 207 33040
x 0 33041
p 0 175 33041
x 0 33042
p 0 207 33042
x 0 33043
p 0 200 33043
x 0 33044
p 0 173 33044
x 0 33045
p 0 172 33045
x 0 33046
p 0 200 33046
x 0 33047
p 0 205 33047
x 0 33048
p 0 172 33048
x 0 33049
p 0 173 33049
x 0 33050
p 0 205 33050
x 0 33051
p 0 201 33051
x 0 33052
p 0 205 33052
x 0 33053
p 0 190 33053
x 0 33054
p 0 185 33054
x 0 33055
p 0 205 33055
x 0 33056
p 0 173 33056
x 0 33057
p 0 175 33057
x 0 33058
p 0 194 33058
x 0 33059
p 0 201 33059
x 0 33060
p 0 175 33060
x 0 33061
p 0 169 33061
x 0 33062
p 0 75 33062
x 0 33000
x 1 33001
h 1 10.0.0.13
p 1 757 33001
x 2 33002
h 2 10.0.0.13
p 2 198 33002
x 0 33003
h 0 10.0.0.13
p 0 196 33003
x 1 33004
p 1 196 33004
p 0 1029909 33000
x 0 33005
p 0 140 33005
x 0 33006
p 0 157 33006
x 0 33007
p 0 384 33007
x 0 33008
p 0 318 33008
x 0 33009
p 0 320 33009
x 0 33010
p 0 877 33010
x 0 33011
p 0 1118 33011
x 0 33012
p 0 206 33012
x 0 33013
p 0 209 33013
x 0 33014
p 0 204 33014
x 0 33015
p 0 306 33015
x 0 33016
p 0 207 33016
x 0 33017
p 0 260 33017
x 0 33018
p 0 289 33018
x 0 33019
p 0 271 33019
x 0 33020
p 0 271 33020
x 0 33021
p 0 269 33021
x 0 33022
p 0 269 33022
x 0 33023
p 0 269 33023
x 0 33024
p 0 265 33024
x 0 33025
p 0 271 33025
x 0 33026
p 0 274 33026
x 0 33027
p 0 266 33027
x 0 33028
p 0 270 33028
x 0 33029
p 0 274 33029
x 0 33030
p 0 204 33030
x 0 33031
p 0 376 33031
x 0 33032
p 0 616 33032
x 0 33033
p 0 631 33033
x 0 33034
p 0 376 33034
x 0 33035
p 0 365 33035
x 0 33036
p 0 508 33036
x 0 33037
p 0 806 33037
x 0 33038
p 0 214 33038
x 0 33039
p 0 205 33039
x 0 33040
p 0 211 33040
x 0 33041
p 0 215 33041
x 0 33042
p 0 211 33042
x 0 33043
p 0 245 33043
x 0 33044
p 0 212 33044
x 0 33045
p 0 621 33045
x 0 33046
p 0 213 33046
x 0 33047
p 0 676 33047
x 0 33048
p 0 208 33048
x 0 33049
p 0 212 33049
x 0 33050
p 0 694 33050
x 0 33051
p 0 900 33051
x 0 33052
p 0 176 33052
x 0 33053
p 0 171 33053
x 0 33054
p 0 165 33054
x 0 33055
p 0 163 33055
x 0 33056
p 0 164 33056
x 0 33057
p 0 168 33057
x 0 33058
p 0 235 33058
x 0 33059
p 0 166 33059
x 0 33060
p 0 194 33060
x 0 33061
p 0 162 33061
x 0 33062
p 0 160 33062
x 0 33000
x 1 33001
h 1 10.0.0.13
p 1 858 33001
x 2 33002
h 2 10.0.0.13
p 2 229 33002
x 0 33003
h 0 10.0.0.13
p 0 172 33003
x 1 33004
p 1 208 33004
p 0 1032395 33000
x 0 33005
p 0 170 33005
x 0 33006
p 0 210 33006
x 0 33007
p 0 211 33007
x 0 33008
p 0 254 33008
x 0 33009
p 0 175 33009
x 0 33010
p 0 210 33010
x 0 33011
p 0 179 33011
x 0 33012
p 0 173 33012
x 0 33013
p 0 175 33013
x 0 33014
p 0 203 33014
x 0 33015
p 0 231 33015
x 0 33016
p 0 179 33016
x 0 33017
p 0 174 33017
x 0 33018
p 0 173 33018
x 0 33019
p 0 238 33019
x 0 33020
p 0 175 33020
x 0 33021
p 0 83 33021
x 0 33022
p 0 204 33022
x 0 33023
p 0 202 33023
x 0 33024
p 0 241 33024
x 0 33025
p 0 203 33025
x 0 33026
p 0 204 33026
x 0 33027
p 0 202 33027
x 0 33028
p 0 256 33028
x 0 33029
p 0 208 33029
x 0 33030
p 0 207 33030
x 0 33031
p 0 203 33031
x 0 33032
p 0 202 33032
x 0 33033
p 0 155 33033
x 0 33034
p 0 166 33034
x 0 33035
p 0 198 33035
x 0 33036
p 0 198 33036
x 0 33037
p 0 202 33037
x 0 33038
p 0 183 33038
x 0 33039
p 0 163 33039
x 0 33040
p 0 202 33040
x 0 33041
p 0 162 33041
x 0 33042
p 0 166 33042
x 0 33043
p 0 165 33043
x 0 33044
p 0 167 33044
x 0 33045
p 0 160 33045
x 0 33046
p 0 167 33046
x 0 33047
p 0 159 33047
x 0 33048
p 0 155 33048
x 0 33049
p 0 166 33049
x 0 33050
p 0 230 33050
x 0 33051
p 0 192 33051
x 0 33052
p 0 301 33052
x 0 33053
p 0 164 33053
x 0 33054
p 0 160 33054
x 0 33055
p 0 159 33055
x 0 33056
p 0 165 33056
x 0 33057
p 0 170 33057
x 0 33058
p 0 162 33058
x 0 33059
p 0 169 33059
x 0 33060
p 0 198 33060
x 0 33061
p 0 158 33061
x 0 33062
p 0 201 33062
x 0 33000
x 1 33001
h 1 10.0.0.13
p 1 1020 33001
x 2 33002
h 2 10.0.0.13
p 2 176 33002
x 0 33003
h 0 10.0.0.13
p 0 183 33003
x 1 33004
p 1 161 33004
p 0 1016961 33000
x 0 33005
p 0 162 33005
x 0 33006
p 0 154 33006
x 0 33007
p 0 203 33007
x 0 33008
p 0 236 33008
x 0 33009
p 0 204 33009
x 0 33010
p 0 203 33010
x 0 33011
p 0 206 33011
x 0 33012
p 0 205 33012
x 0 33013
p 0 226 33013
x 0 33014
p 0 214 33014
x 0 33015
p 0 215 33015
x 0 33016
p 0 211 33016
x 0 33017
p 0 208 33017
x 0 33018
p 0 210 33018
x 0 33019
p 0 216 33019
x 0 33020
p 0 210 33020
x 0 33021
p 0 209 33021
x 0 33022
p 0 211 33022
x 0 33023
p 0 238 33023
x 0 33024
p 0 299 33024
x 0 33025
p 0 212 33025
x 0 33026
p 0 283 33026
x 0 33027
p 0 211 33027
x 0 33028
p 0 286 33028
x 0 33029
p 0 209 33029
x 0 33030
p 0 231 33030
x 0 33031
p 0 203 33031
x 0 33032
p 0 201 33032
x 0 33033
p 0 199 33033
x 0 33034
p 0 282 33034
x 0 33035
p 0 145 33035
x 0 33036
p 0 146 33036
x 0 33037
p 0 149 33037
x 0 33038
p 0 148 33038
x 0 33039
p 0 149 33039
x 0 33040
p 0 149 33040
x 0 33041
p 0 143 33041
x 0 33042
p 0 142 33042
x 0 33043
p 0 141 33043
x 0 33044
p 0 200 33044
x 0 33045
p 0 168 33045
x 0 33046
p 0 163 33046
x 0 33047
p 0 162 33047
x 0 33048
p 0 197 33048
x 0 33049
p 0 167 33049
x 0 33050
p 0 162 33050
x 0 33051
p 0 163 33051
x 0 33052
p 0 196 33052
x 0 33053
p 0 166 33053
x 0 33054
p 0 151 33054
x 0 33055
p 0 149 33055
x 0 33056
p 0 203 33056
x 0 33057
p 0 278 33057
x 0 33058
p 0 206 33058
x 0 33059
p 0 201 33059
x 0 33060
p 0 235 33060
x 0 33061
p 0 203 33061
x 0 33062
p 0 203 33062
x 0 33000
x 1 33001
h 1 10.0.0.13
p 1 1122 33001
x 2 33002
h 2 10.0.0.13
p 2 235 33002
x 0 33003
h 0 10.0.0.13
p 0 199 33003
x 1 33004
p 1 197 33004
p 0 1009161 33000
x 0 33005
p 0 197 33005
x 0 33006
p 0 202 33006
x 0 33007
p 0 198 33007
x 0 33008
p 0 238 33008
x 0 33009
p 0 200 33009
x 0 33010
p 0 203 33010
x 0 33011
p 0 201 33011
x 0 33012
p 0 242 33012
x 0 33013
p 0 200 33013
x 0 33014
p 0 198 33014
x 0 33015
p 0 203 33015
x 0 33016
p 0 201 33016
x 0 33017
p 0 199 33017
x 0 33018
p 0 198 33018
x 0 33019
p 0 237 33019
x 0 33020
p 0 200 33020
x 0 33021
p 0 272 33021
x 0 33022
p 0 199 33022
x 0 33023
p 0 200 33023
x 0 33024
p 0 198 33024
x 0 33025
p 0 198 33025
x 0 33026
p 0 240 33026
x 0 33027
p 0 197 33027
x 0 33028
p 0 199 33028
x 0 33029
p 0 209 33029
x 0 33030
p 0 204 33030
x 0 33031
p 0 210 33031
x 0 33032
p 0 202 33032
x 0 33033
p 0 204 33033
x 0 33034
p 0 208 33034
x 0 33035
p 0 206 33035
x 0 33036
p 0 207 33036
x 0 33037
p 0 234 33037
x 0 33038
p 0 203 33038
x 0 33039
p 0 206 33039
x 0 33040
p 0 200 33040
x 0 33041
p 0 199 33041
x 0 33042
p 0 201 33042
x 0 33043
p 0 240 33043
x 0 33044
p 0 198 33044
x 0 33045
p 0 204 33045
x 0 33046
p 0 199 33046
x 0 33047
p 0 200 33047
x 0 33048
p 0 197 33048
x 0 33049
p 0 203 33049
x 0 33050
p 0 202 33050
x 0 33051
p 0 199 33051
x 0 33052
p 0 202 33052
x 0 33053
p 0 199 33053
x 0 33054
p 0 226 33054
x 0 33055
p 0 197 33055
x 0 33056
p 0 201 33056
x 0 33057
p 0 202 33057
x 0 33058
p 0 245 33058
x 0 33059
p 0 201 33059
x 0 33060
p 0 201 33060
x 0 33061
p 0 198 33061
x 0 33062
p 0 201 33062
x 0 33000
x 1 33001
h 1 10.0.0.13
p 1 1084 33001
x 2 33002
h 2 10.0.0.13
p 2 208 33002
x 0 33003
h 0 10.0.0.13
p 0 293 33003
x 1 33004
p 1 210 33004
p 0 1008666 33000
x 0 33005
p 0 201 33005
x 0 33006
p 0 198 33006
x 0 33007
p 0 202 33007
x 0 33008
p 0 237 33008
x 0 33009
p 0 170 33009
x 0 33010
p 0 167 33010
x 0 33011
p 0 165 33011
x 0 33012
p 0 190 33012
x 0 33013
p 0 151 33013
x 0 33014
p 0 212 33014
x 0 33015
p 0 182 33015
x 0 33016
p 0 179 33016
x 0 33017
p 0 200 33017
x 0 33018
p 0 143 33018
x 0 33019
p 0 202 33019
x 0 33020
p 0 151 33020
x 0 33021
p 0 200 33021
x 0 33022
p 0 142 33022
x 0 33023
p 0 206 33023
x 0 33024
p 0 144 33024
x 0 33025
p 0 214 33025
x 0 33026
p 0 145 33026
x 0 33027
p 0 198 33027
x 0 33028
p 0 355 33028
x 0 33029
p 0 243 33029
x 0 33030
p 0 244 33030
x 0 33031
p 0 233 33031
x 0 33032
p 0 240 33032
x 0 33033
p 0 148 33033
x 0 33034
p 0 296 33034
x 0 33035
p 0 181 33035
x 0 33036
p 0 149 33036
x 0 33037
p 0 200 33037
x 0 33038
p 0 203 33038
x 0 33039
p 0 232 33039
x 0 33040
p 0 174 33040
x 0 33041
p 0 280 33041
x 0 33042
p 0 202 33042
x 0 33043
p 0 209 33043
x 0 33044
p 0 246 33044
x 0 33045
p 0 210 33045
x 0 33046
p 0 245 33046
x 0 33047
p 0 234 33047
x 0 33048
p 0 212 33048
x 0 33049
p 0 216 33049
x 0 33050
p 0 244 33050
x 0 33051
p 0 233 33051
x 0 33052
p 0 199 33052
x 0 33053
p 0 205 33053
x 0 33054
p 0 214 33054
x 0 33055
p 0 225 33055
x 0 33056
p 0 204 33056
x 0 33057
p 0 206 33057
x 0 33058
p 0 206 33058
x 0 33059
p 0 259 33059
x 0 33060
p 0 208 33060
x 0 33061
p 0 233 33061
x 0 33062
p 0 203 33062
