x 0 33000
x 1 33001
x 2 33002
x 3 33003
x 4 33004
x 5 33005
x 6 33006
x 7 33007
h 7 10.0.0.11
p 7 34337 33007
x 8 33008
h 8 10.0.0.11
p 8 968 33008
x 0 33009
h 0 10.0.0.11
p 0 213 33009
x 1 33010
h 1 10.0.0.11
p 1 211 33010
p 0 1027097 33000
p 1 1022986 33001
h 2 10.0.0.11
p 2 1019246 33002
h 3 10.0.0.11
p 3 1014569 33003
x 0 33011
p 0 163 33011
h 4 10.0.0.11
p 4 1010084 33004
h 5 10.0.0.11
p 5 1006106 33005
h 6 10.0.0.11
p 6 1001783 33006
x 0 33012
p 0 205 33012
x 0 33013
p 0 258 33013
x 0 33014
p 0 305 33014
x 0 33015
p 0 209 33015
x 0 33016
p 0 218 33016
x 0 33017
p 0 212 33017
x 0 33018
p 0 213 33018
x 0 33019
p 0 211 33019
x 0 33020
p 0 258 33020
x 0 33021
p 0 340 33021
x 0 33022
p 0 209 33022
x 0 33023
p 0 211 33023
x 0 33024
p 0 211 33024
x 0 33025
p 0 210 33025
x 0 33026
p 0 208 33026
x 0 33027
p 0 204 33027
x 0 33028
p 0 237 33028
x 0 33029
p 0 202 33029
x 0 33030
p 0 200 33030
x 0 33031
p 0 210 33031
x 0 33032
p 0 203 33032
x 0 33033
p 0 199 33033
x 0 33034
p 0 205 33034
x 0 33035
p 0 201 33035
x 0 33036
p 0 207 33036
x 0 33037
p 0 206 33037
x 0 33038
p 0 209 33038
x 0 33039
p 0 205 33039
x 0 33040
p 0 271 33040
x 0 33041
p 0 209 33041
x 0 33042
p 0 211 33042
x 0 33043
p 0 209 33043
x 0 33044
p 0 245 33044
x 0 33045
p 0 206 33045
x 0 33046
p 0 249 33046
x 0 33047
p 0 215 33047
x 0 33048
p 0 211 33048
x 0 33049
p 0 208 33049
x 0 33050
p 0 209 33050
x 0 33051
p 0 214 33051
x 0 33052
p 0 214 33052
x 0 33053
p 0 217 33053
x 0 33054
p 0 209 33054
x 0 33055
p 0 205 33055
x 0 33056
p 0 212 33056
x 0 33057
p 0 212 33057
x 0 33058
p 0 215 33058
x 0 33059
p 0 211 33059
x 0 33060
p 0 215 33060
x 0 33061
p 0 212 33061
x 0 33062
p 0 211 33062
x 0 33063
p 0 211 33063
x 0 33064
p 0 258 33064
x 0 33065
p 0 203 33065
x 0 33066
p 0 209 33066
x 0 33067
p 0 208 33067
x 0 33068
p 0 255 33068
x 0 33000
x 1 33001
h 1 10.0.0.11
p 1 775 33001
x 2 33002
h 2 10.0.0.11
p 2 215 33002
x 0 33003
h 0 10.0.0.11
p 0 314 33003
x 1 33004
p 1 244 33004
p 0 1004508 33000
x 0 33005
p 0 204 33005
x 0 33006
p 0 204 33006
x 0 33007
p 0 237 33007
x 0 33008
p 0 299 33008
x 0 33009
p 0 266 33009
x 0 33010
p 0 240 33010
x 0 33011
p 0 275 33011
x 0 33012
p 0 241 33012
x 0 33013
p 0 241 33013
x 0 33014
p 0 245 33014
x 0 33015
p 0 253 33015
x 0 33016
p 0 222 33016
x 0 33017
p 0 261 33017
x 0 33018
p 0 252 33018
x 0 33019
p 0 225 33019
x 0 33020
p 0 240 33020
x 0 33021
p 0 263 33021
x 0 33022
p 0 273 33022
x 0 33023
p 0 253 33023
x 0 33024
p 0 249 33024
x 0 33025
p 0 229 33025
x 0 33026
p 0 219 33026
x 0 33027
p 0 213 33027
x 0 33028
p 0 216 33028
x 0 33029
p 0 244 33029
x 0 33030
p 0 235 33030
x 0 33031
p 0 212 33031
x 0 33032
p 0 249 33032
x 0 33033
p 0 215 33033
x 0 33034
p 0 210 33034
x 0 33035
p 0 211 33035
x 0 33036
p 0 211 33036
x 0 33037
p 0 169 33037
x 0 33038
p 0 166 33038
x 0 33039
p 0 178 33039
x 0 33040
p 0 231 33040
x 0 33041
p 0 166 33041
x 0 33042
p 0 170 33042
x 0 33043
p 0 217 33043
x 0 33044
p 0 205 33044
x 0 33045
p 0 202 33045
x 0 33046
p 0 202 33046
x 0 33047
p 0 205 33047
x 0 33048
p 0 165 33048
x 0 33049
p 0 108 33049
x 0 33050
p 0 207 33050
x 0 33051
p 0 173 33051
x 0 33052
p 0 167 33052
x 0 33053
p 0 209 33053
x 0 33054
p 0 177 33054
x 0 33055
p 0 163 33055
x 0 33056
p 0 209 33056
x 0 33057
p 0 163 33057
x 0 33058
p 0 165 33058
x 0 33059
p 0 179 33059
x 0 33060
p 0 167 33060
x 0 33061
p 0 163 33061
x 0 33062
p 0 164 33062
x 0 33000
x 1 33001
h 1 10.0.0.11
p 1 765 33001
x 2 33002
h 2 10.0.0.11
p 2 121 33002
x 0 33003
h 0 10.0.0.11
p 0 245 33003
x 1 33004
p 1 205 33004
p 0 1010342 33000
x 0 33005
p 0 198 33005
x 0 33006
p 0 382 33006
x 0 33007
p 0 222 33007
x 0 33008
p 0 217 33008
x 0 33009
p 0 509 33009
x 0 33010
p 0 340 33010
x 0 33011
p 0 251 33011
x 0 33012
p 0 250 33012
x 0 33013
p 0 296 33013
x 0 33014
p 0 232 33014
x 0 33015
p 0 260 33015
x 0 33016
p 0 241 33016
x 0 33017
p 0 232 33017
x 0 33018
p 0 257 33018
x 0 33019
p 0 249 33019
x 0 33020
p 0 255 33020
x 0 33021
p 0 237 33021
x 0 33022
p 0 293 33022
x 0 33023
p 0 247 33023
x 0 33024
p 0 205 33024
x 0 33025
p 0 242 33025
x 0 33026
p 0 220 33026
x 0 33027
p 0 217 33027
x 0 33028
p 0 247 33028
x 0 33029
p 0 235 33029
x 0 33030
p 0 223 33030
x 0 33031
p 0 254 33031
x 0 33032
p 0 235 33032
x 0 33033
p 0 250 33033
x 0 33034
p 0 287 33034
x 0 33035
p 0 255 33035
x 0 33036
p 0 307 33036
x 0 33037
p 0 233 33037
x 0 33038
p 0 230 33038
x 0 33039
p 0 215 33039
x 0 33040
p 0 240 33040
x 0 33041
p 0 273 33041
x 0 33042
p 0 209 33042
x 0 33043
p 0 336 33043
x 0 33044
p 0 150 33044
x 0 33045
p 0 275 33045
x 0 33046
p 0 154 33046
x 0 33047
p 0 156 33047
x 0 33048
p 0 245 33048
x 0 33049
p 0 156 33049
x 0 33050
p 0 192 33050
x 0 33051
p 0 158 33051
x 0 33052
p 0 299 33052
x 0 33053
p 0 155 33053
x 0 33054
p 0 222 33054
x 0 33055
p 0 159 33055
x 0 33056
p 0 197 33056
x 0 33057
p 0 151 33057
x 0 33058
p 0 196 33058
x 0 33059
p 0 125 33059
x 0 33060
p 0 195 33060
x 0 33061
p 0 152 33061
x 0 33062
p 0 192 33062
x 0 33000
x 1 33001
h 1 10.0.0.11
p 1 1168 33001
x 2 33002
h 2 10.0.0.11
p 2 112 33002
x 0 33003
h 0 10.0.0.11
p 0 213 33003
x 1 33004
p 1 204 33004
p 0 1022347 33000
x 0 33005
p 0 208 33005
x 0 33006
p 0 256 33006
x 0 33007
p 0 227 33007
x 0 33008
p 0 228 33008
x 0 33009
p 0 286 33009
x 0 33010
p 0 228 33010
x 0 33011
p 0 230 33011
x 0 33012
p 0 223 33012
x 0 33013
p 0 223 33013
x 0 33014
p 0 214 33014
x 0 33015
p 0 239 33015
x 0 33016
p 0 233 33016
x 0 33017
p 0 274 33017
x 0 33018
p 0 231 33018
x 0 33019
p 0 221 33019
x 0 33020
p 0 272 33020
x 0 33021
p 0 335 33021
x 0 33022
p 0 233 33022
x 0 33023
p 0 261 33023
x 0 33024
p 0 275 33024
x 0 33025
p 0 262 33025
x 0 33026
p 0 227 33026
x 0 33027
p 0 255 33027
x 0 33028
p 0 252 33028
x 0 33029
p 0 233 33029
x 0 33030
p 0 320 33030
x 0 33031
p 0 267 33031
x 0 33032
p 0 339 33032
x 0 33033
p 0 333 33033
x 0 33034
p 0 385 33034
x 0 33035
p 0 112 33035
x 0 33036
p 0 243 33036
x 0 33037
p 0 236 33037
x 0 33038
p 0 253 33038
x 0 33039
p 0 249 33039
x 0 33040
p 0 223 33040
x 0 33041
p 0 240 33041
x 0 33042
p 0 230 33042
x 0 33043
p 0 233 33043
x 0 33044
p 0 237 33044
x 0 33045
p 0 367 33045
x 0 33046
p 0 288 33046
x 0 33047
p 0 289 33047
x 0 33048
p 0 341 33048
x 0 33049
p 0 327 33049
x 0 33050
p 0 255 33050
x 0 33051
p 0 294 33051
x 0 33052
p 0 367 33052
x 0 33053
p 0 418 33053
x 0 33054
p 0 363 33054
x 0 33055
p 0 265 33055
x 0 33056
p 0 388 33056
x 0 33057
p 0 358 33057
x 0 33058
p 0 355 33058
x 0 33059
p 0 410 33059
x 0 33060
p 0 349 33060
x 0 33061
p 0 361 33061
x 0 33062
p 0 360 33062
x 0 33000
x 1 33001
h 1 10.0.0.11
p 1 1173 33001
x 2 33002
h 2 10.0.0.11
p 2 207 33002
x 0 33003
h 0 10.0.0.11
p 0 201 33003
x 1 33004
p 1 204 33004
p 0 1031268 33000
x 0 33005
p 0 201 33005
x 0 33006
p 0 208 33006
x 0 33007
p 0 216 33007
x 0 33008
p 0 211 33008
x 0 33009
p 0 251 33009
x 0 33010
p 0 213 33010
x 0 33011
p 0 227 33011
x 0 33012
p 0 221 33012
x 0 33013
p 0 243 33013
x 0 33014
p 0 234 33014
x 0 33015
p 0 221 33015
x 0 33016
p 0 236 33016
x 0 33017
p 0 221 33017
x 0 33018
p 0 502 33018
x 0 33019
p 0 216 33019
x 0 33020
p 0 220 33020
x 0 33021
p 0 225 33021
x 0 33022
p 0 319 33022
x 0 33023
p 0 248 33023
x 0 33024
p 0 218 33024
x 0 33025
p 0 220 33025
x 0 33026
p 0 229 33026
x 0 33027
p 0 220 33027
x 0 33028
p 0 217 33028
x 0 33029
p 0 210 33029
x 0 33030
p 0 234 33030
x 0 33031
p 0 224 33031
x 0 33032
p 0 230 33032
x 0 33033
p 0 234 33033
x 0 33034
p 0 237 33034
x 0 33035
p 0 226 33035
x 0 33036
p 0 264 33036
x 0 33037
p 0 223 33037
x 0 33038
p 0 230 33038
x 0 33039
p 0 250 33039
x 0 33040
p 0 244 33040
x 0 33041
p 0 221 33041
x 0 33042
p 0 219 33042
x 0 33043
p 0 254 33043
x 0 33044
p 0 250 33044
x 0 33045
p 0 241 33045
x 0 33046
p 0 265 33046
x 0 33047
p 0 222 33047
x 0 33048
p 0 228 33048
x 0 33049
p 0 211 33049
x 0 33050
p 0 270 33050
x 0 33051
p 0 226 33051
x 0 33052
p 0 224 33052
x 0 33053
p 0 251 33053
x 0 33054
p 0 241 33054
x 0 33055
p 0 224 33055
x 0 33056
p 0 224 33056
x 0 33057
p 0 308 33057
x 0 33058
p 0 236 33058
x 0 33059
p 0 259 33059
x 0 33060
p 0 304 33060
x 0 33061
p 0 259 33061
x 0 33062
p 0 281 33062
x 0 33000
x 1 33001
h 1 10.0.0.11
p 1 1098 33001
x 2 33002
h 2 10.0.0.11
p 2 266 33002
x 0 33003
h 0 10.0.0.11
p 0 267 33003
x 1 33004
p 1 199 33004
p 0 1018954 33000
x 0 33005
p 0 196 33005
x 0 33006
p 0 213 33006
x 0 33007
p 0 206 33007
x 0 33008
p 0 205 33008
x 0 33009
p 0 207 33009
x 0 33010
p 0 249 33010
x 0 33011
p 0 203 33011
x 0 33012
p 0 208 33012
x 0 33013
p 0 205 33013
x 0 33014
p 0 199 33014
x 0 33015
p 0 213 33015
x 0 33016
p 0 207 33016
x 0 33017
p 0 211 33017
x 0 33018
p 0 208 33018
x 0 33019
p 0 208 33019
x 0 33020
p 0 207 33020
x 0 33021
p 0 206 33021
x 0 33022
p 0 213 33022
x 0 33023
p 0 211 33023
x 0 33024
p 0 205 33024
x 0 33025
p 0 208 33025
x 0 33026
p 0 216 33026
x 0 33027
p 0 203 33027
x 0 33028
p 0 207 33028
x 0 33029
p 0 212 33029
x 0 33030
p 0 208 33030
x 0 33031
p 0 215 33031
x 0 33032
p 0 221 33032
x 0 33033
p 0 215 33033
x 0 33034
p 0 212 33034
x 0 33035
p 0 213 33035
x 0 33036
p 0 152 33036
x 0 33037
p 0 218 33037
x 0 33038
p 0 209 33038
x 0 33039
p 0 210 33039
x 0 33040
p 0 210 33040
x 0 33041
p 0 206 33041
x 0 33042
p 0 209 33042
x 0 33043
p 0 209 33043
x 0 33044
p 0 297 33044
x 0 33045
p 0 204 33045
x 0 33046
p 0 202 33046
x 0 33047
p 0 214 33047
x 0 33048
p 0 211 33048
x 0 33049
p 0 212 33049
x 0 33050
p 0 212 33050
x 0 33051
p 0 211 33051
x 0 33052
p 0 218 33052
x 0 33053
p 0 213 33053
x 0 33054
p 0 209 33054
x 0 33055
p 0 275 33055
x 0 33056
p 0 218 33056
x 0 33057
p 0 221 33057
x 0 33058
p 0 249 33058
x 0 33059
p 0 202 33059
x 0 33060
p 0 208 33060
x 0 33061
p 0 205 33061
x 0 33062
p 0 240 33062
x 0 33000
x 1 33001
h 1 10.0.0.11
p 1 876 33001
x 2 33002
h 2 10.0.0.11
p 2 197 33002
x 0 33003
h 0 10.0.0.11
p 0 204 33003
x 1 33004
p 1 220 33004
p 0 1007085 33000
x 0 33005
p 0 202 33005
x 0 33006
p 0 206 33006
x 0 33007
p 0 237 33007
x 0 33008
p 0 278 33008
x 0 33009
p 0 253 33009
x 0 33010
p 0 219 33010
x 0 33011
p 0 222 33011
x 0 33012
p 0 201 33012
x 0 33013
p 0 199 33013
x 0 33014
p 0 214 33014
x 0 33015
p 0 244 33015
x 0 33016
p 0 219 33016
x 0 33017
p 0 211 33017
x 0 33018
p 0 211 33018
x 0 33019
p 0 211 33019
x 0 33020
p 0 232 33020
x 0 33021
p 0 220 33021
x 0 33022
p 0 209 33022
x 0 33023
p 0 214 33023
x 0 33024
p 0 204 33024
x 0 33025
p 0 210 33025
x 0 33026
p 0 231 33026
x 0 33027
p 0 237 33027
x 0 33028
p 0 197 33028
x 0 33029
p 0 199 33029
x 0 33030
p 0 242 33030
x 0 33031
p 0 202 33031
x 0 33032
p 0 205 33032
x 0 33033
p 0 209 33033
x 0 33034
p 0 205 33034
x 0 33035
p 0 227 33035
x 0 33036
p 0 208 33036
x 0 33037
p 0 206 33037
x 0 33038
p 0 204 33038
x 0 33039
p 0 212 33039
x 0 33040
p 0 218 33040
x 0 33041
p 0 204 33041
x 0 33042
p 0 225 33042
x 0 33043
p 0 201 33043
x 0 33044
p 0 222 33044
x 0 33045
p 0 265 33045
x 0 33046
p 0 208 33046
x 0 33047
p 0 204 33047
x 0 33048
p 0 212 33048
x 0 33049
p 0 207 33049
x 0 33050
p 0 214 33050
x 0 33051
p 0 231 33051
x 0 33052
p 0 209 33052
x 0 33053
p 0 209 33053
x 0 33054
p 0 206 33054
x 0 33055
p 0 214 33055
x 0 33056
p 0 208 33056
x 0 33057
p 0 203 33057
x 0 33058
p 0 200 33058
x 0 33059
p 0 350 33059
x 0 33060
p 0 212 33060
x 0 33061
p 0 233 33061
x 0 33062
p 0 207 33062
x 0 33000
x 1 33001
h 1 10.0.0.11
p 1 982 33001
x 2 33002
h 2 10.0.0.11
p 2 213 33002
x 0 33003
h 0 10.0.0.11
p 0 209 33003
x 1 33004
p 1 180 33004
p 0 1023567 33000
x 0 33005
p 0 212 33005
x 0 33006
p 0 219 33006
x 0 33007
p 0 264 33007
x 0 33008
p 0 219 33008
x 0 33009
p 0 234 33009
x 0 33010
p 0 331 33010
x 0 33011
p 0 203 33011
x 0 33012
p 0 268 33012
x 0 33013
p 0 268 33013
x 0 33014
p 0 398 33014
x 0 33015
p 0 368 33015
x 0 33016
p 0 386 33016
x 0 33017
p 0 384 33017
x 0 33018
p 0 364 33018
x 0 33019
p 0 380 33019
x 0 33020
p 0 367 33020
x 0 33021
p 0 348 33021
x 0 33022
p 0 469 33022
x 0 33023
p 0 354 33023
x 0 33024
p 0 377 33024
x 0 33025
p 0 101 33025
x 0 33026
p 0 182 33026
x 0 33027
p 0 338 33027
x 0 33028
p 0 320 33028
x 0 33029
p 0 300 33029
x 0 33030
p 0 384 33030
x 0 33031
p 0 341 33031
x 0 33032
p 0 276 33032
x 0 33033
p 0 211 33033
x 0 33034
p 0 212 33034
x 0 33035
p 0 305 33035
x 0 33036
p 0 209 33036
x 0 33037
p 0 324 33037
x 0 33038
p 0 215 33038
x 0 33039
p 0 212 33039
x 0 33040
p 0 170 33040
x 0 33041
p 0 164 33041
x 0 33042
p 0 182 33042
x 0 33043
p 0 181 33043
x 0 33044
p 0 158 33044
x 0 33045
p 0 189 33045
x 0 33046
p 0 154 33046
x 0 33047
p 0 164 33047
x 0 33048
p 0 173 33048
x 0 33049
p 0 206 33049
x 0 33050
p 0 567 33050
x 0 33051
p 0 266 33051
x 0 33052
p 0 160 33052
x 0 33053
p 0 165 33053
x 0 33054
p 0 223 33054
x 0 33055
p 0 272 33055
x 0 33056
p 0 207 33056
x 0 33057
p 0 218 33057
x 0 33058
p 0 164 33058
x 0 33059
p 0 246 33059
x 0 33060
p 0 168 33060
x 0 33061
p 0 203 33061
x 0 33062
p 0 204 33062
x 0 33000
x 1 33001
h 1 10.0.0.11
p 1 873 33001
x 2 33002
h 2 10.0.0.11
p 2 201 33002
x 0 33003
h 0 10.0.0.11
p 0 203 33003
x 1 33004
p 1 201 33004
p 0 1003178 33000
x 0 33005
p 0 201 33005
x 0 33006
p 0 145 33006
x 0 33007
p 0 208 33007
x 0 33008
p 0 201 33008
x 0 33009
p 0 263 33009
x 0 33010
p 0 206 33010
x 0 33011
p 0 208 33011
x 0 33012
p 0 205 33012
x 0 33013
p 0 201 33013
x 0 33014
p 0 204 33014
x 0 33015
p 0 205 33015
x 0 33016
p 0 203 33016
x 0 33017
p 0 210 33017
x 0 33018
p 0 208 33018
x 0 33019
p 0 201 33019
x 0 33020
p 0 205 33020
x 0 33021
p 0 203 33021
x 0 33022
p 0 209 33022
x 0 33023
p 0 201 33023
x 0 33024
p 0 201 33024
x 0 33025
p 0 206 33025
x 0 33026
p 0 218 33026
x 0 33027
p 0 203 33027
x 0 33028
p 0 201 33028
x 0 33029
p 0 206 33029
x 0 33030
p 0 213 33030
x 0 33031
p 0 204 33031
x 0 33032
p 0 203 33032
x 0 33033
p 0 202 33033
x 0 33034
p 0 207 33034
x 0 33035
p 0 210 33035
x 0 33036
p 0 203 33036
x 0 33037
p 0 397 33037
x 0 33038
p 0 202 33038
x 0 33039
p 0 216 33039
x 0 33040
p 0 208 33040
x 0 33041
p 0 203 33041
x 0 33042
p 0 202 33042
x 0 33043
p 0 198 33043
x 0 33044
p 0 209 33044
x 0 33045
p 0 244 33045
x 0 33046
p 0 204 33046
x 0 33047
p 0 203 33047
x 0 33048
p 0 204 33048
x 0 33049
p 0 205 33049
x 0 33050
p 0 209 33050
x 0 33051
p 0 202 33051
x 0 33052
p 0 202 33052
x 0 33053
p 0 200 33053
x 0 33054
p 0 203 33054
x 0 33055
p 0 210 33055
x 0 33056
p 0 207 33056
x 0 33057
p 0 205 33057
x 0 33058
p 0 203 33058
x 0 33059
p 0 207 33059
x 0 33060
p 0 214 33060
x 0 33061
p 0 282 33061
x 0 33062
p 0 476 33062
x 0 33000
x 1 33001
h 1 10.0.0.11
p 1 1074 33001
x 2 33002
h 2 10.0.0.11
p 2 279 33002
x 0 33003
h 0 10.0.0.11
p 0 165 33003
x 1 33004
p 1 240 33004
p 0 1009513 33000
x 0 33005
p 0 260 33005
x 0 33006
p 0 226 33006
x 0 33007
p 0 220 33007
x 0 33008
p 0 328 33008
x 0 33009
p 0 249 33009
x 0 33010
p 0 211 33010
x 0 33011
p 0 209 33011
x 0 33012
p 0 203 33012
x 0 33013
p 0 211 33013
x 0 33014
p 0 206 33014
x 0 33015
p 0 203 33015
x 0 33016
p 0 207 33016
x 0 33017
p 0 206 33017
x 0 33018
p 0 212 33018
x 0 33019
p 0 203 33019
x 0 33020
p 0 204 33020
x 0 33021
p 0 202 33021
x 0 33022
p 0 202 33022
x 0 33023
p 0 208 33023
x 0 33024
p 0 206 33024
x 0 33025
p 0 222 33025
x 0 33026
p 0 228 33026
x 0 33027
p 0 208 33027
x 0 33028
p 0 206 33028
x 0 33029
p 0 204 33029
x 0 33030
p 0 211 33030
x 0 33031
p 0 208 33031
x 0 33032
p 0 204 33032
x 0 33033
p 0 204 33033
x 0 33034
p 0 205 33034
x 0 33035
p 0 211 33035
x 0 33036
p 0 203 33036
x 0 33037
p 0 202 33037
x 0 33038
p 0 208 33038
x 0 33039
p 0 200 33039
x 0 33040
p 0 236 33040
x 0 33041
p 0 204 33041
x 0 33042
p 0 202 33042
x 0 33043
p 0 210 33043
x 0 33044
p 0 274 33044
x 0 33045
p 0 212 33045
x 0 33046
p 0 232 33046
x 0 33047
p 0 241 33047
x 0 33048
p 0 209 33048
x 0 33049
p 0 205 33049
x 0 33050
p 0 205 33050
x 0 33051
p 0 160 33051
x 0 33052
p 0 162 33052
x 0 33053
p 0 162 33053
x 0 33054
p 0 248 33054
x 0 33055
p 0 163 33055
x 0 33056
p 0 195 33056
x 0 33057
p 0 174 33057
x 0 33058
p 0 215 33058
x 0 33059
p 0 206 33059
x 0 33060
p 0 236 33060
x 0 33061
p 0 202 33061
x 0 33062
p 0 204 33062
x 0 33000
x 1 33001
h 1 10.0.0.11
p 1 1055 33001
x 2 33002
h 2 10.0.0.11
p 2 202 33002
x 0 33003
h 0 10.0.0.11
p 0 218 33003
x 1 33004
p 1 204 33004
p 0 1005454 33000
x 0 33005
p 0 161 33005
x 0 33006
p 0 227 33006
x 0 33007
p 0 220 33007
x 0 33008
p 0 227 33008
x 0 33009
p 0 221 33009
x 0 33010
p 0 244 33010
x 0 33011
p 0 235 33011
x 0 33012
p 0 323 33012
x 0 33013
p 0 313 33013
x 0 33014
p 0 322 33014
x 0 33015
p 0 219 33015
x 0 33016
p 0 1662 33016
x 0 33017
p 0 257 33017
x 0 33018
p 0 358 33018
x 0 33019
p 0 264 33019
x 0 33020
p 0 234 33020
x 0 33021
p 0 224 33021
x 0 33022
p 0 811 33022
x 0 33023
p 0 257 33023
x 0 33024
p 0 257 33024
x 0 33025
p 0 313 33025
x 0 33026
p 0 261 33026
x 0 33027
p 0 220 33027
x 0 33028
p 0 260 33028
x 0 33029
p 0 262 33029
x 0 33030
p 0 283 33030
x 0 33031
p 0 265 33031
x 0 33032
p 0 336 33032
x 0 33033
p 0 230 33033
x 0 33034
p 0 262 33034
x 0 33035
p 0 245 33035
x 0 33036
p 0 229 33036
x 0 33037
p 0 235 33037
x 0 33038
p 0 225 33038
x 0 33039
p 0 271 33039
x 0 33040
p 0 263 33040
x 0 33041
p 0 235 33041
x 0 33042
p 0 256 33042
x 0 33043
p 0 219 33043
x 0 33044
p 0 208 33044
x 0 33045
p 0 237 33045
x 0 33046
p 0 265 33046
x 0 33047
p 0 224 33047
x 0 33048
p 0 226 33048
x 0 33049
p 0 239 33049
x 0 33050
p 0 245 33050
x 0 33051
p 0 236 33051
x 0 33052
p 0 226 33052
x 0 33053
p 0 330 33053
x 0 33054
p 0 214 33054
x 0 33055
p 0 243 33055
x 0 33056
p 0 258 33056
x 0 33057
p 0 222 33057
x 0 33058
p 0 223 33058
x 0 33059
p 0 206 33059
x 0 33060
p 0 227 33060
x 0 33061
p 0 317 33061
x 0 33062
p 0 235 33062
x 0 33000
x 1 33001
h 1 10.0.0.11
p 1 1071 33001
x 2 33002
h 2 10.0.0.11
p 2 203 33002
x 0 33003
h 0 10.0.0.11
p 0 204 33003
x 1 33004
p 1 202 33004
p 0 1031448 33000
x 0 33005
p 0 208 33005
x 0 33006
p 0 237 33006
x 0 33007
p 0 201 33007
x 0 33008
p 0 202 33008
x 0 33009
p 0 218 33009
x 0 33010
p 0 233 33010
x 0 33011
p 0 203 33011
x 0 33012
p 0 204 33012
x 0 33013
p 0 206 33013
x 0 33014
p 0 200 33014
x 0 33015
p 0 201 33015
x 0 33016
p 0 202 33016
x 0 33017
p 0 273 33017
x 0 33018
p 0 203 33018
x 0 33019
p 0 202 33019
x 0 33020
p 0 199 33020
x 0 33021
p 0 206 33021
x 0 33022
p 0 195 33022
x 0 33023
p 0 200 33023
x 0 33024
p 0 199 33024
x 0 33025
p 0 197 33025
x 0 33026
p 0 198 33026
x 0 33027
p 0 201 33027
x 0 33028
p 0 207 33028
x 0 33029
p 0 201 33029
x 0 33030
p 0 203 33030
x 0 33031
p 0 231 33031
x 0 33032
p 0 197 33032
x 0 33033
p 0 201 33033
x 0 33034
p 0 201 33034
x 0 33035
p 0 285 33035
x 0 33036
p 0 202 33036
x 0 33037
p 0 201 33037
x 0 33038
p 0 200 33038
x 0 33039
p 0 203 33039
x 0 33040
p 0 204 33040
x 0 33041
p 0 202 33041
x 0 33042
p 0 238 33042
x 0 33043
p 0 208 33043
x 0 33044
p 0 235 33044
x 0 33045
p 0 205 33045
x 0 33046
p 0 205 33046
x 0 33047
p 0 204 33047
x 0 33048
p 0 208 33048
x 0 33049
p 0 206 33049
x 0 33050
p 0 208 33050
x 0 33051
p 0 205 33051
x 0 33052
p 0 206 33052
x 0 33053
p 0 207 33053
x 0 33054
p 0 205 33054
x 0 33055
p 0 202 33055
x 0 33056
p 0 202 33056
x 0 33057
p 0 200 33057
x 0 33058
p 0 204 33058
x 0 33059
p 0 205 33059
x 0 33060
p 0 202 33060
x 0 33061
p 0 207 33061
x 0 33062
p 0 216 33062
x 0 33000
x 1 33001
h 1 10.0.0.11
p 1 1470 33001
x 2 33002
h 2 10.0.0.11
p 2 179 33002
x 0 33003
h 0 10.0.0.11
p 0 207 33003
x 1 33004
p 1 204 33004
p 0 1026573 33000
x 0 33005
p 0 207 33005
x 0 33006
p 0 225 33006
x 0 33007
p 0 229 33007
x 0 33008
p 0 215 33008
x 0 33009
p 0 282 33009
x 0 33010
p 0 313 33010
x 0 33011
p 0 214 33011
x 0 33012
p 0 209 33012
x 0 33013
p 0 268 33013
x 0 33014
p 0 205 33014
x 0 33015
p 0 205 33015
x 0 33016
p 0 211 33016
x 0 33017
p 0 222 33017
x 0 33018
p 0 207 33018
x 0 33019
p 0 207 33019
x 0 33020
p 0 267 33020
x 0 33021
p 0 230 33021
x 0 33022
p 0 205 33022
x 0 33023
p 0 203 33023
x 0 33024
p 0 211 33024
x 0 33025
p 0 206 33025
x 0 33026
p 0 207 33026
x 0 33027
p 0 271 33027
x 0 33028
p 0 218 33028
x 0 33029
p 0 211 33029
x 0 33030
p 0 228 33030
x 0 33031
p 0 229 33031
x 0 33032
p 0 218 33032
x 0 33033
p 0 219 33033
x 0 33034
p 0 241 33034
x 0 33035
p 0 227 33035
x 0 33036
p 0 219 33036
x 0 33037
p 0 220 33037
x 0 33038
p 0 217 33038
x 0 33039
p 0 202 33039
x 0 33040
p 0 223 33040
x 0 33041
p 0 243 33041
x 0 33042
p 0 213 33042
x 0 33043
p 0 208 33043
x 0 33044
p 0 211 33044
x 0 33045
p 0 213 33045
x 0 33046
p 0 256 33046
x 0 33047
p 0 214 33047
x 0 33048
p 0 243 33048
x 0 33049
p 0 208 33049
x 0 33050
p 0 213 33050
x 0 33051
p 0 217 33051
x 0 33052
p 0 276 33052
x 0 33053
p 0 212 33053
x 0 33054
p 0 205 33054
x 0 33055
p 0 242 33055
x 0 33056
p 0 209 33056
x 0 33057
p 0 212 33057
x 0 33058
p 0 206 33058
x 0 33059
p 0 203 33059
x 0 33060
p 0 251 33060
x 0 33061
p 0 212 33061
x 0 33062
p 0 239 33062
x 0 33000
x 1 33001
h 1 10.0.0.11
p 1 1667 33001
x 2 33002
h 2 10.0.0.11
p 2 203 33002
x 0 33003
h 0 10.0.0.11
p 0 201 33003
x 1 33004
p 1 212 33004
p 0 1027324 33000
x 0 33005
p 0 142 33005
x 0 33006
p 0 157 33006
x 0 33007
p 0 293 33007
x 0 33008
p 0 461 33008
x 0 33009
p 0 777 33009
x 0 33010
p 0 760 33010
x 0 33011
p 0 144 33011
x 0 33012
p 0 284 33012
x 0 33013
p 0 220 33013
x 0 33014
p 0 219 33014
x 0 33015
p 0 174 33015
x 0 33016
p 0 153 33016
x 0 33017
p 0 153 33017
x 0 33018
p 0 155 33018
x 0 33019
p 0 157 33019
x 0 33020
p 0 434 33020
x 0 33021
p 0 177 33021
x 0 33022
p 0 170 33022
x 0 33023
p 0 170 33023
x 0 33024
p 0 241 33024
x 0 33025
p 0 168 33025
x 0 33026
p 0 166 33026
x 0 33027
p 0 158 33027
x 0 33028
p 0 161 33028
x 0 33029
p 0 213 33029
x 0 33030
p 0 161 33030
x 0 33031
p 0 160 33031
x 0 33032
p 0 162 33032
x 0 33033
p 0 156 33033
x 0 33034
p 0 158 33034
x 0 33035
p 0 362 33035
x 0 33036
p 0 166 33036
x 0 33037
p 0 162 33037
x 0 33038
p 0 236 33038
x 0 33039
p 0 165 33039
x 0 33040
p 0 164 33040
x 0 33041
p 0 161 33041
x 0 33042
p 0 251 33042
x 0 33043
p 0 170 33043
x 0 33044
p 0 392 33044
x 0 33045
p 0 229 33045
x 0 33046
p 0 266 33046
x 0 33047
p 0 204 33047
x 0 33048
p 0 203 33048
x 0 33049
p 0 203 33049
x 0 33050
p 0 206 33050
x 0 33051
p 0 295 33051
x 0 33052
p 0 172 33052
x 0 33053
p 0 204 33053
x 0 33054
p 0 204 33054
x 0 33055
p 0 204 33055
x 0 33056
p 0 172 33056
x 0 33057
p 0 184 33057
x 0 33058
p 0 615 33058
x 0 33059
p 0 475 33059
x 0 33060
p 0 160 33060
x 0 33061
p 0 206 33061
x 0 33062
p 0 152 33062
x 0 33000
x 1 33001
h 1 10.0.0.11
p 1 1094 33001
x 2 33002
h 2 10.0.0.11
p 2 223 33002
x 0 33003
h 0 10.0.0.11
p 0 202 33003
x 1 33004
p 1 203 33004
p 0 1023849 33000
x 0 33005
p 0 200 33005
x 0 33006
p 0 213 33006
x 0 33007
p 0 213 33007
x 0 33008
p 0 219 33008
x 0 33009
p 0 216 33009
x 0 33010
p 0 242 33010
x 0 33011
p 0 209 33011
x 0 33012
p 0 205 33012
x 0 33013
p 0 208 33013
x 0 33014
p 0 204 33014
x 0 33015
p 0 240 33015
x 0 33016
p 0 211 33016
x 0 33017
p 0 247 33017
x 0 33018
p 0 219 33018
x 0 33019
p 0 214 33019
x 0 33020
p 0 208 33020
x 0 33021
p 0 206 33021
x 0 33022
p 0 205 33022
x 0 33023
p 0 208 33023
x 0 33024
p 0 240 33024
x 0 33025
p 0 204 33025
x 0 33026
p 0 208 33026
x 0 33027
p 0 210 33027
x 0 33028
p 0 250 33028
x 0 33029
p 0 213 33029
x 0 33030
p 0 215 33030
x 0 33031
p 0 214 33031
x 0 33032
p 0 212 33032
x 0 33033
p 0 214 33033
x 0 33034
p 0 219 33034
x 0 33035
p 0 267 33035
x 0 33036
p 0 220 33036
x 0 33037
p 0 219 33037
x 0 33038
p 0 210 33038
x 0 33039
p 0 226 33039
x 0 33040
p 0 215 33040
x 0 33041
p 0 213 33041
x 0 33042
p 0 247 33042
x 0 33043
p 0 209 33043
x 0 33044
p 0 220 33044
x 0 33045
p 0 212 33045
x 0 33046
p 0 216 33046
x 0 33047
p 0 244 33047
x 0 33048
p 0 210 33048
x 0 33049
p 0 300 33049
x 0 33050
p 0 221 33050
x 0 33051
p 0 219 33051
x 0 33052
p 0 214 33052
x 0 33053
p 0 207 33053
x 0 33054
p 0 222 33054
x 0 33055
p 0 218 33055
x 0 33056
p 0 217 33056
x 0 33057
p 0 215 33057
x 0 33058
p 0 208 33058
x 0 33059
p 0 209 33059
x 0 33060
p 0 219 33060
x 0 33061
p 0 207 33061
x 0 33062
p 0 205 33062
x 0 33000
x 1 33001
h 1 10.0.0.11
p 1 964 33001
x 2 33002
h 2 10.0.0.11
p 2 102 33002
x 0 33003
h 0 10.0.0.11
p 0 182 33003
x 1 33004
p 1 204 33004
p 0 1022108 33000
x 0 33005
p 0 231 33005
x 0 33006
p 0 214 33006
x 0 33007
p 0 204 33007
x 0 33008
p 0 214 33008
x 0 33009
p 0 231 33009
x 0 33010
p 0 224 33010
x 0 33011
p 0 217 33011
x 0 33012
p 0 241 33012
x 0 33013
p 0 216 33013
x 0 33014
p 0 222 33014
x 0 33015
p 0 219 33015
x 0 33016
p 0 315 33016
x 0 33017
p 0 209 33017
x 0 33018
p 0 221 33018
x 0 33019
p 0 223 33019
x 0 33020
p 0 225 33020
x 0 33021
p 0 214 33021
x 0 33022
p 0 207 33022
x 0 33023
p 0 289 33023
x 0 33024
p 0 220 33024
x 0 33025
p 0 354 33025
x 0 33026
p 0 182 33026
x 0 33027
p 0 248 33027
x 0 33028
p 0 240 33028
x 0 33029
p 0 221 33029
x 0 33030
p 0 278 33030
x 0 33031
p 0 215 33031
x 0 33032
p 0 207 33032
x 0 33033
p 0 226 33033
x 0 33034
p 0 219 33034
x 0 33035
p 0 228 33035
x 0 33036
p 0 219 33036
x 0 33037
p 0 243 33037
x 0 33038
p 0 223 33038
x 0 33039
p 0 220 33039
x 0 33040
p 0 243 33040
x 0 33041
p 0 222 33041
x 0 33042
p 0 214 33042
x 0 33043
p 0 246 33043
x 0 33044
p 0 227 33044
x 0 33045
p 0 231 33045
x 0 33046
p 0 219 33046
x 0 33047
p 0 236 33047
x 0 33048
p 0 224 33048
x 0 33049
p 0 225 33049
x 0 33050
p 0 242 33050
x 0 33051
p 0 242 33051
x 0 33052
p 0 225 33052
x 0 33053
p 0 223 33053
x 0 33054
p 0 223 33054
x 0 33055
p 0 234 33055
x 0 33056
p 0 217 33056
x 0 33057
p 0 241 33057
x 0 33058
p 0 229 33058
x 0 33059
p 0 292 33059
x 0 33060
p 0 232 33060
x 0 33061
p 0 225 33061
x 0 33062
p 0 184 33062
x 0 33000
x 1 33001
h 1 10.0.0.11
p 1 1820 33001
x 2 33002
h 2 10.0.0.11
p 2 251 33002
x 0 33003
h 0 10.0.0.11
p 0 232 33003
x 1 33004
p 1 212 33004
p 0 1012084 33000
x 0 33005
p 0 218 33005
x 0 33006
p 0 226 33006
x 0 33007
p 0 201 33007
x 0 33008
p 0 354 33008
x 0 33009
p 0 210 33009
x 0 33010
p 0 122 33010
x 0 33011
p 0 213 33011
x 0 33012
p 0 227 33012
x 0 33013
p 0 223 33013
x 0 33014
p 0 223 33014
x 0 33015
p 0 211 33015
x 0 33016
p 0 224 33016
x 0 33017
p 0 229 33017
x 0 33018
p 0 205 33018
x 0 33019
p 0 167 33019
x 0 33020
p 0 173 33020
x 0 33021
p 0 168 33021
x 0 33022
p 0 171 33022
x 0 33023
p 0 172 33023
x 0 33024
p 0 215 33024
x 0 33025
p 0 226 33025
x 0 33026
p 0 249 33026
x 0 33027
p 0 171 33027
x 0 33028
p 0 223 33028
x 0 33029
p 0 167 33029
x 0 33030
p 0 172 33030
x 0 33031
p 0 185 33031
x 0 33032
p 0 178 33032
x 0 33033
p 0 175 33033
x 0 33034
p 0 220 33034
x 0 33035
p 0 222 33035
x 0 33036
p 0 255 33036
x 0 33037
p 0 378 33037
x 0 33038
p 0 266 33038
x 0 33039
p 0 281 33039
x 0 33040
p 0 289 33040
x 0 33041
p 0 354 33041
x 0 33042
p 0 238 33042
x 0 33043
p 0 215 33043
x 0 33044
p 0 273 33044
x 0 33045
p 0 268 33045
x 0 33046
p 0 273 33046
x 0 33047
p 0 289 33047
x 0 33048
p 0 259 33048
x 0 33049
p 0 271 33049
x 0 33050
p 0 279 33050
x 0 33051
p 0 353 33051
x 0 33052
p 0 229 33052
x 0 33053
p 0 213 33053
x 0 33054
p 0 216 33054
x 0 33055
p 0 211 33055
x 0 33056
p 0 211 33056
x 0 33057
p 0 207 33057
x 0 33058
p 0 361 33058
x 0 33059
p 0 394 33059
x 0 33060
p 0 350 33060
x 0 33061
p 0 365 33061
x 0 33062
p 0 418 33062
x 0 33000
x 1 33001
h 1 10.0.0.11
p 1 12333 33001
x 2 33002
h 2 10.0.0.11
p 2 187 33002
x 0 33003
h 0 10.0.0.11
p 0 201 33003
x 1 33004
p 1 204 33004
p 0 1023888 33000
x 0 33005
p 0 201 33005
x 0 33006
p 0 214 33006
x 0 33007
p 0 215 33007
x 0 33008
p 0 217 33008
x 0 33009
p 0 232 33009
x 0 33010
p 0 218 33010
x 0 33011
p 0 215 33011
x 0 33012
p 0 211 33012
x 0 33013
p 0 223 33013
x 0 33014
p 0 225 33014
x 0 33015
p 0 213 33015
x 0 33016
p 0 207 33016
x 0 33017
p 0 215 33017
x 0 33018
p 0 249 33018
x 0 33019
p 0 240 33019
x 0 33020
p 0 215 33020
x 0 33021
p 0 208 33021
x 0 33022
p 0 212 33022
x 0 33023
p 0 239 33023
x 0 33024
p 0 318 33024
x 0 33025
p 0 327 33025
x 0 33026
p 0 212 33026
x 0 33027
p 0 216 33027
x 0 33028
p 0 220 33028
x 0 33029
p 0 233 33029
x 0 33030
p 0 298 33030
x 0 33031
p 0 280 33031
x 0 33032
p 0 215 33032
x 0 33033
p 0 233 33033
x 0 33034
p 0 227 33034
x 0 33035
p 0 217 33035
x 0 33036
p 0 248 33036
x 0 33037
p 0 219 33037
x 0 33038
p 0 233 33038
x 0 33039
p 0 225 33039
x 0 33040
p 0 216 33040
x 0 33041
p 0 300 33041
x 0 33042
p 0 248 33042
x 0 33043
p 0 272 33043
x 0 33044
p 0 234 33044
x 0 33045
p 0 220 33045
x 0 33046
p 0 207 33046
x 0 33047
p 0 216 33047
x 0 33048
p 0 219 33048
x 0 33049
p 0 234 33049
x 0 33050
p 0 272 33050
x 0 33051
p 0 210 33051
x 0 33052
p 0 213 33052
x 0 33053
p 0 214 33053
x 0 33054
p 0 235 33054
x 0 33055
p 0 230 33055
x 0 33056
p 0 209 33056
x 0 33057
p 0 257 33057
x 0 33058
p 0 221 33058
x 0 33059
p 0 227 33059
x 0 33060
p 0 224 33060
x 0 33061
p 0 215 33061
x 0 33062
p 0 215 33062
x 0 33000
x 1 33001
h 1 10.0.0.11
p 1 934 33001
x 2 33002
h 2 10.0.0.11
p 2 201 33002
x 0 33003
h 0 10.0.0.11
p 0 203 33003
x 1 33004
p 1 204 33004
p 0 1003985 33000
x 0 33005
p 0 204 33005
x 0 33006
p 0 212 33006
x 0 33007
p 0 214 33007
x 0 33008
p 0 209 33008
x 0 33009
p 0 213 33009
x 0 33010
p 0 206 33010
x 0 33011
p 0 202 33011
x 0 33012
p 0 210 33012
x 0 33013
p 0 203 33013
x 0 33014
p 0 200 33014
x 0 33015
p 0 204 33015
x 0 33016
p 0 212 33016
x 0 33017
p 0 297 33017
x 0 33018
p 0 223 33018
x 0 33019
p 0 234 33019
x 0 33020
p 0 382 33020
x 0 33021
p 0 262 33021
x 0 33022
p 0 287 33022
x 0 33023
p 0 275 33023
x 0 33024
p 0 202 33024
x 0 33025
p 0 200 33025
x 0 33026
p 0 201 33026
x 0 33027
p 0 224 33027
x 0 33028
p 0 206 33028
x 0 33029
p 0 201 33029
x 0 33030
p 0 210 33030
x 0 33031
p 0 204 33031
x 0 33032
p 0 243 33032
x 0 33033
p 0 204 33033
x 0 33034
p 0 210 33034
x 0 33035
p 0 282 33035
x 0 33036
p 0 202 33036
x 0 33037
p 0 202 33037
x 0 33038
p 0 203 33038
x 0 33039
p 0 200 33039
x 0 33040
p 0 208 33040
x 0 33041
p 0 201 33041
x 0 33042
p 0 209 33042
x 0 33043
p 0 203 33043
x 0 33044
p 0 203 33044
x 0 33045
p 0 320 33045
x 0 33046
p 0 201 33046
x 0 33047
p 0 205 33047
x 0 33048
p 0 318 33048
x 0 33049
p 0 204 33049
x 0 33050
p 0 202 33050
x 0 33051
p 0 243 33051
x 0 33052
p 0 245 33052
x 0 33053
p 0 205 33053
x 0 33054
p 0 200 33054
x 0 33055
p 0 204 33055
x 0 33056
p 0 200 33056
x 0 33057
p 0 243 33057
x 0 33058
p 0 201 33058
x 0 33059
p 0 200 33059
x 0 33060
p 0 206 33060
x 0 33061
p 0 204 33061
x 0 33062
p 0 202 33062
x 0 33000
x 1 33001
h 1 10.0.0.11
p 1 1194 33001
x 2 33002
h 2 10.0.0.11
p 2 202 33002
x 0 33003
h 0 10.0.0.11
p 0 200 33003
x 1 33004
p 1 198 33004
p 0 1010661 33000
x 0 33005
p 0 226 33005
x 0 33006
p 0 201 33006
x 0 33007
p 0 207 33007
x 0 33008
p 0 208 33008
x 0 33009
p 0 253 33009
x 0 33010
p 0 215 33010
x 0 33011
p 0 208 33011
x 0 33012
p 0 215 33012
x 0 33013
p 0 207 33013
x 0 33014
p 0 205 33014
x 0 33015
p 0 208 33015
x 0 33016
p 0 248 33016
x 0 33017
p 0 206 33017
x 0 33018
p 0 206 33018
x 0 33019
p 0 209 33019
x 0 33020
p 0 209 33020
x 0 33021
p 0 203 33021
x 0 33022
p 0 210 33022
x 0 33023
p 0 205 33023
x 0 33024
p 0 208 33024
x 0 33025
p 0 210 33025
x 0 33026
p 0 209 33026
x 0 33027
p 0 207 33027
x 0 33028
p 0 273 33028
x 0 33029
p 0 210 33029
x 0 33030
p 0 215 33030
x 0 33031
p 0 208 33031
x 0 33032
p 0 211 33032
x 0 33033
p 0 209 33033
x 0 33034
p 0 212 33034
x 0 33035
p 0 211 33035
x 0 33036
p 0 210 33036
x 0 33037
p 0 236 33037
x 0 33038
p 0 209 33038
x 0 33039
p 0 211 33039
x 0 33040
p 0 214 33040
x 0 33041
p 0 206 33041
x 0 33042
p 0 205 33042
x 0 33043
p 0 205 33043
x 0 33044
p 0 245 33044
x 0 33045
p 0 209 33045
x 0 33046
p 0 208 33046
x 0 33047
p 0 206 33047
x 0 33048
p 0 250 33048
x 0 33049
p 0 212 33049
x 0 33050
p 0 308 33050
x 0 33051
p 0 241 33051
x 0 33052
p 0 204 33052
x 0 33053
p 0 207 33053
x 0 33054
p 0 212 33054
x 0 33055
p 0 288 33055
x 0 33056
p 0 208 33056
x 0 33057
p 0 223 33057
x 0 33058
p 0 210 33058
x 0 33059
p 0 220 33059
x 0 33060
p 0 257 33060
x 0 33061
p 0 221 33061
x 0 33062
p 0 262 33062
x 0 33000
x 1 33001
h 1 10.0.0.11
p 1 1313 33001
x 2 33002
h 2 10.0.0.11
p 2 202 33002
x 0 33003
h 0 10.0.0.11
p 0 200 33003
x 1 33004
p 1 198 33004
p 0 1015572 33000
x 0 33005
p 0 199 33005
x 0 33006
p 0 208 33006
x 0 33007
p 0 207 33007
x 0 33008
p 0 210 33008
x 0 33009
p 0 224 33009
x 0 33010
p 0 223 33010
x 0 33011
p 0 261 33011
x 0 33012
p 0 224 33012
x 0 33013
p 0 206 33013
x 0 33014
p 0 264 33014
x 0 33015
p 0 216 33015
x 0 33016
p 0 239 33016
x 0 33017
p 0 221 33017
x 0 33018
p 0 247 33018
x 0 33019
p 0 247 33019
x 0 33020
p 0 211 33020
x 0 33021
p 0 214 33021
x 0 33022
p 0 242 33022
x 0 33023
p 0 209 33023
x 0 33024
p 0 222 33024
x 0 33025
p 0 253 33025
x 0 33026
p 0 222 33026
x 0 33027
p 0 231 33027
x 0 33028
p 0 213 33028
x 0 33029
p 0 239 33029
x 0 33030
p 0 220 33030
x 0 33031
p 0 220 33031
x 0 33032
p 0 364 33032
x 0 33033
p 0 308 33033
x 0 33034
p 0 336 33034
x 0 33035
p 0 395 33035
x 0 33036
p 0 227 33036
x 0 33037
p 0 317 33037
x 0 33038
p 0 311 33038
x 0 33039
p 0 230 33039
x 0 33040
p 0 310 33040
x 0 33041
p 0 311 33041
x 0 33042
p 0 251 33042
x 0 33043
p 0 206 33043
x 0 33044
p 0 230 33044
x 0 33045
p 0 212 33045
x 0 33046
p 0 307 33046
x 0 33047
p 0 221 33047
x 0 33048
p 0 206 33048
x 0 33049
p 0 275 33049
x 0 33050
p 0 319 33050
x 0 33051
p 0 252 33051
x 0 33052
p 0 221 33052
x 0 33053
p 0 205 33053
x 0 33054
p 0 234 33054
x 0 33055
p 0 214 33055
x 0 33056
p 0 246 33056
x 0 33057
p 0 312 33057
x 0 33058
p 0 208 33058
x 0 33059
p 0 324 33059
x 0 33060
p 0 280 33060
x 0 33061
p 0 229 33061
x 0 33062
p 0 226 33062
x 0 33000
x 1 33001
h 1 10.0.0.11
p 1 943 33001
x 2 33002
h 2 10.0.0.11
p 2 200 33002
x 0 33003
h 0 10.0.0.11
p 0 200 33003
x 1 33004
p 1 202 33004
p 0 1019833 33000
x 0 33005
p 0 196 33005
x 0 33006
p 0 202 33006
x 0 33007
p 0 270 33007
x 0 33008
p 0 208 33008
x 0 33009
p 0 241 33009
x 0 33010
p 0 221 33010
x 0 33011
p 0 215 33011
x 0 33012
p 0 269 33012
x 0 33013
p 0 221 33013
x 0 33014
p 0 269 33014
x 0 33015
p 0 217 33015
x 0 33016
p 0 215 33016
x 0 33017
p 0 234 33017
x 0 33018
p 0 205 33018
x 0 33019
p 0 212 33019
x 0 33020
p 0 218 33020
x 0 33021
p 0 207 33021
x 0 33022
p 0 216 33022
x 0 33023
p 0 200 33023
x 0 33024
p 0 227 33024
x 0 33025
p 0 222 33025
x 0 33026
p 0 208 33026
x 0 33027
p 0 235 33027
x 0 33028
p 0 266 33028
x 0 33029
p 0 207 33029
x 0 33030
p 0 220 33030
x 0 33031
p 0 214 33031
x 0 33032
p 0 218 33032
x 0 33033
p 0 201 33033
x 0 33034
p 0 213 33034
x 0 33035
p 0 219 33035
x 0 33036
p 0 214 33036
x 0 33037
p 0 230 33037
x 0 33038
p 0 210 33038
x 0 33039
p 0 206 33039
x 0 33040
p 0 221 33040
x 0 33041
p 0 217 33041
x 0 33042
p 0 212 33042
x 0 33043
p 0 205 33043
x 0 33044
p 0 213 33044
x 0 33045
p 0 216 33045
x 0 33046
p 0 214 33046
x 0 33047
p 0 254 33047
x 0 33048
p 0 207 33048
x 0 33049
p 0 236 33049
x 0 33050
p 0 218 33050
x 0 33051
p 0 208 33051
x 0 33052
p 0 209 33052
x 0 33053
p 0 255 33053
x 0 33054
p 0 209 33054
x 0 33055
p 0 214 33055
x 0 33056
p 0 215 33056
x 0 33057
p 0 239 33057
x 0 33058
p 0 372 33058
x 0 33059
p 0 207 33059
x 0 33060
p 0 218 33060
x 0 33061
p 0 212 33061
x 0 33062
p 0 220 33062
x 0 33000
x 1 33001
h 1 10.0.0.11
p 1 1689 33001
x 2 33002
h 2 10.0.0.11
p 2 283 33002
x 0 33003
h 0 10.0.0.11
p 0 255 33003
x 1 33004
p 1 240 33004
p 0 1020814 33000
x 0 33005
p 0 244 33005
x 0 33006
p 0 246 33006
x 0 33007
p 0 237 33007
x 0 33008
p 0 232 33008
x 0 33009
p 0 258 33009
x 0 33010
p 0 241 33010
x 0 33011
p 0 273 33011
x 0 33012
p 0 232 33012
x 0 33013
p 0 205 33013
x 0 33014
p 0 202 33014
x 0 33015
p 0 199 33015
x 0 33016
p 0 240 33016
x 0 33017
p 0 207 33017
x 0 33018
p 0 238 33018
x 0 33019
p 0 200 33019
x 0 33020
p 0 199 33020
x 0 33021
p 0 235 33021
x 0 33022
p 0 235 33022
x 0 33023
p 0 205 33023
x 0 33024
p 0 211 33024
x 0 33025
p 0 228 33025
x 0 33026
p 0 248 33026
x 0 33027
p 0 210 33027
x 0 33028
p 0 207 33028
x 0 33029
p 0 233 33029
x 0 33030
p 0 205 33030
x 0 33031
p 0 361 33031
x 0 33032
p 0 208 33032
x 0 33033
p 0 221 33033
x 0 33034
p 0 210 33034
x 0 33035
p 0 208 33035
x 0 33036
p 0 252 33036
x 0 33037
p 0 216 33037
x 0 33038
p 0 233 33038
x 0 33039
p 0 270 33039
x 0 33040
p 0 219 33040
x 0 33041
p 0 264 33041
x 0 33042
p 0 221 33042
x 0 33043
p 0 225 33043
x 0 33044
p 0 236 33044
x 0 33045
p 0 219 33045
x 0 33046
p 0 254 33046
x 0 33047
p 0 221 33047
x 0 33048
p 0 223 33048
x 0 33049
p 0 238 33049
x 0 33050
p 0 217 33050
x 0 33051
p 0 233 33051
x 0 33052
p 0 218 33052
x 0 33053
p 0 226 33053
x 0 33054
p 0 230 33054
x 0 33055
p 0 226 33055
x 0 33056
p 0 253 33056
x 0 33057
p 0 223 33057
x 0 33058
p 0 234 33058
x 0 33059
p 0 273 33059
x 0 33060
p 0 251 33060
x 0 33061
p 0 276 33061
x 0 33062
p 0 266 33062
x 0 33000
x 1 33001
h 1 10.0.0.11
p 1 1767 33001
x 2 33002
h 2 10.0.0.11
p 2 202 33002
x 0 33003
h 0 10.0.0.11
p 0 203 33003
x 1 33004
p 1 214 33004
p 0 1013216 33000
x 0 33005
p 0 257 33005
x 0 33006
p 0 218 33006
x 0 33007
p 0 243 33007
x 0 33008
p 0 230 33008
x 0 33009
p 0 234 33009
x 0 33010
p 0 239 33010
x 0 33011
p 0 240 33011
x 0 33012
p 0 219 33012
x 0 33013
p 0 228 33013
x 0 33014
p 0 256 33014
x 0 33015
p 0 231 33015
x 0 33016
p 0 223 33016
x 0 33017
p 0 227 33017
x 0 33018
p 0 225 33018
x 0 33019
p 0 227 33019
x 0 33020
p 0 231 33020
x 0 33021
p 0 218 33021
x 0 33022
p 0 225 33022
x 0 33023
p 0 224 33023
x 0 33024
p 0 254 33024
x 0 33025
p 0 241 33025
x 0 33026
p 0 255 33026
x 0 33027
p 0 228 33027
x 0 33028
p 0 263 33028
x 0 33029
p 0 248 33029
x 0 33030
p 0 329 33030
x 0 33031
p 0 219 33031
x 0 33032
p 0 227 33032
x 0 33033
p 0 258 33033
x 0 33034
p 0 266 33034
x 0 33035
p 0 233 33035
x 0 33036
p 0 214 33036
x 0 33037
p 0 214 33037
x 0 33038
p 0 233 33038
x 0 33039
p 0 240 33039
x 0 33040
p 0 229 33040
x 0 33041
p 0 222 33041
x 0 33042
p 0 157 33042
x 0 33043
p 0 227 33043
x 0 33044
p 0 254 33044
x 0 33045
p 0 159 33045
x 0 33046
p 0 158 33046
x 0 33047
p 0 215 33047
x 0 33048
p 0 156 33048
x 0 33049
p 0 232 33049
x 0 33050
p 0 192 33050
x 0 33051
p 0 797 33051
x 0 33052
p 0 149 33052
x 0 33053
p 0 159 33053
x 0 33054
p 0 246 33054
x 0 33055
p 0 228 33055
x 0 33056
p 0 224 33056
x 0 33057
p 0 216 33057
x 0 33058
p 0 231 33058
x 0 33059
p 0 243 33059
x 0 33060
p 0 237 33060
x 0 33061
p 0 220 33061
x 0 33062
p 0 241 33062
x 0 33000
x 1 33001
h 1 10.0.0.11
p 1 1748 33001
x 2 33002
h 2 10.0.0.11
p 2 204 33002
x 0 33003
h 0 10.0.0.11
p 0 198 33003
x 1 33004
p 1 201 33004
p 0 1019789 33000
x 0 33005
p 0 197 33005
x 0 33006
p 0 223 33006
x 0 33007
p 0 281 33007
x 0 33008
p 0 226 33008
x 0 33009
p 0 223 33009
x 0 33010
p 0 210 33010
x 0 33011
p 0 258 33011
x 0 33012
p 0 235 33012
x 0 33013
p 0 235 33013
x 0 33014
p 0 220 33014
x 0 33015
p 0 206 33015
x 0 33016
p 0 214 33016
x 0 33017
p 0 218 33017
x 0 33018
p 0 270 33018
x 0 33019
p 0 224 33019
x 0 33020
p 0 242 33020
x 0 33021
p 0 228 33021
x 0 33022
p 0 217 33022
x 0 33023
p 0 226 33023
x 0 33024
p 0 221 33024
x 0 33025
p 0 167 33025
x 0 33026
p 0 166 33026
x 0 33027
p 0 165 33027
x 0 33028
p 0 205 33028
x 0 33029
p 0 195 33029
x 0 33030
p 0 153 33030
x 0 33031
p 0 209 33031
x 0 33032
p 0 151 33032
x 0 33033
p 0 310 33033
x 0 33034
p 0 161 33034
x 0 33035
p 0 228 33035
x 0 33036
p 0 201 33036
x 0 33037
p 0 208 33037
x 0 33038
p 0 222 33038
x 0 33039
p 0 224 33039
x 0 33040
p 0 206 33040
x 0 33041
p 0 219 33041
x 0 33042
p 0 219 33042
x 0 33043
p 0 303 33043
x 0 33044
p 0 234 33044
x 0 33045
p 0 347 33045
x 0 33046
p 0 339 33046
x 0 33047
p 0 880 33047
x 0 33048
p 0 781 33048
x 0 33049
p 0 217 33049
x 0 33050
p 0 213 33050
x 0 33051
p 0 207 33051
x 0 33052
p 0 216 33052
x 0 33053
p 0 213 33053
x 0 33054
p 0 256 33054
x 0 33055
p 0 215 33055
x 0 33056
p 0 203 33056
x 0 33057
p 0 242 33057
x 0 33058
p 0 213 33058
x 0 33059
p 0 210 33059
x 0 33060
p 0 212 33060
x 0 33061
p 0 257 33061
x 0 33062
p 0 218 33062
x 0 33000
x 1 33001
h 1 10.0.0.11
p 1 1361 33001
x 2 33002
h 2 10.0.0.11
p 2 200 33002
x 0 33003
h 0 10.0.0.11
p 0 203 33003
x 1 33004
p 1 198 33004
p 0 1030420 33000
x 0 33005
p 0 255 33005
x 0 33006
p 0 277 33006
x 0 33007
p 0 208 33007
x 0 33008
p 0 203 33008
x 0 33009
p 0 228 33009
x 0 33010
p 0 215 33010
x 0 33011
p 0 215 33011
x 0 33012
p 0 211 33012
x 0 33013
p 0 206 33013
x 0 33014
p 0 206 33014
x 0 33015
p 0 210 33015
x 0 33016
p 0 211 33016
x 0 33017
p 0 201 33017
x 0 33018
p 0 218 33018
x 0 33019
p 0 203 33019
x 0 33020
p 0 205 33020
x 0 33021
p 0 233 33021
x 0 33022
p 0 210 33022
x 0 33023
p 0 201 33023
x 0 33024
p 0 261 33024
x 0 33025
p 0 205 33025
x 0 33026
p 0 237 33026
x 0 33027
p 0 204 33027
x 0 33028
p 0 204 33028
x 0 33029
p 0 207 33029
x 0 33030
p 0 206 33030
x 0 33031
p 0 208 33031
x 0 33032
p 0 202 33032
x 0 33033
p 0 236 33033
x 0 33034
p 0 213 33034
x 0 33035
p 0 208 33035
x 0 33036
p 0 207 33036
x 0 33037
p 0 202 33037
x 0 33038
p 0 202 33038
x 0 33039
p 0 211 33039
x 0 33040
p 0 238 33040
x 0 33041
p 0 201 33041
x 0 33042
p 0 201 33042
x 0 33043
p 0 203 33043
x 0 33044
p 0 206 33044
x 0 33045
p 0 204 33045
x 0 33046
p 0 203 33046
x 0 33047
p 0 230 33047
x 0 33048
p 0 199 33048
x 0 33049
p 0 204 33049
x 0 33050
p 0 202 33050
x 0 33051
p 0 202 33051
x 0 33052
p 0 201 33052
x 0 33053
p 0 205 33053
x 0 33054
p 0 239 33054
x 0 33055
p 0 212 33055
x 0 33056
p 0 207 33056
x 0 33057
p 0 204 33057
x 0 33058
p 0 245 33058
x 0 33059
p 0 208 33059
x 0 33060
p 0 207 33060
x 0 33061
p 0 140 33061
x 0 33062
p 0 205 33062
x 0 33000
x 1 33001
h 1 10.0.0.11
p 1 927 33001
x 2 33002
h 2 10.0.0.11
p 2 215 33002
x 0 33003
h 0 10.0.0.11
p 0 218 33003
x 1 33004
p 1 204 33004
p 0 1008426 33000
x 0 33005
p 0 226 33005
x 0 33006
p 0 211 33006
x 0 33007
p 0 233 33007
x 0 33008
p 0 214 33008
x 0 33009
p 0 205 33009
x 0 33010
p 0 220 33010
x 0 33011
p 0 206 33011
x 0 33012
p 0 208 33012
x 0 33013
p 0 207 33013
x 0 33014
p 0 245 33014
x 0 33015
p 0 214 33015
x 0 33016
p 0 279 33016
x 0 33017
p 0 216 33017
x 0 33018
p 0 217 33018
x 0 33019
p 0 204 33019
x 0 33020
p 0 223 33020
x 0 33021
p 0 240 33021
x 0 33022
p 0 233 33022
x 0 33023
p 0 207 33023
x 0 33024
p 0 207 33024
x 0 33025
p 0 201 33025
x 0 33026
p 0 211 33026
x 0 33027
p 0 204 33027
x 0 33028
p 0 208 33028
x 0 33029
p 0 234 33029
x 0 33030
p 0 208 33030
x 0 33031
p 0 200 33031
x 0 33032
p 0 205 33032
x 0 33033
p 0 204 33033
x 0 33034
p 0 202 33034
x 0 33035
p 0 202 33035
x 0 33036
p 0 202 33036
x 0 33037
p 0 207 33037
x 0 33038
p 0 206 33038
x 0 33039
p 0 204 33039
x 0 33040
p 0 201 33040
x 0 33041
p 0 200 33041
x 0 33042
p 0 201 33042
x 0 33043
p 0 205 33043
x 0 33044
p 0 202 33044
x 0 33045
p 0 201 33045
x 0 33046
p 0 199 33046
x 0 33047
p 0 199 33047
x 0 33048
p 0 203 33048
x 0 33049
p 0 198 33049
x 0 33050
p 0 204 33050
x 0 33051
p 0 201 33051
x 0 33052
p 0 200 33052
x 0 33053
p 0 209 33053
x 0 33054
p 0 205 33054
x 0 33055
p 0 199 33055
x 0 33056
p 0 201 33056
x 0 33057
p 0 200 33057
x 0 33058
p 0 202 33058
x 0 33059
p 0 205 33059
x 0 33060
p 0 205 33060
x 0 33061
p 0 201 33061
x 0 33062
p 0 197 33062
x 0 33000
x 1 33001
h 1 10.0.0.11
p 1 1374 33001
x 2 33002
h 2 10.0.0.11
p 2 213 33002
x 0 33003
h 0 10.0.0.11
p 0 200 33003
x 1 33004
p 1 168 33004
p 0 1011394 33000
x 0 33005
p 0 245 33005
x 0 33006
p 0 248 33006
x 0 33007
p 0 328 33007
x 0 33008
p 0 355 33008
x 0 33009
p 0 170 33009
x 0 33010
p 0 177 33010
x 0 33011
p 0 167 33011
x 0 33012
p 0 162 33012
x 0 33013
p 0 151 33013
x 0 33014
p 0 196 33014
x 0 33015
p 0 158 33015
x 0 33016
p 0 158 33016
x 0 33017
p 0 156 33017
x 0 33018
p 0 165 33018
x 0 33019
p 0 164 33019
x 0 33020
p 0 155 33020
x 0 33021
p 0 205 33021
x 0 33022
p 0 202 33022
x 0 33023
p 0 201 33023
x 0 33024
p 0 201 33024
x 0 33025
p 0 202 33025
x 0 33026
p 0 258 33026
x 0 33027
p 0 204 33027
x 0 33028
p 0 204 33028
x 0 33029
p 0 200 33029
x 0 33030
p 0 257 33030
x 0 33031
p 0 592 33031
x 0 33032
p 0 723 33032
x 0 33033
p 0 415 33033
x 0 33034
p 0 205 33034
x 0 33035
p 0 213 33035
x 0 33036
p 0 211 33036
x 0 33037
p 0 207 33037
x 0 33038
p 0 213 33038
x 0 33039
p 0 266 33039
x 0 33040
p 0 256 33040
x 0 33041
p 0 208 33041
x 0 33042
p 0 242 33042
x 0 33043
p 0 207 33043
x 0 33044
p 0 205 33044
x 0 33045
p 0 211 33045
x 0 33046
p 0 786 33046
x 0 33047
p 0 171 33047
x 0 33048
p 0 160 33048
x 0 33049
p 0 164 33049
x 0 33050
p 0 212 33050
x 0 33051
p 0 207 33051
x 0 33052
p 0 206 33052
x 0 33053
p 0 235 33053
x 0 33054
p 0 205 33054
x 0 33055
p 0 445 33055
x 0 33056
p 0 211 33056
x 0 33057
p 0 156 33057
x 0 33058
p 0 212 33058
x 0 33059
p 0 457 33059
x 0 33060
p 0 216 33060
x 0 33061
p 0 224 33061
x 0 33062
p 0 197 33062
x 0 33000
x 1 33001
h 1 10.0.0.11
p 1 1529 33001
x 2 33002
h 2 10.0.0.11
p 2 196 33002
x 0 33003
h 0 10.0.0.11
p 0 201 33003
x 1 33004
p 1 201 33004
p 0 1027934 33000
x 0 33005
p 0 197 33005
x 0 33006
p 0 203 33006
x 0 33007
p 0 249 33007
x 0 33008
p 0 210 33008
x 0 33009
p 0 220 33009
x 0 33010
p 0 213 33010
x 0 33011
p 0 211 33011
x 0 33012
p 0 325 33012
x 0 33013
p 0 205 33013
x 0 33014
p 0 236 33014
x 0 33015
p 0 210 33015
x 0 33016
p 0 220 33016
x 0 33017
p 0 212 33017
x 0 33018
p 0 205 33018
x 0 33019
p 0 217 33019
x 0 33020
p 0 210 33020
x 0 33021
p 0 203 33021
x 0 33022
p 0 269 33022
x 0 33023
p 0 208 33023
x 0 33024
p 0 208 33024
x 0 33025
p 0 206 33025
x 0 33026
p 0 207 33026
x 0 33027
p 0 235 33027
x 0 33028
p 0 215 33028
x 0 33029
p 0 260 33029
x 0 33030
p 0 209 33030
x 0 33031
p 0 206 33031
x 0 33032
p 0 215 33032
x 0 33033
p 0 205 33033
x 0 33034
p 0 222 33034
x 0 33035
p 0 213 33035
x 0 33036
p 0 215 33036
x 0 33037
p 0 213 33037
x 0 33038
p 0 215 33038
x 0 33039
p 0 231 33039
x 0 33040
p 0 286 33040
x 0 33041
p 0 207 33041
x 0 33042
p 0 161 33042
x 0 33043
p 0 166 33043
x 0 33044
p 0 175 33044
x 0 33045
p 0 167 33045
x 0 33046
p 0 195 33046
x 0 33047
p 0 253 33047
x 0 33048
p 0 254 33048
x 0 33049
p 0 174 33049
x 0 33050
p 0 215 33050
x 0 33051
p 0 239 33051
x 0 33052
p 0 195 33052
x 0 33053
p 0 198 33053
x 0 33054
p 0 174 33054
x 0 33055
p 0 244 33055
x 0 33056
p 0 196 33056
x 0 33057
p 0 186 33057
x 0 33058
p 0 200 33058
x 0 33059
p 0 200 33059
x 0 33060
p 0 197 33060
x 0 33061
p 0 174 33061
x 0 33062
p 0 200 33062
x 0 33000
x 1 33001
h 1 10.0.0.11
p 1 1395 33001
x 2 33002
h 2 10.0.0.11
p 2 215 33002
x 0 33003
h 0 10.0.0.11
p 0 197 33003
x 1 33004
p 1 206 33004
p 0 1009050 33000
x 0 33005
p 0 205 33005
x 0 33006
p 0 227 33006
x 0 33007
p 0 212 33007
x 0 33008
p 0 247 33008
x 0 33009
p 0 239 33009
x 0 33010
p 0 219 33010
x 0 33011
p 0 235 33011
x 0 33012
p 0 227 33012
x 0 33013
p 0 222 33013
x 0 33014
p 0 250 33014
x 0 33015
p 0 247 33015
x 0 33016
p 0 236 33016
x 0 33017
p 0 215 33017
x 0 33018
p 0 218 33018
x 0 33019
p 0 212 33019
x 0 33020
p 0 215 33020
x 0 33021
p 0 236 33021
x 0 33022
p 0 246 33022
x 0 33023
p 0 222 33023
x 0 33024
p 0 239 33024
x 0 33025
p 0 248 33025
x 0 33026
p 0 230 33026
x 0 33027
p 0 221 33027
x 0 33028
p 0 222 33028
x 0 33029
p 0 282 33029
x 0 33030
p 0 227 33030
x 0 33031
p 0 226 33031
x 0 33032
p 0 215 33032
x 0 33033
p 0 217 33033
x 0 33034
p 0 237 33034
x 0 33035
p 0 250 33035
x 0 33036
p 0 225 33036
x 0 33037
p 0 212 33037
x 0 33038
p 0 213 33038
x 0 33039
p 0 232 33039
x 0 33040
p 0 218 33040
x 0 33041
p 0 227 33041
x 0 33042
p 0 214 33042
x 0 33043
p 0 215 33043
x 0 33044
p 0 234 33044
x 0 33045
p 0 231 33045
x 0 33046
p 0 224 33046
x 0 33047
p 0 207 33047
x 0 33048
p 0 214 33048
x 0 33049
p 0 312 33049
x 0 33050
p 0 243 33050
x 0 33051
p 0 335 33051
x 0 33052
p 0 214 33052
x 0 33053
p 0 213 33053
x 0 33054
p 0 235 33054
x 0 33055
p 0 241 33055
x 0 33056
p 0 278 33056
x 0 33057
p 0 239 33057
x 0 33058
p 0 218 33058
x 0 33059
p 0 230 33059
x 0 33060
p 0 211 33060
x 0 33061
p 0 279 33061
x 0 33062
p 0 210 33062
x 0 33000
x 1 33001
h 1 10.0.0.11
p 1 1392 33001
x 2 33002
h 2 10.0.0.11
p 2 230 33002
x 0 33003
h 0 10.0.0.11
p 0 231 33003
x 1 33004
p 1 200 33004
p 0 1019423 33000
x 0 33005
p 0 205 33005
x 0 33006
p 0 1728 33006
x 0 33007
p 0 336 33007
x 0 33008
p 0 240 33008
x 0 33009
p 0 205 33009
x 0 33010
p 0 209 33010
x 0 33011
p 0 201 33011
x 0 33012
p 0 198 33012
x 0 33013
p 0 197 33013
x 0 33014
p 0 199 33014
x 0 33015
p 0 198 33015
x 0 33016
p 0 195 33016
x 0 33017
p 0 196 33017
x 0 33018
p 0 199 33018
x 0 33019
p 0 200 33019
x 0 33020
p 0 146 33020
x 0 33021
p 0 1012 33021
x 0 33022
p 0 248 33022
x 0 33023
p 0 302 33023
x 0 33024
p 0 256 33024
x 0 33025
p 0 287 33025
x 0 33026
p 0 237 33026
x 0 33027
p 0 199 33027
x 0 33028
p 0 239 33028
x 0 33029
p 0 286 33029
x 0 33030
p 0 243 33030
x 0 33031
p 0 277 33031
x 0 33032
p 0 268 33032
x 0 33033
p 0 629 33033
x 0 33034
p 0 244 33034
x 0 33035
p 0 256 33035
x 0 33036
p 0 161 33036
x 0 33037
p 0 168 33037
x 0 33038
p 0 210 33038
x 0 33039
p 0 177 33039
x 0 33040
p 0 171 33040
x 0 33041
p 0 171 33041
x 0 33042
p 0 168 33042
x 0 33043
p 0 169 33043
x 0 33044
p 0 173 33044
x 0 33045
p 0 174 33045
x 0 33046
p 0 176 33046
x 0 33047
p 0 196 33047
x 0 33048
p 0 250 33048
x 0 33049
p 0 213 33049
x 0 33050
p 0 161 33050
x 0 33051
p 0 203 33051
x 0 33052
p 0 209 33052
x 0 33053
p 0 165 33053
x 0 33054
p 0 164 33054
x 0 33055
p 0 163 33055
x 0 33056
p 0 206 33056
x 0 33057
p 0 201 33057
x 0 33058
p 0 160 33058
x 0 33059
p 0 162 33059
x 0 33060
p 0 229 33060
x 0 33061
p 0 143 33061
x 0 33062
p 0 143 33062
x 0 33000
x 1 33001
h 1 10.0.0.11
p 1 1652 33001
x 2 33002
h 2 10.0.0.11
p 2 201 33002
x 0 33003
h 0 10.0.0.11
p 0 232 33003
x 1 33004
p 1 246 33004
p 0 1009172 33000
x 0 33005
p 0 200 33005
x 0 33006
p 0 205 33006
x 0 33007
p 0 208 33007
x 0 33008
p 0 252 33008
x 0 33009
p 0 238 33009
x 0 33010
p 0 202 33010
x 0 33011
p 0 205 33011
x 0 33012
p 0 208 33012
x 0 33013
p 0 204 33013
x 0 33014
p 0 202 33014
x 0 33015
p 0 197 33015
x 0 33016
p 0 202 33016
x 0 33017
p 0 207 33017
x 0 33018
p 0 202 33018
x 0 33019
p 0 198 33019
x 0 33020
p 0 200 33020
x 0 33021
p 0 205 33021
x 0 33022
p 0 208 33022
x 0 33023
p 0 264 33023
x 0 33024
p 0 151 33024
x 0 33025
p 0 202 33025
x 0 33026
p 0 207 33026
x 0 33027
p 0 201 33027
x 0 33028
p 0 201 33028
x 0 33029
p 0 212 33029
x 0 33030
p 0 205 33030
x 0 33031
p 0 202 33031
x 0 33032
p 0 208 33032
x 0 33033
p 0 207 33033
x 0 33034
p 0 219 33034
x 0 33035
p 0 212 33035
x 0 33036
p 0 146 33036
x 0 33037
p 0 207 33037
x 0 33038
p 0 205 33038
x 0 33039
p 0 203 33039
x 0 33040
p 0 206 33040
x 0 33041
p 0 205 33041
x 0 33042
p 0 208 33042
x 0 33043
p 0 202 33043
x 0 33044
p 0 213 33044
x 0 33045
p 0 212 33045
x 0 33046
p 0 207 33046
x 0 33047
p 0 209 33047
x 0 33048
p 0 204 33048
x 0 33049
p 0 210 33049
x 0 33050
p 0 204 33050
x 0 33051
p 0 234 33051
x 0 33052
p 0 237 33052
x 0 33053
p 0 206 33053
x 0 33054
p 0 211 33054
x 0 33055
p 0 203 33055
x 0 33056
p 0 221 33056
x 0 33057
p 0 210 33057
x 0 33058
p 0 204 33058
x 0 33059
p 0 208 33059
x 0 33060
p 0 208 33060
x 0 33061
p 0 210 33061
x 0 33062
p 0 227 33062
x 0 33000
x 1 33001
h 1 10.0.0.11
p 1 1238 33001
x 2 33002
h 2 10.0.0.11
p 2 217 33002
x 0 33003
h 0 10.0.0.11
p 0 233 33003
x 1 33004
p 1 248 33004
p 0 1008811 33000
x 0 33005
p 0 197 33005
x 0 33006
p 0 207 33006
x 0 33007
p 0 208 33007
x 0 33008
p 0 250 33008
x 0 33009
p 0 221 33009
x 0 33010
p 0 207 33010
x 0 33011
p 0 201 33011
x 0 33012
p 0 198 33012
x 0 33013
p 0 198 33013
x 0 33014
p 0 203 33014
x 0 33015
p 0 199 33015
x 0 33016
p 0 199 33016
x 0 33017
p 0 197 33017
x 0 33018
p 0 201 33018
x 0 33019
p 0 199 33019
x 0 33020
p 0 204 33020
x 0 33021
p 0 204 33021
x 0 33022
p 0 234 33022
x 0 33023
p 0 198 33023
x 0 33024
p 0 217 33024
x 0 33025
p 0 204 33025
x 0 33026
p 0 241 33026
x 0 33027
p 0 205 33027
x 0 33028
p 0 208 33028
x 0 33029
p 0 206 33029
x 0 33030
p 0 202 33030
x 0 33031
p 0 207 33031
x 0 33032
p 0 202 33032
x 0 33033
p 0 199 33033
x 0 33034
p 0 213 33034
x 0 33035
p 0 200 33035
x 0 33036
p 0 204 33036
x 0 33037
p 0 199 33037
x 0 33038
p 0 197 33038
x 0 33039
p 0 220 33039
x 0 33040
p 0 296 33040
x 0 33041
p 0 225 33041
x 0 33042
p 0 218 33042
x 0 33043
p 0 199 33043
x 0 33044
p 0 209 33044
x 0 33045
p 0 198 33045
x 0 33046
p 0 200 33046
x 0 33047
p 0 224 33047
x 0 33048
p 0 198 33048
x 0 33049
p 0 207 33049
x 0 33050
p 0 198 33050
x 0 33051
p 0 219 33051
x 0 33052
p 0 207 33052
x 0 33053
p 0 198 33053
x 0 33054
p 0 206 33054
x 0 33055
p 0 203 33055
x 0 33056
p 0 209 33056
x 0 33057
p 0 197 33057
x 0 33058
p 0 230 33058
x 0 33059
p 0 216 33059
x 0 33060
p 0 202 33060
x 0 33061
p 0 201 33061
x 0 33062
p 0 255 33062
x 0 33000
x 1 33001
h 1 10.0.0.11
p 1 1136 33001
x 2 33002
h 2 10.0.0.11
p 2 201 33002
x 0 33003
h 0 10.0.0.11
p 0 201 33003
x 1 33004
p 1 262 33004
p 0 1021053 33000
x 0 33005
p 0 197 33005
x 0 33006
p 0 212 33006
x 0 33007
p 0 214 33007
x 0 33008
p 0 275 33008
x 0 33009
p 0 248 33009
x 0 33010
p 0 229 33010
x 0 33011
p 0 218 33011
x 0 33012
p 0 214 33012
x 0 33013
p 0 213 33013
x 0 33014
p 0 212 33014
x 0 33015
p 0 212 33015
x 0 33016
p 0 209 33016
x 0 33017
p 0 220 33017
x 0 33018
p 0 217 33018
x 0 33019
p 0 225 33019
x 0 33020
p 0 222 33020
x 0 33021
p 0 215 33021
x 0 33022
p 0 218 33022
x 0 33023
p 0 211 33023
x 0 33024
p 0 207 33024
x 0 33025
p 0 211 33025
x 0 33026
p 0 219 33026
x 0 33027
p 0 219 33027
x 0 33028
p 0 210 33028
x 0 33029
p 0 225 33029
x 0 33030
p 0 224 33030
x 0 33031
p 0 211 33031
x 0 33032
p 0 215 33032
x 0 33033
p 0 211 33033
x 0 33034
p 0 214 33034
x 0 33035
p 0 215 33035
x 0 33036
p 0 225 33036
x 0 33037
p 0 212 33037
x 0 33038
p 0 208 33038
x 0 33039
p 0 229 33039
x 0 33040
p 0 235 33040
x 0 33041
p 0 212 33041
x 0 33042
p 0 218 33042
x 0 33043
p 0 208 33043
x 0 33044
p 0 213 33044
x 0 33045
p 0 224 33045
x 0 33046
p 0 211 33046
x 0 33047
p 0 218 33047
x 0 33048
p 0 210 33048
x 0 33049
p 0 226 33049
x 0 33050
p 0 214 33050
x 0 33051
p 0 210 33051
x 0 33052
p 0 216 33052
x 0 33053
p 0 207 33053
x 0 33054
p 0 210 33054
x 0 33055
p 0 221 33055
x 0 33056
p 0 215 33056
x 0 33057
p 0 216 33057
x 0 33058
p 0 208 33058
x 0 33059
p 0 222 33059
x 0 33060
p 0 217 33060
x 0 33061
p 0 212 33061
x 0 33062
p 0 198 33062
x 0 33000
x 1 33001
h 1 10.0.0.11
p 1 1353 33001
x 2 33002
h 2 10.0.0.11
p 2 199 33002
x 0 33003
h 0 10.0.0.11
p 0 198 33003
x 1 33004
p 1 201 33004
p 0 1018425 33000
x 0 33005
p 0 178 33005
x 0 33006
p 0 215 33006
x 0 33007
p 0 213 33007
x 0 33008
p 0 205 33008
x 0 33009
p 0 215 33009
x 0 33010
p 0 221 33010
x 0 33011
p 0 206 33011
x 0 33012
p 0 209 33012
x 0 33013
p 0 208 33013
x 0 33014
p 0 212 33014
x 0 33015
p 0 210 33015
x 0 33016
p 0 209 33016
x 0 33017
p 0 221 33017
x 0 33018
p 0 209 33018
x 0 33019
p 0 210 33019
x 0 33020
p 0 245 33020
x 0 33021
p 0 211 33021
x 0 33022
p 0 231 33022
x 0 33023
p 0 219 33023
x 0 33024
p 0 212 33024
x 0 33025
p 0 212 33025
x 0 33026
p 0 214 33026
x 0 33027
p 0 244 33027
x 0 33028
p 0 210 33028
x 0 33029
p 0 218 33029
x 0 33030
p 0 215 33030
x 0 33031
p 0 212 33031
x 0 33032
p 0 212 33032
x 0 33033
p 0 208 33033
x 0 33034
p 0 256 33034
x 0 33035
p 0 214 33035
x 0 33036
p 0 226 33036
x 0 33037
p 0 219 33037
x 0 33038
p 0 249 33038
x 0 33039
p 0 224 33039
x 0 33040
p 0 222 33040
x 0 33041
p 0 242 33041
x 0 33042
p 0 215 33042
x 0 33043
p 0 207 33043
x 0 33044
p 0 221 33044
x 0 33045
p 0 275 33045
x 0 33046
p 0 214 33046
x 0 33047
p 0 213 33047
x 0 33048
p 0 223 33048
x 0 33049
p 0 219 33049
x 0 33050
p 0 220 33050
x 0 33051
p 0 215 33051
x 0 33052
p 0 253 33052
x 0 33053
p 0 210 33053
x 0 33054
p 0 221 33054
x 0 33055
p 0 250 33055
x 0 33056
p 0 216 33056
x 0 33057
p 0 212 33057
x 0 33058
p 0 215 33058
x 0 33059
p 0 259 33059
x 0 33060
p 0 217 33060
x 0 33061
p 0 210 33061
x 0 33062
p 0 246 33062
x 0 33000
x 1 33001
h 1 10.0.0.11
p 1 1535 33001
x 2 33002
h 2 10.0.0.11
p 2 346 33002
x 0 33003
h 0 10.0.0.11
p 0 210 33003
x 1 33004
p 1 209 33004
p 0 1006167 33000
x 0 33005
p 0 209 33005
x 0 33006
p 0 267 33006
x 0 33007
p 0 217 33007
x 0 33008
p 0 214 33008
x 0 33009
p 0 257 33009
x 0 33010
p 0 220 33010
x 0 33011
p 0 212 33011
x 0 33012
p 0 214 33012
x 0 33013
p 0 254 33013
x 0 33014
p 0 209 33014
x 0 33015
p 0 214 33015
x 0 33016
p 0 244 33016
x 0 33017
p 0 352 33017
x 0 33018
p 0 212 33018
x 0 33019
p 0 211 33019
x 0 33020
p 0 272 33020
x 0 33021
p 0 211 33021
x 0 33022
p 0 250 33022
x 0 33023
p 0 247 33023
x 0 33024
p 0 209 33024
x 0 33025
p 0 213 33025
x 0 33026
p 0 213 33026
x 0 33027
p 0 262 33027
x 0 33028
p 0 213 33028
x 0 33029
p 0 220 33029
x 0 33030
p 0 215 33030
x 0 33031
p 0 234 33031
x 0 33032
p 0 214 33032
x 0 33033
p 0 214 33033
x 0 33034
p 0 269 33034
x 0 33035
p 0 222 33035
x 0 33036
p 0 239 33036
x 0 33037
p 0 257 33037
x 0 33038
p 0 213 33038
x 0 33039
p 0 224 33039
x 0 33040
p 0 216 33040
x 0 33041
p 0 257 33041
x 0 33042
p 0 214 33042
x 0 33043
p 0 213 33043
x 0 33044
p 0 244 33044
x 0 33045
p 0 215 33045
x 0 33046
p 0 231 33046
x 0 33047
p 0 218 33047
x 0 33048
p 0 210 33048
x 0 33049
p 0 216 33049
x 0 33050
p 0 215 33050
x 0 33051
p 0 249 33051
x 0 33052
p 0 213 33052
x 0 33053
p 0 213 33053
x 0 33054
p 0 215 33054
x 0 33055
p 0 261 33055
x 0 33056
p 0 213 33056
x 0 33057
p 0 220 33057
x 0 33058
p 0 211 33058
x 0 33059
p 0 216 33059
x 0 33060
p 0 219 33060
x 0 33061
p 0 211 33061
x 0 33062
p 0 256 33062
x 0 33000
x 1 33001
h 1 10.0.0.11
p 1 1511 33001
x 2 33002
h 2 10.0.0.11
p 2 230 33002
x 0 33003
h 0 10.0.0.11
p 0 235 33003
x 1 33004
p 1 209 33004
p 0 1008341 33000
x 0 33005
p 0 210 33005
x 0 33006
p 0 211 33006
x 0 33007
p 0 270 33007
x 0 33008
p 0 213 33008
x 0 33009
p 0 243 33009
x 0 33010
p 0 217 33010
x 0 33011
p 0 214 33011
x 0 33012
p 0 213 33012
x 0 33013
p 0 221 33013
x 0 33014
p 0 209 33014
x 0 33015
p 0 222 33015
x 0 33016
p 0 201 33016
x 0 33017
p 0 206 33017
x 0 33018
p 0 246 33018
x 0 33019
p 0 209 33019
x 0 33020
p 0 214 33020
x 0 33021
p 0 211 33021
x 0 33022
p 0 208 33022
x 0 33023
p 0 208 33023
x 0 33024
p 0 218 33024
x 0 33025
p 0 260 33025
x 0 33026
p 0 207 33026
x 0 33027
p 0 207 33027
x 0 33028
p 0 207 33028
x 0 33029
p 0 264 33029
x 0 33030
p 0 206 33030
x 0 33031
p 0 203 33031
x 0 33032
p 0 235 33032
x 0 33033
p 0 254 33033
x 0 33034
p 0 207 33034
x 0 33035
p 0 213 33035
x 0 33036
p 0 250 33036
x 0 33037
p 0 203 33037
x 0 33038
p 0 212 33038
x 0 33039
p 0 243 33039
x 0 33040
p 0 206 33040
x 0 33041
p 0 204 33041
x 0 33042
p 0 202 33042
x 0 33043
p 0 241 33043
x 0 33044
p 0 207 33044
x 0 33045
p 0 270 33045
x 0 33046
p 0 204 33046
x 0 33047
p 0 199 33047
x 0 33048
p 0 202 33048
x 0 33049
p 0 212 33049
x 0 33050
p 0 243 33050
x 0 33051
p 0 198 33051
x 0 33052
p 0 206 33052
x 0 33053
p 0 206 33053
x 0 33054
p 0 207 33054
x 0 33055
p 0 213 33055
x 0 33056
p 0 202 33056
x 0 33057
p 0 266 33057
x 0 33058
p 0 206 33058
x 0 33059
p 0 212 33059
x 0 33060
p 0 208 33060
x 0 33061
p 0 207 33061
x 0 33062
p 0 203 33062
x 0 33000
x 1 33001
h 1 10.0.0.11
p 1 1039 33001
x 2 33002
h 2 10.0.0.11
p 2 209 33002
x 0 33003
h 0 10.0.0.11
p 0 268 33003
x 1 33004
p 1 198 33004
p 0 1019440 33000
x 0 33005
p 0 169 33005
x 0 33006
p 0 202 33006
x 0 33007
p 0 234 33007
x 0 33008
p 0 205 33008
x 0 33009
p 0 200 33009
x 0 33010
p 0 204 33010
x 0 33011
p 0 241 33011
x 0 33012
p 0 200 33012
x 0 33013
p 0 209 33013
x 0 33014
p 0 201 33014
x 0 33015
p 0 198 33015
x 0 33016
p 0 213 33016
x 0 33017
p 0 204 33017
x 0 33018
p 0 246 33018
x 0 33019
p 0 198 33019
x 0 33020
p 0 199 33020
x 0 33021
p 0 200 33021
x 0 33022
p 0 201 33022
x 0 33023
p 0 228 33023
x 0 33024
p 0 198 33024
x 0 33025
p 0 239 33025
x 0 33026
p 0 205 33026
x 0 33027
p 0 200 33027
x 0 33028
p 0 208 33028
x 0 33029
p 0 200 33029
x 0 33030
p 0 201 33030
x 0 33031
p 0 207 33031
x 0 33032
p 0 245 33032
x 0 33033
p 0 210 33033
x 0 33034
p 0 201 33034
x 0 33035
p 0 201 33035
x 0 33036
p 0 201 33036
x 0 33037
p 0 208 33037
x 0 33038
p 0 205 33038
x 0 33039
p 0 242 33039
x 0 33040
p 0 200 33040
x 0 33041
p 0 204 33041
x 0 33042
p 0 201 33042
x 0 33043
p 0 198 33043
x 0 33044
p 0 200 33044
x 0 33045
p 0 198 33045
x 0 33046
p 0 239 33046
x 0 33047
p 0 202 33047
x 0 33048
p 0 204 33048
x 0 33049
p 0 200 33049
x 0 33050
p 0 206 33050
x 0 33051
p 0 205 33051
x 0 33052
p 0 204 33052
x 0 33053
p 0 242 33053
x 0 33054
p 0 201 33054
x 0 33055
p 0 199 33055
x 0 33056
p 0 199 33056
x 0 33057
p 0 201 33057
x 0 33058
p 0 202 33058
x 0 33059
p 0 199 33059
x 0 33060
p 0 236 33060
x 0 33061
p 0 202 33061
x 0 33062
p 0 205 33062
x 0 33000
x 1 33001
h 1 10.0.0.11
p 1 1174 33001
x 2 33002
h 2 10.0.0.11
p 2 203 33002
x 0 33003
h 0 10.0.0.11
p 0 201 33003
x 1 33004
p 1 204 33004
p 0 1031794 33000
x 0 33005
p 0 202 33005
x 0 33006
p 0 209 33006
x 0 33007
p 0 244 33007
x 0 33008
p 0 203 33008
x 0 33009
p 0 221 33009
x 0 33010
p 0 205 33010
x 0 33011
p 0 204 33011
x 0 33012
p 0 203 33012
x 0 33013
p 0 200 33013
x 0 33014
p 0 262 33014
x 0 33015
p 0 134 33015
x 0 33016
p 0 208 33016
x 0 33017
p 0 203 33017
x 0 33018
p 0 202 33018
x 0 33019
p 0 205 33019
x 0 33020
p 0 207 33020
x 0 33021
p 0 204 33021
x 0 33022
p 0 201 33022
x 0 33023
p 0 209 33023
x 0 33024
p 0 219 33024
x 0 33025
p 0 209 33025
x 0 33026
p 0 203 33026
x 0 33027
p 0 206 33027
x 0 33028
p 0 212 33028
x 0 33029
p 0 243 33029
x 0 33030
p 0 210 33030
x 0 33031
p 0 203 33031
x 0 33032
p 0 255 33032
x 0 33033
p 0 206 33033
x 0 33034
p 0 214 33034
x 0 33035
p 0 206 33035
x 0 33036
p 0 255 33036
x 0 33037
p 0 212 33037
x 0 33038
p 0 218 33038
x 0 33039
p 0 238 33039
x 0 33040
p 0 208 33040
x 0 33041
p 0 203 33041
x 0 33042
p 0 205 33042
x 0 33043
p 0 261 33043
x 0 33044
p 0 346 33044
x 0 33045
p 0 207 33045
x 0 33046
p 0 206 33046
x 0 33047
p 0 203 33047
x 0 33048
p 0 204 33048
x 0 33049
p 0 274 33049
x 0 33050
p 0 241 33050
x 0 33051
p 0 206 33051
x 0 33052
p 0 235 33052
x 0 33053
p 0 205 33053
x 0 33054
p 0 253 33054
x 0 33055
p 0 208 33055
x 0 33056
p 0 206 33056
x 0 33057
p 0 198 33057
x 0 33058
p 0 203 33058
x 0 33059
p 0 209 33059
x 0 33060
p 0 209 33060
x 0 33061
p 0 204 33061
x 0 33062
p 0 228 33062
x 0 33000
x 1 33001
h 1 10.0.0.11
p 1 1506 33001
x 2 33002
h 2 10.0.0.11
p 2 204 33002
x 0 33003
h 0 10.0.0.11
p 0 198 33003
x 1 33004
p 1 200 33004
p 0 1019990 33000
x 0 33005
p 0 200 33005
x 0 33006
p 0 205 33006
x 0 33007
p 0 236 33007
x 0 33008
p 0 202 33008
x 0 33009
p 0 205 33009
x 0 33010
p 0 202 33010
x 0 33011
p 0 200 33011
x 0 33012
p 0 203 33012
x 0 33013
p 0 209 33013
x 0 33014
p 0 204 33014
x 0 33015
p 0 205 33015
x 0 33016
p 0 178 33016
x 0 33017
p 0 200 33017
x 0 33018
p 0 204 33018
x 0 33019
p 0 202 33019
x 0 33020
p 0 206 33020
x 0 33021
p 0 205 33021
x 0 33022
p 0 206 33022
x 0 33023
p 0 204 33023
x 0 33024
p 0 207 33024
x 0 33025
p 0 240 33025
x 0 33026
p 0 207 33026
x 0 33027
p 0 206 33027
x 0 33028
p 0 270 33028
x 0 33029
p 0 244 33029
x 0 33030
p 0 254 33030
x 0 33031
p 0 238 33031
x 0 33032
p 0 273 33032
x 0 33033
p 0 235 33033
x 0 33034
p 0 236 33034
x 0 33035
p 0 236 33035
x 0 33036
p 0 201 33036
x 0 33037
p 0 206 33037
x 0 33038
p 0 206 33038
x 0 33039
p 0 237 33039
x 0 33040
p 0 274 33040
x 0 33041
p 0 206 33041
x 0 33042
p 0 225 33042
x 0 33043
p 0 202 33043
x 0 33044
p 0 574 33044
x 0 33045
p 0 241 33045
x 0 33046
p 0 204 33046
x 0 33047
p 0 270 33047
x 0 33048
p 0 203 33048
x 0 33049
p 0 202 33049
x 0 33050
p 0 210 33050
x 0 33051
p 0 202 33051
x 0 33052
p 0 202 33052
x 0 33053
p 0 205 33053
x 0 33054
p 0 240 33054
x 0 33055
p 0 200 33055
x 0 33056
p 0 203 33056
x 0 33057
p 0 203 33057
x 0 33058
p 0 203 33058
x 0 33059
p 0 203 33059
x 0 33060
p 0 206 33060
x 0 33061
p 0 242 33061
x 0 33062
p 0 203 33062
x 0 33000
x 1 33001
h 1 10.0.0.11
p 1 1246 33001
x 2 33002
h 2 10.0.0.11
p 2 247 33002
x 0 33003
h 0 10.0.0.11
p 0 198 33003
x 1 33004
p 1 174 33004
p 0 1015952 33000
x 0 33005
p 0 255 33005
x 0 33006
p 0 207 33006
x 0 33007
p 0 238 33007
x 0 33008
p 0 220 33008
x 0 33009
p 0 215 33009
x 0 33010
p 0 205 33010
x 0 33011
p 0 218 33011
x 0 33012
p 0 219 33012
x 0 33013
p 0 207 33013
x 0 33014
p 0 209 33014
x 0 33015
p 0 213 33015
x 0 33016
p 0 210 33016
x 0 33017
p 0 217 33017
x 0 33018
p 0 232 33018
x 0 33019
p 0 204 33019
x 0 33020
p 0 214 33020
x 0 33021
p 0 216 33021
x 0 33022
p 0 211 33022
x 0 33023
p 0 213 33023
x 0 33024
p 0 267 33024
x 0 33025
p 0 213 33025
x 0 33026
p 0 214 33026
x 0 33027
p 0 207 33027
x 0 33028
p 0 230 33028
x 0 33029
p 0 217 33029
x 0 33030
p 0 211 33030
x 0 33031
p 0 221 33031
x 0 33032
p 0 217 33032
x 0 33033
p 0 214 33033
x 0 33034
p 0 220 33034
x 0 33035
p 0 213 33035
x 0 33036
p 0 222 33036
x 0 33037
p 0 219 33037
x 0 33038
p 0 227 33038
x 0 33039
p 0 228 33039
x 0 33040
p 0 215 33040
x 0 33041
p 0 230 33041
x 0 33042
p 0 220 33042
x 0 33043
p 0 210 33043
x 0 33044
p 0 217 33044
x 0 33045
p 0 214 33045
x 0 33046
p 0 215 33046
x 0 33047
p 0 242 33047
x 0 33048
p 0 211 33048
x 0 33049
p 0 229 33049
x 0 33050
p 0 214 33050
x 0 33051
p 0 219 33051
x 0 33052
p 0 214 33052
x 0 33053
p 0 212 33053
x 0 33054
p 0 252 33054
x 0 33055
p 0 214 33055
x 0 33056
p 0 223 33056
x 0 33057
p 0 227 33057
x 0 33058
p 0 284 33058
x 0 33059
p 0 262 33059
x 0 33060
p 0 255 33060
x 0 33061
p 0 317 33061
x 0 33062
p 0 263 33062
x 0 33000
x 1 33001
h 1 10.0.0.11
p 1 1191 33001
x 2 33002
h 2 10.0.0.11
p 2 230 33002
x 0 33003
h 0 10.0.0.11
p 0 197 33003
x 1 33004
p 1 203 33004
p 0 1009451 33000
x 0 33005
p 0 203 33005
x 0 33006
p 0 218 33006
x 0 33007
p 0 239 33007
x 0 33008
p 0 212 33008
x 0 33009
p 0 229 33009
x 0 33010
p 0 223 33010
x 0 33011
p 0 212 33011
x 0 33012
p 0 213 33012
x 0 33013
p 0 242 33013
x 0 33014
p 0 225 33014
x 0 33015
p 0 214 33015
x 0 33016
p 0 212 33016
x 0 33017
p 0 237 33017
x 0 33018
p 0 210 33018
x 0 33019
p 0 222 33019
x 0 33020
p 0 219 33020
x 0 33021
p 0 253 33021
x 0 33022
p 0 216 33022
x 0 33023
p 0 215 33023
x 0 33024
p 0 222 33024
x 0 33025
p 0 227 33025
x 0 33026
p 0 212 33026
x 0 33027
p 0 229 33027
x 0 33028
p 0 252 33028
x 0 33029
p 0 243 33029
x 0 33030
p 0 216 33030
x 0 33031
p 0 220 33031
x 0 33032
p 0 212 33032
x 0 33033
p 0 213 33033
x 0 33034
p 0 228 33034
x 0 33035
p 0 252 33035
x 0 33036
p 0 211 33036
x 0 33037
p 0 245 33037
x 0 33038
p 0 213 33038
x 0 33039
p 0 330 33039
x 0 33040
p 0 647 33040
x 0 33041
p 0 652 33041
x 0 33042
p 0 269 33042
x 0 33043
p 0 216 33043
x 0 33044
p 0 231 33044
x 0 33045
p 0 287 33045
x 0 33046
p 0 241 33046
x 0 33047
p 0 246 33047
x 0 33048
p 0 212 33048
x 0 33049
p 0 231 33049
x 0 33050
p 0 209 33050
x 0 33051
p 0 206 33051
x 0 33052
p 0 310 33052
x 0 33053
p 0 209 33053
x 0 33054
p 0 228 33054
x 0 33055
p 0 207 33055
x 0 33056
p 0 334 33056
x 0 33057
p 0 238 33057
x 0 33058
p 0 286 33058
x 0 33059
p 0 348 33059
x 0 33060
p 0 279 33060
x 0 33061
p 0 207 33061
x 0 33062
p 0 207 33062
x 0 33000
x 1 33001
h 1 10.0.0.11
p 1 1642 33001
x 2 33002
h 2 10.0.0.11
p 2 265 33002
x 0 33003
h 0 10.0.0.11
p 0 199 33003
x 1 33004
p 1 201 33004
p 0 1008081 33000
x 0 33005
p 0 259 33005
x 0 33006
p 0 209 33006
x 0 33007
p 0 340 33007
x 0 33008
p 0 261 33008
x 0 33009
p 0 207 33009
x 0 33010
p 0 319 33010
x 0 33011
p 0 283 33011
x 0 33012
p 0 282 33012
x 0 33013
p 0 280 33013
x 0 33014
p 0 278 33014
x 0 33015
p 0 301 33015
x 0 33016
p 0 287 33016
x 0 33017
p 0 298 33017
x 0 33018
p 0 272 33018
x 0 33019
p 0 271 33019
x 0 33020
p 0 274 33020
x 0 33021
p 0 352 33021
x 0 33022
p 0 275 33022
x 0 33023
p 0 281 33023
x 0 33024
p 0 423 33024
x 0 33025
p 0 260 33025
x 0 33026
p 0 231 33026
x 0 33027
p 0 215 33027
x 0 33028
p 0 210 33028
x 0 33029
p 0 228 33029
x 0 33030
p 0 364 33030
x 0 33031
p 0 262 33031
x 0 33032
p 0 216 33032
x 0 33033
p 0 204 33033
x 0 33034
p 0 212 33034
x 0 33035
p 0 219 33035
x 0 33036
p 0 214 33036
x 0 33037
p 0 209 33037
x 0 33038
p 0 210 33038
x 0 33039
p 0 354 33039
x 0 33040
p 0 215 33040
x 0 33041
p 0 207 33041
x 0 33042
p 0 323 33042
x 0 33043
p 0 205 33043
x 0 33044
p 0 220 33044
x 0 33045
p 0 226 33045
x 0 33046
p 0 235 33046
x 0 33047
p 0 218 33047
x 0 33048
p 0 236 33048
x 0 33049
p 0 234 33049
x 0 33050
p 0 221 33050
x 0 33051
p 0 222 33051
x 0 33052
p 0 218 33052
x 0 33053
p 0 206 33053
x 0 33054
p 0 229 33054
x 0 33055
p 0 218 33055
x 0 33056
p 0 230 33056
x 0 33057
p 0 221 33057
x 0 33058
p 0 220 33058
x 0 33059
p 0 224 33059
x 0 33060
p 0 222 33060
x 0 33061
p 0 207 33061
x 0 33062
p 0 221 33062
x 0 33000
x 1 33001
h 1 10.0.0.11
p 1 1374 33001
x 2 33002
h 2 10.0.0.11
p 2 258 33002
x 0 33003
h 0 10.0.0.11
p 0 198 33003
x 1 33004
p 1 198 33004
p 0 1017284 33000
x 0 33005
p 0 215 33005
x 0 33006
p 0 197 33006
x 0 33007
p 0 246 33007
x 0 33008
p 0 277 33008
x 0 33009
p 0 291 33009
x 0 33010
p 0 256 33010
x 0 33011
p 0 212 33011
x 0 33012
p 0 227 33012
x 0 33013
p 0 214 33013
x 0 33014
p 0 210 33014
x 0 33015
p 0 238 33015
x 0 33016
p 0 218 33016
x 0 33017
p 0 205 33017
x 0 33018
p 0 217 33018
x 0 33019
p 0 252 33019
x 0 33020
p 0 242 33020
x 0 33021
p 0 214 33021
x 0 33022
p 0 235 33022
x 0 33023
p 0 210 33023
x 0 33024
p 0 209 33024
x 0 33025
p 0 263 33025
x 0 33026
p 0 248 33026
x 0 33027
p 0 206 33027
x 0 33028
p 0 205 33028
x 0 33029
p 0 209 33029
x 0 33030
p 0 233 33030
x 0 33031
p 0 203 33031
x 0 33032
p 0 202 33032
x 0 33033
p 0 265 33033
x 0 33034
p 0 223 33034
x 0 33035
p 0 215 33035
x 0 33036
p 0 230 33036
x 0 33037
p 0 207 33037
x 0 33038
p 0 201 33038
x 0 33039
p 0 202 33039
x 0 33040
p 0 404 33040
x 0 33041
p 0 209 33041
x 0 33042
p 0 280 33042
x 0 33043
p 0 201 33043
x 0 33044
p 0 219 33044
x 0 33045
p 0 206 33045
x 0 33046
p 0 203 33046
x 0 33047
p 0 281 33047
x 0 33048
p 0 211 33048
x 0 33049
p 0 210 33049
x 0 33050
p 0 204 33050
x 0 33051
p 0 208 33051
x 0 33052
p 0 203 33052
x 0 33053
p 0 204 33053
x 0 33054
p 0 281 33054
x 0 33055
p 0 218 33055
x 0 33056
p 0 206 33056
x 0 33057
p 0 204 33057
x 0 33058
p 0 212 33058
x 0 33059
p 0 213 33059
x 0 33060
p 0 206 33060
x 0 33061
p 0 285 33061
x 0 33062
p 0 208 33062
x 0 33000
x 1 33001
h 1 10.0.0.11
p 1 1203 33001
x 2 33002
h 2 10.0.0.11
p 2 196 33002
x 0 33003
h 0 10.0.0.11
p 0 210 33003
x 1 33004
p 1 206 33004
p 0 1024194 33000
x 0 33005
p 0 206 33005
x 0 33006
p 0 212 33006
x 0 33007
p 0 225 33007
x 0 33008
p 0 219 33008
x 0 33009
p 0 226 33009
x 0 33010
p 0 234 33010
x 0 33011
p 0 214 33011
x 0 33012
p 0 286 33012
x 0 33013
p 0 220 33013
x 0 33014
p 0 243 33014
x 0 33015
p 0 226 33015
x 0 33016
p 0 212 33016
x 0 33017
p 0 219 33017
x 0 33018
p 0 217 33018
x 0 33019
p 0 277 33019
x 0 33020
p 0 218 33020
x 0 33021
p 0 211 33021
x 0 33022
p 0 393 33022
x 0 33023
p 0 241 33023
x 0 33024
p 0 237 33024
x 0 33025
p 0 224 33025
x 0 33026
p 0 251 33026
x 0 33027
p 0 224 33027
x 0 33028
p 0 220 33028
x 0 33029
p 0 269 33029
x 0 33030
p 0 257 33030
x 0 33031
p 0 447 33031
x 0 33032
p 0 243 33032
x 0 33033
p 0 313 33033
x 0 33034
p 0 267 33034
x 0 33035
p 0 223 33035
x 0 33036
p 0 241 33036
x 0 33037
p 0 216 33037
x 0 33038
p 0 224 33038
x 0 33039
p 0 261 33039
x 0 33040
p 0 299 33040
x 0 33041
p 0 259 33041
x 0 33042
p 0 244 33042
x 0 33043
p 0 244 33043
x 0 33044
p 0 222 33044
x 0 33045
p 0 222 33045
x 0 33046
p 0 210 33046
x 0 33047
p 0 267 33047
x 0 33048
p 0 217 33048
x 0 33049
p 0 303 33049
x 0 33050
p 0 246 33050
x 0 33051
p 0 213 33051
x 0 33052
p 0 242 33052
x 0 33053
p 0 328 33053
x 0 33054
p 0 308 33054
x 0 33055
p 0 222 33055
x 0 33056
p 0 213 33056
x 0 33057
p 0 250 33057
x 0 33058
p 0 214 33058
x 0 33059
p 0 227 33059
x 0 33060
p 0 223 33060
x 0 33061
p 0 273 33061
x 0 33062
p 0 262 33062
x 0 33000
x 1 33001
h 1 10.0.0.11
p 1 1100 33001
x 2 33002
h 2 10.0.0.11
p 2 409 33002
x 0 33003
h 0 10.0.0.11
p 0 212 33003
x 1 33004
p 1 339 33004
p 0 1002941 33000
x 0 33005
p 0 192 33005
x 0 33006
p 0 353 33006
x 0 33007
p 0 253 33007
x 0 33008
p 0 204 33008
x 0 33009
p 0 206 33009
x 0 33010
p 0 225 33010
x 0 33011
p 0 239 33011
x 0 33012
p 0 218 33012
x 0 33013
p 0 206 33013
x 0 33014
p 0 214 33014
x 0 33015
p 0 208 33015
x 0 33016
p 0 210 33016
x 0 33017
p 0 204 33017
x 0 33018
p 0 228 33018
x 0 33019
p 0 314 33019
x 0 33020
p 0 305 33020
x 0 33021
p 0 222 33021
x 0 33022
p 0 211 33022
x 0 33023
p 0 205 33023
x 0 33024
p 0 206 33024
x 0 33025
p 0 202 33025
x 0 33026
p 0 624 33026
x 0 33027
p 0 199 33027
x 0 33028
p 0 238 33028
x 0 33029
p 0 291 33029
x 0 33030
p 0 289 33030
x 0 33031
p 0 216 33031
x 0 33032
p 0 202 33032
x 0 33033
p 0 201 33033
x 0 33034
p 0 203 33034
x 0 33035
p 0 201 33035
x 0 33036
p 0 211 33036
x 0 33037
p 0 204 33037
x 0 33038
p 0 291 33038
x 0 33039
p 0 331 33039
x 0 33040
p 0 204 33040
x 0 33041
p 0 202 33041
x 0 33042
p 0 201 33042
x 0 33043
p 0 216 33043
x 0 33044
p 0 227 33044
x 0 33045
p 0 211 33045
x 0 33046
p 0 257 33046
x 0 33047
p 0 213 33047
x 0 33048
p 0 213 33048
x 0 33049
p 0 213 33049
x 0 33050
p 0 210 33050
x 0 33051
p 0 214 33051
x 0 33052
p 0 219 33052
x 0 33053
p 0 263 33053
x 0 33054
p 0 214 33054
x 0 33055
p 0 214 33055
x 0 33056
p 0 213 33056
x 0 33057
p 0 212 33057
x 0 33058
p 0 210 33058
x 0 33059
p 0 214 33059
x 0 33060
p 0 272 33060
x 0 33061
p 0 212 33061
x 0 33062
p 0 210 33062
x 0 33000
x 1 33001
h 1 10.0.0.11
p 1 1496 33001
x 2 33002
h 2 10.0.0.11
p 2 199 33002
x 0 33003
h 0 10.0.0.11
p 0 206 33003
x 1 33004
p 1 213 33004
p 0 1008110 33000
x 0 33005
p 0 198 33005
x 0 33006
p 0 223 33006
x 0 33007
p 0 230 33007
x 0 33008
p 0 220 33008
x 0 33009
p 0 238 33009
x 0 33010
p 0 221 33010
x 0 33011
p 0 238 33011
x 0 33012
p 0 226 33012
x 0 33013
p 0 242 33013
x 0 33014
p 0 253 33014
x 0 33015
p 0 209 33015
x 0 33016
p 0 235 33016
x 0 33017
p 0 224 33017
x 0 33018
p 0 220 33018
x 0 33019
p 0 245 33019
x 0 33020
p 0 226 33020
x 0 33021
p 0 230 33021
x 0 33022
p 0 223 33022
x 0 33023
p 0 223 33023
x 0 33024
p 0 235 33024
x 0 33025
p 0 217 33025
x 0 33026
p 0 235 33026
x 0 33027
p 0 222 33027
x 0 33028
p 0 222 33028
x 0 33029
p 0 249 33029
x 0 33030
p 0 220 33030
x 0 33031
p 0 228 33031
x 0 33032
p 0 253 33032
x 0 33033
p 0 223 33033
x 0 33034
p 0 274 33034
x 0 33035
p 0 212 33035
x 0 33036
p 0 223 33036
x 0 33037
p 0 222 33037
x 0 33038
p 0 244 33038
x 0 33039
p 0 285 33039
x 0 33040
p 0 218 33040
x 0 33041
p 0 242 33041
x 0 33042
p 0 236 33042
x 0 33043
p 0 217 33043
x 0 33044
p 0 378 33044
x 0 33045
p 0 216 33045
x 0 33046
p 0 288 33046
x 0 33047
p 0 228 33047
x 0 33048
p 0 223 33048
x 0 33049
p 0 261 33049
x 0 33050
p 0 230 33050
x 0 33051
p 0 233 33051
x 0 33052
p 0 229 33052
x 0 33053
p 0 261 33053
x 0 33054
p 0 261 33054
x 0 33055
p 0 220 33055
x 0 33056
p 0 229 33056
x 0 33057
p 0 228 33057
x 0 33058
p 0 226 33058
x 0 33059
p 0 262 33059
x 0 33060
p 0 217 33060
x 0 33061
p 0 228 33061
x 0 33062
p 0 232 33062
x 0 33000
x 1 33001
h 1 10.0.0.11
p 1 1145 33001
x 2 33002
h 2 10.0.0.11
p 2 218 33002
x 0 33003
h 0 10.0.0.11
p 0 300 33003
x 1 33004
p 1 200 33004
p 0 1025061 33000
x 0 33005
p 0 198 33005
x 0 33006
p 0 199 33006
x 0 33007
p 0 210 33007
x 0 33008
p 0 256 33008
x 0 33009
p 0 213 33009
x 0 33010
p 0 206 33010
x 0 33011
p 0 203 33011
x 0 33012
p 0 200 33012
x 0 33013
p 0 206 33013
x 0 33014
p 0 205 33014
x 0 33015
p 0 258 33015
x 0 33016
p 0 196 33016
x 0 33017
p 0 199 33017
x 0 33018
p 0 230 33018
x 0 33019
p 0 202 33019
x 0 33020
p 0 201 33020
x 0 33021
p 0 197 33021
x 0 33022
p 0 235 33022
x 0 33023
p 0 197 33023
x 0 33024
p 0 199 33024
x 0 33025
p 0 199 33025
x 0 33026
p 0 198 33026
x 0 33027
p 0 197 33027
x 0 33028
p 0 196 33028
x 0 33029
p 0 243 33029
x 0 33030
p 0 219 33030
x 0 33031
p 0 200 33031
x 0 33032
p 0 231 33032
x 0 33033
p 0 200 33033
x 0 33034
p 0 202 33034
x 0 33035
p 0 204 33035
x 0 33036
p 0 245 33036
x 0 33037
p 0 198 33037
x 0 33038
p 0 205 33038
x 0 33039
p 0 246 33039
x 0 33040
p 0 206 33040
x 0 33041
p 0 199 33041
x 0 33042
p 0 201 33042
x 0 33043
p 0 235 33043
x 0 33044
p 0 205 33044
x 0 33045
p 0 206 33045
x 0 33046
p 0 200 33046
x 0 33047
p 0 216 33047
x 0 33048
p 0 204 33048
x 0 33049
p 0 204 33049
x 0 33050
p 0 205 33050
x 0 33051
p 0 200 33051
x 0 33052
p 0 200 33052
x 0 33053
p 0 199 33053
x 0 33054
p 0 206 33054
x 0 33055
p 0 285 33055
x 0 33056
p 0 286 33056
x 0 33057
p 0 233 33057
x 0 33058
p 0 204 33058
x 0 33059
p 0 204 33059
x 0 33060
p 0 205 33060
x 0 33061
p 0 196 33061
x 0 33062
p 0 199 33062
x 0 33000
x 1 33001
h 1 10.0.0.11
p 1 1151 33001
x 2 33002
h 2 10.0.0.11
p 2 195 33002
x 0 33003
h 0 10.0.0.11
p 0 196 33003
x 1 33004
p 1 200 33004
p 0 1012793 33000
x 0 33005
p 0 232 33005
x 0 33006
p 0 226 33006
x 0 33007
p 0 234 33007
x 0 33008
p 0 279 33008
x 0 33009
p 0 215 33009
x 0 33010
p 0 215 33010
x 0 33011
p 0 206 33011
x 0 33012
p 0 207 33012
x 0 33013
p 0 203 33013
x 0 33014
p 0 207 33014
x 0 33015
p 0 240 33015
x 0 33016
p 0 208 33016
x 0 33017
p 0 219 33017
x 0 33018
p 0 205 33018
x 0 33019
p 0 200 33019
x 0 33020
p 0 200 33020
x 0 33021
p 0 200 33021
x 0 33022
p 0 200 33022
x 0 33023
p 0 197 33023
x 0 33024
p 0 213 33024
x 0 33025
p 0 205 33025
x 0 33026
p 0 200 33026
x 0 33027
p 0 203 33027
x 0 33028
p 0 199 33028
x 0 33029
p 0 210 33029
x 0 33030
p 0 211 33030
x 0 33031
p 0 205 33031
x 0 33032
p 0 209 33032
x 0 33033
p 0 206 33033
x 0 33034
p 0 205 33034
x 0 33035
p 0 218 33035
x 0 33036
p 0 208 33036
x 0 33037
p 0 309 33037
x 0 33038
p 0 211 33038
x 0 33039
p 0 206 33039
x 0 33040
p 0 204 33040
x 0 33041
p 0 199 33041
x 0 33042
p 0 203 33042
x 0 33043
p 0 200 33043
x 0 33044
p 0 198 33044
x 0 33045
p 0 227 33045
x 0 33046
p 0 215 33046
x 0 33047
p 0 210 33047
x 0 33048
p 0 201 33048
x 0 33049
p 0 205 33049
x 0 33050
p 0 198 33050
x 0 33051
p 0 198 33051
x 0 33052
p 0 201 33052
x 0 33053
p 0 197 33053
x 0 33054
p 0 199 33054
x 0 33055
p 0 202 33055
x 0 33056
p 0 213 33056
x 0 33057
p 0 236 33057
x 0 33058
p 0 202 33058
x 0 33059
p 0 198 33059
x 0 33060
p 0 200 33060
x 0 33061
p 0 237 33061
x 0 33062
p 0 196 33062
x 0 33000
x 1 33001
h 1 10.0.0.11
p 1 813 33001
x 2 33002
h 2 10.0.0.11
p 2 200 33002
x 0 33003
h 0 10.0.0.11
p 0 204 33003
x 1 33004
p 1 204 33004
p 0 1023297 33000
x 0 33005
p 0 206 33005
x 0 33006
p 0 242 33006
x 0 33007
p 0 206 33007
x 0 33008
p 0 209 33008
x 0 33009
p 0 222 33009
x 0 33010
p 0 219 33010
x 0 33011
p 0 220 33011
x 0 33012
p 0 219 33012
x 0 33013
p 0 271 33013
x 0 33014
p 0 211 33014
x 0 33015
p 0 225 33015
x 0 33016
p 0 201 33016
x 0 33017
p 0 233 33017
x 0 33018
p 0 184 33018
x 0 33019
p 0 207 33019
x 0 33020
p 0 209 33020
x 0 33021
p 0 208 33021
x 0 33022
p 0 205 33022
x 0 33023
p 0 205 33023
x 0 33024
p 0 219 33024
x 0 33025
p 0 223 33025
x 0 33026
p 0 207 33026
x 0 33027
p 0 204 33027
x 0 33028
p 0 493 33028
x 0 33029
p 0 276 33029
x 0 33030
p 0 264 33030
x 0 33031
p 0 240 33031
x 0 33032
p 0 248 33032
x 0 33033
p 0 241 33033
x 0 33034
p 0 237 33034
x 0 33035
p 0 248 33035
x 0 33036
p 0 216 33036
x 0 33037
p 0 200 33037
x 0 33038
p 0 205 33038
x 0 33039
p 0 240 33039
x 0 33040
p 0 277 33040
x 0 33041
p 0 206 33041
x 0 33042
p 0 205 33042
x 0 33043
p 0 218 33043
x 0 33044
p 0 214 33044
x 0 33045
p 0 260 33045
x 0 33046
p 0 213 33046
x 0 33047
p 0 201 33047
x 0 33048
p 0 240 33048
x 0 33049
p 0 228 33049
x 0 33050
p 0 216 33050
x 0 33051
p 0 215 33051
x 0 33052
p 0 207 33052
x 0 33053
p 0 220 33053
x 0 33054
p 0 238 33054
x 0 33055
p 0 242 33055
x 0 33056
p 0 218 33056
x 0 33057
p 0 209 33057
x 0 33058
p 0 212 33058
x 0 33059
p 0 226 33059
x 0 33060
p 0 220 33060
x 0 33061
p 0 211 33061
x 0 33062
p 0 215 33062
