x 0 33000
x 1 33001
x 2 33002
h 2 10.0.0.5
p 2 1519 33002
x 3 33003
h 3 10.0.0.5
p 3 253 33003
x 0 33004
h 0 10.0.0.5
p 0 199 33004
x 1 33005
h 1 10.0.0.5
p 1 211 33005
p 0 1002921 33000
p 1 1030735 33001
x 0 33006
p 0 202 33006
x 0 33007
p 0 221 33007
x 0 33008
p 0 215 33008
x 0 33009
p 0 209 33009
x 0 33010
p 0 194 33010
x 0 33011
p 0 219 33011
x 0 33012
p 0 198 33012
x 0 33013
p 0 202 33013
x 0 33014
p 0 195 33014
x 0 33015
p 0 200 33015
x 0 33016
p 0 221 33016
x 0 33017
p 0 195 33017
x 0 33018
p 0 195 33018
x 0 33019
p 0 195 33019
x 0 33020
p 0 201 33020
x 0 33021
p 0 199 33021
x 0 33022
p 0 192 33022
x 0 33023
p 0 189 33023
x 0 33024
p 0 190 33024
x 0 33025
p 0 192 33025
x 0 33026
p 0 222 33026
x 0 33027
p 0 193 33027
x 0 33028
p 0 189 33028
x 0 33029
p 0 192 33029
x 0 33030
p 0 193 33030
x 0 33031
p 0 194 33031
x 0 33032
p 0 192 33032
x 0 33033
p 0 192 33033
x 0 33034
p 0 195 33034
x 0 33035
p 0 198 33035
x 0 33036
p 0 197 33036
x 0 33037
p 0 196 33037
x 0 33038
p 0 197 33038
x 0 33039
p 0 194 33039
x 0 33040
p 0 198 33040
x 0 33041
p 0 197 33041
x 0 33042
p 0 192 33042
x 0 33043
p 0 198 33043
x 0 33044
p 0 199 33044
x 0 33045
p 0 230 33045
x 0 33046
p 0 196 33046
x 0 33047
p 0 198 33047
x 0 33048
p 0 197 33048
x 0 33049
p 0 191 33049
x 0 33050
p 0 196 33050
x 0 33051
p 0 195 33051
x 0 33052
p 0 196 33052
x 0 33053
p 0 192 33053
x 0 33054
p 0 196 33054
x 0 33055
p 0 197 33055
x 0 33056
p 0 225 33056
x 0 33057
p 0 196 33057
x 0 33058
p 0 193 33058
x 0 33059
p 0 194 33059
x 0 33060
p 0 193 33060
x 0 33061
p 0 192 33061
x 0 33062
p 0 189 33062
x 0 33063
p 0 190 33063
x 0 33000
x 1 33001
h 1 10.0.0.5
p 1 1721 33001
x 2 33002
h 2 10.0.0.5
p 2 262 33002
x 0 33003
h 0 10.0.0.5
p 0 254 33003
x 1 33004
p 1 205 33004
p 0 1022374 33000
x 0 33005
p 0 233 33005
x 0 33006
p 0 218 33006
x 0 33007
p 0 197 33007
x 0 33008
p 0 210 33008
x 0 33009
p 0 213 33009
x 0 33010
p 0 220 33010
x 0 33011
p 0 155 33011
x 0 33012
p 0 201 33012
x 0 33013
p 0 210 33013
x 0 33014
p 0 204 33014
x 0 33015
p 0 220 33015
x 0 33016
p 0 223 33016
x 0 33017
p 0 205 33017
x 0 33018
p 0 230 33018
x 0 33019
p 0 211 33019
x 0 33020
p 0 209 33020
x 0 33021
p 0 212 33021
x 0 33022
p 0 221 33022
x 0 33023
p 0 227 33023
x 0 33024
p 0 217 33024
x 0 33025
p 0 210 33025
x 0 33026
p 0 214 33026
x 0 33027
p 0 217 33027
x 0 33028
p 0 213 33028
x 0 33029
p 0 210 33029
x 0 33030
p 0 218 33030
x 0 33031
p 0 216 33031
x 0 33032
p 0 219 33032
x 0 33033
p 0 226 33033
x 0 33034
p 0 226 33034
x 0 33035
p 0 225 33035
x 0 33036
p 0 236 33036
x 0 33037
p 0 226 33037
x 0 33038
p 0 295 33038
x 0 33039
p 0 209 33039
x 0 33040
p 0 144 33040
x 0 33041
p 0 206 33041
x 0 33042
p 0 218 33042
x 0 33043
p 0 260 33043
x 0 33044
p 0 207 33044
x 0 33045
p 0 285 33045
x 0 33046
p 0 216 33046
x 0 33047
p 0 212 33047
x 0 33048
p 0 205 33048
x 0 33049
p 0 209 33049
x 0 33050
p 0 241 33050
x 0 33051
p 0 195 33051
x 0 33052
p 0 288 33052
x 0 33053
p 0 199 33053
x 0 33054
p 0 201 33054
x 0 33055
p 0 252 33055
x 0 33056
p 0 198 33056
x 0 33057
p 0 234 33057
x 0 33058
p 0 226 33058
x 0 33059
p 0 202 33059
x 0 33060
p 0 204 33060
x 0 33061
p 0 241 33061
x 0 33062
p 0 214 33062
x 0 33000
x 1 33001
h 1 10.0.0.5
p 1 1600 33001
x 2 33002
h 2 10.0.0.5
p 2 196 33002
x 0 33003
h 0 10.0.0.5
p 0 254 33003
x 1 33004
p 1 196 33004
p 0 1005113 33000
x 0 33005
p 0 197 33005
x 0 33006
p 0 212 33006
x 0 33007
p 0 196 33007
x 0 33008
p 0 208 33008
x 0 33009
p 0 208 33009
x 0 33010
p 0 228 33010
x 0 33011
p 0 218 33011
x 0 33012
p 0 287 33012
x 0 33013
p 0 245 33013
x 0 33014
p 0 204 33014
x 0 33015
p 0 204 33015
x 0 33016
p 0 213 33016
x 0 33017
p 0 235 33017
x 0 33018
p 0 207 33018
x 0 33019
p 0 269 33019
x 0 33020
p 0 202 33020
x 0 33021
p 0 215 33021
x 0 33022
p 0 209 33022
x 0 33023
p 0 249 33023
x 0 33024
p 0 265 33024
x 0 33025
p 0 221 33025
x 0 33026
p 0 336 33026
x 0 33027
p 0 210 33027
x 0 33028
p 0 199 33028
x 0 33029
p 0 200 33029
x 0 33030
p 0 209 33030
x 0 33031
p 0 249 33031
x 0 33032
p 0 199 33032
x 0 33033
p 0 204 33033
x 0 33034
p 0 213 33034
x 0 33035
p 0 209 33035
x 0 33036
p 0 218 33036
x 0 33037
p 0 214 33037
x 0 33038
p 0 204 33038
x 0 33039
p 0 216 33039
x 0 33040
p 0 214 33040
x 0 33041
p 0 205 33041
x 0 33042
p 0 197 33042
x 0 33043
p 0 199 33043
x 0 33044
p 0 205 33044
x 0 33045
p 0 199 33045
x 0 33046
p 0 199 33046
x 0 33047
p 0 194 33047
x 0 33048
p 0 205 33048
x 0 33049
p 0 200 33049
x 0 33050
p 0 201 33050
x 0 33051
p 0 217 33051
x 0 33052
p 0 194 33052
x 0 33053
p 0 199 33053
x 0 33054
p 0 204 33054
x 0 33055
p 0 204 33055
x 0 33056
p 0 200 33056
x 0 33057
p 0 199 33057
x 0 33058
p 0 221 33058
x 0 33059
p 0 203 33059
x 0 33060
p 0 209 33060
x 0 33061
p 0 204 33061
x 0 33062
p 0 195 33062
x 0 33000
x 1 33001
h 1 10.0.0.5
p 1 1580 33001
x 2 33002
h 2 10.0.0.5
p 2 196 33002
x 0 33003
h 0 10.0.0.5
p 0 215 33003
x 1 33004
p 1 262 33004
p 0 1005903 33000
x 0 33005
p 0 219 33005
x 0 33006
p 0 247 33006
x 0 33007
p 0 237 33007
x 0 33008
p 0 231 33008
x 0 33009
p 0 212 33009
x 0 33010
p 0 216 33010
x 0 33011
p 0 216 33011
x 0 33012
p 0 206 33012
x 0 33013
p 0 205 33013
x 0 33014
p 0 209 33014
x 0 33015
p 0 227 33015
x 0 33016
p 0 219 33016
x 0 33017
p 0 210 33017
x 0 33018
p 0 204 33018
x 0 33019
p 0 207 33019
x 0 33020
p 0 204 33020
x 0 33021
p 0 233 33021
x 0 33022
p 0 228 33022
x 0 33023
p 0 165 33023
x 0 33024
p 0 215 33024
x 0 33025
p 0 504 33025
x 0 33026
p 0 211 33026
x 0 33027
p 0 201 33027
x 0 33028
p 0 202 33028
x 0 33029
p 0 227 33029
x 0 33030
p 0 271 33030
x 0 33031
p 0 204 33031
x 0 33032
p 0 204 33032
x 0 33033
p 0 205 33033
x 0 33034
p 0 222 33034
x 0 33035
p 0 150 33035
x 0 33036
p 0 251 33036
x 0 33037
p 0 281 33037
x 0 33038
p 0 212 33038
x 0 33039
p 0 219 33039
x 0 33040
p 0 214 33040
x 0 33041
p 0 211 33041
x 0 33042
p 0 278 33042
x 0 33043
p 0 204 33043
x 0 33044
p 0 252 33044
x 0 33045
p 0 204 33045
x 0 33046
p 0 204 33046
x 0 33047
p 0 203 33047
x 0 33048
p 0 213 33048
x 0 33049
p 0 249 33049
x 0 33050
p 0 207 33050
x 0 33051
p 0 203 33051
x 0 33052
p 0 202 33052
x 0 33053
p 0 211 33053
x 0 33054
p 0 204 33054
x 0 33055
p 0 207 33055
x 0 33056
p 0 240 33056
x 0 33057
p 0 203 33057
x 0 33058
p 0 205 33058
x 0 33059
p 0 204 33059
x 0 33060
p 0 206 33060
x 0 33061
p 0 203 33061
x 0 33062
p 0 200 33062
x 0 33000
x 1 33001
h 1 10.0.0.5
p 1 1539 33001
x 2 33002
h 2 10.0.0.5
p 2 221 33002
x 0 33003
h 0 10.0.0.5
p 0 191 33003
x 1 33004
p 1 199 33004
p 0 1009287 33000
x 0 33005
p 0 196 33005
x 0 33006
p 0 207 33006
x 0 33007
p 0 272 33007
x 0 33008
p 0 206 33008
x 0 33009
p 0 202 33009
x 0 33010
p 0 206 33010
x 0 33011
p 0 210 33011
x 0 33012
p 0 219 33012
x 0 33013
p 0 207 33013
x 0 33014
p 0 206 33014
x 0 33015
p 0 206 33015
x 0 33016
p 0 212 33016
x 0 33017
p 0 248 33017
x 0 33018
p 0 218 33018
x 0 33019
p 0 209 33019
x 0 33020
p 0 206 33020
x 0 33021
p 0 213 33021
x 0 33022
p 0 258 33022
x 0 33023
p 0 220 33023
x 0 33024
p 0 223 33024
x 0 33025
p 0 205 33025
x 0 33026
p 0 259 33026
x 0 33027
p 0 232 33027
x 0 33028
p 0 202 33028
x 0 33029
p 0 208 33029
x 0 33030
p 0 211 33030
x 0 33031
p 0 216 33031
x 0 33032
p 0 214 33032
x 0 33033
p 0 208 33033
x 0 33034
p 0 210 33034
x 0 33035
p 0 211 33035
x 0 33036
p 0 225 33036
x 0 33037
p 0 232 33037
x 0 33038
p 0 208 33038
x 0 33039
p 0 217 33039
x 0 33040
p 0 208 33040
x 0 33041
p 0 205 33041
x 0 33042
p 0 205 33042
x 0 33043
p 0 198 33043
x 0 33044
p 0 207 33044
x 0 33045
p 0 198 33045
x 0 33046
p 0 202 33046
x 0 33047
p 0 203 33047
x 0 33048
p 0 202 33048
x 0 33049
p 0 209 33049
x 0 33050
p 0 203 33050
x 0 33051
p 0 209 33051
x 0 33052
p 0 203 33052
x 0 33053
p 0 199 33053
x 0 33054
p 0 209 33054
x 0 33055
p 0 197 33055
x 0 33056
p 0 206 33056
x 0 33057
p 0 204 33057
x 0 33058
p 0 204 33058
x 0 33059
p 0 205 33059
x 0 33060
p 0 199 33060
x 0 33061
p 0 201 33061
x 0 33062
p 0 210 33062
x 0 33000
x 1 33001
h 1 10.0.0.5
p 1 1488 33001
x 2 33002
h 2 10.0.0.5
p 2 187 33002
x 0 33003
h 0 10.0.0.5
p 0 196 33003
x 1 33004
p 1 188 33004
p 0 1025782 33000
x 0 33005
p 0 194 33005
x 0 33006
p 0 207 33006
x 0 33007
p 0 205 33007
x 0 33008
p 0 202 33008
x 0 33009
p 0 204 33009
x 0 33010
p 0 210 33010
x 0 33011
p 0 204 33011
x 0 33012
p 0 194 33012
x 0 33013
p 0 203 33013
x 0 33014
p 0 233 33014
x 0 33015
p 0 204 33015
x 0 33016
p 0 199 33016
x 0 33017
p 0 205 33017
x 0 33018
p 0 203 33018
x 0 33019
p 0 203 33019
x 0 33020
p 0 205 33020
x 0 33021
p 0 197 33021
x 0 33022
p 0 210 33022
x 0 33023
p 0 203 33023
x 0 33024
p 0 213 33024
x 0 33025
p 0 215 33025
x 0 33026
p 0 199 33026
x 0 33027
p 0 216 33027
x 0 33028
p 0 197 33028
x 0 33029
p 0 210 33029
x 0 33030
p 0 201 33030
x 0 33031
p 0 231 33031
x 0 33032
p 0 222 33032
x 0 33033
p 0 164 33033
x 0 33034
p 0 247 33034
x 0 33035
p 0 203 33035
x 0 33036
p 0 210 33036
x 0 33037
p 0 206 33037
x 0 33038
p 0 153 33038
x 0 33039
p 0 183 33039
x 0 33040
p 0 151 33040
x 0 33041
p 0 148 33041
x 0 33042
p 0 199 33042
x 0 33043
p 0 215 33043
x 0 33044
p 0 144 33044
x 0 33045
p 0 202 33045
x 0 33046
p 0 150 33046
x 0 33047
p 0 199 33047
x 0 33048
p 0 225 33048
x 0 33049
p 0 152 33049
x 0 33050
p 0 149 33050
x 0 33051
p 0 195 33051
x 0 33052
p 0 209 33052
x 0 33053
p 0 208 33053
x 0 33054
p 0 148 33054
x 0 33055
p 0 257 33055
x 0 33056
p 0 178 33056
x 0 33057
p 0 150 33057
x 0 33058
p 0 210 33058
x 0 33059
p 0 203 33059
x 0 33060
p 0 151 33060
x 0 33061
p 0 144 33061
x 0 33062
p 0 143 33062
x 0 33000
x 1 33001
h 1 10.0.0.5
p 1 1524 33001
x 2 33002
h 2 10.0.0.5
p 2 186 33002
x 0 33003
h 0 10.0.0.5
p 0 217 33003
x 1 33004
p 1 191 33004
p 0 1018733 33000
x 0 33005
p 0 192 33005
x 0 33006
p 0 198 33006
x 0 33007
p 0 222 33007
x 0 33008
p 0 248 33008
x 0 33009
p 0 214 33009
x 0 33010
p 0 269 33010
x 0 33011
p 0 229 33011
x 0 33012
p 0 217 33012
x 0 33013
p 0 202 33013
x 0 33014
p 0 203 33014
x 0 33015
p 0 209 33015
x 0 33016
p 0 206 33016
x 0 33017
p 0 316 33017
x 0 33018
p 0 214 33018
x 0 33019
p 0 232 33019
x 0 33020
p 0 157 33020
x 0 33021
p 0 226 33021
x 0 33022
p 0 239 33022
x 0 33023
p 0 207 33023
x 0 33024
p 0 209 33024
x 0 33025
p 0 203 33025
x 0 33026
p 0 209 33026
x 0 33027
p 0 567 33027
x 0 33028
p 0 210 33028
x 0 33029
p 0 213 33029
x 0 33030
p 0 148 33030
x 0 33031
p 0 208 33031
x 0 33032
p 0 149 33032
x 0 33033
p 0 146 33033
x 0 33034
p 0 222 33034
x 0 33035
p 0 187 33035
x 0 33036
p 0 153 33036
x 0 33037
p 0 229 33037
x 0 33038
p 0 147 33038
x 0 33039
p 0 148 33039
x 0 33040
p 0 139 33040
x 0 33041
p 0 201 33041
x 0 33042
p 0 145 33042
x 0 33043
p 0 197 33043
x 0 33044
p 0 141 33044
x 0 33045
p 0 207 33045
x 0 33046
p 0 139 33046
x 0 33047
p 0 233 33047
x 0 33048
p 0 147 33048
x 0 33049
p 0 221 33049
x 0 33050
p 0 142 33050
x 0 33051
p 0 212 33051
x 0 33052
p 0 215 33052
x 0 33053
p 0 178 33053
x 0 33054
p 0 146 33054
x 0 33055
p 0 236 33055
x 0 33056
p 0 128 33056
x 0 33057
p 0 381 33057
x 0 33058
p 0 202 33058
x 0 33059
p 0 204 33059
x 0 33060
p 0 205 33060
x 0 33061
p 0 204 33061
x 0 33062
p 0 164 33062
x 0 33000
x 1 33001
h 1 10.0.0.5
p 1 1452 33001
x 2 33002
h 2 10.0.0.5
p 2 208 33002
x 0 33003
h 0 10.0.0.5
p 0 195 33003
x 1 33004
p 1 184 33004
p 0 1025951 33000
x 0 33005
p 0 207 33005
x 0 33006
p 0 241 33006
x 0 33007
p 0 278 33007
x 0 33008
p 0 213 33008
x 0 33009
p 0 209 33009
x 0 33010
p 0 210 33010
x 0 33011
p 0 210 33011
x 0 33012
p 0 206 33012
x 0 33013
p 0 238 33013
x 0 33014
p 0 208 33014
x 0 33015
p 0 203 33015
x 0 33016
p 0 202 33016
x 0 33017
p 0 202 33017
x 0 33018
p 0 212 33018
x 0 33019
p 0 206 33019
x 0 33020
p 0 207 33020
x 0 33021
p 0 202 33021
x 0 33022
p 0 201 33022
x 0 33023
p 0 208 33023
x 0 33024
p 0 203 33024
x 0 33025
p 0 209 33025
x 0 33026
p 0 272 33026
x 0 33027
p 0 209 33027
x 0 33028
p 0 212 33028
x 0 33029
p 0 208 33029
x 0 33030
p 0 207 33030
x 0 33031
p 0 233 33031
x 0 33032
p 0 207 33032
x 0 33033
p 0 209 33033
x 0 33034
p 0 209 33034
x 0 33035
p 0 211 33035
x 0 33036
p 0 206 33036
x 0 33037
p 0 203 33037
x 0 33038
p 0 205 33038
x 0 33039
p 0 204 33039
x 0 33040
p 0 203 33040
x 0 33041
p 0 275 33041
x 0 33042
p 0 203 33042
x 0 33043
p 0 204 33043
x 0 33044
p 0 206 33044
x 0 33045
p 0 191 33045
x 0 33046
p 0 202 33046
x 0 33047
p 0 200 33047
x 0 33048
p 0 203 33048
x 0 33049
p 0 200 33049
x 0 33050
p 0 243 33050
x 0 33051
p 0 203 33051
x 0 33052
p 0 201 33052
x 0 33053
p 0 201 33053
x 0 33054
p 0 245 33054
x 0 33055
p 0 200 33055
x 0 33056
p 0 200 33056
x 0 33057
p 0 201 33057
x 0 33058
p 0 203 33058
x 0 33059
p 0 207 33059
x 0 33060
p 0 206 33060
x 0 33061
p 0 237 33061
x 0 33062
p 0 203 33062
x 0 33000
x 1 33001
h 1 10.0.0.5
p 1 1794 33001
x 2 33002
h 2 10.0.0.5
p 2 264 33002
x 0 33003
h 0 10.0.0.5
p 0 184 33003
x 1 33004
p 1 187 33004
p 0 1008789 33000
x 0 33005
p 0 234 33005
x 0 33006
p 0 209 33006
x 0 33007
p 0 209 33007
x 0 33008
p 0 205 33008
x 0 33009
p 0 206 33009
x 0 33010
p 0 154 33010
x 0 33011
p 0 144 33011
x 0 33012
p 0 142 33012
x 0 33013
p 0 216 33013
x 0 33014
p 0 158 33014
x 0 33015
p 0 146 33015
x 0 33016
p 0 144 33016
x 0 33017
p 0 144 33017
x 0 33018
p 0 218 33018
x 0 33019
p 0 335 33019
x 0 33020
p 0 298 33020
x 0 33021
p 0 206 33021
x 0 33022
p 0 297 33022
x 0 33023
p 0 223 33023
x 0 33024
p 0 212 33024
x 0 33025
p 0 246 33025
x 0 33026
p 0 332 33026
x 0 33027
p 0 248 33027
x 0 33028
p 0 207 33028
x 0 33029
p 0 218 33029
x 0 33030
p 0 148 33030
x 0 33031
p 0 215 33031
x 0 33032
p 0 155 33032
x 0 33033
p 0 212 33033
x 0 33034
p 0 155 33034
x 0 33035
p 0 211 33035
x 0 33036
p 0 143 33036
x 0 33037
p 0 146 33037
x 0 33038
p 0 210 33038
x 0 33039
p 0 162 33039
x 0 33040
p 0 145 33040
x 0 33041
p 0 212 33041
x 0 33042
p 0 222 33042
x 0 33043
p 0 165 33043
x 0 33044
p 0 163 33044
x 0 33045
p 0 165 33045
x 0 33046
p 0 153 33046
x 0 33047
p 0 151 33047
x 0 33048
p 0 216 33048
x 0 33049
p 0 236 33049
x 0 33050
p 0 209 33050
x 0 33051
p 0 210 33051
x 0 33052
p 0 212 33052
x 0 33053
p 0 225 33053
x 0 33054
p 0 217 33054
x 0 33055
p 0 194 33055
x 0 33056
p 0 192 33056
x 0 33057
p 0 192 33057
x 0 33058
p 0 202 33058
x 0 33059
p 0 136 33059
x 0 33060
p 0 195 33060
x 0 33061
p 0 163 33061
x 0 33062
p 0 141 33062
x 0 33000
x 1 33001
h 1 10.0.0.5
p 1 1450 33001
x 2 33002
h 2 10.0.0.5
p 2 189 33002
x 0 33003
h 0 10.0.0.5
p 0 187 33003
x 1 33004
p 1 189 33004
p 0 1009567 33000
x 0 33005
p 0 208 33005
x 0 33006
p 0 204 33006
x 0 33007
p 0 222 33007
x 0 33008
p 0 196 33008
x 0 33009
p 0 212 33009
x 0 33010
p 0 240 33010
x 0 33011
p 0 208 33011
x 0 33012
p 0 206 33012
x 0 33013
p 0 202 33013
x 0 33014
p 0 200 33014
x 0 33015
p 0 209 33015
x 0 33016
p 0 199 33016
x 0 33017
p 0 205 33017
x 0 33018
p 0 203 33018
x 0 33019
p 0 207 33019
x 0 33020
p 0 218 33020
x 0 33021
p 0 208 33021
x 0 33022
p 0 215 33022
x 0 33023
p 0 212 33023
x 0 33024
p 0 211 33024
x 0 33025
p 0 215 33025
x 0 33026
p 0 206 33026
x 0 33027
p 0 212 33027
x 0 33028
p 0 200 33028
x 0 33029
p 0 210 33029
x 0 33030
p 0 157 33030
x 0 33031
p 0 143 33031
x 0 33032
p 0 143 33032
x 0 33033
p 0 145 33033
x 0 33034
p 0 215 33034
x 0 33035
p 0 223 33035
x 0 33036
p 0 236 33036
x 0 33037
p 0 255 33037
x 0 33038
p 0 218 33038
x 0 33039
p 0 221 33039
x 0 33040
p 0 219 33040
x 0 33041
p 0 198 33041
x 0 33042
p 0 212 33042
x 0 33043
p 0 207 33043
x 0 33044
p 0 227 33044
x 0 33045
p 0 217 33045
x 0 33046
p 0 200 33046
x 0 33047
p 0 217 33047
x 0 33048
p 0 235 33048
x 0 33049
p 0 262 33049
x 0 33050
p 0 215 33050
x 0 33051
p 0 201 33051
x 0 33052
p 0 210 33052
x 0 33053
p 0 218 33053
x 0 33054
p 0 230 33054
x 0 33055
p 0 205 33055
x 0 33056
p 0 238 33056
x 0 33057
p 0 226 33057
x 0 33058
p 0 220 33058
x 0 33059
p 0 268 33059
x 0 33060
p 0 223 33060
x 0 33061
p 0 209 33061
x 0 33062
p 0 210 33062
x 0 33000
x 1 33001
h 1 10.0.0.5
p 1 1453 33001
x 2 33002
h 2 10.0.0.5
p 2 209 33002
x 0 33003
h 0 10.0.0.5
p 0 198 33003
x 1 33004
p 1 195 33004
p 0 1014310 33000
x 0 33005
p 0 189 33005
x 0 33006
p 0 264 33006
x 0 33007
p 0 213 33007
x 0 33008
p 0 208 33008
x 0 33009
p 0 215 33009
x 0 33010
p 0 212 33010
x 0 33011
p 0 240 33011
x 0 33012
p 0 196 33012
x 0 33013
p 0 202 33013
x 0 33014
p 0 212 33014
x 0 33015
p 0 209 33015
x 0 33016
p 0 202 33016
x 0 33017
p 0 204 33017
x 0 33018
p 0 211 33018
x 0 33019
p 0 209 33019
x 0 33020
p 0 211 33020
x 0 33021
p 0 265 33021
x 0 33022
p 0 208 33022
x 0 33023
p 0 328 33023
x 0 33024
p 0 209 33024
x 0 33025
p 0 210 33025
x 0 33026
p 0 276 33026
x 0 33027
p 0 216 33027
x 0 33028
p 0 274 33028
x 0 33029
p 0 209 33029
x 0 33030
p 0 207 33030
x 0 33031
p 0 328 33031
x 0 33032
p 0 241 33032
x 0 33033
p 0 241 33033
x 0 33034
p 0 213 33034
x 0 33035
p 0 204 33035
x 0 33036
p 0 200 33036
x 0 33037
p 0 227 33037
x 0 33038
p 0 197 33038
x 0 33039
p 0 207 33039
x 0 33040
p 0 235 33040
x 0 33041
p 0 208 33041
x 0 33042
p 0 193 33042
x 0 33043
p 0 196 33043
x 0 33044
p 0 216 33044
x 0 33045
p 0 232 33045
x 0 33046
p 0 201 33046
x 0 33047
p 0 199 33047
x 0 33048
p 0 192 33048
x 0 33049
p 0 201 33049
x 0 33050
p 0 199 33050
x 0 33051
p 0 199 33051
x 0 33052
p 0 209 33052
x 0 33053
p 0 215 33053
x 0 33054
p 0 215 33054
x 0 33055
p 0 246 33055
x 0 33056
p 0 198 33056
x 0 33057
p 0 197 33057
x 0 33058
p 0 221 33058
x 0 33059
p 0 216 33059
x 0 33060
p 0 239 33060
x 0 33061
p 0 305 33061
x 0 33062
p 0 216 33062
x 0 33000
x 1 33001
h 1 10.0.0.5
p 1 1690 33001
x 2 33002
h 2 10.0.0.5
p 2 201 33002
x 0 33003
h 0 10.0.0.5
p 0 234 33003
x 1 33004
p 1 209 33004
p 0 1004219 33000
x 0 33005
p 0 389 33005
x 0 33006
p 0 268 33006
x 0 33007
p 0 204 33007
x 0 33008
p 0 205 33008
x 0 33009
p 0 203 33009
x 0 33010
p 0 206 33010
x 0 33011
p 0 202 33011
x 0 33012
p 0 211 33012
x 0 33013
p 0 207 33013
x 0 33014
p 0 203 33014
x 0 33015
p 0 282 33015
x 0 33016
p 0 213 33016
x 0 33017
p 0 209 33017
x 0 33018
p 0 209 33018
x 0 33019
p 0 218 33019
x 0 33020
p 0 245 33020
x 0 33021
p 0 205 33021
x 0 33022
p 0 296 33022
x 0 33023
p 0 218 33023
x 0 33024
p 0 213 33024
x 0 33025
p 0 203 33025
x 0 33026
p 0 221 33026
x 0 33027
p 0 251 33027
x 0 33028
p 0 216 33028
x 0 33029
p 0 211 33029
x 0 33030
p 0 212 33030
x 0 33031
p 0 206 33031
x 0 33032
p 0 228 33032
x 0 33033
p 0 211 33033
x 0 33034
p 0 216 33034
x 0 33035
p 0 214 33035
x 0 33036
p 0 214 33036
x 0 33037
p 0 212 33037
x 0 33038
p 0 214 33038
x 0 33039
p 0 157 33039
x 0 33040
p 0 208 33040
x 0 33041
p 0 208 33041
x 0 33042
p 0 184 33042
x 0 33043
p 0 214 33043
x 0 33044
p 0 216 33044
x 0 33045
p 0 200 33045
x 0 33046
p 0 206 33046
x 0 33047
p 0 203 33047
x 0 33048
p 0 241 33048
x 0 33049
p 0 223 33049
x 0 33050
p 0 200 33050
x 0 33051
p 0 269 33051
x 0 33052
p 0 215 33052
x 0 33053
p 0 213 33053
x 0 33054
p 0 217 33054
x 0 33055
p 0 235 33055
x 0 33056
p 0 203 33056
x 0 33057
p 0 243 33057
x 0 33058
p 0 215 33058
x 0 33059
p 0 218 33059
x 0 33060
p 0 200 33060
x 0 33061
p 0 212 33061
x 0 33062
p 0 248 33062
x 0 33000
x 1 33001
h 1 10.0.0.5
p 1 1465 33001
x 2 33002
h 2 10.0.0.5
p 2 204 33002
x 0 33003
h 0 10.0.0.5
p 0 193 33003
x 1 33004
p 1 202 33004
p 0 1030095 33000
x 0 33005
p 0 190 33005
x 0 33006
p 0 279 33006
x 0 33007
p 0 224 33007
x 0 33008
p 0 197 33008
x 0 33009
p 0 199 33009
x 0 33010
p 0 201 33010
x 0 33011
p 0 230 33011
x 0 33012
p 0 196 33012
x 0 33013
p 0 259 33013
x 0 33014
p 0 200 33014
x 0 33015
p 0 200 33015
x 0 33016
p 0 211 33016
x 0 33017
p 0 209 33017
x 0 33018
p 0 156 33018
x 0 33019
p 0 205 33019
x 0 33020
p 0 632 33020
x 0 33021
p 0 206 33021
x 0 33022
p 0 206 33022
x 0 33023
p 0 156 33023
x 0 33024
p 0 143 33024
x 0 33025
p 0 139 33025
x 0 33026
p 0 144 33026
x 0 33027
p 0 142 33027
x 0 33028
p 0 141 33028
x 0 33029
p 0 201 33029
x 0 33030
p 0 189 33030
x 0 33031
p 0 136 33031
x 0 33032
p 0 153 33032
x 0 33033
p 0 195 33033
x 0 33034
p 0 270 33034
x 0 33035
p 0 192 33035
x 0 33036
p 0 134 33036
x 0 33037
p 0 166 33037
x 0 33038
p 0 151 33038
x 0 33039
p 0 105 33039
x 0 33040
p 0 219 33040
x 0 33041
p 0 615 33041
x 0 33042
p 0 210 33042
x 0 33043
p 0 143 33043
x 0 33044
p 0 148 33044
x 0 33045
p 0 211 33045
x 0 33046
p 0 226 33046
x 0 33047
p 0 203 33047
x 0 33048
p 0 207 33048
x 0 33049
p 0 213 33049
x 0 33050
p 0 207 33050
x 0 33051
p 0 211 33051
x 0 33052
p 0 201 33052
x 0 33053
p 0 219 33053
x 0 33054
p 0 233 33054
x 0 33055
p 0 217 33055
x 0 33056
p 0 211 33056
x 0 33057
p 0 207 33057
x 0 33058
p 0 171 33058
x 0 33059
p 0 195 33059
x 0 33060
p 0 210 33060
x 0 33061
p 0 202 33061
x 0 33062
p 0 161 33062
x 0 33000
x 1 33001
h 1 10.0.0.5
p 1 1574 33001
x 2 33002
h 2 10.0.0.5
p 2 189 33002
x 0 33003
h 0 10.0.0.5
p 0 190 33003
x 1 33004
p 1 188 33004
p 0 1008757 33000
x 0 33005
p 0 193 33005
x 0 33006
p 0 207 33006
x 0 33007
p 0 198 33007
x 0 33008
p 0 202 33008
x 0 33009
p 0 201 33009
x 0 33010
p 0 206 33010
x 0 33011
p 0 206 33011
x 0 33012
p 0 189 33012
x 0 33013
p 0 146 33013
x 0 33014
p 0 145 33014
x 0 33015
p 0 209 33015
x 0 33016
p 0 207 33016
x 0 33017
p 0 143 33017
x 0 33018
p 0 144 33018
x 0 33019
p 0 146 33019
x 0 33020
p 0 140 33020
x 0 33021
p 0 207 33021
x 0 33022
p 0 204 33022
x 0 33023
p 0 210 33023
x 0 33024
p 0 208 33024
x 0 33025
p 0 209 33025
x 0 33026
p 0 213 33026
x 0 33027
p 0 207 33027
x 0 33028
p 0 236 33028
x 0 33029
p 0 143 33029
x 0 33030
p 0 262 33030
x 0 33031
p 0 208 33031
x 0 33032
p 0 209 33032
x 0 33033
p 0 141 33033
x 0 33034
p 0 144 33034
x 0 33035
p 0 251 33035
x 0 33036
p 0 144 33036
x 0 33037
p 0 143 33037
x 0 33038
p 0 212 33038
x 0 33039
p 0 187 33039
x 0 33040
p 0 217 33040
x 0 33041
p 0 204 33041
x 0 33042
p 0 166 33042
x 0 33043
p 0 202 33043
x 0 33044
p 0 208 33044
x 0 33045
p 0 777 33045
x 0 33046
p 0 199 33046
x 0 33047
p 0 202 33047
x 0 33048
p 0 157 33048
x 0 33049
p 0 136 33049
x 0 33050
p 0 147 33050
x 0 33051
p 0 200 33051
x 0 33052
p 0 151 33052
x 0 33053
p 0 202 33053
x 0 33054
p 0 203 33054
x 0 33055
p 0 187 33055
x 0 33056
p 0 146 33056
x 0 33057
p 0 199 33057
x 0 33058
p 0 144 33058
x 0 33059
p 0 205 33059
x 0 33060
p 0 183 33060
x 0 33061
p 0 147 33061
x 0 33062
p 0 205 33062
x 0 33000
x 1 33001
h 1 10.0.0.5
p 1 1570 33001
x 2 33002
h 2 10.0.0.5
p 2 183 33002
x 0 33003
h 0 10.0.0.5
p 0 187 33003
x 1 33004
p 1 208 33004
p 0 1017606 33000
x 0 33005
p 0 195 33005
x 0 33006
p 0 197 33006
x 0 33007
p 0 200 33007
x 0 33008
p 0 199 33008
x 0 33009
p 0 198 33009
x 0 33010
p 0 201 33010
x 0 33011
p 0 198 33011
x 0 33012
p 0 207 33012
x 0 33013
p 0 205 33013
x 0 33014
p 0 213 33014
x 0 33015
p 0 200 33015
x 0 33016
p 0 206 33016
x 0 33017
p 0 218 33017
x 0 33018
p 0 205 33018
x 0 33019
p 0 212 33019
x 0 33020
p 0 199 33020
x 0 33021
p 0 202 33021
x 0 33022
p 0 206 33022
x 0 33023
p 0 203 33023
x 0 33024
p 0 208 33024
x 0 33025
p 0 208 33025
x 0 33026
p 0 195 33026
x 0 33027
p 0 195 33027
x 0 33028
p 0 192 33028
x 0 33029
p 0 191 33029
x 0 33030
p 0 199 33030
x 0 33031
p 0 199 33031
x 0 33032
p 0 201 33032
x 0 33033
p 0 202 33033
x 0 33034
p 0 197 33034
x 0 33035
p 0 199 33035
x 0 33036
p 0 145 33036
x 0 33037
p 0 251 33037
x 0 33038
p 0 211 33038
x 0 33039
p 0 195 33039
x 0 33040
p 0 194 33040
x 0 33041
p 0 262 33041
x 0 33042
p 0 195 33042
x 0 33043
p 0 197 33043
x 0 33044
p 0 217 33044
x 0 33045
p 0 192 33045
x 0 33046
p 0 193 33046
x 0 33047
p 0 195 33047
x 0 33048
p 0 214 33048
x 0 33049
p 0 194 33049
x 0 33050
p 0 226 33050
x 0 33051
p 0 192 33051
x 0 33052
p 0 194 33052
x 0 33053
p 0 208 33053
x 0 33054
p 0 196 33054
x 0 33055
p 0 197 33055
x 0 33056
p 0 196 33056
x 0 33057
p 0 203 33057
x 0 33058
p 0 215 33058
x 0 33059
p 0 195 33059
x 0 33060
p 0 236 33060
x 0 33061
p 0 195 33061
x 0 33062
p 0 200 33062
x 0 33000
x 1 33001
h 1 10.0.0.5
p 1 1512 33001
x 2 33002
h 2 10.0.0.5
p 2 213 33002
x 0 33003
h 0 10.0.0.5
p 0 196 33003
x 1 33004
p 1 195 33004
p 0 1031890 33000
x 0 33005
p 0 195 33005
x 0 33006
p 0 206 33006
x 0 33007
p 0 204 33007
x 0 33008
p 0 210 33008
x 0 33009
p 0 197 33009
x 0 33010
p 0 206 33010
x 0 33011
p 0 209 33011
x 0 33012
p 0 201 33012
x 0 33013
p 0 213 33013
x 0 33014
p 0 209 33014
x 0 33015
p 0 126 33015
x 0 33016
p 0 214 33016
x 0 33017
p 0 215 33017
x 0 33018
p 0 217 33018
x 0 33019
p 0 210 33019
x 0 33020
p 0 203 33020
x 0 33021
p 0 200 33021
x 0 33022
p 0 199 33022
x 0 33023
p 0 208 33023
x 0 33024
p 0 206 33024
x 0 33025
p 0 204 33025
x 0 33026
p 0 211 33026
x 0 33027
p 0 211 33027
x 0 33028
p 0 215 33028
x 0 33029
p 0 218 33029
x 0 33030
p 0 224 33030
x 0 33031
p 0 247 33031
x 0 33032
p 0 204 33032
x 0 33033
p 0 289 33033
x 0 33034
p 0 215 33034
x 0 33035
p 0 227 33035
x 0 33036
p 0 197 33036
x 0 33037
p 0 215 33037
x 0 33038
p 0 244 33038
x 0 33039
p 0 215 33039
x 0 33040
p 0 229 33040
x 0 33041
p 0 207 33041
x 0 33042
p 0 214 33042
x 0 33043
p 0 222 33043
x 0 33044
p 0 215 33044
x 0 33045
p 0 226 33045
x 0 33046
p 0 200 33046
x 0 33047
p 0 210 33047
x 0 33048
p 0 221 33048
x 0 33049
p 0 216 33049
x 0 33050
p 0 241 33050
x 0 33051
p 0 197 33051
x 0 33052
p 0 214 33052
x 0 33053
p 0 222 33053
x 0 33054
p 0 210 33054
x 0 33055
p 0 210 33055
x 0 33056
p 0 193 33056
x 0 33057
p 0 216 33057
x 0 33058
p 0 219 33058
x 0 33059
p 0 209 33059
x 0 33060
p 0 238 33060
x 0 33061
p 0 196 33061
x 0 33062
p 0 215 33062
x 0 33000
x 1 33001
h 1 10.0.0.5
p 1 1357 33001
x 2 33002
h 2 10.0.0.5
p 2 204 33002
x 0 33003
h 0 10.0.0.5
p 0 186 33003
x 1 33004
p 1 187 33004
p 0 1015885 33000
x 0 33005
p 0 223 33005
x 0 33006
p 0 198 33006
x 0 33007
p 0 210 33007
x 0 33008
p 0 222 33008
x 0 33009
p 0 201 33009
x 0 33010
p 0 265 33010
x 0 33011
p 0 245 33011
x 0 33012
p 0 218 33012
x 0 33013
p 0 213 33013
x 0 33014
p 0 208 33014
x 0 33015
p 0 212 33015
x 0 33016
p 0 376 33016
x 0 33017
p 0 211 33017
x 0 33018
p 0 294 33018
x 0 33019
p 0 211 33019
x 0 33020
p 0 208 33020
x 0 33021
p 0 318 33021
x 0 33022
p 0 346 33022
x 0 33023
p 0 98 33023
x 0 33024
p 0 337 33024
x 0 33025
p 0 205 33025
x 0 33026
p 0 230 33026
x 0 33027
p 0 198 33027
x 0 33028
p 0 239 33028
x 0 33029
p 0 177 33029
x 0 33030
p 0 181 33030
x 0 33031
p 0 182 33031
x 0 33032
p 0 181 33032
x 0 33033
p 0 186 33033
x 0 33034
p 0 176 33034
x 0 33035
p 0 174 33035
x 0 33036
p 0 174 33036
x 0 33037
p 0 230 33037
x 0 33038
p 0 181 33038
x 0 33039
p 0 175 33039
x 0 33040
p 0 178 33040
x 0 33041
p 0 176 33041
x 0 33042
p 0 199 33042
x 0 33043
p 0 241 33043
x 0 33044
p 0 234 33044
x 0 33045
p 0 228 33045
x 0 33046
p 0 229 33046
x 0 33047
p 0 197 33047
x 0 33048
p 0 196 33048
x 0 33049
p 0 166 33049
x 0 33050
p 0 241 33050
x 0 33051
p 0 195 33051
x 0 33052
p 0 189 33052
x 0 33053
p 0 185 33053
x 0 33054
p 0 148 33054
x 0 33055
p 0 171 33055
x 0 33056
p 0 172 33056
x 0 33057
p 0 173 33057
x 0 33058
p 0 176 33058
x 0 33059
p 0 176 33059
x 0 33060
p 0 187 33060
x 0 33061
p 0 197 33061
x 0 33062
p 0 196 33062
x 0 33000
x 1 33001
h 1 10.0.0.5
p 1 1638 33001
x 2 33002
h 2 10.0.0.5
p 2 214 33002
x 0 33003
h 0 10.0.0.5
p 0 317 33003
x 1 33004
p 1 272 33004
p 0 1012093 33000
x 0 33005
p 0 205 33005
x 0 33006
p 0 197 33006
x 0 33007
p 0 217 33007
x 0 33008
p 0 209 33008
x 0 33009
p 0 244 33009
x 0 33010
p 0 202 33010
x 0 33011
p 0 236 33011
x 0 33012
p 0 194 33012
x 0 33013
p 0 252 33013
x 0 33014
p 0 202 33014
x 0 33015
p 0 214 33015
x 0 33016
p 0 206 33016
x 0 33017
p 0 248 33017
x 0 33018
p 0 240 33018
x 0 33019
p 0 234 33019
x 0 33020
p 0 252 33020
x 0 33021
p 0 203 33021
x 0 33022
p 0 202 33022
x 0 33023
p 0 225 33023
x 0 33024
p 0 208 33024
x 0 33025
p 0 209 33025
x 0 33026
p 0 208 33026
x 0 33027
p 0 239 33027
x 0 33028
p 0 218 33028
x 0 33029
p 0 206 33029
x 0 33030
p 0 208 33030
x 0 33031
p 0 213 33031
x 0 33032
p 0 209 33032
x 0 33033
p 0 215 33033
x 0 33034
p 0 249 33034
x 0 33035
p 0 211 33035
x 0 33036
p 0 244 33036
x 0 33037
p 0 224 33037
x 0 33038
p 0 221 33038
x 0 33039
p 0 227 33039
x 0 33040
p 0 261 33040
x 0 33041
p 0 196 33041
x 0 33042
p 0 210 33042
x 0 33043
p 0 271 33043
x 0 33044
p 0 240 33044
x 0 33045
p 0 226 33045
x 0 33046
p 0 202 33046
x 0 33047
p 0 212 33047
x 0 33048
p 0 261 33048
x 0 33049
p 0 219 33049
x 0 33050
p 0 285 33050
x 0 33051
p 0 204 33051
x 0 33052
p 0 208 33052
x 0 33053
p 0 222 33053
x 0 33054
p 0 238 33054
x 0 33055
p 0 245 33055
x 0 33056
p 0 193 33056
x 0 33057
p 0 274 33057
x 0 33058
p 0 223 33058
x 0 33059
p 0 209 33059
x 0 33060
p 0 216 33060
x 0 33061
p 0 199 33061
x 0 33062
p 0 210 33062
x 0 33000
x 1 33001
h 1 10.0.0.5
p 1 1743 33001
x 2 33002
h 2 10.0.0.5
p 2 187 33002
x 0 33003
h 0 10.0.0.5
p 0 188 33003
x 1 33004
p 1 246 33004
p 0 1009114 33000
x 0 33005
p 0 237 33005
x 0 33006
p 0 201 33006
x 0 33007
p 0 206 33007
x 0 33008
p 0 206 33008
x 0 33009
p 0 202 33009
x 0 33010
p 0 269 33010
x 0 33011
p 0 267 33011
x 0 33012
p 0 337 33012
x 0 33013
p 0 262 33013
x 0 33014
p 0 260 33014
x 0 33015
p 0 290 33015
x 0 33016
p 0 375 33016
x 0 33017
p 0 399 33017
x 0 33018
p 0 352 33018
x 0 33019
p 0 388 33019
x 0 33020
p 0 341 33020
x 0 33021
p 0 334 33021
x 0 33022
p 0 331 33022
x 0 33023
p 0 272 33023
x 0 33024
p 0 297 33024
x 0 33025
p 0 160 33025
x 0 33026
p 0 223 33026
x 0 33027
p 0 160 33027
x 0 33028
p 0 155 33028
x 0 33029
p 0 224 33029
x 0 33030
p 0 161 33030
x 0 33031
p 0 162 33031
x 0 33032
p 0 166 33032
x 0 33033
p 0 158 33033
x 0 33034
p 0 225 33034
x 0 33035
p 0 176 33035
x 0 33036
p 0 167 33036
x 0 33037
p 0 208 33037
x 0 33038
p 0 218 33038
x 0 33039
p 0 215 33039
x 0 33040
p 0 212 33040
x 0 33041
p 0 176 33041
x 0 33042
p 0 145 33042
x 0 33043
p 0 211 33043
x 0 33044
p 0 196 33044
x 0 33045
p 0 205 33045
x 0 33046
p 0 207 33046
x 0 33047
p 0 198 33047
x 0 33048
p 0 412 33048
x 0 33049
p 0 154 33049
x 0 33050
p 0 239 33050
x 0 33051
p 0 203 33051
x 0 33052
p 0 224 33052
x 0 33053
p 0 208 33053
x 0 33054
p 0 198 33054
x 0 33055
p 0 191 33055
x 0 33056
p 0 162 33056
x 0 33057
p 0 271 33057
x 0 33058
p 0 209 33058
x 0 33059
p 0 211 33059
x 0 33060
p 0 160 33060
x 0 33061
p 0 196 33061
x 0 33062
p 0 171 33062
x 0 33000
x 1 33001
h 1 10.0.0.5
p 1 1370 33001
x 2 33002
h 2 10.0.0.5
p 2 187 33002
x 0 33003
h 0 10.0.0.5
p 0 203 33003
x 1 33004
p 1 189 33004
p 0 1010011 33000
x 0 33005
p 0 203 33005
x 0 33006
p 0 202 33006
x 0 33007
p 0 201 33007
x 0 33008
p 0 202 33008
x 0 33009
p 0 209 33009
x 0 33010
p 0 206 33010
x 0 33011
p 0 202 33011
x 0 33012
p 0 199 33012
x 0 33013
p 0 206 33013
x 0 33014
p 0 209 33014
x 0 33015
p 0 216 33015
x 0 33016
p 0 202 33016
x 0 33017
p 0 215 33017
x 0 33018
p 0 261 33018
x 0 33019
p 0 213 33019
x 0 33020
p 0 204 33020
x 0 33021
p 0 208 33021
x 0 33022
p 0 209 33022
x 0 33023
p 0 217 33023
x 0 33024
p 0 227 33024
x 0 33025
p 0 211 33025
x 0 33026
p 0 211 33026
x 0 33027
p 0 211 33027
x 0 33028
p 0 213 33028
x 0 33029
p 0 255 33029
x 0 33030
p 0 208 33030
x 0 33031
p 0 210 33031
x 0 33032
p 0 244 33032
x 0 33033
p 0 104 33033
x 0 33034
p 0 261 33034
x 0 33035
p 0 217 33035
x 0 33036
p 0 207 33036
x 0 33037
p 0 225 33037
x 0 33038
p 0 235 33038
x 0 33039
p 0 137 33039
x 0 33040
p 0 230 33040
x 0 33041
p 0 285 33041
x 0 33042
p 0 205 33042
x 0 33043
p 0 230 33043
x 0 33044
p 0 239 33044
x 0 33045
p 0 228 33045
x 0 33046
p 0 202 33046
x 0 33047
p 0 201 33047
x 0 33048
p 0 197 33048
x 0 33049
p 0 162 33049
x 0 33050
p 0 226 33050
x 0 33051
p 0 197 33051
x 0 33052
p 0 218 33052
x 0 33053
p 0 230 33053
x 0 33054
p 0 266 33054
x 0 33055
p 0 157 33055
x 0 33056
p 0 152 33056
x 0 33057
p 0 148 33057
x 0 33058
p 0 149 33058
x 0 33059
p 0 147 33059
x 0 33060
p 0 147 33060
x 0 33061
p 0 195 33061
x 0 33062
p 0 148 33062
x 0 33000
x 1 33001
h 1 10.0.0.5
p 1 1593 33001
x 2 33002
h 2 10.0.0.5
p 2 184 33002
x 0 33003
h 0 10.0.0.5
p 0 218 33003
x 1 33004
p 1 197 33004
p 0 1006009 33000
x 0 33005
p 0 201 33005
x 0 33006
p 0 202 33006
x 0 33007
p 0 203 33007
x 0 33008
p 0 210 33008
x 0 33009
p 0 199 33009
x 0 33010
p 0 203 33010
x 0 33011
p 0 203 33011
x 0 33012
p 0 195 33012
x 0 33013
p 0 223 33013
x 0 33014
p 0 200 33014
x 0 33015
p 0 205 33015
x 0 33016
p 0 207 33016
x 0 33017
p 0 207 33017
x 0 33018
p 0 220 33018
x 0 33019
p 0 211 33019
x 0 33020
p 0 206 33020
x 0 33021
p 0 169 33021
x 0 33022
p 0 209 33022
x 0 33023
p 0 216 33023
x 0 33024
p 0 202 33024
x 0 33025
p 0 205 33025
x 0 33026
p 0 203 33026
x 0 33027
p 0 210 33027
x 0 33028
p 0 236 33028
x 0 33029
p 0 238 33029
x 0 33030
p 0 210 33030
x 0 33031
p 0 209 33031
x 0 33032
p 0 210 33032
x 0 33033
p 0 187 33033
x 0 33034
p 0 210 33034
x 0 33035
p 0 249 33035
x 0 33036
p 0 104 33036
x 0 33037
p 0 211 33037
x 0 33038
p 0 210 33038
x 0 33039
p 0 202 33039
x 0 33040
p 0 216 33040
x 0 33041
p 0 201 33041
x 0 33042
p 0 203 33042
x 0 33043
p 0 211 33043
x 0 33044
p 0 199 33044
x 0 33045
p 0 202 33045
x 0 33046
p 0 205 33046
x 0 33047
p 0 196 33047
x 0 33048
p 0 209 33048
x 0 33049
p 0 204 33049
x 0 33050
p 0 257 33050
x 0 33051
p 0 203 33051
x 0 33052
p 0 204 33052
x 0 33053
p 0 216 33053
x 0 33054
p 0 201 33054
x 0 33055
p 0 208 33055
x 0 33056
p 0 204 33056
x 0 33057
p 0 233 33057
x 0 33058
p 0 210 33058
x 0 33059
p 0 236 33059
x 0 33060
p 0 206 33060
x 0 33061
p 0 210 33061
x 0 33062
p 0 205 33062
x 0 33000
x 1 33001
h 1 10.0.0.5
p 1 1455 33001
x 2 33002
h 2 10.0.0.5
p 2 187 33002
x 0 33003
h 0 10.0.0.5
p 0 190 33003
x 1 33004
p 1 191 33004
p 0 1000817 33000
x 0 33005
p 0 196 33005
x 0 33006
p 0 199 33006
x 0 33007
p 0 203 33007
x 0 33008
p 0 199 33008
x 0 33009
p 0 201 33009
x 0 33010
p 0 225 33010
x 0 33011
p 0 199 33011
x 0 33012
p 0 193 33012
x 0 33013
p 0 200 33013
x 0 33014
p 0 197 33014
x 0 33015
p 0 206 33015
x 0 33016
p 0 204 33016
x 0 33017
p 0 226 33017
x 0 33018
p 0 206 33018
x 0 33019
p 0 206 33019
x 0 33020
p 0 200 33020
x 0 33021
p 0 201 33021
x 0 33022
p 0 208 33022
x 0 33023
p 0 201 33023
x 0 33024
p 0 237 33024
x 0 33025
p 0 204 33025
x 0 33026
p 0 242 33026
x 0 33027
p 0 215 33027
x 0 33028
p 0 205 33028
x 0 33029
p 0 220 33029
x 0 33030
p 0 211 33030
x 0 33031
p 0 238 33031
x 0 33032
p 0 212 33032
x 0 33033
p 0 243 33033
x 0 33034
p 0 211 33034
x 0 33035
p 0 209 33035
x 0 33036
p 0 210 33036
x 0 33037
p 0 138 33037
x 0 33038
p 0 275 33038
x 0 33039
p 0 207 33039
x 0 33040
p 0 204 33040
x 0 33041
p 0 143 33041
x 0 33042
p 0 206 33042
x 0 33043
p 0 220 33043
x 0 33044
p 0 253 33044
x 0 33045
p 0 231 33045
x 0 33046
p 0 290 33046
x 0 33047
p 0 250 33047
x 0 33048
p 0 284 33048
x 0 33049
p 0 217 33049
x 0 33050
p 0 152 33050
x 0 33051
p 0 143 33051
x 0 33052
p 0 240 33052
x 0 33053
p 0 147 33053
x 0 33054
p 0 150 33054
x 0 33055
p 0 202 33055
x 0 33056
p 0 203 33056
x 0 33057
p 0 152 33057
x 0 33058
p 0 140 33058
x 0 33059
p 0 144 33059
x 0 33060
p 0 199 33060
x 0 33061
p 0 266 33061
x 0 33062
p 0 139 33062
x 0 33000
x 1 33001
h 1 10.0.0.5
p 1 1664 33001
x 2 33002
h 2 10.0.0.5
p 2 191 33002
x 0 33003
h 0 10.0.0.5
p 0 192 33003
x 1 33004
p 1 186 33004
p 0 1022821 33000
x 0 33005
p 0 189 33005
x 0 33006
p 0 203 33006
x 0 33007
p 0 202 33007
x 0 33008
p 0 203 33008
x 0 33009
p 0 196 33009
x 0 33010
p 0 205 33010
x 0 33011
p 0 210 33011
x 0 33012
p 0 205 33012
x 0 33013
p 0 250 33013
x 0 33014
p 0 206 33014
x 0 33015
p 0 206 33015
x 0 33016
p 0 213 33016
x 0 33017
p 0 200 33017
x 0 33018
p 0 212 33018
x 0 33019
p 0 205 33019
x 0 33020
p 0 197 33020
x 0 33021
p 0 201 33021
x 0 33022
p 0 205 33022
x 0 33023
p 0 217 33023
x 0 33024
p 0 219 33024
x 0 33025
p 0 205 33025
x 0 33026
p 0 229 33026
x 0 33027
p 0 209 33027
x 0 33028
p 0 209 33028
x 0 33029
p 0 205 33029
x 0 33030
p 0 205 33030
x 0 33031
p 0 207 33031
x 0 33032
p 0 209 33032
x 0 33033
p 0 213 33033
x 0 33034
p 0 235 33034
x 0 33035
p 0 208 33035
x 0 33036
p 0 178 33036
x 0 33037
p 0 146 33037
x 0 33038
p 0 631 33038
x 0 33039
p 0 146 33039
x 0 33040
p 0 147 33040
x 0 33041
p 0 279 33041
x 0 33042
p 0 209 33042
x 0 33043
p 0 155 33043
x 0 33044
p 0 210 33044
x 0 33045
p 0 162 33045
x 0 33046
p 0 198 33046
x 0 33047
p 0 197 33047
x 0 33048
p 0 200 33048
x 0 33049
p 0 195 33049
x 0 33050
p 0 199 33050
x 0 33051
p 0 201 33051
x 0 33052
p 0 236 33052
x 0 33053
p 0 200 33053
x 0 33054
p 0 196 33054
x 0 33055
p 0 270 33055
x 0 33056
p 0 201 33056
x 0 33057
p 0 144 33057
x 0 33058
p 0 144 33058
x 0 33059
p 0 143 33059
x 0 33060
p 0 177 33060
x 0 33061
p 0 146 33061
x 0 33062
p 0 206 33062
x 0 33000
x 1 33001
h 1 10.0.0.5
p 1 1448 33001
x 2 33002
h 2 10.0.0.5
p 2 189 33002
x 0 33003
h 0 10.0.0.5
p 0 206 33003
x 1 33004
p 1 192 33004
p 0 1029769 33000
x 0 33005
p 0 163 33005
x 0 33006
p 0 225 33006
x 0 33007
p 0 205 33007
x 0 33008
p 0 221 33008
x 0 33009
p 0 262 33009
x 0 33010
p 0 196 33010
x 0 33011
p 0 254 33011
x 0 33012
p 0 200 33012
x 0 33013
p 0 198 33013
x 0 33014
p 0 208 33014
x 0 33015
p 0 198 33015
x 0 33016
p 0 193 33016
x 0 33017
p 0 185 33017
x 0 33018
p 0 195 33018
x 0 33019
p 0 199 33019
x 0 33020
p 0 198 33020
x 0 33021
p 0 178 33021
x 0 33022
p 0 194 33022
x 0 33023
p 0 191 33023
x 0 33024
p 0 225 33024
x 0 33025
p 0 193 33025
x 0 33026
p 0 191 33026
x 0 33027
p 0 192 33027
x 0 33028
p 0 195 33028
x 0 33029
p 0 193 33029
x 0 33030
p 0 191 33030
x 0 33031
p 0 227 33031
x 0 33032
p 0 191 33032
x 0 33033
p 0 192 33033
x 0 33034
p 0 191 33034
x 0 33035
p 0 193 33035
x 0 33036
p 0 195 33036
x 0 33037
p 0 193 33037
x 0 33038
p 0 191 33038
x 0 33039
p 0 189 33039
x 0 33040
p 0 193 33040
x 0 33041
p 0 189 33041
x 0 33042
p 0 194 33042
x 0 33043
p 0 193 33043
x 0 33044
p 0 193 33044
x 0 33045
p 0 190 33045
x 0 33046
p 0 191 33046
x 0 33047
p 0 184 33047
x 0 33048
p 0 165 33048
x 0 33049
p 0 193 33049
x 0 33050
p 0 237 33050
x 0 33051
p 0 190 33051
x 0 33052
p 0 193 33052
x 0 33053
p 0 192 33053
x 0 33054
p 0 194 33054
x 0 33055
p 0 190 33055
x 0 33056
p 0 189 33056
x 0 33057
p 0 188 33057
x 0 33058
p 0 193 33058
x 0 33059
p 0 192 33059
x 0 33060
p 0 192 33060
x 0 33061
p 0 189 33061
x 0 33062
p 0 163 33062
x 0 33000
x 1 33001
h 1 10.0.0.5
p 1 1552 33001
x 2 33002
h 2 10.0.0.5
p 2 192 33002
x 0 33003
h 0 10.0.0.5
p 0 195 33003
x 1 33004
p 1 200 33004
p 0 1027376 33000
x 0 33005
p 0 200 33005
x 0 33006
p 0 201 33006
x 0 33007
p 0 213 33007
x 0 33008
p 0 246 33008
x 0 33009
p 0 254 33009
x 0 33010
p 0 202 33010
x 0 33011
p 0 216 33011
x 0 33012
p 0 216 33012
x 0 33013
p 0 224 33013
x 0 33014
p 0 202 33014
x 0 33015
p 0 288 33015
x 0 33016
p 0 239 33016
x 0 33017
p 0 216 33017
x 0 33018
p 0 225 33018
x 0 33019
p 0 209 33019
x 0 33020
p 0 202 33020
x 0 33021
p 0 205 33021
x 0 33022
p 0 216 33022
x 0 33023
p 0 269 33023
x 0 33024
p 0 215 33024
x 0 33025
p 0 215 33025
x 0 33026
p 0 206 33026
x 0 33027
p 0 215 33027
x 0 33028
p 0 226 33028
x 0 33029
p 0 215 33029
x 0 33030
p 0 207 33030
x 0 33031
p 0 209 33031
x 0 33032
p 0 228 33032
x 0 33033
p 0 228 33033
x 0 33034
p 0 209 33034
x 0 33035
p 0 210 33035
x 0 33036
p 0 310 33036
x 0 33037
p 0 221 33037
x 0 33038
p 0 240 33038
x 0 33039
p 0 250 33039
x 0 33040
p 0 221 33040
x 0 33041
p 0 215 33041
x 0 33042
p 0 217 33042
x 0 33043
p 0 225 33043
x 0 33044
p 0 203 33044
x 0 33045
p 0 214 33045
x 0 33046
p 0 206 33046
x 0 33047
p 0 221 33047
x 0 33048
p 0 155 33048
x 0 33049
p 0 144 33049
x 0 33050
p 0 267 33050
x 0 33051
p 0 254 33051
x 0 33052
p 0 199 33052
x 0 33053
p 0 286 33053
x 0 33054
p 0 191 33054
x 0 33055
p 0 236 33055
x 0 33056
p 0 194 33056
x 0 33057
p 0 193 33057
x 0 33058
p 0 195 33058
x 0 33059
p 0 197 33059
x 0 33060
p 0 273 33060
x 0 33061
p 0 193 33061
x 0 33062
p 0 229 33062
x 0 33000
x 1 33001
h 1 10.0.0.5
p 1 1464 33001
x 2 33002
h 2 10.0.0.5
p 2 192 33002
x 0 33003
h 0 10.0.0.5
p 0 193 33003
x 1 33004
p 1 187 33004
p 0 1001850 33000
x 0 33005
p 0 209 33005
x 0 33006
p 0 207 33006
x 0 33007
p 0 203 33007
x 0 33008
p 0 257 33008
x 0 33009
p 0 196 33009
x 0 33010
p 0 234 33010
x 0 33011
p 0 209 33011
x 0 33012
p 0 197 33012
x 0 33013
p 0 202 33013
x 0 33014
p 0 205 33014
x 0 33015
p 0 214 33015
x 0 33016
p 0 222 33016
x 0 33017
p 0 205 33017
x 0 33018
p 0 224 33018
x 0 33019
p 0 211 33019
x 0 33020
p 0 236 33020
x 0 33021
p 0 209 33021
x 0 33022
p 0 204 33022
x 0 33023
p 0 208 33023
x 0 33024
p 0 210 33024
x 0 33025
p 0 232 33025
x 0 33026
p 0 209 33026
x 0 33027
p 0 209 33027
x 0 33028
p 0 213 33028
x 0 33029
p 0 210 33029
x 0 33030
p 0 210 33030
x 0 33031
p 0 215 33031
x 0 33032
p 0 215 33032
x 0 33033
p 0 208 33033
x 0 33034
p 0 207 33034
x 0 33035
p 0 215 33035
x 0 33036
p 0 215 33036
x 0 33037
p 0 220 33037
x 0 33038
p 0 227 33038
x 0 33039
p 0 228 33039
x 0 33040
p 0 227 33040
x 0 33041
p 0 236 33041
x 0 33042
p 0 216 33042
x 0 33043
p 0 224 33043
x 0 33044
p 0 216 33044
x 0 33045
p 0 387 33045
x 0 33046
p 0 346 33046
x 0 33047
p 0 368 33047
x 0 33048
p 0 389 33048
x 0 33049
p 0 385 33049
x 0 33050
p 0 362 33050
x 0 33051
p 0 181 33051
x 0 33052
p 0 172 33052
x 0 33053
p 0 174 33053
x 0 33054
p 0 173 33054
x 0 33055
p 0 172 33055
x 0 33056
p 0 172 33056
x 0 33057
p 0 176 33057
x 0 33058
p 0 249 33058
x 0 33059
p 0 328 33059
x 0 33060
p 0 223 33060
x 0 33061
p 0 219 33061
x 0 33062
p 0 217 33062
x 0 33000
x 1 33001
h 1 10.0.0.5
p 1 1515 33001
x 2 33002
h 2 10.0.0.5
p 2 208 33002
x 0 33003
h 0 10.0.0.5
p 0 188 33003
x 1 33004
p 1 313 33004
p 0 1012860 33000
x 0 33005
p 0 216 33005
x 0 33006
p 0 202 33006
x 0 33007
p 0 236 33007
x 0 33008
p 0 203 33008
x 0 33009
p 0 200 33009
x 0 33010
p 0 206 33010
x 0 33011
p 0 202 33011
x 0 33012
p 0 201 33012
x 0 33013
p 0 205 33013
x 0 33014
p 0 241 33014
x 0 33015
p 0 200 33015
x 0 33016
p 0 204 33016
x 0 33017
p 0 207 33017
x 0 33018
p 0 207 33018
x 0 33019
p 0 207 33019
x 0 33020
p 0 256 33020
x 0 33021
p 0 250 33021
x 0 33022
p 0 218 33022
x 0 33023
p 0 210 33023
x 0 33024
p 0 217 33024
x 0 33025
p 0 208 33025
x 0 33026
p 0 249 33026
x 0 33027
p 0 214 33027
x 0 33028
p 0 206 33028
x 0 33029
p 0 206 33029
x 0 33030
p 0 206 33030
x 0 33031
p 0 214 33031
x 0 33032
p 0 218 33032
x 0 33033
p 0 246 33033
x 0 33034
p 0 213 33034
x 0 33035
p 0 214 33035
x 0 33036
p 0 215 33036
x 0 33037
p 0 143 33037
x 0 33038
p 0 199 33038
x 0 33039
p 0 211 33039
x 0 33040
p 0 203 33040
x 0 33041
p 0 226 33041
x 0 33042
p 0 149 33042
x 0 33043
p 0 338 33043
x 0 33044
p 0 145 33044
x 0 33045
p 0 201 33045
x 0 33046
p 0 146 33046
x 0 33047
p 0 202 33047
x 0 33048
p 0 144 33048
x 0 33049
p 0 230 33049
x 0 33050
p 0 139 33050
x 0 33051
p 0 196 33051
x 0 33052
p 0 145 33052
x 0 33053
p 0 218 33053
x 0 33054
p 0 141 33054
x 0 33055
p 0 197 33055
x 0 33056
p 0 227 33056
x 0 33057
p 0 195 33057
x 0 33058
p 0 203 33058
x 0 33059
p 0 200 33059
x 0 33060
p 0 240 33060
x 0 33061
p 0 288 33061
x 0 33062
p 0 191 33062
x 0 33000
x 1 33001
h 1 10.0.0.5
p 1 1924 33001
x 2 33002
h 2 10.0.0.5
p 2 244 33002
x 0 33003
h 0 10.0.0.5
p 0 238 33003
x 1 33004
p 1 211 33004
p 0 1030273 33000
x 0 33005
p 0 234 33005
x 0 33006
p 0 204 33006
x 0 33007
p 0 216 33007
x 0 33008
p 0 211 33008
x 0 33009
p 0 205 33009
x 0 33010
p 0 216 33010
x 0 33011
p 0 208 33011
x 0 33012
p 0 232 33012
x 0 33013
p 0 258 33013
x 0 33014
p 0 209 33014
x 0 33015
p 0 214 33015
x 0 33016
p 0 209 33016
x 0 33017
p 0 210 33017
x 0 33018
p 0 213 33018
x 0 33019
p 0 213 33019
x 0 33020
p 0 213 33020
x 0 33021
p 0 216 33021
x 0 33022
p 0 216 33022
x 0 33023
p 0 222 33023
x 0 33024
p 0 215 33024
x 0 33025
p 0 217 33025
x 0 33026
p 0 249 33026
x 0 33027
p 0 217 33027
x 0 33028
p 0 209 33028
x 0 33029
p 0 213 33029
x 0 33030
p 0 208 33030
x 0 33031
p 0 262 33031
x 0 33032
p 0 213 33032
x 0 33033
p 0 246 33033
x 0 33034
p 0 210 33034
x 0 33035
p 0 222 33035
x 0 33036
p 0 219 33036
x 0 33037
p 0 216 33037
x 0 33038
p 0 280 33038
x 0 33039
p 0 236 33039
x 0 33040
p 0 218 33040
x 0 33041
p 0 194 33041
x 0 33042
p 0 208 33042
x 0 33043
p 0 226 33043
x 0 33044
p 0 230 33044
x 0 33045
p 0 313 33045
x 0 33046
p 0 225 33046
x 0 33047
p 0 203 33047
x 0 33048
p 0 226 33048
x 0 33049
p 0 225 33049
x 0 33050
p 0 209 33050
x 0 33051
p 0 140 33051
x 0 33052
p 0 268 33052
x 0 33053
p 0 211 33053
x 0 33054
p 0 224 33054
x 0 33055
p 0 225 33055
x 0 33056
p 0 155 33056
x 0 33057
p 0 143 33057
x 0 33058
p 0 145 33058
x 0 33059
p 0 147 33059
x 0 33060
p 0 143 33060
x 0 33061
p 0 195 33061
x 0 33062
p 0 140 33062
x 0 33000
x 1 33001
h 1 10.0.0.5
p 1 1690 33001
x 2 33002
h 2 10.0.0.5
p 2 194 33002
x 0 33003
h 0 10.0.0.5
p 0 190 33003
x 1 33004
p 1 253 33004
p 0 1013792 33000
x 0 33005
p 0 77 33005
x 0 33006
p 0 210 33006
x 0 33007
p 0 243 33007
x 0 33008
p 0 250 33008
x 0 33009
p 0 222 33009
x 0 33010
p 0 210 33010
x 0 33011
p 0 207 33011
x 0 33012
p 0 207 33012
x 0 33013
p 0 201 33013
x 0 33014
p 0 202 33014
x 0 33015
p 0 201 33015
x 0 33016
p 0 201 33016
x 0 33017
p 0 202 33017
x 0 33018
p 0 202 33018
x 0 33019
p 0 203 33019
x 0 33020
p 0 205 33020
x 0 33021
p 0 202 33021
x 0 33022
p 0 203 33022
x 0 33023
p 0 236 33023
x 0 33024
p 0 170 33024
x 0 33025
p 0 203 33025
x 0 33026
p 0 206 33026
x 0 33027
p 0 245 33027
x 0 33028
p 0 207 33028
x 0 33029
p 0 274 33029
x 0 33030
p 0 172 33030
x 0 33031
p 0 202 33031
x 0 33032
p 0 233 33032
x 0 33033
p 0 204 33033
x 0 33034
p 0 171 33034
x 0 33035
p 0 176 33035
x 0 33036
p 0 200 33036
x 0 33037
p 0 202 33037
x 0 33038
p 0 178 33038
x 0 33039
p 0 171 33039
x 0 33040
p 0 202 33040
x 0 33041
p 0 165 33041
x 0 33042
p 0 168 33042
x 0 33043
p 0 194 33043
x 0 33044
p 0 220 33044
x 0 33045
p 0 168 33045
x 0 33046
p 0 163 33046
x 0 33047
p 0 167 33047
x 0 33048
p 0 165 33048
x 0 33049
p 0 164 33049
x 0 33050
p 0 155 33050
x 0 33051
p 0 163 33051
x 0 33052
p 0 209 33052
x 0 33053
p 0 207 33053
x 0 33054
p 0 204 33054
x 0 33055
p 0 208 33055
x 0 33056
p 0 206 33056
x 0 33057
p 0 208 33057
x 0 33058
p 0 225 33058
x 0 33059
p 0 212 33059
x 0 33060
p 0 247 33060
x 0 33061
p 0 204 33061
x 0 33062
p 0 203 33062
x 0 33000
x 1 33001
h 1 10.0.0.5
p 1 1472 33001
x 2 33002
h 2 10.0.0.5
p 2 189 33002
x 0 33003
h 0 10.0.0.5
p 0 190 33003
x 1 33004
p 1 188 33004
p 0 1023914 33000
x 0 33005
p 0 188 33005
x 0 33006
p 0 201 33006
x 0 33007
p 0 221 33007
x 0 33008
p 0 340 33008
x 0 33009
p 0 269 33009
x 0 33010
p 0 282 33010
x 0 33011
p 0 334 33011
x 0 33012
p 0 223 33012
x 0 33013
p 0 232 33013
x 0 33014
p 0 223 33014
x 0 33015
p 0 234 33015
x 0 33016
p 0 223 33016
x 0 33017
p 0 262 33017
x 0 33018
p 0 276 33018
x 0 33019
p 0 225 33019
x 0 33020
p 0 222 33020
x 0 33021
p 0 214 33021
x 0 33022
p 0 214 33022
x 0 33023
p 0 218 33023
x 0 33024
p 0 256 33024
x 0 33025
p 0 281 33025
x 0 33026
p 0 207 33026
x 0 33027
p 0 210 33027
x 0 33028
p 0 217 33028
x 0 33029
p 0 205 33029
x 0 33030
p 0 150 33030
x 0 33031
p 0 146 33031
x 0 33032
p 0 181 33032
x 0 33033
p 0 152 33033
x 0 33034
p 0 206 33034
x 0 33035
p 0 221 33035
x 0 33036
p 0 149 33036
x 0 33037
p 0 215 33037
x 0 33038
p 0 155 33038
x 0 33039
p 0 281 33039
x 0 33040
p 0 149 33040
x 0 33041
p 0 144 33041
x 0 33042
p 0 198 33042
x 0 33043
p 0 166 33043
x 0 33044
p 0 200 33044
x 0 33045
p 0 143 33045
x 0 33046
p 0 252 33046
x 0 33047
p 0 141 33047
x 0 33048
p 0 216 33048
x 0 33049
p 0 150 33049
x 0 33050
p 0 212 33050
x 0 33051
p 0 143 33051
x 0 33052
p 0 202 33052
x 0 33053
p 0 266 33053
x 0 33054
p 0 142 33054
x 0 33055
p 0 150 33055
x 0 33056
p 0 146 33056
x 0 33057
p 0 143 33057
x 0 33058
p 0 219 33058
x 0 33059
p 0 152 33059
x 0 33060
p 0 245 33060
x 0 33061
p 0 142 33061
x 0 33062
p 0 202 33062
x 0 33000
x 1 33001
h 1 10.0.0.5
p 1 1567 33001
x 2 33002
h 2 10.0.0.5
p 2 195 33002
x 0 33003
h 0 10.0.0.5
p 0 214 33003
x 1 33004
p 1 202 33004
p 0 1009125 33000
x 0 33005
p 0 193 33005
x 0 33006
p 0 203 33006
x 0 33007
p 0 200 33007
x 0 33008
p 0 199 33008
x 0 33009
p 0 194 33009
x 0 33010
p 0 198 33010
x 0 33011
p 0 201 33011
x 0 33012
p 0 203 33012
x 0 33013
p 0 197 33013
x 0 33014
p 0 202 33014
x 0 33015
p 0 203 33015
x 0 33016
p 0 209 33016
x 0 33017
p 0 242 33017
x 0 33018
p 0 204 33018
x 0 33019
p 0 215 33019
x 0 33020
p 0 199 33020
x 0 33021
p 0 208 33021
x 0 33022
p 0 207 33022
x 0 33023
p 0 208 33023
x 0 33024
p 0 239 33024
x 0 33025
p 0 208 33025
x 0 33026
p 0 243 33026
x 0 33027
p 0 217 33027
x 0 33028
p 0 203 33028
x 0 33029
p 0 211 33029
x 0 33030
p 0 310 33030
x 0 33031
p 0 208 33031
x 0 33032
p 0 212 33032
x 0 33033
p 0 208 33033
x 0 33034
p 0 205 33034
x 0 33035
p 0 203 33035
x 0 33036
p 0 210 33036
x 0 33037
p 0 237 33037
x 0 33038
p 0 279 33038
x 0 33039
p 0 201 33039
x 0 33040
p 0 209 33040
x 0 33041
p 0 211 33041
x 0 33042
p 0 212 33042
x 0 33043
p 0 205 33043
x 0 33044
p 0 210 33044
x 0 33045
p 0 232 33045
x 0 33046
p 0 204 33046
x 0 33047
p 0 201 33047
x 0 33048
p 0 207 33048
x 0 33049
p 0 208 33049
x 0 33050
p 0 201 33050
x 0 33051
p 0 212 33051
x 0 33052
p 0 230 33052
x 0 33053
p 0 265 33053
x 0 33054
p 0 205 33054
x 0 33055
p 0 208 33055
x 0 33056
p 0 203 33056
x 0 33057
p 0 206 33057
x 0 33058
p 0 203 33058
x 0 33059
p 0 214 33059
x 0 33060
p 0 202 33060
x 0 33061
p 0 212 33061
x 0 33062
p 0 204 33062
x 0 33000
x 1 33001
h 1 10.0.0.5
p 1 1507 33001
x 2 33002
h 2 10.0.0.5
p 2 202 33002
x 0 33003
h 0 10.0.0.5
p 0 193 33003
x 1 33004
p 1 188 33004
p 0 1023867 33000
x 0 33005
p 0 203 33005
x 0 33006
p 0 200 33006
x 0 33007
p 0 201 33007
x 0 33008
p 0 231 33008
x 0 33009
p 0 197 33009
x 0 33010
p 0 211 33010
x 0 33011
p 0 310 33011
x 0 33012
p 0 254 33012
x 0 33013
p 0 203 33013
x 0 33014
p 0 205 33014
x 0 33015
p 0 213 33015
x 0 33016
p 0 207 33016
x 0 33017
p 0 207 33017
x 0 33018
p 0 209 33018
x 0 33019
p 0 219 33019
x 0 33020
p 0 211 33020
x 0 33021
p 0 209 33021
x 0 33022
p 0 208 33022
x 0 33023
p 0 217 33023
x 0 33024
p 0 214 33024
x 0 33025
p 0 228 33025
x 0 33026
p 0 206 33026
x 0 33027
p 0 215 33027
x 0 33028
p 0 203 33028
x 0 33029
p 0 206 33029
x 0 33030
p 0 212 33030
x 0 33031
p 0 207 33031
x 0 33032
p 0 212 33032
x 0 33033
p 0 215 33033
x 0 33034
p 0 212 33034
x 0 33035
p 0 220 33035
x 0 33036
p 0 206 33036
x 0 33037
p 0 214 33037
x 0 33038
p 0 230 33038
x 0 33039
p 0 280 33039
x 0 33040
p 0 300 33040
x 0 33041
p 0 202 33041
x 0 33042
p 0 215 33042
x 0 33043
p 0 243 33043
x 0 33044
p 0 216 33044
x 0 33045
p 0 198 33045
x 0 33046
p 0 202 33046
x 0 33047
p 0 275 33047
x 0 33048
p 0 172 33048
x 0 33049
p 0 222 33049
x 0 33050
p 0 211 33050
x 0 33051
p 0 199 33051
x 0 33052
p 0 259 33052
x 0 33053
p 0 173 33053
x 0 33054
p 0 152 33054
x 0 33055
p 0 221 33055
x 0 33056
p 0 156 33056
x 0 33057
p 0 145 33057
x 0 33058
p 0 232 33058
x 0 33059
p 0 160 33059
x 0 33060
p 0 150 33060
x 0 33061
p 0 619 33061
x 0 33062
p 0 159 33062
x 0 33000
x 1 33001
h 1 10.0.0.5
p 1 1499 33001
x 2 33002
h 2 10.0.0.5
p 2 193 33002
x 0 33003
h 0 10.0.0.5
p 0 226 33003
x 1 33004
p 1 200 33004
p 0 1025287 33000
x 0 33005
p 0 313 33005
x 0 33006
p 0 205 33006
x 0 33007
p 0 221 33007
x 0 33008
p 0 234 33008
x 0 33009
p 0 211 33009
x 0 33010
p 0 207 33010
x 0 33011
p 0 207 33011
x 0 33012
p 0 214 33012
x 0 33013
p 0 239 33013
x 0 33014
p 0 208 33014
x 0 33015
p 0 210 33015
x 0 33016
p 0 209 33016
x 0 33017
p 0 213 33017
x 0 33018
p 0 210 33018
x 0 33019
p 0 226 33019
x 0 33020
p 0 207 33020
x 0 33021
p 0 210 33021
x 0 33022
p 0 213 33022
x 0 33023
p 0 214 33023
x 0 33024
p 0 219 33024
x 0 33025
p 0 215 33025
x 0 33026
p 0 209 33026
x 0 33027
p 0 216 33027
x 0 33028
p 0 207 33028
x 0 33029
p 0 241 33029
x 0 33030
p 0 210 33030
x 0 33031
p 0 217 33031
x 0 33032
p 0 231 33032
x 0 33033
p 0 277 33033
x 0 33034
p 0 433 33034
x 0 33035
p 0 208 33035
x 0 33036
p 0 144 33036
x 0 33037
p 0 220 33037
x 0 33038
p 0 208 33038
x 0 33039
p 0 275 33039
x 0 33040
p 0 246 33040
x 0 33041
p 0 203 33041
x 0 33042
p 0 218 33042
x 0 33043
p 0 243 33043
x 0 33044
p 0 218 33044
x 0 33045
p 0 287 33045
x 0 33046
p 0 207 33046
x 0 33047
p 0 250 33047
x 0 33048
p 0 254 33048
x 0 33049
p 0 230 33049
x 0 33050
p 0 206 33050
x 0 33051
p 0 210 33051
x 0 33052
p 0 216 33052
x 0 33053
p 0 215 33053
x 0 33054
p 0 243 33054
x 0 33055
p 0 249 33055
x 0 33056
p 0 195 33056
x 0 33057
p 0 214 33057
x 0 33058
p 0 211 33058
x 0 33059
p 0 228 33059
x 0 33060
p 0 271 33060
x 0 33061
p 0 218 33061
x 0 33062
p 0 295 33062
x 0 33000
x 1 33001
h 1 10.0.0.5
p 1 1465 33001
x 2 33002
h 2 10.0.0.5
p 2 211 33002
x 0 33003
h 0 10.0.0.5
p 0 190 33003
x 1 33004
p 1 189 33004
p 0 1011747 33000
x 0 33005
p 0 193 33005
x 0 33006
p 0 209 33006
x 0 33007
p 0 227 33007
x 0 33008
p 0 202 33008
x 0 33009
p 0 205 33009
x 0 33010
p 0 205 33010
x 0 33011
p 0 204 33011
x 0 33012
p 0 201 33012
x 0 33013
p 0 253 33013
x 0 33014
p 0 204 33014
x 0 33015
p 0 201 33015
x 0 33016
p 0 198 33016
x 0 33017
p 0 210 33017
x 0 33018
p 0 201 33018
x 0 33019
p 0 207 33019
x 0 33020
p 0 207 33020
x 0 33021
p 0 204 33021
x 0 33022
p 0 202 33022
x 0 33023
p 0 206 33023
x 0 33024
p 0 213 33024
x 0 33025
p 0 195 33025
x 0 33026
p 0 199 33026
x 0 33027
p 0 253 33027
x 0 33028
p 0 200 33028
x 0 33029
p 0 203 33029
x 0 33030
p 0 202 33030
x 0 33031
p 0 203 33031
x 0 33032
p 0 209 33032
x 0 33033
p 0 272 33033
x 0 33034
p 0 262 33034
x 0 33035
p 0 206 33035
x 0 33036
p 0 201 33036
x 0 33037
p 0 226 33037
x 0 33038
p 0 210 33038
x 0 33039
p 0 211 33039
x 0 33040
p 0 206 33040
x 0 33041
p 0 199 33041
x 0 33042
p 0 280 33042
x 0 33043
p 0 278 33043
x 0 33044
p 0 292 33044
x 0 33045
p 0 197 33045
x 0 33046
p 0 195 33046
x 0 33047
p 0 201 33047
x 0 33048
p 0 199 33048
x 0 33049
p 0 207 33049
x 0 33050
p 0 200 33050
x 0 33051
p 0 193 33051
x 0 33052
p 0 195 33052
x 0 33053
p 0 195 33053
x 0 33054
p 0 201 33054
x 0 33055
p 0 193 33055
x 0 33056
p 0 195 33056
x 0 33057
p 0 197 33057
x 0 33058
p 0 196 33058
x 0 33059
p 0 210 33059
x 0 33060
p 0 197 33060
x 0 33061
p 0 195 33061
x 0 33062
p 0 218 33062
x 0 33000
x 1 33001
h 1 10.0.0.5
p 1 1534 33001
x 2 33002
h 2 10.0.0.5
p 2 191 33002
x 0 33003
h 0 10.0.0.5
p 0 225 33003
x 1 33004
p 1 235 33004
p 0 1029367 33000
x 0 33005
p 0 196 33005
x 0 33006
p 0 219 33006
x 0 33007
p 0 218 33007
x 0 33008
p 0 247 33008
x 0 33009
p 0 210 33009
x 0 33010
p 0 214 33010
x 0 33011
p 0 208 33011
x 0 33012
p 0 208 33012
x 0 33013
p 0 206 33013
x 0 33014
p 0 215 33014
x 0 33015
p 0 211 33015
x 0 33016
p 0 215 33016
x 0 33017
p 0 212 33017
x 0 33018
p 0 209 33018
x 0 33019
p 0 218 33019
x 0 33020
p 0 220 33020
x 0 33021
p 0 211 33021
x 0 33022
p 0 220 33022
x 0 33023
p 0 242 33023
x 0 33024
p 0 246 33024
x 0 33025
p 0 222 33025
x 0 33026
p 0 215 33026
x 0 33027
p 0 218 33027
x 0 33028
p 0 218 33028
x 0 33029
p 0 224 33029
x 0 33030
p 0 218 33030
x 0 33031
p 0 268 33031
x 0 33032
p 0 226 33032
x 0 33033
p 0 212 33033
x 0 33034
p 0 205 33034
x 0 33035
p 0 214 33035
x 0 33036
p 0 243 33036
x 0 33037
p 0 210 33037
x 0 33038
p 0 151 33038
x 0 33039
p 0 207 33039
x 0 33040
p 0 201 33040
x 0 33041
p 0 199 33041
x 0 33042
p 0 195 33042
x 0 33043
p 0 103 33043
x 0 33044
p 0 202 33044
x 0 33045
p 0 195 33045
x 0 33046
p 0 195 33046
x 0 33047
p 0 194 33047
x 0 33048
p 0 121 33048
x 0 33049
p 0 196 33049
x 0 33050
p 0 258 33050
x 0 33051
p 0 201 33051
x 0 33052
p 0 197 33052
x 0 33053
p 0 149 33053
x 0 33054
p 0 200 33054
x 0 33055
p 0 196 33055
x 0 33056
p 0 199 33056
x 0 33057
p 0 198 33057
x 0 33058
p 0 238 33058
x 0 33059
p 0 201 33059
x 0 33060
p 0 231 33060
x 0 33061
p 0 202 33061
x 0 33062
p 0 194 33062
x 0 33000
x 1 33001
h 1 10.0.0.5
p 1 1421 33001
x 2 33002
h 2 10.0.0.5
p 2 270 33002
x 0 33003
h 0 10.0.0.5
p 0 193 33003
x 1 33004
p 1 186 33004
p 0 1018380 33000
x 0 33005
p 0 202 33005
x 0 33006
p 0 200 33006
x 0 33007
p 0 201 33007
x 0 33008
p 0 203 33008
x 0 33009
p 0 199 33009
x 0 33010
p 0 213 33010
x 0 33011
p 0 212 33011
x 0 33012
p 0 196 33012
x 0 33013
p 0 196 33013
x 0 33014
p 0 257 33014
x 0 33015
p 0 214 33015
x 0 33016
p 0 199 33016
x 0 33017
p 0 203 33017
x 0 33018
p 0 204 33018
x 0 33019
p 0 207 33019
x 0 33020
p 0 291 33020
x 0 33021
p 0 223 33021
x 0 33022
p 0 256 33022
x 0 33023
p 0 206 33023
x 0 33024
p 0 210 33024
x 0 33025
p 0 208 33025
x 0 33026
p 0 202 33026
x 0 33027
p 0 204 33027
x 0 33028
p 0 214 33028
x 0 33029
p 0 207 33029
x 0 33030
p 0 206 33030
x 0 33031
p 0 208 33031
x 0 33032
p 0 205 33032
x 0 33033
p 0 202 33033
x 0 33034
p 0 210 33034
x 0 33035
p 0 208 33035
x 0 33036
p 0 196 33036
x 0 33037
p 0 203 33037
x 0 33038
p 0 199 33038
x 0 33039
p 0 204 33039
x 0 33040
p 0 203 33040
x 0 33041
p 0 219 33041
x 0 33042
p 0 192 33042
x 0 33043
p 0 194 33043
x 0 33044
p 0 197 33044
x 0 33045
p 0 192 33045
x 0 33046
p 0 207 33046
x 0 33047
p 0 200 33047
x 0 33048
p 0 198 33048
x 0 33049
p 0 247 33049
x 0 33050
p 0 212 33050
x 0 33051
p 0 230 33051
x 0 33052
p 0 202 33052
x 0 33053
p 0 201 33053
x 0 33054
p 0 212 33054
x 0 33055
p 0 216 33055
x 0 33056
p 0 199 33056
x 0 33057
p 0 199 33057
x 0 33058
p 0 261 33058
x 0 33059
p 0 204 33059
x 0 33060
p 0 209 33060
x 0 33061
p 0 199 33061
x 0 33062
p 0 203 33062
x 0 33000
x 1 33001
h 1 10.0.0.5
p 1 1804 33001
x 2 33002
h 2 10.0.0.5
p 2 193 33002
x 0 33003
h 0 10.0.0.5
p 0 208 33003
x 1 33004
p 1 209 33004
p 0 1031562 33000
x 0 33005
p 0 194 33005
x 0 33006
p 0 200 33006
x 0 33007
p 0 202 33007
x 0 33008
p 0 197 33008
x 0 33009
p 0 194 33009
x 0 33010
p 0 235 33010
x 0 33011
p 0 200 33011
x 0 33012
p 0 196 33012
x 0 33013
p 0 203 33013
x 0 33014
p 0 206 33014
x 0 33015
p 0 208 33015
x 0 33016
p 0 225 33016
x 0 33017
p 0 99 33017
x 0 33018
p 0 207 33018
x 0 33019
p 0 210 33019
x 0 33020
p 0 200 33020
x 0 33021
p 0 202 33021
x 0 33022
p 0 209 33022
x 0 33023
p 0 256 33023
x 0 33024
p 0 209 33024
x 0 33025
p 0 204 33025
x 0 33026
p 0 208 33026
x 0 33027
p 0 210 33027
x 0 33028
p 0 222 33028
x 0 33029
p 0 236 33029
x 0 33030
p 0 210 33030
x 0 33031
p 0 206 33031
x 0 33032
p 0 207 33032
x 0 33033
p 0 225 33033
x 0 33034
p 0 212 33034
x 0 33035
p 0 212 33035
x 0 33036
p 0 276 33036
x 0 33037
p 0 400 33037
x 0 33038
p 0 220 33038
x 0 33039
p 0 219 33039
x 0 33040
p 0 221 33040
x 0 33041
p 0 219 33041
x 0 33042
p 0 240 33042
x 0 33043
p 0 201 33043
x 0 33044
p 0 244 33044
x 0 33045
p 0 299 33045
x 0 33046
p 0 249 33046
x 0 33047
p 0 209 33047
x 0 33048
p 0 199 33048
x 0 33049
p 0 152 33049
x 0 33050
p 0 151 33050
x 0 33051
p 0 147 33051
x 0 33052
p 0 149 33052
x 0 33053
p 0 209 33053
x 0 33054
p 0 155 33054
x 0 33055
p 0 220 33055
x 0 33056
p 0 207 33056
x 0 33057
p 0 153 33057
x 0 33058
p 0 216 33058
x 0 33059
p 0 217 33059
x 0 33060
p 0 213 33060
x 0 33061
p 0 212 33061
x 0 33062
p 0 148 33062
x 0 33000
x 1 33001
h 1 10.0.0.5
p 1 1693 33001
x 2 33002
h 2 10.0.0.5
p 2 349 33002
x 0 33003
h 0 10.0.0.5
p 0 359 33003
x 1 33004
p 1 362 33004
p 0 1008845 33000
x 0 33005
p 0 332 33005
x 0 33006
p 0 324 33006
x 0 33007
p 0 305 33007
x 0 33008
p 0 326 33008
x 0 33009
p 0 250 33009
x 0 33010
p 0 342 33010
x 0 33011
p 0 231 33011
x 0 33012
p 0 287 33012
x 0 33013
p 0 204 33013
x 0 33014
p 0 229 33014
x 0 33015
p 0 259 33015
x 0 33016
p 0 255 33016
x 0 33017
p 0 270 33017
x 0 33018
p 0 235 33018
x 0 33019
p 0 217 33019
x 0 33020
p 0 285 33020
x 0 33021
p 0 124 33021
x 0 33022
p 0 208 33022
x 0 33023
p 0 217 33023
x 0 33024
p 0 247 33024
x 0 33025
p 0 231 33025
x 0 33026
p 0 243 33026
x 0 33027
p 0 265 33027
x 0 33028
p 0 209 33028
x 0 33029
p 0 207 33029
x 0 33030
p 0 222 33030
x 0 33031
p 0 211 33031
x 0 33032
p 0 211 33032
x 0 33033
p 0 213 33033
x 0 33034
p 0 285 33034
x 0 33035
p 0 146 33035
x 0 33036
p 0 216 33036
x 0 33037
p 0 151 33037
x 0 33038
p 0 276 33038
x 0 33039
p 0 173 33039
x 0 33040
p 0 223 33040
x 0 33041
p 0 147 33041
x 0 33042
p 0 211 33042
x 0 33043
p 0 222 33043
x 0 33044
p 0 191 33044
x 0 33045
p 0 153 33045
x 0 33046
p 0 218 33046
x 0 33047
p 0 151 33047
x 0 33048
p 0 666 33048
x 0 33049
p 0 148 33049
x 0 33050
p 0 224 33050
x 0 33051
p 0 204 33051
x 0 33052
p 0 150 33052
x 0 33053
p 0 219 33053
x 0 33054
p 0 148 33054
x 0 33055
p 0 267 33055
x 0 33056
p 0 149 33056
x 0 33057
p 0 211 33057
x 0 33058
p 0 181 33058
x 0 33059
p 0 222 33059
x 0 33060
p 0 220 33060
x 0 33061
p 0 210 33061
x 0 33062
p 0 163 33062
x 0 33000
x 1 33001
h 1 10.0.0.5
p 1 1647 33001
x 2 33002
h 2 10.0.0.5
p 2 226 33002
x 0 33003
h 0 10.0.0.5
p 0 191 33003
x 1 33004
p 1 194 33004
p 0 1029175 33000
x 0 33005
p 0 163 33005
x 0 33006
p 0 203 33006
x 0 33007
p 0 106 33007
x 0 33008
p 0 224 33008
x 0 33009
p 0 217 33009
x 0 33010
p 0 194 33010
x 0 33011
p 0 208 33011
x 0 33012
p 0 196 33012
x 0 33013
p 0 191 33013
x 0 33014
p 0 192 33014
x 0 33015
p 0 187 33015
x 0 33016
p 0 159 33016
x 0 33017
p 0 198 33017
x 0 33018
p 0 197 33018
x 0 33019
p 0 195 33019
x 0 33020
p 0 197 33020
x 0 33021
p 0 263 33021
x 0 33022
p 0 193 33022
x 0 33023
p 0 193 33023
x 0 33024
p 0 231 33024
x 0 33025
p 0 195 33025
x 0 33026
p 0 198 33026
x 0 33027
p 0 201 33027
x 0 33028
p 0 256 33028
x 0 33029
p 0 199 33029
x 0 33030
p 0 194 33030
x 0 33031
p 0 228 33031
x 0 33032
p 0 198 33032
x 0 33033
p 0 198 33033
x 0 33034
p 0 201 33034
x 0 33035
p 0 201 33035
x 0 33036
p 0 199 33036
x 0 33037
p 0 196 33037
x 0 33038
p 0 324 33038
x 0 33039
p 0 198 33039
x 0 33040
p 0 196 33040
x 0 33041
p 0 198 33041
x 0 33042
p 0 194 33042
x 0 33043
p 0 194 33043
x 0 33044
p 0 214 33044
x 0 33045
p 0 255 33045
x 0 33046
p 0 199 33046
x 0 33047
p 0 203 33047
x 0 33048
p 0 200 33048
x 0 33049
p 0 201 33049
x 0 33050
p 0 197 33050
x 0 33051
p 0 199 33051
x 0 33052
p 0 197 33052
x 0 33053
p 0 287 33053
x 0 33054
p 0 198 33054
x 0 33055
p 0 221 33055
x 0 33056
p 0 196 33056
x 0 33057
p 0 201 33057
x 0 33058
p 0 198 33058
x 0 33059
p 0 197 33059
x 0 33060
p 0 197 33060
x 0 33061
p 0 200 33061
x 0 33062
p 0 229 33062
x 0 33000
x 1 33001
h 1 10.0.0.5
p 1 1384 33001
x 2 33002
h 2 10.0.0.5
p 2 194 33002
x 0 33003
h 0 10.0.0.5
p 0 195 33003
x 1 33004
p 1 189 33004
p 0 1006574 33000
x 0 33005
p 0 291 33005
x 0 33006
p 0 209 33006
x 0 33007
p 0 244 33007
x 0 33008
p 0 206 33008
x 0 33009
p 0 192 33009
x 0 33010
p 0 254 33010
x 0 33011
p 0 215 33011
x 0 33012
p 0 228 33012
x 0 33013
p 0 205 33013
x 0 33014
p 0 243 33014
x 0 33015
p 0 214 33015
x 0 33016
p 0 221 33016
x 0 33017
p 0 261 33017
x 0 33018
p 0 246 33018
x 0 33019
p 0 218 33019
x 0 33020
p 0 250 33020
x 0 33021
p 0 245 33021
x 0 33022
p 0 209 33022
x 0 33023
p 0 224 33023
x 0 33024
p 0 213 33024
x 0 33025
p 0 213 33025
x 0 33026
p 0 212 33026
x 0 33027
p 0 214 33027
x 0 33028
p 0 243 33028
x 0 33029
p 0 214 33029
x 0 33030
p 0 214 33030
x 0 33031
p 0 210 33031
x 0 33032
p 0 251 33032
x 0 33033
p 0 221 33033
x 0 33034
p 0 215 33034
x 0 33035
p 0 222 33035
x 0 33036
p 0 216 33036
x 0 33037
p 0 257 33037
x 0 33038
p 0 348 33038
x 0 33039
p 0 224 33039
x 0 33040
p 0 223 33040
x 0 33041
p 0 212 33041
x 0 33042
p 0 204 33042
x 0 33043
p 0 218 33043
x 0 33044
p 0 221 33044
x 0 33045
p 0 210 33045
x 0 33046
p 0 204 33046
x 0 33047
p 0 207 33047
x 0 33048
p 0 219 33048
x 0 33049
p 0 219 33049
x 0 33050
p 0 272 33050
x 0 33051
p 0 207 33051
x 0 33052
p 0 382 33052
x 0 33053
p 0 226 33053
x 0 33054
p 0 216 33054
x 0 33055
p 0 204 33055
x 0 33056
p 0 256 33056
x 0 33057
p 0 213 33057
x 0 33058
p 0 229 33058
x 0 33059
p 0 226 33059
x 0 33060
p 0 244 33060
x 0 33061
p 0 213 33061
x 0 33062
p 0 208 33062
x 0 33000
x 1 33001
h 1 10.0.0.5
p 1 15233 33001
x 2 33002
h 2 10.0.0.5
p 2 194 33002
x 0 33003
h 0 10.0.0.5
p 0 193 33003
x 1 33004
p 1 198 33004
p 0 1025635 33000
x 0 33005
p 0 193 33005
x 0 33006
p 0 199 33006
x 0 33007
p 0 206 33007
x 0 33008
p 0 200 33008
x 0 33009
p 0 205 33009
x 0 33010
p 0 205 33010
x 0 33011
p 0 199 33011
x 0 33012
p 0 202 33012
x 0 33013
p 0 200 33013
x 0 33014
p 0 207 33014
x 0 33015
p 0 204 33015
x 0 33016
p 0 262 33016
x 0 33017
p 0 210 33017
x 0 33018
p 0 204 33018
x 0 33019
p 0 209 33019
x 0 33020
p 0 251 33020
x 0 33021
p 0 210 33021
x 0 33022
p 0 213 33022
x 0 33023
p 0 265 33023
x 0 33024
p 0 211 33024
x 0 33025
p 0 205 33025
x 0 33026
p 0 208 33026
x 0 33027
p 0 209 33027
x 0 33028
p 0 200 33028
x 0 33029
p 0 209 33029
x 0 33030
p 0 199 33030
x 0 33031
p 0 204 33031
x 0 33032
p 0 208 33032
x 0 33033
p 0 208 33033
x 0 33034
p 0 214 33034
x 0 33035
p 0 206 33035
x 0 33036
p 0 211 33036
x 0 33037
p 0 224 33037
x 0 33038
p 0 261 33038
x 0 33039
p 0 212 33039
x 0 33040
p 0 210 33040
x 0 33041
p 0 200 33041
x 0 33042
p 0 206 33042
x 0 33043
p 0 198 33043
x 0 33044
p 0 165 33044
x 0 33045
p 0 180 33045
x 0 33046
p 0 144 33046
x 0 33047
p 0 144 33047
x 0 33048
p 0 142 33048
x 0 33049
p 0 144 33049
x 0 33050
p 0 143 33050
x 0 33051
p 0 148 33051
x 0 33052
p 0 165 33052
x 0 33053
p 0 194 33053
x 0 33054
p 0 203 33054
x 0 33055
p 0 157 33055
x 0 33056
p 0 144 33056
x 0 33057
p 0 203 33057
x 0 33058
p 0 156 33058
x 0 33059
p 0 154 33059
x 0 33060
p 0 198 33060
x 0 33061
p 0 200 33061
x 0 33062
p 0 210 33062
x 0 33000
x 1 33001
h 1 10.0.0.5
p 1 1475 33001
x 2 33002
h 2 10.0.0.5
p 2 221 33002
x 0 33003
h 0 10.0.0.5
p 0 192 33003
x 1 33004
p 1 192 33004
p 0 1001402 33000
x 0 33005
p 0 199 33005
x 0 33006
p 0 228 33006
x 0 33007
p 0 275 33007
x 0 33008
p 0 222 33008
x 0 33009
p 0 256 33009
x 0 33010
p 0 220 33010
x 0 33011
p 0 205 33011
x 0 33012
p 0 206 33012
x 0 33013
p 0 212 33013
x 0 33014
p 0 115 33014
x 0 33015
p 0 217 33015
x 0 33016
p 0 244 33016
x 0 33017
p 0 209 33017
x 0 33018
p 0 218 33018
x 0 33019
p 0 245 33019
x 0 33020
p 0 205 33020
x 0 33021
p 0 206 33021
x 0 33022
p 0 202 33022
x 0 33023
p 0 245 33023
x 0 33024
p 0 212 33024
x 0 33025
p 0 277 33025
x 0 33026
p 0 208 33026
x 0 33027
p 0 262 33027
x 0 33028
p 0 210 33028
x 0 33029
p 0 209 33029
x 0 33030
p 0 282 33030
x 0 33031
p 0 224 33031
x 0 33032
p 0 200 33032
x 0 33033
p 0 209 33033
x 0 33034
p 0 241 33034
x 0 33035
p 0 236 33035
x 0 33036
p 0 207 33036
x 0 33037
p 0 281 33037
x 0 33038
p 0 214 33038
x 0 33039
p 0 205 33039
x 0 33040
p 0 198 33040
x 0 33041
p 0 276 33041
x 0 33042
p 0 227 33042
x 0 33043
p 0 198 33043
x 0 33044
p 0 228 33044
x 0 33045
p 0 204 33045
x 0 33046
p 0 196 33046
x 0 33047
p 0 202 33047
x 0 33048
p 0 201 33048
x 0 33049
p 0 361 33049
x 0 33050
p 0 238 33050
x 0 33051
p 0 191 33051
x 0 33052
p 0 158 33052
x 0 33053
p 0 158 33053
x 0 33054
p 0 188 33054
x 0 33055
p 0 194 33055
x 0 33056
p 0 182 33056
x 0 33057
p 0 186 33057
x 0 33058
p 0 262 33058
x 0 33059
p 0 288 33059
x 0 33060
p 0 260 33060
x 0 33061
p 0 270 33061
x 0 33062
p 0 228 33062
x 0 33000
x 1 33001
h 1 10.0.0.5
p 1 1833 33001
x 2 33002
h 2 10.0.0.5
p 2 194 33002
x 0 33003
h 0 10.0.0.5
p 0 194 33003
x 1 33004
p 1 202 33004
p 0 1009944 33000
x 0 33005
p 0 193 33005
x 0 33006
p 0 202 33006
x 0 33007
p 0 235 33007
x 0 33008
p 0 203 33008
x 0 33009
p 0 238 33009
x 0 33010
p 0 235 33010
x 0 33011
p 0 204 33011
x 0 33012
p 0 203 33012
x 0 33013
p 0 203 33013
x 0 33014
p 0 205 33014
x 0 33015
p 0 206 33015
x 0 33016
p 0 291 33016
x 0 33017
p 0 214 33017
x 0 33018
p 0 245 33018
x 0 33019
p 0 208 33019
x 0 33020
p 0 205 33020
x 0 33021
p 0 212 33021
x 0 33022
p 0 215 33022
x 0 33023
p 0 210 33023
x 0 33024
p 0 213 33024
x 0 33025
p 0 218 33025
x 0 33026
p 0 213 33026
x 0 33027
p 0 213 33027
x 0 33028
p 0 202 33028
x 0 33029
p 0 209 33029
x 0 33030
p 0 210 33030
x 0 33031
p 0 212 33031
x 0 33032
p 0 246 33032
x 0 33033
p 0 216 33033
x 0 33034
p 0 215 33034
x 0 33035
p 0 271 33035
x 0 33036
p 0 227 33036
x 0 33037
p 0 213 33037
x 0 33038
p 0 219 33038
x 0 33039
p 0 229 33039
x 0 33040
p 0 214 33040
x 0 33041
p 0 211 33041
x 0 33042
p 0 250 33042
x 0 33043
p 0 218 33043
x 0 33044
p 0 223 33044
x 0 33045
p 0 211 33045
x 0 33046
p 0 241 33046
x 0 33047
p 0 206 33047
x 0 33048
p 0 167 33048
x 0 33049
p 0 158 33049
x 0 33050
p 0 205 33050
x 0 33051
p 0 150 33051
x 0 33052
p 0 232 33052
x 0 33053
p 0 149 33053
x 0 33054
p 0 250 33054
x 0 33055
p 0 146 33055
x 0 33056
p 0 232 33056
x 0 33057
p 0 145 33057
x 0 33058
p 0 146 33058
x 0 33059
p 0 224 33059
x 0 33060
p 0 201 33060
x 0 33061
p 0 152 33061
x 0 33062
p 0 310 33062
x 0 33000
x 1 33001
h 1 10.0.0.5
p 1 1827 33001
x 2 33002
h 2 10.0.0.5
p 2 212 33002
x 0 33003
h 0 10.0.0.5
p 0 195 33003
x 1 33004
p 1 204 33004
p 0 1031704 33000
x 0 33005
p 0 201 33005
x 0 33006
p 0 195 33006
x 0 33007
p 0 156 33007
x 0 33008
p 0 196 33008
x 0 33009
p 0 179 33009
x 0 33010
p 0 155 33010
x 0 33011
p 0 180 33011
x 0 33012
p 0 175 33012
x 0 33013
p 0 173 33013
x 0 33014
p 0 216 33014
x 0 33015
p 0 179 33015
x 0 33016
p 0 236 33016
x 0 33017
p 0 264 33017
x 0 33018
p 0 205 33018
x 0 33019
p 0 205 33019
x 0 33020
p 0 204 33020
x 0 33021
p 0 208 33021
x 0 33022
p 0 200 33022
x 0 33023
p 0 201 33023
x 0 33024
p 0 201 33024
x 0 33025
p 0 200 33025
x 0 33026
p 0 200 33026
x 0 33027
p 0 201 33027
x 0 33028
p 0 257 33028
x 0 33029
p 0 204 33029
x 0 33030
p 0 225 33030
x 0 33031
p 0 199 33031
x 0 33032
p 0 205 33032
x 0 33033
p 0 204 33033
x 0 33034
p 0 207 33034
x 0 33035
p 0 203 33035
x 0 33036
p 0 200 33036
x 0 33037
p 0 229 33037
x 0 33038
p 0 207 33038
x 0 33039
p 0 209 33039
x 0 33040
p 0 200 33040
x 0 33041
p 0 197 33041
x 0 33042
p 0 200 33042
x 0 33043
p 0 204 33043
x 0 33044
p 0 231 33044
x 0 33045
p 0 198 33045
x 0 33046
p 0 197 33046
x 0 33047
p 0 199 33047
x 0 33048
p 0 204 33048
x 0 33049
p 0 202 33049
x 0 33050
p 0 199 33050
x 0 33051
p 0 226 33051
x 0 33052
p 0 199 33052
x 0 33053
p 0 198 33053
x 0 33054
p 0 208 33054
x 0 33055
p 0 195 33055
x 0 33056
p 0 198 33056
x 0 33057
p 0 203 33057
x 0 33058
p 0 203 33058
x 0 33059
p 0 206 33059
x 0 33060
p 0 198 33060
x 0 33061
p 0 195 33061
x 0 33062
p 0 197 33062
x 0 33000
x 1 33001
h 1 10.0.0.5
p 1 1635 33001
x 2 33002
h 2 10.0.0.5
p 2 194 33002
x 0 33003
h 0 10.0.0.5
p 0 211 33003
x 1 33004
p 1 210 33004
p 0 1026019 33000
x 0 33005
p 0 197 33005
x 0 33006
p 0 240 33006
x 0 33007
p 0 207 33007
x 0 33008
p 0 231 33008
x 0 33009
p 0 205 33009
x 0 33010
p 0 205 33010
x 0 33011
p 0 206 33011
x 0 33012
p 0 202 33012
x 0 33013
p 0 199 33013
x 0 33014
p 0 208 33014
x 0 33015
p 0 205 33015
x 0 33016
p 0 204 33016
x 0 33017
p 0 207 33017
x 0 33018
p 0 206 33018
x 0 33019
p 0 214 33019
x 0 33020
p 0 208 33020
x 0 33021
p 0 210 33021
x 0 33022
p 0 208 33022
x 0 33023
p 0 209 33023
x 0 33024
p 0 218 33024
x 0 33025
p 0 208 33025
x 0 33026
p 0 209 33026
x 0 33027
p 0 272 33027
x 0 33028
p 0 205 33028
x 0 33029
p 0 206 33029
x 0 33030
p 0 211 33030
x 0 33031
p 0 269 33031
x 0 33032
p 0 221 33032
x 0 33033
p 0 217 33033
x 0 33034
p 0 173 33034
x 0 33035
p 0 215 33035
x 0 33036
p 0 215 33036
x 0 33037
p 0 215 33037
x 0 33038
p 0 232 33038
x 0 33039
p 0 208 33039
x 0 33040
p 0 231 33040
x 0 33041
p 0 206 33041
x 0 33042
p 0 202 33042
x 0 33043
p 0 211 33043
x 0 33044
p 0 218 33044
x 0 33045
p 0 206 33045
x 0 33046
p 0 279 33046
x 0 33047
p 0 206 33047
x 0 33048
p 0 213 33048
x 0 33049
p 0 211 33049
x 0 33050
p 0 276 33050
x 0 33051
p 0 302 33051
x 0 33052
p 0 201 33052
x 0 33053
p 0 213 33053
x 0 33054
p 0 214 33054
x 0 33055
p 0 202 33055
x 0 33056
p 0 208 33056
x 0 33057
p 0 211 33057
x 0 33058
p 0 178 33058
x 0 33059
p 0 255 33059
x 0 33060
p 0 229 33060
x 0 33061
p 0 204 33061
x 0 33062
p 0 207 33062
x 0 33000
x 1 33001
h 1 10.0.0.5
p 1 1926 33001
x 2 33002
h 2 10.0.0.5
p 2 248 33002
x 0 33003
h 0 10.0.0.5
p 0 246 33003
x 1 33004
p 1 259 33004
p 0 1021986 33000
x 0 33005
p 0 237 33005
x 0 33006
p 0 244 33006
x 0 33007
p 0 273 33007
x 0 33008
p 0 239 33008
x 0 33009
p 0 237 33009
x 0 33010
p 0 1570 33010
x 0 33011
p 0 278 33011
x 0 33012
p 0 264 33012
x 0 33013
p 0 218 33013
x 0 33014
p 0 267 33014
x 0 33015
p 0 255 33015
x 0 33016
p 0 339 33016
x 0 33017
p 0 236 33017
x 0 33018
p 0 255 33018
x 0 33019
p 0 103 33019
x 0 33020
p 0 244 33020
x 0 33021
p 0 243 33021
x 0 33022
p 0 253 33022
x 0 33023
p 0 214 33023
x 0 33024
p 0 255 33024
x 0 33025
p 0 210 33025
x 0 33026
p 0 240 33026
x 0 33027
p 0 242 33027
x 0 33028
p 0 209 33028
x 0 33029
p 0 245 33029
x 0 33030
p 0 208 33030
x 0 33031
p 0 207 33031
x 0 33032
p 0 247 33032
x 0 33033
p 0 331 33033
x 0 33034
p 0 214 33034
x 0 33035
p 0 214 33035
x 0 33036
p 0 215 33036
x 0 33037
p 0 221 33037
x 0 33038
p 0 265 33038
x 0 33039
p 0 260 33039
x 0 33040
p 0 250 33040
x 0 33041
p 0 240 33041
x 0 33042
p 0 235 33042
x 0 33043
p 0 220 33043
x 0 33044
p 0 223 33044
x 0 33045
p 0 302 33045
x 0 33046
p 0 209 33046
x 0 33047
p 0 215 33047
x 0 33048
p 0 246 33048
x 0 33049
p 0 216 33049
x 0 33050
p 0 216 33050
x 0 33051
p 0 204 33051
x 0 33052
p 0 231 33052
x 0 33053
p 0 222 33053
x 0 33054
p 0 223 33054
x 0 33055
p 0 210 33055
x 0 33056
p 0 203 33056
x 0 33057
p 0 214 33057
x 0 33058
p 0 219 33058
x 0 33059
p 0 223 33059
x 0 33060
p 0 215 33060
x 0 33061
p 0 202 33061
x 0 33062
p 0 215 33062
x 0 33000
x 1 33001
h 1 10.0.0.5
p 1 1687 33001
x 2 33002
h 2 10.0.0.5
p 2 194 33002
x 0 33003
h 0 10.0.0.5
p 0 224 33003
x 1 33004
p 1 228 33004
p 0 1025783 33000
x 0 33005
p 0 202 33005
x 0 33006
p 0 207 33006
x 0 33007
p 0 214 33007
x 0 33008
p 0 265 33008
x 0 33009
p 0 207 33009
x 0 33010
p 0 206 33010
x 0 33011
p 0 210 33011
x 0 33012
p 0 208 33012
x 0 33013
p 0 207 33013
x 0 33014
p 0 207 33014
x 0 33015
p 0 238 33015
x 0 33016
p 0 281 33016
x 0 33017
p 0 216 33017
x 0 33018
p 0 208 33018
x 0 33019
p 0 210 33019
x 0 33020
p 0 258 33020
x 0 33021
p 0 227 33021
x 0 33022
p 0 215 33022
x 0 33023
p 0 133 33023
x 0 33024
p 0 150 33024
x 0 33025
p 0 187 33025
x 0 33026
p 0 209 33026
x 0 33027
p 0 207 33027
x 0 33028
p 0 199 33028
x 0 33029
p 0 204 33029
x 0 33030
p 0 267 33030
x 0 33031
p 0 209 33031
x 0 33032
p 0 214 33032
x 0 33033
p 0 208 33033
x 0 33034
p 0 212 33034
x 0 33035
p 0 209 33035
x 0 33036
p 0 210 33036
x 0 33037
p 0 245 33037
x 0 33038
p 0 203 33038
x 0 33039
p 0 208 33039
x 0 33040
p 0 211 33040
x 0 33041
p 0 209 33041
x 0 33042
p 0 203 33042
x 0 33043
p 0 204 33043
x 0 33044
p 0 247 33044
x 0 33045
p 0 206 33045
x 0 33046
p 0 235 33046
x 0 33047
p 0 205 33047
x 0 33048
p 0 199 33048
x 0 33049
p 0 210 33049
x 0 33050
p 0 207 33050
x 0 33051
p 0 525 33051
x 0 33052
p 0 431 33052
x 0 33053
p 0 360 33053
x 0 33054
p 0 378 33054
x 0 33055
p 0 361 33055
x 0 33056
p 0 224 33056
x 0 33057
p 0 270 33057
x 0 33058
p 0 233 33058
x 0 33059
p 0 251 33059
x 0 33060
p 0 210 33060
x 0 33061
p 0 226 33061
x 0 33062
p 0 209 33062
x 0 33000
x 1 33001
h 1 10.0.0.5
p 1 1952 33001
x 2 33002
h 2 10.0.0.5
p 2 245 33002
x 0 33003
h 0 10.0.0.5
p 0 206 33003
x 1 33004
p 1 207 33004
p 0 1004761 33000
x 0 33005
p 0 200 33005
x 0 33006
p 0 203 33006
x 0 33007
p 0 206 33007
x 0 33008
p 0 207 33008
x 0 33009
p 0 201 33009
x 0 33010
p 0 203 33010
x 0 33011
p 0 208 33011
x 0 33012
p 0 202 33012
x 0 33013
p 0 203 33013
x 0 33014
p 0 206 33014
x 0 33015
p 0 205 33015
x 0 33016
p 0 252 33016
x 0 33017
p 0 210 33017
x 0 33018
p 0 209 33018
x 0 33019
p 0 211 33019
x 0 33020
p 0 212 33020
x 0 33021
p 0 219 33021
x 0 33022
p 0 209 33022
x 0 33023
p 0 217 33023
x 0 33024
p 0 217 33024
x 0 33025
p 0 214 33025
x 0 33026
p 0 209 33026
x 0 33027
p 0 217 33027
x 0 33028
p 0 202 33028
x 0 33029
p 0 220 33029
x 0 33030
p 0 209 33030
x 0 33031
p 0 241 33031
x 0 33032
p 0 209 33032
x 0 33033
p 0 208 33033
x 0 33034
p 0 221 33034
x 0 33035
p 0 210 33035
x 0 33036
p 0 217 33036
x 0 33037
p 0 217 33037
x 0 33038
p 0 271 33038
x 0 33039
p 0 232 33039
x 0 33040
p 0 221 33040
x 0 33041
p 0 213 33041
x 0 33042
p 0 212 33042
x 0 33043
p 0 223 33043
x 0 33044
p 0 220 33044
x 0 33045
p 0 223 33045
x 0 33046
p 0 233 33046
x 0 33047
p 0 212 33047
x 0 33048
p 0 234 33048
x 0 33049
p 0 229 33049
x 0 33050
p 0 219 33050
x 0 33051
p 0 220 33051
x 0 33052
p 0 212 33052
x 0 33053
p 0 223 33053
x 0 33054
p 0 217 33054
x 0 33055
p 0 218 33055
x 0 33056
p 0 211 33056
x 0 33057
p 0 215 33057
x 0 33058
p 0 222 33058
x 0 33059
p 0 221 33059
x 0 33060
p 0 214 33060
x 0 33061
p 0 216 33061
x 0 33062
p 0 239 33062
x 0 33000
x 1 33001
h 1 10.0.0.5
p 1 1874 33001
x 2 33002
h 2 10.0.0.5
p 2 420 33002
x 0 33003
h 0 10.0.0.5
p 0 255 33003
x 1 33004
p 1 261 33004
p 0 1009042 33000
x 0 33005
p 0 255 33005
x 0 33006
p 0 279 33006
x 0 33007
p 0 262 33007
x 0 33008
p 0 292 33008
x 0 33009
p 0 252 33009
x 0 33010
p 0 251 33010
x 0 33011
p 0 259 33011
x 0 33012
p 0 256 33012
x 0 33013
p 0 202 33013
x 0 33014
p 0 245 33014
x 0 33015
p 0 274 33015
x 0 33016
p 0 262 33016
x 0 33017
p 0 226 33017
x 0 33018
p 0 241 33018
x 0 33019
p 0 200 33019
x 0 33020
p 0 174 33020
x 0 33021
p 0 228 33021
x 0 33022
p 0 178 33022
x 0 33023
p 0 204 33023
x 0 33024
p 0 190 33024
x 0 33025
p 0 220 33025
x 0 33026
p 0 213 33026
x 0 33027
p 0 242 33027
x 0 33028
p 0 148 33028
x 0 33029
p 0 194 33029
x 0 33030
p 0 178 33030
x 0 33031
p 0 181 33031
x 0 33032
p 0 210 33032
x 0 33033
p 0 208 33033
x 0 33034
p 0 210 33034
x 0 33035
p 0 211 33035
x 0 33036
p 0 205 33036
x 0 33037
p 0 209 33037
x 0 33038
p 0 204 33038
x 0 33039
p 0 233 33039
x 0 33040
p 0 205 33040
x 0 33041
p 0 203 33041
x 0 33042
p 0 203 33042
x 0 33043
p 0 201 33043
x 0 33044
p 0 201 33044
x 0 33045
p 0 233 33045
x 0 33046
p 0 197 33046
x 0 33047
p 0 202 33047
x 0 33048
p 0 204 33048
x 0 33049
p 0 233 33049
x 0 33050
p 0 205 33050
x 0 33051
p 0 205 33051
x 0 33052
p 0 208 33052
x 0 33053
p 0 201 33053
x 0 33054
p 0 203 33054
x 0 33055
p 0 203 33055
x 0 33056
p 0 203 33056
x 0 33057
p 0 207 33057
x 0 33058
p 0 201 33058
x 0 33059
p 0 208 33059
x 0 33060
p 0 202 33060
x 0 33061
p 0 200 33061
x 0 33062
p 0 205 33062
x 0 33000
x 1 33001
h 1 10.0.0.5
p 1 1780 33001
x 2 33002
h 2 10.0.0.5
p 2 195 33002
x 0 33003
h 0 10.0.0.5
p 0 194 33003
x 1 33004
p 1 191 33004
p 0 1011367 33000
x 0 33005
p 0 201 33005
x 0 33006
p 0 163 33006
x 0 33007
p 0 302 33007
x 0 33008
p 0 227 33008
x 0 33009
p 0 231 33009
x 0 33010
p 0 227 33010
x 0 33011
p 0 219 33011
x 0 33012
p 0 229 33012
x 0 33013
p 0 222 33013
x 0 33014
p 0 277 33014
x 0 33015
p 0 214 33015
x 0 33016
p 0 214 33016
x 0 33017
p 0 221 33017
x 0 33018
p 0 246 33018
x 0 33019
p 0 215 33019
x 0 33020
p 0 273 33020
x 0 33021
p 0 240 33021
x 0 33022
p 0 235 33022
x 0 33023
p 0 212 33023
x 0 33024
p 0 208 33024
x 0 33025
p 0 209 33025
x 0 33026
p 0 206 33026
x 0 33027
p 0 207 33027
x 0 33028
p 0 253 33028
x 0 33029
p 0 286 33029
x 0 33030
p 0 245 33030
x 0 33031
p 0 208 33031
x 0 33032
p 0 213 33032
x 0 33033
p 0 212 33033
x 0 33034
p 0 213 33034
x 0 33035
p 0 221 33035
x 0 33036
p 0 200 33036
x 0 33037
p 0 203 33037
x 0 33038
p 0 197 33038
x 0 33039
p 0 201 33039
x 0 33040
p 0 215 33040
x 0 33041
p 0 202 33041
x 0 33042
p 0 238 33042
x 0 33043
p 0 196 33043
x 0 33044
p 0 199 33044
x 0 33045
p 0 141 33045
x 0 33046
p 0 197 33046
x 0 33047
p 0 202 33047
x 0 33048
p 0 144 33048
x 0 33049
p 0 142 33049
x 0 33050
p 0 212 33050
x 0 33051
p 0 196 33051
x 0 33052
p 0 146 33052
x 0 33053
p 0 204 33053
x 0 33054
p 0 202 33054
x 0 33055
p 0 215 33055
x 0 33056
p 0 255 33056
x 0 33057
p 0 147 33057
x 0 33058
p 0 147 33058
x 0 33059
p 0 200 33059
x 0 33060
p 0 147 33060
x 0 33061
p 0 299 33061
x 0 33062
p 0 211 33062
