x 0 33000
x 1 33001
h 0 10.0.0.11
p 0 190380 33000
h 1 10.0.0.11
p 1 92243 33001
x 2 33002
h 2 10.0.0.11
p 2 37854 33002
x 0 33003
p 0 796 33003
x 0 33004
p 0 209 33004
x 0 33005
p 0 206 33005
x 0 33006
p 0 211 33006
x 0 33007
p 0 216 33007
x 0 33008
p 0 201 33008
x 0 33009
p 0 196 33009
x 0 33010
p 0 196 33010
x 0 33011
p 0 198 33011
x 0 33012
p 0 195 33012
x 0 33013
p 0 198 33013
x 0 33014
p 0 192 33014
x 0 33015
p 0 189 33015
x 0 33016
p 0 225 33016
x 0 33017
p 0 198 33017
x 0 33018
p 0 192 33018
x 0 33019
p 0 196 33019
x 0 33020
p 0 196 33020
x 0 33021
p 0 196 33021
x 0 33022
p 0 202 33022
x 0 33023
p 0 220 33023
x 0 33024
p 0 196 33024
x 0 33025
p 0 199 33025
x 0 33026
p 0 196 33026
x 0 33027
p 0 205 33027
x 0 33028
p 0 204 33028
x 0 33029
p 0 200 33029
x 0 33030
p 0 202 33030
x 0 33031
p 0 200 33031
x 0 33032
p 0 199 33032
x 0 33033
p 0 194 33033
x 0 33034
p 0 194 33034
x 0 33035
p 0 190 33035
x 0 33036
p 0 165 33036
x 0 33037
p 0 193 33037
x 0 33038
p 0 192 33038
x 0 33039
p 0 191 33039
x 0 33040
p 0 192 33040
x 0 33041
p 0 193 33041
x 0 33042
p 0 166 33042
x 0 33043
p 0 194 33043
x 0 33044
p 0 194 33044
x 0 33045
p 0 188 33045
x 0 33046
p 0 284 33046
x 0 33047
p 0 229 33047
x 0 33048
p 0 213 33048
x 0 33049
p 0 192 33049
x 0 33050
p 0 170 33050
x 0 33051
p 0 165 33051
x 0 33052
p 0 201 33052
x 0 33053
p 0 167 33053
x 0 33054
p 0 169 33054
x 0 33055
p 0 165 33055
x 0 33056
p 0 203 33056
x 0 33057
p 0 170 33057
x 0 33058
p 0 167 33058
x 0 33059
p 0 169 33059
x 0 33060
p 0 168 33060
x 0 33061
p 0 166 33061
x 0 33000
h 0 10.0.0.11
p 0 529 33000
x 1 33001
h 1 10.0.0.11
p 1 189 33001
x 0 33002
p 0 199 33002
x 0 33003
p 0 205 33003
x 0 33004
p 0 200 33004
x 0 33005
p 0 196 33005
x 0 33006
p 0 245 33006
x 0 33007
p 0 196 33007
x 0 33008
p 0 196 33008
x 0 33009
p 0 202 33009
x 0 33010
p 0 198 33010
x 0 33011
p 0 199 33011
x 0 33012
p 0 196 33012
x 0 33013
p 0 195 33013
x 0 33014
p 0 209 33014
x 0 33015
p 0 198 33015
x 0 33016
p 0 224 33016
x 0 33017
p 0 197 33017
x 0 33018
p 0 197 33018
x 0 33019
p 0 201 33019
x 0 33020
p 0 171 33020
x 0 33021
p 0 157 33021
x 0 33022
p 0 236 33022
x 0 33023
p 0 188 33023
x 0 33024
p 0 266 33024
x 0 33025
p 0 199 33025
x 0 33026
p 0 309 33026
x 0 33027
p 0 282 33027
x 0 33028
p 0 290 33028
x 0 33029
p 0 290 33029
x 0 33030
p 0 118 33030
x 0 33031
p 0 113 33031
x 0 33032
p 0 165 33032
x 0 33033
p 0 136 33033
x 0 33034
p 0 130 33034
x 0 33035
p 0 105 33035
x 0 33036
p 0 168 33036
x 0 33037
p 0 137 33037
x 0 33038
p 0 124 33038
x 0 33039
p 0 141 33039
x 0 33040
p 0 136 33040
x 0 33041
p 0 135 33041
x 0 33042
p 0 144 33042
x 0 33043
p 0 192 33043
x 0 33044
p 0 137 33044
x 0 33045
p 0 99 33045
x 0 33046
p 0 198 33046
x 0 33047
p 0 145 33047
x 0 33048
p 0 145 33048
x 0 33049
p 0 171 33049
x 0 33050
p 0 123 33050
x 0 33051
p 0 198 33051
x 0 33052
p 0 146 33052
x 0 33053
p 0 140 33053
x 0 33054
p 0 255 33054
x 0 33055
p 0 387 33055
x 0 33056
p 0 143 33056
x 0 33057
p 0 142 33057
x 0 33058
p 0 147 33058
x 0 33059
p 0 196 33059
x 0 33060
p 0 140 33060
x 0 33000
h 0 10.0.0.11
p 0 467 33000
x 1 33001
h 1 10.0.0.11
p 1 210 33001
x 0 33002
p 0 177 33002
x 0 33003
p 0 197 33003
x 0 33004
p 0 123 33004
x 0 33005
p 0 198 33005
x 0 33006
p 0 195 33006
x 0 33007
p 0 173 33007
x 0 33008
p 0 169 33008
x 0 33009
p 0 177 33009
x 0 33010
p 0 172 33010
x 0 33011
p 0 166 33011
x 0 33012
p 0 166 33012
x 0 33013
p 0 172 33013
x 0 33014
p 0 177 33014
x 0 33015
p 0 165 33015
x 0 33016
p 0 168 33016
x 0 33017
p 0 223 33017
x 0 33018
p 0 173 33018
x 0 33019
p 0 197 33019
x 0 33020
p 0 172 33020
x 0 33021
p 0 171 33021
x 0 33022
p 0 171 33022
x 0 33023
p 0 199 33023
x 0 33024
p 0 171 33024
x 0 33025
p 0 163 33025
x 0 33026
p 0 202 33026
x 0 33027
p 0 197 33027
x 0 33028
p 0 194 33028
x 0 33029
p 0 176 33029
x 0 33030
p 0 199 33030
x 0 33031
p 0 192 33031
x 0 33032
p 0 193 33032
x 0 33033
p 0 193 33033
x 0 33034
p 0 195 33034
x 0 33035
p 0 230 33035
x 0 33036
p 0 196 33036
x 0 33037
p 0 195 33037
x 0 33038
p 0 195 33038
x 0 33039
p 0 197 33039
x 0 33040
p 0 196 33040
x 0 33041
p 0 280 33041
x 0 33042
p 0 196 33042
x 0 33043
p 0 194 33043
x 0 33044
p 0 199 33044
x 0 33045
p 0 200 33045
x 0 33046
p 0 194 33046
x 0 33047
p 0 193 33047
x 0 33048
p 0 197 33048
x 0 33049
p 0 195 33049
x 0 33050
p 0 197 33050
x 0 33051
p 0 197 33051
x 0 33052
p 0 178 33052
x 0 33053
p 0 193 33053
x 0 33054
p 0 198 33054
x 0 33055
p 0 194 33055
x 0 33056
p 0 198 33056
x 0 33057
p 0 195 33057
x 0 33058
p 0 194 33058
x 0 33059
p 0 196 33059
x 0 33060
p 0 194 33060
x 0 33000
h 0 10.0.0.11
p 0 600 33000
x 1 33001
h 1 10.0.0.11
p 1 166 33001
x 0 33002
p 0 604 33002
x 0 33003
p 0 190 33003
x 0 33004
p 0 199 33004
x 0 33005
p 0 201 33005
x 0 33006
p 0 233 33006
x 0 33007
p 0 200 33007
x 0 33008
p 0 195 33008
x 0 33009
p 0 198 33009
x 0 33010
p 0 197 33010
x 0 33011
p 0 195 33011
x 0 33012
p 0 235 33012
x 0 33013
p 0 195 33013
x 0 33014
p 0 197 33014
x 0 33015
p 0 200 33015
x 0 33016
p 0 197 33016
x 0 33017
p 0 197 33017
x 0 33018
p 0 197 33018
x 0 33019
p 0 236 33019
x 0 33020
p 0 196 33020
x 0 33021
p 0 196 33021
x 0 33022
p 0 199 33022
x 0 33023
p 0 199 33023
x 0 33024
p 0 131 33024
x 0 33025
p 0 201 33025
x 0 33026
p 0 269 33026
x 0 33027
p 0 199 33027
x 0 33028
p 0 203 33028
x 0 33029
p 0 202 33029
x 0 33030
p 0 257 33030
x 0 33031
p 0 258 33031
x 0 33032
p 0 254 33032
x 0 33033
p 0 297 33033
x 0 33034
p 0 172 33034
x 0 33035
p 0 170 33035
x 0 33036
p 0 185 33036
x 0 33037
p 0 172 33037
x 0 33038
p 0 201 33038
x 0 33039
p 0 171 33039
x 0 33040
p 0 193 33040
x 0 33041
p 0 172 33041
x 0 33042
p 0 177 33042
x 0 33043
p 0 170 33043
x 0 33044
p 0 180 33044
x 0 33045
p 0 175 33045
x 0 33046
p 0 190 33046
x 0 33047
p 0 197 33047
x 0 33048
p 0 145 33048
x 0 33049
p 0 196 33049
x 0 33050
p 0 143 33050
x 0 33051
p 0 142 33051
x 0 33052
p 0 194 33052
x 0 33053
p 0 194 33053
x 0 33054
p 0 147 33054
x 0 33055
p 0 202 33055
x 0 33056
p 0 208 33056
x 0 33057
p 0 146 33057
x 0 33058
p 0 147 33058
x 0 33059
p 0 152 33059
x 0 33060
p 0 147 33060
x 0 33000
h 0 10.0.0.11
p 0 948 33000
x 1 33001
h 1 10.0.0.11
p 1 193 33001
x 0 33002
p 0 302 33002
x 0 33003
p 0 202 33003
x 0 33004
p 0 203 33004
x 0 33005
p 0 198 33005
x 0 33006
p 0 232 33006
x 0 33007
p 0 199 33007
x 0 33008
p 0 199 33008
x 0 33009
p 0 196 33009
x 0 33010
p 0 198 33010
x 0 33011
p 0 194 33011
x 0 33012
p 0 252 33012
x 0 33013
p 0 196 33013
x 0 33014
p 0 199 33014
x 0 33015
p 0 195 33015
x 0 33016
p 0 195 33016
x 0 33017
p 0 195 33017
x 0 33018
p 0 173 33018
x 0 33019
p 0 184 33019
x 0 33020
p 0 216 33020
x 0 33021
p 0 200 33021
x 0 33022
p 0 200 33022
x 0 33023
p 0 257 33023
x 0 33024
p 0 256 33024
x 0 33025
p 0 237 33025
x 0 33026
p 0 204 33026
x 0 33027
p 0 199 33027
x 0 33028
p 0 200 33028
x 0 33029
p 0 239 33029
x 0 33030
p 0 215 33030
x 0 33031
p 0 203 33031
x 0 33032
p 0 201 33032
x 0 33033
p 0 200 33033
x 0 33034
p 0 201 33034
x 0 33035
p 0 207 33035
x 0 33036
p 0 200 33036
x 0 33037
p 0 198 33037
x 0 33038
p 0 234 33038
x 0 33039
p 0 210 33039
x 0 33040
p 0 200 33040
x 0 33041
p 0 204 33041
x 0 33042
p 0 198 33042
x 0 33043
p 0 205 33043
x 0 33044
p 0 203 33044
x 0 33045
p 0 234 33045
x 0 33046
p 0 200 33046
x 0 33047
p 0 202 33047
x 0 33048
p 0 199 33048
x 0 33049
p 0 202 33049
x 0 33050
p 0 206 33050
x 0 33051
p 0 201 33051
x 0 33052
p 0 235 33052
x 0 33053
p 0 201 33053
x 0 33054
p 0 200 33054
x 0 33055
p 0 206 33055
x 0 33056
p 0 200 33056
x 0 33057
p 0 281 33057
x 0 33058
p 0 190 33058
x 0 33059
p 0 186 33059
x 0 33060
p 0 193 33060
x 0 33000
h 0 10.0.0.11
p 0 436 33000
x 1 33001
h 1 10.0.0.11
p 1 224 33001
x 0 33002
p 0 254 33002
x 0 33003
p 0 305 33003
x 0 33004
p 0 196 33004
x 0 33005
p 0 253 33005
x 0 33006
p 0 200 33006
x 0 33007
p 0 204 33007
x 0 33008
p 0 200 33008
x 0 33009
p 0 200 33009
x 0 33010
p 0 197 33010
x 0 33011
p 0 267 33011
x 0 33012
p 0 229 33012
x 0 33013
p 0 194 33013
x 0 33014
p 0 204 33014
x 0 33015
p 0 199 33015
x 0 33016
p 0 196 33016
x 0 33017
p 0 193 33017
x 0 33018
p 0 197 33018
x 0 33019
p 0 197 33019
x 0 33020
p 0 195 33020
x 0 33021
p 0 197 33021
x 0 33022
p 0 200 33022
x 0 33023
p 0 195 33023
x 0 33024
p 0 177 33024
x 0 33025
p 0 174 33025
x 0 33026
p 0 194 33026
x 0 33027
p 0 198 33027
x 0 33028
p 0 199 33028
x 0 33029
p 0 198 33029
x 0 33030
p 0 195 33030
x 0 33031
p 0 187 33031
x 0 33032
p 0 199 33032
x 0 33033
p 0 193 33033
x 0 33034
p 0 193 33034
x 0 33035
p 0 196 33035
x 0 33036
p 0 198 33036
x 0 33037
p 0 228 33037
x 0 33038
p 0 197 33038
x 0 33039
p 0 197 33039
x 0 33040
p 0 201 33040
x 0 33041
p 0 218 33041
x 0 33042
p 0 200 33042
x 0 33043
p 0 201 33043
x 0 33044
p 0 197 33044
x 0 33045
p 0 310 33045
x 0 33046
p 0 389 33046
x 0 33047
p 0 314 33047
x 0 33048
p 0 182 33048
x 0 33049
p 0 157 33049
x 0 33050
p 0 155 33050
x 0 33051
p 0 154 33051
x 0 33052
p 0 147 33052
x 0 33053
p 0 179 33053
x 0 33054
p 0 161 33054
x 0 33055
p 0 150 33055
x 0 33056
p 0 198 33056
x 0 33057
p 0 187 33057
x 0 33058
p 0 150 33058
x 0 33059
p 0 154 33059
x 0 33060
p 0 151 33060
x 0 33000
h 0 10.0.0.11
p 0 817 33000
x 1 33001
h 1 10.0.0.11
p 1 191 33001
x 0 33002
p 0 223 33002
x 0 33003
p 0 195 33003
x 0 33004
p 0 195 33004
x 0 33005
p 0 221 33005
x 0 33006
p 0 228 33006
x 0 33007
p 0 225 33007
x 0 33008
p 0 187 33008
x 0 33009
p 0 213 33009
x 0 33010
p 0 193 33010
x 0 33011
p 0 187 33011
x 0 33012
p 0 193 33012
x 0 33013
p 0 189 33013
x 0 33014
p 0 188 33014
x 0 33015
p 0 191 33015
x 0 33016
p 0 189 33016
x 0 33017
p 0 191 33017
x 0 33018
p 0 187 33018
x 0 33019
p 0 187 33019
x 0 33020
p 0 189 33020
x 0 33021
p 0 186 33021
x 0 33022
p 0 193 33022
x 0 33023
p 0 200 33023
x 0 33024
p 0 193 33024
x 0 33025
p 0 166 33025
x 0 33026
p 0 164 33026
x 0 33027
p 0 198 33027
x 0 33028
p 0 199 33028
x 0 33029
p 0 162 33029
x 0 33030
p 0 164 33030
x 0 33031
p 0 161 33031
x 0 33032
p 0 159 33032
x 0 33033
p 0 161 33033
x 0 33034
p 0 168 33034
x 0 33035
p 0 162 33035
x 0 33036
p 0 162 33036
x 0 33037
p 0 85 33037
x 0 33038
p 0 176 33038
x 0 33039
p 0 147 33039
x 0 33040
p 0 154 33040
x 0 33041
p 0 148 33041
x 0 33042
p 0 190 33042
x 0 33043
p 0 191 33043
x 0 33044
p 0 206 33044
x 0 33045
p 0 223 33045
x 0 33046
p 0 152 33046
x 0 33047
p 0 155 33047
x 0 33048
p 0 148 33048
x 0 33049
p 0 159 33049
x 0 33050
p 0 153 33050
x 0 33051
p 0 188 33051
x 0 33052
p 0 191 33052
x 0 33053
p 0 188 33053
x 0 33054
p 0 190 33054
x 0 33055
p 0 194 33055
x 0 33056
p 0 205 33056
x 0 33057
p 0 193 33057
x 0 33058
p 0 193 33058
x 0 33059
p 0 196 33059
x 0 33060
p 0 231 33060
x 0 33000
h 0 10.0.0.11
p 0 1001 33000
x 1 33001
h 1 10.0.0.11
p 1 197 33001
x 0 33002
p 0 194 33002
x 0 33003
p 0 232 33003
x 0 33004
p 0 198 33004
x 0 33005
p 0 197 33005
x 0 33006
p 0 193 33006
x 0 33007
p 0 193 33007
x 0 33008
p 0 192 33008
x 0 33009
p 0 219 33009
x 0 33010
p 0 193 33010
x 0 33011
p 0 196 33011
x 0 33012
p 0 193 33012
x 0 33013
p 0 190 33013
x 0 33014
p 0 192 33014
x 0 33015
p 0 192 33015
x 0 33016
p 0 220 33016
x 0 33017
p 0 188 33017
x 0 33018
p 0 188 33018
x 0 33019
p 0 192 33019
x 0 33020
p 0 192 33020
x 0 33021
p 0 190 33021
x 0 33022
p 0 193 33022
x 0 33023
p 0 192 33023
x 0 33024
p 0 192 33024
x 0 33025
p 0 191 33025
x 0 33026
p 0 192 33026
x 0 33027
p 0 192 33027
x 0 33028
p 0 191 33028
x 0 33029
p 0 189 33029
x 0 33030
p 0 190 33030
x 0 33031
p 0 186 33031
x 0 33032
p 0 189 33032
x 0 33033
p 0 189 33033
x 0 33034
p 0 190 33034
x 0 33035
p 0 196 33035
x 0 33036
p 0 192 33036
x 0 33037
p 0 194 33037
x 0 33038
p 0 239 33038
x 0 33039
p 0 196 33039
x 0 33040
p 0 197 33040
x 0 33041
p 0 195 33041
x 0 33042
p 0 194 33042
x 0 33043
p 0 199 33043
x 0 33044
p 0 195 33044
x 0 33045
p 0 192 33045
x 0 33046
p 0 188 33046
x 0 33047
p 0 188 33047
x 0 33048
p 0 191 33048
x 0 33049
p 0 188 33049
x 0 33050
p 0 188 33050
x 0 33051
p 0 187 33051
x 0 33052
p 0 190 33052
x 0 33053
p 0 189 33053
x 0 33054
p 0 190 33054
x 0 33055
p 0 192 33055
x 0 33056
p 0 221 33056
x 0 33057
p 0 193 33057
x 0 33058
p 0 190 33058
x 0 33059
p 0 109 33059
x 0 33060
p 0 189 33060
x 0 33000
h 0 10.0.0.11
p 0 432 33000
x 1 33001
h 1 10.0.0.11
p 1 191 33001
x 0 33002
p 0 205 33002
x 0 33003
p 0 198 33003
x 0 33004
p 0 196 33004
x 0 33005
p 0 195 33005
x 0 33006
p 0 195 33006
x 0 33007
p 0 254 33007
x 0 33008
p 0 191 33008
x 0 33009
p 0 223 33009
x 0 33010
p 0 195 33010
x 0 33011
p 0 194 33011
x 0 33012
p 0 196 33012
x 0 33013
p 0 192 33013
x 0 33014
p 0 196 33014
x 0 33015
p 0 195 33015
x 0 33016
p 0 197 33016
x 0 33017
p 0 195 33017
x 0 33018
p 0 191 33018
x 0 33019
p 0 193 33019
x 0 33020
p 0 196 33020
x 0 33021
p 0 169 33021
x 0 33022
p 0 196 33022
x 0 33023
p 0 196 33023
x 0 33024
p 0 195 33024
x 0 33025
p 0 192 33025
x 0 33026
p 0 192 33026
x 0 33027
p 0 194 33027
x 0 33028
p 0 191 33028
x 0 33029
p 0 192 33029
x 0 33030
p 0 194 33030
x 0 33031
p 0 196 33031
x 0 33032
p 0 192 33032
x 0 33033
p 0 191 33033
x 0 33034
p 0 194 33034
x 0 33035
p 0 193 33035
x 0 33036
p 0 172 33036
x 0 33037
p 0 192 33037
x 0 33038
p 0 154 33038
x 0 33039
p 0 193 33039
x 0 33040
p 0 194 33040
x 0 33041
p 0 148 33041
x 0 33042
p 0 152 33042
x 0 33043
p 0 194 33043
x 0 33044
p 0 192 33044
x 0 33045
p 0 229 33045
x 0 33046
p 0 193 33046
x 0 33047
p 0 287 33047
x 0 33048
p 0 255 33048
x 0 33049
p 0 148 33049
x 0 33050
p 0 152 33050
x 0 33051
p 0 151 33051
x 0 33052
p 0 145 33052
x 0 33053
p 0 194 33053
x 0 33054
p 0 193 33054
x 0 33055
p 0 189 33055
x 0 33056
p 0 192 33056
x 0 33057
p 0 233 33057
x 0 33058
p 0 191 33058
x 0 33059
p 0 192 33059
x 0 33060
p 0 191 33060
x 0 33000
h 0 10.0.0.11
p 0 444 33000
x 1 33001
h 1 10.0.0.11
p 1 186 33001
x 0 33002
p 0 200 33002
x 0 33003
p 0 196 33003
x 0 33004
p 0 201 33004
x 0 33005
p 0 200 33005
x 0 33006
p 0 201 33006
x 0 33007
p 0 195 33007
x 0 33008
p 0 183 33008
x 0 33009
p 0 258 33009
x 0 33010
p 0 201 33010
x 0 33011
p 0 198 33011
x 0 33012
p 0 197 33012
x 0 33013
p 0 197 33013
x 0 33014
p 0 196 33014
x 0 33015
p 0 201 33015
x 0 33016
p 0 380 33016
x 0 33017
p 0 196 33017
x 0 33018
p 0 200 33018
x 0 33019
p 0 199 33019
x 0 33020
p 0 202 33020
x 0 33021
p 0 196 33021
x 0 33022
p 0 201 33022
x 0 33023
p 0 195 33023
x 0 33024
p 0 196 33024
x 0 33025
p 0 201 33025
x 0 33026
p 0 202 33026
x 0 33027
p 0 191 33027
x 0 33028
p 0 202 33028
x 0 33029
p 0 200 33029
x 0 33030
p 0 199 33030
x 0 33031
p 0 198 33031
x 0 33032
p 0 194 33032
x 0 33033
p 0 224 33033
x 0 33034
p 0 192 33034
x 0 33035
p 0 198 33035
x 0 33036
p 0 200 33036
x 0 33037
p 0 195 33037
x 0 33038
p 0 196 33038
x 0 33039
p 0 194 33039
x 0 33040
p 0 196 33040
x 0 33041
p 0 199 33041
x 0 33042
p 0 196 33042
x 0 33043
p 0 221 33043
x 0 33044
p 0 194 33044
x 0 33045
p 0 198 33045
x 0 33046
p 0 195 33046
x 0 33047
p 0 195 33047
x 0 33048
p 0 196 33048
x 0 33049
p 0 196 33049
x 0 33050
p 0 193 33050
x 0 33051
p 0 196 33051
x 0 33052
p 0 194 33052
x 0 33053
p 0 196 33053
x 0 33054
p 0 193 33054
x 0 33055
p 0 197 33055
x 0 33056
p 0 208 33056
x 0 33057
p 0 197 33057
x 0 33058
p 0 195 33058
x 0 33059
p 0 196 33059
x 0 33060
p 0 193 33060
x 0 33000
h 0 10.0.0.11
p 0 450 33000
x 1 33001
h 1 10.0.0.11
p 1 195 33001
x 0 33002
p 0 189 33002
x 0 33003
p 0 237 33003
x 0 33004
p 0 187 33004
x 0 33005
p 0 194 33005
x 0 33006
p 0 189 33006
x 0 33007
p 0 188 33007
x 0 33008
p 0 187 33008
x 0 33009
p 0 189 33009
x 0 33010
p 0 193 33010
x 0 33011
p 0 163 33011
x 0 33012
p 0 187 33012
x 0 33013
p 0 186 33013
x 0 33014
p 0 185 33014
x 0 33015
p 0 189 33015
x 0 33016
p 0 189 33016
x 0 33017
p 0 195 33017
x 0 33018
p 0 187 33018
x 0 33019
p 0 157 33019
x 0 33020
p 0 188 33020
x 0 33021
p 0 188 33021
x 0 33022
p 0 188 33022
x 0 33023
p 0 187 33023
x 0 33024
p 0 187 33024
x 0 33025
p 0 111 33025
x 0 33026
p 0 190 33026
x 0 33027
p 0 193 33027
x 0 33028
p 0 219 33028
x 0 33029
p 0 220 33029
x 0 33030
p 0 194 33030
x 0 33031
p 0 188 33031
x 0 33032
p 0 187 33032
x 0 33033
p 0 160 33033
x 0 33034
p 0 188 33034
x 0 33035
p 0 187 33035
x 0 33036
p 0 189 33036
x 0 33037
p 0 162 33037
x 0 33038
p 0 157 33038
x 0 33039
p 0 161 33039
x 0 33040
p 0 164 33040
x 0 33041
p 0 158 33041
x 0 33042
p 0 159 33042
x 0 33043
p 0 157 33043
x 0 33044
p 0 258 33044
x 0 33045
p 0 163 33045
x 0 33046
p 0 161 33046
x 0 33047
p 0 172 33047
x 0 33048
p 0 190 33048
x 0 33049
p 0 161 33049
x 0 33050
p 0 163 33050
x 0 33051
p 0 192 33051
x 0 33052
p 0 189 33052
x 0 33053
p 0 161 33053
x 0 33054
p 0 159 33054
x 0 33055
p 0 192 33055
x 0 33056
p 0 187 33056
x 0 33057
p 0 164 33057
x 0 33058
p 0 159 33058
x 0 33059
p 0 163 33059
x 0 33060
p 0 188 33060
x 0 33000
h 0 10.0.0.11
p 0 1205 33000
x 1 33001
h 1 10.0.0.11
p 1 191 33001
x 0 33002
p 0 193 33002
x 0 33003
p 0 260 33003
x 0 33004
p 0 316 33004
x 0 33005
p 0 256 33005
x 0 33006
p 0 193 33006
x 0 33007
p 0 198 33007
x 0 33008
p 0 190 33008
x 0 33009
p 0 79 33009
x 0 33010
p 0 169 33010
x 0 33011
p 0 194 33011
x 0 33012
p 0 193 33012
x 0 33013
p 0 191 33013
x 0 33014
p 0 193 33014
x 0 33015
p 0 192 33015
x 0 33016
p 0 192 33016
x 0 33017
p 0 192 33017
x 0 33018
p 0 167 33018
x 0 33019
p 0 195 33019
x 0 33020
p 0 163 33020
x 0 33021
p 0 196 33021
x 0 33022
p 0 197 33022
x 0 33023
p 0 171 33023
x 0 33024
p 0 169 33024
x 0 33025
p 0 194 33025
x 0 33026
p 0 166 33026
x 0 33027
p 0 194 33027
x 0 33028
p 0 168 33028
x 0 33029
p 0 84 33029
x 0 33030
p 0 198 33030
x 0 33031
p 0 324 33031
x 0 33032
p 0 164 33032
x 0 33033
p 0 165 33033
x 0 33034
p 0 171 33034
x 0 33035
p 0 165 33035
x 0 33036
p 0 163 33036
x 0 33037
p 0 168 33037
x 0 33038
p 0 163 33038
x 0 33039
p 0 163 33039
x 0 33040
p 0 196 33040
x 0 33041
p 0 157 33041
x 0 33042
p 0 155 33042
x 0 33043
p 0 159 33043
x 0 33044
p 0 133 33044
x 0 33045
p 0 147 33045
x 0 33046
p 0 146 33046
x 0 33047
p 0 142 33047
x 0 33048
p 0 166 33048
x 0 33049
p 0 150 33049
x 0 33050
p 0 199 33050
x 0 33051
p 0 198 33051
x 0 33052
p 0 194 33052
x 0 33053
p 0 195 33053
x 0 33054
p 0 242 33054
x 0 33055
p 0 200 33055
x 0 33056
p 0 163 33056
x 0 33057
p 0 159 33057
x 0 33058
p 0 281 33058
x 0 33059
p 0 202 33059
x 0 33060
p 0 220 33060
x 0 33000
h 0 10.0.0.11
p 0 463 33000
x 1 33001
h 1 10.0.0.11
p 1 189 33001
x 0 33002
p 0 196 33002
x 0 33003
p 0 195 33003
x 0 33004
p 0 222 33004
x 0 33005
p 0 228 33005
x 0 33006
p 0 195 33006
x 0 33007
p 0 212 33007
x 0 33008
p 0 201 33008
x 0 33009
p 0 198 33009
x 0 33010
p 0 165 33010
x 0 33011
p 0 209 33011
x 0 33012
p 0 197 33012
x 0 33013
p 0 193 33013
x 0 33014
p 0 202 33014
x 0 33015
p 0 196 33015
x 0 33016
p 0 195 33016
x 0 33017
p 0 198 33017
x 0 33018
p 0 194 33018
x 0 33019
p 0 198 33019
x 0 33020
p 0 198 33020
x 0 33021
p 0 197 33021
x 0 33022
p 0 225 33022
x 0 33023
p 0 196 33023
x 0 33024
p 0 195 33024
x 0 33025
p 0 193 33025
x 0 33026
p 0 195 33026
x 0 33027
p 0 196 33027
x 0 33028
p 0 194 33028
x 0 33029
p 0 194 33029
x 0 33030
p 0 195 33030
x 0 33031
p 0 195 33031
x 0 33032
p 0 195 33032
x 0 33033
p 0 189 33033
x 0 33034
p 0 193 33034
x 0 33035
p 0 192 33035
x 0 33036
p 0 190 33036
x 0 33037
p 0 192 33037
x 0 33038
p 0 189 33038
x 0 33039
p 0 189 33039
x 0 33040
p 0 219 33040
x 0 33041
p 0 189 33041
x 0 33042
p 0 188 33042
x 0 33043
p 0 189 33043
x 0 33044
p 0 191 33044
x 0 33045
p 0 192 33045
x 0 33046
p 0 188 33046
x 0 33047
p 0 189 33047
x 0 33048
p 0 189 33048
x 0 33049
p 0 192 33049
x 0 33050
p 0 188 33050
x 0 33051
p 0 191 33051
x 0 33052
p 0 187 33052
x 0 33053
p 0 189 33053
x 0 33054
p 0 221 33054
x 0 33055
p 0 189 33055
x 0 33056
p 0 221 33056
x 0 33057
p 0 189 33057
x 0 33058
p 0 191 33058
x 0 33059
p 0 189 33059
x 0 33060
p 0 190 33060
x 0 33000
h 0 10.0.0.11
p 0 726 33000
x 1 33001
h 1 10.0.0.11
p 1 319 33001
x 0 33002
p 0 229 33002
x 0 33003
p 0 191 33003
x 0 33004
p 0 216 33004
x 0 33005
p 0 161 33005
x 0 33006
p 0 218 33006
x 0 33007
p 0 221 33007
x 0 33008
p 0 222 33008
x 0 33009
p 0 226 33009
x 0 33010
p 0 197 33010
x 0 33011
p 0 268 33011
x 0 33012
p 0 225 33012
x 0 33013
p 0 195 33013
x 0 33014
p 0 195 33014
x 0 33015
p 0 193 33015
x 0 33016
p 0 194 33016
x 0 33017
p 0 194 33017
x 0 33018
p 0 192 33018
x 0 33019
p 0 167 33019
x 0 33020
p 0 189 33020
x 0 33021
p 0 195 33021
x 0 33022
p 0 191 33022
x 0 33023
p 0 159 33023
x 0 33024
p 0 171 33024
x 0 33025
p 0 195 33025
x 0 33026
p 0 167 33026
x 0 33027
p 0 166 33027
x 0 33028
p 0 161 33028
x 0 33029
p 0 166 33029
x 0 33030
p 0 162 33030
x 0 33031
p 0 186 33031
x 0 33032
p 0 197 33032
x 0 33033
p 0 155 33033
x 0 33034
p 0 160 33034
x 0 33035
p 0 160 33035
x 0 33036
p 0 161 33036
x 0 33037
p 0 153 33037
x 0 33038
p 0 158 33038
x 0 33039
p 0 154 33039
x 0 33040
p 0 152 33040
x 0 33041
p 0 199 33041
x 0 33042
p 0 197 33042
x 0 33043
p 0 235 33043
x 0 33044
p 0 196 33044
x 0 33045
p 0 197 33045
x 0 33046
p 0 234 33046
x 0 33047
p 0 200 33047
x 0 33048
p 0 198 33048
x 0 33049
p 0 207 33049
x 0 33050
p 0 258 33050
x 0 33051
p 0 230 33051
x 0 33052
p 0 198 33052
x 0 33053
p 0 197 33053
x 0 33054
p 0 197 33054
x 0 33055
p 0 196 33055
x 0 33056
p 0 196 33056
x 0 33057
p 0 199 33057
x 0 33058
p 0 198 33058
x 0 33059
p 0 204 33059
x 0 33060
p 0 196 33060
x 0 33000
h 0 10.0.0.11
p 0 683 33000
x 1 33001
h 1 10.0.0.11
p 1 206 33001
x 0 33002
p 0 202 33002
x 0 33003
p 0 203 33003
x 0 33004
p 0 207 33004
x 0 33005
p 0 204 33005
x 0 33006
p 0 203 33006
x 0 33007
p 0 200 33007
x 0 33008
p 0 290 33008
x 0 33009
p 0 175 33009
x 0 33010
p 0 200 33010
x 0 33011
p 0 198 33011
x 0 33012
p 0 197 33012
x 0 33013
p 0 199 33013
x 0 33014
p 0 198 33014
x 0 33015
p 0 279 33015
x 0 33016
p 0 196 33016
x 0 33017
p 0 196 33017
x 0 33018
p 0 194 33018
x 0 33019
p 0 197 33019
x 0 33020
p 0 195 33020
x 0 33021
p 0 195 33021
x 0 33022
p 0 230 33022
x 0 33023
p 0 195 33023
x 0 33024
p 0 202 33024
x 0 33025
p 0 194 33025
x 0 33026
p 0 196 33026
x 0 33027
p 0 192 33027
x 0 33028
p 0 194 33028
x 0 33029
p 0 229 33029
x 0 33030
p 0 195 33030
x 0 33031
p 0 193 33031
x 0 33032
p 0 194 33032
x 0 33033
p 0 195 33033
x 0 33034
p 0 191 33034
x 0 33035
p 0 193 33035
x 0 33036
p 0 227 33036
x 0 33037
p 0 193 33037
x 0 33038
p 0 197 33038
x 0 33039
p 0 254 33039
x 0 33040
p 0 194 33040
x 0 33041
p 0 194 33041
x 0 33042
p 0 196 33042
x 0 33043
p 0 200 33043
x 0 33044
p 0 172 33044
x 0 33045
p 0 195 33045
x 0 33046
p 0 193 33046
x 0 33047
p 0 192 33047
x 0 33048
p 0 194 33048
x 0 33049
p 0 196 33049
x 0 33050
p 0 195 33050
x 0 33051
p 0 253 33051
x 0 33052
p 0 193 33052
x 0 33053
p 0 195 33053
x 0 33054
p 0 193 33054
x 0 33055
p 0 192 33055
x 0 33056
p 0 193 33056
x 0 33057
p 0 231 33057
x 0 33058
p 0 251 33058
x 0 33059
p 0 193 33059
x 0 33060
p 0 191 33060
x 0 33000
h 0 10.0.0.11
p 0 314 33000
x 1 33001
h 1 10.0.0.11
p 1 190 33001
x 0 33002
p 0 159 33002
x 0 33003
p 0 197 33003
x 0 33004
p 0 195 33004
x 0 33005
p 0 163 33005
x 0 33006
p 0 141 33006
x 0 33007
p 0 199 33007
x 0 33008
p 0 195 33008
x 0 33009
p 0 203 33009
x 0 33010
p 0 205 33010
x 0 33011
p 0 200 33011
x 0 33012
p 0 199 33012
x 0 33013
p 0 203 33013
x 0 33014
p 0 201 33014
x 0 33015
p 0 198 33015
x 0 33016
p 0 202 33016
x 0 33017
p 0 199 33017
x 0 33018
p 0 195 33018
x 0 33019
p 0 200 33019
x 0 33020
p 0 198 33020
x 0 33021
p 0 222 33021
x 0 33022
p 0 198 33022
x 0 33023
p 0 201 33023
x 0 33024
p 0 199 33024
x 0 33025
p 0 197 33025
x 0 33026
p 0 194 33026
x 0 33027
p 0 205 33027
x 0 33028
p 0 235 33028
x 0 33029
p 0 196 33029
x 0 33030
p 0 197 33030
x 0 33031
p 0 193 33031
x 0 33032
p 0 197 33032
x 0 33033
p 0 201 33033
x 0 33034
p 0 201 33034
x 0 33035
p 0 229 33035
x 0 33036
p 0 225 33036
x 0 33037
p 0 197 33037
x 0 33038
p 0 200 33038
x 0 33039
p 0 200 33039
x 0 33040
p 0 202 33040
x 0 33041
p 0 205 33041
x 0 33042
p 0 197 33042
x 0 33043
p 0 199 33043
x 0 33044
p 0 228 33044
x 0 33045
p 0 198 33045
x 0 33046
p 0 194 33046
x 0 33047
p 0 196 33047
x 0 33048
p 0 197 33048
x 0 33049
p 0 196 33049
x 0 33050
p 0 194 33050
x 0 33051
p 0 236 33051
x 0 33052
p 0 195 33052
x 0 33053
p 0 196 33053
x 0 33054
p 0 195 33054
x 0 33055
p 0 192 33055
x 0 33056
p 0 226 33056
x 0 33057
p 0 187 33057
x 0 33058
p 0 194 33058
x 0 33059
p 0 194 33059
x 0 33060
p 0 194 33060
x 0 33000
h 0 10.0.0.11
p 0 589 33000
x 1 33001
h 1 10.0.0.11
p 1 160 33001
x 0 33002
p 0 339 33002
x 0 33003
p 0 203 33003
x 0 33004
p 0 204 33004
x 0 33005
p 0 199 33005
x 0 33006
p 0 206 33006
x 0 33007
p 0 202 33007
x 0 33008
p 0 239 33008
x 0 33009
p 0 199 33009
x 0 33010
p 0 201 33010
x 0 33011
p 0 200 33011
x 0 33012
p 0 200 33012
x 0 33013
p 0 199 33013
x 0 33014
p 0 199 33014
x 0 33015
p 0 233 33015
x 0 33016
p 0 285 33016
x 0 33017
p 0 206 33017
x 0 33018
p 0 199 33018
x 0 33019
p 0 204 33019
x 0 33020
p 0 201 33020
x 0 33021
p 0 202 33021
x 0 33022
p 0 201 33022
x 0 33023
p 0 199 33023
x 0 33024
p 0 201 33024
x 0 33025
p 0 199 33025
x 0 33026
p 0 199 33026
x 0 33027
p 0 207 33027
x 0 33028
p 0 180 33028
x 0 33029
p 0 204 33029
x 0 33030
p 0 171 33030
x 0 33031
p 0 186 33031
x 0 33032
p 0 198 33032
x 0 33033
p 0 200 33033
x 0 33034
p 0 199 33034
x 0 33035
p 0 200 33035
x 0 33036
p 0 201 33036
x 0 33037
p 0 193 33037
x 0 33038
p 0 196 33038
x 0 33039
p 0 232 33039
x 0 33040
p 0 196 33040
x 0 33041
p 0 199 33041
x 0 33042
p 0 196 33042
x 0 33043
p 0 227 33043
x 0 33044
p 0 204 33044
x 0 33045
p 0 201 33045
x 0 33046
p 0 202 33046
x 0 33047
p 0 696 33047
x 0 33048
p 0 150 33048
x 0 33049
p 0 201 33049
x 0 33050
p 0 198 33050
x 0 33051
p 0 200 33051
x 0 33052
p 0 183 33052
x 0 33053
p 0 200 33053
x 0 33054
p 0 194 33054
x 0 33055
p 0 188 33055
x 0 33056
p 0 198 33056
x 0 33057
p 0 193 33057
x 0 33058
p 0 384 33058
x 0 33059
p 0 202 33059
x 0 33060
p 0 159 33060
x 0 33000
h 0 10.0.0.11
p 0 844 33000
x 1 33001
h 1 10.0.0.11
p 1 92 33001
x 0 33002
p 0 158 33002
x 0 33003
p 0 188 33003
x 0 33004
p 0 168 33004
x 0 33005
p 0 190 33005
x 0 33006
p 0 195 33006
x 0 33007
p 0 195 33007
x 0 33008
p 0 189 33008
x 0 33009
p 0 192 33009
x 0 33010
p 0 189 33010
x 0 33011
p 0 192 33011
x 0 33012
p 0 192 33012
x 0 33013
p 0 187 33013
x 0 33014
p 0 194 33014
x 0 33015
p 0 192 33015
x 0 33016
p 0 193 33016
x 0 33017
p 0 190 33017
x 0 33018
p 0 192 33018
x 0 33019
p 0 193 33019
x 0 33020
p 0 196 33020
x 0 33021
p 0 191 33021
x 0 33022
p 0 195 33022
x 0 33023
p 0 193 33023
x 0 33024
p 0 233 33024
x 0 33025
p 0 193 33025
x 0 33026
p 0 194 33026
x 0 33027
p 0 191 33027
x 0 33028
p 0 196 33028
x 0 33029
p 0 193 33029
x 0 33030
p 0 194 33030
x 0 33031
p 0 230 33031
x 0 33032
p 0 192 33032
x 0 33033
p 0 194 33033
x 0 33034
p 0 194 33034
x 0 33035
p 0 195 33035
x 0 33036
p 0 194 33036
x 0 33037
p 0 265 33037
x 0 33038
p 0 234 33038
x 0 33039
p 0 195 33039
x 0 33040
p 0 191 33040
x 0 33041
p 0 189 33041
x 0 33042
p 0 194 33042
x 0 33043
p 0 194 33043
x 0 33044
p 0 194 33044
x 0 33045
p 0 237 33045
x 0 33046
p 0 191 33046
x 0 33047
p 0 194 33047
x 0 33048
p 0 193 33048
x 0 33049
p 0 196 33049
x 0 33050
p 0 196 33050
x 0 33051
p 0 195 33051
x 0 33052
p 0 197 33052
x 0 33053
p 0 197 33053
x 0 33054
p 0 197 33054
x 0 33055
p 0 193 33055
x 0 33056
p 0 193 33056
x 0 33057
p 0 246 33057
x 0 33058
p 0 194 33058
x 0 33059
p 0 194 33059
x 0 33060
p 0 192 33060
x 0 33000
h 0 10.0.0.11
p 0 845 33000
x 1 33001
h 1 10.0.0.11
p 1 215 33001
x 0 33002
p 0 138 33002
x 0 33003
p 0 135 33003
x 0 33004
p 0 140 33004
x 0 33005
p 0 135 33005
x 0 33006
p 0 199 33006
x 0 33007
p 0 195 33007
x 0 33008
p 0 193 33008
x 0 33009
p 0 194 33009
x 0 33010
p 0 194 33010
x 0 33011
p 0 191 33011
x 0 33012
p 0 196 33012
x 0 33013
p 0 194 33013
x 0 33014
p 0 197 33014
x 0 33015
p 0 192 33015
x 0 33016
p 0 194 33016
x 0 33017
p 0 196 33017
x 0 33018
p 0 199 33018
x 0 33019
p 0 196 33019
x 0 33020
p 0 153 33020
x 0 33021
p 0 156 33021
x 0 33022
p 0 154 33022
x 0 33023
p 0 153 33023
x 0 33024
p 0 154 33024
x 0 33025
p 0 153 33025
x 0 33026
p 0 172 33026
x 0 33027
p 0 119 33027
x 0 33028
p 0 156 33028
x 0 33029
p 0 157 33029
x 0 33030
p 0 174 33030
x 0 33031
p 0 170 33031
x 0 33032
p 0 173 33032
x 0 33033
p 0 160 33033
x 0 33034
p 0 210 33034
x 0 33035
p 0 153 33035
x 0 33036
p 0 161 33036
x 0 33037
p 0 206 33037
x 0 33038
p 0 161 33038
x 0 33039
p 0 162 33039
x 0 33040
p 0 260 33040
x 0 33041
p 0 239 33041
x 0 33042
p 0 163 33042
x 0 33043
p 0 177 33043
x 0 33044
p 0 160 33044
x 0 33045
p 0 153 33045
x 0 33046
p 0 158 33046
x 0 33047
p 0 159 33047
x 0 33048
p 0 160 33048
x 0 33049
p 0 189 33049
x 0 33050
p 0 159 33050
x 0 33051
p 0 157 33051
x 0 33052
p 0 156 33052
x 0 33053
p 0 187 33053
x 0 33054
p 0 159 33054
x 0 33055
p 0 158 33055
x 0 33056
p 0 157 33056
x 0 33057
p 0 149 33057
x 0 33058
p 0 156 33058
x 0 33059
p 0 256 33059
x 0 33060
p 0 148 33060
x 0 33000
h 0 10.0.0.11
p 0 652 33000
x 1 33001
h 1 10.0.0.11
p 1 191 33001
x 0 33002
p 0 194 33002
x 0 33003
p 0 228 33003
x 0 33004
p 0 196 33004
x 0 33005
p 0 190 33005
x 0 33006
p 0 190 33006
x 0 33007
p 0 163 33007
x 0 33008
p 0 161 33008
x 0 33009
p 0 190 33009
x 0 33010
p 0 165 33010
x 0 33011
p 0 163 33011
x 0 33012
p 0 161 33012
x 0 33013
p 0 192 33013
x 0 33014
p 0 163 33014
x 0 33015
p 0 162 33015
x 0 33016
p 0 162 33016
x 0 33017
p 0 188 33017
x 0 33018
p 0 164 33018
x 0 33019
p 0 166 33019
x 0 33020
p 0 163 33020
x 0 33021
p 0 191 33021
x 0 33022
p 0 164 33022
x 0 33023
p 0 164 33023
x 0 33024
p 0 162 33024
x 0 33025
p 0 189 33025
x 0 33026
p 0 160 33026
x 0 33027
p 0 163 33027
x 0 33028
p 0 163 33028
x 0 33029
p 0 161 33029
x 0 33030
p 0 160 33030
x 0 33031
p 0 162 33031
x 0 33032
p 0 193 33032
x 0 33033
p 0 190 33033
x 0 33034
p 0 190 33034
x 0 33035
p 0 190 33035
x 0 33036
p 0 190 33036
x 0 33037
p 0 189 33037
x 0 33038
p 0 190 33038
x 0 33039
p 0 188 33039
x 0 33040
p 0 188 33040
x 0 33041
p 0 209 33041
x 0 33042
p 0 189 33042
x 0 33043
p 0 190 33043
x 0 33044
p 0 188 33044
x 0 33045
p 0 188 33045
x 0 33046
p 0 191 33046
x 0 33047
p 0 190 33047
x 0 33048
p 0 190 33048
x 0 33049
p 0 189 33049
x 0 33050
p 0 190 33050
x 0 33051
p 0 189 33051
x 0 33052
p 0 191 33052
x 0 33053
p 0 187 33053
x 0 33054
p 0 194 33054
x 0 33055
p 0 191 33055
x 0 33056
p 0 190 33056
x 0 33057
p 0 189 33057
x 0 33058
p 0 189 33058
x 0 33059
p 0 174 33059
x 0 33060
p 0 225 33060
x 0 33000
h 0 10.0.0.11
p 0 607 33000
x 1 33001
h 1 10.0.0.11
p 1 159 33001
x 0 33002
p 0 171 33002
x 0 33003
p 0 191 33003
x 0 33004
p 0 196 33004
x 0 33005
p 0 192 33005
x 0 33006
p 0 192 33006
x 0 33007
p 0 193 33007
x 0 33008
p 0 193 33008
x 0 33009
p 0 193 33009
x 0 33010
p 0 190 33010
x 0 33011
p 0 190 33011
x 0 33012
p 0 191 33012
x 0 33013
p 0 193 33013
x 0 33014
p 0 190 33014
x 0 33015
p 0 189 33015
x 0 33016
p 0 191 33016
x 0 33017
p 0 191 33017
x 0 33018
p 0 189 33018
x 0 33019
p 0 693 33019
x 0 33020
p 0 193 33020
x 0 33021
p 0 193 33021
x 0 33022
p 0 193 33022
x 0 33023
p 0 193 33023
x 0 33024
p 0 194 33024
x 0 33025
p 0 192 33025
x 0 33026
p 0 267 33026
x 0 33027
p 0 198 33027
x 0 33028
p 0 194 33028
x 0 33029
p 0 193 33029
x 0 33030
p 0 196 33030
x 0 33031
p 0 194 33031
x 0 33032
p 0 195 33032
x 0 33033
p 0 197 33033
x 0 33034
p 0 194 33034
x 0 33035
p 0 192 33035
x 0 33036
p 0 191 33036
x 0 33037
p 0 189 33037
x 0 33038
p 0 191 33038
x 0 33039
p 0 191 33039
x 0 33040
p 0 192 33040
x 0 33041
p 0 191 33041
x 0 33042
p 0 223 33042
x 0 33043
p 0 191 33043
x 0 33044
p 0 190 33044
x 0 33045
p 0 190 33045
x 0 33046
p 0 190 33046
x 0 33047
p 0 193 33047
x 0 33048
p 0 192 33048
x 0 33049
p 0 193 33049
x 0 33050
p 0 190 33050
x 0 33051
p 0 189 33051
x 0 33052
p 0 191 33052
x 0 33053
p 0 192 33053
x 0 33054
p 0 189 33054
x 0 33055
p 0 189 33055
x 0 33056
p 0 188 33056
x 0 33057
p 0 260 33057
x 0 33058
p 0 190 33058
x 0 33059
p 0 193 33059
x 0 33060
p 0 191 33060
x 0 33000
h 0 10.0.0.11
p 0 465 33000
x 1 33001
h 1 10.0.0.11
p 1 189 33001
x 0 33002
p 0 225 33002
x 0 33003
p 0 194 33003
x 0 33004
p 0 236 33004
x 0 33005
p 0 194 33005
x 0 33006
p 0 192 33006
x 0 33007
p 0 194 33007
x 0 33008
p 0 191 33008
x 0 33009
p 0 194 33009
x 0 33010
p 0 269 33010
x 0 33011
p 0 193 33011
x 0 33012
p 0 269 33012
x 0 33013
p 0 219 33013
x 0 33014
p 0 196 33014
x 0 33015
p 0 194 33015
x 0 33016
p 0 194 33016
x 0 33017
p 0 192 33017
x 0 33018
p 0 195 33018
x 0 33019
p 0 197 33019
x 0 33020
p 0 194 33020
x 0 33021
p 0 167 33021
x 0 33022
p 0 193 33022
x 0 33023
p 0 262 33023
x 0 33024
p 0 195 33024
x 0 33025
p 0 195 33025
x 0 33026
p 0 166 33026
x 0 33027
p 0 196 33027
x 0 33028
p 0 192 33028
x 0 33029
p 0 197 33029
x 0 33030
p 0 170 33030
x 0 33031
p 0 195 33031
x 0 33032
p 0 196 33032
x 0 33033
p 0 168 33033
x 0 33034
p 0 172 33034
x 0 33035
p 0 196 33035
x 0 33036
p 0 191 33036
x 0 33037
p 0 168 33037
x 0 33038
p 0 168 33038
x 0 33039
p 0 198 33039
x 0 33040
p 0 292 33040
x 0 33041
p 0 315 33041
x 0 33042
p 0 307 33042
x 0 33043
p 0 380 33043
x 0 33044
p 0 306 33044
x 0 33045
p 0 365 33045
x 0 33046
p 0 261 33046
x 0 33047
p 0 295 33047
x 0 33048
p 0 302 33048
x 0 33049
p 0 279 33049
x 0 33050
p 0 194 33050
x 0 33051
p 0 194 33051
x 0 33052
p 0 194 33052
x 0 33053
p 0 191 33053
x 0 33054
p 0 197 33054
x 0 33055
p 0 195 33055
x 0 33056
p 0 191 33056
x 0 33057
p 0 192 33057
x 0 33058
p 0 194 33058
x 0 33059
p 0 198 33059
x 0 33060
p 0 193 33060
x 0 33000
h 0 10.0.0.11
p 0 677 33000
x 1 33001
h 1 10.0.0.11
p 1 239 33001
x 0 33002
p 0 194 33002
x 0 33003
p 0 200 33003
x 0 33004
p 0 213 33004
x 0 33005
p 0 275 33005
x 0 33006
p 0 191 33006
x 0 33007
p 0 196 33007
x 0 33008
p 0 192 33008
x 0 33009
p 0 192 33009
x 0 33010
p 0 192 33010
x 0 33011
p 0 191 33011
x 0 33012
p 0 195 33012
x 0 33013
p 0 196 33013
x 0 33014
p 0 197 33014
x 0 33015
p 0 266 33015
x 0 33016
p 0 259 33016
x 0 33017
p 0 193 33017
x 0 33018
p 0 192 33018
x 0 33019
p 0 147 33019
x 0 33020
p 0 194 33020
x 0 33021
p 0 190 33021
x 0 33022
p 0 194 33022
x 0 33023
p 0 177 33023
x 0 33024
p 0 266 33024
x 0 33025
p 0 194 33025
x 0 33026
p 0 266 33026
x 0 33027
p 0 196 33027
x 0 33028
p 0 243 33028
x 0 33029
p 0 176 33029
x 0 33030
p 0 264 33030
x 0 33031
p 0 197 33031
x 0 33032
p 0 194 33032
x 0 33033
p 0 178 33033
x 0 33034
p 0 198 33034
x 0 33035
p 0 196 33035
x 0 33036
p 0 195 33036
x 0 33037
p 0 166 33037
x 0 33038
p 0 86 33038
x 0 33039
p 0 256 33039
x 0 33040
p 0 313 33040
x 0 33041
p 0 203 33041
x 0 33042
p 0 235 33042
x 0 33043
p 0 216 33043
x 0 33044
p 0 256 33044
x 0 33045
p 0 234 33045
x 0 33046
p 0 211 33046
x 0 33047
p 0 248 33047
x 0 33048
p 0 212 33048
x 0 33049
p 0 232 33049
x 0 33050
p 0 172 33050
x 0 33051
p 0 171 33051
x 0 33052
p 0 169 33052
x 0 33053
p 0 171 33053
x 0 33054
p 0 171 33054
x 0 33055
p 0 197 33055
x 0 33056
p 0 194 33056
x 0 33057
p 0 197 33057
x 0 33058
p 0 178 33058
x 0 33059
p 0 198 33059
x 0 33060
p 0 196 33060
x 0 33000
h 0 10.0.0.11
p 0 484 33000
x 1 33001
h 1 10.0.0.11
p 1 257 33001
x 0 33002
p 0 208 33002
x 0 33003
p 0 202 33003
x 0 33004
p 0 203 33004
x 0 33005
p 0 224 33005
x 0 33006
p 0 195 33006
x 0 33007
p 0 196 33007
x 0 33008
p 0 197 33008
x 0 33009
p 0 227 33009
x 0 33010
p 0 167 33010
x 0 33011
p 0 171 33011
x 0 33012
p 0 164 33012
x 0 33013
p 0 167 33013
x 0 33014
p 0 211 33014
x 0 33015
p 0 169 33015
x 0 33016
p 0 166 33016
x 0 33017
p 0 165 33017
x 0 33018
p 0 166 33018
x 0 33019
p 0 161 33019
x 0 33020
p 0 223 33020
x 0 33021
p 0 167 33021
x 0 33022
p 0 166 33022
x 0 33023
p 0 167 33023
x 0 33024
p 0 166 33024
x 0 33025
p 0 209 33025
x 0 33026
p 0 165 33026
x 0 33027
p 0 165 33027
x 0 33028
p 0 196 33028
x 0 33029
p 0 192 33029
x 0 33030
p 0 193 33030
x 0 33031
p 0 193 33031
x 0 33032
p 0 196 33032
x 0 33033
p 0 193 33033
x 0 33034
p 0 199 33034
x 0 33035
p 0 197 33035
x 0 33036
p 0 195 33036
x 0 33037
p 0 194 33037
x 0 33038
p 0 195 33038
x 0 33039
p 0 199 33039
x 0 33040
p 0 201 33040
x 0 33041
p 0 196 33041
x 0 33042
p 0 199 33042
x 0 33043
p 0 199 33043
x 0 33044
p 0 195 33044
x 0 33045
p 0 236 33045
x 0 33046
p 0 199 33046
x 0 33047
p 0 195 33047
x 0 33048
p 0 199 33048
x 0 33049
p 0 241 33049
x 0 33050
p 0 196 33050
x 0 33051
p 0 199 33051
x 0 33052
p 0 197 33052
x 0 33053
p 0 197 33053
x 0 33054
p 0 197 33054
x 0 33055
p 0 195 33055
x 0 33056
p 0 197 33056
x 0 33057
p 0 194 33057
x 0 33058
p 0 199 33058
x 0 33059
p 0 247 33059
x 0 33060
p 0 196 33060
x 0 33000
h 0 10.0.0.11
p 0 535 33000
x 1 33001
h 1 10.0.0.11
p 1 189 33001
x 0 33002
p 0 155 33002
x 0 33003
p 0 195 33003
x 0 33004
p 0 193 33004
x 0 33005
p 0 194 33005
x 0 33006
p 0 194 33006
x 0 33007
p 0 286 33007
x 0 33008
p 0 194 33008
x 0 33009
p 0 198 33009
x 0 33010
p 0 206 33010
x 0 33011
p 0 194 33011
x 0 33012
p 0 197 33012
x 0 33013
p 0 236 33013
x 0 33014
p 0 197 33014
x 0 33015
p 0 206 33015
x 0 33016
p 0 194 33016
x 0 33017
p 0 198 33017
x 0 33018
p 0 255 33018
x 0 33019
p 0 196 33019
x 0 33020
p 0 197 33020
x 0 33021
p 0 195 33021
x 0 33022
p 0 197 33022
x 0 33023
p 0 197 33023
x 0 33024
p 0 195 33024
x 0 33025
p 0 239 33025
x 0 33026
p 0 194 33026
x 0 33027
p 0 198 33027
x 0 33028
p 0 201 33028
x 0 33029
p 0 196 33029
x 0 33030
p 0 196 33030
x 0 33031
p 0 195 33031
x 0 33032
p 0 516 33032
x 0 33033
p 0 199 33033
x 0 33034
p 0 202 33034
x 0 33035
p 0 200 33035
x 0 33036
p 0 194 33036
x 0 33037
p 0 192 33037
x 0 33038
p 0 381 33038
x 0 33039
p 0 312 33039
x 0 33040
p 0 120 33040
x 0 33041
p 0 210 33041
x 0 33042
p 0 236 33042
x 0 33043
p 0 226 33043
x 0 33044
p 0 174 33044
x 0 33045
p 0 227 33045
x 0 33046
p 0 200 33046
x 0 33047
p 0 193 33047
x 0 33048
p 0 196 33048
x 0 33049
p 0 195 33049
x 0 33050
p 0 199 33050
x 0 33051
p 0 195 33051
x 0 33052
p 0 199 33052
x 0 33053
p 0 198 33053
x 0 33054
p 0 196 33054
x 0 33055
p 0 196 33055
x 0 33056
p 0 201 33056
x 0 33057
p 0 202 33057
x 0 33058
p 0 197 33058
x 0 33059
p 0 255 33059
x 0 33060
p 0 197 33060
x 0 33000
h 0 10.0.0.11
p 0 438 33000
x 1 33001
h 1 10.0.0.11
p 1 199 33001
x 0 33002
p 0 256 33002
x 0 33003
p 0 310 33003
x 0 33004
p 0 206 33004
x 0 33005
p 0 198 33005
x 0 33006
p 0 201 33006
x 0 33007
p 0 232 33007
x 0 33008
p 0 194 33008
x 0 33009
p 0 198 33009
x 0 33010
p 0 197 33010
x 0 33011
p 0 199 33011
x 0 33012
p 0 222 33012
x 0 33013
p 0 194 33013
x 0 33014
p 0 194 33014
x 0 33015
p 0 198 33015
x 0 33016
p 0 197 33016
x 0 33017
p 0 197 33017
x 0 33018
p 0 199 33018
x 0 33019
p 0 197 33019
x 0 33020
p 0 196 33020
x 0 33021
p 0 226 33021
x 0 33022
p 0 195 33022
x 0 33023
p 0 194 33023
x 0 33024
p 0 195 33024
x 0 33025
p 0 197 33025
x 0 33026
p 0 197 33026
x 0 33027
p 0 199 33027
x 0 33028
p 0 227 33028
x 0 33029
p 0 196 33029
x 0 33030
p 0 197 33030
x 0 33031
p 0 198 33031
x 0 33032
p 0 194 33032
x 0 33033
p 0 200 33033
x 0 33034
p 0 201 33034
x 0 33035
p 0 268 33035
x 0 33036
p 0 199 33036
x 0 33037
p 0 196 33037
x 0 33038
p 0 197 33038
x 0 33039
p 0 194 33039
x 0 33040
p 0 193 33040
x 0 33041
p 0 192 33041
x 0 33042
p 0 232 33042
x 0 33043
p 0 196 33043
x 0 33044
p 0 195 33044
x 0 33045
p 0 193 33045
x 0 33046
p 0 200 33046
x 0 33047
p 0 198 33047
x 0 33048
p 0 198 33048
x 0 33049
p 0 252 33049
x 0 33050
p 0 265 33050
x 0 33051
p 0 197 33051
x 0 33052
p 0 196 33052
x 0 33053
p 0 197 33053
x 0 33054
p 0 199 33054
x 0 33055
p 0 197 33055
x 0 33056
p 0 260 33056
x 0 33057
p 0 196 33057
x 0 33058
p 0 198 33058
x 0 33059
p 0 126 33059
x 0 33060
p 0 194 33060
x 0 33000
h 0 10.0.0.11
p 0 312 33000
x 1 33001
h 1 10.0.0.11
p 1 192 33001
x 0 33002
p 0 193 33002
x 0 33003
p 0 164 33003
x 0 33004
p 0 161 33004
x 0 33005
p 0 165 33005
x 0 33006
p 0 153 33006
x 0 33007
p 0 152 33007
x 0 33008
p 0 159 33008
x 0 33009
p 0 156 33009
x 0 33010
p 0 215 33010
x 0 33011
p 0 220 33011
x 0 33012
p 0 217 33012
x 0 33013
p 0 220 33013
x 0 33014
p 0 154 33014
x 0 33015
p 0 223 33015
x 0 33016
p 0 295 33016
x 0 33017
p 0 193 33017
x 0 33018
p 0 196 33018
x 0 33019
p 0 195 33019
x 0 33020
p 0 192 33020
x 0 33021
p 0 193 33021
x 0 33022
p 0 194 33022
x 0 33023
p 0 197 33023
x 0 33024
p 0 193 33024
x 0 33025
p 0 191 33025
x 0 33026
p 0 195 33026
x 0 33027
p 0 196 33027
x 0 33028
p 0 196 33028
x 0 33029
p 0 219 33029
x 0 33030
p 0 192 33030
x 0 33031
p 0 162 33031
x 0 33032
p 0 157 33032
x 0 33033
p 0 158 33033
x 0 33034
p 0 208 33034
x 0 33035
p 0 165 33035
x 0 33036
p 0 166 33036
x 0 33037
p 0 166 33037
x 0 33038
p 0 167 33038
x 0 33039
p 0 195 33039
x 0 33040
p 0 195 33040
x 0 33041
p 0 192 33041
x 0 33042
p 0 223 33042
x 0 33043
p 0 193 33043
x 0 33044
p 0 193 33044
x 0 33045
p 0 190 33045
x 0 33046
p 0 190 33046
x 0 33047
p 0 193 33047
x 0 33048
p 0 195 33048
x 0 33049
p 0 197 33049
x 0 33050
p 0 196 33050
x 0 33051
p 0 196 33051
x 0 33052
p 0 158 33052
x 0 33053
p 0 196 33053
x 0 33054
p 0 192 33054
x 0 33055
p 0 194 33055
x 0 33056
p 0 162 33056
x 0 33057
p 0 193 33057
x 0 33058
p 0 194 33058
x 0 33059
p 0 163 33059
x 0 33060
p 0 164 33060
x 0 33000
h 0 10.0.0.11
p 0 946 33000
x 1 33001
h 1 10.0.0.11
p 1 201 33001
x 0 33002
p 0 240 33002
x 0 33003
p 0 242 33003
x 0 33004
p 0 198 33004
x 0 33005
p 0 195 33005
x 0 33006
p 0 194 33006
x 0 33007
p 0 197 33007
x 0 33008
p 0 198 33008
x 0 33009
p 0 199 33009
x 0 33010
p 0 199 33010
x 0 33011
p 0 230 33011
x 0 33012
p 0 195 33012
x 0 33013
p 0 198 33013
x 0 33014
p 0 195 33014
x 0 33015
p 0 193 33015
x 0 33016
p 0 194 33016
x 0 33017
p 0 195 33017
x 0 33018
p 0 241 33018
x 0 33019
p 0 195 33019
x 0 33020
p 0 195 33020
x 0 33021
p 0 192 33021
x 0 33022
p 0 193 33022
x 0 33023
p 0 193 33023
x 0 33024
p 0 194 33024
x 0 33025
p 0 232 33025
x 0 33026
p 0 196 33026
x 0 33027
p 0 197 33027
x 0 33028
p 0 195 33028
x 0 33029
p 0 197 33029
x 0 33030
p 0 196 33030
x 0 33031
p 0 198 33031
x 0 33032
p 0 196 33032
x 0 33033
p 0 195 33033
x 0 33034
p 0 202 33034
x 0 33035
p 0 196 33035
x 0 33036
p 0 197 33036
x 0 33037
p 0 197 33037
x 0 33038
p 0 248 33038
x 0 33039
p 0 200 33039
x 0 33040
p 0 194 33040
x 0 33041
p 0 192 33041
x 0 33042
p 0 197 33042
x 0 33043
p 0 195 33043
x 0 33044
p 0 171 33044
x 0 33045
p 0 195 33045
x 0 33046
p 0 157 33046
x 0 33047
p 0 157 33047
x 0 33048
p 0 155 33048
x 0 33049
p 0 150 33049
x 0 33050
p 0 148 33050
x 0 33051
p 0 154 33051
x 0 33052
p 0 155 33052
x 0 33053
p 0 156 33053
x 0 33054
p 0 209 33054
x 0 33055
p 0 153 33055
x 0 33056
p 0 199 33056
x 0 33057
p 0 151 33057
x 0 33058
p 0 157 33058
x 0 33059
p 0 162 33059
x 0 33060
p 0 156 33060
x 0 33000
h 0 10.0.0.11
p 0 500 33000
x 1 33001
h 1 10.0.0.11
p 1 152 33001
x 0 33002
p 0 220 33002
x 0 33003
p 0 177 33003
x 0 33004
p 0 173 33004
x 0 33005
p 0 209 33005
x 0 33006
p 0 198 33006
x 0 33007
p 0 202 33007
x 0 33008
p 0 198 33008
x 0 33009
p 0 199 33009
x 0 33010
p 0 228 33010
x 0 33011
p 0 200 33011
x 0 33012
p 0 199 33012
x 0 33013
p 0 202 33013
x 0 33014
p 0 198 33014
x 0 33015
p 0 198 33015
x 0 33016
p 0 280 33016
x 0 33017
p 0 217 33017
x 0 33018
p 0 197 33018
x 0 33019
p 0 197 33019
x 0 33020
p 0 195 33020
x 0 33021
p 0 197 33021
x 0 33022
p 0 261 33022
x 0 33023
p 0 197 33023
x 0 33024
p 0 194 33024
x 0 33025
p 0 196 33025
x 0 33026
p 0 194 33026
x 0 33027
p 0 194 33027
x 0 33028
p 0 195 33028
x 0 33029
p 0 197 33029
x 0 33030
p 0 192 33030
x 0 33031
p 0 222 33031
x 0 33032
p 0 192 33032
x 0 33033
p 0 194 33033
x 0 33034
p 0 193 33034
x 0 33035
p 0 195 33035
x 0 33036
p 0 240 33036
x 0 33037
p 0 196 33037
x 0 33038
p 0 196 33038
x 0 33039
p 0 197 33039
x 0 33040
p 0 195 33040
x 0 33041
p 0 238 33041
x 0 33042
p 0 192 33042
x 0 33043
p 0 192 33043
x 0 33044
p 0 193 33044
x 0 33045
p 0 193 33045
x 0 33046
p 0 192 33046
x 0 33047
p 0 192 33047
x 0 33048
p 0 193 33048
x 0 33049
p 0 192 33049
x 0 33050
p 0 190 33050
x 0 33051
p 0 192 33051
x 0 33052
p 0 193 33052
x 0 33053
p 0 191 33053
x 0 33054
p 0 258 33054
x 0 33055
p 0 194 33055
x 0 33056
p 0 228 33056
x 0 33057
p 0 194 33057
x 0 33058
p 0 193 33058
x 0 33059
p 0 191 33059
x 0 33060
p 0 191 33060
x 0 33000
h 0 10.0.0.11
p 0 874 33000
x 1 33001
h 1 10.0.0.11
p 1 200 33001
x 0 33002
p 0 239 33002
x 0 33003
p 0 194 33003
x 0 33004
p 0 256 33004
x 0 33005
p 0 194 33005
x 0 33006
p 0 191 33006
x 0 33007
p 0 191 33007
x 0 33008
p 0 192 33008
x 0 33009
p 0 177 33009
x 0 33010
p 0 190 33010
x 0 33011
p 0 194 33011
x 0 33012
p 0 191 33012
x 0 33013
p 0 190 33013
x 0 33014
p 0 209 33014
x 0 33015
p 0 188 33015
x 0 33016
p 0 191 33016
x 0 33017
p 0 165 33017
x 0 33018
p 0 195 33018
x 0 33019
p 0 196 33019
x 0 33020
p 0 165 33020
x 0 33021
p 0 193 33021
x 0 33022
p 0 193 33022
x 0 33023
p 0 196 33023
x 0 33024
p 0 193 33024
x 0 33025
p 0 195 33025
x 0 33026
p 0 194 33026
x 0 33027
p 0 194 33027
x 0 33028
p 0 171 33028
x 0 33029
p 0 190 33029
x 0 33030
p 0 160 33030
x 0 33031
p 0 191 33031
x 0 33032
p 0 163 33032
x 0 33033
p 0 173 33033
x 0 33034
p 0 162 33034
x 0 33035
p 0 161 33035
x 0 33036
p 0 164 33036
x 0 33037
p 0 166 33037
x 0 33038
p 0 154 33038
x 0 33039
p 0 164 33039
x 0 33040
p 0 165 33040
x 0 33041
p 0 161 33041
x 0 33042
p 0 160 33042
x 0 33043
p 0 163 33043
x 0 33044
p 0 155 33044
x 0 33045
p 0 156 33045
x 0 33046
p 0 153 33046
x 0 33047
p 0 173 33047
x 0 33048
p 0 268 33048
x 0 33049
p 0 198 33049
x 0 33050
p 0 235 33050
x 0 33051
p 0 194 33051
x 0 33052
p 0 194 33052
x 0 33053
p 0 252 33053
x 0 33054
p 0 196 33054
x 0 33055
p 0 184 33055
x 0 33056
p 0 194 33056
x 0 33057
p 0 194 33057
x 0 33058
p 0 220 33058
x 0 33059
p 0 198 33059
x 0 33060
p 0 198 33060
x 0 33000
h 0 10.0.0.11
p 0 548 33000
x 1 33001
h 1 10.0.0.11
p 1 190 33001
x 0 33002
p 0 179 33002
x 0 33003
p 0 194 33003
x 0 33004
p 0 194 33004
x 0 33005
p 0 215 33005
x 0 33006
p 0 192 33006
x 0 33007
p 0 193 33007
x 0 33008
p 0 193 33008
x 0 33009
p 0 68 33009
x 0 33010
p 0 336 33010
x 0 33011
p 0 351 33011
x 0 33012
p 0 188 33012
x 0 33013
p 0 161 33013
x 0 33014
p 0 215 33014
x 0 33015
p 0 222 33015
x 0 33016
p 0 189 33016
x 0 33017
p 0 191 33017
x 0 33018
p 0 190 33018
x 0 33019
p 0 211 33019
x 0 33020
p 0 253 33020
x 0 33021
p 0 166 33021
x 0 33022
p 0 190 33022
x 0 33023
p 0 184 33023
x 0 33024
p 0 161 33024
x 0 33025
p 0 191 33025
x 0 33026
p 0 309 33026
x 0 33027
p 0 184 33027
x 0 33028
p 0 214 33028
x 0 33029
p 0 168 33029
x 0 33030
p 0 251 33030
x 0 33031
p 0 165 33031
x 0 33032
p 0 171 33032
x 0 33033
p 0 165 33033
x 0 33034
p 0 162 33034
x 0 33035
p 0 154 33035
x 0 33036
p 0 177 33036
x 0 33037
p 0 199 33037
x 0 33038
p 0 266 33038
x 0 33039
p 0 196 33039
x 0 33040
p 0 190 33040
x 0 33041
p 0 192 33041
x 0 33042
p 0 191 33042
x 0 33043
p 0 198 33043
x 0 33044
p 0 289 33044
x 0 33045
p 0 189 33045
x 0 33046
p 0 190 33046
x 0 33047
p 0 189 33047
x 0 33048
p 0 214 33048
x 0 33049
p 0 190 33049
x 0 33050
p 0 188 33050
x 0 33051
p 0 192 33051
x 0 33052
p 0 189 33052
x 0 33053
p 0 192 33053
x 0 33054
p 0 193 33054
x 0 33055
p 0 188 33055
x 0 33056
p 0 192 33056
x 0 33057
p 0 221 33057
x 0 33058
p 0 194 33058
x 0 33059
p 0 197 33059
x 0 33060
p 0 192 33060
x 0 33000
h 0 10.0.0.11
p 0 551 33000
x 1 33001
h 1 10.0.0.11
p 1 195 33001
x 0 33002
p 0 193 33002
x 0 33003
p 0 161 33003
x 0 33004
p 0 229 33004
x 0 33005
p 0 194 33005
x 0 33006
p 0 162 33006
x 0 33007
p 0 162 33007
x 0 33008
p 0 169 33008
x 0 33009
p 0 208 33009
x 0 33010
p 0 188 33010
x 0 33011
p 0 166 33011
x 0 33012
p 0 166 33012
x 0 33013
p 0 191 33013
x 0 33014
p 0 188 33014
x 0 33015
p 0 193 33015
x 0 33016
p 0 165 33016
x 0 33017
p 0 162 33017
x 0 33018
p 0 161 33018
x 0 33019
p 0 175 33019
x 0 33020
p 0 162 33020
x 0 33021
p 0 333 33021
x 0 33022
p 0 315 33022
x 0 33023
p 0 295 33023
x 0 33024
p 0 367 33024
x 0 33025
p 0 326 33025
x 0 33026
p 0 329 33026
x 0 33027
p 0 316 33027
x 0 33028
p 0 361 33028
x 0 33029
p 0 324 33029
x 0 33030
p 0 316 33030
x 0 33031
p 0 315 33031
x 0 33032
p 0 356 33032
x 0 33033
p 0 314 33033
x 0 33034
p 0 310 33034
x 0 33035
p 0 314 33035
x 0 33036
p 0 184 33036
x 0 33037
p 0 314 33037
x 0 33038
p 0 312 33038
x 0 33039
p 0 284 33039
x 0 33040
p 0 350 33040
x 0 33041
p 0 318 33041
x 0 33042
p 0 377 33042
x 0 33043
p 0 258 33043
x 0 33044
p 0 382 33044
x 0 33045
p 0 317 33045
x 0 33046
p 0 318 33046
x 0 33047
p 0 320 33047
x 0 33048
p 0 377 33048
x 0 33049
p 0 316 33049
x 0 33050
p 0 319 33050
x 0 33051
p 0 313 33051
x 0 33052
p 0 363 33052
x 0 33053
p 0 325 33053
x 0 33054
p 0 384 33054
x 0 33055
p 0 318 33055
x 0 33056
p 0 374 33056
x 0 33057
p 0 318 33057
x 0 33058
p 0 320 33058
x 0 33059
p 0 261 33059
x 0 33060
p 0 284 33060
x 0 33000
h 0 10.0.0.11
p 0 667 33000
x 1 33001
h 1 10.0.0.11
p 1 294 33001
x 0 33002
p 0 194 33002
x 0 33003
p 0 198 33003
x 0 33004
p 0 195 33004
x 0 33005
p 0 263 33005
x 0 33006
p 0 274 33006
x 0 33007
p 0 205 33007
x 0 33008
p 0 200 33008
x 0 33009
p 0 199 33009
x 0 33010
p 0 197 33010
x 0 33011
p 0 202 33011
x 0 33012
p 0 195 33012
x 0 33013
p 0 197 33013
x 0 33014
p 0 195 33014
x 0 33015
p 0 196 33015
x 0 33016
p 0 198 33016
x 0 33017
p 0 198 33017
x 0 33018
p 0 198 33018
x 0 33019
p 0 199 33019
x 0 33020
p 0 202 33020
x 0 33021
p 0 200 33021
x 0 33022
p 0 273 33022
x 0 33023
p 0 208 33023
x 0 33024
p 0 202 33024
x 0 33025
p 0 204 33025
x 0 33026
p 0 200 33026
x 0 33027
p 0 268 33027
x 0 33028
p 0 204 33028
x 0 33029
p 0 261 33029
x 0 33030
p 0 201 33030
x 0 33031
p 0 261 33031
x 0 33032
p 0 196 33032
x 0 33033
p 0 201 33033
x 0 33034
p 0 198 33034
x 0 33035
p 0 194 33035
x 0 33036
p 0 197 33036
x 0 33037
p 0 196 33037
x 0 33038
p 0 198 33038
x 0 33039
p 0 191 33039
x 0 33040
p 0 199 33040
x 0 33041
p 0 196 33041
x 0 33042
p 0 340 33042
x 0 33043
p 0 196 33043
x 0 33044
p 0 153 33044
x 0 33045
p 0 155 33045
x 0 33046
p 0 156 33046
x 0 33047
p 0 155 33047
x 0 33048
p 0 167 33048
x 0 33049
p 0 205 33049
x 0 33050
p 0 205 33050
x 0 33051
p 0 207 33051
x 0 33052
p 0 264 33052
x 0 33053
p 0 308 33053
x 0 33054
p 0 201 33054
x 0 33055
p 0 201 33055
x 0 33056
p 0 235 33056
x 0 33057
p 0 149 33057
x 0 33058
p 0 208 33058
x 0 33059
p 0 207 33059
x 0 33060
p 0 203 33060
x 0 33000
h 0 10.0.0.11
p 0 741 33000
x 1 33001
h 1 10.0.0.11
p 1 189 33001
x 0 33002
p 0 226 33002
x 0 33003
p 0 192 33003
x 0 33004
p 0 197 33004
x 0 33005
p 0 194 33005
x 0 33006
p 0 197 33006
x 0 33007
p 0 202 33007
x 0 33008
p 0 198 33008
x 0 33009
p 0 195 33009
x 0 33010
p 0 198 33010
x 0 33011
p 0 201 33011
x 0 33012
p 0 197 33012
x 0 33013
p 0 197 33013
x 0 33014
p 0 198 33014
x 0 33015
p 0 196 33015
x 0 33016
p 0 197 33016
x 0 33017
p 0 198 33017
x 0 33018
p 0 206 33018
x 0 33019
p 0 193 33019
x 0 33020
p 0 200 33020
x 0 33021
p 0 202 33021
x 0 33022
p 0 180 33022
x 0 33023
p 0 195 33023
x 0 33024
p 0 192 33024
x 0 33025
p 0 263 33025
x 0 33026
p 0 195 33026
x 0 33027
p 0 196 33027
x 0 33028
p 0 193 33028
x 0 33029
p 0 245 33029
x 0 33030
p 0 194 33030
x 0 33031
p 0 197 33031
x 0 33032
p 0 176 33032
x 0 33033
p 0 191 33033
x 0 33034
p 0 195 33034
x 0 33035
p 0 195 33035
x 0 33036
p 0 307 33036
x 0 33037
p 0 168 33037
x 0 33038
p 0 164 33038
x 0 33039
p 0 168 33039
x 0 33040
p 0 167 33040
x 0 33041
p 0 166 33041
x 0 33042
p 0 264 33042
x 0 33043
p 0 167 33043
x 0 33044
p 0 170 33044
x 0 33045
p 0 199 33045
x 0 33046
p 0 198 33046
x 0 33047
p 0 196 33047
x 0 33048
p 0 172 33048
x 0 33049
p 0 194 33049
x 0 33050
p 0 196 33050
x 0 33051
p 0 201 33051
x 0 33052
p 0 199 33052
x 0 33053
p 0 199 33053
x 0 33054
p 0 145 33054
x 0 33055
p 0 194 33055
x 0 33056
p 0 199 33056
x 0 33057
p 0 149 33057
x 0 33058
p 0 196 33058
x 0 33059
p 0 196 33059
x 0 33060
p 0 197 33060
x 0 33000
h 0 10.0.0.11
p 0 635 33000
x 1 33001
h 1 10.0.0.11
p 1 197 33001
x 0 33002
p 0 260 33002
x 0 33003
p 0 200 33003
x 0 33004
p 0 198 33004
x 0 33005
p 0 195 33005
x 0 33006
p 0 193 33006
x 0 33007
p 0 234 33007
x 0 33008
p 0 188 33008
x 0 33009
p 0 189 33009
x 0 33010
p 0 188 33010
x 0 33011
p 0 197 33011
x 0 33012
p 0 199 33012
x 0 33013
p 0 191 33013
x 0 33014
p 0 189 33014
x 0 33015
p 0 189 33015
x 0 33016
p 0 189 33016
x 0 33017
p 0 194 33017
x 0 33018
p 0 190 33018
x 0 33019
p 0 190 33019
x 0 33020
p 0 190 33020
x 0 33021
p 0 196 33021
x 0 33022
p 0 194 33022
x 0 33023
p 0 215 33023
x 0 33024
p 0 190 33024
x 0 33025
p 0 189 33025
x 0 33026
p 0 189 33026
x 0 33027
p 0 218 33027
x 0 33028
p 0 192 33028
x 0 33029
p 0 189 33029
x 0 33030
p 0 186 33030
x 0 33031
p 0 189 33031
x 0 33032
p 0 192 33032
x 0 33033
p 0 186 33033
x 0 33034
p 0 309 33034
x 0 33035
p 0 273 33035
x 0 33036
p 0 188 33036
x 0 33037
p 0 191 33037
x 0 33038
p 0 219 33038
x 0 33039
p 0 188 33039
x 0 33040
p 0 191 33040
x 0 33041
p 0 189 33041
x 0 33042
p 0 219 33042
x 0 33043
p 0 190 33043
x 0 33044
p 0 190 33044
x 0 33045
p 0 189 33045
x 0 33046
p 0 211 33046
x 0 33047
p 0 193 33047
x 0 33048
p 0 191 33048
x 0 33049
p 0 189 33049
x 0 33050
p 0 217 33050
x 0 33051
p 0 187 33051
x 0 33052
p 0 267 33052
x 0 33053
p 0 191 33053
x 0 33054
p 0 211 33054
x 0 33055
p 0 190 33055
x 0 33056
p 0 189 33056
x 0 33057
p 0 194 33057
x 0 33058
p 0 190 33058
x 0 33059
p 0 273 33059
x 0 33060
p 0 268 33060
x 0 33000
h 0 10.0.0.11
p 0 353 33000
x 1 33001
h 1 10.0.0.11
p 1 190 33001
x 0 33002
p 0 160 33002
x 0 33003
p 0 193 33003
x 0 33004
p 0 194 33004
x 0 33005
p 0 199 33005
x 0 33006
p 0 196 33006
x 0 33007
p 0 195 33007
x 0 33008
p 0 194 33008
x 0 33009
p 0 194 33009
x 0 33010
p 0 198 33010
x 0 33011
p 0 229 33011
x 0 33012
p 0 196 33012
x 0 33013
p 0 194 33013
x 0 33014
p 0 196 33014
x 0 33015
p 0 244 33015
x 0 33016
p 0 197 33016
x 0 33017
p 0 199 33017
x 0 33018
p 0 226 33018
x 0 33019
p 0 198 33019
x 0 33020
p 0 192 33020
x 0 33021
p 0 197 33021
x 0 33022
p 0 196 33022
x 0 33023
p 0 195 33023
x 0 33024
p 0 197 33024
x 0 33025
p 0 190 33025
x 0 33026
p 0 194 33026
x 0 33027
p 0 195 33027
x 0 33028
p 0 194 33028
x 0 33029
p 0 194 33029
x 0 33030
p 0 209 33030
x 0 33031
p 0 194 33031
x 0 33032
p 0 198 33032
x 0 33033
p 0 195 33033
x 0 33034
p 0 196 33034
x 0 33035
p 0 194 33035
x 0 33036
p 0 194 33036
x 0 33037
p 0 195 33037
x 0 33038
p 0 192 33038
x 0 33039
p 0 191 33039
x 0 33040
p 0 190 33040
x 0 33041
p 0 293 33041
x 0 33042
p 0 193 33042
x 0 33043
p 0 193 33043
x 0 33044
p 0 192 33044
x 0 33045
p 0 193 33045
x 0 33046
p 0 193 33046
x 0 33047
p 0 195 33047
x 0 33048
p 0 171 33048
x 0 33049
p 0 197 33049
x 0 33050
p 0 196 33050
x 0 33051
p 0 193 33051
x 0 33052
p 0 195 33052
x 0 33053
p 0 171 33053
x 0 33054
p 0 190 33054
x 0 33055
p 0 193 33055
x 0 33056
p 0 192 33056
x 0 33057
p 0 225 33057
x 0 33058
p 0 189 33058
x 0 33059
p 0 192 33059
x 0 33060
p 0 190 33060
x 0 33000
h 0 10.0.0.11
p 0 467 33000
x 1 33001
h 1 10.0.0.11
p 1 246 33001
x 0 33002
p 0 90 33002
x 0 33003
p 0 170 33003
x 0 33004
p 0 244 33004
x 0 33005
p 0 246 33005
x 0 33006
p 0 205 33006
x 0 33007
p 0 203 33007
x 0 33008
p 0 203 33008
x 0 33009
p 0 201 33009
x 0 33010
p 0 293 33010
x 0 33011
p 0 200 33011
x 0 33012
p 0 293 33012
x 0 33013
p 0 202 33013
x 0 33014
p 0 199 33014
x 0 33015
p 0 199 33015
x 0 33016
p 0 199 33016
x 0 33017
p 0 201 33017
x 0 33018
p 0 280 33018
x 0 33019
p 0 201 33019
x 0 33020
p 0 200 33020
x 0 33021
p 0 201 33021
x 0 33022
p 0 201 33022
x 0 33023
p 0 204 33023
x 0 33024
p 0 204 33024
x 0 33025
p 0 202 33025
x 0 33026
p 0 200 33026
x 0 33027
p 0 295 33027
x 0 33028
p 0 199 33028
x 0 33029
p 0 201 33029
x 0 33030
p 0 200 33030
x 0 33031
p 0 198 33031
x 0 33032
p 0 200 33032
x 0 33033
p 0 211 33033
x 0 33034
p 0 200 33034
x 0 33035
p 0 199 33035
x 0 33036
p 0 199 33036
x 0 33037
p 0 217 33037
x 0 33038
p 0 200 33038
x 0 33039
p 0 164 33039
x 0 33040
p 0 162 33040
x 0 33041
p 0 144 33041
x 0 33042
p 0 158 33042
x 0 33043
p 0 155 33043
x 0 33044
p 0 155 33044
x 0 33045
p 0 144 33045
x 0 33046
p 0 160 33046
x 0 33047
p 0 157 33047
x 0 33048
p 0 147 33048
x 0 33049
p 0 147 33049
x 0 33050
p 0 168 33050
x 0 33051
p 0 157 33051
x 0 33052
p 0 147 33052
x 0 33053
p 0 144 33053
x 0 33054
p 0 156 33054
x 0 33055
p 0 185 33055
x 0 33056
p 0 161 33056
x 0 33057
p 0 158 33057
x 0 33058
p 0 157 33058
x 0 33059
p 0 158 33059
x 0 33060
p 0 158 33060
x 0 33000
h 0 10.0.0.11
p 0 563 33000
x 1 33001
h 1 10.0.0.11
p 1 189 33001
x 0 33002
p 0 194 33002
x 0 33003
p 0 233 33003
x 0 33004
p 0 195 33004
x 0 33005
p 0 202 33005
x 0 33006
p 0 199 33006
x 0 33007
p 0 200 33007
x 0 33008
p 0 196 33008
x 0 33009
p 0 198 33009
x 0 33010
p 0 199 33010
x 0 33011
p 0 197 33011
x 0 33012
p 0 333 33012
x 0 33013
p 0 201 33013
x 0 33014
p 0 199 33014
x 0 33015
p 0 197 33015
x 0 33016
p 0 202 33016
x 0 33017
p 0 232 33017
x 0 33018
p 0 522 33018
x 0 33019
p 0 264 33019
x 0 33020
p 0 223 33020
x 0 33021
p 0 235 33021
x 0 33022
p 0 228 33022
x 0 33023
p 0 200 33023
x 0 33024
p 0 228 33024
x 0 33025
p 0 198 33025
x 0 33026
p 0 226 33026
x 0 33027
p 0 196 33027
x 0 33028
p 0 227 33028
x 0 33029
p 0 197 33029
x 0 33030
p 0 199 33030
x 0 33031
p 0 228 33031
x 0 33032
p 0 200 33032
x 0 33033
p 0 240 33033
x 0 33034
p 0 197 33034
x 0 33035
p 0 195 33035
x 0 33036
p 0 210 33036
x 0 33037
p 0 196 33037
x 0 33038
p 0 230 33038
x 0 33039
p 0 194 33039
x 0 33040
p 0 196 33040
x 0 33041
p 0 193 33041
x 0 33042
p 0 193 33042
x 0 33043
p 0 191 33043
x 0 33044
p 0 191 33044
x 0 33045
p 0 198 33045
x 0 33046
p 0 195 33046
x 0 33047
p 0 195 33047
x 0 33048
p 0 289 33048
x 0 33049
p 0 199 33049
x 0 33050
p 0 247 33050
x 0 33051
p 0 194 33051
x 0 33052
p 0 199 33052
x 0 33053
p 0 197 33053
x 0 33054
p 0 195 33054
x 0 33055
p 0 182 33055
x 0 33056
p 0 194 33056
x 0 33057
p 0 237 33057
x 0 33058
p 0 198 33058
x 0 33059
p 0 199 33059
x 0 33060
p 0 198 33060
x 0 33000
h 0 10.0.0.11
p 0 491 33000
x 1 33001
h 1 10.0.0.11
p 1 192 33001
x 0 33002
p 0 194 33002
x 0 33003
p 0 196 33003
x 0 33004
p 0 197 33004
x 0 33005
p 0 211 33005
x 0 33006
p 0 197 33006
x 0 33007
p 0 217 33007
x 0 33008
p 0 201 33008
x 0 33009
p 0 204 33009
x 0 33010
p 0 197 33010
x 0 33011
p 0 199 33011
x 0 33012
p 0 202 33012
x 0 33013
p 0 194 33013
x 0 33014
p 0 197 33014
x 0 33015
p 0 250 33015
x 0 33016
p 0 263 33016
x 0 33017
p 0 327 33017
x 0 33018
p 0 350 33018
x 0 33019
p 0 362 33019
x 0 33020
p 0 345 33020
x 0 33021
p 0 323 33021
x 0 33022
p 0 170 33022
x 0 33023
p 0 171 33023
x 0 33024
p 0 170 33024
x 0 33025
p 0 167 33025
x 0 33026
p 0 167 33026
x 0 33027
p 0 172 33027
x 0 33028
p 0 229 33028
x 0 33029
p 0 168 33029
x 0 33030
p 0 236 33030
x 0 33031
p 0 171 33031
x 0 33032
p 0 170 33032
x 0 33033
p 0 170 33033
x 0 33034
p 0 175 33034
x 0 33035
p 0 171 33035
x 0 33036
p 0 199 33036
x 0 33037
p 0 196 33037
x 0 33038
p 0 170 33038
x 0 33039
p 0 196 33039
x 0 33040
p 0 196 33040
x 0 33041
p 0 231 33041
x 0 33042
p 0 194 33042
x 0 33043
p 0 196 33043
x 0 33044
p 0 224 33044
x 0 33045
p 0 204 33045
x 0 33046
p 0 224 33046
x 0 33047
p 0 218 33047
x 0 33048
p 0 255 33048
x 0 33049
p 0 235 33049
x 0 33050
p 0 219 33050
x 0 33051
p 0 205 33051
x 0 33052
p 0 248 33052
x 0 33053
p 0 250 33053
x 0 33054
p 0 390 33054
x 0 33055
p 0 319 33055
x 0 33056
p 0 213 33056
x 0 33057
p 0 166 33057
x 0 33058
p 0 352 33058
x 0 33059
p 0 312 33059
x 0 33060
p 0 194 33060
x 0 33000
h 0 10.0.0.11
p 0 549 33000
x 1 33001
h 1 10.0.0.11
p 1 188 33001
x 0 33002
p 0 191 33002
x 0 33003
p 0 191 33003
x 0 33004
p 0 190 33004
x 0 33005
p 0 372 33005
x 0 33006
p 0 189 33006
x 0 33007
p 0 189 33007
x 0 33008
p 0 192 33008
x 0 33009
p 0 226 33009
x 0 33010
p 0 189 33010
x 0 33011
p 0 190 33011
x 0 33012
p 0 191 33012
x 0 33013
p 0 248 33013
x 0 33014
p 0 189 33014
x 0 33015
p 0 189 33015
x 0 33016
p 0 193 33016
x 0 33017
p 0 119 33017
x 0 33018
p 0 190 33018
x 0 33019
p 0 190 33019
x 0 33020
p 0 191 33020
x 0 33021
p 0 226 33021
x 0 33022
p 0 189 33022
x 0 33023
p 0 189 33023
x 0 33024
p 0 192 33024
x 0 33025
p 0 189 33025
x 0 33026
p 0 188 33026
x 0 33027
p 0 191 33027
x 0 33028
p 0 192 33028
x 0 33029
p 0 188 33029
x 0 33030
p 0 189 33030
x 0 33031
p 0 189 33031
x 0 33032
p 0 190 33032
x 0 33033
p 0 217 33033
x 0 33034
p 0 190 33034
x 0 33035
p 0 191 33035
x 0 33036
p 0 189 33036
x 0 33037
p 0 186 33037
x 0 33038
p 0 189 33038
x 0 33039
p 0 187 33039
x 0 33040
p 0 184 33040
x 0 33041
p 0 189 33041
x 0 33042
p 0 187 33042
x 0 33043
p 0 188 33043
x 0 33044
p 0 189 33044
x 0 33045
p 0 238 33045
x 0 33046
p 0 188 33046
x 0 33047
p 0 277 33047
x 0 33048
p 0 231 33048
x 0 33049
p 0 308 33049
x 0 33050
p 0 190 33050
x 0 33051
p 0 189 33051
x 0 33052
p 0 191 33052
x 0 33053
p 0 189 33053
x 0 33054
p 0 189 33054
x 0 33055
p 0 188 33055
x 0 33056
p 0 189 33056
x 0 33057
p 0 191 33057
x 0 33058
p 0 215 33058
x 0 33059
p 0 264 33059
x 0 33060
p 0 257 33060
x 0 33000
h 0 10.0.0.11
p 0 814 33000
x 1 33001
h 1 10.0.0.11
p 1 188 33001
x 0 33002
p 0 144 33002
x 0 33003
p 0 194 33003
x 0 33004
p 0 225 33004
x 0 33005
p 0 195 33005
x 0 33006
p 0 193 33006
x 0 33007
p 0 238 33007
x 0 33008
p 0 195 33008
x 0 33009
p 0 193 33009
x 0 33010
p 0 199 33010
x 0 33011
p 0 229 33011
x 0 33012
p 0 197 33012
x 0 33013
p 0 198 33013
x 0 33014
p 0 197 33014
x 0 33015
p 0 199 33015
x 0 33016
p 0 198 33016
x 0 33017
p 0 199 33017
x 0 33018
p 0 196 33018
x 0 33019
p 0 195 33019
x 0 33020
p 0 198 33020
x 0 33021
p 0 238 33021
x 0 33022
p 0 195 33022
x 0 33023
p 0 194 33023
x 0 33024
p 0 196 33024
x 0 33025
p 0 290 33025
x 0 33026
p 0 195 33026
x 0 33027
p 0 199 33027
x 0 33028
p 0 242 33028
x 0 33029
p 0 203 33029
x 0 33030
p 0 199 33030
x 0 33031
p 0 172 33031
x 0 33032
p 0 194 33032
x 0 33033
p 0 195 33033
x 0 33034
p 0 196 33034
x 0 33035
p 0 197 33035
x 0 33036
p 0 195 33036
x 0 33037
p 0 191 33037
x 0 33038
p 0 194 33038
x 0 33039
p 0 190 33039
x 0 33040
p 0 192 33040
x 0 33041
p 0 196 33041
x 0 33042
p 0 174 33042
x 0 33043
p 0 229 33043
x 0 33044
p 0 165 33044
x 0 33045
p 0 197 33045
x 0 33046
p 0 192 33046
x 0 33047
p 0 169 33047
x 0 33048
p 0 169 33048
x 0 33049
p 0 195 33049
x 0 33050
p 0 166 33050
x 0 33051
p 0 169 33051
x 0 33052
p 0 195 33052
x 0 33053
p 0 164 33053
x 0 33054
p 0 191 33054
x 0 33055
p 0 159 33055
x 0 33056
p 0 191 33056
x 0 33057
p 0 193 33057
x 0 33058
p 0 207 33058
x 0 33059
p 0 182 33059
x 0 33060
p 0 165 33060
x 0 33000
h 0 10.0.0.11
p 0 771 33000
x 1 33001
h 1 10.0.0.11
p 1 188 33001
x 0 33002
p 0 195 33002
x 0 33003
p 0 198 33003
x 0 33004
p 0 196 33004
x 0 33005
p 0 263 33005
x 0 33006
p 0 196 33006
x 0 33007
p 0 193 33007
x 0 33008
p 0 195 33008
x 0 33009
p 0 164 33009
x 0 33010
p 0 195 33010
x 0 33011
p 0 194 33011
x 0 33012
p 0 194 33012
x 0 33013
p 0 193 33013
x 0 33014
p 0 192 33014
x 0 33015
p 0 194 33015
x 0 33016
p 0 193 33016
x 0 33017
p 0 159 33017
x 0 33018
p 0 195 33018
x 0 33019
p 0 194 33019
x 0 33020
p 0 194 33020
x 0 33021
p 0 193 33021
x 0 33022
p 0 193 33022
x 0 33023
p 0 192 33023
x 0 33024
p 0 195 33024
x 0 33025
p 0 193 33025
x 0 33026
p 0 194 33026
x 0 33027
p 0 195 33027
x 0 33028
p 0 168 33028
x 0 33029
p 0 189 33029
x 0 33030
p 0 194 33030
x 0 33031
p 0 195 33031
x 0 33032
p 0 196 33032
x 0 33033
p 0 169 33033
x 0 33034
p 0 194 33034
x 0 33035
p 0 193 33035
x 0 33036
p 0 168 33036
x 0 33037
p 0 190 33037
x 0 33038
p 0 192 33038
x 0 33039
p 0 190 33039
x 0 33040
p 0 165 33040
x 0 33041
p 0 189 33041
x 0 33042
p 0 195 33042
x 0 33043
p 0 190 33043
x 0 33044
p 0 170 33044
x 0 33045
p 0 161 33045
x 0 33046
p 0 192 33046
x 0 33047
p 0 158 33047
x 0 33048
p 0 185 33048
x 0 33049
p 0 172 33049
x 0 33050
p 0 156 33050
x 0 33051
p 0 161 33051
x 0 33052
p 0 193 33052
x 0 33053
p 0 160 33053
x 0 33054
p 0 160 33054
x 0 33055
p 0 166 33055
x 0 33056
p 0 153 33056
x 0 33057
p 0 153 33057
x 0 33058
p 0 157 33058
x 0 33059
p 0 195 33059
x 0 33060
p 0 159 33060
x 0 33000
h 0 10.0.0.11
p 0 795 33000
x 1 33001
h 1 10.0.0.11
p 1 257 33001
x 0 33002
p 0 118 33002
x 0 33003
p 0 197 33003
x 0 33004
p 0 193 33004
x 0 33005
p 0 191 33005
x 0 33006
p 0 190 33006
x 0 33007
p 0 219 33007
x 0 33008
p 0 188 33008
x 0 33009
p 0 134 33009
x 0 33010
p 0 205 33010
x 0 33011
p 0 220 33011
x 0 33012
p 0 193 33012
x 0 33013
p 0 195 33013
x 0 33014
p 0 194 33014
x 0 33015
p 0 192 33015
x 0 33016
p 0 196 33016
x 0 33017
p 0 196 33017
x 0 33018
p 0 222 33018
x 0 33019
p 0 195 33019
x 0 33020
p 0 194 33020
x 0 33021
p 0 193 33021
x 0 33022
p 0 196 33022
x 0 33023
p 0 190 33023
x 0 33024
p 0 193 33024
x 0 33025
p 0 192 33025
x 0 33026
p 0 194 33026
x 0 33027
p 0 193 33027
x 0 33028
p 0 193 33028
x 0 33029
p 0 191 33029
x 0 33030
p 0 216 33030
x 0 33031
p 0 196 33031
x 0 33032
p 0 276 33032
x 0 33033
p 0 268 33033
x 0 33034
p 0 196 33034
x 0 33035
p 0 195 33035
x 0 33036
p 0 198 33036
x 0 33037
p 0 196 33037
x 0 33038
p 0 196 33038
x 0 33039
p 0 196 33039
x 0 33040
p 0 191 33040
x 0 33041
p 0 195 33041
x 0 33042
p 0 196 33042
x 0 33043
p 0 192 33043
x 0 33044
p 0 191 33044
x 0 33045
p 0 192 33045
x 0 33046
p 0 126 33046
x 0 33047
p 0 154 33047
x 0 33048
p 0 164 33048
x 0 33049
p 0 158 33049
x 0 33050
p 0 214 33050
x 0 33051
p 0 194 33051
x 0 33052
p 0 193 33052
x 0 33053
p 0 192 33053
x 0 33054
p 0 192 33054
x 0 33055
p 0 195 33055
x 0 33056
p 0 196 33056
x 0 33057
p 0 193 33057
x 0 33058
p 0 191 33058
x 0 33059
p 0 193 33059
x 0 33060
p 0 209 33060
x 0 33000
h 0 10.0.0.11
p 0 480 33000
x 1 33001
h 1 10.0.0.11
p 1 190 33001
x 0 33002
p 0 227 33002
x 0 33003
p 0 205 33003
x 0 33004
p 0 194 33004
x 0 33005
p 0 190 33005
x 0 33006
p 0 191 33006
x 0 33007
p 0 191 33007
x 0 33008
p 0 191 33008
x 0 33009
p 0 189 33009
x 0 33010
p 0 191 33010
x 0 33011
p 0 193 33011
x 0 33012
p 0 278 33012
x 0 33013
p 0 189 33013
x 0 33014
p 0 189 33014
x 0 33015
p 0 191 33015
x 0 33016
p 0 191 33016
x 0 33017
p 0 190 33017
x 0 33018
p 0 288 33018
x 0 33019
p 0 188 33019
x 0 33020
p 0 192 33020
x 0 33021
p 0 189 33021
x 0 33022
p 0 191 33022
x 0 33023
p 0 192 33023
x 0 33024
p 0 189 33024
x 0 33025
p 0 192 33025
x 0 33026
p 0 192 33026
x 0 33027
p 0 193 33027
x 0 33028
p 0 196 33028
x 0 33029
p 0 192 33029
x 0 33030
p 0 191 33030
x 0 33031
p 0 195 33031
x 0 33032
p 0 190 33032
x 0 33033
p 0 191 33033
x 0 33034
p 0 191 33034
x 0 33035
p 0 196 33035
x 0 33036
p 0 190 33036
x 0 33037
p 0 189 33037
x 0 33038
p 0 190 33038
x 0 33039
p 0 192 33039
x 0 33040
p 0 190 33040
x 0 33041
p 0 192 33041
x 0 33042
p 0 189 33042
x 0 33043
p 0 190 33043
x 0 33044
p 0 188 33044
x 0 33045
p 0 189 33045
x 0 33046
p 0 189 33046
x 0 33047
p 0 192 33047
x 0 33048
p 0 190 33048
x 0 33049
p 0 189 33049
x 0 33050
p 0 189 33050
x 0 33051
p 0 171 33051
x 0 33052
p 0 192 33052
x 0 33053
p 0 189 33053
x 0 33054
p 0 194 33054
x 0 33055
p 0 188 33055
x 0 33056
p 0 191 33056
x 0 33057
p 0 162 33057
x 0 33058
p 0 163 33058
x 0 33059
p 0 160 33059
x 0 33060
p 0 188 33060
x 0 33000
h 0 10.0.0.11
p 0 13209 33000
x 1 33001
h 1 10.0.0.11
p 1 196 33001
x 0 33002
p 0 201 33002
x 0 33003
p 0 200 33003
x 0 33004
p 0 169 33004
x 0 33005
p 0 337 33005
x 0 33006
p 0 193 33006
x 0 33007
p 0 190 33007
x 0 33008
p 0 192 33008
x 0 33009
p 0 191 33009
x 0 33010
p 0 175 33010
x 0 33011
p 0 193 33011
x 0 33012
p 0 320 33012
x 0 33013
p 0 299 33013
x 0 33014
p 0 320 33014
x 0 33015
p 0 320 33015
x 0 33016
p 0 294 33016
x 0 33017
p 0 313 33017
x 0 33018
p 0 294 33018
x 0 33019
p 0 307 33019
x 0 33020
p 0 271 33020
x 0 33021
p 0 307 33021
x 0 33022
p 0 303 33022
x 0 33023
p 0 320 33023
x 0 33024
p 0 264 33024
x 0 33025
p 0 293 33025
x 0 33026
p 0 317 33026
x 0 33027
p 0 248 33027
x 0 33028
p 0 305 33028
x 0 33029
p 0 17372 33029
x 0 33030
p 0 320 33030
x 0 33031
p 0 293 33031
x 0 33032
p 0 224 33032
x 0 33033
p 0 190 33033
x 0 33034
p 0 189 33034
x 0 33035
p 0 188 33035
x 0 33036
p 0 191 33036
x 0 33037
p 0 194 33037
x 0 33038
p 0 191 33038
x 0 33039
p 0 186 33039
x 0 33040
p 0 190 33040
x 0 33041
p 0 193 33041
x 0 33042
p 0 193 33042
x 0 33043
p 0 222 33043
x 0 33044
p 0 234 33044
x 0 33045
p 0 193 33045
x 0 33046
p 0 166 33046
x 0 33047
p 0 194 33047
x 0 33048
p 0 190 33048
x 0 33049
p 0 194 33049
x 0 33050
p 0 191 33050
x 0 33051
p 0 194 33051
x 0 33052
p 0 194 33052
x 0 33053
p 0 245 33053
x 0 33054
p 0 189 33054
x 0 33055
p 0 245 33055
x 0 33056
p 0 249 33056
x 0 33057
p 0 229 33057
x 0 33058
p 0 182 33058
x 0 33059
p 0 251 33059
x 0 33060
p 0 95 33060
x 0 33000
h 0 10.0.0.11
p 0 717 33000
x 1 33001
h 1 10.0.0.11
p 1 157 33001
x 0 33002
p 0 195 33002
x 0 33003
p 0 195 33003
x 0 33004
p 0 193 33004
x 0 33005
p 0 191 33005
x 0 33006
p 0 222 33006
x 0 33007
p 0 188 33007
x 0 33008
p 0 187 33008
x 0 33009
p 0 193 33009
x 0 33010
p 0 191 33010
x 0 33011
p 0 220 33011
x 0 33012
p 0 186 33012
x 0 33013
p 0 190 33013
x 0 33014
p 0 189 33014
x 0 33015
p 0 230 33015
x 0 33016
p 0 189 33016
x 0 33017
p 0 192 33017
x 0 33018
p 0 190 33018
x 0 33019
p 0 240 33019
x 0 33020
p 0 190 33020
x 0 33021
p 0 192 33021
x 0 33022
p 0 190 33022
x 0 33023
p 0 225 33023
x 0 33024
p 0 189 33024
x 0 33025
p 0 190 33025
x 0 33026
p 0 190 33026
x 0 33027
p 0 224 33027
x 0 33028
p 0 191 33028
x 0 33029
p 0 190 33029
x 0 33030
p 0 191 33030
x 0 33031
p 0 195 33031
x 0 33032
p 0 192 33032
x 0 33033
p 0 190 33033
x 0 33034
p 0 193 33034
x 0 33035
p 0 193 33035
x 0 33036
p 0 194 33036
x 0 33037
p 0 193 33037
x 0 33038
p 0 258 33038
x 0 33039
p 0 194 33039
x 0 33040
p 0 192 33040
x 0 33041
p 0 190 33041
x 0 33042
p 0 192 33042
x 0 33043
p 0 190 33043
x 0 33044
p 0 188 33044
x 0 33045
p 0 192 33045
x 0 33046
p 0 191 33046
x 0 33047
p 0 190 33047
x 0 33048
p 0 190 33048
x 0 33049
p 0 191 33049
x 0 33050
p 0 190 33050
x 0 33051
p 0 193 33051
x 0 33052
p 0 189 33052
x 0 33053
p 0 188 33053
x 0 33054
p 0 189 33054
x 0 33055
p 0 192 33055
x 0 33056
p 0 189 33056
x 0 33057
p 0 191 33057
x 0 33058
p 0 189 33058
x 0 33059
p 0 192 33059
x 0 33060
p 0 189 33060
x 0 33000
h 0 10.0.0.11
p 0 831 33000
x 1 33001
h 1 10.0.0.11
p 1 191 33001
x 0 33002
p 0 200 33002
x 0 33003
p 0 192 33003
x 0 33004
p 0 196 33004
x 0 33005
p 0 230 33005
x 0 33006
p 0 202 33006
x 0 33007
p 0 165 33007
x 0 33008
p 0 191 33008
x 0 33009
p 0 188 33009
x 0 33010
p 0 188 33010
x 0 33011
p 0 192 33011
x 0 33012
p 0 186 33012
x 0 33013
p 0 186 33013
x 0 33014
p 0 254 33014
x 0 33015
p 0 274 33015
x 0 33016
p 0 267 33016
x 0 33017
p 0 8670 33017
x 0 33018
p 0 273 33018
x 0 33019
p 0 190 33019
x 0 33020
p 0 186 33020
x 0 33021
p 0 192 33021
x 0 33022
p 0 191 33022
x 0 33023
p 0 190 33023
x 0 33024
p 0 188 33024
x 0 33025
p 0 191 33025
x 0 33026
p 0 191 33026
x 0 33027
p 0 192 33027
x 0 33028
p 0 270 33028
x 0 33029
p 0 193 33029
x 0 33030
p 0 188 33030
x 0 33031
p 0 193 33031
x 0 33032
p 0 269 33032
x 0 33033
p 0 191 33033
x 0 33034
p 0 188 33034
x 0 33035
p 0 189 33035
x 0 33036
p 0 192 33036
x 0 33037
p 0 191 33037
x 0 33038
p 0 191 33038
x 0 33039
p 0 192 33039
x 0 33040
p 0 267 33040
x 0 33041
p 0 191 33041
x 0 33042
p 0 191 33042
x 0 33043
p 0 188 33043
x 0 33044
p 0 161 33044
x 0 33045
p 0 191 33045
x 0 33046
p 0 189 33046
x 0 33047
p 0 163 33047
x 0 33048
p 0 162 33048
x 0 33049
p 0 189 33049
x 0 33050
p 0 249 33050
x 0 33051
p 0 162 33051
x 0 33052
p 0 162 33052
x 0 33053
p 0 186 33053
x 0 33054
p 0 186 33054
x 0 33055
p 0 189 33055
x 0 33056
p 0 163 33056
x 0 33057
p 0 190 33057
x 0 33058
p 0 186 33058
x 0 33059
p 0 169 33059
x 0 33060
p 0 163 33060
x 0 33000
h 0 10.0.0.11
p 0 543 33000
x 1 33001
h 1 10.0.0.11
p 1 190 33001
x 0 33002
p 0 194 33002
x 0 33003
p 0 225 33003
x 0 33004
p 0 190 33004
x 0 33005
p 0 191 33005
x 0 33006
p 0 191 33006
x 0 33007
p 0 191 33007
x 0 33008
p 0 190 33008
x 0 33009
p 0 190 33009
x 0 33010
p 0 188 33010
x 0 33011
p 0 192 33011
x 0 33012
p 0 179 33012
x 0 33013
p 0 188 33013
x 0 33014
p 0 162 33014
x 0 33015
p 0 190 33015
x 0 33016
p 0 190 33016
x 0 33017
p 0 190 33017
x 0 33018
p 0 166 33018
x 0 33019
p 0 167 33019
x 0 33020
p 0 161 33020
x 0 33021
p 0 163 33021
x 0 33022
p 0 161 33022
x 0 33023
p 0 160 33023
x 0 33024
p 0 159 33024
x 0 33025
p 0 165 33025
x 0 33026
p 0 159 33026
x 0 33027
p 0 160 33027
x 0 33028
p 0 160 33028
x 0 33029
p 0 174 33029
x 0 33030
p 0 159 33030
x 0 33031
p 0 161 33031
x 0 33032
p 0 165 33032
x 0 33033
p 0 160 33033
x 0 33034
p 0 158 33034
x 0 33035
p 0 154 33035
x 0 33036
p 0 161 33036
x 0 33037
p 0 275 33037
x 0 33038
p 0 196 33038
x 0 33039
p 0 280 33039
x 0 33040
p 0 200 33040
x 0 33041
p 0 204 33041
x 0 33042
p 0 156 33042
x 0 33043
p 0 159 33043
x 0 33044
p 0 151 33044
x 0 33045
p 0 157 33045
x 0 33046
p 0 157 33046
x 0 33047
p 0 210 33047
x 0 33048
p 0 148 33048
x 0 33049
p 0 158 33049
x 0 33050
p 0 159 33050
x 0 33051
p 0 154 33051
x 0 33052
p 0 154 33052
x 0 33053
p 0 153 33053
x 0 33054
p 0 202 33054
x 0 33055
p 0 148 33055
x 0 33056
p 0 156 33056
x 0 33057
p 0 158 33057
x 0 33058
p 0 194 33058
x 0 33059
p 0 196 33059
x 0 33060
p 0 198 33060
x 0 33000
h 0 10.0.0.11
p 0 402 33000
x 1 33001
h 1 10.0.0.11
p 1 146 33001
x 0 33002
p 0 126 33002
x 0 33003
p 0 148 33003
x 0 33004
p 0 159 33004
x 0 33005
p 0 196 33005
x 0 33006
p 0 195 33006
x 0 33007
p 0 173 33007
x 0 33008
p 0 162 33008
x 0 33009
p 0 190 33009
x 0 33010
p 0 175 33010
x 0 33011
p 0 228 33011
x 0 33012
p 0 249 33012
x 0 33013
p 0 375 33013
x 0 33014
p 0 162 33014
x 0 33015
p 0 165 33015
x 0 33016
p 0 163 33016
x 0 33017
p 0 164 33017
x 0 33018
p 0 163 33018
x 0 33019
p 0 166 33019
x 0 33020
p 0 167 33020
x 0 33021
p 0 165 33021
x 0 33022
p 0 276 33022
x 0 33023
p 0 191 33023
x 0 33024
p 0 237 33024
x 0 33025
p 0 193 33025
x 0 33026
p 0 319 33026
x 0 33027
p 0 272 33027
x 0 33028
p 0 190 33028
x 0 33029
p 0 191 33029
x 0 33030
p 0 189 33030
x 0 33031
p 0 193 33031
x 0 33032
p 0 193 33032
x 0 33033
p 0 194 33033
x 0 33034
p 0 191 33034
x 0 33035
p 0 252 33035
x 0 33036
p 0 194 33036
x 0 33037
p 0 292 33037
x 0 33038
p 0 191 33038
x 0 33039
p 0 233 33039
x 0 33040
p 0 310 33040
x 0 33041
p 0 319 33041
x 0 33042
p 0 191 33042
x 0 33043
p 0 192 33043
x 0 33044
p 0 192 33044
x 0 33045
p 0 192 33045
x 0 33046
p 0 189 33046
x 0 33047
p 0 190 33047
x 0 33048
p 0 312 33048
x 0 33049
p 0 192 33049
x 0 33050
p 0 220 33050
x 0 33051
p 0 191 33051
x 0 33052
p 0 136 33052
x 0 33053
p 0 190 33053
x 0 33054
p 0 149 33054
x 0 33055
p 0 220 33055
x 0 33056
p 0 257 33056
x 0 33057
p 0 773 33057
x 0 33058
p 0 148 33058
x 0 33059
p 0 705 33059
x 0 33060
p 0 193 33060
x 0 33000
h 0 10.0.0.11
p 0 671 33000
x 1 33001
h 1 10.0.0.11
p 1 189 33001
x 0 33002
p 0 194 33002
x 0 33003
p 0 194 33003
x 0 33004
p 0 191 33004
x 0 33005
p 0 197 33005
x 0 33006
p 0 196 33006
x 0 33007
p 0 195 33007
x 0 33008
p 0 193 33008
x 0 33009
p 0 191 33009
x 0 33010
p 0 197 33010
x 0 33011
p 0 194 33011
x 0 33012
p 0 195 33012
x 0 33013
p 0 194 33013
x 0 33014
p 0 191 33014
x 0 33015
p 0 256 33015
x 0 33016
p 0 194 33016
x 0 33017
p 0 194 33017
x 0 33018
p 0 197 33018
x 0 33019
p 0 271 33019
x 0 33020
p 0 201 33020
x 0 33021
p 0 197 33021
x 0 33022
p 0 196 33022
x 0 33023
p 0 197 33023
x 0 33024
p 0 195 33024
x 0 33025
p 0 229 33025
x 0 33026
p 0 198 33026
x 0 33027
p 0 194 33027
x 0 33028
p 0 194 33028
x 0 33029
p 0 254 33029
x 0 33030
p 0 178 33030
x 0 33031
p 0 199 33031
x 0 33032
p 0 195 33032
x 0 33033
p 0 166 33033
x 0 33034
p 0 193 33034
x 0 33035
p 0 192 33035
x 0 33036
p 0 196 33036
x 0 33037
p 0 195 33037
x 0 33038
p 0 192 33038
x 0 33039
p 0 189 33039
x 0 33040
p 0 226 33040
x 0 33041
p 0 199 33041
x 0 33042
p 0 165 33042
x 0 33043
p 0 166 33043
x 0 33044
p 0 166 33044
x 0 33045
p 0 167 33045
x 0 33046
p 0 173 33046
x 0 33047
p 0 198 33047
x 0 33048
p 0 264 33048
x 0 33049
p 0 170 33049
x 0 33050
p 0 193 33050
x 0 33051
p 0 194 33051
x 0 33052
p 0 195 33052
x 0 33053
p 0 191 33053
x 0 33054
p 0 192 33054
x 0 33055
p 0 191 33055
x 0 33056
p 0 194 33056
x 0 33057
p 0 191 33057
x 0 33058
p 0 224 33058
x 0 33059
p 0 193 33059
x 0 33060
p 0 189 33060
