x 0 33000
h 0 10.0.0.11
p 0 27995 33000
x 1 33001
h 1 10.0.0.11
p 1 183 33001
x 0 33002
p 0 205 33002
x 0 33003
p 0 210 33003
x 0 33004
p 0 209 33004
x 0 33005
p 0 235 33005
x 0 33006
p 0 210 33006
x 0 33007
p 0 205 33007
x 0 33008
p 0 203 33008
x 0 33009
p 0 204 33009
x 0 33010
p 0 203 33010
x 0 33011
p 0 204 33011
x 0 33012
p 0 204 33012
x 0 33013
p 0 206 33013
x 0 33014
p 0 181 33014
x 0 33015
p 0 203 33015
x 0 33016
p 0 110 33016
x 0 33017
p 0 204 33017
x 0 33018
p 0 204 33018
x 0 33019
p 0 204 33019
x 0 33020
p 0 203 33020
x 0 33021
p 0 203 33021
x 0 33022
p 0 203 33022
x 0 33023
p 0 205 33023
x 0 33024
p 0 205 33024
x 0 33025
p 0 177 33025
x 0 33026
p 0 201 33026
x 0 33027
p 0 197 33027
x 0 33028
p 0 143 33028
x 0 33029
p 0 164 33029
x 0 33030
p 0 199 33030
x 0 33031
p 0 199 33031
x 0 33032
p 0 167 33032
x 0 33033
p 0 168 33033
x 0 33034
p 0 198 33034
x 0 33035
p 0 196 33035
x 0 33036
p 0 164 33036
x 0 33037
p 0 161 33037
x 0 33038
p 0 197 33038
x 0 33039
p 0 183 33039
x 0 33040
p 0 166 33040
x 0 33041
p 0 160 33041
x 0 33042
p 0 156 33042
x 0 33043
p 0 148 33043
x 0 33044
p 0 151 33044
x 0 33045
p 0 145 33045
x 0 33046
p 0 154 33046
x 0 33047
p 0 147 33047
x 0 33048
p 0 148 33048
x 0 33049
p 0 147 33049
x 0 33050
p 0 153 33050
x 0 33051
p 0 146 33051
x 0 33052
p 0 149 33052
x 0 33053
p 0 180 33053
x 0 33054
p 0 148 33054
x 0 33055
p 0 180 33055
x 0 33056
p 0 154 33056
x 0 33057
p 0 497 33057
x 0 33058
p 0 297 33058
x 0 33059
p 0 257 33059
x 0 33060
p 0 211 33060
x 0 33000
h 0 10.0.0.11
p 0 17144 33000
x 1 33001
h 1 10.0.0.11
p 1 222 33001
x 0 33002
p 0 175 33002
x 0 33003
p 0 170 33003
x 0 33004
p 0 164 33004
x 0 33005
p 0 164 33005
x 0 33006
p 0 163 33006
x 0 33007
p 0 145 33007
x 0 33008
p 0 152 33008
x 0 33009
p 0 197 33009
x 0 33010
p 0 199 33010
x 0 33011
p 0 171 33011
x 0 33012
p 0 195 33012
x 0 33013
p 0 177 33013
x 0 33014
p 0 159 33014
x 0 33015
p 0 198 33015
x 0 33016
p 0 198 33016
x 0 33017
p 0 199 33017
x 0 33018
p 0 196 33018
x 0 33019
p 0 196 33019
x 0 33020
p 0 199 33020
x 0 33021
p 0 197 33021
x 0 33022
p 0 171 33022
x 0 33023
p 0 198 33023
x 0 33024
p 0 197 33024
x 0 33025
p 0 200 33025
x 0 33026
p 0 202 33026
x 0 33027
p 0 203 33027
x 0 33028
p 0 201 33028
x 0 33029
p 0 202 33029
x 0 33030
p 0 169 33030
x 0 33031
p 0 155 33031
x 0 33032
p 0 188 33032
x 0 33033
p 0 153 33033
x 0 33034
p 0 152 33034
x 0 33035
p 0 152 33035
x 0 33036
p 0 156 33036
x 0 33037
p 0 1179 33037
x 0 33038
p 0 153 33038
x 0 33039
p 0 205 33039
x 0 33040
p 0 157 33040
x 0 33041
p 0 155 33041
x 0 33042
p 0 219 33042
x 0 33043
p 0 144 33043
x 0 33044
p 0 153 33044
x 0 33045
p 0 157 33045
x 0 33046
p 0 152 33046
x 0 33047
p 0 212 33047
x 0 33048
p 0 148 33048
x 0 33049
p 0 165 33049
x 0 33050
p 0 161 33050
x 0 33051
p 0 216 33051
x 0 33052
p 0 210 33052
x 0 33053
p 0 157 33053
x 0 33054
p 0 159 33054
x 0 33055
p 0 216 33055
x 0 33056
p 0 224 33056
x 0 33057
p 0 212 33057
x 0 33058
p 0 210 33058
x 0 33059
p 0 205 33059
x 0 33060
p 0 222 33060
x 0 33000
h 0 10.0.0.11
p 0 15573 33000
x 1 33001
h 1 10.0.0.11
p 1 253 33001
x 0 33002
p 0 161 33002
x 0 33003
p 0 167 33003
x 0 33004
p 0 203 33004
x 0 33005
p 0 203 33005
x 0 33006
p 0 202 33006
x 0 33007
p 0 201 33007
x 0 33008
p 0 205 33008
x 0 33009
p 0 197 33009
x 0 33010
p 0 199 33010
x 0 33011
p 0 199 33011
x 0 33012
p 0 285 33012
x 0 33013
p 0 289 33013
x 0 33014
p 0 200 33014
x 0 33015
p 0 199 33015
x 0 33016
p 0 199 33016
x 0 33017
p 0 165 33017
x 0 33018
p 0 203 33018
x 0 33019
p 0 196 33019
x 0 33020
p 0 169 33020
x 0 33021
p 0 198 33021
x 0 33022
p 0 202 33022
x 0 33023
p 0 198 33023
x 0 33024
p 0 196 33024
x 0 33025
p 0 200 33025
x 0 33026
p 0 198 33026
x 0 33027
p 0 197 33027
x 0 33028
p 0 201 33028
x 0 33029
p 0 199 33029
x 0 33030
p 0 200 33030
x 0 33031
p 0 197 33031
x 0 33032
p 0 200 33032
x 0 33033
p 0 199 33033
x 0 33034
p 0 200 33034
x 0 33035
p 0 199 33035
x 0 33036
p 0 204 33036
x 0 33037
p 0 203 33037
x 0 33038
p 0 200 33038
x 0 33039
p 0 287 33039
x 0 33040
p 0 200 33040
x 0 33041
p 0 166 33041
x 0 33042
p 0 200 33042
x 0 33043
p 0 209 33043
x 0 33044
p 0 201 33044
x 0 33045
p 0 197 33045
x 0 33046
p 0 236 33046
x 0 33047
p 0 200 33047
x 0 33048
p 0 200 33048
x 0 33049
p 0 170 33049
x 0 33050
p 0 203 33050
x 0 33051
p 0 198 33051
x 0 33052
p 0 200 33052
x 0 33053
p 0 173 33053
x 0 33054
p 0 208 33054
x 0 33055
p 0 205 33055
x 0 33056
p 0 223 33056
x 0 33057
p 0 223 33057
x 0 33058
p 0 240 33058
x 0 33059
p 0 219 33059
x 0 33060
p 0 207 33060
x 0 33000
h 0 10.0.0.11
p 0 18972 33000
x 1 33001
h 1 10.0.0.11
p 1 229 33001
x 0 33002
p 0 161 33002
x 0 33003
p 0 207 33003
x 0 33004
p 0 206 33004
x 0 33005
p 0 208 33005
x 0 33006
p 0 263 33006
x 0 33007
p 0 288 33007
x 0 33008
p 0 205 33008
x 0 33009
p 0 206 33009
x 0 33010
p 0 205 33010
x 0 33011
p 0 199 33011
x 0 33012
p 0 198 33012
x 0 33013
p 0 164 33013
x 0 33014
p 0 201 33014
x 0 33015
p 0 197 33015
x 0 33016
p 0 323 33016
x 0 33017
p 0 233 33017
x 0 33018
p 0 409 33018
x 0 33019
p 0 363 33019
x 0 33020
p 0 234 33020
x 0 33021
p 0 329 33021
x 0 33022
p 0 412 33022
x 0 33023
p 0 358 33023
x 0 33024
p 0 240 33024
x 0 33025
p 0 190 33025
x 0 33026
p 0 410 33026
x 0 33027
p 0 336 33027
x 0 33028
p 0 341 33028
x 0 33029
p 0 239 33029
x 0 33030
p 0 427 33030
x 0 33031
p 0 366 33031
x 0 33032
p 0 758 33032
x 0 33033
p 0 310 33033
x 0 33034
p 0 436 33034
x 0 33035
p 0 349 33035
x 0 33036
p 0 327 33036
x 0 33037
p 0 326 33037
x 0 33038
p 0 408 33038
x 0 33039
p 0 267 33039
x 0 33040
p 0 212 33040
x 0 33041
p 0 170 33041
x 0 33042
p 0 170 33042
x 0 33043
p 0 171 33043
x 0 33044
p 0 166 33044
x 0 33045
p 0 163 33045
x 0 33046
p 0 161 33046
x 0 33047
p 0 163 33047
x 0 33048
p 0 162 33048
x 0 33049
p 0 163 33049
x 0 33050
p 0 167 33050
x 0 33051
p 0 174 33051
x 0 33052
p 0 185 33052
x 0 33053
p 0 213 33053
x 0 33054
p 0 160 33054
x 0 33055
p 0 282 33055
x 0 33056
p 0 160 33056
x 0 33057
p 0 215 33057
x 0 33058
p 0 210 33058
x 0 33059
p 0 225 33059
x 0 33060
p 0 238 33060
x 0 33000
h 0 10.0.0.11
p 0 17698 33000
x 1 33001
h 1 10.0.0.11
p 1 243 33001
x 0 33002
p 0 207 33002
x 0 33003
p 0 251 33003
x 0 33004
p 0 208 33004
x 0 33005
p 0 203 33005
x 0 33006
p 0 167 33006
x 0 33007
p 0 160 33007
x 0 33008
p 0 163 33008
x 0 33009
p 0 162 33009
x 0 33010
p 0 161 33010
x 0 33011
p 0 159 33011
x 0 33012
p 0 148 33012
x 0 33013
p 0 150 33013
x 0 33014
p 0 202 33014
x 0 33015
p 0 200 33015
x 0 33016
p 0 143 33016
x 0 33017
p 0 202 33017
x 0 33018
p 0 201 33018
x 0 33019
p 0 202 33019
x 0 33020
p 0 199 33020
x 0 33021
p 0 232 33021
x 0 33022
p 0 199 33022
x 0 33023
p 0 203 33023
x 0 33024
p 0 177 33024
x 0 33025
p 0 200 33025
x 0 33026
p 0 269 33026
x 0 33027
p 0 267 33027
x 0 33028
p 0 270 33028
x 0 33029
p 0 262 33029
x 0 33030
p 0 265 33030
x 0 33031
p 0 283 33031
x 0 33032
p 0 268 33032
x 0 33033
p 0 262 33033
x 0 33034
p 0 259 33034
x 0 33035
p 0 265 33035
x 0 33036
p 0 365 33036
x 0 33037
p 0 366 33037
x 0 33038
p 0 360 33038
x 0 33039
p 0 206 33039
x 0 33040
p 0 202 33040
x 0 33041
p 0 204 33041
x 0 33042
p 0 232 33042
x 0 33043
p 0 201 33043
x 0 33044
p 0 202 33044
x 0 33045
p 0 206 33045
x 0 33046
p 0 207 33046
x 0 33047
p 0 205 33047
x 0 33048
p 0 271 33048
x 0 33049
p 0 234 33049
x 0 33050
p 0 206 33050
x 0 33051
p 0 207 33051
x 0 33052
p 0 213 33052
x 0 33053
p 0 216 33053
x 0 33054
p 0 210 33054
x 0 33055
p 0 286 33055
x 0 33056
p 0 251 33056
x 0 33057
p 0 209 33057
x 0 33058
p 0 208 33058
x 0 33059
p 0 201 33059
x 0 33060
p 0 218 33060
x 0 33000
h 0 10.0.0.11
p 0 19865 33000
x 1 33001
h 1 10.0.0.11
p 1 213 33001
x 0 33002
p 0 200 33002
x 0 33003
p 0 197 33003
x 0 33004
p 0 173 33004
x 0 33005
p 0 166 33005
x 0 33006
p 0 165 33006
x 0 33007
p 0 164 33007
x 0 33008
p 0 154 33008
x 0 33009
p 0 163 33009
x 0 33010
p 0 162 33010
x 0 33011
p 0 162 33011
x 0 33012
p 0 159 33012
x 0 33013
p 0 160 33013
x 0 33014
p 0 163 33014
x 0 33015
p 0 157 33015
x 0 33016
p 0 195 33016
x 0 33017
p 0 196 33017
x 0 33018
p 0 194 33018
x 0 33019
p 0 165 33019
x 0 33020
p 0 193 33020
x 0 33021
p 0 193 33021
x 0 33022
p 0 185 33022
x 0 33023
p 0 164 33023
x 0 33024
p 0 196 33024
x 0 33025
p 0 195 33025
x 0 33026
p 0 162 33026
x 0 33027
p 0 165 33027
x 0 33028
p 0 195 33028
x 0 33029
p 0 195 33029
x 0 33030
p 0 166 33030
x 0 33031
p 0 169 33031
x 0 33032
p 0 195 33032
x 0 33033
p 0 193 33033
x 0 33034
p 0 166 33034
x 0 33035
p 0 165 33035
x 0 33036
p 0 197 33036
x 0 33037
p 0 194 33037
x 0 33038
p 0 166 33038
x 0 33039
p 0 166 33039
x 0 33040
p 0 199 33040
x 0 33041
p 0 197 33041
x 0 33042
p 0 166 33042
x 0 33043
p 0 168 33043
x 0 33044
p 0 197 33044
x 0 33045
p 0 195 33045
x 0 33046
p 0 167 33046
x 0 33047
p 0 152 33047
x 0 33048
p 0 202 33048
x 0 33049
p 0 200 33049
x 0 33050
p 0 206 33050
x 0 33051
p 0 201 33051
x 0 33052
p 0 198 33052
x 0 33053
p 0 214 33053
x 0 33054
p 0 213 33054
x 0 33055
p 0 208 33055
x 0 33056
p 0 225 33056
x 0 33057
p 0 207 33057
x 0 33058
p 0 206 33058
x 0 33059
p 0 211 33059
x 0 33060
p 0 230 33060
x 0 33000
h 0 10.0.0.11
p 0 16568 33000
x 1 33001
h 1 10.0.0.11
p 1 209 33001
x 0 33002
p 0 201 33002
x 0 33003
p 0 204 33003
x 0 33004
p 0 174 33004
x 0 33005
p 0 124 33005
x 0 33006
p 0 236 33006
x 0 33007
p 0 266 33007
x 0 33008
p 0 347 33008
x 0 33009
p 0 317 33009
x 0 33010
p 0 174 33010
x 0 33011
p 0 358 33011
x 0 33012
p 0 245 33012
x 0 33013
p 0 193 33013
x 0 33014
p 0 196 33014
x 0 33015
p 0 221 33015
x 0 33016
p 0 189 33016
x 0 33017
p 0 191 33017
x 0 33018
p 0 185 33018
x 0 33019
p 0 221 33019
x 0 33020
p 0 186 33020
x 0 33021
p 0 222 33021
x 0 33022
p 0 187 33022
x 0 33023
p 0 194 33023
x 0 33024
p 0 218 33024
x 0 33025
p 0 193 33025
x 0 33026
p 0 193 33026
x 0 33027
p 0 193 33027
x 0 33028
p 0 192 33028
x 0 33029
p 0 196 33029
x 0 33030
p 0 189 33030
x 0 33031
p 0 193 33031
x 0 33032
p 0 189 33032
x 0 33033
p 0 199 33033
x 0 33034
p 0 190 33034
x 0 33035
p 0 189 33035
x 0 33036
p 0 195 33036
x 0 33037
p 0 163 33037
x 0 33038
p 0 201 33038
x 0 33039
p 0 193 33039
x 0 33040
p 0 197 33040
x 0 33041
p 0 197 33041
x 0 33042
p 0 190 33042
x 0 33043
p 0 308 33043
x 0 33044
p 0 221 33044
x 0 33045
p 0 212 33045
x 0 33046
p 0 286 33046
x 0 33047
p 0 211 33047
x 0 33048
p 0 217 33048
x 0 33049
p 0 223 33049
x 0 33050
p 0 328 33050
x 0 33051
p 0 253 33051
x 0 33052
p 0 221 33052
x 0 33053
p 0 224 33053
x 0 33054
p 0 227 33054
x 0 33055
p 0 219 33055
x 0 33056
p 0 221 33056
x 0 33057
p 0 343 33057
x 0 33058
p 0 250 33058
x 0 33059
p 0 227 33059
x 0 33060
p 0 214 33060
x 0 33000
h 0 10.0.0.11
p 0 18612 33000
x 1 33001
h 1 10.0.0.11
p 1 247 33001
x 0 33002
p 0 205 33002
x 0 33003
p 0 210 33003
x 0 33004
p 0 206 33004
x 0 33005
p 0 206 33005
x 0 33006
p 0 204 33006
x 0 33007
p 0 241 33007
x 0 33008
p 0 227 33008
x 0 33009
p 0 223 33009
x 0 33010
p 0 226 33010
x 0 33011
p 0 200 33011
x 0 33012
p 0 201 33012
x 0 33013
p 0 200 33013
x 0 33014
p 0 200 33014
x 0 33015
p 0 199 33015
x 0 33016
p 0 199 33016
x 0 33017
p 0 201 33017
x 0 33018
p 0 201 33018
x 0 33019
p 0 196 33019
x 0 33020
p 0 198 33020
x 0 33021
p 0 198 33021
x 0 33022
p 0 197 33022
x 0 33023
p 0 201 33023
x 0 33024
p 0 196 33024
x 0 33025
p 0 173 33025
x 0 33026
p 0 204 33026
x 0 33027
p 0 202 33027
x 0 33028
p 0 202 33028
x 0 33029
p 0 204 33029
x 0 33030
p 0 200 33030
x 0 33031
p 0 203 33031
x 0 33032
p 0 205 33032
x 0 33033
p 0 205 33033
x 0 33034
p 0 161 33034
x 0 33035
p 0 203 33035
x 0 33036
p 0 199 33036
x 0 33037
p 0 203 33037
x 0 33038
p 0 198 33038
x 0 33039
p 0 197 33039
x 0 33040
p 0 197 33040
x 0 33041
p 0 197 33041
x 0 33042
p 0 205 33042
x 0 33043
p 0 205 33043
x 0 33044
p 0 206 33044
x 0 33045
p 0 185 33045
x 0 33046
p 0 224 33046
x 0 33047
p 0 178 33047
x 0 33048
p 0 206 33048
x 0 33049
p 0 202 33049
x 0 33050
p 0 174 33050
x 0 33051
p 0 204 33051
x 0 33052
p 0 214 33052
x 0 33053
p 0 203 33053
x 0 33054
p 0 200 33054
x 0 33055
p 0 183 33055
x 0 33056
p 0 200 33056
x 0 33057
p 0 212 33057
x 0 33058
p 0 204 33058
x 0 33059
p 0 216 33059
x 0 33060
p 0 209 33060
x 0 33000
h 0 10.0.0.11
p 0 16251 33000
x 1 33001
h 1 10.0.0.11
p 1 214 33001
x 0 33002
p 0 231 33002
x 0 33003
p 0 205 33003
x 0 33004
p 0 206 33004
x 0 33005
p 0 233 33005
x 0 33006
p 0 206 33006
x 0 33007
p 0 201 33007
x 0 33008
p 0 203 33008
x 0 33009
p 0 204 33009
x 0 33010
p 0 205 33010
x 0 33011
p 0 202 33011
x 0 33012
p 0 204 33012
x 0 33013
p 0 201 33013
x 0 33014
p 0 198 33014
x 0 33015
p 0 199 33015
x 0 33016
p 0 200 33016
x 0 33017
p 0 140 33017
x 0 33018
p 0 198 33018
x 0 33019
p 0 201 33019
x 0 33020
p 0 204 33020
x 0 33021
p 0 204 33021
x 0 33022
p 0 203 33022
x 0 33023
p 0 204 33023
x 0 33024
p 0 202 33024
x 0 33025
p 0 206 33025
x 0 33026
p 0 204 33026
x 0 33027
p 0 206 33027
x 0 33028
p 0 203 33028
x 0 33029
p 0 113 33029
x 0 33030
p 0 201 33030
x 0 33031
p 0 203 33031
x 0 33032
p 0 203 33032
x 0 33033
p 0 206 33033
x 0 33034
p 0 204 33034
x 0 33035
p 0 202 33035
x 0 33036
p 0 209 33036
x 0 33037
p 0 209 33037
x 0 33038
p 0 207 33038
x 0 33039
p 0 210 33039
x 0 33040
p 0 207 33040
x 0 33041
p 0 208 33041
x 0 33042
p 0 207 33042
x 0 33043
p 0 206 33043
x 0 33044
p 0 210 33044
x 0 33045
p 0 206 33045
x 0 33046
p 0 209 33046
x 0 33047
p 0 202 33047
x 0 33048
p 0 204 33048
x 0 33049
p 0 204 33049
x 0 33050
p 0 206 33050
x 0 33051
p 0 208 33051
x 0 33052
p 0 206 33052
x 0 33053
p 0 215 33053
x 0 33054
p 0 221 33054
x 0 33055
p 0 381 33055
x 0 33056
p 0 219 33056
x 0 33057
p 0 209 33057
x 0 33058
p 0 224 33058
x 0 33059
p 0 249 33059
x 0 33060
p 0 241 33060
x 0 33000
h 0 10.0.0.11
p 0 19447 33000
x 1 33001
h 1 10.0.0.11
p 1 204 33001
x 0 33002
p 0 199 33002
x 0 33003
p 0 164 33003
x 0 33004
p 0 213 33004
x 0 33005
p 0 201 33005
x 0 33006
p 0 166 33006
x 0 33007
p 0 197 33007
x 0 33008
p 0 210 33008
x 0 33009
p 0 198 33009
x 0 33010
p 0 200 33010
x 0 33011
p 0 199 33011
x 0 33012
p 0 199 33012
x 0 33013
p 0 196 33013
x 0 33014
p 0 278 33014
x 0 33015
p 0 197 33015
x 0 33016
p 0 195 33016
x 0 33017
p 0 198 33017
x 0 33018
p 0 96 33018
x 0 33019
p 0 203 33019
x 0 33020
p 0 199 33020
x 0 33021
p 0 198 33021
x 0 33022
p 0 200 33022
x 0 33023
p 0 165 33023
x 0 33024
p 0 200 33024
x 0 33025
p 0 201 33025
x 0 33026
p 0 240 33026
x 0 33027
p 0 157 33027
x 0 33028
p 0 163 33028
x 0 33029
p 0 163 33029
x 0 33030
p 0 173 33030
x 0 33031
p 0 165 33031
x 0 33032
p 0 196 33032
x 0 33033
p 0 196 33033
x 0 33034
p 0 166 33034
x 0 33035
p 0 164 33035
x 0 33036
p 0 198 33036
x 0 33037
p 0 198 33037
x 0 33038
p 0 166 33038
x 0 33039
p 0 163 33039
x 0 33040
p 0 195 33040
x 0 33041
p 0 167 33041
x 0 33042
p 0 165 33042
x 0 33043
p 0 142 33043
x 0 33044
p 0 145 33044
x 0 33045
p 0 143 33045
x 0 33046
p 0 145 33046
x 0 33047
p 0 143 33047
x 0 33048
p 0 143 33048
x 0 33049
p 0 144 33049
x 0 33050
p 0 147 33050
x 0 33051
p 0 172 33051
x 0 33052
p 0 227 33052
x 0 33053
p 0 198 33053
x 0 33054
p 0 234 33054
x 0 33055
p 0 229 33055
x 0 33056
p 0 241 33056
x 0 33057
p 0 230 33057
x 0 33058
p 0 219 33058
x 0 33059
p 0 232 33059
x 0 33060
p 0 221 33060
x 0 33000
h 0 10.0.0.11
p 0 18442 33000
x 1 33001
h 1 10.0.0.11
p 1 203 33001
x 0 33002
p 0 225 33002
x 0 33003
p 0 198 33003
x 0 33004
p 0 207 33004
x 0 33005
p 0 201 33005
x 0 33006
p 0 164 33006
x 0 33007
p 0 267 33007
x 0 33008
p 0 195 33008
x 0 33009
p 0 196 33009
x 0 33010
p 0 167 33010
x 0 33011
p 0 195 33011
x 0 33012
p 0 195 33012
x 0 33013
p 0 198 33013
x 0 33014
p 0 163 33014
x 0 33015
p 0 122 33015
x 0 33016
p 0 195 33016
x 0 33017
p 0 196 33017
x 0 33018
p 0 195 33018
x 0 33019
p 0 194 33019
x 0 33020
p 0 159 33020
x 0 33021
p 0 160 33021
x 0 33022
p 0 161 33022
x 0 33023
p 0 196 33023
x 0 33024
p 0 195 33024
x 0 33025
p 0 197 33025
x 0 33026
p 0 194 33026
x 0 33027
p 0 196 33027
x 0 33028
p 0 195 33028
x 0 33029
p 0 193 33029
x 0 33030
p 0 200 33030
x 0 33031
p 0 195 33031
x 0 33032
p 0 197 33032
x 0 33033
p 0 219 33033
x 0 33034
p 0 159 33034
x 0 33035
p 0 198 33035
x 0 33036
p 0 199 33036
x 0 33037
p 0 210 33037
x 0 33038
p 0 199 33038
x 0 33039
p 0 196 33039
x 0 33040
p 0 201 33040
x 0 33041
p 0 197 33041
x 0 33042
p 0 201 33042
x 0 33043
p 0 167 33043
x 0 33044
p 0 198 33044
x 0 33045
p 0 203 33045
x 0 33046
p 0 193 33046
x 0 33047
p 0 166 33047
x 0 33048
p 0 199 33048
x 0 33049
p 0 198 33049
x 0 33050
p 0 182 33050
x 0 33051
p 0 164 33051
x 0 33052
p 0 198 33052
x 0 33053
p 0 199 33053
x 0 33054
p 0 167 33054
x 0 33055
p 0 172 33055
x 0 33056
p 0 201 33056
x 0 33057
p 0 169 33057
x 0 33058
p 0 161 33058
x 0 33059
p 0 164 33059
x 0 33060
p 0 248 33060
x 0 33000
h 0 10.0.0.11
p 0 16256 33000
x 1 33001
h 1 10.0.0.11
p 1 202 33001
x 0 33002
p 0 155 33002
x 0 33003
p 0 154 33003
x 0 33004
p 0 146 33004
x 0 33005
p 0 212 33005
x 0 33006
p 0 206 33006
x 0 33007
p 0 236 33007
x 0 33008
p 0 305 33008
x 0 33009
p 0 202 33009
x 0 33010
p 0 203 33010
x 0 33011
p 0 198 33011
x 0 33012
p 0 201 33012
x 0 33013
p 0 142 33013
x 0 33014
p 0 204 33014
x 0 33015
p 0 201 33015
x 0 33016
p 0 203 33016
x 0 33017
p 0 201 33017
x 0 33018
p 0 200 33018
x 0 33019
p 0 201 33019
x 0 33020
p 0 199 33020
x 0 33021
p 0 200 33021
x 0 33022
p 0 199 33022
x 0 33023
p 0 200 33023
x 0 33024
p 0 208 33024
x 0 33025
p 0 203 33025
x 0 33026
p 0 171 33026
x 0 33027
p 0 198 33027
x 0 33028
p 0 205 33028
x 0 33029
p 0 171 33029
x 0 33030
p 0 171 33030
x 0 33031
p 0 200 33031
x 0 33032
p 0 202 33032
x 0 33033
p 0 173 33033
x 0 33034
p 0 179 33034
x 0 33035
p 0 202 33035
x 0 33036
p 0 171 33036
x 0 33037
p 0 174 33037
x 0 33038
p 0 173 33038
x 0 33039
p 0 201 33039
x 0 33040
p 0 169 33040
x 0 33041
p 0 86 33041
x 0 33042
p 0 231 33042
x 0 33043
p 0 242 33043
x 0 33044
p 0 200 33044
x 0 33045
p 0 204 33045
x 0 33046
p 0 206 33046
x 0 33047
p 0 186 33047
x 0 33048
p 0 176 33048
x 0 33049
p 0 203 33049
x 0 33050
p 0 205 33050
x 0 33051
p 0 202 33051
x 0 33052
p 0 202 33052
x 0 33053
p 0 206 33053
x 0 33054
p 0 209 33054
x 0 33055
p 0 204 33055
x 0 33056
p 0 202 33056
x 0 33057
p 0 212 33057
x 0 33058
p 0 234 33058
x 0 33059
p 0 226 33059
x 0 33060
p 0 377 33060
x 0 33000
h 0 10.0.0.11
p 0 15168 33000
x 1 33001
h 1 10.0.0.11
p 1 207 33001
x 0 33002
p 0 205 33002
x 0 33003
p 0 207 33003
x 0 33004
p 0 208 33004
x 0 33005
p 0 194 33005
x 0 33006
p 0 197 33006
x 0 33007
p 0 194 33007
x 0 33008
p 0 161 33008
x 0 33009
p 0 164 33009
x 0 33010
p 0 195 33010
x 0 33011
p 0 195 33011
x 0 33012
p 0 165 33012
x 0 33013
p 0 166 33013
x 0 33014
p 0 194 33014
x 0 33015
p 0 196 33015
x 0 33016
p 0 165 33016
x 0 33017
p 0 168 33017
x 0 33018
p 0 199 33018
x 0 33019
p 0 161 33019
x 0 33020
p 0 163 33020
x 0 33021
p 0 168 33021
x 0 33022
p 0 158 33022
x 0 33023
p 0 195 33023
x 0 33024
p 0 195 33024
x 0 33025
p 0 161 33025
x 0 33026
p 0 196 33026
x 0 33027
p 0 137 33027
x 0 33028
p 0 197 33028
x 0 33029
p 0 227 33029
x 0 33030
p 0 250 33030
x 0 33031
p 0 207 33031
x 0 33032
p 0 340 33032
x 0 33033
p 0 240 33033
x 0 33034
p 0 205 33034
x 0 33035
p 0 213 33035
x 0 33036
p 0 205 33036
x 0 33037
p 0 270 33037
x 0 33038
p 0 148 33038
x 0 33039
p 0 147 33039
x 0 33040
p 0 149 33040
x 0 33041
p 0 148 33041
x 0 33042
p 0 146 33042
x 0 33043
p 0 691 33043
x 0 33044
p 0 199 33044
x 0 33045
p 0 196 33045
x 0 33046
p 0 203 33046
x 0 33047
p 0 159 33047
x 0 33048
p 0 155 33048
x 0 33049
p 0 148 33049
x 0 33050
p 0 150 33050
x 0 33051
p 0 230 33051
x 0 33052
p 0 148 33052
x 0 33053
p 0 197 33053
x 0 33054
p 0 153 33054
x 0 33055
p 0 199 33055
x 0 33056
p 0 202 33056
x 0 33057
p 0 199 33057
x 0 33058
p 0 234 33058
x 0 33059
p 0 203 33059
x 0 33060
p 0 210 33060
x 0 33000
h 0 10.0.0.11
p 0 15515 33000
x 1 33001
h 1 10.0.0.11
p 1 146 33001
x 0 33002
p 0 200 33002
x 0 33003
p 0 146 33003
x 0 33004
p 0 147 33004
x 0 33005
p 0 289 33005
x 0 33006
p 0 201 33006
x 0 33007
p 0 156 33007
x 0 33008
p 0 204 33008
x 0 33009
p 0 733 33009
x 0 33010
p 0 202 33010
x 0 33011
p 0 129 33011
x 0 33012
p 0 166 33012
x 0 33013
p 0 165 33013
x 0 33014
p 0 159 33014
x 0 33015
p 0 158 33015
x 0 33016
p 0 186 33016
x 0 33017
p 0 156 33017
x 0 33018
p 0 144 33018
x 0 33019
p 0 142 33019
x 0 33020
p 0 145 33020
x 0 33021
p 0 150 33021
x 0 33022
p 0 208 33022
x 0 33023
p 0 200 33023
x 0 33024
p 0 203 33024
x 0 33025
p 0 203 33025
x 0 33026
p 0 204 33026
x 0 33027
p 0 200 33027
x 0 33028
p 0 204 33028
x 0 33029
p 0 204 33029
x 0 33030
p 0 202 33030
x 0 33031
p 0 211 33031
x 0 33032
p 0 206 33032
x 0 33033
p 0 200 33033
x 0 33034
p 0 202 33034
x 0 33035
p 0 199 33035
x 0 33036
p 0 203 33036
x 0 33037
p 0 201 33037
x 0 33038
p 0 202 33038
x 0 33039
p 0 200 33039
x 0 33040
p 0 178 33040
x 0 33041
p 0 167 33041
x 0 33042
p 0 164 33042
x 0 33043
p 0 164 33043
x 0 33044
p 0 167 33044
x 0 33045
p 0 167 33045
x 0 33046
p 0 195 33046
x 0 33047
p 0 186 33047
x 0 33048
p 0 165 33048
x 0 33049
p 0 173 33049
x 0 33050
p 0 169 33050
x 0 33051
p 0 170 33051
x 0 33052
p 0 178 33052
x 0 33053
p 0 198 33053
x 0 33054
p 0 181 33054
x 0 33055
p 0 211 33055
x 0 33056
p 0 246 33056
x 0 33057
p 0 233 33057
x 0 33058
p 0 232 33058
x 0 33059
p 0 237 33059
x 0 33060
p 0 241 33060
x 0 33000
h 0 10.0.0.11
p 0 15222 33000
x 1 33001
h 1 10.0.0.11
p 1 206 33001
x 0 33002
p 0 137 33002
x 0 33003
p 0 166 33003
x 0 33004
p 0 145 33004
x 0 33005
p 0 203 33005
x 0 33006
p 0 183 33006
x 0 33007
p 0 150 33007
x 0 33008
p 0 205 33008
x 0 33009
p 0 225 33009
x 0 33010
p 0 201 33010
x 0 33011
p 0 151 33011
x 0 33012
p 0 201 33012
x 0 33013
p 0 200 33013
x 0 33014
p 0 172 33014
x 0 33015
p 0 201 33015
x 0 33016
p 0 289 33016
x 0 33017
p 0 285 33017
x 0 33018
p 0 203 33018
x 0 33019
p 0 201 33019
x 0 33020
p 0 200 33020
x 0 33021
p 0 201 33021
x 0 33022
p 0 200 33022
x 0 33023
p 0 201 33023
x 0 33024
p 0 200 33024
x 0 33025
p 0 199 33025
x 0 33026
p 0 199 33026
x 0 33027
p 0 202 33027
x 0 33028
p 0 201 33028
x 0 33029
p 0 197 33029
x 0 33030
p 0 200 33030
x 0 33031
p 0 200 33031
x 0 33032
p 0 200 33032
x 0 33033
p 0 192 33033
x 0 33034
p 0 199 33034
x 0 33035
p 0 198 33035
x 0 33036
p 0 195 33036
x 0 33037
p 0 202 33037
x 0 33038
p 0 202 33038
x 0 33039
p 0 235 33039
x 0 33040
p 0 202 33040
x 0 33041
p 0 211 33041
x 0 33042
p 0 210 33042
x 0 33043
p 0 212 33043
x 0 33044
p 0 213 33044
x 0 33045
p 0 211 33045
x 0 33046
p 0 211 33046
x 0 33047
p 0 214 33047
x 0 33048
p 0 210 33048
x 0 33049
p 0 212 33049
x 0 33050
p 0 215 33050
x 0 33051
p 0 214 33051
x 0 33052
p 0 214 33052
x 0 33053
p 0 212 33053
x 0 33054
p 0 213 33054
x 0 33055
p 0 186 33055
x 0 33056
p 0 218 33056
x 0 33057
p 0 219 33057
x 0 33058
p 0 216 33058
x 0 33059
p 0 214 33059
x 0 33060
p 0 216 33060
x 0 33000
h 0 10.0.0.11
p 0 15797 33000
x 1 33001
h 1 10.0.0.11
p 1 228 33001
x 0 33002
p 0 248 33002
x 0 33003
p 0 283 33003
x 0 33004
p 0 211 33004
x 0 33005
p 0 206 33005
x 0 33006
p 0 208 33006
x 0 33007
p 0 214 33007
x 0 33008
p 0 208 33008
x 0 33009
p 0 209 33009
x 0 33010
p 0 229 33010
x 0 33011
p 0 212 33011
x 0 33012
p 0 207 33012
x 0 33013
p 0 203 33013
x 0 33014
p 0 211 33014
x 0 33015
p 0 211 33015
x 0 33016
p 0 207 33016
x 0 33017
p 0 208 33017
x 0 33018
p 0 210 33018
x 0 33019
p 0 208 33019
x 0 33020
p 0 265 33020
x 0 33021
p 0 86 33021
x 0 33022
p 0 211 33022
x 0 33023
p 0 204 33023
x 0 33024
p 0 209 33024
x 0 33025
p 0 205 33025
x 0 33026
p 0 207 33026
x 0 33027
p 0 208 33027
x 0 33028
p 0 204 33028
x 0 33029
p 0 208 33029
x 0 33030
p 0 209 33030
x 0 33031
p 0 209 33031
x 0 33032
p 0 206 33032
x 0 33033
p 0 200 33033
x 0 33034
p 0 202 33034
x 0 33035
p 0 198 33035
x 0 33036
p 0 202 33036
x 0 33037
p 0 203 33037
x 0 33038
p 0 198 33038
x 0 33039
p 0 199 33039
x 0 33040
p 0 201 33040
x 0 33041
p 0 202 33041
x 0 33042
p 0 205 33042
x 0 33043
p 0 201 33043
x 0 33044
p 0 203 33044
x 0 33045
p 0 202 33045
x 0 33046
p 0 203 33046
x 0 33047
p 0 206 33047
x 0 33048
p 0 268 33048
x 0 33049
p 0 206 33049
x 0 33050
p 0 204 33050
x 0 33051
p 0 208 33051
x 0 33052
p 0 207 33052
x 0 33053
p 0 233 33053
x 0 33054
p 0 220 33054
x 0 33055
p 0 242 33055
x 0 33056
p 0 192 33056
x 0 33057
p 0 217 33057
x 0 33058
p 0 201 33058
x 0 33059
p 0 247 33059
x 0 33060
p 0 225 33060
x 0 33000
h 0 10.0.0.11
p 0 18927 33000
x 1 33001
h 1 10.0.0.11
p 1 221 33001
x 0 33002
p 0 168 33002
x 0 33003
p 0 260 33003
x 0 33004
p 0 177 33004
x 0 33005
p 0 170 33005
x 0 33006
p 0 194 33006
x 0 33007
p 0 196 33007
x 0 33008
p 0 197 33008
x 0 33009
p 0 195 33009
x 0 33010
p 0 166 33010
x 0 33011
p 0 159 33011
x 0 33012
p 0 196 33012
x 0 33013
p 0 198 33013
x 0 33014
p 0 196 33014
x 0 33015
p 0 194 33015
x 0 33016
p 0 175 33016
x 0 33017
p 0 197 33017
x 0 33018
p 0 198 33018
x 0 33019
p 0 196 33019
x 0 33020
p 0 177 33020
x 0 33021
p 0 196 33021
x 0 33022
p 0 196 33022
x 0 33023
p 0 194 33023
x 0 33024
p 0 195 33024
x 0 33025
p 0 195 33025
x 0 33026
p 0 198 33026
x 0 33027
p 0 198 33027
x 0 33028
p 0 197 33028
x 0 33029
p 0 196 33029
x 0 33030
p 0 196 33030
x 0 33031
p 0 208 33031
x 0 33032
p 0 169 33032
x 0 33033
p 0 196 33033
x 0 33034
p 0 195 33034
x 0 33035
p 0 196 33035
x 0 33036
p 0 199 33036
x 0 33037
p 0 197 33037
x 0 33038
p 0 198 33038
x 0 33039
p 0 195 33039
x 0 33040
p 0 197 33040
x 0 33041
p 0 221 33041
x 0 33042
p 0 197 33042
x 0 33043
p 0 196 33043
x 0 33044
p 0 196 33044
x 0 33045
p 0 197 33045
x 0 33046
p 0 195 33046
x 0 33047
p 0 198 33047
x 0 33048
p 0 198 33048
x 0 33049
p 0 196 33049
x 0 33050
p 0 196 33050
x 0 33051
p 0 169 33051
x 0 33052
p 0 198 33052
x 0 33053
p 0 200 33053
x 0 33054
p 0 164 33054
x 0 33055
p 0 198 33055
x 0 33056
p 0 195 33056
x 0 33057
p 0 170 33057
x 0 33058
p 0 165 33058
x 0 33059
p 0 217 33059
x 0 33060
p 0 212 33060
x 0 33000
h 0 10.0.0.11
p 0 15833 33000
x 1 33001
h 1 10.0.0.11
p 1 203 33001
x 0 33002
p 0 205 33002
x 0 33003
p 0 199 33003
x 0 33004
p 0 198 33004
x 0 33005
p 0 170 33005
x 0 33006
p 0 213 33006
x 0 33007
p 0 192 33007
x 0 33008
p 0 195 33008
x 0 33009
p 0 164 33009
x 0 33010
p 0 197 33010
x 0 33011
p 0 196 33011
x 0 33012
p 0 198 33012
x 0 33013
p 0 168 33013
x 0 33014
p 0 167 33014
x 0 33015
p 0 157 33015
x 0 33016
p 0 175 33016
x 0 33017
p 0 167 33017
x 0 33018
p 0 162 33018
x 0 33019
p 0 172 33019
x 0 33020
p 0 166 33020
x 0 33021
p 0 160 33021
x 0 33022
p 0 150 33022
x 0 33023
p 0 195 33023
x 0 33024
p 0 164 33024
x 0 33025
p 0 167 33025
x 0 33026
p 0 166 33026
x 0 33027
p 0 163 33027
x 0 33028
p 0 194 33028
x 0 33029
p 0 162 33029
x 0 33030
p 0 166 33030
x 0 33031
p 0 164 33031
x 0 33032
p 0 194 33032
x 0 33033
p 0 163 33033
x 0 33034
p 0 166 33034
x 0 33035
p 0 165 33035
x 0 33036
p 0 198 33036
x 0 33037
p 0 160 33037
x 0 33038
p 0 165 33038
x 0 33039
p 0 167 33039
x 0 33040
p 0 195 33040
x 0 33041
p 0 194 33041
x 0 33042
p 0 142 33042
x 0 33043
p 0 141 33043
x 0 33044
p 0 147 33044
x 0 33045
p 0 195 33045
x 0 33046
p 0 144 33046
x 0 33047
p 0 186 33047
x 0 33048
p 0 147 33048
x 0 33049
p 0 144 33049
x 0 33050
p 0 194 33050
x 0 33051
p 0 141 33051
x 0 33052
p 0 230 33052
x 0 33053
p 0 110 33053
x 0 33054
p 0 148 33054
x 0 33055
p 0 203 33055
x 0 33056
p 0 155 33056
x 0 33057
p 0 207 33057
x 0 33058
p 0 203 33058
x 0 33059
p 0 224 33059
x 0 33060
p 0 223 33060
x 0 33000
h 0 10.0.0.11
p 0 14348 33000
x 1 33001
h 1 10.0.0.11
p 1 201 33001
x 0 33002
p 0 199 33002
x 0 33003
p 0 206 33003
x 0 33004
p 0 209 33004
x 0 33005
p 0 203 33005
x 0 33006
p 0 233 33006
x 0 33007
p 0 202 33007
x 0 33008
p 0 201 33008
x 0 33009
p 0 202 33009
x 0 33010
p 0 201 33010
x 0 33011
p 0 198 33011
x 0 33012
p 0 200 33012
x 0 33013
p 0 206 33013
x 0 33014
p 0 203 33014
x 0 33015
p 0 200 33015
x 0 33016
p 0 201 33016
x 0 33017
p 0 202 33017
x 0 33018
p 0 202 33018
x 0 33019
p 0 242 33019
x 0 33020
p 0 233 33020
x 0 33021
p 0 199 33021
x 0 33022
p 0 200 33022
x 0 33023
p 0 206 33023
x 0 33024
p 0 202 33024
x 0 33025
p 0 199 33025
x 0 33026
p 0 253 33026
x 0 33027
p 0 234 33027
x 0 33028
p 0 202 33028
x 0 33029
p 0 201 33029
x 0 33030
p 0 200 33030
x 0 33031
p 0 199 33031
x 0 33032
p 0 202 33032
x 0 33033
p 0 238 33033
x 0 33034
p 0 235 33034
x 0 33035
p 0 207 33035
x 0 33036
p 0 206 33036
x 0 33037
p 0 208 33037
x 0 33038
p 0 205 33038
x 0 33039
p 0 178 33039
x 0 33040
p 0 224 33040
x 0 33041
p 0 177 33041
x 0 33042
p 0 179 33042
x 0 33043
p 0 176 33043
x 0 33044
p 0 174 33044
x 0 33045
p 0 178 33045
x 0 33046
p 0 177 33046
x 0 33047
p 0 177 33047
x 0 33048
p 0 180 33048
x 0 33049
p 0 178 33049
x 0 33050
p 0 177 33050
x 0 33051
p 0 176 33051
x 0 33052
p 0 181 33052
x 0 33053
p 0 184 33053
x 0 33054
p 0 206 33054
x 0 33055
p 0 181 33055
x 0 33056
p 0 185 33056
x 0 33057
p 0 183 33057
x 0 33058
p 0 181 33058
x 0 33059
p 0 181 33059
x 0 33060
p 0 219 33060
x 0 33000
h 0 10.0.0.11
p 0 14568 33000
x 1 33001
h 1 10.0.0.11
p 1 208 33001
x 0 33002
p 0 196 33002
x 0 33003
p 0 238 33003
x 0 33004
p 0 199 33004
x 0 33005
p 0 199 33005
x 0 33006
p 0 171 33006
x 0 33007
p 0 198 33007
x 0 33008
p 0 160 33008
x 0 33009
p 0 169 33009
x 0 33010
p 0 164 33010
x 0 33011
p 0 195 33011
x 0 33012
p 0 161 33012
x 0 33013
p 0 166 33013
x 0 33014
p 0 165 33014
x 0 33015
p 0 197 33015
x 0 33016
p 0 160 33016
x 0 33017
p 0 166 33017
x 0 33018
p 0 167 33018
x 0 33019
p 0 158 33019
x 0 33020
p 0 159 33020
x 0 33021
p 0 167 33021
x 0 33022
p 0 165 33022
x 0 33023
p 0 195 33023
x 0 33024
p 0 194 33024
x 0 33025
p 0 167 33025
x 0 33026
p 0 167 33026
x 0 33027
p 0 162 33027
x 0 33028
p 0 166 33028
x 0 33029
p 0 167 33029
x 0 33030
p 0 209 33030
x 0 33031
p 0 200 33031
x 0 33032
p 0 197 33032
x 0 33033
p 0 167 33033
x 0 33034
p 0 165 33034
x 0 33035
p 0 73 33035
x 0 33036
p 0 164 33036
x 0 33037
p 0 174 33037
x 0 33038
p 0 165 33038
x 0 33039
p 0 195 33039
x 0 33040
p 0 136 33040
x 0 33041
p 0 136 33041
x 0 33042
p 0 198 33042
x 0 33043
p 0 143 33043
x 0 33044
p 0 153 33044
x 0 33045
p 0 202 33045
x 0 33046
p 0 278 33046
x 0 33047
p 0 148 33047
x 0 33048
p 0 140 33048
x 0 33049
p 0 202 33049
x 0 33050
p 0 271 33050
x 0 33051
p 0 203 33051
x 0 33052
p 0 204 33052
x 0 33053
p 0 206 33053
x 0 33054
p 0 156 33054
x 0 33055
p 0 157 33055
x 0 33056
p 0 221 33056
x 0 33057
p 0 206 33057
x 0 33058
p 0 224 33058
x 0 33059
p 0 221 33059
x 0 33060
p 0 227 33060
x 0 33000
h 0 10.0.0.11
p 0 20517 33000
x 1 33001
h 1 10.0.0.11
p 1 211 33001
x 0 33002
p 0 152 33002
x 0 33003
p 0 201 33003
x 0 33004
p 0 211 33004
x 0 33005
p 0 169 33005
x 0 33006
p 0 171 33006
x 0 33007
p 0 239 33007
x 0 33008
p 0 201 33008
x 0 33009
p 0 167 33009
x 0 33010
p 0 170 33010
x 0 33011
p 0 182 33011
x 0 33012
p 0 198 33012
x 0 33013
p 0 201 33013
x 0 33014
p 0 163 33014
x 0 33015
p 0 201 33015
x 0 33016
p 0 86 33016
x 0 33017
p 0 164 33017
x 0 33018
p 0 169 33018
x 0 33019
p 0 201 33019
x 0 33020
p 0 205 33020
x 0 33021
p 0 202 33021
x 0 33022
p 0 169 33022
x 0 33023
p 0 202 33023
x 0 33024
p 0 167 33024
x 0 33025
p 0 165 33025
x 0 33026
p 0 152 33026
x 0 33027
p 0 200 33027
x 0 33028
p 0 202 33028
x 0 33029
p 0 200 33029
x 0 33030
p 0 168 33030
x 0 33031
p 0 202 33031
x 0 33032
p 0 199 33032
x 0 33033
p 0 182 33033
x 0 33034
p 0 169 33034
x 0 33035
p 0 249 33035
x 0 33036
p 0 180 33036
x 0 33037
p 0 180 33037
x 0 33038
p 0 221 33038
x 0 33039
p 0 250 33039
x 0 33040
p 0 195 33040
x 0 33041
p 0 167 33041
x 0 33042
p 0 172 33042
x 0 33043
p 0 198 33043
x 0 33044
p 0 199 33044
x 0 33045
p 0 170 33045
x 0 33046
p 0 223 33046
x 0 33047
p 0 197 33047
x 0 33048
p 0 197 33048
x 0 33049
p 0 175 33049
x 0 33050
p 0 170 33050
x 0 33051
p 0 176 33051
x 0 33052
p 0 204 33052
x 0 33053
p 0 184 33053
x 0 33054
p 0 177 33054
x 0 33055
p 0 202 33055
x 0 33056
p 0 183 33056
x 0 33057
p 0 180 33057
x 0 33058
p 0 186 33058
x 0 33059
p 0 204 33059
x 0 33060
p 0 201 33060
x 0 33000
h 0 10.0.0.11
p 0 14086 33000
x 1 33001
h 1 10.0.0.11
p 1 200 33001
x 0 33002
p 0 175 33002
x 0 33003
p 0 173 33003
x 0 33004
p 0 199 33004
x 0 33005
p 0 225 33005
x 0 33006
p 0 153 33006
x 0 33007
p 0 198 33007
x 0 33008
p 0 202 33008
x 0 33009
p 0 198 33009
x 0 33010
p 0 199 33010
x 0 33011
p 0 187 33011
x 0 33012
p 0 199 33012
x 0 33013
p 0 201 33013
x 0 33014
p 0 201 33014
x 0 33015
p 0 197 33015
x 0 33016
p 0 198 33016
x 0 33017
p 0 199 33017
x 0 33018
p 0 199 33018
x 0 33019
p 0 200 33019
x 0 33020
p 0 197 33020
x 0 33021
p 0 202 33021
x 0 33022
p 0 200 33022
x 0 33023
p 0 198 33023
x 0 33024
p 0 199 33024
x 0 33025
p 0 171 33025
x 0 33026
p 0 200 33026
x 0 33027
p 0 197 33027
x 0 33028
p 0 199 33028
x 0 33029
p 0 200 33029
x 0 33030
p 0 198 33030
x 0 33031
p 0 202 33031
x 0 33032
p 0 199 33032
x 0 33033
p 0 198 33033
x 0 33034
p 0 198 33034
x 0 33035
p 0 200 33035
x 0 33036
p 0 197 33036
x 0 33037
p 0 203 33037
x 0 33038
p 0 201 33038
x 0 33039
p 0 203 33039
x 0 33040
p 0 199 33040
x 0 33041
p 0 203 33041
x 0 33042
p 0 200 33042
x 0 33043
p 0 202 33043
x 0 33044
p 0 175 33044
x 0 33045
p 0 200 33045
x 0 33046
p 0 203 33046
x 0 33047
p 0 205 33047
x 0 33048
p 0 208 33048
x 0 33049
p 0 204 33049
x 0 33050
p 0 203 33050
x 0 33051
p 0 219 33051
x 0 33052
p 0 185 33052
x 0 33053
p 0 204 33053
x 0 33054
p 0 206 33054
x 0 33055
p 0 207 33055
x 0 33056
p 0 211 33056
x 0 33057
p 0 237 33057
x 0 33058
p 0 207 33058
x 0 33059
p 0 313 33059
x 0 33060
p 0 272 33060
x 0 33000
h 0 10.0.0.11
p 0 17506 33000
x 1 33001
h 1 10.0.0.11
p 1 207 33001
x 0 33002
p 0 199 33002
x 0 33003
p 0 141 33003
x 0 33004
p 0 156 33004
x 0 33005
p 0 156 33005
x 0 33006
p 0 237 33006
x 0 33007
p 0 199 33007
x 0 33008
p 0 292 33008
x 0 33009
p 0 168 33009
x 0 33010
p 0 179 33010
x 0 33011
p 0 291 33011
x 0 33012
p 0 273 33012
x 0 33013
p 0 170 33013
x 0 33014
p 0 173 33014
x 0 33015
p 0 297 33015
x 0 33016
p 0 285 33016
x 0 33017
p 0 169 33017
x 0 33018
p 0 257 33018
x 0 33019
p 0 229 33019
x 0 33020
p 0 287 33020
x 0 33021
p 0 200 33021
x 0 33022
p 0 176 33022
x 0 33023
p 0 201 33023
x 0 33024
p 0 197 33024
x 0 33025
p 0 174 33025
x 0 33026
p 0 224 33026
x 0 33027
p 0 291 33027
x 0 33028
p 0 201 33028
x 0 33029
p 0 242 33029
x 0 33030
p 0 166 33030
x 0 33031
p 0 199 33031
x 0 33032
p 0 197 33032
x 0 33033
p 0 199 33033
x 0 33034
p 0 171 33034
x 0 33035
p 0 166 33035
x 0 33036
p 0 199 33036
x 0 33037
p 0 196 33037
x 0 33038
p 0 161 33038
x 0 33039
p 0 167 33039
x 0 33040
p 0 198 33040
x 0 33041
p 0 165 33041
x 0 33042
p 0 210 33042
x 0 33043
p 0 164 33043
x 0 33044
p 0 163 33044
x 0 33045
p 0 118 33045
x 0 33046
p 0 163 33046
x 0 33047
p 0 167 33047
x 0 33048
p 0 166 33048
x 0 33049
p 0 166 33049
x 0 33050
p 0 291 33050
x 0 33051
p 0 180 33051
x 0 33052
p 0 247 33052
x 0 33053
p 0 232 33053
x 0 33054
p 0 213 33054
x 0 33055
p 0 209 33055
x 0 33056
p 0 208 33056
x 0 33057
p 0 204 33057
x 0 33058
p 0 207 33058
x 0 33059
p 0 234 33059
x 0 33060
p 0 296 33060
x 0 33000
h 0 10.0.0.11
p 0 15432 33000
x 1 33001
h 1 10.0.0.11
p 1 213 33001
x 0 33002
p 0 237 33002
x 0 33003
p 0 199 33003
x 0 33004
p 0 200 33004
x 0 33005
p 0 163 33005
x 0 33006
p 0 198 33006
x 0 33007
p 0 198 33007
x 0 33008
p 0 198 33008
x 0 33009
p 0 187 33009
x 0 33010
p 0 196 33010
x 0 33011
p 0 197 33011
x 0 33012
p 0 195 33012
x 0 33013
p 0 171 33013
x 0 33014
p 0 198 33014
x 0 33015
p 0 198 33015
x 0 33016
p 0 199 33016
x 0 33017
p 0 197 33017
x 0 33018
p 0 198 33018
x 0 33019
p 0 201 33019
x 0 33020
p 0 196 33020
x 0 33021
p 0 201 33021
x 0 33022
p 0 197 33022
x 0 33023
p 0 200 33023
x 0 33024
p 0 198 33024
x 0 33025
p 0 196 33025
x 0 33026
p 0 197 33026
x 0 33027
p 0 200 33027
x 0 33028
p 0 202 33028
x 0 33029
p 0 197 33029
x 0 33030
p 0 197 33030
x 0 33031
p 0 191 33031
x 0 33032
p 0 203 33032
x 0 33033
p 0 196 33033
x 0 33034
p 0 198 33034
x 0 33035
p 0 172 33035
x 0 33036
p 0 200 33036
x 0 33037
p 0 199 33037
x 0 33038
p 0 174 33038
x 0 33039
p 0 198 33039
x 0 33040
p 0 198 33040
x 0 33041
p 0 197 33041
x 0 33042
p 0 221 33042
x 0 33043
p 0 198 33043
x 0 33044
p 0 200 33044
x 0 33045
p 0 201 33045
x 0 33046
p 0 172 33046
x 0 33047
p 0 198 33047
x 0 33048
p 0 200 33048
x 0 33049
p 0 200 33049
x 0 33050
p 0 203 33050
x 0 33051
p 0 172 33051
x 0 33052
p 0 201 33052
x 0 33053
p 0 203 33053
x 0 33054
p 0 180 33054
x 0 33055
p 0 180 33055
x 0 33056
p 0 203 33056
x 0 33057
p 0 182 33057
x 0 33058
p 0 207 33058
x 0 33059
p 0 210 33059
x 0 33060
p 0 222 33060
x 0 33000
h 0 10.0.0.11
p 0 16325 33000
x 1 33001
h 1 10.0.0.11
p 1 207 33001
x 0 33002
p 0 195 33002
x 0 33003
p 0 198 33003
x 0 33004
p 0 158 33004
x 0 33005
p 0 167 33005
x 0 33006
p 0 140 33006
x 0 33007
p 0 201 33007
x 0 33008
p 0 124 33008
x 0 33009
p 0 166 33009
x 0 33010
p 0 168 33010
x 0 33011
p 0 163 33011
x 0 33012
p 0 167 33012
x 0 33013
p 0 159 33013
x 0 33014
p 0 165 33014
x 0 33015
p 0 200 33015
x 0 33016
p 0 165 33016
x 0 33017
p 0 169 33017
x 0 33018
p 0 165 33018
x 0 33019
p 0 198 33019
x 0 33020
p 0 200 33020
x 0 33021
p 0 169 33021
x 0 33022
p 0 164 33022
x 0 33023
p 0 198 33023
x 0 33024
p 0 175 33024
x 0 33025
p 0 171 33025
x 0 33026
p 0 167 33026
x 0 33027
p 0 173 33027
x 0 33028
p 0 173 33028
x 0 33029
p 0 173 33029
x 0 33030
p 0 166 33030
x 0 33031
p 0 200 33031
x 0 33032
p 0 198 33032
x 0 33033
p 0 164 33033
x 0 33034
p 0 169 33034
x 0 33035
p 0 201 33035
x 0 33036
p 0 198 33036
x 0 33037
p 0 167 33037
x 0 33038
p 0 171 33038
x 0 33039
p 0 199 33039
x 0 33040
p 0 200 33040
x 0 33041
p 0 165 33041
x 0 33042
p 0 186 33042
x 0 33043
p 0 212 33043
x 0 33044
p 0 208 33044
x 0 33045
p 0 182 33045
x 0 33046
p 0 183 33046
x 0 33047
p 0 209 33047
x 0 33048
p 0 209 33048
x 0 33049
p 0 180 33049
x 0 33050
p 0 183 33050
x 0 33051
p 0 211 33051
x 0 33052
p 0 210 33052
x 0 33053
p 0 181 33053
x 0 33054
p 0 175 33054
x 0 33055
p 0 203 33055
x 0 33056
p 0 208 33056
x 0 33057
p 0 186 33057
x 0 33058
p 0 211 33058
x 0 33059
p 0 231 33059
x 0 33060
p 0 229 33060
x 0 33000
h 0 10.0.0.11
p 0 16518 33000
x 1 33001
h 1 10.0.0.11
p 1 253 33001
x 0 33002
p 0 199 33002
x 0 33003
p 0 198 33003
x 0 33004
p 0 202 33004
x 0 33005
p 0 198 33005
x 0 33006
p 0 163 33006
x 0 33007
p 0 197 33007
x 0 33008
p 0 190 33008
x 0 33009
p 0 361 33009
x 0 33010
p 0 237 33010
x 0 33011
p 0 173 33011
x 0 33012
p 0 176 33012
x 0 33013
p 0 168 33013
x 0 33014
p 0 169 33014
x 0 33015
p 0 168 33015
x 0 33016
p 0 166 33016
x 0 33017
p 0 147 33017
x 0 33018
p 0 201 33018
x 0 33019
p 0 198 33019
x 0 33020
p 0 165 33020
x 0 33021
p 0 162 33021
x 0 33022
p 0 195 33022
x 0 33023
p 0 196 33023
x 0 33024
p 0 164 33024
x 0 33025
p 0 231 33025
x 0 33026
p 0 198 33026
x 0 33027
p 0 235 33027
x 0 33028
p 0 195 33028
x 0 33029
p 0 160 33029
x 0 33030
p 0 170 33030
x 0 33031
p 0 197 33031
x 0 33032
p 0 107 33032
x 0 33033
p 0 158 33033
x 0 33034
p 0 160 33034
x 0 33035
p 0 198 33035
x 0 33036
p 0 158 33036
x 0 33037
p 0 164 33037
x 0 33038
p 0 162 33038
x 0 33039
p 0 161 33039
x 0 33040
p 0 195 33040
x 0 33041
p 0 158 33041
x 0 33042
p 0 158 33042
x 0 33043
p 0 198 33043
x 0 33044
p 0 164 33044
x 0 33045
p 0 159 33045
x 0 33046
p 0 160 33046
x 0 33047
p 0 84 33047
x 0 33048
p 0 160 33048
x 0 33049
p 0 165 33049
x 0 33050
p 0 164 33050
x 0 33051
p 0 198 33051
x 0 33052
p 0 206 33052
x 0 33053
p 0 167 33053
x 0 33054
p 0 165 33054
x 0 33055
p 0 202 33055
x 0 33056
p 0 171 33056
x 0 33057
p 0 191 33057
x 0 33058
p 0 171 33058
x 0 33059
p 0 212 33059
x 0 33060
p 0 222 33060
x 0 33000
h 0 10.0.0.11
p 0 16443 33000
x 1 33001
h 1 10.0.0.11
p 1 2461 33001
x 0 33002
p 0 232 33002
x 0 33003
p 0 213 33003
x 0 33004
p 0 217 33004
x 0 33005
p 0 234 33005
x 0 33006
p 0 232 33006
x 0 33007
p 0 203 33007
x 0 33008
p 0 223 33008
x 0 33009
p 0 269 33009
x 0 33010
p 0 245 33010
x 0 33011
p 0 202 33011
x 0 33012
p 0 206 33012
x 0 33013
p 0 214 33013
x 0 33014
p 0 213 33014
x 0 33015
p 0 232 33015
x 0 33016
p 0 146 33016
x 0 33017
p 0 197 33017
x 0 33018
p 0 225 33018
x 0 33019
p 0 214 33019
x 0 33020
p 0 233 33020
x 0 33021
p 0 207 33021
x 0 33022
p 0 247 33022
x 0 33023
p 0 336 33023
x 0 33024
p 0 312 33024
x 0 33025
p 0 227 33025
x 0 33026
p 0 206 33026
x 0 33027
p 0 230 33027
x 0 33028
p 0 217 33028
x 0 33029
p 0 213 33029
x 0 33030
p 0 282 33030
x 0 33031
p 0 204 33031
x 0 33032
p 0 202 33032
x 0 33033
p 0 219 33033
x 0 33034
p 0 212 33034
x 0 33035
p 0 230 33035
x 0 33036
p 0 202 33036
x 0 33037
p 0 279 33037
x 0 33038
p 0 223 33038
x 0 33039
p 0 213 33039
x 0 33040
p 0 224 33040
x 0 33041
p 0 209 33041
x 0 33042
p 0 203 33042
x 0 33043
p 0 220 33043
x 0 33044
p 0 275 33044
x 0 33045
p 0 233 33045
x 0 33046
p 0 204 33046
x 0 33047
p 0 231 33047
x 0 33048
p 0 214 33048
x 0 33049
p 0 219 33049
x 0 33050
p 0 231 33050
x 0 33051
p 0 249 33051
x 0 33052
p 0 207 33052
x 0 33053
p 0 168 33053
x 0 33054
p 0 212 33054
x 0 33055
p 0 240 33055
x 0 33056
p 0 230 33056
x 0 33057
p 0 237 33057
x 0 33058
p 0 211 33058
x 0 33059
p 0 212 33059
x 0 33060
p 0 216 33060
x 0 33000
h 0 10.0.0.11
p 0 15739 33000
x 1 33001
h 1 10.0.0.11
p 1 258 33001
x 0 33002
p 0 212 33002
x 0 33003
p 0 207 33003
x 0 33004
p 0 213 33004
x 0 33005
p 0 201 33005
x 0 33006
p 0 200 33006
x 0 33007
p 0 237 33007
x 0 33008
p 0 200 33008
x 0 33009
p 0 200 33009
x 0 33010
p 0 209 33010
x 0 33011
p 0 205 33011
x 0 33012
p 0 202 33012
x 0 33013
p 0 199 33013
x 0 33014
p 0 199 33014
x 0 33015
p 0 202 33015
x 0 33016
p 0 204 33016
x 0 33017
p 0 200 33017
x 0 33018
p 0 200 33018
x 0 33019
p 0 203 33019
x 0 33020
p 0 198 33020
x 0 33021
p 0 199 33021
x 0 33022
p 0 201 33022
x 0 33023
p 0 203 33023
x 0 33024
p 0 201 33024
x 0 33025
p 0 179 33025
x 0 33026
p 0 199 33026
x 0 33027
p 0 201 33027
x 0 33028
p 0 202 33028
x 0 33029
p 0 203 33029
x 0 33030
p 0 202 33030
x 0 33031
p 0 200 33031
x 0 33032
p 0 198 33032
x 0 33033
p 0 198 33033
x 0 33034
p 0 199 33034
x 0 33035
p 0 201 33035
x 0 33036
p 0 202 33036
x 0 33037
p 0 215 33037
x 0 33038
p 0 200 33038
x 0 33039
p 0 198 33039
x 0 33040
p 0 199 33040
x 0 33041
p 0 199 33041
x 0 33042
p 0 199 33042
x 0 33043
p 0 198 33043
x 0 33044
p 0 200 33044
x 0 33045
p 0 199 33045
x 0 33046
p 0 283 33046
x 0 33047
p 0 204 33047
x 0 33048
p 0 205 33048
x 0 33049
p 0 205 33049
x 0 33050
p 0 199 33050
x 0 33051
p 0 207 33051
x 0 33052
p 0 210 33052
x 0 33053
p 0 213 33053
x 0 33054
p 0 216 33054
x 0 33055
p 0 215 33055
x 0 33056
p 0 215 33056
x 0 33057
p 0 214 33057
x 0 33058
p 0 216 33058
x 0 33059
p 0 245 33059
x 0 33060
p 0 218 33060
x 0 33000
h 0 10.0.0.11
p 0 12889 33000
x 1 33001
h 1 10.0.0.11
p 1 247 33001
x 0 33002
p 0 221 33002
x 0 33003
p 0 201 33003
x 0 33004
p 0 201 33004
x 0 33005
p 0 200 33005
x 0 33006
p 0 198 33006
x 0 33007
p 0 197 33007
x 0 33008
p 0 197 33008
x 0 33009
p 0 219 33009
x 0 33010
p 0 199 33010
x 0 33011
p 0 200 33011
x 0 33012
p 0 199 33012
x 0 33013
p 0 197 33013
x 0 33014
p 0 196 33014
x 0 33015
p 0 198 33015
x 0 33016
p 0 195 33016
x 0 33017
p 0 198 33017
x 0 33018
p 0 195 33018
x 0 33019
p 0 198 33019
x 0 33020
p 0 198 33020
x 0 33021
p 0 196 33021
x 0 33022
p 0 199 33022
x 0 33023
p 0 199 33023
x 0 33024
p 0 198 33024
x 0 33025
p 0 200 33025
x 0 33026
p 0 197 33026
x 0 33027
p 0 200 33027
x 0 33028
p 0 199 33028
x 0 33029
p 0 200 33029
x 0 33030
p 0 202 33030
x 0 33031
p 0 199 33031
x 0 33032
p 0 199 33032
x 0 33033
p 0 201 33033
x 0 33034
p 0 200 33034
x 0 33035
p 0 202 33035
x 0 33036
p 0 201 33036
x 0 33037
p 0 200 33037
x 0 33038
p 0 201 33038
x 0 33039
p 0 201 33039
x 0 33040
p 0 200 33040
x 0 33041
p 0 196 33041
x 0 33042
p 0 197 33042
x 0 33043
p 0 200 33043
x 0 33044
p 0 200 33044
x 0 33045
p 0 202 33045
x 0 33046
p 0 202 33046
x 0 33047
p 0 208 33047
x 0 33048
p 0 205 33048
x 0 33049
p 0 202 33049
x 0 33050
p 0 204 33050
x 0 33051
p 0 204 33051
x 0 33052
p 0 211 33052
x 0 33053
p 0 213 33053
x 0 33054
p 0 213 33054
x 0 33055
p 0 187 33055
x 0 33056
p 0 223 33056
x 0 33057
p 0 208 33057
x 0 33058
p 0 212 33058
x 0 33059
p 0 213 33059
x 0 33060
p 0 219 33060
x 0 33000
h 0 10.0.0.11
p 0 15081 33000
x 1 33001
h 1 10.0.0.11
p 1 205 33001
x 0 33002
p 0 200 33002
x 0 33003
p 0 268 33003
x 0 33004
p 0 185 33004
x 0 33005
p 0 166 33005
x 0 33006
p 0 199 33006
x 0 33007
p 0 143 33007
x 0 33008
p 0 147 33008
x 0 33009
p 0 197 33009
x 0 33010
p 0 199 33010
x 0 33011
p 0 198 33011
x 0 33012
p 0 148 33012
x 0 33013
p 0 196 33013
x 0 33014
p 0 198 33014
x 0 33015
p 0 146 33015
x 0 33016
p 0 148 33016
x 0 33017
p 0 142 33017
x 0 33018
p 0 141 33018
x 0 33019
p 0 199 33019
x 0 33020
p 0 249 33020
x 0 33021
p 0 230 33021
x 0 33022
p 0 199 33022
x 0 33023
p 0 201 33023
x 0 33024
p 0 298 33024
x 0 33025
p 0 233 33025
x 0 33026
p 0 204 33026
x 0 33027
p 0 203 33027
x 0 33028
p 0 202 33028
x 0 33029
p 0 205 33029
x 0 33030
p 0 214 33030
x 0 33031
p 0 208 33031
x 0 33032
p 0 249 33032
x 0 33033
p 0 204 33033
x 0 33034
p 0 203 33034
x 0 33035
p 0 204 33035
x 0 33036
p 0 199 33036
x 0 33037
p 0 202 33037
x 0 33038
p 0 204 33038
x 0 33039
p 0 208 33039
x 0 33040
p 0 245 33040
x 0 33041
p 0 210 33041
x 0 33042
p 0 207 33042
x 0 33043
p 0 210 33043
x 0 33044
p 0 211 33044
x 0 33045
p 0 208 33045
x 0 33046
p 0 207 33046
x 0 33047
p 0 245 33047
x 0 33048
p 0 206 33048
x 0 33049
p 0 205 33049
x 0 33050
p 0 210 33050
x 0 33051
p 0 206 33051
x 0 33052
p 0 204 33052
x 0 33053
p 0 212 33053
x 0 33054
p 0 450 33054
x 0 33055
p 0 234 33055
x 0 33056
p 0 217 33056
x 0 33057
p 0 211 33057
x 0 33058
p 0 209 33058
x 0 33059
p 0 255 33059
x 0 33060
p 0 224 33060
x 0 33000
h 0 10.0.0.11
p 0 12848 33000
x 1 33001
h 1 10.0.0.11
p 1 206 33001
x 0 33002
p 0 198 33002
x 0 33003
p 0 198 33003
x 0 33004
p 0 198 33004
x 0 33005
p 0 176 33005
x 0 33006
p 0 169 33006
x 0 33007
p 0 199 33007
x 0 33008
p 0 284 33008
x 0 33009
p 0 165 33009
x 0 33010
p 0 165 33010
x 0 33011
p 0 199 33011
x 0 33012
p 0 280 33012
x 0 33013
p 0 166 33013
x 0 33014
p 0 166 33014
x 0 33015
p 0 198 33015
x 0 33016
p 0 278 33016
x 0 33017
p 0 181 33017
x 0 33018
p 0 164 33018
x 0 33019
p 0 198 33019
x 0 33020
p 0 197 33020
x 0 33021
p 0 165 33021
x 0 33022
p 0 165 33022
x 0 33023
p 0 198 33023
x 0 33024
p 0 283 33024
x 0 33025
p 0 168 33025
x 0 33026
p 0 165 33026
x 0 33027
p 0 198 33027
x 0 33028
p 0 240 33028
x 0 33029
p 0 167 33029
x 0 33030
p 0 168 33030
x 0 33031
p 0 182 33031
x 0 33032
p 0 199 33032
x 0 33033
p 0 183 33033
x 0 33034
p 0 173 33034
x 0 33035
p 0 203 33035
x 0 33036
p 0 173 33036
x 0 33037
p 0 157 33037
x 0 33038
p 0 177 33038
x 0 33039
p 0 208 33039
x 0 33040
p 0 185 33040
x 0 33041
p 0 173 33041
x 0 33042
p 0 175 33042
x 0 33043
p 0 201 33043
x 0 33044
p 0 154 33044
x 0 33045
p 0 174 33045
x 0 33046
p 0 173 33046
x 0 33047
p 0 172 33047
x 0 33048
p 0 262 33048
x 0 33049
p 0 178 33049
x 0 33050
p 0 74 33050
x 0 33051
p 0 204 33051
x 0 33052
p 0 203 33052
x 0 33053
p 0 171 33053
x 0 33054
p 0 175 33054
x 0 33055
p 0 204 33055
x 0 33056
p 0 205 33056
x 0 33057
p 0 202 33057
x 0 33058
p 0 199 33058
x 0 33059
p 0 207 33059
x 0 33060
p 0 217 33060
x 0 33000
h 0 10.0.0.11
p 0 16704 33000
x 1 33001
h 1 10.0.0.11
p 1 205 33001
x 0 33002
p 0 258 33002
x 0 33003
p 0 152 33003
x 0 33004
p 0 198 33004
x 0 33005
p 0 204 33005
x 0 33006
p 0 199 33006
x 0 33007
p 0 199 33007
x 0 33008
p 0 201 33008
x 0 33009
p 0 200 33009
x 0 33010
p 0 170 33010
x 0 33011
p 0 69 33011
x 0 33012
p 0 199 33012
x 0 33013
p 0 197 33013
x 0 33014
p 0 197 33014
x 0 33015
p 0 234 33015
x 0 33016
p 0 197 33016
x 0 33017
p 0 203 33017
x 0 33018
p 0 198 33018
x 0 33019
p 0 198 33019
x 0 33020
p 0 197 33020
x 0 33021
p 0 203 33021
x 0 33022
p 0 197 33022
x 0 33023
p 0 197 33023
x 0 33024
p 0 199 33024
x 0 33025
p 0 198 33025
x 0 33026
p 0 199 33026
x 0 33027
p 0 203 33027
x 0 33028
p 0 202 33028
x 0 33029
p 0 250 33029
x 0 33030
p 0 203 33030
x 0 33031
p 0 214 33031
x 0 33032
p 0 173 33032
x 0 33033
p 0 205 33033
x 0 33034
p 0 194 33034
x 0 33035
p 0 205 33035
x 0 33036
p 0 203 33036
x 0 33037
p 0 366 33037
x 0 33038
p 0 165 33038
x 0 33039
p 0 147 33039
x 0 33040
p 0 205 33040
x 0 33041
p 0 205 33041
x 0 33042
p 0 203 33042
x 0 33043
p 0 203 33043
x 0 33044
p 0 134 33044
x 0 33045
p 0 200 33045
x 0 33046
p 0 203 33046
x 0 33047
p 0 202 33047
x 0 33048
p 0 209 33048
x 0 33049
p 0 84 33049
x 0 33050
p 0 205 33050
x 0 33051
p 0 207 33051
x 0 33052
p 0 202 33052
x 0 33053
p 0 211 33053
x 0 33054
p 0 159 33054
x 0 33055
p 0 206 33055
x 0 33056
p 0 209 33056
x 0 33057
p 0 236 33057
x 0 33058
p 0 209 33058
x 0 33059
p 0 150 33059
x 0 33060
p 0 212 33060
x 0 33000
h 0 10.0.0.11
p 0 14607 33000
x 1 33001
h 1 10.0.0.11
p 1 252 33001
x 0 33002
p 0 197 33002
x 0 33003
p 0 197 33003
x 0 33004
p 0 197 33004
x 0 33005
p 0 197 33005
x 0 33006
p 0 197 33006
x 0 33007
p 0 257 33007
x 0 33008
p 0 195 33008
x 0 33009
p 0 173 33009
x 0 33010
p 0 164 33010
x 0 33011
p 0 198 33011
x 0 33012
p 0 163 33012
x 0 33013
p 0 166 33013
x 0 33014
p 0 166 33014
x 0 33015
p 0 199 33015
x 0 33016
p 0 195 33016
x 0 33017
p 0 197 33017
x 0 33018
p 0 162 33018
x 0 33019
p 0 197 33019
x 0 33020
p 0 169 33020
x 0 33021
p 0 204 33021
x 0 33022
p 0 204 33022
x 0 33023
p 0 170 33023
x 0 33024
p 0 206 33024
x 0 33025
p 0 264 33025
x 0 33026
p 0 172 33026
x 0 33027
p 0 205 33027
x 0 33028
p 0 176 33028
x 0 33029
p 0 167 33029
x 0 33030
p 0 205 33030
x 0 33031
p 0 198 33031
x 0 33032
p 0 174 33032
x 0 33033
p 0 163 33033
x 0 33034
p 0 197 33034
x 0 33035
p 0 164 33035
x 0 33036
p 0 165 33036
x 0 33037
p 0 244 33037
x 0 33038
p 0 198 33038
x 0 33039
p 0 199 33039
x 0 33040
p 0 161 33040
x 0 33041
p 0 160 33041
x 0 33042
p 0 209 33042
x 0 33043
p 0 241 33043
x 0 33044
p 0 168 33044
x 0 33045
p 0 167 33045
x 0 33046
p 0 165 33046
x 0 33047
p 0 171 33047
x 0 33048
p 0 171 33048
x 0 33049
p 0 175 33049
x 0 33050
p 0 163 33050
x 0 33051
p 0 166 33051
x 0 33052
p 0 213 33052
x 0 33053
p 0 163 33053
x 0 33054
p 0 172 33054
x 0 33055
p 0 214 33055
x 0 33056
p 0 233 33056
x 0 33057
p 0 224 33057
x 0 33058
p 0 211 33058
x 0 33059
p 0 213 33059
x 0 33060
p 0 214 33060
x 0 33000
h 0 10.0.0.11
p 0 16457 33000
x 1 33001
h 1 10.0.0.11
p 1 205 33001
x 0 33002
p 0 160 33002
x 0 33003
p 0 213 33003
x 0 33004
p 0 165 33004
x 0 33005
p 0 167 33005
x 0 33006
p 0 159 33006
x 0 33007
p 0 166 33007
x 0 33008
p 0 163 33008
x 0 33009
p 0 163 33009
x 0 33010
p 0 199 33010
x 0 33011
p 0 156 33011
x 0 33012
p 0 160 33012
x 0 33013
p 0 165 33013
x 0 33014
p 0 199 33014
x 0 33015
p 0 165 33015
x 0 33016
p 0 174 33016
x 0 33017
p 0 168 33017
x 0 33018
p 0 239 33018
x 0 33019
p 0 201 33019
x 0 33020
p 0 172 33020
x 0 33021
p 0 95 33021
x 0 33022
p 0 173 33022
x 0 33023
p 0 168 33023
x 0 33024
p 0 157 33024
x 0 33025
p 0 137 33025
x 0 33026
p 0 162 33026
x 0 33027
p 0 163 33027
x 0 33028
p 0 160 33028
x 0 33029
p 0 157 33029
x 0 33030
p 0 161 33030
x 0 33031
p 0 134 33031
x 0 33032
p 0 159 33032
x 0 33033
p 0 158 33033
x 0 33034
p 0 164 33034
x 0 33035
p 0 165 33035
x 0 33036
p 0 161 33036
x 0 33037
p 0 137 33037
x 0 33038
p 0 208 33038
x 0 33039
p 0 227 33039
x 0 33040
p 0 216 33040
x 0 33041
p 0 185 33041
x 0 33042
p 0 203 33042
x 0 33043
p 0 264 33043
x 0 33044
p 0 295 33044
x 0 33045
p 0 239 33045
x 0 33046
p 0 268 33046
x 0 33047
p 0 200 33047
x 0 33048
p 0 169 33048
x 0 33049
p 0 172 33049
x 0 33050
p 0 198 33050
x 0 33051
p 0 197 33051
x 0 33052
p 0 166 33052
x 0 33053
p 0 172 33053
x 0 33054
p 0 205 33054
x 0 33055
p 0 171 33055
x 0 33056
p 0 223 33056
x 0 33057
p 0 209 33057
x 0 33058
p 0 179 33058
x 0 33059
p 0 224 33059
x 0 33060
p 0 233 33060
x 0 33000
h 0 10.0.0.11
p 0 14483 33000
x 1 33001
h 1 10.0.0.11
p 1 206 33001
x 0 33002
p 0 197 33002
x 0 33003
p 0 197 33003
x 0 33004
p 0 201 33004
x 0 33005
p 0 200 33005
x 0 33006
p 0 198 33006
x 0 33007
p 0 196 33007
x 0 33008
p 0 205 33008
x 0 33009
p 0 205 33009
x 0 33010
p 0 206 33010
x 0 33011
p 0 205 33011
x 0 33012
p 0 203 33012
x 0 33013
p 0 205 33013
x 0 33014
p 0 204 33014
x 0 33015
p 0 203 33015
x 0 33016
p 0 202 33016
x 0 33017
p 0 202 33017
x 0 33018
p 0 198 33018
x 0 33019
p 0 198 33019
x 0 33020
p 0 196 33020
x 0 33021
p 0 195 33021
x 0 33022
p 0 197 33022
x 0 33023
p 0 195 33023
x 0 33024
p 0 199 33024
x 0 33025
p 0 198 33025
x 0 33026
p 0 196 33026
x 0 33027
p 0 195 33027
x 0 33028
p 0 196 33028
x 0 33029
p 0 197 33029
x 0 33030
p 0 224 33030
x 0 33031
p 0 200 33031
x 0 33032
p 0 198 33032
x 0 33033
p 0 196 33033
x 0 33034
p 0 196 33034
x 0 33035
p 0 197 33035
x 0 33036
p 0 250 33036
x 0 33037
p 0 230 33037
x 0 33038
p 0 196 33038
x 0 33039
p 0 201 33039
x 0 33040
p 0 198 33040
x 0 33041
p 0 199 33041
x 0 33042
p 0 202 33042
x 0 33043
p 0 595 33043
x 0 33044
p 0 229 33044
x 0 33045
p 0 196 33045
x 0 33046
p 0 198 33046
x 0 33047
p 0 201 33047
x 0 33048
p 0 200 33048
x 0 33049
p 0 200 33049
x 0 33050
p 0 266 33050
x 0 33051
p 0 204 33051
x 0 33052
p 0 201 33052
x 0 33053
p 0 207 33053
x 0 33054
p 0 209 33054
x 0 33055
p 0 207 33055
x 0 33056
p 0 207 33056
x 0 33057
p 0 213 33057
x 0 33058
p 0 227 33058
x 0 33059
p 0 218 33059
x 0 33060
p 0 222 33060
x 0 33000
h 0 10.0.0.11
p 0 15605 33000
x 1 33001
h 1 10.0.0.11
p 1 213 33001
x 0 33002
p 0 210 33002
x 0 33003
p 0 215 33003
x 0 33004
p 0 217 33004
x 0 33005
p 0 231 33005
x 0 33006
p 0 177 33006
x 0 33007
p 0 259 33007
x 0 33008
p 0 203 33008
x 0 33009
p 0 171 33009
x 0 33010
p 0 204 33010
x 0 33011
p 0 208 33011
x 0 33012
p 0 197 33012
x 0 33013
p 0 198 33013
x 0 33014
p 0 99 33014
x 0 33015
p 0 163 33015
x 0 33016
p 0 172 33016
x 0 33017
p 0 198 33017
x 0 33018
p 0 196 33018
x 0 33019
p 0 194 33019
x 0 33020
p 0 182 33020
x 0 33021
p 0 196 33021
x 0 33022
p 0 197 33022
x 0 33023
p 0 198 33023
x 0 33024
p 0 218 33024
x 0 33025
p 0 77 33025
x 0 33026
p 0 163 33026
x 0 33027
p 0 150 33027
x 0 33028
p 0 199 33028
x 0 33029
p 0 174 33029
x 0 33030
p 0 195 33030
x 0 33031
p 0 197 33031
x 0 33032
p 0 168 33032
x 0 33033
p 0 202 33033
x 0 33034
p 0 199 33034
x 0 33035
p 0 178 33035
x 0 33036
p 0 200 33036
x 0 33037
p 0 201 33037
x 0 33038
p 0 291 33038
x 0 33039
p 0 199 33039
x 0 33040
p 0 200 33040
x 0 33041
p 0 204 33041
x 0 33042
p 0 287 33042
x 0 33043
p 0 203 33043
x 0 33044
p 0 283 33044
x 0 33045
p 0 224 33045
x 0 33046
p 0 283 33046
x 0 33047
p 0 285 33047
x 0 33048
p 0 313 33048
x 0 33049
p 0 199 33049
x 0 33050
p 0 288 33050
x 0 33051
p 0 181 33051
x 0 33052
p 0 187 33052
x 0 33053
p 0 201 33053
x 0 33054
p 0 209 33054
x 0 33055
p 0 205 33055
x 0 33056
p 0 251 33056
x 0 33057
p 0 220 33057
x 0 33058
p 0 215 33058
x 0 33059
p 0 225 33059
x 0 33060
p 0 219 33060
x 0 33000
h 0 10.0.0.11
p 0 15934 33000
x 1 33001
h 1 10.0.0.11
p 1 207 33001
x 0 33002
p 0 199 33002
x 0 33003
p 0 147 33003
x 0 33004
p 0 232 33004
x 0 33005
p 0 201 33005
x 0 33006
p 0 201 33006
x 0 33007
p 0 200 33007
x 0 33008
p 0 201 33008
x 0 33009
p 0 200 33009
x 0 33010
p 0 198 33010
x 0 33011
p 0 189 33011
x 0 33012
p 0 199 33012
x 0 33013
p 0 198 33013
x 0 33014
p 0 198 33014
x 0 33015
p 0 198 33015
x 0 33016
p 0 173 33016
x 0 33017
p 0 198 33017
x 0 33018
p 0 199 33018
x 0 33019
p 0 198 33019
x 0 33020
p 0 195 33020
x 0 33021
p 0 197 33021
x 0 33022
p 0 200 33022
x 0 33023
p 0 200 33023
x 0 33024
p 0 200 33024
x 0 33025
p 0 277 33025
x 0 33026
p 0 200 33026
x 0 33027
p 0 154 33027
x 0 33028
p 0 233 33028
x 0 33029
p 0 204 33029
x 0 33030
p 0 199 33030
x 0 33031
p 0 198 33031
x 0 33032
p 0 163 33032
x 0 33033
p 0 200 33033
x 0 33034
p 0 291 33034
x 0 33035
p 0 197 33035
x 0 33036
p 0 200 33036
x 0 33037
p 0 200 33037
x 0 33038
p 0 129 33038
x 0 33039
p 0 198 33039
x 0 33040
p 0 197 33040
x 0 33041
p 0 200 33041
x 0 33042
p 0 199 33042
x 0 33043
p 0 204 33043
x 0 33044
p 0 201 33044
x 0 33045
p 0 202 33045
x 0 33046
p 0 203 33046
x 0 33047
p 0 200 33047
x 0 33048
p 0 203 33048
x 0 33049
p 0 203 33049
x 0 33050
p 0 203 33050
x 0 33051
p 0 179 33051
x 0 33052
p 0 204 33052
x 0 33053
p 0 171 33053
x 0 33054
p 0 212 33054
x 0 33055
p 0 209 33055
x 0 33056
p 0 216 33056
x 0 33057
p 0 209 33057
x 0 33058
p 0 214 33058
x 0 33059
p 0 266 33059
x 0 33060
p 0 223 33060
x 0 33000
h 0 10.0.0.11
p 0 15157 33000
x 1 33001
h 1 10.0.0.11
p 1 209 33001
x 0 33002
p 0 148 33002
x 0 33003
p 0 233 33003
x 0 33004
p 0 200 33004
x 0 33005
p 0 201 33005
x 0 33006
p 0 202 33006
x 0 33007
p 0 198 33007
x 0 33008
p 0 198 33008
x 0 33009
p 0 198 33009
x 0 33010
p 0 227 33010
x 0 33011
p 0 198 33011
x 0 33012
p 0 216 33012
x 0 33013
p 0 198 33013
x 0 33014
p 0 201 33014
x 0 33015
p 0 200 33015
x 0 33016
p 0 199 33016
x 0 33017
p 0 198 33017
x 0 33018
p 0 197 33018
x 0 33019
p 0 199 33019
x 0 33020
p 0 199 33020
x 0 33021
p 0 201 33021
x 0 33022
p 0 199 33022
x 0 33023
p 0 201 33023
x 0 33024
p 0 200 33024
x 0 33025
p 0 199 33025
x 0 33026
p 0 75 33026
x 0 33027
p 0 196 33027
x 0 33028
p 0 199 33028
x 0 33029
p 0 196 33029
x 0 33030
p 0 197 33030
x 0 33031
p 0 199 33031
x 0 33032
p 0 201 33032
x 0 33033
p 0 198 33033
x 0 33034
p 0 199 33034
x 0 33035
p 0 199 33035
x 0 33036
p 0 199 33036
x 0 33037
p 0 198 33037
x 0 33038
p 0 174 33038
x 0 33039
p 0 199 33039
x 0 33040
p 0 200 33040
x 0 33041
p 0 201 33041
x 0 33042
p 0 200 33042
x 0 33043
p 0 199 33043
x 0 33044
p 0 201 33044
x 0 33045
p 0 201 33045
x 0 33046
p 0 200 33046
x 0 33047
p 0 201 33047
x 0 33048
p 0 200 33048
x 0 33049
p 0 199 33049
x 0 33050
p 0 200 33050
x 0 33051
p 0 270 33051
x 0 33052
p 0 199 33052
x 0 33053
p 0 211 33053
x 0 33054
p 0 209 33054
x 0 33055
p 0 210 33055
x 0 33056
p 0 234 33056
x 0 33057
p 0 214 33057
x 0 33058
p 0 208 33058
x 0 33059
p 0 215 33059
x 0 33060
p 0 216 33060
x 0 33000
h 0 10.0.0.11
p 0 14905 33000
x 1 33001
h 1 10.0.0.11
p 1 208 33001
x 0 33002
p 0 224 33002
x 0 33003
p 0 118 33003
x 0 33004
p 0 223 33004
x 0 33005
p 0 161 33005
x 0 33006
p 0 160 33006
x 0 33007
p 0 264 33007
x 0 33008
p 0 232 33008
x 0 33009
p 0 201 33009
x 0 33010
p 0 242 33010
x 0 33011
p 0 212 33011
x 0 33012
p 0 215 33012
x 0 33013
p 0 201 33013
x 0 33014
p 0 238 33014
x 0 33015
p 0 232 33015
x 0 33016
p 0 196 33016
x 0 33017
p 0 202 33017
x 0 33018
p 0 199 33018
x 0 33019
p 0 200 33019
x 0 33020
p 0 203 33020
x 0 33021
p 0 200 33021
x 0 33022
p 0 200 33022
x 0 33023
p 0 202 33023
x 0 33024
p 0 202 33024
x 0 33025
p 0 202 33025
x 0 33026
p 0 199 33026
x 0 33027
p 0 200 33027
x 0 33028
p 0 198 33028
x 0 33029
p 0 194 33029
x 0 33030
p 0 200 33030
x 0 33031
p 0 201 33031
x 0 33032
p 0 199 33032
x 0 33033
p 0 202 33033
x 0 33034
p 0 202 33034
x 0 33035
p 0 204 33035
x 0 33036
p 0 201 33036
x 0 33037
p 0 203 33037
x 0 33038
p 0 202 33038
x 0 33039
p 0 205 33039
x 0 33040
p 0 262 33040
x 0 33041
p 0 204 33041
x 0 33042
p 0 204 33042
x 0 33043
p 0 204 33043
x 0 33044
p 0 203 33044
x 0 33045
p 0 207 33045
x 0 33046
p 0 203 33046
x 0 33047
p 0 207 33047
x 0 33048
p 0 204 33048
x 0 33049
p 0 210 33049
x 0 33050
p 0 208 33050
x 0 33051
p 0 207 33051
x 0 33052
p 0 208 33052
x 0 33053
p 0 210 33053
x 0 33054
p 0 212 33054
x 0 33055
p 0 236 33055
x 0 33056
p 0 214 33056
x 0 33057
p 0 212 33057
x 0 33058
p 0 219 33058
x 0 33059
p 0 215 33059
x 0 33060
p 0 229 33060
x 0 33000
h 0 10.0.0.11
p 0 16175 33000
x 1 33001
h 1 10.0.0.11
p 1 208 33001
x 0 33002
p 0 180 33002
x 0 33003
p 0 165 33003
x 0 33004
p 0 165 33004
x 0 33005
p 0 169 33005
x 0 33006
p 0 170 33006
x 0 33007
p 0 165 33007
x 0 33008
p 0 161 33008
x 0 33009
p 0 166 33009
x 0 33010
p 0 166 33010
x 0 33011
p 0 164 33011
x 0 33012
p 0 197 33012
x 0 33013
p 0 166 33013
x 0 33014
p 0 182 33014
x 0 33015
p 0 165 33015
x 0 33016
p 0 221 33016
x 0 33017
p 0 167 33017
x 0 33018
p 0 169 33018
x 0 33019
p 0 166 33019
x 0 33020
p 0 163 33020
x 0 33021
p 0 169 33021
x 0 33022
p 0 137 33022
x 0 33023
p 0 168 33023
x 0 33024
p 0 198 33024
x 0 33025
p 0 167 33025
x 0 33026
p 0 168 33026
x 0 33027
p 0 147 33027
x 0 33028
p 0 164 33028
x 0 33029
p 0 167 33029
x 0 33030
p 0 170 33030
x 0 33031
p 0 166 33031
x 0 33032
p 0 198 33032
x 0 33033
p 0 166 33033
x 0 33034
p 0 170 33034
x 0 33035
p 0 165 33035
x 0 33036
p 0 166 33036
x 0 33037
p 0 161 33037
x 0 33038
p 0 167 33038
x 0 33039
p 0 173 33039
x 0 33040
p 0 196 33040
x 0 33041
p 0 163 33041
x 0 33042
p 0 165 33042
x 0 33043
p 0 164 33043
x 0 33044
p 0 196 33044
x 0 33045
p 0 169 33045
x 0 33046
p 0 165 33046
x 0 33047
p 0 180 33047
x 0 33048
p 0 198 33048
x 0 33049
p 0 198 33049
x 0 33050
p 0 166 33050
x 0 33051
p 0 165 33051
x 0 33052
p 0 199 33052
x 0 33053
p 0 167 33053
x 0 33054
p 0 173 33054
x 0 33055
p 0 172 33055
x 0 33056
p 0 206 33056
x 0 33057
p 0 174 33057
x 0 33058
p 0 174 33058
x 0 33059
p 0 166 33059
x 0 33060
p 0 216 33060
x 0 33000
h 0 10.0.0.11
p 0 15943 33000
x 1 33001
h 1 10.0.0.11
p 1 208 33001
x 0 33002
p 0 199 33002
x 0 33003
p 0 202 33003
x 0 33004
p 0 201 33004
x 0 33005
p 0 200 33005
x 0 33006
p 0 199 33006
x 0 33007
p 0 198 33007
x 0 33008
p 0 197 33008
x 0 33009
p 0 197 33009
x 0 33010
p 0 198 33010
x 0 33011
p 0 197 33011
x 0 33012
p 0 197 33012
x 0 33013
p 0 196 33013
x 0 33014
p 0 198 33014
x 0 33015
p 0 197 33015
x 0 33016
p 0 197 33016
x 0 33017
p 0 203 33017
x 0 33018
p 0 198 33018
x 0 33019
p 0 197 33019
x 0 33020
p 0 162 33020
x 0 33021
p 0 158 33021
x 0 33022
p 0 203 33022
x 0 33023
p 0 199 33023
x 0 33024
p 0 195 33024
x 0 33025
p 0 202 33025
x 0 33026
p 0 199 33026
x 0 33027
p 0 277 33027
x 0 33028
p 0 196 33028
x 0 33029
p 0 197 33029
x 0 33030
p 0 202 33030
x 0 33031
p 0 195 33031
x 0 33032
p 0 196 33032
x 0 33033
p 0 298 33033
x 0 33034
p 0 199 33034
x 0 33035
p 0 198 33035
x 0 33036
p 0 200 33036
x 0 33037
p 0 197 33037
x 0 33038
p 0 197 33038
x 0 33039
p 0 200 33039
x 0 33040
p 0 260 33040
x 0 33041
p 0 198 33041
x 0 33042
p 0 90 33042
x 0 33043
p 0 200 33043
x 0 33044
p 0 197 33044
x 0 33045
p 0 203 33045
x 0 33046
p 0 200 33046
x 0 33047
p 0 200 33047
x 0 33048
p 0 199 33048
x 0 33049
p 0 200 33049
x 0 33050
p 0 202 33050
x 0 33051
p 0 187 33051
x 0 33052
p 0 230 33052
x 0 33053
p 0 256 33053
x 0 33054
p 0 184 33054
x 0 33055
p 0 208 33055
x 0 33056
p 0 208 33056
x 0 33057
p 0 205 33057
x 0 33058
p 0 205 33058
x 0 33059
p 0 205 33059
x 0 33060
p 0 242 33060
x 0 33000
h 0 10.0.0.11
p 0 14663 33000
x 1 33001
h 1 10.0.0.11
p 1 229 33001
x 0 33002
p 0 210 33002
x 0 33003
p 0 224 33003
x 0 33004
p 0 224 33004
x 0 33005
p 0 254 33005
x 0 33006
p 0 197 33006
x 0 33007
p 0 235 33007
x 0 33008
p 0 194 33008
x 0 33009
p 0 197 33009
x 0 33010
p 0 196 33010
x 0 33011
p 0 195 33011
x 0 33012
p 0 195 33012
x 0 33013
p 0 197 33013
x 0 33014
p 0 196 33014
x 0 33015
p 0 197 33015
x 0 33016
p 0 193 33016
x 0 33017
p 0 194 33017
x 0 33018
p 0 199 33018
x 0 33019
p 0 196 33019
x 0 33020
p 0 198 33020
x 0 33021
p 0 196 33021
x 0 33022
p 0 195 33022
x 0 33023
p 0 197 33023
x 0 33024
p 0 195 33024
x 0 33025
p 0 196 33025
x 0 33026
p 0 197 33026
x 0 33027
p 0 194 33027
x 0 33028
p 0 178 33028
x 0 33029
p 0 197 33029
x 0 33030
p 0 148 33030
x 0 33031
p 0 236 33031
x 0 33032
p 0 197 33032
x 0 33033
p 0 194 33033
x 0 33034
p 0 197 33034
x 0 33035
p 0 195 33035
x 0 33036
p 0 196 33036
x 0 33037
p 0 199 33037
x 0 33038
p 0 234 33038
x 0 33039
p 0 235 33039
x 0 33040
p 0 200 33040
x 0 33041
p 0 181 33041
x 0 33042
p 0 199 33042
x 0 33043
p 0 196 33043
x 0 33044
p 0 195 33044
x 0 33045
p 0 196 33045
x 0 33046
p 0 198 33046
x 0 33047
p 0 196 33047
x 0 33048
p 0 200 33048
x 0 33049
p 0 202 33049
x 0 33050
p 0 202 33050
x 0 33051
p 0 201 33051
x 0 33052
p 0 203 33052
x 0 33053
p 0 208 33053
x 0 33054
p 0 207 33054
x 0 33055
p 0 203 33055
x 0 33056
p 0 208 33056
x 0 33057
p 0 209 33057
x 0 33058
p 0 207 33058
x 0 33059
p 0 203 33059
x 0 33060
p 0 225 33060
x 0 33000
h 0 10.0.0.11
p 0 17154 33000
x 1 33001
h 1 10.0.0.11
p 1 210 33001
x 0 33002
p 0 170 33002
x 0 33003
p 0 175 33003
x 0 33004
p 0 204 33004
x 0 33005
p 0 205 33005
x 0 33006
p 0 163 33006
x 0 33007
p 0 203 33007
x 0 33008
p 0 254 33008
x 0 33009
p 0 200 33009
x 0 33010
p 0 200 33010
x 0 33011
p 0 171 33011
x 0 33012
p 0 202 33012
x 0 33013
p 0 205 33013
x 0 33014
p 0 287 33014
x 0 33015
p 0 170 33015
x 0 33016
p 0 289 33016
x 0 33017
p 0 200 33017
x 0 33018
p 0 199 33018
x 0 33019
p 0 170 33019
x 0 33020
p 0 2072 33020
x 0 33021
p 0 280 33021
x 0 33022
p 0 204 33022
x 0 33023
p 0 171 33023
x 0 33024
p 0 287 33024
x 0 33025
p 0 75 33025
x 0 33026
p 0 278 33026
x 0 33027
p 0 281 33027
x 0 33028
p 0 269 33028
x 0 33029
p 0 202 33029
x 0 33030
p 0 201 33030
x 0 33031
p 0 201 33031
x 0 33032
p 0 199 33032
x 0 33033
p 0 200 33033
x 0 33034
p 0 199 33034
x 0 33035
p 0 256 33035
x 0 33036
p 0 219 33036
x 0 33037
p 0 205 33037
x 0 33038
p 0 225 33038
x 0 33039
p 0 203 33039
x 0 33040
p 0 255 33040
x 0 33041
p 0 203 33041
x 0 33042
p 0 203 33042
x 0 33043
p 0 224 33043
x 0 33044
p 0 200 33044
x 0 33045
p 0 186 33045
x 0 33046
p 0 202 33046
x 0 33047
p 0 202 33047
x 0 33048
p 0 174 33048
x 0 33049
p 0 201 33049
x 0 33050
p 0 182 33050
x 0 33051
p 0 174 33051
x 0 33052
p 0 202 33052
x 0 33053
p 0 250 33053
x 0 33054
p 0 205 33054
x 0 33055
p 0 188 33055
x 0 33056
p 0 207 33056
x 0 33057
p 0 210 33057
x 0 33058
p 0 206 33058
x 0 33059
p 0 210 33059
x 0 33060
p 0 237 33060
x 0 33000
h 0 10.0.0.11
p 0 17714 33000
x 1 33001
h 1 10.0.0.11
p 1 222 33001
x 0 33002
p 0 209 33002
x 0 33003
p 0 170 33003
x 0 33004
p 0 213 33004
x 0 33005
p 0 210 33005
x 0 33006
p 0 187 33006
x 0 33007
p 0 210 33007
x 0 33008
p 0 212 33008
x 0 33009
p 0 210 33009
x 0 33010
p 0 209 33010
x 0 33011
p 0 209 33011
x 0 33012
p 0 211 33012
x 0 33013
p 0 212 33013
x 0 33014
p 0 211 33014
x 0 33015
p 0 211 33015
x 0 33016
p 0 211 33016
x 0 33017
p 0 212 33017
x 0 33018
p 0 210 33018
x 0 33019
p 0 211 33019
x 0 33020
p 0 210 33020
x 0 33021
p 0 184 33021
x 0 33022
p 0 181 33022
x 0 33023
p 0 211 33023
x 0 33024
p 0 214 33024
x 0 33025
p 0 190 33025
x 0 33026
p 0 124 33026
x 0 33027
p 0 191 33027
x 0 33028
p 0 185 33028
x 0 33029
p 0 183 33029
x 0 33030
p 0 245 33030
x 0 33031
p 0 211 33031
x 0 33032
p 0 182 33032
x 0 33033
p 0 180 33033
x 0 33034
p 0 209 33034
x 0 33035
p 0 217 33035
x 0 33036
p 0 183 33036
x 0 33037
p 0 184 33037
x 0 33038
p 0 210 33038
x 0 33039
p 0 181 33039
x 0 33040
p 0 182 33040
x 0 33041
p 0 177 33041
x 0 33042
p 0 176 33042
x 0 33043
p 0 181 33043
x 0 33044
p 0 181 33044
x 0 33045
p 0 218 33045
x 0 33046
p 0 215 33046
x 0 33047
p 0 358 33047
x 0 33048
p 0 254 33048
x 0 33049
p 0 218 33049
x 0 33050
p 0 215 33050
x 0 33051
p 0 216 33051
x 0 33052
p 0 218 33052
x 0 33053
p 0 226 33053
x 0 33054
p 0 282 33054
x 0 33055
p 0 220 33055
x 0 33056
p 0 164 33056
x 0 33057
p 0 211 33057
x 0 33058
p 0 223 33058
x 0 33059
p 0 219 33059
x 0 33060
p 0 216 33060
x 0 33000
h 0 10.0.0.11
p 0 14820 33000
x 1 33001
h 1 10.0.0.11
p 1 206 33001
x 0 33002
p 0 148 33002
x 0 33003
p 0 184 33003
x 0 33004
p 0 167 33004
x 0 33005
p 0 164 33005
x 0 33006
p 0 187 33006
x 0 33007
p 0 198 33007
x 0 33008
p 0 134 33008
x 0 33009
p 0 165 33009
x 0 33010
p 0 120 33010
x 0 33011
p 0 196 33011
x 0 33012
p 0 216 33012
x 0 33013
p 0 110 33013
x 0 33014
p 0 197 33014
x 0 33015
p 0 196 33015
x 0 33016
p 0 135 33016
x 0 33017
p 0 162 33017
x 0 33018
p 0 201 33018
x 0 33019
p 0 137 33019
x 0 33020
p 0 163 33020
x 0 33021
p 0 170 33021
x 0 33022
p 0 200 33022
x 0 33023
p 0 180 33023
x 0 33024
p 0 142 33024
x 0 33025
p 0 148 33025
x 0 33026
p 0 138 33026
x 0 33027
p 0 147 33027
x 0 33028
p 0 166 33028
x 0 33029
p 0 161 33029
x 0 33030
p 0 200 33030
x 0 33031
p 0 196 33031
x 0 33032
p 0 162 33032
x 0 33033
p 0 167 33033
x 0 33034
p 0 174 33034
x 0 33035
p 0 161 33035
x 0 33036
p 0 170 33036
x 0 33037
p 0 167 33037
x 0 33038
p 0 202 33038
x 0 33039
p 0 164 33039
x 0 33040
p 0 174 33040
x 0 33041
p 0 168 33041
x 0 33042
p 0 152 33042
x 0 33043
p 0 250 33043
x 0 33044
p 0 205 33044
x 0 33045
p 0 185 33045
x 0 33046
p 0 204 33046
x 0 33047
p 0 203 33047
x 0 33048
p 0 276 33048
x 0 33049
p 0 310 33049
x 0 33050
p 0 238 33050
x 0 33051
p 0 205 33051
x 0 33052
p 0 205 33052
x 0 33053
p 0 205 33053
x 0 33054
p 0 207 33054
x 0 33055
p 0 213 33055
x 0 33056
p 0 209 33056
x 0 33057
p 0 268 33057
x 0 33058
p 0 430 33058
x 0 33059
p 0 251 33059
x 0 33060
p 0 216 33060
x 0 33000
h 0 10.0.0.11
p 0 14467 33000
x 1 33001
h 1 10.0.0.11
p 1 210 33001
x 0 33002
p 0 197 33002
x 0 33003
p 0 223 33003
x 0 33004
p 0 214 33004
x 0 33005
p 0 204 33005
x 0 33006
p 0 199 33006
x 0 33007
p 0 202 33007
x 0 33008
p 0 152 33008
x 0 33009
p 0 201 33009
x 0 33010
p 0 200 33010
x 0 33011
p 0 153 33011
x 0 33012
p 0 209 33012
x 0 33013
p 0 203 33013
x 0 33014
p 0 201 33014
x 0 33015
p 0 201 33015
x 0 33016
p 0 198 33016
x 0 33017
p 0 203 33017
x 0 33018
p 0 201 33018
x 0 33019
p 0 203 33019
x 0 33020
p 0 143 33020
x 0 33021
p 0 202 33021
x 0 33022
p 0 202 33022
x 0 33023
p 0 167 33023
x 0 33024
p 0 142 33024
x 0 33025
p 0 200 33025
x 0 33026
p 0 197 33026
x 0 33027
p 0 200 33027
x 0 33028
p 0 201 33028
x 0 33029
p 0 205 33029
x 0 33030
p 0 268 33030
x 0 33031
p 0 235 33031
x 0 33032
p 0 201 33032
x 0 33033
p 0 200 33033
x 0 33034
p 0 206 33034
x 0 33035
p 0 202 33035
x 0 33036
p 0 353 33036
x 0 33037
p 0 255 33037
x 0 33038
p 0 234 33038
x 0 33039
p 0 202 33039
x 0 33040
p 0 200 33040
x 0 33041
p 0 119 33041
x 0 33042
p 0 203 33042
x 0 33043
p 0 206 33043
x 0 33044
p 0 206 33044
x 0 33045
p 0 205 33045
x 0 33046
p 0 204 33046
x 0 33047
p 0 204 33047
x 0 33048
p 0 202 33048
x 0 33049
p 0 201 33049
x 0 33050
p 0 202 33050
x 0 33051
p 0 203 33051
x 0 33052
p 0 201 33052
x 0 33053
p 0 230 33053
x 0 33054
p 0 223 33054
x 0 33055
p 0 248 33055
x 0 33056
p 0 209 33056
x 0 33057
p 0 220 33057
x 0 33058
p 0 215 33058
x 0 33059
p 0 214 33059
x 0 33060
p 0 217 33060
x 0 33000
h 0 10.0.0.11
p 0 15488 33000
x 1 33001
h 1 10.0.0.11
p 1 251 33001
x 0 33002
p 0 202 33002
x 0 33003
p 0 200 33003
x 0 33004
p 0 209 33004
x 0 33005
p 0 205 33005
x 0 33006
p 0 204 33006
x 0 33007
p 0 262 33007
x 0 33008
p 0 232 33008
x 0 33009
p 0 203 33009
x 0 33010
p 0 205 33010
x 0 33011
p 0 235 33011
x 0 33012
p 0 198 33012
x 0 33013
p 0 199 33013
x 0 33014
p 0 201 33014
x 0 33015
p 0 233 33015
x 0 33016
p 0 201 33016
x 0 33017
p 0 198 33017
x 0 33018
p 0 199 33018
x 0 33019
p 0 200 33019
x 0 33020
p 0 233 33020
x 0 33021
p 0 200 33021
x 0 33022
p 0 364 33022
x 0 33023
p 0 202 33023
x 0 33024
p 0 216 33024
x 0 33025
p 0 198 33025
x 0 33026
p 0 201 33026
x 0 33027
p 0 200 33027
x 0 33028
p 0 200 33028
x 0 33029
p 0 184 33029
x 0 33030
p 0 199 33030
x 0 33031
p 0 197 33031
x 0 33032
p 0 199 33032
x 0 33033
p 0 201 33033
x 0 33034
p 0 217 33034
x 0 33035
p 0 198 33035
x 0 33036
p 0 197 33036
x 0 33037
p 0 197 33037
x 0 33038
p 0 201 33038
x 0 33039
p 0 231 33039
x 0 33040
p 0 171 33040
x 0 33041
p 0 200 33041
x 0 33042
p 0 199 33042
x 0 33043
p 0 198 33043
x 0 33044
p 0 182 33044
x 0 33045
p 0 197 33045
x 0 33046
p 0 200 33046
x 0 33047
p 0 226 33047
x 0 33048
p 0 196 33048
x 0 33049
p 0 175 33049
x 0 33050
p 0 196 33050
x 0 33051
p 0 178 33051
x 0 33052
p 0 195 33052
x 0 33053
p 0 198 33053
x 0 33054
p 0 134 33054
x 0 33055
p 0 279 33055
x 0 33056
p 0 207 33056
x 0 33057
p 0 206 33057
x 0 33058
p 0 237 33058
x 0 33059
p 0 195 33059
x 0 33060
p 0 211 33060
x 0 33000
h 0 10.0.0.11
p 0 16142 33000
x 1 33001
h 1 10.0.0.11
p 1 2364 33001
x 0 33002
p 0 157 33002
x 0 33003
p 0 358 33003
x 0 33004
p 0 175 33004
x 0 33005
p 0 174 33005
x 0 33006
p 0 186 33006
x 0 33007
p 0 171 33007
x 0 33008
p 0 169 33008
x 0 33009
p 0 167 33009
x 0 33010
p 0 202 33010
x 0 33011
p 0 171 33011
x 0 33012
p 0 172 33012
x 0 33013
p 0 205 33013
x 0 33014
p 0 175 33014
x 0 33015
p 0 219 33015
x 0 33016
p 0 170 33016
x 0 33017
p 0 172 33017
x 0 33018
p 0 176 33018
x 0 33019
p 0 193 33019
x 0 33020
p 0 171 33020
x 0 33021
p 0 169 33021
x 0 33022
p 0 157 33022
x 0 33023
p 0 206 33023
x 0 33024
p 0 204 33024
x 0 33025
p 0 206 33025
x 0 33026
p 0 208 33026
x 0 33027
p 0 214 33027
x 0 33028
p 0 207 33028
x 0 33029
p 0 209 33029
x 0 33030
p 0 209 33030
x 0 33031
p 0 210 33031
x 0 33032
p 0 219 33032
x 0 33033
p 0 253 33033
x 0 33034
p 0 208 33034
x 0 33035
p 0 211 33035
x 0 33036
p 0 208 33036
x 0 33037
p 0 224 33037
x 0 33038
p 0 309 33038
x 0 33039
p 0 208 33039
x 0 33040
p 0 330 33040
x 0 33041
p 0 215 33041
x 0 33042
p 0 241 33042
x 0 33043
p 0 210 33043
x 0 33044
p 0 212 33044
x 0 33045
p 0 241 33045
x 0 33046
p 0 210 33046
x 0 33047
p 0 232 33047
x 0 33048
p 0 205 33048
x 0 33049
p 0 209 33049
x 0 33050
p 0 218 33050
x 0 33051
p 0 242 33051
x 0 33052
p 0 233 33052
x 0 33053
p 0 216 33053
x 0 33054
p 0 211 33054
x 0 33055
p 0 232 33055
x 0 33056
p 0 250 33056
x 0 33057
p 0 232 33057
x 0 33058
p 0 215 33058
x 0 33059
p 0 217 33059
x 0 33060
p 0 218 33060
x 0 33000
h 0 10.0.0.11
p 0 17539 33000
x 1 33001
h 1 10.0.0.11
p 1 278 33001
x 0 33002
p 0 169 33002
x 0 33003
p 0 172 33003
x 0 33004
p 0 215 33004
x 0 33005
p 0 171 33005
x 0 33006
p 0 168 33006
x 0 33007
p 0 166 33007
x 0 33008
p 0 227 33008
x 0 33009
p 0 204 33009
x 0 33010
p 0 204 33010
x 0 33011
p 0 204 33011
x 0 33012
p 0 202 33012
x 0 33013
p 0 202 33013
x 0 33014
p 0 205 33014
x 0 33015
p 0 203 33015
x 0 33016
p 0 202 33016
x 0 33017
p 0 203 33017
x 0 33018
p 0 205 33018
x 0 33019
p 0 202 33019
x 0 33020
p 0 202 33020
x 0 33021
p 0 222 33021
x 0 33022
p 0 199 33022
x 0 33023
p 0 203 33023
x 0 33024
p 0 204 33024
x 0 33025
p 0 203 33025
x 0 33026
p 0 206 33026
x 0 33027
p 0 255 33027
x 0 33028
p 0 264 33028
x 0 33029
p 0 206 33029
x 0 33030
p 0 204 33030
x 0 33031
p 0 205 33031
x 0 33032
p 0 204 33032
x 0 33033
p 0 204 33033
x 0 33034
p 0 251 33034
x 0 33035
p 0 202 33035
x 0 33036
p 0 203 33036
x 0 33037
p 0 204 33037
x 0 33038
p 0 204 33038
x 0 33039
p 0 202 33039
x 0 33040
p 0 202 33040
x 0 33041
p 0 202 33041
x 0 33042
p 0 201 33042
x 0 33043
p 0 204 33043
x 0 33044
p 0 201 33044
x 0 33045
p 0 202 33045
x 0 33046
p 0 203 33046
x 0 33047
p 0 203 33047
x 0 33048
p 0 203 33048
x 0 33049
p 0 202 33049
x 0 33050
p 0 205 33050
x 0 33051
p 0 207 33051
x 0 33052
p 0 205 33052
x 0 33053
p 0 208 33053
x 0 33054
p 0 214 33054
x 0 33055
p 0 215 33055
x 0 33056
p 0 215 33056
x 0 33057
p 0 213 33057
x 0 33058
p 0 211 33058
x 0 33059
p 0 259 33059
x 0 33060
p 0 233 33060
x 0 33000
h 0 10.0.0.11
p 0 14732 33000
x 1 33001
h 1 10.0.0.11
p 1 202 33001
x 0 33002
p 0 199 33002
x 0 33003
p 0 199 33003
x 0 33004
p 0 176 33004
x 0 33005
p 0 199 33005
x 0 33006
p 0 199 33006
x 0 33007
p 0 197 33007
x 0 33008
p 0 198 33008
x 0 33009
p 0 197 33009
x 0 33010
p 0 198 33010
x 0 33011
p 0 201 33011
x 0 33012
p 0 171 33012
x 0 33013
p 0 197 33013
x 0 33014
p 0 197 33014
x 0 33015
p 0 199 33015
x 0 33016
p 0 196 33016
x 0 33017
p 0 199 33017
x 0 33018
p 0 167 33018
x 0 33019
p 0 202 33019
x 0 33020
p 0 199 33020
x 0 33021
p 0 198 33021
x 0 33022
p 0 201 33022
x 0 33023
p 0 201 33023
x 0 33024
p 0 196 33024
x 0 33025
p 0 200 33025
x 0 33026
p 0 171 33026
x 0 33027
p 0 200 33027
x 0 33028
p 0 199 33028
x 0 33029
p 0 200 33029
x 0 33030
p 0 199 33030
x 0 33031
p 0 200 33031
x 0 33032
p 0 200 33032
x 0 33033
p 0 202 33033
x 0 33034
p 0 201 33034
x 0 33035
p 0 199 33035
x 0 33036
p 0 200 33036
x 0 33037
p 0 199 33037
x 0 33038
p 0 200 33038
x 0 33039
p 0 198 33039
x 0 33040
p 0 177 33040
x 0 33041
p 0 198 33041
x 0 33042
p 0 198 33042
x 0 33043
p 0 201 33043
x 0 33044
p 0 202 33044
x 0 33045
p 0 199 33045
x 0 33046
p 0 205 33046
x 0 33047
p 0 202 33047
x 0 33048
p 0 220 33048
x 0 33049
p 0 212 33049
x 0 33050
p 0 203 33050
x 0 33051
p 0 331 33051
x 0 33052
p 0 206 33052
x 0 33053
p 0 208 33053
x 0 33054
p 0 207 33054
x 0 33055
p 0 236 33055
x 0 33056
p 0 203 33056
x 0 33057
p 0 207 33057
x 0 33058
p 0 208 33058
x 0 33059
p 0 226 33059
x 0 33060
p 0 215 33060
