x 0 33000
x 1 33001
x 2 33002
x 3 33003
x 4 33004
x 5 33005
x 6 33006
x 7 33007
x 8 33008
x 9 33009
x 10 33010
x 11 33011
x 12 33012
x 13 33013
x 0 33014
x 1 33015
x 2 33016
x 3 33017
h 0 10.0.0.4
p 0 1655445 33000
h 1 10.0.0.4
p 1 1561102 33001
h 3 10.0.0.4
p 3 1363319 33003
h 4 10.0.0.4
p 4 1265866 33004
h 2 10.0.0.4
p 2 1468929 33002
h 5 10.0.0.4
p 5 1170303 33005
h 6 10.0.0.4
p 6 1071893 33006
x 4 33018
p 4 574 33018
h 7 10.0.0.4
p 7 1026261 33007
h 8 10.0.0.4
p 8 1021888 33008
x 0 33019
p 0 72 33019
h 9 10.0.0.4
p 9 1013709 33009
h 10 10.0.0.4
p 10 1013458 33010
h 11 10.0.0.4
p 11 1005146 33011
h 12 10.0.0.4
p 12 1000791 33012
h 13 10.0.0.4
p 13 1032614 33013
p 0 1027345 33014
p 1 1015719 33015
p 2 992000 33016
p 3 931855 33017
x 0 33020
p 0 134 33020
x 0 33021
p 0 262 33021
x 0 33022
p 0 226 33022
x 0 33023
p 0 216 33023
x 0 33024
p 0 336 33024
x 0 33025
p 0 217 33025
x 0 33026
p 0 372 33026
x 0 33027
p 0 243 33027
x 0 33028
p 0 282 33028
x 0 33029
p 0 224 33029
x 0 33030
p 0 241 33030
x 0 33031
p 0 227 33031
x 0 33032
p 0 227 33032
x 0 33033
p 0 229 33033
x 0 33034
p 0 246 33034
x 0 33035
p 0 291 33035
x 0 33036
p 0 241 33036
x 0 33037
p 0 245 33037
x 0 33038
p 0 227 33038
x 0 33039
p 0 241 33039
x 0 33040
p 0 351 33040
x 0 33041
p 0 360 33041
x 0 33042
p 0 302 33042
x 0 33043
p 0 237 33043
x 0 33044
p 0 225 33044
x 0 33045
p 0 223 33045
x 0 33046
p 0 228 33046
x 0 33047
p 0 257 33047
x 0 33048
p 0 224 33048
x 0 33049
p 0 277 33049
x 0 33050
p 0 214 33050
x 0 33051
p 0 221 33051
x 0 33052
p 0 223 33052
x 0 33053
p 0 218 33053
x 0 33054
p 0 260 33054
x 0 33055
p 0 333 33055
x 0 33056
p 0 284 33056
x 0 33057
p 0 234 33057
x 0 33058
p 0 229 33058
x 0 33059
p 0 228 33059
x 0 33060
p 0 227 33060
x 0 33061
p 0 237 33061
x 0 33062
p 0 230 33062
x 0 33063
p 0 300 33063
x 0 33064
p 0 235 33064
x 0 33065
p 0 254 33065
x 0 33066
p 0 230 33066
x 0 33067
p 0 233 33067
x 0 33068
p 0 228 33068
x 0 33069
p 0 231 33069
x 0 33070
p 0 301 33070
x 0 33071
p 0 237 33071
x 0 33072
p 0 233 33072
x 0 33073
p 0 234 33073
x 0 33074
p 0 231 33074
x 0 33075
p 0 219 33075
x 0 33076
p 0 239 33076
x 0 33000
x 1 33001
x 2 33002
x 3 33003
x 4 33004
x 5 33005
h 0 10.0.0.4
p 0 528723 33000
x 6 33006
h 6 10.0.0.4
p 6 971 33006
x 0 33007
p 0 245 33007
h 1 10.0.0.4
p 1 1014672 33001
h 2 10.0.0.4
p 2 1013945 33002
h 3 10.0.0.4
p 3 1005947 33003
h 4 10.0.0.4
p 4 937057 33004
h 5 10.0.0.4
p 5 1029566 33005
x 0 33008
p 0 215 33008
x 0 33009
p 0 214 33009
x 0 33010
p 0 216 33010
x 0 33011
p 0 224 33011
x 0 33012
p 0 237 33012
x 0 33013
p 0 275 33013
x 0 33014
p 0 222 33014
x 0 33015
p 0 279 33015
x 0 33016
p 0 225 33016
x 0 33017
p 0 222 33017
x 0 33018
p 0 221 33018
x 0 33019
p 0 222 33019
x 0 33020
p 0 220 33020
x 0 33021
p 0 219 33021
x 0 33022
p 0 221 33022
x 0 33023
p 0 219 33023
x 0 33024
p 0 221 33024
x 0 33025
p 0 221 33025
x 0 33026
p 0 221 33026
x 0 33027
p 0 222 33027
x 0 33028
p 0 279 33028
x 0 33029
p 0 142 33029
x 0 33030
p 0 226 33030
x 0 33031
p 0 217 33031
x 0 33032
p 0 260 33032
x 0 33033
p 0 223 33033
x 0 33034
p 0 222 33034
x 0 33035
p 0 223 33035
x 0 33036
p 0 224 33036
x 0 33037
p 0 222 33037
x 0 33038
p 0 223 33038
x 0 33039
p 0 260 33039
x 0 33040
p 0 223 33040
x 0 33041
p 0 210 33041
x 0 33042
p 0 227 33042
x 0 33043
p 0 255 33043
x 0 33044
p 0 142 33044
x 0 33045
p 0 223 33045
x 0 33046
p 0 226 33046
x 0 33047
p 0 229 33047
x 0 33048
p 0 233 33048
x 0 33049
p 0 221 33049
x 0 33050
p 0 222 33050
x 0 33051
p 0 288 33051
x 0 33052
p 0 293 33052
x 0 33053
p 0 250 33053
x 0 33054
p 0 269 33054
x 0 33055
p 0 225 33055
x 0 33056
p 0 256 33056
x 0 33057
p 0 221 33057
x 0 33058
p 0 219 33058
x 0 33059
p 0 223 33059
x 0 33060
p 0 264 33060
x 0 33061
p 0 305 33061
x 0 33062
p 0 227 33062
x 0 33063
p 0 257 33063
x 0 33064
p 0 223 33064
x 0 33065
p 0 217 33065
x 0 33000
x 1 33001
x 2 33002
x 3 33003
x 4 33004
x 5 33005
h 0 10.0.0.4
p 0 525388 33000
x 6 33006
h 6 10.0.0.4
p 6 770 33006
x 0 33007
p 0 207 33007
h 1 10.0.0.4
p 1 1027040 33001
h 2 10.0.0.4
p 2 1022396 33002
h 3 10.0.0.4
p 3 986935 33003
h 4 10.0.0.4
p 4 903707 33004
h 5 10.0.0.4
p 5 1009538 33005
x 0 33008
p 0 212 33008
x 0 33009
p 0 259 33009
x 0 33010
p 0 215 33010
x 0 33011
p 0 216 33011
x 0 33012
p 0 220 33012
x 0 33013
p 0 215 33013
x 0 33014
p 0 213 33014
x 0 33015
p 0 211 33015
x 0 33016
p 0 211 33016
x 0 33017
p 0 213 33017
x 0 33018
p 0 209 33018
x 0 33019
p 0 213 33019
x 0 33020
p 0 235 33020
x 0 33021
p 0 211 33021
x 0 33022
p 0 243 33022
x 0 33023
p 0 212 33023
x 0 33024
p 0 216 33024
x 0 33025
p 0 211 33025
x 0 33026
p 0 209 33026
x 0 33027
p 0 208 33027
x 0 33028
p 0 208 33028
x 0 33029
p 0 242 33029
x 0 33030
p 0 212 33030
x 0 33031
p 0 211 33031
x 0 33032
p 0 211 33032
x 0 33033
p 0 212 33033
x 0 33034
p 0 208 33034
x 0 33035
p 0 218 33035
x 0 33036
p 0 246 33036
x 0 33037
p 0 216 33037
x 0 33038
p 0 220 33038
x 0 33039
p 0 216 33039
x 0 33040
p 0 216 33040
x 0 33041
p 0 253 33041
x 0 33042
p 0 217 33042
x 0 33043
p 0 219 33043
x 0 33044
p 0 219 33044
x 0 33045
p 0 220 33045
x 0 33046
p 0 219 33046
x 0 33047
p 0 220 33047
x 0 33048
p 0 226 33048
x 0 33049
p 0 212 33049
x 0 33050
p 0 244 33050
x 0 33051
p 0 223 33051
x 0 33052
p 0 225 33052
x 0 33053
p 0 219 33053
x 0 33054
p 0 219 33054
x 0 33055
p 0 251 33055
x 0 33056
p 0 217 33056
x 0 33057
p 0 249 33057
x 0 33058
p 0 214 33058
x 0 33059
p 0 220 33059
x 0 33060
p 0 230 33060
x 0 33061
p 0 229 33061
x 0 33062
p 0 264 33062
x 0 33063
p 0 227 33063
x 0 33064
p 0 222 33064
x 0 33065
p 0 219 33065
x 0 33000
x 1 33001
x 2 33002
h 2 10.0.0.4
p 2 1766 33002
h 0 10.0.0.4
p 0 221237 33000
x 3 33003
h 3 10.0.0.4
p 3 190 33003
x 0 33004
p 0 224 33004
h 1 10.0.0.4
p 1 1027053 33001
x 0 33005
p 0 260 33005
x 0 33006
p 0 214 33006
x 0 33007
p 0 239 33007
x 0 33008
p 0 240 33008
x 0 33009
p 0 232 33009
x 0 33010
p 0 209 33010
x 0 33011
p 0 208 33011
x 0 33012
p 0 209 33012
x 0 33013
p 0 210 33013
x 0 33014
p 0 210 33014
x 0 33015
p 0 209 33015
x 0 33016
p 0 209 33016
x 0 33017
p 0 221 33017
x 0 33018
p 0 220 33018
x 0 33019
p 0 217 33019
x 0 33020
p 0 228 33020
x 0 33021
p 0 214 33021
x 0 33022
p 0 213 33022
x 0 33023
p 0 187 33023
x 0 33024
p 0 217 33024
x 0 33025
p 0 215 33025
x 0 33026
p 0 217 33026
x 0 33027
p 0 216 33027
x 0 33028
p 0 186 33028
x 0 33029
p 0 205 33029
x 0 33030
p 0 210 33030
x 0 33031
p 0 212 33031
x 0 33032
p 0 208 33032
x 0 33033
p 0 208 33033
x 0 33034
p 0 208 33034
x 0 33035
p 0 214 33035
x 0 33036
p 0 217 33036
x 0 33037
p 0 214 33037
x 0 33038
p 0 214 33038
x 0 33039
p 0 194 33039
x 0 33040
p 0 285 33040
x 0 33041
p 0 214 33041
x 0 33042
p 0 192 33042
x 0 33043
p 0 190 33043
x 0 33044
p 0 217 33044
x 0 33045
p 0 207 33045
x 0 33046
p 0 221 33046
x 0 33047
p 0 232 33047
x 0 33048
p 0 210 33048
x 0 33049
p 0 209 33049
x 0 33050
p 0 210 33050
x 0 33051
p 0 220 33051
x 0 33052
p 0 254 33052
x 0 33053
p 0 220 33053
x 0 33054
p 0 222 33054
x 0 33055
p 0 279 33055
x 0 33056
p 0 218 33056
x 0 33057
p 0 216 33057
x 0 33058
p 0 142 33058
x 0 33059
p 0 221 33059
x 0 33060
p 0 218 33060
x 0 33061
p 0 209 33061
x 0 33062
p 0 206 33062
x 0 33000
x 1 33001
x 2 33002
x 3 33003
h 0 10.0.0.4
p 0 374735 33000
x 4 33004
h 4 10.0.0.4
p 4 843 33004
x 0 33005
p 0 118 33005
h 1 10.0.0.4
p 1 1022991 33001
h 2 10.0.0.4
p 2 1019257 33002
h 3 10.0.0.4
p 3 967044 33003
x 0 33006
p 0 111 33006
x 0 33007
p 0 277 33007
x 0 33008
p 0 220 33008
x 0 33009
p 0 220 33009
x 0 33010
p 0 221 33010
x 0 33011
p 0 211 33011
x 0 33012
p 0 225 33012
x 0 33013
p 0 216 33013
x 0 33014
p 0 214 33014
x 0 33015
p 0 211 33015
x 0 33016
p 0 215 33016
x 0 33017
p 0 276 33017
x 0 33018
p 0 209 33018
x 0 33019
p 0 216 33019
x 0 33020
p 0 218 33020
x 0 33021
p 0 208 33021
x 0 33022
p 0 242 33022
x 0 33023
p 0 112 33023
x 0 33024
p 0 219 33024
x 0 33025
p 0 219 33025
x 0 33026
p 0 209 33026
x 0 33027
p 0 212 33027
x 0 33028
p 0 211 33028
x 0 33029
p 0 211 33029
x 0 33030
p 0 215 33030
x 0 33031
p 0 210 33031
x 0 33032
p 0 232 33032
x 0 33033
p 0 211 33033
x 0 33034
p 0 222 33034
x 0 33035
p 0 226 33035
x 0 33036
p 0 211 33036
x 0 33037
p 0 213 33037
x 0 33038
p 0 212 33038
x 0 33039
p 0 207 33039
x 0 33040
p 0 211 33040
x 0 33041
p 0 212 33041
x 0 33042
p 0 214 33042
x 0 33043
p 0 208 33043
x 0 33044
p 0 209 33044
x 0 33045
p 0 212 33045
x 0 33046
p 0 208 33046
x 0 33047
p 0 212 33047
x 0 33048
p 0 212 33048
x 0 33049
p 0 212 33049
x 0 33050
p 0 215 33050
x 0 33051
p 0 211 33051
x 0 33052
p 0 210 33052
x 0 33053
p 0 210 33053
x 0 33054
p 0 212 33054
x 0 33055
p 0 258 33055
x 0 33056
p 0 211 33056
x 0 33057
p 0 214 33057
x 0 33058
p 0 211 33058
x 0 33059
p 0 212 33059
x 0 33060
p 0 209 33060
x 0 33061
p 0 213 33061
x 0 33062
p 0 212 33062
x 0 33063
p 0 212 33063
x 0 33000
x 1 33001
x 2 33002
x 3 33003
x 4 33004
h 0 10.0.0.4
p 0 479410 33000
x 5 33005
h 5 10.0.0.4
p 5 749 33005
x 0 33006
p 0 227 33006
h 1 10.0.0.4
p 1 1028803 33001
h 2 10.0.0.4
p 2 1024747 33002
h 3 10.0.0.4
p 3 1003503 33003
h 4 10.0.0.4
p 4 915825 33004
x 0 33007
p 0 289 33007
x 0 33008
p 0 224 33008
x 0 33009
p 0 215 33009
x 0 33010
p 0 212 33010
x 0 33011
p 0 455 33011
x 0 33012
p 0 214 33012
x 0 33013
p 0 213 33013
x 0 33014
p 0 296 33014
x 0 33015
p 0 213 33015
x 0 33016
p 0 98 33016
x 0 33017
p 0 211 33017
x 0 33018
p 0 210 33018
x 0 33019
p 0 214 33019
x 0 33020
p 0 210 33020
x 0 33021
p 0 211 33021
x 0 33022
p 0 205 33022
x 0 33023
p 0 210 33023
x 0 33024
p 0 211 33024
x 0 33025
p 0 206 33025
x 0 33026
p 0 207 33026
x 0 33027
p 0 243 33027
x 0 33028
p 0 209 33028
x 0 33029
p 0 208 33029
x 0 33030
p 0 214 33030
x 0 33031
p 0 207 33031
x 0 33032
p 0 252 33032
x 0 33033
p 0 214 33033
x 0 33034
p 0 247 33034
x 0 33035
p 0 210 33035
x 0 33036
p 0 211 33036
x 0 33037
p 0 214 33037
x 0 33038
p 0 213 33038
x 0 33039
p 0 254 33039
x 0 33040
p 0 212 33040
x 0 33041
p 0 236 33041
x 0 33042
p 0 214 33042
x 0 33043
p 0 225 33043
x 0 33044
p 0 217 33044
x 0 33045
p 0 206 33045
x 0 33046
p 0 270 33046
x 0 33047
p 0 211 33047
x 0 33048
p 0 233 33048
x 0 33049
p 0 209 33049
x 0 33050
p 0 207 33050
x 0 33051
p 0 223 33051
x 0 33052
p 0 217 33052
x 0 33053
p 0 270 33053
x 0 33054
p 0 237 33054
x 0 33055
p 0 245 33055
x 0 33056
p 0 210 33056
x 0 33057
p 0 216 33057
x 0 33058
p 0 217 33058
x 0 33059
p 0 218 33059
x 0 33060
p 0 274 33060
x 0 33061
p 0 212 33061
x 0 33062
p 0 211 33062
x 0 33063
p 0 209 33063
x 0 33064
p 0 265 33064
x 0 33000
x 1 33001
x 2 33002
x 3 33003
x 4 33004
h 0 10.0.0.4
p 0 436916 33000
x 5 33005
h 5 10.0.0.4
p 5 836 33005
x 0 33006
p 0 225 33006
h 1 10.0.0.4
p 1 1017020 33001
h 2 10.0.0.4
p 2 1013155 33002
h 3 10.0.0.4
p 3 973118 33003
h 4 10.0.0.4
p 4 888771 33004
x 0 33007
p 0 257 33007
x 0 33008
p 0 209 33008
x 0 33009
p 0 243 33009
x 0 33010
p 0 247 33010
x 0 33011
p 0 241 33011
x 0 33012
p 0 215 33012
x 0 33013
p 0 214 33013
x 0 33014
p 0 256 33014
x 0 33015
p 0 213 33015
x 0 33016
p 0 217 33016
x 0 33017
p 0 220 33017
x 0 33018
p 0 223 33018
x 0 33019
p 0 223 33019
x 0 33020
p 0 222 33020
x 0 33021
p 0 276 33021
x 0 33022
p 0 238 33022
x 0 33023
p 0 219 33023
x 0 33024
p 0 224 33024
x 0 33025
p 0 219 33025
x 0 33026
p 0 221 33026
x 0 33027
p 0 208 33027
x 0 33028
p 0 254 33028
x 0 33029
p 0 212 33029
x 0 33030
p 0 215 33030
x 0 33031
p 0 218 33031
x 0 33032
p 0 212 33032
x 0 33033
p 0 216 33033
x 0 33034
p 0 218 33034
x 0 33035
p 0 278 33035
x 0 33036
p 0 220 33036
x 0 33037
p 0 220 33037
x 0 33038
p 0 215 33038
x 0 33039
p 0 220 33039
x 0 33040
p 0 218 33040
x 0 33041
p 0 232 33041
x 0 33042
p 0 273 33042
x 0 33043
p 0 218 33043
x 0 33044
p 0 211 33044
x 0 33045
p 0 206 33045
x 0 33046
p 0 212 33046
x 0 33047
p 0 254 33047
x 0 33048
p 0 213 33048
x 0 33049
p 0 212 33049
x 0 33050
p 0 241 33050
x 0 33051
p 0 241 33051
x 0 33052
p 0 225 33052
x 0 33053
p 0 219 33053
x 0 33054
p 0 219 33054
x 0 33055
p 0 289 33055
x 0 33056
p 0 222 33056
x 0 33057
p 0 310 33057
x 0 33058
p 0 220 33058
x 0 33059
p 0 223 33059
x 0 33060
p 0 244 33060
x 0 33061
p 0 256 33061
x 0 33062
p 0 318 33062
x 0 33063
p 0 211 33063
x 0 33064
p 0 212 33064
x 0 33000
x 1 33001
x 2 33002
x 3 33003
x 4 33004
x 5 33005
x 6 33006
h 0 10.0.0.4
p 0 664796 33000
x 7 33007
h 7 10.0.0.4
p 7 777 33007
x 0 33008
p 0 294 33008
h 1 10.0.0.4
p 1 1013593 33001
h 2 10.0.0.4
p 2 1009543 33002
h 3 10.0.0.4
p 3 954735 33003
h 4 10.0.0.4
p 4 883806 33004
h 5 10.0.0.4
p 5 791854 33005
h 6 10.0.0.4
p 6 699596 33006
x 0 33009
p 0 223 33009
x 0 33010
p 0 270 33010
x 0 33011
p 0 259 33011
x 0 33012
p 0 216 33012
x 0 33013
p 0 227 33013
x 0 33014
p 0 264 33014
x 0 33015
p 0 214 33015
x 0 33016
p 0 212 33016
x 0 33017
p 0 217 33017
x 0 33018
p 0 219 33018
x 0 33019
p 0 221 33019
x 0 33020
p 0 304 33020
x 0 33021
p 0 277 33021
x 0 33022
p 0 217 33022
x 0 33023
p 0 234 33023
x 0 33024
p 0 224 33024
x 0 33025
p 0 216 33025
x 0 33026
p 0 219 33026
x 0 33027
p 0 214 33027
x 0 33028
p 0 314 33028
x 0 33029
p 0 213 33029
x 0 33030
p 0 242 33030
x 0 33031
p 0 243 33031
x 0 33032
p 0 214 33032
x 0 33033
p 0 213 33033
x 0 33034
p 0 216 33034
x 0 33035
p 0 262 33035
x 0 33036
p 0 212 33036
x 0 33037
p 0 238 33037
x 0 33038
p 0 208 33038
x 0 33039
p 0 210 33039
x 0 33040
p 0 211 33040
x 0 33041
p 0 219 33041
x 0 33042
p 0 250 33042
x 0 33043
p 0 212 33043
x 0 33044
p 0 255 33044
x 0 33045
p 0 212 33045
x 0 33046
p 0 215 33046
x 0 33047
p 0 207 33047
x 0 33048
p 0 215 33048
x 0 33049
p 0 255 33049
x 0 33050
p 0 208 33050
x 0 33051
p 0 260 33051
x 0 33052
p 0 215 33052
x 0 33053
p 0 216 33053
x 0 33054
p 0 212 33054
x 0 33055
p 0 210 33055
x 0 33056
p 0 255 33056
x 0 33057
p 0 206 33057
x 0 33058
p 0 245 33058
x 0 33059
p 0 212 33059
x 0 33060
p 0 207 33060
x 0 33061
p 0 234 33061
x 0 33062
p 0 213 33062
x 0 33063
p 0 251 33063
x 0 33064
p 0 211 33064
x 0 33065
p 0 236 33065
x 0 33066
p 0 213 33066
x 0 33000
x 1 33001
x 2 33002
x 3 33003
x 4 33004
x 5 33005
x 6 33006
x 7 33007
h 0 10.0.0.4
p 0 739134 33000
x 8 33008
h 8 10.0.0.4
p 8 926 33008
x 0 33009
p 0 353 33009
h 1 10.0.0.4
p 1 1011676 33001
h 2 10.0.0.4
p 2 1007323 33002
h 3 10.0.0.4
p 3 951137 33003
h 4 10.0.0.4
p 4 861248 33004
h 5 10.0.0.4
p 5 770180 33005
h 6 10.0.0.4
p 6 678173 33006
h 7 10.0.0.4
p 7 584987 33007
x 0 33010
p 0 217 33010
x 0 33011
p 0 213 33011
x 0 33012
p 0 218 33012
x 0 33013
p 0 214 33013
x 0 33014
p 0 276 33014
x 0 33015
p 0 214 33015
x 0 33016
p 0 220 33016
x 0 33017
p 0 219 33017
x 0 33018
p 0 217 33018
x 0 33019
p 0 230 33019
x 0 33020
p 0 217 33020
x 0 33021
p 0 253 33021
x 0 33022
p 0 220 33022
x 0 33023
p 0 248 33023
x 0 33024
p 0 215 33024
x 0 33025
p 0 210 33025
x 0 33026
p 0 215 33026
x 0 33027
p 0 220 33027
x 0 33028
p 0 253 33028
x 0 33029
p 0 236 33029
x 0 33030
p 0 257 33030
x 0 33031
p 0 218 33031
x 0 33032
p 0 219 33032
x 0 33033
p 0 210 33033
x 0 33034
p 0 216 33034
x 0 33035
p 0 252 33035
x 0 33036
p 0 210 33036
x 0 33037
p 0 214 33037
x 0 33038
p 0 214 33038
x 0 33039
p 0 244 33039
x 0 33040
p 0 228 33040
x 0 33041
p 0 213 33041
x 0 33042
p 0 256 33042
x 0 33043
p 0 248 33043
x 0 33044
p 0 224 33044
x 0 33045
p 0 220 33045
x 0 33046
p 0 211 33046
x 0 33047
p 0 222 33047
x 0 33048
p 0 236 33048
x 0 33049
p 0 307 33049
x 0 33050
p 0 239 33050
x 0 33051
p 0 255 33051
x 0 33052
p 0 226 33052
x 0 33053
p 0 218 33053
x 0 33054
p 0 231 33054
x 0 33055
p 0 223 33055
x 0 33056
p 0 267 33056
x 0 33057
p 0 225 33057
x 0 33058
p 0 221 33058
x 0 33059
p 0 229 33059
x 0 33060
p 0 232 33060
x 0 33061
p 0 211 33061
x 0 33062
p 0 219 33062
x 0 33063
p 0 216 33063
x 0 33064
p 0 215 33064
x 0 33065
p 0 213 33065
x 0 33066
p 0 247 33066
x 0 33067
p 0 218 33067
x 0 33000
x 1 33001
x 2 33002
x 3 33003
x 4 33004
x 5 33005
h 0 10.0.0.4
p 0 545803 33000
x 6 33006
h 6 10.0.0.4
p 6 1096 33006
x 0 33007
p 0 138 33007
h 1 10.0.0.4
p 1 1010994 33001
h 2 10.0.0.4
p 2 1006901 33002
h 3 10.0.0.4
p 3 966527 33003
h 4 10.0.0.4
p 4 880813 33004
h 5 10.0.0.4
p 5 794445 33005
x 0 33008
p 0 205 33008
x 0 33009
p 0 216 33009
x 0 33010
p 0 216 33010
x 0 33011
p 0 211 33011
x 0 33012
p 0 252 33012
x 0 33013
p 0 268 33013
x 0 33014
p 0 212 33014
x 0 33015
p 0 226 33015
x 0 33016
p 0 214 33016
x 0 33017
p 0 220 33017
x 0 33018
p 0 262 33018
x 0 33019
p 0 214 33019
x 0 33020
p 0 274 33020
x 0 33021
p 0 210 33021
x 0 33022
p 0 205 33022
x 0 33023
p 0 219 33023
x 0 33024
p 0 211 33024
x 0 33025
p 0 211 33025
x 0 33026
p 0 207 33026
x 0 33027
p 0 216 33027
x 0 33028
p 0 217 33028
x 0 33029
p 0 212 33029
x 0 33030
p 0 206 33030
x 0 33031
p 0 280 33031
x 0 33032
p 0 214 33032
x 0 33033
p 0 185 33033
x 0 33034
p 0 210 33034
x 0 33035
p 0 209 33035
x 0 33036
p 0 235 33036
x 0 33037
p 0 218 33037
x 0 33038
p 0 270 33038
x 0 33039
p 0 208 33039
x 0 33040
p 0 210 33040
x 0 33041
p 0 212 33041
x 0 33042
p 0 215 33042
x 0 33043
p 0 222 33043
x 0 33044
p 0 214 33044
x 0 33045
p 0 215 33045
x 0 33046
p 0 221 33046
x 0 33047
p 0 220 33047
x 0 33048
p 0 234 33048
x 0 33049
p 0 214 33049
x 0 33050
p 0 218 33050
x 0 33051
p 0 215 33051
x 0 33052
p 0 217 33052
x 0 33053
p 0 218 33053
x 0 33054
p 0 211 33054
x 0 33055
p 0 214 33055
x 0 33056
p 0 208 33056
x 0 33057
p 0 214 33057
x 0 33058
p 0 216 33058
x 0 33059
p 0 212 33059
x 0 33060
p 0 208 33060
x 0 33061
p 0 216 33061
x 0 33062
p 0 221 33062
x 0 33063
p 0 217 33063
x 0 33064
p 0 208 33064
x 0 33065
p 0 209 33065
x 0 33000
x 1 33001
x 2 33002
h 0 10.0.0.4
p 0 277973 33000
x 3 33003
h 3 10.0.0.4
p 3 753 33003
x 0 33004
p 0 224 33004
h 1 10.0.0.4
p 1 1029632 33001
h 2 10.0.0.4
p 2 1021767 33002
x 0 33005
p 0 219 33005
x 0 33006
p 0 223 33006
x 0 33007
p 0 133 33007
x 0 33008
p 0 213 33008
x 0 33009
p 0 260 33009
x 0 33010
p 0 237 33010
x 0 33011
p 0 239 33011
x 0 33012
p 0 219 33012
x 0 33013
p 0 220 33013
x 0 33014
p 0 218 33014
x 0 33015
p 0 216 33015
x 0 33016
p 0 244 33016
x 0 33017
p 0 225 33017
x 0 33018
p 0 227 33018
x 0 33019
p 0 219 33019
x 0 33020
p 0 217 33020
x 0 33021
p 0 221 33021
x 0 33022
p 0 262 33022
x 0 33023
p 0 215 33023
x 0 33024
p 0 211 33024
x 0 33025
p 0 215 33025
x 0 33026
p 0 230 33026
x 0 33027
p 0 214 33027
x 0 33028
p 0 214 33028
x 0 33029
p 0 213 33029
x 0 33030
p 0 236 33030
x 0 33031
p 0 228 33031
x 0 33032
p 0 215 33032
x 0 33033
p 0 213 33033
x 0 33034
p 0 211 33034
x 0 33035
p 0 217 33035
x 0 33036
p 0 219 33036
x 0 33037
p 0 216 33037
x 0 33038
p 0 218 33038
x 0 33039
p 0 218 33039
x 0 33040
p 0 238 33040
x 0 33041
p 0 225 33041
x 0 33042
p 0 212 33042
x 0 33043
p 0 219 33043
x 0 33044
p 0 222 33044
x 0 33045
p 0 226 33045
x 0 33046
p 0 217 33046
x 0 33047
p 0 216 33047
x 0 33048
p 0 215 33048
x 0 33049
p 0 215 33049
x 0 33050
p 0 221 33050
x 0 33051
p 0 289 33051
x 0 33052
p 0 218 33052
x 0 33053
p 0 258 33053
x 0 33054
p 0 256 33054
x 0 33055
p 0 276 33055
x 0 33056
p 0 244 33056
x 0 33057
p 0 254 33057
x 0 33058
p 0 209 33058
x 0 33059
p 0 219 33059
x 0 33060
p 0 200 33060
x 0 33061
p 0 235 33061
x 0 33062
p 0 190 33062
x 0 33000
x 1 33001
x 2 33002
x 3 33003
x 4 33004
x 5 33005
x 6 33006
x 7 33007
x 8 33008
x 9 33009
x 10 33010
h 0 10.0.0.4
p 0 1020543 33000
x 11 33011
h 11 10.0.0.4
p 11 689 33011
h 1 10.0.0.4
p 1 1007287 33001
x 0 33012
p 0 104 33012
h 2 10.0.0.4
p 2 1002661 33002
h 3 10.0.0.4
p 3 925879 33003
h 4 10.0.0.4
p 4 839103 33004
h 5 10.0.0.4
p 5 750709 33005
h 6 10.0.0.4
p 6 660454 33006
h 7 10.0.0.4
p 7 568551 33007
h 8 10.0.0.4
p 8 474097 33008
h 9 10.0.0.4
p 9 378952 33009
h 10 10.0.0.4
p 10 1032460 33010
x 0 33013
p 0 211 33013
x 0 33014
p 0 218 33014
x 0 33015
p 0 286 33015
x 0 33016
p 0 234 33016
x 0 33017
p 0 225 33017
x 0 33018
p 0 224 33018
x 0 33019
p 0 223 33019
x 0 33020
p 0 219 33020
x 0 33021
p 0 274 33021
x 0 33022
p 0 225 33022
x 0 33023
p 0 221 33023
x 0 33024
p 0 227 33024
x 0 33025
p 0 248 33025
x 0 33026
p 0 234 33026
x 0 33027
p 0 289 33027
x 0 33028
p 0 217 33028
x 0 33029
p 0 223 33029
x 0 33030
p 0 217 33030
x 0 33031
p 0 213 33031
x 0 33032
p 0 218 33032
x 0 33033
p 0 220 33033
x 0 33034
p 0 222 33034
x 0 33035
p 0 238 33035
x 0 33036
p 0 236 33036
x 0 33037
p 0 218 33037
x 0 33038
p 0 224 33038
x 0 33039
p 0 223 33039
x 0 33040
p 0 218 33040
x 0 33041
p 0 220 33041
x 0 33042
p 0 218 33042
x 0 33043
p 0 219 33043
x 0 33044
p 0 221 33044
x 0 33045
p 0 244 33045
x 0 33046
p 0 223 33046
x 0 33047
p 0 216 33047
x 0 33048
p 0 216 33048
x 0 33049
p 0 226 33049
x 0 33050
p 0 295 33050
x 0 33051
p 0 218 33051
x 0 33052
p 0 222 33052
x 0 33053
p 0 220 33053
x 0 33054
p 0 225 33054
x 0 33055
p 0 217 33055
x 0 33056
p 0 226 33056
x 0 33057
p 0 221 33057
x 0 33058
p 0 219 33058
x 0 33059
p 0 228 33059
x 0 33060
p 0 216 33060
x 0 33061
p 0 215 33061
x 0 33062
p 0 273 33062
x 0 33063
p 0 216 33063
x 0 33064
p 0 218 33064
x 0 33065
p 0 215 33065
x 0 33066
p 0 225 33066
x 0 33067
p 0 219 33067
x 0 33068
p 0 224 33068
x 0 33069
p 0 278 33069
x 0 33070
p 0 215 33070
x 0 33000
x 1 33001
x 2 33002
x 3 33003
x 4 33004
x 5 33005
h 0 10.0.0.4
p 0 567663 33000
x 6 33006
h 6 10.0.0.4
p 6 617 33006
x 0 33007
p 0 159 33007
h 1 10.0.0.4
p 1 1011217 33001
h 2 10.0.0.4
p 2 1006348 33002
h 3 10.0.0.4
p 3 929356 33003
h 4 10.0.0.4
p 4 840641 33004
h 5 10.0.0.4
p 5 750489 33005
x 0 33008
p 0 223 33008
x 0 33009
p 0 253 33009
x 0 33010
p 0 214 33010
x 0 33011
p 0 215 33011
x 0 33012
p 0 219 33012
x 0 33013
p 0 203 33013
x 0 33014
p 0 220 33014
x 0 33015
p 0 220 33015
x 0 33016
p 0 216 33016
x 0 33017
p 0 220 33017
x 0 33018
p 0 231 33018
x 0 33019
p 0 223 33019
x 0 33020
p 0 219 33020
x 0 33021
p 0 188 33021
x 0 33022
p 0 214 33022
x 0 33023
p 0 245 33023
x 0 33024
p 0 213 33024
x 0 33025
p 0 221 33025
x 0 33026
p 0 211 33026
x 0 33027
p 0 197 33027
x 0 33028
p 0 202 33028
x 0 33029
p 0 274 33029
x 0 33030
p 0 196 33030
x 0 33031
p 0 220 33031
x 0 33032
p 0 217 33032
x 0 33033
p 0 228 33033
x 0 33034
p 0 194 33034
x 0 33035
p 0 195 33035
x 0 33036
p 0 221 33036
x 0 33037
p 0 157 33037
x 0 33038
p 0 192 33038
x 0 33039
p 0 192 33039
x 0 33040
p 0 239 33040
x 0 33041
p 0 221 33041
x 0 33042
p 0 269 33042
x 0 33043
p 0 253 33043
x 0 33044
p 0 243 33044
x 0 33045
p 0 218 33045
x 0 33046
p 0 221 33046
x 0 33047
p 0 231 33047
x 0 33048
p 0 225 33048
x 0 33049
p 0 281 33049
x 0 33050
p 0 224 33050
x 0 33051
p 0 216 33051
x 0 33052
p 0 231 33052
x 0 33053
p 0 245 33053
x 0 33054
p 0 220 33054
x 0 33055
p 0 215 33055
x 0 33056
p 0 210 33056
x 0 33057
p 0 232 33057
x 0 33058
p 0 218 33058
x 0 33059
p 0 222 33059
x 0 33060
p 0 222 33060
x 0 33061
p 0 218 33061
x 0 33062
p 0 142 33062
x 0 33063
p 0 200 33063
x 0 33064
p 0 201 33064
x 0 33065
p 0 210 33065
x 0 33000
x 1 33001
x 2 33002
x 3 33003
x 4 33004
x 5 33005
x 6 33006
h 0 10.0.0.4
p 0 631993 33000
x 7 33007
h 7 10.0.0.4
p 7 939 33007
x 0 33008
p 0 258 33008
h 1 10.0.0.4
p 1 1032563 33001
h 2 10.0.0.4
p 2 1001944 33002
h 3 10.0.0.4
p 3 914369 33003
h 4 10.0.0.4
p 4 825296 33004
h 5 10.0.0.4
p 5 735443 33005
h 6 10.0.0.4
p 6 644182 33006
x 0 33009
p 0 213 33009
x 0 33010
p 0 246 33010
x 0 33011
p 0 229 33011
x 0 33012
p 0 212 33012
x 0 33013
p 0 222 33013
x 0 33014
p 0 215 33014
x 0 33015
p 0 215 33015
x 0 33016
p 0 220 33016
x 0 33017
p 0 244 33017
x 0 33018
p 0 231 33018
x 0 33019
p 0 211 33019
x 0 33020
p 0 254 33020
x 0 33021
p 0 224 33021
x 0 33022
p 0 246 33022
x 0 33023
p 0 208 33023
x 0 33024
p 0 210 33024
x 0 33025
p 0 211 33025
x 0 33026
p 0 225 33026
x 0 33027
p 0 255 33027
x 0 33028
p 0 293 33028
x 0 33029
p 0 112 33029
x 0 33030
p 0 218 33030
x 0 33031
p 0 222 33031
x 0 33032
p 0 217 33032
x 0 33033
p 0 223 33033
x 0 33034
p 0 226 33034
x 0 33035
p 0 216 33035
x 0 33036
p 0 224 33036
x 0 33037
p 0 216 33037
x 0 33038
p 0 218 33038
x 0 33039
p 0 217 33039
x 0 33040
p 0 211 33040
x 0 33041
p 0 218 33041
x 0 33042
p 0 211 33042
x 0 33043
p 0 217 33043
x 0 33044
p 0 224 33044
x 0 33045
p 0 213 33045
x 0 33046
p 0 218 33046
x 0 33047
p 0 529 33047
x 0 33048
p 0 228 33048
x 0 33049
p 0 224 33049
x 0 33050
p 0 218 33050
x 0 33051
p 0 225 33051
x 0 33052
p 0 222 33052
x 0 33053
p 0 218 33053
x 0 33054
p 0 253 33054
x 0 33055
p 0 208 33055
x 0 33056
p 0 214 33056
x 0 33057
p 0 213 33057
x 0 33058
p 0 220 33058
x 0 33059
p 0 224 33059
x 0 33060
p 0 215 33060
x 0 33061
p 0 220 33061
x 0 33062
p 0 240 33062
x 0 33063
p 0 215 33063
x 0 33064
p 0 218 33064
x 0 33065
p 0 212 33065
x 0 33066
p 0 240 33066
x 0 33000
x 1 33001
x 2 33002
x 3 33003
x 4 33004
x 5 33005
x 6 33006
h 6 10.0.0.4
p 6 1500 33006
h 0 10.0.0.4
p 0 611615 33000
x 7 33007
h 7 10.0.0.4
p 7 215 33007
x 0 33008
p 0 222 33008
h 1 10.0.0.4
p 1 1028619 33001
h 2 10.0.0.4
p 2 1024475 33002
h 3 10.0.0.4
p 3 947827 33003
h 4 10.0.0.4
p 4 856308 33004
h 5 10.0.0.4
p 5 763921 33005
x 0 33009
p 0 213 33009
x 0 33010
p 0 218 33010
x 0 33011
p 0 217 33011
x 0 33012
p 0 218 33012
x 0 33013
p 0 258 33013
x 0 33014
p 0 212 33014
x 0 33015
p 0 258 33015
x 0 33016
p 0 222 33016
x 0 33017
p 0 217 33017
x 0 33018
p 0 229 33018
x 0 33019
p 0 215 33019
x 0 33020
p 0 252 33020
x 0 33021
p 0 215 33021
x 0 33022
p 0 243 33022
x 0 33023
p 0 217 33023
x 0 33024
p 0 212 33024
x 0 33025
p 0 224 33025
x 0 33026
p 0 232 33026
x 0 33027
p 0 254 33027
x 0 33028
p 0 137 33028
x 0 33029
p 0 214 33029
x 0 33030
p 0 241 33030
x 0 33031
p 0 209 33031
x 0 33032
p 0 210 33032
x 0 33033
p 0 235 33033
x 0 33034
p 0 210 33034
x 0 33035
p 0 213 33035
x 0 33036
p 0 214 33036
x 0 33037
p 0 210 33037
x 0 33038
p 0 232 33038
x 0 33039
p 0 205 33039
x 0 33040
p 0 206 33040
x 0 33041
p 0 207 33041
x 0 33042
p 0 208 33042
x 0 33043
p 0 241 33043
x 0 33044
p 0 212 33044
x 0 33045
p 0 209 33045
x 0 33046
p 0 211 33046
x 0 33047
p 0 213 33047
x 0 33048
p 0 245 33048
x 0 33049
p 0 211 33049
x 0 33050
p 0 212 33050
x 0 33051
p 0 213 33051
x 0 33052
p 0 213 33052
x 0 33053
p 0 182 33053
x 0 33054
p 0 210 33054
x 0 33055
p 0 207 33055
x 0 33056
p 0 211 33056
x 0 33057
p 0 214 33057
x 0 33058
p 0 189 33058
x 0 33059
p 0 214 33059
x 0 33060
p 0 213 33060
x 0 33061
p 0 210 33061
x 0 33062
p 0 211 33062
x 0 33063
p 0 241 33063
x 0 33064
p 0 208 33064
x 0 33065
p 0 211 33065
x 0 33066
p 0 217 33066
x 0 33000
x 1 33001
x 2 33002
x 3 33003
x 4 33004
x 5 33005
h 5 10.0.0.4
p 5 1647 33005
h 0 10.0.0.4
p 0 514672 33000
x 6 33006
h 6 10.0.0.4
p 6 251 33006
x 0 33007
p 0 164 33007
h 1 10.0.0.4
p 1 1000665 33001
h 2 10.0.0.4
p 2 1028970 33002
h 3 10.0.0.4
p 3 980390 33003
h 4 10.0.0.4
p 4 893929 33004
x 0 33008
p 0 218 33008
x 0 33009
p 0 240 33009
x 0 33010
p 0 217 33010
x 0 33011
p 0 309 33011
x 0 33012
p 0 225 33012
x 0 33013
p 0 257 33013
x 0 33014
p 0 215 33014
x 0 33015
p 0 222 33015
x 0 33016
p 0 218 33016
x 0 33017
p 0 216 33017
x 0 33018
p 0 270 33018
x 0 33019
p 0 225 33019
x 0 33020
p 0 209 33020
x 0 33021
p 0 214 33021
x 0 33022
p 0 238 33022
x 0 33023
p 0 226 33023
x 0 33024
p 0 216 33024
x 0 33025
p 0 218 33025
x 0 33026
p 0 219 33026
x 0 33027
p 0 217 33027
x 0 33028
p 0 222 33028
x 0 33029
p 0 213 33029
x 0 33030
p 0 216 33030
x 0 33031
p 0 215 33031
x 0 33032
p 0 240 33032
x 0 33033
p 0 233 33033
x 0 33034
p 0 216 33034
x 0 33035
p 0 217 33035
x 0 33036
p 0 213 33036
x 0 33037
p 0 218 33037
x 0 33038
p 0 215 33038
x 0 33039
p 0 216 33039
x 0 33040
p 0 219 33040
x 0 33041
p 0 216 33041
x 0 33042
p 0 246 33042
x 0 33043
p 0 218 33043
x 0 33044
p 0 267 33044
x 0 33045
p 0 219 33045
x 0 33046
p 0 211 33046
x 0 33047
p 0 212 33047
x 0 33048
p 0 216 33048
x 0 33049
p 0 225 33049
x 0 33050
p 0 216 33050
x 0 33051
p 0 215 33051
x 0 33052
p 0 215 33052
x 0 33053
p 0 219 33053
x 0 33054
p 0 231 33054
x 0 33055
p 0 221 33055
x 0 33056
p 0 211 33056
x 0 33057
p 0 217 33057
x 0 33058
p 0 214 33058
x 0 33059
p 0 215 33059
x 0 33060
p 0 215 33060
x 0 33061
p 0 276 33061
x 0 33062
p 0 216 33062
x 0 33063
p 0 224 33063
x 0 33064
p 0 216 33064
x 0 33065
p 0 218 33065
x 0 33000
x 1 33001
x 2 33002
x 3 33003
x 4 33004
x 5 33005
x 6 33006
h 0 10.0.0.4
p 0 674160 33000
x 7 33007
h 7 10.0.0.4
p 7 1120 33007
x 0 33008
p 0 207 33008
h 1 10.0.0.4
p 1 1026534 33001
h 2 10.0.0.4
p 2 1018544 33002
h 3 10.0.0.4
p 3 976432 33003
h 4 10.0.0.4
p 4 888117 33004
h 5 10.0.0.4
p 5 798576 33005
h 6 10.0.0.4
p 6 709094 33006
x 0 33009
p 0 213 33009
x 0 33010
p 0 243 33010
x 0 33011
p 0 228 33011
x 0 33012
p 0 219 33012
x 0 33013
p 0 234 33013
x 0 33014
p 0 213 33014
x 0 33015
p 0 166 33015
x 0 33016
p 0 211 33016
x 0 33017
p 0 208 33017
x 0 33018
p 0 213 33018
x 0 33019
p 0 210 33019
x 0 33020
p 0 205 33020
x 0 33021
p 0 209 33021
x 0 33022
p 0 213 33022
x 0 33023
p 0 212 33023
x 0 33024
p 0 210 33024
x 0 33025
p 0 247 33025
x 0 33026
p 0 206 33026
x 0 33027
p 0 208 33027
x 0 33028
p 0 212 33028
x 0 33029
p 0 206 33029
x 0 33030
p 0 206 33030
x 0 33031
p 0 210 33031
x 0 33032
p 0 209 33032
x 0 33033
p 0 208 33033
x 0 33034
p 0 208 33034
x 0 33035
p 0 206 33035
x 0 33036
p 0 205 33036
x 0 33037
p 0 208 33037
x 0 33038
p 0 205 33038
x 0 33039
p 0 211 33039
x 0 33040
p 0 209 33040
x 0 33041
p 0 208 33041
x 0 33042
p 0 208 33042
x 0 33043
p 0 207 33043
x 0 33044
p 0 208 33044
x 0 33045
p 0 204 33045
x 0 33046
p 0 206 33046
x 0 33047
p 0 212 33047
x 0 33048
p 0 209 33048
x 0 33049
p 0 208 33049
x 0 33050
p 0 206 33050
x 0 33051
p 0 208 33051
x 0 33052
p 0 221 33052
x 0 33053
p 0 209 33053
x 0 33054
p 0 211 33054
x 0 33055
p 0 208 33055
x 0 33056
p 0 207 33056
x 0 33057
p 0 209 33057
x 0 33058
p 0 208 33058
x 0 33059
p 0 209 33059
x 0 33060
p 0 207 33060
x 0 33061
p 0 278 33061
x 0 33062
p 0 211 33062
x 0 33063
p 0 209 33063
x 0 33064
p 0 207 33064
x 0 33065
p 0 207 33065
x 0 33066
p 0 207 33066
x 0 33000
x 1 33001
x 2 33002
x 3 33003
x 4 33004
x 5 33005
h 0 10.0.0.4
p 0 512417 33000
x 6 33006
h 6 10.0.0.4
p 6 1092 33006
x 0 33007
p 0 226 33007
h 1 10.0.0.4
p 1 1009132 33001
h 2 10.0.0.4
p 2 1000867 33002
h 3 10.0.0.4
p 3 920591 33003
h 4 10.0.0.4
p 4 831177 33004
h 5 10.0.0.4
p 5 1020040 33005
x 0 33008
p 0 266 33008
x 0 33009
p 0 214 33009
x 0 33010
p 0 240 33010
x 0 33011
p 0 208 33011
x 0 33012
p 0 226 33012
x 0 33013
p 0 209 33013
x 0 33014
p 0 206 33014
x 0 33015
p 0 250 33015
x 0 33016
p 0 207 33016
x 0 33017
p 0 206 33017
x 0 33018
p 0 208 33018
x 0 33019
p 0 207 33019
x 0 33020
p 0 205 33020
x 0 33021
p 0 206 33021
x 0 33022
p 0 247 33022
x 0 33023
p 0 205 33023
x 0 33024
p 0 244 33024
x 0 33025
p 0 207 33025
x 0 33026
p 0 205 33026
x 0 33027
p 0 205 33027
x 0 33028
p 0 210 33028
x 0 33029
p 0 246 33029
x 0 33030
p 0 207 33030
x 0 33031
p 0 204 33031
x 0 33032
p 0 207 33032
x 0 33033
p 0 207 33033
x 0 33034
p 0 208 33034
x 0 33035
p 0 207 33035
x 0 33036
p 0 203 33036
x 0 33037
p 0 207 33037
x 0 33038
p 0 208 33038
x 0 33039
p 0 212 33039
x 0 33040
p 0 213 33040
x 0 33041
p 0 209 33041
x 0 33042
p 0 213 33042
x 0 33043
p 0 251 33043
x 0 33044
p 0 208 33044
x 0 33045
p 0 209 33045
x 0 33046
p 0 208 33046
x 0 33047
p 0 210 33047
x 0 33048
p 0 212 33048
x 0 33049
p 0 209 33049
x 0 33050
p 0 269 33050
x 0 33051
p 0 208 33051
x 0 33052
p 0 211 33052
x 0 33053
p 0 210 33053
x 0 33054
p 0 211 33054
x 0 33055
p 0 212 33055
x 0 33056
p 0 241 33056
x 0 33057
p 0 214 33057
x 0 33058
p 0 210 33058
x 0 33059
p 0 226 33059
x 0 33060
p 0 207 33060
x 0 33061
p 0 286 33061
x 0 33062
p 0 212 33062
x 0 33063
p 0 238 33063
x 0 33064
p 0 208 33064
x 0 33065
p 0 212 33065
x 0 33000
x 1 33001
x 2 33002
x 3 33003
x 4 33004
h 0 10.0.0.4
p 0 473954 33000
x 5 33005
h 5 10.0.0.4
p 5 467 33005
x 0 33006
p 0 254 33006
h 1 10.0.0.4
p 1 1006454 33001
h 2 10.0.0.4
p 2 1005845 33002
h 3 10.0.0.4
p 3 941932 33003
h 4 10.0.0.4
p 4 862848 33004
x 0 33007
p 0 210 33007
x 0 33008
p 0 249 33008
x 0 33009
p 0 218 33009
x 0 33010
p 0 250 33010
x 0 33011
p 0 222 33011
x 0 33012
p 0 213 33012
x 0 33013
p 0 214 33013
x 0 33014
p 0 213 33014
x 0 33015
p 0 257 33015
x 0 33016
p 0 211 33016
x 0 33017
p 0 242 33017
x 0 33018
p 0 214 33018
x 0 33019
p 0 209 33019
x 0 33020
p 0 212 33020
x 0 33021
p 0 212 33021
x 0 33022
p 0 261 33022
x 0 33023
p 0 209 33023
x 0 33024
p 0 238 33024
x 0 33025
p 0 210 33025
x 0 33026
p 0 207 33026
x 0 33027
p 0 209 33027
x 0 33028
p 0 209 33028
x 0 33029
p 0 246 33029
x 0 33030
p 0 210 33030
x 0 33031
p 0 244 33031
x 0 33032
p 0 209 33032
x 0 33033
p 0 209 33033
x 0 33034
p 0 207 33034
x 0 33035
p 0 208 33035
x 0 33036
p 0 259 33036
x 0 33037
p 0 212 33037
x 0 33038
p 0 208 33038
x 0 33039
p 0 208 33039
x 0 33040
p 0 213 33040
x 0 33041
p 0 211 33041
x 0 33042
p 0 209 33042
x 0 33043
p 0 253 33043
x 0 33044
p 0 207 33044
x 0 33045
p 0 249 33045
x 0 33046
p 0 214 33046
x 0 33047
p 0 212 33047
x 0 33048
p 0 212 33048
x 0 33049
p 0 210 33049
x 0 33050
p 0 255 33050
x 0 33051
p 0 214 33051
x 0 33052
p 0 242 33052
x 0 33053
p 0 238 33053
x 0 33054
p 0 207 33054
x 0 33055
p 0 222 33055
x 0 33056
p 0 214 33056
x 0 33057
p 0 256 33057
x 0 33058
p 0 212 33058
x 0 33059
p 0 243 33059
x 0 33060
p 0 210 33060
x 0 33061
p 0 212 33061
x 0 33062
p 0 210 33062
x 0 33063
p 0 209 33063
x 0 33064
p 0 210 33064
x 0 33000
x 1 33001
x 2 33002
x 3 33003
x 4 33004
h 0 10.0.0.4
p 0 484551 33000
x 5 33005
h 5 10.0.0.4
p 5 685 33005
x 0 33006
p 0 210 33006
h 1 10.0.0.4
p 1 1015949 33001
h 2 10.0.0.4
p 2 982633 33002
h 3 10.0.0.4
p 3 900717 33003
h 4 10.0.0.4
p 4 815183 33004
x 0 33007
p 0 258 33007
x 0 33008
p 0 214 33008
x 0 33009
p 0 215 33009
x 0 33010
p 0 210 33010
x 0 33011
p 0 241 33011
x 0 33012
p 0 209 33012
x 0 33013
p 0 206 33013
x 0 33014
p 0 206 33014
x 0 33015
p 0 209 33015
x 0 33016
p 0 205 33016
x 0 33017
p 0 210 33017
x 0 33018
p 0 210 33018
x 0 33019
p 0 213 33019
x 0 33020
p 0 210 33020
x 0 33021
p 0 211 33021
x 0 33022
p 0 211 33022
x 0 33023
p 0 207 33023
x 0 33024
p 0 208 33024
x 0 33025
p 0 205 33025
x 0 33026
p 0 205 33026
x 0 33027
p 0 208 33027
x 0 33028
p 0 210 33028
x 0 33029
p 0 205 33029
x 0 33030
p 0 207 33030
x 0 33031
p 0 206 33031
x 0 33032
p 0 209 33032
x 0 33033
p 0 205 33033
x 0 33034
p 0 204 33034
x 0 33035
p 0 209 33035
x 0 33036
p 0 205 33036
x 0 33037
p 0 207 33037
x 0 33038
p 0 206 33038
x 0 33039
p 0 205 33039
x 0 33040
p 0 208 33040
x 0 33041
p 0 207 33041
x 0 33042
p 0 208 33042
x 0 33043
p 0 207 33043
x 0 33044
p 0 207 33044
x 0 33045
p 0 209 33045
x 0 33046
p 0 204 33046
x 0 33047
p 0 208 33047
x 0 33048
p 0 205 33048
x 0 33049
p 0 210 33049
x 0 33050
p 0 206 33050
x 0 33051
p 0 206 33051
x 0 33052
p 0 209 33052
x 0 33053
p 0 211 33053
x 0 33054
p 0 211 33054
x 0 33055
p 0 211 33055
x 0 33056
p 0 211 33056
x 0 33057
p 0 210 33057
x 0 33058
p 0 205 33058
x 0 33059
p 0 211 33059
x 0 33060
p 0 210 33060
x 0 33061
p 0 160 33061
x 0 33062
p 0 258 33062
x 0 33063
p 0 205 33063
x 0 33064
p 0 118 33064
x 0 33000
x 1 33001
x 2 33002
x 3 33003
x 4 33004
x 5 33005
h 0 10.0.0.4
p 0 555608 33000
x 6 33006
h 6 10.0.0.4
p 6 877 33006
x 0 33007
p 0 241 33007
h 1 10.0.0.4
p 1 1007291 33001
h 2 10.0.0.4
p 2 998820 33002
h 3 10.0.0.4
p 3 923137 33003
h 4 10.0.0.4
p 4 844808 33004
h 5 10.0.0.4
p 5 762955 33005
x 0 33008
p 0 257 33008
x 0 33009
p 0 211 33009
x 0 33010
p 0 210 33010
x 0 33011
p 0 218 33011
x 0 33012
p 0 219 33012
x 0 33013
p 0 321 33013
x 0 33014
p 0 216 33014
x 0 33015
p 0 208 33015
x 0 33016
p 0 206 33016
x 0 33017
p 0 207 33017
x 0 33018
p 0 207 33018
x 0 33019
p 0 214 33019
x 0 33020
p 0 213 33020
x 0 33021
p 0 225 33021
x 0 33022
p 0 219 33022
x 0 33023
p 0 214 33023
x 0 33024
p 0 213 33024
x 0 33025
p 0 214 33025
x 0 33026
p 0 215 33026
x 0 33027
p 0 210 33027
x 0 33028
p 0 215 33028
x 0 33029
p 0 266 33029
x 0 33030
p 0 209 33030
x 0 33031
p 0 217 33031
x 0 33032
p 0 216 33032
x 0 33033
p 0 203 33033
x 0 33034
p 0 264 33034
x 0 33035
p 0 263 33035
x 0 33036
p 0 206 33036
x 0 33037
p 0 238 33037
x 0 33038
p 0 205 33038
x 0 33039
p 0 226 33039
x 0 33040
p 0 208 33040
x 0 33041
p 0 86 33041
x 0 33042
p 0 211 33042
x 0 33043
p 0 213 33043
x 0 33044
p 0 235 33044
x 0 33045
p 0 206 33045
x 0 33046
p 0 100 33046
x 0 33047
p 0 210 33047
x 0 33048
p 0 209 33048
x 0 33049
p 0 236 33049
x 0 33050
p 0 208 33050
x 0 33051
p 0 100 33051
x 0 33052
p 0 217 33052
x 0 33053
p 0 216 33053
x 0 33054
p 0 234 33054
x 0 33055
p 0 213 33055
x 0 33056
p 0 222 33056
x 0 33057
p 0 221 33057
x 0 33058
p 0 216 33058
x 0 33059
p 0 233 33059
x 0 33060
p 0 212 33060
x 0 33061
p 0 214 33061
x 0 33062
p 0 219 33062
x 0 33063
p 0 214 33063
x 0 33064
p 0 228 33064
x 0 33065
p 0 207 33065
x 0 33000
x 1 33001
x 2 33002
x 3 33003
x 4 33004
h 0 10.0.0.4
p 0 444709 33000
x 5 33005
h 5 10.0.0.4
p 5 546 33005
x 0 33006
p 0 253 33006
h 1 10.0.0.4
p 1 1028496 33001
h 2 10.0.0.4
p 2 1022903 33002
h 3 10.0.0.4
p 3 959311 33003
h 4 10.0.0.4
p 4 870428 33004
x 0 33007
p 0 216 33007
x 0 33008
p 0 217 33008
x 0 33009
p 0 216 33009
x 0 33010
p 0 211 33010
x 0 33011
p 0 259 33011
x 0 33012
p 0 205 33012
x 0 33013
p 0 206 33013
x 0 33014
p 0 211 33014
x 0 33015
p 0 207 33015
x 0 33016
p 0 314 33016
x 0 33017
p 0 209 33017
x 0 33018
p 0 248 33018
x 0 33019
p 0 209 33019
x 0 33020
p 0 206 33020
x 0 33021
p 0 206 33021
x 0 33022
p 0 207 33022
x 0 33023
p 0 264 33023
x 0 33024
p 0 211 33024
x 0 33025
p 0 282 33025
x 0 33026
p 0 211 33026
x 0 33027
p 0 209 33027
x 0 33028
p 0 213 33028
x 0 33029
p 0 444 33029
x 0 33030
p 0 258 33030
x 0 33031
p 0 206 33031
x 0 33032
p 0 243 33032
x 0 33033
p 0 210 33033
x 0 33034
p 0 209 33034
x 0 33035
p 0 213 33035
x 0 33036
p 0 213 33036
x 0 33037
p 0 263 33037
x 0 33038
p 0 243 33038
x 0 33039
p 0 251 33039
x 0 33040
p 0 211 33040
x 0 33041
p 0 213 33041
x 0 33042
p 0 216 33042
x 0 33043
p 0 211 33043
x 0 33044
p 0 284 33044
x 0 33045
p 0 213 33045
x 0 33046
p 0 283 33046
x 0 33047
p 0 211 33047
x 0 33048
p 0 211 33048
x 0 33049
p 0 212 33049
x 0 33050
p 0 209 33050
x 0 33051
p 0 248 33051
x 0 33052
p 0 212 33052
x 0 33053
p 0 244 33053
x 0 33054
p 0 214 33054
x 0 33055
p 0 213 33055
x 0 33056
p 0 215 33056
x 0 33057
p 0 210 33057
x 0 33058
p 0 259 33058
x 0 33059
p 0 215 33059
x 0 33060
p 0 240 33060
x 0 33061
p 0 211 33061
x 0 33062
p 0 214 33062
x 0 33063
p 0 215 33063
x 0 33064
p 0 213 33064
x 0 33000
x 1 33001
x 2 33002
x 3 33003
x 4 33004
h 0 10.0.0.4
p 0 498642 33000
x 5 33005
h 5 10.0.0.4
p 5 665 33005
x 0 33006
p 0 228 33006
h 1 10.0.0.4
p 1 1003381 33001
h 2 10.0.0.4
p 2 1031024 33002
h 3 10.0.0.4
p 3 995113 33003
h 4 10.0.0.4
p 4 905593 33004
x 0 33007
p 0 219 33007
x 0 33008
p 0 217 33008
x 0 33009
p 0 252 33009
x 0 33010
p 0 213 33010
x 0 33011
p 0 216 33011
x 0 33012
p 0 215 33012
x 0 33013
p 0 215 33013
x 0 33014
p 0 211 33014
x 0 33015
p 0 212 33015
x 0 33016
p 0 223 33016
x 0 33017
p 0 221 33017
x 0 33018
p 0 219 33018
x 0 33019
p 0 215 33019
x 0 33020
p 0 216 33020
x 0 33021
p 0 215 33021
x 0 33022
p 0 215 33022
x 0 33023
p 0 217 33023
x 0 33024
p 0 213 33024
x 0 33025
p 0 211 33025
x 0 33026
p 0 208 33026
x 0 33027
p 0 209 33027
x 0 33028
p 0 211 33028
x 0 33029
p 0 211 33029
x 0 33030
p 0 207 33030
x 0 33031
p 0 209 33031
x 0 33032
p 0 208 33032
x 0 33033
p 0 210 33033
x 0 33034
p 0 237 33034
x 0 33035
p 0 207 33035
x 0 33036
p 0 212 33036
x 0 33037
p 0 211 33037
x 0 33038
p 0 212 33038
x 0 33039
p 0 211 33039
x 0 33040
p 0 207 33040
x 0 33041
p 0 210 33041
x 0 33042
p 0 209 33042
x 0 33043
p 0 211 33043
x 0 33044
p 0 209 33044
x 0 33045
p 0 208 33045
x 0 33046
p 0 217 33046
x 0 33047
p 0 214 33047
x 0 33048
p 0 213 33048
x 0 33049
p 0 212 33049
x 0 33050
p 0 214 33050
x 0 33051
p 0 216 33051
x 0 33052
p 0 215 33052
x 0 33053
p 0 219 33053
x 0 33054
p 0 216 33054
x 0 33055
p 0 213 33055
x 0 33056
p 0 214 33056
x 0 33057
p 0 223 33057
x 0 33058
p 0 224 33058
x 0 33059
p 0 211 33059
x 0 33060
p 0 206 33060
x 0 33061
p 0 212 33061
x 0 33062
p 0 207 33062
x 0 33063
p 0 211 33063
x 0 33064
p 0 210 33064
x 0 33000
x 1 33001
x 2 33002
x 3 33003
x 4 33004
x 5 33005
h 0 10.0.0.4
p 0 521897 33000
x 6 33006
h 6 10.0.0.4
p 6 907 33006
x 0 33007
p 0 225 33007
h 1 10.0.0.4
p 1 1032701 33001
h 2 10.0.0.4
p 2 1018669 33002
h 3 10.0.0.4
p 3 930619 33003
h 4 10.0.0.4
p 4 841918 33004
h 5 10.0.0.4
p 5 1015409 33005
x 0 33008
p 0 216 33008
x 0 33009
p 0 218 33009
x 0 33010
p 0 216 33010
x 0 33011
p 0 215 33011
x 0 33012
p 0 229 33012
x 0 33013
p 0 239 33013
x 0 33014
p 0 222 33014
x 0 33015
p 0 218 33015
x 0 33016
p 0 222 33016
x 0 33017
p 0 222 33017
x 0 33018
p 0 218 33018
x 0 33019
p 0 672 33019
x 0 33020
p 0 217 33020
x 0 33021
p 0 217 33021
x 0 33022
p 0 222 33022
x 0 33023
p 0 292 33023
x 0 33024
p 0 215 33024
x 0 33025
p 0 216 33025
x 0 33026
p 0 215 33026
x 0 33027
p 0 214 33027
x 0 33028
p 0 236 33028
x 0 33029
p 0 213 33029
x 0 33030
p 0 210 33030
x 0 33031
p 0 215 33031
x 0 33032
p 0 217 33032
x 0 33033
p 0 217 33033
x 0 33034
p 0 213 33034
x 0 33035
p 0 214 33035
x 0 33036
p 0 226 33036
x 0 33037
p 0 214 33037
x 0 33038
p 0 220 33038
x 0 33039
p 0 217 33039
x 0 33040
p 0 216 33040
x 0 33041
p 0 222 33041
x 0 33042
p 0 219 33042
x 0 33043
p 0 214 33043
x 0 33044
p 0 212 33044
x 0 33045
p 0 211 33045
x 0 33046
p 0 215 33046
x 0 33047
p 0 217 33047
x 0 33048
p 0 211 33048
x 0 33049
p 0 213 33049
x 0 33050
p 0 214 33050
x 0 33051
p 0 211 33051
x 0 33052
p 0 212 33052
x 0 33053
p 0 216 33053
x 0 33054
p 0 214 33054
x 0 33055
p 0 214 33055
x 0 33056
p 0 228 33056
x 0 33057
p 0 214 33057
x 0 33058
p 0 213 33058
x 0 33059
p 0 270 33059
x 0 33060
p 0 209 33060
x 0 33061
p 0 212 33061
x 0 33062
p 0 216 33062
x 0 33063
p 0 213 33063
x 0 33064
p 0 209 33064
x 0 33065
p 0 223 33065
x 0 33000
x 1 33001
x 2 33002
x 3 33003
h 0 10.0.0.4
p 0 374999 33000
x 4 33004
h 4 10.0.0.4
p 4 899 33004
x 0 33005
p 0 231 33005
h 1 10.0.0.4
p 1 1024479 33001
h 2 10.0.0.4
p 2 1019571 33002
h 3 10.0.0.4
p 3 928869 33003
x 0 33006
p 0 212 33006
x 0 33007
p 0 211 33007
x 0 33008
p 0 213 33008
x 0 33009
p 0 211 33009
x 0 33010
p 0 253 33010
x 0 33011
p 0 216 33011
x 0 33012
p 0 215 33012
x 0 33013
p 0 228 33013
x 0 33014
p 0 226 33014
x 0 33015
p 0 251 33015
x 0 33016
p 0 223 33016
x 0 33017
p 0 224 33017
x 0 33018
p 0 220 33018
x 0 33019
p 0 218 33019
x 0 33020
p 0 218 33020
x 0 33021
p 0 219 33021
x 0 33022
p 0 220 33022
x 0 33023
p 0 216 33023
x 0 33024
p 0 213 33024
x 0 33025
p 0 214 33025
x 0 33026
p 0 211 33026
x 0 33027
p 0 216 33027
x 0 33028
p 0 215 33028
x 0 33029
p 0 221 33029
x 0 33030
p 0 224 33030
x 0 33031
p 0 229 33031
x 0 33032
p 0 227 33032
x 0 33033
p 0 223 33033
x 0 33034
p 0 221 33034
x 0 33035
p 0 246 33035
x 0 33036
p 0 220 33036
x 0 33037
p 0 223 33037
x 0 33038
p 0 222 33038
x 0 33039
p 0 220 33039
x 0 33040
p 0 251 33040
x 0 33041
p 0 218 33041
x 0 33042
p 0 254 33042
x 0 33043
p 0 212 33043
x 0 33044
p 0 215 33044
x 0 33045
p 0 215 33045
x 0 33046
p 0 224 33046
x 0 33047
p 0 266 33047
x 0 33048
p 0 220 33048
x 0 33049
p 0 255 33049
x 0 33050
p 0 223 33050
x 0 33051
p 0 236 33051
x 0 33052
p 0 230 33052
x 0 33053
p 0 224 33053
x 0 33054
p 0 263 33054
x 0 33055
p 0 223 33055
x 0 33056
p 0 218 33056
x 0 33057
p 0 213 33057
x 0 33058
p 0 216 33058
x 0 33059
p 0 210 33059
x 0 33060
p 0 216 33060
x 0 33061
p 0 254 33061
x 0 33062
p 0 216 33062
x 0 33063
p 0 246 33063
x 0 33000
x 1 33001
x 2 33002
x 3 33003
x 4 33004
x 5 33005
h 0 10.0.0.4
p 0 533395 33000
x 6 33006
h 6 10.0.0.4
p 6 1131 33006
x 0 33007
p 0 231 33007
h 1 10.0.0.4
p 1 1030637 33001
h 2 10.0.0.4
p 2 984008 33002
h 3 10.0.0.4
p 3 897094 33003
h 4 10.0.0.4
p 4 808789 33004
h 5 10.0.0.4
p 5 720099 33005
x 0 33008
p 0 214 33008
x 0 33009
p 0 215 33009
x 0 33010
p 0 213 33010
x 0 33011
p 0 214 33011
x 0 33012
p 0 224 33012
x 0 33013
p 0 211 33013
x 0 33014
p 0 212 33014
x 0 33015
p 0 214 33015
x 0 33016
p 0 243 33016
x 0 33017
p 0 207 33017
x 0 33018
p 0 245 33018
x 0 33019
p 0 209 33019
x 0 33020
p 0 210 33020
x 0 33021
p 0 216 33021
x 0 33022
p 0 213 33022
x 0 33023
p 0 247 33023
x 0 33024
p 0 208 33024
x 0 33025
p 0 239 33025
x 0 33026
p 0 208 33026
x 0 33027
p 0 207 33027
x 0 33028
p 0 208 33028
x 0 33029
p 0 208 33029
x 0 33030
p 0 215 33030
x 0 33031
p 0 221 33031
x 0 33032
p 0 217 33032
x 0 33033
p 0 215 33033
x 0 33034
p 0 211 33034
x 0 33035
p 0 213 33035
x 0 33036
p 0 216 33036
x 0 33037
p 0 214 33037
x 0 33038
p 0 250 33038
x 0 33039
p 0 248 33039
x 0 33040
p 0 214 33040
x 0 33041
p 0 207 33041
x 0 33042
p 0 208 33042
x 0 33043
p 0 210 33043
x 0 33044
p 0 209 33044
x 0 33045
p 0 208 33045
x 0 33046
p 0 297 33046
x 0 33047
p 0 211 33047
x 0 33048
p 0 210 33048
x 0 33049
p 0 208 33049
x 0 33050
p 0 210 33050
x 0 33051
p 0 209 33051
x 0 33052
p 0 212 33052
x 0 33053
p 0 210 33053
x 0 33054
p 0 207 33054
x 0 33055
p 0 210 33055
x 0 33056
p 0 211 33056
x 0 33057
p 0 208 33057
x 0 33058
p 0 209 33058
x 0 33059
p 0 207 33059
x 0 33060
p 0 208 33060
x 0 33061
p 0 208 33061
x 0 33062
p 0 208 33062
x 0 33063
p 0 208 33063
x 0 33064
p 0 208 33064
x 0 33065
p 0 212 33065
x 0 33000
x 1 33001
x 2 33002
x 3 33003
x 4 33004
h 4 10.0.0.4
p 4 1191 33004
h 0 10.0.0.4
p 0 406617 33000
x 5 33005
h 5 10.0.0.4
p 5 170 33005
x 0 33006
p 0 226 33006
h 1 10.0.0.4
p 1 1011052 33001
h 2 10.0.0.4
p 2 1007042 33002
h 3 10.0.0.4
p 3 971226 33003
x 0 33007
p 0 229 33007
x 0 33008
p 0 218 33008
x 0 33009
p 0 251 33009
x 0 33010
p 0 215 33010
x 0 33011
p 0 220 33011
x 0 33012
p 0 220 33012
x 0 33013
p 0 215 33013
x 0 33014
p 0 213 33014
x 0 33015
p 0 212 33015
x 0 33016
p 0 218 33016
x 0 33017
p 0 211 33017
x 0 33018
p 0 218 33018
x 0 33019
p 0 218 33019
x 0 33020
p 0 217 33020
x 0 33021
p 0 218 33021
x 0 33022
p 0 211 33022
x 0 33023
p 0 207 33023
x 0 33024
p 0 210 33024
x 0 33025
p 0 208 33025
x 0 33026
p 0 212 33026
x 0 33027
p 0 217 33027
x 0 33028
p 0 218 33028
x 0 33029
p 0 215 33029
x 0 33030
p 0 211 33030
x 0 33031
p 0 228 33031
x 0 33032
p 0 213 33032
x 0 33033
p 0 208 33033
x 0 33034
p 0 209 33034
x 0 33035
p 0 219 33035
x 0 33036
p 0 217 33036
x 0 33037
p 0 218 33037
x 0 33038
p 0 218 33038
x 0 33039
p 0 211 33039
x 0 33040
p 0 211 33040
x 0 33041
p 0 220 33041
x 0 33042
p 0 219 33042
x 0 33043
p 0 211 33043
x 0 33044
p 0 213 33044
x 0 33045
p 0 206 33045
x 0 33046
p 0 225 33046
x 0 33047
p 0 218 33047
x 0 33048
p 0 219 33048
x 0 33049
p 0 208 33049
x 0 33050
p 0 205 33050
x 0 33051
p 0 277 33051
x 0 33052
p 0 214 33052
x 0 33053
p 0 209 33053
x 0 33054
p 0 211 33054
x 0 33055
p 0 211 33055
x 0 33056
p 0 217 33056
x 0 33057
p 0 215 33057
x 0 33058
p 0 255 33058
x 0 33059
p 0 208 33059
x 0 33060
p 0 240 33060
x 0 33061
p 0 218 33061
x 0 33062
p 0 218 33062
x 0 33063
p 0 208 33063
x 0 33064
p 0 211 33064
x 0 33000
x 1 33001
x 2 33002
h 0 10.0.0.4
p 0 295299 33000
x 3 33003
h 3 10.0.0.4
p 3 837 33003
x 0 33004
p 0 114 33004
h 1 10.0.0.4
p 1 1023373 33001
h 2 10.0.0.4
p 2 1018925 33002
x 0 33005
p 0 220 33005
x 0 33006
p 0 230 33006
x 0 33007
p 0 242 33007
x 0 33008
p 0 208 33008
x 0 33009
p 0 218 33009
x 0 33010
p 0 214 33010
x 0 33011
p 0 215 33011
x 0 33012
p 0 187 33012
x 0 33013
p 0 211 33013
x 0 33014
p 0 215 33014
x 0 33015
p 0 212 33015
x 0 33016
p 0 211 33016
x 0 33017
p 0 216 33017
x 0 33018
p 0 211 33018
x 0 33019
p 0 212 33019
x 0 33020
p 0 208 33020
x 0 33021
p 0 213 33021
x 0 33022
p 0 211 33022
x 0 33023
p 0 360 33023
x 0 33024
p 0 211 33024
x 0 33025
p 0 209 33025
x 0 33026
p 0 208 33026
x 0 33027
p 0 267 33027
x 0 33028
p 0 209 33028
x 0 33029
p 0 210 33029
x 0 33030
p 0 211 33030
x 0 33031
p 0 212 33031
x 0 33032
p 0 212 33032
x 0 33033
p 0 210 33033
x 0 33034
p 0 207 33034
x 0 33035
p 0 209 33035
x 0 33036
p 0 211 33036
x 0 33037
p 0 208 33037
x 0 33038
p 0 210 33038
x 0 33039
p 0 223 33039
x 0 33040
p 0 212 33040
x 0 33041
p 0 213 33041
x 0 33042
p 0 254 33042
x 0 33043
p 0 219 33043
x 0 33044
p 0 226 33044
x 0 33045
p 0 223 33045
x 0 33046
p 0 222 33046
x 0 33047
p 0 224 33047
x 0 33048
p 0 219 33048
x 0 33049
p 0 220 33049
x 0 33050
p 0 222 33050
x 0 33051
p 0 224 33051
x 0 33052
p 0 237 33052
x 0 33053
p 0 208 33053
x 0 33054
p 0 218 33054
x 0 33055
p 0 214 33055
x 0 33056
p 0 214 33056
x 0 33057
p 0 214 33057
x 0 33058
p 0 214 33058
x 0 33059
p 0 209 33059
x 0 33060
p 0 213 33060
x 0 33061
p 0 210 33061
x 0 33062
p 0 213 33062
x 0 33000
x 1 33001
x 2 33002
x 3 33003
x 4 33004
h 0 10.0.0.4
p 0 434388 33000
x 5 33005
h 5 10.0.0.4
p 5 1292 33005
x 0 33006
p 0 252 33006
h 1 10.0.0.4
p 1 1011733 33001
h 2 10.0.0.4
p 2 963402 33002
h 3 10.0.0.4
p 3 877006 33003
h 4 10.0.0.4
p 4 788556 33004
x 0 33007
p 0 210 33007
x 0 33008
p 0 212 33008
x 0 33009
p 0 213 33009
x 0 33010
p 0 217 33010
x 0 33011
p 0 185 33011
x 0 33012
p 0 210 33012
x 0 33013
p 0 214 33013
x 0 33014
p 0 212 33014
x 0 33015
p 0 217 33015
x 0 33016
p 0 210 33016
x 0 33017
p 0 211 33017
x 0 33018
p 0 213 33018
x 0 33019
p 0 213 33019
x 0 33020
p 0 227 33020
x 0 33021
p 0 211 33021
x 0 33022
p 0 206 33022
x 0 33023
p 0 215 33023
x 0 33024
p 0 213 33024
x 0 33025
p 0 212 33025
x 0 33026
p 0 209 33026
x 0 33027
p 0 211 33027
x 0 33028
p 0 209 33028
x 0 33029
p 0 209 33029
x 0 33030
p 0 212 33030
x 0 33031
p 0 243 33031
x 0 33032
p 0 213 33032
x 0 33033
p 0 257 33033
x 0 33034
p 0 219 33034
x 0 33035
p 0 212 33035
x 0 33036
p 0 212 33036
x 0 33037
p 0 211 33037
x 0 33038
p 0 246 33038
x 0 33039
p 0 212 33039
x 0 33040
p 0 243 33040
x 0 33041
p 0 211 33041
x 0 33042
p 0 207 33042
x 0 33043
p 0 230 33043
x 0 33044
p 0 224 33044
x 0 33045
p 0 251 33045
x 0 33046
p 0 214 33046
x 0 33047
p 0 241 33047
x 0 33048
p 0 214 33048
x 0 33049
p 0 213 33049
x 0 33050
p 0 212 33050
x 0 33051
p 0 211 33051
x 0 33052
p 0 246 33052
x 0 33053
p 0 212 33053
x 0 33054
p 0 247 33054
x 0 33055
p 0 209 33055
x 0 33056
p 0 213 33056
x 0 33057
p 0 210 33057
x 0 33058
p 0 211 33058
x 0 33059
p 0 256 33059
x 0 33060
p 0 213 33060
x 0 33061
p 0 243 33061
x 0 33062
p 0 215 33062
x 0 33063
p 0 213 33063
x 0 33064
p 0 210 33064
x 0 33000
x 1 33001
x 2 33002
x 3 33003
x 4 33004
h 0 10.0.0.4
p 0 433478 33000
x 5 33005
h 5 10.0.0.4
p 5 1338 33005
x 0 33006
p 0 226 33006
h 1 10.0.0.4
p 1 1035394 33001
h 2 10.0.0.4
p 2 1031176 33002
h 3 10.0.0.4
p 3 959449 33003
h 4 10.0.0.4
p 4 1018602 33004
x 0 33007
p 0 212 33007
x 0 33008
p 0 215 33008
x 0 33009
p 0 216 33009
x 0 33010
p 0 216 33010
x 0 33011
p 0 237 33011
x 0 33012
p 0 215 33012
x 0 33013
p 0 218 33013
x 0 33014
p 0 217 33014
x 0 33015
p 0 214 33015
x 0 33016
p 0 220 33016
x 0 33017
p 0 220 33017
x 0 33018
p 0 217 33018
x 0 33019
p 0 207 33019
x 0 33020
p 0 207 33020
x 0 33021
p 0 211 33021
x 0 33022
p 0 210 33022
x 0 33023
p 0 213 33023
x 0 33024
p 0 207 33024
x 0 33025
p 0 308 33025
x 0 33026
p 0 218 33026
x 0 33027
p 0 213 33027
x 0 33028
p 0 210 33028
x 0 33029
p 0 208 33029
x 0 33030
p 0 211 33030
x 0 33031
p 0 147 33031
x 0 33032
p 0 213 33032
x 0 33033
p 0 209 33033
x 0 33034
p 0 207 33034
x 0 33035
p 0 210 33035
x 0 33036
p 0 211 33036
x 0 33037
p 0 207 33037
x 0 33038
p 0 208 33038
x 0 33039
p 0 209 33039
x 0 33040
p 0 211 33040
x 0 33041
p 0 233 33041
x 0 33042
p 0 232 33042
x 0 33043
p 0 255 33043
x 0 33044
p 0 213 33044
x 0 33045
p 0 212 33045
x 0 33046
p 0 210 33046
x 0 33047
p 0 211 33047
x 0 33048
p 0 226 33048
x 0 33049
p 0 207 33049
x 0 33050
p 0 210 33050
x 0 33051
p 0 221 33051
x 0 33052
p 0 226 33052
x 0 33053
p 0 213 33053
x 0 33054
p 0 210 33054
x 0 33055
p 0 209 33055
x 0 33056
p 0 209 33056
x 0 33057
p 0 209 33057
x 0 33058
p 0 210 33058
x 0 33059
p 0 209 33059
x 0 33060
p 0 211 33060
x 0 33061
p 0 208 33061
x 0 33062
p 0 208 33062
x 0 33063
p 0 211 33063
x 0 33064
p 0 211 33064
x 0 33000
x 1 33001
x 2 33002
x 3 33003
x 4 33004
x 5 33005
x 6 33006
x 7 33007
h 0 10.0.0.4
p 0 742518 33000
x 8 33008
h 8 10.0.0.4
p 8 843 33008
x 0 33009
p 0 248 33009
h 1 10.0.0.4
p 1 1032407 33001
h 2 10.0.0.4
p 2 1028534 33002
h 3 10.0.0.4
p 3 945536 33003
h 4 10.0.0.4
p 4 855104 33004
h 5 10.0.0.4
p 5 763142 33005
h 6 10.0.0.4
p 6 669938 33006
h 7 10.0.0.4
p 7 1006740 33007
x 0 33010
p 0 274 33010
x 0 33011
p 0 235 33011
x 0 33012
p 0 221 33012
x 0 33013
p 0 210 33013
x 0 33014
p 0 218 33014
x 0 33015
p 0 210 33015
x 0 33016
p 0 217 33016
x 0 33017
p 0 213 33017
x 0 33018
p 0 216 33018
x 0 33019
p 0 215 33019
x 0 33020
p 0 211 33020
x 0 33021
p 0 245 33021
x 0 33022
p 0 219 33022
x 0 33023
p 0 219 33023
x 0 33024
p 0 213 33024
x 0 33025
p 0 209 33025
x 0 33026
p 0 213 33026
x 0 33027
p 0 213 33027
x 0 33028
p 0 216 33028
x 0 33029
p 0 184 33029
x 0 33030
p 0 208 33030
x 0 33031
p 0 211 33031
x 0 33032
p 0 211 33032
x 0 33033
p 0 210 33033
x 0 33034
p 0 209 33034
x 0 33035
p 0 208 33035
x 0 33036
p 0 209 33036
x 0 33037
p 0 207 33037
x 0 33038
p 0 211 33038
x 0 33039
p 0 209 33039
x 0 33040
p 0 209 33040
x 0 33041
p 0 212 33041
x 0 33042
p 0 92 33042
x 0 33043
p 0 211 33043
x 0 33044
p 0 209 33044
x 0 33045
p 0 211 33045
x 0 33046
p 0 210 33046
x 0 33047
p 0 208 33047
x 0 33048
p 0 212 33048
x 0 33049
p 0 214 33049
x 0 33050
p 0 223 33050
x 0 33051
p 0 188 33051
x 0 33052
p 0 220 33052
x 0 33053
p 0 215 33053
x 0 33054
p 0 213 33054
x 0 33055
p 0 210 33055
x 0 33056
p 0 212 33056
x 0 33057
p 0 277 33057
x 0 33058
p 0 215 33058
x 0 33059
p 0 211 33059
x 0 33060
p 0 222 33060
x 0 33061
p 0 220 33061
x 0 33062
p 0 276 33062
x 0 33063
p 0 229 33063
x 0 33064
p 0 265 33064
x 0 33065
p 0 217 33065
x 0 33066
p 0 221 33066
x 0 33067
p 0 221 33067
x 0 33000
x 1 33001
x 2 33002
x 3 33003
x 4 33004
x 5 33005
x 6 33006
x 7 33007
h 7 10.0.0.4
p 7 1290 33007
h 0 10.0.0.4
p 0 708178 33000
x 8 33008
h 8 10.0.0.4
p 8 261 33008
x 0 33009
p 0 217 33009
h 1 10.0.0.4
p 1 1026995 33001
h 2 10.0.0.4
p 2 1022729 33002
h 3 10.0.0.4
p 3 990186 33003
h 4 10.0.0.4
p 4 908623 33004
h 5 10.0.0.4
p 5 825882 33005
h 6 10.0.0.4
p 6 740165 33006
x 0 33010
p 0 289 33010
x 0 33011
p 0 209 33011
x 0 33012
p 0 211 33012
x 0 33013
p 0 242 33013
x 0 33014
p 0 243 33014
x 0 33015
p 0 220 33015
x 0 33016
p 0 216 33016
x 0 33017
p 0 222 33017
x 0 33018
p 0 213 33018
x 0 33019
p 0 218 33019
x 0 33020
p 0 238 33020
x 0 33021
p 0 256 33021
x 0 33022
p 0 211 33022
x 0 33023
p 0 215 33023
x 0 33024
p 0 259 33024
x 0 33025
p 0 234 33025
x 0 33026
p 0 211 33026
x 0 33027
p 0 263 33027
x 0 33028
p 0 211 33028
x 0 33029
p 0 218 33029
x 0 33030
p 0 254 33030
x 0 33031
p 0 159 33031
x 0 33032
p 0 215 33032
x 0 33033
p 0 312 33033
x 0 33034
p 0 221 33034
x 0 33035
p 0 224 33035
x 0 33036
p 0 216 33036
x 0 33037
p 0 224 33037
x 0 33038
p 0 215 33038
x 0 33039
p 0 223 33039
x 0 33040
p 0 235 33040
x 0 33041
p 0 216 33041
x 0 33042
p 0 217 33042
x 0 33043
p 0 215 33043
x 0 33044
p 0 221 33044
x 0 33045
p 0 219 33045
x 0 33046
p 0 216 33046
x 0 33047
p 0 221 33047
x 0 33048
p 0 261 33048
x 0 33049
p 0 219 33049
x 0 33050
p 0 227 33050
x 0 33051
p 0 223 33051
x 0 33052
p 0 252 33052
x 0 33053
p 0 213 33053
x 0 33054
p 0 219 33054
x 0 33055
p 0 226 33055
x 0 33056
p 0 214 33056
x 0 33057
p 0 226 33057
x 0 33058
p 0 218 33058
x 0 33059
p 0 218 33059
x 0 33060
p 0 229 33060
x 0 33061
p 0 228 33061
x 0 33062
p 0 219 33062
x 0 33063
p 0 214 33063
x 0 33064
p 0 223 33064
x 0 33065
p 0 257 33065
x 0 33066
p 0 225 33066
x 0 33067
p 0 233 33067
x 0 33000
x 1 33001
x 2 33002
x 3 33003
x 4 33004
h 0 10.0.0.4
p 0 447074 33000
x 5 33005
h 5 10.0.0.4
p 5 848 33005
x 0 33006
p 0 208 33006
h 1 10.0.0.4
p 1 1001972 33001
h 2 10.0.0.4
p 2 1029703 33002
h 3 10.0.0.4
p 3 990726 33003
h 4 10.0.0.4
p 4 903954 33004
x 0 33007
p 0 209 33007
x 0 33008
p 0 208 33008
x 0 33009
p 0 241 33009
x 0 33010
p 0 226 33010
x 0 33011
p 0 220 33011
x 0 33012
p 0 212 33012
x 0 33013
p 0 260 33013
x 0 33014
p 0 212 33014
x 0 33015
p 0 249 33015
x 0 33016
p 0 216 33016
x 0 33017
p 0 212 33017
x 0 33018
p 0 212 33018
x 0 33019
p 0 211 33019
x 0 33020
p 0 210 33020
x 0 33021
p 0 212 33021
x 0 33022
p 0 209 33022
x 0 33023
p 0 213 33023
x 0 33024
p 0 209 33024
x 0 33025
p 0 212 33025
x 0 33026
p 0 212 33026
x 0 33027
p 0 239 33027
x 0 33028
p 0 208 33028
x 0 33029
p 0 207 33029
x 0 33030
p 0 208 33030
x 0 33031
p 0 212 33031
x 0 33032
p 0 211 33032
x 0 33033
p 0 213 33033
x 0 33034
p 0 247 33034
x 0 33035
p 0 211 33035
x 0 33036
p 0 216 33036
x 0 33037
p 0 211 33037
x 0 33038
p 0 212 33038
x 0 33039
p 0 210 33039
x 0 33040
p 0 211 33040
x 0 33041
p 0 248 33041
x 0 33042
p 0 213 33042
x 0 33043
p 0 214 33043
x 0 33044
p 0 210 33044
x 0 33045
p 0 244 33045
x 0 33046
p 0 216 33046
x 0 33047
p 0 215 33047
x 0 33048
p 0 210 33048
x 0 33049
p 0 212 33049
x 0 33050
p 0 209 33050
x 0 33051
p 0 214 33051
x 0 33052
p 0 214 33052
x 0 33053
p 0 215 33053
x 0 33054
p 0 214 33054
x 0 33055
p 0 221 33055
x 0 33056
p 0 213 33056
x 0 33057
p 0 214 33057
x 0 33058
p 0 212 33058
x 0 33059
p 0 209 33059
x 0 33060
p 0 239 33060
x 0 33061
p 0 210 33061
x 0 33062
p 0 211 33062
x 0 33063
p 0 212 33063
x 0 33064
p 0 208 33064
x 0 33000
x 1 33001
x 2 33002
x 3 33003
x 4 33004
h 0 10.0.0.4
p 0 451726 33000
x 5 33005
h 5 10.0.0.4
p 5 750 33005
x 0 33006
p 0 226 33006
h 1 10.0.0.4
p 1 1020291 33001
h 2 10.0.0.4
p 2 1016470 33002
h 3 10.0.0.4
p 3 946484 33003
h 4 10.0.0.4
p 4 858474 33004
x 0 33007
p 0 216 33007
x 0 33008
p 0 207 33008
x 0 33009
p 0 210 33009
x 0 33010
p 0 272 33010
x 0 33011
p 0 114 33011
x 0 33012
p 0 209 33012
x 0 33013
p 0 283 33013
x 0 33014
p 0 280 33014
x 0 33015
p 0 209 33015
x 0 33016
p 0 209 33016
x 0 33017
p 0 212 33017
x 0 33018
p 0 212 33018
x 0 33019
p 0 210 33019
x 0 33020
p 0 126 33020
x 0 33021
p 0 273 33021
x 0 33022
p 0 210 33022
x 0 33023
p 0 210 33023
x 0 33024
p 0 207 33024
x 0 33025
p 0 270 33025
x 0 33026
p 0 179 33026
x 0 33027
p 0 206 33027
x 0 33028
p 0 212 33028
x 0 33029
p 0 209 33029
x 0 33030
p 0 179 33030
x 0 33031
p 0 217 33031
x 0 33032
p 0 209 33032
x 0 33033
p 0 209 33033
x 0 33034
p 0 207 33034
x 0 33035
p 0 221 33035
x 0 33036
p 0 216 33036
x 0 33037
p 0 241 33037
x 0 33038
p 0 148 33038
x 0 33039
p 0 207 33039
x 0 33040
p 0 122 33040
x 0 33041
p 0 110 33041
x 0 33042
p 0 210 33042
x 0 33043
p 0 251 33043
x 0 33044
p 0 206 33044
x 0 33045
p 0 136 33045
x 0 33046
p 0 100 33046
x 0 33047
p 0 212 33047
x 0 33048
p 0 213 33048
x 0 33049
p 0 282 33049
x 0 33050
p 0 266 33050
x 0 33051
p 0 157 33051
x 0 33052
p 0 215 33052
x 0 33053
p 0 221 33053
x 0 33054
p 0 225 33054
x 0 33055
p 0 220 33055
x 0 33056
p 0 218 33056
x 0 33057
p 0 251 33057
x 0 33058
p 0 211 33058
x 0 33059
p 0 215 33059
x 0 33060
p 0 222 33060
x 0 33061
p 0 220 33061
x 0 33062
p 0 226 33062
x 0 33063
p 0 213 33063
x 0 33064
p 0 272 33064
x 0 33000
x 1 33001
x 2 33002
x 3 33003
x 4 33004
h 0 10.0.0.4
p 0 453302 33000
x 5 33005
h 5 10.0.0.4
p 5 1062 33005
x 0 33006
p 0 265 33006
h 1 10.0.0.4
p 1 1023945 33001
h 2 10.0.0.4
p 2 991599 33002
h 3 10.0.0.4
p 3 902827 33003
h 4 10.0.0.4
p 4 813600 33004
x 0 33007
p 0 227 33007
x 0 33008
p 0 220 33008
x 0 33009
p 0 212 33009
x 0 33010
p 0 253 33010
x 0 33011
p 0 221 33011
x 0 33012
p 0 274 33012
x 0 33013
p 0 210 33013
x 0 33014
p 0 216 33014
x 0 33015
p 0 209 33015
x 0 33016
p 0 213 33016
x 0 33017
p 0 216 33017
x 0 33018
p 0 210 33018
x 0 33019
p 0 210 33019
x 0 33020
p 0 211 33020
x 0 33021
p 0 210 33021
x 0 33022
p 0 214 33022
x 0 33023
p 0 210 33023
x 0 33024
p 0 207 33024
x 0 33025
p 0 215 33025
x 0 33026
p 0 207 33026
x 0 33027
p 0 191 33027
x 0 33028
p 0 207 33028
x 0 33029
p 0 205 33029
x 0 33030
p 0 162 33030
x 0 33031
p 0 211 33031
x 0 33032
p 0 211 33032
x 0 33033
p 0 209 33033
x 0 33034
p 0 209 33034
x 0 33035
p 0 219 33035
x 0 33036
p 0 209 33036
x 0 33037
p 0 216 33037
x 0 33038
p 0 212 33038
x 0 33039
p 0 211 33039
x 0 33040
p 0 212 33040
x 0 33041
p 0 213 33041
x 0 33042
p 0 214 33042
x 0 33043
p 0 213 33043
x 0 33044
p 0 212 33044
x 0 33045
p 0 211 33045
x 0 33046
p 0 212 33046
x 0 33047
p 0 212 33047
x 0 33048
p 0 209 33048
x 0 33049
p 0 227 33049
x 0 33050
p 0 214 33050
x 0 33051
p 0 208 33051
x 0 33052
p 0 213 33052
x 0 33053
p 0 207 33053
x 0 33054
p 0 207 33054
x 0 33055
p 0 217 33055
x 0 33056
p 0 209 33056
x 0 33057
p 0 215 33057
x 0 33058
p 0 242 33058
x 0 33059
p 0 210 33059
x 0 33060
p 0 217 33060
x 0 33061
p 0 210 33061
x 0 33062
p 0 214 33062
x 0 33063
p 0 211 33063
x 0 33064
p 0 210 33064
x 0 33000
x 1 33001
x 2 33002
x 3 33003
h 0 10.0.0.4
p 0 333563 33000
x 4 33004
h 4 10.0.0.4
p 4 689 33004
x 0 33005
p 0 193 33005
h 1 10.0.0.4
p 1 1002862 33001
h 2 10.0.0.4
p 2 1026107 33002
h 3 10.0.0.4
p 3 1026070 33003
x 0 33006
p 0 213 33006
x 0 33007
p 0 212 33007
x 0 33008
p 0 223 33008
x 0 33009
p 0 212 33009
x 0 33010
p 0 215 33010
x 0 33011
p 0 312 33011
x 0 33012
p 0 216 33012
x 0 33013
p 0 215 33013
x 0 33014
p 0 215 33014
x 0 33015
p 0 211 33015
x 0 33016
p 0 219 33016
x 0 33017
p 0 210 33017
x 0 33018
p 0 213 33018
x 0 33019
p 0 217 33019
x 0 33020
p 0 214 33020
x 0 33021
p 0 207 33021
x 0 33022
p 0 211 33022
x 0 33023
p 0 212 33023
x 0 33024
p 0 216 33024
x 0 33025
p 0 209 33025
x 0 33026
p 0 209 33026
x 0 33027
p 0 211 33027
x 0 33028
p 0 241 33028
x 0 33029
p 0 214 33029
x 0 33030
p 0 210 33030
x 0 33031
p 0 213 33031
x 0 33032
p 0 208 33032
x 0 33033
p 0 210 33033
x 0 33034
p 0 211 33034
x 0 33035
p 0 213 33035
x 0 33036
p 0 215 33036
x 0 33037
p 0 212 33037
x 0 33038
p 0 215 33038
x 0 33039
p 0 214 33039
x 0 33040
p 0 207 33040
x 0 33041
p 0 213 33041
x 0 33042
p 0 207 33042
x 0 33043
p 0 243 33043
x 0 33044
p 0 210 33044
x 0 33045
p 0 180 33045
x 0 33046
p 0 183 33046
x 0 33047
p 0 210 33047
x 0 33048
p 0 212 33048
x 0 33049
p 0 215 33049
x 0 33050
p 0 210 33050
x 0 33051
p 0 210 33051
x 0 33052
p 0 205 33052
x 0 33053
p 0 210 33053
x 0 33054
p 0 211 33054
x 0 33055
p 0 208 33055
x 0 33056
p 0 206 33056
x 0 33057
p 0 210 33057
x 0 33058
p 0 212 33058
x 0 33059
p 0 210 33059
x 0 33060
p 0 211 33060
x 0 33061
p 0 212 33061
x 0 33062
p 0 208 33062
x 0 33063
p 0 207 33063
x 0 33000
x 1 33001
x 2 33002
x 3 33003
x 4 33004
x 5 33005
h 0 10.0.0.4
p 0 536533 33000
x 6 33006
h 6 10.0.0.4
p 6 1047 33006
x 0 33007
p 0 269 33007
h 1 10.0.0.4
p 1 1026476 33001
h 2 10.0.0.4
p 2 998534 33002
h 3 10.0.0.4
p 3 912307 33003
h 4 10.0.0.4
p 4 824848 33004
h 5 10.0.0.4
p 5 736442 33005
x 0 33008
p 0 214 33008
x 0 33009
p 0 213 33009
x 0 33010
p 0 220 33010
x 0 33011
p 0 214 33011
x 0 33012
p 0 258 33012
x 0 33013
p 0 216 33013
x 0 33014
p 0 219 33014
x 0 33015
p 0 215 33015
x 0 33016
p 0 219 33016
x 0 33017
p 0 218 33017
x 0 33018
p 0 216 33018
x 0 33019
p 0 219 33019
x 0 33020
p 0 220 33020
x 0 33021
p 0 1081 33021
x 0 33022
p 0 407 33022
x 0 33023
p 0 379 33023
x 0 33024
p 0 420 33024
x 0 33025
p 0 414 33025
x 0 33026
p 0 418 33026
x 0 33027
p 0 420 33027
x 0 33028
p 0 488 33028
x 0 33029
p 0 396 33029
x 0 33030
p 0 416 33030
x 0 33031
p 0 418 33031
x 0 33032
p 0 421 33032
x 0 33033
p 0 423 33033
x 0 33034
p 0 422 33034
x 0 33035
p 0 492 33035
x 0 33036
p 0 420 33036
x 0 33037
p 0 406 33037
x 0 33038
p 0 417 33038
x 0 33039
p 0 427 33039
x 0 33040
p 0 426 33040
x 0 33041
p 0 402 33041
x 0 33042
p 0 432 33042
x 0 33043
p 0 214 33043
x 0 33044
p 0 216 33044
x 0 33045
p 0 219 33045
x 0 33046
p 0 217 33046
x 0 33047
p 0 215 33047
x 0 33048
p 0 220 33048
x 0 33049
p 0 290 33049
x 0 33050
p 0 216 33050
x 0 33051
p 0 218 33051
x 0 33052
p 0 218 33052
x 0 33053
p 0 242 33053
x 0 33054
p 0 217 33054
x 0 33055
p 0 218 33055
x 0 33056
p 0 213 33056
x 0 33057
p 0 191 33057
x 0 33058
p 0 225 33058
x 0 33059
p 0 218 33059
x 0 33060
p 0 392 33060
x 0 33061
p 0 218 33061
x 0 33062
p 0 218 33062
x 0 33063
p 0 215 33063
x 0 33064
p 0 219 33064
x 0 33065
p 0 217 33065
x 0 33000
x 1 33001
x 2 33002
x 3 33003
x 4 33004
x 5 33005
h 0 10.0.0.4
p 0 552358 33000
x 6 33006
h 6 10.0.0.4
p 6 1366 33006
x 0 33007
p 0 255 33007
h 1 10.0.0.4
p 1 1012481 33001
h 2 10.0.0.4
p 2 1007775 33002
h 3 10.0.0.4
p 3 941048 33003
h 4 10.0.0.4
p 4 858722 33004
h 5 10.0.0.4
p 5 774564 33005
x 0 33008
p 0 213 33008
x 0 33009
p 0 211 33009
x 0 33010
p 0 212 33010
x 0 33011
p 0 213 33011
x 0 33012
p 0 220 33012
x 0 33013
p 0 216 33013
x 0 33014
p 0 211 33014
x 0 33015
p 0 238 33015
x 0 33016
p 0 224 33016
x 0 33017
p 0 214 33017
x 0 33018
p 0 212 33018
x 0 33019
p 0 215 33019
x 0 33020
p 0 218 33020
x 0 33021
p 0 218 33021
x 0 33022
p 0 212 33022
x 0 33023
p 0 219 33023
x 0 33024
p 0 224 33024
x 0 33025
p 0 239 33025
x 0 33026
p 0 216 33026
x 0 33027
p 0 217 33027
x 0 33028
p 0 213 33028
x 0 33029
p 0 211 33029
x 0 33030
p 0 213 33030
x 0 33031
p 0 215 33031
x 0 33032
p 0 211 33032
x 0 33033
p 0 212 33033
x 0 33034
p 0 210 33034
x 0 33035
p 0 213 33035
x 0 33036
p 0 216 33036
x 0 33037
p 0 209 33037
x 0 33038
p 0 215 33038
x 0 33039
p 0 253 33039
x 0 33040
p 0 211 33040
x 0 33041
p 0 214 33041
x 0 33042
p 0 210 33042
x 0 33043
p 0 210 33043
x 0 33044
p 0 210 33044
x 0 33045
p 0 215 33045
x 0 33046
p 0 219 33046
x 0 33047
p 0 209 33047
x 0 33048
p 0 211 33048
x 0 33049
p 0 209 33049
x 0 33050
p 0 215 33050
x 0 33051
p 0 215 33051
x 0 33052
p 0 215 33052
x 0 33053
p 0 210 33053
x 0 33054
p 0 211 33054
x 0 33055
p 0 215 33055
x 0 33056
p 0 217 33056
x 0 33057
p 0 252 33057
x 0 33058
p 0 213 33058
x 0 33059
p 0 213 33059
x 0 33060
p 0 213 33060
x 0 33061
p 0 222 33061
x 0 33062
p 0 266 33062
x 0 33063
p 0 210 33063
x 0 33064
p 0 253 33064
x 0 33065
p 0 216 33065
x 0 33000
x 1 33001
x 2 33002
x 3 33003
x 4 33004
x 5 33005
h 5 10.0.0.4
p 5 1839 33005
h 0 10.0.0.4
p 0 508322 33000
x 6 33006
h 6 10.0.0.4
p 6 226 33006
x 0 33007
p 0 241 33007
h 1 10.0.0.4
p 1 1004104 33001
h 2 10.0.0.4
p 2 1032326 33002
h 3 10.0.0.4
p 3 981606 33003
h 4 10.0.0.4
p 4 899326 33004
x 0 33008
p 0 220 33008
x 0 33009
p 0 244 33009
x 0 33010
p 0 217 33010
x 0 33011
p 0 251 33011
x 0 33012
p 0 226 33012
x 0 33013
p 0 273 33013
x 0 33014
p 0 214 33014
x 0 33015
p 0 211 33015
x 0 33016
p 0 213 33016
x 0 33017
p 0 214 33017
x 0 33018
p 0 213 33018
x 0 33019
p 0 212 33019
x 0 33020
p 0 252 33020
x 0 33021
p 0 241 33021
x 0 33022
p 0 212 33022
x 0 33023
p 0 235 33023
x 0 33024
p 0 224 33024
x 0 33025
p 0 211 33025
x 0 33026
p 0 207 33026
x 0 33027
p 0 250 33027
x 0 33028
p 0 243 33028
x 0 33029
p 0 209 33029
x 0 33030
p 0 207 33030
x 0 33031
p 0 207 33031
x 0 33032
p 0 209 33032
x 0 33033
p 0 202 33033
x 0 33034
p 0 259 33034
x 0 33035
p 0 210 33035
x 0 33036
p 0 209 33036
x 0 33037
p 0 213 33037
x 0 33038
p 0 212 33038
x 0 33039
p 0 210 33039
x 0 33040
p 0 208 33040
x 0 33041
p 0 251 33041
x 0 33042
p 0 209 33042
x 0 33043
p 0 211 33043
x 0 33044
p 0 209 33044
x 0 33045
p 0 209 33045
x 0 33046
p 0 213 33046
x 0 33047
p 0 209 33047
x 0 33048
p 0 251 33048
x 0 33049
p 0 255 33049
x 0 33050
p 0 213 33050
x 0 33051
p 0 208 33051
x 0 33052
p 0 214 33052
x 0 33053
p 0 213 33053
x 0 33054
p 0 210 33054
x 0 33055
p 0 269 33055
x 0 33056
p 0 208 33056
x 0 33057
p 0 208 33057
x 0 33058
p 0 210 33058
x 0 33059
p 0 209 33059
x 0 33060
p 0 213 33060
x 0 33061
p 0 208 33061
x 0 33062
p 0 252 33062
x 0 33063
p 0 213 33063
x 0 33064
p 0 220 33064
x 0 33065
p 0 212 33065
x 0 33000
x 1 33001
x 2 33002
x 3 33003
x 4 33004
h 0 10.0.0.4
p 0 426629 33000
x 5 33005
h 5 10.0.0.4
p 5 676 33005
x 0 33006
p 0 236 33006
h 1 10.0.0.4
p 1 1032560 33001
h 2 10.0.0.4
p 2 985283 33002
h 3 10.0.0.4
p 3 904930 33003
h 4 10.0.0.4
p 4 1019638 33004
x 0 33007
p 0 213 33007
x 0 33008
p 0 220 33008
x 0 33009
p 0 212 33009
x 0 33010
p 0 217 33010
x 0 33011
p 0 238 33011
x 0 33012
p 0 218 33012
x 0 33013
p 0 214 33013
x 0 33014
p 0 218 33014
x 0 33015
p 0 218 33015
x 0 33016
p 0 214 33016
x 0 33017
p 0 215 33017
x 0 33018
p 0 227 33018
x 0 33019
p 0 220 33019
x 0 33020
p 0 219 33020
x 0 33021
p 0 212 33021
x 0 33022
p 0 214 33022
x 0 33023
p 0 244 33023
x 0 33024
p 0 212 33024
x 0 33025
p 0 211 33025
x 0 33026
p 0 207 33026
x 0 33027
p 0 213 33027
x 0 33028
p 0 213 33028
x 0 33029
p 0 213 33029
x 0 33030
p 0 259 33030
x 0 33031
p 0 216 33031
x 0 33032
p 0 251 33032
x 0 33033
p 0 217 33033
x 0 33034
p 0 214 33034
x 0 33035
p 0 212 33035
x 0 33036
p 0 257 33036
x 0 33037
p 0 213 33037
x 0 33038
p 0 212 33038
x 0 33039
p 0 213 33039
x 0 33040
p 0 210 33040
x 0 33041
p 0 213 33041
x 0 33042
p 0 210 33042
x 0 33043
p 0 270 33043
x 0 33044
p 0 218 33044
x 0 33045
p 0 211 33045
x 0 33046
p 0 216 33046
x 0 33047
p 0 215 33047
x 0 33048
p 0 213 33048
x 0 33049
p 0 215 33049
x 0 33050
p 0 212 33050
x 0 33051
p 0 226 33051
x 0 33052
p 0 312 33052
x 0 33053
p 0 270 33053
x 0 33054
p 0 271 33054
x 0 33055
p 0 282 33055
x 0 33056
p 0 276 33056
x 0 33057
p 0 270 33057
x 0 33058
p 0 214 33058
x 0 33059
p 0 230 33059
x 0 33060
p 0 283 33060
x 0 33061
p 0 213 33061
x 0 33062
p 0 271 33062
x 0 33063
p 0 236 33063
x 0 33064
p 0 235 33064
x 0 33000
x 1 33001
x 2 33002
x 3 33003
x 4 33004
x 5 33005
x 6 33006
h 0 10.0.0.4
p 0 602681 33000
h 6 10.0.0.4
p 6 1037 33006
x 7 33007
h 7 10.0.0.4
p 7 197 33007
x 0 33008
p 0 230 33008
h 1 10.0.0.4
p 1 1019624 33001
h 2 10.0.0.4
p 2 1015380 33002
h 3 10.0.0.4
p 3 964948 33003
h 4 10.0.0.4
p 4 879752 33004
h 5 10.0.0.4
p 5 793322 33005
x 0 33009
p 0 236 33009
x 0 33010
p 0 227 33010
x 0 33011
p 0 229 33011
x 0 33012
p 0 231 33012
x 0 33013
p 0 228 33013
x 0 33014
p 0 215 33014
x 0 33015
p 0 210 33015
x 0 33016
p 0 208 33016
x 0 33017
p 0 223 33017
x 0 33018
p 0 209 33018
x 0 33019
p 0 260 33019
x 0 33020
p 0 226 33020
x 0 33021
p 0 236 33021
x 0 33022
p 0 210 33022
x 0 33023
p 0 211 33023
x 0 33024
p 0 210 33024
x 0 33025
p 0 205 33025
x 0 33026
p 0 272 33026
x 0 33027
p 0 213 33027
x 0 33028
p 0 237 33028
x 0 33029
p 0 206 33029
x 0 33030
p 0 212 33030
x 0 33031
p 0 207 33031
x 0 33032
p 0 207 33032
x 0 33033
p 0 207 33033
x 0 33034
p 0 212 33034
x 0 33035
p 0 243 33035
x 0 33036
p 0 209 33036
x 0 33037
p 0 210 33037
x 0 33038
p 0 208 33038
x 0 33039
p 0 208 33039
x 0 33040
p 0 249 33040
x 0 33041
p 0 261 33041
x 0 33042
p 0 243 33042
x 0 33043
p 0 207 33043
x 0 33044
p 0 208 33044
x 0 33045
p 0 360 33045
x 0 33046
p 0 209 33046
x 0 33047
p 0 274 33047
x 0 33048
p 0 210 33048
x 0 33049
p 0 241 33049
x 0 33050
p 0 209 33050
x 0 33051
p 0 214 33051
x 0 33052
p 0 213 33052
x 0 33053
p 0 208 33053
x 0 33054
p 0 250 33054
x 0 33055
p 0 215 33055
x 0 33056
p 0 238 33056
x 0 33057
p 0 211 33057
x 0 33058
p 0 214 33058
x 0 33059
p 0 213 33059
x 0 33060
p 0 221 33060
x 0 33061
p 0 260 33061
x 0 33062
p 0 210 33062
x 0 33063
p 0 242 33063
x 0 33064
p 0 214 33064
x 0 33065
p 0 212 33065
x 0 33066
p 0 208 33066
x 0 33000
x 1 33001
x 2 33002
x 3 33003
x 4 33004
x 5 33005
x 6 33006
x 7 33007
x 8 33008
h 0 10.0.0.4
p 0 895620 33000
x 9 33009
h 9 10.0.0.4
p 9 1069 33009
x 0 33010
p 0 87 33010
h 1 10.0.0.4
p 1 1005132 33001
h 2 10.0.0.4
p 2 1005143 33002
h 3 10.0.0.4
p 3 964595 33003
h 4 10.0.0.4
p 4 873332 33004
h 5 10.0.0.4
p 5 781625 33005
h 6 10.0.0.4
p 6 688913 33006
h 7 10.0.0.4
p 7 594234 33007
h 8 10.0.0.4
p 8 498828 33008
x 0 33011
p 0 211 33011
x 0 33012
p 0 213 33012
x 0 33013
p 0 214 33013
x 0 33014
p 0 193 33014
x 0 33015
p 0 250 33015
x 0 33016
p 0 211 33016
x 0 33017
p 0 209 33017
x 0 33018
p 0 213 33018
x 0 33019
p 0 207 33019
x 0 33020
p 0 215 33020
x 0 33021
p 0 285 33021
x 0 33022
p 0 243 33022
x 0 33023
p 0 212 33023
x 0 33024
p 0 214 33024
x 0 33025
p 0 208 33025
x 0 33026
p 0 210 33026
x 0 33027
p 0 221 33027
x 0 33028
p 0 212 33028
x 0 33029
p 0 209 33029
x 0 33030
p 0 216 33030
x 0 33031
p 0 211 33031
x 0 33032
p 0 207 33032
x 0 33033
p 0 208 33033
x 0 33034
p 0 208 33034
x 0 33035
p 0 209 33035
x 0 33036
p 0 211 33036
x 0 33037
p 0 208 33037
x 0 33038
p 0 212 33038
x 0 33039
p 0 210 33039
x 0 33040
p 0 211 33040
x 0 33041
p 0 210 33041
x 0 33042
p 0 212 33042
x 0 33043
p 0 210 33043
x 0 33044
p 0 209 33044
x 0 33045
p 0 212 33045
x 0 33046
p 0 213 33046
x 0 33047
p 0 209 33047
x 0 33048
p 0 209 33048
x 0 33049
p 0 214 33049
x 0 33050
p 0 229 33050
x 0 33051
p 0 214 33051
x 0 33052
p 0 211 33052
x 0 33053
p 0 208 33053
x 0 33054
p 0 212 33054
x 0 33055
p 0 210 33055
x 0 33056
p 0 209 33056
x 0 33057
p 0 210 33057
x 0 33058
p 0 208 33058
x 0 33059
p 0 207 33059
x 0 33060
p 0 215 33060
x 0 33061
p 0 247 33061
x 0 33062
p 0 210 33062
x 0 33063
p 0 210 33063
x 0 33064
p 0 211 33064
x 0 33065
p 0 210 33065
x 0 33066
p 0 213 33066
x 0 33067
p 0 217 33067
x 0 33068
p 0 246 33068
x 0 33000
x 1 33001
x 2 33002
x 3 33003
x 4 33004
h 0 10.0.0.4
p 0 500123 33000
x 5 33005
h 5 10.0.0.4
p 5 835 33005
x 0 33006
p 0 213 33006
h 1 10.0.0.4
p 1 1001122 33001
h 2 10.0.0.4
p 2 975755 33002
h 3 10.0.0.4
p 3 886188 33003
h 4 10.0.0.4
p 4 795220 33004
x 0 33007
p 0 209 33007
x 0 33008
p 0 215 33008
x 0 33009
p 0 215 33009
x 0 33010
p 0 216 33010
x 0 33011
p 0 216 33011
x 0 33012
p 0 223 33012
x 0 33013
p 0 219 33013
x 0 33014
p 0 221 33014
x 0 33015
p 0 217 33015
x 0 33016
p 0 214 33016
x 0 33017
p 0 247 33017
x 0 33018
p 0 219 33018
x 0 33019
p 0 219 33019
x 0 33020
p 0 215 33020
x 0 33021
p 0 222 33021
x 0 33022
p 0 213 33022
x 0 33023
p 0 213 33023
x 0 33024
p 0 236 33024
x 0 33025
p 0 220 33025
x 0 33026
p 0 218 33026
x 0 33027
p 0 220 33027
x 0 33028
p 0 215 33028
x 0 33029
p 0 261 33029
x 0 33030
p 0 218 33030
x 0 33031
p 0 252 33031
x 0 33032
p 0 217 33032
x 0 33033
p 0 220 33033
x 0 33034
p 0 232 33034
x 0 33035
p 0 231 33035
x 0 33036
p 0 221 33036
x 0 33037
p 0 215 33037
x 0 33038
p 0 223 33038
x 0 33039
p 0 255 33039
x 0 33040
p 0 213 33040
x 0 33041
p 0 218 33041
x 0 33042
p 0 216 33042
x 0 33043
p 0 221 33043
x 0 33044
p 0 221 33044
x 0 33045
p 0 217 33045
x 0 33046
p 0 259 33046
x 0 33047
p 0 217 33047
x 0 33048
p 0 217 33048
x 0 33049
p 0 221 33049
x 0 33050
p 0 221 33050
x 0 33051
p 0 221 33051
x 0 33052
p 0 217 33052
x 0 33053
p 0 261 33053
x 0 33054
p 0 218 33054
x 0 33055
p 0 216 33055
x 0 33056
p 0 216 33056
x 0 33057
p 0 213 33057
x 0 33058
p 0 213 33058
x 0 33059
p 0 217 33059
x 0 33060
p 0 251 33060
x 0 33061
p 0 216 33061
x 0 33062
p 0 213 33062
x 0 33063
p 0 235 33063
x 0 33064
p 0 218 33064
x 0 33000
x 1 33001
x 2 33002
x 3 33003
x 4 33004
x 5 33005
h 5 10.0.0.4
p 5 1042 33005
h 0 10.0.0.4
p 0 502732 33000
x 6 33006
h 6 10.0.0.4
p 6 289 33006
x 0 33007
p 0 240 33007
h 1 10.0.0.4
p 1 1021976 33001
h 2 10.0.0.4
p 2 984534 33002
h 3 10.0.0.4
p 3 899311 33003
h 4 10.0.0.4
p 4 810300 33004
x 0 33008
p 0 269 33008
x 0 33009
p 0 211 33009
x 0 33010
p 0 214 33010
x 0 33011
p 0 216 33011
x 0 33012
p 0 235 33012
x 0 33013
p 0 218 33013
x 0 33014
p 0 216 33014
x 0 33015
p 0 211 33015
x 0 33016
p 0 215 33016
x 0 33017
p 0 218 33017
x 0 33018
p 0 212 33018
x 0 33019
p 0 211 33019
x 0 33020
p 0 213 33020
x 0 33021
p 0 211 33021
x 0 33022
p 0 219 33022
x 0 33023
p 0 210 33023
x 0 33024
p 0 217 33024
x 0 33025
p 0 207 33025
x 0 33026
p 0 211 33026
x 0 33027
p 0 217 33027
x 0 33028
p 0 218 33028
x 0 33029
p 0 215 33029
x 0 33030
p 0 217 33030
x 0 33031
p 0 217 33031
x 0 33032
p 0 224 33032
x 0 33033
p 0 218 33033
x 0 33034
p 0 220 33034
x 0 33035
p 0 216 33035
x 0 33036
p 0 215 33036
x 0 33037
p 0 219 33037
x 0 33038
p 0 216 33038
x 0 33039
p 0 248 33039
x 0 33040
p 0 209 33040
x 0 33041
p 0 215 33041
x 0 33042
p 0 216 33042
x 0 33043
p 0 221 33043
x 0 33044
p 0 210 33044
x 0 33045
p 0 211 33045
x 0 33046
p 0 253 33046
x 0 33047
p 0 222 33047
x 0 33048
p 0 212 33048
x 0 33049
p 0 212 33049
x 0 33050
p 0 213 33050
x 0 33051
p 0 211 33051
x 0 33052
p 0 223 33052
x 0 33053
p 0 279 33053
x 0 33054
p 0 213 33054
x 0 33055
p 0 213 33055
x 0 33056
p 0 213 33056
x 0 33057
p 0 222 33057
x 0 33058
p 0 211 33058
x 0 33059
p 0 210 33059
x 0 33060
p 0 249 33060
x 0 33061
p 0 250 33061
x 0 33062
p 0 218 33062
x 0 33063
p 0 212 33063
x 0 33064
p 0 215 33064
x 0 33065
p 0 213 33065
x 0 33000
x 1 33001
x 2 33002
x 3 33003
x 4 33004
x 5 33005
x 6 33006
x 7 33007
h 0 10.0.0.4
p 0 733445 33000
x 8 33008
h 8 10.0.0.4
p 8 1103 33008
x 0 33009
p 0 221 33009
h 1 10.0.0.4
p 1 1022931 33001
h 2 10.0.0.4
p 2 1018063 33002
h 3 10.0.0.4
p 3 941654 33003
h 4 10.0.0.4
p 4 855136 33004
h 5 10.0.0.4
p 5 765581 33005
h 6 10.0.0.4
p 6 675297 33006
h 7 10.0.0.4
p 7 1028781 33007
x 0 33010
p 0 238 33010
x 0 33011
p 0 224 33011
x 0 33012
p 0 156 33012
x 0 33013
p 0 229 33013
x 0 33014
p 0 96 33014
x 0 33015
p 0 249 33015
x 0 33016
p 0 231 33016
x 0 33017
p 0 223 33017
x 0 33018
p 0 222 33018
x 0 33019
p 0 224 33019
x 0 33020
p 0 223 33020
x 0 33021
p 0 261 33021
x 0 33022
p 0 231 33022
x 0 33023
p 0 232 33023
x 0 33024
p 0 230 33024
x 0 33025
p 0 263 33025
x 0 33026
p 0 225 33026
x 0 33027
p 0 218 33027
x 0 33028
p 0 222 33028
x 0 33029
p 0 221 33029
x 0 33030
p 0 219 33030
x 0 33031
p 0 402 33031
x 0 33032
p 0 309 33032
x 0 33033
p 0 230 33033
x 0 33034
p 0 224 33034
x 0 33035
p 0 221 33035
x 0 33036
p 0 224 33036
x 0 33037
p 0 225 33037
x 0 33038
p 0 220 33038
x 0 33039
p 0 301 33039
x 0 33040
p 0 221 33040
x 0 33041
p 0 226 33041
x 0 33042
p 0 226 33042
x 0 33043
p 0 223 33043
x 0 33044
p 0 225 33044
x 0 33045
p 0 221 33045
x 0 33046
p 0 281 33046
x 0 33047
p 0 223 33047
x 0 33048
p 0 221 33048
x 0 33049
p 0 220 33049
x 0 33050
p 0 222 33050
x 0 33051
p 0 224 33051
x 0 33052
p 0 224 33052
x 0 33053
p 0 311 33053
x 0 33054
p 0 228 33054
x 0 33055
p 0 223 33055
x 0 33056
p 0 228 33056
x 0 33057
p 0 226 33057
x 0 33058
p 0 221 33058
x 0 33059
p 0 229 33059
x 0 33060
p 0 223 33060
x 0 33061
p 0 230 33061
x 0 33062
p 0 229 33062
x 0 33063
p 0 228 33063
x 0 33064
p 0 225 33064
x 0 33065
p 0 224 33065
x 0 33066
p 0 222 33066
x 0 33067
p 0 224 33067
x 0 33000
x 1 33001
x 2 33002
x 3 33003
x 4 33004
h 0 10.0.0.4
p 0 487568 33000
x 5 33005
h 5 10.0.0.4
p 5 1008 33005
x 0 33006
p 0 220 33006
h 1 10.0.0.4
p 1 1001343 33001
h 2 10.0.0.4
p 2 1029201 33002
h 3 10.0.0.4
p 3 942141 33003
h 4 10.0.0.4
p 4 850859 33004
x 0 33007
p 0 217 33007
x 0 33008
p 0 217 33008
x 0 33009
p 0 211 33009
x 0 33010
p 0 214 33010
x 0 33011
p 0 248 33011
x 0 33012
p 0 229 33012
x 0 33013
p 0 236 33013
x 0 33014
p 0 225 33014
x 0 33015
p 0 230 33015
x 0 33016
p 0 258 33016
x 0 33017
p 0 214 33017
x 0 33018
p 0 246 33018
x 0 33019
p 0 211 33019
x 0 33020
p 0 215 33020
x 0 33021
p 0 210 33021
x 0 33022
p 0 272 33022
x 0 33023
p 0 214 33023
x 0 33024
p 0 209 33024
x 0 33025
p 0 119 33025
x 0 33026
p 0 215 33026
x 0 33027
p 0 209 33027
x 0 33028
p 0 216 33028
x 0 33029
p 0 229 33029
x 0 33030
p 0 214 33030
x 0 33031
p 0 213 33031
x 0 33032
p 0 213 33032
x 0 33033
p 0 210 33033
x 0 33034
p 0 210 33034
x 0 33035
p 0 208 33035
x 0 33036
p 0 233 33036
x 0 33037
p 0 209 33037
x 0 33038
p 0 215 33038
x 0 33039
p 0 213 33039
x 0 33040
p 0 215 33040
x 0 33041
p 0 215 33041
x 0 33042
p 0 211 33042
x 0 33043
p 0 276 33043
x 0 33044
p 0 208 33044
x 0 33045
p 0 215 33045
x 0 33046
p 0 212 33046
x 0 33047
p 0 210 33047
x 0 33048
p 0 169 33048
x 0 33049
p 0 210 33049
x 0 33050
p 0 302 33050
x 0 33051
p 0 219 33051
x 0 33052
p 0 209 33052
x 0 33053
p 0 214 33053
x 0 33054
p 0 211 33054
x 0 33055
p 0 213 33055
x 0 33056
p 0 210 33056
x 0 33057
p 0 212 33057
x 0 33058
p 0 280 33058
x 0 33059
p 0 208 33059
x 0 33060
p 0 215 33060
x 0 33061
p 0 212 33061
x 0 33062
p 0 214 33062
x 0 33063
p 0 215 33063
x 0 33064
p 0 213 33064
x 0 33000
x 1 33001
x 2 33002
x 3 33003
h 0 10.0.0.4
p 0 376135 33000
x 4 33004
h 4 10.0.0.4
p 4 1000 33004
x 0 33005
p 0 225 33005
h 1 10.0.0.4
p 1 1030008 33001
h 2 10.0.0.4
p 2 1025259 33002
h 3 10.0.0.4
p 3 964650 33003
x 0 33006
p 0 220 33006
x 0 33007
p 0 220 33007
x 0 33008
p 0 220 33008
x 0 33009
p 0 217 33009
x 0 33010
p 0 245 33010
x 0 33011
p 0 212 33011
x 0 33012
p 0 211 33012
x 0 33013
p 0 211 33013
x 0 33014
p 0 211 33014
x 0 33015
p 0 212 33015
x 0 33016
p 0 212 33016
x 0 33017
p 0 213 33017
x 0 33018
p 0 212 33018
x 0 33019
p 0 209 33019
x 0 33020
p 0 211 33020
x 0 33021
p 0 240 33021
x 0 33022
p 0 214 33022
x 0 33023
p 0 212 33023
x 0 33024
p 0 211 33024
x 0 33025
p 0 210 33025
x 0 33026
p 0 215 33026
x 0 33027
p 0 212 33027
x 0 33028
p 0 212 33028
x 0 33029
p 0 243 33029
x 0 33030
p 0 210 33030
x 0 33031
p 0 208 33031
x 0 33032
p 0 216 33032
x 0 33033
p 0 246 33033
x 0 33034
p 0 212 33034
x 0 33035
p 0 211 33035
x 0 33036
p 0 213 33036
x 0 33037
p 0 216 33037
x 0 33038
p 0 189 33038
x 0 33039
p 0 215 33039
x 0 33040
p 0 214 33040
x 0 33041
p 0 251 33041
x 0 33042
p 0 216 33042
x 0 33043
p 0 217 33043
x 0 33044
p 0 220 33044
x 0 33045
p 0 246 33045
x 0 33046
p 0 216 33046
x 0 33047
p 0 218 33047
x 0 33048
p 0 217 33048
x 0 33049
p 0 246 33049
x 0 33050
p 0 210 33050
x 0 33051
p 0 199 33051
x 0 33052
p 0 212 33052
x 0 33053
p 0 245 33053
x 0 33054
p 0 212 33054
x 0 33055
p 0 213 33055
x 0 33056
p 0 213 33056
x 0 33057
p 0 243 33057
x 0 33058
p 0 212 33058
x 0 33059
p 0 215 33059
x 0 33060
p 0 212 33060
x 0 33061
p 0 210 33061
x 0 33062
p 0 211 33062
x 0 33063
p 0 213 33063
x 0 33000
x 1 33001
x 2 33002
x 3 33003
h 0 10.0.0.4
p 0 396897 33000
x 4 33004
h 4 10.0.0.4
p 4 508 33004
x 0 33005
p 0 216 33005
h 1 10.0.0.4
p 1 1035563 33001
h 2 10.0.0.4
p 2 1012998 33002
h 3 10.0.0.4
p 3 924223 33003
x 0 33006
p 0 215 33006
x 0 33007
p 0 248 33007
x 0 33008
p 0 254 33008
x 0 33009
p 0 183 33009
x 0 33010
p 0 215 33010
x 0 33011
p 0 271 33011
x 0 33012
p 0 215 33012
x 0 33013
p 0 192 33013
x 0 33014
p 0 185 33014
x 0 33015
p 0 211 33015
x 0 33016
p 0 178 33016
x 0 33017
p 0 182 33017
x 0 33018
p 0 180 33018
x 0 33019
p 0 177 33019
x 0 33020
p 0 180 33020
x 0 33021
p 0 176 33021
x 0 33022
p 0 204 33022
x 0 33023
p 0 177 33023
x 0 33024
p 0 170 33024
x 0 33025
p 0 167 33025
x 0 33026
p 0 167 33026
x 0 33027
p 0 173 33027
x 0 33028
p 0 179 33028
x 0 33029
p 0 177 33029
x 0 33030
p 0 174 33030
x 0 33031
p 0 174 33031
x 0 33032
p 0 171 33032
x 0 33033
p 0 171 33033
x 0 33034
p 0 177 33034
x 0 33035
p 0 173 33035
x 0 33036
p 0 172 33036
x 0 33037
p 0 172 33037
x 0 33038
p 0 176 33038
x 0 33039
p 0 182 33039
x 0 33040
p 0 132 33040
x 0 33041
p 0 212 33041
x 0 33042
p 0 215 33042
x 0 33043
p 0 223 33043
x 0 33044
p 0 224 33044
x 0 33045
p 0 223 33045
x 0 33046
p 0 243 33046
x 0 33047
p 0 215 33047
x 0 33048
p 0 220 33048
x 0 33049
p 0 227 33049
x 0 33050
p 0 330 33050
x 0 33051
p 0 217 33051
x 0 33052
p 0 220 33052
x 0 33053
p 0 284 33053
x 0 33054
p 0 201 33054
x 0 33055
p 0 219 33055
x 0 33056
p 0 214 33056
x 0 33057
p 0 215 33057
x 0 33058
p 0 221 33058
x 0 33059
p 0 181 33059
x 0 33060
p 0 175 33060
x 0 33061
p 0 174 33061
x 0 33062
p 0 173 33062
x 0 33063
p 0 244 33063
x 0 33000
x 1 33001
x 2 33002
x 3 33003
x 4 33004
x 5 33005
x 6 33006
x 7 33007
x 8 33008
x 9 33009
h 0 10.0.0.4
p 0 919969 33000
x 10 33010
h 10 10.0.0.4
p 10 1234 33010
x 0 33011
p 0 123 33011
h 1 10.0.0.4
p 1 1003555 33001
h 2 10.0.0.4
p 2 1029567 33002
h 3 10.0.0.4
p 3 939865 33003
h 4 10.0.0.4
p 4 852072 33004
h 5 10.0.0.4
p 5 760814 33005
h 6 10.0.0.4
p 6 668023 33006
h 7 10.0.0.4
p 7 574218 33007
h 8 10.0.0.4
p 8 479623 33008
h 9 10.0.0.4
p 9 1001335 33009
x 0 33012
p 0 216 33012
x 0 33013
p 0 215 33013
x 0 33014
p 0 255 33014
x 0 33015
p 0 234 33015
x 0 33016
p 0 255 33016
x 0 33017
p 0 218 33017
x 0 33018
p 0 212 33018
x 0 33019
p 0 220 33019
x 0 33020
p 0 218 33020
x 0 33021
p 0 207 33021
x 0 33022
p 0 206 33022
x 0 33023
p 0 210 33023
x 0 33024
p 0 212 33024
x 0 33025
p 0 205 33025
x 0 33026
p 0 286 33026
x 0 33027
p 0 213 33027
x 0 33028
p 0 210 33028
x 0 33029
p 0 206 33029
x 0 33030
p 0 211 33030
x 0 33031
p 0 210 33031
x 0 33032
p 0 210 33032
x 0 33033
p 0 208 33033
x 0 33034
p 0 210 33034
x 0 33035
p 0 206 33035
x 0 33036
p 0 211 33036
x 0 33037
p 0 209 33037
x 0 33038
p 0 208 33038
x 0 33039
p 0 211 33039
x 0 33040
p 0 205 33040
x 0 33041
p 0 210 33041
x 0 33042
p 0 211 33042
x 0 33043
p 0 206 33043
x 0 33044
p 0 208 33044
x 0 33045
p 0 212 33045
x 0 33046
p 0 222 33046
x 0 33047
p 0 212 33047
x 0 33048
p 0 211 33048
x 0 33049
p 0 208 33049
x 0 33050
p 0 210 33050
x 0 33051
p 0 218 33051
x 0 33052
p 0 207 33052
x 0 33053
p 0 207 33053
x 0 33054
p 0 208 33054
x 0 33055
p 0 216 33055
x 0 33056
p 0 225 33056
x 0 33057
p 0 217 33057
x 0 33058
p 0 209 33058
x 0 33059
p 0 268 33059
x 0 33060
p 0 240 33060
x 0 33061
p 0 213 33061
x 0 33062
p 0 209 33062
x 0 33063
p 0 209 33063
x 0 33064
p 0 209 33064
x 0 33065
p 0 209 33065
x 0 33066
p 0 226 33066
x 0 33067
p 0 218 33067
x 0 33068
p 0 207 33068
x 0 33069
p 0 214 33069
x 0 33000
x 1 33001
x 2 33002
x 3 33003
x 4 33004
x 5 33005
x 6 33006
x 7 33007
h 0 10.0.0.4
p 0 756204 33000
x 8 33008
h 8 10.0.0.4
p 8 1065 33008
x 0 33009
p 0 152 33009
h 1 10.0.0.4
p 1 1004601 33001
h 2 10.0.0.4
p 2 1035968 33002
h 3 10.0.0.4
p 3 956875 33003
h 4 10.0.0.4
p 4 865386 33004
h 5 10.0.0.4
p 5 773015 33005
h 6 10.0.0.4
p 6 678878 33006
h 7 10.0.0.4
p 7 584124 33007
x 0 33010
p 0 214 33010
x 0 33011
p 0 216 33011
x 0 33012
p 0 213 33012
x 0 33013
p 0 218 33013
x 0 33014
p 0 231 33014
x 0 33015
p 0 211 33015
x 0 33016
p 0 214 33016
x 0 33017
p 0 214 33017
x 0 33018
p 0 211 33018
x 0 33019
p 0 213 33019
x 0 33020
p 0 212 33020
x 0 33021
p 0 214 33021
x 0 33022
p 0 221 33022
x 0 33023
p 0 213 33023
x 0 33024
p 0 210 33024
x 0 33025
p 0 269 33025
x 0 33026
p 0 213 33026
x 0 33027
p 0 210 33027
x 0 33028
p 0 212 33028
x 0 33029
p 0 178 33029
x 0 33030
p 0 210 33030
x 0 33031
p 0 212 33031
x 0 33032
p 0 220 33032
x 0 33033
p 0 213 33033
x 0 33034
p 0 215 33034
x 0 33035
p 0 211 33035
x 0 33036
p 0 210 33036
x 0 33037
p 0 213 33037
x 0 33038
p 0 214 33038
x 0 33039
p 0 216 33039
x 0 33040
p 0 209 33040
x 0 33041
p 0 214 33041
x 0 33042
p 0 213 33042
x 0 33043
p 0 214 33043
x 0 33044
p 0 213 33044
x 0 33045
p 0 211 33045
x 0 33046
p 0 223 33046
x 0 33047
p 0 212 33047
x 0 33048
p 0 212 33048
x 0 33049
p 0 214 33049
x 0 33050
p 0 212 33050
x 0 33051
p 0 211 33051
x 0 33052
p 0 211 33052
x 0 33053
p 0 215 33053
x 0 33054
p 0 211 33054
x 0 33055
p 0 210 33055
x 0 33056
p 0 242 33056
x 0 33057
p 0 219 33057
x 0 33058
p 0 220 33058
x 0 33059
p 0 223 33059
x 0 33060
p 0 224 33060
x 0 33061
p 0 222 33061
x 0 33062
p 0 233 33062
x 0 33063
p 0 260 33063
x 0 33064
p 0 224 33064
x 0 33065
p 0 228 33065
x 0 33066
p 0 223 33066
x 0 33067
p 0 209 33067
