x 0 33000
x 1 33001
x 2 33002
x 3 33003
x 4 33004
x 5 33005
x 6 33006
x 7 33007
x 8 33008
x 9 33009
x 10 33010
x 11 33011
x 12 33012
x 13 33013
x 0 33014
x 1 33015
x 2 33016
h 2 10.0.0.3
p 2 1426155 33002
h 6 10.0.0.3
p 6 1026668 33006
h 0 10.0.0.3
p 0 1628109 33000
h 1 10.0.0.3
p 1 1530553 33001
h 5 10.0.0.3
p 5 1131127 33005
h 4 10.0.0.3
p 4 1233040 33004
x 3 33017
h 3 10.0.0.3
p 3 292 33017
p 3 1335061 33003
h 8 10.0.0.3
p 8 820249 33008
h 7 10.0.0.3
p 7 924708 33007
h 10 10.0.0.3
p 10 625411 33010
h 11 10.0.0.3
p 11 526251 33011
h 9 10.0.0.3
p 9 727998 33009
h 12 10.0.0.3
p 12 516209 33012
x 0 33018
p 0 268 33018
h 13 10.0.0.3
p 13 430768 33013
p 0 337692 33014
p 1 271377 33015
p 2 205284 33016
x 0 33019
p 0 196 33019
x 0 33020
p 0 275 33020
x 0 33021
p 0 263 33021
x 0 33022
p 0 268 33022
x 0 33023
p 0 236 33023
x 0 33024
p 0 203 33024
x 0 33025
p 0 244 33025
x 0 33026
p 0 244 33026
x 0 33027
p 0 233 33027
x 0 33028
p 0 234 33028
x 0 33029
p 0 248 33029
x 0 33030
p 0 234 33030
x 0 33031
p 0 237 33031
x 0 33032
p 0 264 33032
x 0 33033
p 0 246 33033
x 0 33034
p 0 258 33034
x 0 33035
p 0 276 33035
x 0 33036
p 0 262 33036
x 0 33037
p 0 226 33037
x 0 33038
p 0 244 33038
x 0 33039
p 0 242 33039
x 0 33040
p 0 243 33040
x 0 33041
p 0 170 33041
x 0 33042
p 0 276 33042
x 0 33043
p 0 244 33043
x 0 33044
p 0 231 33044
x 0 33045
p 0 242 33045
x 0 33046
p 0 237 33046
x 0 33047
p 0 235 33047
x 0 33048
p 0 233 33048
x 0 33049
p 0 225 33049
x 0 33050
p 0 228 33050
x 0 33051
p 0 231 33051
x 0 33052
p 0 230 33052
x 0 33053
p 0 233 33053
x 0 33054
p 0 223 33054
x 0 33055
p 0 233 33055
x 0 33056
p 0 239 33056
x 0 33057
p 0 236 33057
x 0 33058
p 0 279 33058
x 0 33059
p 0 235 33059
x 0 33060
p 0 239 33060
x 0 33061
p 0 238 33061
x 0 33062
p 0 240 33062
x 0 33063
p 0 247 33063
x 0 33064
p 0 235 33064
x 0 33065
p 0 272 33065
x 0 33066
p 0 251 33066
x 0 33067
p 0 278 33067
x 0 33068
p 0 247 33068
x 0 33069
p 0 238 33069
x 0 33070
p 0 252 33070
x 0 33071
p 0 241 33071
x 0 33072
p 0 286 33072
x 0 33073
p 0 250 33073
x 0 33074
p 0 236 33074
x 0 33075
p 0 243 33075
x 0 33000
x 1 33001
x 2 33002
x 3 33003
x 4 33004
h 0 10.0.0.3
p 0 480093 33000
x 5 33005
h 5 10.0.0.3
p 5 873 33005
x 0 33006
p 0 190 33006
h 1 10.0.0.3
p 1 605589 33001
h 2 10.0.0.3
p 2 518118 33002
h 3 10.0.0.3
p 3 426529 33003
h 4 10.0.0.3
p 4 332412 33004
x 0 33007
p 0 228 33007
x 0 33008
p 0 266 33008
x 0 33009
p 0 222 33009
x 0 33010
p 0 231 33010
x 0 33011
p 0 259 33011
x 0 33012
p 0 227 33012
x 0 33013
p 0 237 33013
x 0 33014
p 0 251 33014
x 0 33015
p 0 225 33015
x 0 33016
p 0 227 33016
x 0 33017
p 0 230 33017
x 0 33018
p 0 231 33018
x 0 33019
p 0 229 33019
x 0 33020
p 0 230 33020
x 0 33021
p 0 234 33021
x 0 33022
p 0 232 33022
x 0 33023
p 0 235 33023
x 0 33024
p 0 233 33024
x 0 33025
p 0 230 33025
x 0 33026
p 0 233 33026
x 0 33027
p 0 236 33027
x 0 33028
p 0 280 33028
x 0 33029
p 0 237 33029
x 0 33030
p 0 232 33030
x 0 33031
p 0 236 33031
x 0 33032
p 0 233 33032
x 0 33033
p 0 235 33033
x 0 33034
p 0 239 33034
x 0 33035
p 0 238 33035
x 0 33036
p 0 233 33036
x 0 33037
p 0 238 33037
x 0 33038
p 0 236 33038
x 0 33039
p 0 235 33039
x 0 33040
p 0 239 33040
x 0 33041
p 0 239 33041
x 0 33042
p 0 284 33042
x 0 33043
p 0 393 33043
x 0 33044
p 0 236 33044
x 0 33045
p 0 236 33045
x 0 33046
p 0 237 33046
x 0 33047
p 0 287 33047
x 0 33048
p 0 237 33048
x 0 33049
p 0 275 33049
x 0 33050
p 0 309 33050
x 0 33051
p 0 308 33051
x 0 33052
p 0 236 33052
x 0 33053
p 0 238 33053
x 0 33054
p 0 274 33054
x 0 33055
p 0 233 33055
x 0 33056
p 0 234 33056
x 0 33057
p 0 234 33057
x 0 33058
p 0 235 33058
x 0 33059
p 0 270 33059
x 0 33060
p 0 234 33060
x 0 33061
p 0 275 33061
x 0 33062
p 0 234 33062
x 0 33063
p 0 239 33063
x 0 33064
p 0 233 33064
x 0 33000
x 1 33001
x 2 33002
x 3 33003
x 4 33004
x 5 33005
h 0 10.0.0.3
p 0 574591 33000
x 6 33006
h 6 10.0.0.3
p 6 839 33006
h 1 10.0.0.3
p 1 594899 33001
h 2 10.0.0.3
p 2 510576 33002
h 3 10.0.0.3
p 3 420575 33003
h 4 10.0.0.3
p 4 327920 33004
h 5 10.0.0.3
p 5 231274 33005
x 0 33007
p 0 266 33007
x 0 33008
p 0 226 33008
x 0 33009
p 0 305 33009
x 0 33010
p 0 231 33010
x 0 33011
p 0 256 33011
x 0 33012
p 0 232 33012
x 0 33013
p 0 223 33013
x 0 33014
p 0 262 33014
x 0 33015
p 0 222 33015
x 0 33016
p 0 220 33016
x 0 33017
p 0 219 33017
x 0 33018
p 0 222 33018
x 0 33019
p 0 220 33019
x 0 33020
p 0 220 33020
x 0 33021
p 0 267 33021
x 0 33022
p 0 222 33022
x 0 33023
p 0 86 33023
x 0 33024
p 0 218 33024
x 0 33025
p 0 219 33025
x 0 33026
p 0 221 33026
x 0 33027
p 0 218 33027
x 0 33028
p 0 221 33028
x 0 33029
p 0 223 33029
x 0 33030
p 0 220 33030
x 0 33031
p 0 229 33031
x 0 33032
p 0 221 33032
x 0 33033
p 0 221 33033
x 0 33034
p 0 219 33034
x 0 33035
p 0 221 33035
x 0 33036
p 0 222 33036
x 0 33037
p 0 222 33037
x 0 33038
p 0 220 33038
x 0 33039
p 0 222 33039
x 0 33040
p 0 221 33040
x 0 33041
p 0 236 33041
x 0 33042
p 0 227 33042
x 0 33043
p 0 248 33043
x 0 33044
p 0 227 33044
x 0 33045
p 0 226 33045
x 0 33046
p 0 220 33046
x 0 33047
p 0 224 33047
x 0 33048
p 0 229 33048
x 0 33049
p 0 220 33049
x 0 33050
p 0 235 33050
x 0 33051
p 0 243 33051
x 0 33052
p 0 247 33052
x 0 33053
p 0 241 33053
x 0 33054
p 0 293 33054
x 0 33055
p 0 239 33055
x 0 33056
p 0 238 33056
x 0 33057
p 0 236 33057
x 0 33058
p 0 238 33058
x 0 33059
p 0 248 33059
x 0 33060
p 0 245 33060
x 0 33061
p 0 299 33061
x 0 33062
p 0 249 33062
x 0 33063
p 0 249 33063
x 0 33064
p 0 253 33064
x 0 33065
p 0 238 33065
x 0 33000
x 1 33001
x 2 33002
x 3 33003
x 4 33004
h 0 10.0.0.3
p 0 449883 33000
x 5 33005
h 5 10.0.0.3
p 5 891 33005
x 0 33006
p 0 243 33006
h 1 10.0.0.3
p 1 587168 33001
h 2 10.0.0.3
p 2 497779 33002
h 3 10.0.0.3
p 3 407582 33003
h 4 10.0.0.3
p 4 312254 33004
x 0 33007
p 0 273 33007
x 0 33008
p 0 266 33008
x 0 33009
p 0 220 33009
x 0 33010
p 0 260 33010
x 0 33011
p 0 243 33011
x 0 33012
p 0 222 33012
x 0 33013
p 0 223 33013
x 0 33014
p 0 251 33014
x 0 33015
p 0 257 33015
x 0 33016
p 0 222 33016
x 0 33017
p 0 242 33017
x 0 33018
p 0 274 33018
x 0 33019
p 0 266 33019
x 0 33020
p 0 271 33020
x 0 33021
p 0 230 33021
x 0 33022
p 0 260 33022
x 0 33023
p 0 228 33023
x 0 33024
p 0 227 33024
x 0 33025
p 0 231 33025
x 0 33026
p 0 229 33026
x 0 33027
p 0 274 33027
x 0 33028
p 0 236 33028
x 0 33029
p 0 234 33029
x 0 33030
p 0 228 33030
x 0 33031
p 0 222 33031
x 0 33032
p 0 222 33032
x 0 33033
p 0 221 33033
x 0 33034
p 0 263 33034
x 0 33035
p 0 219 33035
x 0 33036
p 0 224 33036
x 0 33037
p 0 229 33037
x 0 33038
p 0 231 33038
x 0 33039
p 0 226 33039
x 0 33040
p 0 228 33040
x 0 33041
p 0 266 33041
x 0 33042
p 0 235 33042
x 0 33043
p 0 233 33043
x 0 33044
p 0 232 33044
x 0 33045
p 0 234 33045
x 0 33046
p 0 229 33046
x 0 33047
p 0 217 33047
x 0 33048
p 0 290 33048
x 0 33049
p 0 229 33049
x 0 33050
p 0 223 33050
x 0 33051
p 0 224 33051
x 0 33052
p 0 221 33052
x 0 33053
p 0 232 33053
x 0 33054
p 0 227 33054
x 0 33055
p 0 230 33055
x 0 33056
p 0 229 33056
x 0 33057
p 0 231 33057
x 0 33058
p 0 234 33058
x 0 33059
p 0 227 33059
x 0 33060
p 0 320 33060
x 0 33061
p 0 260 33061
x 0 33062
p 0 229 33062
x 0 33063
p 0 222 33063
x 0 33064
p 0 217 33064
x 0 33000
x 1 33001
x 2 33002
x 3 33003
x 4 33004
x 5 33005
h 0 10.0.0.3
p 0 544045 33000
x 6 33006
h 6 10.0.0.3
p 6 669 33006
h 1 10.0.0.3
p 1 560065 33001
h 2 10.0.0.3
p 2 467614 33002
h 3 10.0.0.3
p 3 371325 33003
h 4 10.0.0.3
p 4 274481 33004
h 5 10.0.0.3
p 5 175298 33005
x 0 33007
p 0 208 33007
x 0 33008
p 0 266 33008
x 0 33009
p 0 221 33009
x 0 33010
p 0 220 33010
x 0 33011
p 0 224 33011
x 0 33012
p 0 147 33012
x 0 33013
p 0 228 33013
x 0 33014
p 0 220 33014
x 0 33015
p 0 268 33015
x 0 33016
p 0 222 33016
x 0 33017
p 0 225 33017
x 0 33018
p 0 228 33018
x 0 33019
p 0 224 33019
x 0 33020
p 0 227 33020
x 0 33021
p 0 223 33021
x 0 33022
p 0 256 33022
x 0 33023
p 0 227 33023
x 0 33024
p 0 222 33024
x 0 33025
p 0 223 33025
x 0 33026
p 0 274 33026
x 0 33027
p 0 228 33027
x 0 33028
p 0 232 33028
x 0 33029
p 0 220 33029
x 0 33030
p 0 223 33030
x 0 33031
p 0 224 33031
x 0 33032
p 0 225 33032
x 0 33033
p 0 262 33033
x 0 33034
p 0 220 33034
x 0 33035
p 0 223 33035
x 0 33036
p 0 234 33036
x 0 33037
p 0 240 33037
x 0 33038
p 0 236 33038
x 0 33039
p 0 221 33039
x 0 33040
p 0 226 33040
x 0 33041
p 0 270 33041
x 0 33042
p 0 212 33042
x 0 33043
p 0 160 33043
x 0 33044
p 0 226 33044
x 0 33045
p 0 223 33045
x 0 33046
p 0 358 33046
x 0 33047
p 0 294 33047
x 0 33048
p 0 232 33048
x 0 33049
p 0 218 33049
x 0 33050
p 0 222 33050
x 0 33051
p 0 220 33051
x 0 33052
p 0 237 33052
x 0 33053
p 0 156 33053
x 0 33054
p 0 218 33054
x 0 33055
p 0 227 33055
x 0 33056
p 0 224 33056
x 0 33057
p 0 266 33057
x 0 33058
p 0 115 33058
x 0 33059
p 0 224 33059
x 0 33060
p 0 223 33060
x 0 33061
p 0 221 33061
x 0 33062
p 0 126 33062
x 0 33063
p 0 144 33063
x 0 33064
p 0 218 33064
x 0 33065
p 0 223 33065
x 0 33000
x 1 33001
x 2 33002
x 3 33003
x 4 33004
h 0 10.0.0.3
p 0 447440 33000
x 5 33005
h 5 10.0.0.3
p 5 791 33005
x 0 33006
p 0 260 33006
h 1 10.0.0.3
p 1 584960 33001
h 2 10.0.0.3
p 2 493803 33002
h 3 10.0.0.3
p 3 398139 33003
h 4 10.0.0.3
p 4 302184 33004
x 0 33007
p 0 226 33007
x 0 33008
p 0 224 33008
x 0 33009
p 0 226 33009
x 0 33010
p 0 223 33010
x 0 33011
p 0 250 33011
x 0 33012
p 0 236 33012
x 0 33013
p 0 231 33013
x 0 33014
p 0 227 33014
x 0 33015
p 0 228 33015
x 0 33016
p 0 231 33016
x 0 33017
p 0 228 33017
x 0 33018
p 0 225 33018
x 0 33019
p 0 227 33019
x 0 33020
p 0 219 33020
x 0 33021
p 0 225 33021
x 0 33022
p 0 223 33022
x 0 33023
p 0 256 33023
x 0 33024
p 0 225 33024
x 0 33025
p 0 221 33025
x 0 33026
p 0 220 33026
x 0 33027
p 0 227 33027
x 0 33028
p 0 221 33028
x 0 33029
p 0 223 33029
x 0 33030
p 0 228 33030
x 0 33031
p 0 222 33031
x 0 33032
p 0 268 33032
x 0 33033
p 0 229 33033
x 0 33034
p 0 230 33034
x 0 33035
p 0 223 33035
x 0 33036
p 0 224 33036
x 0 33037
p 0 226 33037
x 0 33038
p 0 223 33038
x 0 33039
p 0 267 33039
x 0 33040
p 0 227 33040
x 0 33041
p 0 222 33041
x 0 33042
p 0 227 33042
x 0 33043
p 0 295 33043
x 0 33044
p 0 228 33044
x 0 33045
p 0 223 33045
x 0 33046
p 0 241 33046
x 0 33047
p 0 225 33047
x 0 33048
p 0 223 33048
x 0 33049
p 0 225 33049
x 0 33050
p 0 222 33050
x 0 33051
p 0 285 33051
x 0 33052
p 0 233 33052
x 0 33053
p 0 266 33053
x 0 33054
p 0 265 33054
x 0 33055
p 0 227 33055
x 0 33056
p 0 111 33056
x 0 33057
p 0 226 33057
x 0 33058
p 0 167 33058
x 0 33059
p 0 228 33059
x 0 33060
p 0 260 33060
x 0 33061
p 0 230 33061
x 0 33062
p 0 225 33062
x 0 33063
p 0 120 33063
x 0 33064
p 0 224 33064
x 0 33000
x 1 33001
x 2 33002
x 3 33003
h 0 10.0.0.3
p 0 359505 33000
x 4 33004
h 4 10.0.0.3
p 4 990 33004
x 0 33005
p 0 317 33005
h 1 10.0.0.3
p 1 583187 33001
h 2 10.0.0.3
p 2 490997 33002
h 3 10.0.0.3
p 3 397241 33003
x 0 33006
p 0 228 33006
x 0 33007
p 0 226 33007
x 0 33008
p 0 226 33008
x 0 33009
p 0 230 33009
x 0 33010
p 0 240 33010
x 0 33011
p 0 257 33011
x 0 33012
p 0 218 33012
x 0 33013
p 0 221 33013
x 0 33014
p 0 248 33014
x 0 33015
p 0 219 33015
x 0 33016
p 0 229 33016
x 0 33017
p 0 232 33017
x 0 33018
p 0 229 33018
x 0 33019
p 0 265 33019
x 0 33020
p 0 238 33020
x 0 33021
p 0 361 33021
x 0 33022
p 0 289 33022
x 0 33023
p 0 231 33023
x 0 33024
p 0 229 33024
x 0 33025
p 0 233 33025
x 0 33026
p 0 259 33026
x 0 33027
p 0 251 33027
x 0 33028
p 0 224 33028
x 0 33029
p 0 219 33029
x 0 33030
p 0 229 33030
x 0 33031
p 0 226 33031
x 0 33032
p 0 225 33032
x 0 33033
p 0 233 33033
x 0 33034
p 0 224 33034
x 0 33035
p 0 228 33035
x 0 33036
p 0 226 33036
x 0 33037
p 0 225 33037
x 0 33038
p 0 226 33038
x 0 33039
p 0 227 33039
x 0 33040
p 0 232 33040
x 0 33041
p 0 227 33041
x 0 33042
p 0 281 33042
x 0 33043
p 0 274 33043
x 0 33044
p 0 288 33044
x 0 33045
p 0 290 33045
x 0 33046
p 0 228 33046
x 0 33047
p 0 299 33047
x 0 33048
p 0 297 33048
x 0 33049
p 0 309 33049
x 0 33050
p 0 316 33050
x 0 33051
p 0 315 33051
x 0 33052
p 0 307 33052
x 0 33053
p 0 306 33053
x 0 33054
p 0 302 33054
x 0 33055
p 0 345 33055
x 0 33056
p 0 413 33056
x 0 33057
p 0 405 33057
x 0 33058
p 0 447 33058
x 0 33059
p 0 388 33059
x 0 33060
p 0 238 33060
x 0 33061
p 0 231 33061
x 0 33062
p 0 224 33062
x 0 33063
p 0 224 33063
x 0 33000
x 1 33001
x 2 33002
x 3 33003
x 4 33004
x 5 33005
x 6 33006
h 0 10.0.0.3
p 0 621575 33000
h 1 10.0.0.3
p 1 535458 33001
h 2 10.0.0.3
p 2 449065 33002
h 3 10.0.0.3
p 3 359652 33003
h 4 10.0.0.3
p 4 266118 33004
h 5 10.0.0.3
p 5 169068 33005
x 7 33007
h 7 10.0.0.3
p 7 831 33007
x 0 33008
p 0 234 33008
h 6 10.0.0.3
p 6 1030931 33006
x 0 33009
p 0 234 33009
x 0 33010
p 0 247 33010
x 0 33011
p 0 245 33011
x 0 33012
p 0 228 33012
x 0 33013
p 0 229 33013
x 0 33014
p 0 225 33014
x 0 33015
p 0 226 33015
x 0 33016
p 0 228 33016
x 0 33017
p 0 234 33017
x 0 33018
p 0 236 33018
x 0 33019
p 0 236 33019
x 0 33020
p 0 304 33020
x 0 33021
p 0 283 33021
x 0 33022
p 0 238 33022
x 0 33023
p 0 234 33023
x 0 33024
p 0 234 33024
x 0 33025
p 0 234 33025
x 0 33026
p 0 315 33026
x 0 33027
p 0 237 33027
x 0 33028
p 0 258 33028
x 0 33029
p 0 220 33029
x 0 33030
p 0 260 33030
x 0 33031
p 0 242 33031
x 0 33032
p 0 224 33032
x 0 33033
p 0 268 33033
x 0 33034
p 0 220 33034
x 0 33035
p 0 259 33035
x 0 33036
p 0 225 33036
x 0 33037
p 0 223 33037
x 0 33038
p 0 228 33038
x 0 33039
p 0 226 33039
x 0 33040
p 0 261 33040
x 0 33041
p 0 229 33041
x 0 33042
p 0 261 33042
x 0 33043
p 0 230 33043
x 0 33044
p 0 226 33044
x 0 33045
p 0 225 33045
x 0 33046
p 0 227 33046
x 0 33047
p 0 272 33047
x 0 33048
p 0 230 33048
x 0 33049
p 0 325 33049
x 0 33050
p 0 232 33050
x 0 33051
p 0 226 33051
x 0 33052
p 0 226 33052
x 0 33053
p 0 228 33053
x 0 33054
p 0 274 33054
x 0 33055
p 0 229 33055
x 0 33056
p 0 259 33056
x 0 33057
p 0 222 33057
x 0 33058
p 0 233 33058
x 0 33059
p 0 224 33059
x 0 33060
p 0 223 33060
x 0 33061
p 0 337 33061
x 0 33062
p 0 222 33062
x 0 33063
p 0 262 33063
x 0 33064
p 0 229 33064
x 0 33065
p 0 227 33065
x 0 33066
p 0 223 33066
x 0 33000
x 1 33001
x 2 33002
x 3 33003
h 0 10.0.0.3
p 0 329060 33000
x 4 33004
h 4 10.0.0.3
p 4 470 33004
x 0 33005
p 0 266 33005
h 1 10.0.0.3
p 1 562987 33001
h 2 10.0.0.3
p 2 474508 33002
h 3 10.0.0.3
p 3 1019811 33003
x 0 33006
p 0 239 33006
x 0 33007
p 0 230 33007
x 0 33008
p 0 232 33008
x 0 33009
p 0 228 33009
x 0 33010
p 0 245 33010
x 0 33011
p 0 227 33011
x 0 33012
p 0 220 33012
x 0 33013
p 0 233 33013
x 0 33014
p 0 263 33014
x 0 33015
p 0 231 33015
x 0 33016
p 0 234 33016
x 0 33017
p 0 226 33017
x 0 33018
p 0 235 33018
x 0 33019
p 0 271 33019
x 0 33020
p 0 295 33020
x 0 33021
p 0 260 33021
x 0 33022
p 0 224 33022
x 0 33023
p 0 243 33023
x 0 33024
p 0 230 33024
x 0 33025
p 0 230 33025
x 0 33026
p 0 284 33026
x 0 33027
p 0 226 33027
x 0 33028
p 0 270 33028
x 0 33029
p 0 230 33029
x 0 33030
p 0 226 33030
x 0 33031
p 0 233 33031
x 0 33032
p 0 222 33032
x 0 33033
p 0 269 33033
x 0 33034
p 0 234 33034
x 0 33035
p 0 272 33035
x 0 33036
p 0 248 33036
x 0 33037
p 0 231 33037
x 0 33038
p 0 237 33038
x 0 33039
p 0 231 33039
x 0 33040
p 0 270 33040
x 0 33041
p 0 234 33041
x 0 33042
p 0 251 33042
x 0 33043
p 0 234 33043
x 0 33044
p 0 228 33044
x 0 33045
p 0 227 33045
x 0 33046
p 0 241 33046
x 0 33047
p 0 266 33047
x 0 33048
p 0 236 33048
x 0 33049
p 0 264 33049
x 0 33050
p 0 225 33050
x 0 33051
p 0 232 33051
x 0 33052
p 0 221 33052
x 0 33053
p 0 229 33053
x 0 33054
p 0 265 33054
x 0 33055
p 0 275 33055
x 0 33056
p 0 333 33056
x 0 33057
p 0 223 33057
x 0 33058
p 0 230 33058
x 0 33059
p 0 229 33059
x 0 33060
p 0 224 33060
x 0 33061
p 0 176 33061
x 0 33062
p 0 225 33062
x 0 33063
p 0 235 33063
x 0 33000
x 1 33001
x 2 33002
x 3 33003
x 4 33004
x 5 33005
x 6 33006
h 0 10.0.0.3
p 0 657673 33000
h 1 10.0.0.3
p 1 572943 33001
h 2 10.0.0.3
p 2 482713 33002
h 3 10.0.0.3
p 3 388861 33003
h 4 10.0.0.3
p 4 298485 33004
x 7 33007
h 7 10.0.0.3
p 7 713 33007
h 5 10.0.0.3
p 5 202206 33005
h 6 10.0.0.3
p 6 102890 33006
x 0 33008
p 0 277 33008
x 0 33009
p 0 239 33009
x 0 33010
p 0 230 33010
x 0 33011
p 0 323 33011
x 0 33012
p 0 327 33012
x 0 33013
p 0 272 33013
x 0 33014
p 0 237 33014
x 0 33015
p 0 265 33015
x 0 33016
p 0 237 33016
x 0 33017
p 0 228 33017
x 0 33018
p 0 227 33018
x 0 33019
p 0 228 33019
x 0 33020
p 0 224 33020
x 0 33021
p 0 229 33021
x 0 33022
p 0 230 33022
x 0 33023
p 0 227 33023
x 0 33024
p 0 361 33024
x 0 33025
p 0 227 33025
x 0 33026
p 0 233 33026
x 0 33027
p 0 234 33027
x 0 33028
p 0 236 33028
x 0 33029
p 0 238 33029
x 0 33030
p 0 228 33030
x 0 33031
p 0 225 33031
x 0 33032
p 0 227 33032
x 0 33033
p 0 232 33033
x 0 33034
p 0 234 33034
x 0 33035
p 0 228 33035
x 0 33036
p 0 232 33036
x 0 33037
p 0 224 33037
x 0 33038
p 0 230 33038
x 0 33039
p 0 227 33039
x 0 33040
p 0 222 33040
x 0 33041
p 0 225 33041
x 0 33042
p 0 225 33042
x 0 33043
p 0 231 33043
x 0 33044
p 0 229 33044
x 0 33045
p 0 231 33045
x 0 33046
p 0 238 33046
x 0 33047
p 0 228 33047
x 0 33048
p 0 227 33048
x 0 33049
p 0 255 33049
x 0 33050
p 0 281 33050
x 0 33051
p 0 223 33051
x 0 33052
p 0 218 33052
x 0 33053
p 0 225 33053
x 0 33054
p 0 227 33054
x 0 33055
p 0 223 33055
x 0 33056
p 0 240 33056
x 0 33057
p 0 239 33057
x 0 33058
p 0 223 33058
x 0 33059
p 0 223 33059
x 0 33060
p 0 221 33060
x 0 33061
p 0 250 33061
x 0 33062
p 0 221 33062
x 0 33063
p 0 226 33063
x 0 33064
p 0 225 33064
x 0 33065
p 0 221 33065
x 0 33066
p 0 230 33066
x 0 33000
x 1 33001
x 2 33002
x 3 33003
x 4 33004
x 5 33005
h 0 10.0.0.3
p 0 536284 33000
x 6 33006
h 6 10.0.0.3
p 6 854 33006
h 1 10.0.0.3
p 1 563369 33001
h 2 10.0.0.3
p 2 469601 33002
h 3 10.0.0.3
p 3 374932 33003
h 4 10.0.0.3
p 4 280414 33004
h 5 10.0.0.3
p 5 184069 33005
x 0 33007
p 0 236 33007
x 0 33008
p 0 224 33008
x 0 33009
p 0 223 33009
x 0 33010
p 0 252 33010
x 0 33011
p 0 223 33011
x 0 33012
p 0 239 33012
x 0 33013
p 0 238 33013
x 0 33014
p 0 232 33014
x 0 33015
p 0 227 33015
x 0 33016
p 0 230 33016
x 0 33017
p 0 225 33017
x 0 33018
p 0 222 33018
x 0 33019
p 0 234 33019
x 0 33020
p 0 228 33020
x 0 33021
p 0 231 33021
x 0 33022
p 0 217 33022
x 0 33023
p 0 218 33023
x 0 33024
p 0 223 33024
x 0 33025
p 0 221 33025
x 0 33026
p 0 217 33026
x 0 33027
p 0 220 33027
x 0 33028
p 0 222 33028
x 0 33029
p 0 223 33029
x 0 33030
p 0 248 33030
x 0 33031
p 0 219 33031
x 0 33032
p 0 219 33032
x 0 33033
p 0 220 33033
x 0 33034
p 0 221 33034
x 0 33035
p 0 222 33035
x 0 33036
p 0 220 33036
x 0 33037
p 0 219 33037
x 0 33038
p 0 223 33038
x 0 33039
p 0 223 33039
x 0 33040
p 0 225 33040
x 0 33041
p 0 220 33041
x 0 33042
p 0 221 33042
x 0 33043
p 0 224 33043
x 0 33044
p 0 221 33044
x 0 33045
p 0 223 33045
x 0 33046
p 0 221 33046
x 0 33047
p 0 226 33047
x 0 33048
p 0 223 33048
x 0 33049
p 0 226 33049
x 0 33050
p 0 222 33050
x 0 33051
p 0 221 33051
x 0 33052
p 0 223 33052
x 0 33053
p 0 228 33053
x 0 33054
p 0 274 33054
x 0 33055
p 0 264 33055
x 0 33056
p 0 283 33056
x 0 33057
p 0 243 33057
x 0 33058
p 0 249 33058
x 0 33059
p 0 243 33059
x 0 33060
p 0 244 33060
x 0 33061
p 0 249 33061
x 0 33062
p 0 255 33062
x 0 33063
p 0 230 33063
x 0 33064
p 0 229 33064
x 0 33065
p 0 255 33065
x 0 33000
x 1 33001
x 2 33002
x 3 33003
x 4 33004
h 0 10.0.0.3
p 0 471773 33000
x 5 33005
h 5 10.0.0.3
p 5 595 33005
h 1 10.0.0.3
p 1 517858 33001
h 2 10.0.0.3
p 2 423455 33002
h 3 10.0.0.3
p 3 329181 33003
h 4 10.0.0.3
p 4 232857 33004
x 0 33006
p 0 246 33006
x 0 33007
p 0 226 33007
x 0 33008
p 0 226 33008
x 0 33009
p 0 193 33009
x 0 33010
p 0 323 33010
x 0 33011
p 0 174 33011
x 0 33012
p 0 235 33012
x 0 33013
p 0 237 33013
x 0 33014
p 0 228 33014
x 0 33015
p 0 277 33015
x 0 33016
p 0 243 33016
x 0 33017
p 0 322 33017
x 0 33018
p 0 229 33018
x 0 33019
p 0 231 33019
x 0 33020
p 0 172 33020
x 0 33021
p 0 225 33021
x 0 33022
p 0 219 33022
x 0 33023
p 0 225 33023
x 0 33024
p 0 222 33024
x 0 33025
p 0 222 33025
x 0 33026
p 0 227 33026
x 0 33027
p 0 231 33027
x 0 33028
p 0 236 33028
x 0 33029
p 0 226 33029
x 0 33030
p 0 232 33030
x 0 33031
p 0 236 33031
x 0 33032
p 0 230 33032
x 0 33033
p 0 228 33033
x 0 33034
p 0 226 33034
x 0 33035
p 0 264 33035
x 0 33036
p 0 242 33036
x 0 33037
p 0 228 33037
x 0 33038
p 0 226 33038
x 0 33039
p 0 222 33039
x 0 33040
p 0 267 33040
x 0 33041
p 0 251 33041
x 0 33042
p 0 227 33042
x 0 33043
p 0 224 33043
x 0 33044
p 0 226 33044
x 0 33045
p 0 229 33045
x 0 33046
p 0 232 33046
x 0 33047
p 0 269 33047
x 0 33048
p 0 228 33048
x 0 33049
p 0 227 33049
x 0 33050
p 0 230 33050
x 0 33051
p 0 235 33051
x 0 33052
p 0 225 33052
x 0 33053
p 0 229 33053
x 0 33054
p 0 267 33054
x 0 33055
p 0 225 33055
x 0 33056
p 0 231 33056
x 0 33057
p 0 225 33057
x 0 33058
p 0 224 33058
x 0 33059
p 0 221 33059
x 0 33060
p 0 230 33060
x 0 33061
p 0 282 33061
x 0 33062
p 0 234 33062
x 0 33063
p 0 257 33063
x 0 33064
p 0 225 33064
x 0 33000
x 1 33001
x 2 33002
x 3 33003
x 4 33004
x 5 33005
h 0 10.0.0.3
p 0 578602 33000
x 6 33006
h 6 10.0.0.3
p 6 707 33006
h 1 10.0.0.3
p 1 547262 33001
h 2 10.0.0.3
p 2 451815 33002
h 3 10.0.0.3
p 3 355527 33003
h 4 10.0.0.3
p 4 257892 33004
h 5 10.0.0.3
p 5 158845 33005
x 0 33007
p 0 238 33007
x 0 33008
p 0 230 33008
x 0 33009
p 0 198 33009
x 0 33010
p 0 190 33010
x 0 33011
p 0 195 33011
x 0 33012
p 0 269 33012
x 0 33013
p 0 203 33013
x 0 33014
p 0 198 33014
x 0 33015
p 0 192 33015
x 0 33016
p 0 193 33016
x 0 33017
p 0 193 33017
x 0 33018
p 0 205 33018
x 0 33019
p 0 196 33019
x 0 33020
p 0 197 33020
x 0 33021
p 0 190 33021
x 0 33022
p 0 188 33022
x 0 33023
p 0 195 33023
x 0 33024
p 0 193 33024
x 0 33025
p 0 219 33025
x 0 33026
p 0 187 33026
x 0 33027
p 0 132 33027
x 0 33028
p 0 205 33028
x 0 33029
p 0 203 33029
x 0 33030
p 0 200 33030
x 0 33031
p 0 197 33031
x 0 33032
p 0 218 33032
x 0 33033
p 0 298 33033
x 0 33034
p 0 201 33034
x 0 33035
p 0 219 33035
x 0 33036
p 0 259 33036
x 0 33037
p 0 220 33037
x 0 33038
p 0 210 33038
x 0 33039
p 0 236 33039
x 0 33040
p 0 192 33040
x 0 33041
p 0 192 33041
x 0 33042
p 0 191 33042
x 0 33043
p 0 228 33043
x 0 33044
p 0 244 33044
x 0 33045
p 0 165 33045
x 0 33046
p 0 167 33046
x 0 33047
p 0 175 33047
x 0 33048
p 0 172 33048
x 0 33049
p 0 174 33049
x 0 33050
p 0 168 33050
x 0 33051
p 0 168 33051
x 0 33052
p 0 215 33052
x 0 33053
p 0 185 33053
x 0 33054
p 0 260 33054
x 0 33055
p 0 223 33055
x 0 33056
p 0 219 33056
x 0 33057
p 0 232 33057
x 0 33058
p 0 143 33058
x 0 33059
p 0 232 33059
x 0 33060
p 0 228 33060
x 0 33061
p 0 222 33061
x 0 33062
p 0 236 33062
x 0 33063
p 0 228 33063
x 0 33064
p 0 277 33064
x 0 33065
p 0 223 33065
x 0 33000
x 1 33001
h 0 10.0.0.3
p 0 168451 33000
x 2 33002
h 2 10.0.0.3
p 2 1018 33002
x 0 33003
p 0 314 33003
h 1 10.0.0.3
p 1 540617 33001
x 0 33004
p 0 234 33004
x 0 33005
p 0 245 33005
x 0 33006
p 0 239 33006
x 0 33007
p 0 242 33007
x 0 33008
p 0 260 33008
x 0 33009
p 0 318 33009
x 0 33010
p 0 245 33010
x 0 33011
p 0 239 33011
x 0 33012
p 0 257 33012
x 0 33013
p 0 263 33013
x 0 33014
p 0 245 33014
x 0 33015
p 0 246 33015
x 0 33016
p 0 233 33016
x 0 33017
p 0 236 33017
x 0 33018
p 0 235 33018
x 0 33019
p 0 231 33019
x 0 33020
p 0 235 33020
x 0 33021
p 0 233 33021
x 0 33022
p 0 248 33022
x 0 33023
p 0 345 33023
x 0 33024
p 0 248 33024
x 0 33025
p 0 259 33025
x 0 33026
p 0 242 33026
x 0 33027
p 0 311 33027
x 0 33028
p 0 247 33028
x 0 33029
p 0 245 33029
x 0 33030
p 0 247 33030
x 0 33031
p 0 240 33031
x 0 33032
p 0 245 33032
x 0 33033
p 0 246 33033
x 0 33034
p 0 245 33034
x 0 33035
p 0 245 33035
x 0 33036
p 0 237 33036
x 0 33037
p 0 236 33037
x 0 33038
p 0 232 33038
x 0 33039
p 0 247 33039
x 0 33040
p 0 295 33040
x 0 33041
p 0 232 33041
x 0 33042
p 0 240 33042
x 0 33043
p 0 260 33043
x 0 33044
p 0 249 33044
x 0 33045
p 0 250 33045
x 0 33046
p 0 240 33046
x 0 33047
p 0 240 33047
x 0 33048
p 0 234 33048
x 0 33049
p 0 240 33049
x 0 33050
p 0 240 33050
x 0 33051
p 0 230 33051
x 0 33052
p 0 236 33052
x 0 33053
p 0 260 33053
x 0 33054
p 0 251 33054
x 0 33055
p 0 247 33055
x 0 33056
p 0 232 33056
x 0 33057
p 0 235 33057
x 0 33058
p 0 242 33058
x 0 33059
p 0 234 33059
x 0 33060
p 0 247 33060
x 0 33061
p 0 237 33061
x 0 33000
x 1 33001
x 2 33002
x 3 33003
h 0 10.0.0.3
p 0 390498 33000
x 4 33004
h 4 10.0.0.3
p 4 700 33004
x 0 33005
p 0 172 33005
h 1 10.0.0.3
p 1 566338 33001
h 2 10.0.0.3
p 2 471465 33002
h 3 10.0.0.3
p 3 375994 33003
x 0 33006
p 0 195 33006
x 0 33007
p 0 185 33007
x 0 33008
p 0 180 33008
x 0 33009
p 0 239 33009
x 0 33010
p 0 252 33010
x 0 33011
p 0 246 33011
x 0 33012
p 0 168 33012
x 0 33013
p 0 323 33013
x 0 33014
p 0 241 33014
x 0 33015
p 0 236 33015
x 0 33016
p 0 239 33016
x 0 33017
p 0 234 33017
x 0 33018
p 0 231 33018
x 0 33019
p 0 233 33019
x 0 33020
p 0 232 33020
x 0 33021
p 0 233 33021
x 0 33022
p 0 230 33022
x 0 33023
p 0 320 33023
x 0 33024
p 0 239 33024
x 0 33025
p 0 274 33025
x 0 33026
p 0 237 33026
x 0 33027
p 0 237 33027
x 0 33028
p 0 235 33028
x 0 33029
p 0 235 33029
x 0 33030
p 0 305 33030
x 0 33031
p 0 244 33031
x 0 33032
p 0 279 33032
x 0 33033
p 0 235 33033
x 0 33034
p 0 229 33034
x 0 33035
p 0 228 33035
x 0 33036
p 0 233 33036
x 0 33037
p 0 279 33037
x 0 33038
p 0 231 33038
x 0 33039
p 0 270 33039
x 0 33040
p 0 236 33040
x 0 33041
p 0 241 33041
x 0 33042
p 0 236 33042
x 0 33043
p 0 237 33043
x 0 33044
p 0 289 33044
x 0 33045
p 0 239 33045
x 0 33046
p 0 272 33046
x 0 33047
p 0 239 33047
x 0 33048
p 0 238 33048
x 0 33049
p 0 237 33049
x 0 33050
p 0 232 33050
x 0 33051
p 0 287 33051
x 0 33052
p 0 232 33052
x 0 33053
p 0 267 33053
x 0 33054
p 0 231 33054
x 0 33055
p 0 232 33055
x 0 33056
p 0 239 33056
x 0 33057
p 0 238 33057
x 0 33058
p 0 289 33058
x 0 33059
p 0 236 33059
x 0 33060
p 0 274 33060
x 0 33061
p 0 239 33061
x 0 33062
p 0 237 33062
x 0 33063
p 0 246 33063
x 0 33000
x 1 33001
x 2 33002
x 3 33003
h 0 10.0.0.3
p 0 346403 33000
x 4 33004
h 4 10.0.0.3
p 4 1055 33004
x 0 33005
p 0 238 33005
h 1 10.0.0.3
p 1 590282 33001
h 2 10.0.0.3
p 2 498046 33002
h 3 10.0.0.3
p 3 403680 33003
x 0 33006
p 0 232 33006
x 0 33007
p 0 274 33007
x 0 33008
p 0 224 33008
x 0 33009
p 0 298 33009
x 0 33010
p 0 263 33010
x 0 33011
p 0 252 33011
x 0 33012
p 0 219 33012
x 0 33013
p 0 224 33013
x 0 33014
p 0 226 33014
x 0 33015
p 0 226 33015
x 0 33016
p 0 224 33016
x 0 33017
p 0 221 33017
x 0 33018
p 0 227 33018
x 0 33019
p 0 225 33019
x 0 33020
p 0 232 33020
x 0 33021
p 0 235 33021
x 0 33022
p 0 224 33022
x 0 33023
p 0 227 33023
x 0 33024
p 0 224 33024
x 0 33025
p 0 224 33025
x 0 33026
p 0 233 33026
x 0 33027
p 0 223 33027
x 0 33028
p 0 216 33028
x 0 33029
p 0 223 33029
x 0 33030
p 0 219 33030
x 0 33031
p 0 279 33031
x 0 33032
p 0 221 33032
x 0 33033
p 0 229 33033
x 0 33034
p 0 224 33034
x 0 33035
p 0 224 33035
x 0 33036
p 0 226 33036
x 0 33037
p 0 221 33037
x 0 33038
p 0 226 33038
x 0 33039
p 0 222 33039
x 0 33040
p 0 225 33040
x 0 33041
p 0 229 33041
x 0 33042
p 0 242 33042
x 0 33043
p 0 226 33043
x 0 33044
p 0 225 33044
x 0 33045
p 0 225 33045
x 0 33046
p 0 227 33046
x 0 33047
p 0 224 33047
x 0 33048
p 0 223 33048
x 0 33049
p 0 223 33049
x 0 33050
p 0 220 33050
x 0 33051
p 0 228 33051
x 0 33052
p 0 221 33052
x 0 33053
p 0 226 33053
x 0 33054
p 0 223 33054
x 0 33055
p 0 222 33055
x 0 33056
p 0 238 33056
x 0 33057
p 0 224 33057
x 0 33058
p 0 266 33058
x 0 33059
p 0 224 33059
x 0 33060
p 0 248 33060
x 0 33061
p 0 228 33061
x 0 33062
p 0 227 33062
x 0 33063
p 0 226 33063
x 0 33000
x 1 33001
x 2 33002
x 3 33003
x 4 33004
h 0 10.0.0.3
p 0 455552 33000
x 5 33005
h 5 10.0.0.3
p 5 1358 33005
x 0 33006
p 0 356 33006
h 1 10.0.0.3
p 1 597843 33001
h 2 10.0.0.3
p 2 504768 33002
h 3 10.0.0.3
p 3 410792 33003
h 4 10.0.0.3
p 4 315140 33004
x 0 33007
p 0 224 33007
x 0 33008
p 0 222 33008
x 0 33009
p 0 225 33009
x 0 33010
p 0 224 33010
x 0 33011
p 0 267 33011
x 0 33012
p 0 225 33012
x 0 33013
p 0 223 33013
x 0 33014
p 0 228 33014
x 0 33015
p 0 273 33015
x 0 33016
p 0 222 33016
x 0 33017
p 0 222 33017
x 0 33018
p 0 238 33018
x 0 33019
p 0 234 33019
x 0 33020
p 0 230 33020
x 0 33021
p 0 225 33021
x 0 33022
p 0 258 33022
x 0 33023
p 0 224 33023
x 0 33024
p 0 221 33024
x 0 33025
p 0 221 33025
x 0 33026
p 0 223 33026
x 0 33027
p 0 219 33027
x 0 33028
p 0 220 33028
x 0 33029
p 0 275 33029
x 0 33030
p 0 228 33030
x 0 33031
p 0 223 33031
x 0 33032
p 0 222 33032
x 0 33033
p 0 224 33033
x 0 33034
p 0 227 33034
x 0 33035
p 0 222 33035
x 0 33036
p 0 325 33036
x 0 33037
p 0 224 33037
x 0 33038
p 0 224 33038
x 0 33039
p 0 233 33039
x 0 33040
p 0 233 33040
x 0 33041
p 0 225 33041
x 0 33042
p 0 221 33042
x 0 33043
p 0 260 33043
x 0 33044
p 0 223 33044
x 0 33045
p 0 222 33045
x 0 33046
p 0 222 33046
x 0 33047
p 0 286 33047
x 0 33048
p 0 223 33048
x 0 33049
p 0 400 33049
x 0 33050
p 0 231 33050
x 0 33051
p 0 274 33051
x 0 33052
p 0 230 33052
x 0 33053
p 0 218 33053
x 0 33054
p 0 222 33054
x 0 33055
p 0 220 33055
x 0 33056
p 0 221 33056
x 0 33057
p 0 224 33057
x 0 33058
p 0 220 33058
x 0 33059
p 0 221 33059
x 0 33060
p 0 226 33060
x 0 33061
p 0 223 33061
x 0 33062
p 0 226 33062
x 0 33063
p 0 265 33063
x 0 33064
p 0 222 33064
x 0 33000
x 1 33001
x 2 33002
x 3 33003
h 0 10.0.0.3
p 0 334311 33000
x 4 33004
h 4 10.0.0.3
p 4 695 33004
x 0 33005
p 0 205 33005
h 1 10.0.0.3
p 1 546473 33001
h 2 10.0.0.3
p 2 451364 33002
h 3 10.0.0.3
p 3 1012214 33003
x 0 33006
p 0 225 33006
x 0 33007
p 0 253 33007
x 0 33008
p 0 247 33008
x 0 33009
p 0 243 33009
x 0 33010
p 0 202 33010
x 0 33011
p 0 236 33011
x 0 33012
p 0 231 33012
x 0 33013
p 0 230 33013
x 0 33014
p 0 237 33014
x 0 33015
p 0 229 33015
x 0 33016
p 0 233 33016
x 0 33017
p 0 234 33017
x 0 33018
p 0 263 33018
x 0 33019
p 0 232 33019
x 0 33020
p 0 233 33020
x 0 33021
p 0 230 33021
x 0 33022
p 0 222 33022
x 0 33023
p 0 220 33023
x 0 33024
p 0 217 33024
x 0 33025
p 0 200 33025
x 0 33026
p 0 222 33026
x 0 33027
p 0 193 33027
x 0 33028
p 0 216 33028
x 0 33029
p 0 195 33029
x 0 33030
p 0 220 33030
x 0 33031
p 0 197 33031
x 0 33032
p 0 191 33032
x 0 33033
p 0 190 33033
x 0 33034
p 0 186 33034
x 0 33035
p 0 190 33035
x 0 33036
p 0 182 33036
x 0 33037
p 0 226 33037
x 0 33038
p 0 226 33038
x 0 33039
p 0 223 33039
x 0 33040
p 0 225 33040
x 0 33041
p 0 252 33041
x 0 33042
p 0 221 33042
x 0 33043
p 0 180 33043
x 0 33044
p 0 225 33044
x 0 33045
p 0 260 33045
x 0 33046
p 0 220 33046
x 0 33047
p 0 259 33047
x 0 33048
p 0 221 33048
x 0 33049
p 0 221 33049
x 0 33050
p 0 222 33050
x 0 33051
p 0 219 33051
x 0 33052
p 0 219 33052
x 0 33053
p 0 257 33053
x 0 33054
p 0 220 33054
x 0 33055
p 0 253 33055
x 0 33056
p 0 232 33056
x 0 33057
p 0 226 33057
x 0 33058
p 0 221 33058
x 0 33059
p 0 219 33059
x 0 33060
p 0 255 33060
x 0 33061
p 0 224 33061
x 0 33062
p 0 222 33062
x 0 33063
p 0 220 33063
x 0 33000
x 1 33001
x 2 33002
x 3 33003
x 4 33004
x 5 33005
h 0 10.0.0.3
p 0 565808 33000
x 6 33006
h 6 10.0.0.3
p 6 638 33006
h 1 10.0.0.3
p 1 521289 33001
h 2 10.0.0.3
p 2 434824 33002
h 3 10.0.0.3
p 3 342536 33003
h 4 10.0.0.3
p 4 250308 33004
h 5 10.0.0.3
p 5 154560 33005
x 0 33007
p 0 344 33007
x 0 33008
p 0 219 33008
x 0 33009
p 0 233 33009
x 0 33010
p 0 310 33010
x 0 33011
p 0 228 33011
x 0 33012
p 0 239 33012
x 0 33013
p 0 229 33013
x 0 33014
p 0 223 33014
x 0 33015
p 0 228 33015
x 0 33016
p 0 235 33016
x 0 33017
p 0 223 33017
x 0 33018
p 0 230 33018
x 0 33019
p 0 224 33019
x 0 33020
p 0 233 33020
x 0 33021
p 0 224 33021
x 0 33022
p 0 223 33022
x 0 33023
p 0 225 33023
x 0 33024
p 0 223 33024
x 0 33025
p 0 223 33025
x 0 33026
p 0 236 33026
x 0 33027
p 0 232 33027
x 0 33028
p 0 224 33028
x 0 33029
p 0 222 33029
x 0 33030
p 0 221 33030
x 0 33031
p 0 225 33031
x 0 33032
p 0 226 33032
x 0 33033
p 0 224 33033
x 0 33034
p 0 228 33034
x 0 33035
p 0 223 33035
x 0 33036
p 0 244 33036
x 0 33037
p 0 228 33037
x 0 33038
p 0 222 33038
x 0 33039
p 0 218 33039
x 0 33040
p 0 223 33040
x 0 33041
p 0 225 33041
x 0 33042
p 0 221 33042
x 0 33043
p 0 222 33043
x 0 33044
p 0 224 33044
x 0 33045
p 0 223 33045
x 0 33046
p 0 318 33046
x 0 33047
p 0 267 33047
x 0 33048
p 0 220 33048
x 0 33049
p 0 224 33049
x 0 33050
p 0 223 33050
x 0 33051
p 0 223 33051
x 0 33052
p 0 263 33052
x 0 33053
p 0 224 33053
x 0 33054
p 0 254 33054
x 0 33055
p 0 221 33055
x 0 33056
p 0 225 33056
x 0 33057
p 0 224 33057
x 0 33058
p 0 221 33058
x 0 33059
p 0 262 33059
x 0 33060
p 0 222 33060
x 0 33061
p 0 165 33061
x 0 33062
p 0 223 33062
x 0 33063
p 0 221 33063
x 0 33064
p 0 224 33064
x 0 33065
p 0 187 33065
x 0 33000
x 1 33001
x 2 33002
x 3 33003
x 4 33004
h 0 10.0.0.3
p 0 487893 33000
x 5 33005
h 5 10.0.0.3
p 5 1002 33005
h 1 10.0.0.3
p 1 528558 33001
h 2 10.0.0.3
p 2 440632 33002
h 3 10.0.0.3
p 3 349611 33003
h 4 10.0.0.3
p 4 258179 33004
x 0 33006
p 0 212 33006
x 0 33007
p 0 227 33007
x 0 33008
p 0 178 33008
x 0 33009
p 0 227 33009
x 0 33010
p 0 259 33010
x 0 33011
p 0 219 33011
x 0 33012
p 0 187 33012
x 0 33013
p 0 221 33013
x 0 33014
p 0 219 33014
x 0 33015
p 0 222 33015
x 0 33016
p 0 224 33016
x 0 33017
p 0 220 33017
x 0 33018
p 0 223 33018
x 0 33019
p 0 222 33019
x 0 33020
p 0 226 33020
x 0 33021
p 0 222 33021
x 0 33022
p 0 226 33022
x 0 33023
p 0 221 33023
x 0 33024
p 0 218 33024
x 0 33025
p 0 219 33025
x 0 33026
p 0 218 33026
x 0 33027
p 0 224 33027
x 0 33028
p 0 222 33028
x 0 33029
p 0 221 33029
x 0 33030
p 0 221 33030
x 0 33031
p 0 214 33031
x 0 33032
p 0 222 33032
x 0 33033
p 0 220 33033
x 0 33034
p 0 297 33034
x 0 33035
p 0 218 33035
x 0 33036
p 0 261 33036
x 0 33037
p 0 214 33037
x 0 33038
p 0 220 33038
x 0 33039
p 0 329 33039
x 0 33040
p 0 223 33040
x 0 33041
p 0 331 33041
x 0 33042
p 0 220 33042
x 0 33043
p 0 222 33043
x 0 33044
p 0 222 33044
x 0 33045
p 0 223 33045
x 0 33046
p 0 148 33046
x 0 33047
p 0 226 33047
x 0 33048
p 0 224 33048
x 0 33049
p 0 228 33049
x 0 33050
p 0 142 33050
x 0 33051
p 0 228 33051
x 0 33052
p 0 253 33052
x 0 33053
p 0 242 33053
x 0 33054
p 0 222 33054
x 0 33055
p 0 211 33055
x 0 33056
p 0 178 33056
x 0 33057
p 0 106 33057
x 0 33058
p 0 222 33058
x 0 33059
p 0 221 33059
x 0 33060
p 0 221 33060
x 0 33061
p 0 178 33061
x 0 33062
p 0 231 33062
x 0 33063
p 0 219 33063
x 0 33064
p 0 219 33064
x 0 33000
x 1 33001
x 2 33002
x 3 33003
x 4 33004
h 0 10.0.0.3
p 0 416717 33000
x 5 33005
h 5 10.0.0.3
p 5 595 33005
h 1 10.0.0.3
p 1 522912 33001
h 2 10.0.0.3
p 2 427303 33002
h 3 10.0.0.3
p 3 329946 33003
x 0 33006
p 0 178 33006
h 4 10.0.0.3
p 4 1005295 33004
x 0 33007
p 0 219 33007
x 0 33008
p 0 240 33008
x 0 33009
p 0 220 33009
x 0 33010
p 0 231 33010
x 0 33011
p 0 143 33011
x 0 33012
p 0 221 33012
x 0 33013
p 0 139 33013
x 0 33014
p 0 223 33014
x 0 33015
p 0 220 33015
x 0 33016
p 0 222 33016
x 0 33017
p 0 217 33017
x 0 33018
p 0 247 33018
x 0 33019
p 0 187 33019
x 0 33020
p 0 250 33020
x 0 33021
p 0 238 33021
x 0 33022
p 0 229 33022
x 0 33023
p 0 224 33023
x 0 33024
p 0 225 33024
x 0 33025
p 0 230 33025
x 0 33026
p 0 223 33026
x 0 33027
p 0 221 33027
x 0 33028
p 0 222 33028
x 0 33029
p 0 222 33029
x 0 33030
p 0 243 33030
x 0 33031
p 0 245 33031
x 0 33032
p 0 200 33032
x 0 33033
p 0 222 33033
x 0 33034
p 0 257 33034
x 0 33035
p 0 223 33035
x 0 33036
p 0 248 33036
x 0 33037
p 0 218 33037
x 0 33038
p 0 217 33038
x 0 33039
p 0 219 33039
x 0 33040
p 0 221 33040
x 0 33041
p 0 218 33041
x 0 33042
p 0 217 33042
x 0 33043
p 0 248 33043
x 0 33044
p 0 220 33044
x 0 33045
p 0 183 33045
x 0 33046
p 0 219 33046
x 0 33047
p 0 222 33047
x 0 33048
p 0 223 33048
x 0 33049
p 0 222 33049
x 0 33050
p 0 254 33050
x 0 33051
p 0 231 33051
x 0 33052
p 0 228 33052
x 0 33053
p 0 229 33053
x 0 33054
p 0 226 33054
x 0 33055
p 0 229 33055
x 0 33056
p 0 228 33056
x 0 33057
p 0 228 33057
x 0 33058
p 0 228 33058
x 0 33059
p 0 229 33059
x 0 33060
p 0 227 33060
x 0 33061
p 0 263 33061
x 0 33062
p 0 225 33062
x 0 33063
p 0 287 33063
x 0 33064
p 0 222 33064
x 0 33000
x 1 33001
x 2 33002
x 3 33003
x 4 33004
x 5 33005
x 6 33006
h 0 10.0.0.3
p 0 664841 33000
h 1 10.0.0.3
p 1 577703 33001
h 2 10.0.0.3
p 2 483939 33002
h 3 10.0.0.3
p 3 387960 33003
h 4 10.0.0.3
p 4 291646 33004
h 5 10.0.0.3
p 5 193097 33005
h 6 10.0.0.3
p 6 93547 33006
x 7 33007
h 7 10.0.0.3
p 7 559 33007
x 0 33008
p 0 264 33008
x 0 33009
p 0 187 33009
x 0 33010
p 0 234 33010
x 0 33011
p 0 223 33011
x 0 33012
p 0 235 33012
x 0 33013
p 0 268 33013
x 0 33014
p 0 226 33014
x 0 33015
p 0 227 33015
x 0 33016
p 0 221 33016
x 0 33017
p 0 231 33017
x 0 33018
p 0 300 33018
x 0 33019
p 0 231 33019
x 0 33020
p 0 222 33020
x 0 33021
p 0 220 33021
x 0 33022
p 0 223 33022
x 0 33023
p 0 222 33023
x 0 33024
p 0 219 33024
x 0 33025
p 0 222 33025
x 0 33026
p 0 225 33026
x 0 33027
p 0 238 33027
x 0 33028
p 0 223 33028
x 0 33029
p 0 219 33029
x 0 33030
p 0 226 33030
x 0 33031
p 0 228 33031
x 0 33032
p 0 226 33032
x 0 33033
p 0 268 33033
x 0 33034
p 0 219 33034
x 0 33035
p 0 223 33035
x 0 33036
p 0 222 33036
x 0 33037
p 0 226 33037
x 0 33038
p 0 231 33038
x 0 33039
p 0 219 33039
x 0 33040
p 0 241 33040
x 0 33041
p 0 220 33041
x 0 33042
p 0 226 33042
x 0 33043
p 0 229 33043
x 0 33044
p 0 222 33044
x 0 33045
p 0 223 33045
x 0 33046
p 0 218 33046
x 0 33047
p 0 224 33047
x 0 33048
p 0 221 33048
x 0 33049
p 0 220 33049
x 0 33050
p 0 286 33050
x 0 33051
p 0 230 33051
x 0 33052
p 0 264 33052
x 0 33053
p 0 229 33053
x 0 33054
p 0 224 33054
x 0 33055
p 0 219 33055
x 0 33056
p 0 217 33056
x 0 33057
p 0 222 33057
x 0 33058
p 0 225 33058
x 0 33059
p 0 219 33059
x 0 33060
p 0 237 33060
x 0 33061
p 0 228 33061
x 0 33062
p 0 229 33062
x 0 33063
p 0 226 33063
x 0 33064
p 0 220 33064
x 0 33065
p 0 219 33065
x 0 33066
p 0 219 33066
x 0 33000
x 1 33001
x 2 33002
x 3 33003
x 4 33004
x 5 33005
x 6 33006
h 0 10.0.0.3
p 0 671739 33000
h 1 10.0.0.3
p 1 586090 33001
h 2 10.0.0.3
p 2 492518 33002
h 3 10.0.0.3
p 3 397817 33003
x 7 33007
h 7 10.0.0.3
p 7 673 33007
h 4 10.0.0.3
p 4 301271 33004
h 5 10.0.0.3
p 5 202968 33005
h 6 10.0.0.3
p 6 104073 33006
x 0 33008
p 0 175 33008
x 0 33009
p 0 178 33009
x 0 33010
p 0 170 33010
x 0 33011
p 0 173 33011
x 0 33012
p 0 228 33012
x 0 33013
p 0 170 33013
x 0 33014
p 0 116 33014
x 0 33015
p 0 204 33015
x 0 33016
p 0 244 33016
x 0 33017
p 0 233 33017
x 0 33018
p 0 255 33018
x 0 33019
p 0 186 33019
x 0 33020
p 0 251 33020
x 0 33021
p 0 256 33021
x 0 33022
p 0 284 33022
x 0 33023
p 0 176 33023
x 0 33024
p 0 220 33024
x 0 33025
p 0 248 33025
x 0 33026
p 0 242 33026
x 0 33027
p 0 222 33027
x 0 33028
p 0 243 33028
x 0 33029
p 0 236 33029
x 0 33030
p 0 230 33030
x 0 33031
p 0 230 33031
x 0 33032
p 0 222 33032
x 0 33033
p 0 185 33033
x 0 33034
p 0 222 33034
x 0 33035
p 0 279 33035
x 0 33036
p 0 215 33036
x 0 33037
p 0 218 33037
x 0 33038
p 0 187 33038
x 0 33039
p 0 150 33039
x 0 33040
p 0 260 33040
x 0 33041
p 0 275 33041
x 0 33042
p 0 317 33042
x 0 33043
p 0 282 33043
x 0 33044
p 0 320 33044
x 0 33045
p 0 293 33045
x 0 33046
p 0 289 33046
x 0 33047
p 0 224 33047
x 0 33048
p 0 237 33048
x 0 33049
p 0 226 33049
x 0 33050
p 0 274 33050
x 0 33051
p 0 291 33051
x 0 33052
p 0 297 33052
x 0 33053
p 0 228 33053
x 0 33054
p 0 229 33054
x 0 33055
p 0 225 33055
x 0 33056
p 0 228 33056
x 0 33057
p 0 229 33057
x 0 33058
p 0 251 33058
x 0 33059
p 0 244 33059
x 0 33060
p 0 232 33060
x 0 33061
p 0 221 33061
x 0 33062
p 0 223 33062
x 0 33063
p 0 223 33063
x 0 33064
p 0 224 33064
x 0 33065
p 0 222 33065
x 0 33066
p 0 221 33066
x 0 33000
x 1 33001
x 2 33002
x 3 33003
h 0 10.0.0.3
p 0 391165 33000
x 4 33004
h 4 10.0.0.3
p 4 753 33004
x 0 33005
p 0 246 33005
h 1 10.0.0.3
p 1 558177 33001
h 2 10.0.0.3
p 2 463557 33002
h 3 10.0.0.3
p 3 367051 33003
x 0 33006
p 0 238 33006
x 0 33007
p 0 222 33007
x 0 33008
p 0 286 33008
x 0 33009
p 0 230 33009
x 0 33010
p 0 240 33010
x 0 33011
p 0 223 33011
x 0 33012
p 0 223 33012
x 0 33013
p 0 225 33013
x 0 33014
p 0 278 33014
x 0 33015
p 0 225 33015
x 0 33016
p 0 224 33016
x 0 33017
p 0 223 33017
x 0 33018
p 0 236 33018
x 0 33019
p 0 222 33019
x 0 33020
p 0 226 33020
x 0 33021
p 0 189 33021
x 0 33022
p 0 224 33022
x 0 33023
p 0 229 33023
x 0 33024
p 0 244 33024
x 0 33025
p 0 265 33025
x 0 33026
p 0 260 33026
x 0 33027
p 0 252 33027
x 0 33028
p 0 214 33028
x 0 33029
p 0 217 33029
x 0 33030
p 0 218 33030
x 0 33031
p 0 272 33031
x 0 33032
p 0 222 33032
x 0 33033
p 0 230 33033
x 0 33034
p 0 232 33034
x 0 33035
p 0 227 33035
x 0 33036
p 0 223 33036
x 0 33037
p 0 226 33037
x 0 33038
p 0 220 33038
x 0 33039
p 0 225 33039
x 0 33040
p 0 224 33040
x 0 33041
p 0 219 33041
x 0 33042
p 0 221 33042
x 0 33043
p 0 232 33043
x 0 33044
p 0 230 33044
x 0 33045
p 0 226 33045
x 0 33046
p 0 218 33046
x 0 33047
p 0 219 33047
x 0 33048
p 0 220 33048
x 0 33049
p 0 225 33049
x 0 33050
p 0 221 33050
x 0 33051
p 0 219 33051
x 0 33052
p 0 219 33052
x 0 33053
p 0 228 33053
x 0 33054
p 0 222 33054
x 0 33055
p 0 224 33055
x 0 33056
p 0 218 33056
x 0 33057
p 0 218 33057
x 0 33058
p 0 220 33058
x 0 33059
p 0 221 33059
x 0 33060
p 0 224 33060
x 0 33061
p 0 219 33061
x 0 33062
p 0 216 33062
x 0 33063
p 0 225 33063
x 0 33000
x 1 33001
x 2 33002
x 3 33003
x 4 33004
x 5 33005
h 0 10.0.0.3
p 0 550829 33000
x 6 33006
h 6 10.0.0.3
p 6 872 33006
h 1 10.0.0.3
p 1 553797 33001
h 2 10.0.0.3
p 2 462352 33002
h 3 10.0.0.3
p 3 363582 33003
h 4 10.0.0.3
p 4 268423 33004
h 5 10.0.0.3
p 5 170693 33005
x 0 33007
p 0 110 33007
x 0 33008
p 0 229 33008
x 0 33009
p 0 231 33009
x 0 33010
p 0 259 33010
x 0 33011
p 0 227 33011
x 0 33012
p 0 233 33012
x 0 33013
p 0 241 33013
x 0 33014
p 0 232 33014
x 0 33015
p 0 234 33015
x 0 33016
p 0 241 33016
x 0 33017
p 0 319 33017
x 0 33018
p 0 239 33018
x 0 33019
p 0 348 33019
x 0 33020
p 0 236 33020
x 0 33021
p 0 289 33021
x 0 33022
p 0 233 33022
x 0 33023
p 0 239 33023
x 0 33024
p 0 272 33024
x 0 33025
p 0 225 33025
x 0 33026
p 0 281 33026
x 0 33027
p 0 228 33027
x 0 33028
p 0 227 33028
x 0 33029
p 0 224 33029
x 0 33030
p 0 225 33030
x 0 33031
p 0 229 33031
x 0 33032
p 0 231 33032
x 0 33033
p 0 245 33033
x 0 33034
p 0 239 33034
x 0 33035
p 0 236 33035
x 0 33036
p 0 229 33036
x 0 33037
p 0 231 33037
x 0 33038
p 0 236 33038
x 0 33039
p 0 230 33039
x 0 33040
p 0 233 33040
x 0 33041
p 0 223 33041
x 0 33042
p 0 226 33042
x 0 33043
p 0 231 33043
x 0 33044
p 0 227 33044
x 0 33045
p 0 227 33045
x 0 33046
p 0 225 33046
x 0 33047
p 0 221 33047
x 0 33048
p 0 231 33048
x 0 33049
p 0 236 33049
x 0 33050
p 0 228 33050
x 0 33051
p 0 237 33051
x 0 33052
p 0 233 33052
x 0 33053
p 0 241 33053
x 0 33054
p 0 235 33054
x 0 33055
p 0 231 33055
x 0 33056
p 0 234 33056
x 0 33057
p 0 236 33057
x 0 33058
p 0 226 33058
x 0 33059
p 0 229 33059
x 0 33060
p 0 223 33060
x 0 33061
p 0 224 33061
x 0 33062
p 0 223 33062
x 0 33063
p 0 227 33063
x 0 33064
p 0 228 33064
x 0 33065
p 0 227 33065
x 0 33000
x 1 33001
x 2 33002
x 3 33003
x 4 33004
x 5 33005
h 0 10.0.0.3
p 0 527945 33000
x 6 33006
h 6 10.0.0.3
p 6 709 33006
h 1 10.0.0.3
p 1 530855 33001
h 2 10.0.0.3
p 2 435679 33002
h 3 10.0.0.3
p 3 339897 33003
h 4 10.0.0.3
p 4 242723 33004
x 0 33007
p 0 232 33007
h 5 10.0.0.3
p 5 1015879 33005
x 0 33008
p 0 218 33008
x 0 33009
p 0 220 33009
x 0 33010
p 0 220 33010
x 0 33011
p 0 227 33011
x 0 33012
p 0 242 33012
x 0 33013
p 0 219 33013
x 0 33014
p 0 220 33014
x 0 33015
p 0 193 33015
x 0 33016
p 0 219 33016
x 0 33017
p 0 222 33017
x 0 33018
p 0 219 33018
x 0 33019
p 0 219 33019
x 0 33020
p 0 223 33020
x 0 33021
p 0 220 33021
x 0 33022
p 0 220 33022
x 0 33023
p 0 219 33023
x 0 33024
p 0 220 33024
x 0 33025
p 0 218 33025
x 0 33026
p 0 224 33026
x 0 33027
p 0 221 33027
x 0 33028
p 0 217 33028
x 0 33029
p 0 328 33029
x 0 33030
p 0 290 33030
x 0 33031
p 0 225 33031
x 0 33032
p 0 225 33032
x 0 33033
p 0 224 33033
x 0 33034
p 0 227 33034
x 0 33035
p 0 226 33035
x 0 33036
p 0 225 33036
x 0 33037
p 0 228 33037
x 0 33038
p 0 227 33038
x 0 33039
p 0 232 33039
x 0 33040
p 0 229 33040
x 0 33041
p 0 234 33041
x 0 33042
p 0 224 33042
x 0 33043
p 0 221 33043
x 0 33044
p 0 227 33044
x 0 33045
p 0 227 33045
x 0 33046
p 0 224 33046
x 0 33047
p 0 225 33047
x 0 33048
p 0 220 33048
x 0 33049
p 0 224 33049
x 0 33050
p 0 220 33050
x 0 33051
p 0 223 33051
x 0 33052
p 0 228 33052
x 0 33053
p 0 219 33053
x 0 33054
p 0 217 33054
x 0 33055
p 0 290 33055
x 0 33056
p 0 220 33056
x 0 33057
p 0 264 33057
x 0 33058
p 0 255 33058
x 0 33059
p 0 219 33059
x 0 33060
p 0 227 33060
x 0 33061
p 0 224 33061
x 0 33062
p 0 226 33062
x 0 33063
p 0 220 33063
x 0 33064
p 0 223 33064
x 0 33065
p 0 264 33065
x 0 33000
x 1 33001
x 2 33002
x 3 33003
x 4 33004
x 5 33005
x 6 33006
h 0 10.0.0.3
p 0 677766 33000
h 1 10.0.0.3
p 1 588683 33001
h 2 10.0.0.3
p 2 492976 33002
h 3 10.0.0.3
p 3 397712 33003
x 7 33007
h 4 10.0.0.3
p 4 300566 33004
h 7 10.0.0.3
p 7 583 33007
h 5 10.0.0.3
p 5 202082 33005
h 6 10.0.0.3
p 6 102372 33006
x 0 33008
p 0 236 33008
x 0 33009
p 0 239 33009
x 0 33010
p 0 230 33010
x 0 33011
p 0 225 33011
x 0 33012
p 0 219 33012
x 0 33013
p 0 235 33013
x 0 33014
p 0 269 33014
x 0 33015
p 0 222 33015
x 0 33016
p 0 222 33016
x 0 33017
p 0 221 33017
x 0 33018
p 0 222 33018
x 0 33019
p 0 221 33019
x 0 33020
p 0 226 33020
x 0 33021
p 0 218 33021
x 0 33022
p 0 221 33022
x 0 33023
p 0 315 33023
x 0 33024
p 0 219 33024
x 0 33025
p 0 222 33025
x 0 33026
p 0 220 33026
x 0 33027
p 0 220 33027
x 0 33028
p 0 217 33028
x 0 33029
p 0 224 33029
x 0 33030
p 0 220 33030
x 0 33031
p 0 217 33031
x 0 33032
p 0 294 33032
x 0 33033
p 0 192 33033
x 0 33034
p 0 192 33034
x 0 33035
p 0 194 33035
x 0 33036
p 0 191 33036
x 0 33037
p 0 188 33037
x 0 33038
p 0 195 33038
x 0 33039
p 0 188 33039
x 0 33040
p 0 193 33040
x 0 33041
p 0 191 33041
x 0 33042
p 0 190 33042
x 0 33043
p 0 254 33043
x 0 33044
p 0 190 33044
x 0 33045
p 0 224 33045
x 0 33046
p 0 188 33046
x 0 33047
p 0 192 33047
x 0 33048
p 0 201 33048
x 0 33049
p 0 215 33049
x 0 33050
p 0 206 33050
x 0 33051
p 0 213 33051
x 0 33052
p 0 203 33052
x 0 33053
p 0 239 33053
x 0 33054
p 0 241 33054
x 0 33055
p 0 241 33055
x 0 33056
p 0 241 33056
x 0 33057
p 0 238 33057
x 0 33058
p 0 229 33058
x 0 33059
p 0 386 33059
x 0 33060
p 0 428 33060
x 0 33061
p 0 196 33061
x 0 33062
p 0 193 33062
x 0 33063
p 0 195 33063
x 0 33064
p 0 194 33064
x 0 33065
p 0 223 33065
x 0 33066
p 0 196 33066
x 0 33000
x 1 33001
h 0 10.0.0.3
p 0 189142 33000
x 2 33002
h 2 10.0.0.3
p 2 850 33002
x 0 33003
p 0 271 33003
h 1 10.0.0.3
p 1 603285 33001
x 0 33004
p 0 232 33004
x 0 33005
p 0 230 33005
x 0 33006
p 0 225 33006
x 0 33007
p 0 270 33007
x 0 33008
p 0 246 33008
x 0 33009
p 0 234 33009
x 0 33010
p 0 225 33010
x 0 33011
p 0 229 33011
x 0 33012
p 0 241 33012
x 0 33013
p 0 242 33013
x 0 33014
p 0 230 33014
x 0 33015
p 0 229 33015
x 0 33016
p 0 229 33016
x 0 33017
p 0 227 33017
x 0 33018
p 0 226 33018
x 0 33019
p 0 225 33019
x 0 33020
p 0 229 33020
x 0 33021
p 0 226 33021
x 0 33022
p 0 468 33022
x 0 33023
p 0 259 33023
x 0 33024
p 0 260 33024
x 0 33025
p 0 231 33025
x 0 33026
p 0 226 33026
x 0 33027
p 0 221 33027
x 0 33028
p 0 302 33028
x 0 33029
p 0 223 33029
x 0 33030
p 0 253 33030
x 0 33031
p 0 225 33031
x 0 33032
p 0 222 33032
x 0 33033
p 0 230 33033
x 0 33034
p 0 229 33034
x 0 33035
p 0 269 33035
x 0 33036
p 0 223 33036
x 0 33037
p 0 220 33037
x 0 33038
p 0 226 33038
x 0 33039
p 0 220 33039
x 0 33040
p 0 225 33040
x 0 33041
p 0 232 33041
x 0 33042
p 0 270 33042
x 0 33043
p 0 239 33043
x 0 33044
p 0 266 33044
x 0 33045
p 0 236 33045
x 0 33046
p 0 232 33046
x 0 33047
p 0 231 33047
x 0 33048
p 0 236 33048
x 0 33049
p 0 273 33049
x 0 33050
p 0 233 33050
x 0 33051
p 0 252 33051
x 0 33052
p 0 222 33052
x 0 33053
p 0 228 33053
x 0 33054
p 0 225 33054
x 0 33055
p 0 226 33055
x 0 33056
p 0 226 33056
x 0 33057
p 0 221 33057
x 0 33058
p 0 222 33058
x 0 33059
p 0 202 33059
x 0 33060
p 0 224 33060
x 0 33061
p 0 230 33061
x 0 33000
x 1 33001
x 2 33002
x 3 33003
x 4 33004
x 5 33005
h 0 10.0.0.3
p 0 548152 33000
x 6 33006
h 6 10.0.0.3
p 6 923 33006
h 1 10.0.0.3
p 1 509313 33001
h 2 10.0.0.3
p 2 415719 33002
h 3 10.0.0.3
p 3 319340 33003
h 4 10.0.0.3
p 4 222990 33004
h 5 10.0.0.3
p 5 124002 33005
x 0 33007
p 0 269 33007
x 0 33008
p 0 262 33008
x 0 33009
p 0 222 33009
x 0 33010
p 0 257 33010
x 0 33011
p 0 239 33011
x 0 33012
p 0 197 33012
x 0 33013
p 0 231 33013
x 0 33014
p 0 229 33014
x 0 33015
p 0 229 33015
x 0 33016
p 0 233 33016
x 0 33017
p 0 227 33017
x 0 33018
p 0 228 33018
x 0 33019
p 0 224 33019
x 0 33020
p 0 234 33020
x 0 33021
p 0 229 33021
x 0 33022
p 0 229 33022
x 0 33023
p 0 226 33023
x 0 33024
p 0 233 33024
x 0 33025
p 0 229 33025
x 0 33026
p 0 228 33026
x 0 33027
p 0 227 33027
x 0 33028
p 0 231 33028
x 0 33029
p 0 225 33029
x 0 33030
p 0 228 33030
x 0 33031
p 0 230 33031
x 0 33032
p 0 227 33032
x 0 33033
p 0 276 33033
x 0 33034
p 0 237 33034
x 0 33035
p 0 270 33035
x 0 33036
p 0 228 33036
x 0 33037
p 0 228 33037
x 0 33038
p 0 233 33038
x 0 33039
p 0 224 33039
x 0 33040
p 0 267 33040
x 0 33041
p 0 243 33041
x 0 33042
p 0 262 33042
x 0 33043
p 0 231 33043
x 0 33044
p 0 245 33044
x 0 33045
p 0 243 33045
x 0 33046
p 0 233 33046
x 0 33047
p 0 272 33047
x 0 33048
p 0 233 33048
x 0 33049
p 0 261 33049
x 0 33050
p 0 222 33050
x 0 33051
p 0 231 33051
x 0 33052
p 0 226 33052
x 0 33053
p 0 224 33053
x 0 33054
p 0 236 33054
x 0 33055
p 0 346 33055
x 0 33056
p 0 228 33056
x 0 33057
p 0 258 33057
x 0 33058
p 0 227 33058
x 0 33059
p 0 225 33059
x 0 33060
p 0 224 33060
x 0 33061
p 0 222 33061
x 0 33062
p 0 229 33062
x 0 33063
p 0 228 33063
x 0 33064
p 0 221 33064
x 0 33065
p 0 255 33065
x 0 33000
x 1 33001
x 2 33002
x 3 33003
x 4 33004
x 5 33005
h 5 10.0.0.3
p 5 822 33005
h 0 10.0.0.3
p 0 502173 33000
x 6 33006
h 6 10.0.0.3
p 6 264 33006
h 1 10.0.0.3
p 1 587786 33001
h 2 10.0.0.3
p 2 492976 33002
h 3 10.0.0.3
p 3 397169 33003
h 4 10.0.0.3
p 4 300197 33004
x 0 33007
p 0 231 33007
x 0 33008
p 0 211 33008
x 0 33009
p 0 220 33009
x 0 33010
p 0 228 33010
x 0 33011
p 0 230 33011
x 0 33012
p 0 242 33012
x 0 33013
p 0 231 33013
x 0 33014
p 0 228 33014
x 0 33015
p 0 227 33015
x 0 33016
p 0 268 33016
x 0 33017
p 0 228 33017
x 0 33018
p 0 261 33018
x 0 33019
p 0 228 33019
x 0 33020
p 0 215 33020
x 0 33021
p 0 220 33021
x 0 33022
p 0 219 33022
x 0 33023
p 0 299 33023
x 0 33024
p 0 217 33024
x 0 33025
p 0 249 33025
x 0 33026
p 0 213 33026
x 0 33027
p 0 219 33027
x 0 33028
p 0 219 33028
x 0 33029
p 0 217 33029
x 0 33030
p 0 263 33030
x 0 33031
p 0 215 33031
x 0 33032
p 0 223 33032
x 0 33033
p 0 218 33033
x 0 33034
p 0 218 33034
x 0 33035
p 0 215 33035
x 0 33036
p 0 217 33036
x 0 33037
p 0 215 33037
x 0 33038
p 0 215 33038
x 0 33039
p 0 217 33039
x 0 33040
p 0 213 33040
x 0 33041
p 0 214 33041
x 0 33042
p 0 229 33042
x 0 33043
p 0 279 33043
x 0 33044
p 0 218 33044
x 0 33045
p 0 218 33045
x 0 33046
p 0 221 33046
x 0 33047
p 0 220 33047
x 0 33048
p 0 224 33048
x 0 33049
p 0 275 33049
x 0 33050
p 0 217 33050
x 0 33051
p 0 219 33051
x 0 33052
p 0 233 33052
x 0 33053
p 0 237 33053
x 0 33054
p 0 221 33054
x 0 33055
p 0 218 33055
x 0 33056
p 0 283 33056
x 0 33057
p 0 221 33057
x 0 33058
p 0 225 33058
x 0 33059
p 0 219 33059
x 0 33060
p 0 218 33060
x 0 33061
p 0 220 33061
x 0 33062
p 0 230 33062
x 0 33063
p 0 227 33063
x 0 33064
p 0 219 33064
x 0 33065
p 0 218 33065
x 0 33000
x 1 33001
x 2 33002
h 0 10.0.0.3
p 0 275484 33000
x 3 33003
h 3 10.0.0.3
p 3 621 33003
x 0 33004
p 0 213 33004
h 1 10.0.0.3
p 1 537184 33001
h 2 10.0.0.3
p 2 442799 33002
x 0 33005
p 0 235 33005
x 0 33006
p 0 232 33006
x 0 33007
p 0 237 33007
x 0 33008
p 0 229 33008
x 0 33009
p 0 239 33009
x 0 33010
p 0 239 33010
x 0 33011
p 0 235 33011
x 0 33012
p 0 240 33012
x 0 33013
p 0 231 33013
x 0 33014
p 0 230 33014
x 0 33015
p 0 226 33015
x 0 33016
p 0 232 33016
x 0 33017
p 0 232 33017
x 0 33018
p 0 243 33018
x 0 33019
p 0 233 33019
x 0 33020
p 0 234 33020
x 0 33021
p 0 227 33021
x 0 33022
p 0 229 33022
x 0 33023
p 0 224 33023
x 0 33024
p 0 224 33024
x 0 33025
p 0 226 33025
x 0 33026
p 0 226 33026
x 0 33027
p 0 234 33027
x 0 33028
p 0 225 33028
x 0 33029
p 0 271 33029
x 0 33030
p 0 226 33030
x 0 33031
p 0 224 33031
x 0 33032
p 0 229 33032
x 0 33033
p 0 267 33033
x 0 33034
p 0 233 33034
x 0 33035
p 0 259 33035
x 0 33036
p 0 227 33036
x 0 33037
p 0 230 33037
x 0 33038
p 0 228 33038
x 0 33039
p 0 230 33039
x 0 33040
p 0 266 33040
x 0 33041
p 0 225 33041
x 0 33042
p 0 259 33042
x 0 33043
p 0 229 33043
x 0 33044
p 0 238 33044
x 0 33045
p 0 226 33045
x 0 33046
p 0 225 33046
x 0 33047
p 0 275 33047
x 0 33048
p 0 226 33048
x 0 33049
p 0 275 33049
x 0 33050
p 0 228 33050
x 0 33051
p 0 227 33051
x 0 33052
p 0 232 33052
x 0 33053
p 0 228 33053
x 0 33054
p 0 227 33054
x 0 33055
p 0 237 33055
x 0 33056
p 0 237 33056
x 0 33057
p 0 237 33057
x 0 33058
p 0 278 33058
x 0 33059
p 0 247 33059
x 0 33060
p 0 246 33060
x 0 33061
p 0 247 33061
x 0 33062
p 0 254 33062
x 0 33000
x 1 33001
x 2 33002
h 0 10.0.0.3
p 0 286392 33000
x 3 33003
h 3 10.0.0.3
p 3 716 33003
x 0 33004
p 0 232 33004
h 1 10.0.0.3
p 1 580155 33001
h 2 10.0.0.3
p 2 485363 33002
x 0 33005
p 0 229 33005
x 0 33006
p 0 251 33006
x 0 33007
p 0 258 33007
x 0 33008
p 0 228 33008
x 0 33009
p 0 270 33009
x 0 33010
p 0 225 33010
x 0 33011
p 0 222 33011
x 0 33012
p 0 224 33012
x 0 33013
p 0 227 33013
x 0 33014
p 0 226 33014
x 0 33015
p 0 224 33015
x 0 33016
p 0 234 33016
x 0 33017
p 0 225 33017
x 0 33018
p 0 235 33018
x 0 33019
p 0 287 33019
x 0 33020
p 0 223 33020
x 0 33021
p 0 225 33021
x 0 33022
p 0 225 33022
x 0 33023
p 0 223 33023
x 0 33024
p 0 223 33024
x 0 33025
p 0 225 33025
x 0 33026
p 0 223 33026
x 0 33027
p 0 227 33027
x 0 33028
p 0 227 33028
x 0 33029
p 0 229 33029
x 0 33030
p 0 220 33030
x 0 33031
p 0 219 33031
x 0 33032
p 0 132 33032
x 0 33033
p 0 225 33033
x 0 33034
p 0 225 33034
x 0 33035
p 0 224 33035
x 0 33036
p 0 226 33036
x 0 33037
p 0 87 33037
x 0 33038
p 0 222 33038
x 0 33039
p 0 199 33039
x 0 33040
p 0 195 33040
x 0 33041
p 0 221 33041
x 0 33042
p 0 221 33042
x 0 33043
p 0 218 33043
x 0 33044
p 0 266 33044
x 0 33045
p 0 225 33045
x 0 33046
p 0 225 33046
x 0 33047
p 0 226 33047
x 0 33048
p 0 223 33048
x 0 33049
p 0 224 33049
x 0 33050
p 0 221 33050
x 0 33051
p 0 220 33051
x 0 33052
p 0 222 33052
x 0 33053
p 0 224 33053
x 0 33054
p 0 224 33054
x 0 33055
p 0 238 33055
x 0 33056
p 0 247 33056
x 0 33057
p 0 224 33057
x 0 33058
p 0 278 33058
x 0 33059
p 0 224 33059
x 0 33060
p 0 222 33060
x 0 33061
p 0 219 33061
x 0 33062
p 0 223 33062
x 0 33000
x 1 33001
x 2 33002
x 3 33003
h 0 10.0.0.3
p 0 347094 33000
x 4 33004
h 4 10.0.0.3
p 4 696 33004
x 0 33005
p 0 207 33005
h 1 10.0.0.3
p 1 577061 33001
h 2 10.0.0.3
p 2 486095 33002
h 3 10.0.0.3
p 3 392744 33003
x 0 33006
p 0 227 33006
x 0 33007
p 0 230 33007
x 0 33008
p 0 261 33008
x 0 33009
p 0 224 33009
x 0 33010
p 0 150 33010
x 0 33011
p 0 233 33011
x 0 33012
p 0 248 33012
x 0 33013
p 0 227 33013
x 0 33014
p 0 232 33014
x 0 33015
p 0 230 33015
x 0 33016
p 0 230 33016
x 0 33017
p 0 232 33017
x 0 33018
p 0 230 33018
x 0 33019
p 0 227 33019
x 0 33020
p 0 225 33020
x 0 33021
p 0 229 33021
x 0 33022
p 0 231 33022
x 0 33023
p 0 226 33023
x 0 33024
p 0 229 33024
x 0 33025
p 0 241 33025
x 0 33026
p 0 253 33026
x 0 33027
p 0 227 33027
x 0 33028
p 0 228 33028
x 0 33029
p 0 228 33029
x 0 33030
p 0 294 33030
x 0 33031
p 0 228 33031
x 0 33032
p 0 231 33032
x 0 33033
p 0 223 33033
x 0 33034
p 0 223 33034
x 0 33035
p 0 234 33035
x 0 33036
p 0 229 33036
x 0 33037
p 0 226 33037
x 0 33038
p 0 229 33038
x 0 33039
p 0 226 33039
x 0 33040
p 0 230 33040
x 0 33041
p 0 259 33041
x 0 33042
p 0 229 33042
x 0 33043
p 0 233 33043
x 0 33044
p 0 233 33044
x 0 33045
p 0 233 33045
x 0 33046
p 0 226 33046
x 0 33047
p 0 229 33047
x 0 33048
p 0 231 33048
x 0 33049
p 0 229 33049
x 0 33050
p 0 233 33050
x 0 33051
p 0 233 33051
x 0 33052
p 0 230 33052
x 0 33053
p 0 231 33053
x 0 33054
p 0 229 33054
x 0 33055
p 0 231 33055
x 0 33056
p 0 229 33056
x 0 33057
p 0 231 33057
x 0 33058
p 0 229 33058
x 0 33059
p 0 250 33059
x 0 33060
p 0 227 33060
x 0 33061
p 0 232 33061
x 0 33062
p 0 269 33062
x 0 33063
p 0 230 33063
x 0 33000
x 1 33001
x 2 33002
x 3 33003
h 0 10.0.0.3
p 0 394515 33000
x 4 33004
h 4 10.0.0.3
p 4 658 33004
x 0 33005
p 0 197 33005
h 1 10.0.0.3
p 1 556721 33001
h 2 10.0.0.3
p 2 464852 33002
h 3 10.0.0.3
p 3 370133 33003
x 0 33006
p 0 225 33006
x 0 33007
p 0 225 33007
x 0 33008
p 0 229 33008
x 0 33009
p 0 223 33009
x 0 33010
p 0 111 33010
x 0 33011
p 0 220 33011
x 0 33012
p 0 223 33012
x 0 33013
p 0 221 33013
x 0 33014
p 0 216 33014
x 0 33015
p 0 220 33015
x 0 33016
p 0 224 33016
x 0 33017
p 0 220 33017
x 0 33018
p 0 220 33018
x 0 33019
p 0 218 33019
x 0 33020
p 0 219 33020
x 0 33021
p 0 214 33021
x 0 33022
p 0 220 33022
x 0 33023
p 0 218 33023
x 0 33024
p 0 223 33024
x 0 33025
p 0 220 33025
x 0 33026
p 0 264 33026
x 0 33027
p 0 252 33027
x 0 33028
p 0 220 33028
x 0 33029
p 0 221 33029
x 0 33030
p 0 221 33030
x 0 33031
p 0 219 33031
x 0 33032
p 0 221 33032
x 0 33033
p 0 257 33033
x 0 33034
p 0 317 33034
x 0 33035
p 0 219 33035
x 0 33036
p 0 217 33036
x 0 33037
p 0 219 33037
x 0 33038
p 0 215 33038
x 0 33039
p 0 216 33039
x 0 33040
p 0 270 33040
x 0 33041
p 0 219 33041
x 0 33042
p 0 220 33042
x 0 33043
p 0 216 33043
x 0 33044
p 0 216 33044
x 0 33045
p 0 221 33045
x 0 33046
p 0 221 33046
x 0 33047
p 0 221 33047
x 0 33048
p 0 221 33048
x 0 33049
p 0 274 33049
x 0 33050
p 0 226 33050
x 0 33051
p 0 220 33051
x 0 33052
p 0 233 33052
x 0 33053
p 0 231 33053
x 0 33054
p 0 221 33054
x 0 33055
p 0 222 33055
x 0 33056
p 0 219 33056
x 0 33057
p 0 224 33057
x 0 33058
p 0 251 33058
x 0 33059
p 0 228 33059
x 0 33060
p 0 225 33060
x 0 33061
p 0 238 33061
x 0 33062
p 0 223 33062
x 0 33063
p 0 221 33063
x 0 33000
x 1 33001
x 2 33002
x 3 33003
x 4 33004
h 0 10.0.0.3
p 0 482819 33000
x 5 33005
h 5 10.0.0.3
p 5 1187 33005
h 1 10.0.0.3
p 1 536477 33001
h 2 10.0.0.3
p 2 443200 33002
h 3 10.0.0.3
p 3 348496 33003
h 4 10.0.0.3
p 4 251325 33004
x 0 33006
p 0 151 33006
x 0 33007
p 0 268 33007
x 0 33008
p 0 223 33008
x 0 33009
p 0 225 33009
x 0 33010
p 0 239 33010
x 0 33011
p 0 238 33011
x 0 33012
p 0 240 33012
x 0 33013
p 0 227 33013
x 0 33014
p 0 270 33014
x 0 33015
p 0 227 33015
x 0 33016
p 0 224 33016
x 0 33017
p 0 238 33017
x 0 33018
p 0 228 33018
x 0 33019
p 0 222 33019
x 0 33020
p 0 226 33020
x 0 33021
p 0 282 33021
x 0 33022
p 0 240 33022
x 0 33023
p 0 226 33023
x 0 33024
p 0 222 33024
x 0 33025
p 0 227 33025
x 0 33026
p 0 202 33026
x 0 33027
p 0 233 33027
x 0 33028
p 0 269 33028
x 0 33029
p 0 224 33029
x 0 33030
p 0 267 33030
x 0 33031
p 0 238 33031
x 0 33032
p 0 232 33032
x 0 33033
p 0 222 33033
x 0 33034
p 0 224 33034
x 0 33035
p 0 277 33035
x 0 33036
p 0 233 33036
x 0 33037
p 0 231 33037
x 0 33038
p 0 219 33038
x 0 33039
p 0 224 33039
x 0 33040
p 0 220 33040
x 0 33041
p 0 311 33041
x 0 33042
p 0 276 33042
x 0 33043
p 0 225 33043
x 0 33044
p 0 221 33044
x 0 33045
p 0 241 33045
x 0 33046
p 0 234 33046
x 0 33047
p 0 232 33047
x 0 33048
p 0 223 33048
x 0 33049
p 0 218 33049
x 0 33050
p 0 231 33050
x 0 33051
p 0 242 33051
x 0 33052
p 0 265 33052
x 0 33053
p 0 220 33053
x 0 33054
p 0 220 33054
x 0 33055
p 0 229 33055
x 0 33056
p 0 225 33056
x 0 33057
p 0 219 33057
x 0 33058
p 0 223 33058
x 0 33059
p 0 251 33059
x 0 33060
p 0 246 33060
x 0 33061
p 0 246 33061
x 0 33062
p 0 236 33062
x 0 33063
p 0 227 33063
x 0 33064
p 0 223 33064
x 0 33000
x 1 33001
x 2 33002
x 3 33003
x 4 33004
x 5 33005
h 0 10.0.0.3
p 0 547104 33000
x 6 33006
h 6 10.0.0.3
p 6 1073 33006
h 1 10.0.0.3
p 1 563474 33001
h 2 10.0.0.3
p 2 473421 33002
h 3 10.0.0.3
p 3 378392 33003
h 4 10.0.0.3
p 4 281662 33004
h 5 10.0.0.3
p 5 183699 33005
x 0 33007
p 0 269 33007
x 0 33008
p 0 249 33008
x 0 33009
p 0 227 33009
x 0 33010
p 0 265 33010
x 0 33011
p 0 261 33011
x 0 33012
p 0 206 33012
x 0 33013
p 0 227 33013
x 0 33014
p 0 221 33014
x 0 33015
p 0 228 33015
x 0 33016
p 0 225 33016
x 0 33017
p 0 220 33017
x 0 33018
p 0 244 33018
x 0 33019
p 0 222 33019
x 0 33020
p 0 231 33020
x 0 33021
p 0 241 33021
x 0 33022
p 0 221 33022
x 0 33023
p 0 222 33023
x 0 33024
p 0 216 33024
x 0 33025
p 0 228 33025
x 0 33026
p 0 261 33026
x 0 33027
p 0 248 33027
x 0 33028
p 0 258 33028
x 0 33029
p 0 224 33029
x 0 33030
p 0 231 33030
x 0 33031
p 0 238 33031
x 0 33032
p 0 220 33032
x 0 33033
p 0 230 33033
x 0 33034
p 0 228 33034
x 0 33035
p 0 252 33035
x 0 33036
p 0 243 33036
x 0 33037
p 0 256 33037
x 0 33038
p 0 225 33038
x 0 33039
p 0 228 33039
x 0 33040
p 0 236 33040
x 0 33041
p 0 238 33041
x 0 33042
p 0 222 33042
x 0 33043
p 0 263 33043
x 0 33044
p 0 228 33044
x 0 33045
p 0 230 33045
x 0 33046
p 0 270 33046
x 0 33047
p 0 227 33047
x 0 33048
p 0 227 33048
x 0 33049
p 0 227 33049
x 0 33050
p 0 238 33050
x 0 33051
p 0 234 33051
x 0 33052
p 0 224 33052
x 0 33053
p 0 268 33053
x 0 33054
p 0 229 33054
x 0 33055
p 0 232 33055
x 0 33056
p 0 231 33056
x 0 33057
p 0 227 33057
x 0 33058
p 0 231 33058
x 0 33059
p 0 232 33059
x 0 33060
p 0 236 33060
x 0 33061
p 0 233 33061
x 0 33062
p 0 214 33062
x 0 33063
p 0 227 33063
x 0 33064
p 0 225 33064
x 0 33065
p 0 251 33065
x 0 33000
x 1 33001
x 2 33002
x 3 33003
x 4 33004
h 0 10.0.0.3
p 0 446050 33000
x 5 33005
h 5 10.0.0.3
p 5 825 33005
h 1 10.0.0.3
p 1 546790 33001
h 2 10.0.0.3
p 2 453692 33002
h 3 10.0.0.3
p 3 359822 33003
h 4 10.0.0.3
p 4 263898 33004
x 0 33006
p 0 104 33006
x 0 33007
p 0 223 33007
x 0 33008
p 0 220 33008
x 0 33009
p 0 297 33009
x 0 33010
p 0 234 33010
x 0 33011
p 0 239 33011
x 0 33012
p 0 232 33012
x 0 33013
p 0 269 33013
x 0 33014
p 0 228 33014
x 0 33015
p 0 234 33015
x 0 33016
p 0 235 33016
x 0 33017
p 0 238 33017
x 0 33018
p 0 242 33018
x 0 33019
p 0 232 33019
x 0 33020
p 0 264 33020
x 0 33021
p 0 225 33021
x 0 33022
p 0 231 33022
x 0 33023
p 0 227 33023
x 0 33024
p 0 224 33024
x 0 33025
p 0 221 33025
x 0 33026
p 0 225 33026
x 0 33027
p 0 228 33027
x 0 33028
p 0 223 33028
x 0 33029
p 0 226 33029
x 0 33030
p 0 222 33030
x 0 33031
p 0 231 33031
x 0 33032
p 0 230 33032
x 0 33033
p 0 225 33033
x 0 33034
p 0 283 33034
x 0 33035
p 0 226 33035
x 0 33036
p 0 227 33036
x 0 33037
p 0 235 33037
x 0 33038
p 0 244 33038
x 0 33039
p 0 228 33039
x 0 33040
p 0 223 33040
x 0 33041
p 0 297 33041
x 0 33042
p 0 228 33042
x 0 33043
p 0 228 33043
x 0 33044
p 0 226 33044
x 0 33045
p 0 224 33045
x 0 33046
p 0 230 33046
x 0 33047
p 0 231 33047
x 0 33048
p 0 290 33048
x 0 33049
p 0 224 33049
x 0 33050
p 0 229 33050
x 0 33051
p 0 226 33051
x 0 33052
p 0 227 33052
x 0 33053
p 0 228 33053
x 0 33054
p 0 225 33054
x 0 33055
p 0 295 33055
x 0 33056
p 0 230 33056
x 0 33057
p 0 232 33057
x 0 33058
p 0 229 33058
x 0 33059
p 0 227 33059
x 0 33060
p 0 226 33060
x 0 33061
p 0 227 33061
x 0 33062
p 0 295 33062
x 0 33063
p 0 231 33063
x 0 33064
p 0 229 33064
x 0 33000
x 1 33001
x 2 33002
x 3 33003
x 4 33004
x 5 33005
h 0 10.0.0.3
p 0 502140 33000
h 5 10.0.0.3
p 5 814 33005
x 6 33006
h 6 10.0.0.3
p 6 232 33006
h 1 10.0.0.3
p 1 525127 33001
h 2 10.0.0.3
p 2 431822 33002
h 3 10.0.0.3
p 3 335505 33003
h 4 10.0.0.3
p 4 237895 33004
x 0 33007
p 0 294 33007
x 0 33008
p 0 255 33008
x 0 33009
p 0 223 33009
x 0 33010
p 0 223 33010
x 0 33011
p 0 306 33011
x 0 33012
p 0 226 33012
x 0 33013
p 0 229 33013
x 0 33014
p 0 224 33014
x 0 33015
p 0 230 33015
x 0 33016
p 0 257 33016
x 0 33017
p 0 223 33017
x 0 33018
p 0 222 33018
x 0 33019
p 0 224 33019
x 0 33020
p 0 225 33020
x 0 33021
p 0 225 33021
x 0 33022
p 0 221 33022
x 0 33023
p 0 252 33023
x 0 33024
p 0 224 33024
x 0 33025
p 0 226 33025
x 0 33026
p 0 272 33026
x 0 33027
p 0 225 33027
x 0 33028
p 0 222 33028
x 0 33029
p 0 223 33029
x 0 33030
p 0 291 33030
x 0 33031
p 0 225 33031
x 0 33032
p 0 227 33032
x 0 33033
p 0 229 33033
x 0 33034
p 0 225 33034
x 0 33035
p 0 227 33035
x 0 33036
p 0 234 33036
x 0 33037
p 0 267 33037
x 0 33038
p 0 221 33038
x 0 33039
p 0 219 33039
x 0 33040
p 0 221 33040
x 0 33041
p 0 222 33041
x 0 33042
p 0 223 33042
x 0 33043
p 0 221 33043
x 0 33044
p 0 263 33044
x 0 33045
p 0 224 33045
x 0 33046
p 0 230 33046
x 0 33047
p 0 231 33047
x 0 33048
p 0 225 33048
x 0 33049
p 0 255 33049
x 0 33050
p 0 231 33050
x 0 33051
p 0 226 33051
x 0 33052
p 0 223 33052
x 0 33053
p 0 226 33053
x 0 33054
p 0 225 33054
x 0 33055
p 0 226 33055
x 0 33056
p 0 236 33056
x 0 33057
p 0 227 33057
x 0 33058
p 0 230 33058
x 0 33059
p 0 221 33059
x 0 33060
p 0 224 33060
x 0 33061
p 0 225 33061
x 0 33062
p 0 223 33062
x 0 33063
p 0 256 33063
x 0 33064
p 0 220 33064
x 0 33065
p 0 226 33065
x 0 33000
x 1 33001
x 2 33002
x 3 33003
x 4 33004
x 5 33005
h 0 10.0.0.3
p 0 522104 33000
x 6 33006
h 6 10.0.0.3
p 6 768 33006
h 1 10.0.0.3
p 1 605166 33001
h 2 10.0.0.3
p 2 516250 33002
h 3 10.0.0.3
p 3 427091 33003
h 4 10.0.0.3
p 4 333090 33004
x 0 33007
p 0 279 33007
h 5 10.0.0.3
p 5 1029498 33005
x 0 33008
p 0 233 33008
x 0 33009
p 0 242 33009
x 0 33010
p 0 227 33010
x 0 33011
p 0 224 33011
x 0 33012
p 0 257 33012
x 0 33013
p 0 282 33013
x 0 33014
p 0 225 33014
x 0 33015
p 0 223 33015
x 0 33016
p 0 223 33016
x 0 33017
p 0 226 33017
x 0 33018
p 0 234 33018
x 0 33019
p 0 224 33019
x 0 33020
p 0 222 33020
x 0 33021
p 0 223 33021
x 0 33022
p 0 223 33022
x 0 33023
p 0 230 33023
x 0 33024
p 0 222 33024
x 0 33025
p 0 224 33025
x 0 33026
p 0 218 33026
x 0 33027
p 0 221 33027
x 0 33028
p 0 225 33028
x 0 33029
p 0 221 33029
x 0 33030
p 0 223 33030
x 0 33031
p 0 222 33031
x 0 33032
p 0 226 33032
x 0 33033
p 0 229 33033
x 0 33034
p 0 248 33034
x 0 33035
p 0 218 33035
x 0 33036
p 0 222 33036
x 0 33037
p 0 264 33037
x 0 33038
p 0 225 33038
x 0 33039
p 0 217 33039
x 0 33040
p 0 225 33040
x 0 33041
p 0 222 33041
x 0 33042
p 0 226 33042
x 0 33043
p 0 233 33043
x 0 33044
p 0 267 33044
x 0 33045
p 0 224 33045
x 0 33046
p 0 226 33046
x 0 33047
p 0 226 33047
x 0 33048
p 0 233 33048
x 0 33049
p 0 224 33049
x 0 33050
p 0 224 33050
x 0 33051
p 0 264 33051
x 0 33052
p 0 225 33052
x 0 33053
p 0 229 33053
x 0 33054
p 0 225 33054
x 0 33055
p 0 225 33055
x 0 33056
p 0 297 33056
x 0 33057
p 0 227 33057
x 0 33058
p 0 267 33058
x 0 33059
p 0 222 33059
x 0 33060
p 0 220 33060
x 0 33061
p 0 223 33061
x 0 33062
p 0 225 33062
x 0 33063
p 0 222 33063
x 0 33064
p 0 220 33064
x 0 33065
p 0 265 33065
x 0 33000
x 1 33001
x 2 33002
x 3 33003
h 0 10.0.0.3
p 0 378269 33000
x 4 33004
h 4 10.0.0.3
p 4 1057 33004
x 0 33005
p 0 296 33005
h 1 10.0.0.3
p 1 522245 33001
h 2 10.0.0.3
p 2 439568 33002
h 3 10.0.0.3
p 3 348523 33003
x 0 33006
p 0 244 33006
x 0 33007
p 0 237 33007
x 0 33008
p 0 231 33008
x 0 33009
p 0 226 33009
x 0 33010
p 0 229 33010
x 0 33011
p 0 238 33011
x 0 33012
p 0 227 33012
x 0 33013
p 0 228 33013
x 0 33014
p 0 229 33014
x 0 33015
p 0 227 33015
x 0 33016
p 0 255 33016
x 0 33017
p 0 231 33017
x 0 33018
p 0 277 33018
x 0 33019
p 0 231 33019
x 0 33020
p 0 223 33020
x 0 33021
p 0 219 33021
x 0 33022
p 0 221 33022
x 0 33023
p 0 330 33023
x 0 33024
p 0 220 33024
x 0 33025
p 0 263 33025
x 0 33026
p 0 221 33026
x 0 33027
p 0 226 33027
x 0 33028
p 0 224 33028
x 0 33029
p 0 226 33029
x 0 33030
p 0 220 33030
x 0 33031
p 0 220 33031
x 0 33032
p 0 226 33032
x 0 33033
p 0 228 33033
x 0 33034
p 0 223 33034
x 0 33035
p 0 223 33035
x 0 33036
p 0 222 33036
x 0 33037
p 0 223 33037
x 0 33038
p 0 224 33038
x 0 33039
p 0 221 33039
x 0 33040
p 0 223 33040
x 0 33041
p 0 221 33041
x 0 33042
p 0 225 33042
x 0 33043
p 0 229 33043
x 0 33044
p 0 220 33044
x 0 33045
p 0 225 33045
x 0 33046
p 0 222 33046
x 0 33047
p 0 226 33047
x 0 33048
p 0 230 33048
x 0 33049
p 0 239 33049
x 0 33050
p 0 247 33050
x 0 33051
p 0 242 33051
x 0 33052
p 0 222 33052
x 0 33053
p 0 239 33053
x 0 33054
p 0 223 33054
x 0 33055
p 0 221 33055
x 0 33056
p 0 217 33056
x 0 33057
p 0 223 33057
x 0 33058
p 0 225 33058
x 0 33059
p 0 222 33059
x 0 33060
p 0 225 33060
x 0 33061
p 0 226 33061
x 0 33062
p 0 224 33062
x 0 33063
p 0 222 33063
x 0 33000
x 1 33001
x 2 33002
x 3 33003
h 0 10.0.0.3
p 0 396083 33000
x 4 33004
h 4 10.0.0.3
p 4 1242 33004
x 0 33005
p 0 205 33005
h 1 10.0.0.3
p 1 560604 33001
h 2 10.0.0.3
p 2 465806 33002
h 3 10.0.0.3
p 3 371544 33003
x 0 33006
p 0 165 33006
x 0 33007
p 0 232 33007
x 0 33008
p 0 260 33008
x 0 33009
p 0 228 33009
x 0 33010
p 0 123 33010
x 0 33011
p 0 229 33011
x 0 33012
p 0 225 33012
x 0 33013
p 0 228 33013
x 0 33014
p 0 314 33014
x 0 33015
p 0 260 33015
x 0 33016
p 0 229 33016
x 0 33017
p 0 234 33017
x 0 33018
p 0 231 33018
x 0 33019
p 0 227 33019
x 0 33020
p 0 227 33020
x 0 33021
p 0 227 33021
x 0 33022
p 0 228 33022
x 0 33023
p 0 222 33023
x 0 33024
p 0 230 33024
x 0 33025
p 0 228 33025
x 0 33026
p 0 221 33026
x 0 33027
p 0 235 33027
x 0 33028
p 0 234 33028
x 0 33029
p 0 229 33029
x 0 33030
p 0 232 33030
x 0 33031
p 0 225 33031
x 0 33032
p 0 226 33032
x 0 33033
p 0 257 33033
x 0 33034
p 0 229 33034
x 0 33035
p 0 229 33035
x 0 33036
p 0 226 33036
x 0 33037
p 0 227 33037
x 0 33038
p 0 279 33038
x 0 33039
p 0 232 33039
x 0 33040
p 0 261 33040
x 0 33041
p 0 227 33041
x 0 33042
p 0 226 33042
x 0 33043
p 0 227 33043
x 0 33044
p 0 227 33044
x 0 33045
p 0 295 33045
x 0 33046
p 0 233 33046
x 0 33047
p 0 230 33047
x 0 33048
p 0 230 33048
x 0 33049
p 0 231 33049
x 0 33050
p 0 229 33050
x 0 33051
p 0 225 33051
x 0 33052
p 0 228 33052
x 0 33053
p 0 229 33053
x 0 33054
p 0 229 33054
x 0 33055
p 0 230 33055
x 0 33056
p 0 229 33056
x 0 33057
p 0 234 33057
x 0 33058
p 0 229 33058
x 0 33059
p 0 227 33059
x 0 33060
p 0 228 33060
x 0 33061
p 0 227 33061
x 0 33062
p 0 227 33062
x 0 33063
p 0 223 33063
x 0 33000
x 1 33001
x 2 33002
x 3 33003
x 4 33004
h 0 10.0.0.3
p 0 496488 33000
x 5 33005
h 5 10.0.0.3
p 5 937 33005
x 0 33006
p 0 235 33006
h 1 10.0.0.3
p 1 579457 33001
h 2 10.0.0.3
p 2 485392 33002
h 3 10.0.0.3
p 3 390941 33003
h 4 10.0.0.3
p 4 294078 33004
x 0 33007
p 0 226 33007
x 0 33008
p 0 223 33008
x 0 33009
p 0 223 33009
x 0 33010
p 0 224 33010
x 0 33011
p 0 214 33011
x 0 33012
p 0 268 33012
x 0 33013
p 0 220 33013
x 0 33014
p 0 224 33014
x 0 33015
p 0 223 33015
x 0 33016
p 0 225 33016
x 0 33017
p 0 225 33017
x 0 33018
p 0 255 33018
x 0 33019
p 0 221 33019
x 0 33020
p 0 222 33020
x 0 33021
p 0 225 33021
x 0 33022
p 0 221 33022
x 0 33023
p 0 222 33023
x 0 33024
p 0 222 33024
x 0 33025
p 0 253 33025
x 0 33026
p 0 225 33026
x 0 33027
p 0 226 33027
x 0 33028
p 0 221 33028
x 0 33029
p 0 219 33029
x 0 33030
p 0 221 33030
x 0 33031
p 0 223 33031
x 0 33032
p 0 254 33032
x 0 33033
p 0 221 33033
x 0 33034
p 0 220 33034
x 0 33035
p 0 223 33035
x 0 33036
p 0 228 33036
x 0 33037
p 0 225 33037
x 0 33038
p 0 295 33038
x 0 33039
p 0 246 33039
x 0 33040
p 0 220 33040
x 0 33041
p 0 223 33041
x 0 33042
p 0 222 33042
x 0 33043
p 0 223 33043
x 0 33044
p 0 220 33044
x 0 33045
p 0 223 33045
x 0 33046
p 0 229 33046
x 0 33047
p 0 276 33047
x 0 33048
p 0 222 33048
x 0 33049
p 0 222 33049
x 0 33050
p 0 221 33050
x 0 33051
p 0 224 33051
x 0 33052
p 0 224 33052
x 0 33053
p 0 220 33053
x 0 33054
p 0 222 33054
x 0 33055
p 0 221 33055
x 0 33056
p 0 233 33056
x 0 33057
p 0 277 33057
x 0 33058
p 0 220 33058
x 0 33059
p 0 222 33059
x 0 33060
p 0 222 33060
x 0 33061
p 0 223 33061
x 0 33062
p 0 232 33062
x 0 33063
p 0 230 33063
x 0 33064
p 0 225 33064
x 0 33000
x 1 33001
x 2 33002
x 3 33003
x 4 33004
x 5 33005
h 0 10.0.0.3
p 0 589937 33000
x 6 33006
h 6 10.0.0.3
p 6 995 33006
h 1 10.0.0.3
p 1 503155 33001
h 2 10.0.0.3
p 2 411654 33002
h 3 10.0.0.3
p 3 317245 33003
h 4 10.0.0.3
p 4 219678 33004
h 5 10.0.0.3
p 5 121792 33005
x 0 33007
p 0 244 33007
x 0 33008
p 0 221 33008
x 0 33009
p 0 221 33009
x 0 33010
p 0 222 33010
x 0 33011
p 0 222 33011
x 0 33012
p 0 237 33012
x 0 33013
p 0 219 33013
x 0 33014
p 0 216 33014
x 0 33015
p 0 228 33015
x 0 33016
p 0 220 33016
x 0 33017
p 0 298 33017
x 0 33018
p 0 222 33018
x 0 33019
p 0 249 33019
x 0 33020
p 0 218 33020
x 0 33021
p 0 223 33021
x 0 33022
p 0 243 33022
x 0 33023
p 0 215 33023
x 0 33024
p 0 217 33024
x 0 33025
p 0 229 33025
x 0 33026
p 0 263 33026
x 0 33027
p 0 278 33027
x 0 33028
p 0 219 33028
x 0 33029
p 0 223 33029
x 0 33030
p 0 219 33030
x 0 33031
p 0 234 33031
x 0 33032
p 0 221 33032
x 0 33033
p 0 223 33033
x 0 33034
p 0 219 33034
x 0 33035
p 0 220 33035
x 0 33036
p 0 222 33036
x 0 33037
p 0 218 33037
x 0 33038
p 0 219 33038
x 0 33039
p 0 221 33039
x 0 33040
p 0 280 33040
x 0 33041
p 0 219 33041
x 0 33042
p 0 221 33042
x 0 33043
p 0 222 33043
x 0 33044
p 0 222 33044
x 0 33045
p 0 221 33045
x 0 33046
p 0 224 33046
x 0 33047
p 0 223 33047
x 0 33048
p 0 218 33048
x 0 33049
p 0 220 33049
x 0 33050
p 0 223 33050
x 0 33051
p 0 217 33051
x 0 33052
p 0 220 33052
x 0 33053
p 0 223 33053
x 0 33054
p 0 222 33054
x 0 33055
p 0 225 33055
x 0 33056
p 0 263 33056
x 0 33057
p 0 221 33057
x 0 33058
p 0 220 33058
x 0 33059
p 0 221 33059
x 0 33060
p 0 225 33060
x 0 33061
p 0 236 33061
x 0 33062
p 0 218 33062
x 0 33063
p 0 220 33063
x 0 33064
p 0 223 33064
x 0 33065
p 0 227 33065
x 0 33000
x 1 33001
x 2 33002
x 3 33003
x 4 33004
h 0 10.0.0.3
p 0 500224 33000
x 5 33005
h 5 10.0.0.3
p 5 831 33005
h 1 10.0.0.3
p 1 501229 33001
h 2 10.0.0.3
p 2 406423 33002
h 3 10.0.0.3
p 3 311299 33003
x 0 33006
p 0 207 33006
h 4 10.0.0.3
p 4 212713 33004
x 0 33007
p 0 223 33007
x 0 33008
p 0 247 33008
x 0 33009
p 0 279 33009
x 0 33010
p 0 224 33010
x 0 33011
p 0 227 33011
x 0 33012
p 0 229 33012
x 0 33013
p 0 231 33013
x 0 33014
p 0 226 33014
x 0 33015
p 0 229 33015
x 0 33016
p 0 323 33016
x 0 33017
p 0 225 33017
x 0 33018
p 0 251 33018
x 0 33019
p 0 226 33019
x 0 33020
p 0 227 33020
x 0 33021
p 0 217 33021
x 0 33022
p 0 228 33022
x 0 33023
p 0 223 33023
x 0 33024
p 0 225 33024
x 0 33025
p 0 226 33025
x 0 33026
p 0 224 33026
x 0 33027
p 0 226 33027
x 0 33028
p 0 229 33028
x 0 33029
p 0 230 33029
x 0 33030
p 0 229 33030
x 0 33031
p 0 229 33031
x 0 33032
p 0 234 33032
x 0 33033
p 0 232 33033
x 0 33034
p 0 239 33034
x 0 33035
p 0 230 33035
x 0 33036
p 0 235 33036
x 0 33037
p 0 235 33037
x 0 33038
p 0 264 33038
x 0 33039
p 0 224 33039
x 0 33040
p 0 223 33040
x 0 33041
p 0 224 33041
x 0 33042
p 0 222 33042
x 0 33043
p 0 223 33043
x 0 33044
p 0 227 33044
x 0 33045
p 0 226 33045
x 0 33046
p 0 225 33046
x 0 33047
p 0 222 33047
x 0 33048
p 0 224 33048
x 0 33049
p 0 225 33049
x 0 33050
p 0 253 33050
x 0 33051
p 0 222 33051
x 0 33052
p 0 228 33052
x 0 33053
p 0 223 33053
x 0 33054
p 0 258 33054
x 0 33055
p 0 224 33055
x 0 33056
p 0 226 33056
x 0 33057
p 0 225 33057
x 0 33058
p 0 224 33058
x 0 33059
p 0 224 33059
x 0 33060
p 0 305 33060
x 0 33061
p 0 220 33061
x 0 33062
p 0 230 33062
x 0 33063
p 0 225 33063
x 0 33064
p 0 229 33064
x 0 33000
x 1 33001
x 2 33002
x 3 33003
x 4 33004
h 0 10.0.0.3
p 0 501999 33000
x 5 33005
h 5 10.0.0.3
p 5 590 33005
h 1 10.0.0.3
p 1 552695 33001
h 2 10.0.0.3
p 2 459023 33002
h 3 10.0.0.3
p 3 344856 33003
h 4 10.0.0.3
p 4 266934 33004
x 0 33006
p 0 90 33006
x 0 33007
p 0 226 33007
x 0 33008
p 0 226 33008
x 0 33009
p 0 221 33009
x 0 33010
p 0 225 33010
x 0 33011
p 0 234 33011
x 0 33012
p 0 230 33012
x 0 33013
p 0 220 33013
x 0 33014
p 0 252 33014
x 0 33015
p 0 217 33015
x 0 33016
p 0 220 33016
x 0 33017
p 0 225 33017
x 0 33018
p 0 217 33018
x 0 33019
p 0 220 33019
x 0 33020
p 0 225 33020
x 0 33021
p 0 165 33021
x 0 33022
p 0 222 33022
x 0 33023
p 0 218 33023
x 0 33024
p 0 219 33024
x 0 33025
p 0 259 33025
x 0 33026
p 0 218 33026
x 0 33027
p 0 221 33027
x 0 33028
p 0 218 33028
x 0 33029
p 0 216 33029
x 0 33030
p 0 223 33030
x 0 33031
p 0 220 33031
x 0 33032
p 0 301 33032
x 0 33033
p 0 220 33033
x 0 33034
p 0 218 33034
x 0 33035
p 0 223 33035
x 0 33036
p 0 216 33036
x 0 33037
p 0 222 33037
x 0 33038
p 0 227 33038
x 0 33039
p 0 277 33039
x 0 33040
p 0 232 33040
x 0 33041
p 0 220 33041
x 0 33042
p 0 224 33042
x 0 33043
p 0 218 33043
x 0 33044
p 0 222 33044
x 0 33045
p 0 221 33045
x 0 33046
p 0 222 33046
x 0 33047
p 0 223 33047
x 0 33048
p 0 219 33048
x 0 33049
p 0 233 33049
x 0 33050
p 0 286 33050
x 0 33051
p 0 219 33051
x 0 33052
p 0 230 33052
x 0 33053
p 0 221 33053
x 0 33054
p 0 257 33054
x 0 33055
p 0 240 33055
x 0 33056
p 0 222 33056
x 0 33057
p 0 225 33057
x 0 33058
p 0 335 33058
x 0 33059
p 0 225 33059
x 0 33060
p 0 225 33060
x 0 33061
p 0 226 33061
x 0 33062
p 0 230 33062
x 0 33063
p 0 223 33063
x 0 33064
p 0 224 33064
x 0 33000
x 1 33001
x 2 33002
x 3 33003
h 0 10.0.0.3
p 0 385411 33000
x 4 33004
h 4 10.0.0.3
p 4 1141 33004
x 0 33005
p 0 277 33005
h 1 10.0.0.3
p 1 576599 33001
h 2 10.0.0.3
p 2 481544 33002
h 3 10.0.0.3
p 3 384810 33003
x 0 33006
p 0 231 33006
x 0 33007
p 0 234 33007
x 0 33008
p 0 228 33008
x 0 33009
p 0 233 33009
x 0 33010
p 0 240 33010
x 0 33011
p 0 229 33011
x 0 33012
p 0 174 33012
x 0 33013
p 0 225 33013
x 0 33014
p 0 227 33014
x 0 33015
p 0 224 33015
x 0 33016
p 0 226 33016
x 0 33017
p 0 233 33017
x 0 33018
p 0 226 33018
x 0 33019
p 0 227 33019
x 0 33020
p 0 227 33020
x 0 33021
p 0 222 33021
x 0 33022
p 0 221 33022
x 0 33023
p 0 222 33023
x 0 33024
p 0 225 33024
x 0 33025
p 0 223 33025
x 0 33026
p 0 221 33026
x 0 33027
p 0 228 33027
x 0 33028
p 0 224 33028
x 0 33029
p 0 223 33029
x 0 33030
p 0 224 33030
x 0 33031
p 0 225 33031
x 0 33032
p 0 224 33032
x 0 33033
p 0 296 33033
x 0 33034
p 0 230 33034
x 0 33035
p 0 223 33035
x 0 33036
p 0 224 33036
x 0 33037
p 0 230 33037
x 0 33038
p 0 226 33038
x 0 33039
p 0 229 33039
x 0 33040
p 0 146 33040
x 0 33041
p 0 223 33041
x 0 33042
p 0 222 33042
x 0 33043
p 0 222 33043
x 0 33044
p 0 229 33044
x 0 33045
p 0 264 33045
x 0 33046
p 0 246 33046
x 0 33047
p 0 247 33047
x 0 33048
p 0 240 33048
x 0 33049
p 0 244 33049
x 0 33050
p 0 244 33050
x 0 33051
p 0 246 33051
x 0 33052
p 0 247 33052
x 0 33053
p 0 237 33053
x 0 33054
p 0 247 33054
x 0 33055
p 0 242 33055
x 0 33056
p 0 243 33056
x 0 33057
p 0 256 33057
x 0 33058
p 0 243 33058
x 0 33059
p 0 247 33059
x 0 33060
p 0 296 33060
x 0 33061
p 0 244 33061
x 0 33062
p 0 248 33062
x 0 33063
p 0 238 33063
x 0 33000
x 1 33001
x 2 33002
x 3 33003
x 4 33004
x 5 33005
h 0 10.0.0.3
p 0 551665 33000
x 6 33006
h 6 10.0.0.3
p 6 699 33006
h 1 10.0.0.3
p 1 556325 33001
h 2 10.0.0.3
p 2 462492 33002
h 3 10.0.0.3
p 3 366579 33003
h 4 10.0.0.3
p 4 270015 33004
h 5 10.0.0.3
p 5 171951 33005
x 0 33007
p 0 186 33007
x 0 33008
p 0 246 33008
x 0 33009
p 0 123 33009
x 0 33010
p 0 224 33010
x 0 33011
p 0 292 33011
x 0 33012
p 0 231 33012
x 0 33013
p 0 224 33013
x 0 33014
p 0 231 33014
x 0 33015
p 0 251 33015
x 0 33016
p 0 232 33016
x 0 33017
p 0 221 33017
x 0 33018
p 0 222 33018
x 0 33019
p 0 225 33019
x 0 33020
p 0 249 33020
x 0 33021
p 0 222 33021
x 0 33022
p 0 220 33022
x 0 33023
p 0 222 33023
x 0 33024
p 0 216 33024
x 0 33025
p 0 224 33025
x 0 33026
p 0 227 33026
x 0 33027
p 0 272 33027
x 0 33028
p 0 223 33028
x 0 33029
p 0 219 33029
x 0 33030
p 0 220 33030
x 0 33031
p 0 220 33031
x 0 33032
p 0 221 33032
x 0 33033
p 0 224 33033
x 0 33034
p 0 221 33034
x 0 33035
p 0 221 33035
x 0 33036
p 0 222 33036
x 0 33037
p 0 227 33037
x 0 33038
p 0 219 33038
x 0 33039
p 0 223 33039
x 0 33040
p 0 225 33040
x 0 33041
p 0 218 33041
x 0 33042
p 0 224 33042
x 0 33043
p 0 227 33043
x 0 33044
p 0 227 33044
x 0 33045
p 0 229 33045
x 0 33046
p 0 225 33046
x 0 33047
p 0 226 33047
x 0 33048
p 0 225 33048
x 0 33049
p 0 205 33049
x 0 33050
p 0 221 33050
x 0 33051
p 0 223 33051
x 0 33052
p 0 225 33052
x 0 33053
p 0 264 33053
x 0 33054
p 0 223 33054
x 0 33055
p 0 223 33055
x 0 33056
p 0 219 33056
x 0 33057
p 0 230 33057
x 0 33058
p 0 223 33058
x 0 33059
p 0 223 33059
x 0 33060
p 0 223 33060
x 0 33061
p 0 219 33061
x 0 33062
p 0 231 33062
x 0 33063
p 0 227 33063
x 0 33064
p 0 219 33064
x 0 33065
p 0 221 33065
x 0 33000
x 1 33001
x 2 33002
x 3 33003
h 0 10.0.0.3
p 0 396474 33000
x 4 33004
h 4 10.0.0.3
p 4 764 33004
x 0 33005
p 0 243 33005
h 1 10.0.0.3
p 1 547830 33001
h 2 10.0.0.3
p 2 456893 33002
h 3 10.0.0.3
p 3 362158 33003
x 0 33006
p 0 231 33006
x 0 33007
p 0 265 33007
x 0 33008
p 0 236 33008
x 0 33009
p 0 227 33009
x 0 33010
p 0 125 33010
x 0 33011
p 0 222 33011
x 0 33012
p 0 231 33012
x 0 33013
p 0 236 33013
x 0 33014
p 0 227 33014
x 0 33015
p 0 220 33015
x 0 33016
p 0 220 33016
x 0 33017
p 0 221 33017
x 0 33018
p 0 224 33018
x 0 33019
p 0 222 33019
x 0 33020
p 0 222 33020
x 0 33021
p 0 219 33021
x 0 33022
p 0 247 33022
x 0 33023
p 0 232 33023
x 0 33024
p 0 221 33024
x 0 33025
p 0 221 33025
x 0 33026
p 0 223 33026
x 0 33027
p 0 223 33027
x 0 33028
p 0 227 33028
x 0 33029
p 0 239 33029
x 0 33030
p 0 227 33030
x 0 33031
p 0 163 33031
x 0 33032
p 0 223 33032
x 0 33033
p 0 228 33033
x 0 33034
p 0 232 33034
x 0 33035
p 0 226 33035
x 0 33036
p 0 255 33036
x 0 33037
p 0 222 33037
x 0 33038
p 0 224 33038
x 0 33039
p 0 231 33039
x 0 33040
p 0 227 33040
x 0 33041
p 0 229 33041
x 0 33042
p 0 225 33042
x 0 33043
p 0 225 33043
x 0 33044
p 0 233 33044
x 0 33045
p 0 227 33045
x 0 33046
p 0 230 33046
x 0 33047
p 0 220 33047
x 0 33048
p 0 281 33048
x 0 33049
p 0 232 33049
x 0 33050
p 0 270 33050
x 0 33051
p 0 230 33051
x 0 33052
p 0 223 33052
x 0 33053
p 0 220 33053
x 0 33054
p 0 226 33054
x 0 33055
p 0 222 33055
x 0 33056
p 0 224 33056
x 0 33057
p 0 222 33057
x 0 33058
p 0 258 33058
x 0 33059
p 0 226 33059
x 0 33060
p 0 227 33060
x 0 33061
p 0 231 33061
x 0 33062
p 0 220 33062
x 0 33063
p 0 228 33063
x 0 33000
x 1 33001
x 2 33002
x 3 33003
x 4 33004
x 5 33005
h 0 10.0.0.3
p 0 550741 33000
x 6 33006
h 6 10.0.0.3
p 6 861 33006
h 1 10.0.0.3
p 1 567006 33001
h 2 10.0.0.3
p 2 474574 33002
h 3 10.0.0.3
p 3 379991 33003
h 4 10.0.0.3
p 4 284185 33004
h 5 10.0.0.3
p 5 186862 33005
x 0 33007
p 0 285 33007
x 0 33008
p 0 230 33008
x 0 33009
p 0 229 33009
x 0 33010
p 0 237 33010
x 0 33011
p 0 257 33011
x 0 33012
p 0 232 33012
x 0 33013
p 0 225 33013
x 0 33014
p 0 227 33014
x 0 33015
p 0 222 33015
x 0 33016
p 0 225 33016
x 0 33017
p 0 223 33017
x 0 33018
p 0 220 33018
x 0 33019
p 0 270 33019
x 0 33020
p 0 188 33020
x 0 33021
p 0 217 33021
x 0 33022
p 0 225 33022
x 0 33023
p 0 221 33023
x 0 33024
p 0 219 33024
x 0 33025
p 0 220 33025
x 0 33026
p 0 217 33026
x 0 33027
p 0 221 33027
x 0 33028
p 0 216 33028
x 0 33029
p 0 221 33029
x 0 33030
p 0 214 33030
x 0 33031
p 0 219 33031
x 0 33032
p 0 226 33032
x 0 33033
p 0 223 33033
x 0 33034
p 0 219 33034
x 0 33035
p 0 224 33035
x 0 33036
p 0 219 33036
x 0 33037
p 0 220 33037
x 0 33038
p 0 224 33038
x 0 33039
p 0 220 33039
x 0 33040
p 0 225 33040
x 0 33041
p 0 221 33041
x 0 33042
p 0 233 33042
x 0 33043
p 0 227 33043
x 0 33044
p 0 222 33044
x 0 33045
p 0 223 33045
x 0 33046
p 0 219 33046
x 0 33047
p 0 306 33047
x 0 33048
p 0 218 33048
x 0 33049
p 0 222 33049
x 0 33050
p 0 224 33050
x 0 33051
p 0 217 33051
x 0 33052
p 0 232 33052
x 0 33053
p 0 232 33053
x 0 33054
p 0 222 33054
x 0 33055
p 0 223 33055
x 0 33056
p 0 219 33056
x 0 33057
p 0 219 33057
x 0 33058
p 0 219 33058
x 0 33059
p 0 220 33059
x 0 33060
p 0 235 33060
x 0 33061
p 0 220 33061
x 0 33062
p 0 224 33062
x 0 33063
p 0 233 33063
x 0 33064
p 0 268 33064
x 0 33065
p 0 259 33065
x 0 33000
x 1 33001
x 2 33002
x 3 33003
x 4 33004
x 5 33005
h 0 10.0.0.3
p 0 565821 33000
x 6 33006
h 6 10.0.0.3
p 6 821 33006
h 1 10.0.0.3
p 1 591031 33001
h 2 10.0.0.3
p 2 497240 33002
h 3 10.0.0.3
p 3 399494 33003
h 4 10.0.0.3
p 4 303339 33004
h 5 10.0.0.3
p 5 204907 33005
x 0 33007
p 0 308 33007
x 0 33008
p 0 230 33008
x 0 33009
p 0 228 33009
x 0 33010
p 0 236 33010
x 0 33011
p 0 250 33011
x 0 33012
p 0 274 33012
x 0 33013
p 0 229 33013
x 0 33014
p 0 230 33014
x 0 33015
p 0 228 33015
x 0 33016
p 0 224 33016
x 0 33017
p 0 225 33017
x 0 33018
p 0 226 33018
x 0 33019
p 0 175 33019
x 0 33020
p 0 231 33020
x 0 33021
p 0 235 33021
x 0 33022
p 0 225 33022
x 0 33023
p 0 223 33023
x 0 33024
p 0 223 33024
x 0 33025
p 0 258 33025
x 0 33026
p 0 224 33026
x 0 33027
p 0 227 33027
x 0 33028
p 0 226 33028
x 0 33029
p 0 220 33029
x 0 33030
p 0 241 33030
x 0 33031
p 0 240 33031
x 0 33032
p 0 321 33032
x 0 33033
p 0 226 33033
x 0 33034
p 0 294 33034
x 0 33035
p 0 173 33035
x 0 33036
p 0 228 33036
x 0 33037
p 0 226 33037
x 0 33038
p 0 168 33038
x 0 33039
p 0 172 33039
x 0 33040
p 0 231 33040
x 0 33041
p 0 173 33041
x 0 33042
p 0 241 33042
x 0 33043
p 0 227 33043
x 0 33044
p 0 243 33044
x 0 33045
p 0 172 33045
x 0 33046
p 0 172 33046
x 0 33047
p 0 233 33047
x 0 33048
p 0 170 33048
x 0 33049
p 0 169 33049
x 0 33050
p 0 228 33050
x 0 33051
p 0 168 33051
x 0 33052
p 0 237 33052
x 0 33053
p 0 169 33053
x 0 33054
p 0 171 33054
x 0 33055
p 0 177 33055
x 0 33056
p 0 288 33056
x 0 33057
p 0 213 33057
x 0 33058
p 0 176 33058
x 0 33059
p 0 177 33059
x 0 33060
p 0 186 33060
x 0 33061
p 0 183 33061
x 0 33062
p 0 244 33062
x 0 33063
p 0 240 33063
x 0 33064
p 0 235 33064
x 0 33065
p 0 283 33065
