x 0 33000
x 1 33001
x 2 33002
x 3 33003
x 4 33004
x 5 33005
x 6 33006
x 7 33007
x 8 33008
x 9 33009
x 10 33010
x 11 33011
x 12 33012
h 0 10.0.0.4
p 0 1218805 33000
h 2 10.0.0.4
p 2 1020113 33002
h 10 10.0.0.4
p 10 221830 33010
h 1 10.0.0.4
p 1 1128617 33001
h 3 10.0.0.4
p 3 929426 33003
h 4 10.0.0.4
p 4 830693 33004
h 5 10.0.0.4
p 5 731741 33005
h 9 10.0.0.4
p 9 332067 33009
h 8 10.0.0.4
p 8 433494 33008
h 6 10.0.0.4
p 6 635628 33006
h 7 10.0.0.4
p 7 536478 33007
x 13 33013
h 13 10.0.0.4
p 13 264 33013
x 0 33014
p 0 220 33014
h 11 10.0.0.4
p 11 383477 33011
h 12 10.0.0.4
p 12 1009128 33012
x 0 33015
p 0 191 33015
x 0 33016
p 0 199 33016
x 0 33017
p 0 242 33017
x 0 33018
p 0 257 33018
x 0 33019
p 0 246 33019
x 0 33020
p 0 233 33020
x 0 33021
p 0 246 33021
x 0 33022
p 0 252 33022
x 0 33023
p 0 274 33023
x 0 33024
p 0 226 33024
x 0 33025
p 0 262 33025
x 0 33026
p 0 271 33026
x 0 33027
p 0 233 33027
x 0 33028
p 0 235 33028
x 0 33029
p 0 239 33029
x 0 33030
p 0 268 33030
x 0 33031
p 0 239 33031
x 0 33032
p 0 237 33032
x 0 33033
p 0 233 33033
x 0 33034
p 0 246 33034
x 0 33035
p 0 228 33035
x 0 33036
p 0 248 33036
x 0 33037
p 0 271 33037
x 0 33038
p 0 233 33038
x 0 33039
p 0 246 33039
x 0 33040
p 0 223 33040
x 0 33041
p 0 245 33041
x 0 33042
p 0 232 33042
x 0 33043
p 0 269 33043
x 0 33044
p 0 284 33044
x 0 33045
p 0 223 33045
x 0 33046
p 0 288 33046
x 0 33047
p 0 234 33047
x 0 33048
p 0 271 33048
x 0 33049
p 0 241 33049
x 0 33050
p 0 225 33050
x 0 33051
p 0 245 33051
x 0 33052
p 0 299 33052
x 0 33053
p 0 237 33053
x 0 33054
p 0 247 33054
x 0 33055
p 0 230 33055
x 0 33056
p 0 272 33056
x 0 33057
p 0 256 33057
x 0 33058
p 0 238 33058
x 0 33059
p 0 251 33059
x 0 33060
p 0 242 33060
x 0 33061
p 0 262 33061
x 0 33062
p 0 259 33062
x 0 33063
p 0 247 33063
x 0 33064
p 0 246 33064
x 0 33065
p 0 264 33065
x 0 33066
p 0 250 33066
x 0 33067
p 0 236 33067
x 0 33068
p 0 245 33068
x 0 33069
p 0 252 33069
x 0 33070
p 0 233 33070
x 0 33071
p 0 247 33071
x 0 33072
p 0 273 33072
x 0 33000
x 1 33001
x 2 33002
x 3 33003
h 0 10.0.0.4
p 0 369243 33000
x 4 33004
h 4 10.0.0.4
p 4 821 33004
x 0 33005
p 0 268 33005
h 1 10.0.0.4
p 1 606000 33001
h 2 10.0.0.4
p 2 518852 33002
h 3 10.0.0.4
p 3 425233 33003
x 0 33006
p 0 214 33006
x 0 33007
p 0 262 33007
x 0 33008
p 0 231 33008
x 0 33009
p 0 202 33009
x 0 33010
p 0 252 33010
x 0 33011
p 0 247 33011
x 0 33012
p 0 283 33012
x 0 33013
p 0 276 33013
x 0 33014
p 0 228 33014
x 0 33015
p 0 237 33015
x 0 33016
p 0 238 33016
x 0 33017
p 0 236 33017
x 0 33018
p 0 236 33018
x 0 33019
p 0 283 33019
x 0 33020
p 0 238 33020
x 0 33021
p 0 239 33021
x 0 33022
p 0 239 33022
x 0 33023
p 0 240 33023
x 0 33024
p 0 236 33024
x 0 33025
p 0 238 33025
x 0 33026
p 0 282 33026
x 0 33027
p 0 239 33027
x 0 33028
p 0 238 33028
x 0 33029
p 0 233 33029
x 0 33030
p 0 242 33030
x 0 33031
p 0 242 33031
x 0 33032
p 0 271 33032
x 0 33033
p 0 244 33033
x 0 33034
p 0 242 33034
x 0 33035
p 0 237 33035
x 0 33036
p 0 246 33036
x 0 33037
p 0 243 33037
x 0 33038
p 0 242 33038
x 0 33039
p 0 244 33039
x 0 33040
p 0 249 33040
x 0 33041
p 0 323 33041
x 0 33042
p 0 286 33042
x 0 33043
p 0 277 33043
x 0 33044
p 0 238 33044
x 0 33045
p 0 244 33045
x 0 33046
p 0 248 33046
x 0 33047
p 0 239 33047
x 0 33048
p 0 276 33048
x 0 33049
p 0 122 33049
x 0 33050
p 0 119 33050
x 0 33051
p 0 239 33051
x 0 33052
p 0 244 33052
x 0 33053
p 0 238 33053
x 0 33054
p 0 235 33054
x 0 33055
p 0 241 33055
x 0 33056
p 0 233 33056
x 0 33057
p 0 237 33057
x 0 33058
p 0 250 33058
x 0 33059
p 0 234 33059
x 0 33060
p 0 235 33060
x 0 33061
p 0 249 33061
x 0 33062
p 0 235 33062
x 0 33063
p 0 230 33063
x 0 33000
x 1 33001
h 0 10.0.0.4
p 0 123121 33000
x 2 33002
h 2 10.0.0.4
p 2 869 33002
x 0 33003
p 0 289 33003
h 1 10.0.0.4
p 1 1012236 33001
x 0 33004
p 0 245 33004
x 0 33005
p 0 248 33005
x 0 33006
p 0 250 33006
x 0 33007
p 0 241 33007
x 0 33008
p 0 240 33008
x 0 33009
p 0 240 33009
x 0 33010
p 0 238 33010
x 0 33011
p 0 237 33011
x 0 33012
p 0 239 33012
x 0 33013
p 0 230 33013
x 0 33014
p 0 231 33014
x 0 33015
p 0 266 33015
x 0 33016
p 0 228 33016
x 0 33017
p 0 234 33017
x 0 33018
p 0 234 33018
x 0 33019
p 0 279 33019
x 0 33020
p 0 232 33020
x 0 33021
p 0 232 33021
x 0 33022
p 0 226 33022
x 0 33023
p 0 235 33023
x 0 33024
p 0 227 33024
x 0 33025
p 0 230 33025
x 0 33026
p 0 225 33026
x 0 33027
p 0 236 33027
x 0 33028
p 0 259 33028
x 0 33029
p 0 230 33029
x 0 33030
p 0 227 33030
x 0 33031
p 0 225 33031
x 0 33032
p 0 227 33032
x 0 33033
p 0 235 33033
x 0 33034
p 0 230 33034
x 0 33035
p 0 235 33035
x 0 33036
p 0 229 33036
x 0 33037
p 0 244 33037
x 0 33038
p 0 248 33038
x 0 33039
p 0 388 33039
x 0 33040
p 0 271 33040
x 0 33041
p 0 247 33041
x 0 33042
p 0 278 33042
x 0 33043
p 0 236 33043
x 0 33044
p 0 230 33044
x 0 33045
p 0 229 33045
x 0 33046
p 0 229 33046
x 0 33047
p 0 233 33047
x 0 33048
p 0 249 33048
x 0 33049
p 0 235 33049
x 0 33050
p 0 251 33050
x 0 33051
p 0 233 33051
x 0 33052
p 0 232 33052
x 0 33053
p 0 239 33053
x 0 33054
p 0 239 33054
x 0 33055
p 0 269 33055
x 0 33056
p 0 236 33056
x 0 33057
p 0 252 33057
x 0 33058
p 0 239 33058
x 0 33059
p 0 235 33059
x 0 33060
p 0 280 33060
x 0 33061
p 0 234 33061
x 0 33000
x 1 33001
x 2 33002
x 3 33003
x 4 33004
h 4 10.0.0.4
p 4 1366 33004
h 0 10.0.0.4
p 0 403243 33000
x 5 33005
h 5 10.0.0.4
p 5 283 33005
x 0 33006
p 0 251 33006
h 1 10.0.0.4
p 1 586242 33001
h 2 10.0.0.4
p 2 496915 33002
h 3 10.0.0.4
p 3 407263 33003
x 0 33007
p 0 282 33007
x 0 33008
p 0 242 33008
x 0 33009
p 0 224 33009
x 0 33010
p 0 268 33010
x 0 33011
p 0 234 33011
x 0 33012
p 0 222 33012
x 0 33013
p 0 224 33013
x 0 33014
p 0 197 33014
x 0 33015
p 0 222 33015
x 0 33016
p 0 224 33016
x 0 33017
p 0 332 33017
x 0 33018
p 0 281 33018
x 0 33019
p 0 281 33019
x 0 33020
p 0 235 33020
x 0 33021
p 0 259 33021
x 0 33022
p 0 226 33022
x 0 33023
p 0 232 33023
x 0 33024
p 0 262 33024
x 0 33025
p 0 227 33025
x 0 33026
p 0 229 33026
x 0 33027
p 0 230 33027
x 0 33028
p 0 229 33028
x 0 33029
p 0 277 33029
x 0 33030
p 0 223 33030
x 0 33031
p 0 253 33031
x 0 33032
p 0 219 33032
x 0 33033
p 0 221 33033
x 0 33034
p 0 219 33034
x 0 33035
p 0 222 33035
x 0 33036
p 0 285 33036
x 0 33037
p 0 232 33037
x 0 33038
p 0 264 33038
x 0 33039
p 0 230 33039
x 0 33040
p 0 236 33040
x 0 33041
p 0 231 33041
x 0 33042
p 0 230 33042
x 0 33043
p 0 276 33043
x 0 33044
p 0 296 33044
x 0 33045
p 0 269 33045
x 0 33046
p 0 231 33046
x 0 33047
p 0 222 33047
x 0 33048
p 0 227 33048
x 0 33049
p 0 221 33049
x 0 33050
p 0 262 33050
x 0 33051
p 0 221 33051
x 0 33052
p 0 225 33052
x 0 33053
p 0 233 33053
x 0 33054
p 0 234 33054
x 0 33055
p 0 234 33055
x 0 33056
p 0 230 33056
x 0 33057
p 0 277 33057
x 0 33058
p 0 234 33058
x 0 33059
p 0 234 33059
x 0 33060
p 0 236 33060
x 0 33061
p 0 230 33061
x 0 33062
p 0 233 33062
x 0 33063
p 0 224 33063
x 0 33064
p 0 221 33064
x 0 33000
x 1 33001
x 2 33002
h 0 10.0.0.4
p 0 221392 33000
x 3 33003
h 3 10.0.0.4
p 3 954 33003
x 0 33004
p 0 254 33004
h 1 10.0.0.4
p 1 557296 33001
h 2 10.0.0.4
p 2 1032445 33002
x 0 33005
p 0 224 33005
x 0 33006
p 0 273 33006
x 0 33007
p 0 223 33007
x 0 33008
p 0 223 33008
x 0 33009
p 0 233 33009
x 0 33010
p 0 224 33010
x 0 33011
p 0 222 33011
x 0 33012
p 0 223 33012
x 0 33013
p 0 221 33013
x 0 33014
p 0 221 33014
x 0 33015
p 0 222 33015
x 0 33016
p 0 218 33016
x 0 33017
p 0 217 33017
x 0 33018
p 0 217 33018
x 0 33019
p 0 222 33019
x 0 33020
p 0 218 33020
x 0 33021
p 0 222 33021
x 0 33022
p 0 215 33022
x 0 33023
p 0 219 33023
x 0 33024
p 0 224 33024
x 0 33025
p 0 219 33025
x 0 33026
p 0 215 33026
x 0 33027
p 0 217 33027
x 0 33028
p 0 220 33028
x 0 33029
p 0 224 33029
x 0 33030
p 0 222 33030
x 0 33031
p 0 220 33031
x 0 33032
p 0 219 33032
x 0 33033
p 0 219 33033
x 0 33034
p 0 216 33034
x 0 33035
p 0 221 33035
x 0 33036
p 0 220 33036
x 0 33037
p 0 220 33037
x 0 33038
p 0 219 33038
x 0 33039
p 0 219 33039
x 0 33040
p 0 223 33040
x 0 33041
p 0 221 33041
x 0 33042
p 0 220 33042
x 0 33043
p 0 241 33043
x 0 33044
p 0 221 33044
x 0 33045
p 0 217 33045
x 0 33046
p 0 216 33046
x 0 33047
p 0 215 33047
x 0 33048
p 0 223 33048
x 0 33049
p 0 219 33049
x 0 33050
p 0 216 33050
x 0 33051
p 0 219 33051
x 0 33052
p 0 219 33052
x 0 33053
p 0 255 33053
x 0 33054
p 0 249 33054
x 0 33055
p 0 222 33055
x 0 33056
p 0 226 33056
x 0 33057
p 0 222 33057
x 0 33058
p 0 223 33058
x 0 33059
p 0 222 33059
x 0 33060
p 0 220 33060
x 0 33061
p 0 217 33061
x 0 33062
p 0 221 33062
x 0 33000
x 1 33001
x 2 33002
x 3 33003
x 4 33004
x 5 33005
h 5 10.0.0.4
p 5 1327 33005
h 0 10.0.0.4
p 0 503067 33000
x 6 33006
h 6 10.0.0.4
p 6 118 33006
h 1 10.0.0.4
p 1 585819 33001
h 2 10.0.0.4
p 2 492226 33002
h 3 10.0.0.4
p 3 396985 33003
h 4 10.0.0.4
p 4 301127 33004
x 0 33007
p 0 190 33007
x 0 33008
p 0 223 33008
x 0 33009
p 0 271 33009
x 0 33010
p 0 229 33010
x 0 33011
p 0 220 33011
x 0 33012
p 0 229 33012
x 0 33013
p 0 201 33013
x 0 33014
p 0 213 33014
x 0 33015
p 0 197 33015
x 0 33016
p 0 224 33016
x 0 33017
p 0 195 33017
x 0 33018
p 0 188 33018
x 0 33019
p 0 197 33019
x 0 33020
p 0 193 33020
x 0 33021
p 0 247 33021
x 0 33022
p 0 191 33022
x 0 33023
p 0 221 33023
x 0 33024
p 0 198 33024
x 0 33025
p 0 197 33025
x 0 33026
p 0 183 33026
x 0 33027
p 0 181 33027
x 0 33028
p 0 189 33028
x 0 33029
p 0 148 33029
x 0 33030
p 0 260 33030
x 0 33031
p 0 225 33031
x 0 33032
p 0 158 33032
x 0 33033
p 0 230 33033
x 0 33034
p 0 279 33034
x 0 33035
p 0 287 33035
x 0 33036
p 0 231 33036
x 0 33037
p 0 284 33037
x 0 33038
p 0 233 33038
x 0 33039
p 0 224 33039
x 0 33040
p 0 237 33040
x 0 33041
p 0 230 33041
x 0 33042
p 0 290 33042
x 0 33043
p 0 233 33043
x 0 33044
p 0 248 33044
x 0 33045
p 0 239 33045
x 0 33046
p 0 226 33046
x 0 33047
p 0 233 33047
x 0 33048
p 0 225 33048
x 0 33049
p 0 264 33049
x 0 33050
p 0 316 33050
x 0 33051
p 0 227 33051
x 0 33052
p 0 246 33052
x 0 33053
p 0 234 33053
x 0 33054
p 0 248 33054
x 0 33055
p 0 245 33055
x 0 33056
p 0 231 33056
x 0 33057
p 0 250 33057
x 0 33058
p 0 233 33058
x 0 33059
p 0 245 33059
x 0 33060
p 0 239 33060
x 0 33061
p 0 231 33061
x 0 33062
p 0 248 33062
x 0 33063
p 0 225 33063
x 0 33064
p 0 264 33064
x 0 33065
p 0 245 33065
x 0 33000
x 1 33001
h 0 10.0.0.4
p 0 126525 33000
x 2 33002
h 2 10.0.0.4
p 2 667 33002
x 0 33003
p 0 195 33003
h 1 10.0.0.4
p 1 1026980 33001
x 0 33004
p 0 283 33004
x 0 33005
p 0 221 33005
x 0 33006
p 0 229 33006
x 0 33007
p 0 236 33007
x 0 33008
p 0 183 33008
x 0 33009
p 0 319 33009
x 0 33010
p 0 232 33010
x 0 33011
p 0 228 33011
x 0 33012
p 0 221 33012
x 0 33013
p 0 232 33013
x 0 33014
p 0 234 33014
x 0 33015
p 0 249 33015
x 0 33016
p 0 247 33016
x 0 33017
p 0 237 33017
x 0 33018
p 0 296 33018
x 0 33019
p 0 253 33019
x 0 33020
p 0 237 33020
x 0 33021
p 0 239 33021
x 0 33022
p 0 237 33022
x 0 33023
p 0 310 33023
x 0 33024
p 0 305 33024
x 0 33025
p 0 261 33025
x 0 33026
p 0 227 33026
x 0 33027
p 0 226 33027
x 0 33028
p 0 268 33028
x 0 33029
p 0 261 33029
x 0 33030
p 0 291 33030
x 0 33031
p 0 236 33031
x 0 33032
p 0 236 33032
x 0 33033
p 0 245 33033
x 0 33034
p 0 239 33034
x 0 33035
p 0 236 33035
x 0 33036
p 0 236 33036
x 0 33037
p 0 274 33037
x 0 33038
p 0 267 33038
x 0 33039
p 0 258 33039
x 0 33040
p 0 236 33040
x 0 33041
p 0 228 33041
x 0 33042
p 0 222 33042
x 0 33043
p 0 182 33043
x 0 33044
p 0 230 33044
x 0 33045
p 0 268 33045
x 0 33046
p 0 291 33046
x 0 33047
p 0 240 33047
x 0 33048
p 0 279 33048
x 0 33049
p 0 283 33049
x 0 33050
p 0 280 33050
x 0 33051
p 0 242 33051
x 0 33052
p 0 265 33052
x 0 33053
p 0 246 33053
x 0 33054
p 0 249 33054
x 0 33055
p 0 243 33055
x 0 33056
p 0 245 33056
x 0 33057
p 0 292 33057
x 0 33058
p 0 270 33058
x 0 33059
p 0 295 33059
x 0 33060
p 0 231 33060
x 0 33061
p 0 229 33061
x 0 33000
x 1 33001
x 2 33002
x 3 33003
x 4 33004
h 0 10.0.0.4
p 0 466224 33000
x 5 33005
h 5 10.0.0.4
p 5 836 33005
h 1 10.0.0.4
p 1 535100 33001
h 2 10.0.0.4
p 2 449350 33002
h 3 10.0.0.4
p 3 359743 33003
h 4 10.0.0.4
p 4 266541 33004
x 0 33006
p 0 193 33006
x 0 33007
p 0 226 33007
x 0 33008
p 0 238 33008
x 0 33009
p 0 224 33009
x 0 33010
p 0 264 33010
x 0 33011
p 0 255 33011
x 0 33012
p 0 241 33012
x 0 33013
p 0 227 33013
x 0 33014
p 0 228 33014
x 0 33015
p 0 228 33015
x 0 33016
p 0 239 33016
x 0 33017
p 0 244 33017
x 0 33018
p 0 242 33018
x 0 33019
p 0 242 33019
x 0 33020
p 0 241 33020
x 0 33021
p 0 284 33021
x 0 33022
p 0 244 33022
x 0 33023
p 0 239 33023
x 0 33024
p 0 236 33024
x 0 33025
p 0 235 33025
x 0 33026
p 0 231 33026
x 0 33027
p 0 232 33027
x 0 33028
p 0 284 33028
x 0 33029
p 0 235 33029
x 0 33030
p 0 236 33030
x 0 33031
p 0 159 33031
x 0 33032
p 0 235 33032
x 0 33033
p 0 232 33033
x 0 33034
p 0 225 33034
x 0 33035
p 0 230 33035
x 0 33036
p 0 279 33036
x 0 33037
p 0 234 33037
x 0 33038
p 0 233 33038
x 0 33039
p 0 235 33039
x 0 33040
p 0 234 33040
x 0 33041
p 0 273 33041
x 0 33042
p 0 219 33042
x 0 33043
p 0 220 33043
x 0 33044
p 0 232 33044
x 0 33045
p 0 230 33045
x 0 33046
p 0 165 33046
x 0 33047
p 0 253 33047
x 0 33048
p 0 233 33048
x 0 33049
p 0 229 33049
x 0 33050
p 0 229 33050
x 0 33051
p 0 236 33051
x 0 33052
p 0 229 33052
x 0 33053
p 0 226 33053
x 0 33054
p 0 228 33054
x 0 33055
p 0 226 33055
x 0 33056
p 0 231 33056
x 0 33057
p 0 233 33057
x 0 33058
p 0 223 33058
x 0 33059
p 0 227 33059
x 0 33060
p 0 227 33060
x 0 33061
p 0 234 33061
x 0 33062
p 0 231 33062
x 0 33063
p 0 227 33063
x 0 33064
p 0 223 33064
x 0 33000
x 1 33001
h 0 10.0.0.4
p 0 171732 33000
x 2 33002
h 2 10.0.0.4
p 2 790 33002
x 0 33003
p 0 229 33003
h 1 10.0.0.4
p 1 562825 33001
x 0 33004
p 0 233 33004
x 0 33005
p 0 224 33005
x 0 33006
p 0 227 33006
x 0 33007
p 0 231 33007
x 0 33008
p 0 151 33008
x 0 33009
p 0 235 33009
x 0 33010
p 0 225 33010
x 0 33011
p 0 235 33011
x 0 33012
p 0 225 33012
x 0 33013
p 0 240 33013
x 0 33014
p 0 253 33014
x 0 33015
p 0 228 33015
x 0 33016
p 0 228 33016
x 0 33017
p 0 227 33017
x 0 33018
p 0 230 33018
x 0 33019
p 0 222 33019
x 0 33020
p 0 227 33020
x 0 33021
p 0 231 33021
x 0 33022
p 0 226 33022
x 0 33023
p 0 222 33023
x 0 33024
p 0 224 33024
x 0 33025
p 0 222 33025
x 0 33026
p 0 287 33026
x 0 33027
p 0 294 33027
x 0 33028
p 0 254 33028
x 0 33029
p 0 220 33029
x 0 33030
p 0 203 33030
x 0 33031
p 0 222 33031
x 0 33032
p 0 225 33032
x 0 33033
p 0 225 33033
x 0 33034
p 0 234 33034
x 0 33035
p 0 227 33035
x 0 33036
p 0 224 33036
x 0 33037
p 0 222 33037
x 0 33038
p 0 225 33038
x 0 33039
p 0 227 33039
x 0 33040
p 0 226 33040
x 0 33041
p 0 281 33041
x 0 33042
p 0 227 33042
x 0 33043
p 0 229 33043
x 0 33044
p 0 240 33044
x 0 33045
p 0 235 33045
x 0 33046
p 0 233 33046
x 0 33047
p 0 232 33047
x 0 33048
p 0 113 33048
x 0 33049
p 0 233 33049
x 0 33050
p 0 228 33050
x 0 33051
p 0 232 33051
x 0 33052
p 0 231 33052
x 0 33053
p 0 235 33053
x 0 33054
p 0 287 33054
x 0 33055
p 0 228 33055
x 0 33056
p 0 226 33056
x 0 33057
p 0 225 33057
x 0 33058
p 0 228 33058
x 0 33059
p 0 226 33059
x 0 33060
p 0 225 33060
x 0 33061
p 0 250 33061
x 0 33000
x 1 33001
h 0 10.0.0.4
p 0 191131 33000
x 2 33002
h 2 10.0.0.4
p 2 830 33002
x 0 33003
p 0 174 33003
h 1 10.0.0.4
p 1 569333 33001
x 0 33004
p 0 318 33004
x 0 33005
p 0 238 33005
x 0 33006
p 0 270 33006
x 0 33007
p 0 223 33007
x 0 33008
p 0 252 33008
x 0 33009
p 0 220 33009
x 0 33010
p 0 216 33010
x 0 33011
p 0 218 33011
x 0 33012
p 0 234 33012
x 0 33013
p 0 217 33013
x 0 33014
p 0 218 33014
x 0 33015
p 0 223 33015
x 0 33016
p 0 221 33016
x 0 33017
p 0 216 33017
x 0 33018
p 0 218 33018
x 0 33019
p 0 213 33019
x 0 33020
p 0 223 33020
x 0 33021
p 0 222 33021
x 0 33022
p 0 228 33022
x 0 33023
p 0 216 33023
x 0 33024
p 0 227 33024
x 0 33025
p 0 225 33025
x 0 33026
p 0 225 33026
x 0 33027
p 0 222 33027
x 0 33028
p 0 217 33028
x 0 33029
p 0 220 33029
x 0 33030
p 0 221 33030
x 0 33031
p 0 225 33031
x 0 33032
p 0 285 33032
x 0 33033
p 0 220 33033
x 0 33034
p 0 221 33034
x 0 33035
p 0 223 33035
x 0 33036
p 0 223 33036
x 0 33037
p 0 222 33037
x 0 33038
p 0 222 33038
x 0 33039
p 0 223 33039
x 0 33040
p 0 224 33040
x 0 33041
p 0 218 33041
x 0 33042
p 0 230 33042
x 0 33043
p 0 226 33043
x 0 33044
p 0 222 33044
x 0 33045
p 0 226 33045
x 0 33046
p 0 221 33046
x 0 33047
p 0 222 33047
x 0 33048
p 0 219 33048
x 0 33049
p 0 227 33049
x 0 33050
p 0 219 33050
x 0 33051
p 0 219 33051
x 0 33052
p 0 234 33052
x 0 33053
p 0 226 33053
x 0 33054
p 0 200 33054
x 0 33055
p 0 228 33055
x 0 33056
p 0 200 33056
x 0 33057
p 0 199 33057
x 0 33058
p 0 222 33058
x 0 33059
p 0 192 33059
x 0 33060
p 0 225 33060
x 0 33061
p 0 195 33061
x 0 33000
x 1 33001
x 2 33002
h 0 10.0.0.4
p 0 277440 33000
x 3 33003
h 3 10.0.0.4
p 3 1110 33003
x 0 33004
p 0 238 33004
h 1 10.0.0.4
p 1 562647 33001
h 2 10.0.0.4
p 2 470906 33002
x 0 33005
p 0 226 33005
x 0 33006
p 0 261 33006
x 0 33007
p 0 226 33007
x 0 33008
p 0 225 33008
x 0 33009
p 0 206 33009
x 0 33010
p 0 238 33010
x 0 33011
p 0 275 33011
x 0 33012
p 0 231 33012
x 0 33013
p 0 270 33013
x 0 33014
p 0 252 33014
x 0 33015
p 0 224 33015
x 0 33016
p 0 239 33016
x 0 33017
p 0 330 33017
x 0 33018
p 0 236 33018
x 0 33019
p 0 229 33019
x 0 33020
p 0 271 33020
x 0 33021
p 0 225 33021
x 0 33022
p 0 387 33022
x 0 33023
p 0 219 33023
x 0 33024
p 0 221 33024
x 0 33025
p 0 221 33025
x 0 33026
p 0 225 33026
x 0 33027
p 0 263 33027
x 0 33028
p 0 221 33028
x 0 33029
p 0 223 33029
x 0 33030
p 0 233 33030
x 0 33031
p 0 238 33031
x 0 33032
p 0 224 33032
x 0 33033
p 0 221 33033
x 0 33034
p 0 266 33034
x 0 33035
p 0 229 33035
x 0 33036
p 0 260 33036
x 0 33037
p 0 230 33037
x 0 33038
p 0 226 33038
x 0 33039
p 0 228 33039
x 0 33040
p 0 236 33040
x 0 33041
p 0 267 33041
x 0 33042
p 0 223 33042
x 0 33043
p 0 228 33043
x 0 33044
p 0 229 33044
x 0 33045
p 0 234 33045
x 0 33046
p 0 226 33046
x 0 33047
p 0 224 33047
x 0 33048
p 0 262 33048
x 0 33049
p 0 231 33049
x 0 33050
p 0 261 33050
x 0 33051
p 0 270 33051
x 0 33052
p 0 266 33052
x 0 33053
p 0 254 33053
x 0 33054
p 0 248 33054
x 0 33055
p 0 297 33055
x 0 33056
p 0 254 33056
x 0 33057
p 0 221 33057
x 0 33058
p 0 219 33058
x 0 33059
p 0 229 33059
x 0 33060
p 0 246 33060
x 0 33061
p 0 237 33061
x 0 33062
p 0 251 33062
x 0 33000
x 1 33001
x 2 33002
x 3 33003
x 4 33004
h 0 10.0.0.4
p 0 427054 33000
x 5 33005
h 5 10.0.0.4
p 5 738 33005
h 1 10.0.0.4
p 1 518639 33001
h 2 10.0.0.4
p 2 423974 33002
h 3 10.0.0.4
p 3 329971 33003
x 0 33006
p 0 247 33006
h 4 10.0.0.4
p 4 1018833 33004
x 0 33007
p 0 221 33007
x 0 33008
p 0 224 33008
x 0 33009
p 0 221 33009
x 0 33010
p 0 226 33010
x 0 33011
p 0 196 33011
x 0 33012
p 0 223 33012
x 0 33013
p 0 232 33013
x 0 33014
p 0 225 33014
x 0 33015
p 0 228 33015
x 0 33016
p 0 233 33016
x 0 33017
p 0 221 33017
x 0 33018
p 0 226 33018
x 0 33019
p 0 221 33019
x 0 33020
p 0 203 33020
x 0 33021
p 0 222 33021
x 0 33022
p 0 218 33022
x 0 33023
p 0 216 33023
x 0 33024
p 0 214 33024
x 0 33025
p 0 219 33025
x 0 33026
p 0 232 33026
x 0 33027
p 0 224 33027
x 0 33028
p 0 226 33028
x 0 33029
p 0 224 33029
x 0 33030
p 0 230 33030
x 0 33031
p 0 238 33031
x 0 33032
p 0 227 33032
x 0 33033
p 0 222 33033
x 0 33034
p 0 227 33034
x 0 33035
p 0 224 33035
x 0 33036
p 0 236 33036
x 0 33037
p 0 226 33037
x 0 33038
p 0 219 33038
x 0 33039
p 0 217 33039
x 0 33040
p 0 224 33040
x 0 33041
p 0 254 33041
x 0 33042
p 0 221 33042
x 0 33043
p 0 219 33043
x 0 33044
p 0 224 33044
x 0 33045
p 0 226 33045
x 0 33046
p 0 232 33046
x 0 33047
p 0 225 33047
x 0 33048
p 0 258 33048
x 0 33049
p 0 223 33049
x 0 33050
p 0 226 33050
x 0 33051
p 0 236 33051
x 0 33052
p 0 200 33052
x 0 33053
p 0 270 33053
x 0 33054
p 0 220 33054
x 0 33055
p 0 241 33055
x 0 33056
p 0 224 33056
x 0 33057
p 0 219 33057
x 0 33058
p 0 219 33058
x 0 33059
p 0 220 33059
x 0 33060
p 0 274 33060
x 0 33061
p 0 242 33061
x 0 33062
p 0 232 33062
x 0 33063
p 0 227 33063
x 0 33064
p 0 258 33064
x 0 33000
x 1 33001
x 2 33002
h 2 10.0.0.4
p 2 1140 33002
h 0 10.0.0.4
p 0 211483 33000
x 3 33003
h 3 10.0.0.4
p 3 209 33003
x 0 33004
p 0 114 33004
h 1 10.0.0.4
p 1 543778 33001
x 0 33005
p 0 221 33005
x 0 33006
p 0 229 33006
x 0 33007
p 0 254 33007
x 0 33008
p 0 224 33008
x 0 33009
p 0 173 33009
x 0 33010
p 0 229 33010
x 0 33011
p 0 221 33011
x 0 33012
p 0 274 33012
x 0 33013
p 0 222 33013
x 0 33014
p 0 224 33014
x 0 33015
p 0 225 33015
x 0 33016
p 0 226 33016
x 0 33017
p 0 221 33017
x 0 33018
p 0 216 33018
x 0 33019
p 0 217 33019
x 0 33020
p 0 221 33020
x 0 33021
p 0 217 33021
x 0 33022
p 0 185 33022
x 0 33023
p 0 219 33023
x 0 33024
p 0 222 33024
x 0 33025
p 0 231 33025
x 0 33026
p 0 230 33026
x 0 33027
p 0 231 33027
x 0 33028
p 0 228 33028
x 0 33029
p 0 227 33029
x 0 33030
p 0 230 33030
x 0 33031
p 0 227 33031
x 0 33032
p 0 227 33032
x 0 33033
p 0 227 33033
x 0 33034
p 0 225 33034
x 0 33035
p 0 216 33035
x 0 33036
p 0 218 33036
x 0 33037
p 0 216 33037
x 0 33038
p 0 216 33038
x 0 33039
p 0 217 33039
x 0 33040
p 0 219 33040
x 0 33041
p 0 222 33041
x 0 33042
p 0 222 33042
x 0 33043
p 0 222 33043
x 0 33044
p 0 183 33044
x 0 33045
p 0 193 33045
x 0 33046
p 0 193 33046
x 0 33047
p 0 222 33047
x 0 33048
p 0 189 33048
x 0 33049
p 0 189 33049
x 0 33050
p 0 189 33050
x 0 33051
p 0 217 33051
x 0 33052
p 0 184 33052
x 0 33053
p 0 185 33053
x 0 33054
p 0 186 33054
x 0 33055
p 0 219 33055
x 0 33056
p 0 187 33056
x 0 33057
p 0 187 33057
x 0 33058
p 0 185 33058
x 0 33059
p 0 216 33059
x 0 33060
p 0 187 33060
x 0 33061
p 0 184 33061
x 0 33062
p 0 188 33062
x 0 33000
x 1 33001
x 2 33002
x 3 33003
h 0 10.0.0.4
p 0 391946 33000
x 4 33004
h 4 10.0.0.4
p 4 995 33004
x 0 33005
p 0 214 33005
h 1 10.0.0.4
p 1 547555 33001
h 2 10.0.0.4
p 2 453406 33002
h 3 10.0.0.4
p 3 355341 33003
x 0 33006
p 0 226 33006
x 0 33007
p 0 225 33007
x 0 33008
p 0 273 33008
x 0 33009
p 0 232 33009
x 0 33010
p 0 141 33010
x 0 33011
p 0 224 33011
x 0 33012
p 0 225 33012
x 0 33013
p 0 233 33013
x 0 33014
p 0 230 33014
x 0 33015
p 0 229 33015
x 0 33016
p 0 230 33016
x 0 33017
p 0 226 33017
x 0 33018
p 0 230 33018
x 0 33019
p 0 218 33019
x 0 33020
p 0 221 33020
x 0 33021
p 0 217 33021
x 0 33022
p 0 262 33022
x 0 33023
p 0 224 33023
x 0 33024
p 0 220 33024
x 0 33025
p 0 239 33025
x 0 33026
p 0 237 33026
x 0 33027
p 0 232 33027
x 0 33028
p 0 234 33028
x 0 33029
p 0 277 33029
x 0 33030
p 0 227 33030
x 0 33031
p 0 91 33031
x 0 33032
p 0 228 33032
x 0 33033
p 0 235 33033
x 0 33034
p 0 234 33034
x 0 33035
p 0 230 33035
x 0 33036
p 0 221 33036
x 0 33037
p 0 264 33037
x 0 33038
p 0 225 33038
x 0 33039
p 0 250 33039
x 0 33040
p 0 218 33040
x 0 33041
p 0 226 33041
x 0 33042
p 0 225 33042
x 0 33043
p 0 223 33043
x 0 33044
p 0 295 33044
x 0 33045
p 0 231 33045
x 0 33046
p 0 255 33046
x 0 33047
p 0 222 33047
x 0 33048
p 0 222 33048
x 0 33049
p 0 225 33049
x 0 33050
p 0 222 33050
x 0 33051
p 0 259 33051
x 0 33052
p 0 217 33052
x 0 33053
p 0 253 33053
x 0 33054
p 0 219 33054
x 0 33055
p 0 220 33055
x 0 33056
p 0 216 33056
x 0 33057
p 0 225 33057
x 0 33058
p 0 268 33058
x 0 33059
p 0 224 33059
x 0 33060
p 0 226 33060
x 0 33061
p 0 226 33061
x 0 33062
p 0 227 33062
x 0 33063
p 0 230 33063
x 0 33000
x 1 33001
x 2 33002
h 0 10.0.0.4
p 0 219908 33000
x 3 33003
h 3 10.0.0.4
p 3 880 33003
x 0 33004
p 0 266 33004
h 1 10.0.0.4
p 1 566770 33001
h 2 10.0.0.4
p 2 1005735 33002
x 0 33005
p 0 225 33005
x 0 33006
p 0 226 33006
x 0 33007
p 0 264 33007
x 0 33008
p 0 231 33008
x 0 33009
p 0 231 33009
x 0 33010
p 0 233 33010
x 0 33011
p 0 226 33011
x 0 33012
p 0 231 33012
x 0 33013
p 0 237 33013
x 0 33014
p 0 270 33014
x 0 33015
p 0 231 33015
x 0 33016
p 0 263 33016
x 0 33017
p 0 222 33017
x 0 33018
p 0 228 33018
x 0 33019
p 0 221 33019
x 0 33020
p 0 223 33020
x 0 33021
p 0 261 33021
x 0 33022
p 0 233 33022
x 0 33023
p 0 228 33023
x 0 33024
p 0 226 33024
x 0 33025
p 0 227 33025
x 0 33026
p 0 227 33026
x 0 33027
p 0 222 33027
x 0 33028
p 0 270 33028
x 0 33029
p 0 226 33029
x 0 33030
p 0 231 33030
x 0 33031
p 0 227 33031
x 0 33032
p 0 234 33032
x 0 33033
p 0 225 33033
x 0 33034
p 0 220 33034
x 0 33035
p 0 267 33035
x 0 33036
p 0 220 33036
x 0 33037
p 0 256 33037
x 0 33038
p 0 226 33038
x 0 33039
p 0 226 33039
x 0 33040
p 0 227 33040
x 0 33041
p 0 229 33041
x 0 33042
p 0 278 33042
x 0 33043
p 0 229 33043
x 0 33044
p 0 259 33044
x 0 33045
p 0 225 33045
x 0 33046
p 0 223 33046
x 0 33047
p 0 227 33047
x 0 33048
p 0 227 33048
x 0 33049
p 0 258 33049
x 0 33050
p 0 222 33050
x 0 33051
p 0 258 33051
x 0 33052
p 0 222 33052
x 0 33053
p 0 225 33053
x 0 33054
p 0 218 33054
x 0 33055
p 0 226 33055
x 0 33056
p 0 259 33056
x 0 33057
p 0 227 33057
x 0 33058
p 0 228 33058
x 0 33059
p 0 223 33059
x 0 33060
p 0 226 33060
x 0 33061
p 0 121 33061
x 0 33062
p 0 225 33062
x 0 33000
x 1 33001
h 0 10.0.0.4
p 0 123294 33000
x 2 33002
h 2 10.0.0.4
p 2 1014 33002
x 0 33003
p 0 192 33003
h 1 10.0.0.4
p 1 1013221 33001
x 0 33004
p 0 243 33004
x 0 33005
p 0 267 33005
x 0 33006
p 0 260 33006
x 0 33007
p 0 360 33007
x 0 33008
p 0 198 33008
x 0 33009
p 0 245 33009
x 0 33010
p 0 229 33010
x 0 33011
p 0 227 33011
x 0 33012
p 0 223 33012
x 0 33013
p 0 224 33013
x 0 33014
p 0 223 33014
x 0 33015
p 0 224 33015
x 0 33016
p 0 224 33016
x 0 33017
p 0 226 33017
x 0 33018
p 0 232 33018
x 0 33019
p 0 229 33019
x 0 33020
p 0 223 33020
x 0 33021
p 0 229 33021
x 0 33022
p 0 224 33022
x 0 33023
p 0 229 33023
x 0 33024
p 0 224 33024
x 0 33025
p 0 228 33025
x 0 33026
p 0 259 33026
x 0 33027
p 0 227 33027
x 0 33028
p 0 223 33028
x 0 33029
p 0 232 33029
x 0 33030
p 0 229 33030
x 0 33031
p 0 228 33031
x 0 33032
p 0 226 33032
x 0 33033
p 0 223 33033
x 0 33034
p 0 230 33034
x 0 33035
p 0 223 33035
x 0 33036
p 0 227 33036
x 0 33037
p 0 221 33037
x 0 33038
p 0 224 33038
x 0 33039
p 0 229 33039
x 0 33040
p 0 245 33040
x 0 33041
p 0 229 33041
x 0 33042
p 0 225 33042
x 0 33043
p 0 225 33043
x 0 33044
p 0 293 33044
x 0 33045
p 0 225 33045
x 0 33046
p 0 237 33046
x 0 33047
p 0 200 33047
x 0 33048
p 0 227 33048
x 0 33049
p 0 229 33049
x 0 33050
p 0 230 33050
x 0 33051
p 0 227 33051
x 0 33052
p 0 209 33052
x 0 33053
p 0 195 33053
x 0 33054
p 0 233 33054
x 0 33055
p 0 190 33055
x 0 33056
p 0 197 33056
x 0 33057
p 0 193 33057
x 0 33058
p 0 240 33058
x 0 33059
p 0 199 33059
x 0 33060
p 0 197 33060
x 0 33061
p 0 202 33061
x 0 33000
x 1 33001
x 2 33002
x 3 33003
h 0 10.0.0.4
p 0 399334 33000
x 4 33004
h 4 10.0.0.4
p 4 652 33004
x 0 33005
p 0 241 33005
h 1 10.0.0.4
p 1 597981 33001
h 2 10.0.0.4
p 2 506691 33002
h 3 10.0.0.4
p 3 412118 33003
x 0 33006
p 0 262 33006
x 0 33007
p 0 228 33007
x 0 33008
p 0 229 33008
x 0 33009
p 0 219 33009
x 0 33010
p 0 249 33010
x 0 33011
p 0 265 33011
x 0 33012
p 0 221 33012
x 0 33013
p 0 255 33013
x 0 33014
p 0 220 33014
x 0 33015
p 0 221 33015
x 0 33016
p 0 220 33016
x 0 33017
p 0 221 33017
x 0 33018
p 0 288 33018
x 0 33019
p 0 228 33019
x 0 33020
p 0 255 33020
x 0 33021
p 0 226 33021
x 0 33022
p 0 224 33022
x 0 33023
p 0 223 33023
x 0 33024
p 0 221 33024
x 0 33025
p 0 296 33025
x 0 33026
p 0 221 33026
x 0 33027
p 0 256 33027
x 0 33028
p 0 232 33028
x 0 33029
p 0 227 33029
x 0 33030
p 0 223 33030
x 0 33031
p 0 219 33031
x 0 33032
p 0 261 33032
x 0 33033
p 0 217 33033
x 0 33034
p 0 250 33034
x 0 33035
p 0 220 33035
x 0 33036
p 0 223 33036
x 0 33037
p 0 219 33037
x 0 33038
p 0 231 33038
x 0 33039
p 0 266 33039
x 0 33040
p 0 221 33040
x 0 33041
p 0 249 33041
x 0 33042
p 0 216 33042
x 0 33043
p 0 220 33043
x 0 33044
p 0 222 33044
x 0 33045
p 0 219 33045
x 0 33046
p 0 224 33046
x 0 33047
p 0 219 33047
x 0 33048
p 0 221 33048
x 0 33049
p 0 250 33049
x 0 33050
p 0 219 33050
x 0 33051
p 0 229 33051
x 0 33052
p 0 219 33052
x 0 33053
p 0 222 33053
x 0 33054
p 0 222 33054
x 0 33055
p 0 221 33055
x 0 33056
p 0 247 33056
x 0 33057
p 0 220 33057
x 0 33058
p 0 223 33058
x 0 33059
p 0 223 33059
x 0 33060
p 0 223 33060
x 0 33061
p 0 225 33061
x 0 33062
p 0 220 33062
x 0 33063
p 0 221 33063
x 0 33000
x 1 33001
x 2 33002
h 0 10.0.0.4
p 0 228057 33000
x 3 33003
h 3 10.0.0.4
p 3 822 33003
x 0 33004
p 0 111 33004
h 1 10.0.0.4
p 1 549512 33001
h 2 10.0.0.4
p 2 1019477 33002
x 0 33005
p 0 271 33005
x 0 33006
p 0 251 33006
x 0 33007
p 0 235 33007
x 0 33008
p 0 226 33008
x 0 33009
p 0 238 33009
x 0 33010
p 0 232 33010
x 0 33011
p 0 230 33011
x 0 33012
p 0 223 33012
x 0 33013
p 0 228 33013
x 0 33014
p 0 249 33014
x 0 33015
p 0 229 33015
x 0 33016
p 0 227 33016
x 0 33017
p 0 229 33017
x 0 33018
p 0 261 33018
x 0 33019
p 0 223 33019
x 0 33020
p 0 223 33020
x 0 33021
p 0 236 33021
x 0 33022
p 0 226 33022
x 0 33023
p 0 245 33023
x 0 33024
p 0 199 33024
x 0 33025
p 0 233 33025
x 0 33026
p 0 228 33026
x 0 33027
p 0 224 33027
x 0 33028
p 0 223 33028
x 0 33029
p 0 229 33029
x 0 33030
p 0 235 33030
x 0 33031
p 0 228 33031
x 0 33032
p 0 226 33032
x 0 33033
p 0 219 33033
x 0 33034
p 0 230 33034
x 0 33035
p 0 283 33035
x 0 33036
p 0 247 33036
x 0 33037
p 0 264 33037
x 0 33038
p 0 229 33038
x 0 33039
p 0 233 33039
x 0 33040
p 0 234 33040
x 0 33041
p 0 234 33041
x 0 33042
p 0 272 33042
x 0 33043
p 0 235 33043
x 0 33044
p 0 224 33044
x 0 33045
p 0 238 33045
x 0 33046
p 0 241 33046
x 0 33047
p 0 234 33047
x 0 33048
p 0 227 33048
x 0 33049
p 0 267 33049
x 0 33050
p 0 280 33050
x 0 33051
p 0 269 33051
x 0 33052
p 0 223 33052
x 0 33053
p 0 229 33053
x 0 33054
p 0 233 33054
x 0 33055
p 0 232 33055
x 0 33056
p 0 283 33056
x 0 33057
p 0 242 33057
x 0 33058
p 0 230 33058
x 0 33059
p 0 229 33059
x 0 33060
p 0 228 33060
x 0 33061
p 0 235 33061
x 0 33062
p 0 233 33062
x 0 33000
x 1 33001
h 0 10.0.0.4
p 0 168615 33000
x 2 33002
h 2 10.0.0.4
p 2 865 33002
x 0 33003
p 0 246 33003
h 1 10.0.0.4
p 1 528308 33001
x 0 33004
p 0 229 33004
x 0 33005
p 0 230 33005
x 0 33006
p 0 230 33006
x 0 33007
p 0 228 33007
x 0 33008
p 0 250 33008
x 0 33009
p 0 239 33009
x 0 33010
p 0 227 33010
x 0 33011
p 0 234 33011
x 0 33012
p 0 257 33012
x 0 33013
p 0 244 33013
x 0 33014
p 0 234 33014
x 0 33015
p 0 346 33015
x 0 33016
p 0 229 33016
x 0 33017
p 0 229 33017
x 0 33018
p 0 231 33018
x 0 33019
p 0 229 33019
x 0 33020
p 0 232 33020
x 0 33021
p 0 283 33021
x 0 33022
p 0 258 33022
x 0 33023
p 0 256 33023
x 0 33024
p 0 226 33024
x 0 33025
p 0 293 33025
x 0 33026
p 0 259 33026
x 0 33027
p 0 231 33027
x 0 33028
p 0 238 33028
x 0 33029
p 0 228 33029
x 0 33030
p 0 232 33030
x 0 33031
p 0 236 33031
x 0 33032
p 0 285 33032
x 0 33033
p 0 240 33033
x 0 33034
p 0 228 33034
x 0 33035
p 0 228 33035
x 0 33036
p 0 225 33036
x 0 33037
p 0 232 33037
x 0 33038
p 0 231 33038
x 0 33039
p 0 222 33039
x 0 33040
p 0 229 33040
x 0 33041
p 0 223 33041
x 0 33042
p 0 125 33042
x 0 33043
p 0 258 33043
x 0 33044
p 0 228 33044
x 0 33045
p 0 268 33045
x 0 33046
p 0 228 33046
x 0 33047
p 0 261 33047
x 0 33048
p 0 253 33048
x 0 33049
p 0 229 33049
x 0 33050
p 0 229 33050
x 0 33051
p 0 220 33051
x 0 33052
p 0 270 33052
x 0 33053
p 0 234 33053
x 0 33054
p 0 259 33054
x 0 33055
p 0 226 33055
x 0 33056
p 0 226 33056
x 0 33057
p 0 230 33057
x 0 33058
p 0 236 33058
x 0 33059
p 0 233 33059
x 0 33060
p 0 227 33060
x 0 33061
p 0 253 33061
x 0 33000
x 1 33001
x 2 33002
x 3 33003
h 0 10.0.0.4
p 0 377446 33000
x 4 33004
h 4 10.0.0.4
p 4 804 33004
x 0 33005
p 0 265 33005
h 1 10.0.0.4
p 1 528849 33001
h 2 10.0.0.4
p 2 439626 33002
h 3 10.0.0.4
p 3 348772 33003
x 0 33006
p 0 233 33006
x 0 33007
p 0 230 33007
x 0 33008
p 0 269 33008
x 0 33009
p 0 227 33009
x 0 33010
p 0 245 33010
x 0 33011
p 0 228 33011
x 0 33012
p 0 222 33012
x 0 33013
p 0 221 33013
x 0 33014
p 0 227 33014
x 0 33015
p 0 229 33015
x 0 33016
p 0 227 33016
x 0 33017
p 0 260 33017
x 0 33018
p 0 225 33018
x 0 33019
p 0 226 33019
x 0 33020
p 0 223 33020
x 0 33021
p 0 228 33021
x 0 33022
p 0 225 33022
x 0 33023
p 0 224 33023
x 0 33024
p 0 222 33024
x 0 33025
p 0 223 33025
x 0 33026
p 0 222 33026
x 0 33027
p 0 225 33027
x 0 33028
p 0 220 33028
x 0 33029
p 0 224 33029
x 0 33030
p 0 227 33030
x 0 33031
p 0 224 33031
x 0 33032
p 0 225 33032
x 0 33033
p 0 222 33033
x 0 33034
p 0 222 33034
x 0 33035
p 0 220 33035
x 0 33036
p 0 223 33036
x 0 33037
p 0 222 33037
x 0 33038
p 0 221 33038
x 0 33039
p 0 226 33039
x 0 33040
p 0 222 33040
x 0 33041
p 0 222 33041
x 0 33042
p 0 250 33042
x 0 33043
p 0 221 33043
x 0 33044
p 0 221 33044
x 0 33045
p 0 223 33045
x 0 33046
p 0 225 33046
x 0 33047
p 0 260 33047
x 0 33048
p 0 223 33048
x 0 33049
p 0 252 33049
x 0 33050
p 0 221 33050
x 0 33051
p 0 226 33051
x 0 33052
p 0 225 33052
x 0 33053
p 0 219 33053
x 0 33054
p 0 259 33054
x 0 33055
p 0 223 33055
x 0 33056
p 0 252 33056
x 0 33057
p 0 225 33057
x 0 33058
p 0 224 33058
x 0 33059
p 0 224 33059
x 0 33060
p 0 224 33060
x 0 33061
p 0 260 33061
x 0 33062
p 0 225 33062
x 0 33063
p 0 257 33063
x 0 33000
x 1 33001
x 2 33002
x 3 33003
h 0 10.0.0.4
p 0 318788 33000
x 4 33004
h 4 10.0.0.4
p 4 850 33004
x 0 33005
p 0 183 33005
h 1 10.0.0.4
p 1 523095 33001
h 2 10.0.0.4
p 2 428730 33002
h 3 10.0.0.4
p 3 1012806 33003
x 0 33006
p 0 225 33006
x 0 33007
p 0 226 33007
x 0 33008
p 0 230 33008
x 0 33009
p 0 235 33009
x 0 33010
p 0 211 33010
x 0 33011
p 0 223 33011
x 0 33012
p 0 218 33012
x 0 33013
p 0 220 33013
x 0 33014
p 0 222 33014
x 0 33015
p 0 223 33015
x 0 33016
p 0 219 33016
x 0 33017
p 0 223 33017
x 0 33018
p 0 226 33018
x 0 33019
p 0 230 33019
x 0 33020
p 0 226 33020
x 0 33021
p 0 229 33021
x 0 33022
p 0 221 33022
x 0 33023
p 0 227 33023
x 0 33024
p 0 220 33024
x 0 33025
p 0 225 33025
x 0 33026
p 0 255 33026
x 0 33027
p 0 217 33027
x 0 33028
p 0 215 33028
x 0 33029
p 0 220 33029
x 0 33030
p 0 220 33030
x 0 33031
p 0 219 33031
x 0 33032
p 0 216 33032
x 0 33033
p 0 218 33033
x 0 33034
p 0 217 33034
x 0 33035
p 0 252 33035
x 0 33036
p 0 219 33036
x 0 33037
p 0 216 33037
x 0 33038
p 0 219 33038
x 0 33039
p 0 220 33039
x 0 33040
p 0 220 33040
x 0 33041
p 0 218 33041
x 0 33042
p 0 216 33042
x 0 33043
p 0 218 33043
x 0 33044
p 0 218 33044
x 0 33045
p 0 217 33045
x 0 33046
p 0 218 33046
x 0 33047
p 0 223 33047
x 0 33048
p 0 218 33048
x 0 33049
p 0 221 33049
x 0 33050
p 0 226 33050
x 0 33051
p 0 227 33051
x 0 33052
p 0 222 33052
x 0 33053
p 0 221 33053
x 0 33054
p 0 225 33054
x 0 33055
p 0 226 33055
x 0 33056
p 0 224 33056
x 0 33057
p 0 223 33057
x 0 33058
p 0 226 33058
x 0 33059
p 0 222 33059
x 0 33060
p 0 222 33060
x 0 33061
p 0 225 33061
x 0 33062
p 0 221 33062
x 0 33063
p 0 220 33063
x 0 33000
x 1 33001
x 2 33002
h 0 10.0.0.4
p 0 280012 33000
x 3 33003
h 3 10.0.0.4
p 3 1008 33003
x 0 33004
p 0 175 33004
h 1 10.0.0.4
p 1 577446 33001
h 2 10.0.0.4
p 2 484646 33002
x 0 33005
p 0 232 33005
x 0 33006
p 0 237 33006
x 0 33007
p 0 233 33007
x 0 33008
p 0 218 33008
x 0 33009
p 0 195 33009
x 0 33010
p 0 220 33010
x 0 33011
p 0 220 33011
x 0 33012
p 0 218 33012
x 0 33013
p 0 215 33013
x 0 33014
p 0 218 33014
x 0 33015
p 0 221 33015
x 0 33016
p 0 227 33016
x 0 33017
p 0 266 33017
x 0 33018
p 0 219 33018
x 0 33019
p 0 247 33019
x 0 33020
p 0 220 33020
x 0 33021
p 0 225 33021
x 0 33022
p 0 113 33022
x 0 33023
p 0 234 33023
x 0 33024
p 0 266 33024
x 0 33025
p 0 220 33025
x 0 33026
p 0 250 33026
x 0 33027
p 0 222 33027
x 0 33028
p 0 218 33028
x 0 33029
p 0 221 33029
x 0 33030
p 0 225 33030
x 0 33031
p 0 266 33031
x 0 33032
p 0 224 33032
x 0 33033
p 0 223 33033
x 0 33034
p 0 226 33034
x 0 33035
p 0 224 33035
x 0 33036
p 0 233 33036
x 0 33037
p 0 235 33037
x 0 33038
p 0 268 33038
x 0 33039
p 0 225 33039
x 0 33040
p 0 258 33040
x 0 33041
p 0 224 33041
x 0 33042
p 0 219 33042
x 0 33043
p 0 219 33043
x 0 33044
p 0 218 33044
x 0 33045
p 0 258 33045
x 0 33046
p 0 220 33046
x 0 33047
p 0 220 33047
x 0 33048
p 0 220 33048
x 0 33049
p 0 221 33049
x 0 33050
p 0 221 33050
x 0 33051
p 0 223 33051
x 0 33052
p 0 260 33052
x 0 33053
p 0 221 33053
x 0 33054
p 0 250 33054
x 0 33055
p 0 221 33055
x 0 33056
p 0 223 33056
x 0 33057
p 0 223 33057
x 0 33058
p 0 220 33058
x 0 33059
p 0 262 33059
x 0 33060
p 0 222 33060
x 0 33061
p 0 255 33061
x 0 33062
p 0 221 33062
x 0 33000
x 1 33001
h 0 10.0.0.4
p 0 178138 33000
x 2 33002
h 2 10.0.0.4
p 2 790 33002
x 0 33003
p 0 162 33003
h 1 10.0.0.4
p 1 580236 33001
x 0 33004
p 0 229 33004
x 0 33005
p 0 261 33005
x 0 33006
p 0 196 33006
x 0 33007
p 0 221 33007
x 0 33008
p 0 228 33008
x 0 33009
p 0 228 33009
x 0 33010
p 0 225 33010
x 0 33011
p 0 222 33011
x 0 33012
p 0 221 33012
x 0 33013
p 0 223 33013
x 0 33014
p 0 226 33014
x 0 33015
p 0 223 33015
x 0 33016
p 0 223 33016
x 0 33017
p 0 224 33017
x 0 33018
p 0 255 33018
x 0 33019
p 0 219 33019
x 0 33020
p 0 220 33020
x 0 33021
p 0 252 33021
x 0 33022
p 0 222 33022
x 0 33023
p 0 221 33023
x 0 33024
p 0 223 33024
x 0 33025
p 0 191 33025
x 0 33026
p 0 222 33026
x 0 33027
p 0 192 33027
x 0 33028
p 0 217 33028
x 0 33029
p 0 185 33029
x 0 33030
p 0 224 33030
x 0 33031
p 0 233 33031
x 0 33032
p 0 217 33032
x 0 33033
p 0 199 33033
x 0 33034
p 0 193 33034
x 0 33035
p 0 214 33035
x 0 33036
p 0 194 33036
x 0 33037
p 0 193 33037
x 0 33038
p 0 184 33038
x 0 33039
p 0 187 33039
x 0 33040
p 0 184 33040
x 0 33041
p 0 183 33041
x 0 33042
p 0 185 33042
x 0 33043
p 0 181 33043
x 0 33044
p 0 192 33044
x 0 33045
p 0 178 33045
x 0 33046
p 0 186 33046
x 0 33047
p 0 184 33047
x 0 33048
p 0 180 33048
x 0 33049
p 0 293 33049
x 0 33050
p 0 198 33050
x 0 33051
p 0 210 33051
x 0 33052
p 0 192 33052
x 0 33053
p 0 184 33053
x 0 33054
p 0 190 33054
x 0 33055
p 0 191 33055
x 0 33056
p 0 244 33056
x 0 33057
p 0 179 33057
x 0 33058
p 0 214 33058
x 0 33059
p 0 198 33059
x 0 33060
p 0 192 33060
x 0 33061
p 0 188 33061
x 0 33000
x 1 33001
h 0 10.0.0.4
p 0 132152 33000
x 2 33002
h 2 10.0.0.4
p 2 989 33002
x 0 33003
p 0 266 33003
h 1 10.0.0.4
p 1 1013737 33001
x 0 33004
p 0 229 33004
x 0 33005
p 0 252 33005
x 0 33006
p 0 222 33006
x 0 33007
p 0 235 33007
x 0 33008
p 0 233 33008
x 0 33009
p 0 237 33009
x 0 33010
p 0 230 33010
x 0 33011
p 0 238 33011
x 0 33012
p 0 270 33012
x 0 33013
p 0 236 33013
x 0 33014
p 0 241 33014
x 0 33015
p 0 235 33015
x 0 33016
p 0 298 33016
x 0 33017
p 0 280 33017
x 0 33018
p 0 238 33018
x 0 33019
p 0 276 33019
x 0 33020
p 0 232 33020
x 0 33021
p 0 234 33021
x 0 33022
p 0 239 33022
x 0 33023
p 0 232 33023
x 0 33024
p 0 303 33024
x 0 33025
p 0 231 33025
x 0 33026
p 0 266 33026
x 0 33027
p 0 232 33027
x 0 33028
p 0 238 33028
x 0 33029
p 0 237 33029
x 0 33030
p 0 229 33030
x 0 33031
p 0 274 33031
x 0 33032
p 0 303 33032
x 0 33033
p 0 271 33033
x 0 33034
p 0 233 33034
x 0 33035
p 0 231 33035
x 0 33036
p 0 234 33036
x 0 33037
p 0 244 33037
x 0 33038
p 0 288 33038
x 0 33039
p 0 231 33039
x 0 33040
p 0 230 33040
x 0 33041
p 0 244 33041
x 0 33042
p 0 237 33042
x 0 33043
p 0 237 33043
x 0 33044
p 0 233 33044
x 0 33045
p 0 271 33045
x 0 33046
p 0 238 33046
x 0 33047
p 0 269 33047
x 0 33048
p 0 232 33048
x 0 33049
p 0 231 33049
x 0 33050
p 0 229 33050
x 0 33051
p 0 229 33051
x 0 33052
p 0 281 33052
x 0 33053
p 0 236 33053
x 0 33054
p 0 265 33054
x 0 33055
p 0 230 33055
x 0 33056
p 0 234 33056
x 0 33057
p 0 231 33057
x 0 33058
p 0 235 33058
x 0 33059
p 0 267 33059
x 0 33060
p 0 232 33060
x 0 33061
p 0 263 33061
x 0 33000
x 1 33001
x 2 33002
h 0 10.0.0.4
p 0 228125 33000
x 3 33003
h 3 10.0.0.4
p 3 1047 33003
x 0 33004
p 0 236 33004
h 1 10.0.0.4
p 1 558997 33001
h 2 10.0.0.4
p 2 1015391 33002
x 0 33005
p 0 273 33005
x 0 33006
p 0 228 33006
x 0 33007
p 0 248 33007
x 0 33008
p 0 226 33008
x 0 33009
p 0 237 33009
x 0 33010
p 0 234 33010
x 0 33011
p 0 235 33011
x 0 33012
p 0 226 33012
x 0 33013
p 0 240 33013
x 0 33014
p 0 233 33014
x 0 33015
p 0 227 33015
x 0 33016
p 0 233 33016
x 0 33017
p 0 228 33017
x 0 33018
p 0 225 33018
x 0 33019
p 0 221 33019
x 0 33020
p 0 227 33020
x 0 33021
p 0 306 33021
x 0 33022
p 0 219 33022
x 0 33023
p 0 220 33023
x 0 33024
p 0 223 33024
x 0 33025
p 0 235 33025
x 0 33026
p 0 226 33026
x 0 33027
p 0 222 33027
x 0 33028
p 0 256 33028
x 0 33029
p 0 230 33029
x 0 33030
p 0 150 33030
x 0 33031
p 0 230 33031
x 0 33032
p 0 230 33032
x 0 33033
p 0 232 33033
x 0 33034
p 0 230 33034
x 0 33035
p 0 237 33035
x 0 33036
p 0 239 33036
x 0 33037
p 0 225 33037
x 0 33038
p 0 227 33038
x 0 33039
p 0 222 33039
x 0 33040
p 0 228 33040
x 0 33041
p 0 221 33041
x 0 33042
p 0 221 33042
x 0 33043
p 0 217 33043
x 0 33044
p 0 221 33044
x 0 33045
p 0 234 33045
x 0 33046
p 0 258 33046
x 0 33047
p 0 228 33047
x 0 33048
p 0 149 33048
x 0 33049
p 0 230 33049
x 0 33050
p 0 238 33050
x 0 33051
p 0 276 33051
x 0 33052
p 0 229 33052
x 0 33053
p 0 258 33053
x 0 33054
p 0 232 33054
x 0 33055
p 0 220 33055
x 0 33056
p 0 221 33056
x 0 33057
p 0 219 33057
x 0 33058
p 0 220 33058
x 0 33059
p 0 222 33059
x 0 33060
p 0 249 33060
x 0 33061
p 0 242 33061
x 0 33062
p 0 227 33062
x 0 33000
x 1 33001
x 2 33002
h 0 10.0.0.4
p 0 283112 33000
x 3 33003
h 3 10.0.0.4
p 3 900 33003
x 0 33004
p 0 240 33004
h 1 10.0.0.4
p 1 534369 33001
h 2 10.0.0.4
p 2 439737 33002
x 0 33005
p 0 229 33005
x 0 33006
p 0 239 33006
x 0 33007
p 0 227 33007
x 0 33008
p 0 228 33008
x 0 33009
p 0 226 33009
x 0 33010
p 0 260 33010
x 0 33011
p 0 224 33011
x 0 33012
p 0 224 33012
x 0 33013
p 0 227 33013
x 0 33014
p 0 220 33014
x 0 33015
p 0 225 33015
x 0 33016
p 0 219 33016
x 0 33017
p 0 223 33017
x 0 33018
p 0 229 33018
x 0 33019
p 0 217 33019
x 0 33020
p 0 219 33020
x 0 33021
p 0 223 33021
x 0 33022
p 0 224 33022
x 0 33023
p 0 223 33023
x 0 33024
p 0 220 33024
x 0 33025
p 0 223 33025
x 0 33026
p 0 221 33026
x 0 33027
p 0 229 33027
x 0 33028
p 0 232 33028
x 0 33029
p 0 277 33029
x 0 33030
p 0 225 33030
x 0 33031
p 0 231 33031
x 0 33032
p 0 229 33032
x 0 33033
p 0 229 33033
x 0 33034
p 0 282 33034
x 0 33035
p 0 321 33035
x 0 33036
p 0 228 33036
x 0 33037
p 0 229 33037
x 0 33038
p 0 227 33038
x 0 33039
p 0 226 33039
x 0 33040
p 0 226 33040
x 0 33041
p 0 222 33041
x 0 33042
p 0 225 33042
x 0 33043
p 0 225 33043
x 0 33044
p 0 221 33044
x 0 33045
p 0 222 33045
x 0 33046
p 0 226 33046
x 0 33047
p 0 230 33047
x 0 33048
p 0 230 33048
x 0 33049
p 0 299 33049
x 0 33050
p 0 225 33050
x 0 33051
p 0 223 33051
x 0 33052
p 0 276 33052
x 0 33053
p 0 231 33053
x 0 33054
p 0 278 33054
x 0 33055
p 0 226 33055
x 0 33056
p 0 225 33056
x 0 33057
p 0 224 33057
x 0 33058
p 0 231 33058
x 0 33059
p 0 288 33059
x 0 33060
p 0 257 33060
x 0 33061
p 0 226 33061
x 0 33062
p 0 226 33062
x 0 33000
x 1 33001
x 2 33002
h 0 10.0.0.4
p 0 298151 33000
x 3 33003
h 3 10.0.0.4
p 3 835 33003
x 0 33004
p 0 238 33004
h 1 10.0.0.4
p 1 586134 33001
h 2 10.0.0.4
p 2 493564 33002
x 0 33005
p 0 224 33005
x 0 33006
p 0 224 33006
x 0 33007
p 0 223 33007
x 0 33008
p 0 229 33008
x 0 33009
p 0 242 33009
x 0 33010
p 0 236 33010
x 0 33011
p 0 264 33011
x 0 33012
p 0 226 33012
x 0 33013
p 0 224 33013
x 0 33014
p 0 229 33014
x 0 33015
p 0 265 33015
x 0 33016
p 0 224 33016
x 0 33017
p 0 221 33017
x 0 33018
p 0 222 33018
x 0 33019
p 0 229 33019
x 0 33020
p 0 227 33020
x 0 33021
p 0 219 33021
x 0 33022
p 0 223 33022
x 0 33023
p 0 219 33023
x 0 33024
p 0 222 33024
x 0 33025
p 0 223 33025
x 0 33026
p 0 225 33026
x 0 33027
p 0 220 33027
x 0 33028
p 0 224 33028
x 0 33029
p 0 288 33029
x 0 33030
p 0 264 33030
x 0 33031
p 0 220 33031
x 0 33032
p 0 252 33032
x 0 33033
p 0 221 33033
x 0 33034
p 0 223 33034
x 0 33035
p 0 222 33035
x 0 33036
p 0 222 33036
x 0 33037
p 0 265 33037
x 0 33038
p 0 221 33038
x 0 33039
p 0 290 33039
x 0 33040
p 0 222 33040
x 0 33041
p 0 220 33041
x 0 33042
p 0 220 33042
x 0 33043
p 0 217 33043
x 0 33044
p 0 225 33044
x 0 33045
p 0 222 33045
x 0 33046
p 0 223 33046
x 0 33047
p 0 220 33047
x 0 33048
p 0 218 33048
x 0 33049
p 0 223 33049
x 0 33050
p 0 221 33050
x 0 33051
p 0 221 33051
x 0 33052
p 0 220 33052
x 0 33053
p 0 221 33053
x 0 33054
p 0 221 33054
x 0 33055
p 0 222 33055
x 0 33056
p 0 224 33056
x 0 33057
p 0 223 33057
x 0 33058
p 0 242 33058
x 0 33059
p 0 222 33059
x 0 33060
p 0 224 33060
x 0 33061
p 0 219 33061
x 0 33062
p 0 292 33062
x 0 33000
x 1 33001
x 2 33002
x 3 33003
x 4 33004
x 5 33005
x 6 33006
h 0 10.0.0.4
p 0 642479 33000
x 7 33007
h 7 10.0.0.4
p 7 1103 33007
h 1 10.0.0.4
p 1 609133 33001
h 2 10.0.0.4
p 2 516414 33002
h 3 10.0.0.4
p 3 421347 33003
h 4 10.0.0.4
p 4 324203 33004
h 5 10.0.0.4
p 5 226085 33005
h 6 10.0.0.4
p 6 127007 33006
x 0 33008
p 0 226 33008
x 0 33009
p 0 226 33009
x 0 33010
p 0 223 33010
x 0 33011
p 0 223 33011
x 0 33012
p 0 224 33012
x 0 33013
p 0 236 33013
x 0 33014
p 0 230 33014
x 0 33015
p 0 225 33015
x 0 33016
p 0 224 33016
x 0 33017
p 0 265 33017
x 0 33018
p 0 240 33018
x 0 33019
p 0 225 33019
x 0 33020
p 0 228 33020
x 0 33021
p 0 232 33021
x 0 33022
p 0 222 33022
x 0 33023
p 0 226 33023
x 0 33024
p 0 237 33024
x 0 33025
p 0 229 33025
x 0 33026
p 0 228 33026
x 0 33027
p 0 307 33027
x 0 33028
p 0 232 33028
x 0 33029
p 0 225 33029
x 0 33030
p 0 253 33030
x 0 33031
p 0 225 33031
x 0 33032
p 0 223 33032
x 0 33033
p 0 224 33033
x 0 33034
p 0 227 33034
x 0 33035
p 0 230 33035
x 0 33036
p 0 265 33036
x 0 33037
p 0 234 33037
x 0 33038
p 0 268 33038
x 0 33039
p 0 228 33039
x 0 33040
p 0 287 33040
x 0 33041
p 0 223 33041
x 0 33042
p 0 222 33042
x 0 33043
p 0 222 33043
x 0 33044
p 0 226 33044
x 0 33045
p 0 236 33045
x 0 33046
p 0 234 33046
x 0 33047
p 0 230 33047
x 0 33048
p 0 235 33048
x 0 33049
p 0 233 33049
x 0 33050
p 0 236 33050
x 0 33051
p 0 235 33051
x 0 33052
p 0 229 33052
x 0 33053
p 0 251 33053
x 0 33054
p 0 235 33054
x 0 33055
p 0 235 33055
x 0 33056
p 0 225 33056
x 0 33057
p 0 225 33057
x 0 33058
p 0 229 33058
x 0 33059
p 0 225 33059
x 0 33060
p 0 230 33060
x 0 33061
p 0 266 33061
x 0 33062
p 0 258 33062
x 0 33063
p 0 260 33063
x 0 33064
p 0 225 33064
x 0 33065
p 0 227 33065
x 0 33066
p 0 243 33066
x 0 33000
x 1 33001
h 0 10.0.0.4
p 0 148293 33000
x 2 33002
h 2 10.0.0.4
p 2 1201 33002
x 0 33003
p 0 212 33003
h 1 10.0.0.4
p 1 504617 33001
x 0 33004
p 0 225 33004
x 0 33005
p 0 258 33005
x 0 33006
p 0 224 33006
x 0 33007
p 0 228 33007
x 0 33008
p 0 232 33008
x 0 33009
p 0 225 33009
x 0 33010
p 0 237 33010
x 0 33011
p 0 232 33011
x 0 33012
p 0 234 33012
x 0 33013
p 0 226 33013
x 0 33014
p 0 225 33014
x 0 33015
p 0 226 33015
x 0 33016
p 0 235 33016
x 0 33017
p 0 228 33017
x 0 33018
p 0 231 33018
x 0 33019
p 0 223 33019
x 0 33020
p 0 232 33020
x 0 33021
p 0 233 33021
x 0 33022
p 0 229 33022
x 0 33023
p 0 229 33023
x 0 33024
p 0 304 33024
x 0 33025
p 0 225 33025
x 0 33026
p 0 225 33026
x 0 33027
p 0 223 33027
x 0 33028
p 0 230 33028
x 0 33029
p 0 232 33029
x 0 33030
p 0 226 33030
x 0 33031
p 0 240 33031
x 0 33032
p 0 229 33032
x 0 33033
p 0 237 33033
x 0 33034
p 0 231 33034
x 0 33035
p 0 254 33035
x 0 33036
p 0 228 33036
x 0 33037
p 0 225 33037
x 0 33038
p 0 230 33038
x 0 33039
p 0 226 33039
x 0 33040
p 0 228 33040
x 0 33041
p 0 273 33041
x 0 33042
p 0 236 33042
x 0 33043
p 0 263 33043
x 0 33044
p 0 225 33044
x 0 33045
p 0 229 33045
x 0 33046
p 0 229 33046
x 0 33047
p 0 228 33047
x 0 33048
p 0 264 33048
x 0 33049
p 0 227 33049
x 0 33050
p 0 228 33050
x 0 33051
p 0 236 33051
x 0 33052
p 0 235 33052
x 0 33053
p 0 229 33053
x 0 33054
p 0 224 33054
x 0 33055
p 0 223 33055
x 0 33056
p 0 235 33056
x 0 33057
p 0 264 33057
x 0 33058
p 0 229 33058
x 0 33059
p 0 226 33059
x 0 33060
p 0 199 33060
x 0 33061
p 0 223 33061
x 0 33000
x 1 33001
x 2 33002
x 3 33003
h 0 10.0.0.4
p 0 330943 33000
x 4 33004
h 4 10.0.0.4
p 4 836 33004
x 0 33005
p 0 260 33005
h 1 10.0.0.4
p 1 586564 33001
h 2 10.0.0.4
p 2 491977 33002
h 3 10.0.0.4
p 3 396111 33003
x 0 33006
p 0 223 33006
x 0 33007
p 0 225 33007
x 0 33008
p 0 229 33008
x 0 33009
p 0 232 33009
x 0 33010
p 0 246 33010
x 0 33011
p 0 239 33011
x 0 33012
p 0 282 33012
x 0 33013
p 0 239 33013
x 0 33014
p 0 269 33014
x 0 33015
p 0 235 33015
x 0 33016
p 0 238 33016
x 0 33017
p 0 241 33017
x 0 33018
p 0 224 33018
x 0 33019
p 0 223 33019
x 0 33020
p 0 235 33020
x 0 33021
p 0 230 33021
x 0 33022
p 0 230 33022
x 0 33023
p 0 222 33023
x 0 33024
p 0 221 33024
x 0 33025
p 0 223 33025
x 0 33026
p 0 226 33026
x 0 33027
p 0 227 33027
x 0 33028
p 0 224 33028
x 0 33029
p 0 221 33029
x 0 33030
p 0 231 33030
x 0 33031
p 0 228 33031
x 0 33032
p 0 226 33032
x 0 33033
p 0 219 33033
x 0 33034
p 0 222 33034
x 0 33035
p 0 225 33035
x 0 33036
p 0 223 33036
x 0 33037
p 0 222 33037
x 0 33038
p 0 221 33038
x 0 33039
p 0 224 33039
x 0 33040
p 0 232 33040
x 0 33041
p 0 228 33041
x 0 33042
p 0 223 33042
x 0 33043
p 0 220 33043
x 0 33044
p 0 289 33044
x 0 33045
p 0 233 33045
x 0 33046
p 0 220 33046
x 0 33047
p 0 212 33047
x 0 33048
p 0 228 33048
x 0 33049
p 0 252 33049
x 0 33050
p 0 221 33050
x 0 33051
p 0 222 33051
x 0 33052
p 0 228 33052
x 0 33053
p 0 249 33053
x 0 33054
p 0 227 33054
x 0 33055
p 0 245 33055
x 0 33056
p 0 226 33056
x 0 33057
p 0 233 33057
x 0 33058
p 0 226 33058
x 0 33059
p 0 229 33059
x 0 33060
p 0 224 33060
x 0 33061
p 0 228 33061
x 0 33062
p 0 282 33062
x 0 33063
p 0 221 33063
x 0 33000
x 1 33001
h 0 10.0.0.4
p 0 124247 33000
x 2 33002
h 2 10.0.0.4
p 2 817 33002
x 0 33003
p 0 102 33003
h 1 10.0.0.4
p 1 1018852 33001
x 0 33004
p 0 226 33004
x 0 33005
p 0 228 33005
x 0 33006
p 0 234 33006
x 0 33007
p 0 225 33007
x 0 33008
p 0 229 33008
x 0 33009
p 0 228 33009
x 0 33010
p 0 240 33010
x 0 33011
p 0 239 33011
x 0 33012
p 0 265 33012
x 0 33013
p 0 227 33013
x 0 33014
p 0 263 33014
x 0 33015
p 0 231 33015
x 0 33016
p 0 239 33016
x 0 33017
p 0 228 33017
x 0 33018
p 0 223 33018
x 0 33019
p 0 227 33019
x 0 33020
p 0 225 33020
x 0 33021
p 0 271 33021
x 0 33022
p 0 223 33022
x 0 33023
p 0 221 33023
x 0 33024
p 0 229 33024
x 0 33025
p 0 223 33025
x 0 33026
p 0 277 33026
x 0 33027
p 0 230 33027
x 0 33028
p 0 262 33028
x 0 33029
p 0 226 33029
x 0 33030
p 0 225 33030
x 0 33031
p 0 226 33031
x 0 33032
p 0 223 33032
x 0 33033
p 0 231 33033
x 0 33034
p 0 227 33034
x 0 33035
p 0 223 33035
x 0 33036
p 0 236 33036
x 0 33037
p 0 237 33037
x 0 33038
p 0 230 33038
x 0 33039
p 0 226 33039
x 0 33040
p 0 227 33040
x 0 33041
p 0 231 33041
x 0 33042
p 0 223 33042
x 0 33043
p 0 231 33043
x 0 33044
p 0 225 33044
x 0 33045
p 0 226 33045
x 0 33046
p 0 232 33046
x 0 33047
p 0 228 33047
x 0 33048
p 0 234 33048
x 0 33049
p 0 256 33049
x 0 33050
p 0 225 33050
x 0 33051
p 0 230 33051
x 0 33052
p 0 225 33052
x 0 33053
p 0 236 33053
x 0 33054
p 0 237 33054
x 0 33055
p 0 244 33055
x 0 33056
p 0 248 33056
x 0 33057
p 0 240 33057
x 0 33058
p 0 245 33058
x 0 33059
p 0 241 33059
x 0 33060
p 0 235 33060
x 0 33061
p 0 244 33061
x 0 33000
x 1 33001
x 2 33002
x 3 33003
h 0 10.0.0.4
p 0 378262 33000
x 4 33004
h 4 10.0.0.4
p 4 824 33004
x 0 33005
p 0 164 33005
h 1 10.0.0.4
p 1 580848 33001
h 2 10.0.0.4
p 2 486777 33002
h 3 10.0.0.4
p 3 394876 33003
x 0 33006
p 0 255 33006
x 0 33007
p 0 270 33007
x 0 33008
p 0 241 33008
x 0 33009
p 0 260 33009
x 0 33010
p 0 234 33010
x 0 33011
p 0 232 33011
x 0 33012
p 0 228 33012
x 0 33013
p 0 219 33013
x 0 33014
p 0 256 33014
x 0 33015
p 0 229 33015
x 0 33016
p 0 224 33016
x 0 33017
p 0 226 33017
x 0 33018
p 0 233 33018
x 0 33019
p 0 230 33019
x 0 33020
p 0 231 33020
x 0 33021
p 0 254 33021
x 0 33022
p 0 224 33022
x 0 33023
p 0 224 33023
x 0 33024
p 0 226 33024
x 0 33025
p 0 228 33025
x 0 33026
p 0 225 33026
x 0 33027
p 0 221 33027
x 0 33028
p 0 229 33028
x 0 33029
p 0 220 33029
x 0 33030
p 0 230 33030
x 0 33031
p 0 220 33031
x 0 33032
p 0 222 33032
x 0 33033
p 0 218 33033
x 0 33034
p 0 219 33034
x 0 33035
p 0 227 33035
x 0 33036
p 0 222 33036
x 0 33037
p 0 218 33037
x 0 33038
p 0 221 33038
x 0 33039
p 0 221 33039
x 0 33040
p 0 228 33040
x 0 33041
p 0 222 33041
x 0 33042
p 0 217 33042
x 0 33043
p 0 221 33043
x 0 33044
p 0 217 33044
x 0 33045
p 0 227 33045
x 0 33046
p 0 229 33046
x 0 33047
p 0 264 33047
x 0 33048
p 0 221 33048
x 0 33049
p 0 220 33049
x 0 33050
p 0 229 33050
x 0 33051
p 0 226 33051
x 0 33052
p 0 218 33052
x 0 33053
p 0 234 33053
x 0 33054
p 0 257 33054
x 0 33055
p 0 232 33055
x 0 33056
p 0 219 33056
x 0 33057
p 0 250 33057
x 0 33058
p 0 223 33058
x 0 33059
p 0 222 33059
x 0 33060
p 0 228 33060
x 0 33061
p 0 226 33061
x 0 33062
p 0 219 33062
x 0 33063
p 0 214 33063
x 0 33000
x 1 33001
x 2 33002
x 3 33003
h 0 10.0.0.4
p 0 302032 33000
h 3 10.0.0.4
p 3 1386 33003
x 4 33004
h 4 10.0.0.4
p 4 199 33004
x 0 33005
p 0 205 33005
h 1 10.0.0.4
p 1 578221 33001
h 2 10.0.0.4
p 2 487860 33002
x 0 33006
p 0 221 33006
x 0 33007
p 0 226 33007
x 0 33008
p 0 222 33008
x 0 33009
p 0 325 33009
x 0 33010
p 0 229 33010
x 0 33011
p 0 220 33011
x 0 33012
p 0 243 33012
x 0 33013
p 0 225 33013
x 0 33014
p 0 224 33014
x 0 33015
p 0 225 33015
x 0 33016
p 0 222 33016
x 0 33017
p 0 225 33017
x 0 33018
p 0 237 33018
x 0 33019
p 0 223 33019
x 0 33020
p 0 221 33020
x 0 33021
p 0 244 33021
x 0 33022
p 0 224 33022
x 0 33023
p 0 219 33023
x 0 33024
p 0 223 33024
x 0 33025
p 0 219 33025
x 0 33026
p 0 219 33026
x 0 33027
p 0 217 33027
x 0 33028
p 0 256 33028
x 0 33029
p 0 215 33029
x 0 33030
p 0 221 33030
x 0 33031
p 0 221 33031
x 0 33032
p 0 220 33032
x 0 33033
p 0 218 33033
x 0 33034
p 0 226 33034
x 0 33035
p 0 257 33035
x 0 33036
p 0 309 33036
x 0 33037
p 0 223 33037
x 0 33038
p 0 223 33038
x 0 33039
p 0 223 33039
x 0 33040
p 0 223 33040
x 0 33041
p 0 215 33041
x 0 33042
p 0 221 33042
x 0 33043
p 0 222 33043
x 0 33044
p 0 222 33044
x 0 33045
p 0 225 33045
x 0 33046
p 0 274 33046
x 0 33047
p 0 219 33047
x 0 33048
p 0 220 33048
x 0 33049
p 0 219 33049
x 0 33050
p 0 255 33050
x 0 33051
p 0 221 33051
x 0 33052
p 0 222 33052
x 0 33053
p 0 221 33053
x 0 33054
p 0 224 33054
x 0 33055
p 0 225 33055
x 0 33056
p 0 220 33056
x 0 33057
p 0 218 33057
x 0 33058
p 0 249 33058
x 0 33059
p 0 221 33059
x 0 33060
p 0 223 33060
x 0 33061
p 0 223 33061
x 0 33062
p 0 218 33062
x 0 33063
p 0 219 33063
x 0 33000
x 1 33001
h 0 10.0.0.4
p 0 181432 33000
x 2 33002
h 2 10.0.0.4
p 2 834 33002
x 0 33003
p 0 252 33003
h 1 10.0.0.4
p 1 552701 33001
x 0 33004
p 0 246 33004
x 0 33005
p 0 277 33005
x 0 33006
p 0 229 33006
x 0 33007
p 0 227 33007
x 0 33008
p 0 234 33008
x 0 33009
p 0 239 33009
x 0 33010
p 0 251 33010
x 0 33011
p 0 272 33011
x 0 33012
p 0 287 33012
x 0 33013
p 0 262 33013
x 0 33014
p 0 238 33014
x 0 33015
p 0 228 33015
x 0 33016
p 0 227 33016
x 0 33017
p 0 229 33017
x 0 33018
p 0 229 33018
x 0 33019
p 0 279 33019
x 0 33020
p 0 266 33020
x 0 33021
p 0 222 33021
x 0 33022
p 0 224 33022
x 0 33023
p 0 231 33023
x 0 33024
p 0 234 33024
x 0 33025
p 0 224 33025
x 0 33026
p 0 287 33026
x 0 33027
p 0 227 33027
x 0 33028
p 0 227 33028
x 0 33029
p 0 224 33029
x 0 33030
p 0 233 33030
x 0 33031
p 0 220 33031
x 0 33032
p 0 231 33032
x 0 33033
p 0 225 33033
x 0 33034
p 0 225 33034
x 0 33035
p 0 225 33035
x 0 33036
p 0 219 33036
x 0 33037
p 0 218 33037
x 0 33038
p 0 259 33038
x 0 33039
p 0 225 33039
x 0 33040
p 0 227 33040
x 0 33041
p 0 220 33041
x 0 33042
p 0 222 33042
x 0 33043
p 0 226 33043
x 0 33044
p 0 225 33044
x 0 33045
p 0 260 33045
x 0 33046
p 0 226 33046
x 0 33047
p 0 241 33047
x 0 33048
p 0 227 33048
x 0 33049
p 0 225 33049
x 0 33050
p 0 237 33050
x 0 33051
p 0 238 33051
x 0 33052
p 0 259 33052
x 0 33053
p 0 227 33053
x 0 33054
p 0 218 33054
x 0 33055
p 0 233 33055
x 0 33056
p 0 222 33056
x 0 33057
p 0 225 33057
x 0 33058
p 0 226 33058
x 0 33059
p 0 267 33059
x 0 33060
p 0 228 33060
x 0 33061
p 0 225 33061
x 0 33000
x 1 33001
x 2 33002
h 0 10.0.0.4
p 0 219566 33000
x 3 33003
h 3 10.0.0.4
p 3 626 33003
x 0 33004
p 0 180 33004
h 1 10.0.0.4
p 1 536857 33001
h 2 10.0.0.4
p 2 1027298 33002
x 0 33005
p 0 219 33005
x 0 33006
p 0 226 33006
x 0 33007
p 0 221 33007
x 0 33008
p 0 219 33008
x 0 33009
p 0 244 33009
x 0 33010
p 0 235 33010
x 0 33011
p 0 222 33011
x 0 33012
p 0 226 33012
x 0 33013
p 0 225 33013
x 0 33014
p 0 220 33014
x 0 33015
p 0 221 33015
x 0 33016
p 0 221 33016
x 0 33017
p 0 219 33017
x 0 33018
p 0 222 33018
x 0 33019
p 0 224 33019
x 0 33020
p 0 220 33020
x 0 33021
p 0 239 33021
x 0 33022
p 0 234 33022
x 0 33023
p 0 275 33023
x 0 33024
p 0 237 33024
x 0 33025
p 0 259 33025
x 0 33026
p 0 234 33026
x 0 33027
p 0 229 33027
x 0 33028
p 0 230 33028
x 0 33029
p 0 233 33029
x 0 33030
p 0 281 33030
x 0 33031
p 0 238 33031
x 0 33032
p 0 267 33032
x 0 33033
p 0 231 33033
x 0 33034
p 0 243 33034
x 0 33035
p 0 234 33035
x 0 33036
p 0 230 33036
x 0 33037
p 0 230 33037
x 0 33038
p 0 229 33038
x 0 33039
p 0 314 33039
x 0 33040
p 0 184 33040
x 0 33041
p 0 236 33041
x 0 33042
p 0 235 33042
x 0 33043
p 0 179 33043
x 0 33044
p 0 233 33044
x 0 33045
p 0 180 33045
x 0 33046
p 0 237 33046
x 0 33047
p 0 235 33047
x 0 33048
p 0 179 33048
x 0 33049
p 0 236 33049
x 0 33050
p 0 179 33050
x 0 33051
p 0 235 33051
x 0 33052
p 0 235 33052
x 0 33053
p 0 213 33053
x 0 33054
p 0 180 33054
x 0 33055
p 0 262 33055
x 0 33056
p 0 180 33056
x 0 33057
p 0 238 33057
x 0 33058
p 0 182 33058
x 0 33059
p 0 240 33059
x 0 33060
p 0 212 33060
x 0 33061
p 0 235 33061
x 0 33062
p 0 178 33062
x 0 33000
x 1 33001
x 2 33002
h 0 10.0.0.4
p 0 228882 33000
x 3 33003
h 3 10.0.0.4
p 3 1290 33003
x 0 33004
p 0 262 33004
h 1 10.0.0.4
p 1 561700 33001
h 2 10.0.0.4
p 2 1008443 33002
x 0 33005
p 0 252 33005
x 0 33006
p 0 262 33006
x 0 33007
p 0 232 33007
x 0 33008
p 0 229 33008
x 0 33009
p 0 235 33009
x 0 33010
p 0 240 33010
x 0 33011
p 0 227 33011
x 0 33012
p 0 229 33012
x 0 33013
p 0 279 33013
x 0 33014
p 0 232 33014
x 0 33015
p 0 231 33015
x 0 33016
p 0 227 33016
x 0 33017
p 0 226 33017
x 0 33018
p 0 233 33018
x 0 33019
p 0 232 33019
x 0 33020
p 0 266 33020
x 0 33021
p 0 223 33021
x 0 33022
p 0 224 33022
x 0 33023
p 0 227 33023
x 0 33024
p 0 225 33024
x 0 33025
p 0 225 33025
x 0 33026
p 0 223 33026
x 0 33027
p 0 233 33027
x 0 33028
p 0 226 33028
x 0 33029
p 0 228 33029
x 0 33030
p 0 257 33030
x 0 33031
p 0 221 33031
x 0 33032
p 0 227 33032
x 0 33033
p 0 228 33033
x 0 33034
p 0 228 33034
x 0 33035
p 0 232 33035
x 0 33036
p 0 224 33036
x 0 33037
p 0 261 33037
x 0 33038
p 0 225 33038
x 0 33039
p 0 230 33039
x 0 33040
p 0 229 33040
x 0 33041
p 0 222 33041
x 0 33042
p 0 226 33042
x 0 33043
p 0 228 33043
x 0 33044
p 0 230 33044
x 0 33045
p 0 228 33045
x 0 33046
p 0 223 33046
x 0 33047
p 0 231 33047
x 0 33048
p 0 228 33048
x 0 33049
p 0 225 33049
x 0 33050
p 0 228 33050
x 0 33051
p 0 224 33051
x 0 33052
p 0 223 33052
x 0 33053
p 0 228 33053
x 0 33054
p 0 232 33054
x 0 33055
p 0 223 33055
x 0 33056
p 0 226 33056
x 0 33057
p 0 232 33057
x 0 33058
p 0 259 33058
x 0 33059
p 0 232 33059
x 0 33060
p 0 226 33060
x 0 33061
p 0 226 33061
x 0 33062
p 0 221 33062
x 0 33000
x 1 33001
x 2 33002
x 3 33003
x 4 33004
x 5 33005
h 0 10.0.0.4
p 0 584526 33000
x 6 33006
h 6 10.0.0.4
p 6 916 33006
h 1 10.0.0.4
p 1 547727 33001
h 2 10.0.0.4
p 2 452531 33002
h 3 10.0.0.4
p 3 358944 33003
h 4 10.0.0.4
p 4 262883 33004
h 5 10.0.0.4
p 5 165199 33005
x 0 33007
p 0 243 33007
x 0 33008
p 0 217 33008
x 0 33009
p 0 219 33009
x 0 33010
p 0 239 33010
x 0 33011
p 0 307 33011
x 0 33012
p 0 171 33012
x 0 33013
p 0 243 33013
x 0 33014
p 0 238 33014
x 0 33015
p 0 234 33015
x 0 33016
p 0 220 33016
x 0 33017
p 0 240 33017
x 0 33018
p 0 286 33018
x 0 33019
p 0 245 33019
x 0 33020
p 0 237 33020
x 0 33021
p 0 242 33021
x 0 33022
p 0 234 33022
x 0 33023
p 0 238 33023
x 0 33024
p 0 237 33024
x 0 33025
p 0 235 33025
x 0 33026
p 0 232 33026
x 0 33027
p 0 234 33027
x 0 33028
p 0 236 33028
x 0 33029
p 0 236 33029
x 0 33030
p 0 235 33030
x 0 33031
p 0 232 33031
x 0 33032
p 0 315 33032
x 0 33033
p 0 236 33033
x 0 33034
p 0 236 33034
x 0 33035
p 0 233 33035
x 0 33036
p 0 233 33036
x 0 33037
p 0 235 33037
x 0 33038
p 0 347 33038
x 0 33039
p 0 390 33039
x 0 33040
p 0 234 33040
x 0 33041
p 0 234 33041
x 0 33042
p 0 239 33042
x 0 33043
p 0 312 33043
x 0 33044
p 0 236 33044
x 0 33045
p 0 235 33045
x 0 33046
p 0 396 33046
x 0 33047
p 0 236 33047
x 0 33048
p 0 239 33048
x 0 33049
p 0 237 33049
x 0 33050
p 0 234 33050
x 0 33051
p 0 237 33051
x 0 33052
p 0 234 33052
x 0 33053
p 0 317 33053
x 0 33054
p 0 239 33054
x 0 33055
p 0 231 33055
x 0 33056
p 0 235 33056
x 0 33057
p 0 236 33057
x 0 33058
p 0 240 33058
x 0 33059
p 0 237 33059
x 0 33060
p 0 289 33060
x 0 33061
p 0 239 33061
x 0 33062
p 0 239 33062
x 0 33063
p 0 243 33063
x 0 33064
p 0 238 33064
x 0 33065
p 0 240 33065
x 0 33000
x 1 33001
x 2 33002
x 3 33003
h 0 10.0.0.4
p 0 359033 33000
x 4 33004
h 4 10.0.0.4
p 4 746 33004
x 0 33005
p 0 155 33005
h 1 10.0.0.4
p 1 524811 33001
h 2 10.0.0.4
p 2 432196 33002
h 3 10.0.0.4
p 3 336859 33003
x 0 33006
p 0 195 33006
x 0 33007
p 0 122 33007
x 0 33008
p 0 196 33008
x 0 33009
p 0 192 33009
x 0 33010
p 0 298 33010
x 0 33011
p 0 395 33011
x 0 33012
p 0 411 33012
x 0 33013
p 0 440 33013
x 0 33014
p 0 394 33014
x 0 33015
p 0 394 33015
x 0 33016
p 0 223 33016
x 0 33017
p 0 255 33017
x 0 33018
p 0 233 33018
x 0 33019
p 0 223 33019
x 0 33020
p 0 261 33020
x 0 33021
p 0 221 33021
x 0 33022
p 0 224 33022
x 0 33023
p 0 228 33023
x 0 33024
p 0 259 33024
x 0 33025
p 0 226 33025
x 0 33026
p 0 224 33026
x 0 33027
p 0 222 33027
x 0 33028
p 0 225 33028
x 0 33029
p 0 186 33029
x 0 33030
p 0 222 33030
x 0 33031
p 0 226 33031
x 0 33032
p 0 224 33032
x 0 33033
p 0 225 33033
x 0 33034
p 0 164 33034
x 0 33035
p 0 225 33035
x 0 33036
p 0 221 33036
x 0 33037
p 0 224 33037
x 0 33038
p 0 223 33038
x 0 33039
p 0 226 33039
x 0 33040
p 0 223 33040
x 0 33041
p 0 223 33041
x 0 33042
p 0 252 33042
x 0 33043
p 0 221 33043
x 0 33044
p 0 224 33044
x 0 33045
p 0 292 33045
x 0 33046
p 0 220 33046
x 0 33047
p 0 220 33047
x 0 33048
p 0 222 33048
x 0 33049
p 0 222 33049
x 0 33050
p 0 221 33050
x 0 33051
p 0 221 33051
x 0 33052
p 0 219 33052
x 0 33053
p 0 223 33053
x 0 33054
p 0 229 33054
x 0 33055
p 0 219 33055
x 0 33056
p 0 223 33056
x 0 33057
p 0 222 33057
x 0 33058
p 0 225 33058
x 0 33059
p 0 264 33059
x 0 33060
p 0 221 33060
x 0 33061
p 0 223 33061
x 0 33062
p 0 221 33062
x 0 33063
p 0 222 33063
x 0 33000
x 1 33001
x 2 33002
h 0 10.0.0.4
p 0 233230 33000
x 3 33003
h 3 10.0.0.4
p 3 958 33003
x 0 33004
p 0 251 33004
h 1 10.0.0.4
p 1 600703 33001
h 2 10.0.0.4
p 2 1015486 33002
x 0 33005
p 0 225 33005
x 0 33006
p 0 241 33006
x 0 33007
p 0 224 33007
x 0 33008
p 0 228 33008
x 0 33009
p 0 242 33009
x 0 33010
p 0 266 33010
x 0 33011
p 0 235 33011
x 0 33012
p 0 228 33012
x 0 33013
p 0 100 33013
x 0 33014
p 0 233 33014
x 0 33015
p 0 280 33015
x 0 33016
p 0 267 33016
x 0 33017
p 0 258 33017
x 0 33018
p 0 228 33018
x 0 33019
p 0 229 33019
x 0 33020
p 0 227 33020
x 0 33021
p 0 233 33021
x 0 33022
p 0 230 33022
x 0 33023
p 0 267 33023
x 0 33024
p 0 227 33024
x 0 33025
p 0 229 33025
x 0 33026
p 0 224 33026
x 0 33027
p 0 224 33027
x 0 33028
p 0 224 33028
x 0 33029
p 0 224 33029
x 0 33030
p 0 262 33030
x 0 33031
p 0 231 33031
x 0 33032
p 0 223 33032
x 0 33033
p 0 221 33033
x 0 33034
p 0 227 33034
x 0 33035
p 0 238 33035
x 0 33036
p 0 227 33036
x 0 33037
p 0 226 33037
x 0 33038
p 0 225 33038
x 0 33039
p 0 229 33039
x 0 33040
p 0 235 33040
x 0 33041
p 0 276 33041
x 0 33042
p 0 225 33042
x 0 33043
p 0 224 33043
x 0 33044
p 0 229 33044
x 0 33045
p 0 230 33045
x 0 33046
p 0 227 33046
x 0 33047
p 0 224 33047
x 0 33048
p 0 224 33048
x 0 33049
p 0 228 33049
x 0 33050
p 0 228 33050
x 0 33051
p 0 227 33051
x 0 33052
p 0 229 33052
x 0 33053
p 0 255 33053
x 0 33054
p 0 226 33054
x 0 33055
p 0 224 33055
x 0 33056
p 0 222 33056
x 0 33057
p 0 228 33057
x 0 33058
p 0 228 33058
x 0 33059
p 0 226 33059
x 0 33060
p 0 265 33060
x 0 33061
p 0 232 33061
x 0 33062
p 0 230 33062
x 0 33000
x 1 33001
h 0 10.0.0.4
p 0 161676 33000
x 2 33002
h 2 10.0.0.4
p 2 1097 33002
x 0 33003
p 0 186 33003
h 1 10.0.0.4
p 1 526418 33001
x 0 33004
p 0 192 33004
x 0 33005
p 0 243 33005
x 0 33006
p 0 231 33006
x 0 33007
p 0 241 33007
x 0 33008
p 0 273 33008
x 0 33009
p 0 237 33009
x 0 33010
p 0 232 33010
x 0 33011
p 0 220 33011
x 0 33012
p 0 201 33012
x 0 33013
p 0 223 33013
x 0 33014
p 0 222 33014
x 0 33015
p 0 230 33015
x 0 33016
p 0 231 33016
x 0 33017
p 0 231 33017
x 0 33018
p 0 201 33018
x 0 33019
p 0 224 33019
x 0 33020
p 0 226 33020
x 0 33021
p 0 280 33021
x 0 33022
p 0 224 33022
x 0 33023
p 0 190 33023
x 0 33024
p 0 215 33024
x 0 33025
p 0 208 33025
x 0 33026
p 0 201 33026
x 0 33027
p 0 230 33027
x 0 33028
p 0 196 33028
x 0 33029
p 0 195 33029
x 0 33030
p 0 236 33030
x 0 33031
p 0 195 33031
x 0 33032
p 0 186 33032
x 0 33033
p 0 196 33033
x 0 33034
p 0 199 33034
x 0 33035
p 0 195 33035
x 0 33036
p 0 186 33036
x 0 33037
p 0 189 33037
x 0 33038
p 0 190 33038
x 0 33039
p 0 220 33039
x 0 33040
p 0 187 33040
x 0 33041
p 0 182 33041
x 0 33042
p 0 184 33042
x 0 33043
p 0 190 33043
x 0 33044
p 0 190 33044
x 0 33045
p 0 192 33045
x 0 33046
p 0 225 33046
x 0 33047
p 0 183 33047
x 0 33048
p 0 187 33048
x 0 33049
p 0 219 33049
x 0 33050
p 0 187 33050
x 0 33051
p 0 222 33051
x 0 33052
p 0 186 33052
x 0 33053
p 0 194 33053
x 0 33054
p 0 186 33054
x 0 33055
p 0 187 33055
x 0 33056
p 0 232 33056
x 0 33057
p 0 181 33057
x 0 33058
p 0 191 33058
x 0 33059
p 0 188 33059
x 0 33060
p 0 192 33060
x 0 33061
p 0 190 33061
x 0 33000
x 1 33001
h 0 10.0.0.4
p 0 181013 33000
x 2 33002
h 2 10.0.0.4
p 2 687 33002
x 0 33003
p 0 274 33003
h 1 10.0.0.4
p 1 557197 33001
x 0 33004
p 0 227 33004
x 0 33005
p 0 232 33005
x 0 33006
p 0 236 33006
x 0 33007
p 0 227 33007
x 0 33008
p 0 204 33008
x 0 33009
p 0 228 33009
x 0 33010
p 0 224 33010
x 0 33011
p 0 223 33011
x 0 33012
p 0 221 33012
x 0 33013
p 0 284 33013
x 0 33014
p 0 221 33014
x 0 33015
p 0 256 33015
x 0 33016
p 0 225 33016
x 0 33017
p 0 222 33017
x 0 33018
p 0 226 33018
x 0 33019
p 0 222 33019
x 0 33020
p 0 271 33020
x 0 33021
p 0 221 33021
x 0 33022
p 0 265 33022
x 0 33023
p 0 220 33023
x 0 33024
p 0 219 33024
x 0 33025
p 0 228 33025
x 0 33026
p 0 250 33026
x 0 33027
p 0 274 33027
x 0 33028
p 0 224 33028
x 0 33029
p 0 251 33029
x 0 33030
p 0 223 33030
x 0 33031
p 0 227 33031
x 0 33032
p 0 219 33032
x 0 33033
p 0 223 33033
x 0 33034
p 0 281 33034
x 0 33035
p 0 227 33035
x 0 33036
p 0 225 33036
x 0 33037
p 0 225 33037
x 0 33038
p 0 223 33038
x 0 33039
p 0 224 33039
x 0 33040
p 0 224 33040
x 0 33041
p 0 285 33041
x 0 33042
p 0 224 33042
x 0 33043
p 0 221 33043
x 0 33044
p 0 222 33044
x 0 33045
p 0 225 33045
x 0 33046
p 0 223 33046
x 0 33047
p 0 223 33047
x 0 33048
p 0 225 33048
x 0 33049
p 0 220 33049
x 0 33050
p 0 223 33050
x 0 33051
p 0 238 33051
x 0 33052
p 0 222 33052
x 0 33053
p 0 227 33053
x 0 33054
p 0 219 33054
x 0 33055
p 0 115 33055
x 0 33056
p 0 103 33056
x 0 33057
p 0 235 33057
x 0 33058
p 0 223 33058
x 0 33059
p 0 224 33059
x 0 33060
p 0 223 33060
x 0 33061
p 0 223 33061
x 0 33000
x 1 33001
x 2 33002
h 0 10.0.0.4
p 0 226893 33000
x 3 33003
h 3 10.0.0.4
p 3 692 33003
x 0 33004
p 0 295 33004
h 1 10.0.0.4
p 1 580779 33001
h 2 10.0.0.4
p 2 1024407 33002
x 0 33005
p 0 255 33005
x 0 33006
p 0 281 33006
x 0 33007
p 0 243 33007
x 0 33008
p 0 241 33008
x 0 33009
p 0 187 33009
x 0 33010
p 0 232 33010
x 0 33011
p 0 228 33011
x 0 33012
p 0 225 33012
x 0 33013
p 0 270 33013
x 0 33014
p 0 228 33014
x 0 33015
p 0 230 33015
x 0 33016
p 0 228 33016
x 0 33017
p 0 223 33017
x 0 33018
p 0 227 33018
x 0 33019
p 0 225 33019
x 0 33020
p 0 261 33020
x 0 33021
p 0 223 33021
x 0 33022
p 0 223 33022
x 0 33023
p 0 222 33023
x 0 33024
p 0 227 33024
x 0 33025
p 0 229 33025
x 0 33026
p 0 297 33026
x 0 33027
p 0 262 33027
x 0 33028
p 0 225 33028
x 0 33029
p 0 226 33029
x 0 33030
p 0 223 33030
x 0 33031
p 0 221 33031
x 0 33032
p 0 221 33032
x 0 33033
p 0 258 33033
x 0 33034
p 0 228 33034
x 0 33035
p 0 228 33035
x 0 33036
p 0 220 33036
x 0 33037
p 0 218 33037
x 0 33038
p 0 218 33038
x 0 33039
p 0 224 33039
x 0 33040
p 0 225 33040
x 0 33041
p 0 217 33041
x 0 33042
p 0 221 33042
x 0 33043
p 0 200 33043
x 0 33044
p 0 272 33044
x 0 33045
p 0 254 33045
x 0 33046
p 0 225 33046
x 0 33047
p 0 220 33047
x 0 33048
p 0 225 33048
x 0 33049
p 0 223 33049
x 0 33050
p 0 223 33050
x 0 33051
p 0 222 33051
x 0 33052
p 0 226 33052
x 0 33053
p 0 221 33053
x 0 33054
p 0 278 33054
x 0 33055
p 0 237 33055
x 0 33056
p 0 224 33056
x 0 33057
p 0 219 33057
x 0 33058
p 0 223 33058
x 0 33059
p 0 220 33059
x 0 33060
p 0 228 33060
x 0 33061
p 0 225 33061
x 0 33062
p 0 221 33062
x 0 33000
h 0 10.0.0.4
p 0 57033 33000
x 1 33001
h 1 10.0.0.4
p 1 1462 33001
x 0 33002
p 0 148 33002
x 0 33003
p 0 234 33003
x 0 33004
p 0 234 33004
x 0 33005
p 0 235 33005
x 0 33006
p 0 265 33006
x 0 33007
p 0 104 33007
x 0 33008
p 0 224 33008
x 0 33009
p 0 226 33009
x 0 33010
p 0 281 33010
x 0 33011
p 0 228 33011
x 0 33012
p 0 224 33012
x 0 33013
p 0 222 33013
x 0 33014
p 0 225 33014
x 0 33015
p 0 227 33015
x 0 33016
p 0 228 33016
x 0 33017
p 0 302 33017
x 0 33018
p 0 200 33018
x 0 33019
p 0 221 33019
x 0 33020
p 0 223 33020
x 0 33021
p 0 223 33021
x 0 33022
p 0 221 33022
x 0 33023
p 0 228 33023
x 0 33024
p 0 265 33024
x 0 33025
p 0 222 33025
x 0 33026
p 0 224 33026
x 0 33027
p 0 225 33027
x 0 33028
p 0 221 33028
x 0 33029
p 0 226 33029
x 0 33030
p 0 228 33030
x 0 33031
p 0 225 33031
x 0 33032
p 0 229 33032
x 0 33033
p 0 224 33033
x 0 33034
p 0 227 33034
x 0 33035
p 0 228 33035
x 0 33036
p 0 226 33036
x 0 33037
p 0 228 33037
x 0 33038
p 0 293 33038
x 0 33039
p 0 226 33039
x 0 33040
p 0 147 33040
x 0 33041
p 0 269 33041
x 0 33042
p 0 268 33042
x 0 33043
p 0 185 33043
x 0 33044
p 0 232 33044
x 0 33045
p 0 229 33045
x 0 33046
p 0 208 33046
x 0 33047
p 0 207 33047
x 0 33048
p 0 259 33048
x 0 33049
p 0 226 33049
x 0 33050
p 0 238 33050
x 0 33051
p 0 216 33051
x 0 33052
p 0 229 33052
x 0 33053
p 0 312 33053
x 0 33054
p 0 226 33054
x 0 33055
p 0 255 33055
x 0 33056
p 0 221 33056
x 0 33057
p 0 228 33057
x 0 33058
p 0 224 33058
x 0 33059
p 0 224 33059
x 0 33060
p 0 237 33060
x 0 33000
x 1 33001
x 2 33002
h 0 10.0.0.4
p 0 270370 33000
x 3 33003
h 3 10.0.0.4
p 3 466 33003
x 0 33004
p 0 174 33004
h 1 10.0.0.4
p 1 500377 33001
h 2 10.0.0.4
p 2 406688 33002
x 0 33005
p 0 229 33005
x 0 33006
p 0 227 33006
x 0 33007
p 0 226 33007
x 0 33008
p 0 345 33008
x 0 33009
p 0 229 33009
x 0 33010
p 0 234 33010
x 0 33011
p 0 224 33011
x 0 33012
p 0 221 33012
x 0 33013
p 0 223 33013
x 0 33014
p 0 223 33014
x 0 33015
p 0 219 33015
x 0 33016
p 0 228 33016
x 0 33017
p 0 222 33017
x 0 33018
p 0 226 33018
x 0 33019
p 0 227 33019
x 0 33020
p 0 228 33020
x 0 33021
p 0 219 33021
x 0 33022
p 0 218 33022
x 0 33023
p 0 227 33023
x 0 33024
p 0 218 33024
x 0 33025
p 0 222 33025
x 0 33026
p 0 225 33026
x 0 33027
p 0 225 33027
x 0 33028
p 0 228 33028
x 0 33029
p 0 226 33029
x 0 33030
p 0 228 33030
x 0 33031
p 0 228 33031
x 0 33032
p 0 256 33032
x 0 33033
p 0 222 33033
x 0 33034
p 0 226 33034
x 0 33035
p 0 226 33035
x 0 33036
p 0 223 33036
x 0 33037
p 0 226 33037
x 0 33038
p 0 230 33038
x 0 33039
p 0 223 33039
x 0 33040
p 0 224 33040
x 0 33041
p 0 224 33041
x 0 33042
p 0 225 33042
x 0 33043
p 0 224 33043
x 0 33044
p 0 234 33044
x 0 33045
p 0 227 33045
x 0 33046
p 0 225 33046
x 0 33047
p 0 223 33047
x 0 33048
p 0 226 33048
x 0 33049
p 0 226 33049
x 0 33050
p 0 226 33050
x 0 33051
p 0 233 33051
x 0 33052
p 0 225 33052
x 0 33053
p 0 227 33053
x 0 33054
p 0 223 33054
x 0 33055
p 0 223 33055
x 0 33056
p 0 225 33056
x 0 33057
p 0 222 33057
x 0 33058
p 0 231 33058
x 0 33059
p 0 223 33059
x 0 33060
p 0 227 33060
x 0 33061
p 0 224 33061
x 0 33062
p 0 230 33062
x 0 33000
x 1 33001
x 2 33002
h 0 10.0.0.4
p 0 227725 33000
x 3 33003
h 3 10.0.0.4
p 3 802 33003
x 0 33004
p 0 320 33004
h 1 10.0.0.4
p 1 554710 33001
h 2 10.0.0.4
p 2 1005881 33002
x 0 33005
p 0 229 33005
x 0 33006
p 0 233 33006
x 0 33007
p 0 278 33007
x 0 33008
p 0 233 33008
x 0 33009
p 0 234 33009
x 0 33010
p 0 235 33010
x 0 33011
p 0 269 33011
x 0 33012
p 0 227 33012
x 0 33013
p 0 231 33013
x 0 33014
p 0 230 33014
x 0 33015
p 0 231 33015
x 0 33016
p 0 230 33016
x 0 33017
p 0 231 33017
x 0 33018
p 0 299 33018
x 0 33019
p 0 234 33019
x 0 33020
p 0 229 33020
x 0 33021
p 0 246 33021
x 0 33022
p 0 229 33022
x 0 33023
p 0 232 33023
x 0 33024
p 0 226 33024
x 0 33025
p 0 295 33025
x 0 33026
p 0 229 33026
x 0 33027
p 0 229 33027
x 0 33028
p 0 231 33028
x 0 33029
p 0 229 33029
x 0 33030
p 0 225 33030
x 0 33031
p 0 231 33031
x 0 33032
p 0 259 33032
x 0 33033
p 0 232 33033
x 0 33034
p 0 231 33034
x 0 33035
p 0 227 33035
x 0 33036
p 0 281 33036
x 0 33037
p 0 228 33037
x 0 33038
p 0 230 33038
x 0 33039
p 0 306 33039
x 0 33040
p 0 227 33040
x 0 33041
p 0 229 33041
x 0 33042
p 0 232 33042
x 0 33043
p 0 295 33043
x 0 33044
p 0 229 33044
x 0 33045
p 0 229 33045
x 0 33046
p 0 231 33046
x 0 33047
p 0 225 33047
x 0 33048
p 0 228 33048
x 0 33049
p 0 236 33049
x 0 33050
p 0 229 33050
x 0 33051
p 0 229 33051
x 0 33052
p 0 228 33052
x 0 33053
p 0 231 33053
x 0 33054
p 0 233 33054
x 0 33055
p 0 225 33055
x 0 33056
p 0 230 33056
x 0 33057
p 0 230 33057
x 0 33058
p 0 235 33058
x 0 33059
p 0 230 33059
x 0 33060
p 0 231 33060
x 0 33061
p 0 232 33061
x 0 33062
p 0 230 33062
x 0 33000
x 1 33001
h 1 10.0.0.4
p 1 1920 33001
h 0 10.0.0.4
p 0 103795 33000
x 2 33002
h 2 10.0.0.4
p 2 268 33002
x 0 33003
p 0 239 33003
x 0 33004
p 0 231 33004
x 0 33005
p 0 239 33005
x 0 33006
p 0 234 33006
x 0 33007
p 0 229 33007
x 0 33008
p 0 232 33008
x 0 33009
p 0 275 33009
x 0 33010
p 0 289 33010
x 0 33011
p 0 238 33011
x 0 33012
p 0 250 33012
x 0 33013
p 0 236 33013
x 0 33014
p 0 233 33014
x 0 33015
p 0 236 33015
x 0 33016
p 0 236 33016
x 0 33017
p 0 230 33017
x 0 33018
p 0 229 33018
x 0 33019
p 0 237 33019
x 0 33020
p 0 237 33020
x 0 33021
p 0 223 33021
x 0 33022
p 0 226 33022
x 0 33023
p 0 232 33023
x 0 33024
p 0 228 33024
x 0 33025
p 0 237 33025
x 0 33026
p 0 309 33026
x 0 33027
p 0 233 33027
x 0 33028
p 0 232 33028
x 0 33029
p 0 230 33029
x 0 33030
p 0 232 33030
x 0 33031
p 0 225 33031
x 0 33032
p 0 232 33032
x 0 33033
p 0 274 33033
x 0 33034
p 0 228 33034
x 0 33035
p 0 234 33035
x 0 33036
p 0 234 33036
x 0 33037
p 0 231 33037
x 0 33038
p 0 233 33038
x 0 33039
p 0 237 33039
x 0 33040
p 0 271 33040
x 0 33041
p 0 225 33041
x 0 33042
p 0 277 33042
x 0 33043
p 0 234 33043
x 0 33044
p 0 228 33044
x 0 33045
p 0 236 33045
x 0 33046
p 0 234 33046
x 0 33047
p 0 276 33047
x 0 33048
p 0 230 33048
x 0 33049
p 0 228 33049
x 0 33050
p 0 228 33050
x 0 33051
p 0 227 33051
x 0 33052
p 0 232 33052
x 0 33053
p 0 230 33053
x 0 33054
p 0 278 33054
x 0 33055
p 0 237 33055
x 0 33056
p 0 235 33056
x 0 33057
p 0 230 33057
x 0 33058
p 0 254 33058
x 0 33059
p 0 227 33059
x 0 33060
p 0 227 33060
x 0 33061
p 0 282 33061
x 0 33000
x 1 33001
h 0 10.0.0.4
p 0 110956 33000
x 2 33002
h 2 10.0.0.4
p 2 906 33002
x 0 33003
p 0 102 33003
h 1 10.0.0.4
p 1 1011160 33001
x 0 33004
p 0 303 33004
x 0 33005
p 0 230 33005
x 0 33006
p 0 228 33006
x 0 33007
p 0 223 33007
x 0 33008
p 0 293 33008
x 0 33009
p 0 260 33009
x 0 33010
p 0 192 33010
x 0 33011
p 0 229 33011
x 0 33012
p 0 221 33012
x 0 33013
p 0 261 33013
x 0 33014
p 0 227 33014
x 0 33015
p 0 204 33015
x 0 33016
p 0 226 33016
x 0 33017
p 0 251 33017
x 0 33018
p 0 224 33018
x 0 33019
p 0 230 33019
x 0 33020
p 0 227 33020
x 0 33021
p 0 261 33021
x 0 33022
p 0 204 33022
x 0 33023
p 0 228 33023
x 0 33024
p 0 229 33024
x 0 33025
p 0 262 33025
x 0 33026
p 0 198 33026
x 0 33027
p 0 230 33027
x 0 33028
p 0 225 33028
x 0 33029
p 0 262 33029
x 0 33030
p 0 195 33030
x 0 33031
p 0 201 33031
x 0 33032
p 0 224 33032
x 0 33033
p 0 202 33033
x 0 33034
p 0 201 33034
x 0 33035
p 0 196 33035
x 0 33036
p 0 200 33036
x 0 33037
p 0 199 33037
x 0 33038
p 0 203 33038
x 0 33039
p 0 202 33039
x 0 33040
p 0 196 33040
x 0 33041
p 0 190 33041
x 0 33042
p 0 198 33042
x 0 33043
p 0 196 33043
x 0 33044
p 0 192 33044
x 0 33045
p 0 198 33045
x 0 33046
p 0 192 33046
x 0 33047
p 0 194 33047
x 0 33048
p 0 188 33048
x 0 33049
p 0 165 33049
x 0 33050
p 0 204 33050
x 0 33051
p 0 200 33051
x 0 33052
p 0 193 33052
x 0 33053
p 0 187 33053
x 0 33054
p 0 195 33054
x 0 33055
p 0 192 33055
x 0 33056
p 0 201 33056
x 0 33057
p 0 232 33057
x 0 33058
p 0 235 33058
x 0 33059
p 0 216 33059
x 0 33060
p 0 203 33060
x 0 33061
p 0 228 33061
x 0 33000
x 1 33001
h 0 10.0.0.4
p 0 114627 33000
x 2 33002
h 2 10.0.0.4
p 2 731 33002
x 0 33003
p 0 121 33003
h 1 10.0.0.4
p 1 1016655 33001
x 0 33004
p 0 239 33004
x 0 33005
p 0 324 33005
x 0 33006
p 0 233 33006
x 0 33007
p 0 227 33007
x 0 33008
p 0 301 33008
x 0 33009
p 0 239 33009
x 0 33010
p 0 249 33010
x 0 33011
p 0 244 33011
x 0 33012
p 0 237 33012
x 0 33013
p 0 260 33013
x 0 33014
p 0 230 33014
x 0 33015
p 0 230 33015
x 0 33016
p 0 232 33016
x 0 33017
p 0 229 33017
x 0 33018
p 0 240 33018
x 0 33019
p 0 297 33019
x 0 33020
p 0 367 33020
x 0 33021
p 0 229 33021
x 0 33022
p 0 233 33022
x 0 33023
p 0 272 33023
x 0 33024
p 0 229 33024
x 0 33025
p 0 230 33025
x 0 33026
p 0 258 33026
x 0 33027
p 0 313 33027
x 0 33028
p 0 244 33028
x 0 33029
p 0 230 33029
x 0 33030
p 0 232 33030
x 0 33031
p 0 242 33031
x 0 33032
p 0 238 33032
x 0 33033
p 0 233 33033
x 0 33034
p 0 260 33034
x 0 33035
p 0 233 33035
x 0 33036
p 0 249 33036
x 0 33037
p 0 240 33037
x 0 33038
p 0 241 33038
x 0 33039
p 0 229 33039
x 0 33040
p 0 236 33040
x 0 33041
p 0 279 33041
x 0 33042
p 0 242 33042
x 0 33043
p 0 246 33043
x 0 33044
p 0 279 33044
x 0 33045
p 0 230 33045
x 0 33046
p 0 246 33046
x 0 33047
p 0 271 33047
x 0 33048
p 0 245 33048
x 0 33049
p 0 231 33049
x 0 33050
p 0 230 33050
x 0 33051
p 0 244 33051
x 0 33052
p 0 249 33052
x 0 33053
p 0 236 33053
x 0 33054
p 0 226 33054
x 0 33055
p 0 282 33055
x 0 33056
p 0 238 33056
x 0 33057
p 0 241 33057
x 0 33058
p 0 237 33058
x 0 33059
p 0 231 33059
x 0 33060
p 0 228 33060
x 0 33061
p 0 250 33061
x 0 33000
x 1 33001
h 0 10.0.0.4
p 0 168673 33000
x 2 33002
h 2 10.0.0.4
p 2 1103 33002
x 0 33003
p 0 252 33003
h 1 10.0.0.4
p 1 559619 33001
x 0 33004
p 0 256 33004
x 0 33005
p 0 236 33005
x 0 33006
p 0 231 33006
x 0 33007
p 0 230 33007
x 0 33008
p 0 122 33008
x 0 33009
p 0 243 33009
x 0 33010
p 0 272 33010
x 0 33011
p 0 238 33011
x 0 33012
p 0 238 33012
x 0 33013
p 0 240 33013
x 0 33014
p 0 236 33014
x 0 33015
p 0 288 33015
x 0 33016
p 0 234 33016
x 0 33017
p 0 265 33017
x 0 33018
p 0 238 33018
x 0 33019
p 0 241 33019
x 0 33020
p 0 235 33020
x 0 33021
p 0 238 33021
x 0 33022
p 0 227 33022
x 0 33023
p 0 320 33023
x 0 33024
p 0 271 33024
x 0 33025
p 0 236 33025
x 0 33026
p 0 228 33026
x 0 33027
p 0 228 33027
x 0 33028
p 0 240 33028
x 0 33029
p 0 195 33029
x 0 33030
p 0 241 33030
x 0 33031
p 0 232 33031
x 0 33032
p 0 228 33032
x 0 33033
p 0 240 33033
x 0 33034
p 0 235 33034
x 0 33035
p 0 238 33035
x 0 33036
p 0 232 33036
x 0 33037
p 0 225 33037
x 0 33038
p 0 242 33038
x 0 33039
p 0 240 33039
x 0 33040
p 0 240 33040
x 0 33041
p 0 237 33041
x 0 33042
p 0 224 33042
x 0 33043
p 0 267 33043
x 0 33044
p 0 229 33044
x 0 33045
p 0 263 33045
x 0 33046
p 0 230 33046
x 0 33047
p 0 230 33047
x 0 33048
p 0 229 33048
x 0 33049
p 0 228 33049
x 0 33050
p 0 228 33050
x 0 33051
p 0 228 33051
x 0 33052
p 0 222 33052
x 0 33053
p 0 234 33053
x 0 33054
p 0 231 33054
x 0 33055
p 0 224 33055
x 0 33056
p 0 206 33056
x 0 33057
p 0 223 33057
x 0 33058
p 0 227 33058
x 0 33059
p 0 231 33059
x 0 33060
p 0 229 33060
x 0 33061
p 0 227 33061
x 0 33000
x 1 33001
x 2 33002
x 3 33003
h 0 10.0.0.4
p 0 339985 33000
x 4 33004
h 4 10.0.0.4
p 4 1052 33004
x 0 33005
p 0 228 33005
h 1 10.0.0.4
p 1 590277 33001
h 2 10.0.0.4
p 2 497132 33002
h 3 10.0.0.4
p 3 1018111 33003
x 0 33006
p 0 222 33006
x 0 33007
p 0 170 33007
x 0 33008
p 0 228 33008
x 0 33009
p 0 232 33009
x 0 33010
p 0 161 33010
x 0 33011
p 0 222 33011
x 0 33012
p 0 235 33012
x 0 33013
p 0 228 33013
x 0 33014
p 0 231 33014
x 0 33015
p 0 225 33015
x 0 33016
p 0 203 33016
x 0 33017
p 0 214 33017
x 0 33018
p 0 230 33018
x 0 33019
p 0 229 33019
x 0 33020
p 0 225 33020
x 0 33021
p 0 224 33021
x 0 33022
p 0 222 33022
x 0 33023
p 0 226 33023
x 0 33024
p 0 259 33024
x 0 33025
p 0 233 33025
x 0 33026
p 0 221 33026
x 0 33027
p 0 244 33027
x 0 33028
p 0 295 33028
x 0 33029
p 0 234 33029
x 0 33030
p 0 231 33030
x 0 33031
p 0 240 33031
x 0 33032
p 0 237 33032
x 0 33033
p 0 229 33033
x 0 33034
p 0 234 33034
x 0 33035
p 0 268 33035
x 0 33036
p 0 234 33036
x 0 33037
p 0 234 33037
x 0 33038
p 0 238 33038
x 0 33039
p 0 238 33039
x 0 33040
p 0 237 33040
x 0 33041
p 0 234 33041
x 0 33042
p 0 246 33042
x 0 33043
p 0 229 33043
x 0 33044
p 0 229 33044
x 0 33045
p 0 234 33045
x 0 33046
p 0 231 33046
x 0 33047
p 0 233 33047
x 0 33048
p 0 225 33048
x 0 33049
p 0 229 33049
x 0 33050
p 0 196 33050
x 0 33051
p 0 231 33051
x 0 33052
p 0 231 33052
x 0 33053
p 0 282 33053
x 0 33054
p 0 240 33054
x 0 33055
p 0 358 33055
x 0 33056
p 0 238 33056
x 0 33057
p 0 246 33057
x 0 33058
p 0 250 33058
x 0 33059
p 0 280 33059
x 0 33060
p 0 244 33060
x 0 33061
p 0 239 33061
x 0 33062
p 0 240 33062
x 0 33063
p 0 238 33063
