x 0 33000
x 1 33001
h 0 10.0.0.7
p 0 193739 33000
h 1 10.0.0.7
p 1 94863 33001
x 2 33002
h 2 10.0.0.7
p 2 902 33002
x 0 33003
p 0 301 33003
x 0 33004
p 0 316 33004
x 0 33005
p 0 336 33005
x 0 33006
p 0 421 33006
x 0 33007
p 0 320 33007
x 0 33008
p 0 300 33008
x 0 33009
p 0 233 33009
x 0 33010
p 0 316 33010
x 0 33011
p 0 243 33011
x 0 33012
p 0 294 33012
x 0 33013
p 0 238 33013
x 0 33014
p 0 323 33014
x 0 33015
p 0 296 33015
x 0 33016
p 0 230 33016
x 0 33017
p 0 323 33017
x 0 33018
p 0 294 33018
x 0 33019
p 0 246 33019
x 0 33020
p 0 241 33020
x 0 33021
p 0 298 33021
x 0 33022
p 0 233 33022
x 0 33023
p 0 498 33023
x 0 33024
p 0 243 33024
x 0 33025
p 0 234 33025
x 0 33026
p 0 241 33026
x 0 33027
p 0 313 33027
x 0 33028
p 0 268 33028
x 0 33029
p 0 237 33029
x 0 33030
p 0 202 33030
x 0 33031
p 0 245 33031
x 0 33032
p 0 237 33032
x 0 33033
p 0 280 33033
x 0 33034
p 0 291 33034
x 0 33035
p 0 250 33035
x 0 33036
p 0 251 33036
x 0 33037
p 0 300 33037
x 0 33038
p 0 313 33038
x 0 33039
p 0 242 33039
x 0 33040
p 0 238 33040
x 0 33041
p 0 241 33041
x 0 33042
p 0 243 33042
x 0 33043
p 0 210 33043
x 0 33044
p 0 211 33044
x 0 33045
p 0 310 33045
x 0 33046
p 0 227 33046
x 0 33047
p 0 207 33047
x 0 33048
p 0 254 33048
x 0 33049
p 0 238 33049
x 0 33050
p 0 180 33050
x 0 33051
p 0 250 33051
x 0 33052
p 0 222 33052
x 0 33053
p 0 257 33053
x 0 33054
p 0 185 33054
x 0 33055
p 0 201 33055
x 0 33056
p 0 259 33056
x 0 33057
p 0 215 33057
x 0 33058
p 0 206 33058
x 0 33059
p 0 250 33059
x 0 33060
p 0 204 33060
x 0 33061
p 0 236 33061
x 0 33000
x 1 33001
h 0 10.0.0.7
p 0 125517 33000
x 2 33002
h 2 10.0.0.7
p 2 1018 33002
x 0 33003
p 0 234 33003
h 1 10.0.0.7
p 1 1008579 33001
x 0 33004
p 0 230 33004
x 0 33005
p 0 222 33005
x 0 33006
p 0 205 33006
x 0 33007
p 0 269 33007
x 0 33008
p 0 283 33008
x 0 33009
p 0 220 33009
x 0 33010
p 0 220 33010
x 0 33011
p 0 260 33011
x 0 33012
p 0 234 33012
x 0 33013
p 0 223 33013
x 0 33014
p 0 217 33014
x 0 33015
p 0 217 33015
x 0 33016
p 0 220 33016
x 0 33017
p 0 248 33017
x 0 33018
p 0 281 33018
x 0 33019
p 0 222 33019
x 0 33020
p 0 240 33020
x 0 33021
p 0 217 33021
x 0 33022
p 0 229 33022
x 0 33023
p 0 219 33023
x 0 33024
p 0 212 33024
x 0 33025
p 0 242 33025
x 0 33026
p 0 215 33026
x 0 33027
p 0 231 33027
x 0 33028
p 0 246 33028
x 0 33029
p 0 224 33029
x 0 33030
p 0 259 33030
x 0 33031
p 0 211 33031
x 0 33032
p 0 264 33032
x 0 33033
p 0 227 33033
x 0 33034
p 0 213 33034
x 0 33035
p 0 222 33035
x 0 33036
p 0 225 33036
x 0 33037
p 0 317 33037
x 0 33038
p 0 248 33038
x 0 33039
p 0 230 33039
x 0 33040
p 0 225 33040
x 0 33041
p 0 214 33041
x 0 33042
p 0 241 33042
x 0 33043
p 0 212 33043
x 0 33044
p 0 207 33044
x 0 33045
p 0 235 33045
x 0 33046
p 0 229 33046
x 0 33047
p 0 239 33047
x 0 33048
p 0 225 33048
x 0 33049
p 0 236 33049
x 0 33050
p 0 231 33050
x 0 33051
p 0 303 33051
x 0 33052
p 0 259 33052
x 0 33053
p 0 220 33053
x 0 33054
p 0 220 33054
x 0 33055
p 0 233 33055
x 0 33056
p 0 226 33056
x 0 33057
p 0 242 33057
x 0 33058
p 0 221 33058
x 0 33059
p 0 249 33059
x 0 33060
p 0 222 33060
x 0 33061
p 0 225 33061
x 0 33000
x 1 33001
h 0 10.0.0.7
p 0 133120 33000
h 1 10.0.0.7
p 1 35335 33001
x 2 33002
h 2 10.0.0.7
p 2 1062 33002
x 0 33003
p 0 203 33003
x 0 33004
p 0 222 33004
x 0 33005
p 0 259 33005
x 0 33006
p 0 235 33006
x 0 33007
p 0 204 33007
x 0 33008
p 0 208 33008
x 0 33009
p 0 204 33009
x 0 33010
p 0 202 33010
x 0 33011
p 0 212 33011
x 0 33012
p 0 208 33012
x 0 33013
p 0 239 33013
x 0 33014
p 0 206 33014
x 0 33015
p 0 195 33015
x 0 33016
p 0 198 33016
x 0 33017
p 0 198 33017
x 0 33018
p 0 227 33018
x 0 33019
p 0 234 33019
x 0 33020
p 0 233 33020
x 0 33021
p 0 202 33021
x 0 33022
p 0 201 33022
x 0 33023
p 0 207 33023
x 0 33024
p 0 210 33024
x 0 33025
p 0 233 33025
x 0 33026
p 0 208 33026
x 0 33027
p 0 198 33027
x 0 33028
p 0 204 33028
x 0 33029
p 0 203 33029
x 0 33030
p 0 199 33030
x 0 33031
p 0 206 33031
x 0 33032
p 0 237 33032
x 0 33033
p 0 237 33033
x 0 33034
p 0 246 33034
x 0 33035
p 0 270 33035
x 0 33036
p 0 263 33036
x 0 33037
p 0 225 33037
x 0 33038
p 0 224 33038
x 0 33039
p 0 241 33039
x 0 33040
p 0 209 33040
x 0 33041
p 0 211 33041
x 0 33042
p 0 236 33042
x 0 33043
p 0 211 33043
x 0 33044
p 0 206 33044
x 0 33045
p 0 212 33045
x 0 33046
p 0 253 33046
x 0 33047
p 0 218 33047
x 0 33048
p 0 248 33048
x 0 33049
p 0 207 33049
x 0 33050
p 0 205 33050
x 0 33051
p 0 207 33051
x 0 33052
p 0 204 33052
x 0 33053
p 0 260 33053
x 0 33054
p 0 205 33054
x 0 33055
p 0 205 33055
x 0 33056
p 0 228 33056
x 0 33057
p 0 212 33057
x 0 33058
p 0 285 33058
x 0 33059
p 0 229 33059
x 0 33060
p 0 275 33060
x 0 33061
p 0 237 33061
x 0 33000
h 0 10.0.0.7
p 0 98306 33000
x 1 33001
h 1 10.0.0.7
p 1 843 33001
x 0 33002
p 0 260 33002
x 0 33003
p 0 202 33003
x 0 33004
p 0 241 33004
x 0 33005
p 0 207 33005
x 0 33006
p 0 202 33006
x 0 33007
p 0 208 33007
x 0 33008
p 0 279 33008
x 0 33009
p 0 204 33009
x 0 33010
p 0 204 33010
x 0 33011
p 0 212 33011
x 0 33012
p 0 206 33012
x 0 33013
p 0 228 33013
x 0 33014
p 0 202 33014
x 0 33015
p 0 272 33015
x 0 33016
p 0 204 33016
x 0 33017
p 0 214 33017
x 0 33018
p 0 262 33018
x 0 33019
p 0 211 33019
x 0 33020
p 0 205 33020
x 0 33021
p 0 262 33021
x 0 33022
p 0 210 33022
x 0 33023
p 0 205 33023
x 0 33024
p 0 213 33024
x 0 33025
p 0 208 33025
x 0 33026
p 0 209 33026
x 0 33027
p 0 231 33027
x 0 33028
p 0 202 33028
x 0 33029
p 0 205 33029
x 0 33030
p 0 206 33030
x 0 33031
p 0 206 33031
x 0 33032
p 0 258 33032
x 0 33033
p 0 206 33033
x 0 33034
p 0 206 33034
x 0 33035
p 0 207 33035
x 0 33036
p 0 206 33036
x 0 33037
p 0 214 33037
x 0 33038
p 0 205 33038
x 0 33039
p 0 260 33039
x 0 33040
p 0 208 33040
x 0 33041
p 0 206 33041
x 0 33042
p 0 206 33042
x 0 33043
p 0 202 33043
x 0 33044
p 0 204 33044
x 0 33045
p 0 202 33045
x 0 33046
p 0 273 33046
x 0 33047
p 0 217 33047
x 0 33048
p 0 207 33048
x 0 33049
p 0 207 33049
x 0 33050
p 0 204 33050
x 0 33051
p 0 203 33051
x 0 33052
p 0 204 33052
x 0 33053
p 0 244 33053
x 0 33054
p 0 203 33054
x 0 33055
p 0 205 33055
x 0 33056
p 0 205 33056
x 0 33057
p 0 210 33057
x 0 33058
p 0 250 33058
x 0 33059
p 0 205 33059
x 0 33060
p 0 321 33060
x 0 33000
x 1 33001
h 0 10.0.0.7
p 0 140276 33000
h 1 10.0.0.7
p 1 42569 33001
x 2 33002
h 2 10.0.0.7
p 2 1039 33002
x 0 33003
p 0 248 33003
x 0 33004
p 0 217 33004
x 0 33005
p 0 333 33005
x 0 33006
p 0 305 33006
x 0 33007
p 0 250 33007
x 0 33008
p 0 231 33008
x 0 33009
p 0 280 33009
x 0 33010
p 0 230 33010
x 0 33011
p 0 222 33011
x 0 33012
p 0 201 33012
x 0 33013
p 0 219 33013
x 0 33014
p 0 223 33014
x 0 33015
p 0 237 33015
x 0 33016
p 0 228 33016
x 0 33017
p 0 210 33017
x 0 33018
p 0 250 33018
x 0 33019
p 0 254 33019
x 0 33020
p 0 223 33020
x 0 33021
p 0 203 33021
x 0 33022
p 0 196 33022
x 0 33023
p 0 197 33023
x 0 33024
p 0 196 33024
x 0 33025
p 0 202 33025
x 0 33026
p 0 204 33026
x 0 33027
p 0 223 33027
x 0 33028
p 0 211 33028
x 0 33029
p 0 209 33029
x 0 33030
p 0 212 33030
x 0 33031
p 0 203 33031
x 0 33032
p 0 208 33032
x 0 33033
p 0 197 33033
x 0 33034
p 0 196 33034
x 0 33035
p 0 210 33035
x 0 33036
p 0 196 33036
x 0 33037
p 0 202 33037
x 0 33038
p 0 201 33038
x 0 33039
p 0 207 33039
x 0 33040
p 0 328 33040
x 0 33041
p 0 198 33041
x 0 33042
p 0 216 33042
x 0 33043
p 0 200 33043
x 0 33044
p 0 206 33044
x 0 33045
p 0 214 33045
x 0 33046
p 0 206 33046
x 0 33047
p 0 266 33047
x 0 33048
p 0 210 33048
x 0 33049
p 0 205 33049
x 0 33050
p 0 211 33050
x 0 33051
p 0 197 33051
x 0 33052
p 0 196 33052
x 0 33053
p 0 198 33053
x 0 33054
p 0 266 33054
x 0 33055
p 0 276 33055
x 0 33056
p 0 219 33056
x 0 33057
p 0 212 33057
x 0 33058
p 0 219 33058
x 0 33059
p 0 294 33059
x 0 33060
p 0 239 33060
x 0 33061
p 0 230 33061
