x 0 33000
h 0 10.0.0.10
p 0 99383 33000
x 1 33001
h 1 10.0.0.10
p 1 772 33001
x 0 33002
p 0 197 33002
x 0 33003
p 0 194 33003
x 0 33004
p 0 196 33004
x 0 33005
p 0 244 33005
x 0 33006
p 0 189 33006
x 0 33007
p 0 188 33007
x 0 33008
p 0 217 33008
x 0 33009
p 0 361 33009
x 0 33010
p 0 191 33010
x 0 33011
p 0 274 33011
x 0 33012
p 0 312 33012
x 0 33013
p 0 275 33013
x 0 33014
p 0 214 33014
x 0 33015
p 0 184 33015
x 0 33016
p 0 208 33016
x 0 33017
p 0 189 33017
x 0 33018
p 0 218 33018
x 0 33019
p 0 176 33019
x 0 33020
p 0 166 33020
x 0 33021
p 0 172 33021
x 0 33022
p 0 229 33022
x 0 33023
p 0 228 33023
x 0 33024
p 0 171 33024
x 0 33025
p 0 177 33025
x 0 33026
p 0 259 33026
x 0 33027
p 0 174 33027
x 0 33028
p 0 225 33028
x 0 33029
p 0 175 33029
x 0 33030
p 0 227 33030
x 0 33031
p 0 172 33031
x 0 33032
p 0 175 33032
x 0 33033
p 0 247 33033
x 0 33034
p 0 283 33034
x 0 33035
p 0 283 33035
x 0 33036
p 0 230 33036
x 0 33037
p 0 228 33037
x 0 33038
p 0 235 33038
x 0 33039
p 0 419 33039
x 0 33040
p 0 260 33040
x 0 33041
p 0 251 33041
x 0 33042
p 0 173 33042
x 0 33043
p 0 173 33043
x 0 33044
p 0 180 33044
x 0 33045
p 0 232 33045
x 0 33046
p 0 174 33046
x 0 33047
p 0 256 33047
x 0 33048
p 0 172 33048
x 0 33049
p 0 223 33049
x 0 33050
p 0 226 33050
x 0 33051
p 0 172 33051
x 0 33052
p 0 174 33052
x 0 33053
p 0 323 33053
x 0 33054
p 0 247 33054
x 0 33055
p 0 304 33055
x 0 33056
p 0 187 33056
x 0 33057
p 0 179 33057
x 0 33058
p 0 196 33058
x 0 33059
p 0 246 33059
x 0 33060
p 0 228 33060
x 0 33000
h 0 10.0.0.10
p 0 45344 33000
x 1 33001
h 1 10.0.0.10
p 1 1308 33001
x 0 33002
p 0 217 33002
x 0 33003
p 0 231 33003
x 0 33004
p 0 223 33004
x 0 33005
p 0 228 33005
x 0 33006
p 0 161 33006
x 0 33007
p 0 221 33007
x 0 33008
p 0 208 33008
x 0 33009
p 0 221 33009
x 0 33010
p 0 216 33010
x 0 33011
p 0 219 33011
x 0 33012
p 0 215 33012
x 0 33013
p 0 219 33013
x 0 33014
p 0 251 33014
x 0 33015
p 0 224 33015
x 0 33016
p 0 220 33016
x 0 33017
p 0 230 33017
x 0 33018
p 0 249 33018
x 0 33019
p 0 224 33019
x 0 33020
p 0 223 33020
x 0 33021
p 0 226 33021
x 0 33022
p 0 336 33022
x 0 33023
p 0 232 33023
x 0 33024
p 0 288 33024
x 0 33025
p 0 225 33025
x 0 33026
p 0 217 33026
x 0 33027
p 0 220 33027
x 0 33028
p 0 219 33028
x 0 33029
p 0 218 33029
x 0 33030
p 0 224 33030
x 0 33031
p 0 316 33031
x 0 33032
p 0 263 33032
x 0 33033
p 0 416 33033
x 0 33034
p 0 379 33034
x 0 33035
p 0 288 33035
x 0 33036
p 0 354 33036
x 0 33037
p 0 224 33037
x 0 33038
p 0 218 33038
x 0 33039
p 0 220 33039
x 0 33040
p 0 223 33040
x 0 33041
p 0 295 33041
x 0 33042
p 0 223 33042
x 0 33043
p 0 226 33043
x 0 33044
p 0 217 33044
x 0 33045
p 0 219 33045
x 0 33046
p 0 223 33046
x 0 33047
p 0 224 33047
x 0 33048
p 0 221 33048
x 0 33049
p 0 224 33049
x 0 33050
p 0 222 33050
x 0 33051
p 0 223 33051
x 0 33052
p 0 221 33052
x 0 33053
p 0 281 33053
x 0 33054
p 0 323 33054
x 0 33055
p 0 411 33055
x 0 33056
p 0 322 33056
x 0 33057
p 0 232 33057
x 0 33058
p 0 230 33058
x 0 33059
p 0 336 33059
x 0 33060
p 0 229 33060
x 0 33000
h 0 10.0.0.10
p 0 45626 33000
x 1 33001
h 1 10.0.0.10
p 1 1458 33001
x 0 33002
p 0 215 33002
x 0 33003
p 0 252 33003
x 0 33004
p 0 214 33004
x 0 33005
p 0 215 33005
x 0 33006
p 0 277 33006
x 0 33007
p 0 218 33007
x 0 33008
p 0 221 33008
x 0 33009
p 0 220 33009
x 0 33010
p 0 218 33010
x 0 33011
p 0 220 33011
x 0 33012
p 0 215 33012
x 0 33013
p 0 282 33013
x 0 33014
p 0 220 33014
x 0 33015
p 0 218 33015
x 0 33016
p 0 217 33016
x 0 33017
p 0 218 33017
x 0 33018
p 0 251 33018
x 0 33019
p 0 216 33019
x 0 33020
p 0 216 33020
x 0 33021
p 0 285 33021
x 0 33022
p 0 217 33022
x 0 33023
p 0 214 33023
x 0 33024
p 0 215 33024
x 0 33025
p 0 214 33025
x 0 33026
p 0 217 33026
x 0 33027
p 0 220 33027
x 0 33028
p 0 218 33028
x 0 33029
p 0 220 33029
x 0 33030
p 0 214 33030
x 0 33031
p 0 235 33031
x 0 33032
p 0 288 33032
x 0 33033
p 0 214 33033
x 0 33034
p 0 240 33034
x 0 33035
p 0 209 33035
x 0 33036
p 0 212 33036
x 0 33037
p 0 220 33037
x 0 33038
p 0 213 33038
x 0 33039
p 0 218 33039
x 0 33040
p 0 289 33040
x 0 33041
p 0 216 33041
x 0 33042
p 0 220 33042
x 0 33043
p 0 220 33043
x 0 33044
p 0 220 33044
x 0 33045
p 0 217 33045
x 0 33046
p 0 217 33046
x 0 33047
p 0 213 33047
x 0 33048
p 0 216 33048
x 0 33049
p 0 218 33049
x 0 33050
p 0 215 33050
x 0 33051
p 0 240 33051
x 0 33052
p 0 247 33052
x 0 33053
p 0 222 33053
x 0 33054
p 0 227 33054
x 0 33055
p 0 223 33055
x 0 33056
p 0 251 33056
x 0 33057
p 0 236 33057
x 0 33058
p 0 236 33058
x 0 33059
p 0 263 33059
x 0 33060
p 0 266 33060
x 0 33000
h 0 10.0.0.10
p 0 40923 33000
x 1 33001
h 1 10.0.0.10
p 1 1189 33001
x 0 33002
p 0 218 33002
x 0 33003
p 0 213 33003
x 0 33004
p 0 221 33004
x 0 33005
p 0 306 33005
x 0 33006
p 0 222 33006
x 0 33007
p 0 221 33007
x 0 33008
p 0 220 33008
x 0 33009
p 0 261 33009
x 0 33010
p 0 239 33010
x 0 33011
p 0 313 33011
x 0 33012
p 0 299 33012
x 0 33013
p 0 242 33013
x 0 33014
p 0 344 33014
x 0 33015
p 0 211 33015
x 0 33016
p 0 213 33016
x 0 33017
p 0 233 33017
x 0 33018
p 0 220 33018
x 0 33019
p 0 220 33019
x 0 33020
p 0 223 33020
x 0 33021
p 0 246 33021
x 0 33022
p 0 217 33022
x 0 33023
p 0 259 33023
x 0 33024
p 0 225 33024
x 0 33025
p 0 252 33025
x 0 33026
p 0 217 33026
x 0 33027
p 0 219 33027
x 0 33028
p 0 219 33028
x 0 33029
p 0 232 33029
x 0 33030
p 0 240 33030
x 0 33031
p 0 215 33031
x 0 33032
p 0 210 33032
x 0 33033
p 0 238 33033
x 0 33034
p 0 200 33034
x 0 33035
p 0 190 33035
x 0 33036
p 0 217 33036
x 0 33037
p 0 243 33037
x 0 33038
p 0 218 33038
x 0 33039
p 0 120 33039
x 0 33040
p 0 176 33040
x 0 33041
p 0 173 33041
x 0 33042
p 0 220 33042
x 0 33043
p 0 222 33043
x 0 33044
p 0 223 33044
x 0 33045
p 0 168 33045
x 0 33046
p 0 212 33046
x 0 33047
p 0 164 33047
x 0 33048
p 0 213 33048
x 0 33049
p 0 170 33049
x 0 33050
p 0 211 33050
x 0 33051
p 0 237 33051
x 0 33052
p 0 215 33052
x 0 33053
p 0 217 33053
x 0 33054
p 0 217 33054
x 0 33055
p 0 220 33055
x 0 33056
p 0 250 33056
x 0 33057
p 0 219 33057
x 0 33058
p 0 220 33058
x 0 33059
p 0 224 33059
x 0 33060
p 0 262 33060
x 0 33000
h 0 10.0.0.10
p 0 40174 33000
x 1 33001
h 1 10.0.0.10
p 1 1554 33001
x 0 33002
p 0 261 33002
x 0 33003
p 0 224 33003
x 0 33004
p 0 191 33004
x 0 33005
p 0 184 33005
x 0 33006
p 0 180 33006
x 0 33007
p 0 210 33007
x 0 33008
p 0 212 33008
x 0 33009
p 0 208 33009
x 0 33010
p 0 208 33010
x 0 33011
p 0 178 33011
x 0 33012
p 0 215 33012
x 0 33013
p 0 290 33013
x 0 33014
p 0 215 33014
x 0 33015
p 0 215 33015
x 0 33016
p 0 293 33016
x 0 33017
p 0 207 33017
x 0 33018
p 0 294 33018
x 0 33019
p 0 233 33019
x 0 33020
p 0 234 33020
x 0 33021
p 0 202 33021
x 0 33022
p 0 180 33022
x 0 33023
p 0 212 33023
x 0 33024
p 0 298 33024
x 0 33025
p 0 245 33025
x 0 33026
p 0 215 33026
x 0 33027
p 0 214 33027
x 0 33028
p 0 291 33028
x 0 33029
p 0 200 33029
x 0 33030
p 0 212 33030
x 0 33031
p 0 217 33031
x 0 33032
p 0 211 33032
x 0 33033
p 0 204 33033
x 0 33034
p 0 182 33034
x 0 33035
p 0 213 33035
x 0 33036
p 0 178 33036
x 0 33037
p 0 181 33037
x 0 33038
p 0 178 33038
x 0 33039
p 0 174 33039
x 0 33040
p 0 174 33040
x 0 33041
p 0 178 33041
x 0 33042
p 0 176 33042
x 0 33043
p 0 173 33043
x 0 33044
p 0 178 33044
x 0 33045
p 0 179 33045
x 0 33046
p 0 174 33046
x 0 33047
p 0 174 33047
x 0 33048
p 0 169 33048
x 0 33049
p 0 179 33049
x 0 33050
p 0 177 33050
x 0 33051
p 0 177 33051
x 0 33052
p 0 168 33052
x 0 33053
p 0 173 33053
x 0 33054
p 0 232 33054
x 0 33055
p 0 218 33055
x 0 33056
p 0 235 33056
x 0 33057
p 0 347 33057
x 0 33058
p 0 301 33058
x 0 33059
p 0 239 33059
x 0 33060
p 0 238 33060
x 0 33000
h 0 10.0.0.10
p 0 44684 33000
x 1 33001
h 1 10.0.0.10
p 1 1164 33001
x 0 33002
p 0 213 33002
x 0 33003
p 0 239 33003
x 0 33004
p 0 213 33004
x 0 33005
p 0 211 33005
x 0 33006
p 0 211 33006
x 0 33007
p 0 239 33007
x 0 33008
p 0 210 33008
x 0 33009
p 0 208 33009
x 0 33010
p 0 208 33010
x 0 33011
p 0 279 33011
x 0 33012
p 0 181 33012
x 0 33013
p 0 222 33013
x 0 33014
p 0 219 33014
x 0 33015
p 0 246 33015
x 0 33016
p 0 216 33016
x 0 33017
p 0 215 33017
x 0 33018
p 0 217 33018
x 0 33019
p 0 260 33019
x 0 33020
p 0 122 33020
x 0 33021
p 0 433 33021
x 0 33022
p 0 219 33022
x 0 33023
p 0 193 33023
x 0 33024
p 0 220 33024
x 0 33025
p 0 218 33025
x 0 33026
p 0 293 33026
x 0 33027
p 0 211 33027
x 0 33028
p 0 282 33028
x 0 33029
p 0 212 33029
x 0 33030
p 0 234 33030
x 0 33031
p 0 206 33031
x 0 33032
p 0 214 33032
x 0 33033
p 0 187 33033
x 0 33034
p 0 238 33034
x 0 33035
p 0 209 33035
x 0 33036
p 0 100 33036
x 0 33037
p 0 218 33037
x 0 33038
p 0 244 33038
x 0 33039
p 0 209 33039
x 0 33040
p 0 225 33040
x 0 33041
p 0 208 33041
x 0 33042
p 0 242 33042
x 0 33043
p 0 199 33043
x 0 33044
p 0 215 33044
x 0 33045
p 0 219 33045
x 0 33046
p 0 129 33046
x 0 33047
p 0 215 33047
x 0 33048
p 0 220 33048
x 0 33049
p 0 297 33049
x 0 33050
p 0 214 33050
x 0 33051
p 0 220 33051
x 0 33052
p 0 165 33052
x 0 33053
p 0 172 33053
x 0 33054
p 0 203 33054
x 0 33055
p 0 178 33055
x 0 33056
p 0 234 33056
x 0 33057
p 0 228 33057
x 0 33058
p 0 319 33058
x 0 33059
p 0 378 33059
x 0 33060
p 0 274 33060
x 0 33000
h 0 10.0.0.10
p 0 45619 33000
x 1 33001
h 1 10.0.0.10
p 1 1501 33001
x 0 33002
p 0 262 33002
x 0 33003
p 0 225 33003
x 0 33004
p 0 221 33004
x 0 33005
p 0 186 33005
x 0 33006
p 0 174 33006
x 0 33007
p 0 211 33007
x 0 33008
p 0 215 33008
x 0 33009
p 0 182 33009
x 0 33010
p 0 213 33010
x 0 33011
p 0 244 33011
x 0 33012
p 0 222 33012
x 0 33013
p 0 220 33013
x 0 33014
p 0 246 33014
x 0 33015
p 0 252 33015
x 0 33016
p 0 221 33016
x 0 33017
p 0 190 33017
x 0 33018
p 0 223 33018
x 0 33019
p 0 250 33019
x 0 33020
p 0 337 33020
x 0 33021
p 0 314 33021
x 0 33022
p 0 216 33022
x 0 33023
p 0 240 33023
x 0 33024
p 0 211 33024
x 0 33025
p 0 212 33025
x 0 33026
p 0 208 33026
x 0 33027
p 0 237 33027
x 0 33028
p 0 214 33028
x 0 33029
p 0 213 33029
x 0 33030
p 0 208 33030
x 0 33031
p 0 283 33031
x 0 33032
p 0 210 33032
x 0 33033
p 0 211 33033
x 0 33034
p 0 210 33034
x 0 33035
p 0 240 33035
x 0 33036
p 0 213 33036
x 0 33037
p 0 212 33037
x 0 33038
p 0 210 33038
x 0 33039
p 0 238 33039
x 0 33040
p 0 211 33040
x 0 33041
p 0 213 33041
x 0 33042
p 0 210 33042
x 0 33043
p 0 238 33043
x 0 33044
p 0 209 33044
x 0 33045
p 0 217 33045
x 0 33046
p 0 214 33046
x 0 33047
p 0 242 33047
x 0 33048
p 0 219 33048
x 0 33049
p 0 220 33049
x 0 33050
p 0 219 33050
x 0 33051
p 0 245 33051
x 0 33052
p 0 222 33052
x 0 33053
p 0 227 33053
x 0 33054
p 0 245 33054
x 0 33055
p 0 259 33055
x 0 33056
p 0 219 33056
x 0 33057
p 0 221 33057
x 0 33058
p 0 253 33058
x 0 33059
p 0 248 33059
x 0 33060
p 0 223 33060
x 0 33000
h 0 10.0.0.10
p 0 43624 33000
x 1 33001
h 1 10.0.0.10
p 1 1470 33001
x 0 33002
p 0 224 33002
x 0 33003
p 0 231 33003
x 0 33004
p 0 219 33004
x 0 33005
p 0 218 33005
x 0 33006
p 0 181 33006
x 0 33007
p 0 178 33007
x 0 33008
p 0 218 33008
x 0 33009
p 0 214 33009
x 0 33010
p 0 210 33010
x 0 33011
p 0 182 33011
x 0 33012
p 0 220 33012
x 0 33013
p 0 217 33013
x 0 33014
p 0 204 33014
x 0 33015
p 0 184 33015
x 0 33016
p 0 221 33016
x 0 33017
p 0 182 33017
x 0 33018
p 0 184 33018
x 0 33019
p 0 225 33019
x 0 33020
p 0 235 33020
x 0 33021
p 0 191 33021
x 0 33022
p 0 185 33022
x 0 33023
p 0 270 33023
x 0 33024
p 0 182 33024
x 0 33025
p 0 178 33025
x 0 33026
p 0 175 33026
x 0 33027
p 0 186 33027
x 0 33028
p 0 184 33028
x 0 33029
p 0 185 33029
x 0 33030
p 0 260 33030
x 0 33031
p 0 186 33031
x 0 33032
p 0 201 33032
x 0 33033
p 0 212 33033
x 0 33034
p 0 194 33034
x 0 33035
p 0 189 33035
x 0 33036
p 0 210 33036
x 0 33037
p 0 207 33037
x 0 33038
p 0 102 33038
x 0 33039
p 0 187 33039
x 0 33040
p 0 218 33040
x 0 33041
p 0 191 33041
x 0 33042
p 0 227 33042
x 0 33043
p 0 219 33043
x 0 33044
p 0 196 33044
x 0 33045
p 0 224 33045
x 0 33046
p 0 222 33046
x 0 33047
p 0 152 33047
x 0 33048
p 0 227 33048
x 0 33049
p 0 228 33049
x 0 33050
p 0 222 33050
x 0 33051
p 0 221 33051
x 0 33052
p 0 203 33052
x 0 33053
p 0 172 33053
x 0 33054
p 0 221 33054
x 0 33055
p 0 214 33055
x 0 33056
p 0 219 33056
x 0 33057
p 0 219 33057
x 0 33058
p 0 130 33058
x 0 33059
p 0 296 33059
x 0 33060
p 0 278 33060
x 0 33000
h 0 10.0.0.10
p 0 44399 33000
x 1 33001
h 1 10.0.0.10
p 1 1366 33001
x 0 33002
p 0 223 33002
x 0 33003
p 0 173 33003
x 0 33004
p 0 217 33004
x 0 33005
p 0 160 33005
x 0 33006
p 0 180 33006
x 0 33007
p 0 164 33007
x 0 33008
p 0 249 33008
x 0 33009
p 0 159 33009
x 0 33010
p 0 163 33010
x 0 33011
p 0 222 33011
x 0 33012
p 0 234 33012
x 0 33013
p 0 217 33013
x 0 33014
p 0 299 33014
x 0 33015
p 0 230 33015
x 0 33016
p 0 222 33016
x 0 33017
p 0 225 33017
x 0 33018
p 0 226 33018
x 0 33019
p 0 254 33019
x 0 33020
p 0 221 33020
x 0 33021
p 0 228 33021
x 0 33022
p 0 221 33022
x 0 33023
p 0 221 33023
x 0 33024
p 0 188 33024
x 0 33025
p 0 342 33025
x 0 33026
p 0 247 33026
x 0 33027
p 0 223 33027
x 0 33028
p 0 335 33028
x 0 33029
p 0 293 33029
x 0 33030
p 0 270 33030
x 0 33031
p 0 278 33031
x 0 33032
p 0 223 33032
x 0 33033
p 0 228 33033
x 0 33034
p 0 224 33034
x 0 33035
p 0 254 33035
x 0 33036
p 0 219 33036
x 0 33037
p 0 221 33037
x 0 33038
p 0 220 33038
x 0 33039
p 0 227 33039
x 0 33040
p 0 222 33040
x 0 33041
p 0 224 33041
x 0 33042
p 0 224 33042
x 0 33043
p 0 331 33043
x 0 33044
p 0 223 33044
x 0 33045
p 0 223 33045
x 0 33046
p 0 223 33046
x 0 33047
p 0 224 33047
x 0 33048
p 0 260 33048
x 0 33049
p 0 223 33049
x 0 33050
p 0 225 33050
x 0 33051
p 0 221 33051
x 0 33052
p 0 223 33052
x 0 33053
p 0 227 33053
x 0 33054
p 0 225 33054
x 0 33055
p 0 228 33055
x 0 33056
p 0 250 33056
x 0 33057
p 0 230 33057
x 0 33058
p 0 252 33058
x 0 33059
p 0 269 33059
x 0 33060
p 0 262 33060
x 0 33000
h 0 10.0.0.10
p 0 39292 33000
x 1 33001
h 1 10.0.0.10
p 1 1413 33001
x 0 33002
p 0 321 33002
x 0 33003
p 0 266 33003
x 0 33004
p 0 333 33004
x 0 33005
p 0 229 33005
x 0 33006
p 0 336 33006
x 0 33007
p 0 244 33007
x 0 33008
p 0 245 33008
x 0 33009
p 0 286 33009
x 0 33010
p 0 241 33010
x 0 33011
p 0 265 33011
x 0 33012
p 0 312 33012
x 0 33013
p 0 214 33013
x 0 33014
p 0 247 33014
x 0 33015
p 0 216 33015
x 0 33016
p 0 239 33016
x 0 33017
p 0 214 33017
x 0 33018
p 0 213 33018
x 0 33019
p 0 302 33019
x 0 33020
p 0 188 33020
x 0 33021
p 0 210 33021
x 0 33022
p 0 204 33022
x 0 33023
p 0 245 33023
x 0 33024
p 0 253 33024
x 0 33025
p 0 187 33025
x 0 33026
p 0 187 33026
x 0 33027
p 0 208 33027
x 0 33028
p 0 181 33028
x 0 33029
p 0 211 33029
x 0 33030
p 0 241 33030
x 0 33031
p 0 212 33031
x 0 33032
p 0 182 33032
x 0 33033
p 0 199 33033
x 0 33034
p 0 215 33034
x 0 33035
p 0 182 33035
x 0 33036
p 0 183 33036
x 0 33037
p 0 183 33037
x 0 33038
p 0 180 33038
x 0 33039
p 0 187 33039
x 0 33040
p 0 180 33040
x 0 33041
p 0 181 33041
x 0 33042
p 0 179 33042
x 0 33043
p 0 187 33043
x 0 33044
p 0 160 33044
x 0 33045
p 0 220 33045
x 0 33046
p 0 162 33046
x 0 33047
p 0 161 33047
x 0 33048
p 0 219 33048
x 0 33049
p 0 218 33049
x 0 33050
p 0 160 33050
x 0 33051
p 0 217 33051
x 0 33052
p 0 251 33052
x 0 33053
p 0 220 33053
x 0 33054
p 0 287 33054
x 0 33055
p 0 225 33055
x 0 33056
p 0 221 33056
x 0 33057
p 0 229 33057
x 0 33058
p 0 220 33058
x 0 33059
p 0 224 33059
x 0 33060
p 0 240 33060
x 0 33000
h 0 10.0.0.10
p 0 39872 33000
x 1 33001
h 1 10.0.0.10
p 1 1043 33001
x 0 33002
p 0 224 33002
x 0 33003
p 0 232 33003
x 0 33004
p 0 224 33004
x 0 33005
p 0 229 33005
x 0 33006
p 0 255 33006
x 0 33007
p 0 200 33007
x 0 33008
p 0 199 33008
x 0 33009
p 0 231 33009
x 0 33010
p 0 224 33010
x 0 33011
p 0 227 33011
x 0 33012
p 0 228 33012
x 0 33013
p 0 261 33013
x 0 33014
p 0 229 33014
x 0 33015
p 0 226 33015
x 0 33016
p 0 226 33016
x 0 33017
p 0 222 33017
x 0 33018
p 0 225 33018
x 0 33019
p 0 225 33019
x 0 33020
p 0 255 33020
x 0 33021
p 0 224 33021
x 0 33022
p 0 230 33022
x 0 33023
p 0 228 33023
x 0 33024
p 0 226 33024
x 0 33025
p 0 227 33025
x 0 33026
p 0 221 33026
x 0 33027
p 0 279 33027
x 0 33028
p 0 229 33028
x 0 33029
p 0 231 33029
x 0 33030
p 0 225 33030
x 0 33031
p 0 221 33031
x 0 33032
p 0 221 33032
x 0 33033
p 0 231 33033
x 0 33034
p 0 225 33034
x 0 33035
p 0 228 33035
x 0 33036
p 0 215 33036
x 0 33037
p 0 228 33037
x 0 33038
p 0 230 33038
x 0 33039
p 0 226 33039
x 0 33040
p 0 225 33040
x 0 33041
p 0 222 33041
x 0 33042
p 0 225 33042
x 0 33043
p 0 231 33043
x 0 33044
p 0 229 33044
x 0 33045
p 0 236 33045
x 0 33046
p 0 223 33046
x 0 33047
p 0 225 33047
x 0 33048
p 0 225 33048
x 0 33049
p 0 226 33049
x 0 33050
p 0 218 33050
x 0 33051
p 0 232 33051
x 0 33052
p 0 226 33052
x 0 33053
p 0 227 33053
x 0 33054
p 0 225 33054
x 0 33055
p 0 229 33055
x 0 33056
p 0 247 33056
x 0 33057
p 0 224 33057
x 0 33058
p 0 225 33058
x 0 33059
p 0 222 33059
x 0 33060
p 0 222 33060
x 0 33000
h 0 10.0.0.10
p 0 43676 33000
x 1 33001
h 1 10.0.0.10
p 1 1345 33001
x 0 33002
p 0 219 33002
x 0 33003
p 0 218 33003
x 0 33004
p 0 225 33004
x 0 33005
p 0 245 33005
x 0 33006
p 0 218 33006
x 0 33007
p 0 217 33007
x 0 33008
p 0 159 33008
x 0 33009
p 0 161 33009
x 0 33010
p 0 165 33010
x 0 33011
p 0 216 33011
x 0 33012
p 0 192 33012
x 0 33013
p 0 427 33013
x 0 33014
p 0 189 33014
x 0 33015
p 0 213 33015
x 0 33016
p 0 185 33016
x 0 33017
p 0 191 33017
x 0 33018
p 0 181 33018
x 0 33019
p 0 215 33019
x 0 33020
p 0 247 33020
x 0 33021
p 0 217 33021
x 0 33022
p 0 220 33022
x 0 33023
p 0 176 33023
x 0 33024
p 0 176 33024
x 0 33025
p 0 179 33025
x 0 33026
p 0 182 33026
x 0 33027
p 0 177 33027
x 0 33028
p 0 176 33028
x 0 33029
p 0 175 33029
x 0 33030
p 0 173 33030
x 0 33031
p 0 216 33031
x 0 33032
p 0 214 33032
x 0 33033
p 0 211 33033
x 0 33034
p 0 247 33034
x 0 33035
p 0 214 33035
x 0 33036
p 0 213 33036
x 0 33037
p 0 216 33037
x 0 33038
p 0 250 33038
x 0 33039
p 0 304 33039
x 0 33040
p 0 326 33040
x 0 33041
p 0 295 33041
x 0 33042
p 0 297 33042
x 0 33043
p 0 253 33043
x 0 33044
p 0 212 33044
x 0 33045
p 0 215 33045
x 0 33046
p 0 301 33046
x 0 33047
p 0 249 33047
x 0 33048
p 0 252 33048
x 0 33049
p 0 214 33049
x 0 33050
p 0 243 33050
x 0 33051
p 0 262 33051
x 0 33052
p 0 251 33052
x 0 33053
p 0 224 33053
x 0 33054
p 0 228 33054
x 0 33055
p 0 297 33055
x 0 33056
p 0 273 33056
x 0 33057
p 0 332 33057
x 0 33058
p 0 224 33058
x 0 33059
p 0 227 33059
x 0 33060
p 0 262 33060
x 0 33000
h 0 10.0.0.10
p 0 58083 33000
x 1 33001
h 1 10.0.0.10
p 1 980 33001
x 0 33002
p 0 258 33002
x 0 33003
p 0 240 33003
x 0 33004
p 0 237 33004
x 0 33005
p 0 234 33005
x 0 33006
p 0 234 33006
x 0 33007
p 0 232 33007
x 0 33008
p 0 237 33008
x 0 33009
p 0 238 33009
x 0 33010
p 0 250 33010
x 0 33011
p 0 232 33011
x 0 33012
p 0 220 33012
x 0 33013
p 0 225 33013
x 0 33014
p 0 223 33014
x 0 33015
p 0 224 33015
x 0 33016
p 0 233 33016
x 0 33017
p 0 228 33017
x 0 33018
p 0 232 33018
x 0 33019
p 0 235 33019
x 0 33020
p 0 229 33020
x 0 33021
p 0 230 33021
x 0 33022
p 0 224 33022
x 0 33023
p 0 228 33023
x 0 33024
p 0 225 33024
x 0 33025
p 0 228 33025
x 0 33026
p 0 219 33026
x 0 33027
p 0 247 33027
x 0 33028
p 0 260 33028
x 0 33029
p 0 222 33029
x 0 33030
p 0 220 33030
x 0 33031
p 0 216 33031
x 0 33032
p 0 191 33032
x 0 33033
p 0 238 33033
x 0 33034
p 0 228 33034
x 0 33035
p 0 265 33035
x 0 33036
p 0 223 33036
x 0 33037
p 0 227 33037
x 0 33038
p 0 233 33038
x 0 33039
p 0 226 33039
x 0 33040
p 0 255 33040
x 0 33041
p 0 244 33041
x 0 33042
p 0 239 33042
x 0 33043
p 0 257 33043
x 0 33044
p 0 245 33044
x 0 33045
p 0 248 33045
x 0 33046
p 0 233 33046
x 0 33047
p 0 255 33047
x 0 33048
p 0 297 33048
x 0 33049
p 0 276 33049
x 0 33050
p 0 261 33050
x 0 33051
p 0 265 33051
x 0 33052
p 0 241 33052
x 0 33053
p 0 263 33053
x 0 33054
p 0 177 33054
x 0 33055
p 0 297 33055
x 0 33056
p 0 240 33056
x 0 33057
p 0 242 33057
x 0 33058
p 0 253 33058
x 0 33059
p 0 230 33059
x 0 33060
p 0 250 33060
x 0 33000
h 0 10.0.0.10
p 0 39714 33000
x 1 33001
h 1 10.0.0.10
p 1 1556 33001
x 0 33002
p 0 224 33002
x 0 33003
p 0 220 33003
x 0 33004
p 0 264 33004
x 0 33005
p 0 220 33005
x 0 33006
p 0 224 33006
x 0 33007
p 0 217 33007
x 0 33008
p 0 164 33008
x 0 33009
p 0 208 33009
x 0 33010
p 0 180 33010
x 0 33011
p 0 172 33011
x 0 33012
p 0 181 33012
x 0 33013
p 0 210 33013
x 0 33014
p 0 211 33014
x 0 33015
p 0 209 33015
x 0 33016
p 0 182 33016
x 0 33017
p 0 181 33017
x 0 33018
p 0 212 33018
x 0 33019
p 0 254 33019
x 0 33020
p 0 179 33020
x 0 33021
p 0 211 33021
x 0 33022
p 0 211 33022
x 0 33023
p 0 208 33023
x 0 33024
p 0 182 33024
x 0 33025
p 0 212 33025
x 0 33026
p 0 214 33026
x 0 33027
p 0 209 33027
x 0 33028
p 0 181 33028
x 0 33029
p 0 209 33029
x 0 33030
p 0 210 33030
x 0 33031
p 0 218 33031
x 0 33032
p 0 188 33032
x 0 33033
p 0 217 33033
x 0 33034
p 0 217 33034
x 0 33035
p 0 215 33035
x 0 33036
p 0 313 33036
x 0 33037
p 0 218 33037
x 0 33038
p 0 197 33038
x 0 33039
p 0 188 33039
x 0 33040
p 0 219 33040
x 0 33041
p 0 225 33041
x 0 33042
p 0 170 33042
x 0 33043
p 0 232 33043
x 0 33044
p 0 158 33044
x 0 33045
p 0 157 33045
x 0 33046
p 0 216 33046
x 0 33047
p 0 200 33047
x 0 33048
p 0 227 33048
x 0 33049
p 0 224 33049
x 0 33050
p 0 164 33050
x 0 33051
p 0 224 33051
x 0 33052
p 0 162 33052
x 0 33053
p 0 232 33053
x 0 33054
p 0 170 33054
x 0 33055
p 0 166 33055
x 0 33056
p 0 226 33056
x 0 33057
p 0 225 33057
x 0 33058
p 0 222 33058
x 0 33059
p 0 200 33059
x 0 33060
p 0 187 33060
x 0 33000
h 0 10.0.0.10
p 0 44506 33000
x 1 33001
h 1 10.0.0.10
p 1 1476 33001
x 0 33002
p 0 270 33002
x 0 33003
p 0 233 33003
x 0 33004
p 0 268 33004
x 0 33005
p 0 232 33005
x 0 33006
p 0 229 33006
x 0 33007
p 0 192 33007
x 0 33008
p 0 228 33008
x 0 33009
p 0 190 33009
x 0 33010
p 0 221 33010
x 0 33011
p 0 231 33011
x 0 33012
p 0 227 33012
x 0 33013
p 0 194 33013
x 0 33014
p 0 226 33014
x 0 33015
p 0 220 33015
x 0 33016
p 0 169 33016
x 0 33017
p 0 214 33017
x 0 33018
p 0 214 33018
x 0 33019
p 0 176 33019
x 0 33020
p 0 213 33020
x 0 33021
p 0 215 33021
x 0 33022
p 0 214 33022
x 0 33023
p 0 215 33023
x 0 33024
p 0 212 33024
x 0 33025
p 0 213 33025
x 0 33026
p 0 215 33026
x 0 33027
p 0 213 33027
x 0 33028
p 0 215 33028
x 0 33029
p 0 217 33029
x 0 33030
p 0 215 33030
x 0 33031
p 0 217 33031
x 0 33032
p 0 215 33032
x 0 33033
p 0 213 33033
x 0 33034
p 0 243 33034
x 0 33035
p 0 210 33035
x 0 33036
p 0 209 33036
x 0 33037
p 0 183 33037
x 0 33038
p 0 212 33038
x 0 33039
p 0 211 33039
x 0 33040
p 0 177 33040
x 0 33041
p 0 210 33041
x 0 33042
p 0 210 33042
x 0 33043
p 0 210 33043
x 0 33044
p 0 213 33044
x 0 33045
p 0 210 33045
x 0 33046
p 0 219 33046
x 0 33047
p 0 218 33047
x 0 33048
p 0 194 33048
x 0 33049
p 0 218 33049
x 0 33050
p 0 219 33050
x 0 33051
p 0 186 33051
x 0 33052
p 0 218 33052
x 0 33053
p 0 267 33053
x 0 33054
p 0 190 33054
x 0 33055
p 0 221 33055
x 0 33056
p 0 258 33056
x 0 33057
p 0 440 33057
x 0 33058
p 0 220 33058
x 0 33059
p 0 188 33059
x 0 33060
p 0 224 33060
x 0 33000
h 0 10.0.0.10
p 0 38880 33000
x 1 33001
h 1 10.0.0.10
p 1 1594 33001
x 0 33002
p 0 216 33002
x 0 33003
p 0 229 33003
x 0 33004
p 0 210 33004
x 0 33005
p 0 241 33005
x 0 33006
p 0 210 33006
x 0 33007
p 0 209 33007
x 0 33008
p 0 208 33008
x 0 33009
p 0 239 33009
x 0 33010
p 0 233 33010
x 0 33011
p 0 264 33011
x 0 33012
p 0 210 33012
x 0 33013
p 0 211 33013
x 0 33014
p 0 239 33014
x 0 33015
p 0 210 33015
x 0 33016
p 0 208 33016
x 0 33017
p 0 212 33017
x 0 33018
p 0 211 33018
x 0 33019
p 0 211 33019
x 0 33020
p 0 211 33020
x 0 33021
p 0 212 33021
x 0 33022
p 0 211 33022
x 0 33023
p 0 319 33023
x 0 33024
p 0 209 33024
x 0 33025
p 0 209 33025
x 0 33026
p 0 179 33026
x 0 33027
p 0 218 33027
x 0 33028
p 0 181 33028
x 0 33029
p 0 190 33029
x 0 33030
p 0 251 33030
x 0 33031
p 0 218 33031
x 0 33032
p 0 184 33032
x 0 33033
p 0 183 33033
x 0 33034
p 0 197 33034
x 0 33035
p 0 179 33035
x 0 33036
p 0 185 33036
x 0 33037
p 0 188 33037
x 0 33038
p 0 212 33038
x 0 33039
p 0 174 33039
x 0 33040
p 0 174 33040
x 0 33041
p 0 204 33041
x 0 33042
p 0 245 33042
x 0 33043
p 0 222 33043
x 0 33044
p 0 222 33044
x 0 33045
p 0 225 33045
x 0 33046
p 0 219 33046
x 0 33047
p 0 228 33047
x 0 33048
p 0 161 33048
x 0 33049
p 0 159 33049
x 0 33050
p 0 220 33050
x 0 33051
p 0 160 33051
x 0 33052
p 0 258 33052
x 0 33053
p 0 199 33053
x 0 33054
p 0 724 33054
x 0 33055
p 0 168 33055
x 0 33056
p 0 235 33056
x 0 33057
p 0 240 33057
x 0 33058
p 0 166 33058
x 0 33059
p 0 166 33059
x 0 33060
p 0 260 33060
x 0 33000
h 0 10.0.0.10
p 0 43795 33000
x 1 33001
h 1 10.0.0.10
p 1 1304 33001
x 0 33002
p 0 214 33002
x 0 33003
p 0 240 33003
x 0 33004
p 0 183 33004
x 0 33005
p 0 247 33005
x 0 33006
p 0 219 33006
x 0 33007
p 0 218 33007
x 0 33008
p 0 207 33008
x 0 33009
p 0 183 33009
x 0 33010
p 0 224 33010
x 0 33011
p 0 183 33011
x 0 33012
p 0 215 33012
x 0 33013
p 0 223 33013
x 0 33014
p 0 250 33014
x 0 33015
p 0 224 33015
x 0 33016
p 0 227 33016
x 0 33017
p 0 220 33017
x 0 33018
p 0 228 33018
x 0 33019
p 0 228 33019
x 0 33020
p 0 228 33020
x 0 33021
p 0 223 33021
x 0 33022
p 0 225 33022
x 0 33023
p 0 223 33023
x 0 33024
p 0 223 33024
x 0 33025
p 0 222 33025
x 0 33026
p 0 329 33026
x 0 33027
p 0 506 33027
x 0 33028
p 0 226 33028
x 0 33029
p 0 224 33029
x 0 33030
p 0 243 33030
x 0 33031
p 0 217 33031
x 0 33032
p 0 215 33032
x 0 33033
p 0 85 33033
x 0 33034
p 0 222 33034
x 0 33035
p 0 222 33035
x 0 33036
p 0 150 33036
x 0 33037
p 0 218 33037
x 0 33038
p 0 273 33038
x 0 33039
p 0 217 33039
x 0 33040
p 0 271 33040
x 0 33041
p 0 221 33041
x 0 33042
p 0 217 33042
x 0 33043
p 0 220 33043
x 0 33044
p 0 218 33044
x 0 33045
p 0 219 33045
x 0 33046
p 0 217 33046
x 0 33047
p 0 221 33047
x 0 33048
p 0 219 33048
x 0 33049
p 0 217 33049
x 0 33050
p 0 217 33050
x 0 33051
p 0 215 33051
x 0 33052
p 0 217 33052
x 0 33053
p 0 225 33053
x 0 33054
p 0 224 33054
x 0 33055
p 0 235 33055
x 0 33056
p 0 217 33056
x 0 33057
p 0 225 33057
x 0 33058
p 0 225 33058
x 0 33059
p 0 373 33059
x 0 33060
p 0 234 33060
x 0 33000
h 0 10.0.0.10
p 0 43214 33000
x 1 33001
h 1 10.0.0.10
p 1 1485 33001
x 0 33002
p 0 186 33002
x 0 33003
p 0 273 33003
x 0 33004
p 0 243 33004
x 0 33005
p 0 214 33005
x 0 33006
p 0 211 33006
x 0 33007
p 0 174 33007
x 0 33008
p 0 218 33008
x 0 33009
p 0 217 33009
x 0 33010
p 0 185 33010
x 0 33011
p 0 215 33011
x 0 33012
p 0 221 33012
x 0 33013
p 0 215 33013
x 0 33014
p 0 217 33014
x 0 33015
p 0 210 33015
x 0 33016
p 0 217 33016
x 0 33017
p 0 219 33017
x 0 33018
p 0 189 33018
x 0 33019
p 0 311 33019
x 0 33020
p 0 117 33020
x 0 33021
p 0 217 33021
x 0 33022
p 0 217 33022
x 0 33023
p 0 217 33023
x 0 33024
p 0 218 33024
x 0 33025
p 0 223 33025
x 0 33026
p 0 218 33026
x 0 33027
p 0 181 33027
x 0 33028
p 0 215 33028
x 0 33029
p 0 216 33029
x 0 33030
p 0 214 33030
x 0 33031
p 0 181 33031
x 0 33032
p 0 212 33032
x 0 33033
p 0 223 33033
x 0 33034
p 0 252 33034
x 0 33035
p 0 249 33035
x 0 33036
p 0 223 33036
x 0 33037
p 0 263 33037
x 0 33038
p 0 224 33038
x 0 33039
p 0 162 33039
x 0 33040
p 0 162 33040
x 0 33041
p 0 163 33041
x 0 33042
p 0 163 33042
x 0 33043
p 0 221 33043
x 0 33044
p 0 272 33044
x 0 33045
p 0 163 33045
x 0 33046
p 0 162 33046
x 0 33047
p 0 383 33047
x 0 33048
p 0 203 33048
x 0 33049
p 0 196 33049
x 0 33050
p 0 221 33050
x 0 33051
p 0 203 33051
x 0 33052
p 0 220 33052
x 0 33053
p 0 224 33053
x 0 33054
p 0 253 33054
x 0 33055
p 0 230 33055
x 0 33056
p 0 226 33056
x 0 33057
p 0 255 33057
x 0 33058
p 0 242 33058
x 0 33059
p 0 231 33059
x 0 33060
p 0 234 33060
x 0 33000
h 0 10.0.0.10
p 0 43906 33000
x 1 33001
h 1 10.0.0.10
p 1 1482 33001
x 0 33002
p 0 213 33002
x 0 33003
p 0 218 33003
x 0 33004
p 0 223 33004
x 0 33005
p 0 302 33005
x 0 33006
p 0 217 33006
x 0 33007
p 0 206 33007
x 0 33008
p 0 210 33008
x 0 33009
p 0 170 33009
x 0 33010
p 0 190 33010
x 0 33011
p 0 209 33011
x 0 33012
p 0 158 33012
x 0 33013
p 0 187 33013
x 0 33014
p 0 212 33014
x 0 33015
p 0 214 33015
x 0 33016
p 0 215 33016
x 0 33017
p 0 210 33017
x 0 33018
p 0 213 33018
x 0 33019
p 0 157 33019
x 0 33020
p 0 181 33020
x 0 33021
p 0 127 33021
x 0 33022
p 0 186 33022
x 0 33023
p 0 184 33023
x 0 33024
p 0 167 33024
x 0 33025
p 0 186 33025
x 0 33026
p 0 140 33026
x 0 33027
p 0 150 33027
x 0 33028
p 0 186 33028
x 0 33029
p 0 280 33029
x 0 33030
p 0 137 33030
x 0 33031
p 0 233 33031
x 0 33032
p 0 279 33032
x 0 33033
p 0 216 33033
x 0 33034
p 0 178 33034
x 0 33035
p 0 190 33035
x 0 33036
p 0 173 33036
x 0 33037
p 0 196 33037
x 0 33038
p 0 211 33038
x 0 33039
p 0 211 33039
x 0 33040
p 0 211 33040
x 0 33041
p 0 212 33041
x 0 33042
p 0 237 33042
x 0 33043
p 0 157 33043
x 0 33044
p 0 213 33044
x 0 33045
p 0 211 33045
x 0 33046
p 0 188 33046
x 0 33047
p 0 210 33047
x 0 33048
p 0 210 33048
x 0 33049
p 0 210 33049
x 0 33050
p 0 208 33050
x 0 33051
p 0 192 33051
x 0 33052
p 0 209 33052
x 0 33053
p 0 216 33053
x 0 33054
p 0 214 33054
x 0 33055
p 0 181 33055
x 0 33056
p 0 220 33056
x 0 33057
p 0 192 33057
x 0 33058
p 0 338 33058
x 0 33059
p 0 279 33059
x 0 33060
p 0 271 33060
x 0 33000
h 0 10.0.0.10
p 0 44845 33000
x 1 33001
h 1 10.0.0.10
p 1 1667 33001
x 0 33002
p 0 210 33002
x 0 33003
p 0 220 33003
x 0 33004
p 0 251 33004
x 0 33005
p 0 214 33005
x 0 33006
p 0 211 33006
x 0 33007
p 0 209 33007
x 0 33008
p 0 174 33008
x 0 33009
p 0 210 33009
x 0 33010
p 0 211 33010
x 0 33011
p 0 363 33011
x 0 33012
p 0 215 33012
x 0 33013
p 0 213 33013
x 0 33014
p 0 215 33014
x 0 33015
p 0 209 33015
x 0 33016
p 0 211 33016
x 0 33017
p 0 212 33017
x 0 33018
p 0 215 33018
x 0 33019
p 0 191 33019
x 0 33020
p 0 183 33020
x 0 33021
p 0 211 33021
x 0 33022
p 0 209 33022
x 0 33023
p 0 213 33023
x 0 33024
p 0 211 33024
x 0 33025
p 0 215 33025
x 0 33026
p 0 211 33026
x 0 33027
p 0 210 33027
x 0 33028
p 0 210 33028
x 0 33029
p 0 212 33029
x 0 33030
p 0 210 33030
x 0 33031
p 0 213 33031
x 0 33032
p 0 208 33032
x 0 33033
p 0 215 33033
x 0 33034
p 0 214 33034
x 0 33035
p 0 212 33035
x 0 33036
p 0 237 33036
x 0 33037
p 0 213 33037
x 0 33038
p 0 211 33038
x 0 33039
p 0 208 33039
x 0 33040
p 0 209 33040
x 0 33041
p 0 210 33041
x 0 33042
p 0 209 33042
x 0 33043
p 0 209 33043
x 0 33044
p 0 211 33044
x 0 33045
p 0 211 33045
x 0 33046
p 0 209 33046
x 0 33047
p 0 209 33047
x 0 33048
p 0 207 33048
x 0 33049
p 0 210 33049
x 0 33050
p 0 210 33050
x 0 33051
p 0 207 33051
x 0 33052
p 0 210 33052
x 0 33053
p 0 218 33053
x 0 33054
p 0 217 33054
x 0 33055
p 0 214 33055
x 0 33056
p 0 215 33056
x 0 33057
p 0 213 33057
x 0 33058
p 0 223 33058
x 0 33059
p 0 217 33059
x 0 33060
p 0 219 33060
x 0 33000
h 0 10.0.0.10
p 0 44313 33000
x 1 33001
h 1 10.0.0.10
p 1 1256 33001
x 0 33002
p 0 304 33002
x 0 33003
p 0 214 33003
x 0 33004
p 0 214 33004
x 0 33005
p 0 220 33005
x 0 33006
p 0 216 33006
x 0 33007
p 0 218 33007
x 0 33008
p 0 213 33008
x 0 33009
p 0 174 33009
x 0 33010
p 0 192 33010
x 0 33011
p 0 229 33011
x 0 33012
p 0 218 33012
x 0 33013
p 0 217 33013
x 0 33014
p 0 214 33014
x 0 33015
p 0 217 33015
x 0 33016
p 0 218 33016
x 0 33017
p 0 217 33017
x 0 33018
p 0 213 33018
x 0 33019
p 0 218 33019
x 0 33020
p 0 214 33020
x 0 33021
p 0 214 33021
x 0 33022
p 0 213 33022
x 0 33023
p 0 217 33023
x 0 33024
p 0 220 33024
x 0 33025
p 0 219 33025
x 0 33026
p 0 215 33026
x 0 33027
p 0 211 33027
x 0 33028
p 0 214 33028
x 0 33029
p 0 216 33029
x 0 33030
p 0 216 33030
x 0 33031
p 0 216 33031
x 0 33032
p 0 213 33032
x 0 33033
p 0 219 33033
x 0 33034
p 0 214 33034
x 0 33035
p 0 215 33035
x 0 33036
p 0 216 33036
x 0 33037
p 0 215 33037
x 0 33038
p 0 215 33038
x 0 33039
p 0 219 33039
x 0 33040
p 0 218 33040
x 0 33041
p 0 218 33041
x 0 33042
p 0 216 33042
x 0 33043
p 0 219 33043
x 0 33044
p 0 221 33044
x 0 33045
p 0 219 33045
x 0 33046
p 0 216 33046
x 0 33047
p 0 219 33047
x 0 33048
p 0 220 33048
x 0 33049
p 0 218 33049
x 0 33050
p 0 218 33050
x 0 33051
p 0 220 33051
x 0 33052
p 0 220 33052
x 0 33053
p 0 230 33053
x 0 33054
p 0 223 33054
x 0 33055
p 0 229 33055
x 0 33056
p 0 223 33056
x 0 33057
p 0 266 33057
x 0 33058
p 0 224 33058
x 0 33059
p 0 268 33059
x 0 33060
p 0 233 33060
x 0 33000
h 0 10.0.0.10
p 0 43907 33000
x 1 33001
h 1 10.0.0.10
p 1 1221 33001
x 0 33002
p 0 193 33002
x 0 33003
p 0 225 33003
x 0 33004
p 0 168 33004
x 0 33005
p 0 170 33005
x 0 33006
p 0 189 33006
x 0 33007
p 0 216 33007
x 0 33008
p 0 216 33008
x 0 33009
p 0 178 33009
x 0 33010
p 0 194 33010
x 0 33011
p 0 216 33011
x 0 33012
p 0 199 33012
x 0 33013
p 0 244 33013
x 0 33014
p 0 182 33014
x 0 33015
p 0 237 33015
x 0 33016
p 0 235 33016
x 0 33017
p 0 165 33017
x 0 33018
p 0 185 33018
x 0 33019
p 0 214 33019
x 0 33020
p 0 213 33020
x 0 33021
p 0 211 33021
x 0 33022
p 0 181 33022
x 0 33023
p 0 214 33023
x 0 33024
p 0 213 33024
x 0 33025
p 0 212 33025
x 0 33026
p 0 185 33026
x 0 33027
p 0 107 33027
x 0 33028
p 0 216 33028
x 0 33029
p 0 212 33029
x 0 33030
p 0 205 33030
x 0 33031
p 0 211 33031
x 0 33032
p 0 217 33032
x 0 33033
p 0 215 33033
x 0 33034
p 0 182 33034
x 0 33035
p 0 177 33035
x 0 33036
p 0 213 33036
x 0 33037
p 0 195 33037
x 0 33038
p 0 181 33038
x 0 33039
p 0 211 33039
x 0 33040
p 0 214 33040
x 0 33041
p 0 212 33041
x 0 33042
p 0 187 33042
x 0 33043
p 0 212 33043
x 0 33044
p 0 210 33044
x 0 33045
p 0 213 33045
x 0 33046
p 0 179 33046
x 0 33047
p 0 213 33047
x 0 33048
p 0 214 33048
x 0 33049
p 0 217 33049
x 0 33050
p 0 213 33050
x 0 33051
p 0 217 33051
x 0 33052
p 0 215 33052
x 0 33053
p 0 224 33053
x 0 33054
p 0 191 33054
x 0 33055
p 0 173 33055
x 0 33056
p 0 222 33056
x 0 33057
p 0 230 33057
x 0 33058
p 0 220 33058
x 0 33059
p 0 217 33059
x 0 33060
p 0 241 33060
x 0 33000
h 0 10.0.0.10
p 0 43522 33000
x 1 33001
h 1 10.0.0.10
p 1 1251 33001
x 0 33002
p 0 170 33002
x 0 33003
p 0 159 33003
x 0 33004
p 0 147 33004
x 0 33005
p 0 210 33005
x 0 33006
p 0 220 33006
x 0 33007
p 0 211 33007
x 0 33008
p 0 211 33008
x 0 33009
p 0 214 33009
x 0 33010
p 0 216 33010
x 0 33011
p 0 212 33011
x 0 33012
p 0 191 33012
x 0 33013
p 0 189 33013
x 0 33014
p 0 192 33014
x 0 33015
p 0 161 33015
x 0 33016
p 0 195 33016
x 0 33017
p 0 188 33017
x 0 33018
p 0 316 33018
x 0 33019
p 0 189 33019
x 0 33020
p 0 189 33020
x 0 33021
p 0 154 33021
x 0 33022
p 0 206 33022
x 0 33023
p 0 190 33023
x 0 33024
p 0 161 33024
x 0 33025
p 0 170 33025
x 0 33026
p 0 161 33026
x 0 33027
p 0 218 33027
x 0 33028
p 0 211 33028
x 0 33029
p 0 176 33029
x 0 33030
p 0 162 33030
x 0 33031
p 0 227 33031
x 0 33032
p 0 153 33032
x 0 33033
p 0 161 33033
x 0 33034
p 0 160 33034
x 0 33035
p 0 178 33035
x 0 33036
p 0 173 33036
x 0 33037
p 0 170 33037
x 0 33038
p 0 215 33038
x 0 33039
p 0 230 33039
x 0 33040
p 0 211 33040
x 0 33041
p 0 199 33041
x 0 33042
p 0 224 33042
x 0 33043
p 0 203 33043
x 0 33044
p 0 199 33044
x 0 33045
p 0 221 33045
x 0 33046
p 0 182 33046
x 0 33047
p 0 224 33047
x 0 33048
p 0 270 33048
x 0 33049
p 0 185 33049
x 0 33050
p 0 228 33050
x 0 33051
p 0 198 33051
x 0 33052
p 0 225 33052
x 0 33053
p 0 142 33053
x 0 33054
p 0 196 33054
x 0 33055
p 0 224 33055
x 0 33056
p 0 162 33056
x 0 33057
p 0 226 33057
x 0 33058
p 0 245 33058
x 0 33059
p 0 236 33059
x 0 33060
p 0 227 33060
x 0 33000
h 0 10.0.0.10
p 0 42965 33000
x 1 33001
h 1 10.0.0.10
p 1 1508 33001
x 0 33002
p 0 225 33002
x 0 33003
p 0 203 33003
x 0 33004
p 0 184 33004
x 0 33005
p 0 222 33005
x 0 33006
p 0 222 33006
x 0 33007
p 0 193 33007
x 0 33008
p 0 185 33008
x 0 33009
p 0 200 33009
x 0 33010
p 0 208 33010
x 0 33011
p 0 132 33011
x 0 33012
p 0 194 33012
x 0 33013
p 0 149 33013
x 0 33014
p 0 202 33014
x 0 33015
p 0 195 33015
x 0 33016
p 0 195 33016
x 0 33017
p 0 145 33017
x 0 33018
p 0 231 33018
x 0 33019
p 0 193 33019
x 0 33020
p 0 192 33020
x 0 33021
p 0 194 33021
x 0 33022
p 0 223 33022
x 0 33023
p 0 194 33023
x 0 33024
p 0 194 33024
x 0 33025
p 0 193 33025
x 0 33026
p 0 222 33026
x 0 33027
p 0 187 33027
x 0 33028
p 0 168 33028
x 0 33029
p 0 208 33029
x 0 33030
p 0 220 33030
x 0 33031
p 0 190 33031
x 0 33032
p 0 203 33032
x 0 33033
p 0 163 33033
x 0 33034
p 0 222 33034
x 0 33035
p 0 192 33035
x 0 33036
p 0 172 33036
x 0 33037
p 0 195 33037
x 0 33038
p 0 223 33038
x 0 33039
p 0 191 33039
x 0 33040
p 0 192 33040
x 0 33041
p 0 198 33041
x 0 33042
p 0 228 33042
x 0 33043
p 0 208 33043
x 0 33044
p 0 190 33044
x 0 33045
p 0 208 33045
x 0 33046
p 0 167 33046
x 0 33047
p 0 188 33047
x 0 33048
p 0 195 33048
x 0 33049
p 0 184 33049
x 0 33050
p 0 227 33050
x 0 33051
p 0 171 33051
x 0 33052
p 0 196 33052
x 0 33053
p 0 201 33053
x 0 33054
p 0 196 33054
x 0 33055
p 0 196 33055
x 0 33056
p 0 194 33056
x 0 33057
p 0 186 33057
x 0 33058
p 0 228 33058
x 0 33059
p 0 231 33059
x 0 33060
p 0 227 33060
x 0 33000
h 0 10.0.0.10
p 0 40234 33000
x 1 33001
h 1 10.0.0.10
p 1 1357 33001
x 0 33002
p 0 221 33002
x 0 33003
p 0 213 33003
x 0 33004
p 0 182 33004
x 0 33005
p 0 182 33005
x 0 33006
p 0 184 33006
x 0 33007
p 0 214 33007
x 0 33008
p 0 184 33008
x 0 33009
p 0 183 33009
x 0 33010
p 0 181 33010
x 0 33011
p 0 213 33011
x 0 33012
p 0 181 33012
x 0 33013
p 0 184 33013
x 0 33014
p 0 183 33014
x 0 33015
p 0 182 33015
x 0 33016
p 0 183 33016
x 0 33017
p 0 181 33017
x 0 33018
p 0 186 33018
x 0 33019
p 0 215 33019
x 0 33020
p 0 190 33020
x 0 33021
p 0 180 33021
x 0 33022
p 0 180 33022
x 0 33023
p 0 187 33023
x 0 33024
p 0 184 33024
x 0 33025
p 0 181 33025
x 0 33026
p 0 181 33026
x 0 33027
p 0 215 33027
x 0 33028
p 0 186 33028
x 0 33029
p 0 181 33029
x 0 33030
p 0 179 33030
x 0 33031
p 0 199 33031
x 0 33032
p 0 217 33032
x 0 33033
p 0 219 33033
x 0 33034
p 0 276 33034
x 0 33035
p 0 188 33035
x 0 33036
p 0 216 33036
x 0 33037
p 0 217 33037
x 0 33038
p 0 204 33038
x 0 33039
p 0 179 33039
x 0 33040
p 0 186 33040
x 0 33041
p 0 180 33041
x 0 33042
p 0 181 33042
x 0 33043
p 0 299 33043
x 0 33044
p 0 170 33044
x 0 33045
p 0 166 33045
x 0 33046
p 0 166 33046
x 0 33047
p 0 166 33047
x 0 33048
p 0 171 33048
x 0 33049
p 0 167 33049
x 0 33050
p 0 166 33050
x 0 33051
p 0 623 33051
x 0 33052
p 0 163 33052
x 0 33053
p 0 228 33053
x 0 33054
p 0 174 33054
x 0 33055
p 0 167 33055
x 0 33056
p 0 248 33056
x 0 33057
p 0 223 33057
x 0 33058
p 0 665 33058
x 0 33059
p 0 175 33059
x 0 33060
p 0 224 33060
x 0 33000
h 0 10.0.0.10
p 0 39196 33000
x 1 33001
h 1 10.0.0.10
p 1 1479 33001
x 0 33002
p 0 192 33002
x 0 33003
p 0 185 33003
x 0 33004
p 0 216 33004
x 0 33005
p 0 236 33005
x 0 33006
p 0 211 33006
x 0 33007
p 0 212 33007
x 0 33008
p 0 214 33008
x 0 33009
p 0 217 33009
x 0 33010
p 0 213 33010
x 0 33011
p 0 213 33011
x 0 33012
p 0 213 33012
x 0 33013
p 0 216 33013
x 0 33014
p 0 215 33014
x 0 33015
p 0 213 33015
x 0 33016
p 0 212 33016
x 0 33017
p 0 243 33017
x 0 33018
p 0 215 33018
x 0 33019
p 0 264 33019
x 0 33020
p 0 233 33020
x 0 33021
p 0 219 33021
x 0 33022
p 0 213 33022
x 0 33023
p 0 214 33023
x 0 33024
p 0 212 33024
x 0 33025
p 0 217 33025
x 0 33026
p 0 214 33026
x 0 33027
p 0 215 33027
x 0 33028
p 0 216 33028
x 0 33029
p 0 216 33029
x 0 33030
p 0 217 33030
x 0 33031
p 0 213 33031
x 0 33032
p 0 212 33032
x 0 33033
p 0 218 33033
x 0 33034
p 0 217 33034
x 0 33035
p 0 213 33035
x 0 33036
p 0 218 33036
x 0 33037
p 0 216 33037
x 0 33038
p 0 216 33038
x 0 33039
p 0 215 33039
x 0 33040
p 0 214 33040
x 0 33041
p 0 215 33041
x 0 33042
p 0 216 33042
x 0 33043
p 0 214 33043
x 0 33044
p 0 215 33044
x 0 33045
p 0 245 33045
x 0 33046
p 0 216 33046
x 0 33047
p 0 214 33047
x 0 33048
p 0 214 33048
x 0 33049
p 0 301 33049
x 0 33050
p 0 214 33050
x 0 33051
p 0 214 33051
x 0 33052
p 0 204 33052
x 0 33053
p 0 158 33053
x 0 33054
p 0 221 33054
x 0 33055
p 0 109 33055
x 0 33056
p 0 239 33056
x 0 33057
p 0 218 33057
x 0 33058
p 0 250 33058
x 0 33059
p 0 243 33059
x 0 33060
p 0 219 33060
x 0 33000
h 0 10.0.0.10
p 0 44478 33000
x 1 33001
h 1 10.0.0.10
p 1 1021 33001
x 0 33002
p 0 178 33002
x 0 33003
p 0 192 33003
x 0 33004
p 0 291 33004
x 0 33005
p 0 225 33005
x 0 33006
p 0 220 33006
x 0 33007
p 0 184 33007
x 0 33008
p 0 210 33008
x 0 33009
p 0 210 33009
x 0 33010
p 0 210 33010
x 0 33011
p 0 177 33011
x 0 33012
p 0 211 33012
x 0 33013
p 0 212 33013
x 0 33014
p 0 209 33014
x 0 33015
p 0 180 33015
x 0 33016
p 0 182 33016
x 0 33017
p 0 212 33017
x 0 33018
p 0 211 33018
x 0 33019
p 0 184 33019
x 0 33020
p 0 210 33020
x 0 33021
p 0 211 33021
x 0 33022
p 0 187 33022
x 0 33023
p 0 167 33023
x 0 33024
p 0 241 33024
x 0 33025
p 0 209 33025
x 0 33026
p 0 208 33026
x 0 33027
p 0 184 33027
x 0 33028
p 0 244 33028
x 0 33029
p 0 209 33029
x 0 33030
p 0 207 33030
x 0 33031
p 0 180 33031
x 0 33032
p 0 232 33032
x 0 33033
p 0 209 33033
x 0 33034
p 0 211 33034
x 0 33035
p 0 182 33035
x 0 33036
p 0 244 33036
x 0 33037
p 0 209 33037
x 0 33038
p 0 214 33038
x 0 33039
p 0 209 33039
x 0 33040
p 0 239 33040
x 0 33041
p 0 210 33041
x 0 33042
p 0 210 33042
x 0 33043
p 0 197 33043
x 0 33044
p 0 208 33044
x 0 33045
p 0 131 33045
x 0 33046
p 0 211 33046
x 0 33047
p 0 208 33047
x 0 33048
p 0 212 33048
x 0 33049
p 0 255 33049
x 0 33050
p 0 214 33050
x 0 33051
p 0 226 33051
x 0 33052
p 0 214 33052
x 0 33053
p 0 264 33053
x 0 33054
p 0 214 33054
x 0 33055
p 0 210 33055
x 0 33056
p 0 213 33056
x 0 33057
p 0 223 33057
x 0 33058
p 0 221 33058
x 0 33059
p 0 215 33059
x 0 33060
p 0 212 33060
x 0 33000
h 0 10.0.0.10
p 0 38936 33000
x 1 33001
h 1 10.0.0.10
p 1 1439 33001
x 0 33002
p 0 224 33002
x 0 33003
p 0 236 33003
x 0 33004
p 0 227 33004
x 0 33005
p 0 312 33005
x 0 33006
p 0 176 33006
x 0 33007
p 0 174 33007
x 0 33008
p 0 142 33008
x 0 33009
p 0 285 33009
x 0 33010
p 0 214 33010
x 0 33011
p 0 211 33011
x 0 33012
p 0 209 33012
x 0 33013
p 0 209 33013
x 0 33014
p 0 233 33014
x 0 33015
p 0 213 33015
x 0 33016
p 0 212 33016
x 0 33017
p 0 209 33017
x 0 33018
p 0 212 33018
x 0 33019
p 0 205 33019
x 0 33020
p 0 206 33020
x 0 33021
p 0 183 33021
x 0 33022
p 0 210 33022
x 0 33023
p 0 212 33023
x 0 33024
p 0 213 33024
x 0 33025
p 0 212 33025
x 0 33026
p 0 211 33026
x 0 33027
p 0 215 33027
x 0 33028
p 0 215 33028
x 0 33029
p 0 216 33029
x 0 33030
p 0 238 33030
x 0 33031
p 0 215 33031
x 0 33032
p 0 160 33032
x 0 33033
p 0 214 33033
x 0 33034
p 0 213 33034
x 0 33035
p 0 212 33035
x 0 33036
p 0 214 33036
x 0 33037
p 0 213 33037
x 0 33038
p 0 212 33038
x 0 33039
p 0 209 33039
x 0 33040
p 0 210 33040
x 0 33041
p 0 212 33041
x 0 33042
p 0 213 33042
x 0 33043
p 0 209 33043
x 0 33044
p 0 209 33044
x 0 33045
p 0 213 33045
x 0 33046
p 0 211 33046
x 0 33047
p 0 209 33047
x 0 33048
p 0 208 33048
x 0 33049
p 0 212 33049
x 0 33050
p 0 212 33050
x 0 33051
p 0 240 33051
x 0 33052
p 0 210 33052
x 0 33053
p 0 218 33053
x 0 33054
p 0 216 33054
x 0 33055
p 0 251 33055
x 0 33056
p 0 216 33056
x 0 33057
p 0 125 33057
x 0 33058
p 0 225 33058
x 0 33059
p 0 227 33059
x 0 33060
p 0 228 33060
x 0 33000
h 0 10.0.0.10
p 0 43703 33000
x 1 33001
h 1 10.0.0.10
p 1 1022 33001
x 0 33002
p 0 223 33002
x 0 33003
p 0 221 33003
x 0 33004
p 0 221 33004
x 0 33005
p 0 223 33005
x 0 33006
p 0 219 33006
x 0 33007
p 0 315 33007
x 0 33008
p 0 312 33008
x 0 33009
p 0 217 33009
x 0 33010
p 0 217 33010
x 0 33011
p 0 136 33011
x 0 33012
p 0 219 33012
x 0 33013
p 0 209 33013
x 0 33014
p 0 219 33014
x 0 33015
p 0 218 33015
x 0 33016
p 0 283 33016
x 0 33017
p 0 308 33017
x 0 33018
p 0 219 33018
x 0 33019
p 0 219 33019
x 0 33020
p 0 276 33020
x 0 33021
p 0 218 33021
x 0 33022
p 0 216 33022
x 0 33023
p 0 226 33023
x 0 33024
p 0 218 33024
x 0 33025
p 0 215 33025
x 0 33026
p 0 213 33026
x 0 33027
p 0 213 33027
x 0 33028
p 0 250 33028
x 0 33029
p 0 219 33029
x 0 33030
p 0 314 33030
x 0 33031
p 0 216 33031
x 0 33032
p 0 247 33032
x 0 33033
p 0 217 33033
x 0 33034
p 0 221 33034
x 0 33035
p 0 216 33035
x 0 33036
p 0 241 33036
x 0 33037
p 0 183 33037
x 0 33038
p 0 213 33038
x 0 33039
p 0 215 33039
x 0 33040
p 0 240 33040
x 0 33041
p 0 212 33041
x 0 33042
p 0 222 33042
x 0 33043
p 0 213 33043
x 0 33044
p 0 242 33044
x 0 33045
p 0 215 33045
x 0 33046
p 0 217 33046
x 0 33047
p 0 213 33047
x 0 33048
p 0 216 33048
x 0 33049
p 0 215 33049
x 0 33050
p 0 216 33050
x 0 33051
p 0 220 33051
x 0 33052
p 0 217 33052
x 0 33053
p 0 218 33053
x 0 33054
p 0 218 33054
x 0 33055
p 0 219 33055
x 0 33056
p 0 221 33056
x 0 33057
p 0 218 33057
x 0 33058
p 0 216 33058
x 0 33059
p 0 220 33059
x 0 33060
p 0 223 33060
x 0 33000
h 0 10.0.0.10
p 0 45566 33000
x 1 33001
h 1 10.0.0.10
p 1 1283 33001
x 0 33002
p 0 223 33002
x 0 33003
p 0 209 33003
x 0 33004
p 0 217 33004
x 0 33005
p 0 306 33005
x 0 33006
p 0 210 33006
x 0 33007
p 0 217 33007
x 0 33008
p 0 186 33008
x 0 33009
p 0 214 33009
x 0 33010
p 0 215 33010
x 0 33011
p 0 307 33011
x 0 33012
p 0 305 33012
x 0 33013
p 0 218 33013
x 0 33014
p 0 219 33014
x 0 33015
p 0 222 33015
x 0 33016
p 0 216 33016
x 0 33017
p 0 221 33017
x 0 33018
p 0 219 33018
x 0 33019
p 0 307 33019
x 0 33020
p 0 241 33020
x 0 33021
p 0 214 33021
x 0 33022
p 0 214 33022
x 0 33023
p 0 270 33023
x 0 33024
p 0 278 33024
x 0 33025
p 0 189 33025
x 0 33026
p 0 215 33026
x 0 33027
p 0 214 33027
x 0 33028
p 0 214 33028
x 0 33029
p 0 214 33029
x 0 33030
p 0 216 33030
x 0 33031
p 0 331 33031
x 0 33032
p 0 201 33032
x 0 33033
p 0 195 33033
x 0 33034
p 0 254 33034
x 0 33035
p 0 196 33035
x 0 33036
p 0 315 33036
x 0 33037
p 0 198 33037
x 0 33038
p 0 224 33038
x 0 33039
p 0 196 33039
x 0 33040
p 0 228 33040
x 0 33041
p 0 194 33041
x 0 33042
p 0 193 33042
x 0 33043
p 0 184 33043
x 0 33044
p 0 186 33044
x 0 33045
p 0 219 33045
x 0 33046
p 0 212 33046
x 0 33047
p 0 163 33047
x 0 33048
p 0 221 33048
x 0 33049
p 0 169 33049
x 0 33050
p 0 164 33050
x 0 33051
p 0 216 33051
x 0 33052
p 0 164 33052
x 0 33053
p 0 218 33053
x 0 33054
p 0 174 33054
x 0 33055
p 0 169 33055
x 0 33056
p 0 218 33056
x 0 33057
p 0 256 33057
x 0 33058
p 0 238 33058
x 0 33059
p 0 214 33059
x 0 33060
p 0 215 33060
x 0 33000
h 0 10.0.0.10
p 0 38890 33000
x 1 33001
h 1 10.0.0.10
p 1 1560 33001
x 0 33002
p 0 289 33002
x 0 33003
p 0 247 33003
x 0 33004
p 0 311 33004
x 0 33005
p 0 228 33005
x 0 33006
p 0 239 33006
x 0 33007
p 0 232 33007
x 0 33008
p 0 235 33008
x 0 33009
p 0 287 33009
x 0 33010
p 0 231 33010
x 0 33011
p 0 247 33011
x 0 33012
p 0 231 33012
x 0 33013
p 0 237 33013
x 0 33014
p 0 242 33014
x 0 33015
p 0 241 33015
x 0 33016
p 0 243 33016
x 0 33017
p 0 268 33017
x 0 33018
p 0 247 33018
x 0 33019
p 0 250 33019
x 0 33020
p 0 243 33020
x 0 33021
p 0 240 33021
x 0 33022
p 0 237 33022
x 0 33023
p 0 238 33023
x 0 33024
p 0 222 33024
x 0 33025
p 0 257 33025
x 0 33026
p 0 233 33026
x 0 33027
p 0 267 33027
x 0 33028
p 0 230 33028
x 0 33029
p 0 231 33029
x 0 33030
p 0 225 33030
x 0 33031
p 0 237 33031
x 0 33032
p 0 230 33032
x 0 33033
p 0 235 33033
x 0 33034
p 0 233 33034
x 0 33035
p 0 230 33035
x 0 33036
p 0 233 33036
x 0 33037
p 0 235 33037
x 0 33038
p 0 236 33038
x 0 33039
p 0 231 33039
x 0 33040
p 0 264 33040
x 0 33041
p 0 231 33041
x 0 33042
p 0 228 33042
x 0 33043
p 0 229 33043
x 0 33044
p 0 231 33044
x 0 33045
p 0 224 33045
x 0 33046
p 0 228 33046
x 0 33047
p 0 201 33047
x 0 33048
p 0 226 33048
x 0 33049
p 0 225 33049
x 0 33050
p 0 222 33050
x 0 33051
p 0 230 33051
x 0 33052
p 0 229 33052
x 0 33053
p 0 335 33053
x 0 33054
p 0 231 33054
x 0 33055
p 0 227 33055
x 0 33056
p 0 236 33056
x 0 33057
p 0 234 33057
x 0 33058
p 0 227 33058
x 0 33059
p 0 222 33059
x 0 33060
p 0 292 33060
x 0 33000
h 0 10.0.0.10
p 0 43223 33000
x 1 33001
h 1 10.0.0.10
p 1 1432 33001
x 0 33002
p 0 250 33002
x 0 33003
p 0 258 33003
x 0 33004
p 0 237 33004
x 0 33005
p 0 223 33005
x 0 33006
p 0 214 33006
x 0 33007
p 0 210 33007
x 0 33008
p 0 192 33008
x 0 33009
p 0 195 33009
x 0 33010
p 0 214 33010
x 0 33011
p 0 187 33011
x 0 33012
p 0 213 33012
x 0 33013
p 0 215 33013
x 0 33014
p 0 214 33014
x 0 33015
p 0 212 33015
x 0 33016
p 0 218 33016
x 0 33017
p 0 191 33017
x 0 33018
p 0 221 33018
x 0 33019
p 0 217 33019
x 0 33020
p 0 212 33020
x 0 33021
p 0 189 33021
x 0 33022
p 0 212 33022
x 0 33023
p 0 210 33023
x 0 33024
p 0 182 33024
x 0 33025
p 0 181 33025
x 0 33026
p 0 185 33026
x 0 33027
p 0 179 33027
x 0 33028
p 0 180 33028
x 0 33029
p 0 177 33029
x 0 33030
p 0 179 33030
x 0 33031
p 0 179 33031
x 0 33032
p 0 210 33032
x 0 33033
p 0 218 33033
x 0 33034
p 0 210 33034
x 0 33035
p 0 209 33035
x 0 33036
p 0 217 33036
x 0 33037
p 0 163 33037
x 0 33038
p 0 220 33038
x 0 33039
p 0 183 33039
x 0 33040
p 0 173 33040
x 0 33041
p 0 226 33041
x 0 33042
p 0 172 33042
x 0 33043
p 0 176 33043
x 0 33044
p 0 222 33044
x 0 33045
p 0 173 33045
x 0 33046
p 0 210 33046
x 0 33047
p 0 173 33047
x 0 33048
p 0 162 33048
x 0 33049
p 0 213 33049
x 0 33050
p 0 163 33050
x 0 33051
p 0 167 33051
x 0 33052
p 0 164 33052
x 0 33053
p 0 278 33053
x 0 33054
p 0 223 33054
x 0 33055
p 0 221 33055
x 0 33056
p 0 244 33056
x 0 33057
p 0 235 33057
x 0 33058
p 0 250 33058
x 0 33059
p 0 240 33059
x 0 33060
p 0 225 33060
x 0 33000
h 0 10.0.0.10
p 0 43283 33000
x 1 33001
h 1 10.0.0.10
p 1 1353 33001
x 0 33002
p 0 219 33002
x 0 33003
p 0 225 33003
x 0 33004
p 0 227 33004
x 0 33005
p 0 225 33005
x 0 33006
p 0 168 33006
x 0 33007
p 0 163 33007
x 0 33008
p 0 166 33008
x 0 33009
p 0 171 33009
x 0 33010
p 0 164 33010
x 0 33011
p 0 184 33011
x 0 33012
p 0 181 33012
x 0 33013
p 0 183 33013
x 0 33014
p 0 180 33014
x 0 33015
p 0 181 33015
x 0 33016
p 0 201 33016
x 0 33017
p 0 210 33017
x 0 33018
p 0 182 33018
x 0 33019
p 0 188 33019
x 0 33020
p 0 213 33020
x 0 33021
p 0 216 33021
x 0 33022
p 0 186 33022
x 0 33023
p 0 182 33023
x 0 33024
p 0 218 33024
x 0 33025
p 0 218 33025
x 0 33026
p 0 184 33026
x 0 33027
p 0 188 33027
x 0 33028
p 0 214 33028
x 0 33029
p 0 220 33029
x 0 33030
p 0 185 33030
x 0 33031
p 0 181 33031
x 0 33032
p 0 217 33032
x 0 33033
p 0 215 33033
x 0 33034
p 0 178 33034
x 0 33035
p 0 178 33035
x 0 33036
p 0 214 33036
x 0 33037
p 0 210 33037
x 0 33038
p 0 181 33038
x 0 33039
p 0 181 33039
x 0 33040
p 0 212 33040
x 0 33041
p 0 209 33041
x 0 33042
p 0 208 33042
x 0 33043
p 0 188 33043
x 0 33044
p 0 185 33044
x 0 33045
p 0 212 33045
x 0 33046
p 0 210 33046
x 0 33047
p 0 183 33047
x 0 33048
p 0 214 33048
x 0 33049
p 0 187 33049
x 0 33050
p 0 181 33050
x 0 33051
p 0 181 33051
x 0 33052
p 0 176 33052
x 0 33053
p 0 175 33053
x 0 33054
p 0 185 33054
x 0 33055
p 0 181 33055
x 0 33056
p 0 173 33056
x 0 33057
p 0 174 33057
x 0 33058
p 0 204 33058
x 0 33059
p 0 165 33059
x 0 33060
p 0 235 33060
x 0 33000
h 0 10.0.0.10
p 0 44811 33000
x 1 33001
h 1 10.0.0.10
p 1 1414 33001
x 0 33002
p 0 216 33002
x 0 33003
p 0 223 33003
x 0 33004
p 0 488 33004
x 0 33005
p 0 181 33005
x 0 33006
p 0 174 33006
x 0 33007
p 0 179 33007
x 0 33008
p 0 297 33008
x 0 33009
p 0 175 33009
x 0 33010
p 0 176 33010
x 0 33011
p 0 178 33011
x 0 33012
p 0 209 33012
x 0 33013
p 0 176 33013
x 0 33014
p 0 177 33014
x 0 33015
p 0 177 33015
x 0 33016
p 0 210 33016
x 0 33017
p 0 176 33017
x 0 33018
p 0 182 33018
x 0 33019
p 0 188 33019
x 0 33020
p 0 220 33020
x 0 33021
p 0 190 33021
x 0 33022
p 0 196 33022
x 0 33023
p 0 201 33023
x 0 33024
p 0 221 33024
x 0 33025
p 0 82 33025
x 0 33026
p 0 181 33026
x 0 33027
p 0 200 33027
x 0 33028
p 0 231 33028
x 0 33029
p 0 159 33029
x 0 33030
p 0 228 33030
x 0 33031
p 0 160 33031
x 0 33032
p 0 208 33032
x 0 33033
p 0 155 33033
x 0 33034
p 0 164 33034
x 0 33035
p 0 215 33035
x 0 33036
p 0 210 33036
x 0 33037
p 0 161 33037
x 0 33038
p 0 269 33038
x 0 33039
p 0 157 33039
x 0 33040
p 0 179 33040
x 0 33041
p 0 176 33041
x 0 33042
p 0 164 33042
x 0 33043
p 0 161 33043
x 0 33044
p 0 157 33044
x 0 33045
p 0 155 33045
x 0 33046
p 0 155 33046
x 0 33047
p 0 161 33047
x 0 33048
p 0 254 33048
x 0 33049
p 0 240 33049
x 0 33050
p 0 212 33050
x 0 33051
p 0 214 33051
x 0 33052
p 0 212 33052
x 0 33053
p 0 215 33053
x 0 33054
p 0 215 33054
x 0 33055
p 0 213 33055
x 0 33056
p 0 247 33056
x 0 33057
p 0 210 33057
x 0 33058
p 0 212 33058
x 0 33059
p 0 211 33059
x 0 33060
p 0 214 33060
x 0 33000
h 0 10.0.0.10
p 0 41265 33000
x 1 33001
h 1 10.0.0.10
p 1 1421 33001
x 0 33002
p 0 183 33002
x 0 33003
p 0 183 33003
x 0 33004
p 0 220 33004
x 0 33005
p 0 246 33005
x 0 33006
p 0 215 33006
x 0 33007
p 0 217 33007
x 0 33008
p 0 210 33008
x 0 33009
p 0 244 33009
x 0 33010
p 0 213 33010
x 0 33011
p 0 211 33011
x 0 33012
p 0 301 33012
x 0 33013
p 0 223 33013
x 0 33014
p 0 296 33014
x 0 33015
p 0 210 33015
x 0 33016
p 0 211 33016
x 0 33017
p 0 243 33017
x 0 33018
p 0 217 33018
x 0 33019
p 0 211 33019
x 0 33020
p 0 298 33020
x 0 33021
p 0 248 33021
x 0 33022
p 0 298 33022
x 0 33023
p 0 301 33023
x 0 33024
p 0 211 33024
x 0 33025
p 0 241 33025
x 0 33026
p 0 215 33026
x 0 33027
p 0 213 33027
x 0 33028
p 0 216 33028
x 0 33029
p 0 243 33029
x 0 33030
p 0 212 33030
x 0 33031
p 0 216 33031
x 0 33032
p 0 213 33032
x 0 33033
p 0 241 33033
x 0 33034
p 0 214 33034
x 0 33035
p 0 217 33035
x 0 33036
p 0 213 33036
x 0 33037
p 0 251 33037
x 0 33038
p 0 215 33038
x 0 33039
p 0 217 33039
x 0 33040
p 0 186 33040
x 0 33041
p 0 210 33041
x 0 33042
p 0 242 33042
x 0 33043
p 0 210 33043
x 0 33044
p 0 212 33044
x 0 33045
p 0 213 33045
x 0 33046
p 0 235 33046
x 0 33047
p 0 209 33047
x 0 33048
p 0 183 33048
x 0 33049
p 0 209 33049
x 0 33050
p 0 181 33050
x 0 33051
p 0 184 33051
x 0 33052
p 0 210 33052
x 0 33053
p 0 184 33053
x 0 33054
p 0 193 33054
x 0 33055
p 0 188 33055
x 0 33056
p 0 222 33056
x 0 33057
p 0 217 33057
x 0 33058
p 0 236 33058
x 0 33059
p 0 238 33059
x 0 33060
p 0 233 33060
x 0 33000
h 0 10.0.0.10
p 0 44083 33000
x 1 33001
h 1 10.0.0.10
p 1 1333 33001
x 0 33002
p 0 217 33002
x 0 33003
p 0 216 33003
x 0 33004
p 0 190 33004
x 0 33005
p 0 183 33005
x 0 33006
p 0 188 33006
x 0 33007
p 0 213 33007
x 0 33008
p 0 182 33008
x 0 33009
p 0 182 33009
x 0 33010
p 0 181 33010
x 0 33011
p 0 211 33011
x 0 33012
p 0 183 33012
x 0 33013
p 0 203 33013
x 0 33014
p 0 183 33014
x 0 33015
p 0 172 33015
x 0 33016
p 0 185 33016
x 0 33017
p 0 182 33017
x 0 33018
p 0 184 33018
x 0 33019
p 0 216 33019
x 0 33020
p 0 178 33020
x 0 33021
p 0 178 33021
x 0 33022
p 0 181 33022
x 0 33023
p 0 177 33023
x 0 33024
p 0 183 33024
x 0 33025
p 0 179 33025
x 0 33026
p 0 184 33026
x 0 33027
p 0 210 33027
x 0 33028
p 0 179 33028
x 0 33029
p 0 183 33029
x 0 33030
p 0 212 33030
x 0 33031
p 0 215 33031
x 0 33032
p 0 186 33032
x 0 33033
p 0 181 33033
x 0 33034
p 0 184 33034
x 0 33035
p 0 185 33035
x 0 33036
p 0 180 33036
x 0 33037
p 0 181 33037
x 0 33038
p 0 210 33038
x 0 33039
p 0 212 33039
x 0 33040
p 0 185 33040
x 0 33041
p 0 183 33041
x 0 33042
p 0 211 33042
x 0 33043
p 0 212 33043
x 0 33044
p 0 180 33044
x 0 33045
p 0 184 33045
x 0 33046
p 0 211 33046
x 0 33047
p 0 174 33047
x 0 33048
p 0 331 33048
x 0 33049
p 0 260 33049
x 0 33050
p 0 278 33050
x 0 33051
p 0 183 33051
x 0 33052
p 0 181 33052
x 0 33053
p 0 211 33053
x 0 33054
p 0 169 33054
x 0 33055
p 0 154 33055
x 0 33056
p 0 161 33056
x 0 33057
p 0 218 33057
x 0 33058
p 0 176 33058
x 0 33059
p 0 200 33059
x 0 33060
p 0 211 33060
x 0 33000
h 0 10.0.0.10
p 0 45437 33000
x 1 33001
h 1 10.0.0.10
p 1 1401 33001
x 0 33002
p 0 247 33002
x 0 33003
p 0 214 33003
x 0 33004
p 0 217 33004
x 0 33005
p 0 249 33005
x 0 33006
p 0 213 33006
x 0 33007
p 0 175 33007
x 0 33008
p 0 210 33008
x 0 33009
p 0 177 33009
x 0 33010
p 0 210 33010
x 0 33011
p 0 211 33011
x 0 33012
p 0 211 33012
x 0 33013
p 0 182 33013
x 0 33014
p 0 197 33014
x 0 33015
p 0 211 33015
x 0 33016
p 0 214 33016
x 0 33017
p 0 180 33017
x 0 33018
p 0 210 33018
x 0 33019
p 0 211 33019
x 0 33020
p 0 212 33020
x 0 33021
p 0 180 33021
x 0 33022
p 0 208 33022
x 0 33023
p 0 221 33023
x 0 33024
p 0 221 33024
x 0 33025
p 0 180 33025
x 0 33026
p 0 211 33026
x 0 33027
p 0 212 33027
x 0 33028
p 0 216 33028
x 0 33029
p 0 178 33029
x 0 33030
p 0 212 33030
x 0 33031
p 0 213 33031
x 0 33032
p 0 208 33032
x 0 33033
p 0 185 33033
x 0 33034
p 0 211 33034
x 0 33035
p 0 214 33035
x 0 33036
p 0 214 33036
x 0 33037
p 0 215 33037
x 0 33038
p 0 219 33038
x 0 33039
p 0 216 33039
x 0 33040
p 0 218 33040
x 0 33041
p 0 185 33041
x 0 33042
p 0 215 33042
x 0 33043
p 0 220 33043
x 0 33044
p 0 216 33044
x 0 33045
p 0 180 33045
x 0 33046
p 0 212 33046
x 0 33047
p 0 176 33047
x 0 33048
p 0 179 33048
x 0 33049
p 0 179 33049
x 0 33050
p 0 177 33050
x 0 33051
p 0 199 33051
x 0 33052
p 0 179 33052
x 0 33053
p 0 188 33053
x 0 33054
p 0 212 33054
x 0 33055
p 0 184 33055
x 0 33056
p 0 182 33056
x 0 33057
p 0 177 33057
x 0 33058
p 0 216 33058
x 0 33059
p 0 189 33059
x 0 33060
p 0 231 33060
x 0 33000
h 0 10.0.0.10
p 0 43302 33000
x 1 33001
h 1 10.0.0.10
p 1 1212 33001
x 0 33002
p 0 201 33002
x 0 33003
p 0 242 33003
x 0 33004
p 0 186 33004
x 0 33005
p 0 218 33005
x 0 33006
p 0 216 33006
x 0 33007
p 0 240 33007
x 0 33008
p 0 217 33008
x 0 33009
p 0 139 33009
x 0 33010
p 0 240 33010
x 0 33011
p 0 224 33011
x 0 33012
p 0 243 33012
x 0 33013
p 0 225 33013
x 0 33014
p 0 226 33014
x 0 33015
p 0 269 33015
x 0 33016
p 0 228 33016
x 0 33017
p 0 215 33017
x 0 33018
p 0 188 33018
x 0 33019
p 0 233 33019
x 0 33020
p 0 222 33020
x 0 33021
p 0 165 33021
x 0 33022
p 0 197 33022
x 0 33023
p 0 232 33023
x 0 33024
p 0 169 33024
x 0 33025
p 0 163 33025
x 0 33026
p 0 154 33026
x 0 33027
p 0 153 33027
x 0 33028
p 0 161 33028
x 0 33029
p 0 218 33029
x 0 33030
p 0 201 33030
x 0 33031
p 0 167 33031
x 0 33032
p 0 152 33032
x 0 33033
p 0 160 33033
x 0 33034
p 0 255 33034
x 0 33035
p 0 162 33035
x 0 33036
p 0 215 33036
x 0 33037
p 0 160 33037
x 0 33038
p 0 213 33038
x 0 33039
p 0 162 33039
x 0 33040
p 0 260 33040
x 0 33041
p 0 169 33041
x 0 33042
p 0 228 33042
x 0 33043
p 0 220 33043
x 0 33044
p 0 225 33044
x 0 33045
p 0 223 33045
x 0 33046
p 0 212 33046
x 0 33047
p 0 155 33047
x 0 33048
p 0 214 33048
x 0 33049
p 0 160 33049
x 0 33050
p 0 163 33050
x 0 33051
p 0 159 33051
x 0 33052
p 0 215 33052
x 0 33053
p 0 158 33053
x 0 33054
p 0 250 33054
x 0 33055
p 0 168 33055
x 0 33056
p 0 157 33056
x 0 33057
p 0 215 33057
x 0 33058
p 0 159 33058
x 0 33059
p 0 161 33059
x 0 33060
p 0 245 33060
x 0 33000
h 0 10.0.0.10
p 0 47835 33000
x 1 33001
h 1 10.0.0.10
p 1 1009 33001
x 0 33002
p 0 224 33002
x 0 33003
p 0 230 33003
x 0 33004
p 0 214 33004
x 0 33005
p 0 220 33005
x 0 33006
p 0 217 33006
x 0 33007
p 0 172 33007
x 0 33008
p 0 223 33008
x 0 33009
p 0 218 33009
x 0 33010
p 0 220 33010
x 0 33011
p 0 216 33011
x 0 33012
p 0 219 33012
x 0 33013
p 0 215 33013
x 0 33014
p 0 223 33014
x 0 33015
p 0 302 33015
x 0 33016
p 0 224 33016
x 0 33017
p 0 275 33017
x 0 33018
p 0 301 33018
x 0 33019
p 0 219 33019
x 0 33020
p 0 168 33020
x 0 33021
p 0 179 33021
x 0 33022
p 0 174 33022
x 0 33023
p 0 176 33023
x 0 33024
p 0 168 33024
x 0 33025
p 0 172 33025
x 0 33026
p 0 282 33026
x 0 33027
p 0 218 33027
x 0 33028
p 0 169 33028
x 0 33029
p 0 219 33029
x 0 33030
p 0 220 33030
x 0 33031
p 0 165 33031
x 0 33032
p 0 165 33032
x 0 33033
p 0 179 33033
x 0 33034
p 0 168 33034
x 0 33035
p 0 171 33035
x 0 33036
p 0 216 33036
x 0 33037
p 0 163 33037
x 0 33038
p 0 226 33038
x 0 33039
p 0 218 33039
x 0 33040
p 0 170 33040
x 0 33041
p 0 218 33041
x 0 33042
p 0 170 33042
x 0 33043
p 0 209 33043
x 0 33044
p 0 171 33044
x 0 33045
p 0 220 33045
x 0 33046
p 0 170 33046
x 0 33047
p 0 172 33047
x 0 33048
p 0 167 33048
x 0 33049
p 0 223 33049
x 0 33050
p 0 167 33050
x 0 33051
p 0 216 33051
x 0 33052
p 0 165 33052
x 0 33053
p 0 169 33053
x 0 33054
p 0 269 33054
x 0 33055
p 0 218 33055
x 0 33056
p 0 164 33056
x 0 33057
p 0 163 33057
x 0 33058
p 0 221 33058
x 0 33059
p 0 211 33059
x 0 33060
p 0 216 33060
x 0 33000
h 0 10.0.0.10
p 0 38761 33000
x 1 33001
h 1 10.0.0.10
p 1 1473 33001
x 0 33002
p 0 218 33002
x 0 33003
p 0 173 33003
x 0 33004
p 0 275 33004
x 0 33005
p 0 219 33005
x 0 33006
p 0 213 33006
x 0 33007
p 0 186 33007
x 0 33008
p 0 184 33008
x 0 33009
p 0 206 33009
x 0 33010
p 0 216 33010
x 0 33011
p 0 243 33011
x 0 33012
p 0 216 33012
x 0 33013
p 0 245 33013
x 0 33014
p 0 221 33014
x 0 33015
p 0 219 33015
x 0 33016
p 0 221 33016
x 0 33017
p 0 419 33017
x 0 33018
p 0 251 33018
x 0 33019
p 0 242 33019
x 0 33020
p 0 218 33020
x 0 33021
p 0 649 33021
x 0 33022
p 0 217 33022
x 0 33023
p 0 218 33023
x 0 33024
p 0 651 33024
x 0 33025
p 0 220 33025
x 0 33026
p 0 219 33026
x 0 33027
p 0 183 33027
x 0 33028
p 0 220 33028
x 0 33029
p 0 219 33029
x 0 33030
p 0 236 33030
x 0 33031
p 0 255 33031
x 0 33032
p 0 219 33032
x 0 33033
p 0 217 33033
x 0 33034
p 0 222 33034
x 0 33035
p 0 217 33035
x 0 33036
p 0 217 33036
x 0 33037
p 0 150 33037
x 0 33038
p 0 218 33038
x 0 33039
p 0 214 33039
x 0 33040
p 0 214 33040
x 0 33041
p 0 221 33041
x 0 33042
p 0 147 33042
x 0 33043
p 0 154 33043
x 0 33044
p 0 213 33044
x 0 33045
p 0 153 33045
x 0 33046
p 0 154 33046
x 0 33047
p 0 153 33047
x 0 33048
p 0 165 33048
x 0 33049
p 0 153 33049
x 0 33050
p 0 151 33050
x 0 33051
p 0 156 33051
x 0 33052
p 0 168 33052
x 0 33053
p 0 158 33053
x 0 33054
p 0 174 33054
x 0 33055
p 0 226 33055
x 0 33056
p 0 157 33056
x 0 33057
p 0 155 33057
x 0 33058
p 0 166 33058
x 0 33059
p 0 228 33059
x 0 33060
p 0 172 33060
x 0 33000
h 0 10.0.0.10
p 0 40975 33000
x 1 33001
h 1 10.0.0.10
p 1 1290 33001
x 0 33002
p 0 212 33002
x 0 33003
p 0 264 33003
x 0 33004
p 0 218 33004
x 0 33005
p 0 246 33005
x 0 33006
p 0 194 33006
x 0 33007
p 0 217 33007
x 0 33008
p 0 214 33008
x 0 33009
p 0 265 33009
x 0 33010
p 0 215 33010
x 0 33011
p 0 215 33011
x 0 33012
p 0 342 33012
x 0 33013
p 0 219 33013
x 0 33014
p 0 219 33014
x 0 33015
p 0 219 33015
x 0 33016
p 0 258 33016
x 0 33017
p 0 215 33017
x 0 33018
p 0 217 33018
x 0 33019
p 0 218 33019
x 0 33020
p 0 215 33020
x 0 33021
p 0 230 33021
x 0 33022
p 0 216 33022
x 0 33023
p 0 252 33023
x 0 33024
p 0 228 33024
x 0 33025
p 0 218 33025
x 0 33026
p 0 217 33026
x 0 33027
p 0 275 33027
x 0 33028
p 0 214 33028
x 0 33029
p 0 220 33029
x 0 33030
p 0 214 33030
x 0 33031
p 0 220 33031
x 0 33032
p 0 249 33032
x 0 33033
p 0 212 33033
x 0 33034
p 0 192 33034
x 0 33035
p 0 211 33035
x 0 33036
p 0 216 33036
x 0 33037
p 0 215 33037
x 0 33038
p 0 212 33038
x 0 33039
p 0 215 33039
x 0 33040
p 0 214 33040
x 0 33041
p 0 215 33041
x 0 33042
p 0 190 33042
x 0 33043
p 0 214 33043
x 0 33044
p 0 216 33044
x 0 33045
p 0 212 33045
x 0 33046
p 0 224 33046
x 0 33047
p 0 218 33047
x 0 33048
p 0 217 33048
x 0 33049
p 0 217 33049
x 0 33050
p 0 214 33050
x 0 33051
p 0 215 33051
x 0 33052
p 0 249 33052
x 0 33053
p 0 216 33053
x 0 33054
p 0 218 33054
x 0 33055
p 0 195 33055
x 0 33056
p 0 216 33056
x 0 33057
p 0 221 33057
x 0 33058
p 0 219 33058
x 0 33059
p 0 254 33059
x 0 33060
p 0 214 33060
x 0 33000
h 0 10.0.0.10
p 0 43395 33000
x 1 33001
h 1 10.0.0.10
p 1 1366 33001
x 0 33002
p 0 191 33002
x 0 33003
p 0 181 33003
x 0 33004
p 0 179 33004
x 0 33005
p 0 236 33005
x 0 33006
p 0 235 33006
x 0 33007
p 0 206 33007
x 0 33008
p 0 211 33008
x 0 33009
p 0 208 33009
x 0 33010
p 0 214 33010
x 0 33011
p 0 209 33011
x 0 33012
p 0 210 33012
x 0 33013
p 0 210 33013
x 0 33014
p 0 218 33014
x 0 33015
p 0 209 33015
x 0 33016
p 0 213 33016
x 0 33017
p 0 213 33017
x 0 33018
p 0 221 33018
x 0 33019
p 0 211 33019
x 0 33020
p 0 210 33020
x 0 33021
p 0 210 33021
x 0 33022
p 0 214 33022
x 0 33023
p 0 210 33023
x 0 33024
p 0 212 33024
x 0 33025
p 0 213 33025
x 0 33026
p 0 211 33026
x 0 33027
p 0 211 33027
x 0 33028
p 0 215 33028
x 0 33029
p 0 211 33029
x 0 33030
p 0 212 33030
x 0 33031
p 0 215 33031
x 0 33032
p 0 213 33032
x 0 33033
p 0 209 33033
x 0 33034
p 0 210 33034
x 0 33035
p 0 209 33035
x 0 33036
p 0 218 33036
x 0 33037
p 0 212 33037
x 0 33038
p 0 214 33038
x 0 33039
p 0 196 33039
x 0 33040
p 0 219 33040
x 0 33041
p 0 214 33041
x 0 33042
p 0 184 33042
x 0 33043
p 0 232 33043
x 0 33044
p 0 290 33044
x 0 33045
p 0 297 33045
x 0 33046
p 0 278 33046
x 0 33047
p 0 185 33047
x 0 33048
p 0 216 33048
x 0 33049
p 0 221 33049
x 0 33050
p 0 177 33050
x 0 33051
p 0 181 33051
x 0 33052
p 0 173 33052
x 0 33053
p 0 180 33053
x 0 33054
p 0 182 33054
x 0 33055
p 0 212 33055
x 0 33056
p 0 222 33056
x 0 33057
p 0 222 33057
x 0 33058
p 0 229 33058
x 0 33059
p 0 251 33059
x 0 33060
p 0 215 33060
x 0 33000
h 0 10.0.0.10
p 0 61227 33000
x 1 33001
h 1 10.0.0.10
p 1 1179 33001
x 0 33002
p 0 233 33002
x 0 33003
p 0 227 33003
x 0 33004
p 0 226 33004
x 0 33005
p 0 223 33005
x 0 33006
p 0 215 33006
x 0 33007
p 0 214 33007
x 0 33008
p 0 216 33008
x 0 33009
p 0 213 33009
x 0 33010
p 0 216 33010
x 0 33011
p 0 215 33011
x 0 33012
p 0 191 33012
x 0 33013
p 0 212 33013
x 0 33014
p 0 270 33014
x 0 33015
p 0 183 33015
x 0 33016
p 0 215 33016
x 0 33017
p 0 214 33017
x 0 33018
p 0 211 33018
x 0 33019
p 0 183 33019
x 0 33020
p 0 213 33020
x 0 33021
p 0 214 33021
x 0 33022
p 0 185 33022
x 0 33023
p 0 181 33023
x 0 33024
p 0 183 33024
x 0 33025
p 0 182 33025
x 0 33026
p 0 179 33026
x 0 33027
p 0 181 33027
x 0 33028
p 0 181 33028
x 0 33029
p 0 180 33029
x 0 33030
p 0 182 33030
x 0 33031
p 0 250 33031
x 0 33032
p 0 213 33032
x 0 33033
p 0 215 33033
x 0 33034
p 0 165 33034
x 0 33035
p 0 213 33035
x 0 33036
p 0 162 33036
x 0 33037
p 0 223 33037
x 0 33038
p 0 168 33038
x 0 33039
p 0 217 33039
x 0 33040
p 0 161 33040
x 0 33041
p 0 242 33041
x 0 33042
p 0 161 33042
x 0 33043
p 0 217 33043
x 0 33044
p 0 215 33044
x 0 33045
p 0 214 33045
x 0 33046
p 0 212 33046
x 0 33047
p 0 208 33047
x 0 33048
p 0 111 33048
x 0 33049
p 0 208 33049
x 0 33050
p 0 213 33050
x 0 33051
p 0 213 33051
x 0 33052
p 0 212 33052
x 0 33053
p 0 208 33053
x 0 33054
p 0 212 33054
x 0 33055
p 0 215 33055
x 0 33056
p 0 213 33056
x 0 33057
p 0 211 33057
x 0 33058
p 0 214 33058
x 0 33059
p 0 354 33059
x 0 33060
p 0 214 33060
x 0 33000
h 0 10.0.0.10
p 0 34175 33000
x 1 33001
h 1 10.0.0.10
p 1 744 33001
x 0 33002
p 0 218 33002
x 0 33003
p 0 182 33003
x 0 33004
p 0 179 33004
x 0 33005
p 0 253 33005
x 0 33006
p 0 246 33006
x 0 33007
p 0 176 33007
x 0 33008
p 0 214 33008
x 0 33009
p 0 217 33009
x 0 33010
p 0 173 33010
x 0 33011
p 0 242 33011
x 0 33012
p 0 182 33012
x 0 33013
p 0 220 33013
x 0 33014
p 0 211 33014
x 0 33015
p 0 245 33015
x 0 33016
p 0 184 33016
x 0 33017
p 0 210 33017
x 0 33018
p 0 211 33018
x 0 33019
p 0 243 33019
x 0 33020
p 0 178 33020
x 0 33021
p 0 210 33021
x 0 33022
p 0 212 33022
x 0 33023
p 0 242 33023
x 0 33024
p 0 176 33024
x 0 33025
p 0 213 33025
x 0 33026
p 0 212 33026
x 0 33027
p 0 241 33027
x 0 33028
p 0 64 33028
x 0 33029
p 0 215 33029
x 0 33030
p 0 218 33030
x 0 33031
p 0 486 33031
x 0 33032
p 0 358 33032
x 0 33033
p 0 260 33033
x 0 33034
p 0 216 33034
x 0 33035
p 0 241 33035
x 0 33036
p 0 375 33036
x 0 33037
p 0 360 33037
x 0 33038
p 0 187 33038
x 0 33039
p 0 183 33039
x 0 33040
p 0 187 33040
x 0 33041
p 0 174 33041
x 0 33042
p 0 178 33042
x 0 33043
p 0 170 33043
x 0 33044
p 0 165 33044
x 0 33045
p 0 164 33045
x 0 33046
p 0 164 33046
x 0 33047
p 0 259 33047
x 0 33048
p 0 157 33048
x 0 33049
p 0 217 33049
x 0 33050
p 0 219 33050
x 0 33051
p 0 252 33051
x 0 33052
p 0 217 33052
x 0 33053
p 0 220 33053
x 0 33054
p 0 222 33054
x 0 33055
p 0 219 33055
x 0 33056
p 0 218 33056
x 0 33057
p 0 217 33057
x 0 33058
p 0 221 33058
x 0 33059
p 0 251 33059
x 0 33060
p 0 218 33060
x 0 33000
h 0 10.0.0.10
p 0 38673 33000
x 1 33001
h 1 10.0.0.10
p 1 1388 33001
x 0 33002
p 0 215 33002
x 0 33003
p 0 199 33003
x 0 33004
p 0 183 33004
x 0 33005
p 0 220 33005
x 0 33006
p 0 217 33006
x 0 33007
p 0 211 33007
x 0 33008
p 0 194 33008
x 0 33009
p 0 215 33009
x 0 33010
p 0 183 33010
x 0 33011
p 0 184 33011
x 0 33012
p 0 187 33012
x 0 33013
p 0 181 33013
x 0 33014
p 0 179 33014
x 0 33015
p 0 181 33015
x 0 33016
p 0 182 33016
x 0 33017
p 0 174 33017
x 0 33018
p 0 175 33018
x 0 33019
p 0 176 33019
x 0 33020
p 0 180 33020
x 0 33021
p 0 181 33021
x 0 33022
p 0 175 33022
x 0 33023
p 0 179 33023
x 0 33024
p 0 182 33024
x 0 33025
p 0 177 33025
x 0 33026
p 0 213 33026
x 0 33027
p 0 181 33027
x 0 33028
p 0 187 33028
x 0 33029
p 0 218 33029
x 0 33030
p 0 175 33030
x 0 33031
p 0 175 33031
x 0 33032
p 0 185 33032
x 0 33033
p 0 185 33033
x 0 33034
p 0 217 33034
x 0 33035
p 0 184 33035
x 0 33036
p 0 186 33036
x 0 33037
p 0 213 33037
x 0 33038
p 0 219 33038
x 0 33039
p 0 182 33039
x 0 33040
p 0 187 33040
x 0 33041
p 0 220 33041
x 0 33042
p 0 275 33042
x 0 33043
p 0 179 33043
x 0 33044
p 0 188 33044
x 0 33045
p 0 186 33045
x 0 33046
p 0 218 33046
x 0 33047
p 0 264 33047
x 0 33048
p 0 187 33048
x 0 33049
p 0 184 33049
x 0 33050
p 0 224 33050
x 0 33051
p 0 179 33051
x 0 33052
p 0 181 33052
x 0 33053
p 0 188 33053
x 0 33054
p 0 223 33054
x 0 33055
p 0 192 33055
x 0 33056
p 0 190 33056
x 0 33057
p 0 178 33057
x 0 33058
p 0 191 33058
x 0 33059
p 0 193 33059
x 0 33060
p 0 236 33060
x 0 33000
h 0 10.0.0.10
p 0 43213 33000
x 1 33001
h 1 10.0.0.10
p 1 1369 33001
x 0 33002
p 0 219 33002
x 0 33003
p 0 266 33003
x 0 33004
p 0 269 33004
x 0 33005
p 0 262 33005
x 0 33006
p 0 247 33006
x 0 33007
p 0 240 33007
x 0 33008
p 0 201 33008
x 0 33009
p 0 187 33009
x 0 33010
p 0 221 33010
x 0 33011
p 0 215 33011
x 0 33012
p 0 261 33012
x 0 33013
p 0 181 33013
x 0 33014
p 0 236 33014
x 0 33015
p 0 175 33015
x 0 33016
p 0 180 33016
x 0 33017
p 0 179 33017
x 0 33018
p 0 144 33018
x 0 33019
p 0 212 33019
x 0 33020
p 0 214 33020
x 0 33021
p 0 185 33021
x 0 33022
p 0 215 33022
x 0 33023
p 0 195 33023
x 0 33024
p 0 215 33024
x 0 33025
p 0 180 33025
x 0 33026
p 0 179 33026
x 0 33027
p 0 215 33027
x 0 33028
p 0 212 33028
x 0 33029
p 0 184 33029
x 0 33030
p 0 206 33030
x 0 33031
p 0 186 33031
x 0 33032
p 0 209 33032
x 0 33033
p 0 182 33033
x 0 33034
p 0 172 33034
x 0 33035
p 0 211 33035
x 0 33036
p 0 173 33036
x 0 33037
p 0 178 33037
x 0 33038
p 0 174 33038
x 0 33039
p 0 176 33039
x 0 33040
p 0 183 33040
x 0 33041
p 0 181 33041
x 0 33042
p 0 175 33042
x 0 33043
p 0 174 33043
x 0 33044
p 0 178 33044
x 0 33045
p 0 176 33045
x 0 33046
p 0 93 33046
x 0 33047
p 0 169 33047
x 0 33048
p 0 173 33048
x 0 33049
p 0 249 33049
x 0 33050
p 0 219 33050
x 0 33051
p 0 163 33051
x 0 33052
p 0 162 33052
x 0 33053
p 0 243 33053
x 0 33054
p 0 178 33054
x 0 33055
p 0 217 33055
x 0 33056
p 0 182 33056
x 0 33057
p 0 190 33057
x 0 33058
p 0 252 33058
x 0 33059
p 0 233 33059
x 0 33060
p 0 222 33060
x 0 33000
h 0 10.0.0.10
p 0 38350 33000
x 1 33001
h 1 10.0.0.10
p 1 1359 33001
x 0 33002
p 0 192 33002
x 0 33003
p 0 298 33003
x 0 33004
p 0 174 33004
x 0 33005
p 0 218 33005
x 0 33006
p 0 250 33006
x 0 33007
p 0 215 33007
x 0 33008
p 0 214 33008
x 0 33009
p 0 215 33009
x 0 33010
p 0 219 33010
x 0 33011
p 0 216 33011
x 0 33012
p 0 215 33012
x 0 33013
p 0 243 33013
x 0 33014
p 0 215 33014
x 0 33015
p 0 217 33015
x 0 33016
p 0 215 33016
x 0 33017
p 0 222 33017
x 0 33018
p 0 216 33018
x 0 33019
p 0 217 33019
x 0 33020
p 0 248 33020
x 0 33021
p 0 220 33021
x 0 33022
p 0 218 33022
x 0 33023
p 0 220 33023
x 0 33024
p 0 217 33024
x 0 33025
p 0 216 33025
x 0 33026
p 0 252 33026
x 0 33027
p 0 248 33027
x 0 33028
p 0 225 33028
x 0 33029
p 0 217 33029
x 0 33030
p 0 218 33030
x 0 33031
p 0 213 33031
x 0 33032
p 0 212 33032
x 0 33033
p 0 217 33033
x 0 33034
p 0 219 33034
x 0 33035
p 0 216 33035
x 0 33036
p 0 218 33036
x 0 33037
p 0 215 33037
x 0 33038
p 0 248 33038
x 0 33039
p 0 218 33039
x 0 33040
p 0 219 33040
x 0 33041
p 0 221 33041
x 0 33042
p 0 217 33042
x 0 33043
p 0 214 33043
x 0 33044
p 0 307 33044
x 0 33045
p 0 218 33045
x 0 33046
p 0 219 33046
x 0 33047
p 0 215 33047
x 0 33048
p 0 218 33048
x 0 33049
p 0 217 33049
x 0 33050
p 0 219 33050
x 0 33051
p 0 216 33051
x 0 33052
p 0 217 33052
x 0 33053
p 0 221 33053
x 0 33054
p 0 223 33054
x 0 33055
p 0 317 33055
x 0 33056
p 0 221 33056
x 0 33057
p 0 214 33057
x 0 33058
p 0 217 33058
x 0 33059
p 0 261 33059
x 0 33060
p 0 245 33060
x 0 33000
h 0 10.0.0.10
p 0 39428 33000
x 1 33001
h 1 10.0.0.10
p 1 1337 33001
x 0 33002
p 0 213 33002
x 0 33003
p 0 235 33003
x 0 33004
p 0 252 33004
x 0 33005
p 0 244 33005
x 0 33006
p 0 239 33006
x 0 33007
p 0 217 33007
x 0 33008
p 0 250 33008
x 0 33009
p 0 247 33009
x 0 33010
p 0 281 33010
x 0 33011
p 0 214 33011
x 0 33012
p 0 214 33012
x 0 33013
p 0 212 33013
x 0 33014
p 0 235 33014
x 0 33015
p 0 210 33015
x 0 33016
p 0 213 33016
x 0 33017
p 0 212 33017
x 0 33018
p 0 226 33018
x 0 33019
p 0 213 33019
x 0 33020
p 0 215 33020
x 0 33021
p 0 217 33021
x 0 33022
p 0 235 33022
x 0 33023
p 0 206 33023
x 0 33024
p 0 216 33024
x 0 33025
p 0 210 33025
x 0 33026
p 0 240 33026
x 0 33027
p 0 212 33027
x 0 33028
p 0 212 33028
x 0 33029
p 0 210 33029
x 0 33030
p 0 254 33030
x 0 33031
p 0 211 33031
x 0 33032
p 0 237 33032
x 0 33033
p 0 251 33033
x 0 33034
p 0 277 33034
x 0 33035
p 0 237 33035
x 0 33036
p 0 216 33036
x 0 33037
p 0 213 33037
x 0 33038
p 0 187 33038
x 0 33039
p 0 212 33039
x 0 33040
p 0 212 33040
x 0 33041
p 0 211 33041
x 0 33042
p 0 238 33042
x 0 33043
p 0 212 33043
x 0 33044
p 0 212 33044
x 0 33045
p 0 211 33045
x 0 33046
p 0 183 33046
x 0 33047
p 0 180 33047
x 0 33048
p 0 215 33048
x 0 33049
p 0 182 33049
x 0 33050
p 0 185 33050
x 0 33051
p 0 183 33051
x 0 33052
p 0 182 33052
x 0 33053
p 0 188 33053
x 0 33054
p 0 260 33054
x 0 33055
p 0 193 33055
x 0 33056
p 0 187 33056
x 0 33057
p 0 181 33057
x 0 33058
p 0 182 33058
x 0 33059
p 0 186 33059
x 0 33060
p 0 241 33060
x 0 33000
h 0 10.0.0.10
p 0 50063 33000
x 1 33001
h 1 10.0.0.10
p 1 1205 33001
x 0 33002
p 0 215 33002
x 0 33003
p 0 210 33003
x 0 33004
p 0 211 33004
x 0 33005
p 0 214 33005
x 0 33006
p 0 228 33006
x 0 33007
p 0 210 33007
x 0 33008
p 0 212 33008
x 0 33009
p 0 208 33009
x 0 33010
p 0 266 33010
x 0 33011
p 0 211 33011
x 0 33012
p 0 210 33012
x 0 33013
p 0 111 33013
x 0 33014
p 0 211 33014
x 0 33015
p 0 214 33015
x 0 33016
p 0 207 33016
x 0 33017
p 0 208 33017
x 0 33018
p 0 212 33018
x 0 33019
p 0 208 33019
x 0 33020
p 0 209 33020
x 0 33021
p 0 209 33021
x 0 33022
p 0 210 33022
x 0 33023
p 0 209 33023
x 0 33024
p 0 211 33024
x 0 33025
p 0 206 33025
x 0 33026
p 0 211 33026
x 0 33027
p 0 208 33027
x 0 33028
p 0 209 33028
x 0 33029
p 0 209 33029
x 0 33030
p 0 211 33030
x 0 33031
p 0 209 33031
x 0 33032
p 0 208 33032
x 0 33033
p 0 189 33033
x 0 33034
p 0 224 33034
x 0 33035
p 0 208 33035
x 0 33036
p 0 175 33036
x 0 33037
p 0 171 33037
x 0 33038
p 0 210 33038
x 0 33039
p 0 207 33039
x 0 33040
p 0 216 33040
x 0 33041
p 0 194 33041
x 0 33042
p 0 188 33042
x 0 33043
p 0 218 33043
x 0 33044
p 0 210 33044
x 0 33045
p 0 175 33045
x 0 33046
p 0 214 33046
x 0 33047
p 0 161 33047
x 0 33048
p 0 179 33048
x 0 33049
p 0 214 33049
x 0 33050
p 0 162 33050
x 0 33051
p 0 177 33051
x 0 33052
p 0 215 33052
x 0 33053
p 0 138 33053
x 0 33054
p 0 178 33054
x 0 33055
p 0 158 33055
x 0 33056
p 0 225 33056
x 0 33057
p 0 214 33057
x 0 33058
p 0 217 33058
x 0 33059
p 0 217 33059
x 0 33060
p 0 216 33060
x 0 33000
h 0 10.0.0.10
p 0 43313 33000
x 1 33001
h 1 10.0.0.10
p 1 1544 33001
x 0 33002
p 0 313 33002
x 0 33003
p 0 247 33003
x 0 33004
p 0 216 33004
x 0 33005
p 0 409 33005
x 0 33006
p 0 218 33006
x 0 33007
p 0 213 33007
x 0 33008
p 0 216 33008
x 0 33009
p 0 221 33009
x 0 33010
p 0 215 33010
x 0 33011
p 0 216 33011
x 0 33012
p 0 251 33012
x 0 33013
p 0 215 33013
x 0 33014
p 0 215 33014
x 0 33015
p 0 215 33015
x 0 33016
p 0 215 33016
x 0 33017
p 0 216 33017
x 0 33018
p 0 214 33018
x 0 33019
p 0 248 33019
x 0 33020
p 0 217 33020
x 0 33021
p 0 216 33021
x 0 33022
p 0 216 33022
x 0 33023
p 0 219 33023
x 0 33024
p 0 220 33024
x 0 33025
p 0 308 33025
x 0 33026
p 0 216 33026
x 0 33027
p 0 216 33027
x 0 33028
p 0 216 33028
x 0 33029
p 0 367 33029
x 0 33030
p 0 262 33030
x 0 33031
p 0 217 33031
x 0 33032
p 0 200 33032
x 0 33033
p 0 222 33033
x 0 33034
p 0 216 33034
x 0 33035
p 0 222 33035
x 0 33036
p 0 216 33036
x 0 33037
p 0 195 33037
x 0 33038
p 0 222 33038
x 0 33039
p 0 217 33039
x 0 33040
p 0 216 33040
x 0 33041
p 0 216 33041
x 0 33042
p 0 197 33042
x 0 33043
p 0 275 33043
x 0 33044
p 0 229 33044
x 0 33045
p 0 317 33045
x 0 33046
p 0 315 33046
x 0 33047
p 0 220 33047
x 0 33048
p 0 217 33048
x 0 33049
p 0 216 33049
x 0 33050
p 0 216 33050
x 0 33051
p 0 218 33051
x 0 33052
p 0 218 33052
x 0 33053
p 0 224 33053
x 0 33054
p 0 219 33054
x 0 33055
p 0 231 33055
x 0 33056
p 0 237 33056
x 0 33057
p 0 263 33057
x 0 33058
p 0 227 33058
x 0 33059
p 0 227 33059
x 0 33060
p 0 226 33060
