x 0 33000
x 1 33001
x 2 33002
x 3 33003
x 4 33004
x 5 33005
h 4 10.0.0.6
p 4 149519 33004
x 6 33006
h 6 10.0.0.6
p 6 426 33006
h 5 10.0.0.6
p 5 108348 33005
x 0 33007
h 0 10.0.0.6
p 0 227 33007
x 1 33008
h 1 10.0.0.6
p 1 177 33008
p 0 1005119 33000
p 1 1000758 33001
h 2 10.0.0.6
p 2 1028322 33002
h 3 10.0.0.6
p 3 1024448 33003
x 0 33009
p 0 198 33009
x 0 33010
p 0 214 33010
x 0 33011
p 0 219 33011
x 0 33012
p 0 238 33012
x 0 33013
p 0 230 33013
x 0 33014
p 0 215 33014
x 0 33015
p 0 206 33015
x 0 33016
p 0 210 33016
x 0 33017
p 0 218 33017
x 0 33018
p 0 214 33018
x 0 33019
p 0 157 33019
x 0 33020
p 0 219 33020
x 0 33021
p 0 206 33021
x 0 33022
p 0 207 33022
x 0 33023
p 0 219 33023
x 0 33024
p 0 274 33024
x 0 33025
p 0 199 33025
x 0 33026
p 0 203 33026
x 0 33027
p 0 199 33027
x 0 33028
p 0 205 33028
x 0 33029
p 0 214 33029
x 0 33030
p 0 205 33030
x 0 33031
p 0 200 33031
x 0 33032
p 0 211 33032
x 0 33033
p 0 97 33033
x 0 33034
p 0 211 33034
x 0 33035
p 0 206 33035
x 0 33036
p 0 208 33036
x 0 33037
p 0 233 33037
x 0 33038
p 0 106 33038
x 0 33039
p 0 228 33039
x 0 33040
p 0 206 33040
x 0 33041
p 0 206 33041
x 0 33042
p 0 211 33042
x 0 33043
p 0 208 33043
x 0 33044
p 0 214 33044
x 0 33045
p 0 213 33045
x 0 33046
p 0 214 33046
x 0 33047
p 0 207 33047
x 0 33048
p 0 205 33048
x 0 33049
p 0 209 33049
x 0 33050
p 0 257 33050
x 0 33051
p 0 205 33051
x 0 33052
p 0 211 33052
x 0 33053
p 0 210 33053
x 0 33054
p 0 211 33054
x 0 33055
p 0 206 33055
x 0 33056
p 0 240 33056
x 0 33057
p 0 211 33057
x 0 33058
p 0 209 33058
x 0 33059
p 0 208 33059
x 0 33060
p 0 214 33060
x 0 33061
p 0 205 33061
x 0 33062
p 0 209 33062
x 0 33063
p 0 250 33063
x 0 33064
p 0 211 33064
x 0 33065
p 0 205 33065
x 0 33066
p 0 207 33066
x 0 33000
x 1 33001
h 1 10.0.0.6
p 1 814 33001
x 2 33002
h 2 10.0.0.6
p 2 246 33002
x 0 33003
h 0 10.0.0.6
p 0 192 33003
x 1 33004
p 1 231 33004
p 0 1013376 33000
x 0 33005
p 0 211 33005
x 0 33006
p 0 196 33006
x 0 33007
p 0 203 33007
x 0 33008
p 0 197 33008
x 0 33009
p 0 282 33009
x 0 33010
p 0 214 33010
x 0 33011
p 0 206 33011
x 0 33012
p 0 205 33012
x 0 33013
p 0 218 33013
x 0 33014
p 0 214 33014
x 0 33015
p 0 203 33015
x 0 33016
p 0 241 33016
x 0 33017
p 0 222 33017
x 0 33018
p 0 239 33018
x 0 33019
p 0 210 33019
x 0 33020
p 0 236 33020
x 0 33021
p 0 205 33021
x 0 33022
p 0 205 33022
x 0 33023
p 0 305 33023
x 0 33024
p 0 216 33024
x 0 33025
p 0 198 33025
x 0 33026
p 0 260 33026
x 0 33027
p 0 209 33027
x 0 33028
p 0 217 33028
x 0 33029
p 0 224 33029
x 0 33030
p 0 272 33030
x 0 33031
p 0 200 33031
x 0 33032
p 0 210 33032
x 0 33033
p 0 201 33033
x 0 33034
p 0 200 33034
x 0 33035
p 0 213 33035
x 0 33036
p 0 202 33036
x 0 33037
p 0 268 33037
x 0 33038
p 0 214 33038
x 0 33039
p 0 207 33039
x 0 33040
p 0 204 33040
x 0 33041
p 0 200 33041
x 0 33042
p 0 207 33042
x 0 33043
p 0 203 33043
x 0 33044
p 0 206 33044
x 0 33045
p 0 213 33045
x 0 33046
p 0 203 33046
x 0 33047
p 0 214 33047
x 0 33048
p 0 216 33048
x 0 33049
p 0 159 33049
x 0 33050
p 0 162 33050
x 0 33051
p 0 168 33051
x 0 33052
p 0 166 33052
x 0 33053
p 0 191 33053
x 0 33054
p 0 293 33054
x 0 33055
p 0 163 33055
x 0 33056
p 0 211 33056
x 0 33057
p 0 215 33057
x 0 33058
p 0 293 33058
x 0 33059
p 0 214 33059
x 0 33060
p 0 234 33060
x 0 33061
p 0 436 33061
x 0 33062
p 0 224 33062
x 0 33000
x 1 33001
h 1 10.0.0.6
p 1 21126 33001
x 2 33002
h 2 10.0.0.6
p 2 3026 33002
x 0 33003
h 0 10.0.0.6
p 0 250 33003
x 1 33004
p 1 210 33004
p 0 1007076 33000
x 0 33005
p 0 210 33005
x 0 33006
p 0 207 33006
x 0 33007
p 0 208 33007
x 0 33008
p 0 204 33008
x 0 33009
p 0 215 33009
x 0 33010
p 0 209 33010
x 0 33011
p 0 215 33011
x 0 33012
p 0 233 33012
x 0 33013
p 0 202 33013
x 0 33014
p 0 205 33014
x 0 33015
p 0 205 33015
x 0 33016
p 0 210 33016
x 0 33017
p 0 203 33017
x 0 33018
p 0 344 33018
x 0 33019
p 0 209 33019
x 0 33020
p 0 207 33020
x 0 33021
p 0 214 33021
x 0 33022
p 0 205 33022
x 0 33023
p 0 206 33023
x 0 33024
p 0 206 33024
x 0 33025
p 0 346 33025
x 0 33026
p 0 211 33026
x 0 33027
p 0 213 33027
x 0 33028
p 0 208 33028
x 0 33029
p 0 211 33029
x 0 33030
p 0 212 33030
x 0 33031
p 0 247 33031
x 0 33032
p 0 212 33032
x 0 33033
p 0 311 33033
x 0 33034
p 0 240 33034
x 0 33035
p 0 253 33035
x 0 33036
p 0 309 33036
x 0 33037
p 0 253 33037
x 0 33038
p 0 247 33038
x 0 33039
p 0 210 33039
x 0 33040
p 0 272 33040
x 0 33041
p 0 240 33041
x 0 33042
p 0 235 33042
x 0 33043
p 0 236 33043
x 0 33044
p 0 217 33044
x 0 33045
p 0 245 33045
x 0 33046
p 0 286 33046
x 0 33047
p 0 212 33047
x 0 33048
p 0 205 33048
x 0 33049
p 0 210 33049
x 0 33050
p 0 280 33050
x 0 33051
p 0 235 33051
x 0 33052
p 0 236 33052
x 0 33053
p 0 208 33053
x 0 33054
p 0 301 33054
x 0 33055
p 0 275 33055
x 0 33056
p 0 222 33056
x 0 33057
p 0 255 33057
x 0 33058
p 0 214 33058
x 0 33059
p 0 247 33059
x 0 33060
p 0 263 33060
x 0 33061
p 0 209 33061
x 0 33062
p 0 207 33062
x 0 33000
x 1 33001
h 1 10.0.0.6
p 1 790 33001
x 2 33002
h 2 10.0.0.6
p 2 195 33002
x 0 33003
h 0 10.0.0.6
p 0 198 33003
x 1 33004
p 1 199 33004
p 0 1032531 33000
x 0 33005
p 0 199 33005
x 0 33006
p 0 201 33006
x 0 33007
p 0 229 33007
x 0 33008
p 0 200 33008
x 0 33009
p 0 192 33009
x 0 33010
p 0 218 33010
x 0 33011
p 0 204 33011
x 0 33012
p 0 213 33012
x 0 33013
p 0 214 33013
x 0 33014
p 0 221 33014
x 0 33015
p 0 248 33015
x 0 33016
p 0 213 33016
x 0 33017
p 0 219 33017
x 0 33018
p 0 207 33018
x 0 33019
p 0 211 33019
x 0 33020
p 0 221 33020
x 0 33021
p 0 197 33021
x 0 33022
p 0 157 33022
x 0 33023
p 0 135 33023
x 0 33024
p 0 209 33024
x 0 33025
p 0 226 33025
x 0 33026
p 0 202 33026
x 0 33027
p 0 228 33027
x 0 33028
p 0 212 33028
x 0 33029
p 0 260 33029
x 0 33030
p 0 230 33030
x 0 33031
p 0 200 33031
x 0 33032
p 0 242 33032
x 0 33033
p 0 206 33033
x 0 33034
p 0 202 33034
x 0 33035
p 0 255 33035
x 0 33036
p 0 215 33036
x 0 33037
p 0 214 33037
x 0 33038
p 0 211 33038
x 0 33039
p 0 203 33039
x 0 33040
p 0 211 33040
x 0 33041
p 0 209 33041
x 0 33042
p 0 194 33042
x 0 33043
p 0 204 33043
x 0 33044
p 0 211 33044
x 0 33045
p 0 212 33045
x 0 33046
p 0 202 33046
x 0 33047
p 0 209 33047
x 0 33048
p 0 202 33048
x 0 33049
p 0 205 33049
x 0 33050
p 0 213 33050
x 0 33051
p 0 204 33051
x 0 33052
p 0 209 33052
x 0 33053
p 0 204 33053
x 0 33054
p 0 200 33054
x 0 33055
p 0 226 33055
x 0 33056
p 0 209 33056
x 0 33057
p 0 266 33057
x 0 33058
p 0 203 33058
x 0 33059
p 0 209 33059
x 0 33060
p 0 210 33060
x 0 33061
p 0 206 33061
x 0 33062
p 0 170 33062
x 0 33000
x 1 33001
h 1 10.0.0.6
p 1 3035 33001
x 2 33002
h 2 10.0.0.6
p 2 114 33002
x 0 33003
h 0 10.0.0.6
p 0 201 33003
x 1 33004
p 1 203 33004
p 0 1011919 33000
x 0 33005
p 0 128 33005
x 0 33006
p 0 212 33006
x 0 33007
p 0 213 33007
x 0 33008
p 0 215 33008
x 0 33009
p 0 207 33009
x 0 33010
p 0 323 33010
x 0 33011
p 0 215 33011
x 0 33012
p 0 588 33012
x 0 33013
p 0 219 33013
x 0 33014
p 0 146 33014
x 0 33015
p 0 212 33015
x 0 33016
p 0 514 33016
x 0 33017
p 0 364 33017
x 0 33018
p 0 290 33018
x 0 33019
p 0 367 33019
x 0 33020
p 0 440 33020
x 0 33021
p 0 349 33021
x 0 33022
p 0 441 33022
x 0 33023
p 0 273 33023
x 0 33024
p 0 404 33024
x 0 33025
p 0 339 33025
x 0 33026
p 0 326 33026
x 0 33027
p 0 373 33027
x 0 33028
p 0 204 33028
x 0 33029
p 0 353 33029
x 0 33030
p 0 176 33030
x 0 33031
p 0 246 33031
x 0 33032
p 0 305 33032
x 0 33033
p 0 206 33033
x 0 33034
p 0 207 33034
x 0 33035
p 0 205 33035
x 0 33036
p 0 201 33036
x 0 33037
p 0 201 33037
x 0 33038
p 0 285 33038
x 0 33039
p 0 351 33039
x 0 33040
p 0 209 33040
x 0 33041
p 0 203 33041
x 0 33042
p 0 199 33042
x 0 33043
p 0 213 33043
x 0 33044
p 0 210 33044
x 0 33045
p 0 448 33045
x 0 33046
p 0 165 33046
x 0 33047
p 0 158 33047
x 0 33048
p 0 178 33048
x 0 33049
p 0 235 33049
x 0 33050
p 0 147 33050
x 0 33051
p 0 148 33051
x 0 33052
p 0 281 33052
x 0 33053
p 0 1294 33053
x 0 33054
p 0 464 33054
x 0 33055
p 0 215 33055
x 0 33056
p 0 200 33056
x 0 33057
p 0 243 33057
x 0 33058
p 0 1268 33058
x 0 33059
p 0 386 33059
x 0 33060
p 0 431 33060
x 0 33061
p 0 224 33061
x 0 33062
p 0 227 33062
x 0 33000
x 1 33001
h 1 10.0.0.6
p 1 929 33001
x 2 33002
h 2 10.0.0.6
p 2 200 33002
x 0 33003
h 0 10.0.0.6
p 0 210 33003
x 1 33004
p 1 267 33004
p 0 1019875 33000
x 0 33005
p 0 232 33005
x 0 33006
p 0 219 33006
x 0 33007
p 0 220 33007
x 0 33008
p 0 206 33008
x 0 33009
p 0 245 33009
x 0 33010
p 0 237 33010
x 0 33011
p 0 209 33011
x 0 33012
p 0 220 33012
x 0 33013
p 0 230 33013
x 0 33014
p 0 204 33014
x 0 33015
p 0 204 33015
x 0 33016
p 0 244 33016
x 0 33017
p 0 178 33017
x 0 33018
p 0 178 33018
x 0 33019
p 0 185 33019
x 0 33020
p 0 171 33020
x 0 33021
p 0 228 33021
x 0 33022
p 0 177 33022
x 0 33023
p 0 177 33023
x 0 33024
p 0 175 33024
x 0 33025
p 0 177 33025
x 0 33026
p 0 182 33026
x 0 33027
p 0 192 33027
x 0 33028
p 0 259 33028
x 0 33029
p 0 213 33029
x 0 33030
p 0 226 33030
x 0 33031
p 0 246 33031
x 0 33032
p 0 202 33032
x 0 33033
p 0 210 33033
x 0 33034
p 0 251 33034
x 0 33035
p 0 218 33035
x 0 33036
p 0 207 33036
x 0 33037
p 0 205 33037
x 0 33038
p 0 376 33038
x 0 33039
p 0 336 33039
x 0 33040
p 0 201 33040
x 0 33041
p 0 203 33041
x 0 33042
p 0 245 33042
x 0 33043
p 0 208 33043
x 0 33044
p 0 212 33044
x 0 33045
p 0 211 33045
x 0 33046
p 0 205 33046
x 0 33047
p 0 273 33047
x 0 33048
p 0 207 33048
x 0 33049
p 0 210 33049
x 0 33050
p 0 213 33050
x 0 33051
p 0 212 33051
x 0 33052
p 0 208 33052
x 0 33053
p 0 207 33053
x 0 33054
p 0 203 33054
x 0 33055
p 0 205 33055
x 0 33056
p 0 208 33056
x 0 33057
p 0 203 33057
x 0 33058
p 0 215 33058
x 0 33059
p 0 234 33059
x 0 33060
p 0 225 33060
x 0 33061
p 0 260 33061
x 0 33062
p 0 220 33062
x 0 33000
x 1 33001
h 1 10.0.0.6
p 1 444 33001
x 2 33002
h 2 10.0.0.6
p 2 194 33002
x 0 33003
h 0 10.0.0.6
p 0 210 33003
x 1 33004
p 1 214 33004
p 0 1031651 33000
x 0 33005
p 0 204 33005
x 0 33006
p 0 204 33006
x 0 33007
p 0 212 33007
x 0 33008
p 0 208 33008
x 0 33009
p 0 191 33009
x 0 33010
p 0 226 33010
x 0 33011
p 0 210 33011
x 0 33012
p 0 212 33012
x 0 33013
p 0 213 33013
x 0 33014
p 0 212 33014
x 0 33015
p 0 216 33015
x 0 33016
p 0 225 33016
x 0 33017
p 0 214 33017
x 0 33018
p 0 363 33018
x 0 33019
p 0 208 33019
x 0 33020
p 0 213 33020
x 0 33021
p 0 206 33021
x 0 33022
p 0 208 33022
x 0 33023
p 0 259 33023
x 0 33024
p 0 235 33024
x 0 33025
p 0 104 33025
x 0 33026
p 0 223 33026
x 0 33027
p 0 214 33027
x 0 33028
p 0 212 33028
x 0 33029
p 0 227 33029
x 0 33030
p 0 233 33030
x 0 33031
p 0 288 33031
x 0 33032
p 0 213 33032
x 0 33033
p 0 213 33033
x 0 33034
p 0 90 33034
x 0 33035
p 0 215 33035
x 0 33036
p 0 249 33036
x 0 33037
p 0 218 33037
x 0 33038
p 0 214 33038
x 0 33039
p 0 202 33039
x 0 33040
p 0 224 33040
x 0 33041
p 0 203 33041
x 0 33042
p 0 252 33042
x 0 33043
p 0 221 33043
x 0 33044
p 0 214 33044
x 0 33045
p 0 218 33045
x 0 33046
p 0 143 33046
x 0 33047
p 0 266 33047
x 0 33048
p 0 232 33048
x 0 33049
p 0 216 33049
x 0 33050
p 0 208 33050
x 0 33051
p 0 203 33051
x 0 33052
p 0 207 33052
x 0 33053
p 0 73 33053
x 0 33054
p 0 237 33054
x 0 33055
p 0 154 33055
x 0 33056
p 0 224 33056
x 0 33057
p 0 215 33057
x 0 33058
p 0 181 33058
x 0 33059
p 0 185 33059
x 0 33060
p 0 174 33060
x 0 33061
p 0 159 33061
x 0 33062
p 0 150 33062
x 0 33000
x 1 33001
h 1 10.0.0.6
p 1 1098 33001
x 2 33002
h 2 10.0.0.6
p 2 201 33002
x 0 33003
h 0 10.0.0.6
p 0 203 33003
x 1 33004
p 1 202 33004
p 0 1027073 33000
x 0 33005
p 0 228 33005
x 0 33006
p 0 205 33006
x 0 33007
p 0 228 33007
x 0 33008
p 0 240 33008
x 0 33009
p 0 246 33009
x 0 33010
p 0 218 33010
x 0 33011
p 0 365 33011
x 0 33012
p 0 301 33012
x 0 33013
p 0 224 33013
x 0 33014
p 0 289 33014
x 0 33015
p 0 225 33015
x 0 33016
p 0 211 33016
x 0 33017
p 0 213 33017
x 0 33018
p 0 247 33018
x 0 33019
p 0 250 33019
x 0 33020
p 0 209 33020
x 0 33021
p 0 199 33021
x 0 33022
p 0 217 33022
x 0 33023
p 0 216 33023
x 0 33024
p 0 272 33024
x 0 33025
p 0 239 33025
x 0 33026
p 0 199 33026
x 0 33027
p 0 205 33027
x 0 33028
p 0 242 33028
x 0 33029
p 0 202 33029
x 0 33030
p 0 257 33030
x 0 33031
p 0 278 33031
x 0 33032
p 0 199 33032
x 0 33033
p 0 226 33033
x 0 33034
p 0 197 33034
x 0 33035
p 0 202 33035
x 0 33036
p 0 193 33036
x 0 33037
p 0 198 33037
x 0 33038
p 0 198 33038
x 0 33039
p 0 199 33039
x 0 33040
p 0 204 33040
x 0 33041
p 0 197 33041
x 0 33042
p 0 199 33042
x 0 33043
p 0 203 33043
x 0 33044
p 0 198 33044
x 0 33045
p 0 200 33045
x 0 33046
p 0 198 33046
x 0 33047
p 0 202 33047
x 0 33048
p 0 201 33048
x 0 33049
p 0 233 33049
x 0 33050
p 0 212 33050
x 0 33051
p 0 200 33051
x 0 33052
p 0 203 33052
x 0 33053
p 0 228 33053
x 0 33054
p 0 200 33054
x 0 33055
p 0 207 33055
x 0 33056
p 0 200 33056
x 0 33057
p 0 206 33057
x 0 33058
p 0 201 33058
x 0 33059
p 0 216 33059
x 0 33060
p 0 213 33060
x 0 33061
p 0 233 33061
x 0 33062
p 0 205 33062
x 0 33000
x 1 33001
h 1 10.0.0.6
p 1 1191 33001
x 2 33002
h 2 10.0.0.6
p 2 201 33002
x 0 33003
h 0 10.0.0.6
p 0 230 33003
x 1 33004
p 1 285 33004
p 0 1014000 33000
x 0 33005
p 0 197 33005
x 0 33006
p 0 201 33006
x 0 33007
p 0 328 33007
x 0 33008
p 0 221 33008
x 0 33009
p 0 299 33009
x 0 33010
p 0 215 33010
x 0 33011
p 0 336 33011
x 0 33012
p 0 311 33012
x 0 33013
p 0 307 33013
x 0 33014
p 0 331 33014
x 0 33015
p 0 243 33015
x 0 33016
p 0 218 33016
x 0 33017
p 0 229 33017
x 0 33018
p 0 223 33018
x 0 33019
p 0 214 33019
x 0 33020
p 0 224 33020
x 0 33021
p 0 202 33021
x 0 33022
p 0 163 33022
x 0 33023
p 0 164 33023
x 0 33024
p 0 162 33024
x 0 33025
p 0 169 33025
x 0 33026
p 0 167 33026
x 0 33027
p 0 169 33027
x 0 33028
p 0 169 33028
x 0 33029
p 0 168 33029
x 0 33030
p 0 152 33030
x 0 33031
p 0 209 33031
x 0 33032
p 0 252 33032
x 0 33033
p 0 158 33033
x 0 33034
p 0 214 33034
x 0 33035
p 0 224 33035
x 0 33036
p 0 152 33036
x 0 33037
p 0 230 33037
x 0 33038
p 0 217 33038
x 0 33039
p 0 154 33039
x 0 33040
p 0 150 33040
x 0 33041
p 0 147 33041
x 0 33042
p 0 146 33042
x 0 33043
p 0 157 33043
x 0 33044
p 0 366 33044
x 0 33045
p 0 213 33045
x 0 33046
p 0 236 33046
x 0 33047
p 0 203 33047
x 0 33048
p 0 202 33048
x 0 33049
p 0 201 33049
x 0 33050
p 0 210 33050
x 0 33051
p 0 289 33051
x 0 33052
p 0 501 33052
x 0 33053
p 0 215 33053
x 0 33054
p 0 135 33054
x 0 33055
p 0 296 33055
x 0 33056
p 0 211 33056
x 0 33057
p 0 228 33057
x 0 33058
p 0 221 33058
x 0 33059
p 0 207 33059
x 0 33060
p 0 226 33060
x 0 33061
p 0 212 33061
x 0 33062
p 0 204 33062
x 0 33000
x 1 33001
h 1 10.0.0.6
p 1 1187 33001
x 2 33002
h 2 10.0.0.6
p 2 211 33002
x 0 33003
h 0 10.0.0.6
p 0 206 33003
x 1 33004
p 1 209 33004
p 0 1032068 33000
x 0 33005
p 0 294 33005
x 0 33006
p 0 226 33006
x 0 33007
p 0 226 33007
x 0 33008
p 0 213 33008
x 0 33009
p 0 211 33009
x 0 33010
p 0 281 33010
x 0 33011
p 0 210 33011
x 0 33012
p 0 211 33012
x 0 33013
p 0 210 33013
x 0 33014
p 0 413 33014
x 0 33015
p 0 293 33015
x 0 33016
p 0 218 33016
x 0 33017
p 0 209 33017
x 0 33018
p 0 214 33018
x 0 33019
p 0 212 33019
x 0 33020
p 0 214 33020
x 0 33021
p 0 210 33021
x 0 33022
p 0 209 33022
x 0 33023
p 0 158 33023
x 0 33024
p 0 255 33024
x 0 33025
p 0 162 33025
x 0 33026
p 0 213 33026
x 0 33027
p 0 307 33027
x 0 33028
p 0 218 33028
x 0 33029
p 0 210 33029
x 0 33030
p 0 213 33030
x 0 33031
p 0 248 33031
x 0 33032
p 0 208 33032
x 0 33033
p 0 223 33033
x 0 33034
p 0 213 33034
x 0 33035
p 0 219 33035
x 0 33036
p 0 213 33036
x 0 33037
p 0 226 33037
x 0 33038
p 0 251 33038
x 0 33039
p 0 209 33039
x 0 33040
p 0 228 33040
x 0 33041
p 0 215 33041
x 0 33042
p 0 212 33042
x 0 33043
p 0 267 33043
x 0 33044
p 0 216 33044
x 0 33045
p 0 308 33045
x 0 33046
p 0 213 33046
x 0 33047
p 0 215 33047
x 0 33048
p 0 220 33048
x 0 33049
p 0 215 33049
x 0 33050
p 0 222 33050
x 0 33051
p 0 212 33051
x 0 33052
p 0 262 33052
x 0 33053
p 0 218 33053
x 0 33054
p 0 215 33054
x 0 33055
p 0 223 33055
x 0 33056
p 0 216 33056
x 0 33057
p 0 212 33057
x 0 33058
p 0 216 33058
x 0 33059
p 0 242 33059
x 0 33060
p 0 393 33060
x 0 33061
p 0 213 33061
x 0 33062
p 0 214 33062
x 0 33000
x 1 33001
h 1 10.0.0.6
p 1 1047 33001
x 2 33002
h 2 10.0.0.6
p 2 200 33002
x 0 33003
h 0 10.0.0.6
p 0 163 33003
x 1 33004
p 1 160 33004
p 0 1019293 33000
x 0 33005
p 0 229 33005
x 0 33006
p 0 178 33006
x 0 33007
p 0 171 33007
x 0 33008
p 0 247 33008
x 0 33009
p 0 228 33009
x 0 33010
p 0 261 33010
x 0 33011
p 0 227 33011
x 0 33012
p 0 223 33012
x 0 33013
p 0 248 33013
x 0 33014
p 0 339 33014
x 0 33015
p 0 222 33015
x 0 33016
p 0 253 33016
x 0 33017
p 0 211 33017
x 0 33018
p 0 214 33018
x 0 33019
p 0 206 33019
x 0 33020
p 0 207 33020
x 0 33021
p 0 208 33021
x 0 33022
p 0 203 33022
x 0 33023
p 0 237 33023
x 0 33024
p 0 243 33024
x 0 33025
p 0 195 33025
x 0 33026
p 0 175 33026
x 0 33027
p 0 148 33027
x 0 33028
p 0 659 33028
x 0 33029
p 0 198 33029
x 0 33030
p 0 196 33030
x 0 33031
p 0 198 33031
x 0 33032
p 0 264 33032
x 0 33033
p 0 197 33033
x 0 33034
p 0 198 33034
x 0 33035
p 0 197 33035
x 0 33036
p 0 196 33036
x 0 33037
p 0 199 33037
x 0 33038
p 0 197 33038
x 0 33039
p 0 198 33039
x 0 33040
p 0 197 33040
x 0 33041
p 0 197 33041
x 0 33042
p 0 196 33042
x 0 33043
p 0 198 33043
x 0 33044
p 0 253 33044
x 0 33045
p 0 195 33045
x 0 33046
p 0 197 33046
x 0 33047
p 0 194 33047
x 0 33048
p 0 198 33048
x 0 33049
p 0 198 33049
x 0 33050
p 0 230 33050
x 0 33051
p 0 196 33051
x 0 33052
p 0 195 33052
x 0 33053
p 0 199 33053
x 0 33054
p 0 199 33054
x 0 33055
p 0 197 33055
x 0 33056
p 0 199 33056
x 0 33057
p 0 200 33057
x 0 33058
p 0 231 33058
x 0 33059
p 0 201 33059
x 0 33060
p 0 199 33060
x 0 33061
p 0 200 33061
x 0 33062
p 0 239 33062
x 0 33000
x 1 33001
h 1 10.0.0.6
p 1 715 33001
x 2 33002
h 2 10.0.0.6
p 2 254 33002
x 0 33003
h 0 10.0.0.6
p 0 194 33003
x 1 33004
p 1 201 33004
p 0 1025263 33000
x 0 33005
p 0 215 33005
x 0 33006
p 0 219 33006
x 0 33007
p 0 208 33007
x 0 33008
p 0 229 33008
x 0 33009
p 0 234 33009
x 0 33010
p 0 220 33010
x 0 33011
p 0 239 33011
x 0 33012
p 0 297 33012
x 0 33013
p 0 217 33013
x 0 33014
p 0 214 33014
x 0 33015
p 0 215 33015
x 0 33016
p 0 207 33016
x 0 33017
p 0 217 33017
x 0 33018
p 0 248 33018
x 0 33019
p 0 209 33019
x 0 33020
p 0 210 33020
x 0 33021
p 0 220 33021
x 0 33022
p 0 232 33022
x 0 33023
p 0 220 33023
x 0 33024
p 0 117 33024
x 0 33025
p 0 221 33025
x 0 33026
p 0 209 33026
x 0 33027
p 0 219 33027
x 0 33028
p 0 222 33028
x 0 33029
p 0 215 33029
x 0 33030
p 0 256 33030
x 0 33031
p 0 215 33031
x 0 33032
p 0 232 33032
x 0 33033
p 0 228 33033
x 0 33034
p 0 214 33034
x 0 33035
p 0 217 33035
x 0 33036
p 0 205 33036
x 0 33037
p 0 249 33037
x 0 33038
p 0 213 33038
x 0 33039
p 0 213 33039
x 0 33040
p 0 237 33040
x 0 33041
p 0 204 33041
x 0 33042
p 0 230 33042
x 0 33043
p 0 218 33043
x 0 33044
p 0 253 33044
x 0 33045
p 0 232 33045
x 0 33046
p 0 211 33046
x 0 33047
p 0 207 33047
x 0 33048
p 0 405 33048
x 0 33049
p 0 209 33049
x 0 33050
p 0 205 33050
x 0 33051
p 0 203 33051
x 0 33052
p 0 224 33052
x 0 33053
p 0 227 33053
x 0 33054
p 0 219 33054
x 0 33055
p 0 165 33055
x 0 33056
p 0 248 33056
x 0 33057
p 0 210 33057
x 0 33058
p 0 220 33058
x 0 33059
p 0 209 33059
x 0 33060
p 0 222 33060
x 0 33061
p 0 376 33061
x 0 33062
p 0 197 33062
x 0 33000
x 1 33001
h 1 10.0.0.6
p 1 825 33001
x 2 33002
h 2 10.0.0.6
p 2 213 33002
x 0 33003
h 0 10.0.0.6
p 0 206 33003
x 1 33004
p 1 205 33004
p 0 1028568 33000
x 0 33005
p 0 203 33005
x 0 33006
p 0 182 33006
x 0 33007
p 0 420 33007
x 0 33008
p 0 286 33008
x 0 33009
p 0 348 33009
x 0 33010
p 0 300 33010
x 0 33011
p 0 239 33011
x 0 33012
p 0 239 33012
x 0 33013
p 0 389 33013
x 0 33014
p 0 232 33014
x 0 33015
p 0 239 33015
x 0 33016
p 0 231 33016
x 0 33017
p 0 426 33017
x 0 33018
p 0 206 33018
x 0 33019
p 0 154 33019
x 0 33020
p 0 243 33020
x 0 33021
p 0 218 33021
x 0 33022
p 0 179 33022
x 0 33023
p 0 353 33023
x 0 33024
p 0 247 33024
x 0 33025
p 0 682 33025
x 0 33026
p 0 766 33026
x 0 33027
p 0 217 33027
x 0 33028
p 0 361 33028
x 0 33029
p 0 214 33029
x 0 33030
p 0 219 33030
x 0 33031
p 0 237 33031
x 0 33032
p 0 530 33032
x 0 33033
p 0 263 33033
x 0 33034
p 0 135 33034
x 0 33035
p 0 102 33035
x 0 33036
p 0 206 33036
x 0 33037
p 0 203 33037
x 0 33038
p 0 204 33038
x 0 33039
p 0 241 33039
x 0 33040
p 0 511 33040
x 0 33041
p 0 208 33041
x 0 33042
p 0 205 33042
x 0 33043
p 0 204 33043
x 0 33044
p 0 146 33044
x 0 33045
p 0 150 33045
x 0 33046
p 0 328 33046
x 0 33047
p 0 254 33047
x 0 33048
p 0 284 33048
x 0 33049
p 0 204 33049
x 0 33050
p 0 209 33050
x 0 33051
p 0 151 33051
x 0 33052
p 0 183 33052
x 0 33053
p 0 181 33053
x 0 33054
p 0 202 33054
x 0 33055
p 0 236 33055
x 0 33056
p 0 208 33056
x 0 33057
p 0 150 33057
x 0 33058
p 0 209 33058
x 0 33059
p 0 298 33059
x 0 33060
p 0 220 33060
x 0 33061
p 0 264 33061
x 0 33062
p 0 151 33062
x 0 33000
x 1 33001
h 1 10.0.0.6
p 1 925 33001
x 2 33002
h 2 10.0.0.6
p 2 218 33002
x 0 33003
h 0 10.0.0.6
p 0 199 33003
x 1 33004
p 1 196 33004
p 0 1010621 33000
x 0 33005
p 0 198 33005
x 0 33006
p 0 212 33006
x 0 33007
p 0 223 33007
x 0 33008
p 0 208 33008
x 0 33009
p 0 236 33009
x 0 33010
p 0 218 33010
x 0 33011
p 0 208 33011
x 0 33012
p 0 239 33012
x 0 33013
p 0 210 33013
x 0 33014
p 0 210 33014
x 0 33015
p 0 222 33015
x 0 33016
p 0 217 33016
x 0 33017
p 0 200 33017
x 0 33018
p 0 204 33018
x 0 33019
p 0 224 33019
x 0 33020
p 0 205 33020
x 0 33021
p 0 211 33021
x 0 33022
p 0 205 33022
x 0 33023
p 0 205 33023
x 0 33024
p 0 205 33024
x 0 33025
p 0 204 33025
x 0 33026
p 0 204 33026
x 0 33027
p 0 202 33027
x 0 33028
p 0 206 33028
x 0 33029
p 0 214 33029
x 0 33030
p 0 206 33030
x 0 33031
p 0 202 33031
x 0 33032
p 0 204 33032
x 0 33033
p 0 207 33033
x 0 33034
p 0 205 33034
x 0 33035
p 0 200 33035
x 0 33036
p 0 202 33036
x 0 33037
p 0 201 33037
x 0 33038
p 0 242 33038
x 0 33039
p 0 213 33039
x 0 33040
p 0 207 33040
x 0 33041
p 0 226 33041
x 0 33042
p 0 202 33042
x 0 33043
p 0 205 33043
x 0 33044
p 0 208 33044
x 0 33045
p 0 246 33045
x 0 33046
p 0 204 33046
x 0 33047
p 0 201 33047
x 0 33048
p 0 207 33048
x 0 33049
p 0 211 33049
x 0 33050
p 0 206 33050
x 0 33051
p 0 200 33051
x 0 33052
p 0 260 33052
x 0 33053
p 0 205 33053
x 0 33054
p 0 206 33054
x 0 33055
p 0 207 33055
x 0 33056
p 0 152 33056
x 0 33057
p 0 153 33057
x 0 33058
p 0 207 33058
x 0 33059
p 0 161 33059
x 0 33060
p 0 215 33060
x 0 33061
p 0 209 33061
x 0 33062
p 0 207 33062
x 0 33000
x 1 33001
h 1 10.0.0.6
p 1 999 33001
x 2 33002
h 2 10.0.0.6
p 2 127 33002
x 0 33003
h 0 10.0.0.6
p 0 270 33003
x 1 33004
p 1 205 33004
p 0 1004253 33000
x 0 33005
p 0 203 33005
x 0 33006
p 0 222 33006
x 0 33007
p 0 550 33007
x 0 33008
p 0 246 33008
x 0 33009
p 0 245 33009
x 0 33010
p 0 227 33010
x 0 33011
p 0 250 33011
x 0 33012
p 0 307 33012
x 0 33013
p 0 226 33013
x 0 33014
p 0 230 33014
x 0 33015
p 0 257 33015
x 0 33016
p 0 269 33016
x 0 33017
p 0 220 33017
x 0 33018
p 0 226 33018
x 0 33019
p 0 258 33019
x 0 33020
p 0 220 33020
x 0 33021
p 0 216 33021
x 0 33022
p 0 210 33022
x 0 33023
p 0 221 33023
x 0 33024
p 0 218 33024
x 0 33025
p 0 221 33025
x 0 33026
p 0 281 33026
x 0 33027
p 0 218 33027
x 0 33028
p 0 250 33028
x 0 33029
p 0 227 33029
x 0 33030
p 0 239 33030
x 0 33031
p 0 224 33031
x 0 33032
p 0 221 33032
x 0 33033
p 0 274 33033
x 0 33034
p 0 234 33034
x 0 33035
p 0 251 33035
x 0 33036
p 0 216 33036
x 0 33037
p 0 219 33037
x 0 33038
p 0 238 33038
x 0 33039
p 0 248 33039
x 0 33040
p 0 278 33040
x 0 33041
p 0 223 33041
x 0 33042
p 0 215 33042
x 0 33043
p 0 225 33043
x 0 33044
p 0 225 33044
x 0 33045
p 0 244 33045
x 0 33046
p 0 248 33046
x 0 33047
p 0 377 33047
x 0 33048
p 0 377 33048
x 0 33049
p 0 267 33049
x 0 33050
p 0 332 33050
x 0 33051
p 0 350 33051
x 0 33052
p 0 219 33052
x 0 33053
p 0 304 33053
x 0 33054
p 0 272 33054
x 0 33055
p 0 229 33055
x 0 33056
p 0 219 33056
x 0 33057
p 0 211 33057
x 0 33058
p 0 335 33058
x 0 33059
p 0 303 33059
x 0 33060
p 0 240 33060
x 0 33061
p 0 361 33061
x 0 33062
p 0 234 33062
x 0 33000
x 1 33001
h 1 10.0.0.6
p 1 777 33001
x 2 33002
h 2 10.0.0.6
p 2 261 33002
x 0 33003
h 0 10.0.0.6
p 0 257 33003
x 1 33004
p 1 201 33004
p 0 1005783 33000
x 0 33005
p 0 189 33005
x 0 33006
p 0 326 33006
x 0 33007
p 0 211 33007
x 0 33008
p 0 214 33008
x 0 33009
p 0 209 33009
x 0 33010
p 0 214 33010
x 0 33011
p 0 240 33011
x 0 33012
p 0 202 33012
x 0 33013
p 0 198 33013
x 0 33014
p 0 204 33014
x 0 33015
p 0 200 33015
x 0 33016
p 0 209 33016
x 0 33017
p 0 315 33017
x 0 33018
p 0 235 33018
x 0 33019
p 0 205 33019
x 0 33020
p 0 199 33020
x 0 33021
p 0 200 33021
x 0 33022
p 0 198 33022
x 0 33023
p 0 198 33023
x 0 33024
p 0 203 33024
x 0 33025
p 0 241 33025
x 0 33026
p 0 303 33026
x 0 33027
p 0 212 33027
x 0 33028
p 0 198 33028
x 0 33029
p 0 406 33029
x 0 33030
p 0 219 33030
x 0 33031
p 0 208 33031
x 0 33032
p 0 250 33032
x 0 33033
p 0 205 33033
x 0 33034
p 0 216 33034
x 0 33035
p 0 218 33035
x 0 33036
p 0 204 33036
x 0 33037
p 0 232 33037
x 0 33038
p 0 234 33038
x 0 33039
p 0 284 33039
x 0 33040
p 0 224 33040
x 0 33041
p 0 204 33041
x 0 33042
p 0 208 33042
x 0 33043
p 0 201 33043
x 0 33044
p 0 289 33044
x 0 33045
p 0 350 33045
x 0 33046
p 0 245 33046
x 0 33047
p 0 210 33047
x 0 33048
p 0 381 33048
x 0 33049
p 0 236 33049
x 0 33050
p 0 351 33050
x 0 33051
p 0 206 33051
x 0 33052
p 0 207 33052
x 0 33053
p 0 264 33053
x 0 33054
p 0 203 33054
x 0 33055
p 0 343 33055
x 0 33056
p 0 263 33056
x 0 33057
p 0 299 33057
x 0 33058
p 0 409 33058
x 0 33059
p 0 354 33059
x 0 33060
p 0 343 33060
x 0 33061
p 0 211 33061
x 0 33062
p 0 210 33062
x 0 33000
x 1 33001
h 1 10.0.0.6
p 1 973 33001
x 2 33002
h 2 10.0.0.6
p 2 277 33002
x 0 33003
h 0 10.0.0.6
p 0 276 33003
x 1 33004
p 1 219 33004
p 0 1027608 33000
x 0 33005
p 0 339 33005
x 0 33006
p 0 305 33006
x 0 33007
p 0 213 33007
x 0 33008
p 0 206 33008
x 0 33009
p 0 207 33009
x 0 33010
p 0 200 33010
x 0 33011
p 0 203 33011
x 0 33012
p 0 202 33012
x 0 33013
p 0 237 33013
x 0 33014
p 0 206 33014
x 0 33015
p 0 203 33015
x 0 33016
p 0 200 33016
x 0 33017
p 0 198 33017
x 0 33018
p 0 202 33018
x 0 33019
p 0 202 33019
x 0 33020
p 0 228 33020
x 0 33021
p 0 201 33021
x 0 33022
p 0 202 33022
x 0 33023
p 0 202 33023
x 0 33024
p 0 202 33024
x 0 33025
p 0 202 33025
x 0 33026
p 0 201 33026
x 0 33027
p 0 204 33027
x 0 33028
p 0 204 33028
x 0 33029
p 0 205 33029
x 0 33030
p 0 202 33030
x 0 33031
p 0 205 33031
x 0 33032
p 0 201 33032
x 0 33033
p 0 206 33033
x 0 33034
p 0 205 33034
x 0 33035
p 0 205 33035
x 0 33036
p 0 202 33036
x 0 33037
p 0 200 33037
x 0 33038
p 0 201 33038
x 0 33039
p 0 243 33039
x 0 33040
p 0 201 33040
x 0 33041
p 0 199 33041
x 0 33042
p 0 290 33042
x 0 33043
p 0 204 33043
x 0 33044
p 0 203 33044
x 0 33045
p 0 203 33045
x 0 33046
p 0 202 33046
x 0 33047
p 0 239 33047
x 0 33048
p 0 201 33048
x 0 33049
p 0 205 33049
x 0 33050
p 0 206 33050
x 0 33051
p 0 200 33051
x 0 33052
p 0 202 33052
x 0 33053
p 0 199 33053
x 0 33054
p 0 200 33054
x 0 33055
p 0 202 33055
x 0 33056
p 0 206 33056
x 0 33057
p 0 203 33057
x 0 33058
p 0 200 33058
x 0 33059
p 0 199 33059
x 0 33060
p 0 147 33060
x 0 33061
p 0 201 33061
x 0 33062
p 0 202 33062
x 0 33000
x 1 33001
h 1 10.0.0.6
p 1 616 33001
x 2 33002
h 2 10.0.0.6
p 2 200 33002
x 0 33003
h 0 10.0.0.6
p 0 233 33003
x 1 33004
p 1 239 33004
p 0 1001520 33000
x 0 33005
p 0 198 33005
x 0 33006
p 0 211 33006
x 0 33007
p 0 209 33007
x 0 33008
p 0 216 33008
x 0 33009
p 0 242 33009
x 0 33010
p 0 220 33010
x 0 33011
p 0 216 33011
x 0 33012
p 0 218 33012
x 0 33013
p 0 236 33013
x 0 33014
p 0 217 33014
x 0 33015
p 0 209 33015
x 0 33016
p 0 259 33016
x 0 33017
p 0 220 33017
x 0 33018
p 0 202 33018
x 0 33019
p 0 213 33019
x 0 33020
p 0 214 33020
x 0 33021
p 0 205 33021
x 0 33022
p 0 206 33022
x 0 33023
p 0 285 33023
x 0 33024
p 0 210 33024
x 0 33025
p 0 204 33025
x 0 33026
p 0 208 33026
x 0 33027
p 0 161 33027
x 0 33028
p 0 144 33028
x 0 33029
p 0 206 33029
x 0 33030
p 0 147 33030
x 0 33031
p 0 147 33031
x 0 33032
p 0 149 33032
x 0 33033
p 0 148 33033
x 0 33034
p 0 149 33034
x 0 33035
p 0 146 33035
x 0 33036
p 0 207 33036
x 0 33037
p 0 198 33037
x 0 33038
p 0 150 33038
x 0 33039
p 0 202 33039
x 0 33040
p 0 221 33040
x 0 33041
p 0 151 33041
x 0 33042
p 0 206 33042
x 0 33043
p 0 212 33043
x 0 33044
p 0 147 33044
x 0 33045
p 0 203 33045
x 0 33046
p 0 203 33046
x 0 33047
p 0 221 33047
x 0 33048
p 0 215 33048
x 0 33049
p 0 164 33049
x 0 33050
p 0 203 33050
x 0 33051
p 0 153 33051
x 0 33052
p 0 203 33052
x 0 33053
p 0 204 33053
x 0 33054
p 0 158 33054
x 0 33055
p 0 224 33055
x 0 33056
p 0 151 33056
x 0 33057
p 0 202 33057
x 0 33058
p 0 203 33058
x 0 33059
p 0 150 33059
x 0 33060
p 0 237 33060
x 0 33061
p 0 153 33061
x 0 33062
p 0 219 33062
x 0 33000
x 1 33001
h 1 10.0.0.6
p 1 1147 33001
x 2 33002
h 2 10.0.0.6
p 2 199 33002
x 0 33003
h 0 10.0.0.6
p 0 253 33003
x 1 33004
p 1 205 33004
p 0 1020883 33000
x 0 33005
p 0 169 33005
x 0 33006
p 0 205 33006
x 0 33007
p 0 209 33007
x 0 33008
p 0 201 33008
x 0 33009
p 0 198 33009
x 0 33010
p 0 203 33010
x 0 33011
p 0 197 33011
x 0 33012
p 0 198 33012
x 0 33013
p 0 197 33013
x 0 33014
p 0 201 33014
x 0 33015
p 0 199 33015
x 0 33016
p 0 200 33016
x 0 33017
p 0 126 33017
x 0 33018
p 0 201 33018
x 0 33019
p 0 201 33019
x 0 33020
p 0 199 33020
x 0 33021
p 0 281 33021
x 0 33022
p 0 220 33022
x 0 33023
p 0 203 33023
x 0 33024
p 0 198 33024
x 0 33025
p 0 181 33025
x 0 33026
p 0 200 33026
x 0 33027
p 0 200 33027
x 0 33028
p 0 281 33028
x 0 33029
p 0 200 33029
x 0 33030
p 0 200 33030
x 0 33031
p 0 200 33031
x 0 33032
p 0 219 33032
x 0 33033
p 0 202 33033
x 0 33034
p 0 310 33034
x 0 33035
p 0 268 33035
x 0 33036
p 0 200 33036
x 0 33037
p 0 199 33037
x 0 33038
p 0 199 33038
x 0 33039
p 0 181 33039
x 0 33040
p 0 201 33040
x 0 33041
p 0 199 33041
x 0 33042
p 0 236 33042
x 0 33043
p 0 201 33043
x 0 33044
p 0 258 33044
x 0 33045
p 0 199 33045
x 0 33046
p 0 197 33046
x 0 33047
p 0 201 33047
x 0 33048
p 0 197 33048
x 0 33049
p 0 214 33049
x 0 33050
p 0 196 33050
x 0 33051
p 0 197 33051
x 0 33052
p 0 200 33052
x 0 33053
p 0 197 33053
x 0 33054
p 0 222 33054
x 0 33055
p 0 198 33055
x 0 33056
p 0 290 33056
x 0 33057
p 0 200 33057
x 0 33058
p 0 198 33058
x 0 33059
p 0 241 33059
x 0 33060
p 0 200 33060
x 0 33061
p 0 199 33061
x 0 33062
p 0 201 33062
x 0 33000
x 1 33001
h 1 10.0.0.6
p 1 1151 33001
x 2 33002
h 2 10.0.0.6
p 2 203 33002
x 0 33003
h 0 10.0.0.6
p 0 199 33003
x 1 33004
p 1 201 33004
p 0 1012148 33000
x 0 33005
p 0 202 33005
x 0 33006
p 0 202 33006
x 0 33007
p 0 211 33007
x 0 33008
p 0 212 33008
x 0 33009
p 0 174 33009
x 0 33010
p 0 237 33010
x 0 33011
p 0 260 33011
x 0 33012
p 0 201 33012
x 0 33013
p 0 220 33013
x 0 33014
p 0 291 33014
x 0 33015
p 0 222 33015
x 0 33016
p 0 220 33016
x 0 33017
p 0 220 33017
x 0 33018
p 0 214 33018
x 0 33019
p 0 231 33019
x 0 33020
p 0 299 33020
x 0 33021
p 0 221 33021
x 0 33022
p 0 305 33022
x 0 33023
p 0 210 33023
x 0 33024
p 0 227 33024
x 0 33025
p 0 221 33025
x 0 33026
p 0 254 33026
x 0 33027
p 0 220 33027
x 0 33028
p 0 203 33028
x 0 33029
p 0 241 33029
x 0 33030
p 0 244 33030
x 0 33031
p 0 214 33031
x 0 33032
p 0 225 33032
x 0 33033
p 0 204 33033
x 0 33034
p 0 226 33034
x 0 33035
p 0 226 33035
x 0 33036
p 0 220 33036
x 0 33037
p 0 218 33037
x 0 33038
p 0 208 33038
x 0 33039
p 0 232 33039
x 0 33040
p 0 276 33040
x 0 33041
p 0 230 33041
x 0 33042
p 0 230 33042
x 0 33043
p 0 208 33043
x 0 33044
p 0 236 33044
x 0 33045
p 0 240 33045
x 0 33046
p 0 219 33046
x 0 33047
p 0 253 33047
x 0 33048
p 0 210 33048
x 0 33049
p 0 232 33049
x 0 33050
p 0 239 33050
x 0 33051
p 0 229 33051
x 0 33052
p 0 218 33052
x 0 33053
p 0 211 33053
x 0 33054
p 0 265 33054
x 0 33055
p 0 223 33055
x 0 33056
p 0 224 33056
x 0 33057
p 0 264 33057
x 0 33058
p 0 207 33058
x 0 33059
p 0 233 33059
x 0 33060
p 0 241 33060
x 0 33061
p 0 272 33061
x 0 33062
p 0 232 33062
x 0 33000
x 1 33001
h 1 10.0.0.6
p 1 1043 33001
x 2 33002
h 2 10.0.0.6
p 2 281 33002
x 0 33003
h 0 10.0.0.6
p 0 200 33003
x 1 33004
p 1 214 33004
p 0 1021317 33000
x 0 33005
p 0 215 33005
x 0 33006
p 0 226 33006
x 0 33007
p 0 242 33007
x 0 33008
p 0 251 33008
x 0 33009
p 0 266 33009
x 0 33010
p 0 224 33010
x 0 33011
p 0 221 33011
x 0 33012
p 0 260 33012
x 0 33013
p 0 223 33013
x 0 33014
p 0 223 33014
x 0 33015
p 0 242 33015
x 0 33016
p 0 219 33016
x 0 33017
p 0 226 33017
x 0 33018
p 0 227 33018
x 0 33019
p 0 325 33019
x 0 33020
p 0 210 33020
x 0 33021
p 0 242 33021
x 0 33022
p 0 219 33022
x 0 33023
p 0 350 33023
x 0 33024
p 0 220 33024
x 0 33025
p 0 276 33025
x 0 33026
p 0 218 33026
x 0 33027
p 0 221 33027
x 0 33028
p 0 219 33028
x 0 33029
p 0 235 33029
x 0 33030
p 0 248 33030
x 0 33031
p 0 228 33031
x 0 33032
p 0 248 33032
x 0 33033
p 0 230 33033
x 0 33034
p 0 249 33034
x 0 33035
p 0 272 33035
x 0 33036
p 0 257 33036
x 0 33037
p 0 229 33037
x 0 33038
p 0 295 33038
x 0 33039
p 0 313 33039
x 0 33040
p 0 401 33040
x 0 33041
p 0 258 33041
x 0 33042
p 0 252 33042
x 0 33043
p 0 259 33043
x 0 33044
p 0 322 33044
x 0 33045
p 0 286 33045
x 0 33046
p 0 258 33046
x 0 33047
p 0 230 33047
x 0 33048
p 0 218 33048
x 0 33049
p 0 302 33049
x 0 33050
p 0 309 33050
x 0 33051
p 0 269 33051
x 0 33052
p 0 250 33052
x 0 33053
p 0 227 33053
x 0 33054
p 0 266 33054
x 0 33055
p 0 225 33055
x 0 33056
p 0 224 33056
x 0 33057
p 0 251 33057
x 0 33058
p 0 217 33058
x 0 33059
p 0 284 33059
x 0 33060
p 0 234 33060
x 0 33061
p 0 220 33061
x 0 33062
p 0 253 33062
x 0 33000
x 1 33001
h 1 10.0.0.6
p 1 1014 33001
x 2 33002
h 2 10.0.0.6
p 2 163 33002
x 0 33003
h 0 10.0.0.6
p 0 197 33003
x 1 33004
p 1 201 33004
p 0 1025185 33000
x 0 33005
p 0 206 33005
x 0 33006
p 0 264 33006
x 0 33007
p 0 227 33007
x 0 33008
p 0 209 33008
x 0 33009
p 0 201 33009
x 0 33010
p 0 202 33010
x 0 33011
p 0 198 33011
x 0 33012
p 0 209 33012
x 0 33013
p 0 249 33013
x 0 33014
p 0 203 33014
x 0 33015
p 0 201 33015
x 0 33016
p 0 204 33016
x 0 33017
p 0 243 33017
x 0 33018
p 0 202 33018
x 0 33019
p 0 223 33019
x 0 33020
p 0 204 33020
x 0 33021
p 0 236 33021
x 0 33022
p 0 290 33022
x 0 33023
p 0 227 33023
x 0 33024
p 0 216 33024
x 0 33025
p 0 218 33025
x 0 33026
p 0 208 33026
x 0 33027
p 0 239 33027
x 0 33028
p 0 218 33028
x 0 33029
p 0 219 33029
x 0 33030
p 0 204 33030
x 0 33031
p 0 204 33031
x 0 33032
p 0 214 33032
x 0 33033
p 0 216 33033
x 0 33034
p 0 216 33034
x 0 33035
p 0 213 33035
x 0 33036
p 0 206 33036
x 0 33037
p 0 237 33037
x 0 33038
p 0 228 33038
x 0 33039
p 0 217 33039
x 0 33040
p 0 209 33040
x 0 33041
p 0 206 33041
x 0 33042
p 0 221 33042
x 0 33043
p 0 281 33043
x 0 33044
p 0 276 33044
x 0 33045
p 0 205 33045
x 0 33046
p 0 201 33046
x 0 33047
p 0 218 33047
x 0 33048
p 0 271 33048
x 0 33049
p 0 208 33049
x 0 33050
p 0 206 33050
x 0 33051
p 0 203 33051
x 0 33052
p 0 220 33052
x 0 33053
p 0 218 33053
x 0 33054
p 0 256 33054
x 0 33055
p 0 205 33055
x 0 33056
p 0 205 33056
x 0 33057
p 0 216 33057
x 0 33058
p 0 252 33058
x 0 33059
p 0 216 33059
x 0 33060
p 0 207 33060
x 0 33061
p 0 202 33061
x 0 33062
p 0 258 33062
x 0 33000
x 1 33001
h 1 10.0.0.6
p 1 871 33001
x 2 33002
h 2 10.0.0.6
p 2 262 33002
x 0 33003
h 0 10.0.0.6
p 0 375 33003
x 1 33004
p 1 203 33004
p 0 1012751 33000
x 0 33005
p 0 207 33005
x 0 33006
p 0 215 33006
x 0 33007
p 0 216 33007
x 0 33008
p 0 322 33008
x 0 33009
p 0 245 33009
x 0 33010
p 0 207 33010
x 0 33011
p 0 243 33011
x 0 33012
p 0 216 33012
x 0 33013
p 0 212 33013
x 0 33014
p 0 222 33014
x 0 33015
p 0 252 33015
x 0 33016
p 0 212 33016
x 0 33017
p 0 219 33017
x 0 33018
p 0 222 33018
x 0 33019
p 0 217 33019
x 0 33020
p 0 216 33020
x 0 33021
p 0 216 33021
x 0 33022
p 0 295 33022
x 0 33023
p 0 216 33023
x 0 33024
p 0 226 33024
x 0 33025
p 0 210 33025
x 0 33026
p 0 218 33026
x 0 33027
p 0 218 33027
x 0 33028
p 0 219 33028
x 0 33029
p 0 268 33029
x 0 33030
p 0 206 33030
x 0 33031
p 0 215 33031
x 0 33032
p 0 220 33032
x 0 33033
p 0 219 33033
x 0 33034
p 0 222 33034
x 0 33035
p 0 223 33035
x 0 33036
p 0 300 33036
x 0 33037
p 0 217 33037
x 0 33038
p 0 218 33038
x 0 33039
p 0 225 33039
x 0 33040
p 0 209 33040
x 0 33041
p 0 213 33041
x 0 33042
p 0 246 33042
x 0 33043
p 0 276 33043
x 0 33044
p 0 225 33044
x 0 33045
p 0 206 33045
x 0 33046
p 0 266 33046
x 0 33047
p 0 216 33047
x 0 33048
p 0 213 33048
x 0 33049
p 0 250 33049
x 0 33050
p 0 219 33050
x 0 33051
p 0 213 33051
x 0 33052
p 0 214 33052
x 0 33053
p 0 212 33053
x 0 33054
p 0 249 33054
x 0 33055
p 0 210 33055
x 0 33056
p 0 242 33056
x 0 33057
p 0 213 33057
x 0 33058
p 0 216 33058
x 0 33059
p 0 218 33059
x 0 33060
p 0 207 33060
x 0 33061
p 0 207 33061
x 0 33062
p 0 208 33062
x 0 33000
x 1 33001
h 1 10.0.0.6
p 1 667 33001
x 2 33002
h 2 10.0.0.6
p 2 249 33002
x 0 33003
h 0 10.0.0.6
p 0 300 33003
x 1 33004
p 1 208 33004
p 0 1016603 33000
x 0 33005
p 0 203 33005
x 0 33006
p 0 230 33006
x 0 33007
p 0 237 33007
x 0 33008
p 0 226 33008
x 0 33009
p 0 231 33009
x 0 33010
p 0 223 33010
x 0 33011
p 0 218 33011
x 0 33012
p 0 228 33012
x 0 33013
p 0 219 33013
x 0 33014
p 0 206 33014
x 0 33015
p 0 213 33015
x 0 33016
p 0 215 33016
x 0 33017
p 0 216 33017
x 0 33018
p 0 223 33018
x 0 33019
p 0 208 33019
x 0 33020
p 0 223 33020
x 0 33021
p 0 210 33021
x 0 33022
p 0 258 33022
x 0 33023
p 0 217 33023
x 0 33024
p 0 210 33024
x 0 33025
p 0 212 33025
x 0 33026
p 0 217 33026
x 0 33027
p 0 207 33027
x 0 33028
p 0 199 33028
x 0 33029
p 0 202 33029
x 0 33030
p 0 223 33030
x 0 33031
p 0 218 33031
x 0 33032
p 0 218 33032
x 0 33033
p 0 217 33033
x 0 33034
p 0 208 33034
x 0 33035
p 0 261 33035
x 0 33036
p 0 215 33036
x 0 33037
p 0 225 33037
x 0 33038
p 0 223 33038
x 0 33039
p 0 202 33039
x 0 33040
p 0 230 33040
x 0 33041
p 0 217 33041
x 0 33042
p 0 234 33042
x 0 33043
p 0 202 33043
x 0 33044
p 0 211 33044
x 0 33045
p 0 208 33045
x 0 33046
p 0 202 33046
x 0 33047
p 0 205 33047
x 0 33048
p 0 202 33048
x 0 33049
p 0 200 33049
x 0 33050
p 0 210 33050
x 0 33051
p 0 205 33051
x 0 33052
p 0 204 33052
x 0 33053
p 0 208 33053
x 0 33054
p 0 207 33054
x 0 33055
p 0 300 33055
x 0 33056
p 0 202 33056
x 0 33057
p 0 201 33057
x 0 33058
p 0 214 33058
x 0 33059
p 0 289 33059
x 0 33060
p 0 211 33060
x 0 33061
p 0 201 33061
x 0 33062
p 0 207 33062
x 0 33000
x 1 33001
h 1 10.0.0.6
p 1 673 33001
x 2 33002
h 2 10.0.0.6
p 2 230 33002
x 0 33003
h 0 10.0.0.6
p 0 165 33003
x 1 33004
p 1 211 33004
p 0 1026416 33000
x 0 33005
p 0 232 33005
x 0 33006
p 0 199 33006
x 0 33007
p 0 209 33007
x 0 33008
p 0 298 33008
x 0 33009
p 0 127 33009
x 0 33010
p 0 210 33010
x 0 33011
p 0 202 33011
x 0 33012
p 0 201 33012
x 0 33013
p 0 388 33013
x 0 33014
p 0 205 33014
x 0 33015
p 0 201 33015
x 0 33016
p 0 201 33016
x 0 33017
p 0 200 33017
x 0 33018
p 0 204 33018
x 0 33019
p 0 202 33019
x 0 33020
p 0 232 33020
x 0 33021
p 0 200 33021
x 0 33022
p 0 201 33022
x 0 33023
p 0 259 33023
x 0 33024
p 0 204 33024
x 0 33025
p 0 266 33025
x 0 33026
p 0 202 33026
x 0 33027
p 0 198 33027
x 0 33028
p 0 199 33028
x 0 33029
p 0 203 33029
x 0 33030
p 0 201 33030
x 0 33031
p 0 199 33031
x 0 33032
p 0 198 33032
x 0 33033
p 0 255 33033
x 0 33034
p 0 197 33034
x 0 33035
p 0 209 33035
x 0 33036
p 0 200 33036
x 0 33037
p 0 200 33037
x 0 33038
p 0 228 33038
x 0 33039
p 0 243 33039
x 0 33040
p 0 202 33040
x 0 33041
p 0 199 33041
x 0 33042
p 0 199 33042
x 0 33043
p 0 201 33043
x 0 33044
p 0 198 33044
x 0 33045
p 0 202 33045
x 0 33046
p 0 244 33046
x 0 33047
p 0 199 33047
x 0 33048
p 0 281 33048
x 0 33049
p 0 199 33049
x 0 33050
p 0 200 33050
x 0 33051
p 0 201 33051
x 0 33052
p 0 200 33052
x 0 33053
p 0 307 33053
x 0 33054
p 0 293 33054
x 0 33055
p 0 471 33055
x 0 33056
p 0 233 33056
x 0 33057
p 0 171 33057
x 0 33058
p 0 159 33058
x 0 33059
p 0 191 33059
x 0 33060
p 0 148 33060
x 0 33061
p 0 197 33061
x 0 33062
p 0 198 33062
x 0 33000
x 1 33001
h 1 10.0.0.6
p 1 1175 33001
x 2 33002
h 2 10.0.0.6
p 2 240 33002
x 0 33003
h 0 10.0.0.6
p 0 207 33003
x 1 33004
p 1 214 33004
p 0 1009185 33000
x 0 33005
p 0 205 33005
x 0 33006
p 0 200 33006
x 0 33007
p 0 218 33007
x 0 33008
p 0 246 33008
x 0 33009
p 0 245 33009
x 0 33010
p 0 232 33010
x 0 33011
p 0 253 33011
x 0 33012
p 0 270 33012
x 0 33013
p 0 224 33013
x 0 33014
p 0 273 33014
x 0 33015
p 0 229 33015
x 0 33016
p 0 235 33016
x 0 33017
p 0 242 33017
x 0 33018
p 0 207 33018
x 0 33019
p 0 216 33019
x 0 33020
p 0 208 33020
x 0 33021
p 0 236 33021
x 0 33022
p 0 220 33022
x 0 33023
p 0 216 33023
x 0 33024
p 0 210 33024
x 0 33025
p 0 207 33025
x 0 33026
p 0 210 33026
x 0 33027
p 0 206 33027
x 0 33028
p 0 203 33028
x 0 33029
p 0 281 33029
x 0 33030
p 0 243 33030
x 0 33031
p 0 211 33031
x 0 33032
p 0 208 33032
x 0 33033
p 0 202 33033
x 0 33034
p 0 228 33034
x 0 33035
p 0 229 33035
x 0 33036
p 0 271 33036
x 0 33037
p 0 206 33037
x 0 33038
p 0 208 33038
x 0 33039
p 0 212 33039
x 0 33040
p 0 225 33040
x 0 33041
p 0 242 33041
x 0 33042
p 0 210 33042
x 0 33043
p 0 216 33043
x 0 33044
p 0 215 33044
x 0 33045
p 0 209 33045
x 0 33046
p 0 208 33046
x 0 33047
p 0 210 33047
x 0 33048
p 0 201 33048
x 0 33049
p 0 246 33049
x 0 33050
p 0 211 33050
x 0 33051
p 0 239 33051
x 0 33052
p 0 208 33052
x 0 33053
p 0 211 33053
x 0 33054
p 0 226 33054
x 0 33055
p 0 272 33055
x 0 33056
p 0 255 33056
x 0 33057
p 0 213 33057
x 0 33058
p 0 204 33058
x 0 33059
p 0 228 33059
x 0 33060
p 0 220 33060
x 0 33061
p 0 235 33061
x 0 33062
p 0 234 33062
x 0 33000
x 1 33001
h 1 10.0.0.6
p 1 949 33001
x 2 33002
h 2 10.0.0.6
p 2 199 33002
x 0 33003
h 0 10.0.0.6
p 0 203 33003
x 1 33004
p 1 232 33004
p 0 1014299 33000
x 0 33005
p 0 202 33005
x 0 33006
p 0 216 33006
x 0 33007
p 0 214 33007
x 0 33008
p 0 271 33008
x 0 33009
p 0 243 33009
x 0 33010
p 0 222 33010
x 0 33011
p 0 218 33011
x 0 33012
p 0 226 33012
x 0 33013
p 0 220 33013
x 0 33014
p 0 222 33014
x 0 33015
p 0 434 33015
x 0 33016
p 0 223 33016
x 0 33017
p 0 228 33017
x 0 33018
p 0 223 33018
x 0 33019
p 0 250 33019
x 0 33020
p 0 273 33020
x 0 33021
p 0 269 33021
x 0 33022
p 0 241 33022
x 0 33023
p 0 219 33023
x 0 33024
p 0 225 33024
x 0 33025
p 0 228 33025
x 0 33026
p 0 217 33026
x 0 33027
p 0 205 33027
x 0 33028
p 0 224 33028
x 0 33029
p 0 283 33029
x 0 33030
p 0 243 33030
x 0 33031
p 0 216 33031
x 0 33032
p 0 207 33032
x 0 33033
p 0 233 33033
x 0 33034
p 0 230 33034
x 0 33035
p 0 247 33035
x 0 33036
p 0 268 33036
x 0 33037
p 0 211 33037
x 0 33038
p 0 223 33038
x 0 33039
p 0 246 33039
x 0 33040
p 0 244 33040
x 0 33041
p 0 220 33041
x 0 33042
p 0 210 33042
x 0 33043
p 0 286 33043
x 0 33044
p 0 225 33044
x 0 33045
p 0 246 33045
x 0 33046
p 0 218 33046
x 0 33047
p 0 218 33047
x 0 33048
p 0 219 33048
x 0 33049
p 0 225 33049
x 0 33050
p 0 276 33050
x 0 33051
p 0 235 33051
x 0 33052
p 0 217 33052
x 0 33053
p 0 223 33053
x 0 33054
p 0 223 33054
x 0 33055
p 0 243 33055
x 0 33056
p 0 219 33056
x 0 33057
p 0 253 33057
x 0 33058
p 0 218 33058
x 0 33059
p 0 220 33059
x 0 33060
p 0 228 33060
x 0 33061
p 0 223 33061
x 0 33062
p 0 220 33062
x 0 33000
x 1 33001
h 1 10.0.0.6
p 1 862 33001
x 2 33002
h 2 10.0.0.6
p 2 204 33002
x 0 33003
h 0 10.0.0.6
p 0 197 33003
x 1 33004
p 1 245 33004
p 0 1028861 33000
x 0 33005
p 0 132 33005
x 0 33006
p 0 143 33006
x 0 33007
p 0 176 33007
x 0 33008
p 0 319 33008
x 0 33009
p 0 203 33009
x 0 33010
p 0 241 33010
x 0 33011
p 0 213 33011
x 0 33012
p 0 332 33012
x 0 33013
p 0 206 33013
x 0 33014
p 0 200 33014
x 0 33015
p 0 206 33015
x 0 33016
p 0 214 33016
x 0 33017
p 0 204 33017
x 0 33018
p 0 260 33018
x 0 33019
p 0 205 33019
x 0 33020
p 0 200 33020
x 0 33021
p 0 207 33021
x 0 33022
p 0 255 33022
x 0 33023
p 0 203 33023
x 0 33024
p 0 205 33024
x 0 33025
p 0 238 33025
x 0 33026
p 0 209 33026
x 0 33027
p 0 208 33027
x 0 33028
p 0 269 33028
x 0 33029
p 0 209 33029
x 0 33030
p 0 225 33030
x 0 33031
p 0 206 33031
x 0 33032
p 0 231 33032
x 0 33033
p 0 207 33033
x 0 33034
p 0 204 33034
x 0 33035
p 0 221 33035
x 0 33036
p 0 201 33036
x 0 33037
p 0 225 33037
x 0 33038
p 0 174 33038
x 0 33039
p 0 173 33039
x 0 33040
p 0 166 33040
x 0 33041
p 0 154 33041
x 0 33042
p 0 145 33042
x 0 33043
p 0 142 33043
x 0 33044
p 0 233 33044
x 0 33045
p 0 201 33045
x 0 33046
p 0 198 33046
x 0 33047
p 0 236 33047
x 0 33048
p 0 203 33048
x 0 33049
p 0 246 33049
x 0 33050
p 0 148 33050
x 0 33051
p 0 210 33051
x 0 33052
p 0 216 33052
x 0 33053
p 0 140 33053
x 0 33054
p 0 144 33054
x 0 33055
p 0 203 33055
x 0 33056
p 0 202 33056
x 0 33057
p 0 201 33057
x 0 33058
p 0 202 33058
x 0 33059
p 0 250 33059
x 0 33060
p 0 210 33060
x 0 33061
p 0 205 33061
x 0 33062
p 0 202 33062
x 0 33000
x 1 33001
h 1 10.0.0.6
p 1 913 33001
x 2 33002
h 2 10.0.0.6
p 2 202 33002
x 0 33003
h 0 10.0.0.6
p 0 260 33003
x 1 33004
p 1 203 33004
p 0 1030729 33000
x 0 33005
p 0 200 33005
x 0 33006
p 0 252 33006
x 0 33007
p 0 225 33007
x 0 33008
p 0 219 33008
x 0 33009
p 0 258 33009
x 0 33010
p 0 278 33010
x 0 33011
p 0 210 33011
x 0 33012
p 0 215 33012
x 0 33013
p 0 218 33013
x 0 33014
p 0 232 33014
x 0 33015
p 0 209 33015
x 0 33016
p 0 238 33016
x 0 33017
p 0 211 33017
x 0 33018
p 0 213 33018
x 0 33019
p 0 212 33019
x 0 33020
p 0 211 33020
x 0 33021
p 0 227 33021
x 0 33022
p 0 242 33022
x 0 33023
p 0 245 33023
x 0 33024
p 0 209 33024
x 0 33025
p 0 217 33025
x 0 33026
p 0 229 33026
x 0 33027
p 0 228 33027
x 0 33028
p 0 209 33028
x 0 33029
p 0 214 33029
x 0 33030
p 0 267 33030
x 0 33031
p 0 206 33031
x 0 33032
p 0 215 33032
x 0 33033
p 0 215 33033
x 0 33034
p 0 221 33034
x 0 33035
p 0 220 33035
x 0 33036
p 0 231 33036
x 0 33037
p 0 219 33037
x 0 33038
p 0 305 33038
x 0 33039
p 0 214 33039
x 0 33040
p 0 210 33040
x 0 33041
p 0 205 33041
x 0 33042
p 0 210 33042
x 0 33043
p 0 222 33043
x 0 33044
p 0 228 33044
x 0 33045
p 0 211 33045
x 0 33046
p 0 295 33046
x 0 33047
p 0 299 33047
x 0 33048
p 0 208 33048
x 0 33049
p 0 299 33049
x 0 33050
p 0 290 33050
x 0 33051
p 0 242 33051
x 0 33052
p 0 217 33052
x 0 33053
p 0 152 33053
x 0 33054
p 0 161 33054
x 0 33055
p 0 202 33055
x 0 33056
p 0 198 33056
x 0 33057
p 0 212 33057
x 0 33058
p 0 320 33058
x 0 33059
p 0 287 33059
x 0 33060
p 0 207 33060
x 0 33061
p 0 207 33061
x 0 33062
p 0 299 33062
x 0 33000
x 1 33001
h 1 10.0.0.6
p 1 948 33001
x 2 33002
h 2 10.0.0.6
p 2 198 33002
x 0 33003
h 0 10.0.0.6
p 0 207 33003
x 1 33004
p 1 205 33004
p 0 1023561 33000
x 0 33005
p 0 200 33005
x 0 33006
p 0 238 33006
x 0 33007
p 0 206 33007
x 0 33008
p 0 207 33008
x 0 33009
p 0 208 33009
x 0 33010
p 0 198 33010
x 0 33011
p 0 203 33011
x 0 33012
p 0 202 33012
x 0 33013
p 0 201 33013
x 0 33014
p 0 212 33014
x 0 33015
p 0 208 33015
x 0 33016
p 0 203 33016
x 0 33017
p 0 202 33017
x 0 33018
p 0 200 33018
x 0 33019
p 0 203 33019
x 0 33020
p 0 199 33020
x 0 33021
p 0 203 33021
x 0 33022
p 0 202 33022
x 0 33023
p 0 206 33023
x 0 33024
p 0 201 33024
x 0 33025
p 0 206 33025
x 0 33026
p 0 203 33026
x 0 33027
p 0 202 33027
x 0 33028
p 0 219 33028
x 0 33029
p 0 200 33029
x 0 33030
p 0 205 33030
x 0 33031
p 0 201 33031
x 0 33032
p 0 200 33032
x 0 33033
p 0 203 33033
x 0 33034
p 0 215 33034
x 0 33035
p 0 226 33035
x 0 33036
p 0 224 33036
x 0 33037
p 0 206 33037
x 0 33038
p 0 215 33038
x 0 33039
p 0 213 33039
x 0 33040
p 0 212 33040
x 0 33041
p 0 207 33041
x 0 33042
p 0 218 33042
x 0 33043
p 0 217 33043
x 0 33044
p 0 204 33044
x 0 33045
p 0 226 33045
x 0 33046
p 0 213 33046
x 0 33047
p 0 210 33047
x 0 33048
p 0 217 33048
x 0 33049
p 0 232 33049
x 0 33050
p 0 215 33050
x 0 33051
p 0 218 33051
x 0 33052
p 0 244 33052
x 0 33053
p 0 270 33053
x 0 33054
p 0 219 33054
x 0 33055
p 0 224 33055
x 0 33056
p 0 214 33056
x 0 33057
p 0 216 33057
x 0 33058
p 0 212 33058
x 0 33059
p 0 244 33059
x 0 33060
p 0 214 33060
x 0 33061
p 0 221 33061
x 0 33062
p 0 222 33062
x 0 33000
x 1 33001
h 1 10.0.0.6
p 1 926 33001
x 2 33002
h 2 10.0.0.6
p 2 198 33002
x 0 33003
h 0 10.0.0.6
p 0 199 33003
x 1 33004
p 1 199 33004
p 0 1019830 33000
x 0 33005
p 0 263 33005
x 0 33006
p 0 358 33006
x 0 33007
p 0 381 33007
x 0 33008
p 0 320 33008
x 0 33009
p 0 210 33009
x 0 33010
p 0 222 33010
x 0 33011
p 0 264 33011
x 0 33012
p 0 198 33012
x 0 33013
p 0 200 33013
x 0 33014
p 0 303 33014
x 0 33015
p 0 18814 33015
x 0 33016
p 0 205 33016
x 0 33017
p 0 203 33017
x 0 33018
p 0 237 33018
x 0 33019
p 0 203 33019
x 0 33020
p 0 207 33020
x 0 33021
p 0 214 33021
x 0 33022
p 0 216 33022
x 0 33023
p 0 206 33023
x 0 33024
p 0 238 33024
x 0 33025
p 0 337 33025
x 0 33026
p 0 210 33026
x 0 33027
p 0 214 33027
x 0 33028
p 0 205 33028
x 0 33029
p 0 203 33029
x 0 33030
p 0 322 33030
x 0 33031
p 0 247 33031
x 0 33032
p 0 206 33032
x 0 33033
p 0 201 33033
x 0 33034
p 0 200 33034
x 0 33035
p 0 213 33035
x 0 33036
p 0 242 33036
x 0 33037
p 0 216 33037
x 0 33038
p 0 203 33038
x 0 33039
p 0 205 33039
x 0 33040
p 0 209 33040
x 0 33041
p 0 153 33041
x 0 33042
p 0 247 33042
x 0 33043
p 0 200 33043
x 0 33044
p 0 229 33044
x 0 33045
p 0 211 33045
x 0 33046
p 0 220 33046
x 0 33047
p 0 207 33047
x 0 33048
p 0 202 33048
x 0 33049
p 0 202 33049
x 0 33050
p 0 207 33050
x 0 33051
p 0 213 33051
x 0 33052
p 0 257 33052
x 0 33053
p 0 204 33053
x 0 33054
p 0 229 33054
x 0 33055
p 0 210 33055
x 0 33056
p 0 249 33056
x 0 33057
p 0 215 33057
x 0 33058
p 0 202 33058
x 0 33059
p 0 203 33059
x 0 33060
p 0 209 33060
x 0 33061
p 0 211 33061
x 0 33062
p 0 269 33062
x 0 33000
x 1 33001
h 1 10.0.0.6
p 1 826 33001
x 2 33002
h 2 10.0.0.6
p 2 200 33002
x 0 33003
h 0 10.0.0.6
p 0 201 33003
x 1 33004
p 1 243 33004
p 0 1012467 33000
x 0 33005
p 0 201 33005
x 0 33006
p 0 212 33006
x 0 33007
p 0 223 33007
x 0 33008
p 0 239 33008
x 0 33009
p 0 260 33009
x 0 33010
p 0 309 33010
x 0 33011
p 0 337 33011
x 0 33012
p 0 211 33012
x 0 33013
p 0 207 33013
x 0 33014
p 0 202 33014
x 0 33015
p 0 205 33015
x 0 33016
p 0 208 33016
x 0 33017
p 0 237 33017
x 0 33018
p 0 207 33018
x 0 33019
p 0 204 33019
x 0 33020
p 0 205 33020
x 0 33021
p 0 206 33021
x 0 33022
p 0 246 33022
x 0 33023
p 0 213 33023
x 0 33024
p 0 242 33024
x 0 33025
p 0 203 33025
x 0 33026
p 0 209 33026
x 0 33027
p 0 207 33027
x 0 33028
p 0 210 33028
x 0 33029
p 0 206 33029
x 0 33030
p 0 204 33030
x 0 33031
p 0 340 33031
x 0 33032
p 0 207 33032
x 0 33033
p 0 205 33033
x 0 33034
p 0 216 33034
x 0 33035
p 0 254 33035
x 0 33036
p 0 236 33036
x 0 33037
p 0 226 33037
x 0 33038
p 0 223 33038
x 0 33039
p 0 217 33039
x 0 33040
p 0 215 33040
x 0 33041
p 0 217 33041
x 0 33042
p 0 226 33042
x 0 33043
p 0 222 33043
x 0 33044
p 0 221 33044
x 0 33045
p 0 145 33045
x 0 33046
p 0 220 33046
x 0 33047
p 0 219 33047
x 0 33048
p 0 220 33048
x 0 33049
p 0 253 33049
x 0 33050
p 0 212 33050
x 0 33051
p 0 225 33051
x 0 33052
p 0 229 33052
x 0 33053
p 0 222 33053
x 0 33054
p 0 229 33054
x 0 33055
p 0 277 33055
x 0 33056
p 0 218 33056
x 0 33057
p 0 221 33057
x 0 33058
p 0 217 33058
x 0 33059
p 0 857 33059
x 0 33060
p 0 363 33060
x 0 33061
p 0 318 33061
x 0 33062
p 0 338 33062
x 0 33000
x 1 33001
h 1 10.0.0.6
p 1 806 33001
x 2 33002
h 2 10.0.0.6
p 2 241 33002
x 0 33003
h 0 10.0.0.6
p 0 228 33003
x 1 33004
p 1 232 33004
p 0 1007726 33000
x 0 33005
p 0 225 33005
x 0 33006
p 0 283 33006
x 0 33007
p 0 284 33007
x 0 33008
p 0 239 33008
x 0 33009
p 0 249 33009
x 0 33010
p 0 270 33010
x 0 33011
p 0 218 33011
x 0 33012
p 0 227 33012
x 0 33013
p 0 269 33013
x 0 33014
p 0 252 33014
x 0 33015
p 0 220 33015
x 0 33016
p 0 260 33016
x 0 33017
p 0 215 33017
x 0 33018
p 0 216 33018
x 0 33019
p 0 289 33019
x 0 33020
p 0 263 33020
x 0 33021
p 0 219 33021
x 0 33022
p 0 231 33022
x 0 33023
p 0 244 33023
x 0 33024
p 0 252 33024
x 0 33025
p 0 213 33025
x 0 33026
p 0 218 33026
x 0 33027
p 0 259 33027
x 0 33028
p 0 210 33028
x 0 33029
p 0 231 33029
x 0 33030
p 0 231 33030
x 0 33031
p 0 218 33031
x 0 33032
p 0 252 33032
x 0 33033
p 0 209 33033
x 0 33034
p 0 280 33034
x 0 33035
p 0 237 33035
x 0 33036
p 0 216 33036
x 0 33037
p 0 241 33037
x 0 33038
p 0 212 33038
x 0 33039
p 0 218 33039
x 0 33040
p 0 247 33040
x 0 33041
p 0 255 33041
x 0 33042
p 0 251 33042
x 0 33043
p 0 209 33043
x 0 33044
p 0 224 33044
x 0 33045
p 0 223 33045
x 0 33046
p 0 224 33046
x 0 33047
p 0 233 33047
x 0 33048
p 0 238 33048
x 0 33049
p 0 286 33049
x 0 33050
p 0 205 33050
x 0 33051
p 0 221 33051
x 0 33052
p 0 224 33052
x 0 33053
p 0 231 33053
x 0 33054
p 0 274 33054
x 0 33055
p 0 218 33055
x 0 33056
p 0 230 33056
x 0 33057
p 0 210 33057
x 0 33058
p 0 211 33058
x 0 33059
p 0 211 33059
x 0 33060
p 0 208 33060
x 0 33061
p 0 209 33061
x 0 33062
p 0 211 33062
x 0 33000
x 1 33001
h 1 10.0.0.6
p 1 1070 33001
x 2 33002
h 2 10.0.0.6
p 2 228 33002
x 0 33003
h 0 10.0.0.6
p 0 229 33003
x 1 33004
p 1 97 33004
p 0 1023991 33000
x 0 33005
p 0 414 33005
x 0 33006
p 0 183 33006
x 0 33007
p 0 176 33007
x 0 33008
p 0 188 33008
x 0 33009
p 0 226 33009
x 0 33010
p 0 176 33010
x 0 33011
p 0 200 33011
x 0 33012
p 0 200 33012
x 0 33013
p 0 200 33013
x 0 33014
p 0 201 33014
x 0 33015
p 0 199 33015
x 0 33016
p 0 248 33016
x 0 33017
p 0 239 33017
x 0 33018
p 0 265 33018
x 0 33019
p 0 262 33019
x 0 33020
p 0 260 33020
x 0 33021
p 0 260 33021
x 0 33022
p 0 172 33022
x 0 33023
p 0 173 33023
x 0 33024
p 0 247 33024
x 0 33025
p 0 315 33025
x 0 33026
p 0 212 33026
x 0 33027
p 0 210 33027
x 0 33028
p 0 519 33028
x 0 33029
p 0 174 33029
x 0 33030
p 0 209 33030
x 0 33031
p 0 383 33031
x 0 33032
p 0 187 33032
x 0 33033
p 0 199 33033
x 0 33034
p 0 200 33034
x 0 33035
p 0 213 33035
x 0 33036
p 0 161 33036
x 0 33037
p 0 538 33037
x 0 33038
p 0 197 33038
x 0 33039
p 0 209 33039
x 0 33040
p 0 252 33040
x 0 33041
p 0 177 33041
x 0 33042
p 0 171 33042
x 0 33043
p 0 225 33043
x 0 33044
p 0 146 33044
x 0 33045
p 0 213 33045
x 0 33046
p 0 172 33046
x 0 33047
p 0 172 33047
x 0 33048
p 0 158 33048
x 0 33049
p 0 158 33049
x 0 33050
p 0 199 33050
x 0 33051
p 0 202 33051
x 0 33052
p 0 223 33052
x 0 33053
p 0 153 33053
x 0 33054
p 0 209 33054
x 0 33055
p 0 213 33055
x 0 33056
p 0 194 33056
x 0 33057
p 0 169 33057
x 0 33058
p 0 164 33058
x 0 33059
p 0 176 33059
x 0 33060
p 0 175 33060
x 0 33061
p 0 159 33061
x 0 33062
p 0 164 33062
x 0 33000
x 1 33001
h 1 10.0.0.6
p 1 605 33001
x 2 33002
h 2 10.0.0.6
p 2 112 33002
x 0 33003
h 0 10.0.0.6
p 0 169 33003
x 1 33004
p 1 234 33004
p 0 1019371 33000
x 0 33005
p 0 168 33005
x 0 33006
p 0 169 33006
x 0 33007
p 0 233 33007
x 0 33008
p 0 294 33008
x 0 33009
p 0 223 33009
x 0 33010
p 0 227 33010
x 0 33011
p 0 209 33011
x 0 33012
p 0 216 33012
x 0 33013
p 0 225 33013
x 0 33014
p 0 251 33014
x 0 33015
p 0 210 33015
x 0 33016
p 0 208 33016
x 0 33017
p 0 242 33017
x 0 33018
p 0 217 33018
x 0 33019
p 0 227 33019
x 0 33020
p 0 211 33020
x 0 33021
p 0 234 33021
x 0 33022
p 0 414 33022
x 0 33023
p 0 251 33023
x 0 33024
p 0 225 33024
x 0 33025
p 0 213 33025
x 0 33026
p 0 200 33026
x 0 33027
p 0 236 33027
x 0 33028
p 0 250 33028
x 0 33029
p 0 305 33029
x 0 33030
p 0 210 33030
x 0 33031
p 0 203 33031
x 0 33032
p 0 209 33032
x 0 33033
p 0 206 33033
x 0 33034
p 0 227 33034
x 0 33035
p 0 254 33035
x 0 33036
p 0 202 33036
x 0 33037
p 0 243 33037
x 0 33038
p 0 240 33038
x 0 33039
p 0 224 33039
x 0 33040
p 0 211 33040
x 0 33041
p 0 201 33041
x 0 33042
p 0 241 33042
x 0 33043
p 0 215 33043
x 0 33044
p 0 227 33044
x 0 33045
p 0 214 33045
x 0 33046
p 0 207 33046
x 0 33047
p 0 218 33047
x 0 33048
p 0 232 33048
x 0 33049
p 0 231 33049
x 0 33050
p 0 213 33050
x 0 33051
p 0 198 33051
x 0 33052
p 0 206 33052
x 0 33053
p 0 208 33053
x 0 33054
p 0 225 33054
x 0 33055
p 0 242 33055
x 0 33056
p 0 234 33056
x 0 33057
p 0 206 33057
x 0 33058
p 0 216 33058
x 0 33059
p 0 220 33059
x 0 33060
p 0 214 33060
x 0 33061
p 0 199 33061
x 0 33062
p 0 200 33062
x 0 33000
x 1 33001
h 1 10.0.0.6
p 1 865 33001
x 2 33002
h 2 10.0.0.6
p 2 220 33002
x 0 33003
h 0 10.0.0.6
p 0 238 33003
x 1 33004
p 1 208 33004
p 0 1005853 33000
x 0 33005
p 0 208 33005
x 0 33006
p 0 219 33006
x 0 33007
p 0 227 33007
x 0 33008
p 0 212 33008
x 0 33009
p 0 220 33009
x 0 33010
p 0 218 33010
x 0 33011
p 0 211 33011
x 0 33012
p 0 221 33012
x 0 33013
p 0 224 33013
x 0 33014
p 0 230 33014
x 0 33015
p 0 199 33015
x 0 33016
p 0 222 33016
x 0 33017
p 0 216 33017
x 0 33018
p 0 236 33018
x 0 33019
p 0 213 33019
x 0 33020
p 0 203 33020
x 0 33021
p 0 210 33021
x 0 33022
p 0 221 33022
x 0 33023
p 0 214 33023
x 0 33024
p 0 210 33024
x 0 33025
p 0 231 33025
x 0 33026
p 0 229 33026
x 0 33027
p 0 215 33027
x 0 33028
p 0 207 33028
x 0 33029
p 0 214 33029
x 0 33030
p 0 198 33030
x 0 33031
p 0 209 33031
x 0 33032
p 0 217 33032
x 0 33033
p 0 155 33033
x 0 33034
p 0 156 33034
x 0 33035
p 0 148 33035
x 0 33036
p 0 158 33036
x 0 33037
p 0 153 33037
x 0 33038
p 0 156 33038
x 0 33039
p 0 149 33039
x 0 33040
p 0 202 33040
x 0 33041
p 0 209 33041
x 0 33042
p 0 216 33042
x 0 33043
p 0 145 33043
x 0 33044
p 0 152 33044
x 0 33045
p 0 199 33045
x 0 33046
p 0 235 33046
x 0 33047
p 0 221 33047
x 0 33048
p 0 148 33048
x 0 33049
p 0 221 33049
x 0 33050
p 0 206 33050
x 0 33051
p 0 249 33051
x 0 33052
p 0 235 33052
x 0 33053
p 0 210 33053
x 0 33054
p 0 226 33054
x 0 33055
p 0 199 33055
x 0 33056
p 0 214 33056
x 0 33057
p 0 209 33057
x 0 33058
p 0 207 33058
x 0 33059
p 0 231 33059
x 0 33060
p 0 310 33060
x 0 33061
p 0 228 33061
x 0 33062
p 0 220 33062
x 0 33000
x 1 33001
h 1 10.0.0.6
p 1 832 33001
x 2 33002
h 2 10.0.0.6
p 2 213 33002
x 0 33003
h 0 10.0.0.6
p 0 200 33003
x 1 33004
p 1 197 33004
p 0 1013735 33000
x 0 33005
p 0 171 33005
x 0 33006
p 0 313 33006
x 0 33007
p 0 195 33007
x 0 33008
p 0 202 33008
x 0 33009
p 0 211 33009
x 0 33010
p 0 414 33010
x 0 33011
p 0 221 33011
x 0 33012
p 0 210 33012
x 0 33013
p 0 208 33013
x 0 33014
p 0 203 33014
x 0 33015
p 0 209 33015
x 0 33016
p 0 207 33016
x 0 33017
p 0 238 33017
x 0 33018
p 0 199 33018
x 0 33019
p 0 202 33019
x 0 33020
p 0 208 33020
x 0 33021
p 0 206 33021
x 0 33022
p 0 305 33022
x 0 33023
p 0 240 33023
x 0 33024
p 0 209 33024
x 0 33025
p 0 288 33025
x 0 33026
p 0 209 33026
x 0 33027
p 0 247 33027
x 0 33028
p 0 200 33028
x 0 33029
p 0 204 33029
x 0 33030
p 0 230 33030
x 0 33031
p 0 212 33031
x 0 33032
p 0 246 33032
x 0 33033
p 0 201 33033
x 0 33034
p 0 207 33034
x 0 33035
p 0 226 33035
x 0 33036
p 0 208 33036
x 0 33037
p 0 218 33037
x 0 33038
p 0 293 33038
x 0 33039
p 0 335 33039
x 0 33040
p 0 284 33040
x 0 33041
p 0 214 33041
x 0 33042
p 0 240 33042
x 0 33043
p 0 202 33043
x 0 33044
p 0 213 33044
x 0 33045
p 0 226 33045
x 0 33046
p 0 208 33046
x 0 33047
p 0 206 33047
x 0 33048
p 0 202 33048
x 0 33049
p 0 238 33049
x 0 33050
p 0 223 33050
x 0 33051
p 0 203 33051
x 0 33052
p 0 204 33052
x 0 33053
p 0 200 33053
x 0 33054
p 0 297 33054
x 0 33055
p 0 320 33055
x 0 33056
p 0 228 33056
x 0 33057
p 0 204 33057
x 0 33058
p 0 204 33058
x 0 33059
p 0 211 33059
x 0 33060
p 0 223 33060
x 0 33061
p 0 210 33061
x 0 33062
p 0 213 33062
x 0 33000
x 1 33001
h 1 10.0.0.6
p 1 1193 33001
x 2 33002
h 2 10.0.0.6
p 2 214 33002
x 0 33003
h 0 10.0.0.6
p 0 231 33003
x 1 33004
p 1 216 33004
p 0 1001574 33000
x 0 33005
p 0 211 33005
x 0 33006
p 0 216 33006
x 0 33007
p 0 221 33007
x 0 33008
p 0 332 33008
x 0 33009
p 0 237 33009
x 0 33010
p 0 174 33010
x 0 33011
p 0 313 33011
x 0 33012
p 0 209 33012
x 0 33013
p 0 210 33013
x 0 33014
p 0 208 33014
x 0 33015
p 0 216 33015
x 0 33016
p 0 206 33016
x 0 33017
p 0 210 33017
x 0 33018
p 0 209 33018
x 0 33019
p 0 202 33019
x 0 33020
p 0 209 33020
x 0 33021
p 0 206 33021
x 0 33022
p 0 206 33022
x 0 33023
p 0 212 33023
x 0 33024
p 0 205 33024
x 0 33025
p 0 204 33025
x 0 33026
p 0 206 33026
x 0 33027
p 0 211 33027
x 0 33028
p 0 205 33028
x 0 33029
p 0 206 33029
x 0 33030
p 0 238 33030
x 0 33031
p 0 203 33031
x 0 33032
p 0 289 33032
x 0 33033
p 0 212 33033
x 0 33034
p 0 209 33034
x 0 33035
p 0 260 33035
x 0 33036
p 0 208 33036
x 0 33037
p 0 211 33037
x 0 33038
p 0 206 33038
x 0 33039
p 0 204 33039
x 0 33040
p 0 254 33040
x 0 33041
p 0 183 33041
x 0 33042
p 0 207 33042
x 0 33043
p 0 212 33043
x 0 33044
p 0 178 33044
x 0 33045
p 0 163 33045
x 0 33046
p 0 182 33046
x 0 33047
p 0 189 33047
x 0 33048
p 0 169 33048
x 0 33049
p 0 170 33049
x 0 33050
p 0 163 33050
x 0 33051
p 0 169 33051
x 0 33052
p 0 167 33052
x 0 33053
p 0 149 33053
x 0 33054
p 0 205 33054
x 0 33055
p 0 165 33055
x 0 33056
p 0 146 33056
x 0 33057
p 0 203 33057
x 0 33058
p 0 148 33058
x 0 33059
p 0 218 33059
x 0 33060
p 0 160 33060
x 0 33061
p 0 147 33061
x 0 33062
p 0 242 33062
x 0 33000
x 1 33001
h 1 10.0.0.6
p 1 1217 33001
x 2 33002
h 2 10.0.0.6
p 2 227 33002
x 0 33003
h 0 10.0.0.6
p 0 197 33003
x 1 33004
p 1 86 33004
p 0 1019659 33000
x 0 33005
p 0 240 33005
x 0 33006
p 0 240 33006
x 0 33007
p 0 321 33007
x 0 33008
p 0 212 33008
x 0 33009
p 0 231 33009
x 0 33010
p 0 289 33010
x 0 33011
p 0 228 33011
x 0 33012
p 0 230 33012
x 0 33013
p 0 241 33013
x 0 33014
p 0 366 33014
x 0 33015
p 0 301 33015
x 0 33016
p 0 213 33016
x 0 33017
p 0 206 33017
x 0 33018
p 0 205 33018
x 0 33019
p 0 371 33019
x 0 33020
p 0 246 33020
x 0 33021
p 0 214 33021
x 0 33022
p 0 210 33022
x 0 33023
p 0 203 33023
x 0 33024
p 0 209 33024
x 0 33025
p 0 213 33025
x 0 33026
p 0 210 33026
x 0 33027
p 0 247 33027
x 0 33028
p 0 374 33028
x 0 33029
p 0 332 33029
x 0 33030
p 0 219 33030
x 0 33031
p 0 364 33031
x 0 33032
p 0 322 33032
x 0 33033
p 0 267 33033
x 0 33034
p 0 241 33034
x 0 33035
p 0 170 33035
x 0 33036
p 0 209 33036
x 0 33037
p 0 245 33037
x 0 33038
p 0 207 33038
x 0 33039
p 0 212 33039
x 0 33040
p 0 210 33040
x 0 33041
p 0 207 33041
x 0 33042
p 0 208 33042
x 0 33043
p 0 205 33043
x 0 33044
p 0 212 33044
x 0 33045
p 0 214 33045
x 0 33046
p 0 211 33046
x 0 33047
p 0 210 33047
x 0 33048
p 0 207 33048
x 0 33049
p 0 211 33049
x 0 33050
p 0 238 33050
x 0 33051
p 0 218 33051
x 0 33052
p 0 361 33052
x 0 33053
p 0 329 33053
x 0 33054
p 0 317 33054
x 0 33055
p 0 314 33055
x 0 33056
p 0 206 33056
x 0 33057
p 0 242 33057
x 0 33058
p 0 203 33058
x 0 33059
p 0 211 33059
x 0 33060
p 0 206 33060
x 0 33061
p 0 205 33061
x 0 33062
p 0 209 33062
x 0 33000
x 1 33001
h 1 10.0.0.6
p 1 970 33001
x 2 33002
h 2 10.0.0.6
p 2 200 33002
x 0 33003
h 0 10.0.0.6
p 0 200 33003
x 1 33004
p 1 204 33004
p 0 1001935 33000
x 0 33005
p 0 187 33005
x 0 33006
p 0 208 33006
x 0 33007
p 0 226 33007
x 0 33008
p 0 302 33008
x 0 33009
p 0 208 33009
x 0 33010
p 0 411 33010
x 0 33011
p 0 210 33011
x 0 33012
p 0 335 33012
x 0 33013
p 0 226 33013
x 0 33014
p 0 279 33014
x 0 33015
p 0 200 33015
x 0 33016
p 0 202 33016
x 0 33017
p 0 212 33017
x 0 33018
p 0 271 33018
x 0 33019
p 0 210 33019
x 0 33020
p 0 231 33020
x 0 33021
p 0 200 33021
x 0 33022
p 0 217 33022
x 0 33023
p 0 215 33023
x 0 33024
p 0 212 33024
x 0 33025
p 0 269 33025
x 0 33026
p 0 208 33026
x 0 33027
p 0 208 33027
x 0 33028
p 0 208 33028
x 0 33029
p 0 205 33029
x 0 33030
p 0 228 33030
x 0 33031
p 0 232 33031
x 0 33032
p 0 266 33032
x 0 33033
p 0 208 33033
x 0 33034
p 0 215 33034
x 0 33035
p 0 216 33035
x 0 33036
p 0 205 33036
x 0 33037
p 0 220 33037
x 0 33038
p 0 227 33038
x 0 33039
p 0 214 33039
x 0 33040
p 0 228 33040
x 0 33041
p 0 209 33041
x 0 33042
p 0 217 33042
x 0 33043
p 0 219 33043
x 0 33044
p 0 216 33044
x 0 33045
p 0 228 33045
x 0 33046
p 0 258 33046
x 0 33047
p 0 225 33047
x 0 33048
p 0 223 33048
x 0 33049
p 0 215 33049
x 0 33050
p 0 240 33050
x 0 33051
p 0 211 33051
x 0 33052
p 0 211 33052
x 0 33053
p 0 280 33053
x 0 33054
p 0 218 33054
x 0 33055
p 0 229 33055
x 0 33056
p 0 209 33056
x 0 33057
p 0 212 33057
x 0 33058
p 0 219 33058
x 0 33059
p 0 218 33059
x 0 33060
p 0 289 33060
x 0 33061
p 0 211 33061
x 0 33062
p 0 218 33062
x 0 33000
x 1 33001
h 1 10.0.0.6
p 1 1240 33001
x 2 33002
h 2 10.0.0.6
p 2 198 33002
x 0 33003
h 0 10.0.0.6
p 0 197 33003
x 1 33004
p 1 197 33004
p 0 1030955 33000
x 0 33005
p 0 198 33005
x 0 33006
p 0 201 33006
x 0 33007
p 0 198 33007
x 0 33008
p 0 201 33008
x 0 33009
p 0 248 33009
x 0 33010
p 0 273 33010
x 0 33011
p 0 224 33011
x 0 33012
p 0 206 33012
x 0 33013
p 0 225 33013
x 0 33014
p 0 219 33014
x 0 33015
p 0 223 33015
x 0 33016
p 0 330 33016
x 0 33017
p 0 282 33017
x 0 33018
p 0 242 33018
x 0 33019
p 0 231 33019
x 0 33020
p 0 222 33020
x 0 33021
p 0 227 33021
x 0 33022
p 0 207 33022
x 0 33023
p 0 215 33023
x 0 33024
p 0 266 33024
x 0 33025
p 0 224 33025
x 0 33026
p 0 214 33026
x 0 33027
p 0 209 33027
x 0 33028
p 0 219 33028
x 0 33029
p 0 231 33029
x 0 33030
p 0 253 33030
x 0 33031
p 0 214 33031
x 0 33032
p 0 207 33032
x 0 33033
p 0 225 33033
x 0 33034
p 0 240 33034
x 0 33035
p 0 226 33035
x 0 33036
p 0 229 33036
x 0 33037
p 0 275 33037
x 0 33038
p 0 249 33038
x 0 33039
p 0 229 33039
x 0 33040
p 0 231 33040
x 0 33041
p 0 215 33041
x 0 33042
p 0 210 33042
x 0 33043
p 0 219 33043
x 0 33044
p 0 306 33044
x 0 33045
p 0 232 33045
x 0 33046
p 0 221 33046
x 0 33047
p 0 210 33047
x 0 33048
p 0 247 33048
x 0 33049
p 0 243 33049
x 0 33050
p 0 227 33050
x 0 33051
p 0 223 33051
x 0 33052
p 0 218 33052
x 0 33053
p 0 223 33053
x 0 33054
p 0 240 33054
x 0 33055
p 0 231 33055
x 0 33056
p 0 233 33056
x 0 33057
p 0 212 33057
x 0 33058
p 0 237 33058
x 0 33059
p 0 245 33059
x 0 33060
p 0 228 33060
x 0 33061
p 0 223 33061
x 0 33062
p 0 211 33062
x 0 33000
x 1 33001
h 1 10.0.0.6
p 1 414 33001
x 2 33002
h 2 10.0.0.6
p 2 128 33002
x 0 33003
h 0 10.0.0.6
p 0 201 33003
x 1 33004
p 1 204 33004
p 0 1024380 33000
x 0 33005
p 0 202 33005
x 0 33006
p 0 218 33006
x 0 33007
p 0 250 33007
x 0 33008
p 0 226 33008
x 0 33009
p 0 226 33009
x 0 33010
p 0 235 33010
x 0 33011
p 0 221 33011
x 0 33012
p 0 212 33012
x 0 33013
p 0 266 33013
x 0 33014
p 0 215 33014
x 0 33015
p 0 226 33015
x 0 33016
p 0 223 33016
x 0 33017
p 0 245 33017
x 0 33018
p 0 247 33018
x 0 33019
p 0 227 33019
x 0 33020
p 0 219 33020
x 0 33021
p 0 230 33021
x 0 33022
p 0 211 33022
x 0 33023
p 0 247 33023
x 0 33024
p 0 231 33024
x 0 33025
p 0 223 33025
x 0 33026
p 0 214 33026
x 0 33027
p 0 218 33027
x 0 33028
p 0 272 33028
x 0 33029
p 0 239 33029
x 0 33030
p 0 213 33030
x 0 33031
p 0 214 33031
x 0 33032
p 0 203 33032
x 0 33033
p 0 165 33033
x 0 33034
p 0 208 33034
x 0 33035
p 0 213 33035
x 0 33036
p 0 206 33036
x 0 33037
p 0 210 33037
x 0 33038
p 0 290 33038
x 0 33039
p 0 207 33039
x 0 33040
p 0 206 33040
x 0 33041
p 0 204 33041
x 0 33042
p 0 212 33042
x 0 33043
p 0 224 33043
x 0 33044
p 0 209 33044
x 0 33045
p 0 221 33045
x 0 33046
p 0 233 33046
x 0 33047
p 0 213 33047
x 0 33048
p 0 256 33048
x 0 33049
p 0 229 33049
x 0 33050
p 0 225 33050
x 0 33051
p 0 204 33051
x 0 33052
p 0 216 33052
x 0 33053
p 0 220 33053
x 0 33054
p 0 210 33054
x 0 33055
p 0 209 33055
x 0 33056
p 0 212 33056
x 0 33057
p 0 232 33057
x 0 33058
p 0 263 33058
x 0 33059
p 0 227 33059
x 0 33060
p 0 222 33060
x 0 33061
p 0 208 33061
x 0 33062
p 0 211 33062
x 0 33000
x 1 33001
h 1 10.0.0.6
p 1 796 33001
x 2 33002
h 2 10.0.0.6
p 2 273 33002
x 0 33003
h 0 10.0.0.6
p 0 229 33003
x 1 33004
p 1 204 33004
p 0 1006642 33000
x 0 33005
p 0 185 33005
x 0 33006
p 0 154 33006
x 0 33007
p 0 166 33007
x 0 33008
p 0 174 33008
x 0 33009
p 0 174 33009
x 0 33010
p 0 219 33010
x 0 33011
p 0 368 33011
x 0 33012
p 0 366 33012
x 0 33013
p 0 250 33013
x 0 33014
p 0 395 33014
x 0 33015
p 0 247 33015
x 0 33016
p 0 235 33016
x 0 33017
p 0 270 33017
x 0 33018
p 0 245 33018
x 0 33019
p 0 208 33019
x 0 33020
p 0 239 33020
x 0 33021
p 0 252 33021
x 0 33022
p 0 219 33022
x 0 33023
p 0 218 33023
x 0 33024
p 0 250 33024
x 0 33025
p 0 210 33025
x 0 33026
p 0 248 33026
x 0 33027
p 0 211 33027
x 0 33028
p 0 207 33028
x 0 33029
p 0 259 33029
x 0 33030
p 0 211 33030
x 0 33031
p 0 327 33031
x 0 33032
p 0 252 33032
x 0 33033
p 0 244 33033
x 0 33034
p 0 204 33034
x 0 33035
p 0 212 33035
x 0 33036
p 0 246 33036
x 0 33037
p 0 211 33037
x 0 33038
p 0 209 33038
x 0 33039
p 0 217 33039
x 0 33040
p 0 167 33040
x 0 33041
p 0 167 33041
x 0 33042
p 0 166 33042
x 0 33043
p 0 157 33043
x 0 33044
p 0 153 33044
x 0 33045
p 0 104 33045
x 0 33046
p 0 170 33046
x 0 33047
p 0 157 33047
x 0 33048
p 0 164 33048
x 0 33049
p 0 161 33049
x 0 33050
p 0 158 33050
x 0 33051
p 0 155 33051
x 0 33052
p 0 167 33052
x 0 33053
p 0 180 33053
x 0 33054
p 0 157 33054
x 0 33055
p 0 168 33055
x 0 33056
p 0 185 33056
x 0 33057
p 0 158 33057
x 0 33058
p 0 157 33058
x 0 33059
p 0 160 33059
x 0 33060
p 0 243 33060
x 0 33061
p 0 176 33061
x 0 33062
p 0 169 33062
x 0 33000
x 1 33001
h 1 10.0.0.6
p 1 1092 33001
x 2 33002
h 2 10.0.0.6
p 2 198 33002
x 0 33003
h 0 10.0.0.6
p 0 209 33003
x 1 33004
p 1 203 33004
p 0 1015669 33000
x 0 33005
p 0 204 33005
x 0 33006
p 0 225 33006
x 0 33007
p 0 226 33007
x 0 33008
p 0 211 33008
x 0 33009
p 0 204 33009
x 0 33010
p 0 203 33010
x 0 33011
p 0 202 33011
x 0 33012
p 0 153 33012
x 0 33013
p 0 204 33013
x 0 33014
p 0 312 33014
x 0 33015
p 0 212 33015
x 0 33016
p 0 205 33016
x 0 33017
p 0 204 33017
x 0 33018
p 0 204 33018
x 0 33019
p 0 202 33019
x 0 33020
p 0 236 33020
x 0 33021
p 0 234 33021
x 0 33022
p 0 215 33022
x 0 33023
p 0 207 33023
x 0 33024
p 0 205 33024
x 0 33025
p 0 200 33025
x 0 33026
p 0 218 33026
x 0 33027
p 0 205 33027
x 0 33028
p 0 222 33028
x 0 33029
p 0 225 33029
x 0 33030
p 0 205 33030
x 0 33031
p 0 207 33031
x 0 33032
p 0 204 33032
x 0 33033
p 0 207 33033
x 0 33034
p 0 223 33034
x 0 33035
p 0 214 33035
x 0 33036
p 0 211 33036
x 0 33037
p 0 203 33037
x 0 33038
p 0 147 33038
x 0 33039
p 0 146 33039
x 0 33040
p 0 148 33040
x 0 33041
p 0 149 33041
x 0 33042
p 0 303 33042
x 0 33043
p 0 147 33043
x 0 33044
p 0 149 33044
x 0 33045
p 0 180 33045
x 0 33046
p 0 256 33046
x 0 33047
p 0 205 33047
x 0 33048
p 0 205 33048
x 0 33049
p 0 209 33049
x 0 33050
p 0 206 33050
x 0 33051
p 0 202 33051
x 0 33052
p 0 202 33052
x 0 33053
p 0 246 33053
x 0 33054
p 0 210 33054
x 0 33055
p 0 206 33055
x 0 33056
p 0 206 33056
x 0 33057
p 0 206 33057
x 0 33058
p 0 207 33058
x 0 33059
p 0 211 33059
x 0 33060
p 0 238 33060
x 0 33061
p 0 267 33061
x 0 33062
p 0 233 33062
x 0 33000
x 1 33001
h 1 10.0.0.6
p 1 627 33001
x 2 33002
h 2 10.0.0.6
p 2 266 33002
x 0 33003
h 0 10.0.0.6
p 0 92 33003
x 1 33004
p 1 207 33004
p 0 1025733 33000
x 0 33005
p 0 222 33005
x 0 33006
p 0 176 33006
x 0 33007
p 0 223 33007
x 0 33008
p 0 215 33008
x 0 33009
p 0 231 33009
x 0 33010
p 0 225 33010
x 0 33011
p 0 224 33011
x 0 33012
p 0 275 33012
x 0 33013
p 0 212 33013
x 0 33014
p 0 219 33014
x 0 33015
p 0 253 33015
x 0 33016
p 0 802 33016
x 0 33017
p 0 228 33017
x 0 33018
p 0 206 33018
x 0 33019
p 0 258 33019
x 0 33020
p 0 220 33020
x 0 33021
p 0 223 33021
x 0 33022
p 0 230 33022
x 0 33023
p 0 212 33023
x 0 33024
p 0 216 33024
x 0 33025
p 0 212 33025
x 0 33026
p 0 218 33026
x 0 33027
p 0 224 33027
x 0 33028
p 0 207 33028
x 0 33029
p 0 217 33029
x 0 33030
p 0 219 33030
x 0 33031
p 0 221 33031
x 0 33032
p 0 233 33032
x 0 33033
p 0 252 33033
x 0 33034
p 0 231 33034
x 0 33035
p 0 223 33035
x 0 33036
p 0 226 33036
x 0 33037
p 0 222 33037
x 0 33038
p 0 204 33038
x 0 33039
p 0 236 33039
x 0 33040
p 0 258 33040
x 0 33041
p 0 227 33041
x 0 33042
p 0 215 33042
x 0 33043
p 0 206 33043
x 0 33044
p 0 225 33044
x 0 33045
p 0 218 33045
x 0 33046
p 0 220 33046
x 0 33047
p 0 216 33047
x 0 33048
p 0 209 33048
x 0 33049
p 0 228 33049
x 0 33050
p 0 219 33050
x 0 33051
p 0 228 33051
x 0 33052
p 0 219 33052
x 0 33053
p 0 208 33053
x 0 33054
p 0 282 33054
x 0 33055
p 0 220 33055
x 0 33056
p 0 226 33056
x 0 33057
p 0 218 33057
x 0 33058
p 0 144 33058
x 0 33059
p 0 150 33059
x 0 33060
p 0 149 33060
x 0 33061
p 0 147 33061
x 0 33062
p 0 211 33062
x 0 33000
x 1 33001
h 1 10.0.0.6
p 1 734 33001
x 2 33002
h 2 10.0.0.6
p 2 200 33002
x 0 33003
h 0 10.0.0.6
p 0 199 33003
x 1 33004
p 1 200 33004
p 0 1031525 33000
x 0 33005
p 0 199 33005
x 0 33006
p 0 211 33006
x 0 33007
p 0 218 33007
x 0 33008
p 0 231 33008
x 0 33009
p 0 238 33009
x 0 33010
p 0 276 33010
x 0 33011
p 0 232 33011
x 0 33012
p 0 215 33012
x 0 33013
p 0 226 33013
x 0 33014
p 0 222 33014
x 0 33015
p 0 214 33015
x 0 33016
p 0 220 33016
x 0 33017
p 0 303 33017
x 0 33018
p 0 225 33018
x 0 33019
p 0 227 33019
x 0 33020
p 0 217 33020
x 0 33021
p 0 249 33021
x 0 33022
p 0 219 33022
x 0 33023
p 0 244 33023
x 0 33024
p 0 218 33024
x 0 33025
p 0 222 33025
x 0 33026
p 0 213 33026
x 0 33027
p 0 211 33027
x 0 33028
p 0 223 33028
x 0 33029
p 0 234 33029
x 0 33030
p 0 261 33030
x 0 33031
p 0 242 33031
x 0 33032
p 0 206 33032
x 0 33033
p 0 216 33033
x 0 33034
p 0 223 33034
x 0 33035
p 0 255 33035
x 0 33036
p 0 238 33036
x 0 33037
p 0 214 33037
x 0 33038
p 0 231 33038
x 0 33039
p 0 169 33039
x 0 33040
p 0 221 33040
x 0 33041
p 0 281 33041
x 0 33042
p 0 214 33042
x 0 33043
p 0 188 33043
x 0 33044
p 0 139 33044
x 0 33045
p 0 221 33045
x 0 33046
p 0 216 33046
x 0 33047
p 0 206 33047
x 0 33048
p 0 134 33048
x 0 33049
p 0 210 33049
x 0 33050
p 0 216 33050
x 0 33051
p 0 229 33051
x 0 33052
p 0 251 33052
x 0 33053
p 0 339 33053
x 0 33054
p 0 229 33054
x 0 33055
p 0 219 33055
x 0 33056
p 0 223 33056
x 0 33057
p 0 296 33057
x 0 33058
p 0 231 33058
x 0 33059
p 0 232 33059
x 0 33060
p 0 221 33060
x 0 33061
p 0 248 33061
x 0 33062
p 0 215 33062
x 0 33000
x 1 33001
h 1 10.0.0.6
p 1 1201 33001
x 2 33002
h 2 10.0.0.6
p 2 194 33002
x 0 33003
h 0 10.0.0.6
p 0 220 33003
x 1 33004
p 1 199 33004
p 0 1014568 33000
x 0 33005
p 0 195 33005
x 0 33006
p 0 246 33006
x 0 33007
p 0 205 33007
x 0 33008
p 0 202 33008
x 0 33009
p 0 238 33009
x 0 33010
p 0 216 33010
x 0 33011
p 0 229 33011
x 0 33012
p 0 216 33012
x 0 33013
p 0 257 33013
x 0 33014
p 0 223 33014
x 0 33015
p 0 209 33015
x 0 33016
p 0 224 33016
x 0 33017
p 0 230 33017
x 0 33018
p 0 208 33018
x 0 33019
p 0 209 33019
x 0 33020
p 0 270 33020
x 0 33021
p 0 206 33021
x 0 33022
p 0 208 33022
x 0 33023
p 0 206 33023
x 0 33024
p 0 208 33024
x 0 33025
p 0 203 33025
x 0 33026
p 0 317 33026
x 0 33027
p 0 252 33027
x 0 33028
p 0 201 33028
x 0 33029
p 0 214 33029
x 0 33030
p 0 201 33030
x 0 33031
p 0 206 33031
x 0 33032
p 0 206 33032
x 0 33033
p 0 198 33033
x 0 33034
p 0 204 33034
x 0 33035
p 0 202 33035
x 0 33036
p 0 205 33036
x 0 33037
p 0 203 33037
x 0 33038
p 0 202 33038
x 0 33039
p 0 213 33039
x 0 33040
p 0 233 33040
x 0 33041
p 0 217 33041
x 0 33042
p 0 213 33042
x 0 33043
p 0 209 33043
x 0 33044
p 0 216 33044
x 0 33045
p 0 206 33045
x 0 33046
p 0 211 33046
x 0 33047
p 0 248 33047
x 0 33048
p 0 218 33048
x 0 33049
p 0 218 33049
x 0 33050
p 0 215 33050
x 0 33051
p 0 211 33051
x 0 33052
p 0 210 33052
x 0 33053
p 0 203 33053
x 0 33054
p 0 320 33054
x 0 33055
p 0 210 33055
x 0 33056
p 0 207 33056
x 0 33057
p 0 209 33057
x 0 33058
p 0 199 33058
x 0 33059
p 0 209 33059
x 0 33060
p 0 210 33060
x 0 33061
p 0 272 33061
x 0 33062
p 0 206 33062
x 0 33000
x 1 33001
h 1 10.0.0.6
p 1 896 33001
x 2 33002
h 2 10.0.0.6
p 2 221 33002
x 0 33003
h 0 10.0.0.6
p 0 196 33003
x 1 33004
p 1 210 33004
p 0 1005414 33000
x 0 33005
p 0 199 33005
x 0 33006
p 0 215 33006
x 0 33007
p 0 212 33007
x 0 33008
p 0 233 33008
x 0 33009
p 0 233 33009
x 0 33010
p 0 274 33010
x 0 33011
p 0 257 33011
x 0 33012
p 0 219 33012
x 0 33013
p 0 210 33013
x 0 33014
p 0 221 33014
x 0 33015
p 0 214 33015
x 0 33016
p 0 235 33016
x 0 33017
p 0 219 33017
x 0 33018
p 0 273 33018
x 0 33019
p 0 230 33019
x 0 33020
p 0 217 33020
x 0 33021
p 0 213 33021
x 0 33022
p 0 215 33022
x 0 33023
p 0 226 33023
x 0 33024
p 0 230 33024
x 0 33025
p 0 255 33025
x 0 33026
p 0 213 33026
x 0 33027
p 0 222 33027
x 0 33028
p 0 241 33028
x 0 33029
p 0 236 33029
x 0 33030
p 0 215 33030
x 0 33031
p 0 216 33031
x 0 33032
p 0 244 33032
x 0 33033
p 0 249 33033
x 0 33034
p 0 230 33034
x 0 33035
p 0 210 33035
x 0 33036
p 0 207 33036
x 0 33037
p 0 217 33037
x 0 33038
p 0 241 33038
x 0 33039
p 0 271 33039
x 0 33040
p 0 218 33040
x 0 33041
p 0 228 33041
x 0 33042
p 0 217 33042
x 0 33043
p 0 216 33043
x 0 33044
p 0 233 33044
x 0 33045
p 0 265 33045
x 0 33046
p 0 247 33046
x 0 33047
p 0 212 33047
x 0 33048
p 0 241 33048
x 0 33049
p 0 227 33049
x 0 33050
p 0 212 33050
x 0 33051
p 0 210 33051
x 0 33052
p 0 214 33052
x 0 33053
p 0 327 33053
x 0 33054
p 0 230 33054
x 0 33055
p 0 212 33055
x 0 33056
p 0 203 33056
x 0 33057
p 0 214 33057
x 0 33058
p 0 228 33058
x 0 33059
p 0 238 33059
x 0 33060
p 0 242 33060
x 0 33061
p 0 210 33061
x 0 33062
p 0 210 33062
x 0 33000
x 1 33001
h 1 10.0.0.6
p 1 972 33001
x 2 33002
h 2 10.0.0.6
p 2 232 33002
x 0 33003
h 0 10.0.0.6
p 0 198 33003
x 1 33004
p 1 202 33004
p 0 1003247 33000
x 0 33005
p 0 200 33005
x 0 33006
p 0 211 33006
x 0 33007
p 0 215 33007
x 0 33008
p 0 214 33008
x 0 33009
p 0 254 33009
x 0 33010
p 0 220 33010
x 0 33011
p 0 204 33011
x 0 33012
p 0 224 33012
x 0 33013
p 0 207 33013
x 0 33014
p 0 206 33014
x 0 33015
p 0 205 33015
x 0 33016
p 0 255 33016
x 0 33017
p 0 218 33017
x 0 33018
p 0 206 33018
x 0 33019
p 0 203 33019
x 0 33020
p 0 205 33020
x 0 33021
p 0 237 33021
x 0 33022
p 0 223 33022
x 0 33023
p 0 218 33023
x 0 33024
p 0 177 33024
x 0 33025
p 0 205 33025
x 0 33026
p 0 222 33026
x 0 33027
p 0 183 33027
x 0 33028
p 0 213 33028
x 0 33029
p 0 206 33029
x 0 33030
p 0 200 33030
x 0 33031
p 0 203 33031
x 0 33032
p 0 314 33032
x 0 33033
p 0 214 33033
x 0 33034
p 0 259 33034
x 0 33035
p 0 206 33035
x 0 33036
p 0 158 33036
x 0 33037
p 0 157 33037
x 0 33038
p 0 147 33038
x 0 33039
p 0 153 33039
x 0 33040
p 0 151 33040
x 0 33041
p 0 153 33041
x 0 33042
p 0 240 33042
x 0 33043
p 0 152 33043
x 0 33044
p 0 152 33044
x 0 33045
p 0 149 33045
x 0 33046
p 0 214 33046
x 0 33047
p 0 107 33047
x 0 33048
p 0 203 33048
x 0 33049
p 0 202 33049
x 0 33050
p 0 198 33050
x 0 33051
p 0 214 33051
x 0 33052
p 0 63 33052
x 0 33053
p 0 138 33053
x 0 33054
p 0 206 33054
x 0 33055
p 0 200 33055
x 0 33056
p 0 211 33056
x 0 33057
p 0 202 33057
x 0 33058
p 0 226 33058
x 0 33059
p 0 200 33059
x 0 33060
p 0 145 33060
x 0 33061
p 0 200 33061
x 0 33062
p 0 200 33062
x 0 33000
x 1 33001
h 1 10.0.0.6
p 1 1025 33001
x 2 33002
h 2 10.0.0.6
p 2 151 33002
x 0 33003
h 0 10.0.0.6
p 0 234 33003
x 1 33004
p 1 209 33004
p 0 1011995 33000
x 0 33005
p 0 209 33005
x 0 33006
p 0 252 33006
x 0 33007
p 0 222 33007
x 0 33008
p 0 218 33008
x 0 33009
p 0 242 33009
x 0 33010
p 0 228 33010
x 0 33011
p 0 231 33011
x 0 33012
p 0 250 33012
x 0 33013
p 0 231 33013
x 0 33014
p 0 229 33014
x 0 33015
p 0 244 33015
x 0 33016
p 0 239 33016
x 0 33017
p 0 232 33017
x 0 33018
p 0 277 33018
x 0 33019
p 0 224 33019
x 0 33020
p 0 261 33020
x 0 33021
p 0 230 33021
x 0 33022
p 0 227 33022
x 0 33023
p 0 316 33023
x 0 33024
p 0 228 33024
x 0 33025
p 0 240 33025
x 0 33026
p 0 230 33026
x 0 33027
p 0 261 33027
x 0 33028
p 0 225 33028
x 0 33029
p 0 239 33029
x 0 33030
p 0 229 33030
x 0 33031
p 0 228 33031
x 0 33032
p 0 219 33032
x 0 33033
p 0 228 33033
x 0 33034
p 0 263 33034
x 0 33035
p 0 233 33035
x 0 33036
p 0 225 33036
x 0 33037
p 0 224 33037
x 0 33038
p 0 221 33038
x 0 33039
p 0 248 33039
x 0 33040
p 0 231 33040
x 0 33041
p 0 267 33041
x 0 33042
p 0 230 33042
x 0 33043
p 0 229 33043
x 0 33044
p 0 235 33044
x 0 33045
p 0 247 33045
x 0 33046
p 0 231 33046
x 0 33047
p 0 266 33047
x 0 33048
p 0 269 33048
x 0 33049
p 0 229 33049
x 0 33050
p 0 214 33050
x 0 33051
p 0 218 33051
x 0 33052
p 0 213 33052
x 0 33053
p 0 212 33053
x 0 33054
p 0 226 33054
x 0 33055
p 0 346 33055
x 0 33056
p 0 210 33056
x 0 33057
p 0 220 33057
x 0 33058
p 0 217 33058
x 0 33059
p 0 331 33059
x 0 33060
p 0 224 33060
x 0 33061
p 0 307 33061
x 0 33062
p 0 297 33062
