x 0 33000
x 1 33001
x 2 33002
h 0 10.0.0.5
p 0 258468 33000
h 1 10.0.0.5
p 1 160390 33001
h 2 10.0.0.5
p 2 72525 33002
x 3 33003
h 3 10.0.0.5
p 3 20893 33003
x 0 33004
p 0 538 33004
x 0 33005
p 0 204 33005
x 0 33006
p 0 201 33006
x 0 33007
p 0 202 33007
x 0 33008
p 0 224 33008
x 0 33009
p 0 207 33009
x 0 33010
p 0 195 33010
x 0 33011
p 0 221 33011
x 0 33012
p 0 204 33012
x 0 33013
p 0 111 33013
x 0 33014
p 0 260 33014
x 0 33015
p 0 242 33015
x 0 33016
p 0 249 33016
x 0 33017
p 0 234 33017
x 0 33018
p 0 198 33018
x 0 33019
p 0 244 33019
x 0 33020
p 0 226 33020
x 0 33021
p 0 229 33021
x 0 33022
p 0 257 33022
x 0 33023
p 0 230 33023
x 0 33024
p 0 200 33024
x 0 33025
p 0 196 33025
x 0 33026
p 0 238 33026
x 0 33027
p 0 283 33027
x 0 33028
p 0 302 33028
x 0 33029
p 0 269 33029
x 0 33030
p 0 195 33030
x 0 33031
p 0 200 33031
x 0 33032
p 0 205 33032
x 0 33033
p 0 201 33033
x 0 33034
p 0 200 33034
x 0 33035
p 0 193 33035
x 0 33036
p 0 190 33036
x 0 33037
p 0 193 33037
x 0 33038
p 0 193 33038
x 0 33039
p 0 194 33039
x 0 33040
p 0 190 33040
x 0 33041
p 0 206 33041
x 0 33042
p 0 224 33042
x 0 33043
p 0 196 33043
x 0 33044
p 0 206 33044
x 0 33045
p 0 228 33045
x 0 33046
p 0 195 33046
x 0 33047
p 0 201 33047
x 0 33048
p 0 195 33048
x 0 33049
p 0 200 33049
x 0 33050
p 0 197 33050
x 0 33051
p 0 196 33051
x 0 33052
p 0 200 33052
x 0 33053
p 0 196 33053
x 0 33054
p 0 197 33054
x 0 33055
p 0 196 33055
x 0 33056
p 0 196 33056
x 0 33057
p 0 201 33057
x 0 33058
p 0 195 33058
x 0 33059
p 0 199 33059
x 0 33060
p 0 247 33060
x 0 33061
p 0 196 33061
x 0 33062
p 0 197 33062
x 0 33000
h 0 10.0.0.5
p 0 10263 33000
x 1 33001
h 1 10.0.0.5
p 1 653 33001
x 0 33002
p 0 197 33002
x 0 33003
p 0 198 33003
x 0 33004
p 0 201 33004
x 0 33005
p 0 219 33005
x 0 33006
p 0 221 33006
x 0 33007
p 0 165 33007
x 0 33008
p 0 196 33008
x 0 33009
p 0 195 33009
x 0 33010
p 0 80 33010
x 0 33011
p 0 196 33011
x 0 33012
p 0 192 33012
x 0 33013
p 0 195 33013
x 0 33014
p 0 185 33014
x 0 33015
p 0 196 33015
x 0 33016
p 0 164 33016
x 0 33017
p 0 200 33017
x 0 33018
p 0 189 33018
x 0 33019
p 0 166 33019
x 0 33020
p 0 201 33020
x 0 33021
p 0 198 33021
x 0 33022
p 0 183 33022
x 0 33023
p 0 199 33023
x 0 33024
p 0 202 33024
x 0 33025
p 0 203 33025
x 0 33026
p 0 171 33026
x 0 33027
p 0 165 33027
x 0 33028
p 0 197 33028
x 0 33029
p 0 201 33029
x 0 33030
p 0 170 33030
x 0 33031
p 0 169 33031
x 0 33032
p 0 197 33032
x 0 33033
p 0 201 33033
x 0 33034
p 0 171 33034
x 0 33035
p 0 168 33035
x 0 33036
p 0 201 33036
x 0 33037
p 0 195 33037
x 0 33038
p 0 166 33038
x 0 33039
p 0 170 33039
x 0 33040
p 0 201 33040
x 0 33041
p 0 166 33041
x 0 33042
p 0 168 33042
x 0 33043
p 0 166 33043
x 0 33044
p 0 200 33044
x 0 33045
p 0 200 33045
x 0 33046
p 0 202 33046
x 0 33047
p 0 163 33047
x 0 33048
p 0 202 33048
x 0 33049
p 0 198 33049
x 0 33050
p 0 195 33050
x 0 33051
p 0 202 33051
x 0 33052
p 0 199 33052
x 0 33053
p 0 197 33053
x 0 33054
p 0 213 33054
x 0 33055
p 0 198 33055
x 0 33056
p 0 200 33056
x 0 33057
p 0 169 33057
x 0 33058
p 0 197 33058
x 0 33059
p 0 200 33059
x 0 33060
p 0 158 33060
x 0 33000
h 0 10.0.0.5
p 0 13944 33000
x 1 33001
h 1 10.0.0.5
p 1 570 33001
x 0 33002
p 0 259 33002
x 0 33003
p 0 198 33003
x 0 33004
p 0 202 33004
x 0 33005
p 0 199 33005
x 0 33006
p 0 231 33006
x 0 33007
p 0 198 33007
x 0 33008
p 0 195 33008
x 0 33009
p 0 191 33009
x 0 33010
p 0 233 33010
x 0 33011
p 0 192 33011
x 0 33012
p 0 195 33012
x 0 33013
p 0 195 33013
x 0 33014
p 0 223 33014
x 0 33015
p 0 191 33015
x 0 33016
p 0 192 33016
x 0 33017
p 0 192 33017
x 0 33018
p 0 232 33018
x 0 33019
p 0 193 33019
x 0 33020
p 0 192 33020
x 0 33021
p 0 194 33021
x 0 33022
p 0 192 33022
x 0 33023
p 0 195 33023
x 0 33024
p 0 197 33024
x 0 33025
p 0 197 33025
x 0 33026
p 0 199 33026
x 0 33027
p 0 195 33027
x 0 33028
p 0 199 33028
x 0 33029
p 0 194 33029
x 0 33030
p 0 200 33030
x 0 33031
p 0 196 33031
x 0 33032
p 0 200 33032
x 0 33033
p 0 198 33033
x 0 33034
p 0 244 33034
x 0 33035
p 0 198 33035
x 0 33036
p 0 199 33036
x 0 33037
p 0 192 33037
x 0 33038
p 0 168 33038
x 0 33039
p 0 196 33039
x 0 33040
p 0 202 33040
x 0 33041
p 0 202 33041
x 0 33042
p 0 201 33042
x 0 33043
p 0 174 33043
x 0 33044
p 0 199 33044
x 0 33045
p 0 201 33045
x 0 33046
p 0 204 33046
x 0 33047
p 0 203 33047
x 0 33048
p 0 305 33048
x 0 33049
p 0 201 33049
x 0 33050
p 0 292 33050
x 0 33051
p 0 203 33051
x 0 33052
p 0 193 33052
x 0 33053
p 0 199 33053
x 0 33054
p 0 311 33054
x 0 33055
p 0 304 33055
x 0 33056
p 0 170 33056
x 0 33057
p 0 197 33057
x 0 33058
p 0 199 33058
x 0 33059
p 0 197 33059
x 0 33060
p 0 298 33060
x 0 33000
h 0 10.0.0.5
p 0 11890 33000
x 1 33001
h 1 10.0.0.5
p 1 552 33001
x 0 33002
p 0 229 33002
x 0 33003
p 0 195 33003
x 0 33004
p 0 194 33004
x 0 33005
p 0 196 33005
x 0 33006
p 0 219 33006
x 0 33007
p 0 200 33007
x 0 33008
p 0 198 33008
x 0 33009
p 0 194 33009
x 0 33010
p 0 296 33010
x 0 33011
p 0 199 33011
x 0 33012
p 0 201 33012
x 0 33013
p 0 203 33013
x 0 33014
p 0 196 33014
x 0 33015
p 0 200 33015
x 0 33016
p 0 197 33016
x 0 33017
p 0 202 33017
x 0 33018
p 0 196 33018
x 0 33019
p 0 165 33019
x 0 33020
p 0 287 33020
x 0 33021
p 0 225 33021
x 0 33022
p 0 207 33022
x 0 33023
p 0 199 33023
x 0 33024
p 0 195 33024
x 0 33025
p 0 196 33025
x 0 33026
p 0 118 33026
x 0 33027
p 0 195 33027
x 0 33028
p 0 199 33028
x 0 33029
p 0 197 33029
x 0 33030
p 0 278 33030
x 0 33031
p 0 205 33031
x 0 33032
p 0 200 33032
x 0 33033
p 0 205 33033
x 0 33034
p 0 196 33034
x 0 33035
p 0 199 33035
x 0 33036
p 0 196 33036
x 0 33037
p 0 202 33037
x 0 33038
p 0 281 33038
x 0 33039
p 0 196 33039
x 0 33040
p 0 202 33040
x 0 33041
p 0 198 33041
x 0 33042
p 0 191 33042
x 0 33043
p 0 191 33043
x 0 33044
p 0 192 33044
x 0 33045
p 0 190 33045
x 0 33046
p 0 210 33046
x 0 33047
p 0 301 33047
x 0 33048
p 0 195 33048
x 0 33049
p 0 198 33049
x 0 33050
p 0 198 33050
x 0 33051
p 0 195 33051
x 0 33052
p 0 166 33052
x 0 33053
p 0 206 33053
x 0 33054
p 0 195 33054
x 0 33055
p 0 263 33055
x 0 33056
p 0 199 33056
x 0 33057
p 0 174 33057
x 0 33058
p 0 268 33058
x 0 33059
p 0 192 33059
x 0 33060
p 0 178 33060
x 0 33000
h 0 10.0.0.5
p 0 10215 33000
x 1 33001
h 1 10.0.0.5
p 1 348 33001
x 0 33002
p 0 226 33002
x 0 33003
p 0 161 33003
x 0 33004
p 0 159 33004
x 0 33005
p 0 477 33005
x 0 33006
p 0 209 33006
x 0 33007
p 0 226 33007
x 0 33008
p 0 285 33008
x 0 33009
p 0 192 33009
x 0 33010
p 0 327 33010
x 0 33011
p 0 354 33011
x 0 33012
p 0 190 33012
x 0 33013
p 0 289 33013
x 0 33014
p 0 188 33014
x 0 33015
p 0 192 33015
x 0 33016
p 0 192 33016
x 0 33017
p 0 190 33017
x 0 33018
p 0 419 33018
x 0 33019
p 0 351 33019
x 0 33020
p 0 224 33020
x 0 33021
p 0 189 33021
x 0 33022
p 0 191 33022
x 0 33023
p 0 188 33023
x 0 33024
p 0 348 33024
x 0 33025
p 0 364 33025
x 0 33026
p 0 191 33026
x 0 33027
p 0 269 33027
x 0 33028
p 0 193 33028
x 0 33029
p 0 192 33029
x 0 33030
p 0 192 33030
x 0 33031
p 0 195 33031
x 0 33032
p 0 192 33032
x 0 33033
p 0 190 33033
x 0 33034
p 0 291 33034
x 0 33035
p 0 329 33035
x 0 33036
p 0 189 33036
x 0 33037
p 0 191 33037
x 0 33038
p 0 635 33038
x 0 33039
p 0 191 33039
x 0 33040
p 0 191 33040
x 0 33041
p 0 189 33041
x 0 33042
p 0 190 33042
x 0 33043
p 0 189 33043
x 0 33044
p 0 190 33044
x 0 33045
p 0 190 33045
x 0 33046
p 0 191 33046
x 0 33047
p 0 188 33047
x 0 33048
p 0 188 33048
x 0 33049
p 0 189 33049
x 0 33050
p 0 192 33050
x 0 33051
p 0 192 33051
x 0 33052
p 0 191 33052
x 0 33053
p 0 190 33053
x 0 33054
p 0 190 33054
x 0 33055
p 0 161 33055
x 0 33056
p 0 189 33056
x 0 33057
p 0 190 33057
x 0 33058
p 0 190 33058
x 0 33059
p 0 159 33059
x 0 33060
p 0 189 33060
x 0 33000
h 0 10.0.0.5
p 0 9995 33000
x 1 33001
h 1 10.0.0.5
p 1 475 33001
x 0 33002
p 0 198 33002
x 0 33003
p 0 235 33003
x 0 33004
p 0 196 33004
x 0 33005
p 0 277 33005
x 0 33006
p 0 197 33006
x 0 33007
p 0 271 33007
x 0 33008
p 0 245 33008
x 0 33009
p 0 309 33009
x 0 33010
p 0 282 33010
x 0 33011
p 0 194 33011
x 0 33012
p 0 193 33012
x 0 33013
p 0 193 33013
x 0 33014
p 0 193 33014
x 0 33015
p 0 192 33015
x 0 33016
p 0 326 33016
x 0 33017
p 0 198 33017
x 0 33018
p 0 196 33018
x 0 33019
p 0 217 33019
x 0 33020
p 0 197 33020
x 0 33021
p 0 130 33021
x 0 33022
p 0 193 33022
x 0 33023
p 0 198 33023
x 0 33024
p 0 194 33024
x 0 33025
p 0 198 33025
x 0 33026
p 0 191 33026
x 0 33027
p 0 193 33027
x 0 33028
p 0 191 33028
x 0 33029
p 0 334 33029
x 0 33030
p 0 81 33030
x 0 33031
p 0 194 33031
x 0 33032
p 0 279 33032
x 0 33033
p 0 285 33033
x 0 33034
p 0 286 33034
x 0 33035
p 0 282 33035
x 0 33036
p 0 195 33036
x 0 33037
p 0 196 33037
x 0 33038
p 0 193 33038
x 0 33039
p 0 194 33039
x 0 33040
p 0 199 33040
x 0 33041
p 0 195 33041
x 0 33042
p 0 192 33042
x 0 33043
p 0 278 33043
x 0 33044
p 0 190 33044
x 0 33045
p 0 192 33045
x 0 33046
p 0 194 33046
x 0 33047
p 0 191 33047
x 0 33048
p 0 190 33048
x 0 33049
p 0 198 33049
x 0 33050
p 0 197 33050
x 0 33051
p 0 194 33051
x 0 33052
p 0 195 33052
x 0 33053
p 0 198 33053
x 0 33054
p 0 195 33054
x 0 33055
p 0 198 33055
x 0 33056
p 0 193 33056
x 0 33057
p 0 218 33057
x 0 33058
p 0 194 33058
x 0 33059
p 0 190 33059
x 0 33060
p 0 191 33060
x 0 33000
h 0 10.0.0.5
p 0 8808 33000
x 1 33001
h 1 10.0.0.5
p 1 456 33001
x 0 33002
p 0 185 33002
x 0 33003
p 0 225 33003
x 0 33004
p 0 203 33004
x 0 33005
p 0 260 33005
x 0 33006
p 0 194 33006
x 0 33007
p 0 198 33007
x 0 33008
p 0 197 33008
x 0 33009
p 0 171 33009
x 0 33010
p 0 164 33010
x 0 33011
p 0 166 33011
x 0 33012
p 0 166 33012
x 0 33013
p 0 216 33013
x 0 33014
p 0 171 33014
x 0 33015
p 0 168 33015
x 0 33016
p 0 166 33016
x 0 33017
p 0 172 33017
x 0 33018
p 0 174 33018
x 0 33019
p 0 177 33019
x 0 33020
p 0 197 33020
x 0 33021
p 0 172 33021
x 0 33022
p 0 167 33022
x 0 33023
p 0 195 33023
x 0 33024
p 0 203 33024
x 0 33025
p 0 213 33025
x 0 33026
p 0 170 33026
x 0 33027
p 0 199 33027
x 0 33028
p 0 167 33028
x 0 33029
p 0 173 33029
x 0 33030
p 0 192 33030
x 0 33031
p 0 233 33031
x 0 33032
p 0 193 33032
x 0 33033
p 0 194 33033
x 0 33034
p 0 200 33034
x 0 33035
p 0 195 33035
x 0 33036
p 0 197 33036
x 0 33037
p 0 192 33037
x 0 33038
p 0 192 33038
x 0 33039
p 0 198 33039
x 0 33040
p 0 195 33040
x 0 33041
p 0 191 33041
x 0 33042
p 0 304 33042
x 0 33043
p 0 191 33043
x 0 33044
p 0 201 33044
x 0 33045
p 0 195 33045
x 0 33046
p 0 191 33046
x 0 33047
p 0 190 33047
x 0 33048
p 0 192 33048
x 0 33049
p 0 196 33049
x 0 33050
p 0 195 33050
x 0 33051
p 0 204 33051
x 0 33052
p 0 196 33052
x 0 33053
p 0 196 33053
x 0 33054
p 0 204 33054
x 0 33055
p 0 198 33055
x 0 33056
p 0 198 33056
x 0 33057
p 0 195 33057
x 0 33058
p 0 200 33058
x 0 33059
p 0 207 33059
x 0 33060
p 0 195 33060
x 0 33000
h 0 10.0.0.5
p 0 8291 33000
x 1 33001
h 1 10.0.0.5
p 1 372 33001
x 0 33002
p 0 149 33002
x 0 33003
p 0 196 33003
x 0 33004
p 0 194 33004
x 0 33005
p 0 198 33005
x 0 33006
p 0 191 33006
x 0 33007
p 0 199 33007
x 0 33008
p 0 197 33008
x 0 33009
p 0 194 33009
x 0 33010
p 0 188 33010
x 0 33011
p 0 189 33011
x 0 33012
p 0 233 33012
x 0 33013
p 0 193 33013
x 0 33014
p 0 192 33014
x 0 33015
p 0 191 33015
x 0 33016
p 0 189 33016
x 0 33017
p 0 184 33017
x 0 33018
p 0 197 33018
x 0 33019
p 0 197 33019
x 0 33020
p 0 192 33020
x 0 33021
p 0 161 33021
x 0 33022
p 0 192 33022
x 0 33023
p 0 192 33023
x 0 33024
p 0 194 33024
x 0 33025
p 0 192 33025
x 0 33026
p 0 194 33026
x 0 33027
p 0 195 33027
x 0 33028
p 0 192 33028
x 0 33029
p 0 197 33029
x 0 33030
p 0 229 33030
x 0 33031
p 0 191 33031
x 0 33032
p 0 189 33032
x 0 33033
p 0 194 33033
x 0 33034
p 0 191 33034
x 0 33035
p 0 190 33035
x 0 33036
p 0 195 33036
x 0 33037
p 0 228 33037
x 0 33038
p 0 162 33038
x 0 33039
p 0 198 33039
x 0 33040
p 0 191 33040
x 0 33041
p 0 188 33041
x 0 33042
p 0 161 33042
x 0 33043
p 0 191 33043
x 0 33044
p 0 188 33044
x 0 33045
p 0 158 33045
x 0 33046
p 0 256 33046
x 0 33047
p 0 135 33047
x 0 33048
p 0 161 33048
x 0 33049
p 0 170 33049
x 0 33050
p 0 157 33050
x 0 33051
p 0 158 33051
x 0 33052
p 0 156 33052
x 0 33053
p 0 188 33053
x 0 33054
p 0 150 33054
x 0 33055
p 0 155 33055
x 0 33056
p 0 189 33056
x 0 33057
p 0 131 33057
x 0 33058
p 0 149 33058
x 0 33059
p 0 192 33059
x 0 33060
p 0 164 33060
x 0 33000
h 0 10.0.0.5
p 0 12290 33000
x 1 33001
h 1 10.0.0.5
p 1 614 33001
x 0 33002
p 0 280 33002
x 0 33003
p 0 195 33003
x 0 33004
p 0 225 33004
x 0 33005
p 0 222 33005
x 0 33006
p 0 119 33006
x 0 33007
p 0 104 33007
x 0 33008
p 0 198 33008
x 0 33009
p 0 196 33009
x 0 33010
p 0 190 33010
x 0 33011
p 0 146 33011
x 0 33012
p 0 241 33012
x 0 33013
p 0 246 33013
x 0 33014
p 0 194 33014
x 0 33015
p 0 193 33015
x 0 33016
p 0 127 33016
x 0 33017
p 0 193 33017
x 0 33018
p 0 197 33018
x 0 33019
p 0 196 33019
x 0 33020
p 0 195 33020
x 0 33021
p 0 173 33021
x 0 33022
p 0 195 33022
x 0 33023
p 0 197 33023
x 0 33024
p 0 193 33024
x 0 33025
p 0 198 33025
x 0 33026
p 0 124 33026
x 0 33027
p 0 194 33027
x 0 33028
p 0 196 33028
x 0 33029
p 0 194 33029
x 0 33030
p 0 195 33030
x 0 33031
p 0 185 33031
x 0 33032
p 0 194 33032
x 0 33033
p 0 195 33033
x 0 33034
p 0 192 33034
x 0 33035
p 0 200 33035
x 0 33036
p 0 148 33036
x 0 33037
p 0 195 33037
x 0 33038
p 0 202 33038
x 0 33039
p 0 199 33039
x 0 33040
p 0 199 33040
x 0 33041
p 0 200 33041
x 0 33042
p 0 195 33042
x 0 33043
p 0 194 33043
x 0 33044
p 0 198 33044
x 0 33045
p 0 197 33045
x 0 33046
p 0 644 33046
x 0 33047
p 0 208 33047
x 0 33048
p 0 276 33048
x 0 33049
p 0 200 33049
x 0 33050
p 0 204 33050
x 0 33051
p 0 201 33051
x 0 33052
p 0 191 33052
x 0 33053
p 0 193 33053
x 0 33054
p 0 198 33054
x 0 33055
p 0 196 33055
x 0 33056
p 0 216 33056
x 0 33057
p 0 206 33057
x 0 33058
p 0 209 33058
x 0 33059
p 0 214 33059
x 0 33060
p 0 211 33060
x 0 33000
h 0 10.0.0.5
p 0 11669 33000
x 1 33001
h 1 10.0.0.5
p 1 525 33001
x 0 33002
p 0 182 33002
x 0 33003
p 0 197 33003
x 0 33004
p 0 198 33004
x 0 33005
p 0 199 33005
x 0 33006
p 0 263 33006
x 0 33007
p 0 169 33007
x 0 33008
p 0 172 33008
x 0 33009
p 0 236 33009
x 0 33010
p 0 169 33010
x 0 33011
p 0 163 33011
x 0 33012
p 0 167 33012
x 0 33013
p 0 166 33013
x 0 33014
p 0 166 33014
x 0 33015
p 0 263 33015
x 0 33016
p 0 169 33016
x 0 33017
p 0 164 33017
x 0 33018
p 0 165 33018
x 0 33019
p 0 167 33019
x 0 33020
p 0 165 33020
x 0 33021
p 0 163 33021
x 0 33022
p 0 166 33022
x 0 33023
p 0 356 33023
x 0 33024
p 0 334 33024
x 0 33025
p 0 327 33025
x 0 33026
p 0 407 33026
x 0 33027
p 0 348 33027
x 0 33028
p 0 336 33028
x 0 33029
p 0 332 33029
x 0 33030
p 0 398 33030
x 0 33031
p 0 346 33031
x 0 33032
p 0 194 33032
x 0 33033
p 0 191 33033
x 0 33034
p 0 226 33034
x 0 33035
p 0 192 33035
x 0 33036
p 0 196 33036
x 0 33037
p 0 193 33037
x 0 33038
p 0 229 33038
x 0 33039
p 0 191 33039
x 0 33040
p 0 195 33040
x 0 33041
p 0 206 33041
x 0 33042
p 0 193 33042
x 0 33043
p 0 189 33043
x 0 33044
p 0 192 33044
x 0 33045
p 0 194 33045
x 0 33046
p 0 226 33046
x 0 33047
p 0 220 33047
x 0 33048
p 0 190 33048
x 0 33049
p 0 191 33049
x 0 33050
p 0 222 33050
x 0 33051
p 0 191 33051
x 0 33052
p 0 191 33052
x 0 33053
p 0 195 33053
x 0 33054
p 0 220 33054
x 0 33055
p 0 191 33055
x 0 33056
p 0 192 33056
x 0 33057
p 0 191 33057
x 0 33058
p 0 225 33058
x 0 33059
p 0 189 33059
x 0 33060
p 0 194 33060
x 0 33000
h 0 10.0.0.5
p 0 7981 33000
x 1 33001
h 1 10.0.0.5
p 1 452 33001
x 0 33002
p 0 259 33002
x 0 33003
p 0 193 33003
x 0 33004
p 0 194 33004
x 0 33005
p 0 191 33005
x 0 33006
p 0 194 33006
x 0 33007
p 0 194 33007
x 0 33008
p 0 191 33008
x 0 33009
p 0 260 33009
x 0 33010
p 0 159 33010
x 0 33011
p 0 188 33011
x 0 33012
p 0 187 33012
x 0 33013
p 0 172 33013
x 0 33014
p 0 156 33014
x 0 33015
p 0 235 33015
x 0 33016
p 0 192 33016
x 0 33017
p 0 157 33017
x 0 33018
p 0 160 33018
x 0 33019
p 0 191 33019
x 0 33020
p 0 187 33020
x 0 33021
p 0 160 33021
x 0 33022
p 0 183 33022
x 0 33023
p 0 190 33023
x 0 33024
p 0 192 33024
x 0 33025
p 0 159 33025
x 0 33026
p 0 179 33026
x 0 33027
p 0 191 33027
x 0 33028
p 0 193 33028
x 0 33029
p 0 161 33029
x 0 33030
p 0 161 33030
x 0 33031
p 0 191 33031
x 0 33032
p 0 104 33032
x 0 33033
p 0 187 33033
x 0 33034
p 0 191 33034
x 0 33035
p 0 222 33035
x 0 33036
p 0 186 33036
x 0 33037
p 0 161 33037
x 0 33038
p 0 450 33038
x 0 33039
p 0 320 33039
x 0 33040
p 0 210 33040
x 0 33041
p 0 213 33041
x 0 33042
p 0 211 33042
x 0 33043
p 0 271 33043
x 0 33044
p 0 211 33044
x 0 33045
p 0 211 33045
x 0 33046
p 0 206 33046
x 0 33047
p 0 637 33047
x 0 33048
p 0 323 33048
x 0 33049
p 0 148 33049
x 0 33050
p 0 253 33050
x 0 33051
p 0 287 33051
x 0 33052
p 0 287 33052
x 0 33053
p 0 212 33053
x 0 33054
p 0 157 33054
x 0 33055
p 0 199 33055
x 0 33056
p 0 330 33056
x 0 33057
p 0 217 33057
x 0 33058
p 0 236 33058
x 0 33059
p 0 213 33059
x 0 33060
p 0 212 33060
x 0 33000
h 0 10.0.0.5
p 0 6536 33000
x 1 33001
h 1 10.0.0.5
p 1 632 33001
x 0 33002
p 0 149 33002
x 0 33003
p 0 195 33003
x 0 33004
p 0 269 33004
x 0 33005
p 0 204 33005
x 0 33006
p 0 244 33006
x 0 33007
p 0 429 33007
x 0 33008
p 0 344 33008
x 0 33009
p 0 348 33009
x 0 33010
p 0 487 33010
x 0 33011
p 0 365 33011
x 0 33012
p 0 338 33012
x 0 33013
p 0 337 33013
x 0 33014
p 0 398 33014
x 0 33015
p 0 349 33015
x 0 33016
p 0 348 33016
x 0 33017
p 0 352 33017
x 0 33018
p 0 393 33018
x 0 33019
p 0 286 33019
x 0 33020
p 0 194 33020
x 0 33021
p 0 198 33021
x 0 33022
p 0 198 33022
x 0 33023
p 0 245 33023
x 0 33024
p 0 291 33024
x 0 33025
p 0 196 33025
x 0 33026
p 0 196 33026
x 0 33027
p 0 197 33027
x 0 33028
p 0 295 33028
x 0 33029
p 0 197 33029
x 0 33030
p 0 195 33030
x 0 33031
p 0 197 33031
x 0 33032
p 0 193 33032
x 0 33033
p 0 263 33033
x 0 33034
p 0 195 33034
x 0 33035
p 0 191 33035
x 0 33036
p 0 196 33036
x 0 33037
p 0 194 33037
x 0 33038
p 0 174 33038
x 0 33039
p 0 201 33039
x 0 33040
p 0 167 33040
x 0 33041
p 0 200 33041
x 0 33042
p 0 200 33042
x 0 33043
p 0 205 33043
x 0 33044
p 0 173 33044
x 0 33045
p 0 199 33045
x 0 33046
p 0 201 33046
x 0 33047
p 0 167 33047
x 0 33048
p 0 168 33048
x 0 33049
p 0 165 33049
x 0 33050
p 0 193 33050
x 0 33051
p 0 165 33051
x 0 33052
p 0 161 33052
x 0 33053
p 0 165 33053
x 0 33054
p 0 181 33054
x 0 33055
p 0 168 33055
x 0 33056
p 0 171 33056
x 0 33057
p 0 163 33057
x 0 33058
p 0 170 33058
x 0 33059
p 0 165 33059
x 0 33060
p 0 155 33060
x 0 33000
h 0 10.0.0.5
p 0 8146 33000
x 1 33001
h 1 10.0.0.5
p 1 458 33001
x 0 33002
p 0 110 33002
x 0 33003
p 0 190 33003
x 0 33004
p 0 189 33004
x 0 33005
p 0 196 33005
x 0 33006
p 0 201 33006
x 0 33007
p 0 199 33007
x 0 33008
p 0 196 33008
x 0 33009
p 0 202 33009
x 0 33010
p 0 196 33010
x 0 33011
p 0 196 33011
x 0 33012
p 0 197 33012
x 0 33013
p 0 192 33013
x 0 33014
p 0 195 33014
x 0 33015
p 0 195 33015
x 0 33016
p 0 224 33016
x 0 33017
p 0 200 33017
x 0 33018
p 0 195 33018
x 0 33019
p 0 197 33019
x 0 33020
p 0 191 33020
x 0 33021
p 0 194 33021
x 0 33022
p 0 195 33022
x 0 33023
p 0 214 33023
x 0 33024
p 0 194 33024
x 0 33025
p 0 190 33025
x 0 33026
p 0 191 33026
x 0 33027
p 0 199 33027
x 0 33028
p 0 196 33028
x 0 33029
p 0 190 33029
x 0 33030
p 0 221 33030
x 0 33031
p 0 188 33031
x 0 33032
p 0 192 33032
x 0 33033
p 0 189 33033
x 0 33034
p 0 190 33034
x 0 33035
p 0 189 33035
x 0 33036
p 0 190 33036
x 0 33037
p 0 231 33037
x 0 33038
p 0 190 33038
x 0 33039
p 0 175 33039
x 0 33040
p 0 197 33040
x 0 33041
p 0 196 33041
x 0 33042
p 0 198 33042
x 0 33043
p 0 196 33043
x 0 33044
p 0 223 33044
x 0 33045
p 0 233 33045
x 0 33046
p 0 197 33046
x 0 33047
p 0 203 33047
x 0 33048
p 0 197 33048
x 0 33049
p 0 192 33049
x 0 33050
p 0 189 33050
x 0 33051
p 0 218 33051
x 0 33052
p 0 226 33052
x 0 33053
p 0 192 33053
x 0 33054
p 0 190 33054
x 0 33055
p 0 197 33055
x 0 33056
p 0 79 33056
x 0 33057
p 0 198 33057
x 0 33058
p 0 229 33058
x 0 33059
p 0 248 33059
x 0 33060
p 0 199 33060
x 0 33000
h 0 10.0.0.5
p 0 9239 33000
x 1 33001
h 1 10.0.0.5
p 1 564 33001
x 0 33002
p 0 194 33002
x 0 33003
p 0 194 33003
x 0 33004
p 0 73 33004
x 0 33005
p 0 197 33005
x 0 33006
p 0 196 33006
x 0 33007
p 0 203 33007
x 0 33008
p 0 198 33008
x 0 33009
p 0 193 33009
x 0 33010
p 0 196 33010
x 0 33011
p 0 235 33011
x 0 33012
p 0 196 33012
x 0 33013
p 0 195 33013
x 0 33014
p 0 199 33014
x 0 33015
p 0 197 33015
x 0 33016
p 0 197 33016
x 0 33017
p 0 192 33017
x 0 33018
p 0 191 33018
x 0 33019
p 0 187 33019
x 0 33020
p 0 176 33020
x 0 33021
p 0 190 33021
x 0 33022
p 0 190 33022
x 0 33023
p 0 194 33023
x 0 33024
p 0 229 33024
x 0 33025
p 0 195 33025
x 0 33026
p 0 196 33026
x 0 33027
p 0 195 33027
x 0 33028
p 0 224 33028
x 0 33029
p 0 146 33029
x 0 33030
p 0 203 33030
x 0 33031
p 0 203 33031
x 0 33032
p 0 225 33032
x 0 33033
p 0 194 33033
x 0 33034
p 0 198 33034
x 0 33035
p 0 195 33035
x 0 33036
p 0 225 33036
x 0 33037
p 0 200 33037
x 0 33038
p 0 190 33038
x 0 33039
p 0 201 33039
x 0 33040
p 0 206 33040
x 0 33041
p 0 252 33041
x 0 33042
p 0 195 33042
x 0 33043
p 0 194 33043
x 0 33044
p 0 196 33044
x 0 33045
p 0 250 33045
x 0 33046
p 0 197 33046
x 0 33047
p 0 196 33047
x 0 33048
p 0 222 33048
x 0 33049
p 0 196 33049
x 0 33050
p 0 169 33050
x 0 33051
p 0 191 33051
x 0 33052
p 0 189 33052
x 0 33053
p 0 223 33053
x 0 33054
p 0 193 33054
x 0 33055
p 0 166 33055
x 0 33056
p 0 199 33056
x 0 33057
p 0 169 33057
x 0 33058
p 0 228 33058
x 0 33059
p 0 165 33059
x 0 33060
p 0 165 33060
x 0 33000
h 0 10.0.0.5
p 0 10595 33000
x 1 33001
h 1 10.0.0.5
p 1 656 33001
x 0 33002
p 0 180 33002
x 0 33003
p 0 171 33003
x 0 33004
p 0 169 33004
x 0 33005
p 0 198 33005
x 0 33006
p 0 194 33006
x 0 33007
p 0 203 33007
x 0 33008
p 0 204 33008
x 0 33009
p 0 196 33009
x 0 33010
p 0 200 33010
x 0 33011
p 0 292 33011
x 0 33012
p 0 230 33012
x 0 33013
p 0 199 33013
x 0 33014
p 0 199 33014
x 0 33015
p 0 200 33015
x 0 33016
p 0 199 33016
x 0 33017
p 0 200 33017
x 0 33018
p 0 196 33018
x 0 33019
p 0 197 33019
x 0 33020
p 0 195 33020
x 0 33021
p 0 197 33021
x 0 33022
p 0 198 33022
x 0 33023
p 0 197 33023
x 0 33024
p 0 634 33024
x 0 33025
p 0 203 33025
x 0 33026
p 0 231 33026
x 0 33027
p 0 696 33027
x 0 33028
p 0 200 33028
x 0 33029
p 0 197 33029
x 0 33030
p 0 201 33030
x 0 33031
p 0 205 33031
x 0 33032
p 0 170 33032
x 0 33033
p 0 224 33033
x 0 33034
p 0 196 33034
x 0 33035
p 0 197 33035
x 0 33036
p 0 196 33036
x 0 33037
p 0 194 33037
x 0 33038
p 0 194 33038
x 0 33039
p 0 194 33039
x 0 33040
p 0 191 33040
x 0 33041
p 0 194 33041
x 0 33042
p 0 195 33042
x 0 33043
p 0 192 33043
x 0 33044
p 0 196 33044
x 0 33045
p 0 194 33045
x 0 33046
p 0 193 33046
x 0 33047
p 0 194 33047
x 0 33048
p 0 195 33048
x 0 33049
p 0 194 33049
x 0 33050
p 0 195 33050
x 0 33051
p 0 195 33051
x 0 33052
p 0 194 33052
x 0 33053
p 0 191 33053
x 0 33054
p 0 192 33054
x 0 33055
p 0 194 33055
x 0 33056
p 0 196 33056
x 0 33057
p 0 193 33057
x 0 33058
p 0 194 33058
x 0 33059
p 0 195 33059
x 0 33060
p 0 193 33060
x 0 33000
h 0 10.0.0.5
p 0 6158 33000
x 1 33001
h 1 10.0.0.5
p 1 465 33001
x 0 33002
p 0 144 33002
x 0 33003
p 0 195 33003
x 0 33004
p 0 282 33004
x 0 33005
p 0 193 33005
x 0 33006
p 0 198 33006
x 0 33007
p 0 192 33007
x 0 33008
p 0 298 33008
x 0 33009
p 0 193 33009
x 0 33010
p 0 192 33010
x 0 33011
p 0 247 33011
x 0 33012
p 0 322 33012
x 0 33013
p 0 192 33013
x 0 33014
p 0 193 33014
x 0 33015
p 0 379 33015
x 0 33016
p 0 277 33016
x 0 33017
p 0 191 33017
x 0 33018
p 0 190 33018
x 0 33019
p 0 191 33019
x 0 33020
p 0 192 33020
x 0 33021
p 0 276 33021
x 0 33022
p 0 187 33022
x 0 33023
p 0 192 33023
x 0 33024
p 0 191 33024
x 0 33025
p 0 191 33025
x 0 33026
p 0 192 33026
x 0 33027
p 0 188 33027
x 0 33028
p 0 194 33028
x 0 33029
p 0 191 33029
x 0 33030
p 0 189 33030
x 0 33031
p 0 191 33031
x 0 33032
p 0 191 33032
x 0 33033
p 0 190 33033
x 0 33034
p 0 278 33034
x 0 33035
p 0 191 33035
x 0 33036
p 0 189 33036
x 0 33037
p 0 189 33037
x 0 33038
p 0 188 33038
x 0 33039
p 0 189 33039
x 0 33040
p 0 190 33040
x 0 33041
p 0 188 33041
x 0 33042
p 0 188 33042
x 0 33043
p 0 190 33043
x 0 33044
p 0 188 33044
x 0 33045
p 0 187 33045
x 0 33046
p 0 188 33046
x 0 33047
p 0 188 33047
x 0 33048
p 0 221 33048
x 0 33049
p 0 189 33049
x 0 33050
p 0 160 33050
x 0 33051
p 0 190 33051
x 0 33052
p 0 191 33052
x 0 33053
p 0 188 33053
x 0 33054
p 0 161 33054
x 0 33055
p 0 160 33055
x 0 33056
p 0 189 33056
x 0 33057
p 0 192 33057
x 0 33058
p 0 161 33058
x 0 33059
p 0 191 33059
x 0 33060
p 0 192 33060
x 0 33000
h 0 10.0.0.5
p 0 4784 33000
x 1 33001
h 1 10.0.0.5
p 1 550 33001
x 0 33002
p 0 228 33002
x 0 33003
p 0 194 33003
x 0 33004
p 0 196 33004
x 0 33005
p 0 193 33005
x 0 33006
p 0 243 33006
x 0 33007
p 0 217 33007
x 0 33008
p 0 210 33008
x 0 33009
p 0 202 33009
x 0 33010
p 0 202 33010
x 0 33011
p 0 201 33011
x 0 33012
p 0 202 33012
x 0 33013
p 0 203 33013
x 0 33014
p 0 201 33014
x 0 33015
p 0 201 33015
x 0 33016
p 0 201 33016
x 0 33017
p 0 199 33017
x 0 33018
p 0 202 33018
x 0 33019
p 0 206 33019
x 0 33020
p 0 201 33020
x 0 33021
p 0 201 33021
x 0 33022
p 0 201 33022
x 0 33023
p 0 204 33023
x 0 33024
p 0 201 33024
x 0 33025
p 0 202 33025
x 0 33026
p 0 201 33026
x 0 33027
p 0 199 33027
x 0 33028
p 0 205 33028
x 0 33029
p 0 200 33029
x 0 33030
p 0 205 33030
x 0 33031
p 0 201 33031
x 0 33032
p 0 202 33032
x 0 33033
p 0 205 33033
x 0 33034
p 0 206 33034
x 0 33035
p 0 205 33035
x 0 33036
p 0 212 33036
x 0 33037
p 0 209 33037
x 0 33038
p 0 207 33038
x 0 33039
p 0 202 33039
x 0 33040
p 0 189 33040
x 0 33041
p 0 202 33041
x 0 33042
p 0 200 33042
x 0 33043
p 0 202 33043
x 0 33044
p 0 201 33044
x 0 33045
p 0 309 33045
x 0 33046
p 0 101 33046
x 0 33047
p 0 199 33047
x 0 33048
p 0 201 33048
x 0 33049
p 0 202 33049
x 0 33050
p 0 201 33050
x 0 33051
p 0 199 33051
x 0 33052
p 0 202 33052
x 0 33053
p 0 210 33053
x 0 33054
p 0 180 33054
x 0 33055
p 0 199 33055
x 0 33056
p 0 206 33056
x 0 33057
p 0 201 33057
x 0 33058
p 0 208 33058
x 0 33059
p 0 201 33059
x 0 33060
p 0 200 33060
x 0 33000
h 0 10.0.0.5
p 0 20927 33000
x 1 33001
h 1 10.0.0.5
p 1 594 33001
x 0 33002
p 0 106 33002
x 0 33003
p 0 343 33003
x 0 33004
p 0 255 33004
x 0 33005
p 0 253 33005
x 0 33006
p 0 254 33006
x 0 33007
p 0 195 33007
x 0 33008
p 0 193 33008
x 0 33009
p 0 194 33009
x 0 33010
p 0 188 33010
x 0 33011
p 0 188 33011
x 0 33012
p 0 194 33012
x 0 33013
p 0 190 33013
x 0 33014
p 0 190 33014
x 0 33015
p 0 194 33015
x 0 33016
p 0 192 33016
x 0 33017
p 0 192 33017
x 0 33018
p 0 189 33018
x 0 33019
p 0 332 33019
x 0 33020
p 0 396 33020
x 0 33021
p 0 323 33021
x 0 33022
p 0 353 33022
x 0 33023
p 0 231 33023
x 0 33024
p 0 291 33024
x 0 33025
p 0 355 33025
x 0 33026
p 0 348 33026
x 0 33027
p 0 467 33027
x 0 33028
p 0 491 33028
x 0 33029
p 0 342 33029
x 0 33030
p 0 353 33030
x 0 33031
p 0 348 33031
x 0 33032
p 0 388 33032
x 0 33033
p 0 354 33033
x 0 33034
p 0 353 33034
x 0 33035
p 0 322 33035
x 0 33036
p 0 380 33036
x 0 33037
p 0 203 33037
x 0 33038
p 0 173 33038
x 0 33039
p 0 180 33039
x 0 33040
p 0 188 33040
x 0 33041
p 0 189 33041
x 0 33042
p 0 190 33042
x 0 33043
p 0 189 33043
x 0 33044
p 0 190 33044
x 0 33045
p 0 189 33045
x 0 33046
p 0 194 33046
x 0 33047
p 0 188 33047
x 0 33048
p 0 187 33048
x 0 33049
p 0 190 33049
x 0 33050
p 0 188 33050
x 0 33051
p 0 187 33051
x 0 33052
p 0 190 33052
x 0 33053
p 0 190 33053
x 0 33054
p 0 192 33054
x 0 33055
p 0 189 33055
x 0 33056
p 0 190 33056
x 0 33057
p 0 193 33057
x 0 33058
p 0 191 33058
x 0 33059
p 0 190 33059
x 0 33060
p 0 190 33060
x 0 33000
h 0 10.0.0.5
p 0 4873 33000
x 1 33001
h 1 10.0.0.5
p 1 687 33001
x 0 33002
p 0 107 33002
x 0 33003
p 0 141 33003
x 0 33004
p 0 142 33004
x 0 33005
p 0 141 33005
x 0 33006
p 0 290 33006
x 0 33007
p 0 203 33007
x 0 33008
p 0 195 33008
x 0 33009
p 0 228 33009
x 0 33010
p 0 192 33010
x 0 33011
p 0 122 33011
x 0 33012
p 0 195 33012
x 0 33013
p 0 168 33013
x 0 33014
p 0 192 33014
x 0 33015
p 0 196 33015
x 0 33016
p 0 196 33016
x 0 33017
p 0 194 33017
x 0 33018
p 0 263 33018
x 0 33019
p 0 193 33019
x 0 33020
p 0 192 33020
x 0 33021
p 0 98 33021
x 0 33022
p 0 193 33022
x 0 33023
p 0 196 33023
x 0 33024
p 0 197 33024
x 0 33025
p 0 201 33025
x 0 33026
p 0 195 33026
x 0 33027
p 0 198 33027
x 0 33028
p 0 195 33028
x 0 33029
p 0 196 33029
x 0 33030
p 0 196 33030
x 0 33031
p 0 198 33031
x 0 33032
p 0 200 33032
x 0 33033
p 0 197 33033
x 0 33034
p 0 225 33034
x 0 33035
p 0 154 33035
x 0 33036
p 0 165 33036
x 0 33037
p 0 196 33037
x 0 33038
p 0 154 33038
x 0 33039
p 0 226 33039
x 0 33040
p 0 148 33040
x 0 33041
p 0 153 33041
x 0 33042
p 0 152 33042
x 0 33043
p 0 187 33043
x 0 33044
p 0 195 33044
x 0 33045
p 0 195 33045
x 0 33046
p 0 193 33046
x 0 33047
p 0 153 33047
x 0 33048
p 0 153 33048
x 0 33049
p 0 153 33049
x 0 33050
p 0 193 33050
x 0 33051
p 0 192 33051
x 0 33052
p 0 194 33052
x 0 33053
p 0 150 33053
x 0 33054
p 0 150 33054
x 0 33055
p 0 184 33055
x 0 33056
p 0 152 33056
x 0 33057
p 0 196 33057
x 0 33058
p 0 195 33058
x 0 33059
p 0 158 33059
x 0 33060
p 0 194 33060
x 0 33000
h 0 10.0.0.5
p 0 4325 33000
x 1 33001
h 1 10.0.0.5
p 1 363 33001
x 0 33002
p 0 111 33002
x 0 33003
p 0 143 33003
x 0 33004
p 0 150 33004
x 0 33005
p 0 158 33005
x 0 33006
p 0 197 33006
x 0 33007
p 0 159 33007
x 0 33008
p 0 190 33008
x 0 33009
p 0 238 33009
x 0 33010
p 0 192 33010
x 0 33011
p 0 192 33011
x 0 33012
p 0 166 33012
x 0 33013
p 0 191 33013
x 0 33014
p 0 149 33014
x 0 33015
p 0 255 33015
x 0 33016
p 0 368 33016
x 0 33017
p 0 107 33017
x 0 33018
p 0 162 33018
x 0 33019
p 0 194 33019
x 0 33020
p 0 196 33020
x 0 33021
p 0 195 33021
x 0 33022
p 0 165 33022
x 0 33023
p 0 166 33023
x 0 33024
p 0 194 33024
x 0 33025
p 0 196 33025
x 0 33026
p 0 166 33026
x 0 33027
p 0 192 33027
x 0 33028
p 0 271 33028
x 0 33029
p 0 120 33029
x 0 33030
p 0 164 33030
x 0 33031
p 0 294 33031
x 0 33032
p 0 190 33032
x 0 33033
p 0 193 33033
x 0 33034
p 0 234 33034
x 0 33035
p 0 259 33035
x 0 33036
p 0 257 33036
x 0 33037
p 0 164 33037
x 0 33038
p 0 192 33038
x 0 33039
p 0 191 33039
x 0 33040
p 0 161 33040
x 0 33041
p 0 193 33041
x 0 33042
p 0 255 33042
x 0 33043
p 0 190 33043
x 0 33044
p 0 406 33044
x 0 33045
p 0 200 33045
x 0 33046
p 0 157 33046
x 0 33047
p 0 155 33047
x 0 33048
p 0 156 33048
x 0 33049
p 0 156 33049
x 0 33050
p 0 161 33050
x 0 33051
p 0 161 33051
x 0 33052
p 0 160 33052
x 0 33053
p 0 156 33053
x 0 33054
p 0 161 33054
x 0 33055
p 0 160 33055
x 0 33056
p 0 157 33056
x 0 33057
p 0 191 33057
x 0 33058
p 0 156 33058
x 0 33059
p 0 186 33059
x 0 33060
p 0 193 33060
x 0 33000
h 0 10.0.0.5
p 0 33458 33000
x 1 33001
h 1 10.0.0.5
p 1 410 33001
x 0 33002
p 0 263 33002
x 0 33003
p 0 197 33003
x 0 33004
p 0 195 33004
x 0 33005
p 0 195 33005
x 0 33006
p 0 191 33006
x 0 33007
p 0 201 33007
x 0 33008
p 0 2101 33008
x 0 33009
p 0 246 33009
x 0 33010
p 0 388 33010
x 0 33011
p 0 223 33011
x 0 33012
p 0 229 33012
x 0 33013
p 0 237 33013
x 0 33014
p 0 162 33014
x 0 33015
p 0 163 33015
x 0 33016
p 0 161 33016
x 0 33017
p 0 139 33017
x 0 33018
p 0 145 33018
x 0 33019
p 0 173 33019
x 0 33020
p 0 192 33020
x 0 33021
p 0 174 33021
x 0 33022
p 0 171 33022
x 0 33023
p 0 143 33023
x 0 33024
p 0 636 33024
x 0 33025
p 0 169 33025
x 0 33026
p 0 173 33026
x 0 33027
p 0 158 33027
x 0 33028
p 0 141 33028
x 0 33029
p 0 142 33029
x 0 33030
p 0 143 33030
x 0 33031
p 0 139 33031
x 0 33032
p 0 177 33032
x 0 33033
p 0 149 33033
x 0 33034
p 0 145 33034
x 0 33035
p 0 152 33035
x 0 33036
p 0 195 33036
x 0 33037
p 0 198 33037
x 0 33038
p 0 216 33038
x 0 33039
p 0 193 33039
x 0 33040
p 0 259 33040
x 0 33041
p 0 202 33041
x 0 33042
p 0 223 33042
x 0 33043
p 0 192 33043
x 0 33044
p 0 190 33044
x 0 33045
p 0 220 33045
x 0 33046
p 0 198 33046
x 0 33047
p 0 197 33047
x 0 33048
p 0 199 33048
x 0 33049
p 0 194 33049
x 0 33050
p 0 196 33050
x 0 33051
p 0 199 33051
x 0 33052
p 0 194 33052
x 0 33053
p 0 197 33053
x 0 33054
p 0 196 33054
x 0 33055
p 0 160 33055
x 0 33056
p 0 194 33056
x 0 33057
p 0 222 33057
x 0 33058
p 0 158 33058
x 0 33059
p 0 232 33059
x 0 33060
p 0 193 33060
x 0 33000
h 0 10.0.0.5
p 0 15052 33000
x 1 33001
h 1 10.0.0.5
p 1 451 33001
x 0 33002
p 0 127 33002
x 0 33003
p 0 200 33003
x 0 33004
p 0 231 33004
x 0 33005
p 0 199 33005
x 0 33006
p 0 197 33006
x 0 33007
p 0 196 33007
x 0 33008
p 0 190 33008
x 0 33009
p 0 192 33009
x 0 33010
p 0 196 33010
x 0 33011
p 0 196 33011
x 0 33012
p 0 194 33012
x 0 33013
p 0 192 33013
x 0 33014
p 0 196 33014
x 0 33015
p 0 122 33015
x 0 33016
p 0 193 33016
x 0 33017
p 0 194 33017
x 0 33018
p 0 196 33018
x 0 33019
p 0 192 33019
x 0 33020
p 0 228 33020
x 0 33021
p 0 195 33021
x 0 33022
p 0 196 33022
x 0 33023
p 0 196 33023
x 0 33024
p 0 192 33024
x 0 33025
p 0 159 33025
x 0 33026
p 0 196 33026
x 0 33027
p 0 196 33027
x 0 33028
p 0 193 33028
x 0 33029
p 0 194 33029
x 0 33030
p 0 193 33030
x 0 33031
p 0 194 33031
x 0 33032
p 0 195 33032
x 0 33033
p 0 217 33033
x 0 33034
p 0 220 33034
x 0 33035
p 0 197 33035
x 0 33036
p 0 195 33036
x 0 33037
p 0 223 33037
x 0 33038
p 0 194 33038
x 0 33039
p 0 195 33039
x 0 33040
p 0 197 33040
x 0 33041
p 0 220 33041
x 0 33042
p 0 195 33042
x 0 33043
p 0 192 33043
x 0 33044
p 0 198 33044
x 0 33045
p 0 232 33045
x 0 33046
p 0 195 33046
x 0 33047
p 0 152 33047
x 0 33048
p 0 193 33048
x 0 33049
p 0 243 33049
x 0 33050
p 0 199 33050
x 0 33051
p 0 198 33051
x 0 33052
p 0 197 33052
x 0 33053
p 0 204 33053
x 0 33054
p 0 201 33054
x 0 33055
p 0 201 33055
x 0 33056
p 0 181 33056
x 0 33057
p 0 228 33057
x 0 33058
p 0 194 33058
x 0 33059
p 0 197 33059
x 0 33060
p 0 197 33060
x 0 33000
h 0 10.0.0.5
p 0 8357 33000
x 1 33001
h 1 10.0.0.5
p 1 536 33001
x 0 33002
p 0 118 33002
x 0 33003
p 0 204 33003
x 0 33004
p 0 196 33004
x 0 33005
p 0 234 33005
x 0 33006
p 0 191 33006
x 0 33007
p 0 198 33007
x 0 33008
p 0 337 33008
x 0 33009
p 0 302 33009
x 0 33010
p 0 192 33010
x 0 33011
p 0 314 33011
x 0 33012
p 0 193 33012
x 0 33013
p 0 230 33013
x 0 33014
p 0 264 33014
x 0 33015
p 0 198 33015
x 0 33016
p 0 352 33016
x 0 33017
p 0 257 33017
x 0 33018
p 0 198 33018
x 0 33019
p 0 354 33019
x 0 33020
p 0 197 33020
x 0 33021
p 0 245 33021
x 0 33022
p 0 199 33022
x 0 33023
p 0 198 33023
x 0 33024
p 0 358 33024
x 0 33025
p 0 233 33025
x 0 33026
p 0 198 33026
x 0 33027
p 0 290 33027
x 0 33028
p 0 275 33028
x 0 33029
p 0 229 33029
x 0 33030
p 0 300 33030
x 0 33031
p 0 202 33031
x 0 33032
p 0 321 33032
x 0 33033
p 0 286 33033
x 0 33034
p 0 236 33034
x 0 33035
p 0 195 33035
x 0 33036
p 0 199 33036
x 0 33037
p 0 209 33037
x 0 33038
p 0 194 33038
x 0 33039
p 0 223 33039
x 0 33040
p 0 194 33040
x 0 33041
p 0 199 33041
x 0 33042
p 0 195 33042
x 0 33043
p 0 298 33043
x 0 33044
p 0 266 33044
x 0 33045
p 0 195 33045
x 0 33046
p 0 200 33046
x 0 33047
p 0 301 33047
x 0 33048
p 0 197 33048
x 0 33049
p 0 393 33049
x 0 33050
p 0 201 33050
x 0 33051
p 0 380 33051
x 0 33052
p 0 195 33052
x 0 33053
p 0 320 33053
x 0 33054
p 0 274 33054
x 0 33055
p 0 198 33055
x 0 33056
p 0 196 33056
x 0 33057
p 0 270 33057
x 0 33058
p 0 195 33058
x 0 33059
p 0 198 33059
x 0 33060
p 0 194 33060
x 0 33000
h 0 10.0.0.5
p 0 6269 33000
x 1 33001
h 1 10.0.0.5
p 1 438 33001
x 0 33002
p 0 202 33002
x 0 33003
p 0 200 33003
x 0 33004
p 0 200 33004
x 0 33005
p 0 162 33005
x 0 33006
p 0 171 33006
x 0 33007
p 0 194 33007
x 0 33008
p 0 200 33008
x 0 33009
p 0 168 33009
x 0 33010
p 0 198 33010
x 0 33011
p 0 164 33011
x 0 33012
p 0 197 33012
x 0 33013
p 0 173 33013
x 0 33014
p 0 173 33014
x 0 33015
p 0 181 33015
x 0 33016
p 0 209 33016
x 0 33017
p 0 198 33017
x 0 33018
p 0 200 33018
x 0 33019
p 0 167 33019
x 0 33020
p 0 199 33020
x 0 33021
p 0 196 33021
x 0 33022
p 0 177 33022
x 0 33023
p 0 205 33023
x 0 33024
p 0 201 33024
x 0 33025
p 0 203 33025
x 0 33026
p 0 164 33026
x 0 33027
p 0 198 33027
x 0 33028
p 0 169 33028
x 0 33029
p 0 200 33029
x 0 33030
p 0 164 33030
x 0 33031
p 0 197 33031
x 0 33032
p 0 168 33032
x 0 33033
p 0 196 33033
x 0 33034
p 0 176 33034
x 0 33035
p 0 165 33035
x 0 33036
p 0 174 33036
x 0 33037
p 0 198 33037
x 0 33038
p 0 172 33038
x 0 33039
p 0 234 33039
x 0 33040
p 0 174 33040
x 0 33041
p 0 157 33041
x 0 33042
p 0 153 33042
x 0 33043
p 0 159 33043
x 0 33044
p 0 165 33044
x 0 33045
p 0 196 33045
x 0 33046
p 0 261 33046
x 0 33047
p 0 152 33047
x 0 33048
p 0 158 33048
x 0 33049
p 0 158 33049
x 0 33050
p 0 161 33050
x 0 33051
p 0 166 33051
x 0 33052
p 0 152 33052
x 0 33053
p 0 162 33053
x 0 33054
p 0 158 33054
x 0 33055
p 0 162 33055
x 0 33056
p 0 161 33056
x 0 33057
p 0 155 33057
x 0 33058
p 0 231 33058
x 0 33059
p 0 156 33059
x 0 33060
p 0 153 33060
x 0 33000
h 0 10.0.0.5
p 0 4515 33000
x 1 33001
h 1 10.0.0.5
p 1 478 33001
x 0 33002
p 0 258 33002
x 0 33003
p 0 200 33003
x 0 33004
p 0 197 33004
x 0 33005
p 0 167 33005
x 0 33006
p 0 171 33006
x 0 33007
p 0 194 33007
x 0 33008
p 0 197 33008
x 0 33009
p 0 196 33009
x 0 33010
p 0 197 33010
x 0 33011
p 0 198 33011
x 0 33012
p 0 199 33012
x 0 33013
p 0 199 33013
x 0 33014
p 0 199 33014
x 0 33015
p 0 197 33015
x 0 33016
p 0 201 33016
x 0 33017
p 0 269 33017
x 0 33018
p 0 200 33018
x 0 33019
p 0 198 33019
x 0 33020
p 0 201 33020
x 0 33021
p 0 199 33021
x 0 33022
p 0 200 33022
x 0 33023
p 0 197 33023
x 0 33024
p 0 201 33024
x 0 33025
p 0 199 33025
x 0 33026
p 0 195 33026
x 0 33027
p 0 193 33027
x 0 33028
p 0 196 33028
x 0 33029
p 0 231 33029
x 0 33030
p 0 279 33030
x 0 33031
p 0 197 33031
x 0 33032
p 0 198 33032
x 0 33033
p 0 197 33033
x 0 33034
p 0 200 33034
x 0 33035
p 0 288 33035
x 0 33036
p 0 199 33036
x 0 33037
p 0 198 33037
x 0 33038
p 0 200 33038
x 0 33039
p 0 197 33039
x 0 33040
p 0 194 33040
x 0 33041
p 0 195 33041
x 0 33042
p 0 261 33042
x 0 33043
p 0 195 33043
x 0 33044
p 0 195 33044
x 0 33045
p 0 194 33045
x 0 33046
p 0 191 33046
x 0 33047
p 0 225 33047
x 0 33048
p 0 194 33048
x 0 33049
p 0 197 33049
x 0 33050
p 0 195 33050
x 0 33051
p 0 195 33051
x 0 33052
p 0 82 33052
x 0 33053
p 0 193 33053
x 0 33054
p 0 192 33054
x 0 33055
p 0 198 33055
x 0 33056
p 0 192 33056
x 0 33057
p 0 195 33057
x 0 33058
p 0 193 33058
x 0 33059
p 0 225 33059
x 0 33060
p 0 196 33060
x 0 33000
h 0 10.0.0.5
p 0 8072 33000
x 1 33001
h 1 10.0.0.5
p 1 701 33001
x 0 33002
p 0 200 33002
x 0 33003
p 0 199 33003
x 0 33004
p 0 200 33004
x 0 33005
p 0 199 33005
x 0 33006
p 0 198 33006
x 0 33007
p 0 199 33007
x 0 33008
p 0 195 33008
x 0 33009
p 0 190 33009
x 0 33010
p 0 190 33010
x 0 33011
p 0 192 33011
x 0 33012
p 0 200 33012
x 0 33013
p 0 221 33013
x 0 33014
p 0 186 33014
x 0 33015
p 0 192 33015
x 0 33016
p 0 189 33016
x 0 33017
p 0 197 33017
x 0 33018
p 0 256 33018
x 0 33019
p 0 196 33019
x 0 33020
p 0 193 33020
x 0 33021
p 0 169 33021
x 0 33022
p 0 196 33022
x 0 33023
p 0 198 33023
x 0 33024
p 0 197 33024
x 0 33025
p 0 194 33025
x 0 33026
p 0 203 33026
x 0 33027
p 0 193 33027
x 0 33028
p 0 193 33028
x 0 33029
p 0 189 33029
x 0 33030
p 0 193 33030
x 0 33031
p 0 190 33031
x 0 33032
p 0 188 33032
x 0 33033
p 0 200 33033
x 0 33034
p 0 189 33034
x 0 33035
p 0 190 33035
x 0 33036
p 0 192 33036
x 0 33037
p 0 192 33037
x 0 33038
p 0 195 33038
x 0 33039
p 0 188 33039
x 0 33040
p 0 192 33040
x 0 33041
p 0 189 33041
x 0 33042
p 0 190 33042
x 0 33043
p 0 192 33043
x 0 33044
p 0 190 33044
x 0 33045
p 0 190 33045
x 0 33046
p 0 195 33046
x 0 33047
p 0 190 33047
x 0 33048
p 0 235 33048
x 0 33049
p 0 190 33049
x 0 33050
p 0 162 33050
x 0 33051
p 0 165 33051
x 0 33052
p 0 194 33052
x 0 33053
p 0 197 33053
x 0 33054
p 0 161 33054
x 0 33055
p 0 265 33055
x 0 33056
p 0 193 33056
x 0 33057
p 0 162 33057
x 0 33058
p 0 170 33058
x 0 33059
p 0 206 33059
x 0 33060
p 0 158 33060
x 0 33000
h 0 10.0.0.5
p 0 6692 33000
x 1 33001
h 1 10.0.0.5
p 1 537 33001
x 0 33002
p 0 197 33002
x 0 33003
p 0 231 33003
x 0 33004
p 0 196 33004
x 0 33005
p 0 157 33005
x 0 33006
p 0 196 33006
x 0 33007
p 0 196 33007
x 0 33008
p 0 195 33008
x 0 33009
p 0 193 33009
x 0 33010
p 0 168 33010
x 0 33011
p 0 196 33011
x 0 33012
p 0 195 33012
x 0 33013
p 0 193 33013
x 0 33014
p 0 169 33014
x 0 33015
p 0 204 33015
x 0 33016
p 0 194 33016
x 0 33017
p 0 195 33017
x 0 33018
p 0 174 33018
x 0 33019
p 0 166 33019
x 0 33020
p 0 164 33020
x 0 33021
p 0 165 33021
x 0 33022
p 0 358 33022
x 0 33023
p 0 372 33023
x 0 33024
p 0 345 33024
x 0 33025
p 0 379 33025
x 0 33026
p 0 350 33026
x 0 33027
p 0 364 33027
x 0 33028
p 0 341 33028
x 0 33029
p 0 378 33029
x 0 33030
p 0 348 33030
x 0 33031
p 0 361 33031
x 0 33032
p 0 347 33032
x 0 33033
p 0 390 33033
x 0 33034
p 0 361 33034
x 0 33035
p 0 376 33035
x 0 33036
p 0 351 33036
x 0 33037
p 0 394 33037
x 0 33038
p 0 359 33038
x 0 33039
p 0 394 33039
x 0 33040
p 0 353 33040
x 0 33041
p 0 414 33041
x 0 33042
p 0 353 33042
x 0 33043
p 0 381 33043
x 0 33044
p 0 347 33044
x 0 33045
p 0 387 33045
x 0 33046
p 0 350 33046
x 0 33047
p 0 376 33047
x 0 33048
p 0 340 33048
x 0 33049
p 0 408 33049
x 0 33050
p 0 348 33050
x 0 33051
p 0 384 33051
x 0 33052
p 0 345 33052
x 0 33053
p 0 385 33053
x 0 33054
p 0 358 33054
x 0 33055
p 0 379 33055
x 0 33056
p 0 341 33056
x 0 33057
p 0 340 33057
x 0 33058
p 0 348 33058
x 0 33059
p 0 362 33059
x 0 33060
p 0 346 33060
x 0 33000
h 0 10.0.0.5
p 0 7316 33000
x 1 33001
h 1 10.0.0.5
p 1 429 33001
x 0 33002
p 0 259 33002
x 0 33003
p 0 205 33003
x 0 33004
p 0 204 33004
x 0 33005
p 0 193 33005
x 0 33006
p 0 191 33006
x 0 33007
p 0 191 33007
x 0 33008
p 0 189 33008
x 0 33009
p 0 187 33009
x 0 33010
p 0 188 33010
x 0 33011
p 0 192 33011
x 0 33012
p 0 187 33012
x 0 33013
p 0 187 33013
x 0 33014
p 0 189 33014
x 0 33015
p 0 185 33015
x 0 33016
p 0 188 33016
x 0 33017
p 0 203 33017
x 0 33018
p 0 187 33018
x 0 33019
p 0 187 33019
x 0 33020
p 0 188 33020
x 0 33021
p 0 189 33021
x 0 33022
p 0 188 33022
x 0 33023
p 0 188 33023
x 0 33024
p 0 186 33024
x 0 33025
p 0 189 33025
x 0 33026
p 0 190 33026
x 0 33027
p 0 188 33027
x 0 33028
p 0 187 33028
x 0 33029
p 0 188 33029
x 0 33030
p 0 89 33030
x 0 33031
p 0 188 33031
x 0 33032
p 0 188 33032
x 0 33033
p 0 187 33033
x 0 33034
p 0 185 33034
x 0 33035
p 0 190 33035
x 0 33036
p 0 191 33036
x 0 33037
p 0 191 33037
x 0 33038
p 0 187 33038
x 0 33039
p 0 189 33039
x 0 33040
p 0 189 33040
x 0 33041
p 0 190 33041
x 0 33042
p 0 187 33042
x 0 33043
p 0 187 33043
x 0 33044
p 0 187 33044
x 0 33045
p 0 189 33045
x 0 33046
p 0 191 33046
x 0 33047
p 0 188 33047
x 0 33048
p 0 191 33048
x 0 33049
p 0 191 33049
x 0 33050
p 0 189 33050
x 0 33051
p 0 191 33051
x 0 33052
p 0 189 33052
x 0 33053
p 0 188 33053
x 0 33054
p 0 191 33054
x 0 33055
p 0 187 33055
x 0 33056
p 0 193 33056
x 0 33057
p 0 189 33057
x 0 33058
p 0 190 33058
x 0 33059
p 0 187 33059
x 0 33060
p 0 189 33060
x 0 33000
h 0 10.0.0.5
p 0 7303 33000
x 1 33001
h 1 10.0.0.5
p 1 554 33001
x 0 33002
p 0 153 33002
x 0 33003
p 0 156 33003
x 0 33004
p 0 168 33004
x 0 33005
p 0 163 33005
x 0 33006
p 0 204 33006
x 0 33007
p 0 226 33007
x 0 33008
p 0 196 33008
x 0 33009
p 0 194 33009
x 0 33010
p 0 201 33010
x 0 33011
p 0 196 33011
x 0 33012
p 0 194 33012
x 0 33013
p 0 236 33013
x 0 33014
p 0 193 33014
x 0 33015
p 0 194 33015
x 0 33016
p 0 192 33016
x 0 33017
p 0 194 33017
x 0 33018
p 0 195 33018
x 0 33019
p 0 194 33019
x 0 33020
p 0 193 33020
x 0 33021
p 0 194 33021
x 0 33022
p 0 195 33022
x 0 33023
p 0 194 33023
x 0 33024
p 0 192 33024
x 0 33025
p 0 194 33025
x 0 33026
p 0 193 33026
x 0 33027
p 0 191 33027
x 0 33028
p 0 223 33028
x 0 33029
p 0 195 33029
x 0 33030
p 0 194 33030
x 0 33031
p 0 190 33031
x 0 33032
p 0 192 33032
x 0 33033
p 0 194 33033
x 0 33034
p 0 191 33034
x 0 33035
p 0 195 33035
x 0 33036
p 0 201 33036
x 0 33037
p 0 197 33037
x 0 33038
p 0 194 33038
x 0 33039
p 0 195 33039
x 0 33040
p 0 196 33040
x 0 33041
p 0 198 33041
x 0 33042
p 0 193 33042
x 0 33043
p 0 195 33043
x 0 33044
p 0 194 33044
x 0 33045
p 0 193 33045
x 0 33046
p 0 191 33046
x 0 33047
p 0 194 33047
x 0 33048
p 0 193 33048
x 0 33049
p 0 192 33049
x 0 33050
p 0 196 33050
x 0 33051
p 0 192 33051
x 0 33052
p 0 193 33052
x 0 33053
p 0 194 33053
x 0 33054
p 0 195 33054
x 0 33055
p 0 194 33055
x 0 33056
p 0 192 33056
x 0 33057
p 0 196 33057
x 0 33058
p 0 207 33058
x 0 33059
p 0 190 33059
x 0 33060
p 0 195 33060
x 0 33000
h 0 10.0.0.5
p 0 7316 33000
x 1 33001
h 1 10.0.0.5
p 1 774 33001
x 0 33002
p 0 182 33002
x 0 33003
p 0 246 33003
x 0 33004
p 0 202 33004
x 0 33005
p 0 202 33005
x 0 33006
p 0 305 33006
x 0 33007
p 0 193 33007
x 0 33008
p 0 171 33008
x 0 33009
p 0 184 33009
x 0 33010
p 0 169 33010
x 0 33011
p 0 216 33011
x 0 33012
p 0 192 33012
x 0 33013
p 0 222 33013
x 0 33014
p 0 192 33014
x 0 33015
p 0 189 33015
x 0 33016
p 0 175 33016
x 0 33017
p 0 193 33017
x 0 33018
p 0 192 33018
x 0 33019
p 0 193 33019
x 0 33020
p 0 193 33020
x 0 33021
p 0 195 33021
x 0 33022
p 0 192 33022
x 0 33023
p 0 195 33023
x 0 33024
p 0 194 33024
x 0 33025
p 0 191 33025
x 0 33026
p 0 194 33026
x 0 33027
p 0 195 33027
x 0 33028
p 0 193 33028
x 0 33029
p 0 196 33029
x 0 33030
p 0 196 33030
x 0 33031
p 0 194 33031
x 0 33032
p 0 196 33032
x 0 33033
p 0 193 33033
x 0 33034
p 0 194 33034
x 0 33035
p 0 194 33035
x 0 33036
p 0 194 33036
x 0 33037
p 0 193 33037
x 0 33038
p 0 195 33038
x 0 33039
p 0 227 33039
x 0 33040
p 0 194 33040
x 0 33041
p 0 193 33041
x 0 33042
p 0 192 33042
x 0 33043
p 0 190 33043
x 0 33044
p 0 195 33044
x 0 33045
p 0 192 33045
x 0 33046
p 0 191 33046
x 0 33047
p 0 172 33047
x 0 33048
p 0 192 33048
x 0 33049
p 0 194 33049
x 0 33050
p 0 166 33050
x 0 33051
p 0 195 33051
x 0 33052
p 0 194 33052
x 0 33053
p 0 198 33053
x 0 33054
p 0 196 33054
x 0 33055
p 0 259 33055
x 0 33056
p 0 194 33056
x 0 33057
p 0 198 33057
x 0 33058
p 0 196 33058
x 0 33059
p 0 195 33059
x 0 33060
p 0 197 33060
x 0 33000
h 0 10.0.0.5
p 0 6904 33000
x 1 33001
h 1 10.0.0.5
p 1 599 33001
x 0 33002
p 0 200 33002
x 0 33003
p 0 234 33003
x 0 33004
p 0 303 33004
x 0 33005
p 0 242 33005
x 0 33006
p 0 247 33006
x 0 33007
p 0 253 33007
x 0 33008
p 0 202 33008
x 0 33009
p 0 191 33009
x 0 33010
p 0 223 33010
x 0 33011
p 0 241 33011
x 0 33012
p 0 193 33012
x 0 33013
p 0 230 33013
x 0 33014
p 0 219 33014
x 0 33015
p 0 227 33015
x 0 33016
p 0 222 33016
x 0 33017
p 0 199 33017
x 0 33018
p 0 181 33018
x 0 33019
p 0 192 33019
x 0 33020
p 0 196 33020
x 0 33021
p 0 195 33021
x 0 33022
p 0 204 33022
x 0 33023
p 0 204 33023
x 0 33024
p 0 192 33024
x 0 33025
p 0 198 33025
x 0 33026
p 0 251 33026
x 0 33027
p 0 218 33027
x 0 33028
p 0 198 33028
x 0 33029
p 0 190 33029
x 0 33030
p 0 192 33030
x 0 33031
p 0 194 33031
x 0 33032
p 0 189 33032
x 0 33033
p 0 198 33033
x 0 33034
p 0 227 33034
x 0 33035
p 0 192 33035
x 0 33036
p 0 191 33036
x 0 33037
p 0 195 33037
x 0 33038
p 0 231 33038
x 0 33039
p 0 191 33039
x 0 33040
p 0 168 33040
x 0 33041
p 0 193 33041
x 0 33042
p 0 163 33042
x 0 33043
p 0 168 33043
x 0 33044
p 0 163 33044
x 0 33045
p 0 195 33045
x 0 33046
p 0 165 33046
x 0 33047
p 0 162 33047
x 0 33048
p 0 165 33048
x 0 33049
p 0 163 33049
x 0 33050
p 0 220 33050
x 0 33051
p 0 229 33051
x 0 33052
p 0 223 33052
x 0 33053
p 0 220 33053
x 0 33054
p 0 109 33054
x 0 33055
p 0 160 33055
x 0 33056
p 0 195 33056
x 0 33057
p 0 156 33057
x 0 33058
p 0 168 33058
x 0 33059
p 0 193 33059
x 0 33060
p 0 190 33060
x 0 33000
h 0 10.0.0.5
p 0 10018 33000
x 1 33001
h 1 10.0.0.5
p 1 457 33001
x 0 33002
p 0 227 33002
x 0 33003
p 0 194 33003
x 0 33004
p 0 196 33004
x 0 33005
p 0 195 33005
x 0 33006
p 0 298 33006
x 0 33007
p 0 159 33007
x 0 33008
p 0 159 33008
x 0 33009
p 0 192 33009
x 0 33010
p 0 156 33010
x 0 33011
p 0 157 33011
x 0 33012
p 0 189 33012
x 0 33013
p 0 157 33013
x 0 33014
p 0 275 33014
x 0 33015
p 0 157 33015
x 0 33016
p 0 189 33016
x 0 33017
p 0 162 33017
x 0 33018
p 0 158 33018
x 0 33019
p 0 162 33019
x 0 33020
p 0 244 33020
x 0 33021
p 0 156 33021
x 0 33022
p 0 161 33022
x 0 33023
p 0 158 33023
x 0 33024
p 0 191 33024
x 0 33025
p 0 160 33025
x 0 33026
p 0 161 33026
x 0 33027
p 0 161 33027
x 0 33028
p 0 190 33028
x 0 33029
p 0 160 33029
x 0 33030
p 0 161 33030
x 0 33031
p 0 174 33031
x 0 33032
p 0 188 33032
x 0 33033
p 0 165 33033
x 0 33034
p 0 164 33034
x 0 33035
p 0 164 33035
x 0 33036
p 0 163 33036
x 0 33037
p 0 162 33037
x 0 33038
p 0 162 33038
x 0 33039
p 0 162 33039
x 0 33040
p 0 161 33040
x 0 33041
p 0 164 33041
x 0 33042
p 0 166 33042
x 0 33043
p 0 163 33043
x 0 33044
p 0 162 33044
x 0 33045
p 0 165 33045
x 0 33046
p 0 163 33046
x 0 33047
p 0 165 33047
x 0 33048
p 0 164 33048
x 0 33049
p 0 158 33049
x 0 33050
p 0 159 33050
x 0 33051
p 0 160 33051
x 0 33052
p 0 168 33052
x 0 33053
p 0 162 33053
x 0 33054
p 0 158 33054
x 0 33055
p 0 157 33055
x 0 33056
p 0 158 33056
x 0 33057
p 0 159 33057
x 0 33058
p 0 196 33058
x 0 33059
p 0 162 33059
x 0 33060
p 0 191 33060
x 0 33000
h 0 10.0.0.5
p 0 6302 33000
x 1 33001
h 1 10.0.0.5
p 1 544 33001
x 0 33002
p 0 137 33002
x 0 33003
p 0 228 33003
x 0 33004
p 0 196 33004
x 0 33005
p 0 301 33005
x 0 33006
p 0 197 33006
x 0 33007
p 0 195 33007
x 0 33008
p 0 193 33008
x 0 33009
p 0 191 33009
x 0 33010
p 0 189 33010
x 0 33011
p 0 192 33011
x 0 33012
p 0 194 33012
x 0 33013
p 0 189 33013
x 0 33014
p 0 191 33014
x 0 33015
p 0 188 33015
x 0 33016
p 0 189 33016
x 0 33017
p 0 187 33017
x 0 33018
p 0 187 33018
x 0 33019
p 0 189 33019
x 0 33020
p 0 189 33020
x 0 33021
p 0 283 33021
x 0 33022
p 0 196 33022
x 0 33023
p 0 186 33023
x 0 33024
p 0 193 33024
x 0 33025
p 0 191 33025
x 0 33026
p 0 192 33026
x 0 33027
p 0 189 33027
x 0 33028
p 0 187 33028
x 0 33029
p 0 188 33029
x 0 33030
p 0 192 33030
x 0 33031
p 0 191 33031
x 0 33032
p 0 192 33032
x 0 33033
p 0 190 33033
x 0 33034
p 0 191 33034
x 0 33035
p 0 195 33035
x 0 33036
p 0 194 33036
x 0 33037
p 0 212 33037
x 0 33038
p 0 188 33038
x 0 33039
p 0 192 33039
x 0 33040
p 0 190 33040
x 0 33041
p 0 193 33041
x 0 33042
p 0 194 33042
x 0 33043
p 0 289 33043
x 0 33044
p 0 194 33044
x 0 33045
p 0 191 33045
x 0 33046
p 0 196 33046
x 0 33047
p 0 197 33047
x 0 33048
p 0 193 33048
x 0 33049
p 0 193 33049
x 0 33050
p 0 192 33050
x 0 33051
p 0 196 33051
x 0 33052
p 0 198 33052
x 0 33053
p 0 189 33053
x 0 33054
p 0 190 33054
x 0 33055
p 0 191 33055
x 0 33056
p 0 194 33056
x 0 33057
p 0 188 33057
x 0 33058
p 0 300 33058
x 0 33059
p 0 290 33059
x 0 33060
p 0 290 33060
x 0 33000
h 0 10.0.0.5
p 0 6356 33000
x 1 33001
h 1 10.0.0.5
p 1 610 33001
x 0 33002
p 0 164 33002
x 0 33003
p 0 159 33003
x 0 33004
p 0 196 33004
x 0 33005
p 0 163 33005
x 0 33006
p 0 196 33006
x 0 33007
p 0 193 33007
x 0 33008
p 0 280 33008
x 0 33009
p 0 164 33009
x 0 33010
p 0 188 33010
x 0 33011
p 0 175 33011
x 0 33012
p 0 196 33012
x 0 33013
p 0 162 33013
x 0 33014
p 0 160 33014
x 0 33015
p 0 163 33015
x 0 33016
p 0 158 33016
x 0 33017
p 0 160 33017
x 0 33018
p 0 160 33018
x 0 33019
p 0 161 33019
x 0 33020
p 0 163 33020
x 0 33021
p 0 162 33021
x 0 33022
p 0 147 33022
x 0 33023
p 0 137 33023
x 0 33024
p 0 165 33024
x 0 33025
p 0 135 33025
x 0 33026
p 0 133 33026
x 0 33027
p 0 137 33027
x 0 33028
p 0 171 33028
x 0 33029
p 0 136 33029
x 0 33030
p 0 136 33030
x 0 33031
p 0 138 33031
x 0 33032
p 0 169 33032
x 0 33033
p 0 135 33033
x 0 33034
p 0 136 33034
x 0 33035
p 0 139 33035
x 0 33036
p 0 176 33036
x 0 33037
p 0 135 33037
x 0 33038
p 0 133 33038
x 0 33039
p 0 82 33039
x 0 33040
p 0 164 33040
x 0 33041
p 0 137 33041
x 0 33042
p 0 134 33042
x 0 33043
p 0 175 33043
x 0 33044
p 0 141 33044
x 0 33045
p 0 206 33045
x 0 33046
p 0 120 33046
x 0 33047
p 0 138 33047
x 0 33048
p 0 170 33048
x 0 33049
p 0 109 33049
x 0 33050
p 0 121 33050
x 0 33051
p 0 154 33051
x 0 33052
p 0 167 33052
x 0 33053
p 0 135 33053
x 0 33054
p 0 132 33054
x 0 33055
p 0 138 33055
x 0 33056
p 0 149 33056
x 0 33057
p 0 154 33057
x 0 33058
p 0 135 33058
x 0 33059
p 0 123 33059
x 0 33060
p 0 125 33060
x 0 33000
h 0 10.0.0.5
p 0 4253 33000
x 1 33001
h 1 10.0.0.5
p 1 440 33001
x 0 33002
p 0 194 33002
x 0 33003
p 0 226 33003
x 0 33004
p 0 229 33004
x 0 33005
p 0 195 33005
x 0 33006
p 0 217 33006
x 0 33007
p 0 199 33007
x 0 33008
p 0 167 33008
x 0 33009
p 0 193 33009
x 0 33010
p 0 177 33010
x 0 33011
p 0 225 33011
x 0 33012
p 0 165 33012
x 0 33013
p 0 191 33013
x 0 33014
p 0 193 33014
x 0 33015
p 0 188 33015
x 0 33016
p 0 202 33016
x 0 33017
p 0 164 33017
x 0 33018
p 0 164 33018
x 0 33019
p 0 166 33019
x 0 33020
p 0 192 33020
x 0 33021
p 0 171 33021
x 0 33022
p 0 166 33022
x 0 33023
p 0 167 33023
x 0 33024
p 0 196 33024
x 0 33025
p 0 167 33025
x 0 33026
p 0 323 33026
x 0 33027
p 0 329 33027
x 0 33028
p 0 314 33028
x 0 33029
p 0 378 33029
x 0 33030
p 0 104 33030
x 0 33031
p 0 194 33031
x 0 33032
p 0 173 33032
x 0 33033
p 0 190 33033
x 0 33034
p 0 191 33034
x 0 33035
p 0 190 33035
x 0 33036
p 0 189 33036
x 0 33037
p 0 188 33037
x 0 33038
p 0 187 33038
x 0 33039
p 0 193 33039
x 0 33040
p 0 190 33040
x 0 33041
p 0 191 33041
x 0 33042
p 0 191 33042
x 0 33043
p 0 189 33043
x 0 33044
p 0 189 33044
x 0 33045
p 0 192 33045
x 0 33046
p 0 210 33046
x 0 33047
p 0 274 33047
x 0 33048
p 0 192 33048
x 0 33049
p 0 192 33049
x 0 33050
p 0 193 33050
x 0 33051
p 0 278 33051
x 0 33052
p 0 195 33052
x 0 33053
p 0 194 33053
x 0 33054
p 0 193 33054
x 0 33055
p 0 286 33055
x 0 33056
p 0 189 33056
x 0 33057
p 0 191 33057
x 0 33058
p 0 193 33058
x 0 33059
p 0 299 33059
x 0 33060
p 0 263 33060
x 0 33000
h 0 10.0.0.5
p 0 6782 33000
x 1 33001
h 1 10.0.0.5
p 1 611 33001
x 0 33002
p 0 233 33002
x 0 33003
p 0 204 33003
x 0 33004
p 0 203 33004
x 0 33005
p 0 310 33005
x 0 33006
p 0 190 33006
x 0 33007
p 0 198 33007
x 0 33008
p 0 196 33008
x 0 33009
p 0 193 33009
x 0 33010
p 0 206 33010
x 0 33011
p 0 197 33011
x 0 33012
p 0 208 33012
x 0 33013
p 0 197 33013
x 0 33014
p 0 193 33014
x 0 33015
p 0 192 33015
x 0 33016
p 0 194 33016
x 0 33017
p 0 235 33017
x 0 33018
p 0 194 33018
x 0 33019
p 0 195 33019
x 0 33020
p 0 191 33020
x 0 33021
p 0 196 33021
x 0 33022
p 0 194 33022
x 0 33023
p 0 195 33023
x 0 33024
p 0 195 33024
x 0 33025
p 0 194 33025
x 0 33026
p 0 196 33026
x 0 33027
p 0 193 33027
x 0 33028
p 0 195 33028
x 0 33029
p 0 193 33029
x 0 33030
p 0 189 33030
x 0 33031
p 0 194 33031
x 0 33032
p 0 224 33032
x 0 33033
p 0 195 33033
x 0 33034
p 0 223 33034
x 0 33035
p 0 194 33035
x 0 33036
p 0 272 33036
x 0 33037
p 0 193 33037
x 0 33038
p 0 201 33038
x 0 33039
p 0 216 33039
x 0 33040
p 0 191 33040
x 0 33041
p 0 286 33041
x 0 33042
p 0 195 33042
x 0 33043
p 0 198 33043
x 0 33044
p 0 194 33044
x 0 33045
p 0 192 33045
x 0 33046
p 0 194 33046
x 0 33047
p 0 193 33047
x 0 33048
p 0 286 33048
x 0 33049
p 0 192 33049
x 0 33050
p 0 267 33050
x 0 33051
p 0 194 33051
x 0 33052
p 0 193 33052
x 0 33053
p 0 198 33053
x 0 33054
p 0 193 33054
x 0 33055
p 0 189 33055
x 0 33056
p 0 289 33056
x 0 33057
p 0 198 33057
x 0 33058
p 0 198 33058
x 0 33059
p 0 193 33059
x 0 33060
p 0 194 33060
x 0 33000
h 0 10.0.0.5
p 0 7720 33000
x 1 33001
h 1 10.0.0.5
p 1 436 33001
x 0 33002
p 0 107 33002
x 0 33003
p 0 194 33003
x 0 33004
p 0 194 33004
x 0 33005
p 0 189 33005
x 0 33006
p 0 155 33006
x 0 33007
p 0 192 33007
x 0 33008
p 0 165 33008
x 0 33009
p 0 195 33009
x 0 33010
p 0 227 33010
x 0 33011
p 0 196 33011
x 0 33012
p 0 198 33012
x 0 33013
p 0 195 33013
x 0 33014
p 0 194 33014
x 0 33015
p 0 192 33015
x 0 33016
p 0 197 33016
x 0 33017
p 0 228 33017
x 0 33018
p 0 193 33018
x 0 33019
p 0 268 33019
x 0 33020
p 0 194 33020
x 0 33021
p 0 289 33021
x 0 33022
p 0 194 33022
x 0 33023
p 0 192 33023
x 0 33024
p 0 194 33024
x 0 33025
p 0 194 33025
x 0 33026
p 0 236 33026
x 0 33027
p 0 195 33027
x 0 33028
p 0 127 33028
x 0 33029
p 0 191 33029
x 0 33030
p 0 193 33030
x 0 33031
p 0 194 33031
x 0 33032
p 0 192 33032
x 0 33033
p 0 191 33033
x 0 33034
p 0 192 33034
x 0 33035
p 0 221 33035
x 0 33036
p 0 190 33036
x 0 33037
p 0 193 33037
x 0 33038
p 0 193 33038
x 0 33039
p 0 191 33039
x 0 33040
p 0 190 33040
x 0 33041
p 0 224 33041
x 0 33042
p 0 194 33042
x 0 33043
p 0 187 33043
x 0 33044
p 0 191 33044
x 0 33045
p 0 187 33045
x 0 33046
p 0 190 33046
x 0 33047
p 0 196 33047
x 0 33048
p 0 196 33048
x 0 33049
p 0 195 33049
x 0 33050
p 0 191 33050
x 0 33051
p 0 191 33051
x 0 33052
p 0 194 33052
x 0 33053
p 0 195 33053
x 0 33054
p 0 192 33054
x 0 33055
p 0 193 33055
x 0 33056
p 0 192 33056
x 0 33057
p 0 197 33057
x 0 33058
p 0 191 33058
x 0 33059
p 0 193 33059
x 0 33060
p 0 193 33060
x 0 33000
h 0 10.0.0.5
p 0 4640 33000
x 1 33001
h 1 10.0.0.5
p 1 589 33001
x 0 33002
p 0 234 33002
x 0 33003
p 0 161 33003
x 0 33004
p 0 160 33004
x 0 33005
p 0 158 33005
x 0 33006
p 0 196 33006
x 0 33007
p 0 195 33007
x 0 33008
p 0 188 33008
x 0 33009
p 0 190 33009
x 0 33010
p 0 188 33010
x 0 33011
p 0 192 33011
x 0 33012
p 0 190 33012
x 0 33013
p 0 189 33013
x 0 33014
p 0 189 33014
x 0 33015
p 0 192 33015
x 0 33016
p 0 194 33016
x 0 33017
p 0 189 33017
x 0 33018
p 0 188 33018
x 0 33019
p 0 190 33019
x 0 33020
p 0 187 33020
x 0 33021
p 0 197 33021
x 0 33022
p 0 192 33022
x 0 33023
p 0 72 33023
x 0 33024
p 0 191 33024
x 0 33025
p 0 193 33025
x 0 33026
p 0 192 33026
x 0 33027
p 0 222 33027
x 0 33028
p 0 192 33028
x 0 33029
p 0 188 33029
x 0 33030
p 0 187 33030
x 0 33031
p 0 198 33031
x 0 33032
p 0 191 33032
x 0 33033
p 0 186 33033
x 0 33034
p 0 191 33034
x 0 33035
p 0 189 33035
x 0 33036
p 0 193 33036
x 0 33037
p 0 189 33037
x 0 33038
p 0 188 33038
x 0 33039
p 0 188 33039
x 0 33040
p 0 189 33040
x 0 33041
p 0 196 33041
x 0 33042
p 0 192 33042
x 0 33043
p 0 188 33043
x 0 33044
p 0 189 33044
x 0 33045
p 0 187 33045
x 0 33046
p 0 190 33046
x 0 33047
p 0 187 33047
x 0 33048
p 0 192 33048
x 0 33049
p 0 189 33049
x 0 33050
p 0 191 33050
x 0 33051
p 0 192 33051
x 0 33052
p 0 127 33052
x 0 33053
p 0 194 33053
x 0 33054
p 0 192 33054
x 0 33055
p 0 191 33055
x 0 33056
p 0 191 33056
x 0 33057
p 0 189 33057
x 0 33058
p 0 161 33058
x 0 33059
p 0 190 33059
x 0 33060
p 0 162 33060
x 0 33000
h 0 10.0.0.5
p 0 2731 33000
x 1 33001
h 1 10.0.0.5
p 1 607 33001
x 0 33002
p 0 178 33002
x 0 33003
p 0 310 33003
x 0 33004
p 0 194 33004
x 0 33005
p 0 288 33005
x 0 33006
p 0 199 33006
x 0 33007
p 0 196 33007
x 0 33008
p 0 217 33008
x 0 33009
p 0 198 33009
x 0 33010
p 0 208 33010
x 0 33011
p 0 195 33011
x 0 33012
p 0 200 33012
x 0 33013
p 0 196 33013
x 0 33014
p 0 193 33014
x 0 33015
p 0 202 33015
x 0 33016
p 0 196 33016
x 0 33017
p 0 236 33017
x 0 33018
p 0 193 33018
x 0 33019
p 0 191 33019
x 0 33020
p 0 195 33020
x 0 33021
p 0 196 33021
x 0 33022
p 0 193 33022
x 0 33023
p 0 192 33023
x 0 33024
p 0 194 33024
x 0 33025
p 0 200 33025
x 0 33026
p 0 195 33026
x 0 33027
p 0 195 33027
x 0 33028
p 0 199 33028
x 0 33029
p 0 198 33029
x 0 33030
p 0 293 33030
x 0 33031
p 0 293 33031
x 0 33032
p 0 290 33032
x 0 33033
p 0 289 33033
x 0 33034
p 0 215 33034
x 0 33035
p 0 231 33035
x 0 33036
p 0 192 33036
x 0 33037
p 0 195 33037
x 0 33038
p 0 194 33038
x 0 33039
p 0 190 33039
x 0 33040
p 0 198 33040
x 0 33041
p 0 200 33041
x 0 33042
p 0 194 33042
x 0 33043
p 0 195 33043
x 0 33044
p 0 189 33044
x 0 33045
p 0 195 33045
x 0 33046
p 0 196 33046
x 0 33047
p 0 194 33047
x 0 33048
p 0 191 33048
x 0 33049
p 0 192 33049
x 0 33050
p 0 197 33050
x 0 33051
p 0 205 33051
x 0 33052
p 0 193 33052
x 0 33053
p 0 193 33053
x 0 33054
p 0 191 33054
x 0 33055
p 0 200 33055
x 0 33056
p 0 196 33056
x 0 33057
p 0 194 33057
x 0 33058
p 0 193 33058
x 0 33059
p 0 192 33059
x 0 33060
p 0 196 33060
x 0 33000
h 0 10.0.0.5
p 0 5312 33000
x 1 33001
h 1 10.0.0.5
p 1 511 33001
x 0 33002
p 0 134 33002
x 0 33003
p 0 189 33003
x 0 33004
p 0 273 33004
x 0 33005
p 0 158 33005
x 0 33006
p 0 156 33006
x 0 33007
p 0 191 33007
x 0 33008
p 0 188 33008
x 0 33009
p 0 190 33009
x 0 33010
p 0 191 33010
x 0 33011
p 0 188 33011
x 0 33012
p 0 190 33012
x 0 33013
p 0 190 33013
x 0 33014
p 0 190 33014
x 0 33015
p 0 191 33015
x 0 33016
p 0 189 33016
x 0 33017
p 0 188 33017
x 0 33018
p 0 191 33018
x 0 33019
p 0 160 33019
x 0 33020
p 0 191 33020
x 0 33021
p 0 191 33021
x 0 33022
p 0 192 33022
x 0 33023
p 0 192 33023
x 0 33024
p 0 192 33024
x 0 33025
p 0 193 33025
x 0 33026
p 0 194 33026
x 0 33027
p 0 190 33027
x 0 33028
p 0 292 33028
x 0 33029
p 0 257 33029
x 0 33030
p 0 161 33030
x 0 33031
p 0 192 33031
x 0 33032
p 0 190 33032
x 0 33033
p 0 195 33033
x 0 33034
p 0 193 33034
x 0 33035
p 0 163 33035
x 0 33036
p 0 191 33036
x 0 33037
p 0 189 33037
x 0 33038
p 0 191 33038
x 0 33039
p 0 164 33039
x 0 33040
p 0 190 33040
x 0 33041
p 0 172 33041
x 0 33042
p 0 188 33042
x 0 33043
p 0 164 33043
x 0 33044
p 0 190 33044
x 0 33045
p 0 192 33045
x 0 33046
p 0 194 33046
x 0 33047
p 0 190 33047
x 0 33048
p 0 172 33048
x 0 33049
p 0 189 33049
x 0 33050
p 0 189 33050
x 0 33051
p 0 189 33051
x 0 33052
p 0 187 33052
x 0 33053
p 0 185 33053
x 0 33054
p 0 190 33054
x 0 33055
p 0 191 33055
x 0 33056
p 0 192 33056
x 0 33057
p 0 191 33057
x 0 33058
p 0 202 33058
x 0 33059
p 0 191 33059
x 0 33060
p 0 191 33060
x 0 33000
h 0 10.0.0.5
p 0 4127 33000
x 1 33001
h 1 10.0.0.5
p 1 613 33001
x 0 33002
p 0 135 33002
x 0 33003
p 0 237 33003
x 0 33004
p 0 196 33004
x 0 33005
p 0 215 33005
x 0 33006
p 0 196 33006
x 0 33007
p 0 196 33007
x 0 33008
p 0 230 33008
x 0 33009
p 0 200 33009
x 0 33010
p 0 200 33010
x 0 33011
p 0 194 33011
x 0 33012
p 0 202 33012
x 0 33013
p 0 196 33013
x 0 33014
p 0 196 33014
x 0 33015
p 0 193 33015
x 0 33016
p 0 192 33016
x 0 33017
p 0 197 33017
x 0 33018
p 0 196 33018
x 0 33019
p 0 194 33019
x 0 33020
p 0 198 33020
x 0 33021
p 0 193 33021
x 0 33022
p 0 219 33022
x 0 33023
p 0 177 33023
x 0 33024
p 0 197 33024
x 0 33025
p 0 195 33025
x 0 33026
p 0 243 33026
x 0 33027
p 0 233 33027
x 0 33028
p 0 248 33028
x 0 33029
p 0 227 33029
x 0 33030
p 0 238 33030
x 0 33031
p 0 222 33031
x 0 33032
p 0 240 33032
x 0 33033
p 0 308 33033
x 0 33034
p 0 195 33034
x 0 33035
p 0 196 33035
x 0 33036
p 0 234 33036
x 0 33037
p 0 199 33037
x 0 33038
p 0 293 33038
x 0 33039
p 0 222 33039
x 0 33040
p 0 199 33040
x 0 33041
p 0 190 33041
x 0 33042
p 0 91 33042
x 0 33043
p 0 194 33043
x 0 33044
p 0 275 33044
x 0 33045
p 0 224 33045
x 0 33046
p 0 275 33046
x 0 33047
p 0 407 33047
x 0 33048
p 0 222 33048
x 0 33049
p 0 194 33049
x 0 33050
p 0 197 33050
x 0 33051
p 0 191 33051
x 0 33052
p 0 192 33052
x 0 33053
p 0 190 33053
x 0 33054
p 0 192 33054
x 0 33055
p 0 167 33055
x 0 33056
p 0 192 33056
x 0 33057
p 0 193 33057
x 0 33058
p 0 166 33058
x 0 33059
p 0 191 33059
x 0 33060
p 0 196 33060
x 0 33000
h 0 10.0.0.5
p 0 9438 33000
x 1 33001
h 1 10.0.0.5
p 1 437 33001
x 0 33002
p 0 116 33002
x 0 33003
p 0 192 33003
x 0 33004
p 0 157 33004
x 0 33005
p 0 167 33005
x 0 33006
p 0 193 33006
x 0 33007
p 0 179 33007
x 0 33008
p 0 191 33008
x 0 33009
p 0 199 33009
x 0 33010
p 0 192 33010
x 0 33011
p 0 174 33011
x 0 33012
p 0 192 33012
x 0 33013
p 0 192 33013
x 0 33014
p 0 190 33014
x 0 33015
p 0 189 33015
x 0 33016
p 0 194 33016
x 0 33017
p 0 189 33017
x 0 33018
p 0 190 33018
x 0 33019
p 0 190 33019
x 0 33020
p 0 189 33020
x 0 33021
p 0 191 33021
x 0 33022
p 0 191 33022
x 0 33023
p 0 189 33023
x 0 33024
p 0 193 33024
x 0 33025
p 0 188 33025
x 0 33026
p 0 193 33026
x 0 33027
p 0 189 33027
x 0 33028
p 0 188 33028
x 0 33029
p 0 191 33029
x 0 33030
p 0 191 33030
x 0 33031
p 0 193 33031
x 0 33032
p 0 190 33032
x 0 33033
p 0 192 33033
x 0 33034
p 0 189 33034
x 0 33035
p 0 193 33035
x 0 33036
p 0 189 33036
x 0 33037
p 0 160 33037
x 0 33038
p 0 161 33038
x 0 33039
p 0 188 33039
x 0 33040
p 0 160 33040
x 0 33041
p 0 159 33041
x 0 33042
p 0 191 33042
x 0 33043
p 0 189 33043
x 0 33044
p 0 189 33044
x 0 33045
p 0 189 33045
x 0 33046
p 0 191 33046
x 0 33047
p 0 193 33047
x 0 33048
p 0 190 33048
x 0 33049
p 0 189 33049
x 0 33050
p 0 190 33050
x 0 33051
p 0 239 33051
x 0 33052
p 0 191 33052
x 0 33053
p 0 189 33053
x 0 33054
p 0 161 33054
x 0 33055
p 0 158 33055
x 0 33056
p 0 159 33056
x 0 33057
p 0 159 33057
x 0 33058
p 0 156 33058
x 0 33059
p 0 192 33059
x 0 33060
p 0 159 33060
x 0 33000
h 0 10.0.0.5
p 0 11066 33000
x 1 33001
h 1 10.0.0.5
p 1 6314 33001
x 0 33002
p 0 790 33002
x 0 33003
p 0 198 33003
x 0 33004
p 0 198 33004
x 0 33005
p 0 203 33005
x 0 33006
p 0 199 33006
x 0 33007
p 0 197 33007
x 0 33008
p 0 234 33008
x 0 33009
p 0 199 33009
x 0 33010
p 0 198 33010
x 0 33011
p 0 195 33011
x 0 33012
p 0 195 33012
x 0 33013
p 0 198 33013
x 0 33014
p 0 193 33014
x 0 33015
p 0 226 33015
x 0 33016
p 0 178 33016
x 0 33017
p 0 199 33017
x 0 33018
p 0 194 33018
x 0 33019
p 0 204 33019
x 0 33020
p 0 201 33020
x 0 33021
p 0 200 33021
x 0 33022
p 0 198 33022
x 0 33023
p 0 196 33023
x 0 33024
p 0 220 33024
x 0 33025
p 0 199 33025
x 0 33026
p 0 175 33026
x 0 33027
p 0 169 33027
x 0 33028
p 0 204 33028
x 0 33029
p 0 171 33029
x 0 33030
p 0 179 33030
x 0 33031
p 0 176 33031
x 0 33032
p 0 174 33032
x 0 33033
p 0 269 33033
x 0 33034
p 0 168 33034
x 0 33035
p 0 203 33035
x 0 33036
p 0 173 33036
x 0 33037
p 0 197 33037
x 0 33038
p 0 171 33038
x 0 33039
p 0 167 33039
x 0 33040
p 0 205 33040
x 0 33041
p 0 180 33041
x 0 33042
p 0 173 33042
x 0 33043
p 0 170 33043
x 0 33044
p 0 157 33044
x 0 33045
p 0 178 33045
x 0 33046
p 0 172 33046
x 0 33047
p 0 174 33047
x 0 33048
p 0 174 33048
x 0 33049
p 0 171 33049
x 0 33050
p 0 179 33050
x 0 33051
p 0 172 33051
x 0 33052
p 0 173 33052
x 0 33053
p 0 174 33053
x 0 33054
p 0 170 33054
x 0 33055
p 0 177 33055
x 0 33056
p 0 174 33056
x 0 33057
p 0 170 33057
x 0 33058
p 0 201 33058
x 0 33059
p 0 210 33059
x 0 33060
p 0 201 33060
x 0 33000
h 0 10.0.0.5
p 0 6225 33000
x 1 33001
h 1 10.0.0.5
p 1 533 33001
x 0 33002
p 0 165 33002
x 0 33003
p 0 193 33003
x 0 33004
p 0 201 33004
x 0 33005
p 0 197 33005
x 0 33006
p 0 194 33006
x 0 33007
p 0 334 33007
x 0 33008
p 0 339 33008
x 0 33009
p 0 282 33009
x 0 33010
p 0 352 33010
x 0 33011
p 0 320 33011
x 0 33012
p 0 313 33012
x 0 33013
p 0 316 33013
x 0 33014
p 0 380 33014
x 0 33015
p 0 327 33015
x 0 33016
p 0 320 33016
x 0 33017
p 0 386 33017
x 0 33018
p 0 372 33018
x 0 33019
p 0 320 33019
x 0 33020
p 0 192 33020
x 0 33021
p 0 273 33021
x 0 33022
p 0 272 33022
x 0 33023
p 0 159 33023
x 0 33024
p 0 200 33024
x 0 33025
p 0 196 33025
x 0 33026
p 0 200 33026
x 0 33027
p 0 193 33027
x 0 33028
p 0 194 33028
x 0 33029
p 0 197 33029
x 0 33030
p 0 193 33030
x 0 33031
p 0 164 33031
x 0 33032
p 0 286 33032
x 0 33033
p 0 190 33033
x 0 33034
p 0 195 33034
x 0 33035
p 0 195 33035
x 0 33036
p 0 194 33036
x 0 33037
p 0 193 33037
x 0 33038
p 0 191 33038
x 0 33039
p 0 198 33039
x 0 33040
p 0 195 33040
x 0 33041
p 0 193 33041
x 0 33042
p 0 192 33042
x 0 33043
p 0 191 33043
x 0 33044
p 0 195 33044
x 0 33045
p 0 192 33045
x 0 33046
p 0 195 33046
x 0 33047
p 0 194 33047
x 0 33048
p 0 196 33048
x 0 33049
p 0 198 33049
x 0 33050
p 0 166 33050
x 0 33051
p 0 196 33051
x 0 33052
p 0 193 33052
x 0 33053
p 0 196 33053
x 0 33054
p 0 195 33054
x 0 33055
p 0 192 33055
x 0 33056
p 0 195 33056
x 0 33057
p 0 229 33057
x 0 33058
p 0 256 33058
x 0 33059
p 0 196 33059
x 0 33060
p 0 282 33060
x 0 33000
h 0 10.0.0.5
p 0 6919 33000
x 1 33001
h 1 10.0.0.5
p 1 693 33001
x 0 33002
p 0 198 33002
x 0 33003
p 0 199 33003
x 0 33004
p 0 197 33004
x 0 33005
p 0 198 33005
x 0 33006
p 0 198 33006
x 0 33007
p 0 233 33007
x 0 33008
p 0 199 33008
x 0 33009
p 0 198 33009
x 0 33010
p 0 198 33010
x 0 33011
p 0 198 33011
x 0 33012
p 0 195 33012
x 0 33013
p 0 199 33013
x 0 33014
p 0 226 33014
x 0 33015
p 0 193 33015
x 0 33016
p 0 195 33016
x 0 33017
p 0 202 33017
x 0 33018
p 0 203 33018
x 0 33019
p 0 204 33019
x 0 33020
p 0 203 33020
x 0 33021
p 0 233 33021
x 0 33022
p 0 269 33022
x 0 33023
p 0 204 33023
x 0 33024
p 0 201 33024
x 0 33025
p 0 205 33025
x 0 33026
p 0 204 33026
x 0 33027
p 0 193 33027
x 0 33028
p 0 193 33028
x 0 33029
p 0 194 33029
x 0 33030
p 0 248 33030
x 0 33031
p 0 195 33031
x 0 33032
p 0 192 33032
x 0 33033
p 0 195 33033
x 0 33034
p 0 193 33034
x 0 33035
p 0 195 33035
x 0 33036
p 0 194 33036
x 0 33037
p 0 229 33037
x 0 33038
p 0 195 33038
x 0 33039
p 0 194 33039
x 0 33040
p 0 192 33040
x 0 33041
p 0 196 33041
x 0 33042
p 0 195 33042
x 0 33043
p 0 195 33043
x 0 33044
p 0 236 33044
x 0 33045
p 0 195 33045
x 0 33046
p 0 193 33046
x 0 33047
p 0 292 33047
x 0 33048
p 0 197 33048
x 0 33049
p 0 196 33049
x 0 33050
p 0 195 33050
x 0 33051
p 0 196 33051
x 0 33052
p 0 198 33052
x 0 33053
p 0 195 33053
x 0 33054
p 0 196 33054
x 0 33055
p 0 195 33055
x 0 33056
p 0 195 33056
x 0 33057
p 0 195 33057
x 0 33058
p 0 224 33058
x 0 33059
p 0 194 33059
x 0 33060
p 0 192 33060
x 0 33000
h 0 10.0.0.5
p 0 8500 33000
x 1 33001
h 1 10.0.0.5
p 1 625 33001
x 0 33002
p 0 205 33002
x 0 33003
p 0 130 33003
x 0 33004
p 0 194 33004
x 0 33005
p 0 201 33005
x 0 33006
p 0 199 33006
x 0 33007
p 0 324 33007
x 0 33008
p 0 297 33008
x 0 33009
p 0 321 33009
x 0 33010
p 0 354 33010
x 0 33011
p 0 335 33011
x 0 33012
p 0 324 33012
x 0 33013
p 0 315 33013
x 0 33014
p 0 370 33014
x 0 33015
p 0 354 33015
x 0 33016
p 0 245 33016
x 0 33017
p 0 343 33017
x 0 33018
p 0 319 33018
x 0 33019
p 0 194 33019
x 0 33020
p 0 165 33020
x 0 33021
p 0 170 33021
x 0 33022
p 0 193 33022
x 0 33023
p 0 193 33023
x 0 33024
p 0 167 33024
x 0 33025
p 0 194 33025
x 0 33026
p 0 192 33026
x 0 33027
p 0 193 33027
x 0 33028
p 0 166 33028
x 0 33029
p 0 285 33029
x 0 33030
p 0 178 33030
x 0 33031
p 0 192 33031
x 0 33032
p 0 166 33032
x 0 33033
p 0 130 33033
x 0 33034
p 0 196 33034
x 0 33035
p 0 195 33035
x 0 33036
p 0 271 33036
x 0 33037
p 0 196 33037
x 0 33038
p 0 196 33038
x 0 33039
p 0 92 33039
x 0 33040
p 0 196 33040
x 0 33041
p 0 192 33041
x 0 33042
p 0 195 33042
x 0 33043
p 0 168 33043
x 0 33044
p 0 268 33044
x 0 33045
p 0 193 33045
x 0 33046
p 0 192 33046
x 0 33047
p 0 195 33047
x 0 33048
p 0 193 33048
x 0 33049
p 0 195 33049
x 0 33050
p 0 194 33050
x 0 33051
p 0 225 33051
x 0 33052
p 0 256 33052
x 0 33053
p 0 191 33053
x 0 33054
p 0 166 33054
x 0 33055
p 0 192 33055
x 0 33056
p 0 191 33056
x 0 33057
p 0 260 33057
x 0 33058
p 0 192 33058
x 0 33059
p 0 292 33059
x 0 33060
p 0 193 33060
x 0 33000
h 0 10.0.0.5
p 0 3885 33000
x 1 33001
h 1 10.0.0.5
p 1 485 33001
x 0 33002
p 0 161 33002
x 0 33003
p 0 195 33003
x 0 33004
p 0 193 33004
x 0 33005
p 0 195 33005
x 0 33006
p 0 197 33006
x 0 33007
p 0 195 33007
x 0 33008
p 0 199 33008
x 0 33009
p 0 194 33009
x 0 33010
p 0 191 33010
x 0 33011
p 0 313 33011
x 0 33012
p 0 274 33012
x 0 33013
p 0 211 33013
x 0 33014
p 0 171 33014
x 0 33015
p 0 192 33015
x 0 33016
p 0 172 33016
x 0 33017
p 0 161 33017
x 0 33018
p 0 194 33018
x 0 33019
p 0 191 33019
x 0 33020
p 0 190 33020
x 0 33021
p 0 195 33021
x 0 33022
p 0 194 33022
x 0 33023
p 0 193 33023
x 0 33024
p 0 193 33024
x 0 33025
p 0 190 33025
x 0 33026
p 0 192 33026
x 0 33027
p 0 194 33027
x 0 33028
p 0 197 33028
x 0 33029
p 0 191 33029
x 0 33030
p 0 193 33030
x 0 33031
p 0 192 33031
x 0 33032
p 0 195 33032
x 0 33033
p 0 196 33033
x 0 33034
p 0 195 33034
x 0 33035
p 0 193 33035
x 0 33036
p 0 195 33036
x 0 33037
p 0 193 33037
x 0 33038
p 0 190 33038
x 0 33039
p 0 194 33039
x 0 33040
p 0 195 33040
x 0 33041
p 0 193 33041
x 0 33042
p 0 192 33042
x 0 33043
p 0 212 33043
x 0 33044
p 0 191 33044
x 0 33045
p 0 282 33045
x 0 33046
p 0 192 33046
x 0 33047
p 0 193 33047
x 0 33048
p 0 195 33048
x 0 33049
p 0 139 33049
x 0 33050
p 0 191 33050
x 0 33051
p 0 195 33051
x 0 33052
p 0 194 33052
x 0 33053
p 0 205 33053
x 0 33054
p 0 191 33054
x 0 33055
p 0 193 33055
x 0 33056
p 0 196 33056
x 0 33057
p 0 192 33057
x 0 33058
p 0 191 33058
x 0 33059
p 0 193 33059
x 0 33060
p 0 167 33060
x 0 33000
h 0 10.0.0.5
p 0 9441 33000
x 1 33001
h 1 10.0.0.5
p 1 719 33001
x 0 33002
p 0 232 33002
x 0 33003
p 0 190 33003
x 0 33004
p 0 187 33004
x 0 33005
p 0 193 33005
x 0 33006
p 0 188 33006
x 0 33007
p 0 188 33007
x 0 33008
p 0 192 33008
x 0 33009
p 0 193 33009
x 0 33010
p 0 289 33010
x 0 33011
p 0 187 33011
x 0 33012
p 0 188 33012
x 0 33013
p 0 189 33013
x 0 33014
p 0 190 33014
x 0 33015
p 0 191 33015
x 0 33016
p 0 189 33016
x 0 33017
p 0 190 33017
x 0 33018
p 0 282 33018
x 0 33019
p 0 298 33019
x 0 33020
p 0 191 33020
x 0 33021
p 0 189 33021
x 0 33022
p 0 190 33022
x 0 33023
p 0 191 33023
x 0 33024
p 0 190 33024
x 0 33025
p 0 192 33025
x 0 33026
p 0 189 33026
x 0 33027
p 0 189 33027
x 0 33028
p 0 192 33028
x 0 33029
p 0 197 33029
x 0 33030
p 0 211 33030
x 0 33031
p 0 187 33031
x 0 33032
p 0 191 33032
x 0 33033
p 0 192 33033
x 0 33034
p 0 193 33034
x 0 33035
p 0 192 33035
x 0 33036
p 0 197 33036
x 0 33037
p 0 194 33037
x 0 33038
p 0 161 33038
x 0 33039
p 0 196 33039
x 0 33040
p 0 198 33040
x 0 33041
p 0 196 33041
x 0 33042
p 0 196 33042
x 0 33043
p 0 196 33043
x 0 33044
p 0 202 33044
x 0 33045
p 0 200 33045
x 0 33046
p 0 193 33046
x 0 33047
p 0 190 33047
x 0 33048
p 0 193 33048
x 0 33049
p 0 191 33049
x 0 33050
p 0 195 33050
x 0 33051
p 0 193 33051
x 0 33052
p 0 190 33052
x 0 33053
p 0 190 33053
x 0 33054
p 0 193 33054
x 0 33055
p 0 194 33055
x 0 33056
p 0 189 33056
x 0 33057
p 0 287 33057
x 0 33058
p 0 190 33058
x 0 33059
p 0 279 33059
x 0 33060
p 0 233 33060
x 0 33000
h 0 10.0.0.5
p 0 4193 33000
x 1 33001
h 1 10.0.0.5
p 1 480 33001
x 0 33002
p 0 193 33002
x 0 33003
p 0 192 33003
x 0 33004
p 0 192 33004
x 0 33005
p 0 168 33005
x 0 33006
p 0 191 33006
x 0 33007
p 0 169 33007
x 0 33008
p 0 190 33008
x 0 33009
p 0 120 33009
x 0 33010
p 0 104 33010
x 0 33011
p 0 289 33011
x 0 33012
p 0 679 33012
x 0 33013
p 0 186 33013
x 0 33014
p 0 191 33014
x 0 33015
p 0 159 33015
x 0 33016
p 0 198 33016
x 0 33017
p 0 203 33017
x 0 33018
p 0 259 33018
x 0 33019
p 0 296 33019
x 0 33020
p 0 281 33020
x 0 33021
p 0 333 33021
x 0 33022
p 0 250 33022
x 0 33023
p 0 145 33023
x 0 33024
p 0 150 33024
x 0 33025
p 0 202 33025
x 0 33026
p 0 829 33026
x 0 33027
p 0 333 33027
x 0 33028
p 0 326 33028
x 0 33029
p 0 332 33029
x 0 33030
p 0 371 33030
x 0 33031
p 0 363 33031
x 0 33032
p 0 361 33032
x 0 33033
p 0 321 33033
x 0 33034
p 0 387 33034
x 0 33035
p 0 203 33035
x 0 33036
p 0 194 33036
x 0 33037
p 0 197 33037
x 0 33038
p 0 201 33038
x 0 33039
p 0 273 33039
x 0 33040
p 0 196 33040
x 0 33041
p 0 201 33041
x 0 33042
p 0 196 33042
x 0 33043
p 0 197 33043
x 0 33044
p 0 195 33044
x 0 33045
p 0 195 33045
x 0 33046
p 0 194 33046
x 0 33047
p 0 192 33047
x 0 33048
p 0 173 33048
x 0 33049
p 0 141 33049
x 0 33050
p 0 144 33050
x 0 33051
p 0 135 33051
x 0 33052
p 0 136 33052
x 0 33053
p 0 152 33053
x 0 33054
p 0 197 33054
x 0 33055
p 0 130 33055
x 0 33056
p 0 133 33056
x 0 33057
p 0 240 33057
x 0 33058
p 0 202 33058
x 0 33059
p 0 131 33059
x 0 33060
p 0 133 33060
x 0 33000
h 0 10.0.0.5
p 0 3102 33000
x 1 33001
h 1 10.0.0.5
p 1 736 33001
x 0 33002
p 0 230 33002
x 0 33003
p 0 194 33003
x 0 33004
p 0 196 33004
x 0 33005
p 0 197 33005
x 0 33006
p 0 202 33006
x 0 33007
p 0 206 33007
x 0 33008
p 0 201 33008
x 0 33009
p 0 232 33009
x 0 33010
p 0 202 33010
x 0 33011
p 0 200 33011
x 0 33012
p 0 202 33012
x 0 33013
p 0 202 33013
x 0 33014
p 0 203 33014
x 0 33015
p 0 193 33015
x 0 33016
p 0 260 33016
x 0 33017
p 0 192 33017
x 0 33018
p 0 195 33018
x 0 33019
p 0 197 33019
x 0 33020
p 0 194 33020
x 0 33021
p 0 195 33021
x 0 33022
p 0 231 33022
x 0 33023
p 0 224 33023
x 0 33024
p 0 194 33024
x 0 33025
p 0 230 33025
x 0 33026
p 0 193 33026
x 0 33027
p 0 193 33027
x 0 33028
p 0 192 33028
x 0 33029
p 0 194 33029
x 0 33030
p 0 192 33030
x 0 33031
p 0 195 33031
x 0 33032
p 0 224 33032
x 0 33033
p 0 208 33033
x 0 33034
p 0 194 33034
x 0 33035
p 0 194 33035
x 0 33036
p 0 192 33036
x 0 33037
p 0 194 33037
x 0 33038
p 0 197 33038
x 0 33039
p 0 235 33039
x 0 33040
p 0 192 33040
x 0 33041
p 0 194 33041
x 0 33042
p 0 205 33042
x 0 33043
p 0 194 33043
x 0 33044
p 0 240 33044
x 0 33045
p 0 190 33045
x 0 33046
p 0 234 33046
x 0 33047
p 0 190 33047
x 0 33048
p 0 200 33048
x 0 33049
p 0 193 33049
x 0 33050
p 0 196 33050
x 0 33051
p 0 189 33051
x 0 33052
p 0 194 33052
x 0 33053
p 0 240 33053
x 0 33054
p 0 190 33054
x 0 33055
p 0 194 33055
x 0 33056
p 0 192 33056
x 0 33057
p 0 190 33057
x 0 33058
p 0 197 33058
x 0 33059
p 0 206 33059
x 0 33060
p 0 233 33060
