Connecting to host 10.0.0.13, port 80
[  5] local 10.0.0.10 port 51606 connected to 10.0.0.13 port 80
[ ID] Interval           Transfer     Bitrate         Retr  Cwnd
[  5]   0.00-1.00   sec   111 MBytes   931 Mbits/sec    0    368 KBytes       
[  5]   1.00-2.00   sec   110 MBytes   924 Mbits/sec    0    403 KBytes       
[  5]   2.00-3.00   sec   112 MBytes   936 Mbits/sec    0    421 KBytes       
[  5]   3.00-4.00   sec   111 MBytes   933 Mbits/sec    0    482 KBytes       
[  5]   4.00-5.00   sec   113 MBytes   946 Mbits/sec    0    482 KBytes       
[  5]   5.00-6.00   sec   111 MBytes   931 Mbits/sec    0    505 KBytes       
[  5]   6.00-7.00   sec   112 MBytes   939 Mbits/sec    0    505 KBytes       
[  5]   7.00-8.00   sec   112 MBytes   938 Mbits/sec    0    505 KBytes       
[  5]   8.00-9.00   sec   111 MBytes   933 Mbits/sec    0    505 KBytes       
[  5]   9.00-10.00  sec   113 MBytes   948 Mbits/sec    0    655 KBytes       
- - - - - - - - - - - - - - - - - - - - - - - - -
[ ID] Interval           Transfer     Bitrate         Retr
[  5]   0.00-10.00  sec  1.09 GBytes   936 Mbits/sec    0             sender
[  5]   0.00-10.00  sec  1.09 GBytes   933 Mbits/sec                  receiver

iperf Done.
Connecting to host 10.0.0.13, port 80
[  5] local 10.0.0.10 port 51610 connected to 10.0.0.13 port 80
[ ID] Interval           Transfer     Bitrate         Retr  Cwnd
[  5]   0.00-1.00   sec   114 MBytes   956 Mbits/sec    0    404 KBytes       
[  5]   1.00-2.00   sec   112 MBytes   942 Mbits/sec    0    424 KBytes       
[  5]   2.00-3.00   sec   112 MBytes   943 Mbits/sec    0    462 KBytes       
[  5]   3.00-4.00   sec   112 MBytes   939 Mbits/sec    0    462 KBytes       
[  5]   4.00-5.00   sec   111 MBytes   933 Mbits/sec    0    484 KBytes       
[  5]   5.00-6.00   sec   110 MBytes   926 Mbits/sec    0    484 KBytes       
[  5]   6.00-7.00   sec   110 MBytes   927 Mbits/sec    0    506 KBytes       
[  5]   7.00-8.00   sec   113 MBytes   945 Mbits/sec    0    506 KBytes       
[  5]   8.00-9.00   sec   112 MBytes   938 Mbits/sec    0    506 KBytes       
[  5]   9.00-10.00  sec   110 MBytes   924 Mbits/sec    0    506 KBytes       
- - - - - - - - - - - - - - - - - - - - - - - - -
[ ID] Interval           Transfer     Bitrate         Retr
[  5]   0.00-10.00  sec  1.09 GBytes   937 Mbits/sec    0             sender
[  5]   0.00-10.00  sec  1.09 GBytes   935 Mbits/sec                  receiver

iperf Done.
Connecting to host 10.0.0.13, port 80
[  5] local 10.0.0.10 port 51614 connected to 10.0.0.13 port 80
[ ID] Interval           Transfer     Bitrate         Retr  Cwnd
[  5]   0.00-1.00   sec   114 MBytes   955 Mbits/sec    0    390 KBytes       
[  5]   1.00-2.00   sec   110 MBytes   922 Mbits/sec    0    416 KBytes       
[  5]   2.00-3.00   sec   110 MBytes   923 Mbits/sec    0    434 KBytes       
[  5]   3.00-4.00   sec   113 MBytes   947 Mbits/sec    0    498 KBytes       
[  5]   4.00-5.00   sec   110 MBytes   920 Mbits/sec    0    498 KBytes       
[  5]   5.00-6.00   sec   111 MBytes   928 Mbits/sec    0    498 KBytes       
[  5]   6.00-7.00   sec   112 MBytes   939 Mbits/sec    0    546 KBytes       
[  5]   7.00-8.00   sec   111 MBytes   932 Mbits/sec    0    571 KBytes       
[  5]   8.00-9.00   sec   112 MBytes   940 Mbits/sec    0    571 KBytes       
[  5]   9.00-10.00  sec   112 MBytes   938 Mbits/sec    0    597 KBytes       
- - - - - - - - - - - - - - - - - - - - - - - - -
[ ID] Interval           Transfer     Bitrate         Retr
[  5]   0.00-10.00  sec  1.09 GBytes   934 Mbits/sec    0             sender
[  5]   0.00-10.00  sec  1.09 GBytes   932 Mbits/sec                  receiver

iperf Done.
