-----------------------------------------------------------
Server listening on 81
-----------------------------------------------------------
Accepted connection from 10.0.0.1, port 51810
[  5] local 10.0.0.5 port 81 connected to 10.0.0.1 port 51816
[ ID] Interval           Transfer     Bitrate
[  5]   0.00-1.00   sec  70.9 MBytes   595 Mbits/sec                  
[  5]   1.00-2.00   sec  50.3 MBytes   422 Mbits/sec                  
[  5]   2.00-3.00   sec  50.0 MBytes   420 Mbits/sec                  
[  5]   3.00-4.00   sec  50.1 MBytes   421 Mbits/sec                  
[  5]   4.00-5.00   sec  50.6 MBytes   425 Mbits/sec                  
[  5]   5.00-6.00   sec  49.3 MBytes   414 Mbits/sec                  
[  5]   6.00-7.00   sec  37.4 MBytes   314 Mbits/sec                  
[  5]   7.00-8.00   sec  37.2 MBytes   312 Mbits/sec                  
[  5]   8.00-9.00   sec  37.8 MBytes   317 Mbits/sec                  
[  5]   9.00-10.00  sec  35.7 MBytes   300 Mbits/sec                  
[  5]  10.00-11.00  sec  32.4 MBytes   272 Mbits/sec                  
[  5]  11.00-12.00  sec  32.1 MBytes   269 Mbits/sec                  
[  5]  12.00-13.00  sec  31.9 MBytes   267 Mbits/sec                  
[  5]  13.00-14.00  sec  32.0 MBytes   268 Mbits/sec                  
[  5]  14.00-15.00  sec  31.9 MBytes   268 Mbits/sec                  
[  5]  15.00-16.00  sec  31.9 MBytes   268 Mbits/sec                  
[  5]  16.00-17.00  sec  45.2 MBytes   379 Mbits/sec                  
[  5]  17.00-18.00  sec  46.9 MBytes   393 Mbits/sec                  
[  5]  18.00-19.00  sec  46.9 MBytes   393 Mbits/sec                  
[  5]  19.00-20.00  sec  44.7 MBytes   375 Mbits/sec                  
[  5]  20.00-21.00  sec  33.4 MBytes   280 Mbits/sec                  
[  5]  21.00-22.00  sec  33.4 MBytes   280 Mbits/sec                  
[  5]  22.00-23.00  sec  33.4 MBytes   280 Mbits/sec                  
[  5]  23.00-24.00  sec  33.4 MBytes   280 Mbits/sec                  
[  5]  24.00-25.00  sec  33.5 MBytes   281 Mbits/sec                  
[  5]  25.00-26.00  sec  33.4 MBytes   280 Mbits/sec                  
[  5]  26.00-27.00  sec  33.4 MBytes   280 Mbits/sec                  
[  5]  27.00-28.00  sec  33.4 MBytes   280 Mbits/sec                  
[  5]  28.00-29.00  sec  33.2 MBytes   279 Mbits/sec                  
[  5]  29.00-30.00  sec  33.4 MBytes   280 Mbits/sec                  
[  5]  30.00-31.00  sec  33.2 MBytes   279 Mbits/sec                  
[  5]  31.00-32.00  sec  33.4 MBytes   280 Mbits/sec                  
[  5]  32.00-33.00  sec  33.5 MBytes   281 Mbits/sec                  
[  5]  33.00-34.00  sec  33.3 MBytes   279 Mbits/sec                  
[  5]  34.00-35.00  sec  33.5 MBytes   281 Mbits/sec                  
[  5]  35.00-36.00  sec  33.4 MBytes   280 Mbits/sec                  
[  5]  36.00-37.00  sec  33.4 MBytes   280 Mbits/sec                  
[  5]  37.00-38.00  sec  33.4 MBytes   280 Mbits/sec                  
[  5]  38.00-39.00  sec  33.3 MBytes   279 Mbits/sec                  
[  5]  39.00-40.00  sec  33.3 MBytes   279 Mbits/sec                  
[  5]  40.00-41.00  sec  33.4 MBytes   280 Mbits/sec                  
[  5]  41.00-42.00  sec  33.2 MBytes   279 Mbits/sec                  
[  5]  42.00-43.00  sec  33.4 MBytes   281 Mbits/sec                  
[  5]  43.00-44.00  sec  32.1 MBytes   270 Mbits/sec                  
[  5]  44.00-45.00  sec  24.9 MBytes   208 Mbits/sec                  
[  5]  45.00-46.00  sec  24.9 MBytes   209 Mbits/sec                  
[  5]  46.00-47.00  sec  24.9 MBytes   209 Mbits/sec                  
[  5]  47.00-48.00  sec  24.9 MBytes   209 Mbits/sec                  
[  5]  48.00-49.00  sec  24.9 MBytes   209 Mbits/sec                  
[  5]  49.00-50.00  sec  24.9 MBytes   209 Mbits/sec                  
[  5]  50.00-51.00  sec  24.9 MBytes   209 Mbits/sec                  
[  5]  51.00-52.00  sec  24.9 MBytes   208 Mbits/sec                  
[  5]  52.00-53.00  sec  24.9 MBytes   209 Mbits/sec                  
[  5]  53.00-54.00  sec  24.8 MBytes   208 Mbits/sec                  
[  5]  54.00-55.00  sec  24.9 MBytes   209 Mbits/sec                  
[  5]  55.00-56.00  sec  24.9 MBytes   209 Mbits/sec                  
[  5]  56.00-57.00  sec  24.9 MBytes   209 Mbits/sec                  
[  5]  57.00-58.00  sec  24.9 MBytes   209 Mbits/sec                  
[  5]  58.00-59.00  sec  24.9 MBytes   209 Mbits/sec                  
[  5]  59.00-60.00  sec  24.9 MBytes   209 Mbits/sec                  
[  5]  60.00-60.01  sec   127 KBytes   196 Mbits/sec                  
- - - - - - - - - - - - - - - - - - - - - - - - -
[ ID] Interval           Transfer     Bitrate
[  5]   0.00-60.01  sec  2.00 GBytes   286 Mbits/sec                  receiver
-----------------------------------------------------------
Server listening on 81
-----------------------------------------------------------
Accepted connection from 10.0.0.1, port 51824
[  5] local 10.0.0.5 port 81 connected to 10.0.0.1 port 51830
[ ID] Interval           Transfer     Bitrate
[  5]   0.00-1.00   sec  71.9 MBytes   603 Mbits/sec                  
[  5]   1.00-2.00   sec  66.8 MBytes   560 Mbits/sec                  
[  5]   2.00-3.00   sec  66.9 MBytes   561 Mbits/sec                  
[  5]   3.00-4.00   sec  67.0 MBytes   562 Mbits/sec                  
[  5]   4.00-5.00   sec  67.0 MBytes   562 Mbits/sec                  
[  5]   5.00-6.00   sec  67.1 MBytes   562 Mbits/sec                  
[  5]   6.00-7.00   sec  67.1 MBytes   562 Mbits/sec                  
[  5]   7.00-8.00   sec  66.7 MBytes   560 Mbits/sec                  
[  5]   8.00-9.00   sec  66.5 MBytes   558 Mbits/sec                  
[  5]   9.00-10.00  sec  67.1 MBytes   562 Mbits/sec                  
[  5]  10.00-11.00  sec  53.4 MBytes   448 Mbits/sec                  
[  5]  11.00-12.00  sec  48.1 MBytes   403 Mbits/sec                  
[  5]  12.00-13.00  sec  48.0 MBytes   402 Mbits/sec                  
[  5]  13.00-14.00  sec  47.4 MBytes   398 Mbits/sec                  
[  5]  14.00-15.00  sec  46.9 MBytes   393 Mbits/sec                  
[  5]  15.00-16.00  sec  46.4 MBytes   389 Mbits/sec                  
[  5]  16.00-17.00  sec  41.8 MBytes   351 Mbits/sec                  
[  5]  17.00-18.00  sec  41.8 MBytes   351 Mbits/sec                  
[  5]  18.00-19.00  sec  39.7 MBytes   333 Mbits/sec                  
[  5]  19.00-20.00  sec  37.3 MBytes   313 Mbits/sec                  
[  5]  20.00-21.00  sec  37.4 MBytes   314 Mbits/sec                  
[  5]  21.00-22.00  sec  37.3 MBytes   313 Mbits/sec                  
[  5]  22.00-23.00  sec  37.3 MBytes   313 Mbits/sec                  
[  5]  23.00-24.00  sec  32.7 MBytes   274 Mbits/sec                  
[  5]  24.00-25.00  sec  28.8 MBytes   241 Mbits/sec                  
[  5]  25.00-26.00  sec  28.8 MBytes   241 Mbits/sec                  
[  5]  26.00-27.00  sec  28.6 MBytes   240 Mbits/sec                  
[  5]  27.00-28.00  sec  28.3 MBytes   237 Mbits/sec                  
[  5]  28.00-29.00  sec  28.8 MBytes   241 Mbits/sec                  
[  5]  29.00-30.00  sec  27.9 MBytes   234 Mbits/sec                  
[  5]  30.00-31.00  sec  28.8 MBytes   242 Mbits/sec                  
[  5]  31.00-32.00  sec  28.4 MBytes   238 Mbits/sec                  
[  5]  32.00-33.00  sec  28.8 MBytes   241 Mbits/sec                  
[  5]  33.00-34.00  sec  29.5 MBytes   248 Mbits/sec                  
[  5]  34.00-35.00  sec  28.8 MBytes   242 Mbits/sec                  
[  5]  35.00-36.00  sec  28.4 MBytes   238 Mbits/sec                  
[  5]  36.00-37.00  sec  28.0 MBytes   235 Mbits/sec                  
[  5]  37.00-38.00  sec  28.3 MBytes   238 Mbits/sec                  
[  5]  38.00-39.00  sec  28.4 MBytes   238 Mbits/sec                  
[  5]  39.00-40.00  sec  28.2 MBytes   236 Mbits/sec                  
[  5]  40.00-41.00  sec  28.0 MBytes   235 Mbits/sec                  
[  5]  41.00-42.00  sec  28.8 MBytes   242 Mbits/sec                  
[  5]  42.00-43.00  sec  28.1 MBytes   236 Mbits/sec                  
[  5]  43.00-44.00  sec  29.1 MBytes   244 Mbits/sec                  
[  5]  44.00-45.00  sec  28.8 MBytes   242 Mbits/sec                  
[  5]  45.00-46.00  sec  28.6 MBytes   240 Mbits/sec                  
[  5]  46.00-47.00  sec  27.8 MBytes   234 Mbits/sec                  
[  5]  47.00-48.00  sec  27.9 MBytes   234 Mbits/sec                  
[  5]  48.00-49.00  sec  29.0 MBytes   243 Mbits/sec                  
[  5]  49.00-50.00  sec  29.0 MBytes   243 Mbits/sec                  
[  5]  50.00-51.00  sec  27.8 MBytes   234 Mbits/sec                  
[  5]  51.00-52.00  sec  28.2 MBytes   237 Mbits/sec                  
[  5]  52.00-53.00  sec  28.2 MBytes   236 Mbits/sec                  
[  5]  53.00-54.00  sec  28.0 MBytes   235 Mbits/sec                  
[  5]  54.00-55.00  sec  28.0 MBytes   235 Mbits/sec                  
[  5]  55.00-56.00  sec  28.3 MBytes   238 Mbits/sec                  
[  5]  56.00-57.00  sec  28.6 MBytes   240 Mbits/sec                  
[  5]  57.00-58.00  sec  28.1 MBytes   236 Mbits/sec                  
[  5]  58.00-59.00  sec  28.9 MBytes   242 Mbits/sec                  
[  5]  59.00-60.00  sec  28.6 MBytes   240 Mbits/sec                  
[  5]  60.00-60.01  sec   127 KBytes   175 Mbits/sec                  
- - - - - - - - - - - - - - - - - - - - - - - - -
[ ID] Interval           Transfer     Bitrate
[  5]   0.00-60.01  sec  2.24 GBytes   321 Mbits/sec                  receiver
iperf3: interrupt - the server has terminated
-----------------------------------------------------------
Server listening on 81
-----------------------------------------------------------
