x 0 33000
x 1 33001
x 2 33002
h 0 10.0.0.11
p 0 246606 33000
h 1 10.0.0.11
p 1 148436 33001
h 2 10.0.0.11
p 2 87260 33002
x 3 33003
h 3 10.0.0.11
p 3 6423 33003
x 0 33004
p 0 823 33004
x 0 33005
p 0 177 33005
x 0 33006
p 0 174 33006
x 0 33007
p 0 143 33007
x 0 33008
p 0 231 33008
x 0 33009
p 0 207 33009
x 0 33010
p 0 205 33010
x 0 33011
p 0 206 33011
x 0 33012
p 0 205 33012
x 0 33013
p 0 209 33013
x 0 33014
p 0 204 33014
x 0 33015
p 0 228 33015
x 0 33016
p 0 204 33016
x 0 33017
p 0 209 33017
x 0 33018
p 0 363 33018
x 0 33019
p 0 329 33019
x 0 33020
p 0 221 33020
x 0 33021
p 0 340 33021
x 0 33022
p 0 217 33022
x 0 33023
p 0 220 33023
x 0 33024
p 0 217 33024
x 0 33025
p 0 336 33025
x 0 33026
p 0 216 33026
x 0 33027
p 0 305 33027
x 0 33028
p 0 218 33028
x 0 33029
p 0 226 33029
x 0 33030
p 0 325 33030
x 0 33031
p 0 225 33031
x 0 33032
p 0 217 33032
x 0 33033
p 0 228 33033
x 0 33034
p 0 211 33034
x 0 33035
p 0 210 33035
x 0 33036
p 0 213 33036
x 0 33037
p 0 209 33037
x 0 33038
p 0 208 33038
x 0 33039
p 0 209 33039
x 0 33040
p 0 210 33040
x 0 33041
p 0 206 33041
x 0 33042
p 0 221 33042
x 0 33043
p 0 209 33043
x 0 33044
p 0 209 33044
x 0 33045
p 0 220 33045
x 0 33046
p 0 207 33046
x 0 33047
p 0 289 33047
x 0 33048
p 0 210 33048
x 0 33049
p 0 211 33049
x 0 33050
p 0 232 33050
x 0 33051
p 0 211 33051
x 0 33052
p 0 210 33052
x 0 33053
p 0 220 33053
x 0 33054
p 0 218 33054
x 0 33055
p 0 210 33055
x 0 33056
p 0 210 33056
x 0 33057
p 0 220 33057
x 0 33058
p 0 222 33058
x 0 33059
p 0 213 33059
x 0 33060
p 0 215 33060
x 0 33061
p 0 215 33061
x 0 33062
p 0 211 33062
x 0 33000
h 0 10.0.0.11
p 0 31103 33000
x 1 33001
h 1 10.0.0.11
p 1 1086 33001
x 0 33002
p 0 274 33002
x 0 33003
p 0 411 33003
x 0 33004
p 0 252 33004
x 0 33005
p 0 241 33005
x 0 33006
p 0 235 33006
x 0 33007
p 0 238 33007
x 0 33008
p 0 313 33008
x 0 33009
p 0 244 33009
x 0 33010
p 0 208 33010
x 0 33011
p 0 202 33011
x 0 33012
p 0 205 33012
x 0 33013
p 0 236 33013
x 0 33014
p 0 234 33014
x 0 33015
p 0 258 33015
x 0 33016
p 0 206 33016
x 0 33017
p 0 273 33017
x 0 33018
p 0 205 33018
x 0 33019
p 0 251 33019
x 0 33020
p 0 244 33020
x 0 33021
p 0 232 33021
x 0 33022
p 0 232 33022
x 0 33023
p 0 236 33023
x 0 33024
p 0 241 33024
x 0 33025
p 0 210 33025
x 0 33026
p 0 214 33026
x 0 33027
p 0 217 33027
x 0 33028
p 0 213 33028
x 0 33029
p 0 253 33029
x 0 33030
p 0 220 33030
x 0 33031
p 0 240 33031
x 0 33032
p 0 214 33032
x 0 33033
p 0 216 33033
x 0 33034
p 0 212 33034
x 0 33035
p 0 211 33035
x 0 33036
p 0 262 33036
x 0 33037
p 0 213 33037
x 0 33038
p 0 214 33038
x 0 33039
p 0 214 33039
x 0 33040
p 0 214 33040
x 0 33041
p 0 213 33041
x 0 33042
p 0 211 33042
x 0 33043
p 0 265 33043
x 0 33044
p 0 216 33044
x 0 33045
p 0 214 33045
x 0 33046
p 0 243 33046
x 0 33047
p 0 215 33047
x 0 33048
p 0 244 33048
x 0 33049
p 0 215 33049
x 0 33050
p 0 213 33050
x 0 33051
p 0 216 33051
x 0 33052
p 0 218 33052
x 0 33053
p 0 213 33053
x 0 33054
p 0 216 33054
x 0 33055
p 0 242 33055
x 0 33056
p 0 213 33056
x 0 33057
p 0 243 33057
x 0 33058
p 0 186 33058
x 0 33059
p 0 216 33059
x 0 33060
p 0 213 33060
x 0 33000
h 0 10.0.0.11
p 0 18496 33000
x 1 33001
h 1 10.0.0.11
p 1 932 33001
x 0 33002
p 0 222 33002
x 0 33003
p 0 221 33003
x 0 33004
p 0 217 33004
x 0 33005
p 0 196 33005
x 0 33006
p 0 261 33006
x 0 33007
p 0 177 33007
x 0 33008
p 0 196 33008
x 0 33009
p 0 172 33009
x 0 33010
p 0 176 33010
x 0 33011
p 0 236 33011
x 0 33012
p 0 177 33012
x 0 33013
p 0 176 33013
x 0 33014
p 0 170 33014
x 0 33015
p 0 193 33015
x 0 33016
p 0 173 33016
x 0 33017
p 0 170 33017
x 0 33018
p 0 168 33018
x 0 33019
p 0 164 33019
x 0 33020
p 0 171 33020
x 0 33021
p 0 211 33021
x 0 33022
p 0 203 33022
x 0 33023
p 0 114 33023
x 0 33024
p 0 251 33024
x 0 33025
p 0 214 33025
x 0 33026
p 0 209 33026
x 0 33027
p 0 297 33027
x 0 33028
p 0 299 33028
x 0 33029
p 0 221 33029
x 0 33030
p 0 232 33030
x 0 33031
p 0 218 33031
x 0 33032
p 0 209 33032
x 0 33033
p 0 247 33033
x 0 33034
p 0 215 33034
x 0 33035
p 0 206 33035
x 0 33036
p 0 221 33036
x 0 33037
p 0 216 33037
x 0 33038
p 0 217 33038
x 0 33039
p 0 225 33039
x 0 33040
p 0 215 33040
x 0 33041
p 0 228 33041
x 0 33042
p 0 231 33042
x 0 33043
p 0 225 33043
x 0 33044
p 0 214 33044
x 0 33045
p 0 220 33045
x 0 33046
p 0 210 33046
x 0 33047
p 0 213 33047
x 0 33048
p 0 223 33048
x 0 33049
p 0 212 33049
x 0 33050
p 0 205 33050
x 0 33051
p 0 247 33051
x 0 33052
p 0 252 33052
x 0 33053
p 0 249 33053
x 0 33054
p 0 351 33054
x 0 33055
p 0 227 33055
x 0 33056
p 0 218 33056
x 0 33057
p 0 221 33057
x 0 33058
p 0 221 33058
x 0 33059
p 0 257 33059
x 0 33060
p 0 153 33060
x 0 33000
h 0 10.0.0.11
p 0 16927 33000
x 1 33001
h 1 10.0.0.11
p 1 966 33001
x 0 33002
p 0 218 33002
x 0 33003
p 0 216 33003
x 0 33004
p 0 217 33004
x 0 33005
p 0 217 33005
x 0 33006
p 0 211 33006
x 0 33007
p 0 217 33007
x 0 33008
p 0 215 33008
x 0 33009
p 0 203 33009
x 0 33010
p 0 214 33010
x 0 33011
p 0 213 33011
x 0 33012
p 0 217 33012
x 0 33013
p 0 17751 33013
x 0 33014
p 0 279 33014
x 0 33015
p 0 216 33015
x 0 33016
p 0 217 33016
x 0 33017
p 0 220 33017
x 0 33018
p 0 216 33018
x 0 33019
p 0 219 33019
x 0 33020
p 0 215 33020
x 0 33021
p 0 216 33021
x 0 33022
p 0 216 33022
x 0 33023
p 0 214 33023
x 0 33024
p 0 283 33024
x 0 33025
p 0 213 33025
x 0 33026
p 0 211 33026
x 0 33027
p 0 192 33027
x 0 33028
p 0 210 33028
x 0 33029
p 0 206 33029
x 0 33030
p 0 218 33030
x 0 33031
p 0 219 33031
x 0 33032
p 0 209 33032
x 0 33033
p 0 214 33033
x 0 33034
p 0 136 33034
x 0 33035
p 0 302 33035
x 0 33036
p 0 200 33036
x 0 33037
p 0 215 33037
x 0 33038
p 0 213 33038
x 0 33039
p 0 235 33039
x 0 33040
p 0 206 33040
x 0 33041
p 0 205 33041
x 0 33042
p 0 208 33042
x 0 33043
p 0 206 33043
x 0 33044
p 0 204 33044
x 0 33045
p 0 205 33045
x 0 33046
p 0 249 33046
x 0 33047
p 0 214 33047
x 0 33048
p 0 211 33048
x 0 33049
p 0 211 33049
x 0 33050
p 0 212 33050
x 0 33051
p 0 213 33051
x 0 33052
p 0 214 33052
x 0 33053
p 0 266 33053
x 0 33054
p 0 206 33054
x 0 33055
p 0 218 33055
x 0 33056
p 0 243 33056
x 0 33057
p 0 208 33057
x 0 33058
p 0 209 33058
x 0 33059
p 0 204 33059
x 0 33060
p 0 277 33060
x 0 33000
h 0 10.0.0.11
p 0 11739 33000
x 1 33001
h 1 10.0.0.11
p 1 768 33001
x 0 33002
p 0 206 33002
x 0 33003
p 0 207 33003
x 0 33004
p 0 202 33004
x 0 33005
p 0 241 33005
x 0 33006
p 0 206 33006
x 0 33007
p 0 206 33007
x 0 33008
p 0 207 33008
x 0 33009
p 0 202 33009
x 0 33010
p 0 210 33010
x 0 33011
p 0 185 33011
x 0 33012
p 0 205 33012
x 0 33013
p 0 200 33013
x 0 33014
p 0 203 33014
x 0 33015
p 0 202 33015
x 0 33016
p 0 201 33016
x 0 33017
p 0 137 33017
x 0 33018
p 0 204 33018
x 0 33019
p 0 204 33019
x 0 33020
p 0 207 33020
x 0 33021
p 0 210 33021
x 0 33022
p 0 209 33022
x 0 33023
p 0 205 33023
x 0 33024
p 0 205 33024
x 0 33025
p 0 208 33025
x 0 33026
p 0 206 33026
x 0 33027
p 0 205 33027
x 0 33028
p 0 208 33028
x 0 33029
p 0 203 33029
x 0 33030
p 0 188 33030
x 0 33031
p 0 184 33031
x 0 33032
p 0 176 33032
x 0 33033
p 0 178 33033
x 0 33034
p 0 246 33034
x 0 33035
p 0 181 33035
x 0 33036
p 0 179 33036
x 0 33037
p 0 207 33037
x 0 33038
p 0 176 33038
x 0 33039
p 0 179 33039
x 0 33040
p 0 180 33040
x 0 33041
p 0 195 33041
x 0 33042
p 0 179 33042
x 0 33043
p 0 177 33043
x 0 33044
p 0 179 33044
x 0 33045
p 0 225 33045
x 0 33046
p 0 165 33046
x 0 33047
p 0 183 33047
x 0 33048
p 0 184 33048
x 0 33049
p 0 184 33049
x 0 33050
p 0 188 33050
x 0 33051
p 0 193 33051
x 0 33052
p 0 279 33052
x 0 33053
p 0 280 33053
x 0 33054
p 0 184 33054
x 0 33055
p 0 188 33055
x 0 33056
p 0 265 33056
x 0 33057
p 0 251 33057
x 0 33058
p 0 215 33058
x 0 33059
p 0 215 33059
x 0 33060
p 0 215 33060
x 0 33000
h 0 10.0.0.11
p 0 10712 33000
x 1 33001
h 1 10.0.0.11
p 1 1853 33001
x 0 33002
p 0 192 33002
x 0 33003
p 0 190 33003
x 0 33004
p 0 279 33004
x 0 33005
p 0 157 33005
x 0 33006
p 0 174 33006
x 0 33007
p 0 209 33007
x 0 33008
p 0 205 33008
x 0 33009
p 0 208 33009
x 0 33010
p 0 205 33010
x 0 33011
p 0 255 33011
x 0 33012
p 0 205 33012
x 0 33013
p 0 234 33013
x 0 33014
p 0 209 33014
x 0 33015
p 0 207 33015
x 0 33016
p 0 209 33016
x 0 33017
p 0 203 33017
x 0 33018
p 0 245 33018
x 0 33019
p 0 205 33019
x 0 33020
p 0 240 33020
x 0 33021
p 0 234 33021
x 0 33022
p 0 207 33022
x 0 33023
p 0 204 33023
x 0 33024
p 0 203 33024
x 0 33025
p 0 248 33025
x 0 33026
p 0 205 33026
x 0 33027
p 0 228 33027
x 0 33028
p 0 206 33028
x 0 33029
p 0 206 33029
x 0 33030
p 0 208 33030
x 0 33031
p 0 223 33031
x 0 33032
p 0 200 33032
x 0 33033
p 0 202 33033
x 0 33034
p 0 206 33034
x 0 33035
p 0 207 33035
x 0 33036
p 0 208 33036
x 0 33037
p 0 206 33037
x 0 33038
p 0 206 33038
x 0 33039
p 0 257 33039
x 0 33040
p 0 209 33040
x 0 33041
p 0 202 33041
x 0 33042
p 0 208 33042
x 0 33043
p 0 205 33043
x 0 33044
p 0 210 33044
x 0 33045
p 0 208 33045
x 0 33046
p 0 248 33046
x 0 33047
p 0 136 33047
x 0 33048
p 0 212 33048
x 0 33049
p 0 205 33049
x 0 33050
p 0 88 33050
x 0 33051
p 0 180 33051
x 0 33052
p 0 177 33052
x 0 33053
p 0 179 33053
x 0 33054
p 0 180 33054
x 0 33055
p 0 209 33055
x 0 33056
p 0 178 33056
x 0 33057
p 0 230 33057
x 0 33058
p 0 180 33058
x 0 33059
p 0 181 33059
x 0 33060
p 0 184 33060
x 0 33000
h 0 10.0.0.11
p 0 12133 33000
x 1 33001
h 1 10.0.0.11
p 1 929 33001
x 0 33002
p 0 226 33002
x 0 33003
p 0 211 33003
x 0 33004
p 0 271 33004
x 0 33005
p 0 208 33005
x 0 33006
p 0 209 33006
x 0 33007
p 0 210 33007
x 0 33008
p 0 209 33008
x 0 33009
p 0 187 33009
x 0 33010
p 0 269 33010
x 0 33011
p 0 182 33011
x 0 33012
p 0 206 33012
x 0 33013
p 0 210 33013
x 0 33014
p 0 218 33014
x 0 33015
p 0 217 33015
x 0 33016
p 0 209 33016
x 0 33017
p 0 276 33017
x 0 33018
p 0 213 33018
x 0 33019
p 0 222 33019
x 0 33020
p 0 222 33020
x 0 33021
p 0 210 33021
x 0 33022
p 0 220 33022
x 0 33023
p 0 215 33023
x 0 33024
p 0 275 33024
x 0 33025
p 0 240 33025
x 0 33026
p 0 206 33026
x 0 33027
p 0 211 33027
x 0 33028
p 0 209 33028
x 0 33029
p 0 321 33029
x 0 33030
p 0 215 33030
x 0 33031
p 0 219 33031
x 0 33032
p 0 217 33032
x 0 33033
p 0 220 33033
x 0 33034
p 0 220 33034
x 0 33035
p 0 215 33035
x 0 33036
p 0 213 33036
x 0 33037
p 0 217 33037
x 0 33038
p 0 213 33038
x 0 33039
p 0 214 33039
x 0 33040
p 0 221 33040
x 0 33041
p 0 244 33041
x 0 33042
p 0 272 33042
x 0 33043
p 0 212 33043
x 0 33044
p 0 212 33044
x 0 33045
p 0 212 33045
x 0 33046
p 0 210 33046
x 0 33047
p 0 216 33047
x 0 33048
p 0 215 33048
x 0 33049
p 0 254 33049
x 0 33050
p 0 215 33050
x 0 33051
p 0 209 33051
x 0 33052
p 0 208 33052
x 0 33053
p 0 210 33053
x 0 33054
p 0 214 33054
x 0 33055
p 0 212 33055
x 0 33056
p 0 208 33056
x 0 33057
p 0 215 33057
x 0 33058
p 0 209 33058
x 0 33059
p 0 207 33059
x 0 33060
p 0 207 33060
x 0 33000
h 0 10.0.0.11
p 0 26485 33000
x 1 33001
h 1 10.0.0.11
p 1 695 33001
x 0 33002
p 0 180 33002
x 0 33003
p 0 212 33003
x 0 33004
p 0 213 33004
x 0 33005
p 0 213 33005
x 0 33006
p 0 214 33006
x 0 33007
p 0 190 33007
x 0 33008
p 0 241 33008
x 0 33009
p 0 214 33009
x 0 33010
p 0 213 33010
x 0 33011
p 0 215 33011
x 0 33012
p 0 212 33012
x 0 33013
p 0 218 33013
x 0 33014
p 0 222 33014
x 0 33015
p 0 115 33015
x 0 33016
p 0 212 33016
x 0 33017
p 0 243 33017
x 0 33018
p 0 212 33018
x 0 33019
p 0 211 33019
x 0 33020
p 0 205 33020
x 0 33021
p 0 209 33021
x 0 33022
p 0 215 33022
x 0 33023
p 0 213 33023
x 0 33024
p 0 213 33024
x 0 33025
p 0 216 33025
x 0 33026
p 0 210 33026
x 0 33027
p 0 232 33027
x 0 33028
p 0 212 33028
x 0 33029
p 0 219 33029
x 0 33030
p 0 208 33030
x 0 33031
p 0 213 33031
x 0 33032
p 0 211 33032
x 0 33033
p 0 211 33033
x 0 33034
p 0 211 33034
x 0 33035
p 0 209 33035
x 0 33036
p 0 208 33036
x 0 33037
p 0 208 33037
x 0 33038
p 0 219 33038
x 0 33039
p 0 217 33039
x 0 33040
p 0 217 33040
x 0 33041
p 0 217 33041
x 0 33042
p 0 215 33042
x 0 33043
p 0 218 33043
x 0 33044
p 0 184 33044
x 0 33045
p 0 216 33045
x 0 33046
p 0 219 33046
x 0 33047
p 0 216 33047
x 0 33048
p 0 211 33048
x 0 33049
p 0 301 33049
x 0 33050
p 0 212 33050
x 0 33051
p 0 207 33051
x 0 33052
p 0 208 33052
x 0 33053
p 0 211 33053
x 0 33054
p 0 238 33054
x 0 33055
p 0 203 33055
x 0 33056
p 0 208 33056
x 0 33057
p 0 211 33057
x 0 33058
p 0 207 33058
x 0 33059
p 0 208 33059
x 0 33060
p 0 207 33060
x 0 33000
h 0 10.0.0.11
p 0 14730 33000
x 1 33001
h 1 10.0.0.11
p 1 1041 33001
x 0 33002
p 0 192 33002
x 0 33003
p 0 259 33003
x 0 33004
p 0 203 33004
x 0 33005
p 0 208 33005
x 0 33006
p 0 233 33006
x 0 33007
p 0 204 33007
x 0 33008
p 0 201 33008
x 0 33009
p 0 202 33009
x 0 33010
p 0 199 33010
x 0 33011
p 0 201 33011
x 0 33012
p 0 169 33012
x 0 33013
p 0 172 33013
x 0 33014
p 0 201 33014
x 0 33015
p 0 201 33015
x 0 33016
p 0 172 33016
x 0 33017
p 0 203 33017
x 0 33018
p 0 199 33018
x 0 33019
p 0 174 33019
x 0 33020
p 0 172 33020
x 0 33021
p 0 153 33021
x 0 33022
p 0 204 33022
x 0 33023
p 0 171 33023
x 0 33024
p 0 169 33024
x 0 33025
p 0 170 33025
x 0 33026
p 0 170 33026
x 0 33027
p 0 171 33027
x 0 33028
p 0 173 33028
x 0 33029
p 0 174 33029
x 0 33030
p 0 171 33030
x 0 33031
p 0 176 33031
x 0 33032
p 0 167 33032
x 0 33033
p 0 164 33033
x 0 33034
p 0 164 33034
x 0 33035
p 0 160 33035
x 0 33036
p 0 162 33036
x 0 33037
p 0 163 33037
x 0 33038
p 0 231 33038
x 0 33039
p 0 166 33039
x 0 33040
p 0 169 33040
x 0 33041
p 0 165 33041
x 0 33042
p 0 162 33042
x 0 33043
p 0 166 33043
x 0 33044
p 0 162 33044
x 0 33045
p 0 195 33045
x 0 33046
p 0 164 33046
x 0 33047
p 0 165 33047
x 0 33048
p 0 169 33048
x 0 33049
p 0 167 33049
x 0 33050
p 0 204 33050
x 0 33051
p 0 175 33051
x 0 33052
p 0 205 33052
x 0 33053
p 0 177 33053
x 0 33054
p 0 158 33054
x 0 33055
p 0 167 33055
x 0 33056
p 0 164 33056
x 0 33057
p 0 163 33057
x 0 33058
p 0 161 33058
x 0 33059
p 0 166 33059
x 0 33060
p 0 163 33060
x 0 33000
h 0 10.0.0.11
p 0 18706 33000
x 1 33001
h 1 10.0.0.11
p 1 1357 33001
x 0 33002
p 0 277 33002
x 0 33003
p 0 261 33003
x 0 33004
p 0 210 33004
x 0 33005
p 0 211 33005
x 0 33006
p 0 247 33006
x 0 33007
p 0 217 33007
x 0 33008
p 0 236 33008
x 0 33009
p 0 237 33009
x 0 33010
p 0 295 33010
x 0 33011
p 0 216 33011
x 0 33012
p 0 223 33012
x 0 33013
p 0 113 33013
x 0 33014
p 0 286 33014
x 0 33015
p 0 237 33015
x 0 33016
p 0 214 33016
x 0 33017
p 0 252 33017
x 0 33018
p 0 204 33018
x 0 33019
p 0 244 33019
x 0 33020
p 0 204 33020
x 0 33021
p 0 250 33021
x 0 33022
p 0 215 33022
x 0 33023
p 0 233 33023
x 0 33024
p 0 211 33024
x 0 33025
p 0 206 33025
x 0 33026
p 0 209 33026
x 0 33027
p 0 206 33027
x 0 33028
p 0 240 33028
x 0 33029
p 0 204 33029
x 0 33030
p 0 203 33030
x 0 33031
p 0 249 33031
x 0 33032
p 0 205 33032
x 0 33033
p 0 204 33033
x 0 33034
p 0 205 33034
x 0 33035
p 0 207 33035
x 0 33036
p 0 209 33036
x 0 33037
p 0 240 33037
x 0 33038
p 0 202 33038
x 0 33039
p 0 203 33039
x 0 33040
p 0 209 33040
x 0 33041
p 0 212 33041
x 0 33042
p 0 249 33042
x 0 33043
p 0 183 33043
x 0 33044
p 0 179 33044
x 0 33045
p 0 179 33045
x 0 33046
p 0 179 33046
x 0 33047
p 0 203 33047
x 0 33048
p 0 206 33048
x 0 33049
p 0 178 33049
x 0 33050
p 0 208 33050
x 0 33051
p 0 203 33051
x 0 33052
p 0 233 33052
x 0 33053
p 0 207 33053
x 0 33054
p 0 210 33054
x 0 33055
p 0 234 33055
x 0 33056
p 0 215 33056
x 0 33057
p 0 240 33057
x 0 33058
p 0 207 33058
x 0 33059
p 0 243 33059
x 0 33060
p 0 206 33060
x 0 33000
h 0 10.0.0.11
p 0 9732 33000
x 1 33001
h 1 10.0.0.11
p 1 1100 33001
x 0 33002
p 0 189 33002
x 0 33003
p 0 121 33003
x 0 33004
p 0 204 33004
x 0 33005
p 0 212 33005
x 0 33006
p 0 205 33006
x 0 33007
p 0 213 33007
x 0 33008
p 0 219 33008
x 0 33009
p 0 210 33009
x 0 33010
p 0 202 33010
x 0 33011
p 0 209 33011
x 0 33012
p 0 208 33012
x 0 33013
p 0 224 33013
x 0 33014
p 0 209 33014
x 0 33015
p 0 209 33015
x 0 33016
p 0 211 33016
x 0 33017
p 0 208 33017
x 0 33018
p 0 209 33018
x 0 33019
p 0 206 33019
x 0 33020
p 0 86 33020
x 0 33021
p 0 212 33021
x 0 33022
p 0 211 33022
x 0 33023
p 0 233 33023
x 0 33024
p 0 204 33024
x 0 33025
p 0 205 33025
x 0 33026
p 0 206 33026
x 0 33027
p 0 187 33027
x 0 33028
p 0 181 33028
x 0 33029
p 0 208 33029
x 0 33030
p 0 181 33030
x 0 33031
p 0 212 33031
x 0 33032
p 0 182 33032
x 0 33033
p 0 206 33033
x 0 33034
p 0 178 33034
x 0 33035
p 0 178 33035
x 0 33036
p 0 178 33036
x 0 33037
p 0 209 33037
x 0 33038
p 0 117 33038
x 0 33039
p 0 208 33039
x 0 33040
p 0 206 33040
x 0 33041
p 0 213 33041
x 0 33042
p 0 206 33042
x 0 33043
p 0 206 33043
x 0 33044
p 0 202 33044
x 0 33045
p 0 208 33045
x 0 33046
p 0 206 33046
x 0 33047
p 0 210 33047
x 0 33048
p 0 210 33048
x 0 33049
p 0 210 33049
x 0 33050
p 0 205 33050
x 0 33051
p 0 205 33051
x 0 33052
p 0 205 33052
x 0 33053
p 0 201 33053
x 0 33054
p 0 204 33054
x 0 33055
p 0 214 33055
x 0 33056
p 0 202 33056
x 0 33057
p 0 213 33057
x 0 33058
p 0 267 33058
x 0 33059
p 0 219 33059
x 0 33060
p 0 209 33060
x 0 33000
h 0 10.0.0.11
p 0 13636 33000
x 1 33001
h 1 10.0.0.11
p 1 1031 33001
x 0 33002
p 0 212 33002
x 0 33003
p 0 215 33003
x 0 33004
p 0 217 33004
x 0 33005
p 0 208 33005
x 0 33006
p 0 209 33006
x 0 33007
p 0 178 33007
x 0 33008
p 0 203 33008
x 0 33009
p 0 173 33009
x 0 33010
p 0 179 33010
x 0 33011
p 0 176 33011
x 0 33012
p 0 201 33012
x 0 33013
p 0 177 33013
x 0 33014
p 0 170 33014
x 0 33015
p 0 175 33015
x 0 33016
p 0 177 33016
x 0 33017
p 0 167 33017
x 0 33018
p 0 171 33018
x 0 33019
p 0 175 33019
x 0 33020
p 0 173 33020
x 0 33021
p 0 169 33021
x 0 33022
p 0 174 33022
x 0 33023
p 0 174 33023
x 0 33024
p 0 165 33024
x 0 33025
p 0 166 33025
x 0 33026
p 0 165 33026
x 0 33027
p 0 221 33027
x 0 33028
p 0 161 33028
x 0 33029
p 0 213 33029
x 0 33030
p 0 193 33030
x 0 33031
p 0 206 33031
x 0 33032
p 0 197 33032
x 0 33033
p 0 238 33033
x 0 33034
p 0 236 33034
x 0 33035
p 0 209 33035
x 0 33036
p 0 236 33036
x 0 33037
p 0 273 33037
x 0 33038
p 0 226 33038
x 0 33039
p 0 207 33039
x 0 33040
p 0 207 33040
x 0 33041
p 0 207 33041
x 0 33042
p 0 203 33042
x 0 33043
p 0 211 33043
x 0 33044
p 0 213 33044
x 0 33045
p 0 214 33045
x 0 33046
p 0 212 33046
x 0 33047
p 0 235 33047
x 0 33048
p 0 218 33048
x 0 33049
p 0 215 33049
x 0 33050
p 0 211 33050
x 0 33051
p 0 211 33051
x 0 33052
p 0 162 33052
x 0 33053
p 0 180 33053
x 0 33054
p 0 175 33054
x 0 33055
p 0 159 33055
x 0 33056
p 0 161 33056
x 0 33057
p 0 245 33057
x 0 33058
p 0 278 33058
x 0 33059
p 0 208 33059
x 0 33060
p 0 166 33060
x 0 33000
h 0 10.0.0.11
p 0 10325 33000
x 1 33001
h 1 10.0.0.11
p 1 1252 33001
x 0 33002
p 0 239 33002
x 0 33003
p 0 210 33003
x 0 33004
p 0 222 33004
x 0 33005
p 0 228 33005
x 0 33006
p 0 187 33006
x 0 33007
p 0 172 33007
x 0 33008
p 0 174 33008
x 0 33009
p 0 175 33009
x 0 33010
p 0 172 33010
x 0 33011
p 0 215 33011
x 0 33012
p 0 210 33012
x 0 33013
p 0 216 33013
x 0 33014
p 0 215 33014
x 0 33015
p 0 208 33015
x 0 33016
p 0 189 33016
x 0 33017
p 0 209 33017
x 0 33018
p 0 159 33018
x 0 33019
p 0 166 33019
x 0 33020
p 0 218 33020
x 0 33021
p 0 217 33021
x 0 33022
p 0 152 33022
x 0 33023
p 0 218 33023
x 0 33024
p 0 158 33024
x 0 33025
p 0 217 33025
x 0 33026
p 0 231 33026
x 0 33027
p 0 219 33027
x 0 33028
p 0 207 33028
x 0 33029
p 0 204 33029
x 0 33030
p 0 154 33030
x 0 33031
p 0 204 33031
x 0 33032
p 0 148 33032
x 0 33033
p 0 250 33033
x 0 33034
p 0 151 33034
x 0 33035
p 0 150 33035
x 0 33036
p 0 206 33036
x 0 33037
p 0 154 33037
x 0 33038
p 0 207 33038
x 0 33039
p 0 150 33039
x 0 33040
p 0 205 33040
x 0 33041
p 0 150 33041
x 0 33042
p 0 207 33042
x 0 33043
p 0 152 33043
x 0 33044
p 0 206 33044
x 0 33045
p 0 149 33045
x 0 33046
p 0 206 33046
x 0 33047
p 0 190 33047
x 0 33048
p 0 194 33048
x 0 33049
p 0 150 33049
x 0 33050
p 0 152 33050
x 0 33051
p 0 255 33051
x 0 33052
p 0 151 33052
x 0 33053
p 0 193 33053
x 0 33054
p 0 217 33054
x 0 33055
p 0 161 33055
x 0 33056
p 0 233 33056
x 0 33057
p 0 152 33057
x 0 33058
p 0 221 33058
x 0 33059
p 0 149 33059
x 0 33060
p 0 159 33060
x 0 33000
h 0 10.0.0.11
p 0 11195 33000
x 1 33001
h 1 10.0.0.11
p 1 1476 33001
x 0 33002
p 0 300 33002
x 0 33003
p 0 212 33003
x 0 33004
p 0 202 33004
x 0 33005
p 0 319 33005
x 0 33006
p 0 210 33006
x 0 33007
p 0 244 33007
x 0 33008
p 0 190 33008
x 0 33009
p 0 211 33009
x 0 33010
p 0 216 33010
x 0 33011
p 0 210 33011
x 0 33012
p 0 209 33012
x 0 33013
p 0 185 33013
x 0 33014
p 0 213 33014
x 0 33015
p 0 212 33015
x 0 33016
p 0 212 33016
x 0 33017
p 0 212 33017
x 0 33018
p 0 212 33018
x 0 33019
p 0 207 33019
x 0 33020
p 0 207 33020
x 0 33021
p 0 209 33021
x 0 33022
p 0 206 33022
x 0 33023
p 0 236 33023
x 0 33024
p 0 214 33024
x 0 33025
p 0 216 33025
x 0 33026
p 0 211 33026
x 0 33027
p 0 211 33027
x 0 33028
p 0 212 33028
x 0 33029
p 0 210 33029
x 0 33030
p 0 196 33030
x 0 33031
p 0 211 33031
x 0 33032
p 0 212 33032
x 0 33033
p 0 215 33033
x 0 33034
p 0 209 33034
x 0 33035
p 0 188 33035
x 0 33036
p 0 204 33036
x 0 33037
p 0 183 33037
x 0 33038
p 0 204 33038
x 0 33039
p 0 206 33039
x 0 33040
p 0 183 33040
x 0 33041
p 0 208 33041
x 0 33042
p 0 211 33042
x 0 33043
p 0 205 33043
x 0 33044
p 0 189 33044
x 0 33045
p 0 71 33045
x 0 33046
p 0 208 33046
x 0 33047
p 0 212 33047
x 0 33048
p 0 175 33048
x 0 33049
p 0 208 33049
x 0 33050
p 0 199 33050
x 0 33051
p 0 173 33051
x 0 33052
p 0 172 33052
x 0 33053
p 0 205 33053
x 0 33054
p 0 241 33054
x 0 33055
p 0 187 33055
x 0 33056
p 0 175 33056
x 0 33057
p 0 207 33057
x 0 33058
p 0 205 33058
x 0 33059
p 0 182 33059
x 0 33060
p 0 176 33060
x 0 33000
h 0 10.0.0.11
p 0 12846 33000
x 1 33001
h 1 10.0.0.11
p 1 1642 33001
x 0 33002
p 0 216 33002
x 0 33003
p 0 211 33003
x 0 33004
p 0 210 33004
x 0 33005
p 0 208 33005
x 0 33006
p 0 207 33006
x 0 33007
p 0 220 33007
x 0 33008
p 0 210 33008
x 0 33009
p 0 210 33009
x 0 33010
p 0 210 33010
x 0 33011
p 0 255 33011
x 0 33012
p 0 213 33012
x 0 33013
p 0 207 33013
x 0 33014
p 0 213 33014
x 0 33015
p 0 214 33015
x 0 33016
p 0 208 33016
x 0 33017
p 0 216 33017
x 0 33018
p 0 263 33018
x 0 33019
p 0 208 33019
x 0 33020
p 0 217 33020
x 0 33021
p 0 212 33021
x 0 33022
p 0 213 33022
x 0 33023
p 0 212 33023
x 0 33024
p 0 207 33024
x 0 33025
p 0 250 33025
x 0 33026
p 0 210 33026
x 0 33027
p 0 209 33027
x 0 33028
p 0 217 33028
x 0 33029
p 0 210 33029
x 0 33030
p 0 225 33030
x 0 33031
p 0 214 33031
x 0 33032
p 0 252 33032
x 0 33033
p 0 216 33033
x 0 33034
p 0 211 33034
x 0 33035
p 0 215 33035
x 0 33036
p 0 221 33036
x 0 33037
p 0 211 33037
x 0 33038
p 0 240 33038
x 0 33039
p 0 239 33039
x 0 33040
p 0 211 33040
x 0 33041
p 0 209 33041
x 0 33042
p 0 221 33042
x 0 33043
p 0 215 33043
x 0 33044
p 0 212 33044
x 0 33045
p 0 212 33045
x 0 33046
p 0 214 33046
x 0 33047
p 0 240 33047
x 0 33048
p 0 218 33048
x 0 33049
p 0 221 33049
x 0 33050
p 0 219 33050
x 0 33051
p 0 256 33051
x 0 33052
p 0 213 33052
x 0 33053
p 0 208 33053
x 0 33054
p 0 216 33054
x 0 33055
p 0 216 33055
x 0 33056
p 0 212 33056
x 0 33057
p 0 213 33057
x 0 33058
p 0 213 33058
x 0 33059
p 0 212 33059
x 0 33060
p 0 212 33060
x 0 33000
h 0 10.0.0.11
p 0 12544 33000
x 1 33001
h 1 10.0.0.11
p 1 619 33001
x 0 33002
p 0 163 33002
x 0 33003
p 0 209 33003
x 0 33004
p 0 210 33004
x 0 33005
p 0 208 33005
x 0 33006
p 0 267 33006
x 0 33007
p 0 224 33007
x 0 33008
p 0 210 33008
x 0 33009
p 0 212 33009
x 0 33010
p 0 210 33010
x 0 33011
p 0 217 33011
x 0 33012
p 0 214 33012
x 0 33013
p 0 208 33013
x 0 33014
p 0 209 33014
x 0 33015
p 0 211 33015
x 0 33016
p 0 212 33016
x 0 33017
p 0 208 33017
x 0 33018
p 0 207 33018
x 0 33019
p 0 210 33019
x 0 33020
p 0 210 33020
x 0 33021
p 0 216 33021
x 0 33022
p 0 217 33022
x 0 33023
p 0 213 33023
x 0 33024
p 0 224 33024
x 0 33025
p 0 216 33025
x 0 33026
p 0 219 33026
x 0 33027
p 0 217 33027
x 0 33028
p 0 216 33028
x 0 33029
p 0 190 33029
x 0 33030
p 0 204 33030
x 0 33031
p 0 209 33031
x 0 33032
p 0 212 33032
x 0 33033
p 0 209 33033
x 0 33034
p 0 231 33034
x 0 33035
p 0 202 33035
x 0 33036
p 0 223 33036
x 0 33037
p 0 209 33037
x 0 33038
p 0 207 33038
x 0 33039
p 0 208 33039
x 0 33040
p 0 211 33040
x 0 33041
p 0 213 33041
x 0 33042
p 0 212 33042
x 0 33043
p 0 208 33043
x 0 33044
p 0 207 33044
x 0 33045
p 0 206 33045
x 0 33046
p 0 208 33046
x 0 33047
p 0 208 33047
x 0 33048
p 0 206 33048
x 0 33049
p 0 205 33049
x 0 33050
p 0 207 33050
x 0 33051
p 0 206 33051
x 0 33052
p 0 203 33052
x 0 33053
p 0 213 33053
x 0 33054
p 0 205 33054
x 0 33055
p 0 200 33055
x 0 33056
p 0 207 33056
x 0 33057
p 0 202 33057
x 0 33058
p 0 201 33058
x 0 33059
p 0 203 33059
x 0 33060
p 0 204 33060
x 0 33000
h 0 10.0.0.11
p 0 11228 33000
x 1 33001
h 1 10.0.0.11
p 1 967 33001
x 0 33002
p 0 272 33002
x 0 33003
p 0 248 33003
x 0 33004
p 0 210 33004
x 0 33005
p 0 218 33005
x 0 33006
p 0 212 33006
x 0 33007
p 0 236 33007
x 0 33008
p 0 214 33008
x 0 33009
p 0 206 33009
x 0 33010
p 0 249 33010
x 0 33011
p 0 215 33011
x 0 33012
p 0 209 33012
x 0 33013
p 0 217 33013
x 0 33014
p 0 185 33014
x 0 33015
p 0 189 33015
x 0 33016
p 0 211 33016
x 0 33017
p 0 298 33017
x 0 33018
p 0 185 33018
x 0 33019
p 0 204 33019
x 0 33020
p 0 212 33020
x 0 33021
p 0 212 33021
x 0 33022
p 0 207 33022
x 0 33023
p 0 248 33023
x 0 33024
p 0 252 33024
x 0 33025
p 0 214 33025
x 0 33026
p 0 209 33026
x 0 33027
p 0 218 33027
x 0 33028
p 0 224 33028
x 0 33029
p 0 205 33029
x 0 33030
p 0 215 33030
x 0 33031
p 0 251 33031
x 0 33032
p 0 210 33032
x 0 33033
p 0 214 33033
x 0 33034
p 0 207 33034
x 0 33035
p 0 223 33035
x 0 33036
p 0 214 33036
x 0 33037
p 0 219 33037
x 0 33038
p 0 210 33038
x 0 33039
p 0 218 33039
x 0 33040
p 0 215 33040
x 0 33041
p 0 208 33041
x 0 33042
p 0 218 33042
x 0 33043
p 0 214 33043
x 0 33044
p 0 205 33044
x 0 33045
p 0 212 33045
x 0 33046
p 0 213 33046
x 0 33047
p 0 214 33047
x 0 33048
p 0 216 33048
x 0 33049
p 0 207 33049
x 0 33050
p 0 228 33050
x 0 33051
p 0 227 33051
x 0 33052
p 0 245 33052
x 0 33053
p 0 221 33053
x 0 33054
p 0 227 33054
x 0 33055
p 0 219 33055
x 0 33056
p 0 217 33056
x 0 33057
p 0 230 33057
x 0 33058
p 0 220 33058
x 0 33059
p 0 241 33059
x 0 33060
p 0 192 33060
x 0 33000
h 0 10.0.0.11
p 0 19002 33000
x 1 33001
h 1 10.0.0.11
p 1 606 33001
x 0 33002
p 0 173 33002
x 0 33003
p 0 214 33003
x 0 33004
p 0 195 33004
x 0 33005
p 0 250 33005
x 0 33006
p 0 221 33006
x 0 33007
p 0 319 33007
x 0 33008
p 0 264 33008
x 0 33009
p 0 352 33009
x 0 33010
p 0 323 33010
x 0 33011
p 0 201 33011
x 0 33012
p 0 190 33012
x 0 33013
p 0 240 33013
x 0 33014
p 0 198 33014
x 0 33015
p 0 201 33015
x 0 33016
p 0 202 33016
x 0 33017
p 0 235 33017
x 0 33018
p 0 201 33018
x 0 33019
p 0 203 33019
x 0 33020
p 0 183 33020
x 0 33021
p 0 230 33021
x 0 33022
p 0 200 33022
x 0 33023
p 0 186 33023
x 0 33024
p 0 199 33024
x 0 33025
p 0 201 33025
x 0 33026
p 0 202 33026
x 0 33027
p 0 198 33027
x 0 33028
p 0 183 33028
x 0 33029
p 0 180 33029
x 0 33030
p 0 233 33030
x 0 33031
p 0 182 33031
x 0 33032
p 0 200 33032
x 0 33033
p 0 183 33033
x 0 33034
p 0 204 33034
x 0 33035
p 0 184 33035
x 0 33036
p 0 184 33036
x 0 33037
p 0 179 33037
x 0 33038
p 0 209 33038
x 0 33039
p 0 181 33039
x 0 33040
p 0 183 33040
x 0 33041
p 0 242 33041
x 0 33042
p 0 215 33042
x 0 33043
p 0 245 33043
x 0 33044
p 0 214 33044
x 0 33045
p 0 206 33045
x 0 33046
p 0 207 33046
x 0 33047
p 0 207 33047
x 0 33048
p 0 249 33048
x 0 33049
p 0 208 33049
x 0 33050
p 0 254 33050
x 0 33051
p 0 205 33051
x 0 33052
p 0 212 33052
x 0 33053
p 0 210 33053
x 0 33054
p 0 210 33054
x 0 33055
p 0 262 33055
x 0 33056
p 0 210 33056
x 0 33057
p 0 238 33057
x 0 33058
p 0 210 33058
x 0 33059
p 0 210 33059
x 0 33060
p 0 204 33060
x 0 33000
h 0 10.0.0.11
p 0 17372 33000
x 1 33001
h 1 10.0.0.11
p 1 1078 33001
x 0 33002
p 0 394 33002
x 0 33003
p 0 250 33003
x 0 33004
p 0 205 33004
x 0 33005
p 0 216 33005
x 0 33006
p 0 239 33006
x 0 33007
p 0 227 33007
x 0 33008
p 0 263 33008
x 0 33009
p 0 247 33009
x 0 33010
p 0 268 33010
x 0 33011
p 0 322 33011
x 0 33012
p 0 254 33012
x 0 33013
p 0 250 33013
x 0 33014
p 0 266 33014
x 0 33015
p 0 277 33015
x 0 33016
p 0 205 33016
x 0 33017
p 0 272 33017
x 0 33018
p 0 220 33018
x 0 33019
p 0 293 33019
x 0 33020
p 0 216 33020
x 0 33021
p 0 241 33021
x 0 33022
p 0 208 33022
x 0 33023
p 0 242 33023
x 0 33024
p 0 207 33024
x 0 33025
p 0 210 33025
x 0 33026
p 0 256 33026
x 0 33027
p 0 216 33027
x 0 33028
p 0 245 33028
x 0 33029
p 0 210 33029
x 0 33030
p 0 215 33030
x 0 33031
p 0 251 33031
x 0 33032
p 0 214 33032
x 0 33033
p 0 253 33033
x 0 33034
p 0 238 33034
x 0 33035
p 0 241 33035
x 0 33036
p 0 211 33036
x 0 33037
p 0 218 33037
x 0 33038
p 0 213 33038
x 0 33039
p 0 214 33039
x 0 33040
p 0 210 33040
x 0 33041
p 0 207 33041
x 0 33042
p 0 249 33042
x 0 33043
p 0 214 33043
x 0 33044
p 0 214 33044
x 0 33045
p 0 211 33045
x 0 33046
p 0 211 33046
x 0 33047
p 0 216 33047
x 0 33048
p 0 242 33048
x 0 33049
p 0 240 33049
x 0 33050
p 0 211 33050
x 0 33051
p 0 214 33051
x 0 33052
p 0 211 33052
x 0 33053
p 0 215 33053
x 0 33054
p 0 266 33054
x 0 33055
p 0 209 33055
x 0 33056
p 0 247 33056
x 0 33057
p 0 210 33057
x 0 33058
p 0 214 33058
x 0 33059
p 0 209 33059
x 0 33060
p 0 212 33060
x 0 33000
h 0 10.0.0.11
p 0 11490 33000
x 1 33001
h 1 10.0.0.11
p 1 1634 33001
x 0 33002
p 0 208 33002
x 0 33003
p 0 213 33003
x 0 33004
p 0 329 33004
x 0 33005
p 0 207 33005
x 0 33006
p 0 212 33006
x 0 33007
p 0 311 33007
x 0 33008
p 0 208 33008
x 0 33009
p 0 274 33009
x 0 33010
p 0 208 33010
x 0 33011
p 0 208 33011
x 0 33012
p 0 211 33012
x 0 33013
p 0 210 33013
x 0 33014
p 0 207 33014
x 0 33015
p 0 206 33015
x 0 33016
p 0 211 33016
x 0 33017
p 0 213 33017
x 0 33018
p 0 205 33018
x 0 33019
p 0 214 33019
x 0 33020
p 0 246 33020
x 0 33021
p 0 207 33021
x 0 33022
p 0 215 33022
x 0 33023
p 0 205 33023
x 0 33024
p 0 208 33024
x 0 33025
p 0 237 33025
x 0 33026
p 0 210 33026
x 0 33027
p 0 253 33027
x 0 33028
p 0 212 33028
x 0 33029
p 0 214 33029
x 0 33030
p 0 209 33030
x 0 33031
p 0 214 33031
x 0 33032
p 0 247 33032
x 0 33033
p 0 210 33033
x 0 33034
p 0 249 33034
x 0 33035
p 0 212 33035
x 0 33036
p 0 208 33036
x 0 33037
p 0 215 33037
x 0 33038
p 0 211 33038
x 0 33039
p 0 190 33039
x 0 33040
p 0 204 33040
x 0 33041
p 0 306 33041
x 0 33042
p 0 215 33042
x 0 33043
p 0 211 33043
x 0 33044
p 0 213 33044
x 0 33045
p 0 204 33045
x 0 33046
p 0 207 33046
x 0 33047
p 0 220 33047
x 0 33048
p 0 204 33048
x 0 33049
p 0 206 33049
x 0 33050
p 0 210 33050
x 0 33051
p 0 210 33051
x 0 33052
p 0 211 33052
x 0 33053
p 0 211 33053
x 0 33054
p 0 212 33054
x 0 33055
p 0 204 33055
x 0 33056
p 0 213 33056
x 0 33057
p 0 209 33057
x 0 33058
p 0 240 33058
x 0 33059
p 0 215 33059
x 0 33060
p 0 204 33060
x 0 33000
h 0 10.0.0.11
p 0 13816 33000
x 1 33001
h 1 10.0.0.11
p 1 1281 33001
x 0 33002
p 0 211 33002
x 0 33003
p 0 207 33003
x 0 33004
p 0 214 33004
x 0 33005
p 0 216 33005
x 0 33006
p 0 222 33006
x 0 33007
p 0 216 33007
x 0 33008
p 0 210 33008
x 0 33009
p 0 243 33009
x 0 33010
p 0 212 33010
x 0 33011
p 0 260 33011
x 0 33012
p 0 212 33012
x 0 33013
p 0 214 33013
x 0 33014
p 0 211 33014
x 0 33015
p 0 211 33015
x 0 33016
p 0 238 33016
x 0 33017
p 0 232 33017
x 0 33018
p 0 258 33018
x 0 33019
p 0 227 33019
x 0 33020
p 0 212 33020
x 0 33021
p 0 224 33021
x 0 33022
p 0 269 33022
x 0 33023
p 0 234 33023
x 0 33024
p 0 215 33024
x 0 33025
p 0 283 33025
x 0 33026
p 0 219 33026
x 0 33027
p 0 224 33027
x 0 33028
p 0 207 33028
x 0 33029
p 0 212 33029
x 0 33030
p 0 214 33030
x 0 33031
p 0 219 33031
x 0 33032
p 0 253 33032
x 0 33033
p 0 190 33033
x 0 33034
p 0 215 33034
x 0 33035
p 0 211 33035
x 0 33036
p 0 202 33036
x 0 33037
p 0 220 33037
x 0 33038
p 0 182 33038
x 0 33039
p 0 218 33039
x 0 33040
p 0 210 33040
x 0 33041
p 0 200 33041
x 0 33042
p 0 216 33042
x 0 33043
p 0 294 33043
x 0 33044
p 0 215 33044
x 0 33045
p 0 218 33045
x 0 33046
p 0 199 33046
x 0 33047
p 0 241 33047
x 0 33048
p 0 222 33048
x 0 33049
p 0 224 33049
x 0 33050
p 0 219 33050
x 0 33051
p 0 217 33051
x 0 33052
p 0 210 33052
x 0 33053
p 0 203 33053
x 0 33054
p 0 212 33054
x 0 33055
p 0 243 33055
x 0 33056
p 0 218 33056
x 0 33057
p 0 222 33057
x 0 33058
p 0 217 33058
x 0 33059
p 0 218 33059
x 0 33060
p 0 314 33060
x 0 33000
h 0 10.0.0.11
p 0 12660 33000
x 1 33001
h 1 10.0.0.11
p 1 18598 33001
x 0 33002
p 0 1796 33002
x 0 33003
p 0 310 33003
x 0 33004
p 0 209 33004
x 0 33005
p 0 227 33005
x 0 33006
p 0 252 33006
x 0 33007
p 0 281 33007
x 0 33008
p 0 247 33008
x 0 33009
p 0 233 33009
x 0 33010
p 0 257 33010
x 0 33011
p 0 221 33011
x 0 33012
p 0 208 33012
x 0 33013
p 0 266 33013
x 0 33014
p 0 216 33014
x 0 33015
p 0 242 33015
x 0 33016
p 0 219 33016
x 0 33017
p 0 228 33017
x 0 33018
p 0 217 33018
x 0 33019
p 0 251 33019
x 0 33020
p 0 229 33020
x 0 33021
p 0 292 33021
x 0 33022
p 0 247 33022
x 0 33023
p 0 216 33023
x 0 33024
p 0 217 33024
x 0 33025
p 0 231 33025
x 0 33026
p 0 242 33026
x 0 33027
p 0 179 33027
x 0 33028
p 0 168 33028
x 0 33029
p 0 164 33029
x 0 33030
p 0 169 33030
x 0 33031
p 0 168 33031
x 0 33032
p 0 165 33032
x 0 33033
p 0 249 33033
x 0 33034
p 0 214 33034
x 0 33035
p 0 212 33035
x 0 33036
p 0 282 33036
x 0 33037
p 0 258 33037
x 0 33038
p 0 213 33038
x 0 33039
p 0 213 33039
x 0 33040
p 0 209 33040
x 0 33041
p 0 215 33041
x 0 33042
p 0 214 33042
x 0 33043
p 0 264 33043
x 0 33044
p 0 248 33044
x 0 33045
p 0 341 33045
x 0 33046
p 0 230 33046
x 0 33047
p 0 212 33047
x 0 33048
p 0 210 33048
x 0 33049
p 0 228 33049
x 0 33050
p 0 237 33050
x 0 33051
p 0 226 33051
x 0 33052
p 0 257 33052
x 0 33053
p 0 221 33053
x 0 33054
p 0 214 33054
x 0 33055
p 0 227 33055
x 0 33056
p 0 219 33056
x 0 33057
p 0 204 33057
x 0 33058
p 0 258 33058
x 0 33059
p 0 212 33059
x 0 33060
p 0 226 33060
x 0 33000
h 0 10.0.0.11
p 0 9934 33000
x 1 33001
h 1 10.0.0.11
p 1 1241 33001
x 0 33002
p 0 169 33002
x 0 33003
p 0 206 33003
x 0 33004
p 0 219 33004
x 0 33005
p 0 172 33005
x 0 33006
p 0 176 33006
x 0 33007
p 0 202 33007
x 0 33008
p 0 172 33008
x 0 33009
p 0 176 33009
x 0 33010
p 0 203 33010
x 0 33011
p 0 315 33011
x 0 33012
p 0 325 33012
x 0 33013
p 0 324 33013
x 0 33014
p 0 292 33014
x 0 33015
p 0 313 33015
x 0 33016
p 0 173 33016
x 0 33017
p 0 175 33017
x 0 33018
p 0 204 33018
x 0 33019
p 0 202 33019
x 0 33020
p 0 202 33020
x 0 33021
p 0 169 33021
x 0 33022
p 0 201 33022
x 0 33023
p 0 201 33023
x 0 33024
p 0 172 33024
x 0 33025
p 0 171 33025
x 0 33026
p 0 207 33026
x 0 33027
p 0 202 33027
x 0 33028
p 0 203 33028
x 0 33029
p 0 205 33029
x 0 33030
p 0 175 33030
x 0 33031
p 0 201 33031
x 0 33032
p 0 168 33032
x 0 33033
p 0 203 33033
x 0 33034
p 0 206 33034
x 0 33035
p 0 201 33035
x 0 33036
p 0 173 33036
x 0 33037
p 0 284 33037
x 0 33038
p 0 174 33038
x 0 33039
p 0 172 33039
x 0 33040
p 0 168 33040
x 0 33041
p 0 167 33041
x 0 33042
p 0 170 33042
x 0 33043
p 0 174 33043
x 0 33044
p 0 170 33044
x 0 33045
p 0 169 33045
x 0 33046
p 0 172 33046
x 0 33047
p 0 173 33047
x 0 33048
p 0 168 33048
x 0 33049
p 0 162 33049
x 0 33050
p 0 169 33050
x 0 33051
p 0 171 33051
x 0 33052
p 0 208 33052
x 0 33053
p 0 217 33053
x 0 33054
p 0 314 33054
x 0 33055
p 0 166 33055
x 0 33056
p 0 171 33056
x 0 33057
p 0 106 33057
x 0 33058
p 0 168 33058
x 0 33059
p 0 638 33059
x 0 33060
p 0 169 33060
x 0 33000
h 0 10.0.0.11
p 0 18566 33000
x 1 33001
h 1 10.0.0.11
p 1 702 33001
x 0 33002
p 0 99 33002
x 0 33003
p 0 148 33003
x 0 33004
p 0 152 33004
x 0 33005
p 0 238 33005
x 0 33006
p 0 204 33006
x 0 33007
p 0 208 33007
x 0 33008
p 0 205 33008
x 0 33009
p 0 204 33009
x 0 33010
p 0 204 33010
x 0 33011
p 0 206 33011
x 0 33012
p 0 266 33012
x 0 33013
p 0 205 33013
x 0 33014
p 0 200 33014
x 0 33015
p 0 201 33015
x 0 33016
p 0 204 33016
x 0 33017
p 0 202 33017
x 0 33018
p 0 201 33018
x 0 33019
p 0 205 33019
x 0 33020
p 0 204 33020
x 0 33021
p 0 205 33021
x 0 33022
p 0 202 33022
x 0 33023
p 0 177 33023
x 0 33024
p 0 203 33024
x 0 33025
p 0 249 33025
x 0 33026
p 0 177 33026
x 0 33027
p 0 180 33027
x 0 33028
p 0 169 33028
x 0 33029
p 0 171 33029
x 0 33030
p 0 176 33030
x 0 33031
p 0 206 33031
x 0 33032
p 0 198 33032
x 0 33033
p 0 205 33033
x 0 33034
p 0 202 33034
x 0 33035
p 0 205 33035
x 0 33036
p 0 202 33036
x 0 33037
p 0 205 33037
x 0 33038
p 0 206 33038
x 0 33039
p 0 201 33039
x 0 33040
p 0 156 33040
x 0 33041
p 0 207 33041
x 0 33042
p 0 207 33042
x 0 33043
p 0 204 33043
x 0 33044
p 0 205 33044
x 0 33045
p 0 178 33045
x 0 33046
p 0 203 33046
x 0 33047
p 0 202 33047
x 0 33048
p 0 143 33048
x 0 33049
p 0 202 33049
x 0 33050
p 0 202 33050
x 0 33051
p 0 205 33051
x 0 33052
p 0 203 33052
x 0 33053
p 0 202 33053
x 0 33054
p 0 201 33054
x 0 33055
p 0 201 33055
x 0 33056
p 0 204 33056
x 0 33057
p 0 201 33057
x 0 33058
p 0 204 33058
x 0 33059
p 0 116 33059
x 0 33060
p 0 234 33060
x 0 33000
h 0 10.0.0.11
p 0 17105 33000
x 1 33001
h 1 10.0.0.11
p 1 1297 33001
x 0 33002
p 0 210 33002
x 0 33003
p 0 207 33003
x 0 33004
p 0 204 33004
x 0 33005
p 0 212 33005
x 0 33006
p 0 210 33006
x 0 33007
p 0 192 33007
x 0 33008
p 0 210 33008
x 0 33009
p 0 210 33009
x 0 33010
p 0 211 33010
x 0 33011
p 0 211 33011
x 0 33012
p 0 209 33012
x 0 33013
p 0 207 33013
x 0 33014
p 0 210 33014
x 0 33015
p 0 212 33015
x 0 33016
p 0 215 33016
x 0 33017
p 0 210 33017
x 0 33018
p 0 204 33018
x 0 33019
p 0 203 33019
x 0 33020
p 0 203 33020
x 0 33021
p 0 208 33021
x 0 33022
p 0 209 33022
x 0 33023
p 0 207 33023
x 0 33024
p 0 208 33024
x 0 33025
p 0 205 33025
x 0 33026
p 0 244 33026
x 0 33027
p 0 214 33027
x 0 33028
p 0 205 33028
x 0 33029
p 0 206 33029
x 0 33030
p 0 208 33030
x 0 33031
p 0 207 33031
x 0 33032
p 0 213 33032
x 0 33033
p 0 241 33033
x 0 33034
p 0 210 33034
x 0 33035
p 0 208 33035
x 0 33036
p 0 214 33036
x 0 33037
p 0 208 33037
x 0 33038
p 0 201 33038
x 0 33039
p 0 217 33039
x 0 33040
p 0 205 33040
x 0 33041
p 0 205 33041
x 0 33042
p 0 214 33042
x 0 33043
p 0 272 33043
x 0 33044
p 0 221 33044
x 0 33045
p 0 227 33045
x 0 33046
p 0 239 33046
x 0 33047
p 0 227 33047
x 0 33048
p 0 219 33048
x 0 33049
p 0 231 33049
x 0 33050
p 0 218 33050
x 0 33051
p 0 232 33051
x 0 33052
p 0 223 33052
x 0 33053
p 0 212 33053
x 0 33054
p 0 216 33054
x 0 33055
p 0 226 33055
x 0 33056
p 0 273 33056
x 0 33057
p 0 222 33057
x 0 33058
p 0 212 33058
x 0 33059
p 0 210 33059
x 0 33060
p 0 211 33060
x 0 33000
h 0 10.0.0.11
p 0 5345 33000
x 1 33001
h 1 10.0.0.11
p 1 1556 33001
x 0 33002
p 0 207 33002
x 0 33003
p 0 208 33003
x 0 33004
p 0 211 33004
x 0 33005
p 0 251 33005
x 0 33006
p 0 211 33006
x 0 33007
p 0 207 33007
x 0 33008
p 0 207 33008
x 0 33009
p 0 206 33009
x 0 33010
p 0 231 33010
x 0 33011
p 0 211 33011
x 0 33012
p 0 217 33012
x 0 33013
p 0 234 33013
x 0 33014
p 0 208 33014
x 0 33015
p 0 209 33015
x 0 33016
p 0 212 33016
x 0 33017
p 0 207 33017
x 0 33018
p 0 205 33018
x 0 33019
p 0 209 33019
x 0 33020
p 0 217 33020
x 0 33021
p 0 210 33021
x 0 33022
p 0 214 33022
x 0 33023
p 0 208 33023
x 0 33024
p 0 203 33024
x 0 33025
p 0 209 33025
x 0 33026
p 0 209 33026
x 0 33027
p 0 227 33027
x 0 33028
p 0 212 33028
x 0 33029
p 0 207 33029
x 0 33030
p 0 219 33030
x 0 33031
p 0 214 33031
x 0 33032
p 0 214 33032
x 0 33033
p 0 206 33033
x 0 33034
p 0 211 33034
x 0 33035
p 0 208 33035
x 0 33036
p 0 211 33036
x 0 33037
p 0 208 33037
x 0 33038
p 0 206 33038
x 0 33039
p 0 205 33039
x 0 33040
p 0 207 33040
x 0 33041
p 0 209 33041
x 0 33042
p 0 205 33042
x 0 33043
p 0 208 33043
x 0 33044
p 0 205 33044
x 0 33045
p 0 203 33045
x 0 33046
p 0 207 33046
x 0 33047
p 0 209 33047
x 0 33048
p 0 202 33048
x 0 33049
p 0 203 33049
x 0 33050
p 0 207 33050
x 0 33051
p 0 271 33051
x 0 33052
p 0 203 33052
x 0 33053
p 0 211 33053
x 0 33054
p 0 204 33054
x 0 33055
p 0 206 33055
x 0 33056
p 0 226 33056
x 0 33057
p 0 208 33057
x 0 33058
p 0 202 33058
x 0 33059
p 0 209 33059
x 0 33060
p 0 206 33060
x 0 33000
h 0 10.0.0.11
p 0 10866 33000
x 1 33001
h 1 10.0.0.11
p 1 984 33001
x 0 33002
p 0 260 33002
x 0 33003
p 0 228 33003
x 0 33004
p 0 308 33004
x 0 33005
p 0 240 33005
x 0 33006
p 0 227 33006
x 0 33007
p 0 238 33007
x 0 33008
p 0 226 33008
x 0 33009
p 0 226 33009
x 0 33010
p 0 226 33010
x 0 33011
p 0 224 33011
x 0 33012
p 0 224 33012
x 0 33013
p 0 218 33013
x 0 33014
p 0 211 33014
x 0 33015
p 0 187 33015
x 0 33016
p 0 211 33016
x 0 33017
p 0 211 33017
x 0 33018
p 0 207 33018
x 0 33019
p 0 205 33019
x 0 33020
p 0 214 33020
x 0 33021
p 0 209 33021
x 0 33022
p 0 217 33022
x 0 33023
p 0 213 33023
x 0 33024
p 0 213 33024
x 0 33025
p 0 221 33025
x 0 33026
p 0 305 33026
x 0 33027
p 0 208 33027
x 0 33028
p 0 219 33028
x 0 33029
p 0 259 33029
x 0 33030
p 0 210 33030
x 0 33031
p 0 204 33031
x 0 33032
p 0 228 33032
x 0 33033
p 0 206 33033
x 0 33034
p 0 207 33034
x 0 33035
p 0 211 33035
x 0 33036
p 0 291 33036
x 0 33037
p 0 204 33037
x 0 33038
p 0 207 33038
x 0 33039
p 0 212 33039
x 0 33040
p 0 214 33040
x 0 33041
p 0 206 33041
x 0 33042
p 0 216 33042
x 0 33043
p 0 209 33043
x 0 33044
p 0 205 33044
x 0 33045
p 0 216 33045
x 0 33046
p 0 209 33046
x 0 33047
p 0 203 33047
x 0 33048
p 0 205 33048
x 0 33049
p 0 204 33049
x 0 33050
p 0 205 33050
x 0 33051
p 0 206 33051
x 0 33052
p 0 206 33052
x 0 33053
p 0 205 33053
x 0 33054
p 0 250 33054
x 0 33055
p 0 208 33055
x 0 33056
p 0 209 33056
x 0 33057
p 0 207 33057
x 0 33058
p 0 208 33058
x 0 33059
p 0 202 33059
x 0 33060
p 0 207 33060
x 0 33000
h 0 10.0.0.11
p 0 10371 33000
x 1 33001
h 1 10.0.0.11
p 1 960 33001
x 0 33002
p 0 208 33002
x 0 33003
p 0 209 33003
x 0 33004
p 0 209 33004
x 0 33005
p 0 204 33005
x 0 33006
p 0 202 33006
x 0 33007
p 0 206 33007
x 0 33008
p 0 202 33008
x 0 33009
p 0 207 33009
x 0 33010
p 0 242 33010
x 0 33011
p 0 207 33011
x 0 33012
p 0 83 33012
x 0 33013
p 0 210 33013
x 0 33014
p 0 211 33014
x 0 33015
p 0 206 33015
x 0 33016
p 0 207 33016
x 0 33017
p 0 237 33017
x 0 33018
p 0 210 33018
x 0 33019
p 0 210 33019
x 0 33020
p 0 207 33020
x 0 33021
p 0 207 33021
x 0 33022
p 0 203 33022
x 0 33023
p 0 203 33023
x 0 33024
p 0 236 33024
x 0 33025
p 0 209 33025
x 0 33026
p 0 208 33026
x 0 33027
p 0 209 33027
x 0 33028
p 0 247 33028
x 0 33029
p 0 212 33029
x 0 33030
p 0 228 33030
x 0 33031
p 0 272 33031
x 0 33032
p 0 213 33032
x 0 33033
p 0 209 33033
x 0 33034
p 0 210 33034
x 0 33035
p 0 247 33035
x 0 33036
p 0 204 33036
x 0 33037
p 0 324 33037
x 0 33038
p 0 323 33038
x 0 33039
p 0 209 33039
x 0 33040
p 0 179 33040
x 0 33041
p 0 174 33041
x 0 33042
p 0 180 33042
x 0 33043
p 0 197 33043
x 0 33044
p 0 183 33044
x 0 33045
p 0 181 33045
x 0 33046
p 0 216 33046
x 0 33047
p 0 183 33047
x 0 33048
p 0 181 33048
x 0 33049
p 0 180 33049
x 0 33050
p 0 212 33050
x 0 33051
p 0 210 33051
x 0 33052
p 0 205 33052
x 0 33053
p 0 205 33053
x 0 33054
p 0 207 33054
x 0 33055
p 0 325 33055
x 0 33056
p 0 239 33056
x 0 33057
p 0 233 33057
x 0 33058
p 0 159 33058
x 0 33059
p 0 168 33059
x 0 33060
p 0 169 33060
x 0 33000
h 0 10.0.0.11
p 0 6442 33000
x 1 33001
h 1 10.0.0.11
p 1 1074 33001
x 0 33002
p 0 206 33002
x 0 33003
p 0 204 33003
x 0 33004
p 0 248 33004
x 0 33005
p 0 235 33005
x 0 33006
p 0 247 33006
x 0 33007
p 0 349 33007
x 0 33008
p 0 243 33008
x 0 33009
p 0 252 33009
x 0 33010
p 0 209 33010
x 0 33011
p 0 216 33011
x 0 33012
p 0 248 33012
x 0 33013
p 0 238 33013
x 0 33014
p 0 341 33014
x 0 33015
p 0 245 33015
x 0 33016
p 0 212 33016
x 0 33017
p 0 291 33017
x 0 33018
p 0 213 33018
x 0 33019
p 0 277 33019
x 0 33020
p 0 213 33020
x 0 33021
p 0 286 33021
x 0 33022
p 0 213 33022
x 0 33023
p 0 242 33023
x 0 33024
p 0 243 33024
x 0 33025
p 0 210 33025
x 0 33026
p 0 214 33026
x 0 33027
p 0 216 33027
x 0 33028
p 0 244 33028
x 0 33029
p 0 95 33029
x 0 33030
p 0 207 33030
x 0 33031
p 0 300 33031
x 0 33032
p 0 247 33032
x 0 33033
p 0 212 33033
x 0 33034
p 0 212 33034
x 0 33035
p 0 217 33035
x 0 33036
p 0 218 33036
x 0 33037
p 0 213 33037
x 0 33038
p 0 254 33038
x 0 33039
p 0 243 33039
x 0 33040
p 0 216 33040
x 0 33041
p 0 212 33041
x 0 33042
p 0 209 33042
x 0 33043
p 0 209 33043
x 0 33044
p 0 209 33044
x 0 33045
p 0 260 33045
x 0 33046
p 0 240 33046
x 0 33047
p 0 206 33047
x 0 33048
p 0 237 33048
x 0 33049
p 0 205 33049
x 0 33050
p 0 265 33050
x 0 33051
p 0 245 33051
x 0 33052
p 0 262 33052
x 0 33053
p 0 243 33053
x 0 33054
p 0 207 33054
x 0 33055
p 0 260 33055
x 0 33056
p 0 219 33056
x 0 33057
p 0 209 33057
x 0 33058
p 0 213 33058
x 0 33059
p 0 262 33059
x 0 33060
p 0 237 33060
x 0 33000
h 0 10.0.0.11
p 0 7185 33000
x 1 33001
h 1 10.0.0.11
p 1 1290 33001
x 0 33002
p 0 213 33002
x 0 33003
p 0 211 33003
x 0 33004
p 0 209 33004
x 0 33005
p 0 210 33005
x 0 33006
p 0 208 33006
x 0 33007
p 0 206 33007
x 0 33008
p 0 266 33008
x 0 33009
p 0 208 33009
x 0 33010
p 0 211 33010
x 0 33011
p 0 206 33011
x 0 33012
p 0 205 33012
x 0 33013
p 0 208 33013
x 0 33014
p 0 206 33014
x 0 33015
p 0 248 33015
x 0 33016
p 0 206 33016
x 0 33017
p 0 205 33017
x 0 33018
p 0 205 33018
x 0 33019
p 0 207 33019
x 0 33020
p 0 209 33020
x 0 33021
p 0 207 33021
x 0 33022
p 0 208 33022
x 0 33023
p 0 280 33023
x 0 33024
p 0 232 33024
x 0 33025
p 0 182 33025
x 0 33026
p 0 152 33026
x 0 33027
p 0 179 33027
x 0 33028
p 0 179 33028
x 0 33029
p 0 207 33029
x 0 33030
p 0 181 33030
x 0 33031
p 0 204 33031
x 0 33032
p 0 196 33032
x 0 33033
p 0 237 33033
x 0 33034
p 0 181 33034
x 0 33035
p 0 180 33035
x 0 33036
p 0 178 33036
x 0 33037
p 0 205 33037
x 0 33038
p 0 215 33038
x 0 33039
p 0 179 33039
x 0 33040
p 0 178 33040
x 0 33041
p 0 181 33041
x 0 33042
p 0 182 33042
x 0 33043
p 0 182 33043
x 0 33044
p 0 247 33044
x 0 33045
p 0 200 33045
x 0 33046
p 0 178 33046
x 0 33047
p 0 209 33047
x 0 33048
p 0 191 33048
x 0 33049
p 0 213 33049
x 0 33050
p 0 183 33050
x 0 33051
p 0 177 33051
x 0 33052
p 0 183 33052
x 0 33053
p 0 182 33053
x 0 33054
p 0 183 33054
x 0 33055
p 0 209 33055
x 0 33056
p 0 210 33056
x 0 33057
p 0 208 33057
x 0 33058
p 0 205 33058
x 0 33059
p 0 208 33059
x 0 33060
p 0 207 33060
x 0 33000
h 0 10.0.0.11
p 0 16129 33000
x 1 33001
h 1 10.0.0.11
p 1 1039 33001
x 0 33002
p 0 211 33002
x 0 33003
p 0 210 33003
x 0 33004
p 0 212 33004
x 0 33005
p 0 175 33005
x 0 33006
p 0 263 33006
x 0 33007
p 0 185 33007
x 0 33008
p 0 187 33008
x 0 33009
p 0 210 33009
x 0 33010
p 0 206 33010
x 0 33011
p 0 219 33011
x 0 33012
p 0 214 33012
x 0 33013
p 0 217 33013
x 0 33014
p 0 221 33014
x 0 33015
p 0 217 33015
x 0 33016
p 0 217 33016
x 0 33017
p 0 214 33017
x 0 33018
p 0 215 33018
x 0 33019
p 0 212 33019
x 0 33020
p 0 235 33020
x 0 33021
p 0 192 33021
x 0 33022
p 0 210 33022
x 0 33023
p 0 208 33023
x 0 33024
p 0 295 33024
x 0 33025
p 0 214 33025
x 0 33026
p 0 438 33026
x 0 33027
p 0 217 33027
x 0 33028
p 0 294 33028
x 0 33029
p 0 212 33029
x 0 33030
p 0 212 33030
x 0 33031
p 0 222 33031
x 0 33032
p 0 209 33032
x 0 33033
p 0 212 33033
x 0 33034
p 0 209 33034
x 0 33035
p 0 216 33035
x 0 33036
p 0 214 33036
x 0 33037
p 0 210 33037
x 0 33038
p 0 209 33038
x 0 33039
p 0 212 33039
x 0 33040
p 0 211 33040
x 0 33041
p 0 210 33041
x 0 33042
p 0 209 33042
x 0 33043
p 0 161 33043
x 0 33044
p 0 210 33044
x 0 33045
p 0 252 33045
x 0 33046
p 0 287 33046
x 0 33047
p 0 205 33047
x 0 33048
p 0 211 33048
x 0 33049
p 0 208 33049
x 0 33050
p 0 214 33050
x 0 33051
p 0 211 33051
x 0 33052
p 0 208 33052
x 0 33053
p 0 206 33053
x 0 33054
p 0 282 33054
x 0 33055
p 0 212 33055
x 0 33056
p 0 212 33056
x 0 33057
p 0 212 33057
x 0 33058
p 0 298 33058
x 0 33059
p 0 208 33059
x 0 33060
p 0 210 33060
x 0 33000
h 0 10.0.0.11
p 0 16796 33000
x 1 33001
h 1 10.0.0.11
p 1 861 33001
x 0 33002
p 0 180 33002
x 0 33003
p 0 183 33003
x 0 33004
p 0 206 33004
x 0 33005
p 0 213 33005
x 0 33006
p 0 291 33006
x 0 33007
p 0 210 33007
x 0 33008
p 0 207 33008
x 0 33009
p 0 210 33009
x 0 33010
p 0 207 33010
x 0 33011
p 0 210 33011
x 0 33012
p 0 197 33012
x 0 33013
p 0 212 33013
x 0 33014
p 0 204 33014
x 0 33015
p 0 248 33015
x 0 33016
p 0 212 33016
x 0 33017
p 0 208 33017
x 0 33018
p 0 184 33018
x 0 33019
p 0 211 33019
x 0 33020
p 0 187 33020
x 0 33021
p 0 214 33021
x 0 33022
p 0 214 33022
x 0 33023
p 0 191 33023
x 0 33024
p 0 222 33024
x 0 33025
p 0 211 33025
x 0 33026
p 0 192 33026
x 0 33027
p 0 209 33027
x 0 33028
p 0 212 33028
x 0 33029
p 0 209 33029
x 0 33030
p 0 210 33030
x 0 33031
p 0 185 33031
x 0 33032
p 0 211 33032
x 0 33033
p 0 240 33033
x 0 33034
p 0 182 33034
x 0 33035
p 0 205 33035
x 0 33036
p 0 210 33036
x 0 33037
p 0 184 33037
x 0 33038
p 0 209 33038
x 0 33039
p 0 221 33039
x 0 33040
p 0 210 33040
x 0 33041
p 0 212 33041
x 0 33042
p 0 245 33042
x 0 33043
p 0 206 33043
x 0 33044
p 0 207 33044
x 0 33045
p 0 206 33045
x 0 33046
p 0 210 33046
x 0 33047
p 0 208 33047
x 0 33048
p 0 214 33048
x 0 33049
p 0 185 33049
x 0 33050
p 0 219 33050
x 0 33051
p 0 210 33051
x 0 33052
p 0 215 33052
x 0 33053
p 0 211 33053
x 0 33054
p 0 211 33054
x 0 33055
p 0 206 33055
x 0 33056
p 0 214 33056
x 0 33057
p 0 208 33057
x 0 33058
p 0 212 33058
x 0 33059
p 0 206 33059
x 0 33060
p 0 210 33060
x 0 33000
h 0 10.0.0.11
p 0 16884 33000
x 1 33001
h 1 10.0.0.11
p 1 888 33001
x 0 33002
p 0 147 33002
x 0 33003
p 0 209 33003
x 0 33004
p 0 204 33004
x 0 33005
p 0 211 33005
x 0 33006
p 0 209 33006
x 0 33007
p 0 215 33007
x 0 33008
p 0 210 33008
x 0 33009
p 0 210 33009
x 0 33010
p 0 210 33010
x 0 33011
p 0 212 33011
x 0 33012
p 0 207 33012
x 0 33013
p 0 211 33013
x 0 33014
p 0 210 33014
x 0 33015
p 0 212 33015
x 0 33016
p 0 226 33016
x 0 33017
p 0 207 33017
x 0 33018
p 0 255 33018
x 0 33019
p 0 241 33019
x 0 33020
p 0 240 33020
x 0 33021
p 0 209 33021
x 0 33022
p 0 210 33022
x 0 33023
p 0 210 33023
x 0 33024
p 0 207 33024
x 0 33025
p 0 254 33025
x 0 33026
p 0 210 33026
x 0 33027
p 0 212 33027
x 0 33028
p 0 211 33028
x 0 33029
p 0 212 33029
x 0 33030
p 0 212 33030
x 0 33031
p 0 208 33031
x 0 33032
p 0 204 33032
x 0 33033
p 0 208 33033
x 0 33034
p 0 214 33034
x 0 33035
p 0 209 33035
x 0 33036
p 0 213 33036
x 0 33037
p 0 215 33037
x 0 33038
p 0 209 33038
x 0 33039
p 0 249 33039
x 0 33040
p 0 209 33040
x 0 33041
p 0 207 33041
x 0 33042
p 0 209 33042
x 0 33043
p 0 209 33043
x 0 33044
p 0 212 33044
x 0 33045
p 0 210 33045
x 0 33046
p 0 253 33046
x 0 33047
p 0 210 33047
x 0 33048
p 0 211 33048
x 0 33049
p 0 212 33049
x 0 33050
p 0 228 33050
x 0 33051
p 0 212 33051
x 0 33052
p 0 211 33052
x 0 33053
p 0 210 33053
x 0 33054
p 0 216 33054
x 0 33055
p 0 215 33055
x 0 33056
p 0 180 33056
x 0 33057
p 0 182 33057
x 0 33058
p 0 183 33058
x 0 33059
p 0 184 33059
x 0 33060
p 0 191 33060
x 0 33000
h 0 10.0.0.11
p 0 11119 33000
x 1 33001
h 1 10.0.0.11
p 1 1343 33001
x 0 33002
p 0 245 33002
x 0 33003
p 0 206 33003
x 0 33004
p 0 207 33004
x 0 33005
p 0 206 33005
x 0 33006
p 0 207 33006
x 0 33007
p 0 251 33007
x 0 33008
p 0 203 33008
x 0 33009
p 0 169 33009
x 0 33010
p 0 205 33010
x 0 33011
p 0 202 33011
x 0 33012
p 0 205 33012
x 0 33013
p 0 203 33013
x 0 33014
p 0 205 33014
x 0 33015
p 0 204 33015
x 0 33016
p 0 203 33016
x 0 33017
p 0 201 33017
x 0 33018
p 0 202 33018
x 0 33019
p 0 206 33019
x 0 33020
p 0 207 33020
x 0 33021
p 0 203 33021
x 0 33022
p 0 205 33022
x 0 33023
p 0 206 33023
x 0 33024
p 0 206 33024
x 0 33025
p 0 211 33025
x 0 33026
p 0 205 33026
x 0 33027
p 0 236 33027
x 0 33028
p 0 206 33028
x 0 33029
p 0 210 33029
x 0 33030
p 0 209 33030
x 0 33031
p 0 205 33031
x 0 33032
p 0 203 33032
x 0 33033
p 0 227 33033
x 0 33034
p 0 228 33034
x 0 33035
p 0 205 33035
x 0 33036
p 0 203 33036
x 0 33037
p 0 208 33037
x 0 33038
p 0 205 33038
x 0 33039
p 0 209 33039
x 0 33040
p 0 208 33040
x 0 33041
p 0 237 33041
x 0 33042
p 0 208 33042
x 0 33043
p 0 205 33043
x 0 33044
p 0 205 33044
x 0 33045
p 0 204 33045
x 0 33046
p 0 201 33046
x 0 33047
p 0 206 33047
x 0 33048
p 0 235 33048
x 0 33049
p 0 207 33049
x 0 33050
p 0 204 33050
x 0 33051
p 0 206 33051
x 0 33052
p 0 205 33052
x 0 33053
p 0 226 33053
x 0 33054
p 0 205 33054
x 0 33055
p 0 206 33055
x 0 33056
p 0 204 33056
x 0 33057
p 0 178 33057
x 0 33058
p 0 203 33058
x 0 33059
p 0 205 33059
x 0 33060
p 0 269 33060
x 0 33000
h 0 10.0.0.11
p 0 15847 33000
x 1 33001
h 1 10.0.0.11
p 1 1126 33001
x 0 33002
p 0 253 33002
x 0 33003
p 0 213 33003
x 0 33004
p 0 214 33004
x 0 33005
p 0 207 33005
x 0 33006
p 0 256 33006
x 0 33007
p 0 222 33007
x 0 33008
p 0 260 33008
x 0 33009
p 0 222 33009
x 0 33010
p 0 218 33010
x 0 33011
p 0 217 33011
x 0 33012
p 0 218 33012
x 0 33013
p 0 220 33013
x 0 33014
p 0 243 33014
x 0 33015
p 0 219 33015
x 0 33016
p 0 219 33016
x 0 33017
p 0 220 33017
x 0 33018
p 0 219 33018
x 0 33019
p 0 220 33019
x 0 33020
p 0 221 33020
x 0 33021
p 0 163 33021
x 0 33022
p 0 215 33022
x 0 33023
p 0 218 33023
x 0 33024
p 0 219 33024
x 0 33025
p 0 221 33025
x 0 33026
p 0 161 33026
x 0 33027
p 0 220 33027
x 0 33028
p 0 163 33028
x 0 33029
p 0 221 33029
x 0 33030
p 0 200 33030
x 0 33031
p 0 222 33031
x 0 33032
p 0 161 33032
x 0 33033
p 0 223 33033
x 0 33034
p 0 163 33034
x 0 33035
p 0 274 33035
x 0 33036
p 0 599 33036
x 0 33037
p 0 173 33037
x 0 33038
p 0 176 33038
x 0 33039
p 0 175 33039
x 0 33040
p 0 162 33040
x 0 33041
p 0 170 33041
x 0 33042
p 0 208 33042
x 0 33043
p 0 170 33043
x 0 33044
p 0 172 33044
x 0 33045
p 0 167 33045
x 0 33046
p 0 209 33046
x 0 33047
p 0 201 33047
x 0 33048
p 0 99 33048
x 0 33049
p 0 200 33049
x 0 33050
p 0 206 33050
x 0 33051
p 0 166 33051
x 0 33052
p 0 167 33052
x 0 33053
p 0 164 33053
x 0 33054
p 0 174 33054
x 0 33055
p 0 167 33055
x 0 33056
p 0 165 33056
x 0 33057
p 0 213 33057
x 0 33058
p 0 166 33058
x 0 33059
p 0 168 33059
x 0 33060
p 0 165 33060
x 0 33000
h 0 10.0.0.11
p 0 8028 33000
x 1 33001
h 1 10.0.0.11
p 1 930 33001
x 0 33002
p 0 208 33002
x 0 33003
p 0 240 33003
x 0 33004
p 0 203 33004
x 0 33005
p 0 203 33005
x 0 33006
p 0 191 33006
x 0 33007
p 0 207 33007
x 0 33008
p 0 213 33008
x 0 33009
p 0 247 33009
x 0 33010
p 0 209 33010
x 0 33011
p 0 206 33011
x 0 33012
p 0 211 33012
x 0 33013
p 0 209 33013
x 0 33014
p 0 207 33014
x 0 33015
p 0 230 33015
x 0 33016
p 0 208 33016
x 0 33017
p 0 206 33017
x 0 33018
p 0 203 33018
x 0 33019
p 0 208 33019
x 0 33020
p 0 207 33020
x 0 33021
p 0 181 33021
x 0 33022
p 0 206 33022
x 0 33023
p 0 204 33023
x 0 33024
p 0 204 33024
x 0 33025
p 0 276 33025
x 0 33026
p 0 208 33026
x 0 33027
p 0 209 33027
x 0 33028
p 0 206 33028
x 0 33029
p 0 150 33029
x 0 33030
p 0 150 33030
x 0 33031
p 0 153 33031
x 0 33032
p 0 152 33032
x 0 33033
p 0 151 33033
x 0 33034
p 0 225 33034
x 0 33035
p 0 151 33035
x 0 33036
p 0 205 33036
x 0 33037
p 0 146 33037
x 0 33038
p 0 167 33038
x 0 33039
p 0 292 33039
x 0 33040
p 0 312 33040
x 0 33041
p 0 196 33041
x 0 33042
p 0 296 33042
x 0 33043
p 0 154 33043
x 0 33044
p 0 209 33044
x 0 33045
p 0 205 33045
x 0 33046
p 0 205 33046
x 0 33047
p 0 213 33047
x 0 33048
p 0 218 33048
x 0 33049
p 0 211 33049
x 0 33050
p 0 211 33050
x 0 33051
p 0 208 33051
x 0 33052
p 0 211 33052
x 0 33053
p 0 203 33053
x 0 33054
p 0 163 33054
x 0 33055
p 0 161 33055
x 0 33056
p 0 235 33056
x 0 33057
p 0 164 33057
x 0 33058
p 0 204 33058
x 0 33059
p 0 205 33059
x 0 33060
p 0 201 33060
x 0 33000
h 0 10.0.0.11
p 0 7454 33000
x 1 33001
h 1 10.0.0.11
p 1 921 33001
x 0 33002
p 0 206 33002
x 0 33003
p 0 208 33003
x 0 33004
p 0 206 33004
x 0 33005
p 0 224 33005
x 0 33006
p 0 223 33006
x 0 33007
p 0 207 33007
x 0 33008
p 0 204 33008
x 0 33009
p 0 202 33009
x 0 33010
p 0 202 33010
x 0 33011
p 0 204 33011
x 0 33012
p 0 202 33012
x 0 33013
p 0 215 33013
x 0 33014
p 0 207 33014
x 0 33015
p 0 203 33015
x 0 33016
p 0 204 33016
x 0 33017
p 0 203 33017
x 0 33018
p 0 202 33018
x 0 33019
p 0 201 33019
x 0 33020
p 0 203 33020
x 0 33021
p 0 80 33021
x 0 33022
p 0 230 33022
x 0 33023
p 0 248 33023
x 0 33024
p 0 201 33024
x 0 33025
p 0 202 33025
x 0 33026
p 0 204 33026
x 0 33027
p 0 202 33027
x 0 33028
p 0 231 33028
x 0 33029
p 0 201 33029
x 0 33030
p 0 273 33030
x 0 33031
p 0 206 33031
x 0 33032
p 0 203 33032
x 0 33033
p 0 204 33033
x 0 33034
p 0 205 33034
x 0 33035
p 0 203 33035
x 0 33036
p 0 206 33036
x 0 33037
p 0 203 33037
x 0 33038
p 0 206 33038
x 0 33039
p 0 202 33039
x 0 33040
p 0 200 33040
x 0 33041
p 0 203 33041
x 0 33042
p 0 202 33042
x 0 33043
p 0 202 33043
x 0 33044
p 0 202 33044
x 0 33045
p 0 205 33045
x 0 33046
p 0 205 33046
x 0 33047
p 0 203 33047
x 0 33048
p 0 206 33048
x 0 33049
p 0 202 33049
x 0 33050
p 0 201 33050
x 0 33051
p 0 205 33051
x 0 33052
p 0 203 33052
x 0 33053
p 0 208 33053
x 0 33054
p 0 208 33054
x 0 33055
p 0 201 33055
x 0 33056
p 0 207 33056
x 0 33057
p 0 218 33057
x 0 33058
p 0 230 33058
x 0 33059
p 0 201 33059
x 0 33060
p 0 205 33060
x 0 33000
h 0 10.0.0.11
p 0 11057 33000
x 1 33001
h 1 10.0.0.11
p 1 1357 33001
x 0 33002
p 0 216 33002
x 0 33003
p 0 223 33003
x 0 33004
p 0 210 33004
x 0 33005
p 0 242 33005
x 0 33006
p 0 406 33006
x 0 33007
p 0 211 33007
x 0 33008
p 0 214 33008
x 0 33009
p 0 209 33009
x 0 33010
p 0 212 33010
x 0 33011
p 0 206 33011
x 0 33012
p 0 211 33012
x 0 33013
p 0 207 33013
x 0 33014
p 0 207 33014
x 0 33015
p 0 208 33015
x 0 33016
p 0 173 33016
x 0 33017
p 0 212 33017
x 0 33018
p 0 212 33018
x 0 33019
p 0 210 33019
x 0 33020
p 0 211 33020
x 0 33021
p 0 206 33021
x 0 33022
p 0 210 33022
x 0 33023
p 0 208 33023
x 0 33024
p 0 208 33024
x 0 33025
p 0 211 33025
x 0 33026
p 0 205 33026
x 0 33027
p 0 208 33027
x 0 33028
p 0 211 33028
x 0 33029
p 0 210 33029
x 0 33030
p 0 210 33030
x 0 33031
p 0 207 33031
x 0 33032
p 0 211 33032
x 0 33033
p 0 209 33033
x 0 33034
p 0 208 33034
x 0 33035
p 0 215 33035
x 0 33036
p 0 209 33036
x 0 33037
p 0 210 33037
x 0 33038
p 0 211 33038
x 0 33039
p 0 212 33039
x 0 33040
p 0 215 33040
x 0 33041
p 0 205 33041
x 0 33042
p 0 213 33042
x 0 33043
p 0 212 33043
x 0 33044
p 0 210 33044
x 0 33045
p 0 277 33045
x 0 33046
p 0 207 33046
x 0 33047
p 0 212 33047
x 0 33048
p 0 205 33048
x 0 33049
p 0 209 33049
x 0 33050
p 0 215 33050
x 0 33051
p 0 208 33051
x 0 33052
p 0 206 33052
x 0 33053
p 0 209 33053
x 0 33054
p 0 212 33054
x 0 33055
p 0 218 33055
x 0 33056
p 0 211 33056
x 0 33057
p 0 211 33057
x 0 33058
p 0 210 33058
x 0 33059
p 0 212 33059
x 0 33060
p 0 213 33060
x 0 33000
h 0 10.0.0.11
p 0 4284 33000
x 1 33001
h 1 10.0.0.11
p 1 1072 33001
x 0 33002
p 0 207 33002
x 0 33003
p 0 208 33003
x 0 33004
p 0 236 33004
x 0 33005
p 0 256 33005
x 0 33006
p 0 168 33006
x 0 33007
p 0 211 33007
x 0 33008
p 0 151 33008
x 0 33009
p 0 238 33009
x 0 33010
p 0 148 33010
x 0 33011
p 0 211 33011
x 0 33012
p 0 210 33012
x 0 33013
p 0 217 33013
x 0 33014
p 0 153 33014
x 0 33015
p 0 207 33015
x 0 33016
p 0 150 33016
x 0 33017
p 0 206 33017
x 0 33018
p 0 206 33018
x 0 33019
p 0 182 33019
x 0 33020
p 0 204 33020
x 0 33021
p 0 210 33021
x 0 33022
p 0 152 33022
x 0 33023
p 0 214 33023
x 0 33024
p 0 150 33024
x 0 33025
p 0 220 33025
x 0 33026
p 0 176 33026
x 0 33027
p 0 154 33027
x 0 33028
p 0 210 33028
x 0 33029
p 0 211 33029
x 0 33030
p 0 149 33030
x 0 33031
p 0 208 33031
x 0 33032
p 0 149 33032
x 0 33033
p 0 204 33033
x 0 33034
p 0 152 33034
x 0 33035
p 0 206 33035
x 0 33036
p 0 146 33036
x 0 33037
p 0 205 33037
x 0 33038
p 0 206 33038
x 0 33039
p 0 148 33039
x 0 33040
p 0 202 33040
x 0 33041
p 0 150 33041
x 0 33042
p 0 207 33042
x 0 33043
p 0 147 33043
x 0 33044
p 0 202 33044
x 0 33045
p 0 146 33045
x 0 33046
p 0 202 33046
x 0 33047
p 0 180 33047
x 0 33048
p 0 204 33048
x 0 33049
p 0 207 33049
x 0 33050
p 0 149 33050
x 0 33051
p 0 231 33051
x 0 33052
p 0 149 33052
x 0 33053
p 0 149 33053
x 0 33054
p 0 203 33054
x 0 33055
p 0 208 33055
x 0 33056
p 0 147 33056
x 0 33057
p 0 203 33057
x 0 33058
p 0 148 33058
x 0 33059
p 0 208 33059
x 0 33060
p 0 205 33060
x 0 33000
h 0 10.0.0.11
p 0 7895 33000
x 1 33001
h 1 10.0.0.11
p 1 7932 33001
x 0 33002
p 0 1587 33002
x 0 33003
p 0 104 33003
x 0 33004
p 0 220 33004
x 0 33005
p 0 218 33005
x 0 33006
p 0 213 33006
x 0 33007
p 0 271 33007
x 0 33008
p 0 212 33008
x 0 33009
p 0 208 33009
x 0 33010
p 0 211 33010
x 0 33011
p 0 209 33011
x 0 33012
p 0 209 33012
x 0 33013
p 0 209 33013
x 0 33014
p 0 246 33014
x 0 33015
p 0 205 33015
x 0 33016
p 0 212 33016
x 0 33017
p 0 202 33017
x 0 33018
p 0 232 33018
x 0 33019
p 0 209 33019
x 0 33020
p 0 209 33020
x 0 33021
p 0 246 33021
x 0 33022
p 0 208 33022
x 0 33023
p 0 207 33023
x 0 33024
p 0 205 33024
x 0 33025
p 0 208 33025
x 0 33026
p 0 208 33026
x 0 33027
p 0 204 33027
x 0 33028
p 0 246 33028
x 0 33029
p 0 207 33029
x 0 33030
p 0 203 33030
x 0 33031
p 0 206 33031
x 0 33032
p 0 206 33032
x 0 33033
p 0 208 33033
x 0 33034
p 0 204 33034
x 0 33035
p 0 245 33035
x 0 33036
p 0 204 33036
x 0 33037
p 0 205 33037
x 0 33038
p 0 210 33038
x 0 33039
p 0 205 33039
x 0 33040
p 0 205 33040
x 0 33041
p 0 205 33041
x 0 33042
p 0 247 33042
x 0 33043
p 0 203 33043
x 0 33044
p 0 205 33044
x 0 33045
p 0 210 33045
x 0 33046
p 0 207 33046
x 0 33047
p 0 207 33047
x 0 33048
p 0 211 33048
x 0 33049
p 0 262 33049
x 0 33050
p 0 212 33050
x 0 33051
p 0 209 33051
x 0 33052
p 0 203 33052
x 0 33053
p 0 213 33053
x 0 33054
p 0 203 33054
x 0 33055
p 0 266 33055
x 0 33056
p 0 249 33056
x 0 33057
p 0 208 33057
x 0 33058
p 0 206 33058
x 0 33059
p 0 202 33059
x 0 33060
p 0 207 33060
x 0 33000
h 0 10.0.0.11
p 0 8721 33000
x 1 33001
h 1 10.0.0.11
p 1 1192 33001
x 0 33002
p 0 235 33002
x 0 33003
p 0 330 33003
x 0 33004
p 0 205 33004
x 0 33005
p 0 208 33005
x 0 33006
p 0 207 33006
x 0 33007
p 0 206 33007
x 0 33008
p 0 204 33008
x 0 33009
p 0 207 33009
x 0 33010
p 0 202 33010
x 0 33011
p 0 204 33011
x 0 33012
p 0 237 33012
x 0 33013
p 0 247 33013
x 0 33014
p 0 245 33014
x 0 33015
p 0 246 33015
x 0 33016
p 0 274 33016
x 0 33017
p 0 245 33017
x 0 33018
p 0 235 33018
x 0 33019
p 0 234 33019
x 0 33020
p 0 238 33020
x 0 33021
p 0 238 33021
x 0 33022
p 0 233 33022
x 0 33023
p 0 233 33023
x 0 33024
p 0 237 33024
x 0 33025
p 0 204 33025
x 0 33026
p 0 237 33026
x 0 33027
p 0 208 33027
x 0 33028
p 0 237 33028
x 0 33029
p 0 208 33029
x 0 33030
p 0 206 33030
x 0 33031
p 0 246 33031
x 0 33032
p 0 205 33032
x 0 33033
p 0 208 33033
x 0 33034
p 0 207 33034
x 0 33035
p 0 234 33035
x 0 33036
p 0 208 33036
x 0 33037
p 0 265 33037
x 0 33038
p 0 208 33038
x 0 33039
p 0 311 33039
x 0 33040
p 0 206 33040
x 0 33041
p 0 204 33041
x 0 33042
p 0 177 33042
x 0 33043
p 0 204 33043
x 0 33044
p 0 201 33044
x 0 33045
p 0 205 33045
x 0 33046
p 0 204 33046
x 0 33047
p 0 206 33047
x 0 33048
p 0 275 33048
x 0 33049
p 0 234 33049
x 0 33050
p 0 205 33050
x 0 33051
p 0 211 33051
x 0 33052
p 0 208 33052
x 0 33053
p 0 211 33053
x 0 33054
p 0 208 33054
x 0 33055
p 0 236 33055
x 0 33056
p 0 211 33056
x 0 33057
p 0 210 33057
x 0 33058
p 0 214 33058
x 0 33059
p 0 206 33059
x 0 33060
p 0 210 33060
x 0 33000
h 0 10.0.0.11
p 0 8464 33000
x 1 33001
h 1 10.0.0.11
p 1 1112 33001
x 0 33002
p 0 173 33002
x 0 33003
p 0 209 33003
x 0 33004
p 0 211 33004
x 0 33005
p 0 188 33005
x 0 33006
p 0 114 33006
x 0 33007
p 0 212 33007
x 0 33008
p 0 182 33008
x 0 33009
p 0 185 33009
x 0 33010
p 0 182 33010
x 0 33011
p 0 241 33011
x 0 33012
p 0 212 33012
x 0 33013
p 0 211 33013
x 0 33014
p 0 209 33014
x 0 33015
p 0 207 33015
x 0 33016
p 0 209 33016
x 0 33017
p 0 211 33017
x 0 33018
p 0 241 33018
x 0 33019
p 0 205 33019
x 0 33020
p 0 207 33020
x 0 33021
p 0 206 33021
x 0 33022
p 0 209 33022
x 0 33023
p 0 252 33023
x 0 33024
p 0 207 33024
x 0 33025
p 0 239 33025
x 0 33026
p 0 209 33026
x 0 33027
p 0 211 33027
x 0 33028
p 0 209 33028
x 0 33029
p 0 206 33029
x 0 33030
p 0 209 33030
x 0 33031
p 0 210 33031
x 0 33032
p 0 208 33032
x 0 33033
p 0 271 33033
x 0 33034
p 0 211 33034
x 0 33035
p 0 208 33035
x 0 33036
p 0 205 33036
x 0 33037
p 0 210 33037
x 0 33038
p 0 215 33038
x 0 33039
p 0 209 33039
x 0 33040
p 0 250 33040
x 0 33041
p 0 209 33041
x 0 33042
p 0 209 33042
x 0 33043
p 0 209 33043
x 0 33044
p 0 210 33044
x 0 33045
p 0 207 33045
x 0 33046
p 0 207 33046
x 0 33047
p 0 257 33047
x 0 33048
p 0 212 33048
x 0 33049
p 0 210 33049
x 0 33050
p 0 209 33050
x 0 33051
p 0 209 33051
x 0 33052
p 0 207 33052
x 0 33053
p 0 204 33053
x 0 33054
p 0 206 33054
x 0 33055
p 0 218 33055
x 0 33056
p 0 239 33056
x 0 33057
p 0 260 33057
x 0 33058
p 0 195 33058
x 0 33059
p 0 204 33059
x 0 33060
p 0 206 33060
x 0 33000
h 0 10.0.0.11
p 0 6022 33000
x 1 33001
h 1 10.0.0.11
p 1 804 33001
x 0 33002
p 0 210 33002
x 0 33003
p 0 205 33003
x 0 33004
p 0 206 33004
x 0 33005
p 0 208 33005
x 0 33006
p 0 206 33006
x 0 33007
p 0 212 33007
x 0 33008
p 0 209 33008
x 0 33009
p 0 243 33009
x 0 33010
p 0 246 33010
x 0 33011
p 0 210 33011
x 0 33012
p 0 208 33012
x 0 33013
p 0 205 33013
x 0 33014
p 0 204 33014
x 0 33015
p 0 206 33015
x 0 33016
p 0 250 33016
x 0 33017
p 0 245 33017
x 0 33018
p 0 204 33018
x 0 33019
p 0 203 33019
x 0 33020
p 0 207 33020
x 0 33021
p 0 205 33021
x 0 33022
p 0 211 33022
x 0 33023
p 0 206 33023
x 0 33024
p 0 242 33024
x 0 33025
p 0 208 33025
x 0 33026
p 0 206 33026
x 0 33027
p 0 206 33027
x 0 33028
p 0 205 33028
x 0 33029
p 0 205 33029
x 0 33030
p 0 209 33030
x 0 33031
p 0 248 33031
x 0 33032
p 0 209 33032
x 0 33033
p 0 207 33033
x 0 33034
p 0 204 33034
x 0 33035
p 0 205 33035
x 0 33036
p 0 209 33036
x 0 33037
p 0 206 33037
x 0 33038
p 0 257 33038
x 0 33039
p 0 208 33039
x 0 33040
p 0 210 33040
x 0 33041
p 0 206 33041
x 0 33042
p 0 205 33042
x 0 33043
p 0 208 33043
x 0 33044
p 0 207 33044
x 0 33045
p 0 209 33045
x 0 33046
p 0 207 33046
x 0 33047
p 0 205 33047
x 0 33048
p 0 204 33048
x 0 33049
p 0 203 33049
x 0 33050
p 0 217 33050
x 0 33051
p 0 232 33051
x 0 33052
p 0 288 33052
x 0 33053
p 0 270 33053
x 0 33054
p 0 272 33054
x 0 33055
p 0 276 33055
x 0 33056
p 0 294 33056
x 0 33057
p 0 278 33057
x 0 33058
p 0 275 33058
x 0 33059
p 0 305 33059
x 0 33060
p 0 268 33060
x 0 33000
h 0 10.0.0.11
p 0 6297 33000
x 1 33001
h 1 10.0.0.11
p 1 1221 33001
x 0 33002
p 0 289 33002
x 0 33003
p 0 208 33003
x 0 33004
p 0 213 33004
x 0 33005
p 0 212 33005
x 0 33006
p 0 214 33006
x 0 33007
p 0 209 33007
x 0 33008
p 0 205 33008
x 0 33009
p 0 204 33009
x 0 33010
p 0 211 33010
x 0 33011
p 0 208 33011
x 0 33012
p 0 209 33012
x 0 33013
p 0 204 33013
x 0 33014
p 0 206 33014
x 0 33015
p 0 204 33015
x 0 33016
p 0 205 33016
x 0 33017
p 0 209 33017
x 0 33018
p 0 202 33018
x 0 33019
p 0 206 33019
x 0 33020
p 0 207 33020
x 0 33021
p 0 209 33021
x 0 33022
p 0 205 33022
x 0 33023
p 0 203 33023
x 0 33024
p 0 197 33024
x 0 33025
p 0 232 33025
x 0 33026
p 0 235 33026
x 0 33027
p 0 206 33027
x 0 33028
p 0 203 33028
x 0 33029
p 0 208 33029
x 0 33030
p 0 206 33030
x 0 33031
p 0 207 33031
x 0 33032
p 0 215 33032
x 0 33033
p 0 203 33033
x 0 33034
p 0 209 33034
x 0 33035
p 0 207 33035
x 0 33036
p 0 206 33036
x 0 33037
p 0 210 33037
x 0 33038
p 0 210 33038
x 0 33039
p 0 208 33039
x 0 33040
p 0 235 33040
x 0 33041
p 0 206 33041
x 0 33042
p 0 206 33042
x 0 33043
p 0 205 33043
x 0 33044
p 0 206 33044
x 0 33045
p 0 207 33045
x 0 33046
p 0 206 33046
x 0 33047
p 0 276 33047
x 0 33048
p 0 276 33048
x 0 33049
p 0 207 33049
x 0 33050
p 0 207 33050
x 0 33051
p 0 204 33051
x 0 33052
p 0 205 33052
x 0 33053
p 0 206 33053
x 0 33054
p 0 209 33054
x 0 33055
p 0 204 33055
x 0 33056
p 0 183 33056
x 0 33057
p 0 210 33057
x 0 33058
p 0 207 33058
x 0 33059
p 0 367 33059
x 0 33060
p 0 269 33060
x 0 33000
h 0 10.0.0.11
p 0 8605 33000
x 1 33001
h 1 10.0.0.11
p 1 1687 33001
x 0 33002
p 0 241 33002
x 0 33003
p 0 203 33003
x 0 33004
p 0 203 33004
x 0 33005
p 0 175 33005
x 0 33006
p 0 201 33006
x 0 33007
p 0 207 33007
x 0 33008
p 0 177 33008
x 0 33009
p 0 175 33009
x 0 33010
p 0 200 33010
x 0 33011
p 0 205 33011
x 0 33012
p 0 174 33012
x 0 33013
p 0 171 33013
x 0 33014
p 0 170 33014
x 0 33015
p 0 175 33015
x 0 33016
p 0 173 33016
x 0 33017
p 0 174 33017
x 0 33018
p 0 188 33018
x 0 33019
p 0 174 33019
x 0 33020
p 0 171 33020
x 0 33021
p 0 176 33021
x 0 33022
p 0 164 33022
x 0 33023
p 0 170 33023
x 0 33024
p 0 166 33024
x 0 33025
p 0 177 33025
x 0 33026
p 0 166 33026
x 0 33027
p 0 244 33027
x 0 33028
p 0 168 33028
x 0 33029
p 0 168 33029
x 0 33030
p 0 170 33030
x 0 33031
p 0 167 33031
x 0 33032
p 0 173 33032
x 0 33033
p 0 172 33033
x 0 33034
p 0 170 33034
x 0 33035
p 0 170 33035
x 0 33036
p 0 168 33036
x 0 33037
p 0 217 33037
x 0 33038
p 0 172 33038
x 0 33039
p 0 169 33039
x 0 33040
p 0 169 33040
x 0 33041
p 0 163 33041
x 0 33042
p 0 174 33042
x 0 33043
p 0 173 33043
x 0 33044
p 0 175 33044
x 0 33045
p 0 171 33045
x 0 33046
p 0 164 33046
x 0 33047
p 0 165 33047
x 0 33048
p 0 123 33048
x 0 33049
p 0 174 33049
x 0 33050
p 0 170 33050
x 0 33051
p 0 168 33051
x 0 33052
p 0 327 33052
x 0 33053
p 0 155 33053
x 0 33054
p 0 159 33054
x 0 33055
p 0 186 33055
x 0 33056
p 0 258 33056
x 0 33057
p 0 171 33057
x 0 33058
p 0 180 33058
x 0 33059
p 0 177 33059
x 0 33060
p 0 222 33060
x 0 33000
h 0 10.0.0.11
p 0 9821 33000
x 1 33001
h 1 10.0.0.11
p 1 1816 33001
x 0 33002
p 0 205 33002
x 0 33003
p 0 217 33003
x 0 33004
p 0 410 33004
x 0 33005
p 0 213 33005
x 0 33006
p 0 245 33006
x 0 33007
p 0 531 33007
x 0 33008
p 0 208 33008
x 0 33009
p 0 283 33009
x 0 33010
p 0 210 33010
x 0 33011
p 0 207 33011
x 0 33012
p 0 317 33012
x 0 33013
p 0 241 33013
x 0 33014
p 0 206 33014
x 0 33015
p 0 202 33015
x 0 33016
p 0 207 33016
x 0 33017
p 0 296 33017
x 0 33018
p 0 208 33018
x 0 33019
p 0 206 33019
x 0 33020
p 0 206 33020
x 0 33021
p 0 209 33021
x 0 33022
p 0 207 33022
x 0 33023
p 0 212 33023
x 0 33024
p 0 211 33024
x 0 33025
p 0 206 33025
x 0 33026
p 0 337 33026
x 0 33027
p 0 241 33027
x 0 33028
p 0 365 33028
x 0 33029
p 0 208 33029
x 0 33030
p 0 204 33030
x 0 33031
p 0 206 33031
x 0 33032
p 0 207 33032
x 0 33033
p 0 209 33033
x 0 33034
p 0 207 33034
x 0 33035
p 0 208 33035
x 0 33036
p 0 206 33036
x 0 33037
p 0 209 33037
x 0 33038
p 0 209 33038
x 0 33039
p 0 208 33039
x 0 33040
p 0 208 33040
x 0 33041
p 0 212 33041
x 0 33042
p 0 208 33042
x 0 33043
p 0 210 33043
x 0 33044
p 0 207 33044
x 0 33045
p 0 207 33045
x 0 33046
p 0 207 33046
x 0 33047
p 0 213 33047
x 0 33048
p 0 210 33048
x 0 33049
p 0 210 33049
x 0 33050
p 0 210 33050
x 0 33051
p 0 208 33051
x 0 33052
p 0 211 33052
x 0 33053
p 0 213 33053
x 0 33054
p 0 211 33054
x 0 33055
p 0 212 33055
x 0 33056
p 0 167 33056
x 0 33057
p 0 194 33057
x 0 33058
p 0 155 33058
x 0 33059
p 0 164 33059
x 0 33060
p 0 179 33060
x 0 33000
h 0 10.0.0.11
p 0 9154 33000
x 1 33001
h 1 10.0.0.11
p 1 1047 33001
x 0 33002
p 0 207 33002
x 0 33003
p 0 201 33003
x 0 33004
p 0 202 33004
x 0 33005
p 0 203 33005
x 0 33006
p 0 216 33006
x 0 33007
p 0 212 33007
x 0 33008
p 0 204 33008
x 0 33009
p 0 203 33009
x 0 33010
p 0 218 33010
x 0 33011
p 0 202 33011
x 0 33012
p 0 203 33012
x 0 33013
p 0 203 33013
x 0 33014
p 0 208 33014
x 0 33015
p 0 205 33015
x 0 33016
p 0 242 33016
x 0 33017
p 0 206 33017
x 0 33018
p 0 204 33018
x 0 33019
p 0 205 33019
x 0 33020
p 0 207 33020
x 0 33021
p 0 208 33021
x 0 33022
p 0 235 33022
x 0 33023
p 0 245 33023
x 0 33024
p 0 211 33024
x 0 33025
p 0 207 33025
x 0 33026
p 0 204 33026
x 0 33027
p 0 210 33027
x 0 33028
p 0 204 33028
x 0 33029
p 0 206 33029
x 0 33030
p 0 248 33030
x 0 33031
p 0 199 33031
x 0 33032
p 0 207 33032
x 0 33033
p 0 221 33033
x 0 33034
p 0 204 33034
x 0 33035
p 0 211 33035
x 0 33036
p 0 280 33036
x 0 33037
p 0 250 33037
x 0 33038
p 0 204 33038
x 0 33039
p 0 207 33039
x 0 33040
p 0 209 33040
x 0 33041
p 0 202 33041
x 0 33042
p 0 207 33042
x 0 33043
p 0 231 33043
x 0 33044
p 0 242 33044
x 0 33045
p 0 205 33045
x 0 33046
p 0 202 33046
x 0 33047
p 0 204 33047
x 0 33048
p 0 203 33048
x 0 33049
p 0 204 33049
x 0 33050
p 0 232 33050
x 0 33051
p 0 203 33051
x 0 33052
p 0 211 33052
x 0 33053
p 0 204 33053
x 0 33054
p 0 205 33054
x 0 33055
p 0 204 33055
x 0 33056
p 0 206 33056
x 0 33057
p 0 239 33057
x 0 33058
p 0 204 33058
x 0 33059
p 0 204 33059
x 0 33060
p 0 204 33060
x 0 33000
h 0 10.0.0.11
p 0 12491 33000
x 1 33001
h 1 10.0.0.11
p 1 812 33001
x 0 33002
p 0 210 33002
x 0 33003
p 0 172 33003
x 0 33004
p 0 233 33004
x 0 33005
p 0 209 33005
x 0 33006
p 0 215 33006
x 0 33007
p 0 212 33007
x 0 33008
p 0 208 33008
x 0 33009
p 0 205 33009
x 0 33010
p 0 209 33010
x 0 33011
p 0 213 33011
x 0 33012
p 0 211 33012
x 0 33013
p 0 248 33013
x 0 33014
p 0 206 33014
x 0 33015
p 0 208 33015
x 0 33016
p 0 215 33016
x 0 33017
p 0 210 33017
x 0 33018
p 0 208 33018
x 0 33019
p 0 211 33019
x 0 33020
p 0 245 33020
x 0 33021
p 0 217 33021
x 0 33022
p 0 210 33022
x 0 33023
p 0 211 33023
x 0 33024
p 0 207 33024
x 0 33025
p 0 213 33025
x 0 33026
p 0 260 33026
x 0 33027
p 0 214 33027
x 0 33028
p 0 213 33028
x 0 33029
p 0 214 33029
x 0 33030
p 0 209 33030
x 0 33031
p 0 218 33031
x 0 33032
p 0 212 33032
x 0 33033
p 0 243 33033
x 0 33034
p 0 211 33034
x 0 33035
p 0 216 33035
x 0 33036
p 0 222 33036
x 0 33037
p 0 221 33037
x 0 33038
p 0 212 33038
x 0 33039
p 0 216 33039
x 0 33040
p 0 209 33040
x 0 33041
p 0 207 33041
x 0 33042
p 0 207 33042
x 0 33043
p 0 208 33043
x 0 33044
p 0 206 33044
x 0 33045
p 0 207 33045
x 0 33046
p 0 210 33046
x 0 33047
p 0 249 33047
x 0 33048
p 0 277 33048
x 0 33049
p 0 205 33049
x 0 33050
p 0 210 33050
x 0 33051
p 0 216 33051
x 0 33052
p 0 203 33052
x 0 33053
p 0 206 33053
x 0 33054
p 0 212 33054
x 0 33055
p 0 211 33055
x 0 33056
p 0 210 33056
x 0 33057
p 0 213 33057
x 0 33058
p 0 208 33058
x 0 33059
p 0 312 33059
x 0 33060
p 0 209 33060
x 0 33000
h 0 10.0.0.11
p 0 9965 33000
x 1 33001
h 1 10.0.0.11
p 1 1161 33001
x 0 33002
p 0 220 33002
x 0 33003
p 0 210 33003
x 0 33004
p 0 210 33004
x 0 33005
p 0 175 33005
x 0 33006
p 0 197 33006
x 0 33007
p 0 200 33007
x 0 33008
p 0 199 33008
x 0 33009
p 0 232 33009
x 0 33010
p 0 199 33010
x 0 33011
p 0 203 33011
x 0 33012
p 0 200 33012
x 0 33013
p 0 229 33013
x 0 33014
p 0 176 33014
x 0 33015
p 0 201 33015
x 0 33016
p 0 174 33016
x 0 33017
p 0 234 33017
x 0 33018
p 0 198 33018
x 0 33019
p 0 203 33019
x 0 33020
p 0 172 33020
x 0 33021
p 0 237 33021
x 0 33022
p 0 214 33022
x 0 33023
p 0 174 33023
x 0 33024
p 0 172 33024
x 0 33025
p 0 171 33025
x 0 33026
p 0 70 33026
x 0 33027
p 0 158 33027
x 0 33028
p 0 168 33028
x 0 33029
p 0 173 33029
x 0 33030
p 0 330 33030
x 0 33031
p 0 168 33031
x 0 33032
p 0 169 33032
x 0 33033
p 0 165 33033
x 0 33034
p 0 228 33034
x 0 33035
p 0 199 33035
x 0 33036
p 0 199 33036
x 0 33037
p 0 203 33037
x 0 33038
p 0 162 33038
x 0 33039
p 0 200 33039
x 0 33040
p 0 200 33040
x 0 33041
p 0 241 33041
x 0 33042
p 0 163 33042
x 0 33043
p 0 168 33043
x 0 33044
p 0 165 33044
x 0 33045
p 0 164 33045
x 0 33046
p 0 161 33046
x 0 33047
p 0 168 33047
x 0 33048
p 0 166 33048
x 0 33049
p 0 165 33049
x 0 33050
p 0 165 33050
x 0 33051
p 0 168 33051
x 0 33052
p 0 163 33052
x 0 33053
p 0 156 33053
x 0 33054
p 0 158 33054
x 0 33055
p 0 169 33055
x 0 33056
p 0 167 33056
x 0 33057
p 0 165 33057
x 0 33058
p 0 165 33058
x 0 33059
p 0 170 33059
x 0 33060
p 0 163 33060
x 0 33000
h 0 10.0.0.11
p 0 4214 33000
x 1 33001
h 1 10.0.0.11
p 1 2017 33001
x 0 33002
p 0 206 33002
x 0 33003
p 0 289 33003
x 0 33004
p 0 206 33004
x 0 33005
p 0 224 33005
x 0 33006
p 0 208 33006
x 0 33007
p 0 206 33007
x 0 33008
p 0 201 33008
x 0 33009
p 0 246 33009
x 0 33010
p 0 206 33010
x 0 33011
p 0 207 33011
x 0 33012
p 0 207 33012
x 0 33013
p 0 208 33013
x 0 33014
p 0 209 33014
x 0 33015
p 0 207 33015
x 0 33016
p 0 257 33016
x 0 33017
p 0 207 33017
x 0 33018
p 0 210 33018
x 0 33019
p 0 211 33019
x 0 33020
p 0 204 33020
x 0 33021
p 0 210 33021
x 0 33022
p 0 209 33022
x 0 33023
p 0 243 33023
x 0 33024
p 0 205 33024
x 0 33025
p 0 201 33025
x 0 33026
p 0 299 33026
x 0 33027
p 0 202 33027
x 0 33028
p 0 202 33028
x 0 33029
p 0 205 33029
x 0 33030
p 0 253 33030
x 0 33031
p 0 206 33031
x 0 33032
p 0 202 33032
x 0 33033
p 0 201 33033
x 0 33034
p 0 228 33034
x 0 33035
p 0 202 33035
x 0 33036
p 0 214 33036
x 0 33037
p 0 213 33037
x 0 33038
p 0 208 33038
x 0 33039
p 0 288 33039
x 0 33040
p 0 202 33040
x 0 33041
p 0 246 33041
x 0 33042
p 0 204 33042
x 0 33043
p 0 203 33043
x 0 33044
p 0 210 33044
x 0 33045
p 0 208 33045
x 0 33046
p 0 208 33046
x 0 33047
p 0 209 33047
x 0 33048
p 0 206 33048
x 0 33049
p 0 207 33049
x 0 33050
p 0 208 33050
x 0 33051
p 0 207 33051
x 0 33052
p 0 204 33052
x 0 33053
p 0 207 33053
x 0 33054
p 0 209 33054
x 0 33055
p 0 201 33055
x 0 33056
p 0 210 33056
x 0 33057
p 0 206 33057
x 0 33058
p 0 202 33058
x 0 33059
p 0 230 33059
x 0 33060
p 0 202 33060
