x 0 33000
x 1 33001
x 2 33002
x 3 33003
x 4 33004
x 5 33005
x 6 33006
x 7 33007
x 8 33008
x 9 33009
x 10 33010
x 11 33011
x 12 33012
x 13 33013
x 0 33014
x 1 33015
x 2 33016
x 3 33017
x 4 33018
x 5 33019
x 6 33020
x 7 33021
x 8 33022
x 9 33023
x 10 33024
x 11 33025
x 12 33026
x 13 33027
x 0 33028
x 1 33029
x 2 33030
x 3 33031
x 4 33032
x 5 33033
x 6 33034
x 7 33035
x 8 33036
h 0 10.0.0.1
p 0 3052133 33000
h 1 10.0.0.1
p 1 2951883 33001
h 2 10.0.0.1
p 2 2851728 33002
h 3 10.0.0.1
p 3 2751507 33003
h 4 10.0.0.1
p 4 2651324 33004
h 5 10.0.0.1
p 5 2551096 33005
h 6 10.0.0.1
p 6 2450845 33006
h 7 10.0.0.1
p 7 2350483 33007
h 8 10.0.0.1
p 8 2240311 33008
h 9 10.0.0.1
p 9 2140058 33009
h 10 10.0.0.1
p 10 2039757 33010
h 11 10.0.0.1
p 11 1939454 33011
h 12 10.0.0.1
p 12 1839236 33012
h 13 10.0.0.1
p 13 1738874 33013
p 0 1636008 33014
p 1 1564380 33015
p 2 1492631 33016
p 3 1421021 33017
p 4 1349370 33018
p 5 1277603 33019
p 6 1206078 33020
p 7 1134310 33021
p 8 1062759 33022
p 9 991054 33023
p 10 919484 33024
p 11 847840 33025
p 12 776220 33026
p 13 704643 33027
p 0 632798 33028
p 1 561172 33029
p 2 489551 33030
p 3 417786 33031
p 4 346071 33032
p 5 274396 33033
p 6 202613 33034
p 7 131013 33035
p 8 58923 33036
x 9 33037
x 10 33038
x 11 33039
x 12 33040
x 13 33041
x 14 33042
x 15 33043
x 16 33044
x 17 33045
x 18 33046
x 19 33047
x 20 33048
x 21 33049
x 22 33050
x 23 33051
p 9 1010982 33037
x 24 33052
x 25 33053
x 26 33054
x 27 33055
x 0 33056
x 1 33057
x 2 33058
x 3 33059
x 4 33060
x 5 33061
x 6 33062
x 7 33063
x 8 33064
x 9 33065
x 10 33066
x 11 33067
x 12 33068
x 13 33069
x 14 33070
x 15 33071
x 16 33072
x 17 33073
x 18 33074
x 19 33075
x 20 33076
x 21 33077
x 22 33078
x 23 33079
x 24 33080
x 25 33081
x 26 33082
x 27 33083
x 0 33084
x 1 33085
x 2 33086
x 3 33087
x 4 33088
x 5 33089
x 6 33090
x 7 33091
x 8 33092
x 9 33093
x 10 33094
x 11 33095
x 12 33096
x 13 33097
x 14 33098
x 15 33099
x 16 33100
x 17 33101
x 18 33102
x 19 33103
p 11 2916133 33039
p 12 2844281 33040
p 13 2772468 33041
h 14 10.0.0.1
p 14 2700569 33042
h 15 10.0.0.1
p 15 2628728 33043
h 19 10.0.0.1
p 19 2341700 33047
h 20 10.0.0.1
p 20 2269882 33048
h 21 10.0.0.1
p 21 2198045 33049
h 22 10.0.0.1
p 22 2126164 33050
h 26 10.0.0.1
p 26 1839490 33054
h 27 10.0.0.1
p 27 1767781 33055
p 0 1696016 33056
p 1 1660139 33057
p 4 1552541 33060
p 5 1516577 33061
p 6 1480646 33062
x 20 33104
x 21 33105
x 22 33106
x 23 33107
x 24 33108
x 25 33109
x 26 33110
x 27 33111
x 28 33112
x 29 33113
x 0 33114
x 1 33115
x 2 33116
x 3 33117
x 4 33118
x 5 33119
x 6 33120
x 7 33121
x 8 33122
x 9 33123
x 10 33124
x 11 33125
x 12 33126
x 13 33127
x 14 33128
x 15 33129
x 16 33130
x 17 33131
h 17 10.0.0.6
p 17 502 33131
h 18 10.0.0.6
p 18 1031551 33102
x 18 33132
p 18 101 33132
h 20 10.0.0.6
p 20 962955 33104
p 20 1973577 33076
h 21 10.0.0.6
p 21 1939796 33077
p 21 935942 33105
h 22 10.0.0.6
p 22 902471 33106
p 22 1910648 33078
h 23 10.0.0.6
p 23 870755 33107
p 23 1878953 33079
h 24 10.0.0.6
p 24 839124 33108
p 24 1847434 33080
h 25 10.0.0.6
p 25 807395 33109
p 25 1815916 33081
h 26 10.0.0.6
p 26 775670 33110
h 19 10.0.0.6
p 19 1027836 33103
p 26 1784132 33082
h 27 10.0.0.6
p 27 1750363 33083
h 28 10.0.0.6
p 28 710475 33112
h 0 10.0.0.6
p 0 1719068 33084
h 1 10.0.0.6
p 1 1685305 33085
p 27 752858 33111
h 29 10.0.0.6
p 29 683260 33113
p 0 649428 33114
h 2 10.0.0.6
p 2 1658134 33086
p 1 620282 33115
x 0 33133
p 0 137 33133
h 3 10.0.0.6
p 3 1626691 33087
p 2 590671 33116
p 3 559150 33117
h 4 10.0.0.6
p 4 1596928 33088
h 5 10.0.0.6
p 5 1563098 33089
p 4 532132 33118
p 5 501086 33119
h 7 10.0.0.6
p 7 1498105 33091
h 6 10.0.0.6
p 6 1536075 33090
p 6 474077 33120
h 8 10.0.0.6
p 8 1468484 33092
p 7 445057 33121
x 1 33134
p 1 220 33134
x 2 33135
p 2 239 33135
x 3 33136
p 3 125 33136
x 4 33137
p 4 121 33137
h 9 10.0.0.6
p 9 1637063 33093
x 5 33138
p 5 242 33138
p 8 684141 33122
x 6 33139
p 6 238 33139
x 7 33140
p 7 206 33140
p 9 737469 33123
h 10 10.0.0.6
p 10 1760305 33094
x 8 33141
p 8 203 33141
x 9 33142
p 9 217 33142
p 10 803690 33124
h 11 10.0.0.6
p 11 1823957 33095
p 11 783196 33125
x 10 33143
p 10 208 33143
p 7 3041910 33063
x 11 33144
p 11 165 33144
p 8 3037863 33064
h 12 10.0.0.6
p 12 1899190 33096
p 12 860033 33126
h 13 10.0.0.6
p 13 1875270 33097
x 12 33145
p 12 179 33145
p 9 3038044 33065
p 10 3030020 33066
x 13 33146
p 13 200 33146
p 11 3025965 33067
p 12 3022125 33068
p 13 934831 33127
h 14 10.0.0.6
p 14 1947540 33098
x 14 33147
p 14 159 33147
p 14 911322 33128
h 15 10.0.0.6
p 15 1921430 33099
p 13 3018214 33069
x 15 33148
p 15 196 33148
p 15 946747 33129
h 16 10.0.0.6
p 16 1952853 33100
p 14 3046221 33070
x 16 33149
p 16 128 33149
p 15 3046291 33071
p 16 3038448 33072
x 0 33150
p 0 148 33150
p 16 1025503 33130
p 17 3034636 33073
p 18 3030414 33074
x 1 33151
p 1 149 33151
p 19 3026450 33075
x 2 33152
p 2 129 33152
x 3 33153
p 3 187 33153
x 4 33154
p 4 207 33154
x 5 33155
p 5 192 33155
x 6 33156
p 6 215 33156
x 7 33157
p 7 190 33157
x 8 33158
p 8 223 33158
x 9 33159
p 9 190 33159
x 10 33160
p 10 174 33160
x 11 33161
p 11 189 33161
x 12 33162
p 12 189 33162
x 13 33163
p 13 190 33163
x 14 33164
p 14 194 33164
x 15 33165
p 15 190 33165
x 16 33166
p 16 188 33166
x 0 33167
p 0 199 33167
p 17 3020601 33101
x 1 33168
p 1 187 33168
x 2 33169
p 2 191 33169
x 3 33170
p 3 189 33170
x 4 33171
p 4 189 33171
x 5 33172
p 5 194 33172
x 6 33173
p 6 189 33173
x 7 33174
p 7 189 33174
x 8 33175
p 8 217 33175
x 9 33176
p 9 191 33176
x 10 33177
p 10 191 33177
x 11 33178
p 11 188 33178
x 12 33179
p 12 189 33179
x 13 33180
p 13 192 33180
x 14 33181
p 14 191 33181
x 15 33182
p 15 229 33182
x 16 33183
p 16 187 33183
x 0 33184
p 0 191 33184
x 1 33185
p 1 279 33185
x 2 33186
p 2 189 33186
x 3 33187
p 3 189 33187
x 4 33188
p 4 189 33188
x 5 33189
p 5 219 33189
x 6 33190
p 6 189 33190
x 7 33191
p 7 188 33191
x 8 33192
p 8 189 33192
x 9 33193
p 9 220 33193
x 10 33194
p 10 188 33194
x 11 33195
p 11 189 33195
x 12 33196
p 12 216 33196
x 13 33197
p 13 190 33197
x 14 33198
p 14 192 33198
x 15 33199
p 15 192 33199
x 16 33200
p 16 190 33200
x 0 33201
p 0 190 33201
x 1 33202
p 1 192 33202
x 2 33203
p 2 189 33203
x 3 33204
p 3 186 33204
x 4 33205
p 4 188 33205
x 5 33206
p 5 187 33206
x 6 33207
p 6 188 33207
x 7 33208
p 7 190 33208
x 8 33209
p 8 190 33209
x 9 33210
p 9 189 33210
x 10 33211
p 10 188 33211
x 11 33212
p 11 204 33212
x 12 33213
p 12 213 33213
x 13 33214
p 13 191 33214
x 14 33215
p 14 190 33215
x 15 33216
p 15 188 33216
x 16 33217
p 16 190 33217
x 0 33218
p 0 194 33218
x 1 33219
p 1 193 33219
x 2 33220
p 2 189 33220
x 3 33221
p 3 189 33221
x 4 33222
p 4 189 33222
x 5 33223
p 5 189 33223
x 6 33224
p 6 200 33224
x 7 33225
p 7 187 33225
x 8 33226
p 8 255 33226
x 9 33227
p 9 188 33227
x 10 33228
p 10 188 33228
x 11 33229
p 11 189 33229
x 12 33230
p 12 187 33230
x 13 33231
p 13 187 33231
x 14 33232
p 14 189 33232
x 15 33233
p 15 188 33233
x 16 33234
p 16 189 33234
x 0 33235
p 0 190 33235
x 1 33236
p 1 195 33236
x 2 33237
p 2 188 33237
x 3 33238
p 3 203 33238
x 4 33239
p 4 188 33239
x 5 33240
p 5 187 33240
x 6 33241
p 6 189 33241
x 7 33242
p 7 188 33242
x 8 33243
p 8 187 33243
x 9 33244
p 9 188 33244
x 10 33245
p 10 190 33245
x 11 33246
p 11 188 33246
x 12 33247
p 12 190 33247
x 13 33248
p 13 180 33248
x 14 33249
p 14 222 33249
x 15 33250
p 15 188 33250
x 16 33251
p 16 188 33251
x 0 33252
p 0 192 33252
x 1 33253
p 1 215 33253
x 2 33254
p 2 190 33254
x 3 33255
p 3 187 33255
x 4 33256
p 4 171 33256
x 5 33257
p 5 207 33257
x 6 33258
p 6 190 33258
x 7 33259
p 7 188 33259
x 8 33260
p 8 189 33260
x 9 33261
p 9 188 33261
x 10 33262
p 10 187 33262
x 11 33263
p 11 189 33263
x 12 33264
p 12 189 33264
x 13 33265
p 13 190 33265
x 14 33266
p 14 189 33266
x 15 33267
p 15 193 33267
x 16 33268
p 16 216 33268
x 0 33269
p 0 193 33269
x 1 33270
p 1 190 33270
x 2 33271
p 2 189 33271
x 3 33272
p 3 186 33272
x 4 33273
p 4 190 33273
x 5 33274
p 5 188 33274
x 6 33275
p 6 187 33275
x 7 33276
p 7 189 33276
x 8 33277
p 8 188 33277
x 9 33278
p 9 191 33278
x 10 33279
p 10 194 33279
x 11 33280
p 11 190 33280
x 12 33281
p 12 190 33281
x 13 33282
p 13 190 33282
x 14 33283
p 14 192 33283
x 15 33284
p 15 192 33284
x 16 33285
p 16 225 33285
x 0 33286
p 0 190 33286
x 1 33287
p 1 191 33287
x 2 33288
p 2 190 33288
x 3 33289
p 3 219 33289
x 4 33290
p 4 151 33290
x 5 33291
p 5 189 33291
x 6 33292
p 6 189 33292
x 7 33293
p 7 240 33293
x 8 33294
p 8 190 33294
x 9 33295
p 9 188 33295
x 10 33296
p 10 189 33296
x 11 33297
p 11 226 33297
x 12 33298
p 12 189 33298
x 13 33299
p 13 193 33299
x 14 33300
p 14 190 33300
x 15 33301
p 15 247 33301
x 16 33302
p 16 191 33302
x 0 33303
p 0 191 33303
x 1 33304
p 1 196 33304
x 2 33305
p 2 224 33305
x 3 33306
p 3 189 33306
x 4 33307
p 4 190 33307
x 5 33308
p 5 189 33308
x 6 33309
p 6 191 33309
x 7 33310
p 7 191 33310
x 8 33311
p 8 190 33311
x 9 33312
p 9 189 33312
x 10 33313
p 10 190 33313
x 11 33314
p 11 190 33314
x 12 33315
p 12 190 33315
x 13 33316
p 13 189 33316
x 14 33317
p 14 189 33317
x 15 33318
p 15 192 33318
x 16 33319
p 16 191 33319
x 0 33320
p 0 198 33320
x 1 33321
p 1 195 33321
x 2 33322
p 2 212 33322
x 3 33323
p 3 191 33323
x 4 33324
p 4 189 33324
x 5 33325
p 5 188 33325
x 6 33326
p 6 218 33326
x 7 33327
p 7 188 33327
x 8 33328
p 8 189 33328
x 9 33329
p 9 204 33329
x 10 33330
p 10 219 33330
x 11 33331
p 11 193 33331
x 12 33332
p 12 189 33332
x 13 33333
p 13 85 33333
x 14 33334
p 14 211 33334
x 15 33335
p 15 190 33335
x 16 33336
p 16 192 33336
x 0 33337
p 0 191 33337
x 1 33338
p 1 229 33338
x 2 33339
p 2 192 33339
x 3 33340
p 3 189 33340
x 4 33341
p 4 189 33341
x 5 33342
p 5 229 33342
x 6 33343
p 6 172 33343
x 7 33344
p 7 189 33344
x 8 33345
p 8 188 33345
x 9 33346
p 9 189 33346
x 10 33347
p 10 189 33347
x 11 33348
p 11 189 33348
x 12 33349
p 12 186 33349
x 13 33350
p 13 187 33350
x 14 33351
p 14 188 33351
x 15 33352
p 15 190 33352
x 16 33353
p 16 187 33353
x 0 33354
p 0 192 33354
x 1 33355
p 1 194 33355
x 2 33356
p 2 304 33356
x 3 33357
p 3 191 33357
x 4 33358
p 4 187 33358
x 5 33359
p 5 187 33359
x 6 33360
p 6 189 33360
x 7 33361
p 7 188 33361
x 8 33362
p 8 189 33362
x 9 33363
p 9 191 33363
x 10 33364
p 10 189 33364
x 11 33365
p 11 190 33365
x 12 33366
p 12 188 33366
x 13 33367
p 13 189 33367
x 14 33368
p 14 189 33368
x 15 33369
p 15 189 33369
x 16 33370
p 16 245 33370
x 0 33371
p 0 192 33371
x 1 33372
p 1 194 33372
x 2 33373
p 2 190 33373
x 3 33374
p 3 222 33374
x 4 33375
p 4 189 33375
x 5 33376
p 5 189 33376
x 6 33377
p 6 190 33377
x 7 33378
p 7 246 33378
x 8 33379
p 8 189 33379
x 9 33380
p 9 189 33380
x 10 33381
p 10 188 33381
x 11 33382
p 11 244 33382
x 12 33383
p 12 187 33383
x 13 33384
p 13 190 33384
x 14 33385
p 14 191 33385
x 15 33386
p 15 191 33386
x 16 33387
p 16 188 33387
x 0 33388
p 0 192 33388
x 1 33389
p 1 192 33389
x 2 33390
p 2 189 33390
x 3 33391
p 3 189 33391
x 4 33392
p 4 189 33392
x 5 33393
p 5 189 33393
x 6 33394
p 6 221 33394
x 7 33395
p 7 189 33395
x 8 33396
p 8 190 33396
x 9 33397
p 9 190 33397
x 10 33398
p 10 243 33398
x 11 33399
p 11 189 33399
x 12 33400
p 12 189 33400
x 13 33401
p 13 189 33401
x 14 33402
p 14 222 33402
x 15 33403
p 15 190 33403
x 16 33404
p 16 189 33404
x 0 33405
p 0 196 33405
x 1 33406
p 1 224 33406
x 2 33407
p 2 188 33407
x 3 33408
p 3 188 33408
x 4 33409
p 4 191 33409
x 5 33410
p 5 188 33410
x 6 33411
p 6 188 33411
x 7 33412
p 7 189 33412
x 8 33413
p 8 190 33413
x 9 33414
p 9 189 33414
x 10 33415
p 10 189 33415
x 11 33416
p 11 190 33416
x 12 33417
p 12 188 33417
x 13 33418
p 13 119 33418
x 14 33419
p 14 191 33419
x 15 33420
p 15 188 33420
x 16 33421
p 16 189 33421
x 0 33422
p 0 191 33422
x 1 33423
p 1 194 33423
x 2 33424
p 2 191 33424
x 3 33425
p 3 188 33425
x 4 33426
p 4 193 33426
x 5 33427
p 5 190 33427
x 6 33428
p 6 190 33428
x 7 33429
p 7 188 33429
x 8 33430
p 8 188 33430
x 9 33431
p 9 222 33431
x 10 33432
p 10 191 33432
x 11 33433
p 11 189 33433
x 12 33434
p 12 191 33434
x 13 33435
p 13 211 33435
x 14 33436
p 14 191 33436
x 15 33437
p 15 192 33437
x 16 33438
p 16 187 33438
x 0 33439
p 0 224 33439
x 1 33440
p 1 247 33440
x 2 33441
p 2 189 33441
x 3 33442
p 3 187 33442
x 4 33443
p 4 190 33443
x 5 33444
p 5 227 33444
x 6 33445
p 6 189 33445
x 7 33446
p 7 190 33446
x 8 33447
p 8 190 33447
x 9 33448
p 9 229 33448
x 10 33449
p 10 191 33449
x 11 33450
p 11 189 33450
x 12 33451
p 12 190 33451
x 13 33452
p 13 225 33452
x 14 33453
p 14 191 33453
x 15 33454
p 15 195 33454
x 16 33455
p 16 191 33455
x 0 33456
p 0 192 33456
x 1 33457
p 1 197 33457
x 2 33458
p 2 193 33458
x 3 33459
p 3 192 33459
x 4 33460
p 4 190 33460
x 5 33461
p 5 191 33461
x 6 33462
p 6 193 33462
x 7 33463
p 7 191 33463
x 8 33464
p 8 192 33464
x 9 33465
p 9 192 33465
x 10 33466
p 10 194 33466
x 11 33467
p 11 189 33467
x 12 33468
p 12 192 33468
x 13 33469
p 13 219 33469
x 14 33470
p 14 192 33470
x 15 33471
p 15 196 33471
x 16 33472
p 16 191 33472
x 0 33473
p 0 227 33473
x 1 33474
p 1 198 33474
x 2 33475
p 2 192 33475
x 3 33476
p 3 192 33476
x 4 33477
p 4 190 33477
x 5 33478
p 5 193 33478
x 6 33479
p 6 191 33479
x 7 33480
p 7 190 33480
x 8 33481
p 8 190 33481
x 9 33482
p 9 192 33482
x 10 33483
p 10 194 33483
x 11 33484
p 11 191 33484
x 12 33485
p 12 226 33485
x 13 33486
p 13 191 33486
x 14 33487
p 14 195 33487
x 15 33488
p 15 197 33488
x 16 33489
p 16 229 33489
x 0 33490
p 0 200 33490
x 1 33491
p 1 199 33491
x 2 33492
p 2 195 33492
x 3 33493
p 3 236 33493
x 4 33494
p 4 194 33494
x 5 33495
p 5 195 33495
x 6 33496
p 6 196 33496
x 7 33497
p 7 194 33497
x 8 33498
p 8 193 33498
x 9 33499
p 9 196 33499
x 10 33500
p 10 199 33500
x 11 33501
p 11 195 33501
x 12 33502
p 12 194 33502
x 13 33503
p 13 131 33503
x 14 33504
p 14 203 33504
x 15 33505
p 15 195 33505
x 16 33506
p 16 195 33506
x 0 33507
p 0 204 33507
x 1 33508
p 1 195 33508
x 2 33509
p 2 195 33509
x 3 33510
p 3 225 33510
x 4 33511
p 4 196 33511
x 5 33512
p 5 197 33512
x 6 33513
p 6 198 33513
x 7 33514
p 7 221 33514
x 8 33515
p 8 197 33515
x 9 33516
p 9 196 33516
x 10 33517
p 10 197 33517
x 11 33518
p 11 195 33518
x 12 33519
p 12 196 33519
x 13 33520
p 13 194 33520
x 14 33521
p 14 196 33521
x 15 33522
p 15 195 33522
x 16 33523
p 16 195 33523
x 0 33524
p 0 164 33524
x 1 33525
p 1 195 33525
x 2 33526
p 2 195 33526
x 3 33527
p 3 195 33527
x 4 33528
p 4 193 33528
x 5 33529
p 5 194 33529
x 6 33530
p 6 195 33530
x 7 33531
p 7 194 33531
x 8 33532
p 8 195 33532
x 9 33533
p 9 197 33533
x 10 33534
p 10 196 33534
x 11 33535
p 11 196 33535
x 12 33536
p 12 196 33536
x 13 33537
p 13 196 33537
x 14 33538
p 14 194 33538
x 15 33539
p 15 196 33539
x 16 33540
p 16 194 33540
x 0 33541
p 0 194 33541
x 1 33542
p 1 193 33542
x 2 33543
p 2 195 33543
x 3 33544
p 3 196 33544
x 4 33545
p 4 195 33545
x 5 33546
p 5 247 33546
x 6 33547
p 6 195 33547
x 7 33548
p 7 195 33548
x 8 33549
p 8 195 33549
x 9 33550
p 9 194 33550
x 10 33551
p 10 196 33551
x 11 33552
p 11 196 33552
x 12 33553
p 12 197 33553
x 13 33554
p 13 195 33554
x 14 33555
p 14 195 33555
x 15 33556
p 15 193 33556
x 16 33557
p 16 194 33557
x 0 33558
p 0 194 33558
x 1 33559
p 1 194 33559
x 2 33560
p 2 195 33560
x 3 33561
p 3 193 33561
x 4 33562
p 4 195 33562
x 5 33563
p 5 194 33563
x 6 33564
p 6 193 33564
x 7 33565
p 7 222 33565
x 8 33566
p 8 193 33566
x 9 33567
p 9 195 33567
x 10 33568
p 10 195 33568
x 11 33569
p 11 196 33569
x 12 33570
p 12 218 33570
x 13 33571
p 13 194 33571
x 14 33572
p 14 195 33572
x 15 33573
p 15 197 33573
x 16 33574
p 16 196 33574
x 0 33575
p 0 226 33575
x 1 33576
p 1 193 33576
x 2 33577
p 2 194 33577
x 3 33578
p 3 194 33578
x 4 33579
p 4 235 33579
x 5 33580
p 5 194 33580
x 6 33581
p 6 193 33581
x 7 33582
p 7 193 33582
x 8 33583
p 8 197 33583
x 9 33584
p 9 195 33584
x 10 33585
p 10 195 33585
x 11 33586
p 11 195 33586
x 12 33587
p 12 281 33587
x 13 33588
p 13 199 33588
x 14 33589
p 14 195 33589
x 15 33590
p 15 194 33590
x 16 33591
p 16 196 33591
x 0 33592
p 0 194 33592
x 1 33593
p 1 194 33593
x 2 33594
p 2 194 33594
x 3 33595
p 3 221 33595
x 4 33596
p 4 197 33596
x 5 33597
p 5 194 33597
x 6 33598
p 6 197 33598
x 7 33599
p 7 194 33599
x 8 33600
p 8 193 33600
x 9 33601
p 9 197 33601
x 10 33602
p 10 196 33602
x 11 33603
p 11 195 33603
x 12 33604
p 12 196 33604
x 13 33605
p 13 200 33605
x 14 33606
p 14 195 33606
x 15 33607
p 15 194 33607
x 16 33608
p 16 195 33608
x 0 33609
p 0 193 33609
x 1 33610
p 1 195 33610
x 2 33611
p 2 230 33611
x 3 33612
p 3 195 33612
x 4 33613
p 4 195 33613
x 5 33614
p 5 194 33614
x 6 33615
p 6 251 33615
x 7 33616
p 7 196 33616
x 8 33617
p 8 195 33617
x 9 33618
p 9 194 33618
x 10 33619
p 10 248 33619
x 11 33620
p 11 194 33620
x 12 33621
p 12 195 33621
x 13 33622
p 13 194 33622
x 14 33623
p 14 253 33623
x 15 33624
p 15 196 33624
x 16 33625
p 16 195 33625
x 0 33626
p 0 196 33626
x 1 33627
p 1 253 33627
x 2 33628
p 2 197 33628
x 3 33629
p 3 195 33629
x 4 33630
p 4 196 33630
x 5 33631
p 5 234 33631
x 6 33632
p 6 196 33632
x 7 33633
p 7 196 33633
x 8 33634
p 8 194 33634
x 9 33635
p 9 228 33635
x 10 33636
p 10 198 33636
x 11 33637
p 11 195 33637
x 12 33638
p 12 196 33638
x 13 33639
p 13 229 33639
x 14 33640
p 14 196 33640
x 15 33641
p 15 196 33641
x 16 33642
p 16 196 33642
x 0 33643
p 0 196 33643
x 1 33644
p 1 196 33644
x 2 33645
p 2 197 33645
x 3 33646
p 3 195 33646
x 4 33647
p 4 195 33647
x 5 33648
p 5 196 33648
x 6 33649
p 6 194 33649
x 7 33650
p 7 197 33650
x 8 33651
p 8 194 33651
x 9 33652
p 9 195 33652
x 10 33653
p 10 196 33653
x 11 33654
p 11 195 33654
x 12 33655
p 12 196 33655
x 13 33656
p 13 231 33656
x 14 33657
p 14 196 33657
x 15 33658
p 15 198 33658
x 16 33659
p 16 196 33659
x 0 33660
p 0 224 33660
x 1 33661
p 1 196 33661
x 2 33662
p 2 195 33662
x 3 33663
p 3 195 33663
x 4 33664
p 4 226 33664
x 5 33665
p 5 198 33665
x 6 33666
p 6 194 33666
x 7 33667
p 7 195 33667
x 8 33668
p 8 224 33668
x 9 33669
p 9 200 33669
x 10 33670
p 10 196 33670
x 11 33671
p 11 196 33671
x 12 33672
p 12 349 33672
x 13 33673
p 13 197 33673
x 14 33674
p 14 197 33674
x 15 33675
p 15 197 33675
x 16 33676
p 16 195 33676
x 0 33677
p 0 194 33677
x 1 33678
p 1 197 33678
x 2 33679
p 2 197 33679
x 3 33680
p 3 193 33680
x 4 33681
p 4 197 33681
x 5 33682
p 5 197 33682
x 6 33683
p 6 123 33683
x 7 33684
p 7 195 33684
x 8 33685
p 8 232 33685
x 9 33686
p 9 196 33686
x 10 33687
p 10 197 33687
x 11 33688
p 11 197 33688
x 12 33689
p 12 249 33689
x 13 33690
p 13 195 33690
x 14 33691
p 14 197 33691
x 15 33692
p 15 196 33692
x 16 33693
p 16 236 33693
x 0 33694
p 0 195 33694
x 1 33695
p 1 196 33695
x 2 33696
p 2 199 33696
x 3 33697
p 3 250 33697
x 4 33698
p 4 195 33698
x 5 33699
p 5 195 33699
x 6 33700
p 6 195 33700
x 7 33701
p 7 227 33701
x 8 33702
p 8 195 33702
x 9 33703
p 9 194 33703
x 10 33704
p 10 197 33704
x 11 33705
p 11 193 33705
x 12 33706
p 12 196 33706
x 13 33707
p 13 195 33707
x 14 33708
p 14 196 33708
x 15 33709
p 15 195 33709
x 16 33710
p 16 197 33710
x 0 33711
p 0 225 33711
x 1 33712
p 1 196 33712
x 2 33713
p 2 194 33713
x 3 33714
p 3 195 33714
x 4 33715
p 4 195 33715
x 5 33716
p 5 197 33716
x 6 33717
p 6 229 33717
x 7 33718
p 7 207 33718
x 8 33719
p 8 196 33719
x 9 33720
p 9 158 33720
x 10 33721
p 10 227 33721
x 11 33722
p 11 195 33722
x 12 33723
p 12 195 33723
x 13 33724
p 13 158 33724
x 14 33725
p 14 230 33725
x 15 33726
p 15 195 33726
x 16 33727
p 16 197 33727
x 0 33728
p 0 194 33728
x 1 33729
p 1 252 33729
x 2 33730
p 2 196 33730
x 3 33731
p 3 195 33731
x 4 33732
p 4 193 33732
x 5 33733
p 5 228 33733
x 6 33734
p 6 193 33734
x 7 33735
p 7 195 33735
x 8 33736
p 8 195 33736
x 9 33737
p 9 245 33737
x 10 33738
p 10 195 33738
x 11 33739
p 11 195 33739
x 12 33740
p 12 192 33740
x 13 33741
p 13 152 33741
x 14 33742
p 14 196 33742
x 15 33743
p 15 195 33743
x 16 33744
p 16 194 33744
x 0 33745
p 0 233 33745
x 1 33746
p 1 194 33746
x 2 33747
p 2 195 33747
x 3 33748
p 3 195 33748
x 4 33749
p 4 193 33749
x 5 33750
p 5 196 33750
x 6 33751
p 6 195 33751
x 7 33752
p 7 194 33752
x 8 33753
p 8 193 33753
x 9 33754
p 9 195 33754
x 10 33755
p 10 195 33755
x 11 33756
p 11 196 33756
x 12 33757
p 12 193 33757
x 13 33758
p 13 199 33758
x 14 33759
p 14 194 33759
x 15 33760
p 15 195 33760
x 16 33761
p 16 195 33761
x 0 33762
p 0 194 33762
x 1 33763
p 1 193 33763
x 2 33764
p 2 147 33764
x 3 33765
p 3 196 33765
x 4 33766
p 4 197 33766
x 5 33767
p 5 194 33767
x 6 33768
p 6 257 33768
x 7 33769
p 7 227 33769
x 8 33770
p 8 194 33770
x 9 33771
p 9 195 33771
x 10 33772
p 10 160 33772
x 11 33773
p 11 229 33773
x 12 33774
p 12 195 33774
x 13 33775
p 13 194 33775
x 14 33776
p 14 195 33776
x 15 33777
p 15 195 33777
x 16 33778
p 16 196 33778
x 0 33779
p 0 194 33779
x 1 33780
p 1 194 33780
x 2 33781
p 2 194 33781
x 3 33782
p 3 195 33782
x 4 33783
p 4 194 33783
x 5 33784
p 5 194 33784
x 6 33785
p 6 194 33785
x 7 33786
p 7 195 33786
x 8 33787
p 8 194 33787
x 9 33788
p 9 241 33788
x 10 33789
p 10 226 33789
x 11 33790
p 11 193 33790
x 12 33791
p 12 194 33791
x 13 33792
p 13 194 33792
x 14 33793
p 14 155 33793
x 15 33794
p 15 193 33794
x 16 33795
p 16 194 33795
x 0 33796
p 0 193 33796
x 1 33797
p 1 193 33797
x 2 33798
p 2 195 33798
x 3 33799
p 3 193 33799
x 4 33800
p 4 195 33800
x 5 33801
p 5 193 33801
x 6 33802
p 6 195 33802
x 7 33803
p 7 194 33803
x 8 33804
p 8 194 33804
x 9 33805
p 9 193 33805
x 10 33806
p 10 195 33806
x 11 33807
p 11 223 33807
x 12 33808
p 12 194 33808
x 13 33809
p 13 195 33809
x 14 33810
p 14 193 33810
x 15 33811
p 15 194 33811
x 16 33812
p 16 195 33812
x 0 33813
p 0 194 33813
x 1 33814
p 1 153 33814
x 2 33815
p 2 193 33815
x 3 33816
p 3 194 33816
x 4 33817
p 4 194 33817
x 5 33818
p 5 195 33818
x 6 33819
p 6 194 33819
x 7 33820
p 7 194 33820
x 8 33821
p 8 195 33821
x 9 33822
p 9 193 33822
x 10 33823
p 10 195 33823
x 11 33824
p 11 221 33824
x 12 33825
p 12 224 33825
x 13 33826
p 13 193 33826
x 14 33827
p 14 193 33827
x 15 33828
p 15 195 33828
x 16 33829
p 16 193 33829
x 0 33830
p 0 194 33830
x 1 33831
p 1 193 33831
x 2 33832
p 2 194 33832
x 3 33833
p 3 238 33833
x 4 33834
p 4 193 33834
x 5 33835
p 5 150 33835
x 6 33836
p 6 194 33836
x 7 33837
p 7 194 33837
x 8 33838
p 8 194 33838
x 9 33839
p 9 156 33839
x 10 33840
p 10 195 33840
x 11 33841
p 11 194 33841
x 12 33842
p 12 195 33842
x 13 33843
p 13 199 33843
x 14 33844
p 14 194 33844
x 15 33845
p 15 195 33845
x 16 33846
p 16 194 33846
x 0 33847
p 0 224 33847
x 1 33848
p 1 193 33848
x 2 33849
p 2 194 33849
x 3 33850
p 3 195 33850
x 4 33851
p 4 194 33851
x 5 33852
p 5 194 33852
x 6 33853
p 6 194 33853
x 7 33854
p 7 194 33854
x 8 33855
p 8 194 33855
x 9 33856
p 9 194 33856
x 10 33857
p 10 196 33857
x 11 33858
p 11 194 33858
x 12 33859
p 12 195 33859
x 13 33860
p 13 158 33860
x 14 33861
p 14 194 33861
x 15 33862
p 15 195 33862
x 16 33863
p 16 193 33863
x 0 33864
p 0 192 33864
x 1 33865
p 1 194 33865
x 2 33866
p 2 195 33866
x 3 33867
p 3 194 33867
x 4 33868
p 4 195 33868
x 5 33869
p 5 162 33869
x 6 33870
p 6 195 33870
x 7 33871
p 7 195 33871
x 8 33872
p 8 194 33872
x 9 33873
p 9 193 33873
x 10 33874
p 10 196 33874
x 11 33875
p 11 194 33875
x 12 33876
p 12 195 33876
x 13 33877
p 13 194 33877
x 14 33878
p 14 194 33878
x 15 33879
p 15 198 33879
x 16 33880
p 16 195 33880
x 0 33881
p 0 155 33881
x 1 33882
p 1 192 33882
x 2 33883
p 2 219 33883
x 3 33884
p 3 194 33884
x 4 33885
p 4 154 33885
x 5 33886
p 5 193 33886
x 6 33887
p 6 228 33887
x 7 33888
p 7 195 33888
x 8 33889
p 8 157 33889
x 9 33890
p 9 194 33890
x 10 33891
p 10 196 33891
x 11 33892
p 11 196 33892
x 12 33893
p 12 194 33893
x 13 33894
p 13 193 33894
x 14 33895
p 14 195 33895
x 15 33896
p 15 195 33896
x 16 33897
p 16 194 33897
x 0 33898
p 0 195 33898
x 1 33899
p 1 193 33899
x 2 33900
p 2 193 33900
x 3 33901
p 3 196 33901
x 4 33902
p 4 194 33902
x 5 33903
p 5 192 33903
x 6 33904
p 6 192 33904
x 7 33905
p 7 194 33905
x 8 33906
p 8 156 33906
x 9 33907
p 9 194 33907
x 10 33908
p 10 195 33908
x 11 33909
p 11 191 33909
x 12 33910
p 12 190 33910
x 13 33911
p 13 192 33911
x 14 33912
p 14 191 33912
x 15 33913
p 15 191 33913
x 16 33914
p 16 189 33914
x 0 33915
p 0 190 33915
x 1 33916
p 1 192 33916
x 2 33917
p 2 193 33917
x 3 33918
p 3 223 33918
x 4 33919
p 4 191 33919
x 5 33920
p 5 191 33920
x 6 33921
p 6 191 33921
x 7 33922
p 7 219 33922
x 8 33923
p 8 193 33923
x 9 33924
p 9 193 33924
x 10 33925
p 10 194 33925
x 11 33926
p 11 223 33926
x 12 33927
p 12 212 33927
x 13 33928
p 13 193 33928
x 14 33929
p 14 192 33929
x 15 33930
p 15 222 33930
x 16 33931
p 16 152 33931
x 0 33932
p 0 191 33932
x 1 33933
p 1 190 33933
x 2 33934
p 2 218 33934
x 3 33935
p 3 191 33935
x 4 33936
p 4 192 33936
x 5 33937
p 5 191 33937
x 6 33938
p 6 192 33938
x 7 33939
p 7 190 33939
x 8 33940
p 8 193 33940
x 9 33941
p 9 192 33941
x 10 33942
p 10 189 33942
x 11 33943
p 11 189 33943
x 12 33944
p 12 190 33944
x 13 33945
p 13 189 33945
x 14 33946
p 14 189 33946
x 15 33947
p 15 190 33947
x 16 33948
p 16 190 33948
x 0 33949
p 0 190 33949
x 1 33950
p 1 214 33950
x 2 33951
p 2 190 33951
x 3 33952
p 3 151 33952
x 4 33953
p 4 189 33953
x 5 33954
p 5 188 33954
x 6 33955
p 6 188 33955
x 7 33956
p 7 152 33956
x 8 33957
p 8 190 33957
x 9 33958
p 9 188 33958
x 10 33959
p 10 191 33959
x 11 33960
p 11 190 33960
x 12 33961
p 12 190 33961
x 13 33962
p 13 190 33962
x 14 33963
p 14 189 33963
x 15 33964
p 15 190 33964
x 16 33965
p 16 190 33965
x 0 33966
p 0 222 33966
x 1 33967
p 1 189 33967
x 2 33968
p 2 189 33968
x 3 33969
p 3 190 33969
x 4 33970
p 4 186 33970
x 5 33971
p 5 188 33971
x 6 33972
p 6 189 33972
x 7 33973
p 7 150 33973
x 8 33974
p 8 174 33974
x 9 33975
p 9 188 33975
x 10 33976
p 10 190 33976
x 11 33977
p 11 225 33977
x 12 33978
p 12 191 33978
x 13 33979
p 13 189 33979
x 14 33980
p 14 192 33980
x 15 33981
p 15 242 33981
x 16 33982
p 16 190 33982
x 0 33983
p 0 189 33983
x 1 33984
p 1 190 33984
x 2 33985
p 2 241 33985
x 3 33986
p 3 189 33986
x 4 33987
p 4 188 33987
x 5 33988
p 5 189 33988
x 6 33989
p 6 230 33989
x 7 33990
p 7 188 33990
x 8 33991
p 8 190 33991
x 9 33992
p 9 189 33992
x 10 33993
p 10 189 33993
x 11 33994
p 11 189 33994
x 12 33995
p 12 189 33995
x 13 33996
p 13 188 33996
x 14 33997
p 14 188 33997
x 15 33998
p 15 152 33998
x 16 33999
p 16 191 33999
x 0 34000
p 0 191 34000
x 1 34001
p 1 190 34001
x 2 34002
p 2 189 34002
x 3 34003
p 3 189 34003
x 4 34004
p 4 188 34004
x 5 34005
p 5 190 34005
x 6 34006
p 6 189 34006
x 7 34007
p 7 189 34007
x 8 34008
p 8 189 34008
x 9 34009
p 9 213 34009
x 10 34010
p 10 190 34010
x 11 34011
p 11 190 34011
x 12 34012
p 12 192 34012
x 13 34013
p 13 219 34013
x 14 34014
p 14 190 34014
x 15 34015
p 15 190 34015
x 16 34016
p 16 189 34016
x 0 34017
p 0 221 34017
x 1 34018
p 1 188 34018
x 2 34019
p 2 140 34019
x 3 34020
p 3 189 34020
x 4 34021
p 4 218 34021
x 5 34022
p 5 191 34022
x 6 34023
p 6 149 34023
x 7 34024
p 7 190 34024
x 8 34025
p 8 223 34025
x 9 34026
p 9 191 34026
x 10 34027
p 10 153 34027
x 11 34028
p 11 190 34028
x 12 34029
p 12 191 34029
x 13 34030
p 13 190 34030
x 14 34031
p 14 188 34031
x 15 34032
p 15 191 34032
x 16 34033
p 16 189 34033
x 0 34034
p 0 189 34034
x 1 34035
p 1 189 34035
x 2 34036
p 2 189 34036
x 3 34037
p 3 189 34037
x 4 34038
p 4 188 34038
x 5 34039
p 5 190 34039
x 6 34040
p 6 188 34040
x 7 34041
p 7 189 34041
x 8 34042
p 8 190 34042
x 9 34043
p 9 189 34043
x 10 34044
p 10 198 34044
x 11 34045
p 11 189 34045
x 12 34046
p 12 191 34046
x 13 34047
p 13 189 34047
x 14 34048
p 14 262 34048
x 15 34049
p 15 190 34049
x 16 34050
p 16 189 34050
x 0 33000
h 0 10.0.0.6
p 0 40916 33000
x 1 33001
h 1 10.0.0.6
p 1 1139 33001
x 0 33002
p 0 329 33002
x 0 33003
p 0 217 33003
x 0 33004
p 0 268 33004
x 0 33005
p 0 287 33005
x 0 33006
p 0 226 33006
x 0 33007
p 0 318 33007
x 0 33008
p 0 222 33008
x 0 33009
p 0 266 33009
x 0 33010
p 0 304 33010
x 0 33011
p 0 248 33011
x 0 33012
p 0 268 33012
x 0 33013
p 0 275 33013
x 0 33014
p 0 284 33014
x 0 33015
p 0 214 33015
x 0 33016
p 0 218 33016
x 0 33017
p 0 206 33017
x 0 33018
p 0 207 33018
x 0 33019
p 0 224 33019
x 0 33020
p 0 222 33020
x 0 33021
p 0 308 33021
x 0 33022
p 0 210 33022
x 0 33023
p 0 292 33023
x 0 33024
p 0 284 33024
x 0 33025
p 0 174 33025
x 0 33026
p 0 177 33026
x 0 33027
p 0 178 33027
x 0 33028
p 0 280 33028
x 0 33029
p 0 320 33029
x 0 33030
p 0 339 33030
x 0 33031
p 0 313 33031
x 0 33032
p 0 214 33032
x 0 33033
p 0 225 33033
x 0 33034
p 0 220 33034
x 0 33035
p 0 285 33035
x 0 33036
p 0 319 33036
x 0 33037
p 0 319 33037
x 0 33038
p 0 319 33038
x 0 33039
p 0 230 33039
x 0 33040
p 0 213 33040
x 0 33041
p 0 221 33041
x 0 33042
p 0 271 33042
x 0 33043
p 0 239 33043
x 0 33044
p 0 208 33044
x 0 33045
p 0 210 33045
x 0 33046
p 0 230 33046
x 0 33047
p 0 201 33047
x 0 33048
p 0 203 33048
x 0 33049
p 0 242 33049
x 0 33050
p 0 203 33050
x 0 33051
p 0 212 33051
x 0 33052
p 0 205 33052
x 0 33053
p 0 220 33053
x 0 33054
p 0 209 33054
x 0 33055
p 0 203 33055
x 0 33056
p 0 247 33056
x 0 33057
p 0 209 33057
x 0 33058
p 0 183 33058
x 0 33059
p 0 203 33059
x 0 33060
p 0 201 33060
x 0 33000
h 0 10.0.0.6
p 0 41511 33000
x 1 33001
h 1 10.0.0.6
p 1 1034 33001
x 0 33002
p 0 224 33002
x 0 33003
p 0 150 33003
x 0 33004
p 0 154 33004
x 0 33005
p 0 216 33005
x 0 33006
p 0 216 33006
x 0 33007
p 0 256 33007
x 0 33008
p 0 305 33008
x 0 33009
p 0 203 33009
x 0 33010
p 0 203 33010
x 0 33011
p 0 206 33011
x 0 33012
p 0 211 33012
x 0 33013
p 0 210 33013
x 0 33014
p 0 216 33014
x 0 33015
p 0 370 33015
x 0 33016
p 0 251 33016
x 0 33017
p 0 236 33017
x 0 33018
p 0 223 33018
x 0 33019
p 0 233 33019
x 0 33020
p 0 225 33020
x 0 33021
p 0 318 33021
x 0 33022
p 0 232 33022
x 0 33023
p 0 368 33023
x 0 33024
p 0 220 33024
x 0 33025
p 0 224 33025
x 0 33026
p 0 240 33026
x 0 33027
p 0 233 33027
x 0 33028
p 0 202 33028
x 0 33029
p 0 275 33029
x 0 33030
p 0 227 33030
x 0 33031
p 0 211 33031
x 0 33032
p 0 211 33032
x 0 33033
p 0 164 33033
x 0 33034
p 0 169 33034
x 0 33035
p 0 161 33035
x 0 33036
p 0 160 33036
x 0 33037
p 0 188 33037
x 0 33038
p 0 213 33038
x 0 33039
p 0 305 33039
x 0 33040
p 0 230 33040
x 0 33041
p 0 248 33041
x 0 33042
p 0 203 33042
x 0 33043
p 0 257 33043
x 0 33044
p 0 144 33044
x 0 33045
p 0 150 33045
x 0 33046
p 0 220 33046
x 0 33047
p 0 243 33047
x 0 33048
p 0 152 33048
x 0 33049
p 0 153 33049
x 0 33050
p 0 236 33050
x 0 33051
p 0 159 33051
x 0 33052
p 0 54 33052
x 0 33053
p 0 148 33053
x 0 33054
p 0 144 33054
x 0 33055
p 0 148 33055
x 0 33056
p 0 150 33056
x 0 33057
p 0 211 33057
x 0 33058
p 0 211 33058
x 0 33059
p 0 212 33059
x 0 33060
p 0 242 33060
