x 0 33000
h 0 10.0.0.13
p 0 18803 33000
x 1 33001
h 1 10.0.0.13
p 1 1619 33001
x 0 33002
p 0 170 33002
x 0 33003
p 0 235 33003
x 0 33004
p 0 266 33004
x 0 33005
p 0 233 33005
x 0 33006
p 0 203 33006
x 0 33007
p 0 203 33007
x 0 33008
p 0 263 33008
x 0 33009
p 0 205 33009
x 0 33010
p 0 242 33010
x 0 33011
p 0 206 33011
x 0 33012
p 0 207 33012
x 0 33013
p 0 206 33013
x 0 33014
p 0 195 33014
x 0 33015
p 0 194 33015
x 0 33016
p 0 205 33016
x 0 33017
p 0 285 33017
x 0 33018
p 0 224 33018
x 0 33019
p 0 229 33019
x 0 33020
p 0 552 33020
x 0 33021
p 0 950 33021
x 0 33022
p 0 1060 33022
x 0 33023
p 0 284 33023
x 0 33024
p 0 219 33024
x 0 33025
p 0 215 33025
x 0 33026
p 0 243 33026
x 0 33027
p 0 309 33027
x 0 33028
p 0 217 33028
x 0 33029
p 0 215 33029
x 0 33030
p 0 212 33030
x 0 33031
p 0 209 33031
x 0 33032
p 0 213 33032
x 0 33033
p 0 213 33033
x 0 33034
p 0 265 33034
x 0 33035
p 0 283 33035
x 0 33036
p 0 207 33036
x 0 33037
p 0 207 33037
x 0 33038
p 0 212 33038
x 0 33039
p 0 205 33039
x 0 33040
p 0 210 33040
x 0 33041
p 0 211 33041
x 0 33042
p 0 209 33042
x 0 33043
p 0 210 33043
x 0 33044
p 0 209 33044
x 0 33045
p 0 240 33045
x 0 33046
p 0 208 33046
x 0 33047
p 0 205 33047
x 0 33048
p 0 208 33048
x 0 33049
p 0 213 33049
x 0 33050
p 0 210 33050
x 0 33051
p 0 207 33051
x 0 33052
p 0 240 33052
x 0 33053
p 0 208 33053
x 0 33054
p 0 208 33054
x 0 33055
p 0 206 33055
x 0 33056
p 0 212 33056
x 0 33057
p 0 213 33057
x 0 33058
p 0 229 33058
x 0 33059
p 0 215 33059
x 0 33060
p 0 262 33060
x 0 33000
h 0 10.0.0.13
p 0 12172 33000
x 1 33001
h 1 10.0.0.13
p 1 1999 33001
x 0 33002
p 0 142 33002
x 0 33003
p 0 204 33003
x 0 33004
p 0 269 33004
x 0 33005
p 0 281 33005
x 0 33006
p 0 207 33006
x 0 33007
p 0 204 33007
x 0 33008
p 0 201 33008
x 0 33009
p 0 273 33009
x 0 33010
p 0 207 33010
x 0 33011
p 0 203 33011
x 0 33012
p 0 204 33012
x 0 33013
p 0 272 33013
x 0 33014
p 0 203 33014
x 0 33015
p 0 203 33015
x 0 33016
p 0 201 33016
x 0 33017
p 0 263 33017
x 0 33018
p 0 204 33018
x 0 33019
p 0 201 33019
x 0 33020
p 0 202 33020
x 0 33021
p 0 233 33021
x 0 33022
p 0 202 33022
x 0 33023
p 0 202 33023
x 0 33024
p 0 203 33024
x 0 33025
p 0 235 33025
x 0 33026
p 0 898 33026
x 0 33027
p 0 204 33027
x 0 33028
p 0 231 33028
x 0 33029
p 0 201 33029
x 0 33030
p 0 204 33030
x 0 33031
p 0 202 33031
x 0 33032
p 0 232 33032
x 0 33033
p 0 202 33033
x 0 33034
p 0 203 33034
x 0 33035
p 0 204 33035
x 0 33036
p 0 244 33036
x 0 33037
p 0 207 33037
x 0 33038
p 0 210 33038
x 0 33039
p 0 205 33039
x 0 33040
p 0 246 33040
x 0 33041
p 0 210 33041
x 0 33042
p 0 211 33042
x 0 33043
p 0 211 33043
x 0 33044
p 0 240 33044
x 0 33045
p 0 207 33045
x 0 33046
p 0 208 33046
x 0 33047
p 0 207 33047
x 0 33048
p 0 240 33048
x 0 33049
p 0 208 33049
x 0 33050
p 0 205 33050
x 0 33051
p 0 205 33051
x 0 33052
p 0 234 33052
x 0 33053
p 0 173 33053
x 0 33054
p 0 204 33054
x 0 33055
p 0 204 33055
x 0 33056
p 0 233 33056
x 0 33057
p 0 176 33057
x 0 33058
p 0 214 33058
x 0 33059
p 0 208 33059
x 0 33060
p 0 213 33060
x 0 33000
h 0 10.0.0.13
p 0 10962 33000
x 1 33001
h 1 10.0.0.13
p 1 2000 33001
x 0 33002
p 0 210 33002
x 0 33003
p 0 155 33003
x 0 33004
p 0 215 33004
x 0 33005
p 0 164 33005
x 0 33006
p 0 163 33006
x 0 33007
p 0 161 33007
x 0 33008
p 0 181 33008
x 0 33009
p 0 175 33009
x 0 33010
p 0 168 33010
x 0 33011
p 0 170 33011
x 0 33012
p 0 177 33012
x 0 33013
p 0 149 33013
x 0 33014
p 0 147 33014
x 0 33015
p 0 149 33015
x 0 33016
p 0 145 33016
x 0 33017
p 0 148 33017
x 0 33018
p 0 146 33018
x 0 33019
p 0 142 33019
x 0 33020
p 0 248 33020
x 0 33021
p 0 186 33021
x 0 33022
p 0 161 33022
x 0 33023
p 0 152 33023
x 0 33024
p 0 142 33024
x 0 33025
p 0 185 33025
x 0 33026
p 0 243 33026
x 0 33027
p 0 162 33027
x 0 33028
p 0 146 33028
x 0 33029
p 0 148 33029
x 0 33030
p 0 645 33030
x 0 33031
p 0 149 33031
x 0 33032
p 0 188 33032
x 0 33033
p 0 134 33033
x 0 33034
p 0 215 33034
x 0 33035
p 0 152 33035
x 0 33036
p 0 212 33036
x 0 33037
p 0 230 33037
x 0 33038
p 0 105 33038
x 0 33039
p 0 214 33039
x 0 33040
p 0 147 33040
x 0 33041
p 0 146 33041
x 0 33042
p 0 206 33042
x 0 33043
p 0 216 33043
x 0 33044
p 0 148 33044
x 0 33045
p 0 161 33045
x 0 33046
p 0 126 33046
x 0 33047
p 0 161 33047
x 0 33048
p 0 170 33048
x 0 33049
p 0 159 33049
x 0 33050
p 0 157 33050
x 0 33051
p 0 158 33051
x 0 33052
p 0 164 33052
x 0 33053
p 0 160 33053
x 0 33054
p 0 154 33054
x 0 33055
p 0 160 33055
x 0 33056
p 0 151 33056
x 0 33057
p 0 222 33057
x 0 33058
p 0 231 33058
x 0 33059
p 0 223 33059
x 0 33060
p 0 212 33060
x 0 33000
h 0 10.0.0.13
p 0 11334 33000
x 1 33001
h 1 10.0.0.13
p 1 2073 33001
x 0 33002
p 0 219 33002
x 0 33003
p 0 217 33003
x 0 33004
p 0 226 33004
x 0 33005
p 0 223 33005
x 0 33006
p 0 215 33006
x 0 33007
p 0 269 33007
x 0 33008
p 0 214 33008
x 0 33009
p 0 220 33009
x 0 33010
p 0 216 33010
x 0 33011
p 0 215 33011
x 0 33012
p 0 214 33012
x 0 33013
p 0 215 33013
x 0 33014
p 0 256 33014
x 0 33015
p 0 220 33015
x 0 33016
p 0 209 33016
x 0 33017
p 0 214 33017
x 0 33018
p 0 210 33018
x 0 33019
p 0 213 33019
x 0 33020
p 0 207 33020
x 0 33021
p 0 202 33021
x 0 33022
p 0 206 33022
x 0 33023
p 0 218 33023
x 0 33024
p 0 211 33024
x 0 33025
p 0 213 33025
x 0 33026
p 0 214 33026
x 0 33027
p 0 213 33027
x 0 33028
p 0 214 33028
x 0 33029
p 0 211 33029
x 0 33030
p 0 207 33030
x 0 33031
p 0 207 33031
x 0 33032
p 0 207 33032
x 0 33033
p 0 206 33033
x 0 33034
p 0 205 33034
x 0 33035
p 0 208 33035
x 0 33036
p 0 205 33036
x 0 33037
p 0 204 33037
x 0 33038
p 0 203 33038
x 0 33039
p 0 211 33039
x 0 33040
p 0 209 33040
x 0 33041
p 0 208 33041
x 0 33042
p 0 220 33042
x 0 33043
p 0 211 33043
x 0 33044
p 0 215 33044
x 0 33045
p 0 215 33045
x 0 33046
p 0 215 33046
x 0 33047
p 0 211 33047
x 0 33048
p 0 216 33048
x 0 33049
p 0 215 33049
x 0 33050
p 0 214 33050
x 0 33051
p 0 213 33051
x 0 33052
p 0 209 33052
x 0 33053
p 0 206 33053
x 0 33054
p 0 213 33054
x 0 33055
p 0 215 33055
x 0 33056
p 0 210 33056
x 0 33057
p 0 216 33057
x 0 33058
p 0 214 33058
x 0 33059
p 0 212 33059
x 0 33060
p 0 216 33060
x 0 33000
h 0 10.0.0.13
p 0 9929 33000
x 1 33001
h 1 10.0.0.13
p 1 1802 33001
x 0 33002
p 0 213 33002
x 0 33003
p 0 206 33003
x 0 33004
p 0 177 33004
x 0 33005
p 0 205 33005
x 0 33006
p 0 217 33006
x 0 33007
p 0 206 33007
x 0 33008
p 0 206 33008
x 0 33009
p 0 209 33009
x 0 33010
p 0 239 33010
x 0 33011
p 0 208 33011
x 0 33012
p 0 206 33012
x 0 33013
p 0 207 33013
x 0 33014
p 0 209 33014
x 0 33015
p 0 206 33015
x 0 33016
p 0 214 33016
x 0 33017
p 0 237 33017
x 0 33018
p 0 206 33018
x 0 33019
p 0 208 33019
x 0 33020
p 0 207 33020
x 0 33021
p 0 205 33021
x 0 33022
p 0 317 33022
x 0 33023
p 0 207 33023
x 0 33024
p 0 201 33024
x 0 33025
p 0 207 33025
x 0 33026
p 0 207 33026
x 0 33027
p 0 261 33027
x 0 33028
p 0 208 33028
x 0 33029
p 0 206 33029
x 0 33030
p 0 206 33030
x 0 33031
p 0 207 33031
x 0 33032
p 0 206 33032
x 0 33033
p 0 209 33033
x 0 33034
p 0 269 33034
x 0 33035
p 0 206 33035
x 0 33036
p 0 206 33036
x 0 33037
p 0 210 33037
x 0 33038
p 0 210 33038
x 0 33039
p 0 206 33039
x 0 33040
p 0 209 33040
x 0 33041
p 0 270 33041
x 0 33042
p 0 223 33042
x 0 33043
p 0 208 33043
x 0 33044
p 0 208 33044
x 0 33045
p 0 208 33045
x 0 33046
p 0 208 33046
x 0 33047
p 0 208 33047
x 0 33048
p 0 209 33048
x 0 33049
p 0 263 33049
x 0 33050
p 0 209 33050
x 0 33051
p 0 210 33051
x 0 33052
p 0 205 33052
x 0 33053
p 0 210 33053
x 0 33054
p 0 206 33054
x 0 33055
p 0 203 33055
x 0 33056
p 0 218 33056
x 0 33057
p 0 215 33057
x 0 33058
p 0 211 33058
x 0 33059
p 0 207 33059
x 0 33060
p 0 229 33060
x 0 33000
h 0 10.0.0.13
p 0 10197 33000
x 1 33001
h 1 10.0.0.13
p 1 17382 33001
x 0 33002
p 0 184 33002
x 0 33003
p 0 183 33003
x 0 33004
p 0 212 33004
x 0 33005
p 0 258 33005
x 0 33006
p 0 234 33006
x 0 33007
p 0 341 33007
x 0 33008
p 0 224 33008
x 0 33009
p 0 241 33009
x 0 33010
p 0 234 33010
x 0 33011
p 0 222 33011
x 0 33012
p 0 476 33012
x 0 33013
p 0 291 33013
x 0 33014
p 0 236 33014
x 0 33015
p 0 235 33015
x 0 33016
p 0 227 33016
x 0 33017
p 0 123 33017
x 0 33018
p 0 227 33018
x 0 33019
p 0 226 33019
x 0 33020
p 0 313 33020
x 0 33021
p 0 306 33021
x 0 33022
p 0 84 33022
x 0 33023
p 0 219 33023
x 0 33024
p 0 243 33024
x 0 33025
p 0 295 33025
x 0 33026
p 0 296 33026
x 0 33027
p 0 110 33027
x 0 33028
p 0 292 33028
x 0 33029
p 0 300 33029
x 0 33030
p 0 208 33030
x 0 33031
p 0 288 33031
x 0 33032
p 0 885 33032
x 0 33033
p 0 154 33033
x 0 33034
p 0 259 33034
x 0 33035
p 0 221 33035
x 0 33036
p 0 402 33036
x 0 33037
p 0 249 33037
x 0 33038
p 0 304 33038
x 0 33039
p 0 262 33039
x 0 33040
p 0 281 33040
x 0 33041
p 0 256 33041
x 0 33042
p 0 183 33042
x 0 33043
p 0 259 33043
x 0 33044
p 0 263 33044
x 0 33045
p 0 311 33045
x 0 33046
p 0 257 33046
x 0 33047
p 0 206 33047
x 0 33048
p 0 310 33048
x 0 33049
p 0 227 33049
x 0 33050
p 0 604 33050
x 0 33051
p 0 255 33051
x 0 33052
p 0 224 33052
x 0 33053
p 0 259 33053
x 0 33054
p 0 255 33054
x 0 33055
p 0 257 33055
x 0 33056
p 0 956 33056
x 0 33057
p 0 193 33057
x 0 33058
p 0 224 33058
x 0 33059
p 0 267 33059
x 0 33060
p 0 230 33060
x 0 33000
h 0 10.0.0.13
p 0 9356 33000
x 1 33001
h 1 10.0.0.13
p 1 1917 33001
x 0 33002
p 0 208 33002
x 0 33003
p 0 213 33003
x 0 33004
p 0 216 33004
x 0 33005
p 0 216 33005
x 0 33006
p 0 215 33006
x 0 33007
p 0 211 33007
x 0 33008
p 0 267 33008
x 0 33009
p 0 243 33009
x 0 33010
p 0 212 33010
x 0 33011
p 0 207 33011
x 0 33012
p 0 206 33012
x 0 33013
p 0 206 33013
x 0 33014
p 0 205 33014
x 0 33015
p 0 268 33015
x 0 33016
p 0 204 33016
x 0 33017
p 0 95 33017
x 0 33018
p 0 208 33018
x 0 33019
p 0 205 33019
x 0 33020
p 0 209 33020
x 0 33021
p 0 205 33021
x 0 33022
p 0 208 33022
x 0 33023
p 0 207 33023
x 0 33024
p 0 206 33024
x 0 33025
p 0 207 33025
x 0 33026
p 0 451 33026
x 0 33027
p 0 203 33027
x 0 33028
p 0 200 33028
x 0 33029
p 0 205 33029
x 0 33030
p 0 202 33030
x 0 33031
p 0 199 33031
x 0 33032
p 0 200 33032
x 0 33033
p 0 203 33033
x 0 33034
p 0 201 33034
x 0 33035
p 0 209 33035
x 0 33036
p 0 205 33036
x 0 33037
p 0 253 33037
x 0 33038
p 0 206 33038
x 0 33039
p 0 208 33039
x 0 33040
p 0 206 33040
x 0 33041
p 0 206 33041
x 0 33042
p 0 212 33042
x 0 33043
p 0 205 33043
x 0 33044
p 0 205 33044
x 0 33045
p 0 204 33045
x 0 33046
p 0 205 33046
x 0 33047
p 0 206 33047
x 0 33048
p 0 263 33048
x 0 33049
p 0 246 33049
x 0 33050
p 0 207 33050
x 0 33051
p 0 212 33051
x 0 33052
p 0 211 33052
x 0 33053
p 0 219 33053
x 0 33054
p 0 209 33054
x 0 33055
p 0 248 33055
x 0 33056
p 0 256 33056
x 0 33057
p 0 214 33057
x 0 33058
p 0 220 33058
x 0 33059
p 0 210 33059
x 0 33060
p 0 217 33060
x 0 33000
h 0 10.0.0.13
p 0 8595 33000
x 1 33001
h 1 10.0.0.13
p 1 1945 33001
x 0 33002
p 0 212 33002
x 0 33003
p 0 213 33003
x 0 33004
p 0 212 33004
x 0 33005
p 0 173 33005
x 0 33006
p 0 198 33006
x 0 33007
p 0 165 33007
x 0 33008
p 0 168 33008
x 0 33009
p 0 175 33009
x 0 33010
p 0 213 33010
x 0 33011
p 0 212 33011
x 0 33012
p 0 251 33012
x 0 33013
p 0 256 33013
x 0 33014
p 0 210 33014
x 0 33015
p 0 204 33015
x 0 33016
p 0 102 33016
x 0 33017
p 0 213 33017
x 0 33018
p 0 195 33018
x 0 33019
p 0 210 33019
x 0 33020
p 0 100 33020
x 0 33021
p 0 208 33021
x 0 33022
p 0 209 33022
x 0 33023
p 0 214 33023
x 0 33024
p 0 189 33024
x 0 33025
p 0 208 33025
x 0 33026
p 0 208 33026
x 0 33027
p 0 205 33027
x 0 33028
p 0 207 33028
x 0 33029
p 0 274 33029
x 0 33030
p 0 291 33030
x 0 33031
p 0 205 33031
x 0 33032
p 0 207 33032
x 0 33033
p 0 211 33033
x 0 33034
p 0 209 33034
x 0 33035
p 0 212 33035
x 0 33036
p 0 210 33036
x 0 33037
p 0 214 33037
x 0 33038
p 0 211 33038
x 0 33039
p 0 209 33039
x 0 33040
p 0 210 33040
x 0 33041
p 0 213 33041
x 0 33042
p 0 215 33042
x 0 33043
p 0 217 33043
x 0 33044
p 0 203 33044
x 0 33045
p 0 205 33045
x 0 33046
p 0 205 33046
x 0 33047
p 0 210 33047
x 0 33048
p 0 216 33048
x 0 33049
p 0 249 33049
x 0 33050
p 0 213 33050
x 0 33051
p 0 213 33051
x 0 33052
p 0 218 33052
x 0 33053
p 0 223 33053
x 0 33054
p 0 210 33054
x 0 33055
p 0 212 33055
x 0 33056
p 0 245 33056
x 0 33057
p 0 254 33057
x 0 33058
p 0 232 33058
x 0 33059
p 0 218 33059
x 0 33060
p 0 215 33060
x 0 33000
h 0 10.0.0.13
p 0 9790 33000
x 1 33001
h 1 10.0.0.13
p 1 2019 33001
x 0 33002
p 0 211 33002
x 0 33003
p 0 213 33003
x 0 33004
p 0 212 33004
x 0 33005
p 0 216 33005
x 0 33006
p 0 218 33006
x 0 33007
p 0 209 33007
x 0 33008
p 0 211 33008
x 0 33009
p 0 218 33009
x 0 33010
p 0 213 33010
x 0 33011
p 0 212 33011
x 0 33012
p 0 217 33012
x 0 33013
p 0 212 33013
x 0 33014
p 0 213 33014
x 0 33015
p 0 209 33015
x 0 33016
p 0 242 33016
x 0 33017
p 0 204 33017
x 0 33018
p 0 223 33018
x 0 33019
p 0 207 33019
x 0 33020
p 0 205 33020
x 0 33021
p 0 206 33021
x 0 33022
p 0 221 33022
x 0 33023
p 0 205 33023
x 0 33024
p 0 208 33024
x 0 33025
p 0 210 33025
x 0 33026
p 0 230 33026
x 0 33027
p 0 204 33027
x 0 33028
p 0 206 33028
x 0 33029
p 0 205 33029
x 0 33030
p 0 202 33030
x 0 33031
p 0 203 33031
x 0 33032
p 0 258 33032
x 0 33033
p 0 207 33033
x 0 33034
p 0 205 33034
x 0 33035
p 0 209 33035
x 0 33036
p 0 207 33036
x 0 33037
p 0 221 33037
x 0 33038
p 0 209 33038
x 0 33039
p 0 212 33039
x 0 33040
p 0 205 33040
x 0 33041
p 0 206 33041
x 0 33042
p 0 208 33042
x 0 33043
p 0 207 33043
x 0 33044
p 0 210 33044
x 0 33045
p 0 213 33045
x 0 33046
p 0 207 33046
x 0 33047
p 0 208 33047
x 0 33048
p 0 208 33048
x 0 33049
p 0 206 33049
x 0 33050
p 0 257 33050
x 0 33051
p 0 233 33051
x 0 33052
p 0 210 33052
x 0 33053
p 0 212 33053
x 0 33054
p 0 213 33054
x 0 33055
p 0 304 33055
x 0 33056
p 0 265 33056
x 0 33057
p 0 265 33057
x 0 33058
p 0 211 33058
x 0 33059
p 0 211 33059
x 0 33060
p 0 236 33060
x 0 33000
h 0 10.0.0.13
p 0 10906 33000
x 1 33001
h 1 10.0.0.13
p 1 1849 33001
x 0 33002
p 0 250 33002
x 0 33003
p 0 208 33003
x 0 33004
p 0 169 33004
x 0 33005
p 0 198 33005
x 0 33006
p 0 174 33006
x 0 33007
p 0 169 33007
x 0 33008
p 0 203 33008
x 0 33009
p 0 204 33009
x 0 33010
p 0 184 33010
x 0 33011
p 0 171 33011
x 0 33012
p 0 205 33012
x 0 33013
p 0 204 33013
x 0 33014
p 0 199 33014
x 0 33015
p 0 169 33015
x 0 33016
p 0 169 33016
x 0 33017
p 0 217 33017
x 0 33018
p 0 265 33018
x 0 33019
p 0 171 33019
x 0 33020
p 0 163 33020
x 0 33021
p 0 169 33021
x 0 33022
p 0 173 33022
x 0 33023
p 0 168 33023
x 0 33024
p 0 164 33024
x 0 33025
p 0 225 33025
x 0 33026
p 0 167 33026
x 0 33027
p 0 104 33027
x 0 33028
p 0 117 33028
x 0 33029
p 0 166 33029
x 0 33030
p 0 154 33030
x 0 33031
p 0 209 33031
x 0 33032
p 0 212 33032
x 0 33033
p 0 240 33033
x 0 33034
p 0 204 33034
x 0 33035
p 0 231 33035
x 0 33036
p 0 202 33036
x 0 33037
p 0 211 33037
x 0 33038
p 0 205 33038
x 0 33039
p 0 236 33039
x 0 33040
p 0 207 33040
x 0 33041
p 0 205 33041
x 0 33042
p 0 205 33042
x 0 33043
p 0 236 33043
x 0 33044
p 0 205 33044
x 0 33045
p 0 209 33045
x 0 33046
p 0 203 33046
x 0 33047
p 0 240 33047
x 0 33048
p 0 209 33048
x 0 33049
p 0 213 33049
x 0 33050
p 0 207 33050
x 0 33051
p 0 234 33051
x 0 33052
p 0 207 33052
x 0 33053
p 0 211 33053
x 0 33054
p 0 213 33054
x 0 33055
p 0 205 33055
x 0 33056
p 0 207 33056
x 0 33057
p 0 248 33057
x 0 33058
p 0 228 33058
x 0 33059
p 0 213 33059
x 0 33060
p 0 214 33060
x 0 33000
h 0 10.0.0.13
p 0 9167 33000
x 1 33001
h 1 10.0.0.13
p 1 1829 33001
x 0 33002
p 0 200 33002
x 0 33003
p 0 174 33003
x 0 33004
p 0 284 33004
x 0 33005
p 0 170 33005
x 0 33006
p 0 167 33006
x 0 33007
p 0 217 33007
x 0 33008
p 0 199 33008
x 0 33009
p 0 199 33009
x 0 33010
p 0 166 33010
x 0 33011
p 0 165 33011
x 0 33012
p 0 201 33012
x 0 33013
p 0 255 33013
x 0 33014
p 0 169 33014
x 0 33015
p 0 165 33015
x 0 33016
p 0 201 33016
x 0 33017
p 0 200 33017
x 0 33018
p 0 166 33018
x 0 33019
p 0 167 33019
x 0 33020
p 0 202 33020
x 0 33021
p 0 161 33021
x 0 33022
p 0 164 33022
x 0 33023
p 0 166 33023
x 0 33024
p 0 176 33024
x 0 33025
p 0 200 33025
x 0 33026
p 0 163 33026
x 0 33027
p 0 164 33027
x 0 33028
p 0 203 33028
x 0 33029
p 0 201 33029
x 0 33030
p 0 176 33030
x 0 33031
p 0 162 33031
x 0 33032
p 0 162 33032
x 0 33033
p 0 166 33033
x 0 33034
p 0 168 33034
x 0 33035
p 0 165 33035
x 0 33036
p 0 164 33036
x 0 33037
p 0 165 33037
x 0 33038
p 0 164 33038
x 0 33039
p 0 165 33039
x 0 33040
p 0 162 33040
x 0 33041
p 0 162 33041
x 0 33042
p 0 160 33042
x 0 33043
p 0 169 33043
x 0 33044
p 0 168 33044
x 0 33045
p 0 152 33045
x 0 33046
p 0 148 33046
x 0 33047
p 0 148 33047
x 0 33048
p 0 212 33048
x 0 33049
p 0 298 33049
x 0 33050
p 0 211 33050
x 0 33051
p 0 209 33051
x 0 33052
p 0 207 33052
x 0 33053
p 0 221 33053
x 0 33054
p 0 231 33054
x 0 33055
p 0 211 33055
x 0 33056
p 0 222 33056
x 0 33057
p 0 212 33057
x 0 33058
p 0 228 33058
x 0 33059
p 0 222 33059
x 0 33060
p 0 216 33060
x 0 33000
h 0 10.0.0.13
p 0 9744 33000
x 1 33001
h 1 10.0.0.13
p 1 1821 33001
x 0 33002
p 0 74 33002
x 0 33003
p 0 210 33003
x 0 33004
p 0 288 33004
x 0 33005
p 0 215 33005
x 0 33006
p 0 213 33006
x 0 33007
p 0 189 33007
x 0 33008
p 0 213 33008
x 0 33009
p 0 210 33009
x 0 33010
p 0 209 33010
x 0 33011
p 0 176 33011
x 0 33012
p 0 216 33012
x 0 33013
p 0 201 33013
x 0 33014
p 0 211 33014
x 0 33015
p 0 213 33015
x 0 33016
p 0 217 33016
x 0 33017
p 0 214 33017
x 0 33018
p 0 212 33018
x 0 33019
p 0 212 33019
x 0 33020
p 0 289 33020
x 0 33021
p 0 263 33021
x 0 33022
p 0 242 33022
x 0 33023
p 0 252 33023
x 0 33024
p 0 252 33024
x 0 33025
p 0 209 33025
x 0 33026
p 0 249 33026
x 0 33027
p 0 240 33027
x 0 33028
p 0 214 33028
x 0 33029
p 0 209 33029
x 0 33030
p 0 250 33030
x 0 33031
p 0 242 33031
x 0 33032
p 0 210 33032
x 0 33033
p 0 209 33033
x 0 33034
p 0 210 33034
x 0 33035
p 0 215 33035
x 0 33036
p 0 240 33036
x 0 33037
p 0 213 33037
x 0 33038
p 0 213 33038
x 0 33039
p 0 238 33039
x 0 33040
p 0 209 33040
x 0 33041
p 0 240 33041
x 0 33042
p 0 213 33042
x 0 33043
p 0 220 33043
x 0 33044
p 0 247 33044
x 0 33045
p 0 224 33045
x 0 33046
p 0 206 33046
x 0 33047
p 0 207 33047
x 0 33048
p 0 250 33048
x 0 33049
p 0 212 33049
x 0 33050
p 0 240 33050
x 0 33051
p 0 216 33051
x 0 33052
p 0 192 33052
x 0 33053
p 0 164 33053
x 0 33054
p 0 212 33054
x 0 33055
p 0 187 33055
x 0 33056
p 0 208 33056
x 0 33057
p 0 181 33057
x 0 33058
p 0 213 33058
x 0 33059
p 0 190 33059
x 0 33060
p 0 190 33060
x 0 33000
h 0 10.0.0.13
p 0 8317 33000
x 1 33001
h 1 10.0.0.13
p 1 1767 33001
x 0 33002
p 0 223 33002
x 0 33003
p 0 205 33003
x 0 33004
p 0 204 33004
x 0 33005
p 0 174 33005
x 0 33006
p 0 170 33006
x 0 33007
p 0 260 33007
x 0 33008
p 0 166 33008
x 0 33009
p 0 201 33009
x 0 33010
p 0 171 33010
x 0 33011
p 0 202 33011
x 0 33012
p 0 166 33012
x 0 33013
p 0 201 33013
x 0 33014
p 0 168 33014
x 0 33015
p 0 169 33015
x 0 33016
p 0 204 33016
x 0 33017
p 0 204 33017
x 0 33018
p 0 173 33018
x 0 33019
p 0 180 33019
x 0 33020
p 0 186 33020
x 0 33021
p 0 169 33021
x 0 33022
p 0 188 33022
x 0 33023
p 0 187 33023
x 0 33024
p 0 188 33024
x 0 33025
p 0 185 33025
x 0 33026
p 0 188 33026
x 0 33027
p 0 208 33027
x 0 33028
p 0 170 33028
x 0 33029
p 0 167 33029
x 0 33030
p 0 166 33030
x 0 33031
p 0 166 33031
x 0 33032
p 0 156 33032
x 0 33033
p 0 208 33033
x 0 33034
p 0 170 33034
x 0 33035
p 0 167 33035
x 0 33036
p 0 206 33036
x 0 33037
p 0 166 33037
x 0 33038
p 0 164 33038
x 0 33039
p 0 176 33039
x 0 33040
p 0 164 33040
x 0 33041
p 0 165 33041
x 0 33042
p 0 168 33042
x 0 33043
p 0 164 33043
x 0 33044
p 0 162 33044
x 0 33045
p 0 155 33045
x 0 33046
p 0 210 33046
x 0 33047
p 0 256 33047
x 0 33048
p 0 217 33048
x 0 33049
p 0 219 33049
x 0 33050
p 0 216 33050
x 0 33051
p 0 210 33051
x 0 33052
p 0 206 33052
x 0 33053
p 0 319 33053
x 0 33054
p 0 158 33054
x 0 33055
p 0 154 33055
x 0 33056
p 0 677 33056
x 0 33057
p 0 159 33057
x 0 33058
p 0 231 33058
x 0 33059
p 0 250 33059
x 0 33060
p 0 222 33060
x 0 33000
h 0 10.0.0.13
p 0 9166 33000
x 1 33001
h 1 10.0.0.13
p 1 1699 33001
x 0 33002
p 0 173 33002
x 0 33003
p 0 173 33003
x 0 33004
p 0 217 33004
x 0 33005
p 0 218 33005
x 0 33006
p 0 218 33006
x 0 33007
p 0 218 33007
x 0 33008
p 0 216 33008
x 0 33009
p 0 169 33009
x 0 33010
p 0 180 33010
x 0 33011
p 0 167 33011
x 0 33012
p 0 197 33012
x 0 33013
p 0 138 33013
x 0 33014
p 0 169 33014
x 0 33015
p 0 196 33015
x 0 33016
p 0 165 33016
x 0 33017
p 0 165 33017
x 0 33018
p 0 164 33018
x 0 33019
p 0 246 33019
x 0 33020
p 0 165 33020
x 0 33021
p 0 166 33021
x 0 33022
p 0 172 33022
x 0 33023
p 0 173 33023
x 0 33024
p 0 168 33024
x 0 33025
p 0 174 33025
x 0 33026
p 0 167 33026
x 0 33027
p 0 152 33027
x 0 33028
p 0 180 33028
x 0 33029
p 0 218 33029
x 0 33030
p 0 206 33030
x 0 33031
p 0 202 33031
x 0 33032
p 0 200 33032
x 0 33033
p 0 202 33033
x 0 33034
p 0 201 33034
x 0 33035
p 0 211 33035
x 0 33036
p 0 201 33036
x 0 33037
p 0 200 33037
x 0 33038
p 0 209 33038
x 0 33039
p 0 727 33039
x 0 33040
p 0 208 33040
x 0 33041
p 0 204 33041
x 0 33042
p 0 207 33042
x 0 33043
p 0 209 33043
x 0 33044
p 0 204 33044
x 0 33045
p 0 205 33045
x 0 33046
p 0 205 33046
x 0 33047
p 0 204 33047
x 0 33048
p 0 208 33048
x 0 33049
p 0 203 33049
x 0 33050
p 0 203 33050
x 0 33051
p 0 247 33051
x 0 33052
p 0 213 33052
x 0 33053
p 0 209 33053
x 0 33054
p 0 202 33054
x 0 33055
p 0 206 33055
x 0 33056
p 0 213 33056
x 0 33057
p 0 203 33057
x 0 33058
p 0 205 33058
x 0 33059
p 0 203 33059
x 0 33060
p 0 204 33060
x 0 33000
h 0 10.0.0.13
p 0 10329 33000
x 1 33001
h 1 10.0.0.13
p 1 1458 33001
x 0 33002
p 0 209 33002
x 0 33003
p 0 212 33003
x 0 33004
p 0 212 33004
x 0 33005
p 0 212 33005
x 0 33006
p 0 214 33006
x 0 33007
p 0 214 33007
x 0 33008
p 0 211 33008
x 0 33009
p 0 171 33009
x 0 33010
p 0 169 33010
x 0 33011
p 0 236 33011
x 0 33012
p 0 203 33012
x 0 33013
p 0 148 33013
x 0 33014
p 0 170 33014
x 0 33015
p 0 172 33015
x 0 33016
p 0 173 33016
x 0 33017
p 0 171 33017
x 0 33018
p 0 168 33018
x 0 33019
p 0 173 33019
x 0 33020
p 0 170 33020
x 0 33021
p 0 173 33021
x 0 33022
p 0 148 33022
x 0 33023
p 0 154 33023
x 0 33024
p 0 147 33024
x 0 33025
p 0 187 33025
x 0 33026
p 0 140 33026
x 0 33027
p 0 209 33027
x 0 33028
p 0 206 33028
x 0 33029
p 0 209 33029
x 0 33030
p 0 210 33030
x 0 33031
p 0 272 33031
x 0 33032
p 0 190 33032
x 0 33033
p 0 209 33033
x 0 33034
p 0 244 33034
x 0 33035
p 0 207 33035
x 0 33036
p 0 208 33036
x 0 33037
p 0 208 33037
x 0 33038
p 0 205 33038
x 0 33039
p 0 208 33039
x 0 33040
p 0 209 33040
x 0 33041
p 0 206 33041
x 0 33042
p 0 209 33042
x 0 33043
p 0 205 33043
x 0 33044
p 0 204 33044
x 0 33045
p 0 204 33045
x 0 33046
p 0 201 33046
x 0 33047
p 0 222 33047
x 0 33048
p 0 202 33048
x 0 33049
p 0 205 33049
x 0 33050
p 0 204 33050
x 0 33051
p 0 210 33051
x 0 33052
p 0 250 33052
x 0 33053
p 0 211 33053
x 0 33054
p 0 210 33054
x 0 33055
p 0 213 33055
x 0 33056
p 0 212 33056
x 0 33057
p 0 217 33057
x 0 33058
p 0 212 33058
x 0 33059
p 0 218 33059
x 0 33060
p 0 116 33060
x 0 33000
h 0 10.0.0.13
p 0 8771 33000
x 1 33001
h 1 10.0.0.13
p 1 1934 33001
x 0 33002
p 0 202 33002
x 0 33003
p 0 203 33003
x 0 33004
p 0 203 33004
x 0 33005
p 0 204 33005
x 0 33006
p 0 203 33006
x 0 33007
p 0 198 33007
x 0 33008
p 0 198 33008
x 0 33009
p 0 167 33009
x 0 33010
p 0 201 33010
x 0 33011
p 0 214 33011
x 0 33012
p 0 173 33012
x 0 33013
p 0 199 33013
x 0 33014
p 0 201 33014
x 0 33015
p 0 166 33015
x 0 33016
p 0 199 33016
x 0 33017
p 0 200 33017
x 0 33018
p 0 292 33018
x 0 33019
p 0 169 33019
x 0 33020
p 0 287 33020
x 0 33021
p 0 198 33021
x 0 33022
p 0 201 33022
x 0 33023
p 0 169 33023
x 0 33024
p 0 199 33024
x 0 33025
p 0 78 33025
x 0 33026
p 0 815 33026
x 0 33027
p 0 150 33027
x 0 33028
p 0 267 33028
x 0 33029
p 0 167 33029
x 0 33030
p 0 163 33030
x 0 33031
p 0 192 33031
x 0 33032
p 0 186 33032
x 0 33033
p 0 182 33033
x 0 33034
p 0 205 33034
x 0 33035
p 0 204 33035
x 0 33036
p 0 202 33036
x 0 33037
p 0 200 33037
x 0 33038
p 0 320 33038
x 0 33039
p 0 202 33039
x 0 33040
p 0 202 33040
x 0 33041
p 0 223 33041
x 0 33042
p 0 242 33042
x 0 33043
p 0 204 33043
x 0 33044
p 0 203 33044
x 0 33045
p 0 290 33045
x 0 33046
p 0 246 33046
x 0 33047
p 0 209 33047
x 0 33048
p 0 208 33048
x 0 33049
p 0 245 33049
x 0 33050
p 0 267 33050
x 0 33051
p 0 305 33051
x 0 33052
p 0 187 33052
x 0 33053
p 0 277 33053
x 0 33054
p 0 267 33054
x 0 33055
p 0 212 33055
x 0 33056
p 0 239 33056
x 0 33057
p 0 277 33057
x 0 33058
p 0 240 33058
x 0 33059
p 0 241 33059
x 0 33060
p 0 251 33060
x 0 33000
h 0 10.0.0.13
p 0 8786 33000
x 1 33001
h 1 10.0.0.13
p 1 1600 33001
x 0 33002
p 0 182 33002
x 0 33003
p 0 230 33003
x 0 33004
p 0 199 33004
x 0 33005
p 0 202 33005
x 0 33006
p 0 179 33006
x 0 33007
p 0 202 33007
x 0 33008
p 0 200 33008
x 0 33009
p 0 176 33009
x 0 33010
p 0 203 33010
x 0 33011
p 0 201 33011
x 0 33012
p 0 175 33012
x 0 33013
p 0 177 33013
x 0 33014
p 0 201 33014
x 0 33015
p 0 204 33015
x 0 33016
p 0 175 33016
x 0 33017
p 0 174 33017
x 0 33018
p 0 201 33018
x 0 33019
p 0 201 33019
x 0 33020
p 0 177 33020
x 0 33021
p 0 173 33021
x 0 33022
p 0 202 33022
x 0 33023
p 0 209 33023
x 0 33024
p 0 204 33024
x 0 33025
p 0 200 33025
x 0 33026
p 0 202 33026
x 0 33027
p 0 201 33027
x 0 33028
p 0 205 33028
x 0 33029
p 0 200 33029
x 0 33030
p 0 203 33030
x 0 33031
p 0 203 33031
x 0 33032
p 0 206 33032
x 0 33033
p 0 208 33033
x 0 33034
p 0 178 33034
x 0 33035
p 0 208 33035
x 0 33036
p 0 207 33036
x 0 33037
p 0 210 33037
x 0 33038
p 0 211 33038
x 0 33039
p 0 226 33039
x 0 33040
p 0 210 33040
x 0 33041
p 0 313 33041
x 0 33042
p 0 310 33042
x 0 33043
p 0 341 33043
x 0 33044
p 0 208 33044
x 0 33045
p 0 286 33045
x 0 33046
p 0 207 33046
x 0 33047
p 0 427 33047
x 0 33048
p 0 190 33048
x 0 33049
p 0 206 33049
x 0 33050
p 0 207 33050
x 0 33051
p 0 209 33051
x 0 33052
p 0 207 33052
x 0 33053
p 0 262 33053
x 0 33054
p 0 206 33054
x 0 33055
p 0 210 33055
x 0 33056
p 0 204 33056
x 0 33057
p 0 229 33057
x 0 33058
p 0 231 33058
x 0 33059
p 0 245 33059
x 0 33060
p 0 229 33060
x 0 33000
h 0 10.0.0.13
p 0 7970 33000
x 1 33001
h 1 10.0.0.13
p 1 1909 33001
x 0 33002
p 0 208 33002
x 0 33003
p 0 223 33003
x 0 33004
p 0 210 33004
x 0 33005
p 0 269 33005
x 0 33006
p 0 205 33006
x 0 33007
p 0 203 33007
x 0 33008
p 0 203 33008
x 0 33009
p 0 202 33009
x 0 33010
p 0 203 33010
x 0 33011
p 0 203 33011
x 0 33012
p 0 203 33012
x 0 33013
p 0 200 33013
x 0 33014
p 0 208 33014
x 0 33015
p 0 202 33015
x 0 33016
p 0 200 33016
x 0 33017
p 0 200 33017
x 0 33018
p 0 206 33018
x 0 33019
p 0 202 33019
x 0 33020
p 0 203 33020
x 0 33021
p 0 239 33021
x 0 33022
p 0 202 33022
x 0 33023
p 0 206 33023
x 0 33024
p 0 236 33024
x 0 33025
p 0 204 33025
x 0 33026
p 0 206 33026
x 0 33027
p 0 203 33027
x 0 33028
p 0 204 33028
x 0 33029
p 0 202 33029
x 0 33030
p 0 202 33030
x 0 33031
p 0 230 33031
x 0 33032
p 0 204 33032
x 0 33033
p 0 205 33033
x 0 33034
p 0 202 33034
x 0 33035
p 0 200 33035
x 0 33036
p 0 201 33036
x 0 33037
p 0 206 33037
x 0 33038
p 0 237 33038
x 0 33039
p 0 202 33039
x 0 33040
p 0 202 33040
x 0 33041
p 0 201 33041
x 0 33042
p 0 202 33042
x 0 33043
p 0 205 33043
x 0 33044
p 0 206 33044
x 0 33045
p 0 242 33045
x 0 33046
p 0 203 33046
x 0 33047
p 0 207 33047
x 0 33048
p 0 211 33048
x 0 33049
p 0 205 33049
x 0 33050
p 0 203 33050
x 0 33051
p 0 200 33051
x 0 33052
p 0 236 33052
x 0 33053
p 0 221 33053
x 0 33054
p 0 207 33054
x 0 33055
p 0 204 33055
x 0 33056
p 0 201 33056
x 0 33057
p 0 212 33057
x 0 33058
p 0 212 33058
x 0 33059
p 0 206 33059
x 0 33060
p 0 263 33060
x 0 33000
h 0 10.0.0.13
p 0 9071 33000
x 1 33001
h 1 10.0.0.13
p 1 1822 33001
x 0 33002
p 0 203 33002
x 0 33003
p 0 204 33003
x 0 33004
p 0 209 33004
x 0 33005
p 0 201 33005
x 0 33006
p 0 204 33006
x 0 33007
p 0 206 33007
x 0 33008
p 0 206 33008
x 0 33009
p 0 208 33009
x 0 33010
p 0 207 33010
x 0 33011
p 0 286 33011
x 0 33012
p 0 205 33012
x 0 33013
p 0 205 33013
x 0 33014
p 0 201 33014
x 0 33015
p 0 202 33015
x 0 33016
p 0 204 33016
x 0 33017
p 0 200 33017
x 0 33018
p 0 200 33018
x 0 33019
p 0 206 33019
x 0 33020
p 0 202 33020
x 0 33021
p 0 200 33021
x 0 33022
p 0 201 33022
x 0 33023
p 0 207 33023
x 0 33024
p 0 203 33024
x 0 33025
p 0 205 33025
x 0 33026
p 0 200 33026
x 0 33027
p 0 204 33027
x 0 33028
p 0 207 33028
x 0 33029
p 0 209 33029
x 0 33030
p 0 207 33030
x 0 33031
p 0 206 33031
x 0 33032
p 0 204 33032
x 0 33033
p 0 211 33033
x 0 33034
p 0 206 33034
x 0 33035
p 0 215 33035
x 0 33036
p 0 206 33036
x 0 33037
p 0 205 33037
x 0 33038
p 0 209 33038
x 0 33039
p 0 204 33039
x 0 33040
p 0 156 33040
x 0 33041
p 0 206 33041
x 0 33042
p 0 153 33042
x 0 33043
p 0 213 33043
x 0 33044
p 0 242 33044
x 0 33045
p 0 208 33045
x 0 33046
p 0 140 33046
x 0 33047
p 0 151 33047
x 0 33048
p 0 142 33048
x 0 33049
p 0 213 33049
x 0 33050
p 0 154 33050
x 0 33051
p 0 154 33051
x 0 33052
p 0 213 33052
x 0 33053
p 0 159 33053
x 0 33054
p 0 156 33054
x 0 33055
p 0 160 33055
x 0 33056
p 0 212 33056
x 0 33057
p 0 213 33057
x 0 33058
p 0 163 33058
x 0 33059
p 0 190 33059
x 0 33060
p 0 230 33060
x 0 33000
h 0 10.0.0.13
p 0 9764 33000
x 1 33001
h 1 10.0.0.13
p 1 1850 33001
x 0 33002
p 0 201 33002
x 0 33003
p 0 201 33003
x 0 33004
p 0 200 33004
x 0 33005
p 0 202 33005
x 0 33006
p 0 162 33006
x 0 33007
p 0 197 33007
x 0 33008
p 0 198 33008
x 0 33009
p 0 199 33009
x 0 33010
p 0 200 33010
x 0 33011
p 0 198 33011
x 0 33012
p 0 198 33012
x 0 33013
p 0 198 33013
x 0 33014
p 0 200 33014
x 0 33015
p 0 200 33015
x 0 33016
p 0 199 33016
x 0 33017
p 0 197 33017
x 0 33018
p 0 199 33018
x 0 33019
p 0 199 33019
x 0 33020
p 0 197 33020
x 0 33021
p 0 198 33021
x 0 33022
p 0 240 33022
x 0 33023
p 0 198 33023
x 0 33024
p 0 200 33024
x 0 33025
p 0 199 33025
x 0 33026
p 0 200 33026
x 0 33027
p 0 199 33027
x 0 33028
p 0 198 33028
x 0 33029
p 0 215 33029
x 0 33030
p 0 202 33030
x 0 33031
p 0 198 33031
x 0 33032
p 0 197 33032
x 0 33033
p 0 197 33033
x 0 33034
p 0 198 33034
x 0 33035
p 0 197 33035
x 0 33036
p 0 197 33036
x 0 33037
p 0 198 33037
x 0 33038
p 0 200 33038
x 0 33039
p 0 198 33039
x 0 33040
p 0 196 33040
x 0 33041
p 0 201 33041
x 0 33042
p 0 201 33042
x 0 33043
p 0 200 33043
x 0 33044
p 0 200 33044
x 0 33045
p 0 202 33045
x 0 33046
p 0 200 33046
x 0 33047
p 0 200 33047
x 0 33048
p 0 201 33048
x 0 33049
p 0 201 33049
x 0 33050
p 0 198 33050
x 0 33051
p 0 202 33051
x 0 33052
p 0 200 33052
x 0 33053
p 0 200 33053
x 0 33054
p 0 200 33054
x 0 33055
p 0 202 33055
x 0 33056
p 0 197 33056
x 0 33057
p 0 207 33057
x 0 33058
p 0 204 33058
x 0 33059
p 0 206 33059
x 0 33060
p 0 207 33060
x 0 33000
h 0 10.0.0.13
p 0 8596 33000
x 1 33001
h 1 10.0.0.13
p 1 7425 33001
x 0 33002
p 0 212 33002
x 0 33003
p 0 213 33003
x 0 33004
p 0 231 33004
x 0 33005
p 0 210 33005
x 0 33006
p 0 210 33006
x 0 33007
p 0 208 33007
x 0 33008
p 0 205 33008
x 0 33009
p 0 205 33009
x 0 33010
p 0 205 33010
x 0 33011
p 0 206 33011
x 0 33012
p 0 209 33012
x 0 33013
p 0 206 33013
x 0 33014
p 0 210 33014
x 0 33015
p 0 208 33015
x 0 33016
p 0 203 33016
x 0 33017
p 0 203 33017
x 0 33018
p 0 209 33018
x 0 33019
p 0 206 33019
x 0 33020
p 0 203 33020
x 0 33021
p 0 201 33021
x 0 33022
p 0 206 33022
x 0 33023
p 0 206 33023
x 0 33024
p 0 202 33024
x 0 33025
p 0 215 33025
x 0 33026
p 0 204 33026
x 0 33027
p 0 206 33027
x 0 33028
p 0 203 33028
x 0 33029
p 0 205 33029
x 0 33030
p 0 208 33030
x 0 33031
p 0 208 33031
x 0 33032
p 0 202 33032
x 0 33033
p 0 205 33033
x 0 33034
p 0 208 33034
x 0 33035
p 0 205 33035
x 0 33036
p 0 204 33036
x 0 33037
p 0 209 33037
x 0 33038
p 0 207 33038
x 0 33039
p 0 208 33039
x 0 33040
p 0 206 33040
x 0 33041
p 0 204 33041
x 0 33042
p 0 205 33042
x 0 33043
p 0 208 33043
x 0 33044
p 0 205 33044
x 0 33045
p 0 293 33045
x 0 33046
p 0 207 33046
x 0 33047
p 0 209 33047
x 0 33048
p 0 209 33048
x 0 33049
p 0 295 33049
x 0 33050
p 0 211 33050
x 0 33051
p 0 213 33051
x 0 33052
p 0 213 33052
x 0 33053
p 0 209 33053
x 0 33054
p 0 215 33054
x 0 33055
p 0 217 33055
x 0 33056
p 0 219 33056
x 0 33057
p 0 222 33057
x 0 33058
p 0 216 33058
x 0 33059
p 0 238 33059
x 0 33060
p 0 689 33060
x 0 33000
h 0 10.0.0.13
p 0 8727 33000
x 1 33001
h 1 10.0.0.13
p 1 1762 33001
x 0 33002
p 0 203 33002
x 0 33003
p 0 183 33003
x 0 33004
p 0 204 33004
x 0 33005
p 0 261 33005
x 0 33006
p 0 168 33006
x 0 33007
p 0 170 33007
x 0 33008
p 0 1003 33008
x 0 33009
p 0 224 33009
x 0 33010
p 0 198 33010
x 0 33011
p 0 168 33011
x 0 33012
p 0 164 33012
x 0 33013
p 0 234 33013
x 0 33014
p 0 150 33014
x 0 33015
p 0 164 33015
x 0 33016
p 0 203 33016
x 0 33017
p 0 229 33017
x 0 33018
p 0 171 33018
x 0 33019
p 0 183 33019
x 0 33020
p 0 210 33020
x 0 33021
p 0 225 33021
x 0 33022
p 0 168 33022
x 0 33023
p 0 169 33023
x 0 33024
p 0 199 33024
x 0 33025
p 0 229 33025
x 0 33026
p 0 188 33026
x 0 33027
p 0 168 33027
x 0 33028
p 0 199 33028
x 0 33029
p 0 230 33029
x 0 33030
p 0 167 33030
x 0 33031
p 0 230 33031
x 0 33032
p 0 202 33032
x 0 33033
p 0 156 33033
x 0 33034
p 0 172 33034
x 0 33035
p 0 165 33035
x 0 33036
p 0 202 33036
x 0 33037
p 0 204 33037
x 0 33038
p 0 171 33038
x 0 33039
p 0 172 33039
x 0 33040
p 0 200 33040
x 0 33041
p 0 199 33041
x 0 33042
p 0 170 33042
x 0 33043
p 0 168 33043
x 0 33044
p 0 200 33044
x 0 33045
p 0 200 33045
x 0 33046
p 0 166 33046
x 0 33047
p 0 170 33047
x 0 33048
p 0 202 33048
x 0 33049
p 0 201 33049
x 0 33050
p 0 167 33050
x 0 33051
p 0 170 33051
x 0 33052
p 0 201 33052
x 0 33053
p 0 201 33053
x 0 33054
p 0 168 33054
x 0 33055
p 0 172 33055
x 0 33056
p 0 169 33056
x 0 33057
p 0 203 33057
x 0 33058
p 0 173 33058
x 0 33059
p 0 173 33059
x 0 33060
p 0 216 33060
x 0 33000
h 0 10.0.0.13
p 0 8873 33000
x 1 33001
h 1 10.0.0.13
p 1 1473 33001
x 0 33002
p 0 206 33002
x 0 33003
p 0 206 33003
x 0 33004
p 0 206 33004
x 0 33005
p 0 266 33005
x 0 33006
p 0 208 33006
x 0 33007
p 0 206 33007
x 0 33008
p 0 203 33008
x 0 33009
p 0 206 33009
x 0 33010
p 0 206 33010
x 0 33011
p 0 209 33011
x 0 33012
p 0 238 33012
x 0 33013
p 0 208 33013
x 0 33014
p 0 206 33014
x 0 33015
p 0 208 33015
x 0 33016
p 0 207 33016
x 0 33017
p 0 204 33017
x 0 33018
p 0 205 33018
x 0 33019
p 0 240 33019
x 0 33020
p 0 205 33020
x 0 33021
p 0 203 33021
x 0 33022
p 0 207 33022
x 0 33023
p 0 208 33023
x 0 33024
p 0 203 33024
x 0 33025
p 0 230 33025
x 0 33026
p 0 208 33026
x 0 33027
p 0 207 33027
x 0 33028
p 0 209 33028
x 0 33029
p 0 228 33029
x 0 33030
p 0 224 33030
x 0 33031
p 0 206 33031
x 0 33032
p 0 206 33032
x 0 33033
p 0 206 33033
x 0 33034
p 0 206 33034
x 0 33035
p 0 204 33035
x 0 33036
p 0 236 33036
x 0 33037
p 0 206 33037
x 0 33038
p 0 208 33038
x 0 33039
p 0 204 33039
x 0 33040
p 0 205 33040
x 0 33041
p 0 204 33041
x 0 33042
p 0 205 33042
x 0 33043
p 0 235 33043
x 0 33044
p 0 207 33044
x 0 33045
p 0 211 33045
x 0 33046
p 0 208 33046
x 0 33047
p 0 207 33047
x 0 33048
p 0 210 33048
x 0 33049
p 0 207 33049
x 0 33050
p 0 214 33050
x 0 33051
p 0 208 33051
x 0 33052
p 0 210 33052
x 0 33053
p 0 218 33053
x 0 33054
p 0 211 33054
x 0 33055
p 0 210 33055
x 0 33056
p 0 206 33056
x 0 33057
p 0 210 33057
x 0 33058
p 0 214 33058
x 0 33059
p 0 208 33059
x 0 33060
p 0 229 33060
x 0 33000
h 0 10.0.0.13
p 0 10599 33000
x 1 33001
h 1 10.0.0.13
p 1 1963 33001
x 0 33002
p 0 205 33002
x 0 33003
p 0 209 33003
x 0 33004
p 0 207 33004
x 0 33005
p 0 190 33005
x 0 33006
p 0 210 33006
x 0 33007
p 0 211 33007
x 0 33008
p 0 211 33008
x 0 33009
p 0 191 33009
x 0 33010
p 0 172 33010
x 0 33011
p 0 216 33011
x 0 33012
p 0 213 33012
x 0 33013
p 0 210 33013
x 0 33014
p 0 207 33014
x 0 33015
p 0 209 33015
x 0 33016
p 0 208 33016
x 0 33017
p 0 234 33017
x 0 33018
p 0 207 33018
x 0 33019
p 0 203 33019
x 0 33020
p 0 204 33020
x 0 33021
p 0 324 33021
x 0 33022
p 0 205 33022
x 0 33023
p 0 208 33023
x 0 33024
p 0 206 33024
x 0 33025
p 0 238 33025
x 0 33026
p 0 291 33026
x 0 33027
p 0 236 33027
x 0 33028
p 0 204 33028
x 0 33029
p 0 202 33029
x 0 33030
p 0 204 33030
x 0 33031
p 0 207 33031
x 0 33032
p 0 288 33032
x 0 33033
p 0 245 33033
x 0 33034
p 0 204 33034
x 0 33035
p 0 206 33035
x 0 33036
p 0 206 33036
x 0 33037
p 0 244 33037
x 0 33038
p 0 208 33038
x 0 33039
p 0 299 33039
x 0 33040
p 0 295 33040
x 0 33041
p 0 232 33041
x 0 33042
p 0 210 33042
x 0 33043
p 0 300 33043
x 0 33044
p 0 207 33044
x 0 33045
p 0 237 33045
x 0 33046
p 0 207 33046
x 0 33047
p 0 288 33047
x 0 33048
p 0 239 33048
x 0 33049
p 0 325 33049
x 0 33050
p 0 286 33050
x 0 33051
p 0 212 33051
x 0 33052
p 0 204 33052
x 0 33053
p 0 217 33053
x 0 33054
p 0 211 33054
x 0 33055
p 0 207 33055
x 0 33056
p 0 215 33056
x 0 33057
p 0 278 33057
x 0 33058
p 0 247 33058
x 0 33059
p 0 232 33059
x 0 33060
p 0 225 33060
x 0 33000
h 0 10.0.0.13
p 0 8289 33000
x 1 33001
h 1 10.0.0.13
p 1 1828 33001
x 0 33002
p 0 208 33002
x 0 33003
p 0 204 33003
x 0 33004
p 0 206 33004
x 0 33005
p 0 209 33005
x 0 33006
p 0 237 33006
x 0 33007
p 0 207 33007
x 0 33008
p 0 205 33008
x 0 33009
p 0 205 33009
x 0 33010
p 0 205 33010
x 0 33011
p 0 237 33011
x 0 33012
p 0 206 33012
x 0 33013
p 0 241 33013
x 0 33014
p 0 206 33014
x 0 33015
p 0 209 33015
x 0 33016
p 0 210 33016
x 0 33017
p 0 207 33017
x 0 33018
p 0 247 33018
x 0 33019
p 0 210 33019
x 0 33020
p 0 222 33020
x 0 33021
p 0 215 33021
x 0 33022
p 0 212 33022
x 0 33023
p 0 210 33023
x 0 33024
p 0 207 33024
x 0 33025
p 0 246 33025
x 0 33026
p 0 210 33026
x 0 33027
p 0 208 33027
x 0 33028
p 0 208 33028
x 0 33029
p 0 229 33029
x 0 33030
p 0 205 33030
x 0 33031
p 0 206 33031
x 0 33032
p 0 205 33032
x 0 33033
p 0 208 33033
x 0 33034
p 0 204 33034
x 0 33035
p 0 206 33035
x 0 33036
p 0 211 33036
x 0 33037
p 0 250 33037
x 0 33038
p 0 208 33038
x 0 33039
p 0 205 33039
x 0 33040
p 0 208 33040
x 0 33041
p 0 210 33041
x 0 33042
p 0 210 33042
x 0 33043
p 0 208 33043
x 0 33044
p 0 215 33044
x 0 33045
p 0 284 33045
x 0 33046
p 0 213 33046
x 0 33047
p 0 218 33047
x 0 33048
p 0 218 33048
x 0 33049
p 0 219 33049
x 0 33050
p 0 230 33050
x 0 33051
p 0 242 33051
x 0 33052
p 0 233 33052
x 0 33053
p 0 235 33053
x 0 33054
p 0 240 33054
x 0 33055
p 0 226 33055
x 0 33056
p 0 249 33056
x 0 33057
p 0 233 33057
x 0 33058
p 0 249 33058
x 0 33059
p 0 227 33059
x 0 33060
p 0 227 33060
x 0 33000
h 0 10.0.0.13
p 0 11435 33000
x 1 33001
h 1 10.0.0.13
p 1 2328 33001
x 0 33002
p 0 218 33002
x 0 33003
p 0 222 33003
x 0 33004
p 0 216 33004
x 0 33005
p 0 216 33005
x 0 33006
p 0 214 33006
x 0 33007
p 0 214 33007
x 0 33008
p 0 251 33008
x 0 33009
p 0 211 33009
x 0 33010
p 0 210 33010
x 0 33011
p 0 220 33011
x 0 33012
p 0 211 33012
x 0 33013
p 0 209 33013
x 0 33014
p 0 209 33014
x 0 33015
p 0 206 33015
x 0 33016
p 0 203 33016
x 0 33017
p 0 209 33017
x 0 33018
p 0 206 33018
x 0 33019
p 0 210 33019
x 0 33020
p 0 204 33020
x 0 33021
p 0 204 33021
x 0 33022
p 0 284 33022
x 0 33023
p 0 200 33023
x 0 33024
p 0 201 33024
x 0 33025
p 0 203 33025
x 0 33026
p 0 203 33026
x 0 33027
p 0 207 33027
x 0 33028
p 0 202 33028
x 0 33029
p 0 247 33029
x 0 33030
p 0 201 33030
x 0 33031
p 0 202 33031
x 0 33032
p 0 209 33032
x 0 33033
p 0 202 33033
x 0 33034
p 0 203 33034
x 0 33035
p 0 200 33035
x 0 33036
p 0 200 33036
x 0 33037
p 0 206 33037
x 0 33038
p 0 201 33038
x 0 33039
p 0 204 33039
x 0 33040
p 0 203 33040
x 0 33041
p 0 200 33041
x 0 33042
p 0 207 33042
x 0 33043
p 0 204 33043
x 0 33044
p 0 203 33044
x 0 33045
p 0 205 33045
x 0 33046
p 0 202 33046
x 0 33047
p 0 204 33047
x 0 33048
p 0 205 33048
x 0 33049
p 0 206 33049
x 0 33050
p 0 209 33050
x 0 33051
p 0 204 33051
x 0 33052
p 0 204 33052
x 0 33053
p 0 202 33053
x 0 33054
p 0 205 33054
x 0 33055
p 0 202 33055
x 0 33056
p 0 203 33056
x 0 33057
p 0 209 33057
x 0 33058
p 0 208 33058
x 0 33059
p 0 206 33059
x 0 33060
p 0 251 33060
x 0 33000
h 0 10.0.0.13
p 0 11366 33000
x 1 33001
h 1 10.0.0.13
p 1 1741 33001
x 0 33002
p 0 187 33002
x 0 33003
p 0 204 33003
x 0 33004
p 0 174 33004
x 0 33005
p 0 247 33005
x 0 33006
p 0 174 33006
x 0 33007
p 0 173 33007
x 0 33008
p 0 171 33008
x 0 33009
p 0 173 33009
x 0 33010
p 0 255 33010
x 0 33011
p 0 174 33011
x 0 33012
p 0 176 33012
x 0 33013
p 0 151 33013
x 0 33014
p 0 148 33014
x 0 33015
p 0 276 33015
x 0 33016
p 0 213 33016
x 0 33017
p 0 213 33017
x 0 33018
p 0 213 33018
x 0 33019
p 0 216 33019
x 0 33020
p 0 212 33020
x 0 33021
p 0 213 33021
x 0 33022
p 0 217 33022
x 0 33023
p 0 241 33023
x 0 33024
p 0 211 33024
x 0 33025
p 0 211 33025
x 0 33026
p 0 237 33026
x 0 33027
p 0 217 33027
x 0 33028
p 0 208 33028
x 0 33029
p 0 210 33029
x 0 33030
p 0 216 33030
x 0 33031
p 0 218 33031
x 0 33032
p 0 215 33032
x 0 33033
p 0 209 33033
x 0 33034
p 0 256 33034
x 0 33035
p 0 209 33035
x 0 33036
p 0 211 33036
x 0 33037
p 0 215 33037
x 0 33038
p 0 209 33038
x 0 33039
p 0 210 33039
x 0 33040
p 0 208 33040
x 0 33041
p 0 219 33041
x 0 33042
p 0 213 33042
x 0 33043
p 0 211 33043
x 0 33044
p 0 206 33044
x 0 33045
p 0 212 33045
x 0 33046
p 0 215 33046
x 0 33047
p 0 215 33047
x 0 33048
p 0 213 33048
x 0 33049
p 0 211 33049
x 0 33050
p 0 210 33050
x 0 33051
p 0 217 33051
x 0 33052
p 0 218 33052
x 0 33053
p 0 210 33053
x 0 33054
p 0 208 33054
x 0 33055
p 0 211 33055
x 0 33056
p 0 275 33056
x 0 33057
p 0 219 33057
x 0 33058
p 0 219 33058
x 0 33059
p 0 210 33059
x 0 33060
p 0 209 33060
x 0 33000
h 0 10.0.0.13
p 0 8954 33000
x 1 33001
h 1 10.0.0.13
p 1 1796 33001
x 0 33002
p 0 216 33002
x 0 33003
p 0 204 33003
x 0 33004
p 0 203 33004
x 0 33005
p 0 237 33005
x 0 33006
p 0 202 33006
x 0 33007
p 0 202 33007
x 0 33008
p 0 199 33008
x 0 33009
p 0 231 33009
x 0 33010
p 0 203 33010
x 0 33011
p 0 241 33011
x 0 33012
p 0 202 33012
x 0 33013
p 0 236 33013
x 0 33014
p 0 202 33014
x 0 33015
p 0 203 33015
x 0 33016
p 0 202 33016
x 0 33017
p 0 139 33017
x 0 33018
p 0 200 33018
x 0 33019
p 0 202 33019
x 0 33020
p 0 165 33020
x 0 33021
p 0 204 33021
x 0 33022
p 0 170 33022
x 0 33023
p 0 164 33023
x 0 33024
p 0 200 33024
x 0 33025
p 0 202 33025
x 0 33026
p 0 170 33026
x 0 33027
p 0 162 33027
x 0 33028
p 0 201 33028
x 0 33029
p 0 200 33029
x 0 33030
p 0 196 33030
x 0 33031
p 0 161 33031
x 0 33032
p 0 203 33032
x 0 33033
p 0 201 33033
x 0 33034
p 0 194 33034
x 0 33035
p 0 160 33035
x 0 33036
p 0 184 33036
x 0 33037
p 0 200 33037
x 0 33038
p 0 196 33038
x 0 33039
p 0 181 33039
x 0 33040
p 0 204 33040
x 0 33041
p 0 202 33041
x 0 33042
p 0 189 33042
x 0 33043
p 0 163 33043
x 0 33044
p 0 203 33044
x 0 33045
p 0 204 33045
x 0 33046
p 0 195 33046
x 0 33047
p 0 167 33047
x 0 33048
p 0 205 33048
x 0 33049
p 0 201 33049
x 0 33050
p 0 192 33050
x 0 33051
p 0 167 33051
x 0 33052
p 0 204 33052
x 0 33053
p 0 206 33053
x 0 33054
p 0 195 33054
x 0 33055
p 0 165 33055
x 0 33056
p 0 212 33056
x 0 33057
p 0 189 33057
x 0 33058
p 0 177 33058
x 0 33059
p 0 220 33059
x 0 33060
p 0 248 33060
x 0 33000
h 0 10.0.0.13
p 0 9591 33000
x 1 33001
h 1 10.0.0.13
p 1 2034 33001
x 0 33002
p 0 202 33002
x 0 33003
p 0 201 33003
x 0 33004
p 0 203 33004
x 0 33005
p 0 203 33005
x 0 33006
p 0 206 33006
x 0 33007
p 0 199 33007
x 0 33008
p 0 200 33008
x 0 33009
p 0 202 33009
x 0 33010
p 0 198 33010
x 0 33011
p 0 196 33011
x 0 33012
p 0 202 33012
x 0 33013
p 0 202 33013
x 0 33014
p 0 200 33014
x 0 33015
p 0 198 33015
x 0 33016
p 0 244 33016
x 0 33017
p 0 198 33017
x 0 33018
p 0 201 33018
x 0 33019
p 0 200 33019
x 0 33020
p 0 201 33020
x 0 33021
p 0 203 33021
x 0 33022
p 0 179 33022
x 0 33023
p 0 200 33023
x 0 33024
p 0 204 33024
x 0 33025
p 0 200 33025
x 0 33026
p 0 199 33026
x 0 33027
p 0 200 33027
x 0 33028
p 0 203 33028
x 0 33029
p 0 173 33029
x 0 33030
p 0 201 33030
x 0 33031
p 0 184 33031
x 0 33032
p 0 204 33032
x 0 33033
p 0 203 33033
x 0 33034
p 0 200 33034
x 0 33035
p 0 202 33035
x 0 33036
p 0 199 33036
x 0 33037
p 0 204 33037
x 0 33038
p 0 180 33038
x 0 33039
p 0 201 33039
x 0 33040
p 0 200 33040
x 0 33041
p 0 172 33041
x 0 33042
p 0 204 33042
x 0 33043
p 0 200 33043
x 0 33044
p 0 202 33044
x 0 33045
p 0 202 33045
x 0 33046
p 0 204 33046
x 0 33047
p 0 171 33047
x 0 33048
p 0 158 33048
x 0 33049
p 0 201 33049
x 0 33050
p 0 203 33050
x 0 33051
p 0 201 33051
x 0 33052
p 0 200 33052
x 0 33053
p 0 204 33053
x 0 33054
p 0 202 33054
x 0 33055
p 0 202 33055
x 0 33056
p 0 201 33056
x 0 33057
p 0 211 33057
x 0 33058
p 0 191 33058
x 0 33059
p 0 208 33059
x 0 33060
p 0 233 33060
x 0 33000
h 0 10.0.0.13
p 0 9151 33000
x 1 33001
h 1 10.0.0.13
p 1 1681 33001
x 0 33002
p 0 201 33002
x 0 33003
p 0 213 33003
x 0 33004
p 0 208 33004
x 0 33005
p 0 192 33005
x 0 33006
p 0 172 33006
x 0 33007
p 0 171 33007
x 0 33008
p 0 200 33008
x 0 33009
p 0 168 33009
x 0 33010
p 0 170 33010
x 0 33011
p 0 168 33011
x 0 33012
p 0 169 33012
x 0 33013
p 0 169 33013
x 0 33014
p 0 170 33014
x 0 33015
p 0 168 33015
x 0 33016
p 0 202 33016
x 0 33017
p 0 180 33017
x 0 33018
p 0 170 33018
x 0 33019
p 0 172 33019
x 0 33020
p 0 199 33020
x 0 33021
p 0 198 33021
x 0 33022
p 0 169 33022
x 0 33023
p 0 169 33023
x 0 33024
p 0 199 33024
x 0 33025
p 0 197 33025
x 0 33026
p 0 167 33026
x 0 33027
p 0 175 33027
x 0 33028
p 0 199 33028
x 0 33029
p 0 203 33029
x 0 33030
p 0 168 33030
x 0 33031
p 0 204 33031
x 0 33032
p 0 203 33032
x 0 33033
p 0 202 33033
x 0 33034
p 0 208 33034
x 0 33035
p 0 199 33035
x 0 33036
p 0 201 33036
x 0 33037
p 0 200 33037
x 0 33038
p 0 203 33038
x 0 33039
p 0 204 33039
x 0 33040
p 0 202 33040
x 0 33041
p 0 204 33041
x 0 33042
p 0 205 33042
x 0 33043
p 0 199 33043
x 0 33044
p 0 202 33044
x 0 33045
p 0 199 33045
x 0 33046
p 0 202 33046
x 0 33047
p 0 202 33047
x 0 33048
p 0 201 33048
x 0 33049
p 0 204 33049
x 0 33050
p 0 207 33050
x 0 33051
p 0 201 33051
x 0 33052
p 0 201 33052
x 0 33053
p 0 208 33053
x 0 33054
p 0 209 33054
x 0 33055
p 0 205 33055
x 0 33056
p 0 206 33056
x 0 33057
p 0 209 33057
x 0 33058
p 0 214 33058
x 0 33059
p 0 211 33059
x 0 33060
p 0 209 33060
x 0 33000
h 0 10.0.0.13
p 0 8535 33000
x 1 33001
h 1 10.0.0.13
p 1 1620 33001
x 0 33002
p 0 229 33002
x 0 33003
p 0 150 33003
x 0 33004
p 0 207 33004
x 0 33005
p 0 242 33005
x 0 33006
p 0 204 33006
x 0 33007
p 0 203 33007
x 0 33008
p 0 203 33008
x 0 33009
p 0 175 33009
x 0 33010
p 0 203 33010
x 0 33011
p 0 171 33011
x 0 33012
p 0 205 33012
x 0 33013
p 0 202 33013
x 0 33014
p 0 203 33014
x 0 33015
p 0 203 33015
x 0 33016
p 0 202 33016
x 0 33017
p 0 178 33017
x 0 33018
p 0 204 33018
x 0 33019
p 0 204 33019
x 0 33020
p 0 201 33020
x 0 33021
p 0 202 33021
x 0 33022
p 0 203 33022
x 0 33023
p 0 201 33023
x 0 33024
p 0 203 33024
x 0 33025
p 0 202 33025
x 0 33026
p 0 200 33026
x 0 33027
p 0 255 33027
x 0 33028
p 0 201 33028
x 0 33029
p 0 201 33029
x 0 33030
p 0 200 33030
x 0 33031
p 0 201 33031
x 0 33032
p 0 203 33032
x 0 33033
p 0 203 33033
x 0 33034
p 0 203 33034
x 0 33035
p 0 201 33035
x 0 33036
p 0 201 33036
x 0 33037
p 0 205 33037
x 0 33038
p 0 204 33038
x 0 33039
p 0 205 33039
x 0 33040
p 0 204 33040
x 0 33041
p 0 203 33041
x 0 33042
p 0 204 33042
x 0 33043
p 0 205 33043
x 0 33044
p 0 204 33044
x 0 33045
p 0 206 33045
x 0 33046
p 0 204 33046
x 0 33047
p 0 205 33047
x 0 33048
p 0 202 33048
x 0 33049
p 0 206 33049
x 0 33050
p 0 203 33050
x 0 33051
p 0 204 33051
x 0 33052
p 0 205 33052
x 0 33053
p 0 204 33053
x 0 33054
p 0 211 33054
x 0 33055
p 0 233 33055
x 0 33056
p 0 203 33056
x 0 33057
p 0 173 33057
x 0 33058
p 0 207 33058
x 0 33059
p 0 241 33059
x 0 33060
p 0 234 33060
x 0 33000
h 0 10.0.0.13
p 0 6652 33000
x 1 33001
h 1 10.0.0.13
p 1 1767 33001
x 0 33002
p 0 206 33002
x 0 33003
p 0 287 33003
x 0 33004
p 0 190 33004
x 0 33005
p 0 212 33005
x 0 33006
p 0 205 33006
x 0 33007
p 0 202 33007
x 0 33008
p 0 203 33008
x 0 33009
p 0 204 33009
x 0 33010
p 0 172 33010
x 0 33011
p 0 201 33011
x 0 33012
p 0 174 33012
x 0 33013
p 0 173 33013
x 0 33014
p 0 202 33014
x 0 33015
p 0 202 33015
x 0 33016
p 0 164 33016
x 0 33017
p 0 169 33017
x 0 33018
p 0 171 33018
x 0 33019
p 0 175 33019
x 0 33020
p 0 175 33020
x 0 33021
p 0 209 33021
x 0 33022
p 0 170 33022
x 0 33023
p 0 163 33023
x 0 33024
p 0 173 33024
x 0 33025
p 0 172 33025
x 0 33026
p 0 384 33026
x 0 33027
p 0 194 33027
x 0 33028
p 0 218 33028
x 0 33029
p 0 192 33029
x 0 33030
p 0 203 33030
x 0 33031
p 0 205 33031
x 0 33032
p 0 204 33032
x 0 33033
p 0 186 33033
x 0 33034
p 0 332 33034
x 0 33035
p 0 216 33035
x 0 33036
p 0 596 33036
x 0 33037
p 0 219 33037
x 0 33038
p 0 211 33038
x 0 33039
p 0 253 33039
x 0 33040
p 0 217 33040
x 0 33041
p 0 187 33041
x 0 33042
p 0 149 33042
x 0 33043
p 0 167 33043
x 0 33044
p 0 174 33044
x 0 33045
p 0 263 33045
x 0 33046
p 0 211 33046
x 0 33047
p 0 197 33047
x 0 33048
p 0 250 33048
x 0 33049
p 0 153 33049
x 0 33050
p 0 159 33050
x 0 33051
p 0 224 33051
x 0 33052
p 0 167 33052
x 0 33053
p 0 236 33053
x 0 33054
p 0 223 33054
x 0 33055
p 0 227 33055
x 0 33056
p 0 208 33056
x 0 33057
p 0 214 33057
x 0 33058
p 0 214 33058
x 0 33059
p 0 223 33059
x 0 33060
p 0 238 33060
x 0 33000
h 0 10.0.0.13
p 0 7459 33000
x 1 33001
h 1 10.0.0.13
p 1 1936 33001
x 0 33002
p 0 207 33002
x 0 33003
p 0 185 33003
x 0 33004
p 0 166 33004
x 0 33005
p 0 216 33005
x 0 33006
p 0 204 33006
x 0 33007
p 0 204 33007
x 0 33008
p 0 172 33008
x 0 33009
p 0 230 33009
x 0 33010
p 0 204 33010
x 0 33011
p 0 202 33011
x 0 33012
p 0 172 33012
x 0 33013
p 0 245 33013
x 0 33014
p 0 205 33014
x 0 33015
p 0 203 33015
x 0 33016
p 0 176 33016
x 0 33017
p 0 157 33017
x 0 33018
p 0 205 33018
x 0 33019
p 0 203 33019
x 0 33020
p 0 175 33020
x 0 33021
p 0 242 33021
x 0 33022
p 0 205 33022
x 0 33023
p 0 185 33023
x 0 33024
p 0 177 33024
x 0 33025
p 0 204 33025
x 0 33026
p 0 203 33026
x 0 33027
p 0 175 33027
x 0 33028
p 0 157 33028
x 0 33029
p 0 204 33029
x 0 33030
p 0 204 33030
x 0 33031
p 0 172 33031
x 0 33032
p 0 173 33032
x 0 33033
p 0 215 33033
x 0 33034
p 0 205 33034
x 0 33035
p 0 188 33035
x 0 33036
p 0 172 33036
x 0 33037
p 0 202 33037
x 0 33038
p 0 202 33038
x 0 33039
p 0 164 33039
x 0 33040
p 0 166 33040
x 0 33041
p 0 204 33041
x 0 33042
p 0 169 33042
x 0 33043
p 0 202 33043
x 0 33044
p 0 148 33044
x 0 33045
p 0 176 33045
x 0 33046
p 0 203 33046
x 0 33047
p 0 206 33047
x 0 33048
p 0 174 33048
x 0 33049
p 0 204 33049
x 0 33050
p 0 202 33050
x 0 33051
p 0 202 33051
x 0 33052
p 0 204 33052
x 0 33053
p 0 228 33053
x 0 33054
p 0 201 33054
x 0 33055
p 0 201 33055
x 0 33056
p 0 179 33056
x 0 33057
p 0 207 33057
x 0 33058
p 0 202 33058
x 0 33059
p 0 207 33059
x 0 33060
p 0 216 33060
x 0 33000
h 0 10.0.0.13
p 0 8157 33000
x 1 33001
h 1 10.0.0.13
p 1 1831 33001
x 0 33002
p 0 206 33002
x 0 33003
p 0 205 33003
x 0 33004
p 0 207 33004
x 0 33005
p 0 207 33005
x 0 33006
p 0 208 33006
x 0 33007
p 0 206 33007
x 0 33008
p 0 207 33008
x 0 33009
p 0 204 33009
x 0 33010
p 0 204 33010
x 0 33011
p 0 204 33011
x 0 33012
p 0 297 33012
x 0 33013
p 0 208 33013
x 0 33014
p 0 213 33014
x 0 33015
p 0 212 33015
x 0 33016
p 0 212 33016
x 0 33017
p 0 208 33017
x 0 33018
p 0 212 33018
x 0 33019
p 0 300 33019
x 0 33020
p 0 208 33020
x 0 33021
p 0 208 33021
x 0 33022
p 0 209 33022
x 0 33023
p 0 211 33023
x 0 33024
p 0 208 33024
x 0 33025
p 0 207 33025
x 0 33026
p 0 273 33026
x 0 33027
p 0 206 33027
x 0 33028
p 0 209 33028
x 0 33029
p 0 206 33029
x 0 33030
p 0 205 33030
x 0 33031
p 0 208 33031
x 0 33032
p 0 204 33032
x 0 33033
p 0 212 33033
x 0 33034
p 0 207 33034
x 0 33035
p 0 205 33035
x 0 33036
p 0 207 33036
x 0 33037
p 0 203 33037
x 0 33038
p 0 207 33038
x 0 33039
p 0 204 33039
x 0 33040
p 0 205 33040
x 0 33041
p 0 211 33041
x 0 33042
p 0 209 33042
x 0 33043
p 0 206 33043
x 0 33044
p 0 207 33044
x 0 33045
p 0 204 33045
x 0 33046
p 0 207 33046
x 0 33047
p 0 204 33047
x 0 33048
p 0 210 33048
x 0 33049
p 0 206 33049
x 0 33050
p 0 209 33050
x 0 33051
p 0 209 33051
x 0 33052
p 0 207 33052
x 0 33053
p 0 207 33053
x 0 33054
p 0 205 33054
x 0 33055
p 0 208 33055
x 0 33056
p 0 206 33056
x 0 33057
p 0 207 33057
x 0 33058
p 0 213 33058
x 0 33059
p 0 211 33059
x 0 33060
p 0 217 33060
x 0 33000
h 0 10.0.0.13
p 0 8289 33000
x 1 33001
h 1 10.0.0.13
p 1 1985 33001
x 0 33002
p 0 240 33002
x 0 33003
p 0 279 33003
x 0 33004
p 0 239 33004
x 0 33005
p 0 231 33005
x 0 33006
p 0 232 33006
x 0 33007
p 0 241 33007
x 0 33008
p 0 206 33008
x 0 33009
p 0 204 33009
x 0 33010
p 0 203 33010
x 0 33011
p 0 204 33011
x 0 33012
p 0 238 33012
x 0 33013
p 0 203 33013
x 0 33014
p 0 236 33014
x 0 33015
p 0 228 33015
x 0 33016
p 0 226 33016
x 0 33017
p 0 228 33017
x 0 33018
p 0 231 33018
x 0 33019
p 0 232 33019
x 0 33020
p 0 228 33020
x 0 33021
p 0 225 33021
x 0 33022
p 0 232 33022
x 0 33023
p 0 231 33023
x 0 33024
p 0 224 33024
x 0 33025
p 0 227 33025
x 0 33026
p 0 228 33026
x 0 33027
p 0 229 33027
x 0 33028
p 0 225 33028
x 0 33029
p 0 226 33029
x 0 33030
p 0 230 33030
x 0 33031
p 0 225 33031
x 0 33032
p 0 229 33032
x 0 33033
p 0 236 33033
x 0 33034
p 0 232 33034
x 0 33035
p 0 265 33035
x 0 33036
p 0 230 33036
x 0 33037
p 0 230 33037
x 0 33038
p 0 227 33038
x 0 33039
p 0 247 33039
x 0 33040
p 0 230 33040
x 0 33041
p 0 227 33041
x 0 33042
p 0 227 33042
x 0 33043
p 0 223 33043
x 0 33044
p 0 227 33044
x 0 33045
p 0 225 33045
x 0 33046
p 0 223 33046
x 0 33047
p 0 228 33047
x 0 33048
p 0 229 33048
x 0 33049
p 0 228 33049
x 0 33050
p 0 227 33050
x 0 33051
p 0 225 33051
x 0 33052
p 0 231 33052
x 0 33053
p 0 229 33053
x 0 33054
p 0 230 33054
x 0 33055
p 0 227 33055
x 0 33056
p 0 239 33056
x 0 33057
p 0 245 33057
x 0 33058
p 0 244 33058
x 0 33059
p 0 239 33059
x 0 33060
p 0 238 33060
x 0 33000
h 0 10.0.0.13
p 0 8574 33000
x 1 33001
h 1 10.0.0.13
p 1 1874 33001
x 0 33002
p 0 193 33002
x 0 33003
p 0 256 33003
x 0 33004
p 0 212 33004
x 0 33005
p 0 203 33005
x 0 33006
p 0 205 33006
x 0 33007
p 0 202 33007
x 0 33008
p 0 205 33008
x 0 33009
p 0 207 33009
x 0 33010
p 0 206 33010
x 0 33011
p 0 210 33011
x 0 33012
p 0 206 33012
x 0 33013
p 0 205 33013
x 0 33014
p 0 208 33014
x 0 33015
p 0 202 33015
x 0 33016
p 0 203 33016
x 0 33017
p 0 200 33017
x 0 33018
p 0 204 33018
x 0 33019
p 0 205 33019
x 0 33020
p 0 201 33020
x 0 33021
p 0 201 33021
x 0 33022
p 0 203 33022
x 0 33023
p 0 202 33023
x 0 33024
p 0 200 33024
x 0 33025
p 0 201 33025
x 0 33026
p 0 209 33026
x 0 33027
p 0 177 33027
x 0 33028
p 0 178 33028
x 0 33029
p 0 176 33029
x 0 33030
p 0 205 33030
x 0 33031
p 0 201 33031
x 0 33032
p 0 206 33032
x 0 33033
p 0 208 33033
x 0 33034
p 0 180 33034
x 0 33035
p 0 201 33035
x 0 33036
p 0 176 33036
x 0 33037
p 0 202 33037
x 0 33038
p 0 176 33038
x 0 33039
p 0 175 33039
x 0 33040
p 0 203 33040
x 0 33041
p 0 204 33041
x 0 33042
p 0 178 33042
x 0 33043
p 0 205 33043
x 0 33044
p 0 267 33044
x 0 33045
p 0 178 33045
x 0 33046
p 0 175 33046
x 0 33047
p 0 240 33047
x 0 33048
p 0 205 33048
x 0 33049
p 0 174 33049
x 0 33050
p 0 179 33050
x 0 33051
p 0 201 33051
x 0 33052
p 0 207 33052
x 0 33053
p 0 181 33053
x 0 33054
p 0 243 33054
x 0 33055
p 0 188 33055
x 0 33056
p 0 215 33056
x 0 33057
p 0 188 33057
x 0 33058
p 0 183 33058
x 0 33059
p 0 186 33059
x 0 33060
p 0 189 33060
x 0 33000
h 0 10.0.0.13
p 0 8895 33000
x 1 33001
h 1 10.0.0.13
p 1 2034 33001
x 0 33002
p 0 256 33002
x 0 33003
p 0 212 33003
x 0 33004
p 0 216 33004
x 0 33005
p 0 214 33005
x 0 33006
p 0 259 33006
x 0 33007
p 0 253 33007
x 0 33008
p 0 281 33008
x 0 33009
p 0 260 33009
x 0 33010
p 0 292 33010
x 0 33011
p 0 280 33011
x 0 33012
p 0 210 33012
x 0 33013
p 0 233 33013
x 0 33014
p 0 203 33014
x 0 33015
p 0 213 33015
x 0 33016
p 0 209 33016
x 0 33017
p 0 206 33017
x 0 33018
p 0 213 33018
x 0 33019
p 0 207 33019
x 0 33020
p 0 121 33020
x 0 33021
p 0 206 33021
x 0 33022
p 0 208 33022
x 0 33023
p 0 235 33023
x 0 33024
p 0 204 33024
x 0 33025
p 0 210 33025
x 0 33026
p 0 206 33026
x 0 33027
p 0 206 33027
x 0 33028
p 0 207 33028
x 0 33029
p 0 207 33029
x 0 33030
p 0 232 33030
x 0 33031
p 0 201 33031
x 0 33032
p 0 204 33032
x 0 33033
p 0 207 33033
x 0 33034
p 0 200 33034
x 0 33035
p 0 232 33035
x 0 33036
p 0 201 33036
x 0 33037
p 0 201 33037
x 0 33038
p 0 201 33038
x 0 33039
p 0 200 33039
x 0 33040
p 0 202 33040
x 0 33041
p 0 256 33041
x 0 33042
p 0 201 33042
x 0 33043
p 0 202 33043
x 0 33044
p 0 202 33044
x 0 33045
p 0 230 33045
x 0 33046
p 0 202 33046
x 0 33047
p 0 199 33047
x 0 33048
p 0 206 33048
x 0 33049
p 0 203 33049
x 0 33050
p 0 305 33050
x 0 33051
p 0 203 33051
x 0 33052
p 0 205 33052
x 0 33053
p 0 204 33053
x 0 33054
p 0 205 33054
x 0 33055
p 0 205 33055
x 0 33056
p 0 206 33056
x 0 33057
p 0 208 33057
x 0 33058
p 0 206 33058
x 0 33059
p 0 208 33059
x 0 33060
p 0 211 33060
x 0 33000
h 0 10.0.0.13
p 0 7994 33000
x 1 33001
h 1 10.0.0.13
p 1 1871 33001
x 0 33002
p 0 180 33002
x 0 33003
p 0 172 33003
x 0 33004
p 0 207 33004
x 0 33005
p 0 210 33005
x 0 33006
p 0 309 33006
x 0 33007
p 0 207 33007
x 0 33008
p 0 208 33008
x 0 33009
p 0 205 33009
x 0 33010
p 0 219 33010
x 0 33011
p 0 183 33011
x 0 33012
p 0 176 33012
x 0 33013
p 0 180 33013
x 0 33014
p 0 180 33014
x 0 33015
p 0 180 33015
x 0 33016
p 0 243 33016
x 0 33017
p 0 246 33017
x 0 33018
p 0 210 33018
x 0 33019
p 0 205 33019
x 0 33020
p 0 208 33020
x 0 33021
p 0 206 33021
x 0 33022
p 0 213 33022
x 0 33023
p 0 208 33023
x 0 33024
p 0 287 33024
x 0 33025
p 0 210 33025
x 0 33026
p 0 207 33026
x 0 33027
p 0 216 33027
x 0 33028
p 0 162 33028
x 0 33029
p 0 207 33029
x 0 33030
p 0 207 33030
x 0 33031
p 0 205 33031
x 0 33032
p 0 210 33032
x 0 33033
p 0 205 33033
x 0 33034
p 0 204 33034
x 0 33035
p 0 215 33035
x 0 33036
p 0 205 33036
x 0 33037
p 0 208 33037
x 0 33038
p 0 204 33038
x 0 33039
p 0 207 33039
x 0 33040
p 0 205 33040
x 0 33041
p 0 206 33041
x 0 33042
p 0 241 33042
x 0 33043
p 0 207 33043
x 0 33044
p 0 209 33044
x 0 33045
p 0 207 33045
x 0 33046
p 0 205 33046
x 0 33047
p 0 211 33047
x 0 33048
p 0 211 33048
x 0 33049
p 0 209 33049
x 0 33050
p 0 208 33050
x 0 33051
p 0 204 33051
x 0 33052
p 0 208 33052
x 0 33053
p 0 211 33053
x 0 33054
p 0 228 33054
x 0 33055
p 0 210 33055
x 0 33056
p 0 211 33056
x 0 33057
p 0 232 33057
x 0 33058
p 0 222 33058
x 0 33059
p 0 219 33059
x 0 33060
p 0 216 33060
x 0 33000
h 0 10.0.0.13
p 0 8932 33000
x 1 33001
h 1 10.0.0.13
p 1 1827 33001
x 0 33002
p 0 180 33002
x 0 33003
p 0 205 33003
x 0 33004
p 0 203 33004
x 0 33005
p 0 229 33005
x 0 33006
p 0 171 33006
x 0 33007
p 0 172 33007
x 0 33008
p 0 204 33008
x 0 33009
p 0 203 33009
x 0 33010
p 0 209 33010
x 0 33011
p 0 169 33011
x 0 33012
p 0 201 33012
x 0 33013
p 0 230 33013
x 0 33014
p 0 170 33014
x 0 33015
p 0 172 33015
x 0 33016
p 0 201 33016
x 0 33017
p 0 228 33017
x 0 33018
p 0 170 33018
x 0 33019
p 0 170 33019
x 0 33020
p 0 201 33020
x 0 33021
p 0 226 33021
x 0 33022
p 0 173 33022
x 0 33023
p 0 171 33023
x 0 33024
p 0 202 33024
x 0 33025
p 0 233 33025
x 0 33026
p 0 201 33026
x 0 33027
p 0 170 33027
x 0 33028
p 0 171 33028
x 0 33029
p 0 235 33029
x 0 33030
p 0 167 33030
x 0 33031
p 0 167 33031
x 0 33032
p 0 202 33032
x 0 33033
p 0 174 33033
x 0 33034
p 0 170 33034
x 0 33035
p 0 170 33035
x 0 33036
p 0 204 33036
x 0 33037
p 0 266 33037
x 0 33038
p 0 168 33038
x 0 33039
p 0 172 33039
x 0 33040
p 0 202 33040
x 0 33041
p 0 227 33041
x 0 33042
p 0 171 33042
x 0 33043
p 0 172 33043
x 0 33044
p 0 203 33044
x 0 33045
p 0 231 33045
x 0 33046
p 0 166 33046
x 0 33047
p 0 168 33047
x 0 33048
p 0 202 33048
x 0 33049
p 0 231 33049
x 0 33050
p 0 168 33050
x 0 33051
p 0 155 33051
x 0 33052
p 0 199 33052
x 0 33053
p 0 229 33053
x 0 33054
p 0 167 33054
x 0 33055
p 0 171 33055
x 0 33056
p 0 173 33056
x 0 33057
p 0 208 33057
x 0 33058
p 0 174 33058
x 0 33059
p 0 173 33059
x 0 33060
p 0 215 33060
x 0 33000
h 0 10.0.0.13
p 0 8565 33000
x 1 33001
h 1 10.0.0.13
p 1 1748 33001
x 0 33002
p 0 137 33002
x 0 33003
p 0 171 33003
x 0 33004
p 0 135 33004
x 0 33005
p 0 210 33005
x 0 33006
p 0 207 33006
x 0 33007
p 0 203 33007
x 0 33008
p 0 204 33008
x 0 33009
p 0 205 33009
x 0 33010
p 0 204 33010
x 0 33011
p 0 343 33011
x 0 33012
p 0 207 33012
x 0 33013
p 0 207 33013
x 0 33014
p 0 207 33014
x 0 33015
p 0 206 33015
x 0 33016
p 0 203 33016
x 0 33017
p 0 205 33017
x 0 33018
p 0 245 33018
x 0 33019
p 0 207 33019
x 0 33020
p 0 208 33020
x 0 33021
p 0 202 33021
x 0 33022
p 0 203 33022
x 0 33023
p 0 206 33023
x 0 33024
p 0 206 33024
x 0 33025
p 0 242 33025
x 0 33026
p 0 203 33026
x 0 33027
p 0 236 33027
x 0 33028
p 0 207 33028
x 0 33029
p 0 208 33029
x 0 33030
p 0 206 33030
x 0 33031
p 0 207 33031
x 0 33032
p 0 206 33032
x 0 33033
p 0 161 33033
x 0 33034
p 0 162 33034
x 0 33035
p 0 62 33035
x 0 33036
p 0 159 33036
x 0 33037
p 0 166 33037
x 0 33038
p 0 184 33038
x 0 33039
p 0 200 33039
x 0 33040
p 0 166 33040
x 0 33041
p 0 161 33041
x 0 33042
p 0 187 33042
x 0 33043
p 0 173 33043
x 0 33044
p 0 175 33044
x 0 33045
p 0 202 33045
x 0 33046
p 0 174 33046
x 0 33047
p 0 181 33047
x 0 33048
p 0 174 33048
x 0 33049
p 0 174 33049
x 0 33050
p 0 174 33050
x 0 33051
p 0 162 33051
x 0 33052
p 0 164 33052
x 0 33053
p 0 163 33053
x 0 33054
p 0 177 33054
x 0 33055
p 0 162 33055
x 0 33056
p 0 158 33056
x 0 33057
p 0 151 33057
x 0 33058
p 0 164 33058
x 0 33059
p 0 163 33059
x 0 33060
p 0 169 33060
x 0 33000
h 0 10.0.0.13
p 0 8911 33000
x 1 33001
h 1 10.0.0.13
p 1 2253 33001
x 0 33002
p 0 202 33002
x 0 33003
p 0 240 33003
x 0 33004
p 0 175 33004
x 0 33005
p 0 202 33005
x 0 33006
p 0 202 33006
x 0 33007
p 0 229 33007
x 0 33008
p 0 202 33008
x 0 33009
p 0 200 33009
x 0 33010
p 0 171 33010
x 0 33011
p 0 232 33011
x 0 33012
p 0 171 33012
x 0 33013
p 0 205 33013
x 0 33014
p 0 202 33014
x 0 33015
p 0 234 33015
x 0 33016
p 0 168 33016
x 0 33017
p 0 202 33017
x 0 33018
p 0 200 33018
x 0 33019
p 0 233 33019
x 0 33020
p 0 172 33020
x 0 33021
p 0 204 33021
x 0 33022
p 0 205 33022
x 0 33023
p 0 233 33023
x 0 33024
p 0 174 33024
x 0 33025
p 0 299 33025
x 0 33026
p 0 204 33026
x 0 33027
p 0 202 33027
x 0 33028
p 0 173 33028
x 0 33029
p 0 174 33029
x 0 33030
p 0 204 33030
x 0 33031
p 0 234 33031
x 0 33032
p 0 169 33032
x 0 33033
p 0 205 33033
x 0 33034
p 0 206 33034
x 0 33035
p 0 204 33035
x 0 33036
p 0 173 33036
x 0 33037
p 0 173 33037
x 0 33038
p 0 175 33038
x 0 33039
p 0 175 33039
x 0 33040
p 0 175 33040
x 0 33041
p 0 171 33041
x 0 33042
p 0 175 33042
x 0 33043
p 0 175 33043
x 0 33044
p 0 178 33044
x 0 33045
p 0 174 33045
x 0 33046
p 0 223 33046
x 0 33047
p 0 177 33047
x 0 33048
p 0 175 33048
x 0 33049
p 0 156 33049
x 0 33050
p 0 174 33050
x 0 33051
p 0 179 33051
x 0 33052
p 0 187 33052
x 0 33053
p 0 216 33053
x 0 33054
p 0 143 33054
x 0 33055
p 0 210 33055
x 0 33056
p 0 207 33056
x 0 33057
p 0 207 33057
x 0 33058
p 0 203 33058
x 0 33059
p 0 238 33059
x 0 33060
p 0 221 33060
x 0 33000
h 0 10.0.0.13
p 0 8654 33000
x 1 33001
h 1 10.0.0.13
p 1 1802 33001
x 0 33002
p 0 181 33002
x 0 33003
p 0 174 33003
x 0 33004
p 0 201 33004
x 0 33005
p 0 223 33005
x 0 33006
p 0 242 33006
x 0 33007
p 0 213 33007
x 0 33008
p 0 199 33008
x 0 33009
p 0 201 33009
x 0 33010
p 0 201 33010
x 0 33011
p 0 200 33011
x 0 33012
p 0 202 33012
x 0 33013
p 0 203 33013
x 0 33014
p 0 200 33014
x 0 33015
p 0 204 33015
x 0 33016
p 0 201 33016
x 0 33017
p 0 261 33017
x 0 33018
p 0 199 33018
x 0 33019
p 0 199 33019
x 0 33020
p 0 206 33020
x 0 33021
p 0 198 33021
x 0 33022
p 0 201 33022
x 0 33023
p 0 201 33023
x 0 33024
p 0 203 33024
x 0 33025
p 0 200 33025
x 0 33026
p 0 203 33026
x 0 33027
p 0 203 33027
x 0 33028
p 0 202 33028
x 0 33029
p 0 201 33029
x 0 33030
p 0 201 33030
x 0 33031
p 0 201 33031
x 0 33032
p 0 201 33032
x 0 33033
p 0 184 33033
x 0 33034
p 0 206 33034
x 0 33035
p 0 200 33035
x 0 33036
p 0 244 33036
x 0 33037
p 0 143 33037
x 0 33038
p 0 204 33038
x 0 33039
p 0 132 33039
x 0 33040
p 0 206 33040
x 0 33041
p 0 203 33041
x 0 33042
p 0 176 33042
x 0 33043
p 0 177 33043
x 0 33044
p 0 180 33044
x 0 33045
p 0 184 33045
x 0 33046
p 0 204 33046
x 0 33047
p 0 233 33047
x 0 33048
p 0 180 33048
x 0 33049
p 0 178 33049
x 0 33050
p 0 176 33050
x 0 33051
p 0 117 33051
x 0 33052
p 0 166 33052
x 0 33053
p 0 185 33053
x 0 33054
p 0 178 33054
x 0 33055
p 0 205 33055
x 0 33056
p 0 174 33056
x 0 33057
p 0 161 33057
x 0 33058
p 0 185 33058
x 0 33059
p 0 181 33059
x 0 33060
p 0 185 33060
x 0 33000
h 0 10.0.0.13
p 0 8720 33000
x 1 33001
h 1 10.0.0.13
p 1 1881 33001
x 0 33002
p 0 203 33002
x 0 33003
p 0 166 33003
x 0 33004
p 0 239 33004
x 0 33005
p 0 201 33005
x 0 33006
p 0 199 33006
x 0 33007
p 0 198 33007
x 0 33008
p 0 199 33008
x 0 33009
p 0 198 33009
x 0 33010
p 0 198 33010
x 0 33011
p 0 198 33011
x 0 33012
p 0 170 33012
x 0 33013
p 0 199 33013
x 0 33014
p 0 197 33014
x 0 33015
p 0 201 33015
x 0 33016
p 0 201 33016
x 0 33017
p 0 199 33017
x 0 33018
p 0 200 33018
x 0 33019
p 0 202 33019
x 0 33020
p 0 199 33020
x 0 33021
p 0 200 33021
x 0 33022
p 0 199 33022
x 0 33023
p 0 176 33023
x 0 33024
p 0 203 33024
x 0 33025
p 0 199 33025
x 0 33026
p 0 201 33026
x 0 33027
p 0 199 33027
x 0 33028
p 0 200 33028
x 0 33029
p 0 202 33029
x 0 33030
p 0 199 33030
x 0 33031
p 0 202 33031
x 0 33032
p 0 203 33032
x 0 33033
p 0 203 33033
x 0 33034
p 0 204 33034
x 0 33035
p 0 203 33035
x 0 33036
p 0 202 33036
x 0 33037
p 0 206 33037
x 0 33038
p 0 204 33038
x 0 33039
p 0 205 33039
x 0 33040
p 0 204 33040
x 0 33041
p 0 201 33041
x 0 33042
p 0 203 33042
x 0 33043
p 0 202 33043
x 0 33044
p 0 203 33044
x 0 33045
p 0 202 33045
x 0 33046
p 0 207 33046
x 0 33047
p 0 204 33047
x 0 33048
p 0 227 33048
x 0 33049
p 0 203 33049
x 0 33050
p 0 204 33050
x 0 33051
p 0 208 33051
x 0 33052
p 0 204 33052
x 0 33053
p 0 204 33053
x 0 33054
p 0 256 33054
x 0 33055
p 0 216 33055
x 0 33056
p 0 210 33056
x 0 33057
p 0 216 33057
x 0 33058
p 0 211 33058
x 0 33059
p 0 226 33059
x 0 33060
p 0 221 33060
x 0 33000
h 0 10.0.0.13
p 0 8360 33000
x 1 33001
h 1 10.0.0.13
p 1 1722 33001
x 0 33002
p 0 205 33002
x 0 33003
p 0 204 33003
x 0 33004
p 0 204 33004
x 0 33005
p 0 277 33005
x 0 33006
p 0 207 33006
x 0 33007
p 0 240 33007
x 0 33008
p 0 206 33008
x 0 33009
p 0 232 33009
x 0 33010
p 0 209 33010
x 0 33011
p 0 207 33011
x 0 33012
p 0 211 33012
x 0 33013
p 0 181 33013
x 0 33014
p 0 206 33014
x 0 33015
p 0 208 33015
x 0 33016
p 0 208 33016
x 0 33017
p 0 234 33017
x 0 33018
p 0 207 33018
x 0 33019
p 0 189 33019
x 0 33020
p 0 203 33020
x 0 33021
p 0 237 33021
x 0 33022
p 0 204 33022
x 0 33023
p 0 203 33023
x 0 33024
p 0 174 33024
x 0 33025
p 0 189 33025
x 0 33026
p 0 207 33026
x 0 33027
p 0 206 33027
x 0 33028
p 0 208 33028
x 0 33029
p 0 196 33029
x 0 33030
p 0 171 33030
x 0 33031
p 0 177 33031
x 0 33032
p 0 181 33032
x 0 33033
p 0 202 33033
x 0 33034
p 0 175 33034
x 0 33035
p 0 175 33035
x 0 33036
p 0 175 33036
x 0 33037
p 0 199 33037
x 0 33038
p 0 181 33038
x 0 33039
p 0 172 33039
x 0 33040
p 0 172 33040
x 0 33041
p 0 206 33041
x 0 33042
p 0 210 33042
x 0 33043
p 0 214 33043
x 0 33044
p 0 209 33044
x 0 33045
p 0 160 33045
x 0 33046
p 0 211 33046
x 0 33047
p 0 156 33047
x 0 33048
p 0 213 33048
x 0 33049
p 0 171 33049
x 0 33050
p 0 159 33050
x 0 33051
p 0 270 33051
x 0 33052
p 0 196 33052
x 0 33053
p 0 163 33053
x 0 33054
p 0 210 33054
x 0 33055
p 0 156 33055
x 0 33056
p 0 211 33056
x 0 33057
p 0 211 33057
x 0 33058
p 0 215 33058
x 0 33059
p 0 209 33059
x 0 33060
p 0 213 33060
x 0 33000
h 0 10.0.0.13
p 0 7198 33000
x 1 33001
h 1 10.0.0.13
p 1 1993 33001
x 0 33002
p 0 200 33002
x 0 33003
p 0 201 33003
x 0 33004
p 0 203 33004
x 0 33005
p 0 173 33005
x 0 33006
p 0 200 33006
x 0 33007
p 0 198 33007
x 0 33008
p 0 201 33008
x 0 33009
p 0 122 33009
x 0 33010
p 0 200 33010
x 0 33011
p 0 199 33011
x 0 33012
p 0 171 33012
x 0 33013
p 0 202 33013
x 0 33014
p 0 104 33014
x 0 33015
p 0 200 33015
x 0 33016
p 0 199 33016
x 0 33017
p 0 173 33017
x 0 33018
p 0 150 33018
x 0 33019
p 0 199 33019
x 0 33020
p 0 198 33020
x 0 33021
p 0 199 33021
x 0 33022
p 0 200 33022
x 0 33023
p 0 198 33023
x 0 33024
p 0 199 33024
x 0 33025
p 0 200 33025
x 0 33026
p 0 201 33026
x 0 33027
p 0 199 33027
x 0 33028
p 0 201 33028
x 0 33029
p 0 198 33029
x 0 33030
p 0 197 33030
x 0 33031
p 0 200 33031
x 0 33032
p 0 204 33032
x 0 33033
p 0 171 33033
x 0 33034
p 0 200 33034
x 0 33035
p 0 202 33035
x 0 33036
p 0 202 33036
x 0 33037
p 0 171 33037
x 0 33038
p 0 202 33038
x 0 33039
p 0 203 33039
x 0 33040
p 0 201 33040
x 0 33041
p 0 169 33041
x 0 33042
p 0 171 33042
x 0 33043
p 0 202 33043
x 0 33044
p 0 198 33044
x 0 33045
p 0 202 33045
x 0 33046
p 0 226 33046
x 0 33047
p 0 199 33047
x 0 33048
p 0 229 33048
x 0 33049
p 0 202 33049
x 0 33050
p 0 203 33050
x 0 33051
p 0 200 33051
x 0 33052
p 0 229 33052
x 0 33053
p 0 203 33053
x 0 33054
p 0 197 33054
x 0 33055
p 0 200 33055
x 0 33056
p 0 240 33056
x 0 33057
p 0 213 33057
x 0 33058
p 0 220 33058
x 0 33059
p 0 249 33059
x 0 33060
p 0 211 33060
x 0 33000
h 0 10.0.0.13
p 0 8818 33000
x 1 33001
h 1 10.0.0.13
p 1 1385 33001
x 0 33002
p 0 143 33002
x 0 33003
p 0 101 33003
x 0 33004
p 0 201 33004
x 0 33005
p 0 222 33005
x 0 33006
p 0 170 33006
x 0 33007
p 0 165 33007
x 0 33008
p 0 198 33008
x 0 33009
p 0 225 33009
x 0 33010
p 0 202 33010
x 0 33011
p 0 200 33011
x 0 33012
p 0 201 33012
x 0 33013
p 0 199 33013
x 0 33014
p 0 172 33014
x 0 33015
p 0 200 33015
x 0 33016
p 0 199 33016
x 0 33017
p 0 198 33017
x 0 33018
p 0 199 33018
x 0 33019
p 0 199 33019
x 0 33020
p 0 200 33020
x 0 33021
p 0 198 33021
x 0 33022
p 0 198 33022
x 0 33023
p 0 201 33023
x 0 33024
p 0 168 33024
x 0 33025
p 0 198 33025
x 0 33026
p 0 200 33026
x 0 33027
p 0 204 33027
x 0 33028
p 0 201 33028
x 0 33029
p 0 198 33029
x 0 33030
p 0 198 33030
x 0 33031
p 0 200 33031
x 0 33032
p 0 201 33032
x 0 33033
p 0 200 33033
x 0 33034
p 0 199 33034
x 0 33035
p 0 201 33035
x 0 33036
p 0 200 33036
x 0 33037
p 0 199 33037
x 0 33038
p 0 200 33038
x 0 33039
p 0 202 33039
x 0 33040
p 0 203 33040
x 0 33041
p 0 199 33041
x 0 33042
p 0 200 33042
x 0 33043
p 0 202 33043
x 0 33044
p 0 199 33044
x 0 33045
p 0 198 33045
x 0 33046
p 0 198 33046
x 0 33047
p 0 199 33047
x 0 33048
p 0 199 33048
x 0 33049
p 0 168 33049
x 0 33050
p 0 200 33050
x 0 33051
p 0 187 33051
x 0 33052
p 0 201 33052
x 0 33053
p 0 201 33053
x 0 33054
p 0 172 33054
x 0 33055
p 0 203 33055
x 0 33056
p 0 201 33056
x 0 33057
p 0 200 33057
x 0 33058
p 0 179 33058
x 0 33059
p 0 203 33059
x 0 33060
p 0 215 33060
x 0 33000
h 0 10.0.0.13
p 0 8070 33000
x 1 33001
h 1 10.0.0.13
p 1 1708 33001
x 0 33002
p 0 137 33002
x 0 33003
p 0 203 33003
x 0 33004
p 0 251 33004
x 0 33005
p 0 199 33005
x 0 33006
p 0 177 33006
x 0 33007
p 0 197 33007
x 0 33008
p 0 147 33008
x 0 33009
p 0 258 33009
x 0 33010
p 0 203 33010
x 0 33011
p 0 151 33011
x 0 33012
p 0 212 33012
x 0 33013
p 0 173 33013
x 0 33014
p 0 197 33014
x 0 33015
p 0 172 33015
x 0 33016
p 0 185 33016
x 0 33017
p 0 171 33017
x 0 33018
p 0 166 33018
x 0 33019
p 0 176 33019
x 0 33020
p 0 168 33020
x 0 33021
p 0 167 33021
x 0 33022
p 0 167 33022
x 0 33023
p 0 177 33023
x 0 33024
p 0 167 33024
x 0 33025
p 0 168 33025
x 0 33026
p 0 202 33026
x 0 33027
p 0 588 33027
x 0 33028
p 0 233 33028
x 0 33029
p 0 221 33029
x 0 33030
p 0 213 33030
x 0 33031
p 0 257 33031
x 0 33032
p 0 213 33032
x 0 33033
p 0 222 33033
x 0 33034
p 0 221 33034
x 0 33035
p 0 211 33035
x 0 33036
p 0 218 33036
x 0 33037
p 0 153 33037
x 0 33038
p 0 270 33038
x 0 33039
p 0 153 33039
x 0 33040
p 0 153 33040
x 0 33041
p 0 252 33041
x 0 33042
p 0 155 33042
x 0 33043
p 0 152 33043
x 0 33044
p 0 219 33044
x 0 33045
p 0 152 33045
x 0 33046
p 0 246 33046
x 0 33047
p 0 151 33047
x 0 33048
p 0 239 33048
x 0 33049
p 0 153 33049
x 0 33050
p 0 210 33050
x 0 33051
p 0 150 33051
x 0 33052
p 0 210 33052
x 0 33053
p 0 151 33053
x 0 33054
p 0 149 33054
x 0 33055
p 0 243 33055
x 0 33056
p 0 144 33056
x 0 33057
p 0 153 33057
x 0 33058
p 0 218 33058
x 0 33059
p 0 221 33059
x 0 33060
p 0 218 33060
x 0 33000
h 0 10.0.0.13
p 0 7247 33000
x 1 33001
h 1 10.0.0.13
p 1 1779 33001
x 0 33002
p 0 204 33002
x 0 33003
p 0 203 33003
x 0 33004
p 0 210 33004
x 0 33005
p 0 203 33005
x 0 33006
p 0 199 33006
x 0 33007
p 0 197 33007
x 0 33008
p 0 177 33008
x 0 33009
p 0 202 33009
x 0 33010
p 0 200 33010
x 0 33011
p 0 200 33011
x 0 33012
p 0 170 33012
x 0 33013
p 0 202 33013
x 0 33014
p 0 199 33014
x 0 33015
p 0 198 33015
x 0 33016
p 0 171 33016
x 0 33017
p 0 201 33017
x 0 33018
p 0 192 33018
x 0 33019
p 0 198 33019
x 0 33020
p 0 153 33020
x 0 33021
p 0 200 33021
x 0 33022
p 0 199 33022
x 0 33023
p 0 199 33023
x 0 33024
p 0 171 33024
x 0 33025
p 0 198 33025
x 0 33026
p 0 200 33026
x 0 33027
p 0 199 33027
x 0 33028
p 0 170 33028
x 0 33029
p 0 189 33029
x 0 33030
p 0 198 33030
x 0 33031
p 0 107 33031
x 0 33032
p 0 173 33032
x 0 33033
p 0 173 33033
x 0 33034
p 0 164 33034
x 0 33035
p 0 161 33035
x 0 33036
p 0 164 33036
x 0 33037
p 0 166 33037
x 0 33038
p 0 166 33038
x 0 33039
p 0 163 33039
x 0 33040
p 0 169 33040
x 0 33041
p 0 157 33041
x 0 33042
p 0 177 33042
x 0 33043
p 0 186 33043
x 0 33044
p 0 161 33044
x 0 33045
p 0 162 33045
x 0 33046
p 0 160 33046
x 0 33047
p 0 162 33047
x 0 33048
p 0 167 33048
x 0 33049
p 0 168 33049
x 0 33050
p 0 225 33050
x 0 33051
p 0 162 33051
x 0 33052
p 0 205 33052
x 0 33053
p 0 206 33053
x 0 33054
p 0 152 33054
x 0 33055
p 0 208 33055
x 0 33056
p 0 206 33056
x 0 33057
p 0 158 33057
x 0 33058
p 0 275 33058
x 0 33059
p 0 154 33059
x 0 33060
p 0 211 33060
x 0 33000
h 0 10.0.0.13
p 0 8372 33000
x 1 33001
h 1 10.0.0.13
p 1 1796 33001
x 0 33002
p 0 206 33002
x 0 33003
p 0 203 33003
x 0 33004
p 0 205 33004
x 0 33005
p 0 199 33005
x 0 33006
p 0 201 33006
x 0 33007
p 0 201 33007
x 0 33008
p 0 201 33008
x 0 33009
p 0 202 33009
x 0 33010
p 0 201 33010
x 0 33011
p 0 199 33011
x 0 33012
p 0 201 33012
x 0 33013
p 0 201 33013
x 0 33014
p 0 203 33014
x 0 33015
p 0 202 33015
x 0 33016
p 0 203 33016
x 0 33017
p 0 200 33017
x 0 33018
p 0 200 33018
x 0 33019
p 0 203 33019
x 0 33020
p 0 203 33020
x 0 33021
p 0 201 33021
x 0 33022
p 0 200 33022
x 0 33023
p 0 203 33023
x 0 33024
p 0 200 33024
x 0 33025
p 0 200 33025
x 0 33026
p 0 201 33026
x 0 33027
p 0 204 33027
x 0 33028
p 0 205 33028
x 0 33029
p 0 200 33029
x 0 33030
p 0 200 33030
x 0 33031
p 0 201 33031
x 0 33032
p 0 202 33032
x 0 33033
p 0 204 33033
x 0 33034
p 0 201 33034
x 0 33035
p 0 204 33035
x 0 33036
p 0 202 33036
x 0 33037
p 0 203 33037
x 0 33038
p 0 203 33038
x 0 33039
p 0 202 33039
x 0 33040
p 0 205 33040
x 0 33041
p 0 203 33041
x 0 33042
p 0 211 33042
x 0 33043
p 0 206 33043
x 0 33044
p 0 205 33044
x 0 33045
p 0 203 33045
x 0 33046
p 0 202 33046
x 0 33047
p 0 208 33047
x 0 33048
p 0 207 33048
x 0 33049
p 0 205 33049
x 0 33050
p 0 205 33050
x 0 33051
p 0 208 33051
x 0 33052
p 0 208 33052
x 0 33053
p 0 212 33053
x 0 33054
p 0 207 33054
x 0 33055
p 0 215 33055
x 0 33056
p 0 288 33056
x 0 33057
p 0 242 33057
x 0 33058
p 0 225 33058
x 0 33059
p 0 211 33059
x 0 33060
p 0 226 33060
x 0 33000
h 0 10.0.0.13
p 0 8726 33000
x 1 33001
h 1 10.0.0.13
p 1 1660 33001
x 0 33002
p 0 203 33002
x 0 33003
p 0 203 33003
x 0 33004
p 0 207 33004
x 0 33005
p 0 205 33005
x 0 33006
p 0 208 33006
x 0 33007
p 0 180 33007
x 0 33008
p 0 199 33008
x 0 33009
p 0 200 33009
x 0 33010
p 0 197 33010
x 0 33011
p 0 202 33011
x 0 33012
p 0 206 33012
x 0 33013
p 0 201 33013
x 0 33014
p 0 206 33014
x 0 33015
p 0 168 33015
x 0 33016
p 0 201 33016
x 0 33017
p 0 202 33017
x 0 33018
p 0 213 33018
x 0 33019
p 0 172 33019
x 0 33020
p 0 172 33020
x 0 33021
p 0 202 33021
x 0 33022
p 0 200 33022
x 0 33023
p 0 174 33023
x 0 33024
p 0 171 33024
x 0 33025
p 0 204 33025
x 0 33026
p 0 203 33026
x 0 33027
p 0 171 33027
x 0 33028
p 0 171 33028
x 0 33029
p 0 204 33029
x 0 33030
p 0 205 33030
x 0 33031
p 0 169 33031
x 0 33032
p 0 171 33032
x 0 33033
p 0 161 33033
x 0 33034
p 0 197 33034
x 0 33035
p 0 169 33035
x 0 33036
p 0 162 33036
x 0 33037
p 0 203 33037
x 0 33038
p 0 139 33038
x 0 33039
p 0 169 33039
x 0 33040
p 0 170 33040
x 0 33041
p 0 167 33041
x 0 33042
p 0 199 33042
x 0 33043
p 0 171 33043
x 0 33044
p 0 169 33044
x 0 33045
p 0 205 33045
x 0 33046
p 0 252 33046
x 0 33047
p 0 177 33047
x 0 33048
p 0 176 33048
x 0 33049
p 0 172 33049
x 0 33050
p 0 201 33050
x 0 33051
p 0 174 33051
x 0 33052
p 0 172 33052
x 0 33053
p 0 203 33053
x 0 33054
p 0 201 33054
x 0 33055
p 0 174 33055
x 0 33056
p 0 176 33056
x 0 33057
p 0 183 33057
x 0 33058
p 0 177 33058
x 0 33059
p 0 233 33059
x 0 33060
p 0 219 33060
