x 0 33000
h 0 10.0.0.12
p 0 45822 33000
x 1 33001
h 1 10.0.0.12
p 1 229 33001
x 0 33002
p 0 211 33002
x 0 33003
p 0 189 33003
x 0 33004
p 0 312 33004
x 0 33005
p 0 218 33005
x 0 33006
p 0 180 33006
x 0 33007
p 0 177 33007
x 0 33008
p 0 266 33008
x 0 33009
p 0 170 33009
x 0 33010
p 0 177 33010
x 0 33011
p 0 174 33011
x 0 33012
p 0 208 33012
x 0 33013
p 0 207 33013
x 0 33014
p 0 175 33014
x 0 33015
p 0 175 33015
x 0 33016
p 0 209 33016
x 0 33017
p 0 173 33017
x 0 33018
p 0 174 33018
x 0 33019
p 0 173 33019
x 0 33020
p 0 181 33020
x 0 33021
p 0 174 33021
x 0 33022
p 0 179 33022
x 0 33023
p 0 177 33023
x 0 33024
p 0 215 33024
x 0 33025
p 0 216 33025
x 0 33026
p 0 174 33026
x 0 33027
p 0 181 33027
x 0 33028
p 0 216 33028
x 0 33029
p 0 211 33029
x 0 33030
p 0 182 33030
x 0 33031
p 0 190 33031
x 0 33032
p 0 218 33032
x 0 33033
p 0 212 33033
x 0 33034
p 0 318 33034
x 0 33035
p 0 261 33035
x 0 33036
p 0 281 33036
x 0 33037
p 0 244 33037
x 0 33038
p 0 240 33038
x 0 33039
p 0 238 33039
x 0 33040
p 0 259 33040
x 0 33041
p 0 260 33041
x 0 33042
p 0 239 33042
x 0 33043
p 0 242 33043
x 0 33044
p 0 230 33044
x 0 33045
p 0 236 33045
x 0 33046
p 0 227 33046
x 0 33047
p 0 243 33047
x 0 33048
p 0 244 33048
x 0 33049
p 0 226 33049
x 0 33050
p 0 258 33050
x 0 33051
p 0 262 33051
x 0 33052
p 0 245 33052
x 0 33053
p 0 242 33053
x 0 33054
p 0 241 33054
x 0 33055
p 0 247 33055
x 0 33056
p 0 280 33056
x 0 33057
p 0 264 33057
x 0 33058
p 0 283 33058
x 0 33059
p 0 244 33059
x 0 33060
p 0 301 33060
x 0 33000
h 0 10.0.0.12
p 0 24521 33000
x 1 33001
h 1 10.0.0.12
p 1 1029 33001
x 0 33002
p 0 214 33002
x 0 33003
p 0 221 33003
x 0 33004
p 0 221 33004
x 0 33005
p 0 220 33005
x 0 33006
p 0 221 33006
x 0 33007
p 0 215 33007
x 0 33008
p 0 215 33008
x 0 33009
p 0 212 33009
x 0 33010
p 0 215 33010
x 0 33011
p 0 250 33011
x 0 33012
p 0 225 33012
x 0 33013
p 0 216 33013
x 0 33014
p 0 213 33014
x 0 33015
p 0 215 33015
x 0 33016
p 0 218 33016
x 0 33017
p 0 216 33017
x 0 33018
p 0 247 33018
x 0 33019
p 0 213 33019
x 0 33020
p 0 218 33020
x 0 33021
p 0 219 33021
x 0 33022
p 0 225 33022
x 0 33023
p 0 220 33023
x 0 33024
p 0 266 33024
x 0 33025
p 0 250 33025
x 0 33026
p 0 217 33026
x 0 33027
p 0 219 33027
x 0 33028
p 0 218 33028
x 0 33029
p 0 214 33029
x 0 33030
p 0 214 33030
x 0 33031
p 0 255 33031
x 0 33032
p 0 253 33032
x 0 33033
p 0 213 33033
x 0 33034
p 0 214 33034
x 0 33035
p 0 216 33035
x 0 33036
p 0 227 33036
x 0 33037
p 0 235 33037
x 0 33038
p 0 325 33038
x 0 33039
p 0 269 33039
x 0 33040
p 0 228 33040
x 0 33041
p 0 241 33041
x 0 33042
p 0 238 33042
x 0 33043
p 0 227 33043
x 0 33044
p 0 227 33044
x 0 33045
p 0 326 33045
x 0 33046
p 0 224 33046
x 0 33047
p 0 225 33047
x 0 33048
p 0 224 33048
x 0 33049
p 0 226 33049
x 0 33050
p 0 224 33050
x 0 33051
p 0 224 33051
x 0 33052
p 0 227 33052
x 0 33053
p 0 229 33053
x 0 33054
p 0 397 33054
x 0 33055
p 0 226 33055
x 0 33056
p 0 228 33056
x 0 33057
p 0 231 33057
x 0 33058
p 0 225 33058
x 0 33059
p 0 114 33059
x 0 33060
p 0 290 33060
x 0 33000
h 0 10.0.0.12
p 0 27715 33000
x 1 33001
h 1 10.0.0.12
p 1 665 33001
x 0 33002
p 0 213 33002
x 0 33003
p 0 232 33003
x 0 33004
p 0 233 33004
x 0 33005
p 0 295 33005
x 0 33006
p 0 270 33006
x 0 33007
p 0 299 33007
x 0 33008
p 0 302 33008
x 0 33009
p 0 247 33009
x 0 33010
p 0 257 33010
x 0 33011
p 0 214 33011
x 0 33012
p 0 223 33012
x 0 33013
p 0 222 33013
x 0 33014
p 0 227 33014
x 0 33015
p 0 241 33015
x 0 33016
p 0 224 33016
x 0 33017
p 0 289 33017
x 0 33018
p 0 253 33018
x 0 33019
p 0 230 33019
x 0 33020
p 0 232 33020
x 0 33021
p 0 322 33021
x 0 33022
p 0 219 33022
x 0 33023
p 0 221 33023
x 0 33024
p 0 431 33024
x 0 33025
p 0 360 33025
x 0 33026
p 0 316 33026
x 0 33027
p 0 327 33027
x 0 33028
p 0 314 33028
x 0 33029
p 0 217 33029
x 0 33030
p 0 217 33030
x 0 33031
p 0 215 33031
x 0 33032
p 0 210 33032
x 0 33033
p 0 208 33033
x 0 33034
p 0 213 33034
x 0 33035
p 0 206 33035
x 0 33036
p 0 217 33036
x 0 33037
p 0 240 33037
x 0 33038
p 0 218 33038
x 0 33039
p 0 214 33039
x 0 33040
p 0 237 33040
x 0 33041
p 0 212 33041
x 0 33042
p 0 208 33042
x 0 33043
p 0 242 33043
x 0 33044
p 0 219 33044
x 0 33045
p 0 213 33045
x 0 33046
p 0 213 33046
x 0 33047
p 0 227 33047
x 0 33048
p 0 226 33048
x 0 33049
p 0 212 33049
x 0 33050
p 0 265 33050
x 0 33051
p 0 238 33051
x 0 33052
p 0 221 33052
x 0 33053
p 0 210 33053
x 0 33054
p 0 217 33054
x 0 33055
p 0 298 33055
x 0 33056
p 0 258 33056
x 0 33057
p 0 340 33057
x 0 33058
p 0 245 33058
x 0 33059
p 0 220 33059
x 0 33060
p 0 213 33060
x 0 33000
h 0 10.0.0.12
p 0 37744 33000
x 1 33001
h 1 10.0.0.12
p 1 1004 33001
x 0 33002
p 0 212 33002
x 0 33003
p 0 214 33003
x 0 33004
p 0 198 33004
x 0 33005
p 0 176 33005
x 0 33006
p 0 183 33006
x 0 33007
p 0 177 33007
x 0 33008
p 0 213 33008
x 0 33009
p 0 184 33009
x 0 33010
p 0 173 33010
x 0 33011
p 0 177 33011
x 0 33012
p 0 212 33012
x 0 33013
p 0 173 33013
x 0 33014
p 0 708 33014
x 0 33015
p 0 207 33015
x 0 33016
p 0 152 33016
x 0 33017
p 0 155 33017
x 0 33018
p 0 152 33018
x 0 33019
p 0 154 33019
x 0 33020
p 0 197 33020
x 0 33021
p 0 227 33021
x 0 33022
p 0 165 33022
x 0 33023
p 0 159 33023
x 0 33024
p 0 223 33024
x 0 33025
p 0 163 33025
x 0 33026
p 0 252 33026
x 0 33027
p 0 238 33027
x 0 33028
p 0 160 33028
x 0 33029
p 0 231 33029
x 0 33030
p 0 200 33030
x 0 33031
p 0 256 33031
x 0 33032
p 0 220 33032
x 0 33033
p 0 196 33033
x 0 33034
p 0 213 33034
x 0 33035
p 0 154 33035
x 0 33036
p 0 219 33036
x 0 33037
p 0 152 33037
x 0 33038
p 0 161 33038
x 0 33039
p 0 212 33039
x 0 33040
p 0 218 33040
x 0 33041
p 0 217 33041
x 0 33042
p 0 209 33042
x 0 33043
p 0 212 33043
x 0 33044
p 0 209 33044
x 0 33045
p 0 212 33045
x 0 33046
p 0 207 33046
x 0 33047
p 0 204 33047
x 0 33048
p 0 204 33048
x 0 33049
p 0 203 33049
x 0 33050
p 0 213 33050
x 0 33051
p 0 209 33051
x 0 33052
p 0 210 33052
x 0 33053
p 0 332 33053
x 0 33054
p 0 265 33054
x 0 33055
p 0 250 33055
x 0 33056
p 0 213 33056
x 0 33057
p 0 215 33057
x 0 33058
p 0 208 33058
x 0 33059
p 0 175 33059
x 0 33060
p 0 179 33060
x 0 33000
h 0 10.0.0.12
p 0 24549 33000
x 1 33001
h 1 10.0.0.12
p 1 1483 33001
x 0 33002
p 0 160 33002
x 0 33003
p 0 203 33003
x 0 33004
p 0 241 33004
x 0 33005
p 0 229 33005
x 0 33006
p 0 214 33006
x 0 33007
p 0 156 33007
x 0 33008
p 0 142 33008
x 0 33009
p 0 203 33009
x 0 33010
p 0 199 33010
x 0 33011
p 0 205 33011
x 0 33012
p 0 213 33012
x 0 33013
p 0 196 33013
x 0 33014
p 0 203 33014
x 0 33015
p 0 204 33015
x 0 33016
p 0 170 33016
x 0 33017
p 0 155 33017
x 0 33018
p 0 200 33018
x 0 33019
p 0 163 33019
x 0 33020
p 0 202 33020
x 0 33021
p 0 204 33021
x 0 33022
p 0 204 33022
x 0 33023
p 0 203 33023
x 0 33024
p 0 204 33024
x 0 33025
p 0 206 33025
x 0 33026
p 0 204 33026
x 0 33027
p 0 169 33027
x 0 33028
p 0 164 33028
x 0 33029
p 0 202 33029
x 0 33030
p 0 202 33030
x 0 33031
p 0 201 33031
x 0 33032
p 0 164 33032
x 0 33033
p 0 203 33033
x 0 33034
p 0 205 33034
x 0 33035
p 0 201 33035
x 0 33036
p 0 162 33036
x 0 33037
p 0 203 33037
x 0 33038
p 0 206 33038
x 0 33039
p 0 201 33039
x 0 33040
p 0 200 33040
x 0 33041
p 0 203 33041
x 0 33042
p 0 202 33042
x 0 33043
p 0 202 33043
x 0 33044
p 0 172 33044
x 0 33045
p 0 201 33045
x 0 33046
p 0 173 33046
x 0 33047
p 0 200 33047
x 0 33048
p 0 166 33048
x 0 33049
p 0 163 33049
x 0 33050
p 0 202 33050
x 0 33051
p 0 211 33051
x 0 33052
p 0 175 33052
x 0 33053
p 0 172 33053
x 0 33054
p 0 207 33054
x 0 33055
p 0 195 33055
x 0 33056
p 0 174 33056
x 0 33057
p 0 206 33057
x 0 33058
p 0 216 33058
x 0 33059
p 0 225 33059
x 0 33060
p 0 216 33060
x 0 33000
h 0 10.0.0.12
p 0 24716 33000
x 1 33001
h 1 10.0.0.12
p 1 1126 33001
x 0 33002
p 0 207 33002
x 0 33003
p 0 203 33003
x 0 33004
p 0 208 33004
x 0 33005
p 0 243 33005
x 0 33006
p 0 208 33006
x 0 33007
p 0 206 33007
x 0 33008
p 0 175 33008
x 0 33009
p 0 296 33009
x 0 33010
p 0 205 33010
x 0 33011
p 0 207 33011
x 0 33012
p 0 175 33012
x 0 33013
p 0 169 33013
x 0 33014
p 0 208 33014
x 0 33015
p 0 204 33015
x 0 33016
p 0 175 33016
x 0 33017
p 0 211 33017
x 0 33018
p 0 204 33018
x 0 33019
p 0 171 33019
x 0 33020
p 0 173 33020
x 0 33021
p 0 238 33021
x 0 33022
p 0 207 33022
x 0 33023
p 0 205 33023
x 0 33024
p 0 177 33024
x 0 33025
p 0 207 33025
x 0 33026
p 0 204 33026
x 0 33027
p 0 169 33027
x 0 33028
p 0 171 33028
x 0 33029
p 0 207 33029
x 0 33030
p 0 201 33030
x 0 33031
p 0 202 33031
x 0 33032
p 0 179 33032
x 0 33033
p 0 205 33033
x 0 33034
p 0 204 33034
x 0 33035
p 0 202 33035
x 0 33036
p 0 178 33036
x 0 33037
p 0 203 33037
x 0 33038
p 0 163 33038
x 0 33039
p 0 171 33039
x 0 33040
p 0 173 33040
x 0 33041
p 0 206 33041
x 0 33042
p 0 208 33042
x 0 33043
p 0 204 33043
x 0 33044
p 0 184 33044
x 0 33045
p 0 208 33045
x 0 33046
p 0 175 33046
x 0 33047
p 0 210 33047
x 0 33048
p 0 176 33048
x 0 33049
p 0 179 33049
x 0 33050
p 0 206 33050
x 0 33051
p 0 249 33051
x 0 33052
p 0 169 33052
x 0 33053
p 0 170 33053
x 0 33054
p 0 201 33054
x 0 33055
p 0 172 33055
x 0 33056
p 0 174 33056
x 0 33057
p 0 182 33057
x 0 33058
p 0 210 33058
x 0 33059
p 0 233 33059
x 0 33060
p 0 212 33060
x 0 33000
h 0 10.0.0.12
p 0 24260 33000
x 1 33001
h 1 10.0.0.12
p 1 1100 33001
x 0 33002
p 0 205 33002
x 0 33003
p 0 160 33003
x 0 33004
p 0 273 33004
x 0 33005
p 0 217 33005
x 0 33006
p 0 219 33006
x 0 33007
p 0 207 33007
x 0 33008
p 0 214 33008
x 0 33009
p 0 213 33009
x 0 33010
p 0 214 33010
x 0 33011
p 0 218 33011
x 0 33012
p 0 212 33012
x 0 33013
p 0 210 33013
x 0 33014
p 0 215 33014
x 0 33015
p 0 211 33015
x 0 33016
p 0 215 33016
x 0 33017
p 0 214 33017
x 0 33018
p 0 210 33018
x 0 33019
p 0 212 33019
x 0 33020
p 0 215 33020
x 0 33021
p 0 258 33021
x 0 33022
p 0 219 33022
x 0 33023
p 0 212 33023
x 0 33024
p 0 214 33024
x 0 33025
p 0 211 33025
x 0 33026
p 0 214 33026
x 0 33027
p 0 214 33027
x 0 33028
p 0 207 33028
x 0 33029
p 0 177 33029
x 0 33030
p 0 207 33030
x 0 33031
p 0 209 33031
x 0 33032
p 0 203 33032
x 0 33033
p 0 206 33033
x 0 33034
p 0 210 33034
x 0 33035
p 0 216 33035
x 0 33036
p 0 213 33036
x 0 33037
p 0 344 33037
x 0 33038
p 0 213 33038
x 0 33039
p 0 212 33039
x 0 33040
p 0 213 33040
x 0 33041
p 0 216 33041
x 0 33042
p 0 213 33042
x 0 33043
p 0 219 33043
x 0 33044
p 0 214 33044
x 0 33045
p 0 207 33045
x 0 33046
p 0 206 33046
x 0 33047
p 0 205 33047
x 0 33048
p 0 206 33048
x 0 33049
p 0 206 33049
x 0 33050
p 0 208 33050
x 0 33051
p 0 213 33051
x 0 33052
p 0 212 33052
x 0 33053
p 0 211 33053
x 0 33054
p 0 211 33054
x 0 33055
p 0 213 33055
x 0 33056
p 0 216 33056
x 0 33057
p 0 215 33057
x 0 33058
p 0 207 33058
x 0 33059
p 0 213 33059
x 0 33060
p 0 366 33060
x 0 33000
h 0 10.0.0.12
p 0 25037 33000
x 1 33001
h 1 10.0.0.12
p 1 951 33001
x 0 33002
p 0 219 33002
x 0 33003
p 0 214 33003
x 0 33004
p 0 178 33004
x 0 33005
p 0 181 33005
x 0 33006
p 0 179 33006
x 0 33007
p 0 212 33007
x 0 33008
p 0 178 33008
x 0 33009
p 0 178 33009
x 0 33010
p 0 175 33010
x 0 33011
p 0 171 33011
x 0 33012
p 0 171 33012
x 0 33013
p 0 172 33013
x 0 33014
p 0 171 33014
x 0 33015
p 0 204 33015
x 0 33016
p 0 171 33016
x 0 33017
p 0 173 33017
x 0 33018
p 0 175 33018
x 0 33019
p 0 174 33019
x 0 33020
p 0 175 33020
x 0 33021
p 0 178 33021
x 0 33022
p 0 174 33022
x 0 33023
p 0 176 33023
x 0 33024
p 0 178 33024
x 0 33025
p 0 154 33025
x 0 33026
p 0 152 33026
x 0 33027
p 0 155 33027
x 0 33028
p 0 150 33028
x 0 33029
p 0 146 33029
x 0 33030
p 0 148 33030
x 0 33031
p 0 146 33031
x 0 33032
p 0 154 33032
x 0 33033
p 0 148 33033
x 0 33034
p 0 149 33034
x 0 33035
p 0 149 33035
x 0 33036
p 0 150 33036
x 0 33037
p 0 152 33037
x 0 33038
p 0 171 33038
x 0 33039
p 0 148 33039
x 0 33040
p 0 149 33040
x 0 33041
p 0 152 33041
x 0 33042
p 0 176 33042
x 0 33043
p 0 174 33043
x 0 33044
p 0 175 33044
x 0 33045
p 0 170 33045
x 0 33046
p 0 149 33046
x 0 33047
p 0 152 33047
x 0 33048
p 0 148 33048
x 0 33049
p 0 152 33049
x 0 33050
p 0 152 33050
x 0 33051
p 0 149 33051
x 0 33052
p 0 151 33052
x 0 33053
p 0 252 33053
x 0 33054
p 0 210 33054
x 0 33055
p 0 206 33055
x 0 33056
p 0 206 33056
x 0 33057
p 0 210 33057
x 0 33058
p 0 221 33058
x 0 33059
p 0 221 33059
x 0 33060
p 0 222 33060
x 0 33000
h 0 10.0.0.12
p 0 23937 33000
x 1 33001
h 1 10.0.0.12
p 1 1115 33001
x 0 33002
p 0 173 33002
x 0 33003
p 0 171 33003
x 0 33004
p 0 230 33004
x 0 33005
p 0 168 33005
x 0 33006
p 0 132 33006
x 0 33007
p 0 135 33007
x 0 33008
p 0 144 33008
x 0 33009
p 0 205 33009
x 0 33010
p 0 201 33010
x 0 33011
p 0 170 33011
x 0 33012
p 0 167 33012
x 0 33013
p 0 210 33013
x 0 33014
p 0 204 33014
x 0 33015
p 0 167 33015
x 0 33016
p 0 206 33016
x 0 33017
p 0 158 33017
x 0 33018
p 0 206 33018
x 0 33019
p 0 173 33019
x 0 33020
p 0 249 33020
x 0 33021
p 0 208 33021
x 0 33022
p 0 208 33022
x 0 33023
p 0 175 33023
x 0 33024
p 0 157 33024
x 0 33025
p 0 208 33025
x 0 33026
p 0 175 33026
x 0 33027
p 0 203 33027
x 0 33028
p 0 199 33028
x 0 33029
p 0 203 33029
x 0 33030
p 0 203 33030
x 0 33031
p 0 208 33031
x 0 33032
p 0 206 33032
x 0 33033
p 0 203 33033
x 0 33034
p 0 169 33034
x 0 33035
p 0 204 33035
x 0 33036
p 0 204 33036
x 0 33037
p 0 204 33037
x 0 33038
p 0 201 33038
x 0 33039
p 0 205 33039
x 0 33040
p 0 205 33040
x 0 33041
p 0 205 33041
x 0 33042
p 0 203 33042
x 0 33043
p 0 166 33043
x 0 33044
p 0 205 33044
x 0 33045
p 0 171 33045
x 0 33046
p 0 205 33046
x 0 33047
p 0 171 33047
x 0 33048
p 0 170 33048
x 0 33049
p 0 202 33049
x 0 33050
p 0 201 33050
x 0 33051
p 0 204 33051
x 0 33052
p 0 168 33052
x 0 33053
p 0 169 33053
x 0 33054
p 0 199 33054
x 0 33055
p 0 172 33055
x 0 33056
p 0 166 33056
x 0 33057
p 0 205 33057
x 0 33058
p 0 204 33058
x 0 33059
p 0 203 33059
x 0 33060
p 0 217 33060
x 0 33000
h 0 10.0.0.12
p 0 23595 33000
x 1 33001
h 1 10.0.0.12
p 1 1049 33001
x 0 33002
p 0 206 33002
x 0 33003
p 0 161 33003
x 0 33004
p 0 165 33004
x 0 33005
p 0 179 33005
x 0 33006
p 0 208 33006
x 0 33007
p 0 176 33007
x 0 33008
p 0 179 33008
x 0 33009
p 0 177 33009
x 0 33010
p 0 176 33010
x 0 33011
p 0 173 33011
x 0 33012
p 0 182 33012
x 0 33013
p 0 363 33013
x 0 33014
p 0 354 33014
x 0 33015
p 0 331 33015
x 0 33016
p 0 400 33016
x 0 33017
p 0 356 33017
x 0 33018
p 0 362 33018
x 0 33019
p 0 175 33019
x 0 33020
p 0 358 33020
x 0 33021
p 0 207 33021
x 0 33022
p 0 205 33022
x 0 33023
p 0 257 33023
x 0 33024
p 0 208 33024
x 0 33025
p 0 204 33025
x 0 33026
p 0 295 33026
x 0 33027
p 0 170 33027
x 0 33028
p 0 206 33028
x 0 33029
p 0 299 33029
x 0 33030
p 0 206 33030
x 0 33031
p 0 168 33031
x 0 33032
p 0 203 33032
x 0 33033
p 0 156 33033
x 0 33034
p 0 202 33034
x 0 33035
p 0 168 33035
x 0 33036
p 0 236 33036
x 0 33037
p 0 203 33037
x 0 33038
p 0 200 33038
x 0 33039
p 0 195 33039
x 0 33040
p 0 211 33040
x 0 33041
p 0 393 33041
x 0 33042
p 0 197 33042
x 0 33043
p 0 234 33043
x 0 33044
p 0 203 33044
x 0 33045
p 0 204 33045
x 0 33046
p 0 213 33046
x 0 33047
p 0 202 33047
x 0 33048
p 0 90 33048
x 0 33049
p 0 208 33049
x 0 33050
p 0 210 33050
x 0 33051
p 0 155 33051
x 0 33052
p 0 175 33052
x 0 33053
p 0 149 33053
x 0 33054
p 0 302 33054
x 0 33055
p 0 280 33055
x 0 33056
p 0 238 33056
x 0 33057
p 0 217 33057
x 0 33058
p 0 213 33058
x 0 33059
p 0 281 33059
x 0 33060
p 0 217 33060
x 0 33000
h 0 10.0.0.12
p 0 23399 33000
x 1 33001
h 1 10.0.0.12
p 1 1022 33001
x 0 33002
p 0 217 33002
x 0 33003
p 0 215 33003
x 0 33004
p 0 205 33004
x 0 33005
p 0 180 33005
x 0 33006
p 0 204 33006
x 0 33007
p 0 165 33007
x 0 33008
p 0 173 33008
x 0 33009
p 0 172 33009
x 0 33010
p 0 205 33010
x 0 33011
p 0 167 33011
x 0 33012
p 0 172 33012
x 0 33013
p 0 166 33013
x 0 33014
p 0 204 33014
x 0 33015
p 0 202 33015
x 0 33016
p 0 171 33016
x 0 33017
p 0 170 33017
x 0 33018
p 0 208 33018
x 0 33019
p 0 206 33019
x 0 33020
p 0 169 33020
x 0 33021
p 0 171 33021
x 0 33022
p 0 101 33022
x 0 33023
p 0 240 33023
x 0 33024
p 0 209 33024
x 0 33025
p 0 214 33025
x 0 33026
p 0 213 33026
x 0 33027
p 0 212 33027
x 0 33028
p 0 214 33028
x 0 33029
p 0 209 33029
x 0 33030
p 0 210 33030
x 0 33031
p 0 211 33031
x 0 33032
p 0 209 33032
x 0 33033
p 0 218 33033
x 0 33034
p 0 205 33034
x 0 33035
p 0 204 33035
x 0 33036
p 0 210 33036
x 0 33037
p 0 248 33037
x 0 33038
p 0 248 33038
x 0 33039
p 0 208 33039
x 0 33040
p 0 213 33040
x 0 33041
p 0 209 33041
x 0 33042
p 0 212 33042
x 0 33043
p 0 214 33043
x 0 33044
p 0 210 33044
x 0 33045
p 0 208 33045
x 0 33046
p 0 212 33046
x 0 33047
p 0 210 33047
x 0 33048
p 0 220 33048
x 0 33049
p 0 211 33049
x 0 33050
p 0 214 33050
x 0 33051
p 0 209 33051
x 0 33052
p 0 305 33052
x 0 33053
p 0 226 33053
x 0 33054
p 0 223 33054
x 0 33055
p 0 205 33055
x 0 33056
p 0 208 33056
x 0 33057
p 0 207 33057
x 0 33058
p 0 216 33058
x 0 33059
p 0 215 33059
x 0 33060
p 0 209 33060
x 0 33000
h 0 10.0.0.12
p 0 22705 33000
x 1 33001
h 1 10.0.0.12
p 1 1076 33001
x 0 33002
p 0 213 33002
x 0 33003
p 0 212 33003
x 0 33004
p 0 214 33004
x 0 33005
p 0 209 33005
x 0 33006
p 0 204 33006
x 0 33007
p 0 200 33007
x 0 33008
p 0 205 33008
x 0 33009
p 0 208 33009
x 0 33010
p 0 201 33010
x 0 33011
p 0 201 33011
x 0 33012
p 0 207 33012
x 0 33013
p 0 207 33013
x 0 33014
p 0 206 33014
x 0 33015
p 0 202 33015
x 0 33016
p 0 208 33016
x 0 33017
p 0 196 33017
x 0 33018
p 0 200 33018
x 0 33019
p 0 204 33019
x 0 33020
p 0 209 33020
x 0 33021
p 0 205 33021
x 0 33022
p 0 202 33022
x 0 33023
p 0 211 33023
x 0 33024
p 0 211 33024
x 0 33025
p 0 208 33025
x 0 33026
p 0 205 33026
x 0 33027
p 0 205 33027
x 0 33028
p 0 183 33028
x 0 33029
p 0 203 33029
x 0 33030
p 0 210 33030
x 0 33031
p 0 202 33031
x 0 33032
p 0 212 33032
x 0 33033
p 0 210 33033
x 0 33034
p 0 211 33034
x 0 33035
p 0 351 33035
x 0 33036
p 0 299 33036
x 0 33037
p 0 167 33037
x 0 33038
p 0 161 33038
x 0 33039
p 0 159 33039
x 0 33040
p 0 100 33040
x 0 33041
p 0 157 33041
x 0 33042
p 0 154 33042
x 0 33043
p 0 215 33043
x 0 33044
p 0 189 33044
x 0 33045
p 0 154 33045
x 0 33046
p 0 152 33046
x 0 33047
p 0 152 33047
x 0 33048
p 0 152 33048
x 0 33049
p 0 149 33049
x 0 33050
p 0 152 33050
x 0 33051
p 0 159 33051
x 0 33052
p 0 153 33052
x 0 33053
p 0 164 33053
x 0 33054
p 0 156 33054
x 0 33055
p 0 211 33055
x 0 33056
p 0 170 33056
x 0 33057
p 0 211 33057
x 0 33058
p 0 293 33058
x 0 33059
p 0 250 33059
x 0 33060
p 0 218 33060
x 0 33000
h 0 10.0.0.12
p 0 23420 33000
x 1 33001
h 1 10.0.0.12
p 1 1114 33001
x 0 33002
p 0 196 33002
x 0 33003
p 0 217 33003
x 0 33004
p 0 223 33004
x 0 33005
p 0 225 33005
x 0 33006
p 0 220 33006
x 0 33007
p 0 212 33007
x 0 33008
p 0 267 33008
x 0 33009
p 0 235 33009
x 0 33010
p 0 213 33010
x 0 33011
p 0 221 33011
x 0 33012
p 0 216 33012
x 0 33013
p 0 213 33013
x 0 33014
p 0 218 33014
x 0 33015
p 0 212 33015
x 0 33016
p 0 216 33016
x 0 33017
p 0 218 33017
x 0 33018
p 0 285 33018
x 0 33019
p 0 181 33019
x 0 33020
p 0 219 33020
x 0 33021
p 0 224 33021
x 0 33022
p 0 219 33022
x 0 33023
p 0 215 33023
x 0 33024
p 0 217 33024
x 0 33025
p 0 215 33025
x 0 33026
p 0 221 33026
x 0 33027
p 0 213 33027
x 0 33028
p 0 211 33028
x 0 33029
p 0 211 33029
x 0 33030
p 0 222 33030
x 0 33031
p 0 172 33031
x 0 33032
p 0 167 33032
x 0 33033
p 0 180 33033
x 0 33034
p 0 202 33034
x 0 33035
p 0 206 33035
x 0 33036
p 0 205 33036
x 0 33037
p 0 143 33037
x 0 33038
p 0 202 33038
x 0 33039
p 0 205 33039
x 0 33040
p 0 205 33040
x 0 33041
p 0 172 33041
x 0 33042
p 0 198 33042
x 0 33043
p 0 139 33043
x 0 33044
p 0 198 33044
x 0 33045
p 0 160 33045
x 0 33046
p 0 160 33046
x 0 33047
p 0 196 33047
x 0 33048
p 0 159 33048
x 0 33049
p 0 165 33049
x 0 33050
p 0 160 33050
x 0 33051
p 0 167 33051
x 0 33052
p 0 168 33052
x 0 33053
p 0 162 33053
x 0 33054
p 0 143 33054
x 0 33055
p 0 148 33055
x 0 33056
p 0 206 33056
x 0 33057
p 0 180 33057
x 0 33058
p 0 199 33058
x 0 33059
p 0 204 33059
x 0 33060
p 0 275 33060
x 0 33000
h 0 10.0.0.12
p 0 23202 33000
x 1 33001
h 1 10.0.0.12
p 1 1041 33001
x 0 33002
p 0 268 33002
x 0 33003
p 0 222 33003
x 0 33004
p 0 213 33004
x 0 33005
p 0 209 33005
x 0 33006
p 0 176 33006
x 0 33007
p 0 203 33007
x 0 33008
p 0 205 33008
x 0 33009
p 0 206 33009
x 0 33010
p 0 202 33010
x 0 33011
p 0 177 33011
x 0 33012
p 0 206 33012
x 0 33013
p 0 211 33013
x 0 33014
p 0 181 33014
x 0 33015
p 0 210 33015
x 0 33016
p 0 208 33016
x 0 33017
p 0 211 33017
x 0 33018
p 0 212 33018
x 0 33019
p 0 212 33019
x 0 33020
p 0 179 33020
x 0 33021
p 0 212 33021
x 0 33022
p 0 212 33022
x 0 33023
p 0 209 33023
x 0 33024
p 0 207 33024
x 0 33025
p 0 204 33025
x 0 33026
p 0 170 33026
x 0 33027
p 0 229 33027
x 0 33028
p 0 208 33028
x 0 33029
p 0 209 33029
x 0 33030
p 0 206 33030
x 0 33031
p 0 204 33031
x 0 33032
p 0 177 33032
x 0 33033
p 0 209 33033
x 0 33034
p 0 214 33034
x 0 33035
p 0 207 33035
x 0 33036
p 0 150 33036
x 0 33037
p 0 151 33037
x 0 33038
p 0 151 33038
x 0 33039
p 0 150 33039
x 0 33040
p 0 213 33040
x 0 33041
p 0 206 33041
x 0 33042
p 0 215 33042
x 0 33043
p 0 213 33043
x 0 33044
p 0 210 33044
x 0 33045
p 0 211 33045
x 0 33046
p 0 204 33046
x 0 33047
p 0 206 33047
x 0 33048
p 0 212 33048
x 0 33049
p 0 208 33049
x 0 33050
p 0 209 33050
x 0 33051
p 0 208 33051
x 0 33052
p 0 209 33052
x 0 33053
p 0 214 33053
x 0 33054
p 0 341 33054
x 0 33055
p 0 213 33055
x 0 33056
p 0 236 33056
x 0 33057
p 0 218 33057
x 0 33058
p 0 249 33058
x 0 33059
p 0 224 33059
x 0 33060
p 0 217 33060
x 0 33000
h 0 10.0.0.12
p 0 22859 33000
x 1 33001
h 1 10.0.0.12
p 1 969 33001
x 0 33002
p 0 214 33002
x 0 33003
p 0 187 33003
x 0 33004
p 0 209 33004
x 0 33005
p 0 212 33005
x 0 33006
p 0 181 33006
x 0 33007
p 0 208 33007
x 0 33008
p 0 206 33008
x 0 33009
p 0 178 33009
x 0 33010
p 0 176 33010
x 0 33011
p 0 191 33011
x 0 33012
p 0 207 33012
x 0 33013
p 0 207 33013
x 0 33014
p 0 179 33014
x 0 33015
p 0 171 33015
x 0 33016
p 0 209 33016
x 0 33017
p 0 180 33017
x 0 33018
p 0 172 33018
x 0 33019
p 0 212 33019
x 0 33020
p 0 210 33020
x 0 33021
p 0 208 33021
x 0 33022
p 0 224 33022
x 0 33023
p 0 215 33023
x 0 33024
p 0 202 33024
x 0 33025
p 0 209 33025
x 0 33026
p 0 213 33026
x 0 33027
p 0 208 33027
x 0 33028
p 0 204 33028
x 0 33029
p 0 209 33029
x 0 33030
p 0 170 33030
x 0 33031
p 0 211 33031
x 0 33032
p 0 205 33032
x 0 33033
p 0 206 33033
x 0 33034
p 0 206 33034
x 0 33035
p 0 213 33035
x 0 33036
p 0 162 33036
x 0 33037
p 0 207 33037
x 0 33038
p 0 201 33038
x 0 33039
p 0 205 33039
x 0 33040
p 0 210 33040
x 0 33041
p 0 203 33041
x 0 33042
p 0 204 33042
x 0 33043
p 0 204 33043
x 0 33044
p 0 206 33044
x 0 33045
p 0 211 33045
x 0 33046
p 0 207 33046
x 0 33047
p 0 174 33047
x 0 33048
p 0 199 33048
x 0 33049
p 0 200 33049
x 0 33050
p 0 207 33050
x 0 33051
p 0 204 33051
x 0 33052
p 0 204 33052
x 0 33053
p 0 202 33053
x 0 33054
p 0 288 33054
x 0 33055
p 0 177 33055
x 0 33056
p 0 210 33056
x 0 33057
p 0 244 33057
x 0 33058
p 0 212 33058
x 0 33059
p 0 218 33059
x 0 33060
p 0 248 33060
x 0 33000
h 0 10.0.0.12
p 0 22637 33000
x 1 33001
h 1 10.0.0.12
p 1 942 33001
x 0 33002
p 0 162 33002
x 0 33003
p 0 206 33003
x 0 33004
p 0 207 33004
x 0 33005
p 0 199 33005
x 0 33006
p 0 202 33006
x 0 33007
p 0 204 33007
x 0 33008
p 0 201 33008
x 0 33009
p 0 202 33009
x 0 33010
p 0 201 33010
x 0 33011
p 0 170 33011
x 0 33012
p 0 202 33012
x 0 33013
p 0 199 33013
x 0 33014
p 0 200 33014
x 0 33015
p 0 164 33015
x 0 33016
p 0 202 33016
x 0 33017
p 0 210 33017
x 0 33018
p 0 171 33018
x 0 33019
p 0 178 33019
x 0 33020
p 0 189 33020
x 0 33021
p 0 167 33021
x 0 33022
p 0 172 33022
x 0 33023
p 0 171 33023
x 0 33024
p 0 170 33024
x 0 33025
p 0 171 33025
x 0 33026
p 0 170 33026
x 0 33027
p 0 210 33027
x 0 33028
p 0 213 33028
x 0 33029
p 0 256 33029
x 0 33030
p 0 217 33030
x 0 33031
p 0 153 33031
x 0 33032
p 0 219 33032
x 0 33033
p 0 156 33033
x 0 33034
p 0 211 33034
x 0 33035
p 0 161 33035
x 0 33036
p 0 203 33036
x 0 33037
p 0 157 33037
x 0 33038
p 0 261 33038
x 0 33039
p 0 157 33039
x 0 33040
p 0 212 33040
x 0 33041
p 0 158 33041
x 0 33042
p 0 208 33042
x 0 33043
p 0 154 33043
x 0 33044
p 0 200 33044
x 0 33045
p 0 154 33045
x 0 33046
p 0 225 33046
x 0 33047
p 0 152 33047
x 0 33048
p 0 194 33048
x 0 33049
p 0 183 33049
x 0 33050
p 0 178 33050
x 0 33051
p 0 206 33051
x 0 33052
p 0 212 33052
x 0 33053
p 0 180 33053
x 0 33054
p 0 220 33054
x 0 33055
p 0 151 33055
x 0 33056
p 0 244 33056
x 0 33057
p 0 208 33057
x 0 33058
p 0 221 33058
x 0 33059
p 0 220 33059
x 0 33060
p 0 251 33060
x 0 33000
h 0 10.0.0.12
p 0 23177 33000
x 1 33001
h 1 10.0.0.12
p 1 967 33001
x 0 33002
p 0 167 33002
x 0 33003
p 0 166 33003
x 0 33004
p 0 211 33004
x 0 33005
p 0 216 33005
x 0 33006
p 0 215 33006
x 0 33007
p 0 183 33007
x 0 33008
p 0 183 33008
x 0 33009
p 0 212 33009
x 0 33010
p 0 212 33010
x 0 33011
p 0 182 33011
x 0 33012
p 0 184 33012
x 0 33013
p 0 212 33013
x 0 33014
p 0 216 33014
x 0 33015
p 0 185 33015
x 0 33016
p 0 185 33016
x 0 33017
p 0 208 33017
x 0 33018
p 0 212 33018
x 0 33019
p 0 173 33019
x 0 33020
p 0 188 33020
x 0 33021
p 0 218 33021
x 0 33022
p 0 143 33022
x 0 33023
p 0 186 33023
x 0 33024
p 0 157 33024
x 0 33025
p 0 213 33025
x 0 33026
p 0 139 33026
x 0 33027
p 0 127 33027
x 0 33028
p 0 134 33028
x 0 33029
p 0 203 33029
x 0 33030
p 0 146 33030
x 0 33031
p 0 182 33031
x 0 33032
p 0 122 33032
x 0 33033
p 0 173 33033
x 0 33034
p 0 220 33034
x 0 33035
p 0 162 33035
x 0 33036
p 0 182 33036
x 0 33037
p 0 209 33037
x 0 33038
p 0 214 33038
x 0 33039
p 0 216 33039
x 0 33040
p 0 216 33040
x 0 33041
p 0 213 33041
x 0 33042
p 0 215 33042
x 0 33043
p 0 216 33043
x 0 33044
p 0 225 33044
x 0 33045
p 0 346 33045
x 0 33046
p 0 250 33046
x 0 33047
p 0 214 33047
x 0 33048
p 0 209 33048
x 0 33049
p 0 219 33049
x 0 33050
p 0 204 33050
x 0 33051
p 0 204 33051
x 0 33052
p 0 204 33052
x 0 33053
p 0 207 33053
x 0 33054
p 0 211 33054
x 0 33055
p 0 209 33055
x 0 33056
p 0 207 33056
x 0 33057
p 0 250 33057
x 0 33058
p 0 240 33058
x 0 33059
p 0 210 33059
x 0 33060
p 0 250 33060
x 0 33000
h 0 10.0.0.12
p 0 22897 33000
x 1 33001
h 1 10.0.0.12
p 1 1038 33001
x 0 33002
p 0 209 33002
x 0 33003
p 0 216 33003
x 0 33004
p 0 214 33004
x 0 33005
p 0 216 33005
x 0 33006
p 0 211 33006
x 0 33007
p 0 206 33007
x 0 33008
p 0 210 33008
x 0 33009
p 0 212 33009
x 0 33010
p 0 206 33010
x 0 33011
p 0 211 33011
x 0 33012
p 0 205 33012
x 0 33013
p 0 206 33013
x 0 33014
p 0 207 33014
x 0 33015
p 0 203 33015
x 0 33016
p 0 208 33016
x 0 33017
p 0 205 33017
x 0 33018
p 0 200 33018
x 0 33019
p 0 206 33019
x 0 33020
p 0 208 33020
x 0 33021
p 0 204 33021
x 0 33022
p 0 203 33022
x 0 33023
p 0 207 33023
x 0 33024
p 0 208 33024
x 0 33025
p 0 208 33025
x 0 33026
p 0 206 33026
x 0 33027
p 0 204 33027
x 0 33028
p 0 204 33028
x 0 33029
p 0 204 33029
x 0 33030
p 0 204 33030
x 0 33031
p 0 306 33031
x 0 33032
p 0 203 33032
x 0 33033
p 0 204 33033
x 0 33034
p 0 201 33034
x 0 33035
p 0 202 33035
x 0 33036
p 0 211 33036
x 0 33037
p 0 201 33037
x 0 33038
p 0 201 33038
x 0 33039
p 0 200 33039
x 0 33040
p 0 201 33040
x 0 33041
p 0 204 33041
x 0 33042
p 0 201 33042
x 0 33043
p 0 204 33043
x 0 33044
p 0 203 33044
x 0 33045
p 0 206 33045
x 0 33046
p 0 204 33046
x 0 33047
p 0 202 33047
x 0 33048
p 0 176 33048
x 0 33049
p 0 204 33049
x 0 33050
p 0 203 33050
x 0 33051
p 0 175 33051
x 0 33052
p 0 200 33052
x 0 33053
p 0 206 33053
x 0 33054
p 0 201 33054
x 0 33055
p 0 210 33055
x 0 33056
p 0 311 33056
x 0 33057
p 0 218 33057
x 0 33058
p 0 233 33058
x 0 33059
p 0 211 33059
x 0 33060
p 0 221 33060
x 0 33000
h 0 10.0.0.12
p 0 23388 33000
x 1 33001
h 1 10.0.0.12
p 1 1018 33001
x 0 33002
p 0 233 33002
x 0 33003
p 0 152 33003
x 0 33004
p 0 217 33004
x 0 33005
p 0 211 33005
x 0 33006
p 0 211 33006
x 0 33007
p 0 206 33007
x 0 33008
p 0 209 33008
x 0 33009
p 0 242 33009
x 0 33010
p 0 202 33010
x 0 33011
p 0 212 33011
x 0 33012
p 0 206 33012
x 0 33013
p 0 207 33013
x 0 33014
p 0 214 33014
x 0 33015
p 0 201 33015
x 0 33016
p 0 207 33016
x 0 33017
p 0 203 33017
x 0 33018
p 0 203 33018
x 0 33019
p 0 137 33019
x 0 33020
p 0 205 33020
x 0 33021
p 0 203 33021
x 0 33022
p 0 204 33022
x 0 33023
p 0 203 33023
x 0 33024
p 0 208 33024
x 0 33025
p 0 211 33025
x 0 33026
p 0 206 33026
x 0 33027
p 0 207 33027
x 0 33028
p 0 248 33028
x 0 33029
p 0 205 33029
x 0 33030
p 0 209 33030
x 0 33031
p 0 204 33031
x 0 33032
p 0 202 33032
x 0 33033
p 0 206 33033
x 0 33034
p 0 204 33034
x 0 33035
p 0 231 33035
x 0 33036
p 0 239 33036
x 0 33037
p 0 214 33037
x 0 33038
p 0 210 33038
x 0 33039
p 0 208 33039
x 0 33040
p 0 210 33040
x 0 33041
p 0 202 33041
x 0 33042
p 0 240 33042
x 0 33043
p 0 242 33043
x 0 33044
p 0 203 33044
x 0 33045
p 0 207 33045
x 0 33046
p 0 205 33046
x 0 33047
p 0 201 33047
x 0 33048
p 0 203 33048
x 0 33049
p 0 240 33049
x 0 33050
p 0 207 33050
x 0 33051
p 0 207 33051
x 0 33052
p 0 202 33052
x 0 33053
p 0 242 33053
x 0 33054
p 0 203 33054
x 0 33055
p 0 203 33055
x 0 33056
p 0 200 33056
x 0 33057
p 0 202 33057
x 0 33058
p 0 203 33058
x 0 33059
p 0 208 33059
x 0 33060
p 0 237 33060
x 0 33000
h 0 10.0.0.12
p 0 23243 33000
x 1 33001
h 1 10.0.0.12
p 1 1047 33001
x 0 33002
p 0 203 33002
x 0 33003
p 0 173 33003
x 0 33004
p 0 200 33004
x 0 33005
p 0 238 33005
x 0 33006
p 0 207 33006
x 0 33007
p 0 165 33007
x 0 33008
p 0 174 33008
x 0 33009
p 0 158 33009
x 0 33010
p 0 198 33010
x 0 33011
p 0 197 33011
x 0 33012
p 0 169 33012
x 0 33013
p 0 193 33013
x 0 33014
p 0 88 33014
x 0 33015
p 0 193 33015
x 0 33016
p 0 168 33016
x 0 33017
p 0 201 33017
x 0 33018
p 0 167 33018
x 0 33019
p 0 161 33019
x 0 33020
p 0 167 33020
x 0 33021
p 0 201 33021
x 0 33022
p 0 165 33022
x 0 33023
p 0 168 33023
x 0 33024
p 0 123 33024
x 0 33025
p 0 256 33025
x 0 33026
p 0 199 33026
x 0 33027
p 0 200 33027
x 0 33028
p 0 176 33028
x 0 33029
p 0 103 33029
x 0 33030
p 0 198 33030
x 0 33031
p 0 174 33031
x 0 33032
p 0 199 33032
x 0 33033
p 0 200 33033
x 0 33034
p 0 175 33034
x 0 33035
p 0 199 33035
x 0 33036
p 0 203 33036
x 0 33037
p 0 200 33037
x 0 33038
p 0 199 33038
x 0 33039
p 0 97 33039
x 0 33040
p 0 203 33040
x 0 33041
p 0 191 33041
x 0 33042
p 0 199 33042
x 0 33043
p 0 201 33043
x 0 33044
p 0 202 33044
x 0 33045
p 0 168 33045
x 0 33046
p 0 201 33046
x 0 33047
p 0 200 33047
x 0 33048
p 0 203 33048
x 0 33049
p 0 207 33049
x 0 33050
p 0 202 33050
x 0 33051
p 0 201 33051
x 0 33052
p 0 200 33052
x 0 33053
p 0 169 33053
x 0 33054
p 0 154 33054
x 0 33055
p 0 199 33055
x 0 33056
p 0 201 33056
x 0 33057
p 0 172 33057
x 0 33058
p 0 286 33058
x 0 33059
p 0 204 33059
x 0 33060
p 0 203 33060
x 0 33000
h 0 10.0.0.12
p 0 23501 33000
x 1 33001
h 1 10.0.0.12
p 1 1116 33001
x 0 33002
p 0 305 33002
x 0 33003
p 0 243 33003
x 0 33004
p 0 181 33004
x 0 33005
p 0 165 33005
x 0 33006
p 0 200 33006
x 0 33007
p 0 172 33007
x 0 33008
p 0 232 33008
x 0 33009
p 0 195 33009
x 0 33010
p 0 176 33010
x 0 33011
p 0 211 33011
x 0 33012
p 0 230 33012
x 0 33013
p 0 178 33013
x 0 33014
p 0 180 33014
x 0 33015
p 0 172 33015
x 0 33016
p 0 203 33016
x 0 33017
p 0 204 33017
x 0 33018
p 0 139 33018
x 0 33019
p 0 203 33019
x 0 33020
p 0 226 33020
x 0 33021
p 0 184 33021
x 0 33022
p 0 171 33022
x 0 33023
p 0 172 33023
x 0 33024
p 0 205 33024
x 0 33025
p 0 203 33025
x 0 33026
p 0 182 33026
x 0 33027
p 0 203 33027
x 0 33028
p 0 201 33028
x 0 33029
p 0 203 33029
x 0 33030
p 0 170 33030
x 0 33031
p 0 206 33031
x 0 33032
p 0 203 33032
x 0 33033
p 0 200 33033
x 0 33034
p 0 165 33034
x 0 33035
p 0 204 33035
x 0 33036
p 0 208 33036
x 0 33037
p 0 205 33037
x 0 33038
p 0 201 33038
x 0 33039
p 0 205 33039
x 0 33040
p 0 207 33040
x 0 33041
p 0 206 33041
x 0 33042
p 0 205 33042
x 0 33043
p 0 203 33043
x 0 33044
p 0 205 33044
x 0 33045
p 0 201 33045
x 0 33046
p 0 194 33046
x 0 33047
p 0 203 33047
x 0 33048
p 0 202 33048
x 0 33049
p 0 202 33049
x 0 33050
p 0 171 33050
x 0 33051
p 0 204 33051
x 0 33052
p 0 203 33052
x 0 33053
p 0 202 33053
x 0 33054
p 0 180 33054
x 0 33055
p 0 174 33055
x 0 33056
p 0 208 33056
x 0 33057
p 0 203 33057
x 0 33058
p 0 173 33058
x 0 33059
p 0 172 33059
x 0 33060
p 0 260 33060
x 0 33000
h 0 10.0.0.12
p 0 23778 33000
x 1 33001
h 1 10.0.0.12
p 1 1033 33001
x 0 33002
p 0 270 33002
x 0 33003
p 0 168 33003
x 0 33004
p 0 206 33004
x 0 33005
p 0 209 33005
x 0 33006
p 0 171 33006
x 0 33007
p 0 184 33007
x 0 33008
p 0 205 33008
x 0 33009
p 0 169 33009
x 0 33010
p 0 207 33010
x 0 33011
p 0 207 33011
x 0 33012
p 0 206 33012
x 0 33013
p 0 173 33013
x 0 33014
p 0 176 33014
x 0 33015
p 0 205 33015
x 0 33016
p 0 203 33016
x 0 33017
p 0 175 33017
x 0 33018
p 0 212 33018
x 0 33019
p 0 207 33019
x 0 33020
p 0 207 33020
x 0 33021
p 0 178 33021
x 0 33022
p 0 205 33022
x 0 33023
p 0 188 33023
x 0 33024
p 0 207 33024
x 0 33025
p 0 203 33025
x 0 33026
p 0 206 33026
x 0 33027
p 0 205 33027
x 0 33028
p 0 202 33028
x 0 33029
p 0 170 33029
x 0 33030
p 0 204 33030
x 0 33031
p 0 203 33031
x 0 33032
p 0 201 33032
x 0 33033
p 0 175 33033
x 0 33034
p 0 176 33034
x 0 33035
p 0 205 33035
x 0 33036
p 0 200 33036
x 0 33037
p 0 166 33037
x 0 33038
p 0 201 33038
x 0 33039
p 0 189 33039
x 0 33040
p 0 183 33040
x 0 33041
p 0 203 33041
x 0 33042
p 0 174 33042
x 0 33043
p 0 172 33043
x 0 33044
p 0 203 33044
x 0 33045
p 0 200 33045
x 0 33046
p 0 165 33046
x 0 33047
p 0 201 33047
x 0 33048
p 0 202 33048
x 0 33049
p 0 201 33049
x 0 33050
p 0 170 33050
x 0 33051
p 0 202 33051
x 0 33052
p 0 202 33052
x 0 33053
p 0 204 33053
x 0 33054
p 0 174 33054
x 0 33055
p 0 173 33055
x 0 33056
p 0 225 33056
x 0 33057
p 0 203 33057
x 0 33058
p 0 130 33058
x 0 33059
p 0 189 33059
x 0 33060
p 0 250 33060
x 0 33000
h 0 10.0.0.12
p 0 23089 33000
x 1 33001
h 1 10.0.0.12
p 1 963 33001
x 0 33002
p 0 213 33002
x 0 33003
p 0 209 33003
x 0 33004
p 0 177 33004
x 0 33005
p 0 209 33005
x 0 33006
p 0 216 33006
x 0 33007
p 0 191 33007
x 0 33008
p 0 141 33008
x 0 33009
p 0 201 33009
x 0 33010
p 0 118 33010
x 0 33011
p 0 196 33011
x 0 33012
p 0 156 33012
x 0 33013
p 0 176 33013
x 0 33014
p 0 205 33014
x 0 33015
p 0 203 33015
x 0 33016
p 0 175 33016
x 0 33017
p 0 208 33017
x 0 33018
p 0 181 33018
x 0 33019
p 0 197 33019
x 0 33020
p 0 173 33020
x 0 33021
p 0 171 33021
x 0 33022
p 0 201 33022
x 0 33023
p 0 199 33023
x 0 33024
p 0 151 33024
x 0 33025
p 0 174 33025
x 0 33026
p 0 201 33026
x 0 33027
p 0 199 33027
x 0 33028
p 0 168 33028
x 0 33029
p 0 170 33029
x 0 33030
p 0 201 33030
x 0 33031
p 0 198 33031
x 0 33032
p 0 173 33032
x 0 33033
p 0 169 33033
x 0 33034
p 0 199 33034
x 0 33035
p 0 201 33035
x 0 33036
p 0 169 33036
x 0 33037
p 0 198 33037
x 0 33038
p 0 179 33038
x 0 33039
p 0 198 33039
x 0 33040
p 0 171 33040
x 0 33041
p 0 198 33041
x 0 33042
p 0 200 33042
x 0 33043
p 0 198 33043
x 0 33044
p 0 199 33044
x 0 33045
p 0 172 33045
x 0 33046
p 0 197 33046
x 0 33047
p 0 95 33047
x 0 33048
p 0 197 33048
x 0 33049
p 0 167 33049
x 0 33050
p 0 200 33050
x 0 33051
p 0 197 33051
x 0 33052
p 0 196 33052
x 0 33053
p 0 194 33053
x 0 33054
p 0 198 33054
x 0 33055
p 0 198 33055
x 0 33056
p 0 197 33056
x 0 33057
p 0 166 33057
x 0 33058
p 0 167 33058
x 0 33059
p 0 196 33059
x 0 33060
p 0 205 33060
x 0 33000
h 0 10.0.0.12
p 0 24390 33000
x 1 33001
h 1 10.0.0.12
p 1 1042 33001
x 0 33002
p 0 242 33002
x 0 33003
p 0 234 33003
x 0 33004
p 0 280 33004
x 0 33005
p 0 192 33005
x 0 33006
p 0 194 33006
x 0 33007
p 0 191 33007
x 0 33008
p 0 203 33008
x 0 33009
p 0 206 33009
x 0 33010
p 0 165 33010
x 0 33011
p 0 193 33011
x 0 33012
p 0 242 33012
x 0 33013
p 0 192 33013
x 0 33014
p 0 173 33014
x 0 33015
p 0 197 33015
x 0 33016
p 0 235 33016
x 0 33017
p 0 171 33017
x 0 33018
p 0 172 33018
x 0 33019
p 0 170 33019
x 0 33020
p 0 230 33020
x 0 33021
p 0 165 33021
x 0 33022
p 0 173 33022
x 0 33023
p 0 198 33023
x 0 33024
p 0 204 33024
x 0 33025
p 0 163 33025
x 0 33026
p 0 178 33026
x 0 33027
p 0 171 33027
x 0 33028
p 0 198 33028
x 0 33029
p 0 163 33029
x 0 33030
p 0 169 33030
x 0 33031
p 0 168 33031
x 0 33032
p 0 200 33032
x 0 33033
p 0 164 33033
x 0 33034
p 0 185 33034
x 0 33035
p 0 167 33035
x 0 33036
p 0 203 33036
x 0 33037
p 0 167 33037
x 0 33038
p 0 201 33038
x 0 33039
p 0 164 33039
x 0 33040
p 0 197 33040
x 0 33041
p 0 200 33041
x 0 33042
p 0 163 33042
x 0 33043
p 0 185 33043
x 0 33044
p 0 218 33044
x 0 33045
p 0 214 33045
x 0 33046
p 0 186 33046
x 0 33047
p 0 189 33047
x 0 33048
p 0 192 33048
x 0 33049
p 0 185 33049
x 0 33050
p 0 181 33050
x 0 33051
p 0 184 33051
x 0 33052
p 0 164 33052
x 0 33053
p 0 150 33053
x 0 33054
p 0 149 33054
x 0 33055
p 0 154 33055
x 0 33056
p 0 194 33056
x 0 33057
p 0 158 33057
x 0 33058
p 0 198 33058
x 0 33059
p 0 210 33059
x 0 33060
p 0 204 33060
x 0 33000
h 0 10.0.0.12
p 0 24058 33000
x 1 33001
h 1 10.0.0.12
p 1 1009 33001
x 0 33002
p 0 200 33002
x 0 33003
p 0 205 33003
x 0 33004
p 0 211 33004
x 0 33005
p 0 174 33005
x 0 33006
p 0 181 33006
x 0 33007
p 0 203 33007
x 0 33008
p 0 197 33008
x 0 33009
p 0 178 33009
x 0 33010
p 0 204 33010
x 0 33011
p 0 205 33011
x 0 33012
p 0 204 33012
x 0 33013
p 0 171 33013
x 0 33014
p 0 180 33014
x 0 33015
p 0 178 33015
x 0 33016
p 0 204 33016
x 0 33017
p 0 172 33017
x 0 33018
p 0 168 33018
x 0 33019
p 0 206 33019
x 0 33020
p 0 202 33020
x 0 33021
p 0 172 33021
x 0 33022
p 0 175 33022
x 0 33023
p 0 203 33023
x 0 33024
p 0 204 33024
x 0 33025
p 0 207 33025
x 0 33026
p 0 174 33026
x 0 33027
p 0 202 33027
x 0 33028
p 0 196 33028
x 0 33029
p 0 172 33029
x 0 33030
p 0 166 33030
x 0 33031
p 0 146 33031
x 0 33032
p 0 180 33032
x 0 33033
p 0 173 33033
x 0 33034
p 0 186 33034
x 0 33035
p 0 147 33035
x 0 33036
p 0 156 33036
x 0 33037
p 0 140 33037
x 0 33038
p 0 173 33038
x 0 33039
p 0 151 33039
x 0 33040
p 0 211 33040
x 0 33041
p 0 202 33041
x 0 33042
p 0 202 33042
x 0 33043
p 0 203 33043
x 0 33044
p 0 266 33044
x 0 33045
p 0 199 33045
x 0 33046
p 0 216 33046
x 0 33047
p 0 203 33047
x 0 33048
p 0 241 33048
x 0 33049
p 0 201 33049
x 0 33050
p 0 211 33050
x 0 33051
p 0 198 33051
x 0 33052
p 0 201 33052
x 0 33053
p 0 201 33053
x 0 33054
p 0 207 33054
x 0 33055
p 0 205 33055
x 0 33056
p 0 201 33056
x 0 33057
p 0 202 33057
x 0 33058
p 0 208 33058
x 0 33059
p 0 222 33059
x 0 33060
p 0 235 33060
x 0 33000
h 0 10.0.0.12
p 0 23193 33000
x 1 33001
h 1 10.0.0.12
p 1 615 33001
x 0 33002
p 0 247 33002
x 0 33003
p 0 283 33003
x 0 33004
p 0 233 33004
x 0 33005
p 0 213 33005
x 0 33006
p 0 237 33006
x 0 33007
p 0 210 33007
x 0 33008
p 0 219 33008
x 0 33009
p 0 218 33009
x 0 33010
p 0 277 33010
x 0 33011
p 0 220 33011
x 0 33012
p 0 217 33012
x 0 33013
p 0 225 33013
x 0 33014
p 0 242 33014
x 0 33015
p 0 211 33015
x 0 33016
p 0 222 33016
x 0 33017
p 0 263 33017
x 0 33018
p 0 253 33018
x 0 33019
p 0 225 33019
x 0 33020
p 0 218 33020
x 0 33021
p 0 221 33021
x 0 33022
p 0 215 33022
x 0 33023
p 0 218 33023
x 0 33024
p 0 215 33024
x 0 33025
p 0 209 33025
x 0 33026
p 0 214 33026
x 0 33027
p 0 210 33027
x 0 33028
p 0 215 33028
x 0 33029
p 0 215 33029
x 0 33030
p 0 213 33030
x 0 33031
p 0 245 33031
x 0 33032
p 0 287 33032
x 0 33033
p 0 211 33033
x 0 33034
p 0 212 33034
x 0 33035
p 0 202 33035
x 0 33036
p 0 210 33036
x 0 33037
p 0 236 33037
x 0 33038
p 0 209 33038
x 0 33039
p 0 274 33039
x 0 33040
p 0 203 33040
x 0 33041
p 0 223 33041
x 0 33042
p 0 205 33042
x 0 33043
p 0 205 33043
x 0 33044
p 0 212 33044
x 0 33045
p 0 204 33045
x 0 33046
p 0 207 33046
x 0 33047
p 0 208 33047
x 0 33048
p 0 207 33048
x 0 33049
p 0 207 33049
x 0 33050
p 0 259 33050
x 0 33051
p 0 205 33051
x 0 33052
p 0 206 33052
x 0 33053
p 0 210 33053
x 0 33054
p 0 211 33054
x 0 33055
p 0 207 33055
x 0 33056
p 0 255 33056
x 0 33057
p 0 210 33057
x 0 33058
p 0 215 33058
x 0 33059
p 0 216 33059
x 0 33060
p 0 212 33060
x 0 33000
h 0 10.0.0.12
p 0 24178 33000
x 1 33001
h 1 10.0.0.12
p 1 979 33001
x 0 33002
p 0 206 33002
x 0 33003
p 0 232 33003
x 0 33004
p 0 208 33004
x 0 33005
p 0 277 33005
x 0 33006
p 0 229 33006
x 0 33007
p 0 227 33007
x 0 33008
p 0 219 33008
x 0 33009
p 0 271 33009
x 0 33010
p 0 216 33010
x 0 33011
p 0 224 33011
x 0 33012
p 0 232 33012
x 0 33013
p 0 216 33013
x 0 33014
p 0 222 33014
x 0 33015
p 0 217 33015
x 0 33016
p 0 288 33016
x 0 33017
p 0 230 33017
x 0 33018
p 0 215 33018
x 0 33019
p 0 224 33019
x 0 33020
p 0 223 33020
x 0 33021
p 0 225 33021
x 0 33022
p 0 226 33022
x 0 33023
p 0 253 33023
x 0 33024
p 0 210 33024
x 0 33025
p 0 215 33025
x 0 33026
p 0 210 33026
x 0 33027
p 0 226 33027
x 0 33028
p 0 207 33028
x 0 33029
p 0 213 33029
x 0 33030
p 0 239 33030
x 0 33031
p 0 208 33031
x 0 33032
p 0 224 33032
x 0 33033
p 0 204 33033
x 0 33034
p 0 213 33034
x 0 33035
p 0 213 33035
x 0 33036
p 0 224 33036
x 0 33037
p 0 289 33037
x 0 33038
p 0 214 33038
x 0 33039
p 0 217 33039
x 0 33040
p 0 214 33040
x 0 33041
p 0 217 33041
x 0 33042
p 0 221 33042
x 0 33043
p 0 212 33043
x 0 33044
p 0 213 33044
x 0 33045
p 0 217 33045
x 0 33046
p 0 259 33046
x 0 33047
p 0 244 33047
x 0 33048
p 0 218 33048
x 0 33049
p 0 190 33049
x 0 33050
p 0 201 33050
x 0 33051
p 0 197 33051
x 0 33052
p 0 174 33052
x 0 33053
p 0 198 33053
x 0 33054
p 0 201 33054
x 0 33055
p 0 200 33055
x 0 33056
p 0 201 33056
x 0 33057
p 0 201 33057
x 0 33058
p 0 203 33058
x 0 33059
p 0 203 33059
x 0 33060
p 0 204 33060
x 0 33000
h 0 10.0.0.12
p 0 23385 33000
x 1 33001
h 1 10.0.0.12
p 1 975 33001
x 0 33002
p 0 215 33002
x 0 33003
p 0 220 33003
x 0 33004
p 0 218 33004
x 0 33005
p 0 212 33005
x 0 33006
p 0 278 33006
x 0 33007
p 0 209 33007
x 0 33008
p 0 212 33008
x 0 33009
p 0 213 33009
x 0 33010
p 0 205 33010
x 0 33011
p 0 217 33011
x 0 33012
p 0 213 33012
x 0 33013
p 0 209 33013
x 0 33014
p 0 215 33014
x 0 33015
p 0 233 33015
x 0 33016
p 0 212 33016
x 0 33017
p 0 213 33017
x 0 33018
p 0 209 33018
x 0 33019
p 0 221 33019
x 0 33020
p 0 218 33020
x 0 33021
p 0 217 33021
x 0 33022
p 0 219 33022
x 0 33023
p 0 221 33023
x 0 33024
p 0 222 33024
x 0 33025
p 0 226 33025
x 0 33026
p 0 212 33026
x 0 33027
p 0 213 33027
x 0 33028
p 0 213 33028
x 0 33029
p 0 222 33029
x 0 33030
p 0 183 33030
x 0 33031
p 0 204 33031
x 0 33032
p 0 205 33032
x 0 33033
p 0 207 33033
x 0 33034
p 0 213 33034
x 0 33035
p 0 207 33035
x 0 33036
p 0 208 33036
x 0 33037
p 0 205 33037
x 0 33038
p 0 205 33038
x 0 33039
p 0 219 33039
x 0 33040
p 0 271 33040
x 0 33041
p 0 203 33041
x 0 33042
p 0 208 33042
x 0 33043
p 0 212 33043
x 0 33044
p 0 211 33044
x 0 33045
p 0 209 33045
x 0 33046
p 0 210 33046
x 0 33047
p 0 208 33047
x 0 33048
p 0 185 33048
x 0 33049
p 0 338 33049
x 0 33050
p 0 221 33050
x 0 33051
p 0 209 33051
x 0 33052
p 0 203 33052
x 0 33053
p 0 294 33053
x 0 33054
p 0 217 33054
x 0 33055
p 0 261 33055
x 0 33056
p 0 178 33056
x 0 33057
p 0 209 33057
x 0 33058
p 0 206 33058
x 0 33059
p 0 241 33059
x 0 33060
p 0 224 33060
x 0 33000
h 0 10.0.0.12
p 0 22511 33000
x 1 33001
h 1 10.0.0.12
p 1 1155 33001
x 0 33002
p 0 255 33002
x 0 33003
p 0 196 33003
x 0 33004
p 0 208 33004
x 0 33005
p 0 152 33005
x 0 33006
p 0 248 33006
x 0 33007
p 0 228 33007
x 0 33008
p 0 186 33008
x 0 33009
p 0 249 33009
x 0 33010
p 0 208 33010
x 0 33011
p 0 213 33011
x 0 33012
p 0 289 33012
x 0 33013
p 0 221 33013
x 0 33014
p 0 248 33014
x 0 33015
p 0 225 33015
x 0 33016
p 0 233 33016
x 0 33017
p 0 172 33017
x 0 33018
p 0 162 33018
x 0 33019
p 0 171 33019
x 0 33020
p 0 138 33020
x 0 33021
p 0 172 33021
x 0 33022
p 0 207 33022
x 0 33023
p 0 221 33023
x 0 33024
p 0 174 33024
x 0 33025
p 0 172 33025
x 0 33026
p 0 207 33026
x 0 33027
p 0 205 33027
x 0 33028
p 0 172 33028
x 0 33029
p 0 165 33029
x 0 33030
p 0 206 33030
x 0 33031
p 0 206 33031
x 0 33032
p 0 183 33032
x 0 33033
p 0 169 33033
x 0 33034
p 0 199 33034
x 0 33035
p 0 202 33035
x 0 33036
p 0 192 33036
x 0 33037
p 0 173 33037
x 0 33038
p 0 234 33038
x 0 33039
p 0 223 33039
x 0 33040
p 0 247 33040
x 0 33041
p 0 183 33041
x 0 33042
p 0 208 33042
x 0 33043
p 0 170 33043
x 0 33044
p 0 167 33044
x 0 33045
p 0 163 33045
x 0 33046
p 0 207 33046
x 0 33047
p 0 202 33047
x 0 33048
p 0 168 33048
x 0 33049
p 0 171 33049
x 0 33050
p 0 201 33050
x 0 33051
p 0 165 33051
x 0 33052
p 0 174 33052
x 0 33053
p 0 170 33053
x 0 33054
p 0 203 33054
x 0 33055
p 0 164 33055
x 0 33056
p 0 173 33056
x 0 33057
p 0 171 33057
x 0 33058
p 0 217 33058
x 0 33059
p 0 220 33059
x 0 33060
p 0 218 33060
x 0 33000
h 0 10.0.0.12
p 0 23775 33000
x 1 33001
h 1 10.0.0.12
p 1 990 33001
x 0 33002
p 0 200 33002
x 0 33003
p 0 206 33003
x 0 33004
p 0 207 33004
x 0 33005
p 0 206 33005
x 0 33006
p 0 209 33006
x 0 33007
p 0 175 33007
x 0 33008
p 0 205 33008
x 0 33009
p 0 202 33009
x 0 33010
p 0 198 33010
x 0 33011
p 0 172 33011
x 0 33012
p 0 177 33012
x 0 33013
p 0 203 33013
x 0 33014
p 0 204 33014
x 0 33015
p 0 173 33015
x 0 33016
p 0 206 33016
x 0 33017
p 0 295 33017
x 0 33018
p 0 197 33018
x 0 33019
p 0 228 33019
x 0 33020
p 0 228 33020
x 0 33021
p 0 227 33021
x 0 33022
p 0 221 33022
x 0 33023
p 0 226 33023
x 0 33024
p 0 228 33024
x 0 33025
p 0 229 33025
x 0 33026
p 0 246 33026
x 0 33027
p 0 256 33027
x 0 33028
p 0 212 33028
x 0 33029
p 0 211 33029
x 0 33030
p 0 206 33030
x 0 33031
p 0 206 33031
x 0 33032
p 0 207 33032
x 0 33033
p 0 275 33033
x 0 33034
p 0 207 33034
x 0 33035
p 0 237 33035
x 0 33036
p 0 211 33036
x 0 33037
p 0 209 33037
x 0 33038
p 0 234 33038
x 0 33039
p 0 206 33039
x 0 33040
p 0 208 33040
x 0 33041
p 0 215 33041
x 0 33042
p 0 145 33042
x 0 33043
p 0 214 33043
x 0 33044
p 0 210 33044
x 0 33045
p 0 207 33045
x 0 33046
p 0 210 33046
x 0 33047
p 0 207 33047
x 0 33048
p 0 207 33048
x 0 33049
p 0 205 33049
x 0 33050
p 0 204 33050
x 0 33051
p 0 206 33051
x 0 33052
p 0 203 33052
x 0 33053
p 0 206 33053
x 0 33054
p 0 203 33054
x 0 33055
p 0 205 33055
x 0 33056
p 0 206 33056
x 0 33057
p 0 206 33057
x 0 33058
p 0 209 33058
x 0 33059
p 0 209 33059
x 0 33060
p 0 210 33060
x 0 33000
h 0 10.0.0.12
p 0 23993 33000
x 1 33001
h 1 10.0.0.12
p 1 1063 33001
x 0 33002
p 0 194 33002
x 0 33003
p 0 207 33003
x 0 33004
p 0 211 33004
x 0 33005
p 0 203 33005
x 0 33006
p 0 209 33006
x 0 33007
p 0 204 33007
x 0 33008
p 0 206 33008
x 0 33009
p 0 205 33009
x 0 33010
p 0 201 33010
x 0 33011
p 0 207 33011
x 0 33012
p 0 203 33012
x 0 33013
p 0 176 33013
x 0 33014
p 0 208 33014
x 0 33015
p 0 202 33015
x 0 33016
p 0 206 33016
x 0 33017
p 0 176 33017
x 0 33018
p 0 177 33018
x 0 33019
p 0 211 33019
x 0 33020
p 0 208 33020
x 0 33021
p 0 206 33021
x 0 33022
p 0 174 33022
x 0 33023
p 0 215 33023
x 0 33024
p 0 208 33024
x 0 33025
p 0 172 33025
x 0 33026
p 0 177 33026
x 0 33027
p 0 209 33027
x 0 33028
p 0 139 33028
x 0 33029
p 0 210 33029
x 0 33030
p 0 78 33030
x 0 33031
p 0 238 33031
x 0 33032
p 0 347 33032
x 0 33033
p 0 168 33033
x 0 33034
p 0 171 33034
x 0 33035
p 0 167 33035
x 0 33036
p 0 208 33036
x 0 33037
p 0 210 33037
x 0 33038
p 0 176 33038
x 0 33039
p 0 169 33039
x 0 33040
p 0 167 33040
x 0 33041
p 0 165 33041
x 0 33042
p 0 156 33042
x 0 33043
p 0 183 33043
x 0 33044
p 0 202 33044
x 0 33045
p 0 157 33045
x 0 33046
p 0 165 33046
x 0 33047
p 0 168 33047
x 0 33048
p 0 165 33048
x 0 33049
p 0 196 33049
x 0 33050
p 0 225 33050
x 0 33051
p 0 210 33051
x 0 33052
p 0 209 33052
x 0 33053
p 0 217 33053
x 0 33054
p 0 218 33054
x 0 33055
p 0 196 33055
x 0 33056
p 0 299 33056
x 0 33057
p 0 210 33057
x 0 33058
p 0 207 33058
x 0 33059
p 0 150 33059
x 0 33060
p 0 266 33060
x 0 33000
h 0 10.0.0.12
p 0 24223 33000
x 1 33001
h 1 10.0.0.12
p 1 1082 33001
x 0 33002
p 0 205 33002
x 0 33003
p 0 209 33003
x 0 33004
p 0 212 33004
x 0 33005
p 0 214 33005
x 0 33006
p 0 153 33006
x 0 33007
p 0 290 33007
x 0 33008
p 0 214 33008
x 0 33009
p 0 205 33009
x 0 33010
p 0 198 33010
x 0 33011
p 0 159 33011
x 0 33012
p 0 205 33012
x 0 33013
p 0 175 33013
x 0 33014
p 0 199 33014
x 0 33015
p 0 176 33015
x 0 33016
p 0 97 33016
x 0 33017
p 0 200 33017
x 0 33018
p 0 181 33018
x 0 33019
p 0 202 33019
x 0 33020
p 0 215 33020
x 0 33021
p 0 102 33021
x 0 33022
p 0 202 33022
x 0 33023
p 0 203 33023
x 0 33024
p 0 169 33024
x 0 33025
p 0 202 33025
x 0 33026
p 0 184 33026
x 0 33027
p 0 169 33027
x 0 33028
p 0 202 33028
x 0 33029
p 0 203 33029
x 0 33030
p 0 206 33030
x 0 33031
p 0 176 33031
x 0 33032
p 0 198 33032
x 0 33033
p 0 198 33033
x 0 33034
p 0 199 33034
x 0 33035
p 0 147 33035
x 0 33036
p 0 205 33036
x 0 33037
p 0 202 33037
x 0 33038
p 0 198 33038
x 0 33039
p 0 198 33039
x 0 33040
p 0 201 33040
x 0 33041
p 0 204 33041
x 0 33042
p 0 199 33042
x 0 33043
p 0 202 33043
x 0 33044
p 0 201 33044
x 0 33045
p 0 202 33045
x 0 33046
p 0 203 33046
x 0 33047
p 0 201 33047
x 0 33048
p 0 201 33048
x 0 33049
p 0 203 33049
x 0 33050
p 0 304 33050
x 0 33051
p 0 362 33051
x 0 33052
p 0 315 33052
x 0 33053
p 0 345 33053
x 0 33054
p 0 180 33054
x 0 33055
p 0 187 33055
x 0 33056
p 0 118 33056
x 0 33057
p 0 179 33057
x 0 33058
p 0 387 33058
x 0 33059
p 0 345 33059
x 0 33060
p 0 211 33060
x 0 33000
h 0 10.0.0.12
p 0 23708 33000
x 1 33001
h 1 10.0.0.12
p 1 916 33001
x 0 33002
p 0 203 33002
x 0 33003
p 0 218 33003
x 0 33004
p 0 214 33004
x 0 33005
p 0 175 33005
x 0 33006
p 0 174 33006
x 0 33007
p 0 150 33007
x 0 33008
p 0 156 33008
x 0 33009
p 0 154 33009
x 0 33010
p 0 151 33010
x 0 33011
p 0 152 33011
x 0 33012
p 0 153 33012
x 0 33013
p 0 165 33013
x 0 33014
p 0 209 33014
x 0 33015
p 0 147 33015
x 0 33016
p 0 222 33016
x 0 33017
p 0 209 33017
x 0 33018
p 0 151 33018
x 0 33019
p 0 211 33019
x 0 33020
p 0 209 33020
x 0 33021
p 0 147 33021
x 0 33022
p 0 210 33022
x 0 33023
p 0 150 33023
x 0 33024
p 0 209 33024
x 0 33025
p 0 147 33025
x 0 33026
p 0 208 33026
x 0 33027
p 0 147 33027
x 0 33028
p 0 208 33028
x 0 33029
p 0 152 33029
x 0 33030
p 0 205 33030
x 0 33031
p 0 180 33031
x 0 33032
p 0 206 33032
x 0 33033
p 0 150 33033
x 0 33034
p 0 203 33034
x 0 33035
p 0 99 33035
x 0 33036
p 0 209 33036
x 0 33037
p 0 204 33037
x 0 33038
p 0 152 33038
x 0 33039
p 0 206 33039
x 0 33040
p 0 207 33040
x 0 33041
p 0 206 33041
x 0 33042
p 0 149 33042
x 0 33043
p 0 245 33043
x 0 33044
p 0 148 33044
x 0 33045
p 0 148 33045
x 0 33046
p 0 214 33046
x 0 33047
p 0 145 33047
x 0 33048
p 0 211 33048
x 0 33049
p 0 148 33049
x 0 33050
p 0 234 33050
x 0 33051
p 0 150 33051
x 0 33052
p 0 202 33052
x 0 33053
p 0 148 33053
x 0 33054
p 0 209 33054
x 0 33055
p 0 148 33055
x 0 33056
p 0 210 33056
x 0 33057
p 0 153 33057
x 0 33058
p 0 210 33058
x 0 33059
p 0 152 33059
x 0 33060
p 0 212 33060
x 0 33000
h 0 10.0.0.12
p 0 22925 33000
x 1 33001
h 1 10.0.0.12
p 1 1079 33001
x 0 33002
p 0 201 33002
x 0 33003
p 0 203 33003
x 0 33004
p 0 144 33004
x 0 33005
p 0 174 33005
x 0 33006
p 0 210 33006
x 0 33007
p 0 168 33007
x 0 33008
p 0 178 33008
x 0 33009
p 0 155 33009
x 0 33010
p 0 205 33010
x 0 33011
p 0 181 33011
x 0 33012
p 0 141 33012
x 0 33013
p 0 174 33013
x 0 33014
p 0 189 33014
x 0 33015
p 0 202 33015
x 0 33016
p 0 203 33016
x 0 33017
p 0 157 33017
x 0 33018
p 0 203 33018
x 0 33019
p 0 206 33019
x 0 33020
p 0 205 33020
x 0 33021
p 0 173 33021
x 0 33022
p 0 171 33022
x 0 33023
p 0 203 33023
x 0 33024
p 0 173 33024
x 0 33025
p 0 156 33025
x 0 33026
p 0 170 33026
x 0 33027
p 0 204 33027
x 0 33028
p 0 204 33028
x 0 33029
p 0 177 33029
x 0 33030
p 0 175 33030
x 0 33031
p 0 202 33031
x 0 33032
p 0 171 33032
x 0 33033
p 0 173 33033
x 0 33034
p 0 176 33034
x 0 33035
p 0 178 33035
x 0 33036
p 0 205 33036
x 0 33037
p 0 202 33037
x 0 33038
p 0 198 33038
x 0 33039
p 0 208 33039
x 0 33040
p 0 203 33040
x 0 33041
p 0 204 33041
x 0 33042
p 0 203 33042
x 0 33043
p 0 201 33043
x 0 33044
p 0 203 33044
x 0 33045
p 0 184 33045
x 0 33046
p 0 175 33046
x 0 33047
p 0 200 33047
x 0 33048
p 0 199 33048
x 0 33049
p 0 176 33049
x 0 33050
p 0 173 33050
x 0 33051
p 0 200 33051
x 0 33052
p 0 203 33052
x 0 33053
p 0 174 33053
x 0 33054
p 0 178 33054
x 0 33055
p 0 202 33055
x 0 33056
p 0 196 33056
x 0 33057
p 0 219 33057
x 0 33058
p 0 204 33058
x 0 33059
p 0 207 33059
x 0 33060
p 0 228 33060
x 0 33000
h 0 10.0.0.12
p 0 22408 33000
x 1 33001
h 1 10.0.0.12
p 1 973 33001
x 0 33002
p 0 221 33002
x 0 33003
p 0 216 33003
x 0 33004
p 0 237 33004
x 0 33005
p 0 235 33005
x 0 33006
p 0 204 33006
x 0 33007
p 0 237 33007
x 0 33008
p 0 206 33008
x 0 33009
p 0 206 33009
x 0 33010
p 0 205 33010
x 0 33011
p 0 236 33011
x 0 33012
p 0 250 33012
x 0 33013
p 0 200 33013
x 0 33014
p 0 236 33014
x 0 33015
p 0 233 33015
x 0 33016
p 0 238 33016
x 0 33017
p 0 179 33017
x 0 33018
p 0 206 33018
x 0 33019
p 0 205 33019
x 0 33020
p 0 232 33020
x 0 33021
p 0 176 33021
x 0 33022
p 0 183 33022
x 0 33023
p 0 230 33023
x 0 33024
p 0 208 33024
x 0 33025
p 0 204 33025
x 0 33026
p 0 204 33026
x 0 33027
p 0 205 33027
x 0 33028
p 0 201 33028
x 0 33029
p 0 204 33029
x 0 33030
p 0 200 33030
x 0 33031
p 0 206 33031
x 0 33032
p 0 206 33032
x 0 33033
p 0 207 33033
x 0 33034
p 0 206 33034
x 0 33035
p 0 205 33035
x 0 33036
p 0 209 33036
x 0 33037
p 0 175 33037
x 0 33038
p 0 205 33038
x 0 33039
p 0 205 33039
x 0 33040
p 0 208 33040
x 0 33041
p 0 174 33041
x 0 33042
p 0 207 33042
x 0 33043
p 0 205 33043
x 0 33044
p 0 178 33044
x 0 33045
p 0 178 33045
x 0 33046
p 0 208 33046
x 0 33047
p 0 178 33047
x 0 33048
p 0 200 33048
x 0 33049
p 0 173 33049
x 0 33050
p 0 175 33050
x 0 33051
p 0 201 33051
x 0 33052
p 0 263 33052
x 0 33053
p 0 180 33053
x 0 33054
p 0 177 33054
x 0 33055
p 0 177 33055
x 0 33056
p 0 183 33056
x 0 33057
p 0 209 33057
x 0 33058
p 0 173 33058
x 0 33059
p 0 217 33059
x 0 33060
p 0 220 33060
x 0 33000
h 0 10.0.0.12
p 0 24546 33000
x 1 33001
h 1 10.0.0.12
p 1 999 33001
x 0 33002
p 0 176 33002
x 0 33003
p 0 247 33003
x 0 33004
p 0 214 33004
x 0 33005
p 0 210 33005
x 0 33006
p 0 258 33006
x 0 33007
p 0 243 33007
x 0 33008
p 0 209 33008
x 0 33009
p 0 209 33009
x 0 33010
p 0 209 33010
x 0 33011
p 0 209 33011
x 0 33012
p 0 235 33012
x 0 33013
p 0 250 33013
x 0 33014
p 0 211 33014
x 0 33015
p 0 209 33015
x 0 33016
p 0 207 33016
x 0 33017
p 0 209 33017
x 0 33018
p 0 209 33018
x 0 33019
p 0 212 33019
x 0 33020
p 0 209 33020
x 0 33021
p 0 205 33021
x 0 33022
p 0 210 33022
x 0 33023
p 0 205 33023
x 0 33024
p 0 208 33024
x 0 33025
p 0 209 33025
x 0 33026
p 0 204 33026
x 0 33027
p 0 204 33027
x 0 33028
p 0 204 33028
x 0 33029
p 0 206 33029
x 0 33030
p 0 200 33030
x 0 33031
p 0 202 33031
x 0 33032
p 0 204 33032
x 0 33033
p 0 205 33033
x 0 33034
p 0 212 33034
x 0 33035
p 0 208 33035
x 0 33036
p 0 242 33036
x 0 33037
p 0 203 33037
x 0 33038
p 0 205 33038
x 0 33039
p 0 213 33039
x 0 33040
p 0 205 33040
x 0 33041
p 0 205 33041
x 0 33042
p 0 241 33042
x 0 33043
p 0 206 33043
x 0 33044
p 0 210 33044
x 0 33045
p 0 200 33045
x 0 33046
p 0 205 33046
x 0 33047
p 0 206 33047
x 0 33048
p 0 202 33048
x 0 33049
p 0 208 33049
x 0 33050
p 0 203 33050
x 0 33051
p 0 203 33051
x 0 33052
p 0 200 33052
x 0 33053
p 0 204 33053
x 0 33054
p 0 204 33054
x 0 33055
p 0 202 33055
x 0 33056
p 0 207 33056
x 0 33057
p 0 209 33057
x 0 33058
p 0 204 33058
x 0 33059
p 0 209 33059
x 0 33060
p 0 210 33060
x 0 33000
h 0 10.0.0.12
p 0 23244 33000
x 1 33001
h 1 10.0.0.12
p 1 1034 33001
x 0 33002
p 0 205 33002
x 0 33003
p 0 207 33003
x 0 33004
p 0 206 33004
x 0 33005
p 0 209 33005
x 0 33006
p 0 207 33006
x 0 33007
p 0 206 33007
x 0 33008
p 0 175 33008
x 0 33009
p 0 188 33009
x 0 33010
p 0 254 33010
x 0 33011
p 0 184 33011
x 0 33012
p 0 215 33012
x 0 33013
p 0 205 33013
x 0 33014
p 0 217 33014
x 0 33015
p 0 213 33015
x 0 33016
p 0 227 33016
x 0 33017
p 0 214 33017
x 0 33018
p 0 212 33018
x 0 33019
p 0 169 33019
x 0 33020
p 0 178 33020
x 0 33021
p 0 213 33021
x 0 33022
p 0 359 33022
x 0 33023
p 0 285 33023
x 0 33024
p 0 209 33024
x 0 33025
p 0 209 33025
x 0 33026
p 0 207 33026
x 0 33027
p 0 204 33027
x 0 33028
p 0 207 33028
x 0 33029
p 0 210 33029
x 0 33030
p 0 264 33030
x 0 33031
p 0 209 33031
x 0 33032
p 0 204 33032
x 0 33033
p 0 222 33033
x 0 33034
p 0 203 33034
x 0 33035
p 0 203 33035
x 0 33036
p 0 205 33036
x 0 33037
p 0 199 33037
x 0 33038
p 0 206 33038
x 0 33039
p 0 225 33039
x 0 33040
p 0 212 33040
x 0 33041
p 0 210 33041
x 0 33042
p 0 231 33042
x 0 33043
p 0 203 33043
x 0 33044
p 0 210 33044
x 0 33045
p 0 207 33045
x 0 33046
p 0 209 33046
x 0 33047
p 0 201 33047
x 0 33048
p 0 207 33048
x 0 33049
p 0 205 33049
x 0 33050
p 0 208 33050
x 0 33051
p 0 208 33051
x 0 33052
p 0 203 33052
x 0 33053
p 0 203 33053
x 0 33054
p 0 204 33054
x 0 33055
p 0 204 33055
x 0 33056
p 0 207 33056
x 0 33057
p 0 203 33057
x 0 33058
p 0 201 33058
x 0 33059
p 0 221 33059
x 0 33060
p 0 230 33060
x 0 33000
h 0 10.0.0.12
p 0 22577 33000
x 1 33001
h 1 10.0.0.12
p 1 988 33001
x 0 33002
p 0 206 33002
x 0 33003
p 0 152 33003
x 0 33004
p 0 212 33004
x 0 33005
p 0 213 33005
x 0 33006
p 0 301 33006
x 0 33007
p 0 252 33007
x 0 33008
p 0 208 33008
x 0 33009
p 0 211 33009
x 0 33010
p 0 202 33010
x 0 33011
p 0 288 33011
x 0 33012
p 0 212 33012
x 0 33013
p 0 214 33013
x 0 33014
p 0 249 33014
x 0 33015
p 0 209 33015
x 0 33016
p 0 228 33016
x 0 33017
p 0 208 33017
x 0 33018
p 0 214 33018
x 0 33019
p 0 211 33019
x 0 33020
p 0 212 33020
x 0 33021
p 0 206 33021
x 0 33022
p 0 214 33022
x 0 33023
p 0 289 33023
x 0 33024
p 0 208 33024
x 0 33025
p 0 206 33025
x 0 33026
p 0 205 33026
x 0 33027
p 0 206 33027
x 0 33028
p 0 215 33028
x 0 33029
p 0 205 33029
x 0 33030
p 0 203 33030
x 0 33031
p 0 257 33031
x 0 33032
p 0 202 33032
x 0 33033
p 0 317 33033
x 0 33034
p 0 280 33034
x 0 33035
p 0 285 33035
x 0 33036
p 0 206 33036
x 0 33037
p 0 157 33037
x 0 33038
p 0 153 33038
x 0 33039
p 0 149 33039
x 0 33040
p 0 212 33040
x 0 33041
p 0 209 33041
x 0 33042
p 0 212 33042
x 0 33043
p 0 215 33043
x 0 33044
p 0 206 33044
x 0 33045
p 0 203 33045
x 0 33046
p 0 208 33046
x 0 33047
p 0 204 33047
x 0 33048
p 0 207 33048
x 0 33049
p 0 200 33049
x 0 33050
p 0 202 33050
x 0 33051
p 0 204 33051
x 0 33052
p 0 203 33052
x 0 33053
p 0 206 33053
x 0 33054
p 0 250 33054
x 0 33055
p 0 207 33055
x 0 33056
p 0 218 33056
x 0 33057
p 0 117 33057
x 0 33058
p 0 225 33058
x 0 33059
p 0 227 33059
x 0 33060
p 0 229 33060
x 0 33000
h 0 10.0.0.12
p 0 23098 33000
x 1 33001
h 1 10.0.0.12
p 1 998 33001
x 0 33002
p 0 203 33002
x 0 33003
p 0 184 33003
x 0 33004
p 0 185 33004
x 0 33005
p 0 204 33005
x 0 33006
p 0 284 33006
x 0 33007
p 0 170 33007
x 0 33008
p 0 177 33008
x 0 33009
p 0 193 33009
x 0 33010
p 0 147 33010
x 0 33011
p 0 197 33011
x 0 33012
p 0 162 33012
x 0 33013
p 0 165 33013
x 0 33014
p 0 173 33014
x 0 33015
p 0 200 33015
x 0 33016
p 0 178 33016
x 0 33017
p 0 206 33017
x 0 33018
p 0 201 33018
x 0 33019
p 0 198 33019
x 0 33020
p 0 174 33020
x 0 33021
p 0 173 33021
x 0 33022
p 0 202 33022
x 0 33023
p 0 167 33023
x 0 33024
p 0 189 33024
x 0 33025
p 0 172 33025
x 0 33026
p 0 201 33026
x 0 33027
p 0 200 33027
x 0 33028
p 0 169 33028
x 0 33029
p 0 174 33029
x 0 33030
p 0 203 33030
x 0 33031
p 0 165 33031
x 0 33032
p 0 189 33032
x 0 33033
p 0 174 33033
x 0 33034
p 0 204 33034
x 0 33035
p 0 206 33035
x 0 33036
p 0 210 33036
x 0 33037
p 0 176 33037
x 0 33038
p 0 204 33038
x 0 33039
p 0 171 33039
x 0 33040
p 0 204 33040
x 0 33041
p 0 177 33041
x 0 33042
p 0 169 33042
x 0 33043
p 0 169 33043
x 0 33044
p 0 172 33044
x 0 33045
p 0 183 33045
x 0 33046
p 0 187 33046
x 0 33047
p 0 207 33047
x 0 33048
p 0 233 33048
x 0 33049
p 0 167 33049
x 0 33050
p 0 171 33050
x 0 33051
p 0 164 33051
x 0 33052
p 0 173 33052
x 0 33053
p 0 169 33053
x 0 33054
p 0 163 33054
x 0 33055
p 0 162 33055
x 0 33056
p 0 179 33056
x 0 33057
p 0 170 33057
x 0 33058
p 0 169 33058
x 0 33059
p 0 208 33059
x 0 33060
p 0 210 33060
x 0 33000
h 0 10.0.0.12
p 0 24198 33000
x 1 33001
h 1 10.0.0.12
p 1 856 33001
x 0 33002
p 0 202 33002
x 0 33003
p 0 186 33003
x 0 33004
p 0 207 33004
x 0 33005
p 0 173 33005
x 0 33006
p 0 163 33006
x 0 33007
p 0 200 33007
x 0 33008
p 0 167 33008
x 0 33009
p 0 174 33009
x 0 33010
p 0 200 33010
x 0 33011
p 0 200 33011
x 0 33012
p 0 66 33012
x 0 33013
p 0 182 33013
x 0 33014
p 0 206 33014
x 0 33015
p 0 198 33015
x 0 33016
p 0 199 33016
x 0 33017
p 0 177 33017
x 0 33018
p 0 166 33018
x 0 33019
p 0 155 33019
x 0 33020
p 0 201 33020
x 0 33021
p 0 171 33021
x 0 33022
p 0 169 33022
x 0 33023
p 0 204 33023
x 0 33024
p 0 203 33024
x 0 33025
p 0 142 33025
x 0 33026
p 0 168 33026
x 0 33027
p 0 200 33027
x 0 33028
p 0 200 33028
x 0 33029
p 0 170 33029
x 0 33030
p 0 172 33030
x 0 33031
p 0 173 33031
x 0 33032
p 0 201 33032
x 0 33033
p 0 165 33033
x 0 33034
p 0 168 33034
x 0 33035
p 0 184 33035
x 0 33036
p 0 201 33036
x 0 33037
p 0 144 33037
x 0 33038
p 0 277 33038
x 0 33039
p 0 254 33039
x 0 33040
p 0 209 33040
x 0 33041
p 0 229 33041
x 0 33042
p 0 209 33042
x 0 33043
p 0 210 33043
x 0 33044
p 0 209 33044
x 0 33045
p 0 205 33045
x 0 33046
p 0 173 33046
x 0 33047
p 0 222 33047
x 0 33048
p 0 182 33048
x 0 33049
p 0 185 33049
x 0 33050
p 0 182 33050
x 0 33051
p 0 190 33051
x 0 33052
p 0 146 33052
x 0 33053
p 0 146 33053
x 0 33054
p 0 144 33054
x 0 33055
p 0 180 33055
x 0 33056
p 0 183 33056
x 0 33057
p 0 248 33057
x 0 33058
p 0 191 33058
x 0 33059
p 0 155 33059
x 0 33060
p 0 213 33060
x 0 33000
h 0 10.0.0.12
p 0 23622 33000
x 1 33001
h 1 10.0.0.12
p 1 1109 33001
x 0 33002
p 0 208 33002
x 0 33003
p 0 174 33003
x 0 33004
p 0 170 33004
x 0 33005
p 0 171 33005
x 0 33006
p 0 197 33006
x 0 33007
p 0 168 33007
x 0 33008
p 0 172 33008
x 0 33009
p 0 169 33009
x 0 33010
p 0 164 33010
x 0 33011
p 0 167 33011
x 0 33012
p 0 166 33012
x 0 33013
p 0 166 33013
x 0 33014
p 0 168 33014
x 0 33015
p 0 164 33015
x 0 33016
p 0 226 33016
x 0 33017
p 0 162 33017
x 0 33018
p 0 173 33018
x 0 33019
p 0 204 33019
x 0 33020
p 0 204 33020
x 0 33021
p 0 202 33021
x 0 33022
p 0 270 33022
x 0 33023
p 0 205 33023
x 0 33024
p 0 203 33024
x 0 33025
p 0 206 33025
x 0 33026
p 0 205 33026
x 0 33027
p 0 202 33027
x 0 33028
p 0 208 33028
x 0 33029
p 0 204 33029
x 0 33030
p 0 203 33030
x 0 33031
p 0 239 33031
x 0 33032
p 0 201 33032
x 0 33033
p 0 206 33033
x 0 33034
p 0 205 33034
x 0 33035
p 0 205 33035
x 0 33036
p 0 210 33036
x 0 33037
p 0 208 33037
x 0 33038
p 0 205 33038
x 0 33039
p 0 206 33039
x 0 33040
p 0 204 33040
x 0 33041
p 0 205 33041
x 0 33042
p 0 203 33042
x 0 33043
p 0 212 33043
x 0 33044
p 0 237 33044
x 0 33045
p 0 203 33045
x 0 33046
p 0 204 33046
x 0 33047
p 0 201 33047
x 0 33048
p 0 203 33048
x 0 33049
p 0 202 33049
x 0 33050
p 0 265 33050
x 0 33051
p 0 202 33051
x 0 33052
p 0 204 33052
x 0 33053
p 0 205 33053
x 0 33054
p 0 154 33054
x 0 33055
p 0 157 33055
x 0 33056
p 0 154 33056
x 0 33057
p 0 152 33057
x 0 33058
p 0 157 33058
x 0 33059
p 0 155 33059
x 0 33060
p 0 156 33060
x 0 33000
h 0 10.0.0.12
p 0 24247 33000
x 1 33001
h 1 10.0.0.12
p 1 1136 33001
x 0 33002
p 0 254 33002
x 0 33003
p 0 331 33003
x 0 33004
p 0 285 33004
x 0 33005
p 0 272 33005
x 0 33006
p 0 283 33006
x 0 33007
p 0 237 33007
x 0 33008
p 0 207 33008
x 0 33009
p 0 242 33009
x 0 33010
p 0 211 33010
x 0 33011
p 0 231 33011
x 0 33012
p 0 240 33012
x 0 33013
p 0 228 33013
x 0 33014
p 0 257 33014
x 0 33015
p 0 229 33015
x 0 33016
p 0 235 33016
x 0 33017
p 0 208 33017
x 0 33018
p 0 174 33018
x 0 33019
p 0 206 33019
x 0 33020
p 0 198 33020
x 0 33021
p 0 181 33021
x 0 33022
p 0 174 33022
x 0 33023
p 0 238 33023
x 0 33024
p 0 172 33024
x 0 33025
p 0 180 33025
x 0 33026
p 0 159 33026
x 0 33027
p 0 203 33027
x 0 33028
p 0 147 33028
x 0 33029
p 0 204 33029
x 0 33030
p 0 203 33030
x 0 33031
p 0 201 33031
x 0 33032
p 0 205 33032
x 0 33033
p 0 184 33033
x 0 33034
p 0 201 33034
x 0 33035
p 0 145 33035
x 0 33036
p 0 200 33036
x 0 33037
p 0 205 33037
x 0 33038
p 0 204 33038
x 0 33039
p 0 167 33039
x 0 33040
p 0 206 33040
x 0 33041
p 0 184 33041
x 0 33042
p 0 183 33042
x 0 33043
p 0 169 33043
x 0 33044
p 0 167 33044
x 0 33045
p 0 208 33045
x 0 33046
p 0 173 33046
x 0 33047
p 0 174 33047
x 0 33048
p 0 206 33048
x 0 33049
p 0 181 33049
x 0 33050
p 0 1141 33050
x 0 33051
p 0 205 33051
x 0 33052
p 0 160 33052
x 0 33053
p 0 171 33053
x 0 33054
p 0 171 33054
x 0 33055
p 0 177 33055
x 0 33056
p 0 262 33056
x 0 33057
p 0 170 33057
x 0 33058
p 0 221 33058
x 0 33059
p 0 209 33059
x 0 33060
p 0 222 33060
x 0 33000
h 0 10.0.0.12
p 0 23026 33000
x 1 33001
h 1 10.0.0.12
p 1 911 33001
x 0 33002
p 0 240 33002
x 0 33003
p 0 205 33003
x 0 33004
p 0 207 33004
x 0 33005
p 0 205 33005
x 0 33006
p 0 205 33006
x 0 33007
p 0 205 33007
x 0 33008
p 0 174 33008
x 0 33009
p 0 209 33009
x 0 33010
p 0 164 33010
x 0 33011
p 0 203 33011
x 0 33012
p 0 205 33012
x 0 33013
p 0 203 33013
x 0 33014
p 0 167 33014
x 0 33015
p 0 174 33015
x 0 33016
p 0 206 33016
x 0 33017
p 0 206 33017
x 0 33018
p 0 200 33018
x 0 33019
p 0 302 33019
x 0 33020
p 0 186 33020
x 0 33021
p 0 201 33021
x 0 33022
p 0 165 33022
x 0 33023
p 0 201 33023
x 0 33024
p 0 205 33024
x 0 33025
p 0 201 33025
x 0 33026
p 0 198 33026
x 0 33027
p 0 201 33027
x 0 33028
p 0 204 33028
x 0 33029
p 0 201 33029
x 0 33030
p 0 202 33030
x 0 33031
p 0 166 33031
x 0 33032
p 0 170 33032
x 0 33033
p 0 200 33033
x 0 33034
p 0 202 33034
x 0 33035
p 0 170 33035
x 0 33036
p 0 200 33036
x 0 33037
p 0 250 33037
x 0 33038
p 0 168 33038
x 0 33039
p 0 183 33039
x 0 33040
p 0 202 33040
x 0 33041
p 0 199 33041
x 0 33042
p 0 171 33042
x 0 33043
p 0 169 33043
x 0 33044
p 0 205 33044
x 0 33045
p 0 167 33045
x 0 33046
p 0 169 33046
x 0 33047
p 0 168 33047
x 0 33048
p 0 166 33048
x 0 33049
p 0 183 33049
x 0 33050
p 0 172 33050
x 0 33051
p 0 207 33051
x 0 33052
p 0 169 33052
x 0 33053
p 0 205 33053
x 0 33054
p 0 205 33054
x 0 33055
p 0 210 33055
x 0 33056
p 0 206 33056
x 0 33057
p 0 207 33057
x 0 33058
p 0 206 33058
x 0 33059
p 0 177 33059
x 0 33060
p 0 229 33060
x 0 33000
h 0 10.0.0.12
p 0 23007 33000
x 1 33001
h 1 10.0.0.12
p 1 937 33001
x 0 33002
p 0 206 33002
x 0 33003
p 0 205 33003
x 0 33004
p 0 205 33004
x 0 33005
p 0 204 33005
x 0 33006
p 0 206 33006
x 0 33007
p 0 202 33007
x 0 33008
p 0 204 33008
x 0 33009
p 0 207 33009
x 0 33010
p 0 205 33010
x 0 33011
p 0 203 33011
x 0 33012
p 0 209 33012
x 0 33013
p 0 206 33013
x 0 33014
p 0 209 33014
x 0 33015
p 0 205 33015
x 0 33016
p 0 205 33016
x 0 33017
p 0 205 33017
x 0 33018
p 0 208 33018
x 0 33019
p 0 207 33019
x 0 33020
p 0 202 33020
x 0 33021
p 0 203 33021
x 0 33022
p 0 206 33022
x 0 33023
p 0 206 33023
x 0 33024
p 0 202 33024
x 0 33025
p 0 203 33025
x 0 33026
p 0 206 33026
x 0 33027
p 0 204 33027
x 0 33028
p 0 201 33028
x 0 33029
p 0 205 33029
x 0 33030
p 0 203 33030
x 0 33031
p 0 205 33031
x 0 33032
p 0 205 33032
x 0 33033
p 0 184 33033
x 0 33034
p 0 205 33034
x 0 33035
p 0 180 33035
x 0 33036
p 0 203 33036
x 0 33037
p 0 207 33037
x 0 33038
p 0 208 33038
x 0 33039
p 0 206 33039
x 0 33040
p 0 205 33040
x 0 33041
p 0 204 33041
x 0 33042
p 0 267 33042
x 0 33043
p 0 203 33043
x 0 33044
p 0 207 33044
x 0 33045
p 0 201 33045
x 0 33046
p 0 285 33046
x 0 33047
p 0 202 33047
x 0 33048
p 0 203 33048
x 0 33049
p 0 205 33049
x 0 33050
p 0 201 33050
x 0 33051
p 0 200 33051
x 0 33052
p 0 204 33052
x 0 33053
p 0 201 33053
x 0 33054
p 0 210 33054
x 0 33055
p 0 208 33055
x 0 33056
p 0 212 33056
x 0 33057
p 0 206 33057
x 0 33058
p 0 299 33058
x 0 33059
p 0 236 33059
x 0 33060
p 0 261 33060
x 0 33000
h 0 10.0.0.12
p 0 23814 33000
x 1 33001
h 1 10.0.0.12
p 1 891 33001
x 0 33002
p 0 199 33002
x 0 33003
p 0 207 33003
x 0 33004
p 0 179 33004
x 0 33005
p 0 205 33005
x 0 33006
p 0 206 33006
x 0 33007
p 0 202 33007
x 0 33008
p 0 204 33008
x 0 33009
p 0 205 33009
x 0 33010
p 0 203 33010
x 0 33011
p 0 205 33011
x 0 33012
p 0 203 33012
x 0 33013
p 0 205 33013
x 0 33014
p 0 204 33014
x 0 33015
p 0 204 33015
x 0 33016
p 0 206 33016
x 0 33017
p 0 205 33017
x 0 33018
p 0 202 33018
x 0 33019
p 0 207 33019
x 0 33020
p 0 202 33020
x 0 33021
p 0 203 33021
x 0 33022
p 0 205 33022
x 0 33023
p 0 201 33023
x 0 33024
p 0 208 33024
x 0 33025
p 0 208 33025
x 0 33026
p 0 204 33026
x 0 33027
p 0 204 33027
x 0 33028
p 0 207 33028
x 0 33029
p 0 209 33029
x 0 33030
p 0 203 33030
x 0 33031
p 0 202 33031
x 0 33032
p 0 206 33032
x 0 33033
p 0 204 33033
x 0 33034
p 0 203 33034
x 0 33035
p 0 202 33035
x 0 33036
p 0 206 33036
x 0 33037
p 0 238 33037
x 0 33038
p 0 201 33038
x 0 33039
p 0 202 33039
x 0 33040
p 0 206 33040
x 0 33041
p 0 206 33041
x 0 33042
p 0 202 33042
x 0 33043
p 0 202 33043
x 0 33044
p 0 199 33044
x 0 33045
p 0 173 33045
x 0 33046
p 0 172 33046
x 0 33047
p 0 205 33047
x 0 33048
p 0 173 33048
x 0 33049
p 0 178 33049
x 0 33050
p 0 172 33050
x 0 33051
p 0 172 33051
x 0 33052
p 0 173 33052
x 0 33053
p 0 176 33053
x 0 33054
p 0 174 33054
x 0 33055
p 0 172 33055
x 0 33056
p 0 176 33056
x 0 33057
p 0 223 33057
x 0 33058
p 0 212 33058
x 0 33059
p 0 222 33059
x 0 33060
p 0 229 33060
x 0 33000
h 0 10.0.0.12
p 0 22883 33000
x 1 33001
h 1 10.0.0.12
p 1 1107 33001
x 0 33002
p 0 206 33002
x 0 33003
p 0 171 33003
x 0 33004
p 0 231 33004
x 0 33005
p 0 164 33005
x 0 33006
p 0 165 33006
x 0 33007
p 0 156 33007
x 0 33008
p 0 154 33008
x 0 33009
p 0 168 33009
x 0 33010
p 0 163 33010
x 0 33011
p 0 158 33011
x 0 33012
p 0 158 33012
x 0 33013
p 0 171 33013
x 0 33014
p 0 169 33014
x 0 33015
p 0 155 33015
x 0 33016
p 0 158 33016
x 0 33017
p 0 167 33017
x 0 33018
p 0 161 33018
x 0 33019
p 0 159 33019
x 0 33020
p 0 158 33020
x 0 33021
p 0 168 33021
x 0 33022
p 0 168 33022
x 0 33023
p 0 171 33023
x 0 33024
p 0 169 33024
x 0 33025
p 0 170 33025
x 0 33026
p 0 173 33026
x 0 33027
p 0 169 33027
x 0 33028
p 0 207 33028
x 0 33029
p 0 174 33029
x 0 33030
p 0 175 33030
x 0 33031
p 0 169 33031
x 0 33032
p 0 205 33032
x 0 33033
p 0 168 33033
x 0 33034
p 0 171 33034
x 0 33035
p 0 171 33035
x 0 33036
p 0 204 33036
x 0 33037
p 0 201 33037
x 0 33038
p 0 172 33038
x 0 33039
p 0 174 33039
x 0 33040
p 0 205 33040
x 0 33041
p 0 163 33041
x 0 33042
p 0 194 33042
x 0 33043
p 0 171 33043
x 0 33044
p 0 169 33044
x 0 33045
p 0 201 33045
x 0 33046
p 0 170 33046
x 0 33047
p 0 165 33047
x 0 33048
p 0 205 33048
x 0 33049
p 0 138 33049
x 0 33050
p 0 118 33050
x 0 33051
p 0 166 33051
x 0 33052
p 0 164 33052
x 0 33053
p 0 203 33053
x 0 33054
p 0 171 33054
x 0 33055
p 0 167 33055
x 0 33056
p 0 224 33056
x 0 33057
p 0 853 33057
x 0 33058
p 0 238 33058
x 0 33059
p 0 228 33059
x 0 33060
p 0 214 33060
x 0 33000
h 0 10.0.0.12
p 0 22724 33000
x 1 33001
h 1 10.0.0.12
p 1 1093 33001
x 0 33002
p 0 223 33002
x 0 33003
p 0 224 33003
x 0 33004
p 0 223 33004
x 0 33005
p 0 203 33005
x 0 33006
p 0 203 33006
x 0 33007
p 0 199 33007
x 0 33008
p 0 202 33008
x 0 33009
p 0 201 33009
x 0 33010
p 0 199 33010
x 0 33011
p 0 201 33011
x 0 33012
p 0 202 33012
x 0 33013
p 0 200 33013
x 0 33014
p 0 203 33014
x 0 33015
p 0 203 33015
x 0 33016
p 0 202 33016
x 0 33017
p 0 202 33017
x 0 33018
p 0 200 33018
x 0 33019
p 0 207 33019
x 0 33020
p 0 202 33020
x 0 33021
p 0 202 33021
x 0 33022
p 0 207 33022
x 0 33023
p 0 259 33023
x 0 33024
p 0 204 33024
x 0 33025
p 0 208 33025
x 0 33026
p 0 203 33026
x 0 33027
p 0 206 33027
x 0 33028
p 0 205 33028
x 0 33029
p 0 209 33029
x 0 33030
p 0 206 33030
x 0 33031
p 0 204 33031
x 0 33032
p 0 200 33032
x 0 33033
p 0 201 33033
x 0 33034
p 0 202 33034
x 0 33035
p 0 202 33035
x 0 33036
p 0 201 33036
x 0 33037
p 0 203 33037
x 0 33038
p 0 238 33038
x 0 33039
p 0 205 33039
x 0 33040
p 0 199 33040
x 0 33041
p 0 186 33041
x 0 33042
p 0 200 33042
x 0 33043
p 0 204 33043
x 0 33044
p 0 202 33044
x 0 33045
p 0 204 33045
x 0 33046
p 0 201 33046
x 0 33047
p 0 202 33047
x 0 33048
p 0 202 33048
x 0 33049
p 0 208 33049
x 0 33050
p 0 203 33050
x 0 33051
p 0 203 33051
x 0 33052
p 0 188 33052
x 0 33053
p 0 204 33053
x 0 33054
p 0 174 33054
x 0 33055
p 0 169 33055
x 0 33056
p 0 218 33056
x 0 33057
p 0 203 33057
x 0 33058
p 0 209 33058
x 0 33059
p 0 211 33059
x 0 33060
p 0 211 33060
x 0 33000
h 0 10.0.0.12
p 0 23867 33000
x 1 33001
h 1 10.0.0.12
p 1 1061 33001
x 0 33002
p 0 208 33002
x 0 33003
p 0 207 33003
x 0 33004
p 0 169 33004
x 0 33005
p 0 171 33005
x 0 33006
p 0 141 33006
x 0 33007
p 0 187 33007
x 0 33008
p 0 173 33008
x 0 33009
p 0 193 33009
x 0 33010
p 0 155 33010
x 0 33011
p 0 208 33011
x 0 33012
p 0 204 33012
x 0 33013
p 0 177 33013
x 0 33014
p 0 204 33014
x 0 33015
p 0 203 33015
x 0 33016
p 0 205 33016
x 0 33017
p 0 174 33017
x 0 33018
p 0 205 33018
x 0 33019
p 0 204 33019
x 0 33020
p 0 206 33020
x 0 33021
p 0 173 33021
x 0 33022
p 0 173 33022
x 0 33023
p 0 174 33023
x 0 33024
p 0 203 33024
x 0 33025
p 0 174 33025
x 0 33026
p 0 168 33026
x 0 33027
p 0 206 33027
x 0 33028
p 0 202 33028
x 0 33029
p 0 201 33029
x 0 33030
p 0 202 33030
x 0 33031
p 0 207 33031
x 0 33032
p 0 203 33032
x 0 33033
p 0 177 33033
x 0 33034
p 0 396 33034
x 0 33035
p 0 259 33035
x 0 33036
p 0 223 33036
x 0 33037
p 0 220 33037
x 0 33038
p 0 218 33038
x 0 33039
p 0 220 33039
x 0 33040
p 0 216 33040
x 0 33041
p 0 224 33041
x 0 33042
p 0 224 33042
x 0 33043
p 0 220 33043
x 0 33044
p 0 224 33044
x 0 33045
p 0 223 33045
x 0 33046
p 0 234 33046
x 0 33047
p 0 220 33047
x 0 33048
p 0 219 33048
x 0 33049
p 0 223 33049
x 0 33050
p 0 217 33050
x 0 33051
p 0 152 33051
x 0 33052
p 0 222 33052
x 0 33053
p 0 200 33053
x 0 33054
p 0 256 33054
x 0 33055
p 0 223 33055
x 0 33056
p 0 223 33056
x 0 33057
p 0 221 33057
x 0 33058
p 0 245 33058
x 0 33059
p 0 220 33059
x 0 33060
p 0 221 33060
x 0 33000
h 0 10.0.0.12
p 0 23747 33000
x 1 33001
h 1 10.0.0.12
p 1 1063 33001
x 0 33002
p 0 160 33002
x 0 33003
p 0 248 33003
x 0 33004
p 0 235 33004
x 0 33005
p 0 226 33005
x 0 33006
p 0 299 33006
x 0 33007
p 0 228 33007
x 0 33008
p 0 226 33008
x 0 33009
p 0 224 33009
x 0 33010
p 0 289 33010
x 0 33011
p 0 216 33011
x 0 33012
p 0 218 33012
x 0 33013
p 0 222 33013
x 0 33014
p 0 218 33014
x 0 33015
p 0 219 33015
x 0 33016
p 0 222 33016
x 0 33017
p 0 220 33017
x 0 33018
p 0 222 33018
x 0 33019
p 0 217 33019
x 0 33020
p 0 213 33020
x 0 33021
p 0 216 33021
x 0 33022
p 0 211 33022
x 0 33023
p 0 213 33023
x 0 33024
p 0 211 33024
x 0 33025
p 0 267 33025
x 0 33026
p 0 209 33026
x 0 33027
p 0 211 33027
x 0 33028
p 0 217 33028
x 0 33029
p 0 218 33029
x 0 33030
p 0 209 33030
x 0 33031
p 0 206 33031
x 0 33032
p 0 240 33032
x 0 33033
p 0 215 33033
x 0 33034
p 0 212 33034
x 0 33035
p 0 200 33035
x 0 33036
p 0 204 33036
x 0 33037
p 0 208 33037
x 0 33038
p 0 211 33038
x 0 33039
p 0 202 33039
x 0 33040
p 0 206 33040
x 0 33041
p 0 233 33041
x 0 33042
p 0 209 33042
x 0 33043
p 0 209 33043
x 0 33044
p 0 208 33044
x 0 33045
p 0 206 33045
x 0 33046
p 0 207 33046
x 0 33047
p 0 207 33047
x 0 33048
p 0 208 33048
x 0 33049
p 0 207 33049
x 0 33050
p 0 206 33050
x 0 33051
p 0 208 33051
x 0 33052
p 0 206 33052
x 0 33053
p 0 210 33053
x 0 33054
p 0 201 33054
x 0 33055
p 0 215 33055
x 0 33056
p 0 215 33056
x 0 33057
p 0 215 33057
x 0 33058
p 0 307 33058
x 0 33059
p 0 236 33059
x 0 33060
p 0 221 33060
x 0 33000
h 0 10.0.0.12
p 0 23270 33000
x 1 33001
h 1 10.0.0.12
p 1 985 33001
x 0 33002
p 0 242 33002
x 0 33003
p 0 206 33003
x 0 33004
p 0 276 33004
x 0 33005
p 0 217 33005
x 0 33006
p 0 234 33006
x 0 33007
p 0 200 33007
x 0 33008
p 0 201 33008
x 0 33009
p 0 234 33009
x 0 33010
p 0 199 33010
x 0 33011
p 0 204 33011
x 0 33012
p 0 202 33012
x 0 33013
p 0 202 33013
x 0 33014
p 0 230 33014
x 0 33015
p 0 204 33015
x 0 33016
p 0 235 33016
x 0 33017
p 0 201 33017
x 0 33018
p 0 165 33018
x 0 33019
p 0 201 33019
x 0 33020
p 0 203 33020
x 0 33021
p 0 203 33021
x 0 33022
p 0 226 33022
x 0 33023
p 0 200 33023
x 0 33024
p 0 201 33024
x 0 33025
p 0 201 33025
x 0 33026
p 0 201 33026
x 0 33027
p 0 202 33027
x 0 33028
p 0 201 33028
x 0 33029
p 0 201 33029
x 0 33030
p 0 201 33030
x 0 33031
p 0 198 33031
x 0 33032
p 0 201 33032
x 0 33033
p 0 202 33033
x 0 33034
p 0 202 33034
x 0 33035
p 0 204 33035
x 0 33036
p 0 203 33036
x 0 33037
p 0 208 33037
x 0 33038
p 0 206 33038
x 0 33039
p 0 203 33039
x 0 33040
p 0 178 33040
x 0 33041
p 0 206 33041
x 0 33042
p 0 157 33042
x 0 33043
p 0 184 33043
x 0 33044
p 0 204 33044
x 0 33045
p 0 169 33045
x 0 33046
p 0 193 33046
x 0 33047
p 0 167 33047
x 0 33048
p 0 201 33048
x 0 33049
p 0 162 33049
x 0 33050
p 0 166 33050
x 0 33051
p 0 169 33051
x 0 33052
p 0 200 33052
x 0 33053
p 0 172 33053
x 0 33054
p 0 196 33054
x 0 33055
p 0 205 33055
x 0 33056
p 0 207 33056
x 0 33057
p 0 205 33057
x 0 33058
p 0 204 33058
x 0 33059
p 0 202 33059
x 0 33060
p 0 298 33060
