iperf 3.7
Linux netviews 5.4.0-53-generic #59-Ubuntu SMP Wed Oct 21 09:38:44 UTC 2020 x86_64
Control connection MSS 1448
Time: Wed, 18 Nov 2020 04:35:39 GMT
Connecting to host 10.0.0.11, port 84
      Cookie: jp3nzjynl3qt53gsaw4bfbourxbt4e2p4dei
      TCP MSS: 1448 (default)
[  5] local 10.0.0.4 port 57508 connected to 10.0.0.11 port 84
[  7] local 10.0.0.4 port 57564 connected to 10.0.0.11 port 84
[  9] local 10.0.0.4 port 57604 connected to 10.0.0.11 port 84
[ 11] local 10.0.0.4 port 57640 connected to 10.0.0.11 port 84
[ 13] local 10.0.0.4 port 57672 connected to 10.0.0.11 port 84
[ 15] local 10.0.0.4 port 57708 connected to 10.0.0.11 port 84
[ 17] local 10.0.0.4 port 57752 connected to 10.0.0.11 port 84
[ 19] local 10.0.0.4 port 57790 connected to 10.0.0.11 port 84
[ 21] local 10.0.0.4 port 57826 connected to 10.0.0.11 port 84
[ 23] local 10.0.0.4 port 57866 connected to 10.0.0.11 port 84
[ 25] local 10.0.0.4 port 57920 connected to 10.0.0.11 port 84
[ 27] local 10.0.0.4 port 57952 connected to 10.0.0.11 port 84
[ 29] local 10.0.0.4 port 57998 connected to 10.0.0.11 port 84
[ 31] local 10.0.0.4 port 58036 connected to 10.0.0.11 port 84
[ 33] local 10.0.0.4 port 58080 connected to 10.0.0.11 port 84
[ 35] local 10.0.0.4 port 58120 connected to 10.0.0.11 port 84
[ 37] local 10.0.0.4 port 58162 connected to 10.0.0.11 port 84
[ 39] local 10.0.0.4 port 58200 connected to 10.0.0.11 port 84
[ 41] local 10.0.0.4 port 58238 connected to 10.0.0.11 port 84
[ 43] local 10.0.0.4 port 58284 connected to 10.0.0.11 port 84
[ 45] local 10.0.0.4 port 58308 connected to 10.0.0.11 port 84
[ 47] local 10.0.0.4 port 58338 connected to 10.0.0.11 port 84
[ 49] local 10.0.0.4 port 58366 connected to 10.0.0.11 port 84
[ 51] local 10.0.0.4 port 58410 connected to 10.0.0.11 port 84
[ 53] local 10.0.0.4 port 58454 connected to 10.0.0.11 port 84
[ 55] local 10.0.0.4 port 58500 connected to 10.0.0.11 port 84
[ 57] local 10.0.0.4 port 58522 connected to 10.0.0.11 port 84
[ 59] local 10.0.0.4 port 58552 connected to 10.0.0.11 port 84
[ 61] local 10.0.0.4 port 58578 connected to 10.0.0.11 port 84
[ 63] local 10.0.0.4 port 58600 connected to 10.0.0.11 port 84
[ 65] local 10.0.0.4 port 58626 connected to 10.0.0.11 port 84
[ 67] local 10.0.0.4 port 58658 connected to 10.0.0.11 port 84
[ 69] local 10.0.0.4 port 58678 connected to 10.0.0.11 port 84
[ 71] local 10.0.0.4 port 58702 connected to 10.0.0.11 port 84
[ 73] local 10.0.0.4 port 58730 connected to 10.0.0.11 port 84
[ 75] local 10.0.0.4 port 58746 connected to 10.0.0.11 port 84
[ 77] local 10.0.0.4 port 58776 connected to 10.0.0.11 port 84
[ 79] local 10.0.0.4 port 58798 connected to 10.0.0.11 port 84
[ 81] local 10.0.0.4 port 58816 connected to 10.0.0.11 port 84
[ 83] local 10.0.0.4 port 58834 connected to 10.0.0.11 port 84
[ 85] local 10.0.0.4 port 58862 connected to 10.0.0.11 port 84
[ 87] local 10.0.0.4 port 58882 connected to 10.0.0.11 port 84
[ 89] local 10.0.0.4 port 58916 connected to 10.0.0.11 port 84
[ 91] local 10.0.0.4 port 58940 connected to 10.0.0.11 port 84
[ 93] local 10.0.0.4 port 58972 connected to 10.0.0.11 port 84
[ 95] local 10.0.0.4 port 58992 connected to 10.0.0.11 port 84
[ 97] local 10.0.0.4 port 59016 connected to 10.0.0.11 port 84
[ 99] local 10.0.0.4 port 59036 connected to 10.0.0.11 port 84
[101] local 10.0.0.4 port 59054 connected to 10.0.0.11 port 84
[103] local 10.0.0.4 port 59072 connected to 10.0.0.11 port 84
Starting Test: protocol: TCP, 50 streams, 131072 byte blocks, omitting 0 seconds, 60 second test, tos 0
[ ID] Interval           Transfer     Bitrate         Retr  Cwnd
[  5]   0.00-1.00   sec   445 KBytes  3.65 Mbits/sec    0   12.7 KBytes       
[  7]   0.00-1.00   sec   325 KBytes  2.66 Mbits/sec    2   14.1 KBytes       
[  9]   0.00-1.00   sec   327 KBytes  2.68 Mbits/sec    0   21.2 KBytes       
[ 11]   0.00-1.00   sec   304 KBytes  2.49 Mbits/sec    0   12.7 KBytes       
[ 13]   0.00-1.00   sec   304 KBytes  2.49 Mbits/sec    0   12.7 KBytes       
[ 15]   0.00-1.00   sec   386 KBytes  3.16 Mbits/sec    0   26.9 KBytes       
[ 17]   0.00-1.00   sec   369 KBytes  3.02 Mbits/sec    0   19.8 KBytes       
[ 19]   0.00-1.00   sec   328 KBytes  2.69 Mbits/sec    0   19.8 KBytes       
[ 21]   0.00-1.00   sec   327 KBytes  2.68 Mbits/sec    0   22.6 KBytes       
[ 23]   0.00-1.00   sec   327 KBytes  2.68 Mbits/sec    0   22.6 KBytes       
[ 25]   0.00-1.00   sec   560 KBytes  4.59 Mbits/sec    0   41.0 KBytes       
[ 27]   0.00-1.00   sec   411 KBytes  3.37 Mbits/sec    0   26.9 KBytes       
[ 29]   0.00-1.00   sec   325 KBytes  2.66 Mbits/sec    0   21.2 KBytes       
[ 31]   0.00-1.00   sec   386 KBytes  3.16 Mbits/sec    0   26.9 KBytes       
[ 33]   0.00-1.00   sec   328 KBytes  2.69 Mbits/sec    0   19.8 KBytes       
[ 35]   0.00-1.00   sec   387 KBytes  3.17 Mbits/sec    0   18.4 KBytes       
[ 37]   0.00-1.00   sec   624 KBytes  5.11 Mbits/sec    2   48.1 KBytes       
[ 39]   0.00-1.00   sec   581 KBytes  4.76 Mbits/sec    0   45.2 KBytes       
[ 41]   0.00-1.00   sec   518 KBytes  4.24 Mbits/sec    0   41.0 KBytes       
[ 43]   0.00-1.00   sec   370 KBytes  3.03 Mbits/sec    0   21.2 KBytes       
[ 45]   0.00-1.00   sec   607 KBytes  4.97 Mbits/sec    0   65.0 KBytes       
[ 47]   0.00-1.00   sec   390 KBytes  3.20 Mbits/sec    0   25.5 KBytes       
[ 49]   0.00-1.00   sec   397 KBytes  3.25 Mbits/sec    0   32.5 KBytes       
[ 51]   0.00-1.00   sec   433 KBytes  3.54 Mbits/sec    0   41.0 KBytes       
[ 53]   0.00-1.00   sec   650 KBytes  5.33 Mbits/sec    0   70.7 KBytes       
[ 55]   0.00-1.00   sec   471 KBytes  3.86 Mbits/sec    0   38.2 KBytes       
[ 57]   0.00-1.00   sec   714 KBytes  5.85 Mbits/sec    2   59.4 KBytes       
[ 59]   0.00-1.00   sec   629 KBytes  5.15 Mbits/sec    0   70.7 KBytes       
[ 61]   0.00-1.00   sec   502 KBytes  4.11 Mbits/sec    2   33.9 KBytes       
[ 63]   0.00-1.00   sec   650 KBytes  5.33 Mbits/sec    0   70.7 KBytes       
[ 65]   0.00-1.00   sec   820 KBytes  6.72 Mbits/sec    0   70.7 KBytes       
[ 67]   0.00-1.00   sec   485 KBytes  3.97 Mbits/sec    0   38.2 KBytes       
[ 69]   0.00-1.00   sec   735 KBytes  6.02 Mbits/sec    0   84.8 KBytes       
[ 71]   0.00-1.00   sec   502 KBytes  4.11 Mbits/sec    0   38.2 KBytes       
[ 73]   0.00-1.00   sec   502 KBytes  4.11 Mbits/sec    0   38.2 KBytes       
[ 75]   0.00-1.00   sec   502 KBytes  4.11 Mbits/sec    2   38.2 KBytes       
[ 77]   0.00-1.00   sec   540 KBytes  4.42 Mbits/sec    0   33.9 KBytes       
[ 79]   0.00-1.00   sec   905 KBytes  7.41 Mbits/sec    6   91.9 KBytes       
[ 81]   0.00-1.00   sec  1012 KBytes  8.29 Mbits/sec    0   76.4 KBytes       
[ 83]   0.00-1.00   sec   667 KBytes  5.47 Mbits/sec    0   70.7 KBytes       
[ 85]   0.00-1.00   sec   468 KBytes  3.83 Mbits/sec    0   25.5 KBytes       
[ 87]   0.00-1.00   sec   502 KBytes  4.11 Mbits/sec    0   38.2 KBytes       
[ 89]   0.00-1.00   sec   885 KBytes  7.25 Mbits/sec    2   93.3 KBytes       
[ 91]   0.00-1.00   sec   557 KBytes  4.56 Mbits/sec    2   33.9 KBytes       
[ 93]   0.00-1.00   sec   885 KBytes  7.25 Mbits/sec    2   41.0 KBytes       
[ 95]   0.00-1.00   sec   885 KBytes  7.25 Mbits/sec    2   93.3 KBytes       
[ 97]   0.00-1.00   sec   468 KBytes  3.83 Mbits/sec    0   38.2 KBytes       
[ 99]   0.00-1.00   sec   631 KBytes  5.17 Mbits/sec    2   49.5 KBytes       
[101]   0.00-1.00   sec   502 KBytes  4.11 Mbits/sec    0   38.2 KBytes       
[103]   0.00-1.00   sec   631 KBytes  5.17 Mbits/sec    0   70.7 KBytes       
[SUM]   0.00-1.00   sec  25.8 MBytes   217 Mbits/sec   26             
- - - - - - - - - - - - - - - - - - - - - - - - -
[  5]   1.00-2.00   sec   191 KBytes  1.56 Mbits/sec    0   12.7 KBytes       
[  7]   1.00-2.00   sec   260 KBytes  2.13 Mbits/sec    0   14.1 KBytes       
[  9]   1.00-2.00   sec   255 KBytes  2.08 Mbits/sec    0   21.2 KBytes       
[ 11]   1.00-2.00   sec   259 KBytes  2.12 Mbits/sec    0   12.7 KBytes       
[ 13]   1.00-2.00   sec   259 KBytes  2.12 Mbits/sec    0   12.7 KBytes       
[ 15]   1.00-2.00   sec   191 KBytes  1.56 Mbits/sec    0   26.9 KBytes       
[ 17]   1.00-2.00   sec   191 KBytes  1.56 Mbits/sec    0   19.8 KBytes       
[ 19]   1.00-2.00   sec   255 KBytes  2.08 Mbits/sec    0   19.8 KBytes       
[ 21]   1.00-2.00   sec   255 KBytes  2.08 Mbits/sec    0   22.6 KBytes       
[ 23]   1.00-2.00   sec   255 KBytes  2.08 Mbits/sec    0   22.6 KBytes       
[ 25]   1.00-2.00   sec   127 KBytes  1.04 Mbits/sec    0   41.0 KBytes       
[ 27]   1.00-2.00   sec   191 KBytes  1.56 Mbits/sec    0   26.9 KBytes       
[ 29]   1.00-2.00   sec   255 KBytes  2.08 Mbits/sec    0   21.2 KBytes       
[ 31]   1.00-2.00   sec   191 KBytes  1.56 Mbits/sec    0   26.9 KBytes       
[ 33]   1.00-2.00   sec   255 KBytes  2.08 Mbits/sec    0   15.6 KBytes       
[ 35]   1.00-2.00   sec   191 KBytes  1.56 Mbits/sec    0   18.4 KBytes       
[ 37]   1.00-2.00   sec   191 KBytes  1.56 Mbits/sec    0   48.1 KBytes       
[ 39]   1.00-2.00   sec   127 KBytes  1.04 Mbits/sec    0   45.2 KBytes       
[ 41]   1.00-2.00   sec   127 KBytes  1.04 Mbits/sec    0   41.0 KBytes       
[ 43]   1.00-2.00   sec   255 KBytes  2.08 Mbits/sec    0   21.2 KBytes       
[ 45]   1.00-2.00   sec   382 KBytes  3.13 Mbits/sec    0   65.0 KBytes       
[ 47]   1.00-2.00   sec   191 KBytes  1.56 Mbits/sec    0   25.5 KBytes       
[ 49]   1.00-2.00   sec   255 KBytes  2.08 Mbits/sec    0   32.5 KBytes       
[ 51]   1.00-2.00   sec   255 KBytes  2.08 Mbits/sec    0   41.0 KBytes       
[ 53]   1.00-2.00   sec   382 KBytes  3.13 Mbits/sec    0   70.7 KBytes       
[ 55]   1.00-2.00   sec   255 KBytes  2.08 Mbits/sec    0   38.2 KBytes       
[ 57]   1.00-2.00   sec   382 KBytes  3.13 Mbits/sec    4   59.4 KBytes       
[ 59]   1.00-2.00   sec   382 KBytes  3.13 Mbits/sec    0   70.7 KBytes       
[ 61]   1.00-2.00   sec   255 KBytes  2.08 Mbits/sec    0   33.9 KBytes       
[ 63]   1.00-2.00   sec   382 KBytes  3.13 Mbits/sec    0   70.7 KBytes       
[ 65]   1.00-2.00   sec   191 KBytes  1.56 Mbits/sec    0   70.7 KBytes       
[ 67]   1.00-2.00   sec   255 KBytes  2.08 Mbits/sec    0   38.2 KBytes       
[ 69]   1.00-2.00   sec   382 KBytes  3.13 Mbits/sec    1   59.4 KBytes       
[ 71]   1.00-2.00   sec   255 KBytes  2.08 Mbits/sec    2   38.2 KBytes       
[ 73]   1.00-2.00   sec   255 KBytes  2.08 Mbits/sec    0   38.2 KBytes       
[ 75]   1.00-2.00   sec   255 KBytes  2.08 Mbits/sec    0   38.2 KBytes       
[ 77]   1.00-2.00   sec   255 KBytes  2.08 Mbits/sec    0   33.9 KBytes       
[ 79]   1.00-2.00   sec   191 KBytes  1.56 Mbits/sec    0   91.9 KBytes       
[ 81]   1.00-2.00   sec   255 KBytes  2.08 Mbits/sec    6   52.3 KBytes       
[ 83]   1.00-2.00   sec   382 KBytes  3.13 Mbits/sec    0   70.7 KBytes       
[ 85]   1.00-2.00   sec   255 KBytes  2.08 Mbits/sec    1   17.0 KBytes       
[ 87]   1.00-2.00   sec   255 KBytes  2.08 Mbits/sec    0   38.2 KBytes       
[ 89]   1.00-2.00   sec   191 KBytes  1.56 Mbits/sec    0   93.3 KBytes       
[ 91]   1.00-2.00   sec   255 KBytes  2.08 Mbits/sec    0   33.9 KBytes       
[ 93]   1.00-2.00   sec   191 KBytes  1.56 Mbits/sec    2   28.3 KBytes       
[ 95]   1.00-2.00   sec   191 KBytes  1.56 Mbits/sec    0   93.3 KBytes       
[ 97]   1.00-2.00   sec   255 KBytes  2.08 Mbits/sec    0   38.2 KBytes       
[ 99]   1.00-2.00   sec   382 KBytes  3.13 Mbits/sec    0   49.5 KBytes       
[101]   1.00-2.00   sec   255 KBytes  2.08 Mbits/sec    0   38.2 KBytes       
[103]   1.00-2.00   sec   382 KBytes  3.13 Mbits/sec    0   70.7 KBytes       
[SUM]   1.00-2.00   sec  12.4 MBytes   104 Mbits/sec   16             
- - - - - - - - - - - - - - - - - - - - - - - - -
[  5]   2.00-3.00   sec   255 KBytes  2.09 Mbits/sec    0   12.7 KBytes       
[  7]   2.00-3.00   sec   255 KBytes  2.09 Mbits/sec    0   14.1 KBytes       
[  9]   2.00-3.00   sec   255 KBytes  2.09 Mbits/sec    0   21.2 KBytes       
[ 11]   2.00-3.00   sec   259 KBytes  2.12 Mbits/sec    0   12.7 KBytes       
[ 13]   2.00-3.00   sec   259 KBytes  2.12 Mbits/sec    0   12.7 KBytes       
[ 15]   2.00-3.00   sec   255 KBytes  2.09 Mbits/sec    0   26.9 KBytes       
[ 17]   2.00-3.00   sec   255 KBytes  2.09 Mbits/sec    0   19.8 KBytes       
[ 19]   2.00-3.00   sec   255 KBytes  2.09 Mbits/sec    0   19.8 KBytes       
[ 21]   2.00-3.00   sec   255 KBytes  2.09 Mbits/sec    0   22.6 KBytes       
[ 23]   2.00-3.00   sec   255 KBytes  2.09 Mbits/sec    0   22.6 KBytes       
[ 25]   2.00-3.00   sec   255 KBytes  2.09 Mbits/sec    0   41.0 KBytes       
[ 27]   2.00-3.00   sec   255 KBytes  2.09 Mbits/sec    0   26.9 KBytes       
[ 29]   2.00-3.00   sec   255 KBytes  2.09 Mbits/sec    0   24.0 KBytes       
[ 31]   2.00-3.00   sec   255 KBytes  2.09 Mbits/sec    0   26.9 KBytes       
[ 33]   2.00-3.00   sec   255 KBytes  2.09 Mbits/sec    0   15.6 KBytes       
[ 35]   2.00-3.00   sec   255 KBytes  2.09 Mbits/sec    0   18.4 KBytes       
[ 37]   2.00-3.00   sec   382 KBytes  3.13 Mbits/sec    0   48.1 KBytes       
[ 39]   2.00-3.00   sec   255 KBytes  2.09 Mbits/sec    0   45.2 KBytes       
[ 41]   2.00-3.00   sec   255 KBytes  2.09 Mbits/sec    0   41.0 KBytes       
[ 43]   2.00-3.00   sec   255 KBytes  2.09 Mbits/sec    0   21.2 KBytes       
[ 45]   2.00-3.00   sec   191 KBytes  1.56 Mbits/sec    0   65.0 KBytes       
[ 47]   2.00-3.00   sec   255 KBytes  2.09 Mbits/sec    0   25.5 KBytes       
[ 49]   2.00-3.00   sec   255 KBytes  2.09 Mbits/sec    0   32.5 KBytes       
[ 51]   2.00-3.00   sec   255 KBytes  2.09 Mbits/sec    0   41.0 KBytes       
[ 53]   2.00-3.00   sec   191 KBytes  1.56 Mbits/sec    0   70.7 KBytes       
[ 55]   2.00-3.00   sec   255 KBytes  2.09 Mbits/sec    0   38.2 KBytes       
[ 57]   2.00-3.00   sec   191 KBytes  1.56 Mbits/sec    0   59.4 KBytes       
[ 59]   2.00-3.00   sec   191 KBytes  1.56 Mbits/sec    0   70.7 KBytes       
[ 61]   2.00-3.00   sec   255 KBytes  2.09 Mbits/sec    0   33.9 KBytes       
[ 63]   2.00-3.00   sec   191 KBytes  1.56 Mbits/sec    0   70.7 KBytes       
[ 65]   2.00-3.00   sec   191 KBytes  1.56 Mbits/sec    0   70.7 KBytes       
[ 67]   2.00-3.00   sec   255 KBytes  2.09 Mbits/sec    0   38.2 KBytes       
[ 69]   2.00-3.00   sec   191 KBytes  1.56 Mbits/sec    0   59.4 KBytes       
[ 71]   2.00-3.00   sec   255 KBytes  2.09 Mbits/sec    0   17.0 KBytes       
[ 73]   2.00-3.00   sec   255 KBytes  2.09 Mbits/sec    1   25.5 KBytes       
[ 75]   2.00-3.00   sec   255 KBytes  2.09 Mbits/sec    0   38.2 KBytes       
[ 77]   2.00-3.00   sec   255 KBytes  2.09 Mbits/sec    1   15.6 KBytes       
[ 79]   2.00-3.00   sec   382 KBytes  3.13 Mbits/sec    0   91.9 KBytes       
[ 81]   2.00-3.00   sec   255 KBytes  2.09 Mbits/sec    0   24.0 KBytes       
[ 83]   2.00-3.00   sec   191 KBytes  1.56 Mbits/sec    0   70.7 KBytes       
[ 85]   2.00-3.00   sec   255 KBytes  2.09 Mbits/sec    2   17.0 KBytes       
[ 87]   2.00-3.00   sec   127 KBytes  1.04 Mbits/sec    0   38.2 KBytes       
[ 89]   2.00-3.00   sec   382 KBytes  3.13 Mbits/sec    0   93.3 KBytes       
[ 91]   2.00-3.00   sec   255 KBytes  2.09 Mbits/sec    0   22.6 KBytes       
[ 93]   2.00-3.00   sec   191 KBytes  1.56 Mbits/sec    0   28.3 KBytes       
[ 95]   2.00-3.00   sec   382 KBytes  3.13 Mbits/sec    0   93.3 KBytes       
[ 97]   2.00-3.00   sec   255 KBytes  2.09 Mbits/sec    0   17.0 KBytes       
[ 99]   2.00-3.00   sec   191 KBytes  1.56 Mbits/sec    0   49.5 KBytes       
[101]   2.00-3.00   sec   127 KBytes  1.04 Mbits/sec    0   38.2 KBytes       
[103]   2.00-3.00   sec   191 KBytes  1.56 Mbits/sec    1   33.9 KBytes       
[SUM]   2.00-3.00   sec  12.0 MBytes   101 Mbits/sec    5             
- - - - - - - - - - - - - - - - - - - - - - - - -
[  5]   3.00-4.00   sec   255 KBytes  2.09 Mbits/sec    0   12.7 KBytes       
[  7]   3.00-4.00   sec   255 KBytes  2.09 Mbits/sec    0   14.1 KBytes       
[  9]   3.00-4.00   sec   255 KBytes  2.09 Mbits/sec    0   21.2 KBytes       
[ 11]   3.00-4.00   sec   259 KBytes  2.12 Mbits/sec    0   12.7 KBytes       
[ 13]   3.00-4.00   sec   259 KBytes  2.12 Mbits/sec    0   12.7 KBytes       
[ 15]   3.00-4.00   sec   255 KBytes  2.09 Mbits/sec    0   26.9 KBytes       
[ 17]   3.00-4.00   sec   255 KBytes  2.09 Mbits/sec    0   19.8 KBytes       
[ 19]   3.00-4.00   sec   255 KBytes  2.09 Mbits/sec    0   19.8 KBytes       
[ 21]   3.00-4.00   sec   255 KBytes  2.09 Mbits/sec    0   22.6 KBytes       
[ 23]   3.00-4.00   sec   255 KBytes  2.09 Mbits/sec    0   22.6 KBytes       
[ 25]   3.00-4.00   sec   255 KBytes  2.09 Mbits/sec    0   41.0 KBytes       
[ 27]   3.00-4.00   sec   255 KBytes  2.09 Mbits/sec    0   26.9 KBytes       
[ 29]   3.00-4.00   sec   255 KBytes  2.09 Mbits/sec    0   24.0 KBytes       
[ 31]   3.00-4.00   sec   255 KBytes  2.09 Mbits/sec    0   26.9 KBytes       
[ 33]   3.00-4.00   sec   255 KBytes  2.09 Mbits/sec    0   15.6 KBytes       
[ 35]   3.00-4.00   sec   255 KBytes  2.09 Mbits/sec    0   18.4 KBytes       
[ 37]   3.00-4.00   sec   191 KBytes  1.56 Mbits/sec    0   48.1 KBytes       
[ 39]   3.00-4.00   sec   255 KBytes  2.09 Mbits/sec    0   45.2 KBytes       
[ 41]   3.00-4.00   sec   255 KBytes  2.09 Mbits/sec    0   41.0 KBytes       
[ 43]   3.00-4.00   sec   255 KBytes  2.09 Mbits/sec    0   21.2 KBytes       
[ 45]   3.00-4.00   sec   191 KBytes  1.56 Mbits/sec    0   65.0 KBytes       
[ 47]   3.00-4.00   sec   255 KBytes  2.09 Mbits/sec    0   25.5 KBytes       
[ 49]   3.00-4.00   sec   255 KBytes  2.09 Mbits/sec    0   32.5 KBytes       
[ 51]   3.00-4.00   sec   255 KBytes  2.09 Mbits/sec    0   41.0 KBytes       
[ 53]   3.00-4.00   sec   191 KBytes  1.56 Mbits/sec    0   70.7 KBytes       
[ 55]   3.00-4.00   sec   255 KBytes  2.09 Mbits/sec    2   38.2 KBytes       
[ 57]   3.00-4.00   sec   191 KBytes  1.56 Mbits/sec    0   59.4 KBytes       
[ 59]   3.00-4.00   sec   191 KBytes  1.56 Mbits/sec    0   70.7 KBytes       
[ 61]   3.00-4.00   sec   255 KBytes  2.09 Mbits/sec    0   33.9 KBytes       
[ 63]   3.00-4.00   sec   191 KBytes  1.56 Mbits/sec    0   70.7 KBytes       
[ 65]   3.00-4.00   sec   191 KBytes  1.56 Mbits/sec    0   70.7 KBytes       
[ 67]   3.00-4.00   sec   255 KBytes  2.09 Mbits/sec    0   38.2 KBytes       
[ 69]   3.00-4.00   sec   191 KBytes  1.56 Mbits/sec    0   59.4 KBytes       
[ 71]   3.00-4.00   sec   255 KBytes  2.09 Mbits/sec    0   17.0 KBytes       
[ 73]   3.00-4.00   sec   255 KBytes  2.09 Mbits/sec    0   25.5 KBytes       
[ 75]   3.00-4.00   sec   255 KBytes  2.09 Mbits/sec    0   38.2 KBytes       
[ 77]   3.00-4.00   sec   255 KBytes  2.09 Mbits/sec    0   15.6 KBytes       
[ 79]   3.00-4.00   sec   382 KBytes  3.13 Mbits/sec    0   91.9 KBytes       
[ 81]   3.00-4.00   sec   255 KBytes  2.09 Mbits/sec    0   24.0 KBytes       
[ 83]   3.00-4.00   sec   191 KBytes  1.56 Mbits/sec    0   70.7 KBytes       
[ 85]   3.00-4.00   sec   255 KBytes  2.09 Mbits/sec    0   17.0 KBytes       
[ 87]   3.00-4.00   sec   382 KBytes  3.13 Mbits/sec    0   38.2 KBytes       
[ 89]   3.00-4.00   sec   382 KBytes  3.13 Mbits/sec    0   93.3 KBytes       
[ 91]   3.00-4.00   sec   255 KBytes  2.09 Mbits/sec    0   22.6 KBytes       
[ 93]   3.00-4.00   sec   191 KBytes  1.56 Mbits/sec    0   28.3 KBytes       
[ 95]   3.00-4.00   sec   382 KBytes  3.13 Mbits/sec    3   93.3 KBytes       
[ 97]   3.00-4.00   sec   255 KBytes  2.09 Mbits/sec    0   17.0 KBytes       
[ 99]   3.00-4.00   sec   191 KBytes  1.56 Mbits/sec    2   49.5 KBytes       
[101]   3.00-4.00   sec   382 KBytes  3.13 Mbits/sec    0   38.2 KBytes       
[103]   3.00-4.00   sec   191 KBytes  1.56 Mbits/sec    0   33.9 KBytes       
[SUM]   3.00-4.00   sec  12.3 MBytes   103 Mbits/sec    7             
- - - - - - - - - - - - - - - - - - - - - - - - -
[  5]   4.00-5.00   sec   318 KBytes  2.61 Mbits/sec    0   18.4 KBytes       
[  7]   4.00-5.00   sec   318 KBytes  2.61 Mbits/sec    0   14.1 KBytes       
[  9]   4.00-5.00   sec   318 KBytes  2.61 Mbits/sec    0   21.2 KBytes       
[ 11]   4.00-5.00   sec   259 KBytes  2.12 Mbits/sec    0   12.7 KBytes       
[ 13]   4.00-5.00   sec   259 KBytes  2.12 Mbits/sec    0   12.7 KBytes       
[ 15]   4.00-5.00   sec   318 KBytes  2.61 Mbits/sec    0   26.9 KBytes       
[ 17]   4.00-5.00   sec   318 KBytes  2.61 Mbits/sec    0   19.8 KBytes       
[ 19]   4.00-5.00   sec   318 KBytes  2.61 Mbits/sec    0   19.8 KBytes       
[ 21]   4.00-5.00   sec   318 KBytes  2.61 Mbits/sec    0   22.6 KBytes       
[ 23]   4.00-5.00   sec   318 KBytes  2.61 Mbits/sec    0   22.6 KBytes       
[ 25]   4.00-5.00   sec   382 KBytes  3.13 Mbits/sec    0   41.0 KBytes       
[ 27]   4.00-5.00   sec   318 KBytes  2.61 Mbits/sec    0   26.9 KBytes       
[ 29]   4.00-5.00   sec   318 KBytes  2.61 Mbits/sec    0   24.0 KBytes       
[ 31]   4.00-5.00   sec   318 KBytes  2.61 Mbits/sec    0   26.9 KBytes       
[ 33]   4.00-5.00   sec   318 KBytes  2.61 Mbits/sec    0   15.6 KBytes       
[ 35]   4.00-5.00   sec   318 KBytes  2.61 Mbits/sec    0   18.4 KBytes       
[ 37]   4.00-5.00   sec   382 KBytes  3.13 Mbits/sec    0   48.1 KBytes       
[ 39]   4.00-5.00   sec   382 KBytes  3.13 Mbits/sec    0   45.2 KBytes       
[ 41]   4.00-5.00   sec   382 KBytes  3.13 Mbits/sec    0   41.0 KBytes       
[ 43]   4.00-5.00   sec   318 KBytes  2.61 Mbits/sec    0   21.2 KBytes       
[ 45]   4.00-5.00   sec   382 KBytes  3.13 Mbits/sec    0   65.0 KBytes       
[ 47]   4.00-5.00   sec   318 KBytes  2.61 Mbits/sec    0   25.5 KBytes       
[ 49]   4.00-5.00   sec   382 KBytes  3.13 Mbits/sec    0   32.5 KBytes       
[ 51]   4.00-5.00   sec   382 KBytes  3.13 Mbits/sec    0   41.0 KBytes       
[ 53]   4.00-5.00   sec   382 KBytes  3.13 Mbits/sec    0   70.7 KBytes       
[ 55]   4.00-5.00   sec   255 KBytes  2.09 Mbits/sec    2   38.2 KBytes       
[ 57]   4.00-5.00   sec   382 KBytes  3.13 Mbits/sec    0   59.4 KBytes       
[ 59]   4.00-5.00   sec   382 KBytes  3.13 Mbits/sec    0   70.7 KBytes       
[ 61]   4.00-5.00   sec   382 KBytes  3.13 Mbits/sec    0   33.9 KBytes       
[ 63]   4.00-5.00   sec   382 KBytes  3.13 Mbits/sec    0   70.7 KBytes       
[ 65]   4.00-5.00   sec   382 KBytes  3.13 Mbits/sec    0   49.5 KBytes       
[ 67]   4.00-5.00   sec   255 KBytes  2.09 Mbits/sec    0   38.2 KBytes       
[ 69]   4.00-5.00   sec   382 KBytes  3.13 Mbits/sec    0   59.4 KBytes       
[ 71]   4.00-5.00   sec   255 KBytes  2.09 Mbits/sec    0   17.0 KBytes       
[ 73]   4.00-5.00   sec   255 KBytes  2.09 Mbits/sec    0   25.5 KBytes       
[ 75]   4.00-5.00   sec   255 KBytes  2.09 Mbits/sec    0   38.2 KBytes       
[ 77]   4.00-5.00   sec   255 KBytes  2.09 Mbits/sec    0   15.6 KBytes       
[ 79]   4.00-5.00   sec   573 KBytes  4.69 Mbits/sec    0   91.9 KBytes       
[ 81]   4.00-5.00   sec   255 KBytes  2.09 Mbits/sec    0   24.0 KBytes       
[ 83]   4.00-5.00   sec   382 KBytes  3.13 Mbits/sec    0   70.7 KBytes       
[ 85]   4.00-5.00   sec   255 KBytes  2.09 Mbits/sec    0   17.0 KBytes       
[ 87]   4.00-5.00   sec   255 KBytes  2.09 Mbits/sec    0   38.2 KBytes       
[ 89]   4.00-5.00   sec   573 KBytes  4.69 Mbits/sec    0   93.3 KBytes       
[ 91]   4.00-5.00   sec   255 KBytes  2.09 Mbits/sec    0   22.6 KBytes       
[ 93]   4.00-5.00   sec   382 KBytes  3.13 Mbits/sec    0   28.3 KBytes       
[ 95]   4.00-5.00   sec   573 KBytes  4.69 Mbits/sec    0   93.3 KBytes       
[ 97]   4.00-5.00   sec   255 KBytes  2.09 Mbits/sec    0   17.0 KBytes       
[ 99]   4.00-5.00   sec   382 KBytes  3.13 Mbits/sec    0   49.5 KBytes       
[101]   4.00-5.00   sec   255 KBytes  2.09 Mbits/sec    0   38.2 KBytes       
[103]   4.00-5.00   sec   382 KBytes  3.13 Mbits/sec    0   33.9 KBytes       
[SUM]   4.00-5.00   sec  16.5 MBytes   139 Mbits/sec    2             
- - - - - - - - - - - - - - - - - - - - - - - - -
[  5]   5.00-6.00   sec   318 KBytes  2.61 Mbits/sec    0   18.4 KBytes       
[  7]   5.00-6.00   sec   318 KBytes  2.61 Mbits/sec    0   14.1 KBytes       
[  9]   5.00-6.00   sec   318 KBytes  2.61 Mbits/sec    0   26.9 KBytes       
[ 11]   5.00-6.00   sec   345 KBytes  2.83 Mbits/sec    0   12.7 KBytes       
[ 13]   5.00-6.00   sec   345 KBytes  2.83 Mbits/sec    0   12.7 KBytes       
[ 15]   5.00-6.00   sec   318 KBytes  2.61 Mbits/sec    0   26.9 KBytes       
[ 17]   5.00-6.00   sec   318 KBytes  2.61 Mbits/sec    0   19.8 KBytes       
[ 19]   5.00-6.00   sec   318 KBytes  2.61 Mbits/sec    0   19.8 KBytes       
[ 21]   5.00-6.00   sec   318 KBytes  2.61 Mbits/sec    0   22.6 KBytes       
[ 23]   5.00-6.00   sec   318 KBytes  2.61 Mbits/sec    0   22.6 KBytes       
[ 25]   5.00-6.00   sec   255 KBytes  2.09 Mbits/sec    0   41.0 KBytes       
[ 27]   5.00-6.00   sec   318 KBytes  2.61 Mbits/sec    0   26.9 KBytes       
[ 29]   5.00-6.00   sec   318 KBytes  2.61 Mbits/sec    0   24.0 KBytes       
[ 31]   5.00-6.00   sec   318 KBytes  2.61 Mbits/sec    0   26.9 KBytes       
[ 33]   5.00-6.00   sec   318 KBytes  2.61 Mbits/sec    0   15.6 KBytes       
[ 35]   5.00-6.00   sec   318 KBytes  2.61 Mbits/sec    0   18.4 KBytes       
[ 37]   5.00-6.00   sec   191 KBytes  1.56 Mbits/sec    0   48.1 KBytes       
[ 39]   5.00-6.00   sec   255 KBytes  2.09 Mbits/sec    0   45.2 KBytes       
[ 41]   5.00-6.00   sec   255 KBytes  2.09 Mbits/sec    0   41.0 KBytes       
[ 43]   5.00-6.00   sec   318 KBytes  2.61 Mbits/sec    0   21.2 KBytes       
[ 45]   5.00-6.00   sec   382 KBytes  3.13 Mbits/sec    0   65.0 KBytes       
[ 47]   5.00-6.00   sec   318 KBytes  2.61 Mbits/sec    0   25.5 KBytes       
[ 49]   5.00-6.00   sec   255 KBytes  2.09 Mbits/sec    0   32.5 KBytes       
[ 51]   5.00-6.00   sec   255 KBytes  2.09 Mbits/sec    0   41.0 KBytes       
[ 53]   5.00-6.00   sec   573 KBytes  4.69 Mbits/sec    0   70.7 KBytes       
[ 55]   5.00-6.00   sec   382 KBytes  3.13 Mbits/sec    0   38.2 KBytes       
[ 57]   5.00-6.00   sec   382 KBytes  3.13 Mbits/sec    0   59.4 KBytes       
[ 59]   5.00-6.00   sec   573 KBytes  4.69 Mbits/sec    0   70.7 KBytes       
[ 61]   5.00-6.00   sec   255 KBytes  2.09 Mbits/sec    2   33.9 KBytes       
[ 63]   5.00-6.00   sec   573 KBytes  4.69 Mbits/sec    0   70.7 KBytes       
[ 65]   5.00-6.00   sec   382 KBytes  3.13 Mbits/sec    0   49.5 KBytes       
[ 67]   5.00-6.00   sec   382 KBytes  3.13 Mbits/sec    0   38.2 KBytes       
[ 69]   5.00-6.00   sec   191 KBytes  1.56 Mbits/sec    0   59.4 KBytes       
[ 71]   5.00-6.00   sec   382 KBytes  3.13 Mbits/sec    0   17.0 KBytes       
[ 73]   5.00-6.00   sec   382 KBytes  3.13 Mbits/sec    0   25.5 KBytes       
[ 75]   5.00-6.00   sec   382 KBytes  3.13 Mbits/sec    0   38.2 KBytes       
[ 77]   5.00-6.00   sec   382 KBytes  3.13 Mbits/sec    0   15.6 KBytes       
[ 79]   5.00-6.00   sec   573 KBytes  4.69 Mbits/sec    0   91.9 KBytes       
[ 81]   5.00-6.00   sec   255 KBytes  2.09 Mbits/sec    0   24.0 KBytes       
[ 83]   5.00-6.00   sec   573 KBytes  4.69 Mbits/sec    0   70.7 KBytes       
[ 85]   5.00-6.00   sec   382 KBytes  3.13 Mbits/sec    0   17.0 KBytes       
[ 87]   5.00-6.00   sec   255 KBytes  2.09 Mbits/sec    0   38.2 KBytes       
[ 89]   5.00-6.00   sec   573 KBytes  4.69 Mbits/sec    0   93.3 KBytes       
[ 91]   5.00-6.00   sec   382 KBytes  3.13 Mbits/sec    0   22.6 KBytes       
[ 93]   5.00-6.00   sec   382 KBytes  3.13 Mbits/sec    0   28.3 KBytes       
[ 95]   5.00-6.00   sec   573 KBytes  4.69 Mbits/sec    0   93.3 KBytes       
[ 97]   5.00-6.00   sec   382 KBytes  3.13 Mbits/sec    0   12.7 KBytes       
[ 99]   5.00-6.00   sec   191 KBytes  1.56 Mbits/sec    0   49.5 KBytes       
[101]   5.00-6.00   sec   255 KBytes  2.09 Mbits/sec    0   38.2 KBytes       
[103]   5.00-6.00   sec   191 KBytes  1.56 Mbits/sec    0   33.9 KBytes       
[SUM]   5.00-6.00   sec  17.1 MBytes   143 Mbits/sec    2             
- - - - - - - - - - - - - - - - - - - - - - - - -
[  5]   6.00-7.00   sec  0.00 Bytes  0.00 bits/sec    0   1.41 KBytes       
[  7]   6.00-7.00   sec  0.00 Bytes  0.00 bits/sec    0   1.41 KBytes       
[  9]   6.00-7.00   sec  0.00 Bytes  0.00 bits/sec    0   1.41 KBytes       
[ 11]   6.00-7.00   sec  0.00 Bytes  0.00 bits/sec    0   1.41 KBytes       
[ 13]   6.00-7.00   sec  0.00 Bytes  0.00 bits/sec    0   1.41 KBytes       
[ 15]   6.00-7.00   sec  0.00 Bytes  0.00 bits/sec    0   1.41 KBytes       
[ 17]   6.00-7.00   sec  0.00 Bytes  0.00 bits/sec    0   1.41 KBytes       
[ 19]   6.00-7.00   sec  0.00 Bytes  0.00 bits/sec    0   1.41 KBytes       
[ 21]   6.00-7.00   sec  0.00 Bytes  0.00 bits/sec    0   1.41 KBytes       
[ 23]   6.00-7.00   sec  0.00 Bytes  0.00 bits/sec    0   1.41 KBytes       
[ 25]   6.00-7.00   sec  0.00 Bytes  0.00 bits/sec    0   1.41 KBytes       
[ 27]   6.00-7.00   sec  0.00 Bytes  0.00 bits/sec    0   1.41 KBytes       
[ 29]   6.00-7.00   sec  0.00 Bytes  0.00 bits/sec    0   36.0 Bytes       
[ 31]   6.00-7.00   sec  0.00 Bytes  0.00 bits/sec    0   1.41 KBytes       
[ 33]   6.00-7.00   sec  0.00 Bytes  0.00 bits/sec    0   1.41 KBytes       
[ 35]   6.00-7.00   sec  0.00 Bytes  0.00 bits/sec    0   1.41 KBytes       
[ 37]   6.00-7.00   sec  0.00 Bytes  0.00 bits/sec    0   1.41 KBytes       
[ 39]   6.00-7.00   sec  0.00 Bytes  0.00 bits/sec    0   1.41 KBytes       
[ 41]   6.00-7.00   sec  0.00 Bytes  0.00 bits/sec    0   1.41 KBytes       
[ 43]   6.00-7.00   sec  0.00 Bytes  0.00 bits/sec    0   1.41 KBytes       
[ 45]   6.00-7.00   sec  0.00 Bytes  0.00 bits/sec    0   1.41 KBytes       
[ 47]   6.00-7.00   sec  0.00 Bytes  0.00 bits/sec    0   1.41 KBytes       
[ 49]   6.00-7.00   sec  0.00 Bytes  0.00 bits/sec    0   1.41 KBytes       
[ 51]   6.00-7.00   sec  0.00 Bytes  0.00 bits/sec    0   1.41 KBytes       
[ 53]   6.00-7.00   sec  0.00 Bytes  0.00 bits/sec    0   1.41 KBytes       
[ 55]   6.00-7.00   sec  0.00 Bytes  0.00 bits/sec    0   1.41 KBytes       
[ 57]   6.00-7.00   sec  0.00 Bytes  0.00 bits/sec    0   1.41 KBytes       
[ 59]   6.00-7.00   sec  0.00 Bytes  0.00 bits/sec    0   1.41 KBytes       
[ 61]   6.00-7.00   sec  0.00 Bytes  0.00 bits/sec    0   1.41 KBytes       
[ 63]   6.00-7.00   sec  0.00 Bytes  0.00 bits/sec    0   1.41 KBytes       
[ 65]   6.00-7.00   sec  0.00 Bytes  0.00 bits/sec    0   1.41 KBytes       
[ 67]   6.00-7.00   sec  0.00 Bytes  0.00 bits/sec    0   1.41 KBytes       
[ 69]   6.00-7.00   sec   191 KBytes  1.56 Mbits/sec    0   1.41 KBytes       
[ 71]   6.00-7.00   sec  0.00 Bytes  0.00 bits/sec    0   1.41 KBytes       
[ 73]   6.00-7.00   sec  0.00 Bytes  0.00 bits/sec    0   1.41 KBytes       
[ 75]   6.00-7.00   sec  0.00 Bytes  0.00 bits/sec    0   36.0 Bytes       
[ 77]   6.00-7.00   sec  0.00 Bytes  0.00 bits/sec    0   1.41 KBytes       
[ 79]   6.00-7.00   sec  0.00 Bytes  0.00 bits/sec    0   1.41 KBytes       
[ 81]   6.00-7.00   sec  0.00 Bytes  0.00 bits/sec    0   1.41 KBytes       
[ 83]   6.00-7.00   sec  0.00 Bytes  0.00 bits/sec    0   1.41 KBytes       
[ 85]   6.00-7.00   sec  0.00 Bytes  0.00 bits/sec    0   1.41 KBytes       
[ 87]   6.00-7.00   sec   127 KBytes  1.04 Mbits/sec    0   1.41 KBytes       
[ 89]   6.00-7.00   sec  0.00 Bytes  0.00 bits/sec    0   1.41 KBytes       
[ 91]   6.00-7.00   sec  0.00 Bytes  0.00 bits/sec    0   1.41 KBytes       
[ 93]   6.00-7.00   sec  0.00 Bytes  0.00 bits/sec    0   1.41 KBytes       
[ 95]   6.00-7.00   sec  0.00 Bytes  0.00 bits/sec    0   1.41 KBytes       
[ 97]   6.00-7.00   sec  0.00 Bytes  0.00 bits/sec    0   1.41 KBytes       
[ 99]   6.00-7.00   sec   191 KBytes  1.56 Mbits/sec    0   1.41 KBytes       
[101]   6.00-7.00   sec   127 KBytes  1.04 Mbits/sec    0   1.41 KBytes       
[103]   6.00-7.00   sec   191 KBytes  1.56 Mbits/sec    0   1.41 KBytes       
[SUM]   6.00-7.00   sec   827 KBytes  6.77 Mbits/sec    0             
- - - - - - - - - - - - - - - - - - - - - - - - -
[  5]   7.00-8.00   sec  0.00 Bytes  0.00 bits/sec    0   1.41 KBytes       
[  7]   7.00-8.00   sec  0.00 Bytes  0.00 bits/sec    0   1.41 KBytes       
[  9]   7.00-8.00   sec  0.00 Bytes  0.00 bits/sec    0   1.41 KBytes       
[ 11]   7.00-8.00   sec  0.00 Bytes  0.00 bits/sec    0   1.41 KBytes       
[ 13]   7.00-8.00   sec  0.00 Bytes  0.00 bits/sec    0   1.41 KBytes       
[ 15]   7.00-8.00   sec  0.00 Bytes  0.00 bits/sec    0   1.41 KBytes       
[ 17]   7.00-8.00   sec  0.00 Bytes  0.00 bits/sec    0   1.41 KBytes       
[ 19]   7.00-8.00   sec  0.00 Bytes  0.00 bits/sec    0   1.41 KBytes       
[ 21]   7.00-8.00   sec  0.00 Bytes  0.00 bits/sec    0   1.41 KBytes       
[ 23]   7.00-8.00   sec  0.00 Bytes  0.00 bits/sec    0   1.41 KBytes       
[ 25]   7.00-8.00   sec  0.00 Bytes  0.00 bits/sec    0   1.41 KBytes       
[ 27]   7.00-8.00   sec  0.00 Bytes  0.00 bits/sec    0   1.41 KBytes       
[ 29]   7.00-8.00   sec  0.00 Bytes  0.00 bits/sec    0   36.0 Bytes       
[ 31]   7.00-8.00   sec  0.00 Bytes  0.00 bits/sec    0   1.41 KBytes       
[ 33]   7.00-8.00   sec  0.00 Bytes  0.00 bits/sec    0   1.41 KBytes       
[ 35]   7.00-8.00   sec  0.00 Bytes  0.00 bits/sec    0   1.41 KBytes       
[ 37]   7.00-8.00   sec  0.00 Bytes  0.00 bits/sec    0   1.41 KBytes       
[ 39]   7.00-8.00   sec  0.00 Bytes  0.00 bits/sec    0   1.41 KBytes       
[ 41]   7.00-8.00   sec  0.00 Bytes  0.00 bits/sec    0   1.41 KBytes       
[ 43]   7.00-8.00   sec  0.00 Bytes  0.00 bits/sec    0   1.41 KBytes       
[ 45]   7.00-8.00   sec  0.00 Bytes  0.00 bits/sec    0   1.41 KBytes       
[ 47]   7.00-8.00   sec  0.00 Bytes  0.00 bits/sec    0   1.41 KBytes       
[ 49]   7.00-8.00   sec  0.00 Bytes  0.00 bits/sec    0   1.41 KBytes       
[ 51]   7.00-8.00   sec  0.00 Bytes  0.00 bits/sec    0   1.41 KBytes       
[ 53]   7.00-8.00   sec  0.00 Bytes  0.00 bits/sec    0   1.41 KBytes       
[ 55]   7.00-8.00   sec  0.00 Bytes  0.00 bits/sec    0   1.41 KBytes       
[ 57]   7.00-8.00   sec  0.00 Bytes  0.00 bits/sec    0   1.41 KBytes       
[ 59]   7.00-8.00   sec  0.00 Bytes  0.00 bits/sec    0   1.41 KBytes       
[ 61]   7.00-8.00   sec  0.00 Bytes  0.00 bits/sec    0   1.41 KBytes       
[ 63]   7.00-8.00   sec  0.00 Bytes  0.00 bits/sec    0   1.41 KBytes       
[ 65]   7.00-8.00   sec  0.00 Bytes  0.00 bits/sec    0   1.41 KBytes       
[ 67]   7.00-8.00   sec  0.00 Bytes  0.00 bits/sec    0   1.41 KBytes       
[ 69]   7.00-8.00   sec  0.00 Bytes  0.00 bits/sec    0   1.41 KBytes       
[ 71]   7.00-8.00   sec  0.00 Bytes  0.00 bits/sec    0   1.41 KBytes       
[ 73]   7.00-8.00   sec  0.00 Bytes  0.00 bits/sec    0   1.41 KBytes       
[ 75]   7.00-8.00   sec  0.00 Bytes  0.00 bits/sec    0   36.0 Bytes       
[ 77]   7.00-8.00   sec  0.00 Bytes  0.00 bits/sec    0   1.41 KBytes       
[ 79]   7.00-8.00   sec  0.00 Bytes  0.00 bits/sec    0   1.41 KBytes       
[ 81]   7.00-8.00   sec  0.00 Bytes  0.00 bits/sec    0   1.41 KBytes       
[ 83]   7.00-8.00   sec  0.00 Bytes  0.00 bits/sec    0   1.41 KBytes       
[ 85]   7.00-8.00   sec  0.00 Bytes  0.00 bits/sec    0   1.41 KBytes       
[ 87]   7.00-8.00   sec  0.00 Bytes  0.00 bits/sec    0   1.41 KBytes       
[ 89]   7.00-8.00   sec  0.00 Bytes  0.00 bits/sec    0   1.41 KBytes       
[ 91]   7.00-8.00   sec  0.00 Bytes  0.00 bits/sec    0   1.41 KBytes       
[ 93]   7.00-8.00   sec  0.00 Bytes  0.00 bits/sec    0   1.41 KBytes       
[ 95]   7.00-8.00   sec  0.00 Bytes  0.00 bits/sec    0   1.41 KBytes       
[ 97]   7.00-8.00   sec  0.00 Bytes  0.00 bits/sec    0   1.41 KBytes       
[ 99]   7.00-8.00   sec  0.00 Bytes  0.00 bits/sec    0   1.41 KBytes       
[101]   7.00-8.00   sec  0.00 Bytes  0.00 bits/sec    0   1.41 KBytes       
[103]   7.00-8.00   sec  0.00 Bytes  0.00 bits/sec    0   1.41 KBytes       
[SUM]   7.00-8.00   sec  0.00 Bytes  0.00 bits/sec    0             
- - - - - - - - - - - - - - - - - - - - - - - - -
[  5]   8.00-8.44   sec  0.00 Bytes  0.00 bits/sec    0   1.41 KBytes       
[  7]   8.00-8.44   sec  0.00 Bytes  0.00 bits/sec    0   1.41 KBytes       
[  9]   8.00-8.44   sec  0.00 Bytes  0.00 bits/sec    0   1.41 KBytes       
[ 11]   8.00-8.44   sec  0.00 Bytes  0.00 bits/sec    0   1.41 KBytes       
[ 13]   8.00-8.44   sec  0.00 Bytes  0.00 bits/sec    0   1.41 KBytes       
[ 15]   8.00-8.44   sec  0.00 Bytes  0.00 bits/sec    0   1.41 KBytes       
[ 17]   8.00-8.44   sec  0.00 Bytes  0.00 bits/sec    0   1.41 KBytes       
[ 19]   8.00-8.44   sec  0.00 Bytes  0.00 bits/sec    0   1.41 KBytes       
[ 21]   8.00-8.44   sec  0.00 Bytes  0.00 bits/sec    0   1.41 KBytes       
[ 23]   8.00-8.44   sec  0.00 Bytes  0.00 bits/sec    0   1.41 KBytes       
[ 25]   8.00-8.44   sec  0.00 Bytes  0.00 bits/sec    0   1.41 KBytes       
[ 27]   8.00-8.44   sec  0.00 Bytes  0.00 bits/sec    0   1.41 KBytes       
[ 29]   8.00-8.44   sec  0.00 Bytes  0.00 bits/sec    0   36.0 Bytes       
[ 31]   8.00-8.44   sec  0.00 Bytes  0.00 bits/sec    0   1.41 KBytes       
[ 33]   8.00-8.44   sec  0.00 Bytes  0.00 bits/sec    0   1.41 KBytes       
[ 35]   8.00-8.44   sec  0.00 Bytes  0.00 bits/sec    0   1.41 KBytes       
[ 37]   8.00-8.44   sec  0.00 Bytes  0.00 bits/sec    0   1.41 KBytes       
[ 39]   8.00-8.44   sec  0.00 Bytes  0.00 bits/sec    0   1.41 KBytes       
[ 41]   8.00-8.44   sec  0.00 Bytes  0.00 bits/sec    0   1.41 KBytes       
[ 43]   8.00-8.44   sec  0.00 Bytes  0.00 bits/sec    0   1.41 KBytes       
[ 45]   8.00-8.44   sec  0.00 Bytes  0.00 bits/sec    0   1.41 KBytes       
[ 47]   8.00-8.44   sec  0.00 Bytes  0.00 bits/sec    0   1.41 KBytes       
[ 49]   8.00-8.44   sec  0.00 Bytes  0.00 bits/sec    0   1.41 KBytes       
[ 51]   8.00-8.44   sec  0.00 Bytes  0.00 bits/sec    0   1.41 KBytes       
[ 53]   8.00-8.44   sec  0.00 Bytes  0.00 bits/sec    0   1.41 KBytes       
[ 55]   8.00-8.44   sec  0.00 Bytes  0.00 bits/sec    0   1.41 KBytes       
[ 57]   8.00-8.44   sec  0.00 Bytes  0.00 bits/sec    0   1.41 KBytes       
[ 59]   8.00-8.44   sec  0.00 Bytes  0.00 bits/sec    0   1.41 KBytes       
[ 61]   8.00-8.44   sec  0.00 Bytes  0.00 bits/sec    0   1.41 KBytes       
[ 63]   8.00-8.44   sec  0.00 Bytes  0.00 bits/sec    0   1.41 KBytes       
[ 65]   8.00-8.44   sec  0.00 Bytes  0.00 bits/sec    0   1.41 KBytes       
[ 67]   8.00-8.44   sec  0.00 Bytes  0.00 bits/sec    0   1.41 KBytes       
[ 69]   8.00-8.44   sec  0.00 Bytes  0.00 bits/sec    0   1.41 KBytes       
[ 71]   8.00-8.44   sec  0.00 Bytes  0.00 bits/sec    0   1.41 KBytes       
[ 73]   8.00-8.44   sec  0.00 Bytes  0.00 bits/sec    0   1.41 KBytes       
[ 75]   8.00-8.44   sec  0.00 Bytes  0.00 bits/sec    0   36.0 Bytes       
[ 77]   8.00-8.44   sec  0.00 Bytes  0.00 bits/sec    0   1.41 KBytes       
[ 79]   8.00-8.44   sec  0.00 Bytes  0.00 bits/sec    0   1.41 KBytes       
[ 81]   8.00-8.44   sec  0.00 Bytes  0.00 bits/sec    0   1.41 KBytes       
[ 83]   8.00-8.44   sec  0.00 Bytes  0.00 bits/sec    0   1.41 KBytes       
[ 85]   8.00-8.44   sec  0.00 Bytes  0.00 bits/sec    0   1.41 KBytes       
[ 87]   8.00-8.44   sec  0.00 Bytes  0.00 bits/sec    0   1.41 KBytes       
[ 89]   8.00-8.44   sec  0.00 Bytes  0.00 bits/sec    0   1.41 KBytes       
[ 91]   8.00-8.44   sec  0.00 Bytes  0.00 bits/sec    0   1.41 KBytes       
[ 93]   8.00-8.44   sec  0.00 Bytes  0.00 bits/sec    0   1.41 KBytes       
[ 95]   8.00-8.44   sec  0.00 Bytes  0.00 bits/sec    0   1.41 KBytes       
[ 97]   8.00-8.44   sec  0.00 Bytes  0.00 bits/sec    0   1.41 KBytes       
[ 99]   8.00-8.44   sec  0.00 Bytes  0.00 bits/sec    0   1.41 KBytes       
[101]   8.00-8.44   sec  0.00 Bytes  0.00 bits/sec    0   1.41 KBytes       
[103]   8.00-8.44   sec  0.00 Bytes  0.00 bits/sec    0   1.41 KBytes       
[SUM]   8.00-8.44   sec  0.00 Bytes  0.00 bits/sec    0             
- - - - - - - - - - - - - - - - - - - - - - - - -
Test Complete. Summary Results:
[ ID] Interval           Transfer     Bitrate         Retr
[  5]   0.00-8.44   sec  1.74 MBytes  1.73 Mbits/sec    0             sender
[  5]   0.00-8.44   sec  0.00 Bytes  0.00 bits/sec                  receiver
[  7]   0.00-8.44   sec  1.69 MBytes  1.68 Mbits/sec    2             sender
[  7]   0.00-8.44   sec  0.00 Bytes  0.00 bits/sec                  receiver
[  9]   0.00-8.44   sec  1.69 MBytes  1.68 Mbits/sec    0             sender
[  9]   0.00-8.44   sec  0.00 Bytes  0.00 bits/sec                  receiver
[ 11]   0.00-8.44   sec  1.64 MBytes  1.63 Mbits/sec    0             sender
[ 11]   0.00-8.44   sec  0.00 Bytes  0.00 bits/sec                  receiver
[ 13]   0.00-8.44   sec  1.64 MBytes  1.63 Mbits/sec    0             sender
[ 13]   0.00-8.44   sec  0.00 Bytes  0.00 bits/sec                  receiver
[ 15]   0.00-8.44   sec  1.68 MBytes  1.67 Mbits/sec    0             sender
[ 15]   0.00-8.44   sec  0.00 Bytes  0.00 bits/sec                  receiver
[ 17]   0.00-8.44   sec  1.67 MBytes  1.66 Mbits/sec    0             sender
[ 17]   0.00-8.44   sec  0.00 Bytes  0.00 bits/sec                  receiver
[ 19]   0.00-8.44   sec  1.69 MBytes  1.68 Mbits/sec    0             sender
[ 19]   0.00-8.44   sec  0.00 Bytes  0.00 bits/sec                  receiver
[ 21]   0.00-8.44   sec  1.69 MBytes  1.68 Mbits/sec    0             sender
[ 21]   0.00-8.44   sec  0.00 Bytes  0.00 bits/sec                  receiver
[ 23]   0.00-8.44   sec  1.69 MBytes  1.68 Mbits/sec    0             sender
[ 23]   0.00-8.44   sec  0.00 Bytes  0.00 bits/sec                  receiver
[ 25]   0.00-8.44   sec  1.79 MBytes  1.78 Mbits/sec    0             sender
[ 25]   0.00-8.44   sec  0.00 Bytes  0.00 bits/sec                  receiver
[ 27]   0.00-8.44   sec  1.71 MBytes  1.70 Mbits/sec    0             sender
[ 27]   0.00-8.44   sec  0.00 Bytes  0.00 bits/sec                  receiver
[ 29]   0.00-8.44   sec  1.68 MBytes  1.67 Mbits/sec    0             sender
[ 29]   0.00-8.44   sec  0.00 Bytes  0.00 bits/sec                  receiver
[ 31]   0.00-8.44   sec  1.68 MBytes  1.67 Mbits/sec    0             sender
[ 31]   0.00-8.44   sec  0.00 Bytes  0.00 bits/sec                  receiver
[ 33]   0.00-8.44   sec  1.69 MBytes  1.68 Mbits/sec    0             sender
[ 33]   0.00-8.44   sec  0.00 Bytes  0.00 bits/sec                  receiver
[ 35]   0.00-8.44   sec  1.68 MBytes  1.67 Mbits/sec    0             sender
[ 35]   0.00-8.44   sec  0.00 Bytes  0.00 bits/sec                  receiver
[ 37]   0.00-8.44   sec  1.91 MBytes  1.90 Mbits/sec    2             sender
[ 37]   0.00-8.44   sec  0.00 Bytes  0.00 bits/sec                  receiver
[ 39]   0.00-8.44   sec  1.81 MBytes  1.80 Mbits/sec    0             sender
[ 39]   0.00-8.44   sec  0.00 Bytes  0.00 bits/sec                  receiver
[ 41]   0.00-8.44   sec  1.75 MBytes  1.74 Mbits/sec    0             sender
[ 41]   0.00-8.44   sec  0.00 Bytes  0.00 bits/sec                  receiver
[ 43]   0.00-8.44   sec  1.73 MBytes  1.72 Mbits/sec    0             sender
[ 43]   0.00-8.44   sec  0.00 Bytes  0.00 bits/sec                  receiver
[ 45]   0.00-8.44   sec  2.08 MBytes  2.07 Mbits/sec    0             sender
[ 45]   0.00-8.44   sec  0.00 Bytes  0.00 bits/sec                  receiver
[ 47]   0.00-8.44   sec  1.69 MBytes  1.68 Mbits/sec    0             sender
[ 47]   0.00-8.44   sec  0.00 Bytes  0.00 bits/sec                  receiver
[ 49]   0.00-8.44   sec  1.76 MBytes  1.74 Mbits/sec    0             sender
[ 49]   0.00-8.44   sec  0.00 Bytes  0.00 bits/sec                  receiver
[ 51]   0.00-8.44   sec  1.79 MBytes  1.78 Mbits/sec    0             sender
[ 51]   0.00-8.44   sec  0.00 Bytes  0.00 bits/sec                  receiver
[ 53]   0.00-8.44   sec  2.31 MBytes  2.30 Mbits/sec    0             sender
[ 53]   0.00-8.44   sec  0.00 Bytes  0.00 bits/sec                  receiver
[ 55]   0.00-8.44   sec  1.83 MBytes  1.82 Mbits/sec    4             sender
[ 55]   0.00-8.44   sec  0.00 Bytes  0.00 bits/sec                  receiver
[ 57]   0.00-8.44   sec  2.19 MBytes  2.18 Mbits/sec    6             sender
[ 57]   0.00-8.44   sec  0.00 Bytes  0.00 bits/sec                  receiver
[ 59]   0.00-8.44   sec  2.29 MBytes  2.28 Mbits/sec    0             sender
[ 59]   0.00-8.44   sec  0.00 Bytes  0.00 bits/sec                  receiver
[ 61]   0.00-8.44   sec  1.86 MBytes  1.85 Mbits/sec    4             sender
[ 61]   0.00-8.44   sec  0.00 Bytes  0.00 bits/sec                  receiver
[ 63]   0.00-8.44   sec  2.31 MBytes  2.30 Mbits/sec    0             sender
[ 63]   0.00-8.44   sec  0.00 Bytes  0.00 bits/sec                  receiver
[ 65]   0.00-8.44   sec  2.11 MBytes  2.09 Mbits/sec    0             sender
[ 65]   0.00-8.44   sec  0.00 Bytes  0.00 bits/sec                  receiver
[ 67]   0.00-8.44   sec  1.84 MBytes  1.83 Mbits/sec    0             sender
[ 67]   0.00-8.44   sec  0.00 Bytes  0.00 bits/sec                  receiver
[ 69]   0.00-8.44   sec  2.21 MBytes  2.20 Mbits/sec    1             sender
[ 69]   0.00-8.44   sec  0.00 Bytes  0.00 bits/sec                  receiver
[ 71]   0.00-8.44   sec  1.86 MBytes  1.85 Mbits/sec    2             sender
[ 71]   0.00-8.44   sec  0.00 Bytes  0.00 bits/sec                  receiver
[ 73]   0.00-8.44   sec  1.86 MBytes  1.85 Mbits/sec    1             sender
[ 73]   0.00-8.44   sec  0.00 Bytes  0.00 bits/sec                  receiver
[ 75]   0.00-8.44   sec  1.86 MBytes  1.85 Mbits/sec    2             sender
[ 75]   0.00-8.44   sec  0.00 Bytes  0.00 bits/sec                  receiver
[ 77]   0.00-8.44   sec  1.89 MBytes  1.88 Mbits/sec    1             sender
[ 77]   0.00-8.44   sec  0.00 Bytes  0.00 bits/sec                  receiver
[ 79]   0.00-8.44   sec  2.93 MBytes  2.92 Mbits/sec    6             sender
[ 79]   0.00-8.44   sec  0.00 Bytes  0.00 bits/sec                  receiver
[ 81]   0.00-8.44   sec  2.23 MBytes  2.22 Mbits/sec    6             sender
[ 81]   0.00-8.44   sec  0.00 Bytes  0.00 bits/sec                  receiver
[ 83]   0.00-8.44   sec  2.33 MBytes  2.32 Mbits/sec    0             sender
[ 83]   0.00-8.44   sec  0.00 Bytes  0.00 bits/sec                  receiver
[ 85]   0.00-8.44   sec  1.82 MBytes  1.81 Mbits/sec    3             sender
[ 85]   0.00-8.44   sec  0.00 Bytes  0.00 bits/sec                  receiver
[ 87]   0.00-8.44   sec  1.86 MBytes  1.85 Mbits/sec    0             sender
[ 87]   0.00-8.44   sec  0.00 Bytes  0.00 bits/sec                  receiver
[ 89]   0.00-8.44   sec  2.92 MBytes  2.90 Mbits/sec    2             sender
[ 89]   0.00-8.44   sec  0.00 Bytes  0.00 bits/sec                  receiver
[ 91]   0.00-8.44   sec  1.91 MBytes  1.90 Mbits/sec    2             sender
[ 91]   0.00-8.44   sec  0.00 Bytes  0.00 bits/sec                  receiver
[ 93]   0.00-8.44   sec  2.17 MBytes  2.16 Mbits/sec    4             sender
[ 93]   0.00-8.44   sec  0.00 Bytes  0.00 bits/sec                  receiver
[ 95]   0.00-8.44   sec  2.92 MBytes  2.90 Mbits/sec    5             sender
[ 95]   0.00-8.44   sec  0.00 Bytes  0.00 bits/sec                  receiver
[ 97]   0.00-8.44   sec  1.82 MBytes  1.81 Mbits/sec    0             sender
[ 97]   0.00-8.44   sec  0.00 Bytes  0.00 bits/sec                  receiver
[ 99]   0.00-8.44   sec  2.11 MBytes  2.09 Mbits/sec    4             sender
[ 99]   0.00-8.44   sec  0.00 Bytes  0.00 bits/sec                  receiver
[101]   0.00-8.44   sec  1.86 MBytes  1.85 Mbits/sec    0             sender
[101]   0.00-8.44   sec  0.00 Bytes  0.00 bits/sec                  receiver
[103]   0.00-8.44   sec  2.11 MBytes  2.09 Mbits/sec    1             sender
[103]   0.00-8.44   sec  0.00 Bytes  0.00 bits/sec                  receiver
[SUM]   0.00-8.44   sec  97.0 MBytes  96.4 Mbits/sec   58             sender
[SUM]   0.00-8.44   sec  0.00 Bytes  0.00 bits/sec                  receiver
CPU Utilization: local/sender 16.9% (0.4%u/16.5%s), remote/receiver 0.0% (0.0%u/0.0%s)
snd_tcp_congestion cubic
