x 0 33000
x 1 33001
h 1 10.0.0.8
p 1 92138 33001
h 0 10.0.0.8
p 0 192255 33000
x 2 33002
h 2 10.0.0.8
p 2 100 33002
x 0 33003
p 0 90 33003
x 0 33004
p 0 218 33004
x 0 33005
p 0 221 33005
x 0 33006
p 0 194 33006
x 0 33007
p 0 198 33007
x 0 33008
p 0 161 33008
x 0 33009
p 0 252 33009
x 0 33010
p 0 252 33010
x 0 33011
p 0 208 33011
x 0 33012
p 0 227 33012
x 0 33013
p 0 329 33013
x 0 33014
p 0 339 33014
x 0 33015
p 0 219 33015
x 0 33016
p 0 332 33016
x 0 33017
p 0 299 33017
x 0 33018
p 0 239 33018
x 0 33019
p 0 217 33019
x 0 33020
p 0 233 33020
x 0 33021
p 0 215 33021
x 0 33022
p 0 248 33022
x 0 33023
p 0 249 33023
x 0 33024
p 0 253 33024
x 0 33025
p 0 205 33025
x 0 33026
p 0 195 33026
x 0 33027
p 0 215 33027
x 0 33028
p 0 230 33028
x 0 33029
p 0 291 33029
x 0 33030
p 0 313 33030
x 0 33031
p 0 196 33031
x 0 33032
p 0 200 33032
x 0 33033
p 0 223 33033
x 0 33034
p 0 220 33034
x 0 33035
p 0 211 33035
x 0 33036
p 0 245 33036
x 0 33037
p 0 205 33037
x 0 33038
p 0 281 33038
x 0 33039
p 0 234 33039
x 0 33040
p 0 227 33040
x 0 33041
p 0 196 33041
x 0 33042
p 0 220 33042
x 0 33043
p 0 290 33043
x 0 33044
p 0 287 33044
x 0 33045
p 0 99 33045
x 0 33046
p 0 221 33046
x 0 33047
p 0 240 33047
x 0 33048
p 0 231 33048
x 0 33049
p 0 242 33049
x 0 33050
p 0 221 33050
x 0 33051
p 0 203 33051
x 0 33052
p 0 210 33052
x 0 33053
p 0 223 33053
x 0 33054
p 0 223 33054
x 0 33055
p 0 225 33055
x 0 33056
p 0 204 33056
x 0 33057
p 0 196 33057
x 0 33058
p 0 293 33058
x 0 33059
p 0 209 33059
x 0 33060
p 0 202 33060
x 0 33061
p 0 206 33061
x 0 33000
x 1 33001
x 2 33002
h 0 10.0.0.8
p 0 223004 33000
x 3 33003
h 3 10.0.0.8
p 3 1677 33003
h 1 10.0.0.8
p 1 404853 33001
h 2 10.0.0.8
p 2 310417 33002
x 0 33004
p 0 191 33004
x 0 33005
p 0 189 33005
x 0 33006
p 0 203 33006
x 0 33007
p 0 144 33007
x 0 33008
p 0 148 33008
x 0 33009
p 0 106 33009
x 0 33010
p 0 147 33010
x 0 33011
p 0 237 33011
x 0 33012
p 0 184 33012
x 0 33013
p 0 183 33013
x 0 33014
p 0 184 33014
x 0 33015
p 0 185 33015
x 0 33016
p 0 184 33016
x 0 33017
p 0 183 33017
x 0 33018
p 0 185 33018
x 0 33019
p 0 186 33019
x 0 33020
p 0 184 33020
x 0 33021
p 0 183 33021
x 0 33022
p 0 184 33022
x 0 33023
p 0 183 33023
x 0 33024
p 0 183 33024
x 0 33025
p 0 184 33025
x 0 33026
p 0 186 33026
x 0 33027
p 0 190 33027
x 0 33028
p 0 183 33028
x 0 33029
p 0 183 33029
x 0 33030
p 0 168 33030
x 0 33031
p 0 184 33031
x 0 33032
p 0 185 33032
x 0 33033
p 0 187 33033
x 0 33034
p 0 184 33034
x 0 33035
p 0 164 33035
x 0 33036
p 0 159 33036
x 0 33037
p 0 187 33037
x 0 33038
p 0 164 33038
x 0 33039
p 0 171 33039
x 0 33040
p 0 158 33040
x 0 33041
p 0 187 33041
x 0 33042
p 0 157 33042
x 0 33043
p 0 169 33043
x 0 33044
p 0 160 33044
x 0 33045
p 0 168 33045
x 0 33046
p 0 164 33046
x 0 33047
p 0 159 33047
x 0 33048
p 0 219 33048
x 0 33049
p 0 211 33049
x 0 33050
p 0 276 33050
x 0 33051
p 0 244 33051
x 0 33052
p 0 196 33052
x 0 33053
p 0 199 33053
x 0 33054
p 0 195 33054
x 0 33055
p 0 197 33055
x 0 33056
p 0 194 33056
x 0 33057
p 0 196 33057
x 0 33058
p 0 190 33058
x 0 33059
p 0 300 33059
x 0 33060
p 0 250 33060
x 0 33061
p 0 294 33061
x 0 33062
p 0 252 33062
x 0 33000
x 1 33001
h 0 10.0.0.8
p 0 120949 33000
x 2 33002
h 2 10.0.0.8
p 2 415 33002
h 1 10.0.0.8
p 1 371285 33001
x 0 33003
p 0 230 33003
x 0 33004
p 0 236 33004
x 0 33005
p 0 200 33005
x 0 33006
p 0 210 33006
x 0 33007
p 0 205 33007
x 0 33008
p 0 229 33008
x 0 33009
p 0 219 33009
x 0 33010
p 0 212 33010
x 0 33011
p 0 204 33011
x 0 33012
p 0 201 33012
x 0 33013
p 0 212 33013
x 0 33014
p 0 203 33014
x 0 33015
p 0 197 33015
x 0 33016
p 0 226 33016
x 0 33017
p 0 224 33017
x 0 33018
p 0 225 33018
x 0 33019
p 0 278 33019
x 0 33020
p 0 215 33020
x 0 33021
p 0 204 33021
x 0 33022
p 0 206 33022
x 0 33023
p 0 212 33023
x 0 33024
p 0 206 33024
x 0 33025
p 0 209 33025
x 0 33026
p 0 216 33026
x 0 33027
p 0 207 33027
x 0 33028
p 0 230 33028
x 0 33029
p 0 214 33029
x 0 33030
p 0 229 33030
x 0 33031
p 0 209 33031
x 0 33032
p 0 207 33032
x 0 33033
p 0 205 33033
x 0 33034
p 0 203 33034
x 0 33035
p 0 208 33035
x 0 33036
p 0 233 33036
x 0 33037
p 0 201 33037
x 0 33038
p 0 248 33038
x 0 33039
p 0 209 33039
x 0 33040
p 0 205 33040
x 0 33041
p 0 217 33041
x 0 33042
p 0 209 33042
x 0 33043
p 0 214 33043
x 0 33044
p 0 222 33044
x 0 33045
p 0 210 33045
x 0 33046
p 0 206 33046
x 0 33047
p 0 217 33047
x 0 33048
p 0 230 33048
x 0 33049
p 0 199 33049
x 0 33050
p 0 206 33050
x 0 33051
p 0 205 33051
x 0 33052
p 0 199 33052
x 0 33053
p 0 209 33053
x 0 33054
p 0 237 33054
x 0 33055
p 0 216 33055
x 0 33056
p 0 265 33056
x 0 33057
p 0 218 33057
x 0 33058
p 0 232 33058
x 0 33059
p 0 221 33059
x 0 33060
p 0 209 33060
x 0 33061
p 0 227 33061
x 0 33000
x 1 33001
h 0 10.0.0.8
p 0 155254 33000
x 2 33002
h 2 10.0.0.8
p 2 580 33002
h 1 10.0.0.8
p 1 336807 33001
x 0 33003
p 0 197 33003
x 0 33004
p 0 207 33004
x 0 33005
p 0 193 33005
x 0 33006
p 0 203 33006
x 0 33007
p 0 217 33007
x 0 33008
p 0 268 33008
x 0 33009
p 0 199 33009
x 0 33010
p 0 280 33010
x 0 33011
p 0 229 33011
x 0 33012
p 0 203 33012
x 0 33013
p 0 204 33013
x 0 33014
p 0 195 33014
x 0 33015
p 0 198 33015
x 0 33016
p 0 204 33016
x 0 33017
p 0 215 33017
x 0 33018
p 0 225 33018
x 0 33019
p 0 211 33019
x 0 33020
p 0 207 33020
x 0 33021
p 0 197 33021
x 0 33022
p 0 220 33022
x 0 33023
p 0 209 33023
x 0 33024
p 0 213 33024
x 0 33025
p 0 206 33025
x 0 33026
p 0 214 33026
x 0 33027
p 0 236 33027
x 0 33028
p 0 219 33028
x 0 33029
p 0 199 33029
x 0 33030
p 0 205 33030
x 0 33031
p 0 210 33031
x 0 33032
p 0 214 33032
x 0 33033
p 0 202 33033
x 0 33034
p 0 212 33034
x 0 33035
p 0 209 33035
x 0 33036
p 0 211 33036
x 0 33037
p 0 205 33037
x 0 33038
p 0 228 33038
x 0 33039
p 0 222 33039
x 0 33040
p 0 211 33040
x 0 33041
p 0 224 33041
x 0 33042
p 0 222 33042
x 0 33043
p 0 232 33043
x 0 33044
p 0 200 33044
x 0 33045
p 0 194 33045
x 0 33046
p 0 204 33046
x 0 33047
p 0 261 33047
x 0 33048
p 0 217 33048
x 0 33049
p 0 222 33049
x 0 33050
p 0 199 33050
x 0 33051
p 0 193 33051
x 0 33052
p 0 195 33052
x 0 33053
p 0 195 33053
x 0 33054
p 0 232 33054
x 0 33055
p 0 192 33055
x 0 33056
p 0 194 33056
x 0 33057
p 0 196 33057
x 0 33058
p 0 200 33058
x 0 33059
p 0 196 33059
x 0 33060
p 0 190 33060
x 0 33061
p 0 231 33061
x 0 33000
x 1 33001
h 1 10.0.0.8
p 1 1224 33001
h 0 10.0.0.8
p 0 109067 33000
x 2 33002
h 2 10.0.0.8
p 2 211 33002
x 0 33003
p 0 143 33003
x 0 33004
p 0 190 33004
x 0 33005
p 0 193 33005
x 0 33006
p 0 206 33006
x 0 33007
p 0 224 33007
x 0 33008
p 0 163 33008
x 0 33009
p 0 199 33009
x 0 33010
p 0 187 33010
x 0 33011
p 0 199 33011
x 0 33012
p 0 208 33012
x 0 33013
p 0 209 33013
x 0 33014
p 0 195 33014
x 0 33015
p 0 214 33015
x 0 33016
p 0 209 33016
x 0 33017
p 0 222 33017
x 0 33018
p 0 166 33018
x 0 33019
p 0 196 33019
x 0 33020
p 0 188 33020
x 0 33021
p 0 202 33021
x 0 33022
p 0 226 33022
x 0 33023
p 0 210 33023
x 0 33024
p 0 197 33024
x 0 33025
p 0 192 33025
x 0 33026
p 0 201 33026
x 0 33027
p 0 202 33027
x 0 33028
p 0 207 33028
x 0 33029
p 0 227 33029
x 0 33030
p 0 191 33030
x 0 33031
p 0 199 33031
x 0 33032
p 0 203 33032
x 0 33033
p 0 219 33033
x 0 33034
p 0 202 33034
x 0 33035
p 0 198 33035
x 0 33036
p 0 207 33036
x 0 33037
p 0 236 33037
x 0 33038
p 0 215 33038
x 0 33039
p 0 218 33039
x 0 33040
p 0 199 33040
x 0 33041
p 0 219 33041
x 0 33042
p 0 222 33042
x 0 33043
p 0 229 33043
x 0 33044
p 0 200 33044
x 0 33045
p 0 225 33045
x 0 33046
p 0 207 33046
x 0 33047
p 0 263 33047
x 0 33048
p 0 212 33048
x 0 33049
p 0 190 33049
x 0 33050
p 0 249 33050
x 0 33051
p 0 192 33051
x 0 33052
p 0 267 33052
x 0 33053
p 0 237 33053
x 0 33054
p 0 187 33054
x 0 33055
p 0 198 33055
x 0 33056
p 0 221 33056
x 0 33057
p 0 272 33057
x 0 33058
p 0 220 33058
x 0 33059
p 0 207 33059
x 0 33060
p 0 240 33060
x 0 33061
p 0 208 33061
x 0 33000
x 1 33001
h 0 10.0.0.8
p 0 109595 33000
x 2 33002
h 2 10.0.0.8
p 2 599 33002
h 1 10.0.0.8
p 1 330393 33001
x 0 33003
p 0 93 33003
x 0 33004
p 0 193 33004
x 0 33005
p 0 198 33005
x 0 33006
p 0 208 33006
x 0 33007
p 0 254 33007
x 0 33008
p 0 192 33008
x 0 33009
p 0 207 33009
x 0 33010
p 0 225 33010
x 0 33011
p 0 200 33011
x 0 33012
p 0 221 33012
x 0 33013
p 0 319 33013
x 0 33014
p 0 190 33014
x 0 33015
p 0 196 33015
x 0 33016
p 0 197 33016
x 0 33017
p 0 142 33017
x 0 33018
p 0 197 33018
x 0 33019
p 0 198 33019
x 0 33020
p 0 201 33020
x 0 33021
p 0 219 33021
x 0 33022
p 0 240 33022
x 0 33023
p 0 333 33023
x 0 33024
p 0 366 33024
x 0 33025
p 0 212 33025
x 0 33026
p 0 201 33026
x 0 33027
p 0 313 33027
x 0 33028
p 0 195 33028
x 0 33029
p 0 192 33029
x 0 33030
p 0 203 33030
x 0 33031
p 0 209 33031
x 0 33032
p 0 205 33032
x 0 33033
p 0 236 33033
x 0 33034
p 0 243 33034
x 0 33035
p 0 200 33035
x 0 33036
p 0 323 33036
x 0 33037
p 0 220 33037
x 0 33038
p 0 157 33038
x 0 33039
p 0 157 33039
x 0 33040
p 0 157 33040
x 0 33041
p 0 158 33041
x 0 33042
p 0 236 33042
x 0 33043
p 0 188 33043
x 0 33044
p 0 167 33044
x 0 33045
p 0 150 33045
x 0 33046
p 0 153 33046
x 0 33047
p 0 60 33047
x 0 33048
p 0 186 33048
x 0 33049
p 0 154 33049
x 0 33050
p 0 146 33050
x 0 33051
p 0 145 33051
x 0 33052
p 0 163 33052
x 0 33053
p 0 234 33053
x 0 33054
p 0 200 33054
x 0 33055
p 0 192 33055
x 0 33056
p 0 197 33056
x 0 33057
p 0 221 33057
x 0 33058
p 0 198 33058
x 0 33059
p 0 194 33059
x 0 33060
p 0 192 33060
x 0 33061
p 0 199 33061
x 0 33000
x 1 33001
h 0 10.0.0.8
p 0 127689 33000
x 2 33002
h 2 10.0.0.8
p 2 553 33002
h 1 10.0.0.8
p 1 313624 33001
x 0 33003
p 0 94 33003
x 0 33004
p 0 152 33004
x 0 33005
p 0 141 33005
x 0 33006
p 0 164 33006
x 0 33007
p 0 229 33007
x 0 33008
p 0 172 33008
x 0 33009
p 0 173 33009
x 0 33010
p 0 170 33010
x 0 33011
p 0 194 33011
x 0 33012
p 0 187 33012
x 0 33013
p 0 188 33013
x 0 33014
p 0 182 33014
x 0 33015
p 0 186 33015
x 0 33016
p 0 193 33016
x 0 33017
p 0 196 33017
x 0 33018
p 0 190 33018
x 0 33019
p 0 185 33019
x 0 33020
p 0 228 33020
x 0 33021
p 0 194 33021
x 0 33022
p 0 192 33022
x 0 33023
p 0 191 33023
x 0 33024
p 0 192 33024
x 0 33025
p 0 226 33025
x 0 33026
p 0 203 33026
x 0 33027
p 0 200 33027
x 0 33028
p 0 196 33028
x 0 33029
p 0 193 33029
x 0 33030
p 0 192 33030
x 0 33031
p 0 200 33031
x 0 33032
p 0 197 33032
x 0 33033
p 0 262 33033
x 0 33034
p 0 183 33034
x 0 33035
p 0 230 33035
x 0 33036
p 0 264 33036
x 0 33037
p 0 261 33037
x 0 33038
p 0 192 33038
x 0 33039
p 0 219 33039
x 0 33040
p 0 195 33040
x 0 33041
p 0 198 33041
x 0 33042
p 0 190 33042
x 0 33043
p 0 189 33043
x 0 33044
p 0 229 33044
x 0 33045
p 0 193 33045
x 0 33046
p 0 229 33046
x 0 33047
p 0 202 33047
x 0 33048
p 0 187 33048
x 0 33049
p 0 184 33049
x 0 33050
p 0 182 33050
x 0 33051
p 0 227 33051
x 0 33052
p 0 184 33052
x 0 33053
p 0 217 33053
x 0 33054
p 0 186 33054
x 0 33055
p 0 185 33055
x 0 33056
p 0 184 33056
x 0 33057
p 0 198 33057
x 0 33058
p 0 230 33058
x 0 33059
p 0 184 33059
x 0 33060
p 0 213 33060
x 0 33061
p 0 191 33061
x 0 33000
h 0 10.0.0.8
p 0 93710 33000
x 1 33001
h 1 10.0.0.8
p 1 620 33001
x 0 33002
p 0 194 33002
x 0 33003
p 0 188 33003
x 0 33004
p 0 233 33004
x 0 33005
p 0 188 33005
x 0 33006
p 0 186 33006
x 0 33007
p 0 200 33007
x 0 33008
p 0 187 33008
x 0 33009
p 0 188 33009
x 0 33010
p 0 189 33010
x 0 33011
p 0 183 33011
x 0 33012
p 0 249 33012
x 0 33013
p 0 185 33013
x 0 33014
p 0 193 33014
x 0 33015
p 0 197 33015
x 0 33016
p 0 188 33016
x 0 33017
p 0 183 33017
x 0 33018
p 0 190 33018
x 0 33019
p 0 191 33019
x 0 33020
p 0 190 33020
x 0 33021
p 0 188 33021
x 0 33022
p 0 193 33022
x 0 33023
p 0 192 33023
x 0 33024
p 0 192 33024
x 0 33025
p 0 197 33025
x 0 33026
p 0 188 33026
x 0 33027
p 0 186 33027
x 0 33028
p 0 187 33028
x 0 33029
p 0 191 33029
x 0 33030
p 0 182 33030
x 0 33031
p 0 181 33031
x 0 33032
p 0 183 33032
x 0 33033
p 0 181 33033
x 0 33034
p 0 229 33034
x 0 33035
p 0 194 33035
x 0 33036
p 0 195 33036
x 0 33037
p 0 189 33037
x 0 33038
p 0 187 33038
x 0 33039
p 0 196 33039
x 0 33040
p 0 192 33040
x 0 33041
p 0 186 33041
x 0 33042
p 0 189 33042
x 0 33043
p 0 188 33043
x 0 33044
p 0 193 33044
x 0 33045
p 0 280 33045
x 0 33046
p 0 190 33046
x 0 33047
p 0 186 33047
x 0 33048
p 0 185 33048
x 0 33049
p 0 188 33049
x 0 33050
p 0 189 33050
x 0 33051
p 0 183 33051
x 0 33052
p 0 188 33052
x 0 33053
p 0 191 33053
x 0 33054
p 0 189 33054
x 0 33055
p 0 191 33055
x 0 33056
p 0 329 33056
x 0 33057
p 0 190 33057
x 0 33058
p 0 187 33058
x 0 33059
p 0 235 33059
x 0 33060
p 0 193 33060
x 0 33000
h 0 10.0.0.8
p 0 81066 33000
x 1 33001
h 1 10.0.0.8
p 1 1893 33001
x 0 33002
p 0 187 33002
x 0 33003
p 0 183 33003
x 0 33004
p 0 182 33004
x 0 33005
p 0 187 33005
x 0 33006
p 0 184 33006
x 0 33007
p 0 185 33007
x 0 33008
p 0 211 33008
x 0 33009
p 0 184 33009
x 0 33010
p 0 180 33010
x 0 33011
p 0 181 33011
x 0 33012
p 0 181 33012
x 0 33013
p 0 221 33013
x 0 33014
p 0 183 33014
x 0 33015
p 0 214 33015
x 0 33016
p 0 183 33016
x 0 33017
p 0 184 33017
x 0 33018
p 0 185 33018
x 0 33019
p 0 189 33019
x 0 33020
p 0 220 33020
x 0 33021
p 0 186 33021
x 0 33022
p 0 219 33022
x 0 33023
p 0 186 33023
x 0 33024
p 0 185 33024
x 0 33025
p 0 187 33025
x 0 33026
p 0 183 33026
x 0 33027
p 0 238 33027
x 0 33028
p 0 187 33028
x 0 33029
p 0 182 33029
x 0 33030
p 0 185 33030
x 0 33031
p 0 185 33031
x 0 33032
p 0 182 33032
x 0 33033
p 0 187 33033
x 0 33034
p 0 335 33034
x 0 33035
p 0 188 33035
x 0 33036
p 0 186 33036
x 0 33037
p 0 182 33037
x 0 33038
p 0 185 33038
x 0 33039
p 0 188 33039
x 0 33040
p 0 211 33040
x 0 33041
p 0 184 33041
x 0 33042
p 0 184 33042
x 0 33043
p 0 188 33043
x 0 33044
p 0 187 33044
x 0 33045
p 0 244 33045
x 0 33046
p 0 188 33046
x 0 33047
p 0 214 33047
x 0 33048
p 0 187 33048
x 0 33049
p 0 183 33049
x 0 33050
p 0 185 33050
x 0 33051
p 0 185 33051
x 0 33052
p 0 184 33052
x 0 33053
p 0 266 33053
x 0 33054
p 0 186 33054
x 0 33055
p 0 172 33055
x 0 33056
p 0 183 33056
x 0 33057
p 0 188 33057
x 0 33058
p 0 185 33058
x 0 33059
p 0 187 33059
x 0 33060
p 0 186 33060
x 0 33000
x 1 33001
h 0 10.0.0.8
p 0 129478 33000
x 2 33002
h 2 10.0.0.8
p 2 364 33002
h 1 10.0.0.8
p 1 327632 33001
x 0 33003
p 0 197 33003
x 0 33004
p 0 198 33004
x 0 33005
p 0 186 33005
x 0 33006
p 0 186 33006
x 0 33007
p 0 212 33007
x 0 33008
p 0 256 33008
x 0 33009
p 0 208 33009
x 0 33010
p 0 227 33010
x 0 33011
p 0 194 33011
x 0 33012
p 0 204 33012
x 0 33013
p 0 208 33013
x 0 33014
p 0 198 33014
x 0 33015
p 0 225 33015
x 0 33016
p 0 208 33016
x 0 33017
p 0 236 33017
x 0 33018
p 0 210 33018
x 0 33019
p 0 207 33019
x 0 33020
p 0 201 33020
x 0 33021
p 0 195 33021
x 0 33022
p 0 245 33022
x 0 33023
p 0 225 33023
x 0 33024
p 0 241 33024
x 0 33025
p 0 197 33025
x 0 33026
p 0 202 33026
x 0 33027
p 0 211 33027
x 0 33028
p 0 213 33028
x 0 33029
p 0 200 33029
x 0 33030
p 0 149 33030
x 0 33031
p 0 143 33031
x 0 33032
p 0 208 33032
x 0 33033
p 0 204 33033
x 0 33034
p 0 180 33034
x 0 33035
p 0 179 33035
x 0 33036
p 0 178 33036
x 0 33037
p 0 181 33037
x 0 33038
p 0 186 33038
x 0 33039
p 0 179 33039
x 0 33040
p 0 178 33040
x 0 33041
p 0 208 33041
x 0 33042
p 0 185 33042
x 0 33043
p 0 190 33043
x 0 33044
p 0 180 33044
x 0 33045
p 0 181 33045
x 0 33046
p 0 180 33046
x 0 33047
p 0 247 33047
x 0 33048
p 0 192 33048
x 0 33049
p 0 211 33049
x 0 33050
p 0 180 33050
x 0 33051
p 0 182 33051
x 0 33052
p 0 180 33052
x 0 33053
p 0 192 33053
x 0 33054
p 0 183 33054
x 0 33055
p 0 226 33055
x 0 33056
p 0 179 33056
x 0 33057
p 0 183 33057
x 0 33058
p 0 207 33058
x 0 33059
p 0 180 33059
x 0 33060
p 0 180 33060
x 0 33061
p 0 178 33061
