x 0 33000
x 1 33001
x 2 33002
x 3 33003
x 4 33004
x 5 33005
x 6 33006
x 7 33007
x 8 33008
h 8 10.0.0.3
p 8 97453 33008
x 9 33009
h 9 10.0.0.3
p 9 458 33009
x 0 33010
h 0 10.0.0.3
p 0 129 33010
p 0 1010457 33000
x 1 33011
h 1 10.0.0.3
p 1 139 33011
p 1 1001969 33001
h 2 10.0.0.3
p 2 1030698 33002
h 3 10.0.0.3
p 3 1026369 33003
h 4 10.0.0.3
p 4 1025925 33004
x 0 33012
p 0 160 33012
h 5 10.0.0.3
p 5 1017530 33005
h 6 10.0.0.3
p 6 1013744 33006
h 7 10.0.0.3
p 7 1009187 33007
x 0 33013
p 0 253 33013
x 0 33014
p 0 251 33014
x 0 33015
p 0 220 33015
x 0 33016
p 0 218 33016
x 0 33017
p 0 233 33017
x 0 33018
p 0 235 33018
x 0 33019
p 0 227 33019
x 0 33020
p 0 227 33020
x 0 33021
p 0 141 33021
x 0 33022
p 0 279 33022
x 0 33023
p 0 233 33023
x 0 33024
p 0 230 33024
x 0 33025
p 0 226 33025
x 0 33026
p 0 209 33026
x 0 33027
p 0 229 33027
x 0 33028
p 0 221 33028
x 0 33029
p 0 217 33029
x 0 33030
p 0 253 33030
x 0 33031
p 0 214 33031
x 0 33032
p 0 181 33032
x 0 33033
p 0 219 33033
x 0 33034
p 0 214 33034
x 0 33035
p 0 222 33035
x 0 33036
p 0 206 33036
x 0 33037
p 0 224 33037
x 0 33038
p 0 206 33038
x 0 33039
p 0 239 33039
x 0 33040
p 0 199 33040
x 0 33041
p 0 124 33041
x 0 33042
p 0 85 33042
x 0 33043
p 0 263 33043
x 0 33044
p 0 291 33044
x 0 33045
p 0 231 33045
x 0 33046
p 0 234 33046
x 0 33047
p 0 253 33047
x 0 33048
p 0 323 33048
x 0 33049
p 0 271 33049
x 0 33050
p 0 228 33050
x 0 33051
p 0 242 33051
x 0 33052
p 0 251 33052
x 0 33053
p 0 283 33053
x 0 33054
p 0 260 33054
x 0 33055
p 0 224 33055
x 0 33056
p 0 234 33056
x 0 33057
p 0 258 33057
x 0 33058
p 0 216 33058
x 0 33059
p 0 226 33059
x 0 33060
p 0 263 33060
x 0 33061
p 0 234 33061
x 0 33062
p 0 233 33062
x 0 33063
p 0 237 33063
x 0 33064
p 0 227 33064
x 0 33065
p 0 228 33065
x 0 33066
p 0 219 33066
x 0 33067
p 0 230 33067
x 0 33068
p 0 226 33068
x 0 33069
p 0 223 33069
x 0 33000
x 1 33001
h 1 10.0.0.3
p 1 747 33001
x 2 33002
h 2 10.0.0.3
p 2 218 33002
x 0 33003
h 0 10.0.0.3
p 0 244 33003
x 1 33004
p 1 227 33004
p 0 1022622 33000
x 0 33005
p 0 225 33005
x 0 33006
p 0 225 33006
x 0 33007
p 0 230 33007
x 0 33008
p 0 231 33008
x 0 33009
p 0 236 33009
x 0 33010
p 0 246 33010
x 0 33011
p 0 339 33011
x 0 33012
p 0 155 33012
x 0 33013
p 0 199 33013
x 0 33014
p 0 231 33014
x 0 33015
p 0 262 33015
x 0 33016
p 0 227 33016
x 0 33017
p 0 203 33017
x 0 33018
p 0 266 33018
x 0 33019
p 0 263 33019
x 0 33020
p 0 260 33020
x 0 33021
p 0 233 33021
x 0 33022
p 0 266 33022
x 0 33023
p 0 263 33023
x 0 33024
p 0 171 33024
x 0 33025
p 0 229 33025
x 0 33026
p 0 236 33026
x 0 33027
p 0 236 33027
x 0 33028
p 0 234 33028
x 0 33029
p 0 241 33029
x 0 33030
p 0 239 33030
x 0 33031
p 0 234 33031
x 0 33032
p 0 195 33032
x 0 33033
p 0 234 33033
x 0 33034
p 0 237 33034
x 0 33035
p 0 232 33035
x 0 33036
p 0 233 33036
x 0 33037
p 0 239 33037
x 0 33038
p 0 209 33038
x 0 33039
p 0 240 33039
x 0 33040
p 0 233 33040
x 0 33041
p 0 205 33041
x 0 33042
p 0 238 33042
x 0 33043
p 0 239 33043
x 0 33044
p 0 238 33044
x 0 33045
p 0 236 33045
x 0 33046
p 0 232 33046
x 0 33047
p 0 276 33047
x 0 33048
p 0 124 33048
x 0 33049
p 0 235 33049
x 0 33050
p 0 231 33050
x 0 33051
p 0 237 33051
x 0 33052
p 0 233 33052
x 0 33053
p 0 230 33053
x 0 33054
p 0 223 33054
x 0 33055
p 0 224 33055
x 0 33056
p 0 225 33056
x 0 33057
p 0 230 33057
x 0 33058
p 0 230 33058
x 0 33059
p 0 228 33059
x 0 33060
p 0 225 33060
x 0 33061
p 0 225 33061
x 0 33062
p 0 197 33062
x 0 33000
x 1 33001
h 1 10.0.0.3
p 1 757 33001
x 2 33002
h 2 10.0.0.3
p 2 107 33002
x 0 33003
h 0 10.0.0.3
p 0 270 33003
x 1 33004
p 1 234 33004
p 0 1008937 33000
x 0 33005
p 0 228 33005
x 0 33006
p 0 223 33006
x 0 33007
p 0 222 33007
x 0 33008
p 0 226 33008
x 0 33009
p 0 228 33009
x 0 33010
p 0 232 33010
x 0 33011
p 0 226 33011
x 0 33012
p 0 226 33012
x 0 33013
p 0 228 33013
x 0 33014
p 0 227 33014
x 0 33015
p 0 274 33015
x 0 33016
p 0 228 33016
x 0 33017
p 0 223 33017
x 0 33018
p 0 224 33018
x 0 33019
p 0 276 33019
x 0 33020
p 0 315 33020
x 0 33021
p 0 316 33021
x 0 33022
p 0 306 33022
x 0 33023
p 0 225 33023
x 0 33024
p 0 312 33024
x 0 33025
p 0 254 33025
x 0 33026
p 0 318 33026
x 0 33027
p 0 129 33027
x 0 33028
p 0 210 33028
x 0 33029
p 0 230 33029
x 0 33030
p 0 242 33030
x 0 33031
p 0 230 33031
x 0 33032
p 0 222 33032
x 0 33033
p 0 227 33033
x 0 33034
p 0 230 33034
x 0 33035
p 0 229 33035
x 0 33036
p 0 241 33036
x 0 33037
p 0 207 33037
x 0 33038
p 0 232 33038
x 0 33039
p 0 238 33039
x 0 33040
p 0 233 33040
x 0 33041
p 0 230 33041
x 0 33042
p 0 227 33042
x 0 33043
p 0 229 33043
x 0 33044
p 0 236 33044
x 0 33045
p 0 234 33045
x 0 33046
p 0 234 33046
x 0 33047
p 0 232 33047
x 0 33048
p 0 229 33048
x 0 33049
p 0 235 33049
x 0 33050
p 0 235 33050
x 0 33051
p 0 234 33051
x 0 33052
p 0 223 33052
x 0 33053
p 0 227 33053
x 0 33054
p 0 230 33054
x 0 33055
p 0 231 33055
x 0 33056
p 0 236 33056
x 0 33057
p 0 231 33057
x 0 33058
p 0 232 33058
x 0 33059
p 0 228 33059
x 0 33060
p 0 228 33060
x 0 33061
p 0 254 33061
x 0 33062
p 0 228 33062
x 0 33000
x 1 33001
h 1 10.0.0.3
p 1 503 33001
x 2 33002
h 2 10.0.0.3
p 2 217 33002
x 0 33003
h 0 10.0.0.3
p 0 169 33003
x 1 33004
p 1 152 33004
p 0 1024682 33000
x 0 33005
p 0 239 33005
x 0 33006
p 0 249 33006
x 0 33007
p 0 229 33007
x 0 33008
p 0 243 33008
x 0 33009
p 0 229 33009
x 0 33010
p 0 346 33010
x 0 33011
p 0 221 33011
x 0 33012
p 0 221 33012
x 0 33013
p 0 231 33013
x 0 33014
p 0 258 33014
x 0 33015
p 0 237 33015
x 0 33016
p 0 224 33016
x 0 33017
p 0 226 33017
x 0 33018
p 0 225 33018
x 0 33019
p 0 256 33019
x 0 33020
p 0 226 33020
x 0 33021
p 0 226 33021
x 0 33022
p 0 227 33022
x 0 33023
p 0 253 33023
x 0 33024
p 0 217 33024
x 0 33025
p 0 217 33025
x 0 33026
p 0 218 33026
x 0 33027
p 0 258 33027
x 0 33028
p 0 214 33028
x 0 33029
p 0 380 33029
x 0 33030
p 0 199 33030
x 0 33031
p 0 228 33031
x 0 33032
p 0 255 33032
x 0 33033
p 0 230 33033
x 0 33034
p 0 232 33034
x 0 33035
p 0 234 33035
x 0 33036
p 0 262 33036
x 0 33037
p 0 235 33037
x 0 33038
p 0 224 33038
x 0 33039
p 0 221 33039
x 0 33040
p 0 254 33040
x 0 33041
p 0 219 33041
x 0 33042
p 0 215 33042
x 0 33043
p 0 218 33043
x 0 33044
p 0 263 33044
x 0 33045
p 0 241 33045
x 0 33046
p 0 233 33046
x 0 33047
p 0 224 33047
x 0 33048
p 0 187 33048
x 0 33049
p 0 232 33049
x 0 33050
p 0 230 33050
x 0 33051
p 0 228 33051
x 0 33052
p 0 187 33052
x 0 33053
p 0 192 33053
x 0 33054
p 0 230 33054
x 0 33055
p 0 190 33055
x 0 33056
p 0 185 33056
x 0 33057
p 0 187 33057
x 0 33058
p 0 187 33058
x 0 33059
p 0 187 33059
x 0 33060
p 0 185 33060
x 0 33061
p 0 185 33061
x 0 33062
p 0 180 33062
x 0 33000
x 1 33001
h 1 10.0.0.3
p 1 628 33001
x 2 33002
h 2 10.0.0.3
p 2 99 33002
x 0 33003
h 0 10.0.0.3
p 0 92 33003
x 1 33004
p 1 93 33004
p 0 1021862 33000
x 0 33005
p 0 86 33005
x 0 33006
p 0 219 33006
x 0 33007
p 0 222 33007
x 0 33008
p 0 263 33008
x 0 33009
p 0 216 33009
x 0 33010
p 0 220 33010
x 0 33011
p 0 448 33011
x 0 33012
p 0 221 33012
x 0 33013
p 0 404 33013
x 0 33014
p 0 217 33014
x 0 33015
p 0 222 33015
x 0 33016
p 0 219 33016
x 0 33017
p 0 218 33017
x 0 33018
p 0 220 33018
x 0 33019
p 0 314 33019
x 0 33020
p 0 334 33020
x 0 33021
p 0 215 33021
x 0 33022
p 0 221 33022
x 0 33023
p 0 217 33023
x 0 33024
p 0 284 33024
x 0 33025
p 0 214 33025
x 0 33026
p 0 198 33026
x 0 33027
p 0 210 33027
x 0 33028
p 0 445 33028
x 0 33029
p 0 346 33029
x 0 33030
p 0 224 33030
x 0 33031
p 0 243 33031
x 0 33032
p 0 245 33032
x 0 33033
p 0 231 33033
x 0 33034
p 0 230 33034
x 0 33035
p 0 216 33035
x 0 33036
p 0 218 33036
x 0 33037
p 0 222 33037
x 0 33038
p 0 219 33038
x 0 33039
p 0 169 33039
x 0 33040
p 0 172 33040
x 0 33041
p 0 171 33041
x 0 33042
p 0 171 33042
x 0 33043
p 0 181 33043
x 0 33044
p 0 177 33044
x 0 33045
p 0 174 33045
x 0 33046
p 0 167 33046
x 0 33047
p 0 176 33047
x 0 33048
p 0 172 33048
x 0 33049
p 0 175 33049
x 0 33050
p 0 183 33050
x 0 33051
p 0 175 33051
x 0 33052
p 0 171 33052
x 0 33053
p 0 173 33053
x 0 33054
p 0 182 33054
x 0 33055
p 0 253 33055
x 0 33056
p 0 180 33056
x 0 33057
p 0 174 33057
x 0 33058
p 0 169 33058
x 0 33059
p 0 173 33059
x 0 33060
p 0 169 33060
x 0 33061
p 0 181 33061
x 0 33062
p 0 185 33062
x 0 33000
x 1 33001
h 1 10.0.0.3
p 1 699 33001
x 2 33002
h 2 10.0.0.3
p 2 233 33002
x 0 33003
h 0 10.0.0.3
p 0 280 33003
x 1 33004
p 1 241 33004
p 0 1011063 33000
x 0 33005
p 0 219 33005
x 0 33006
p 0 214 33006
x 0 33007
p 0 301 33007
x 0 33008
p 0 318 33008
x 0 33009
p 0 223 33009
x 0 33010
p 0 227 33010
x 0 33011
p 0 221 33011
x 0 33012
p 0 221 33012
x 0 33013
p 0 222 33013
x 0 33014
p 0 285 33014
x 0 33015
p 0 223 33015
x 0 33016
p 0 222 33016
x 0 33017
p 0 222 33017
x 0 33018
p 0 223 33018
x 0 33019
p 0 227 33019
x 0 33020
p 0 218 33020
x 0 33021
p 0 215 33021
x 0 33022
p 0 215 33022
x 0 33023
p 0 218 33023
x 0 33024
p 0 217 33024
x 0 33025
p 0 218 33025
x 0 33026
p 0 215 33026
x 0 33027
p 0 227 33027
x 0 33028
p 0 223 33028
x 0 33029
p 0 224 33029
x 0 33030
p 0 228 33030
x 0 33031
p 0 229 33031
x 0 33032
p 0 287 33032
x 0 33033
p 0 226 33033
x 0 33034
p 0 225 33034
x 0 33035
p 0 228 33035
x 0 33036
p 0 223 33036
x 0 33037
p 0 216 33037
x 0 33038
p 0 216 33038
x 0 33039
p 0 223 33039
x 0 33040
p 0 216 33040
x 0 33041
p 0 218 33041
x 0 33042
p 0 218 33042
x 0 33043
p 0 224 33043
x 0 33044
p 0 220 33044
x 0 33045
p 0 223 33045
x 0 33046
p 0 223 33046
x 0 33047
p 0 224 33047
x 0 33048
p 0 225 33048
x 0 33049
p 0 198 33049
x 0 33050
p 0 227 33050
x 0 33051
p 0 227 33051
x 0 33052
p 0 227 33052
x 0 33053
p 0 216 33053
x 0 33054
p 0 222 33054
x 0 33055
p 0 195 33055
x 0 33056
p 0 308 33056
x 0 33057
p 0 222 33057
x 0 33058
p 0 215 33058
x 0 33059
p 0 216 33059
x 0 33060
p 0 228 33060
x 0 33061
p 0 244 33061
x 0 33062
p 0 228 33062
x 0 33000
x 1 33001
h 1 10.0.0.3
p 1 702 33001
x 2 33002
h 2 10.0.0.3
p 2 179 33002
x 0 33003
h 0 10.0.0.3
p 0 146 33003
x 1 33004
p 1 297 33004
p 0 1013643 33000
x 0 33005
p 0 216 33005
x 0 33006
p 0 223 33006
x 0 33007
p 0 316 33007
x 0 33008
p 0 316 33008
x 0 33009
p 0 326 33009
x 0 33010
p 0 225 33010
x 0 33011
p 0 225 33011
x 0 33012
p 0 227 33012
x 0 33013
p 0 229 33013
x 0 33014
p 0 223 33014
x 0 33015
p 0 325 33015
x 0 33016
p 0 224 33016
x 0 33017
p 0 330 33017
x 0 33018
p 0 227 33018
x 0 33019
p 0 148 33019
x 0 33020
p 0 319 33020
x 0 33021
p 0 222 33021
x 0 33022
p 0 182 33022
x 0 33023
p 0 216 33023
x 0 33024
p 0 213 33024
x 0 33025
p 0 212 33025
x 0 33026
p 0 218 33026
x 0 33027
p 0 293 33027
x 0 33028
p 0 218 33028
x 0 33029
p 0 322 33029
x 0 33030
p 0 213 33030
x 0 33031
p 0 222 33031
x 0 33032
p 0 206 33032
x 0 33033
p 0 224 33033
x 0 33034
p 0 167 33034
x 0 33035
p 0 208 33035
x 0 33036
p 0 218 33036
x 0 33037
p 0 186 33037
x 0 33038
p 0 216 33038
x 0 33039
p 0 186 33039
x 0 33040
p 0 218 33040
x 0 33041
p 0 186 33041
x 0 33042
p 0 264 33042
x 0 33043
p 0 193 33043
x 0 33044
p 0 192 33044
x 0 33045
p 0 196 33045
x 0 33046
p 0 196 33046
x 0 33047
p 0 194 33047
x 0 33048
p 0 192 33048
x 0 33049
p 0 192 33049
x 0 33050
p 0 192 33050
x 0 33051
p 0 193 33051
x 0 33052
p 0 185 33052
x 0 33053
p 0 198 33053
x 0 33054
p 0 229 33054
x 0 33055
p 0 176 33055
x 0 33056
p 0 194 33056
x 0 33057
p 0 196 33057
x 0 33058
p 0 197 33058
x 0 33059
p 0 193 33059
x 0 33060
p 0 190 33060
x 0 33061
p 0 208 33061
x 0 33062
p 0 214 33062
x 0 33000
x 1 33001
h 1 10.0.0.3
p 1 901 33001
x 2 33002
h 2 10.0.0.3
p 2 227 33002
x 0 33003
h 0 10.0.0.3
p 0 220 33003
x 1 33004
p 1 218 33004
p 0 1002719 33000
x 0 33005
p 0 213 33005
x 0 33006
p 0 223 33006
x 0 33007
p 0 213 33007
x 0 33008
p 0 229 33008
x 0 33009
p 0 219 33009
x 0 33010
p 0 277 33010
x 0 33011
p 0 223 33011
x 0 33012
p 0 224 33012
x 0 33013
p 0 211 33013
x 0 33014
p 0 225 33014
x 0 33015
p 0 228 33015
x 0 33016
p 0 224 33016
x 0 33017
p 0 224 33017
x 0 33018
p 0 180 33018
x 0 33019
p 0 270 33019
x 0 33020
p 0 219 33020
x 0 33021
p 0 220 33021
x 0 33022
p 0 219 33022
x 0 33023
p 0 233 33023
x 0 33024
p 0 226 33024
x 0 33025
p 0 231 33025
x 0 33026
p 0 221 33026
x 0 33027
p 0 228 33027
x 0 33028
p 0 241 33028
x 0 33029
p 0 228 33029
x 0 33030
p 0 231 33030
x 0 33031
p 0 224 33031
x 0 33032
p 0 225 33032
x 0 33033
p 0 228 33033
x 0 33034
p 0 233 33034
x 0 33035
p 0 231 33035
x 0 33036
p 0 223 33036
x 0 33037
p 0 227 33037
x 0 33038
p 0 227 33038
x 0 33039
p 0 217 33039
x 0 33040
p 0 227 33040
x 0 33041
p 0 225 33041
x 0 33042
p 0 227 33042
x 0 33043
p 0 233 33043
x 0 33044
p 0 229 33044
x 0 33045
p 0 232 33045
x 0 33046
p 0 231 33046
x 0 33047
p 0 231 33047
x 0 33048
p 0 234 33048
x 0 33049
p 0 213 33049
x 0 33050
p 0 264 33050
x 0 33051
p 0 222 33051
x 0 33052
p 0 222 33052
x 0 33053
p 0 228 33053
x 0 33054
p 0 230 33054
x 0 33055
p 0 263 33055
x 0 33056
p 0 226 33056
x 0 33057
p 0 254 33057
x 0 33058
p 0 228 33058
x 0 33059
p 0 231 33059
x 0 33060
p 0 228 33060
x 0 33061
p 0 218 33061
x 0 33062
p 0 269 33062
x 0 33000
x 1 33001
h 1 10.0.0.3
p 1 757 33001
x 2 33002
h 2 10.0.0.3
p 2 224 33002
x 0 33003
h 0 10.0.0.3
p 0 163 33003
x 1 33004
p 1 179 33004
p 0 1023382 33000
x 0 33005
p 0 215 33005
x 0 33006
p 0 196 33006
x 0 33007
p 0 239 33007
x 0 33008
p 0 231 33008
x 0 33009
p 0 241 33009
x 0 33010
p 0 238 33010
x 0 33011
p 0 242 33011
x 0 33012
p 0 240 33012
x 0 33013
p 0 240 33013
x 0 33014
p 0 238 33014
x 0 33015
p 0 232 33015
x 0 33016
p 0 238 33016
x 0 33017
p 0 236 33017
x 0 33018
p 0 477 33018
x 0 33019
p 0 233 33019
x 0 33020
p 0 400 33020
x 0 33021
p 0 235 33021
x 0 33022
p 0 241 33022
x 0 33023
p 0 234 33023
x 0 33024
p 0 233 33024
x 0 33025
p 0 234 33025
x 0 33026
p 0 236 33026
x 0 33027
p 0 233 33027
x 0 33028
p 0 238 33028
x 0 33029
p 0 234 33029
x 0 33030
p 0 240 33030
x 0 33031
p 0 237 33031
x 0 33032
p 0 237 33032
x 0 33033
p 0 238 33033
x 0 33034
p 0 242 33034
x 0 33035
p 0 240 33035
x 0 33036
p 0 237 33036
x 0 33037
p 0 235 33037
x 0 33038
p 0 233 33038
x 0 33039
p 0 234 33039
x 0 33040
p 0 220 33040
x 0 33041
p 0 239 33041
x 0 33042
p 0 238 33042
x 0 33043
p 0 275 33043
x 0 33044
p 0 235 33044
x 0 33045
p 0 219 33045
x 0 33046
p 0 239 33046
x 0 33047
p 0 233 33047
x 0 33048
p 0 236 33048
x 0 33049
p 0 235 33049
x 0 33050
p 0 245 33050
x 0 33051
p 0 227 33051
x 0 33052
p 0 328 33052
x 0 33053
p 0 225 33053
x 0 33054
p 0 228 33054
x 0 33055
p 0 202 33055
x 0 33056
p 0 324 33056
x 0 33057
p 0 222 33057
x 0 33058
p 0 222 33058
x 0 33059
p 0 372 33059
x 0 33060
p 0 341 33060
x 0 33061
p 0 317 33061
x 0 33062
p 0 220 33062
x 0 33000
x 1 33001
h 1 10.0.0.3
p 1 662 33001
x 2 33002
h 2 10.0.0.3
p 2 202 33002
x 0 33003
h 0 10.0.0.3
p 0 214 33003
x 1 33004
p 1 174 33004
p 0 1022743 33000
x 0 33005
p 0 241 33005
x 0 33006
p 0 181 33006
x 0 33007
p 0 337 33007
x 0 33008
p 0 238 33008
x 0 33009
p 0 259 33009
x 0 33010
p 0 244 33010
x 0 33011
p 0 273 33011
x 0 33012
p 0 236 33012
x 0 33013
p 0 275 33013
x 0 33014
p 0 231 33014
x 0 33015
p 0 234 33015
x 0 33016
p 0 237 33016
x 0 33017
p 0 234 33017
x 0 33018
p 0 273 33018
x 0 33019
p 0 234 33019
x 0 33020
p 0 233 33020
x 0 33021
p 0 200 33021
x 0 33022
p 0 272 33022
x 0 33023
p 0 230 33023
x 0 33024
p 0 228 33024
x 0 33025
p 0 90 33025
x 0 33026
p 0 268 33026
x 0 33027
p 0 228 33027
x 0 33028
p 0 233 33028
x 0 33029
p 0 200 33029
x 0 33030
p 0 276 33030
x 0 33031
p 0 229 33031
x 0 33032
p 0 202 33032
x 0 33033
p 0 200 33033
x 0 33034
p 0 267 33034
x 0 33035
p 0 201 33035
x 0 33036
p 0 199 33036
x 0 33037
p 0 198 33037
x 0 33038
p 0 196 33038
x 0 33039
p 0 195 33039
x 0 33040
p 0 203 33040
x 0 33041
p 0 196 33041
x 0 33042
p 0 239 33042
x 0 33043
p 0 254 33043
x 0 33044
p 0 319 33044
x 0 33045
p 0 238 33045
x 0 33046
p 0 224 33046
x 0 33047
p 0 225 33047
x 0 33048
p 0 88 33048
x 0 33049
p 0 226 33049
x 0 33050
p 0 256 33050
x 0 33051
p 0 227 33051
x 0 33052
p 0 229 33052
x 0 33053
p 0 229 33053
x 0 33054
p 0 225 33054
x 0 33055
p 0 227 33055
x 0 33056
p 0 227 33056
x 0 33057
p 0 257 33057
x 0 33058
p 0 224 33058
x 0 33059
p 0 224 33059
x 0 33060
p 0 230 33060
x 0 33061
p 0 253 33061
x 0 33062
p 0 224 33062
x 0 33000
x 1 33001
h 1 10.0.0.3
p 1 676 33001
x 2 33002
h 2 10.0.0.3
p 2 326 33002
x 0 33003
h 0 10.0.0.3
p 0 216 33003
x 1 33004
p 1 258 33004
p 0 1010813 33000
x 0 33005
p 0 248 33005
x 0 33006
p 0 221 33006
x 0 33007
p 0 215 33007
x 0 33008
p 0 220 33008
x 0 33009
p 0 221 33009
x 0 33010
p 0 216 33010
x 0 33011
p 0 229 33011
x 0 33012
p 0 217 33012
x 0 33013
p 0 219 33013
x 0 33014
p 0 382 33014
x 0 33015
p 0 391 33015
x 0 33016
p 0 386 33016
x 0 33017
p 0 219 33017
x 0 33018
p 0 216 33018
x 0 33019
p 0 330 33019
x 0 33020
p 0 217 33020
x 0 33021
p 0 215 33021
x 0 33022
p 0 317 33022
x 0 33023
p 0 317 33023
x 0 33024
p 0 315 33024
x 0 33025
p 0 320 33025
x 0 33026
p 0 314 33026
x 0 33027
p 0 248 33027
x 0 33028
p 0 217 33028
x 0 33029
p 0 218 33029
x 0 33030
p 0 258 33030
x 0 33031
p 0 216 33031
x 0 33032
p 0 216 33032
x 0 33033
p 0 216 33033
x 0 33034
p 0 217 33034
x 0 33035
p 0 179 33035
x 0 33036
p 0 194 33036
x 0 33037
p 0 317 33037
x 0 33038
p 0 329 33038
x 0 33039
p 0 288 33039
x 0 33040
p 0 217 33040
x 0 33041
p 0 240 33041
x 0 33042
p 0 220 33042
x 0 33043
p 0 220 33043
x 0 33044
p 0 223 33044
x 0 33045
p 0 141 33045
x 0 33046
p 0 223 33046
x 0 33047
p 0 222 33047
x 0 33048
p 0 224 33048
x 0 33049
p 0 111 33049
x 0 33050
p 0 200 33050
x 0 33051
p 0 222 33051
x 0 33052
p 0 218 33052
x 0 33053
p 0 223 33053
x 0 33054
p 0 117 33054
x 0 33055
p 0 208 33055
x 0 33056
p 0 228 33056
x 0 33057
p 0 357 33057
x 0 33058
p 0 230 33058
x 0 33059
p 0 230 33059
x 0 33060
p 0 231 33060
x 0 33061
p 0 235 33061
x 0 33062
p 0 227 33062
x 0 33000
x 1 33001
h 1 10.0.0.3
p 1 490 33001
x 2 33002
h 2 10.0.0.3
p 2 213 33002
x 0 33003
h 0 10.0.0.3
p 0 176 33003
x 1 33004
p 1 213 33004
p 0 1028039 33000
x 0 33005
p 0 212 33005
x 0 33006
p 0 213 33006
x 0 33007
p 0 217 33007
x 0 33008
p 0 214 33008
x 0 33009
p 0 183 33009
x 0 33010
p 0 212 33010
x 0 33011
p 0 213 33011
x 0 33012
p 0 213 33012
x 0 33013
p 0 215 33013
x 0 33014
p 0 213 33014
x 0 33015
p 0 216 33015
x 0 33016
p 0 216 33016
x 0 33017
p 0 217 33017
x 0 33018
p 0 216 33018
x 0 33019
p 0 214 33019
x 0 33020
p 0 215 33020
x 0 33021
p 0 162 33021
x 0 33022
p 0 216 33022
x 0 33023
p 0 219 33023
x 0 33024
p 0 177 33024
x 0 33025
p 0 220 33025
x 0 33026
p 0 221 33026
x 0 33027
p 0 222 33027
x 0 33028
p 0 220 33028
x 0 33029
p 0 221 33029
x 0 33030
p 0 220 33030
x 0 33031
p 0 214 33031
x 0 33032
p 0 216 33032
x 0 33033
p 0 179 33033
x 0 33034
p 0 217 33034
x 0 33035
p 0 221 33035
x 0 33036
p 0 178 33036
x 0 33037
p 0 226 33037
x 0 33038
p 0 109 33038
x 0 33039
p 0 225 33039
x 0 33040
p 0 226 33040
x 0 33041
p 0 227 33041
x 0 33042
p 0 224 33042
x 0 33043
p 0 227 33043
x 0 33044
p 0 186 33044
x 0 33045
p 0 226 33045
x 0 33046
p 0 223 33046
x 0 33047
p 0 218 33047
x 0 33048
p 0 216 33048
x 0 33049
p 0 217 33049
x 0 33050
p 0 183 33050
x 0 33051
p 0 189 33051
x 0 33052
p 0 196 33052
x 0 33053
p 0 194 33053
x 0 33054
p 0 199 33054
x 0 33055
p 0 196 33055
x 0 33056
p 0 195 33056
x 0 33057
p 0 196 33057
x 0 33058
p 0 211 33058
x 0 33059
p 0 211 33059
x 0 33060
p 0 198 33060
x 0 33061
p 0 211 33061
x 0 33062
p 0 139 33062
x 0 33000
x 1 33001
h 1 10.0.0.3
p 1 646 33001
x 2 33002
h 2 10.0.0.3
p 2 186 33002
x 0 33003
h 0 10.0.0.3
p 0 202 33003
x 1 33004
p 1 191 33004
p 0 1015834 33000
x 0 33005
p 0 216 33005
x 0 33006
p 0 222 33006
x 0 33007
p 0 221 33007
x 0 33008
p 0 231 33008
x 0 33009
p 0 242 33009
x 0 33010
p 0 269 33010
x 0 33011
p 0 326 33011
x 0 33012
p 0 240 33012
x 0 33013
p 0 233 33013
x 0 33014
p 0 186 33014
x 0 33015
p 0 177 33015
x 0 33016
p 0 243 33016
x 0 33017
p 0 180 33017
x 0 33018
p 0 163 33018
x 0 33019
p 0 224 33019
x 0 33020
p 0 168 33020
x 0 33021
p 0 169 33021
x 0 33022
p 0 191 33022
x 0 33023
p 0 220 33023
x 0 33024
p 0 231 33024
x 0 33025
p 0 145 33025
x 0 33026
p 0 221 33026
x 0 33027
p 0 222 33027
x 0 33028
p 0 265 33028
x 0 33029
p 0 181 33029
x 0 33030
p 0 248 33030
x 0 33031
p 0 184 33031
x 0 33032
p 0 158 33032
x 0 33033
p 0 183 33033
x 0 33034
p 0 151 33034
x 0 33035
p 0 135 33035
x 0 33036
p 0 170 33036
x 0 33037
p 0 197 33037
x 0 33038
p 0 218 33038
x 0 33039
p 0 152 33039
x 0 33040
p 0 187 33040
x 0 33041
p 0 222 33041
x 0 33042
p 0 164 33042
x 0 33043
p 0 255 33043
x 0 33044
p 0 186 33044
x 0 33045
p 0 199 33045
x 0 33046
p 0 273 33046
x 0 33047
p 0 175 33047
x 0 33048
p 0 198 33048
x 0 33049
p 0 217 33049
x 0 33050
p 0 152 33050
x 0 33051
p 0 216 33051
x 0 33052
p 0 189 33052
x 0 33053
p 0 180 33053
x 0 33054
p 0 410 33054
x 0 33055
p 0 145 33055
x 0 33056
p 0 227 33056
x 0 33057
p 0 324 33057
x 0 33058
p 0 336 33058
x 0 33059
p 0 278 33059
x 0 33060
p 0 188 33060
x 0 33061
p 0 233 33061
x 0 33062
p 0 322 33062
x 0 33000
x 1 33001
h 1 10.0.0.3
p 1 869 33001
x 2 33002
h 2 10.0.0.3
p 2 214 33002
x 0 33003
h 0 10.0.0.3
p 0 165 33003
x 1 33004
p 1 214 33004
p 0 1027785 33000
x 0 33005
p 0 212 33005
x 0 33006
p 0 217 33006
x 0 33007
p 0 190 33007
x 0 33008
p 0 255 33008
x 0 33009
p 0 220 33009
x 0 33010
p 0 193 33010
x 0 33011
p 0 216 33011
x 0 33012
p 0 215 33012
x 0 33013
p 0 214 33013
x 0 33014
p 0 214 33014
x 0 33015
p 0 216 33015
x 0 33016
p 0 216 33016
x 0 33017
p 0 213 33017
x 0 33018
p 0 220 33018
x 0 33019
p 0 219 33019
x 0 33020
p 0 215 33020
x 0 33021
p 0 215 33021
x 0 33022
p 0 218 33022
x 0 33023
p 0 220 33023
x 0 33024
p 0 218 33024
x 0 33025
p 0 144 33025
x 0 33026
p 0 218 33026
x 0 33027
p 0 221 33027
x 0 33028
p 0 217 33028
x 0 33029
p 0 214 33029
x 0 33030
p 0 249 33030
x 0 33031
p 0 212 33031
x 0 33032
p 0 213 33032
x 0 33033
p 0 214 33033
x 0 33034
p 0 323 33034
x 0 33035
p 0 331 33035
x 0 33036
p 0 223 33036
x 0 33037
p 0 221 33037
x 0 33038
p 0 339 33038
x 0 33039
p 0 224 33039
x 0 33040
p 0 226 33040
x 0 33041
p 0 223 33041
x 0 33042
p 0 292 33042
x 0 33043
p 0 290 33043
x 0 33044
p 0 285 33044
x 0 33045
p 0 324 33045
x 0 33046
p 0 238 33046
x 0 33047
p 0 221 33047
x 0 33048
p 0 367 33048
x 0 33049
p 0 351 33049
x 0 33050
p 0 230 33050
x 0 33051
p 0 222 33051
x 0 33052
p 0 219 33052
x 0 33053
p 0 223 33053
x 0 33054
p 0 214 33054
x 0 33055
p 0 216 33055
x 0 33056
p 0 246 33056
x 0 33057
p 0 165 33057
x 0 33058
p 0 162 33058
x 0 33059
p 0 156 33059
x 0 33060
p 0 158 33060
x 0 33061
p 0 89 33061
x 0 33062
p 0 226 33062
x 0 33000
x 1 33001
h 1 10.0.0.3
p 1 660 33001
x 2 33002
h 2 10.0.0.3
p 2 179 33002
x 0 33003
h 0 10.0.0.3
p 0 173 33003
x 1 33004
p 1 202 33004
p 0 1032115 33000
x 0 33005
p 0 219 33005
x 0 33006
p 0 220 33006
x 0 33007
p 0 220 33007
x 0 33008
p 0 219 33008
x 0 33009
p 0 321 33009
x 0 33010
p 0 236 33010
x 0 33011
p 0 316 33011
x 0 33012
p 0 251 33012
x 0 33013
p 0 171 33013
x 0 33014
p 0 224 33014
x 0 33015
p 0 217 33015
x 0 33016
p 0 246 33016
x 0 33017
p 0 227 33017
x 0 33018
p 0 234 33018
x 0 33019
p 0 235 33019
x 0 33020
p 0 245 33020
x 0 33021
p 0 240 33021
x 0 33022
p 0 233 33022
x 0 33023
p 0 232 33023
x 0 33024
p 0 267 33024
x 0 33025
p 0 233 33025
x 0 33026
p 0 234 33026
x 0 33027
p 0 227 33027
x 0 33028
p 0 362 33028
x 0 33029
p 0 219 33029
x 0 33030
p 0 226 33030
x 0 33031
p 0 221 33031
x 0 33032
p 0 245 33032
x 0 33033
p 0 221 33033
x 0 33034
p 0 228 33034
x 0 33035
p 0 227 33035
x 0 33036
p 0 411 33036
x 0 33037
p 0 221 33037
x 0 33038
p 0 228 33038
x 0 33039
p 0 223 33039
x 0 33040
p 0 266 33040
x 0 33041
p 0 300 33041
x 0 33042
p 0 301 33042
x 0 33043
p 0 228 33043
x 0 33044
p 0 250 33044
x 0 33045
p 0 235 33045
x 0 33046
p 0 228 33046
x 0 33047
p 0 225 33047
x 0 33048
p 0 252 33048
x 0 33049
p 0 224 33049
x 0 33050
p 0 243 33050
x 0 33051
p 0 244 33051
x 0 33052
p 0 269 33052
x 0 33053
p 0 349 33053
x 0 33054
p 0 234 33054
x 0 33055
p 0 235 33055
x 0 33056
p 0 259 33056
x 0 33057
p 0 383 33057
x 0 33058
p 0 238 33058
x 0 33059
p 0 230 33059
x 0 33060
p 0 263 33060
x 0 33061
p 0 238 33061
x 0 33062
p 0 333 33062
x 0 33000
x 1 33001
h 1 10.0.0.3
p 1 651 33001
x 2 33002
h 2 10.0.0.3
p 2 225 33002
x 0 33003
h 0 10.0.0.3
p 0 219 33003
x 1 33004
p 1 219 33004
p 0 1012390 33000
x 0 33005
p 0 218 33005
x 0 33006
p 0 219 33006
x 0 33007
p 0 218 33007
x 0 33008
p 0 238 33008
x 0 33009
p 0 366 33009
x 0 33010
p 0 375 33010
x 0 33011
p 0 368 33011
x 0 33012
p 0 434 33012
x 0 33013
p 0 367 33013
x 0 33014
p 0 364 33014
x 0 33015
p 0 361 33015
x 0 33016
p 0 454 33016
x 0 33017
p 0 451 33017
x 0 33018
p 0 373 33018
x 0 33019
p 0 395 33019
x 0 33020
p 0 433 33020
x 0 33021
p 0 281 33021
x 0 33022
p 0 257 33022
x 0 33023
p 0 254 33023
x 0 33024
p 0 298 33024
x 0 33025
p 0 386 33025
x 0 33026
p 0 375 33026
x 0 33027
p 0 364 33027
x 0 33028
p 0 245 33028
x 0 33029
p 0 215 33029
x 0 33030
p 0 214 33030
x 0 33031
p 0 188 33031
x 0 33032
p 0 215 33032
x 0 33033
p 0 222 33033
x 0 33034
p 0 111 33034
x 0 33035
p 0 186 33035
x 0 33036
p 0 205 33036
x 0 33037
p 0 255 33037
x 0 33038
p 0 278 33038
x 0 33039
p 0 215 33039
x 0 33040
p 0 227 33040
x 0 33041
p 0 236 33041
x 0 33042
p 0 193 33042
x 0 33043
p 0 188 33043
x 0 33044
p 0 189 33044
x 0 33045
p 0 243 33045
x 0 33046
p 0 241 33046
x 0 33047
p 0 197 33047
x 0 33048
p 0 198 33048
x 0 33049
p 0 228 33049
x 0 33050
p 0 320 33050
x 0 33051
p 0 203 33051
x 0 33052
p 0 199 33052
x 0 33053
p 0 346 33053
x 0 33054
p 0 184 33054
x 0 33055
p 0 200 33055
x 0 33056
p 0 71 33056
x 0 33057
p 0 340 33057
x 0 33058
p 0 195 33058
x 0 33059
p 0 224 33059
x 0 33060
p 0 210 33060
x 0 33061
p 0 293 33061
x 0 33062
p 0 221 33062
x 0 33000
x 1 33001
h 1 10.0.0.3
p 1 609 33001
x 2 33002
h 2 10.0.0.3
p 2 215 33002
x 0 33003
h 0 10.0.0.3
p 0 220 33003
x 1 33004
p 1 167 33004
p 0 1010567 33000
x 0 33005
p 0 215 33005
x 0 33006
p 0 233 33006
x 0 33007
p 0 228 33007
x 0 33008
p 0 223 33008
x 0 33009
p 0 224 33009
x 0 33010
p 0 344 33010
x 0 33011
p 0 282 33011
x 0 33012
p 0 345 33012
x 0 33013
p 0 289 33013
x 0 33014
p 0 316 33014
x 0 33015
p 0 227 33015
x 0 33016
p 0 271 33016
x 0 33017
p 0 223 33017
x 0 33018
p 0 220 33018
x 0 33019
p 0 218 33019
x 0 33020
p 0 216 33020
x 0 33021
p 0 222 33021
x 0 33022
p 0 222 33022
x 0 33023
p 0 217 33023
x 0 33024
p 0 219 33024
x 0 33025
p 0 224 33025
x 0 33026
p 0 224 33026
x 0 33027
p 0 222 33027
x 0 33028
p 0 216 33028
x 0 33029
p 0 225 33029
x 0 33030
p 0 224 33030
x 0 33031
p 0 221 33031
x 0 33032
p 0 223 33032
x 0 33033
p 0 224 33033
x 0 33034
p 0 218 33034
x 0 33035
p 0 226 33035
x 0 33036
p 0 227 33036
x 0 33037
p 0 224 33037
x 0 33038
p 0 223 33038
x 0 33039
p 0 218 33039
x 0 33040
p 0 223 33040
x 0 33041
p 0 218 33041
x 0 33042
p 0 224 33042
x 0 33043
p 0 222 33043
x 0 33044
p 0 219 33044
x 0 33045
p 0 225 33045
x 0 33046
p 0 230 33046
x 0 33047
p 0 227 33047
x 0 33048
p 0 222 33048
x 0 33049
p 0 222 33049
x 0 33050
p 0 228 33050
x 0 33051
p 0 220 33051
x 0 33052
p 0 223 33052
x 0 33053
p 0 222 33053
x 0 33054
p 0 220 33054
x 0 33055
p 0 224 33055
x 0 33056
p 0 226 33056
x 0 33057
p 0 224 33057
x 0 33058
p 0 222 33058
x 0 33059
p 0 219 33059
x 0 33060
p 0 224 33060
x 0 33061
p 0 223 33061
x 0 33062
p 0 222 33062
x 0 33000
x 1 33001
h 1 10.0.0.3
p 1 1159 33001
x 2 33002
h 2 10.0.0.3
p 2 216 33002
x 0 33003
h 0 10.0.0.3
p 0 229 33003
x 1 33004
p 1 218 33004
p 0 1029891 33000
x 0 33005
p 0 211 33005
x 0 33006
p 0 235 33006
x 0 33007
p 0 218 33007
x 0 33008
p 0 222 33008
x 0 33009
p 0 270 33009
x 0 33010
p 0 224 33010
x 0 33011
p 0 214 33011
x 0 33012
p 0 220 33012
x 0 33013
p 0 220 33013
x 0 33014
p 0 227 33014
x 0 33015
p 0 221 33015
x 0 33016
p 0 223 33016
x 0 33017
p 0 218 33017
x 0 33018
p 0 220 33018
x 0 33019
p 0 222 33019
x 0 33020
p 0 217 33020
x 0 33021
p 0 217 33021
x 0 33022
p 0 218 33022
x 0 33023
p 0 216 33023
x 0 33024
p 0 301 33024
x 0 33025
p 0 225 33025
x 0 33026
p 0 220 33026
x 0 33027
p 0 220 33027
x 0 33028
p 0 220 33028
x 0 33029
p 0 220 33029
x 0 33030
p 0 221 33030
x 0 33031
p 0 303 33031
x 0 33032
p 0 218 33032
x 0 33033
p 0 224 33033
x 0 33034
p 0 224 33034
x 0 33035
p 0 218 33035
x 0 33036
p 0 218 33036
x 0 33037
p 0 218 33037
x 0 33038
p 0 252 33038
x 0 33039
p 0 221 33039
x 0 33040
p 0 330 33040
x 0 33041
p 0 224 33041
x 0 33042
p 0 209 33042
x 0 33043
p 0 220 33043
x 0 33044
p 0 223 33044
x 0 33045
p 0 255 33045
x 0 33046
p 0 225 33046
x 0 33047
p 0 223 33047
x 0 33048
p 0 221 33048
x 0 33049
p 0 223 33049
x 0 33050
p 0 224 33050
x 0 33051
p 0 223 33051
x 0 33052
p 0 254 33052
x 0 33053
p 0 225 33053
x 0 33054
p 0 229 33054
x 0 33055
p 0 225 33055
x 0 33056
p 0 223 33056
x 0 33057
p 0 223 33057
x 0 33058
p 0 309 33058
x 0 33059
p 0 258 33059
x 0 33060
p 0 225 33060
x 0 33061
p 0 220 33061
x 0 33062
p 0 224 33062
x 0 33000
x 1 33001
h 1 10.0.0.3
p 1 645 33001
x 2 33002
h 2 10.0.0.3
p 2 260 33002
x 0 33003
h 0 10.0.0.3
p 0 166 33003
x 1 33004
p 1 254 33004
p 0 1001524 33000
x 0 33005
p 0 242 33005
x 0 33006
p 0 219 33006
x 0 33007
p 0 221 33007
x 0 33008
p 0 222 33008
x 0 33009
p 0 269 33009
x 0 33010
p 0 247 33010
x 0 33011
p 0 265 33011
x 0 33012
p 0 230 33012
x 0 33013
p 0 225 33013
x 0 33014
p 0 277 33014
x 0 33015
p 0 225 33015
x 0 33016
p 0 222 33016
x 0 33017
p 0 227 33017
x 0 33018
p 0 235 33018
x 0 33019
p 0 224 33019
x 0 33020
p 0 223 33020
x 0 33021
p 0 226 33021
x 0 33022
p 0 226 33022
x 0 33023
p 0 223 33023
x 0 33024
p 0 225 33024
x 0 33025
p 0 227 33025
x 0 33026
p 0 220 33026
x 0 33027
p 0 222 33027
x 0 33028
p 0 218 33028
x 0 33029
p 0 221 33029
x 0 33030
p 0 221 33030
x 0 33031
p 0 222 33031
x 0 33032
p 0 217 33032
x 0 33033
p 0 216 33033
x 0 33034
p 0 216 33034
x 0 33035
p 0 217 33035
x 0 33036
p 0 269 33036
x 0 33037
p 0 314 33037
x 0 33038
p 0 219 33038
x 0 33039
p 0 225 33039
x 0 33040
p 0 242 33040
x 0 33041
p 0 227 33041
x 0 33042
p 0 223 33042
x 0 33043
p 0 230 33043
x 0 33044
p 0 225 33044
x 0 33045
p 0 220 33045
x 0 33046
p 0 222 33046
x 0 33047
p 0 224 33047
x 0 33048
p 0 223 33048
x 0 33049
p 0 236 33049
x 0 33050
p 0 228 33050
x 0 33051
p 0 259 33051
x 0 33052
p 0 227 33052
x 0 33053
p 0 218 33053
x 0 33054
p 0 222 33054
x 0 33055
p 0 218 33055
x 0 33056
p 0 219 33056
x 0 33057
p 0 221 33057
x 0 33058
p 0 220 33058
x 0 33059
p 0 224 33059
x 0 33060
p 0 220 33060
x 0 33061
p 0 226 33061
x 0 33062
p 0 237 33062
x 0 33000
x 1 33001
h 1 10.0.0.3
p 1 740 33001
x 2 33002
h 2 10.0.0.3
p 2 217 33002
x 0 33003
h 0 10.0.0.3
p 0 160 33003
x 1 33004
p 1 219 33004
p 0 1015971 33000
x 0 33005
p 0 248 33005
x 0 33006
p 0 224 33006
x 0 33007
p 0 220 33007
x 0 33008
p 0 223 33008
x 0 33009
p 0 227 33009
x 0 33010
p 0 221 33010
x 0 33011
p 0 222 33011
x 0 33012
p 0 223 33012
x 0 33013
p 0 223 33013
x 0 33014
p 0 221 33014
x 0 33015
p 0 159 33015
x 0 33016
p 0 275 33016
x 0 33017
p 0 159 33017
x 0 33018
p 0 167 33018
x 0 33019
p 0 163 33019
x 0 33020
p 0 199 33020
x 0 33021
p 0 163 33021
x 0 33022
p 0 225 33022
x 0 33023
p 0 244 33023
x 0 33024
p 0 221 33024
x 0 33025
p 0 222 33025
x 0 33026
p 0 163 33026
x 0 33027
p 0 161 33027
x 0 33028
p 0 160 33028
x 0 33029
p 0 192 33029
x 0 33030
p 0 203 33030
x 0 33031
p 0 224 33031
x 0 33032
p 0 161 33032
x 0 33033
p 0 277 33033
x 0 33034
p 0 166 33034
x 0 33035
p 0 163 33035
x 0 33036
p 0 226 33036
x 0 33037
p 0 164 33037
x 0 33038
p 0 223 33038
x 0 33039
p 0 228 33039
x 0 33040
p 0 161 33040
x 0 33041
p 0 170 33041
x 0 33042
p 0 199 33042
x 0 33043
p 0 313 33043
x 0 33044
p 0 227 33044
x 0 33045
p 0 229 33045
x 0 33046
p 0 200 33046
x 0 33047
p 0 226 33047
x 0 33048
p 0 163 33048
x 0 33049
p 0 288 33049
x 0 33050
p 0 171 33050
x 0 33051
p 0 161 33051
x 0 33052
p 0 164 33052
x 0 33053
p 0 275 33053
x 0 33054
p 0 165 33054
x 0 33055
p 0 225 33055
x 0 33056
p 0 166 33056
x 0 33057
p 0 280 33057
x 0 33058
p 0 165 33058
x 0 33059
p 0 167 33059
x 0 33060
p 0 247 33060
x 0 33061
p 0 173 33061
x 0 33062
p 0 171 33062
x 0 33000
x 1 33001
h 1 10.0.0.3
p 1 678 33001
x 2 33002
h 2 10.0.0.3
p 2 241 33002
x 0 33003
h 0 10.0.0.3
p 0 220 33003
x 1 33004
p 1 219 33004
p 0 1021544 33000
x 0 33005
p 0 250 33005
x 0 33006
p 0 363 33006
x 0 33007
p 0 219 33007
x 0 33008
p 0 318 33008
x 0 33009
p 0 382 33009
x 0 33010
p 0 220 33010
x 0 33011
p 0 303 33011
x 0 33012
p 0 360 33012
x 0 33013
p 0 248 33013
x 0 33014
p 0 402 33014
x 0 33015
p 0 325 33015
x 0 33016
p 0 223 33016
x 0 33017
p 0 225 33017
x 0 33018
p 0 220 33018
x 0 33019
p 0 280 33019
x 0 33020
p 0 219 33020
x 0 33021
p 0 416 33021
x 0 33022
p 0 311 33022
x 0 33023
p 0 263 33023
x 0 33024
p 0 313 33024
x 0 33025
p 0 368 33025
x 0 33026
p 0 311 33026
x 0 33027
p 0 218 33027
x 0 33028
p 0 219 33028
x 0 33029
p 0 221 33029
x 0 33030
p 0 312 33030
x 0 33031
p 0 312 33031
x 0 33032
p 0 217 33032
x 0 33033
p 0 214 33033
x 0 33034
p 0 217 33034
x 0 33035
p 0 216 33035
x 0 33036
p 0 317 33036
x 0 33037
p 0 318 33037
x 0 33038
p 0 301 33038
x 0 33039
p 0 439 33039
x 0 33040
p 0 443 33040
x 0 33041
p 0 320 33041
x 0 33042
p 0 225 33042
x 0 33043
p 0 220 33043
x 0 33044
p 0 223 33044
x 0 33045
p 0 223 33045
x 0 33046
p 0 219 33046
x 0 33047
p 0 321 33047
x 0 33048
p 0 221 33048
x 0 33049
p 0 222 33049
x 0 33050
p 0 234 33050
x 0 33051
p 0 223 33051
x 0 33052
p 0 220 33052
x 0 33053
p 0 217 33053
x 0 33054
p 0 253 33054
x 0 33055
p 0 219 33055
x 0 33056
p 0 220 33056
x 0 33057
p 0 222 33057
x 0 33058
p 0 218 33058
x 0 33059
p 0 226 33059
x 0 33060
p 0 225 33060
x 0 33061
p 0 329 33061
x 0 33062
p 0 345 33062
x 0 33000
x 1 33001
h 1 10.0.0.3
p 1 759 33001
x 2 33002
h 2 10.0.0.3
p 2 218 33002
x 0 33003
h 0 10.0.0.3
p 0 230 33003
x 1 33004
p 1 250 33004
p 0 1005069 33000
x 0 33005
p 0 194 33005
x 0 33006
p 0 230 33006
x 0 33007
p 0 205 33007
x 0 33008
p 0 224 33008
x 0 33009
p 0 254 33009
x 0 33010
p 0 256 33010
x 0 33011
p 0 249 33011
x 0 33012
p 0 257 33012
x 0 33013
p 0 252 33013
x 0 33014
p 0 251 33014
x 0 33015
p 0 258 33015
x 0 33016
p 0 256 33016
x 0 33017
p 0 251 33017
x 0 33018
p 0 249 33018
x 0 33019
p 0 243 33019
x 0 33020
p 0 234 33020
x 0 33021
p 0 233 33021
x 0 33022
p 0 237 33022
x 0 33023
p 0 231 33023
x 0 33024
p 0 231 33024
x 0 33025
p 0 248 33025
x 0 33026
p 0 278 33026
x 0 33027
p 0 247 33027
x 0 33028
p 0 245 33028
x 0 33029
p 0 284 33029
x 0 33030
p 0 270 33030
x 0 33031
p 0 243 33031
x 0 33032
p 0 209 33032
x 0 33033
p 0 239 33033
x 0 33034
p 0 243 33034
x 0 33035
p 0 278 33035
x 0 33036
p 0 240 33036
x 0 33037
p 0 243 33037
x 0 33038
p 0 241 33038
x 0 33039
p 0 238 33039
x 0 33040
p 0 240 33040
x 0 33041
p 0 238 33041
x 0 33042
p 0 237 33042
x 0 33043
p 0 245 33043
x 0 33044
p 0 244 33044
x 0 33045
p 0 249 33045
x 0 33046
p 0 210 33046
x 0 33047
p 0 244 33047
x 0 33048
p 0 242 33048
x 0 33049
p 0 240 33049
x 0 33050
p 0 242 33050
x 0 33051
p 0 238 33051
x 0 33052
p 0 242 33052
x 0 33053
p 0 237 33053
x 0 33054
p 0 238 33054
x 0 33055
p 0 239 33055
x 0 33056
p 0 240 33056
x 0 33057
p 0 239 33057
x 0 33058
p 0 238 33058
x 0 33059
p 0 243 33059
x 0 33060
p 0 282 33060
x 0 33061
p 0 235 33061
x 0 33062
p 0 240 33062
x 0 33000
x 1 33001
h 1 10.0.0.3
p 1 805 33001
x 2 33002
h 2 10.0.0.3
p 2 216 33002
x 0 33003
h 0 10.0.0.3
p 0 99 33003
x 1 33004
p 1 215 33004
p 0 1032383 33000
x 0 33005
p 0 215 33005
x 0 33006
p 0 216 33006
x 0 33007
p 0 217 33007
x 0 33008
p 0 247 33008
x 0 33009
p 0 215 33009
x 0 33010
p 0 212 33010
x 0 33011
p 0 213 33011
x 0 33012
p 0 216 33012
x 0 33013
p 0 214 33013
x 0 33014
p 0 275 33014
x 0 33015
p 0 309 33015
x 0 33016
p 0 216 33016
x 0 33017
p 0 215 33017
x 0 33018
p 0 321 33018
x 0 33019
p 0 239 33019
x 0 33020
p 0 244 33020
x 0 33021
p 0 199 33021
x 0 33022
p 0 214 33022
x 0 33023
p 0 184 33023
x 0 33024
p 0 185 33024
x 0 33025
p 0 188 33025
x 0 33026
p 0 386 33026
x 0 33027
p 0 424 33027
x 0 33028
p 0 376 33028
x 0 33029
p 0 367 33029
x 0 33030
p 0 314 33030
x 0 33031
p 0 371 33031
x 0 33032
p 0 223 33032
x 0 33033
p 0 253 33033
x 0 33034
p 0 189 33034
x 0 33035
p 0 189 33035
x 0 33036
p 0 214 33036
x 0 33037
p 0 216 33037
x 0 33038
p 0 189 33038
x 0 33039
p 0 188 33039
x 0 33040
p 0 214 33040
x 0 33041
p 0 246 33041
x 0 33042
p 0 191 33042
x 0 33043
p 0 189 33043
x 0 33044
p 0 191 33044
x 0 33045
p 0 189 33045
x 0 33046
p 0 188 33046
x 0 33047
p 0 404 33047
x 0 33048
p 0 186 33048
x 0 33049
p 0 222 33049
x 0 33050
p 0 213 33050
x 0 33051
p 0 215 33051
x 0 33052
p 0 212 33052
x 0 33053
p 0 214 33053
x 0 33054
p 0 215 33054
x 0 33055
p 0 213 33055
x 0 33056
p 0 214 33056
x 0 33057
p 0 212 33057
x 0 33058
p 0 223 33058
x 0 33059
p 0 226 33059
x 0 33060
p 0 221 33060
x 0 33061
p 0 221 33061
x 0 33062
p 0 223 33062
x 0 33000
x 1 33001
h 1 10.0.0.3
p 1 701 33001
x 2 33002
h 2 10.0.0.3
p 2 221 33002
x 0 33003
h 0 10.0.0.3
p 0 183 33003
x 1 33004
p 1 215 33004
p 0 1024190 33000
x 0 33005
p 0 212 33005
x 0 33006
p 0 235 33006
x 0 33007
p 0 221 33007
x 0 33008
p 0 218 33008
x 0 33009
p 0 221 33009
x 0 33010
p 0 230 33010
x 0 33011
p 0 234 33011
x 0 33012
p 0 225 33012
x 0 33013
p 0 223 33013
x 0 33014
p 0 258 33014
x 0 33015
p 0 367 33015
x 0 33016
p 0 223 33016
x 0 33017
p 0 297 33017
x 0 33018
p 0 179 33018
x 0 33019
p 0 329 33019
x 0 33020
p 0 170 33020
x 0 33021
p 0 171 33021
x 0 33022
p 0 252 33022
x 0 33023
p 0 218 33023
x 0 33024
p 0 218 33024
x 0 33025
p 0 214 33025
x 0 33026
p 0 214 33026
x 0 33027
p 0 215 33027
x 0 33028
p 0 217 33028
x 0 33029
p 0 218 33029
x 0 33030
p 0 216 33030
x 0 33031
p 0 228 33031
x 0 33032
p 0 222 33032
x 0 33033
p 0 217 33033
x 0 33034
p 0 214 33034
x 0 33035
p 0 216 33035
x 0 33036
p 0 220 33036
x 0 33037
p 0 224 33037
x 0 33038
p 0 216 33038
x 0 33039
p 0 227 33039
x 0 33040
p 0 223 33040
x 0 33041
p 0 225 33041
x 0 33042
p 0 228 33042
x 0 33043
p 0 222 33043
x 0 33044
p 0 224 33044
x 0 33045
p 0 224 33045
x 0 33046
p 0 226 33046
x 0 33047
p 0 223 33047
x 0 33048
p 0 221 33048
x 0 33049
p 0 230 33049
x 0 33050
p 0 250 33050
x 0 33051
p 0 232 33051
x 0 33052
p 0 225 33052
x 0 33053
p 0 222 33053
x 0 33054
p 0 222 33054
x 0 33055
p 0 220 33055
x 0 33056
p 0 318 33056
x 0 33057
p 0 218 33057
x 0 33058
p 0 219 33058
x 0 33059
p 0 215 33059
x 0 33060
p 0 217 33060
x 0 33061
p 0 227 33061
x 0 33062
p 0 226 33062
x 0 33000
x 1 33001
h 1 10.0.0.3
p 1 974 33001
x 2 33002
h 2 10.0.0.3
p 2 224 33002
x 0 33003
h 0 10.0.0.3
p 0 227 33003
x 1 33004
p 1 98 33004
p 0 1002871 33000
x 0 33005
p 0 61 33005
x 0 33006
p 0 187 33006
x 0 33007
p 0 225 33007
x 0 33008
p 0 271 33008
x 0 33009
p 0 261 33009
x 0 33010
p 0 260 33010
x 0 33011
p 0 239 33011
x 0 33012
p 0 235 33012
x 0 33013
p 0 236 33013
x 0 33014
p 0 233 33014
x 0 33015
p 0 230 33015
x 0 33016
p 0 230 33016
x 0 33017
p 0 232 33017
x 0 33018
p 0 225 33018
x 0 33019
p 0 223 33019
x 0 33020
p 0 222 33020
x 0 33021
p 0 221 33021
x 0 33022
p 0 264 33022
x 0 33023
p 0 222 33023
x 0 33024
p 0 222 33024
x 0 33025
p 0 220 33025
x 0 33026
p 0 221 33026
x 0 33027
p 0 223 33027
x 0 33028
p 0 226 33028
x 0 33029
p 0 282 33029
x 0 33030
p 0 273 33030
x 0 33031
p 0 224 33031
x 0 33032
p 0 220 33032
x 0 33033
p 0 224 33033
x 0 33034
p 0 229 33034
x 0 33035
p 0 220 33035
x 0 33036
p 0 260 33036
x 0 33037
p 0 249 33037
x 0 33038
p 0 143 33038
x 0 33039
p 0 227 33039
x 0 33040
p 0 228 33040
x 0 33041
p 0 225 33041
x 0 33042
p 0 227 33042
x 0 33043
p 0 273 33043
x 0 33044
p 0 265 33044
x 0 33045
p 0 227 33045
x 0 33046
p 0 237 33046
x 0 33047
p 0 289 33047
x 0 33048
p 0 235 33048
x 0 33049
p 0 242 33049
x 0 33050
p 0 275 33050
x 0 33051
p 0 222 33051
x 0 33052
p 0 223 33052
x 0 33053
p 0 225 33053
x 0 33054
p 0 228 33054
x 0 33055
p 0 222 33055
x 0 33056
p 0 227 33056
x 0 33057
p 0 221 33057
x 0 33058
p 0 230 33058
x 0 33059
p 0 245 33059
x 0 33060
p 0 238 33060
x 0 33061
p 0 227 33061
x 0 33062
p 0 226 33062
x 0 33000
x 1 33001
h 1 10.0.0.3
p 1 985 33001
x 2 33002
h 2 10.0.0.3
p 2 220 33002
x 0 33003
h 0 10.0.0.3
p 0 219 33003
x 1 33004
p 1 219 33004
p 0 1018557 33000
x 0 33005
p 0 155 33005
x 0 33006
p 0 189 33006
x 0 33007
p 0 178 33007
x 0 33008
p 0 235 33008
x 0 33009
p 0 162 33009
x 0 33010
p 0 194 33010
x 0 33011
p 0 252 33011
x 0 33012
p 0 241 33012
x 0 33013
p 0 183 33013
x 0 33014
p 0 186 33014
x 0 33015
p 0 189 33015
x 0 33016
p 0 218 33016
x 0 33017
p 0 185 33017
x 0 33018
p 0 184 33018
x 0 33019
p 0 226 33019
x 0 33020
p 0 141 33020
x 0 33021
p 0 188 33021
x 0 33022
p 0 241 33022
x 0 33023
p 0 250 33023
x 0 33024
p 0 249 33024
x 0 33025
p 0 177 33025
x 0 33026
p 0 139 33026
x 0 33027
p 0 192 33027
x 0 33028
p 0 187 33028
x 0 33029
p 0 193 33029
x 0 33030
p 0 189 33030
x 0 33031
p 0 191 33031
x 0 33032
p 0 224 33032
x 0 33033
p 0 175 33033
x 0 33034
p 0 107 33034
x 0 33035
p 0 189 33035
x 0 33036
p 0 141 33036
x 0 33037
p 0 250 33037
x 0 33038
p 0 177 33038
x 0 33039
p 0 76 33039
x 0 33040
p 0 190 33040
x 0 33041
p 0 260 33041
x 0 33042
p 0 164 33042
x 0 33043
p 0 102 33043
x 0 33044
p 0 127 33044
x 0 33045
p 0 863 33045
x 0 33046
p 0 242 33046
x 0 33047
p 0 231 33047
x 0 33048
p 0 282 33048
x 0 33049
p 0 169 33049
x 0 33050
p 0 172 33050
x 0 33051
p 0 229 33051
x 0 33052
p 0 309 33052
x 0 33053
p 0 168 33053
x 0 33054
p 0 63 33054
x 0 33055
p 0 125 33055
x 0 33056
p 0 259 33056
x 0 33057
p 0 242 33057
x 0 33058
p 0 290 33058
x 0 33059
p 0 359 33059
x 0 33060
p 0 283 33060
x 0 33061
p 0 330 33061
x 0 33062
p 0 184 33062
x 0 33000
x 1 33001
h 1 10.0.0.3
p 1 945 33001
x 2 33002
h 2 10.0.0.3
p 2 286 33002
x 0 33003
h 0 10.0.0.3
p 0 234 33003
x 1 33004
p 1 298 33004
p 0 1013373 33000
x 0 33005
p 0 275 33005
x 0 33006
p 0 219 33006
x 0 33007
p 0 240 33007
x 0 33008
p 0 218 33008
x 0 33009
p 0 219 33009
x 0 33010
p 0 211 33010
x 0 33011
p 0 253 33011
x 0 33012
p 0 315 33012
x 0 33013
p 0 342 33013
x 0 33014
p 0 216 33014
x 0 33015
p 0 287 33015
x 0 33016
p 0 214 33016
x 0 33017
p 0 214 33017
x 0 33018
p 0 246 33018
x 0 33019
p 0 216 33019
x 0 33020
p 0 215 33020
x 0 33021
p 0 214 33021
x 0 33022
p 0 214 33022
x 0 33023
p 0 214 33023
x 0 33024
p 0 220 33024
x 0 33025
p 0 213 33025
x 0 33026
p 0 244 33026
x 0 33027
p 0 218 33027
x 0 33028
p 0 217 33028
x 0 33029
p 0 218 33029
x 0 33030
p 0 217 33030
x 0 33031
p 0 217 33031
x 0 33032
p 0 214 33032
x 0 33033
p 0 313 33033
x 0 33034
p 0 217 33034
x 0 33035
p 0 214 33035
x 0 33036
p 0 213 33036
x 0 33037
p 0 216 33037
x 0 33038
p 0 291 33038
x 0 33039
p 0 221 33039
x 0 33040
p 0 214 33040
x 0 33041
p 0 216 33041
x 0 33042
p 0 215 33042
x 0 33043
p 0 217 33043
x 0 33044
p 0 216 33044
x 0 33045
p 0 213 33045
x 0 33046
p 0 213 33046
x 0 33047
p 0 216 33047
x 0 33048
p 0 216 33048
x 0 33049
p 0 213 33049
x 0 33050
p 0 214 33050
x 0 33051
p 0 215 33051
x 0 33052
p 0 222 33052
x 0 33053
p 0 215 33053
x 0 33054
p 0 224 33054
x 0 33055
p 0 223 33055
x 0 33056
p 0 223 33056
x 0 33057
p 0 224 33057
x 0 33058
p 0 223 33058
x 0 33059
p 0 224 33059
x 0 33060
p 0 223 33060
x 0 33061
p 0 220 33061
x 0 33062
p 0 224 33062
x 0 33000
x 1 33001
h 1 10.0.0.3
p 1 962 33001
x 2 33002
h 2 10.0.0.3
p 2 243 33002
x 0 33003
h 0 10.0.0.3
p 0 226 33003
x 1 33004
p 1 215 33004
p 0 1018723 33000
x 0 33005
p 0 258 33005
x 0 33006
p 0 219 33006
x 0 33007
p 0 219 33007
x 0 33008
p 0 306 33008
x 0 33009
p 0 552 33009
x 0 33010
p 0 174 33010
x 0 33011
p 0 220 33011
x 0 33012
p 0 325 33012
x 0 33013
p 0 361 33013
x 0 33014
p 0 318 33014
x 0 33015
p 0 330 33015
x 0 33016
p 0 218 33016
x 0 33017
p 0 321 33017
x 0 33018
p 0 218 33018
x 0 33019
p 0 227 33019
x 0 33020
p 0 223 33020
x 0 33021
p 0 352 33021
x 0 33022
p 0 222 33022
x 0 33023
p 0 317 33023
x 0 33024
p 0 221 33024
x 0 33025
p 0 440 33025
x 0 33026
p 0 226 33026
x 0 33027
p 0 215 33027
x 0 33028
p 0 217 33028
x 0 33029
p 0 222 33029
x 0 33030
p 0 224 33030
x 0 33031
p 0 220 33031
x 0 33032
p 0 224 33032
x 0 33033
p 0 221 33033
x 0 33034
p 0 222 33034
x 0 33035
p 0 225 33035
x 0 33036
p 0 223 33036
x 0 33037
p 0 223 33037
x 0 33038
p 0 311 33038
x 0 33039
p 0 227 33039
x 0 33040
p 0 226 33040
x 0 33041
p 0 223 33041
x 0 33042
p 0 278 33042
x 0 33043
p 0 221 33043
x 0 33044
p 0 226 33044
x 0 33045
p 0 298 33045
x 0 33046
p 0 222 33046
x 0 33047
p 0 217 33047
x 0 33048
p 0 217 33048
x 0 33049
p 0 226 33049
x 0 33050
p 0 265 33050
x 0 33051
p 0 223 33051
x 0 33052
p 0 221 33052
x 0 33053
p 0 221 33053
x 0 33054
p 0 272 33054
x 0 33055
p 0 219 33055
x 0 33056
p 0 220 33056
x 0 33057
p 0 219 33057
x 0 33058
p 0 214 33058
x 0 33059
p 0 222 33059
x 0 33060
p 0 221 33060
x 0 33061
p 0 219 33061
x 0 33062
p 0 215 33062
x 0 33000
x 1 33001
h 1 10.0.0.3
p 1 943 33001
x 2 33002
h 2 10.0.0.3
p 2 221 33002
x 0 33003
h 0 10.0.0.3
p 0 217 33003
x 1 33004
p 1 214 33004
p 0 1023761 33000
x 0 33005
p 0 216 33005
x 0 33006
p 0 219 33006
x 0 33007
p 0 222 33007
x 0 33008
p 0 222 33008
x 0 33009
p 0 233 33009
x 0 33010
p 0 225 33010
x 0 33011
p 0 223 33011
x 0 33012
p 0 222 33012
x 0 33013
p 0 223 33013
x 0 33014
p 0 222 33014
x 0 33015
p 0 222 33015
x 0 33016
p 0 224 33016
x 0 33017
p 0 224 33017
x 0 33018
p 0 227 33018
x 0 33019
p 0 227 33019
x 0 33020
p 0 228 33020
x 0 33021
p 0 232 33021
x 0 33022
p 0 234 33022
x 0 33023
p 0 258 33023
x 0 33024
p 0 226 33024
x 0 33025
p 0 283 33025
x 0 33026
p 0 228 33026
x 0 33027
p 0 230 33027
x 0 33028
p 0 228 33028
x 0 33029
p 0 233 33029
x 0 33030
p 0 261 33030
x 0 33031
p 0 226 33031
x 0 33032
p 0 264 33032
x 0 33033
p 0 218 33033
x 0 33034
p 0 224 33034
x 0 33035
p 0 215 33035
x 0 33036
p 0 226 33036
x 0 33037
p 0 255 33037
x 0 33038
p 0 220 33038
x 0 33039
p 0 268 33039
x 0 33040
p 0 222 33040
x 0 33041
p 0 224 33041
x 0 33042
p 0 323 33042
x 0 33043
p 0 221 33043
x 0 33044
p 0 256 33044
x 0 33045
p 0 224 33045
x 0 33046
p 0 276 33046
x 0 33047
p 0 228 33047
x 0 33048
p 0 224 33048
x 0 33049
p 0 226 33049
x 0 33050
p 0 227 33050
x 0 33051
p 0 226 33051
x 0 33052
p 0 223 33052
x 0 33053
p 0 272 33053
x 0 33054
p 0 230 33054
x 0 33055
p 0 225 33055
x 0 33056
p 0 232 33056
x 0 33057
p 0 224 33057
x 0 33058
p 0 248 33058
x 0 33059
p 0 233 33059
x 0 33060
p 0 266 33060
x 0 33061
p 0 229 33061
x 0 33062
p 0 228 33062
x 0 33000
x 1 33001
h 1 10.0.0.3
p 1 648 33001
x 2 33002
h 2 10.0.0.3
p 2 214 33002
x 0 33003
h 0 10.0.0.3
p 0 219 33003
x 1 33004
p 1 210 33004
p 0 1029565 33000
x 0 33005
p 0 212 33005
x 0 33006
p 0 217 33006
x 0 33007
p 0 216 33007
x 0 33008
p 0 219 33008
x 0 33009
p 0 214 33009
x 0 33010
p 0 215 33010
x 0 33011
p 0 215 33011
x 0 33012
p 0 215 33012
x 0 33013
p 0 224 33013
x 0 33014
p 0 216 33014
x 0 33015
p 0 217 33015
x 0 33016
p 0 215 33016
x 0 33017
p 0 227 33017
x 0 33018
p 0 218 33018
x 0 33019
p 0 217 33019
x 0 33020
p 0 214 33020
x 0 33021
p 0 218 33021
x 0 33022
p 0 220 33022
x 0 33023
p 0 218 33023
x 0 33024
p 0 217 33024
x 0 33025
p 0 281 33025
x 0 33026
p 0 217 33026
x 0 33027
p 0 215 33027
x 0 33028
p 0 222 33028
x 0 33029
p 0 199 33029
x 0 33030
p 0 216 33030
x 0 33031
p 0 221 33031
x 0 33032
p 0 216 33032
x 0 33033
p 0 218 33033
x 0 33034
p 0 222 33034
x 0 33035
p 0 211 33035
x 0 33036
p 0 233 33036
x 0 33037
p 0 218 33037
x 0 33038
p 0 219 33038
x 0 33039
p 0 179 33039
x 0 33040
p 0 216 33040
x 0 33041
p 0 219 33041
x 0 33042
p 0 283 33042
x 0 33043
p 0 216 33043
x 0 33044
p 0 218 33044
x 0 33045
p 0 218 33045
x 0 33046
p 0 215 33046
x 0 33047
p 0 216 33047
x 0 33048
p 0 219 33048
x 0 33049
p 0 212 33049
x 0 33050
p 0 257 33050
x 0 33051
p 0 215 33051
x 0 33052
p 0 217 33052
x 0 33053
p 0 214 33053
x 0 33054
p 0 219 33054
x 0 33055
p 0 217 33055
x 0 33056
p 0 218 33056
x 0 33057
p 0 216 33057
x 0 33058
p 0 219 33058
x 0 33059
p 0 218 33059
x 0 33060
p 0 280 33060
x 0 33061
p 0 216 33061
x 0 33062
p 0 213 33062
x 0 33000
x 1 33001
h 1 10.0.0.3
p 1 783 33001
x 2 33002
h 2 10.0.0.3
p 2 201 33002
x 0 33003
h 0 10.0.0.3
p 0 218 33003
x 1 33004
p 1 170 33004
p 0 1027181 33000
x 0 33005
p 0 184 33005
x 0 33006
p 0 176 33006
x 0 33007
p 0 223 33007
x 0 33008
p 0 216 33008
x 0 33009
p 0 195 33009
x 0 33010
p 0 219 33010
x 0 33011
p 0 195 33011
x 0 33012
p 0 216 33012
x 0 33013
p 0 217 33013
x 0 33014
p 0 192 33014
x 0 33015
p 0 186 33015
x 0 33016
p 0 185 33016
x 0 33017
p 0 216 33017
x 0 33018
p 0 184 33018
x 0 33019
p 0 182 33019
x 0 33020
p 0 185 33020
x 0 33021
p 0 180 33021
x 0 33022
p 0 218 33022
x 0 33023
p 0 184 33023
x 0 33024
p 0 185 33024
x 0 33025
p 0 186 33025
x 0 33026
p 0 184 33026
x 0 33027
p 0 182 33027
x 0 33028
p 0 187 33028
x 0 33029
p 0 275 33029
x 0 33030
p 0 179 33030
x 0 33031
p 0 180 33031
x 0 33032
p 0 172 33032
x 0 33033
p 0 173 33033
x 0 33034
p 0 159 33034
x 0 33035
p 0 163 33035
x 0 33036
p 0 160 33036
x 0 33037
p 0 162 33037
x 0 33038
p 0 177 33038
x 0 33039
p 0 219 33039
x 0 33040
p 0 251 33040
x 0 33041
p 0 328 33041
x 0 33042
p 0 322 33042
x 0 33043
p 0 224 33043
x 0 33044
p 0 252 33044
x 0 33045
p 0 223 33045
x 0 33046
p 0 226 33046
x 0 33047
p 0 193 33047
x 0 33048
p 0 218 33048
x 0 33049
p 0 220 33049
x 0 33050
p 0 225 33050
x 0 33051
p 0 359 33051
x 0 33052
p 0 315 33052
x 0 33053
p 0 215 33053
x 0 33054
p 0 217 33054
x 0 33055
p 0 219 33055
x 0 33056
p 0 316 33056
x 0 33057
p 0 309 33057
x 0 33058
p 0 316 33058
x 0 33059
p 0 220 33059
x 0 33060
p 0 224 33060
x 0 33061
p 0 218 33061
x 0 33062
p 0 218 33062
x 0 33000
x 1 33001
h 1 10.0.0.3
p 1 754 33001
x 2 33002
h 2 10.0.0.3
p 2 247 33002
x 0 33003
h 0 10.0.0.3
p 0 227 33003
x 1 33004
p 1 226 33004
p 0 1026240 33000
x 0 33005
p 0 225 33005
x 0 33006
p 0 200 33006
x 0 33007
p 0 224 33007
x 0 33008
p 0 416 33008
x 0 33009
p 0 235 33009
x 0 33010
p 0 235 33010
x 0 33011
p 0 227 33011
x 0 33012
p 0 226 33012
x 0 33013
p 0 227 33013
x 0 33014
p 0 221 33014
x 0 33015
p 0 227 33015
x 0 33016
p 0 306 33016
x 0 33017
p 0 340 33017
x 0 33018
p 0 233 33018
x 0 33019
p 0 222 33019
x 0 33020
p 0 228 33020
x 0 33021
p 0 442 33021
x 0 33022
p 0 429 33022
x 0 33023
p 0 339 33023
x 0 33024
p 0 226 33024
x 0 33025
p 0 225 33025
x 0 33026
p 0 225 33026
x 0 33027
p 0 222 33027
x 0 33028
p 0 226 33028
x 0 33029
p 0 228 33029
x 0 33030
p 0 196 33030
x 0 33031
p 0 224 33031
x 0 33032
p 0 229 33032
x 0 33033
p 0 229 33033
x 0 33034
p 0 236 33034
x 0 33035
p 0 231 33035
x 0 33036
p 0 226 33036
x 0 33037
p 0 229 33037
x 0 33038
p 0 228 33038
x 0 33039
p 0 228 33039
x 0 33040
p 0 226 33040
x 0 33041
p 0 173 33041
x 0 33042
p 0 228 33042
x 0 33043
p 0 224 33043
x 0 33044
p 0 226 33044
x 0 33045
p 0 224 33045
x 0 33046
p 0 246 33046
x 0 33047
p 0 225 33047
x 0 33048
p 0 228 33048
x 0 33049
p 0 170 33049
x 0 33050
p 0 231 33050
x 0 33051
p 0 166 33051
x 0 33052
p 0 226 33052
x 0 33053
p 0 166 33053
x 0 33054
p 0 229 33054
x 0 33055
p 0 173 33055
x 0 33056
p 0 221 33056
x 0 33057
p 0 225 33057
x 0 33058
p 0 227 33058
x 0 33059
p 0 169 33059
x 0 33060
p 0 227 33060
x 0 33061
p 0 224 33061
x 0 33062
p 0 226 33062
x 0 33000
x 1 33001
h 1 10.0.0.3
p 1 847 33001
x 2 33002
h 2 10.0.0.3
p 2 213 33002
x 0 33003
h 0 10.0.0.3
p 0 252 33003
x 1 33004
p 1 214 33004
p 0 1016220 33000
x 0 33005
p 0 162 33005
x 0 33006
p 0 218 33006
x 0 33007
p 0 147 33007
x 0 33008
p 0 127 33008
x 0 33009
p 0 110 33009
x 0 33010
p 0 185 33010
x 0 33011
p 0 188 33011
x 0 33012
p 0 131 33012
x 0 33013
p 0 187 33013
x 0 33014
p 0 187 33014
x 0 33015
p 0 186 33015
x 0 33016
p 0 216 33016
x 0 33017
p 0 183 33017
x 0 33018
p 0 187 33018
x 0 33019
p 0 188 33019
x 0 33020
p 0 214 33020
x 0 33021
p 0 186 33021
x 0 33022
p 0 189 33022
x 0 33023
p 0 216 33023
x 0 33024
p 0 219 33024
x 0 33025
p 0 214 33025
x 0 33026
p 0 217 33026
x 0 33027
p 0 217 33027
x 0 33028
p 0 215 33028
x 0 33029
p 0 217 33029
x 0 33030
p 0 256 33030
x 0 33031
p 0 217 33031
x 0 33032
p 0 245 33032
x 0 33033
p 0 216 33033
x 0 33034
p 0 217 33034
x 0 33035
p 0 215 33035
x 0 33036
p 0 212 33036
x 0 33037
p 0 188 33037
x 0 33038
p 0 213 33038
x 0 33039
p 0 213 33039
x 0 33040
p 0 215 33040
x 0 33041
p 0 244 33041
x 0 33042
p 0 222 33042
x 0 33043
p 0 215 33043
x 0 33044
p 0 218 33044
x 0 33045
p 0 256 33045
x 0 33046
p 0 361 33046
x 0 33047
p 0 215 33047
x 0 33048
p 0 190 33048
x 0 33049
p 0 235 33049
x 0 33050
p 0 327 33050
x 0 33051
p 0 220 33051
x 0 33052
p 0 224 33052
x 0 33053
p 0 223 33053
x 0 33054
p 0 209 33054
x 0 33055
p 0 218 33055
x 0 33056
p 0 216 33056
x 0 33057
p 0 222 33057
x 0 33058
p 0 446 33058
x 0 33059
p 0 644 33059
x 0 33060
p 0 217 33060
x 0 33061
p 0 215 33061
x 0 33062
p 0 319 33062
x 0 33000
x 1 33001
h 1 10.0.0.3
p 1 636 33001
x 2 33002
h 2 10.0.0.3
p 2 257 33002
x 0 33003
h 0 10.0.0.3
p 0 332 33003
x 1 33004
p 1 211 33004
p 0 1000941 33000
x 0 33005
p 0 252 33005
x 0 33006
p 0 217 33006
x 0 33007
p 0 221 33007
x 0 33008
p 0 216 33008
x 0 33009
p 0 179 33009
x 0 33010
p 0 221 33010
x 0 33011
p 0 217 33011
x 0 33012
p 0 221 33012
x 0 33013
p 0 217 33013
x 0 33014
p 0 216 33014
x 0 33015
p 0 217 33015
x 0 33016
p 0 215 33016
x 0 33017
p 0 227 33017
x 0 33018
p 0 218 33018
x 0 33019
p 0 217 33019
x 0 33020
p 0 218 33020
x 0 33021
p 0 217 33021
x 0 33022
p 0 216 33022
x 0 33023
p 0 218 33023
x 0 33024
p 0 221 33024
x 0 33025
p 0 217 33025
x 0 33026
p 0 200 33026
x 0 33027
p 0 214 33027
x 0 33028
p 0 220 33028
x 0 33029
p 0 220 33029
x 0 33030
p 0 218 33030
x 0 33031
p 0 217 33031
x 0 33032
p 0 218 33032
x 0 33033
p 0 260 33033
x 0 33034
p 0 218 33034
x 0 33035
p 0 220 33035
x 0 33036
p 0 200 33036
x 0 33037
p 0 132 33037
x 0 33038
p 0 219 33038
x 0 33039
p 0 220 33039
x 0 33040
p 0 218 33040
x 0 33041
p 0 219 33041
x 0 33042
p 0 105 33042
x 0 33043
p 0 215 33043
x 0 33044
p 0 216 33044
x 0 33045
p 0 121 33045
x 0 33046
p 0 157 33046
x 0 33047
p 0 216 33047
x 0 33048
p 0 216 33048
x 0 33049
p 0 293 33049
x 0 33050
p 0 224 33050
x 0 33051
p 0 152 33051
x 0 33052
p 0 195 33052
x 0 33053
p 0 213 33053
x 0 33054
p 0 199 33054
x 0 33055
p 0 194 33055
x 0 33056
p 0 135 33056
x 0 33057
p 0 213 33057
x 0 33058
p 0 198 33058
x 0 33059
p 0 141 33059
x 0 33060
p 0 218 33060
x 0 33061
p 0 145 33061
x 0 33062
p 0 218 33062
x 0 33000
x 1 33001
h 1 10.0.0.3
p 1 719 33001
x 2 33002
h 2 10.0.0.3
p 2 183 33002
x 0 33003
h 0 10.0.0.3
p 0 307 33003
x 1 33004
p 1 223 33004
p 0 1032387 33000
x 0 33005
p 0 337 33005
x 0 33006
p 0 221 33006
x 0 33007
p 0 261 33007
x 0 33008
p 0 191 33008
x 0 33009
p 0 218 33009
x 0 33010
p 0 216 33010
x 0 33011
p 0 285 33011
x 0 33012
p 0 215 33012
x 0 33013
p 0 285 33013
x 0 33014
p 0 280 33014
x 0 33015
p 0 340 33015
x 0 33016
p 0 297 33016
x 0 33017
p 0 187 33017
x 0 33018
p 0 218 33018
x 0 33019
p 0 252 33019
x 0 33020
p 0 307 33020
x 0 33021
p 0 212 33021
x 0 33022
p 0 217 33022
x 0 33023
p 0 246 33023
x 0 33024
p 0 214 33024
x 0 33025
p 0 262 33025
x 0 33026
p 0 216 33026
x 0 33027
p 0 301 33027
x 0 33028
p 0 219 33028
x 0 33029
p 0 213 33029
x 0 33030
p 0 261 33030
x 0 33031
p 0 242 33031
x 0 33032
p 0 217 33032
x 0 33033
p 0 190 33033
x 0 33034
p 0 238 33034
x 0 33035
p 0 188 33035
x 0 33036
p 0 246 33036
x 0 33037
p 0 213 33037
x 0 33038
p 0 221 33038
x 0 33039
p 0 219 33039
x 0 33040
p 0 222 33040
x 0 33041
p 0 218 33041
x 0 33042
p 0 222 33042
x 0 33043
p 0 210 33043
x 0 33044
p 0 215 33044
x 0 33045
p 0 188 33045
x 0 33046
p 0 187 33046
x 0 33047
p 0 188 33047
x 0 33048
p 0 245 33048
x 0 33049
p 0 186 33049
x 0 33050
p 0 190 33050
x 0 33051
p 0 90 33051
x 0 33052
p 0 230 33052
x 0 33053
p 0 361 33053
x 0 33054
p 0 214 33054
x 0 33055
p 0 217 33055
x 0 33056
p 0 213 33056
x 0 33057
p 0 212 33057
x 0 33058
p 0 246 33058
x 0 33059
p 0 212 33059
x 0 33060
p 0 213 33060
x 0 33061
p 0 213 33061
x 0 33062
p 0 379 33062
x 0 33000
x 1 33001
h 1 10.0.0.3
p 1 687 33001
x 2 33002
h 2 10.0.0.3
p 2 158 33002
x 0 33003
h 0 10.0.0.3
p 0 131 33003
x 1 33004
p 1 166 33004
p 0 1006526 33000
x 0 33005
p 0 214 33005
x 0 33006
p 0 214 33006
x 0 33007
p 0 164 33007
x 0 33008
p 0 214 33008
x 0 33009
p 0 217 33009
x 0 33010
p 0 186 33010
x 0 33011
p 0 215 33011
x 0 33012
p 0 216 33012
x 0 33013
p 0 219 33013
x 0 33014
p 0 215 33014
x 0 33015
p 0 213 33015
x 0 33016
p 0 178 33016
x 0 33017
p 0 214 33017
x 0 33018
p 0 217 33018
x 0 33019
p 0 213 33019
x 0 33020
p 0 213 33020
x 0 33021
p 0 213 33021
x 0 33022
p 0 212 33022
x 0 33023
p 0 210 33023
x 0 33024
p 0 211 33024
x 0 33025
p 0 211 33025
x 0 33026
p 0 211 33026
x 0 33027
p 0 211 33027
x 0 33028
p 0 212 33028
x 0 33029
p 0 216 33029
x 0 33030
p 0 216 33030
x 0 33031
p 0 213 33031
x 0 33032
p 0 213 33032
x 0 33033
p 0 214 33033
x 0 33034
p 0 213 33034
x 0 33035
p 0 212 33035
x 0 33036
p 0 214 33036
x 0 33037
p 0 216 33037
x 0 33038
p 0 213 33038
x 0 33039
p 0 213 33039
x 0 33040
p 0 214 33040
x 0 33041
p 0 214 33041
x 0 33042
p 0 217 33042
x 0 33043
p 0 187 33043
x 0 33044
p 0 184 33044
x 0 33045
p 0 182 33045
x 0 33046
p 0 218 33046
x 0 33047
p 0 183 33047
x 0 33048
p 0 185 33048
x 0 33049
p 0 307 33049
x 0 33050
p 0 188 33050
x 0 33051
p 0 177 33051
x 0 33052
p 0 175 33052
x 0 33053
p 0 176 33053
x 0 33054
p 0 218 33054
x 0 33055
p 0 179 33055
x 0 33056
p 0 217 33056
x 0 33057
p 0 176 33057
x 0 33058
p 0 213 33058
x 0 33059
p 0 177 33059
x 0 33060
p 0 163 33060
x 0 33061
p 0 174 33061
x 0 33062
p 0 214 33062
x 0 33000
x 1 33001
h 1 10.0.0.3
p 1 880 33001
x 2 33002
h 2 10.0.0.3
p 2 217 33002
x 0 33003
h 0 10.0.0.3
p 0 146 33003
x 1 33004
p 1 309 33004
p 0 1024124 33000
x 0 33005
p 0 222 33005
x 0 33006
p 0 187 33006
x 0 33007
p 0 220 33007
x 0 33008
p 0 222 33008
x 0 33009
p 0 189 33009
x 0 33010
p 0 187 33010
x 0 33011
p 0 189 33011
x 0 33012
p 0 180 33012
x 0 33013
p 0 181 33013
x 0 33014
p 0 177 33014
x 0 33015
p 0 178 33015
x 0 33016
p 0 175 33016
x 0 33017
p 0 186 33017
x 0 33018
p 0 180 33018
x 0 33019
p 0 175 33019
x 0 33020
p 0 170 33020
x 0 33021
p 0 159 33021
x 0 33022
p 0 157 33022
x 0 33023
p 0 311 33023
x 0 33024
p 0 223 33024
x 0 33025
p 0 217 33025
x 0 33026
p 0 219 33026
x 0 33027
p 0 233 33027
x 0 33028
p 0 220 33028
x 0 33029
p 0 224 33029
x 0 33030
p 0 254 33030
x 0 33031
p 0 220 33031
x 0 33032
p 0 219 33032
x 0 33033
p 0 224 33033
x 0 33034
p 0 309 33034
x 0 33035
p 0 222 33035
x 0 33036
p 0 219 33036
x 0 33037
p 0 221 33037
x 0 33038
p 0 222 33038
x 0 33039
p 0 225 33039
x 0 33040
p 0 217 33040
x 0 33041
p 0 220 33041
x 0 33042
p 0 224 33042
x 0 33043
p 0 222 33043
x 0 33044
p 0 220 33044
x 0 33045
p 0 240 33045
x 0 33046
p 0 223 33046
x 0 33047
p 0 221 33047
x 0 33048
p 0 220 33048
x 0 33049
p 0 220 33049
x 0 33050
p 0 226 33050
x 0 33051
p 0 220 33051
x 0 33052
p 0 219 33052
x 0 33053
p 0 220 33053
x 0 33054
p 0 218 33054
x 0 33055
p 0 218 33055
x 0 33056
p 0 215 33056
x 0 33057
p 0 218 33057
x 0 33058
p 0 218 33058
x 0 33059
p 0 221 33059
x 0 33060
p 0 216 33060
x 0 33061
p 0 220 33061
x 0 33062
p 0 217 33062
x 0 33000
x 1 33001
h 1 10.0.0.3
p 1 714 33001
x 2 33002
h 2 10.0.0.3
p 2 282 33002
x 0 33003
h 0 10.0.0.3
p 0 282 33003
x 1 33004
p 1 318 33004
p 0 1028767 33000
x 0 33005
p 0 240 33005
x 0 33006
p 0 275 33006
x 0 33007
p 0 217 33007
x 0 33008
p 0 244 33008
x 0 33009
p 0 194 33009
x 0 33010
p 0 188 33010
x 0 33011
p 0 182 33011
x 0 33012
p 0 215 33012
x 0 33013
p 0 219 33013
x 0 33014
p 0 210 33014
x 0 33015
p 0 185 33015
x 0 33016
p 0 184 33016
x 0 33017
p 0 187 33017
x 0 33018
p 0 188 33018
x 0 33019
p 0 184 33019
x 0 33020
p 0 188 33020
x 0 33021
p 0 182 33021
x 0 33022
p 0 188 33022
x 0 33023
p 0 181 33023
x 0 33024
p 0 189 33024
x 0 33025
p 0 222 33025
x 0 33026
p 0 219 33026
x 0 33027
p 0 253 33027
x 0 33028
p 0 215 33028
x 0 33029
p 0 218 33029
x 0 33030
p 0 216 33030
x 0 33031
p 0 247 33031
x 0 33032
p 0 321 33032
x 0 33033
p 0 340 33033
x 0 33034
p 0 220 33034
x 0 33035
p 0 244 33035
x 0 33036
p 0 134 33036
x 0 33037
p 0 218 33037
x 0 33038
p 0 218 33038
x 0 33039
p 0 253 33039
x 0 33040
p 0 217 33040
x 0 33041
p 0 217 33041
x 0 33042
p 0 218 33042
x 0 33043
p 0 245 33043
x 0 33044
p 0 214 33044
x 0 33045
p 0 219 33045
x 0 33046
p 0 216 33046
x 0 33047
p 0 250 33047
x 0 33048
p 0 233 33048
x 0 33049
p 0 193 33049
x 0 33050
p 0 191 33050
x 0 33051
p 0 216 33051
x 0 33052
p 0 240 33052
x 0 33053
p 0 152 33053
x 0 33054
p 0 216 33054
x 0 33055
p 0 238 33055
x 0 33056
p 0 247 33056
x 0 33057
p 0 219 33057
x 0 33058
p 0 194 33058
x 0 33059
p 0 259 33059
x 0 33060
p 0 249 33060
x 0 33061
p 0 221 33061
x 0 33062
p 0 223 33062
x 0 33000
x 1 33001
h 1 10.0.0.3
p 1 649 33001
x 2 33002
h 2 10.0.0.3
p 2 179 33002
x 0 33003
h 0 10.0.0.3
p 0 250 33003
x 1 33004
p 1 216 33004
p 0 1005662 33000
x 0 33005
p 0 208 33005
x 0 33006
p 0 225 33006
x 0 33007
p 0 244 33007
x 0 33008
p 0 241 33008
x 0 33009
p 0 239 33009
x 0 33010
p 0 245 33010
x 0 33011
p 0 238 33011
x 0 33012
p 0 340 33012
x 0 33013
p 0 803 33013
x 0 33014
p 0 218 33014
x 0 33015
p 0 189 33015
x 0 33016
p 0 236 33016
x 0 33017
p 0 193 33017
x 0 33018
p 0 234 33018
x 0 33019
p 0 230 33019
x 0 33020
p 0 231 33020
x 0 33021
p 0 345 33021
x 0 33022
p 0 284 33022
x 0 33023
p 0 233 33023
x 0 33024
p 0 332 33024
x 0 33025
p 0 233 33025
x 0 33026
p 0 190 33026
x 0 33027
p 0 188 33027
x 0 33028
p 0 195 33028
x 0 33029
p 0 453 33029
x 0 33030
p 0 274 33030
x 0 33031
p 0 250 33031
x 0 33032
p 0 233 33032
x 0 33033
p 0 225 33033
x 0 33034
p 0 224 33034
x 0 33035
p 0 233 33035
x 0 33036
p 0 219 33036
x 0 33037
p 0 206 33037
x 0 33038
p 0 192 33038
x 0 33039
p 0 197 33039
x 0 33040
p 0 189 33040
x 0 33041
p 0 198 33041
x 0 33042
p 0 13218 33042
x 0 33043
p 0 195 33043
x 0 33044
p 0 198 33044
x 0 33045
p 0 192 33045
x 0 33046
p 0 193 33046
x 0 33047
p 0 228 33047
x 0 33048
p 0 183 33048
x 0 33049
p 0 183 33049
x 0 33050
p 0 185 33050
x 0 33051
p 0 186 33051
x 0 33052
p 0 184 33052
x 0 33053
p 0 224 33053
x 0 33054
p 0 196 33054
x 0 33055
p 0 228 33055
x 0 33056
p 0 195 33056
x 0 33057
p 0 212 33057
x 0 33058
p 0 246 33058
x 0 33059
p 0 271 33059
x 0 33060
p 0 252 33060
x 0 33061
p 0 255 33061
x 0 33062
p 0 278 33062
x 0 33000
x 1 33001
h 1 10.0.0.3
p 1 562 33001
x 2 33002
h 2 10.0.0.3
p 2 244 33002
x 0 33003
h 0 10.0.0.3
p 0 209 33003
x 1 33004
p 1 212 33004
p 0 1025912 33000
x 0 33005
p 0 242 33005
x 0 33006
p 0 245 33006
x 0 33007
p 0 410 33007
x 0 33008
p 0 221 33008
x 0 33009
p 0 284 33009
x 0 33010
p 0 176 33010
x 0 33011
p 0 231 33011
x 0 33012
p 0 186 33012
x 0 33013
p 0 187 33013
x 0 33014
p 0 165 33014
x 0 33015
p 0 160 33015
x 0 33016
p 0 165 33016
x 0 33017
p 0 174 33017
x 0 33018
p 0 186 33018
x 0 33019
p 0 181 33019
x 0 33020
p 0 184 33020
x 0 33021
p 0 182 33021
x 0 33022
p 0 166 33022
x 0 33023
p 0 183 33023
x 0 33024
p 0 115 33024
x 0 33025
p 0 161 33025
x 0 33026
p 0 174 33026
x 0 33027
p 0 152 33027
x 0 33028
p 0 169 33028
x 0 33029
p 0 248 33029
x 0 33030
p 0 210 33030
x 0 33031
p 0 212 33031
x 0 33032
p 0 216 33032
x 0 33033
p 0 216 33033
x 0 33034
p 0 217 33034
x 0 33035
p 0 238 33035
x 0 33036
p 0 217 33036
x 0 33037
p 0 217 33037
x 0 33038
p 0 215 33038
x 0 33039
p 0 215 33039
x 0 33040
p 0 208 33040
x 0 33041
p 0 216 33041
x 0 33042
p 0 219 33042
x 0 33043
p 0 218 33043
x 0 33044
p 0 216 33044
x 0 33045
p 0 211 33045
x 0 33046
p 0 218 33046
x 0 33047
p 0 300 33047
x 0 33048
p 0 217 33048
x 0 33049
p 0 214 33049
x 0 33050
p 0 217 33050
x 0 33051
p 0 217 33051
x 0 33052
p 0 271 33052
x 0 33053
p 0 214 33053
x 0 33054
p 0 234 33054
x 0 33055
p 0 215 33055
x 0 33056
p 0 217 33056
x 0 33057
p 0 217 33057
x 0 33058
p 0 218 33058
x 0 33059
p 0 222 33059
x 0 33060
p 0 324 33060
x 0 33061
p 0 312 33061
x 0 33062
p 0 317 33062
x 0 33000
x 1 33001
h 1 10.0.0.3
p 1 608 33001
x 2 33002
h 2 10.0.0.3
p 2 231 33002
x 0 33003
h 0 10.0.0.3
p 0 221 33003
x 1 33004
p 1 216 33004
p 0 1025694 33000
x 0 33005
p 0 215 33005
x 0 33006
p 0 217 33006
x 0 33007
p 0 258 33007
x 0 33008
p 0 303 33008
x 0 33009
p 0 295 33009
x 0 33010
p 0 298 33010
x 0 33011
p 0 213 33011
x 0 33012
p 0 287 33012
x 0 33013
p 0 321 33013
x 0 33014
p 0 228 33014
x 0 33015
p 0 210 33015
x 0 33016
p 0 221 33016
x 0 33017
p 0 229 33017
x 0 33018
p 0 213 33018
x 0 33019
p 0 212 33019
x 0 33020
p 0 216 33020
x 0 33021
p 0 218 33021
x 0 33022
p 0 409 33022
x 0 33023
p 0 212 33023
x 0 33024
p 0 200 33024
x 0 33025
p 0 214 33025
x 0 33026
p 0 220 33026
x 0 33027
p 0 217 33027
x 0 33028
p 0 216 33028
x 0 33029
p 0 216 33029
x 0 33030
p 0 218 33030
x 0 33031
p 0 227 33031
x 0 33032
p 0 214 33032
x 0 33033
p 0 211 33033
x 0 33034
p 0 435 33034
x 0 33035
p 0 416 33035
x 0 33036
p 0 374 33036
x 0 33037
p 0 373 33037
x 0 33038
p 0 428 33038
x 0 33039
p 0 427 33039
x 0 33040
p 0 373 33040
x 0 33041
p 0 386 33041
x 0 33042
p 0 418 33042
x 0 33043
p 0 420 33043
x 0 33044
p 0 348 33044
x 0 33045
p 0 385 33045
x 0 33046
p 0 331 33046
x 0 33047
p 0 413 33047
x 0 33048
p 0 374 33048
x 0 33049
p 0 379 33049
x 0 33050
p 0 457 33050
x 0 33051
p 0 393 33051
x 0 33052
p 0 319 33052
x 0 33053
p 0 312 33053
x 0 33054
p 0 218 33054
x 0 33055
p 0 349 33055
x 0 33056
p 0 314 33056
x 0 33057
p 0 318 33057
x 0 33058
p 0 352 33058
x 0 33059
p 0 217 33059
x 0 33060
p 0 215 33060
x 0 33061
p 0 331 33061
x 0 33062
p 0 219 33062
x 0 33000
x 1 33001
h 1 10.0.0.3
p 1 710 33001
x 2 33002
h 2 10.0.0.3
p 2 179 33002
x 0 33003
h 0 10.0.0.3
p 0 121 33003
x 1 33004
p 1 169 33004
p 0 1017357 33000
x 0 33005
p 0 171 33005
x 0 33006
p 0 247 33006
x 0 33007
p 0 237 33007
x 0 33008
p 0 222 33008
x 0 33009
p 0 229 33009
x 0 33010
p 0 399 33010
x 0 33011
p 0 412 33011
x 0 33012
p 0 386 33012
x 0 33013
p 0 380 33013
x 0 33014
p 0 411 33014
x 0 33015
p 0 116 33015
x 0 33016
p 0 219 33016
x 0 33017
p 0 264 33017
x 0 33018
p 0 198 33018
x 0 33019
p 0 473 33019
x 0 33020
p 0 317 33020
x 0 33021
p 0 217 33021
x 0 33022
p 0 277 33022
x 0 33023
p 0 256 33023
x 0 33024
p 0 218 33024
x 0 33025
p 0 221 33025
x 0 33026
p 0 221 33026
x 0 33027
p 0 139 33027
x 0 33028
p 0 212 33028
x 0 33029
p 0 219 33029
x 0 33030
p 0 218 33030
x 0 33031
p 0 405 33031
x 0 33032
p 0 401 33032
x 0 33033
p 0 219 33033
x 0 33034
p 0 220 33034
x 0 33035
p 0 346 33035
x 0 33036
p 0 223 33036
x 0 33037
p 0 224 33037
x 0 33038
p 0 285 33038
x 0 33039
p 0 345 33039
x 0 33040
p 0 222 33040
x 0 33041
p 0 224 33041
x 0 33042
p 0 910 33042
x 0 33043
p 0 255 33043
x 0 33044
p 0 218 33044
x 0 33045
p 0 219 33045
x 0 33046
p 0 224 33046
x 0 33047
p 0 392 33047
x 0 33048
p 0 290 33048
x 0 33049
p 0 317 33049
x 0 33050
p 0 350 33050
x 0 33051
p 0 373 33051
x 0 33052
p 0 228 33052
x 0 33053
p 0 220 33053
x 0 33054
p 0 287 33054
x 0 33055
p 0 185 33055
x 0 33056
p 0 198 33056
x 0 33057
p 0 192 33057
x 0 33058
p 0 193 33058
x 0 33059
p 0 228 33059
x 0 33060
p 0 183 33060
x 0 33061
p 0 180 33061
x 0 33062
p 0 230 33062
x 0 33000
x 1 33001
h 1 10.0.0.3
p 1 693 33001
x 2 33002
h 2 10.0.0.3
p 2 179 33002
x 0 33003
h 0 10.0.0.3
p 0 145 33003
x 1 33004
p 1 182 33004
p 0 1018709 33000
x 0 33005
p 0 209 33005
x 0 33006
p 0 261 33006
x 0 33007
p 0 239 33007
x 0 33008
p 0 237 33008
x 0 33009
p 0 242 33009
x 0 33010
p 0 244 33010
x 0 33011
p 0 231 33011
x 0 33012
p 0 227 33012
x 0 33013
p 0 239 33013
x 0 33014
p 0 233 33014
x 0 33015
p 0 235 33015
x 0 33016
p 0 231 33016
x 0 33017
p 0 279 33017
x 0 33018
p 0 232 33018
x 0 33019
p 0 240 33019
x 0 33020
p 0 230 33020
x 0 33021
p 0 238 33021
x 0 33022
p 0 237 33022
x 0 33023
p 0 236 33023
x 0 33024
p 0 231 33024
x 0 33025
p 0 239 33025
x 0 33026
p 0 233 33026
x 0 33027
p 0 232 33027
x 0 33028
p 0 231 33028
x 0 33029
p 0 236 33029
x 0 33030
p 0 244 33030
x 0 33031
p 0 240 33031
x 0 33032
p 0 234 33032
x 0 33033
p 0 239 33033
x 0 33034
p 0 234 33034
x 0 33035
p 0 236 33035
x 0 33036
p 0 233 33036
x 0 33037
p 0 231 33037
x 0 33038
p 0 243 33038
x 0 33039
p 0 243 33039
x 0 33040
p 0 249 33040
x 0 33041
p 0 292 33041
x 0 33042
p 0 242 33042
x 0 33043
p 0 249 33043
x 0 33044
p 0 249 33044
x 0 33045
p 0 363 33045
x 0 33046
p 0 282 33046
x 0 33047
p 0 248 33047
x 0 33048
p 0 242 33048
x 0 33049
p 0 282 33049
x 0 33050
p 0 144 33050
x 0 33051
p 0 237 33051
x 0 33052
p 0 239 33052
x 0 33053
p 0 281 33053
x 0 33054
p 0 236 33054
x 0 33055
p 0 240 33055
x 0 33056
p 0 235 33056
x 0 33057
p 0 328 33057
x 0 33058
p 0 240 33058
x 0 33059
p 0 241 33059
x 0 33060
p 0 239 33060
x 0 33061
p 0 243 33061
x 0 33062
p 0 237 33062
x 0 33000
x 1 33001
h 1 10.0.0.3
p 1 688 33001
x 2 33002
h 2 10.0.0.3
p 2 173 33002
x 0 33003
h 0 10.0.0.3
p 0 156 33003
x 1 33004
p 1 211 33004
p 0 1004016 33000
x 0 33005
p 0 191 33005
x 0 33006
p 0 217 33006
x 0 33007
p 0 174 33007
x 0 33008
p 0 222 33008
x 0 33009
p 0 213 33009
x 0 33010
p 0 215 33010
x 0 33011
p 0 257 33011
x 0 33012
p 0 248 33012
x 0 33013
p 0 257 33013
x 0 33014
p 0 216 33014
x 0 33015
p 0 215 33015
x 0 33016
p 0 219 33016
x 0 33017
p 0 251 33017
x 0 33018
p 0 188 33018
x 0 33019
p 0 219 33019
x 0 33020
p 0 217 33020
x 0 33021
p 0 255 33021
x 0 33022
p 0 217 33022
x 0 33023
p 0 216 33023
x 0 33024
p 0 217 33024
x 0 33025
p 0 244 33025
x 0 33026
p 0 218 33026
x 0 33027
p 0 217 33027
x 0 33028
p 0 178 33028
x 0 33029
p 0 215 33029
x 0 33030
p 0 221 33030
x 0 33031
p 0 216 33031
x 0 33032
p 0 219 33032
x 0 33033
p 0 110 33033
x 0 33034
p 0 216 33034
x 0 33035
p 0 219 33035
x 0 33036
p 0 217 33036
x 0 33037
p 0 419 33037
x 0 33038
p 0 395 33038
x 0 33039
p 0 378 33039
x 0 33040
p 0 430 33040
x 0 33041
p 0 399 33041
x 0 33042
p 0 407 33042
x 0 33043
p 0 390 33043
x 0 33044
p 0 191 33044
x 0 33045
p 0 218 33045
x 0 33046
p 0 218 33046
x 0 33047
p 0 220 33047
x 0 33048
p 0 192 33048
x 0 33049
p 0 223 33049
x 0 33050
p 0 223 33050
x 0 33051
p 0 218 33051
x 0 33052
p 0 221 33052
x 0 33053
p 0 321 33053
x 0 33054
p 0 216 33054
x 0 33055
p 0 221 33055
x 0 33056
p 0 220 33056
x 0 33057
p 0 267 33057
x 0 33058
p 0 292 33058
x 0 33059
p 0 393 33059
x 0 33060
p 0 387 33060
x 0 33061
p 0 435 33061
x 0 33062
p 0 387 33062
x 0 33000
x 1 33001
h 1 10.0.0.3
p 1 805 33001
x 2 33002
h 2 10.0.0.3
p 2 230 33002
x 0 33003
h 0 10.0.0.3
p 0 211 33003
x 1 33004
p 1 223 33004
p 0 1014267 33000
x 0 33005
p 0 229 33005
x 0 33006
p 0 245 33006
x 0 33007
p 0 241 33007
x 0 33008
p 0 221 33008
x 0 33009
p 0 226 33009
x 0 33010
p 0 118 33010
x 0 33011
p 0 203 33011
x 0 33012
p 0 226 33012
x 0 33013
p 0 247 33013
x 0 33014
p 0 227 33014
x 0 33015
p 0 193 33015
x 0 33016
p 0 123 33016
x 0 33017
p 0 221 33017
x 0 33018
p 0 248 33018
x 0 33019
p 0 216 33019
x 0 33020
p 0 176 33020
x 0 33021
p 0 196 33021
x 0 33022
p 0 213 33022
x 0 33023
p 0 210 33023
x 0 33024
p 0 201 33024
x 0 33025
p 0 213 33025
x 0 33026
p 0 155 33026
x 0 33027
p 0 223 33027
x 0 33028
p 0 216 33028
x 0 33029
p 0 113 33029
x 0 33030
p 0 186 33030
x 0 33031
p 0 223 33031
x 0 33032
p 0 213 33032
x 0 33033
p 0 202 33033
x 0 33034
p 0 221 33034
x 0 33035
p 0 218 33035
x 0 33036
p 0 169 33036
x 0 33037
p 0 214 33037
x 0 33038
p 0 216 33038
x 0 33039
p 0 223 33039
x 0 33040
p 0 113 33040
x 0 33041
p 0 220 33041
x 0 33042
p 0 217 33042
x 0 33043
p 0 219 33043
x 0 33044
p 0 336 33044
x 0 33045
p 0 222 33045
x 0 33046
p 0 222 33046
x 0 33047
p 0 219 33047
x 0 33048
p 0 219 33048
x 0 33049
p 0 222 33049
x 0 33050
p 0 222 33050
x 0 33051
p 0 217 33051
x 0 33052
p 0 219 33052
x 0 33053
p 0 217 33053
x 0 33054
p 0 220 33054
x 0 33055
p 0 218 33055
x 0 33056
p 0 320 33056
x 0 33057
p 0 223 33057
x 0 33058
p 0 697 33058
x 0 33059
p 0 192 33059
x 0 33060
p 0 216 33060
x 0 33061
p 0 172 33061
x 0 33062
p 0 216 33062
x 0 33000
x 1 33001
h 1 10.0.0.3
p 1 819 33001
x 2 33002
h 2 10.0.0.3
p 2 250 33002
x 0 33003
h 0 10.0.0.3
p 0 220 33003
x 1 33004
p 1 213 33004
p 0 1006692 33000
x 0 33005
p 0 215 33005
x 0 33006
p 0 218 33006
x 0 33007
p 0 236 33007
x 0 33008
p 0 233 33008
x 0 33009
p 0 236 33009
x 0 33010
p 0 231 33010
x 0 33011
p 0 234 33011
x 0 33012
p 0 236 33012
x 0 33013
p 0 237 33013
x 0 33014
p 0 237 33014
x 0 33015
p 0 234 33015
x 0 33016
p 0 231 33016
x 0 33017
p 0 231 33017
x 0 33018
p 0 233 33018
x 0 33019
p 0 232 33019
x 0 33020
p 0 228 33020
x 0 33021
p 0 232 33021
x 0 33022
p 0 299 33022
x 0 33023
p 0 233 33023
x 0 33024
p 0 230 33024
x 0 33025
p 0 229 33025
x 0 33026
p 0 229 33026
x 0 33027
p 0 265 33027
x 0 33028
p 0 226 33028
x 0 33029
p 0 236 33029
x 0 33030
p 0 227 33030
x 0 33031
p 0 230 33031
x 0 33032
p 0 228 33032
x 0 33033
p 0 234 33033
x 0 33034
p 0 283 33034
x 0 33035
p 0 227 33035
x 0 33036
p 0 232 33036
x 0 33037
p 0 228 33037
x 0 33038
p 0 231 33038
x 0 33039
p 0 226 33039
x 0 33040
p 0 229 33040
x 0 33041
p 0 230 33041
x 0 33042
p 0 229 33042
x 0 33043
p 0 233 33043
x 0 33044
p 0 233 33044
x 0 33045
p 0 240 33045
x 0 33046
p 0 215 33046
x 0 33047
p 0 235 33047
x 0 33048
p 0 235 33048
x 0 33049
p 0 235 33049
x 0 33050
p 0 226 33050
x 0 33051
p 0 235 33051
x 0 33052
p 0 327 33052
x 0 33053
p 0 241 33053
x 0 33054
p 0 250 33054
x 0 33055
p 0 248 33055
x 0 33056
p 0 236 33056
x 0 33057
p 0 245 33057
x 0 33058
p 0 241 33058
x 0 33059
p 0 242 33059
x 0 33060
p 0 243 33060
x 0 33061
p 0 280 33061
x 0 33062
p 0 238 33062
x 0 33000
x 1 33001
h 1 10.0.0.3
p 1 842 33001
x 2 33002
h 2 10.0.0.3
p 2 216 33002
x 0 33003
h 0 10.0.0.3
p 0 161 33003
x 1 33004
p 1 212 33004
p 0 1006204 33000
x 0 33005
p 0 244 33005
x 0 33006
p 0 233 33006
x 0 33007
p 0 215 33007
x 0 33008
p 0 273 33008
x 0 33009
p 0 236 33009
x 0 33010
p 0 283 33010
x 0 33011
p 0 235 33011
x 0 33012
p 0 221 33012
x 0 33013
p 0 225 33013
x 0 33014
p 0 225 33014
x 0 33015
p 0 322 33015
x 0 33016
p 0 333 33016
x 0 33017
p 0 340 33017
x 0 33018
p 0 221 33018
x 0 33019
p 0 219 33019
x 0 33020
p 0 363 33020
x 0 33021
p 0 222 33021
x 0 33022
p 0 223 33022
x 0 33023
p 0 220 33023
x 0 33024
p 0 264 33024
x 0 33025
p 0 224 33025
x 0 33026
p 0 224 33026
x 0 33027
p 0 242 33027
x 0 33028
p 0 218 33028
x 0 33029
p 0 223 33029
x 0 33030
p 0 220 33030
x 0 33031
p 0 265 33031
x 0 33032
p 0 277 33032
x 0 33033
p 0 227 33033
x 0 33034
p 0 257 33034
x 0 33035
p 0 225 33035
x 0 33036
p 0 225 33036
x 0 33037
p 0 218 33037
x 0 33038
p 0 261 33038
x 0 33039
p 0 230 33039
x 0 33040
p 0 230 33040
x 0 33041
p 0 263 33041
x 0 33042
p 0 224 33042
x 0 33043
p 0 226 33043
x 0 33044
p 0 232 33044
x 0 33045
p 0 268 33045
x 0 33046
p 0 232 33046
x 0 33047
p 0 224 33047
x 0 33048
p 0 227 33048
x 0 33049
p 0 228 33049
x 0 33050
p 0 231 33050
x 0 33051
p 0 227 33051
x 0 33052
p 0 263 33052
x 0 33053
p 0 230 33053
x 0 33054
p 0 226 33054
x 0 33055
p 0 225 33055
x 0 33056
p 0 224 33056
x 0 33057
p 0 215 33057
x 0 33058
p 0 218 33058
x 0 33059
p 0 227 33059
x 0 33060
p 0 229 33060
x 0 33061
p 0 221 33061
x 0 33062
p 0 216 33062
x 0 33000
x 1 33001
h 1 10.0.0.3
p 1 874 33001
x 2 33002
h 2 10.0.0.3
p 2 216 33002
x 0 33003
h 0 10.0.0.3
p 0 127 33003
x 1 33004
p 1 309 33004
p 0 1016722 33000
x 0 33005
p 0 216 33005
x 0 33006
p 0 188 33006
x 0 33007
p 0 217 33007
x 0 33008
p 0 224 33008
x 0 33009
p 0 221 33009
x 0 33010
p 0 249 33010
x 0 33011
p 0 256 33011
x 0 33012
p 0 182 33012
x 0 33013
p 0 214 33013
x 0 33014
p 0 215 33014
x 0 33015
p 0 216 33015
x 0 33016
p 0 223 33016
x 0 33017
p 0 193 33017
x 0 33018
p 0 219 33018
x 0 33019
p 0 218 33019
x 0 33020
p 0 224 33020
x 0 33021
p 0 226 33021
x 0 33022
p 0 221 33022
x 0 33023
p 0 218 33023
x 0 33024
p 0 219 33024
x 0 33025
p 0 219 33025
x 0 33026
p 0 216 33026
x 0 33027
p 0 215 33027
x 0 33028
p 0 213 33028
x 0 33029
p 0 216 33029
x 0 33030
p 0 218 33030
x 0 33031
p 0 185 33031
x 0 33032
p 0 218 33032
x 0 33033
p 0 215 33033
x 0 33034
p 0 185 33034
x 0 33035
p 0 215 33035
x 0 33036
p 0 185 33036
x 0 33037
p 0 212 33037
x 0 33038
p 0 255 33038
x 0 33039
p 0 243 33039
x 0 33040
p 0 220 33040
x 0 33041
p 0 220 33041
x 0 33042
p 0 219 33042
x 0 33043
p 0 220 33043
x 0 33044
p 0 216 33044
x 0 33045
p 0 221 33045
x 0 33046
p 0 219 33046
x 0 33047
p 0 218 33047
x 0 33048
p 0 214 33048
x 0 33049
p 0 220 33049
x 0 33050
p 0 195 33050
x 0 33051
p 0 218 33051
x 0 33052
p 0 217 33052
x 0 33053
p 0 225 33053
x 0 33054
p 0 221 33054
x 0 33055
p 0 218 33055
x 0 33056
p 0 220 33056
x 0 33057
p 0 220 33057
x 0 33058
p 0 223 33058
x 0 33059
p 0 217 33059
x 0 33060
p 0 188 33060
x 0 33061
p 0 222 33061
x 0 33062
p 0 219 33062
x 0 33000
x 1 33001
h 1 10.0.0.3
p 1 755 33001
x 2 33002
h 2 10.0.0.3
p 2 217 33002
x 0 33003
h 0 10.0.0.3
p 0 348 33003
x 1 33004
p 1 214 33004
p 0 1020324 33000
x 0 33005
p 0 219 33005
x 0 33006
p 0 219 33006
x 0 33007
p 0 247 33007
x 0 33008
p 0 220 33008
x 0 33009
p 0 301 33009
x 0 33010
p 0 248 33010
x 0 33011
p 0 255 33011
x 0 33012
p 0 219 33012
x 0 33013
p 0 217 33013
x 0 33014
p 0 217 33014
x 0 33015
p 0 252 33015
x 0 33016
p 0 215 33016
x 0 33017
p 0 176 33017
x 0 33018
p 0 317 33018
x 0 33019
p 0 258 33019
x 0 33020
p 0 218 33020
x 0 33021
p 0 218 33021
x 0 33022
p 0 218 33022
x 0 33023
p 0 198 33023
x 0 33024
p 0 218 33024
x 0 33025
p 0 216 33025
x 0 33026
p 0 217 33026
x 0 33027
p 0 227 33027
x 0 33028
p 0 219 33028
x 0 33029
p 0 218 33029
x 0 33030
p 0 216 33030
x 0 33031
p 0 219 33031
x 0 33032
p 0 197 33032
x 0 33033
p 0 218 33033
x 0 33034
p 0 218 33034
x 0 33035
p 0 223 33035
x 0 33036
p 0 221 33036
x 0 33037
p 0 193 33037
x 0 33038
p 0 218 33038
x 0 33039
p 0 222 33039
x 0 33040
p 0 223 33040
x 0 33041
p 0 221 33041
x 0 33042
p 0 225 33042
x 0 33043
p 0 248 33043
x 0 33044
p 0 226 33044
x 0 33045
p 0 223 33045
x 0 33046
p 0 334 33046
x 0 33047
p 0 219 33047
x 0 33048
p 0 299 33048
x 0 33049
p 0 221 33049
x 0 33050
p 0 223 33050
x 0 33051
p 0 220 33051
x 0 33052
p 0 260 33052
x 0 33053
p 0 288 33053
x 0 33054
p 0 222 33054
x 0 33055
p 0 220 33055
x 0 33056
p 0 219 33056
x 0 33057
p 0 134 33057
x 0 33058
p 0 221 33058
x 0 33059
p 0 221 33059
x 0 33060
p 0 194 33060
x 0 33061
p 0 218 33061
x 0 33062
p 0 162 33062
x 0 33000
x 1 33001
h 1 10.0.0.3
p 1 675 33001
x 2 33002
h 2 10.0.0.3
p 2 187 33002
x 0 33003
h 0 10.0.0.3
p 0 149 33003
x 1 33004
p 1 176 33004
p 0 1031082 33000
x 0 33005
p 0 175 33005
x 0 33006
p 0 218 33006
x 0 33007
p 0 221 33007
x 0 33008
p 0 221 33008
x 0 33009
p 0 220 33009
x 0 33010
p 0 216 33010
x 0 33011
p 0 216 33011
x 0 33012
p 0 217 33012
x 0 33013
p 0 214 33013
x 0 33014
p 0 188 33014
x 0 33015
p 0 221 33015
x 0 33016
p 0 262 33016
x 0 33017
p 0 216 33017
x 0 33018
p 0 215 33018
x 0 33019
p 0 216 33019
x 0 33020
p 0 214 33020
x 0 33021
p 0 216 33021
x 0 33022
p 0 218 33022
x 0 33023
p 0 214 33023
x 0 33024
p 0 213 33024
x 0 33025
p 0 216 33025
x 0 33026
p 0 216 33026
x 0 33027
p 0 217 33027
x 0 33028
p 0 214 33028
x 0 33029
p 0 219 33029
x 0 33030
p 0 216 33030
x 0 33031
p 0 216 33031
x 0 33032
p 0 217 33032
x 0 33033
p 0 214 33033
x 0 33034
p 0 215 33034
x 0 33035
p 0 218 33035
x 0 33036
p 0 192 33036
x 0 33037
p 0 215 33037
x 0 33038
p 0 215 33038
x 0 33039
p 0 214 33039
x 0 33040
p 0 215 33040
x 0 33041
p 0 218 33041
x 0 33042
p 0 216 33042
x 0 33043
p 0 218 33043
x 0 33044
p 0 216 33044
x 0 33045
p 0 217 33045
x 0 33046
p 0 218 33046
x 0 33047
p 0 216 33047
x 0 33048
p 0 217 33048
x 0 33049
p 0 216 33049
x 0 33050
p 0 220 33050
x 0 33051
p 0 214 33051
x 0 33052
p 0 216 33052
x 0 33053
p 0 219 33053
x 0 33054
p 0 219 33054
x 0 33055
p 0 192 33055
x 0 33056
p 0 218 33056
x 0 33057
p 0 220 33057
x 0 33058
p 0 186 33058
x 0 33059
p 0 217 33059
x 0 33060
p 0 216 33060
x 0 33061
p 0 215 33061
x 0 33062
p 0 217 33062
