x 0 33000
x 1 33001
x 2 33002
x 3 33003
x 4 33004
x 5 33005
x 6 33006
x 7 33007
x 8 33008
x 9 33009
h 9 10.0.0.12
p 9 931 33009
h 5 10.0.0.12
p 5 437594 33005
h 0 10.0.0.12
p 0 1000914 33000
x 10 33010
h 10 10.0.0.12
p 10 141 33010
h 6 10.0.0.12
p 6 416485 33006
h 7 10.0.0.12
p 7 370131 33007
x 0 33011
p 0 155 33011
h 8 10.0.0.12
p 8 299897 33008
h 1 10.0.0.12
p 1 1028652 33001
h 2 10.0.0.12
p 2 1024629 33002
h 3 10.0.0.12
p 3 1021689 33003
h 4 10.0.0.12
p 4 1016391 33004
x 0 33012
p 0 240 33012
x 0 33013
p 0 250 33013
x 0 33014
p 0 243 33014
x 0 33015
p 0 245 33015
x 0 33016
p 0 262 33016
x 0 33017
p 0 260 33017
x 0 33018
p 0 252 33018
x 0 33019
p 0 262 33019
x 0 33020
p 0 257 33020
x 0 33021
p 0 267 33021
x 0 33022
p 0 259 33022
x 0 33023
p 0 253 33023
x 0 33024
p 0 246 33024
x 0 33025
p 0 239 33025
x 0 33026
p 0 243 33026
x 0 33027
p 0 235 33027
x 0 33028
p 0 230 33028
x 0 33029
p 0 228 33029
x 0 33030
p 0 225 33030
x 0 33031
p 0 247 33031
x 0 33032
p 0 303 33032
x 0 33033
p 0 266 33033
x 0 33034
p 0 231 33034
x 0 33035
p 0 290 33035
x 0 33036
p 0 246 33036
x 0 33037
p 0 243 33037
x 0 33038
p 0 236 33038
x 0 33039
p 0 240 33039
x 0 33040
p 0 238 33040
x 0 33041
p 0 240 33041
x 0 33042
p 0 249 33042
x 0 33043
p 0 240 33043
x 0 33044
p 0 240 33044
x 0 33045
p 0 286 33045
x 0 33046
p 0 252 33046
x 0 33047
p 0 247 33047
x 0 33048
p 0 245 33048
x 0 33049
p 0 244 33049
x 0 33050
p 0 240 33050
x 0 33051
p 0 276 33051
x 0 33052
p 0 256 33052
x 0 33053
p 0 243 33053
x 0 33054
p 0 252 33054
x 0 33055
p 0 250 33055
x 0 33056
p 0 276 33056
x 0 33057
p 0 246 33057
x 0 33058
p 0 242 33058
x 0 33059
p 0 241 33059
x 0 33060
p 0 240 33060
x 0 33061
p 0 245 33061
x 0 33062
p 0 248 33062
x 0 33063
p 0 246 33063
x 0 33064
p 0 245 33064
x 0 33065
p 0 232 33065
x 0 33066
p 0 242 33066
x 0 33067
p 0 309 33067
x 0 33068
p 0 265 33068
x 0 33069
p 0 241 33069
x 0 33000
x 1 33001
h 1 10.0.0.12
p 1 642 33001
x 2 33002
h 2 10.0.0.12
p 2 239 33002
x 0 33003
h 0 10.0.0.12
p 0 253 33003
x 1 33004
p 1 242 33004
p 0 1003996 33000
x 0 33005
p 0 232 33005
x 0 33006
p 0 105 33006
x 0 33007
p 0 246 33007
x 0 33008
p 0 249 33008
x 0 33009
p 0 246 33009
x 0 33010
p 0 467 33010
x 0 33011
p 0 308 33011
x 0 33012
p 0 251 33012
x 0 33013
p 0 247 33013
x 0 33014
p 0 252 33014
x 0 33015
p 0 297 33015
x 0 33016
p 0 248 33016
x 0 33017
p 0 289 33017
x 0 33018
p 0 284 33018
x 0 33019
p 0 288 33019
x 0 33020
p 0 276 33020
x 0 33021
p 0 253 33021
x 0 33022
p 0 316 33022
x 0 33023
p 0 255 33023
x 0 33024
p 0 316 33024
x 0 33025
p 0 244 33025
x 0 33026
p 0 258 33026
x 0 33027
p 0 261 33027
x 0 33028
p 0 256 33028
x 0 33029
p 0 260 33029
x 0 33030
p 0 292 33030
x 0 33031
p 0 296 33031
x 0 33032
p 0 325 33032
x 0 33033
p 0 253 33033
x 0 33034
p 0 295 33034
x 0 33035
p 0 277 33035
x 0 33036
p 0 256 33036
x 0 33037
p 0 255 33037
x 0 33038
p 0 304 33038
x 0 33039
p 0 257 33039
x 0 33040
p 0 253 33040
x 0 33041
p 0 262 33041
x 0 33042
p 0 267 33042
x 0 33043
p 0 264 33043
x 0 33044
p 0 259 33044
x 0 33045
p 0 297 33045
x 0 33046
p 0 258 33046
x 0 33047
p 0 252 33047
x 0 33048
p 0 260 33048
x 0 33049
p 0 261 33049
x 0 33050
p 0 282 33050
x 0 33051
p 0 257 33051
x 0 33052
p 0 310 33052
x 0 33053
p 0 249 33053
x 0 33054
p 0 246 33054
x 0 33055
p 0 241 33055
x 0 33056
p 0 241 33056
x 0 33057
p 0 249 33057
x 0 33058
p 0 247 33058
x 0 33059
p 0 243 33059
x 0 33060
p 0 281 33060
x 0 33061
p 0 266 33061
x 0 33062
p 0 240 33062
x 0 33000
x 1 33001
h 1 10.0.0.12
p 1 897 33001
x 2 33002
h 2 10.0.0.12
p 2 155 33002
x 0 33003
h 0 10.0.0.12
p 0 196 33003
x 1 33004
p 1 234 33004
p 0 1026433 33000
x 0 33005
p 0 209 33005
x 0 33006
p 0 273 33006
x 0 33007
p 0 200 33007
x 0 33008
p 0 211 33008
x 0 33009
p 0 212 33009
x 0 33010
p 0 240 33010
x 0 33011
p 0 237 33011
x 0 33012
p 0 238 33012
x 0 33013
p 0 307 33013
x 0 33014
p 0 241 33014
x 0 33015
p 0 235 33015
x 0 33016
p 0 239 33016
x 0 33017
p 0 255 33017
x 0 33018
p 0 244 33018
x 0 33019
p 0 241 33019
x 0 33020
p 0 243 33020
x 0 33021
p 0 230 33021
x 0 33022
p 0 182 33022
x 0 33023
p 0 193 33023
x 0 33024
p 0 183 33024
x 0 33025
p 0 189 33025
x 0 33026
p 0 188 33026
x 0 33027
p 0 243 33027
x 0 33028
p 0 193 33028
x 0 33029
p 0 147 33029
x 0 33030
p 0 191 33030
x 0 33031
p 0 196 33031
x 0 33032
p 0 196 33032
x 0 33033
p 0 192 33033
x 0 33034
p 0 269 33034
x 0 33035
p 0 187 33035
x 0 33036
p 0 198 33036
x 0 33037
p 0 198 33037
x 0 33038
p 0 209 33038
x 0 33039
p 0 207 33039
x 0 33040
p 0 195 33040
x 0 33041
p 0 205 33041
x 0 33042
p 0 193 33042
x 0 33043
p 0 199 33043
x 0 33044
p 0 200 33044
x 0 33045
p 0 207 33045
x 0 33046
p 0 236 33046
x 0 33047
p 0 202 33047
x 0 33048
p 0 210 33048
x 0 33049
p 0 177 33049
x 0 33050
p 0 198 33050
x 0 33051
p 0 198 33051
x 0 33052
p 0 233 33052
x 0 33053
p 0 191 33053
x 0 33054
p 0 188 33054
x 0 33055
p 0 201 33055
x 0 33056
p 0 206 33056
x 0 33057
p 0 236 33057
x 0 33058
p 0 209 33058
x 0 33059
p 0 209 33059
x 0 33060
p 0 212 33060
x 0 33061
p 0 209 33061
x 0 33062
p 0 194 33062
x 0 33000
x 1 33001
h 1 10.0.0.12
p 1 1191 33001
x 2 33002
h 2 10.0.0.12
p 2 245 33002
x 0 33003
h 0 10.0.0.12
p 0 227 33003
x 1 33004
p 1 226 33004
p 0 1005374 33000
x 0 33005
p 0 226 33005
x 0 33006
p 0 229 33006
x 0 33007
p 0 252 33007
x 0 33008
p 0 228 33008
x 0 33009
p 0 258 33009
x 0 33010
p 0 192 33010
x 0 33011
p 0 216 33011
x 0 33012
p 0 187 33012
x 0 33013
p 0 197 33013
x 0 33014
p 0 196 33014
x 0 33015
p 0 194 33015
x 0 33016
p 0 191 33016
x 0 33017
p 0 194 33017
x 0 33018
p 0 193 33018
x 0 33019
p 0 193 33019
x 0 33020
p 0 196 33020
x 0 33021
p 0 194 33021
x 0 33022
p 0 190 33022
x 0 33023
p 0 182 33023
x 0 33024
p 0 165 33024
x 0 33025
p 0 188 33025
x 0 33026
p 0 187 33026
x 0 33027
p 0 187 33027
x 0 33028
p 0 257 33028
x 0 33029
p 0 156 33029
x 0 33030
p 0 194 33030
x 0 33031
p 0 192 33031
x 0 33032
p 0 194 33032
x 0 33033
p 0 222 33033
x 0 33034
p 0 197 33034
x 0 33035
p 0 189 33035
x 0 33036
p 0 194 33036
x 0 33037
p 0 199 33037
x 0 33038
p 0 191 33038
x 0 33039
p 0 222 33039
x 0 33040
p 0 167 33040
x 0 33041
p 0 181 33041
x 0 33042
p 0 185 33042
x 0 33043
p 0 187 33043
x 0 33044
p 0 220 33044
x 0 33045
p 0 239 33045
x 0 33046
p 0 240 33046
x 0 33047
p 0 243 33047
x 0 33048
p 0 234 33048
x 0 33049
p 0 232 33049
x 0 33050
p 0 234 33050
x 0 33051
p 0 230 33051
x 0 33052
p 0 268 33052
x 0 33053
p 0 238 33053
x 0 33054
p 0 277 33054
x 0 33055
p 0 237 33055
x 0 33056
p 0 274 33056
x 0 33057
p 0 227 33057
x 0 33058
p 0 234 33058
x 0 33059
p 0 238 33059
x 0 33060
p 0 258 33060
x 0 33061
p 0 232 33061
x 0 33062
p 0 266 33062
x 0 33000
x 1 33001
h 1 10.0.0.12
p 1 764 33001
x 2 33002
h 2 10.0.0.12
p 2 125 33002
x 0 33003
h 0 10.0.0.12
p 0 295 33003
x 1 33004
p 1 246 33004
p 0 1006524 33000
x 0 33005
p 0 243 33005
x 0 33006
p 0 229 33006
x 0 33007
p 0 239 33007
x 0 33008
p 0 230 33008
x 0 33009
p 0 269 33009
x 0 33010
p 0 233 33010
x 0 33011
p 0 258 33011
x 0 33012
p 0 179 33012
x 0 33013
p 0 229 33013
x 0 33014
p 0 231 33014
x 0 33015
p 0 210 33015
x 0 33016
p 0 226 33016
x 0 33017
p 0 232 33017
x 0 33018
p 0 231 33018
x 0 33019
p 0 206 33019
x 0 33020
p 0 231 33020
x 0 33021
p 0 234 33021
x 0 33022
p 0 232 33022
x 0 33023
p 0 234 33023
x 0 33024
p 0 235 33024
x 0 33025
p 0 236 33025
x 0 33026
p 0 231 33026
x 0 33027
p 0 293 33027
x 0 33028
p 0 233 33028
x 0 33029
p 0 232 33029
x 0 33030
p 0 232 33030
x 0 33031
p 0 233 33031
x 0 33032
p 0 231 33032
x 0 33033
p 0 207 33033
x 0 33034
p 0 232 33034
x 0 33035
p 0 232 33035
x 0 33036
p 0 230 33036
x 0 33037
p 0 230 33037
x 0 33038
p 0 235 33038
x 0 33039
p 0 242 33039
x 0 33040
p 0 234 33040
x 0 33041
p 0 286 33041
x 0 33042
p 0 237 33042
x 0 33043
p 0 268 33043
x 0 33044
p 0 235 33044
x 0 33045
p 0 275 33045
x 0 33046
p 0 233 33046
x 0 33047
p 0 236 33047
x 0 33048
p 0 230 33048
x 0 33049
p 0 237 33049
x 0 33050
p 0 228 33050
x 0 33051
p 0 234 33051
x 0 33052
p 0 267 33052
x 0 33053
p 0 234 33053
x 0 33054
p 0 229 33054
x 0 33055
p 0 227 33055
x 0 33056
p 0 230 33056
x 0 33057
p 0 227 33057
x 0 33058
p 0 228 33058
x 0 33059
p 0 232 33059
x 0 33060
p 0 227 33060
x 0 33061
p 0 226 33061
x 0 33062
p 0 231 33062
x 0 33000
x 1 33001
h 1 10.0.0.12
p 1 925 33001
x 2 33002
h 2 10.0.0.12
p 2 238 33002
x 0 33003
h 0 10.0.0.12
p 0 258 33003
x 1 33004
p 1 229 33004
p 0 1026407 33000
x 0 33005
p 0 229 33005
x 0 33006
p 0 264 33006
x 0 33007
p 0 229 33007
x 0 33008
p 0 233 33008
x 0 33009
p 0 249 33009
x 0 33010
p 0 254 33010
x 0 33011
p 0 229 33011
x 0 33012
p 0 227 33012
x 0 33013
p 0 229 33013
x 0 33014
p 0 233 33014
x 0 33015
p 0 232 33015
x 0 33016
p 0 196 33016
x 0 33017
p 0 229 33017
x 0 33018
p 0 233 33018
x 0 33019
p 0 229 33019
x 0 33020
p 0 222 33020
x 0 33021
p 0 225 33021
x 0 33022
p 0 223 33022
x 0 33023
p 0 226 33023
x 0 33024
p 0 227 33024
x 0 33025
p 0 225 33025
x 0 33026
p 0 227 33026
x 0 33027
p 0 232 33027
x 0 33028
p 0 229 33028
x 0 33029
p 0 210 33029
x 0 33030
p 0 232 33030
x 0 33031
p 0 231 33031
x 0 33032
p 0 232 33032
x 0 33033
p 0 233 33033
x 0 33034
p 0 233 33034
x 0 33035
p 0 233 33035
x 0 33036
p 0 234 33036
x 0 33037
p 0 223 33037
x 0 33038
p 0 225 33038
x 0 33039
p 0 282 33039
x 0 33040
p 0 226 33040
x 0 33041
p 0 225 33041
x 0 33042
p 0 235 33042
x 0 33043
p 0 231 33043
x 0 33044
p 0 234 33044
x 0 33045
p 0 270 33045
x 0 33046
p 0 241 33046
x 0 33047
p 0 237 33047
x 0 33048
p 0 279 33048
x 0 33049
p 0 246 33049
x 0 33050
p 0 249 33050
x 0 33051
p 0 238 33051
x 0 33052
p 0 232 33052
x 0 33053
p 0 322 33053
x 0 33054
p 0 236 33054
x 0 33055
p 0 235 33055
x 0 33056
p 0 233 33056
x 0 33057
p 0 229 33057
x 0 33058
p 0 230 33058
x 0 33059
p 0 235 33059
x 0 33060
p 0 246 33060
x 0 33061
p 0 263 33061
x 0 33062
p 0 245 33062
x 0 33000
x 1 33001
h 1 10.0.0.12
p 1 800 33001
x 2 33002
h 2 10.0.0.12
p 2 476 33002
x 0 33003
h 0 10.0.0.12
p 0 281 33003
x 1 33004
p 1 240 33004
p 0 1023067 33000
x 0 33005
p 0 238 33005
x 0 33006
p 0 443 33006
x 0 33007
p 0 320 33007
x 0 33008
p 0 229 33008
x 0 33009
p 0 212 33009
x 0 33010
p 0 259 33010
x 0 33011
p 0 252 33011
x 0 33012
p 0 423 33012
x 0 33013
p 0 237 33013
x 0 33014
p 0 273 33014
x 0 33015
p 0 386 33015
x 0 33016
p 0 456 33016
x 0 33017
p 0 209 33017
x 0 33018
p 0 240 33018
x 0 33019
p 0 227 33019
x 0 33020
p 0 229 33020
x 0 33021
p 0 227 33021
x 0 33022
p 0 201 33022
x 0 33023
p 0 284 33023
x 0 33024
p 0 194 33024
x 0 33025
p 0 201 33025
x 0 33026
p 0 200 33026
x 0 33027
p 0 234 33027
x 0 33028
p 0 434 33028
x 0 33029
p 0 239 33029
x 0 33030
p 0 190 33030
x 0 33031
p 0 266 33031
x 0 33032
p 0 236 33032
x 0 33033
p 0 240 33033
x 0 33034
p 0 513 33034
x 0 33035
p 0 242 33035
x 0 33036
p 0 241 33036
x 0 33037
p 0 284 33037
x 0 33038
p 0 246 33038
x 0 33039
p 0 249 33039
x 0 33040
p 0 236 33040
x 0 33041
p 0 241 33041
x 0 33042
p 0 251 33042
x 0 33043
p 0 247 33043
x 0 33044
p 0 252 33044
x 0 33045
p 0 249 33045
x 0 33046
p 0 253 33046
x 0 33047
p 0 252 33047
x 0 33048
p 0 254 33048
x 0 33049
p 0 358 33049
x 0 33050
p 0 248 33050
x 0 33051
p 0 348 33051
x 0 33052
p 0 233 33052
x 0 33053
p 0 233 33053
x 0 33054
p 0 239 33054
x 0 33055
p 0 240 33055
x 0 33056
p 0 343 33056
x 0 33057
p 0 241 33057
x 0 33058
p 0 255 33058
x 0 33059
p 0 249 33059
x 0 33060
p 0 243 33060
x 0 33061
p 0 354 33061
x 0 33062
p 0 244 33062
x 0 33000
x 1 33001
h 1 10.0.0.12
p 1 1112 33001
x 2 33002
h 2 10.0.0.12
p 2 229 33002
x 0 33003
h 0 10.0.0.12
p 0 230 33003
x 1 33004
p 1 262 33004
p 0 1018269 33000
x 0 33005
p 0 229 33005
x 0 33006
p 0 284 33006
x 0 33007
p 0 234 33007
x 0 33008
p 0 264 33008
x 0 33009
p 0 233 33009
x 0 33010
p 0 248 33010
x 0 33011
p 0 338 33011
x 0 33012
p 0 348 33012
x 0 33013
p 0 241 33013
x 0 33014
p 0 239 33014
x 0 33015
p 0 341 33015
x 0 33016
p 0 351 33016
x 0 33017
p 0 235 33017
x 0 33018
p 0 244 33018
x 0 33019
p 0 350 33019
x 0 33020
p 0 232 33020
x 0 33021
p 0 229 33021
x 0 33022
p 0 228 33022
x 0 33023
p 0 305 33023
x 0 33024
p 0 232 33024
x 0 33025
p 0 248 33025
x 0 33026
p 0 233 33026
x 0 33027
p 0 235 33027
x 0 33028
p 0 235 33028
x 0 33029
p 0 237 33029
x 0 33030
p 0 243 33030
x 0 33031
p 0 234 33031
x 0 33032
p 0 270 33032
x 0 33033
p 0 237 33033
x 0 33034
p 0 241 33034
x 0 33035
p 0 340 33035
x 0 33036
p 0 234 33036
x 0 33037
p 0 237 33037
x 0 33038
p 0 231 33038
x 0 33039
p 0 193 33039
x 0 33040
p 0 237 33040
x 0 33041
p 0 230 33041
x 0 33042
p 0 237 33042
x 0 33043
p 0 241 33043
x 0 33044
p 0 213 33044
x 0 33045
p 0 247 33045
x 0 33046
p 0 233 33046
x 0 33047
p 0 235 33047
x 0 33048
p 0 116 33048
x 0 33049
p 0 123 33049
x 0 33050
p 0 244 33050
x 0 33051
p 0 225 33051
x 0 33052
p 0 231 33052
x 0 33053
p 0 237 33053
x 0 33054
p 0 219 33054
x 0 33055
p 0 239 33055
x 0 33056
p 0 231 33056
x 0 33057
p 0 202 33057
x 0 33058
p 0 146 33058
x 0 33059
p 0 106 33059
x 0 33060
p 0 235 33060
x 0 33061
p 0 228 33061
x 0 33062
p 0 228 33062
x 0 33000
x 1 33001
h 1 10.0.0.12
p 1 768 33001
x 2 33002
h 2 10.0.0.12
p 2 184 33002
x 0 33003
h 0 10.0.0.12
p 0 257 33003
x 1 33004
p 1 180 33004
p 0 1003152 33000
x 0 33005
p 0 225 33005
x 0 33006
p 0 282 33006
x 0 33007
p 0 181 33007
x 0 33008
p 0 231 33008
x 0 33009
p 0 260 33009
x 0 33010
p 0 252 33010
x 0 33011
p 0 258 33011
x 0 33012
p 0 251 33012
x 0 33013
p 0 257 33013
x 0 33014
p 0 252 33014
x 0 33015
p 0 245 33015
x 0 33016
p 0 395 33016
x 0 33017
p 0 252 33017
x 0 33018
p 0 356 33018
x 0 33019
p 0 246 33019
x 0 33020
p 0 251 33020
x 0 33021
p 0 254 33021
x 0 33022
p 0 318 33022
x 0 33023
p 0 247 33023
x 0 33024
p 0 245 33024
x 0 33025
p 0 244 33025
x 0 33026
p 0 253 33026
x 0 33027
p 0 248 33027
x 0 33028
p 0 293 33028
x 0 33029
p 0 244 33029
x 0 33030
p 0 254 33030
x 0 33031
p 0 254 33031
x 0 33032
p 0 249 33032
x 0 33033
p 0 259 33033
x 0 33034
p 0 320 33034
x 0 33035
p 0 255 33035
x 0 33036
p 0 253 33036
x 0 33037
p 0 249 33037
x 0 33038
p 0 244 33038
x 0 33039
p 0 247 33039
x 0 33040
p 0 356 33040
x 0 33041
p 0 252 33041
x 0 33042
p 0 247 33042
x 0 33043
p 0 251 33043
x 0 33044
p 0 248 33044
x 0 33045
p 0 257 33045
x 0 33046
p 0 253 33046
x 0 33047
p 0 245 33047
x 0 33048
p 0 247 33048
x 0 33049
p 0 245 33049
x 0 33050
p 0 220 33050
x 0 33051
p 0 222 33051
x 0 33052
p 0 198 33052
x 0 33053
p 0 422 33053
x 0 33054
p 0 205 33054
x 0 33055
p 0 207 33055
x 0 33056
p 0 205 33056
x 0 33057
p 0 197 33057
x 0 33058
p 0 196 33058
x 0 33059
p 0 231 33059
x 0 33060
p 0 197 33060
x 0 33061
p 0 225 33061
x 0 33062
p 0 190 33062
x 0 33000
x 1 33001
h 1 10.0.0.12
p 1 1177 33001
x 2 33002
h 2 10.0.0.12
p 2 251 33002
x 0 33003
h 0 10.0.0.12
p 0 237 33003
x 1 33004
p 1 229 33004
p 0 1014433 33000
x 0 33005
p 0 251 33005
x 0 33006
p 0 230 33006
x 0 33007
p 0 261 33007
x 0 33008
p 0 349 33008
x 0 33009
p 0 135 33009
x 0 33010
p 0 236 33010
x 0 33011
p 0 236 33011
x 0 33012
p 0 235 33012
x 0 33013
p 0 236 33013
x 0 33014
p 0 234 33014
x 0 33015
p 0 232 33015
x 0 33016
p 0 232 33016
x 0 33017
p 0 236 33017
x 0 33018
p 0 235 33018
x 0 33019
p 0 233 33019
x 0 33020
p 0 235 33020
x 0 33021
p 0 228 33021
x 0 33022
p 0 235 33022
x 0 33023
p 0 234 33023
x 0 33024
p 0 233 33024
x 0 33025
p 0 257 33025
x 0 33026
p 0 265 33026
x 0 33027
p 0 236 33027
x 0 33028
p 0 275 33028
x 0 33029
p 0 231 33029
x 0 33030
p 0 250 33030
x 0 33031
p 0 235 33031
x 0 33032
p 0 221 33032
x 0 33033
p 0 231 33033
x 0 33034
p 0 235 33034
x 0 33035
p 0 233 33035
x 0 33036
p 0 231 33036
x 0 33037
p 0 266 33037
x 0 33038
p 0 305 33038
x 0 33039
p 0 237 33039
x 0 33040
p 0 233 33040
x 0 33041
p 0 233 33041
x 0 33042
p 0 248 33042
x 0 33043
p 0 321 33043
x 0 33044
p 0 291 33044
x 0 33045
p 0 201 33045
x 0 33046
p 0 227 33046
x 0 33047
p 0 197 33047
x 0 33048
p 0 127 33048
x 0 33049
p 0 230 33049
x 0 33050
p 0 229 33050
x 0 33051
p 0 271 33051
x 0 33052
p 0 226 33052
x 0 33053
p 0 320 33053
x 0 33054
p 0 230 33054
x 0 33055
p 0 258 33055
x 0 33056
p 0 227 33056
x 0 33057
p 0 231 33057
x 0 33058
p 0 332 33058
x 0 33059
p 0 231 33059
x 0 33060
p 0 231 33060
x 0 33061
p 0 330 33061
x 0 33062
p 0 183 33062
x 0 33000
x 1 33001
h 1 10.0.0.12
p 1 806 33001
x 2 33002
h 2 10.0.0.12
p 2 228 33002
x 0 33003
h 0 10.0.0.12
p 0 262 33003
x 1 33004
p 1 255 33004
p 0 1021980 33000
x 0 33005
p 0 298 33005
x 0 33006
p 0 227 33006
x 0 33007
p 0 230 33007
x 0 33008
p 0 332 33008
x 0 33009
p 0 288 33009
x 0 33010
p 0 281 33010
x 0 33011
p 0 211 33011
x 0 33012
p 0 201 33012
x 0 33013
p 0 262 33013
x 0 33014
p 0 299 33014
x 0 33015
p 0 337 33015
x 0 33016
p 0 333 33016
x 0 33017
p 0 392 33017
x 0 33018
p 0 227 33018
x 0 33019
p 0 183 33019
x 0 33020
p 0 228 33020
x 0 33021
p 0 225 33021
x 0 33022
p 0 227 33022
x 0 33023
p 0 197 33023
x 0 33024
p 0 153 33024
x 0 33025
p 0 228 33025
x 0 33026
p 0 227 33026
x 0 33027
p 0 226 33027
x 0 33028
p 0 276 33028
x 0 33029
p 0 329 33029
x 0 33030
p 0 262 33030
x 0 33031
p 0 228 33031
x 0 33032
p 0 323 33032
x 0 33033
p 0 323 33033
x 0 33034
p 0 264 33034
x 0 33035
p 0 261 33035
x 0 33036
p 0 232 33036
x 0 33037
p 0 262 33037
x 0 33038
p 0 204 33038
x 0 33039
p 0 265 33039
x 0 33040
p 0 201 33040
x 0 33041
p 0 252 33041
x 0 33042
p 0 283 33042
x 0 33043
p 0 207 33043
x 0 33044
p 0 258 33044
x 0 33045
p 0 258 33045
x 0 33046
p 0 251 33046
x 0 33047
p 0 290 33047
x 0 33048
p 0 322 33048
x 0 33049
p 0 238 33049
x 0 33050
p 0 217 33050
x 0 33051
p 0 200 33051
x 0 33052
p 0 206 33052
x 0 33053
p 0 215 33053
x 0 33054
p 0 218 33054
x 0 33055
p 0 218 33055
x 0 33056
p 0 219 33056
x 0 33057
p 0 240 33057
x 0 33058
p 0 206 33058
x 0 33059
p 0 241 33059
x 0 33060
p 0 266 33060
x 0 33061
p 0 267 33061
x 0 33062
p 0 223 33062
x 0 33000
x 1 33001
h 1 10.0.0.12
p 1 1065 33001
x 2 33002
h 2 10.0.0.12
p 2 211 33002
x 0 33003
h 0 10.0.0.12
p 0 210 33003
x 1 33004
p 1 191 33004
p 0 1009439 33000
x 0 33005
p 0 296 33005
x 0 33006
p 0 263 33006
x 0 33007
p 0 235 33007
x 0 33008
p 0 229 33008
x 0 33009
p 0 225 33009
x 0 33010
p 0 225 33010
x 0 33011
p 0 226 33011
x 0 33012
p 0 228 33012
x 0 33013
p 0 226 33013
x 0 33014
p 0 227 33014
x 0 33015
p 0 223 33015
x 0 33016
p 0 227 33016
x 0 33017
p 0 87 33017
x 0 33018
p 0 230 33018
x 0 33019
p 0 224 33019
x 0 33020
p 0 231 33020
x 0 33021
p 0 230 33021
x 0 33022
p 0 231 33022
x 0 33023
p 0 231 33023
x 0 33024
p 0 115 33024
x 0 33025
p 0 315 33025
x 0 33026
p 0 212 33026
x 0 33027
p 0 332 33027
x 0 33028
p 0 230 33028
x 0 33029
p 0 130 33029
x 0 33030
p 0 233 33030
x 0 33031
p 0 185 33031
x 0 33032
p 0 228 33032
x 0 33033
p 0 229 33033
x 0 33034
p 0 228 33034
x 0 33035
p 0 226 33035
x 0 33036
p 0 229 33036
x 0 33037
p 0 235 33037
x 0 33038
p 0 234 33038
x 0 33039
p 0 237 33039
x 0 33040
p 0 234 33040
x 0 33041
p 0 234 33041
x 0 33042
p 0 238 33042
x 0 33043
p 0 234 33043
x 0 33044
p 0 214 33044
x 0 33045
p 0 236 33045
x 0 33046
p 0 239 33046
x 0 33047
p 0 227 33047
x 0 33048
p 0 226 33048
x 0 33049
p 0 228 33049
x 0 33050
p 0 197 33050
x 0 33051
p 0 227 33051
x 0 33052
p 0 227 33052
x 0 33053
p 0 205 33053
x 0 33054
p 0 243 33054
x 0 33055
p 0 234 33055
x 0 33056
p 0 238 33056
x 0 33057
p 0 205 33057
x 0 33058
p 0 239 33058
x 0 33059
p 0 95 33059
x 0 33060
p 0 203 33060
x 0 33061
p 0 204 33061
x 0 33062
p 0 236 33062
x 0 33000
x 1 33001
h 1 10.0.0.12
p 1 1055 33001
x 2 33002
h 2 10.0.0.12
p 2 233 33002
x 0 33003
h 0 10.0.0.12
p 0 226 33003
x 1 33004
p 1 256 33004
p 0 1029855 33000
x 0 33005
p 0 224 33005
x 0 33006
p 0 227 33006
x 0 33007
p 0 224 33007
x 0 33008
p 0 225 33008
x 0 33009
p 0 249 33009
x 0 33010
p 0 229 33010
x 0 33011
p 0 223 33011
x 0 33012
p 0 227 33012
x 0 33013
p 0 227 33013
x 0 33014
p 0 231 33014
x 0 33015
p 0 227 33015
x 0 33016
p 0 227 33016
x 0 33017
p 0 233 33017
x 0 33018
p 0 226 33018
x 0 33019
p 0 234 33019
x 0 33020
p 0 233 33020
x 0 33021
p 0 234 33021
x 0 33022
p 0 238 33022
x 0 33023
p 0 233 33023
x 0 33024
p 0 234 33024
x 0 33025
p 0 232 33025
x 0 33026
p 0 237 33026
x 0 33027
p 0 232 33027
x 0 33028
p 0 235 33028
x 0 33029
p 0 247 33029
x 0 33030
p 0 229 33030
x 0 33031
p 0 224 33031
x 0 33032
p 0 226 33032
x 0 33033
p 0 225 33033
x 0 33034
p 0 235 33034
x 0 33035
p 0 229 33035
x 0 33036
p 0 234 33036
x 0 33037
p 0 232 33037
x 0 33038
p 0 235 33038
x 0 33039
p 0 232 33039
x 0 33040
p 0 231 33040
x 0 33041
p 0 234 33041
x 0 33042
p 0 233 33042
x 0 33043
p 0 235 33043
x 0 33044
p 0 238 33044
x 0 33045
p 0 232 33045
x 0 33046
p 0 232 33046
x 0 33047
p 0 228 33047
x 0 33048
p 0 230 33048
x 0 33049
p 0 228 33049
x 0 33050
p 0 233 33050
x 0 33051
p 0 230 33051
x 0 33052
p 0 235 33052
x 0 33053
p 0 235 33053
x 0 33054
p 0 241 33054
x 0 33055
p 0 239 33055
x 0 33056
p 0 236 33056
x 0 33057
p 0 286 33057
x 0 33058
p 0 216 33058
x 0 33059
p 0 237 33059
x 0 33060
p 0 235 33060
x 0 33061
p 0 252 33061
x 0 33062
p 0 232 33062
x 0 33000
x 1 33001
h 1 10.0.0.12
p 1 790 33001
x 2 33002
h 2 10.0.0.12
p 2 227 33002
x 0 33003
h 0 10.0.0.12
p 0 227 33003
x 1 33004
p 1 225 33004
p 0 1003750 33000
x 0 33005
p 0 224 33005
x 0 33006
p 0 226 33006
x 0 33007
p 0 229 33007
x 0 33008
p 0 234 33008
x 0 33009
p 0 214 33009
x 0 33010
p 0 228 33010
x 0 33011
p 0 228 33011
x 0 33012
p 0 226 33012
x 0 33013
p 0 228 33013
x 0 33014
p 0 230 33014
x 0 33015
p 0 229 33015
x 0 33016
p 0 232 33016
x 0 33017
p 0 229 33017
x 0 33018
p 0 231 33018
x 0 33019
p 0 254 33019
x 0 33020
p 0 230 33020
x 0 33021
p 0 231 33021
x 0 33022
p 0 233 33022
x 0 33023
p 0 232 33023
x 0 33024
p 0 231 33024
x 0 33025
p 0 257 33025
x 0 33026
p 0 236 33026
x 0 33027
p 0 233 33027
x 0 33028
p 0 235 33028
x 0 33029
p 0 270 33029
x 0 33030
p 0 233 33030
x 0 33031
p 0 231 33031
x 0 33032
p 0 272 33032
x 0 33033
p 0 228 33033
x 0 33034
p 0 228 33034
x 0 33035
p 0 234 33035
x 0 33036
p 0 270 33036
x 0 33037
p 0 231 33037
x 0 33038
p 0 125 33038
x 0 33039
p 0 234 33039
x 0 33040
p 0 236 33040
x 0 33041
p 0 233 33041
x 0 33042
p 0 237 33042
x 0 33043
p 0 232 33043
x 0 33044
p 0 237 33044
x 0 33045
p 0 192 33045
x 0 33046
p 0 231 33046
x 0 33047
p 0 232 33047
x 0 33048
p 0 232 33048
x 0 33049
p 0 228 33049
x 0 33050
p 0 273 33050
x 0 33051
p 0 230 33051
x 0 33052
p 0 232 33052
x 0 33053
p 0 232 33053
x 0 33054
p 0 110 33054
x 0 33055
p 0 165 33055
x 0 33056
p 0 186 33056
x 0 33057
p 0 192 33057
x 0 33058
p 0 238 33058
x 0 33059
p 0 268 33059
x 0 33060
p 0 250 33060
x 0 33061
p 0 297 33061
x 0 33062
p 0 233 33062
x 0 33000
x 1 33001
h 1 10.0.0.12
p 1 758 33001
x 2 33002
h 2 10.0.0.12
p 2 225 33002
x 0 33003
h 0 10.0.0.12
p 0 228 33003
x 1 33004
p 1 225 33004
p 0 1011616 33000
x 0 33005
p 0 223 33005
x 0 33006
p 0 223 33006
x 0 33007
p 0 223 33007
x 0 33008
p 0 227 33008
x 0 33009
p 0 224 33009
x 0 33010
p 0 224 33010
x 0 33011
p 0 225 33011
x 0 33012
p 0 277 33012
x 0 33013
p 0 223 33013
x 0 33014
p 0 223 33014
x 0 33015
p 0 228 33015
x 0 33016
p 0 245 33016
x 0 33017
p 0 233 33017
x 0 33018
p 0 235 33018
x 0 33019
p 0 349 33019
x 0 33020
p 0 283 33020
x 0 33021
p 0 230 33021
x 0 33022
p 0 234 33022
x 0 33023
p 0 264 33023
x 0 33024
p 0 231 33024
x 0 33025
p 0 233 33025
x 0 33026
p 0 233 33026
x 0 33027
p 0 232 33027
x 0 33028
p 0 220 33028
x 0 33029
p 0 220 33029
x 0 33030
p 0 221 33030
x 0 33031
p 0 253 33031
x 0 33032
p 0 220 33032
x 0 33033
p 0 219 33033
x 0 33034
p 0 225 33034
x 0 33035
p 0 260 33035
x 0 33036
p 0 232 33036
x 0 33037
p 0 244 33037
x 0 33038
p 0 231 33038
x 0 33039
p 0 259 33039
x 0 33040
p 0 232 33040
x 0 33041
p 0 231 33041
x 0 33042
p 0 238 33042
x 0 33043
p 0 268 33043
x 0 33044
p 0 126 33044
x 0 33045
p 0 228 33045
x 0 33046
p 0 227 33046
x 0 33047
p 0 143 33047
x 0 33048
p 0 227 33048
x 0 33049
p 0 228 33049
x 0 33050
p 0 235 33050
x 0 33051
p 0 266 33051
x 0 33052
p 0 233 33052
x 0 33053
p 0 234 33053
x 0 33054
p 0 234 33054
x 0 33055
p 0 266 33055
x 0 33056
p 0 200 33056
x 0 33057
p 0 231 33057
x 0 33058
p 0 231 33058
x 0 33059
p 0 199 33059
x 0 33060
p 0 228 33060
x 0 33061
p 0 231 33061
x 0 33062
p 0 227 33062
x 0 33000
x 1 33001
h 1 10.0.0.12
p 1 633 33001
x 2 33002
h 2 10.0.0.12
p 2 229 33002
x 0 33003
h 0 10.0.0.12
p 0 233 33003
x 1 33004
p 1 229 33004
p 0 1019977 33000
x 0 33005
p 0 227 33005
x 0 33006
p 0 228 33006
x 0 33007
p 0 185 33007
x 0 33008
p 0 238 33008
x 0 33009
p 0 230 33009
x 0 33010
p 0 229 33010
x 0 33011
p 0 230 33011
x 0 33012
p 0 227 33012
x 0 33013
p 0 227 33013
x 0 33014
p 0 276 33014
x 0 33015
p 0 232 33015
x 0 33016
p 0 232 33016
x 0 33017
p 0 232 33017
x 0 33018
p 0 272 33018
x 0 33019
p 0 234 33019
x 0 33020
p 0 235 33020
x 0 33021
p 0 234 33021
x 0 33022
p 0 237 33022
x 0 33023
p 0 194 33023
x 0 33024
p 0 236 33024
x 0 33025
p 0 303 33025
x 0 33026
p 0 237 33026
x 0 33027
p 0 232 33027
x 0 33028
p 0 233 33028
x 0 33029
p 0 230 33029
x 0 33030
p 0 227 33030
x 0 33031
p 0 230 33031
x 0 33032
p 0 260 33032
x 0 33033
p 0 229 33033
x 0 33034
p 0 229 33034
x 0 33035
p 0 318 33035
x 0 33036
p 0 268 33036
x 0 33037
p 0 235 33037
x 0 33038
p 0 244 33038
x 0 33039
p 0 254 33039
x 0 33040
p 0 237 33040
x 0 33041
p 0 243 33041
x 0 33042
p 0 228 33042
x 0 33043
p 0 230 33043
x 0 33044
p 0 230 33044
x 0 33045
p 0 232 33045
x 0 33046
p 0 233 33046
x 0 33047
p 0 231 33047
x 0 33048
p 0 233 33048
x 0 33049
p 0 268 33049
x 0 33050
p 0 330 33050
x 0 33051
p 0 265 33051
x 0 33052
p 0 320 33052
x 0 33053
p 0 268 33053
x 0 33054
p 0 234 33054
x 0 33055
p 0 263 33055
x 0 33056
p 0 231 33056
x 0 33057
p 0 331 33057
x 0 33058
p 0 259 33058
x 0 33059
p 0 232 33059
x 0 33060
p 0 259 33060
x 0 33061
p 0 315 33061
x 0 33062
p 0 261 33062
x 0 33000
x 1 33001
h 1 10.0.0.12
p 1 625 33001
x 2 33002
h 2 10.0.0.12
p 2 175 33002
x 0 33003
h 0 10.0.0.12
p 0 180 33003
x 1 33004
p 1 181 33004
p 0 1014956 33000
x 0 33005
p 0 243 33005
x 0 33006
p 0 242 33006
x 0 33007
p 0 227 33007
x 0 33008
p 0 274 33008
x 0 33009
p 0 302 33009
x 0 33010
p 0 322 33010
x 0 33011
p 0 248 33011
x 0 33012
p 0 280 33012
x 0 33013
p 0 226 33013
x 0 33014
p 0 282 33014
x 0 33015
p 0 283 33015
x 0 33016
p 0 226 33016
x 0 33017
p 0 326 33017
x 0 33018
p 0 326 33018
x 0 33019
p 0 225 33019
x 0 33020
p 0 223 33020
x 0 33021
p 0 224 33021
x 0 33022
p 0 224 33022
x 0 33023
p 0 223 33023
x 0 33024
p 0 221 33024
x 0 33025
p 0 221 33025
x 0 33026
p 0 226 33026
x 0 33027
p 0 223 33027
x 0 33028
p 0 223 33028
x 0 33029
p 0 300 33029
x 0 33030
p 0 228 33030
x 0 33031
p 0 227 33031
x 0 33032
p 0 226 33032
x 0 33033
p 0 327 33033
x 0 33034
p 0 195 33034
x 0 33035
p 0 229 33035
x 0 33036
p 0 227 33036
x 0 33037
p 0 226 33037
x 0 33038
p 0 291 33038
x 0 33039
p 0 396 33039
x 0 33040
p 0 225 33040
x 0 33041
p 0 325 33041
x 0 33042
p 0 194 33042
x 0 33043
p 0 225 33043
x 0 33044
p 0 225 33044
x 0 33045
p 0 195 33045
x 0 33046
p 0 229 33046
x 0 33047
p 0 226 33047
x 0 33048
p 0 224 33048
x 0 33049
p 0 228 33049
x 0 33050
p 0 224 33050
x 0 33051
p 0 229 33051
x 0 33052
p 0 226 33052
x 0 33053
p 0 229 33053
x 0 33054
p 0 229 33054
x 0 33055
p 0 260 33055
x 0 33056
p 0 229 33056
x 0 33057
p 0 225 33057
x 0 33058
p 0 229 33058
x 0 33059
p 0 228 33059
x 0 33060
p 0 225 33060
x 0 33061
p 0 225 33061
x 0 33062
p 0 225 33062
x 0 33000
x 1 33001
h 1 10.0.0.12
p 1 1520 33001
x 2 33002
h 2 10.0.0.12
p 2 224 33002
x 0 33003
h 0 10.0.0.12
p 0 226 33003
x 1 33004
p 1 224 33004
p 0 1024008 33000
x 0 33005
p 0 220 33005
x 0 33006
p 0 226 33006
x 0 33007
p 0 223 33007
x 0 33008
p 0 231 33008
x 0 33009
p 0 285 33009
x 0 33010
p 0 326 33010
x 0 33011
p 0 329 33011
x 0 33012
p 0 232 33012
x 0 33013
p 0 237 33013
x 0 33014
p 0 241 33014
x 0 33015
p 0 233 33015
x 0 33016
p 0 231 33016
x 0 33017
p 0 233 33017
x 0 33018
p 0 260 33018
x 0 33019
p 0 239 33019
x 0 33020
p 0 238 33020
x 0 33021
p 0 229 33021
x 0 33022
p 0 334 33022
x 0 33023
p 0 233 33023
x 0 33024
p 0 237 33024
x 0 33025
p 0 291 33025
x 0 33026
p 0 233 33026
x 0 33027
p 0 235 33027
x 0 33028
p 0 231 33028
x 0 33029
p 0 236 33029
x 0 33030
p 0 234 33030
x 0 33031
p 0 235 33031
x 0 33032
p 0 234 33032
x 0 33033
p 0 233 33033
x 0 33034
p 0 235 33034
x 0 33035
p 0 238 33035
x 0 33036
p 0 265 33036
x 0 33037
p 0 234 33037
x 0 33038
p 0 234 33038
x 0 33039
p 0 234 33039
x 0 33040
p 0 239 33040
x 0 33041
p 0 234 33041
x 0 33042
p 0 234 33042
x 0 33043
p 0 268 33043
x 0 33044
p 0 240 33044
x 0 33045
p 0 240 33045
x 0 33046
p 0 238 33046
x 0 33047
p 0 233 33047
x 0 33048
p 0 234 33048
x 0 33049
p 0 237 33049
x 0 33050
p 0 289 33050
x 0 33051
p 0 236 33051
x 0 33052
p 0 233 33052
x 0 33053
p 0 240 33053
x 0 33054
p 0 236 33054
x 0 33055
p 0 236 33055
x 0 33056
p 0 233 33056
x 0 33057
p 0 272 33057
x 0 33058
p 0 232 33058
x 0 33059
p 0 233 33059
x 0 33060
p 0 236 33060
x 0 33061
p 0 237 33061
x 0 33062
p 0 232 33062
x 0 33000
x 1 33001
h 1 10.0.0.12
p 1 1143 33001
x 2 33002
h 2 10.0.0.12
p 2 225 33002
x 0 33003
h 0 10.0.0.12
p 0 257 33003
x 1 33004
p 1 225 33004
p 0 1018585 33000
x 0 33005
p 0 252 33005
x 0 33006
p 0 236 33006
x 0 33007
p 0 189 33007
x 0 33008
p 0 284 33008
x 0 33009
p 0 234 33009
x 0 33010
p 0 260 33010
x 0 33011
p 0 235 33011
x 0 33012
p 0 234 33012
x 0 33013
p 0 257 33013
x 0 33014
p 0 232 33014
x 0 33015
p 0 258 33015
x 0 33016
p 0 233 33016
x 0 33017
p 0 264 33017
x 0 33018
p 0 310 33018
x 0 33019
p 0 309 33019
x 0 33020
p 0 305 33020
x 0 33021
p 0 234 33021
x 0 33022
p 0 231 33022
x 0 33023
p 0 231 33023
x 0 33024
p 0 233 33024
x 0 33025
p 0 230 33025
x 0 33026
p 0 234 33026
x 0 33027
p 0 298 33027
x 0 33028
p 0 230 33028
x 0 33029
p 0 233 33029
x 0 33030
p 0 228 33030
x 0 33031
p 0 228 33031
x 0 33032
p 0 234 33032
x 0 33033
p 0 229 33033
x 0 33034
p 0 322 33034
x 0 33035
p 0 271 33035
x 0 33036
p 0 233 33036
x 0 33037
p 0 236 33037
x 0 33038
p 0 239 33038
x 0 33039
p 0 239 33039
x 0 33040
p 0 235 33040
x 0 33041
p 0 281 33041
x 0 33042
p 0 332 33042
x 0 33043
p 0 246 33043
x 0 33044
p 0 270 33044
x 0 33045
p 0 236 33045
x 0 33046
p 0 238 33046
x 0 33047
p 0 240 33047
x 0 33048
p 0 237 33048
x 0 33049
p 0 246 33049
x 0 33050
p 0 237 33050
x 0 33051
p 0 241 33051
x 0 33052
p 0 280 33052
x 0 33053
p 0 239 33053
x 0 33054
p 0 238 33054
x 0 33055
p 0 231 33055
x 0 33056
p 0 233 33056
x 0 33057
p 0 235 33057
x 0 33058
p 0 317 33058
x 0 33059
p 0 273 33059
x 0 33060
p 0 239 33060
x 0 33061
p 0 239 33061
x 0 33062
p 0 269 33062
x 0 33000
x 1 33001
h 1 10.0.0.12
p 1 812 33001
x 2 33002
h 2 10.0.0.12
p 2 243 33002
x 0 33003
h 0 10.0.0.12
p 0 230 33003
x 1 33004
p 1 225 33004
p 0 1032532 33000
x 0 33005
p 0 232 33005
x 0 33006
p 0 260 33006
x 0 33007
p 0 189 33007
x 0 33008
p 0 230 33008
x 0 33009
p 0 235 33009
x 0 33010
p 0 384 33010
x 0 33011
p 0 383 33011
x 0 33012
p 0 436 33012
x 0 33013
p 0 388 33013
x 0 33014
p 0 465 33014
x 0 33015
p 0 385 33015
x 0 33016
p 0 445 33016
x 0 33017
p 0 384 33017
x 0 33018
p 0 402 33018
x 0 33019
p 0 390 33019
x 0 33020
p 0 455 33020
x 0 33021
p 0 322 33021
x 0 33022
p 0 349 33022
x 0 33023
p 0 324 33023
x 0 33024
p 0 353 33024
x 0 33025
p 0 222 33025
x 0 33026
p 0 249 33026
x 0 33027
p 0 223 33027
x 0 33028
p 0 226 33028
x 0 33029
p 0 227 33029
x 0 33030
p 0 328 33030
x 0 33031
p 0 321 33031
x 0 33032
p 0 329 33032
x 0 33033
p 0 230 33033
x 0 33034
p 0 334 33034
x 0 33035
p 0 337 33035
x 0 33036
p 0 328 33036
x 0 33037
p 0 233 33037
x 0 33038
p 0 236 33038
x 0 33039
p 0 239 33039
x 0 33040
p 0 232 33040
x 0 33041
p 0 233 33041
x 0 33042
p 0 235 33042
x 0 33043
p 0 340 33043
x 0 33044
p 0 239 33044
x 0 33045
p 0 238 33045
x 0 33046
p 0 327 33046
x 0 33047
p 0 328 33047
x 0 33048
p 0 330 33048
x 0 33049
p 0 246 33049
x 0 33050
p 0 242 33050
x 0 33051
p 0 235 33051
x 0 33052
p 0 229 33052
x 0 33053
p 0 238 33053
x 0 33054
p 0 235 33054
x 0 33055
p 0 278 33055
x 0 33056
p 0 327 33056
x 0 33057
p 0 325 33057
x 0 33058
p 0 330 33058
x 0 33059
p 0 236 33059
x 0 33060
p 0 238 33060
x 0 33061
p 0 326 33061
x 0 33062
p 0 268 33062
x 0 33000
x 1 33001
h 1 10.0.0.12
p 1 825 33001
x 2 33002
h 2 10.0.0.12
p 2 227 33002
x 0 33003
h 0 10.0.0.12
p 0 228 33003
x 1 33004
p 1 229 33004
p 0 1005579 33000
x 0 33005
p 0 229 33005
x 0 33006
p 0 231 33006
x 0 33007
p 0 233 33007
x 0 33008
p 0 242 33008
x 0 33009
p 0 233 33009
x 0 33010
p 0 234 33010
x 0 33011
p 0 232 33011
x 0 33012
p 0 233 33012
x 0 33013
p 0 258 33013
x 0 33014
p 0 227 33014
x 0 33015
p 0 233 33015
x 0 33016
p 0 234 33016
x 0 33017
p 0 235 33017
x 0 33018
p 0 232 33018
x 0 33019
p 0 231 33019
x 0 33020
p 0 231 33020
x 0 33021
p 0 232 33021
x 0 33022
p 0 232 33022
x 0 33023
p 0 227 33023
x 0 33024
p 0 229 33024
x 0 33025
p 0 231 33025
x 0 33026
p 0 232 33026
x 0 33027
p 0 231 33027
x 0 33028
p 0 235 33028
x 0 33029
p 0 231 33029
x 0 33030
p 0 232 33030
x 0 33031
p 0 228 33031
x 0 33032
p 0 230 33032
x 0 33033
p 0 230 33033
x 0 33034
p 0 232 33034
x 0 33035
p 0 233 33035
x 0 33036
p 0 241 33036
x 0 33037
p 0 237 33037
x 0 33038
p 0 235 33038
x 0 33039
p 0 235 33039
x 0 33040
p 0 238 33040
x 0 33041
p 0 235 33041
x 0 33042
p 0 232 33042
x 0 33043
p 0 232 33043
x 0 33044
p 0 236 33044
x 0 33045
p 0 233 33045
x 0 33046
p 0 234 33046
x 0 33047
p 0 236 33047
x 0 33048
p 0 234 33048
x 0 33049
p 0 235 33049
x 0 33050
p 0 238 33050
x 0 33051
p 0 235 33051
x 0 33052
p 0 266 33052
x 0 33053
p 0 207 33053
x 0 33054
p 0 235 33054
x 0 33055
p 0 233 33055
x 0 33056
p 0 281 33056
x 0 33057
p 0 233 33057
x 0 33058
p 0 234 33058
x 0 33059
p 0 258 33059
x 0 33060
p 0 264 33060
x 0 33061
p 0 256 33061
x 0 33062
p 0 229 33062
x 0 33000
x 1 33001
x 2 33002
h 2 10.0.0.12
p 2 713 33002
x 3 33003
h 3 10.0.0.12
p 3 229 33003
x 0 33004
h 0 10.0.0.12
p 0 155 33004
x 1 33005
h 1 10.0.0.12
p 1 229 33005
p 0 1017750 33000
x 0 33006
p 0 193 33006
p 1 1013457 33001
x 0 33007
p 0 265 33007
x 0 33008
p 0 260 33008
x 0 33009
p 0 187 33009
x 0 33010
p 0 178 33010
x 0 33011
p 0 118 33011
x 0 33012
p 0 186 33012
x 0 33013
p 0 199 33013
x 0 33014
p 0 166 33014
x 0 33015
p 0 201 33015
x 0 33016
p 0 194 33016
x 0 33017
p 0 188 33017
x 0 33018
p 0 197 33018
x 0 33019
p 0 163 33019
x 0 33020
p 0 186 33020
x 0 33021
p 0 184 33021
x 0 33022
p 0 176 33022
x 0 33023
p 0 188 33023
x 0 33024
p 0 223 33024
x 0 33025
p 0 173 33025
x 0 33026
p 0 228 33026
x 0 33027
p 0 178 33027
x 0 33028
p 0 187 33028
x 0 33029
p 0 190 33029
x 0 33030
p 0 190 33030
x 0 33031
p 0 185 33031
x 0 33032
p 0 181 33032
x 0 33033
p 0 241 33033
x 0 33034
p 0 189 33034
x 0 33035
p 0 264 33035
x 0 33036
p 0 279 33036
x 0 33037
p 0 343 33037
x 0 33038
p 0 255 33038
x 0 33039
p 0 260 33039
x 0 33040
p 0 193 33040
x 0 33041
p 0 144 33041
x 0 33042
p 0 237 33042
x 0 33043
p 0 256 33043
x 0 33044
p 0 268 33044
x 0 33045
p 0 278 33045
x 0 33046
p 0 292 33046
x 0 33047
p 0 271 33047
x 0 33048
p 0 272 33048
x 0 33049
p 0 273 33049
x 0 33050
p 0 275 33050
x 0 33051
p 0 276 33051
x 0 33052
p 0 245 33052
x 0 33053
p 0 264 33053
x 0 33054
p 0 279 33054
x 0 33055
p 0 371 33055
x 0 33056
p 0 285 33056
x 0 33057
p 0 271 33057
x 0 33058
p 0 263 33058
x 0 33059
p 0 300 33059
x 0 33060
p 0 277 33060
x 0 33061
p 0 242 33061
x 0 33062
p 0 234 33062
x 0 33063
p 0 215 33063
x 0 33000
x 1 33001
h 1 10.0.0.12
p 1 1081 33001
x 2 33002
h 2 10.0.0.12
p 2 230 33002
x 0 33003
h 0 10.0.0.12
p 0 276 33003
x 1 33004
p 1 271 33004
p 0 1025922 33000
x 0 33005
p 0 226 33005
x 0 33006
p 0 224 33006
x 0 33007
p 0 228 33007
x 0 33008
p 0 226 33008
x 0 33009
p 0 232 33009
x 0 33010
p 0 228 33010
x 0 33011
p 0 231 33011
x 0 33012
p 0 232 33012
x 0 33013
p 0 226 33013
x 0 33014
p 0 228 33014
x 0 33015
p 0 231 33015
x 0 33016
p 0 277 33016
x 0 33017
p 0 232 33017
x 0 33018
p 0 224 33018
x 0 33019
p 0 229 33019
x 0 33020
p 0 230 33020
x 0 33021
p 0 226 33021
x 0 33022
p 0 112 33022
x 0 33023
p 0 228 33023
x 0 33024
p 0 233 33024
x 0 33025
p 0 304 33025
x 0 33026
p 0 146 33026
x 0 33027
p 0 234 33027
x 0 33028
p 0 134 33028
x 0 33029
p 0 237 33029
x 0 33030
p 0 237 33030
x 0 33031
p 0 232 33031
x 0 33032
p 0 238 33032
x 0 33033
p 0 235 33033
x 0 33034
p 0 245 33034
x 0 33035
p 0 237 33035
x 0 33036
p 0 224 33036
x 0 33037
p 0 236 33037
x 0 33038
p 0 229 33038
x 0 33039
p 0 236 33039
x 0 33040
p 0 233 33040
x 0 33041
p 0 227 33041
x 0 33042
p 0 233 33042
x 0 33043
p 0 259 33043
x 0 33044
p 0 251 33044
x 0 33045
p 0 232 33045
x 0 33046
p 0 230 33046
x 0 33047
p 0 242 33047
x 0 33048
p 0 236 33048
x 0 33049
p 0 243 33049
x 0 33050
p 0 265 33050
x 0 33051
p 0 230 33051
x 0 33052
p 0 228 33052
x 0 33053
p 0 236 33053
x 0 33054
p 0 274 33054
x 0 33055
p 0 235 33055
x 0 33056
p 0 230 33056
x 0 33057
p 0 262 33057
x 0 33058
p 0 241 33058
x 0 33059
p 0 249 33059
x 0 33060
p 0 249 33060
x 0 33061
p 0 275 33061
x 0 33062
p 0 235 33062
x 0 33000
x 1 33001
h 1 10.0.0.12
p 1 996 33001
x 2 33002
h 2 10.0.0.12
p 2 232 33002
x 0 33003
h 0 10.0.0.12
p 0 260 33003
x 1 33004
p 1 229 33004
p 0 1009909 33000
x 0 33005
p 0 212 33005
x 0 33006
p 0 340 33006
x 0 33007
p 0 238 33007
x 0 33008
p 0 377 33008
x 0 33009
p 0 238 33009
x 0 33010
p 0 278 33010
x 0 33011
p 0 273 33011
x 0 33012
p 0 255 33012
x 0 33013
p 0 236 33013
x 0 33014
p 0 240 33014
x 0 33015
p 0 237 33015
x 0 33016
p 0 245 33016
x 0 33017
p 0 245 33017
x 0 33018
p 0 284 33018
x 0 33019
p 0 313 33019
x 0 33020
p 0 238 33020
x 0 33021
p 0 248 33021
x 0 33022
p 0 261 33022
x 0 33023
p 0 456 33023
x 0 33024
p 0 193 33024
x 0 33025
p 0 256 33025
x 0 33026
p 0 190 33026
x 0 33027
p 0 193 33027
x 0 33028
p 0 368 33028
x 0 33029
p 0 245 33029
x 0 33030
p 0 379 33030
x 0 33031
p 0 1059 33031
x 0 33032
p 0 315 33032
x 0 33033
p 0 213 33033
x 0 33034
p 0 301 33034
x 0 33035
p 0 215 33035
x 0 33036
p 0 300 33036
x 0 33037
p 0 424 33037
x 0 33038
p 0 385 33038
x 0 33039
p 0 458 33039
x 0 33040
p 0 416 33040
x 0 33041
p 0 466 33041
x 0 33042
p 0 331 33042
x 0 33043
p 0 314 33043
x 0 33044
p 0 319 33044
x 0 33045
p 0 355 33045
x 0 33046
p 0 371 33046
x 0 33047
p 0 329 33047
x 0 33048
p 0 354 33048
x 0 33049
p 0 254 33049
x 0 33050
p 0 353 33050
x 0 33051
p 0 243 33051
x 0 33052
p 0 246 33052
x 0 33053
p 0 691 33053
x 0 33054
p 0 341 33054
x 0 33055
p 0 268 33055
x 0 33056
p 0 235 33056
x 0 33057
p 0 232 33057
x 0 33058
p 0 188 33058
x 0 33059
p 0 233 33059
x 0 33060
p 0 232 33060
x 0 33061
p 0 270 33061
x 0 33062
p 0 292 33062
x 0 33000
x 1 33001
h 1 10.0.0.12
p 1 887 33001
x 2 33002
h 2 10.0.0.12
p 2 225 33002
x 0 33003
h 0 10.0.0.12
p 0 124 33003
x 1 33004
p 1 233 33004
p 0 1025214 33000
x 0 33005
p 0 176 33005
x 0 33006
p 0 264 33006
x 0 33007
p 0 195 33007
x 0 33008
p 0 191 33008
x 0 33009
p 0 194 33009
x 0 33010
p 0 257 33010
x 0 33011
p 0 202 33011
x 0 33012
p 0 333 33012
x 0 33013
p 0 257 33013
x 0 33014
p 0 273 33014
x 0 33015
p 0 431 33015
x 0 33016
p 0 200 33016
x 0 33017
p 0 389 33017
x 0 33018
p 0 225 33018
x 0 33019
p 0 180 33019
x 0 33020
p 0 184 33020
x 0 33021
p 0 181 33021
x 0 33022
p 0 221 33022
x 0 33023
p 0 177 33023
x 0 33024
p 0 181 33024
x 0 33025
p 0 175 33025
x 0 33026
p 0 240 33026
x 0 33027
p 0 197 33027
x 0 33028
p 0 194 33028
x 0 33029
p 0 193 33029
x 0 33030
p 0 245 33030
x 0 33031
p 0 242 33031
x 0 33032
p 0 241 33032
x 0 33033
p 0 242 33033
x 0 33034
p 0 249 33034
x 0 33035
p 0 242 33035
x 0 33036
p 0 271 33036
x 0 33037
p 0 425 33037
x 0 33038
p 0 277 33038
x 0 33039
p 0 286 33039
x 0 33040
p 0 294 33040
x 0 33041
p 0 350 33041
x 0 33042
p 0 297 33042
x 0 33043
p 0 195 33043
x 0 33044
p 0 196 33044
x 0 33045
p 0 192 33045
x 0 33046
p 0 201 33046
x 0 33047
p 0 210 33047
x 0 33048
p 0 212 33048
x 0 33049
p 0 217 33049
x 0 33050
p 0 195 33050
x 0 33051
p 0 193 33051
x 0 33052
p 0 76 33052
x 0 33053
p 0 195 33053
x 0 33054
p 0 241 33054
x 0 33055
p 0 190 33055
x 0 33056
p 0 197 33056
x 0 33057
p 0 200 33057
x 0 33058
p 0 287 33058
x 0 33059
p 0 195 33059
x 0 33060
p 0 201 33060
x 0 33061
p 0 198 33061
x 0 33062
p 0 193 33062
x 0 33000
x 1 33001
h 1 10.0.0.12
p 1 879 33001
x 2 33002
h 2 10.0.0.12
p 2 247 33002
x 0 33003
h 0 10.0.0.12
p 0 210 33003
x 1 33004
p 1 226 33004
p 0 1029808 33000
x 0 33005
p 0 304 33005
x 0 33006
p 0 352 33006
x 0 33007
p 0 353 33007
x 0 33008
p 0 525 33008
x 0 33009
p 0 259 33009
x 0 33010
p 0 299 33010
x 0 33011
p 0 363 33011
x 0 33012
p 0 292 33012
x 0 33013
p 0 310 33013
x 0 33014
p 0 345 33014
x 0 33015
p 0 393 33015
x 0 33016
p 0 346 33016
x 0 33017
p 0 299 33017
x 0 33018
p 0 312 33018
x 0 33019
p 0 315 33019
x 0 33020
p 0 262 33020
x 0 33021
p 0 191 33021
x 0 33022
p 0 236 33022
x 0 33023
p 0 170 33023
x 0 33024
p 0 193 33024
x 0 33025
p 0 200 33025
x 0 33026
p 0 272 33026
x 0 33027
p 0 231 33027
x 0 33028
p 0 231 33028
x 0 33029
p 0 174 33029
x 0 33030
p 0 307 33030
x 0 33031
p 0 231 33031
x 0 33032
p 0 190 33032
x 0 33033
p 0 320 33033
x 0 33034
p 0 398 33034
x 0 33035
p 0 237 33035
x 0 33036
p 0 283 33036
x 0 33037
p 0 190 33037
x 0 33038
p 0 185 33038
x 0 33039
p 0 180 33039
x 0 33040
p 0 186 33040
x 0 33041
p 0 169 33041
x 0 33042
p 0 191 33042
x 0 33043
p 0 189 33043
x 0 33044
p 0 261 33044
x 0 33045
p 0 196 33045
x 0 33046
p 0 189 33046
x 0 33047
p 0 192 33047
x 0 33048
p 0 236 33048
x 0 33049
p 0 307 33049
x 0 33050
p 0 190 33050
x 0 33051
p 0 324 33051
x 0 33052
p 0 183 33052
x 0 33053
p 0 182 33053
x 0 33054
p 0 184 33054
x 0 33055
p 0 83 33055
x 0 33056
p 0 199 33056
x 0 33057
p 0 209 33057
x 0 33058
p 0 193 33058
x 0 33059
p 0 96 33059
x 0 33060
p 0 283 33060
x 0 33061
p 0 202 33061
x 0 33062
p 0 204 33062
x 0 33000
x 1 33001
h 1 10.0.0.12
p 1 875 33001
x 2 33002
h 2 10.0.0.12
p 2 183 33002
x 0 33003
h 0 10.0.0.12
p 0 408 33003
x 1 33004
p 1 203 33004
p 0 1024940 33000
x 0 33005
p 0 261 33005
x 0 33006
p 0 175 33006
x 0 33007
p 0 236 33007
x 0 33008
p 0 268 33008
x 0 33009
p 0 230 33009
x 0 33010
p 0 260 33010
x 0 33011
p 0 224 33011
x 0 33012
p 0 226 33012
x 0 33013
p 0 257 33013
x 0 33014
p 0 228 33014
x 0 33015
p 0 259 33015
x 0 33016
p 0 228 33016
x 0 33017
p 0 259 33017
x 0 33018
p 0 231 33018
x 0 33019
p 0 223 33019
x 0 33020
p 0 226 33020
x 0 33021
p 0 228 33021
x 0 33022
p 0 162 33022
x 0 33023
p 0 228 33023
x 0 33024
p 0 229 33024
x 0 33025
p 0 231 33025
x 0 33026
p 0 229 33026
x 0 33027
p 0 229 33027
x 0 33028
p 0 199 33028
x 0 33029
p 0 227 33029
x 0 33030
p 0 224 33030
x 0 33031
p 0 564 33031
x 0 33032
p 0 195 33032
x 0 33033
p 0 225 33033
x 0 33034
p 0 272 33034
x 0 33035
p 0 270 33035
x 0 33036
p 0 232 33036
x 0 33037
p 0 233 33037
x 0 33038
p 0 232 33038
x 0 33039
p 0 232 33039
x 0 33040
p 0 242 33040
x 0 33041
p 0 201 33041
x 0 33042
p 0 230 33042
x 0 33043
p 0 198 33043
x 0 33044
p 0 198 33044
x 0 33045
p 0 280 33045
x 0 33046
p 0 390 33046
x 0 33047
p 0 189 33047
x 0 33048
p 0 229 33048
x 0 33049
p 0 226 33049
x 0 33050
p 0 222 33050
x 0 33051
p 0 194 33051
x 0 33052
p 0 232 33052
x 0 33053
p 0 232 33053
x 0 33054
p 0 238 33054
x 0 33055
p 0 206 33055
x 0 33056
p 0 241 33056
x 0 33057
p 0 244 33057
x 0 33058
p 0 236 33058
x 0 33059
p 0 206 33059
x 0 33060
p 0 205 33060
x 0 33061
p 0 233 33061
x 0 33062
p 0 233 33062
x 0 33000
x 1 33001
h 1 10.0.0.12
p 1 734 33001
x 2 33002
h 2 10.0.0.12
p 2 219 33002
x 0 33003
h 0 10.0.0.12
p 0 211 33003
x 1 33004
p 1 225 33004
p 0 1003981 33000
x 0 33005
p 0 203 33005
x 0 33006
p 0 227 33006
x 0 33007
p 0 288 33007
x 0 33008
p 0 230 33008
x 0 33009
p 0 199 33009
x 0 33010
p 0 278 33010
x 0 33011
p 0 225 33011
x 0 33012
p 0 238 33012
x 0 33013
p 0 227 33013
x 0 33014
p 0 234 33014
x 0 33015
p 0 234 33015
x 0 33016
p 0 227 33016
x 0 33017
p 0 230 33017
x 0 33018
p 0 234 33018
x 0 33019
p 0 232 33019
x 0 33020
p 0 229 33020
x 0 33021
p 0 231 33021
x 0 33022
p 0 282 33022
x 0 33023
p 0 228 33023
x 0 33024
p 0 228 33024
x 0 33025
p 0 274 33025
x 0 33026
p 0 230 33026
x 0 33027
p 0 228 33027
x 0 33028
p 0 228 33028
x 0 33029
p 0 269 33029
x 0 33030
p 0 233 33030
x 0 33031
p 0 226 33031
x 0 33032
p 0 231 33032
x 0 33033
p 0 237 33033
x 0 33034
p 0 236 33034
x 0 33035
p 0 239 33035
x 0 33036
p 0 298 33036
x 0 33037
p 0 287 33037
x 0 33038
p 0 237 33038
x 0 33039
p 0 241 33039
x 0 33040
p 0 237 33040
x 0 33041
p 0 232 33041
x 0 33042
p 0 237 33042
x 0 33043
p 0 236 33043
x 0 33044
p 0 240 33044
x 0 33045
p 0 236 33045
x 0 33046
p 0 241 33046
x 0 33047
p 0 234 33047
x 0 33048
p 0 235 33048
x 0 33049
p 0 235 33049
x 0 33050
p 0 236 33050
x 0 33051
p 0 246 33051
x 0 33052
p 0 237 33052
x 0 33053
p 0 235 33053
x 0 33054
p 0 245 33054
x 0 33055
p 0 232 33055
x 0 33056
p 0 236 33056
x 0 33057
p 0 233 33057
x 0 33058
p 0 231 33058
x 0 33059
p 0 231 33059
x 0 33060
p 0 235 33060
x 0 33061
p 0 233 33061
x 0 33062
p 0 231 33062
x 0 33000
x 1 33001
h 1 10.0.0.12
p 1 921 33001
x 2 33002
h 2 10.0.0.12
p 2 230 33002
x 0 33003
h 0 10.0.0.12
p 0 227 33003
x 1 33004
p 1 225 33004
p 0 1008556 33000
x 0 33005
p 0 241 33005
x 0 33006
p 0 260 33006
x 0 33007
p 0 231 33007
x 0 33008
p 0 270 33008
x 0 33009
p 0 251 33009
x 0 33010
p 0 226 33010
x 0 33011
p 0 225 33011
x 0 33012
p 0 196 33012
x 0 33013
p 0 226 33013
x 0 33014
p 0 203 33014
x 0 33015
p 0 192 33015
x 0 33016
p 0 224 33016
x 0 33017
p 0 289 33017
x 0 33018
p 0 195 33018
x 0 33019
p 0 200 33019
x 0 33020
p 0 202 33020
x 0 33021
p 0 206 33021
x 0 33022
p 0 208 33022
x 0 33023
p 0 204 33023
x 0 33024
p 0 198 33024
x 0 33025
p 0 197 33025
x 0 33026
p 0 198 33026
x 0 33027
p 0 204 33027
x 0 33028
p 0 197 33028
x 0 33029
p 0 200 33029
x 0 33030
p 0 210 33030
x 0 33031
p 0 205 33031
x 0 33032
p 0 201 33032
x 0 33033
p 0 190 33033
x 0 33034
p 0 194 33034
x 0 33035
p 0 229 33035
x 0 33036
p 0 247 33036
x 0 33037
p 0 235 33037
x 0 33038
p 0 186 33038
x 0 33039
p 0 229 33039
x 0 33040
p 0 246 33040
x 0 33041
p 0 192 33041
x 0 33042
p 0 290 33042
x 0 33043
p 0 188 33043
x 0 33044
p 0 204 33044
x 0 33045
p 0 192 33045
x 0 33046
p 0 203 33046
x 0 33047
p 0 234 33047
x 0 33048
p 0 195 33048
x 0 33049
p 0 239 33049
x 0 33050
p 0 201 33050
x 0 33051
p 0 257 33051
x 0 33052
p 0 232 33052
x 0 33053
p 0 232 33053
x 0 33054
p 0 218 33054
x 0 33055
p 0 240 33055
x 0 33056
p 0 287 33056
x 0 33057
p 0 242 33057
x 0 33058
p 0 237 33058
x 0 33059
p 0 248 33059
x 0 33060
p 0 275 33060
x 0 33061
p 0 357 33061
x 0 33062
p 0 238 33062
x 0 33000
x 1 33001
h 1 10.0.0.12
p 1 979 33001
x 2 33002
h 2 10.0.0.12
p 2 207 33002
x 0 33003
h 0 10.0.0.12
p 0 192 33003
x 1 33004
p 1 186 33004
p 0 1015900 33000
x 0 33005
p 0 162 33005
x 0 33006
p 0 226 33006
x 0 33007
p 0 228 33007
x 0 33008
p 0 188 33008
x 0 33009
p 0 202 33009
x 0 33010
p 0 325 33010
x 0 33011
p 0 199 33011
x 0 33012
p 0 208 33012
x 0 33013
p 0 211 33013
x 0 33014
p 0 201 33014
x 0 33015
p 0 202 33015
x 0 33016
p 0 203 33016
x 0 33017
p 0 195 33017
x 0 33018
p 0 206 33018
x 0 33019
p 0 208 33019
x 0 33020
p 0 200 33020
x 0 33021
p 0 268 33021
x 0 33022
p 0 243 33022
x 0 33023
p 0 208 33023
x 0 33024
p 0 200 33024
x 0 33025
p 0 201 33025
x 0 33026
p 0 205 33026
x 0 33027
p 0 196 33027
x 0 33028
p 0 233 33028
x 0 33029
p 0 416 33029
x 0 33030
p 0 203 33030
x 0 33031
p 0 402 33031
x 0 33032
p 0 228 33032
x 0 33033
p 0 232 33033
x 0 33034
p 0 213 33034
x 0 33035
p 0 231 33035
x 0 33036
p 0 262 33036
x 0 33037
p 0 239 33037
x 0 33038
p 0 210 33038
x 0 33039
p 0 240 33039
x 0 33040
p 0 230 33040
x 0 33041
p 0 236 33041
x 0 33042
p 0 232 33042
x 0 33043
p 0 241 33043
x 0 33044
p 0 240 33044
x 0 33045
p 0 231 33045
x 0 33046
p 0 234 33046
x 0 33047
p 0 235 33047
x 0 33048
p 0 240 33048
x 0 33049
p 0 234 33049
x 0 33050
p 0 268 33050
x 0 33051
p 0 236 33051
x 0 33052
p 0 232 33052
x 0 33053
p 0 233 33053
x 0 33054
p 0 237 33054
x 0 33055
p 0 231 33055
x 0 33056
p 0 233 33056
x 0 33057
p 0 268 33057
x 0 33058
p 0 235 33058
x 0 33059
p 0 233 33059
x 0 33060
p 0 227 33060
x 0 33061
p 0 275 33061
x 0 33062
p 0 227 33062
x 0 33000
x 1 33001
h 1 10.0.0.12
p 1 1499 33001
x 2 33002
h 2 10.0.0.12
p 2 162 33002
x 0 33003
h 0 10.0.0.12
p 0 227 33003
x 1 33004
p 1 228 33004
p 0 1010968 33000
x 0 33005
p 0 251 33005
x 0 33006
p 0 233 33006
x 0 33007
p 0 268 33007
x 0 33008
p 0 246 33008
x 0 33009
p 0 213 33009
x 0 33010
p 0 235 33010
x 0 33011
p 0 233 33011
x 0 33012
p 0 232 33012
x 0 33013
p 0 232 33013
x 0 33014
p 0 230 33014
x 0 33015
p 0 235 33015
x 0 33016
p 0 301 33016
x 0 33017
p 0 364 33017
x 0 33018
p 0 233 33018
x 0 33019
p 0 230 33019
x 0 33020
p 0 236 33020
x 0 33021
p 0 234 33021
x 0 33022
p 0 233 33022
x 0 33023
p 0 232 33023
x 0 33024
p 0 229 33024
x 0 33025
p 0 233 33025
x 0 33026
p 0 232 33026
x 0 33027
p 0 228 33027
x 0 33028
p 0 228 33028
x 0 33029
p 0 230 33029
x 0 33030
p 0 230 33030
x 0 33031
p 0 236 33031
x 0 33032
p 0 226 33032
x 0 33033
p 0 235 33033
x 0 33034
p 0 234 33034
x 0 33035
p 0 267 33035
x 0 33036
p 0 235 33036
x 0 33037
p 0 235 33037
x 0 33038
p 0 236 33038
x 0 33039
p 0 240 33039
x 0 33040
p 0 235 33040
x 0 33041
p 0 237 33041
x 0 33042
p 0 264 33042
x 0 33043
p 0 238 33043
x 0 33044
p 0 234 33044
x 0 33045
p 0 238 33045
x 0 33046
p 0 240 33046
x 0 33047
p 0 232 33047
x 0 33048
p 0 235 33048
x 0 33049
p 0 276 33049
x 0 33050
p 0 241 33050
x 0 33051
p 0 238 33051
x 0 33052
p 0 231 33052
x 0 33053
p 0 238 33053
x 0 33054
p 0 237 33054
x 0 33055
p 0 237 33055
x 0 33056
p 0 236 33056
x 0 33057
p 0 228 33057
x 0 33058
p 0 235 33058
x 0 33059
p 0 238 33059
x 0 33060
p 0 238 33060
x 0 33061
p 0 236 33061
x 0 33062
p 0 231 33062
x 0 33000
x 1 33001
h 1 10.0.0.12
p 1 717 33001
x 2 33002
h 2 10.0.0.12
p 2 228 33002
x 0 33003
h 0 10.0.0.12
p 0 230 33003
x 1 33004
p 1 159 33004
p 0 1006450 33000
x 0 33005
p 0 225 33005
x 0 33006
p 0 227 33006
x 0 33007
p 0 231 33007
x 0 33008
p 0 230 33008
x 0 33009
p 0 216 33009
x 0 33010
p 0 201 33010
x 0 33011
p 0 201 33011
x 0 33012
p 0 231 33012
x 0 33013
p 0 237 33013
x 0 33014
p 0 198 33014
x 0 33015
p 0 201 33015
x 0 33016
p 0 238 33016
x 0 33017
p 0 234 33017
x 0 33018
p 0 201 33018
x 0 33019
p 0 192 33019
x 0 33020
p 0 236 33020
x 0 33021
p 0 235 33021
x 0 33022
p 0 208 33022
x 0 33023
p 0 199 33023
x 0 33024
p 0 187 33024
x 0 33025
p 0 191 33025
x 0 33026
p 0 195 33026
x 0 33027
p 0 198 33027
x 0 33028
p 0 214 33028
x 0 33029
p 0 196 33029
x 0 33030
p 0 193 33030
x 0 33031
p 0 190 33031
x 0 33032
p 0 202 33032
x 0 33033
p 0 202 33033
x 0 33034
p 0 205 33034
x 0 33035
p 0 201 33035
x 0 33036
p 0 197 33036
x 0 33037
p 0 207 33037
x 0 33038
p 0 202 33038
x 0 33039
p 0 200 33039
x 0 33040
p 0 199 33040
x 0 33041
p 0 200 33041
x 0 33042
p 0 240 33042
x 0 33043
p 0 239 33043
x 0 33044
p 0 227 33044
x 0 33045
p 0 174 33045
x 0 33046
p 0 225 33046
x 0 33047
p 0 333 33047
x 0 33048
p 0 225 33048
x 0 33049
p 0 252 33049
x 0 33050
p 0 231 33050
x 0 33051
p 0 227 33051
x 0 33052
p 0 229 33052
x 0 33053
p 0 258 33053
x 0 33054
p 0 227 33054
x 0 33055
p 0 229 33055
x 0 33056
p 0 225 33056
x 0 33057
p 0 265 33057
x 0 33058
p 0 239 33058
x 0 33059
p 0 242 33059
x 0 33060
p 0 241 33060
x 0 33061
p 0 278 33061
x 0 33062
p 0 242 33062
x 0 33000
x 1 33001
h 1 10.0.0.12
p 1 1141 33001
x 2 33002
h 2 10.0.0.12
p 2 228 33002
x 0 33003
h 0 10.0.0.12
p 0 234 33003
x 1 33004
p 1 204 33004
p 0 1007256 33000
x 0 33005
p 0 228 33005
x 0 33006
p 0 267 33006
x 0 33007
p 0 322 33007
x 0 33008
p 0 296 33008
x 0 33009
p 0 296 33009
x 0 33010
p 0 235 33010
x 0 33011
p 0 240 33011
x 0 33012
p 0 298 33012
x 0 33013
p 0 230 33013
x 0 33014
p 0 232 33014
x 0 33015
p 0 234 33015
x 0 33016
p 0 207 33016
x 0 33017
p 0 229 33017
x 0 33018
p 0 229 33018
x 0 33019
p 0 234 33019
x 0 33020
p 0 231 33020
x 0 33021
p 0 230 33021
x 0 33022
p 0 235 33022
x 0 33023
p 0 225 33023
x 0 33024
p 0 208 33024
x 0 33025
p 0 228 33025
x 0 33026
p 0 226 33026
x 0 33027
p 0 228 33027
x 0 33028
p 0 228 33028
x 0 33029
p 0 230 33029
x 0 33030
p 0 234 33030
x 0 33031
p 0 232 33031
x 0 33032
p 0 131 33032
x 0 33033
p 0 329 33033
x 0 33034
p 0 231 33034
x 0 33035
p 0 230 33035
x 0 33036
p 0 231 33036
x 0 33037
p 0 233 33037
x 0 33038
p 0 229 33038
x 0 33039
p 0 233 33039
x 0 33040
p 0 228 33040
x 0 33041
p 0 232 33041
x 0 33042
p 0 209 33042
x 0 33043
p 0 226 33043
x 0 33044
p 0 229 33044
x 0 33045
p 0 198 33045
x 0 33046
p 0 230 33046
x 0 33047
p 0 228 33047
x 0 33048
p 0 225 33048
x 0 33049
p 0 223 33049
x 0 33050
p 0 229 33050
x 0 33051
p 0 209 33051
x 0 33052
p 0 227 33052
x 0 33053
p 0 209 33053
x 0 33054
p 0 228 33054
x 0 33055
p 0 230 33055
x 0 33056
p 0 199 33056
x 0 33057
p 0 207 33057
x 0 33058
p 0 230 33058
x 0 33059
p 0 269 33059
x 0 33060
p 0 197 33060
x 0 33061
p 0 195 33061
x 0 33062
p 0 211 33062
x 0 33000
x 1 33001
h 1 10.0.0.12
p 1 1052 33001
x 2 33002
h 2 10.0.0.12
p 2 226 33002
x 0 33003
h 0 10.0.0.12
p 0 232 33003
x 1 33004
p 1 226 33004
p 0 1015649 33000
x 0 33005
p 0 229 33005
x 0 33006
p 0 232 33006
x 0 33007
p 0 276 33007
x 0 33008
p 0 201 33008
x 0 33009
p 0 199 33009
x 0 33010
p 0 234 33010
x 0 33011
p 0 123 33011
x 0 33012
p 0 200 33012
x 0 33013
p 0 196 33013
x 0 33014
p 0 202 33014
x 0 33015
p 0 218 33015
x 0 33016
p 0 205 33016
x 0 33017
p 0 198 33017
x 0 33018
p 0 202 33018
x 0 33019
p 0 201 33019
x 0 33020
p 0 204 33020
x 0 33021
p 0 230 33021
x 0 33022
p 0 321 33022
x 0 33023
p 0 277 33023
x 0 33024
p 0 274 33024
x 0 33025
p 0 227 33025
x 0 33026
p 0 229 33026
x 0 33027
p 0 228 33027
x 0 33028
p 0 201 33028
x 0 33029
p 0 230 33029
x 0 33030
p 0 272 33030
x 0 33031
p 0 365 33031
x 0 33032
p 0 239 33032
x 0 33033
p 0 192 33033
x 0 33034
p 0 192 33034
x 0 33035
p 0 194 33035
x 0 33036
p 0 199 33036
x 0 33037
p 0 227 33037
x 0 33038
p 0 181 33038
x 0 33039
p 0 185 33039
x 0 33040
p 0 213 33040
x 0 33041
p 0 206 33041
x 0 33042
p 0 292 33042
x 0 33043
p 0 180 33043
x 0 33044
p 0 237 33044
x 0 33045
p 0 371 33045
x 0 33046
p 0 223 33046
x 0 33047
p 0 247 33047
x 0 33048
p 0 232 33048
x 0 33049
p 0 231 33049
x 0 33050
p 0 231 33050
x 0 33051
p 0 232 33051
x 0 33052
p 0 231 33052
x 0 33053
p 0 227 33053
x 0 33054
p 0 123 33054
x 0 33055
p 0 217 33055
x 0 33056
p 0 192 33056
x 0 33057
p 0 197 33057
x 0 33058
p 0 234 33058
x 0 33059
p 0 120 33059
x 0 33060
p 0 235 33060
x 0 33061
p 0 259 33061
x 0 33062
p 0 168 33062
x 0 33000
x 1 33001
h 1 10.0.0.12
p 1 937 33001
x 2 33002
h 2 10.0.0.12
p 2 226 33002
x 0 33003
h 0 10.0.0.12
p 0 264 33003
x 1 33004
p 1 238 33004
p 0 1015566 33000
x 0 33005
p 0 288 33005
x 0 33006
p 0 230 33006
x 0 33007
p 0 231 33007
x 0 33008
p 0 265 33008
x 0 33009
p 0 309 33009
x 0 33010
p 0 263 33010
x 0 33011
p 0 231 33011
x 0 33012
p 0 336 33012
x 0 33013
p 0 312 33013
x 0 33014
p 0 232 33014
x 0 33015
p 0 276 33015
x 0 33016
p 0 206 33016
x 0 33017
p 0 288 33017
x 0 33018
p 0 229 33018
x 0 33019
p 0 232 33019
x 0 33020
p 0 231 33020
x 0 33021
p 0 260 33021
x 0 33022
p 0 229 33022
x 0 33023
p 0 225 33023
x 0 33024
p 0 231 33024
x 0 33025
p 0 411 33025
x 0 33026
p 0 231 33026
x 0 33027
p 0 232 33027
x 0 33028
p 0 129 33028
x 0 33029
p 0 266 33029
x 0 33030
p 0 235 33030
x 0 33031
p 0 370 33031
x 0 33032
p 0 359 33032
x 0 33033
p 0 287 33033
x 0 33034
p 0 264 33034
x 0 33035
p 0 270 33035
x 0 33036
p 0 237 33036
x 0 33037
p 0 274 33037
x 0 33038
p 0 243 33038
x 0 33039
p 0 235 33039
x 0 33040
p 0 204 33040
x 0 33041
p 0 252 33041
x 0 33042
p 0 230 33042
x 0 33043
p 0 232 33043
x 0 33044
p 0 237 33044
x 0 33045
p 0 327 33045
x 0 33046
p 0 232 33046
x 0 33047
p 0 232 33047
x 0 33048
p 0 233 33048
x 0 33049
p 0 232 33049
x 0 33050
p 0 232 33050
x 0 33051
p 0 239 33051
x 0 33052
p 0 234 33052
x 0 33053
p 0 231 33053
x 0 33054
p 0 208 33054
x 0 33055
p 0 254 33055
x 0 33056
p 0 408 33056
x 0 33057
p 0 371 33057
x 0 33058
p 0 405 33058
x 0 33059
p 0 445 33059
x 0 33060
p 0 368 33060
x 0 33061
p 0 368 33061
x 0 33062
p 0 412 33062
x 0 33000
x 1 33001
h 1 10.0.0.12
p 1 1037 33001
x 2 33002
h 2 10.0.0.12
p 2 227 33002
x 0 33003
h 0 10.0.0.12
p 0 105 33003
x 1 33004
p 1 187 33004
p 0 1021686 33000
x 0 33005
p 0 263 33005
x 0 33006
p 0 249 33006
x 0 33007
p 0 182 33007
x 0 33008
p 0 179 33008
x 0 33009
p 0 188 33009
x 0 33010
p 0 178 33010
x 0 33011
p 0 181 33011
x 0 33012
p 0 182 33012
x 0 33013
p 0 161 33013
x 0 33014
p 0 210 33014
x 0 33015
p 0 194 33015
x 0 33016
p 0 202 33016
x 0 33017
p 0 193 33017
x 0 33018
p 0 192 33018
x 0 33019
p 0 191 33019
x 0 33020
p 0 190 33020
x 0 33021
p 0 191 33021
x 0 33022
p 0 192 33022
x 0 33023
p 0 191 33023
x 0 33024
p 0 193 33024
x 0 33025
p 0 227 33025
x 0 33026
p 0 290 33026
x 0 33027
p 0 227 33027
x 0 33028
p 0 255 33028
x 0 33029
p 0 229 33029
x 0 33030
p 0 293 33030
x 0 33031
p 0 227 33031
x 0 33032
p 0 227 33032
x 0 33033
p 0 342 33033
x 0 33034
p 0 205 33034
x 0 33035
p 0 202 33035
x 0 33036
p 0 201 33036
x 0 33037
p 0 205 33037
x 0 33038
p 0 205 33038
x 0 33039
p 0 207 33039
x 0 33040
p 0 202 33040
x 0 33041
p 0 223 33041
x 0 33042
p 0 232 33042
x 0 33043
p 0 180 33043
x 0 33044
p 0 187 33044
x 0 33045
p 0 189 33045
x 0 33046
p 0 193 33046
x 0 33047
p 0 186 33047
x 0 33048
p 0 246 33048
x 0 33049
p 0 242 33049
x 0 33050
p 0 231 33050
x 0 33051
p 0 178 33051
x 0 33052
p 0 273 33052
x 0 33053
p 0 236 33053
x 0 33054
p 0 241 33054
x 0 33055
p 0 235 33055
x 0 33056
p 0 240 33056
x 0 33057
p 0 248 33057
x 0 33058
p 0 230 33058
x 0 33059
p 0 234 33059
x 0 33060
p 0 233 33060
x 0 33061
p 0 272 33061
x 0 33062
p 0 217 33062
x 0 33000
x 1 33001
h 1 10.0.0.12
p 1 1152 33001
x 2 33002
h 2 10.0.0.12
p 2 270 33002
x 0 33003
h 0 10.0.0.12
p 0 226 33003
x 1 33004
p 1 225 33004
p 0 1005541 33000
x 0 33005
p 0 228 33005
x 0 33006
p 0 227 33006
x 0 33007
p 0 228 33007
x 0 33008
p 0 230 33008
x 0 33009
p 0 282 33009
x 0 33010
p 0 232 33010
x 0 33011
p 0 265 33011
x 0 33012
p 0 231 33012
x 0 33013
p 0 229 33013
x 0 33014
p 0 237 33014
x 0 33015
p 0 227 33015
x 0 33016
p 0 226 33016
x 0 33017
p 0 233 33017
x 0 33018
p 0 280 33018
x 0 33019
p 0 231 33019
x 0 33020
p 0 232 33020
x 0 33021
p 0 230 33021
x 0 33022
p 0 233 33022
x 0 33023
p 0 323 33023
x 0 33024
p 0 238 33024
x 0 33025
p 0 266 33025
x 0 33026
p 0 184 33026
x 0 33027
p 0 190 33027
x 0 33028
p 0 189 33028
x 0 33029
p 0 189 33029
x 0 33030
p 0 226 33030
x 0 33031
p 0 184 33031
x 0 33032
p 0 224 33032
x 0 33033
p 0 237 33033
x 0 33034
p 0 238 33034
x 0 33035
p 0 225 33035
x 0 33036
p 0 226 33036
x 0 33037
p 0 225 33037
x 0 33038
p 0 231 33038
x 0 33039
p 0 297 33039
x 0 33040
p 0 233 33040
x 0 33041
p 0 282 33041
x 0 33042
p 0 230 33042
x 0 33043
p 0 231 33043
x 0 33044
p 0 243 33044
x 0 33045
p 0 235 33045
x 0 33046
p 0 233 33046
x 0 33047
p 0 230 33047
x 0 33048
p 0 271 33048
x 0 33049
p 0 233 33049
x 0 33050
p 0 211 33050
x 0 33051
p 0 256 33051
x 0 33052
p 0 204 33052
x 0 33053
p 0 232 33053
x 0 33054
p 0 204 33054
x 0 33055
p 0 231 33055
x 0 33056
p 0 202 33056
x 0 33057
p 0 202 33057
x 0 33058
p 0 229 33058
x 0 33059
p 0 203 33059
x 0 33060
p 0 236 33060
x 0 33061
p 0 200 33061
x 0 33062
p 0 231 33062
x 0 33000
x 1 33001
h 1 10.0.0.12
p 1 676 33001
x 2 33002
h 2 10.0.0.12
p 2 288 33002
x 0 33003
h 0 10.0.0.12
p 0 266 33003
x 1 33004
p 1 294 33004
p 0 1007479 33000
x 0 33005
p 0 245 33005
x 0 33006
p 0 245 33006
x 0 33007
p 0 226 33007
x 0 33008
p 0 223 33008
x 0 33009
p 0 222 33009
x 0 33010
p 0 224 33010
x 0 33011
p 0 222 33011
x 0 33012
p 0 256 33012
x 0 33013
p 0 222 33013
x 0 33014
p 0 256 33014
x 0 33015
p 0 223 33015
x 0 33016
p 0 288 33016
x 0 33017
p 0 221 33017
x 0 33018
p 0 223 33018
x 0 33019
p 0 221 33019
x 0 33020
p 0 252 33020
x 0 33021
p 0 223 33021
x 0 33022
p 0 226 33022
x 0 33023
p 0 254 33023
x 0 33024
p 0 223 33024
x 0 33025
p 0 225 33025
x 0 33026
p 0 209 33026
x 0 33027
p 0 263 33027
x 0 33028
p 0 167 33028
x 0 33029
p 0 195 33029
x 0 33030
p 0 225 33030
x 0 33031
p 0 225 33031
x 0 33032
p 0 225 33032
x 0 33033
p 0 254 33033
x 0 33034
p 0 225 33034
x 0 33035
p 0 225 33035
x 0 33036
p 0 227 33036
x 0 33037
p 0 258 33037
x 0 33038
p 0 223 33038
x 0 33039
p 0 225 33039
x 0 33040
p 0 225 33040
x 0 33041
p 0 266 33041
x 0 33042
p 0 230 33042
x 0 33043
p 0 224 33043
x 0 33044
p 0 222 33044
x 0 33045
p 0 254 33045
x 0 33046
p 0 226 33046
x 0 33047
p 0 224 33047
x 0 33048
p 0 260 33048
x 0 33049
p 0 89 33049
x 0 33050
p 0 224 33050
x 0 33051
p 0 229 33051
x 0 33052
p 0 226 33052
x 0 33053
p 0 92 33053
x 0 33054
p 0 222 33054
x 0 33055
p 0 227 33055
x 0 33056
p 0 206 33056
x 0 33057
p 0 225 33057
x 0 33058
p 0 207 33058
x 0 33059
p 0 191 33059
x 0 33060
p 0 225 33060
x 0 33061
p 0 227 33061
x 0 33062
p 0 309 33062
x 0 33000
x 1 33001
h 1 10.0.0.12
p 1 1273 33001
x 2 33002
h 2 10.0.0.12
p 2 266 33002
x 0 33003
h 0 10.0.0.12
p 0 247 33003
x 1 33004
p 1 234 33004
p 0 1028425 33000
x 0 33005
p 0 171 33005
x 0 33006
p 0 267 33006
x 0 33007
p 0 162 33007
x 0 33008
p 0 164 33008
x 0 33009
p 0 192 33009
x 0 33010
p 0 186 33010
x 0 33011
p 0 219 33011
x 0 33012
p 0 246 33012
x 0 33013
p 0 187 33013
x 0 33014
p 0 229 33014
x 0 33015
p 0 260 33015
x 0 33016
p 0 168 33016
x 0 33017
p 0 181 33017
x 0 33018
p 0 185 33018
x 0 33019
p 0 181 33019
x 0 33020
p 0 373 33020
x 0 33021
p 0 192 33021
x 0 33022
p 0 766 33022
x 0 33023
p 0 195 33023
x 0 33024
p 0 169 33024
x 0 33025
p 0 218 33025
x 0 33026
p 0 302 33026
x 0 33027
p 0 269 33027
x 0 33028
p 0 229 33028
x 0 33029
p 0 171 33029
x 0 33030
p 0 174 33030
x 0 33031
p 0 279 33031
x 0 33032
p 0 265 33032
x 0 33033
p 0 186 33033
x 0 33034
p 0 191 33034
x 0 33035
p 0 184 33035
x 0 33036
p 0 228 33036
x 0 33037
p 0 189 33037
x 0 33038
p 0 186 33038
x 0 33039
p 0 187 33039
x 0 33040
p 0 191 33040
x 0 33041
p 0 550 33041
x 0 33042
p 0 179 33042
x 0 33043
p 0 184 33043
x 0 33044
p 0 175 33044
x 0 33045
p 0 361 33045
x 0 33046
p 0 188 33046
x 0 33047
p 0 197 33047
x 0 33048
p 0 224 33048
x 0 33049
p 0 176 33049
x 0 33050
p 0 187 33050
x 0 33051
p 0 182 33051
x 0 33052
p 0 237 33052
x 0 33053
p 0 180 33053
x 0 33054
p 0 190 33054
x 0 33055
p 0 630 33055
x 0 33056
p 0 187 33056
x 0 33057
p 0 186 33057
x 0 33058
p 0 203 33058
x 0 33059
p 0 200 33059
x 0 33060
p 0 197 33060
x 0 33061
p 0 264 33061
x 0 33062
p 0 265 33062
x 0 33000
x 1 33001
h 1 10.0.0.12
p 1 1081 33001
x 2 33002
h 2 10.0.0.12
p 2 230 33002
x 0 33003
h 0 10.0.0.12
p 0 233 33003
x 1 33004
p 1 231 33004
p 0 1006022 33000
x 0 33005
p 0 386 33005
x 0 33006
p 0 343 33006
x 0 33007
p 0 339 33007
x 0 33008
p 0 354 33008
x 0 33009
p 0 197 33009
x 0 33010
p 0 285 33010
x 0 33011
p 0 241 33011
x 0 33012
p 0 243 33012
x 0 33013
p 0 119 33013
x 0 33014
p 0 171 33014
x 0 33015
p 0 248 33015
x 0 33016
p 0 237 33016
x 0 33017
p 0 229 33017
x 0 33018
p 0 158 33018
x 0 33019
p 0 266 33019
x 0 33020
p 0 248 33020
x 0 33021
p 0 250 33021
x 0 33022
p 0 254 33022
x 0 33023
p 0 254 33023
x 0 33024
p 0 241 33024
x 0 33025
p 0 249 33025
x 0 33026
p 0 240 33026
x 0 33027
p 0 822 33027
x 0 33028
p 0 457 33028
x 0 33029
p 0 200 33029
x 0 33030
p 0 211 33030
x 0 33031
p 0 208 33031
x 0 33032
p 0 321 33032
x 0 33033
p 0 226 33033
x 0 33034
p 0 105 33034
x 0 33035
p 0 159 33035
x 0 33036
p 0 233 33036
x 0 33037
p 0 115 33037
x 0 33038
p 0 158 33038
x 0 33039
p 0 183 33039
x 0 33040
p 0 214 33040
x 0 33041
p 0 210 33041
x 0 33042
p 0 205 33042
x 0 33043
p 0 271 33043
x 0 33044
p 0 199 33044
x 0 33045
p 0 196 33045
x 0 33046
p 0 284 33046
x 0 33047
p 0 749 33047
x 0 33048
p 0 251 33048
x 0 33049
p 0 241 33049
x 0 33050
p 0 249 33050
x 0 33051
p 0 213 33051
x 0 33052
p 0 237 33052
x 0 33053
p 0 241 33053
x 0 33054
p 0 196 33054
x 0 33055
p 0 404 33055
x 0 33056
p 0 186 33056
x 0 33057
p 0 202 33057
x 0 33058
p 0 197 33058
x 0 33059
p 0 114 33059
x 0 33060
p 0 192 33060
x 0 33061
p 0 239 33061
x 0 33062
p 0 339 33062
x 0 33000
x 1 33001
h 1 10.0.0.12
p 1 972 33001
x 2 33002
h 2 10.0.0.12
p 2 198 33002
x 0 33003
h 0 10.0.0.12
p 0 183 33003
x 1 33004
p 1 180 33004
p 0 1006859 33000
x 0 33005
p 0 225 33005
x 0 33006
p 0 236 33006
x 0 33007
p 0 226 33007
x 0 33008
p 0 225 33008
x 0 33009
p 0 228 33009
x 0 33010
p 0 224 33010
x 0 33011
p 0 224 33011
x 0 33012
p 0 227 33012
x 0 33013
p 0 229 33013
x 0 33014
p 0 230 33014
x 0 33015
p 0 225 33015
x 0 33016
p 0 229 33016
x 0 33017
p 0 226 33017
x 0 33018
p 0 227 33018
x 0 33019
p 0 226 33019
x 0 33020
p 0 224 33020
x 0 33021
p 0 311 33021
x 0 33022
p 0 319 33022
x 0 33023
p 0 194 33023
x 0 33024
p 0 193 33024
x 0 33025
p 0 191 33025
x 0 33026
p 0 193 33026
x 0 33027
p 0 188 33027
x 0 33028
p 0 222 33028
x 0 33029
p 0 240 33029
x 0 33030
p 0 290 33030
x 0 33031
p 0 250 33031
x 0 33032
p 0 253 33032
x 0 33033
p 0 257 33033
x 0 33034
p 0 400 33034
x 0 33035
p 0 368 33035
x 0 33036
p 0 418 33036
x 0 33037
p 0 241 33037
x 0 33038
p 0 196 33038
x 0 33039
p 0 200 33039
x 0 33040
p 0 201 33040
x 0 33041
p 0 256 33041
x 0 33042
p 0 208 33042
x 0 33043
p 0 196 33043
x 0 33044
p 0 199 33044
x 0 33045
p 0 316 33045
x 0 33046
p 0 275 33046
x 0 33047
p 0 271 33047
x 0 33048
p 0 313 33048
x 0 33049
p 0 260 33049
x 0 33050
p 0 210 33050
x 0 33051
p 0 224 33051
x 0 33052
p 0 232 33052
x 0 33053
p 0 228 33053
x 0 33054
p 0 235 33054
x 0 33055
p 0 354 33055
x 0 33056
p 0 239 33056
x 0 33057
p 0 236 33057
x 0 33058
p 0 231 33058
x 0 33059
p 0 233 33059
x 0 33060
p 0 191 33060
x 0 33061
p 0 191 33061
x 0 33062
p 0 233 33062
x 0 33000
x 1 33001
h 1 10.0.0.12
p 1 668 33001
x 2 33002
h 2 10.0.0.12
p 2 241 33002
x 0 33003
h 0 10.0.0.12
p 0 255 33003
x 1 33004
p 1 228 33004
p 0 1029247 33000
x 0 33005
p 0 223 33005
x 0 33006
p 0 262 33006
x 0 33007
p 0 221 33007
x 0 33008
p 0 225 33008
x 0 33009
p 0 220 33009
x 0 33010
p 0 201 33010
x 0 33011
p 0 262 33011
x 0 33012
p 0 223 33012
x 0 33013
p 0 224 33013
x 0 33014
p 0 223 33014
x 0 33015
p 0 199 33015
x 0 33016
p 0 253 33016
x 0 33017
p 0 221 33017
x 0 33018
p 0 224 33018
x 0 33019
p 0 201 33019
x 0 33020
p 0 252 33020
x 0 33021
p 0 190 33021
x 0 33022
p 0 196 33022
x 0 33023
p 0 224 33023
x 0 33024
p 0 209 33024
x 0 33025
p 0 193 33025
x 0 33026
p 0 191 33026
x 0 33027
p 0 222 33027
x 0 33028
p 0 188 33028
x 0 33029
p 0 191 33029
x 0 33030
p 0 189 33030
x 0 33031
p 0 187 33031
x 0 33032
p 0 253 33032
x 0 33033
p 0 193 33033
x 0 33034
p 0 193 33034
x 0 33035
p 0 186 33035
x 0 33036
p 0 184 33036
x 0 33037
p 0 176 33037
x 0 33038
p 0 183 33038
x 0 33039
p 0 190 33039
x 0 33040
p 0 197 33040
x 0 33041
p 0 182 33041
x 0 33042
p 0 176 33042
x 0 33043
p 0 224 33043
x 0 33044
p 0 286 33044
x 0 33045
p 0 234 33045
x 0 33046
p 0 187 33046
x 0 33047
p 0 203 33047
x 0 33048
p 0 206 33048
x 0 33049
p 0 221 33049
x 0 33050
p 0 300 33050
x 0 33051
p 0 207 33051
x 0 33052
p 0 197 33052
x 0 33053
p 0 664 33053
x 0 33054
p 0 189 33054
x 0 33055
p 0 185 33055
x 0 33056
p 0 195 33056
x 0 33057
p 0 202 33057
x 0 33058
p 0 316 33058
x 0 33059
p 0 251 33059
x 0 33060
p 0 271 33060
x 0 33061
p 0 276 33061
x 0 33062
p 0 312 33062
x 0 33000
x 1 33001
h 1 10.0.0.12
p 1 1476 33001
x 2 33002
h 2 10.0.0.12
p 2 290 33002
x 0 33003
h 0 10.0.0.12
p 0 230 33003
x 1 33004
p 1 193 33004
p 0 1001182 33000
x 0 33005
p 0 297 33005
x 0 33006
p 0 282 33006
x 0 33007
p 0 185 33007
x 0 33008
p 0 183 33008
x 0 33009
p 0 172 33009
x 0 33010
p 0 181 33010
x 0 33011
p 0 178 33011
x 0 33012
p 0 178 33012
x 0 33013
p 0 199 33013
x 0 33014
p 0 236 33014
x 0 33015
p 0 232 33015
x 0 33016
p 0 169 33016
x 0 33017
p 0 175 33017
x 0 33018
p 0 191 33018
x 0 33019
p 0 191 33019
x 0 33020
p 0 185 33020
x 0 33021
p 0 190 33021
x 0 33022
p 0 182 33022
x 0 33023
p 0 189 33023
x 0 33024
p 0 191 33024
x 0 33025
p 0 193 33025
x 0 33026
p 0 190 33026
x 0 33027
p 0 238 33027
x 0 33028
p 0 235 33028
x 0 33029
p 0 236 33029
x 0 33030
p 0 245 33030
x 0 33031
p 0 165 33031
x 0 33032
p 0 232 33032
x 0 33033
p 0 274 33033
x 0 33034
p 0 232 33034
x 0 33035
p 0 230 33035
x 0 33036
p 0 342 33036
x 0 33037
p 0 229 33037
x 0 33038
p 0 341 33038
x 0 33039
p 0 288 33039
x 0 33040
p 0 254 33040
x 0 33041
p 0 248 33041
x 0 33042
p 0 249 33042
x 0 33043
p 0 248 33043
x 0 33044
p 0 251 33044
x 0 33045
p 0 420 33045
x 0 33046
p 0 281 33046
x 0 33047
p 0 245 33047
x 0 33048
p 0 233 33048
x 0 33049
p 0 233 33049
x 0 33050
p 0 235 33050
x 0 33051
p 0 231 33051
x 0 33052
p 0 231 33052
x 0 33053
p 0 233 33053
x 0 33054
p 0 232 33054
x 0 33055
p 0 233 33055
x 0 33056
p 0 228 33056
x 0 33057
p 0 231 33057
x 0 33058
p 0 232 33058
x 0 33059
p 0 235 33059
x 0 33060
p 0 233 33060
x 0 33061
p 0 232 33061
x 0 33062
p 0 230 33062
x 0 33000
x 1 33001
h 1 10.0.0.12
p 1 948 33001
x 2 33002
h 2 10.0.0.12
p 2 249 33002
x 0 33003
h 0 10.0.0.12
p 0 265 33003
x 1 33004
p 1 271 33004
p 0 1021032 33000
x 0 33005
p 0 255 33005
x 0 33006
p 0 229 33006
x 0 33007
p 0 230 33007
x 0 33008
p 0 260 33008
x 0 33009
p 0 227 33009
x 0 33010
p 0 253 33010
x 0 33011
p 0 224 33011
x 0 33012
p 0 225 33012
x 0 33013
p 0 285 33013
x 0 33014
p 0 229 33014
x 0 33015
p 0 265 33015
x 0 33016
p 0 227 33016
x 0 33017
p 0 415 33017
x 0 33018
p 0 384 33018
x 0 33019
p 0 383 33019
x 0 33020
p 0 415 33020
x 0 33021
p 0 414 33021
x 0 33022
p 0 353 33022
x 0 33023
p 0 373 33023
x 0 33024
p 0 263 33024
x 0 33025
p 0 262 33025
x 0 33026
p 0 230 33026
x 0 33027
p 0 231 33027
x 0 33028
p 0 109 33028
x 0 33029
p 0 229 33029
x 0 33030
p 0 325 33030
x 0 33031
p 0 320 33031
x 0 33032
p 0 348 33032
x 0 33033
p 0 94 33033
x 0 33034
p 0 263 33034
x 0 33035
p 0 257 33035
x 0 33036
p 0 229 33036
x 0 33037
p 0 232 33037
x 0 33038
p 0 227 33038
x 0 33039
p 0 232 33039
x 0 33040
p 0 232 33040
x 0 33041
p 0 234 33041
x 0 33042
p 0 229 33042
x 0 33043
p 0 227 33043
x 0 33044
p 0 229 33044
x 0 33045
p 0 376 33045
x 0 33046
p 0 227 33046
x 0 33047
p 0 233 33047
x 0 33048
p 0 139 33048
x 0 33049
p 0 238 33049
x 0 33050
p 0 231 33050
x 0 33051
p 0 240 33051
x 0 33052
p 0 202 33052
x 0 33053
p 0 210 33053
x 0 33054
p 0 232 33054
x 0 33055
p 0 234 33055
x 0 33056
p 0 203 33056
x 0 33057
p 0 235 33057
x 0 33058
p 0 137 33058
x 0 33059
p 0 207 33059
x 0 33060
p 0 201 33060
x 0 33061
p 0 229 33061
x 0 33062
p 0 237 33062
x 0 33000
x 1 33001
h 1 10.0.0.12
p 1 602 33001
x 2 33002
h 2 10.0.0.12
p 2 225 33002
x 0 33003
h 0 10.0.0.12
p 0 155 33003
x 1 33004
p 1 228 33004
p 0 1031152 33000
x 0 33005
p 0 290 33005
x 0 33006
p 0 238 33006
x 0 33007
p 0 265 33007
x 0 33008
p 0 285 33008
x 0 33009
p 0 226 33009
x 0 33010
p 0 283 33010
x 0 33011
p 0 242 33011
x 0 33012
p 0 220 33012
x 0 33013
p 0 222 33013
x 0 33014
p 0 220 33014
x 0 33015
p 0 137 33015
x 0 33016
p 0 220 33016
x 0 33017
p 0 173 33017
x 0 33018
p 0 223 33018
x 0 33019
p 0 218 33019
x 0 33020
p 0 222 33020
x 0 33021
p 0 221 33021
x 0 33022
p 0 223 33022
x 0 33023
p 0 222 33023
x 0 33024
p 0 220 33024
x 0 33025
p 0 203 33025
x 0 33026
p 0 225 33026
x 0 33027
p 0 220 33027
x 0 33028
p 0 192 33028
x 0 33029
p 0 226 33029
x 0 33030
p 0 226 33030
x 0 33031
p 0 222 33031
x 0 33032
p 0 225 33032
x 0 33033
p 0 228 33033
x 0 33034
p 0 226 33034
x 0 33035
p 0 224 33035
x 0 33036
p 0 259 33036
x 0 33037
p 0 227 33037
x 0 33038
p 0 227 33038
x 0 33039
p 0 212 33039
x 0 33040
p 0 232 33040
x 0 33041
p 0 225 33041
x 0 33042
p 0 231 33042
x 0 33043
p 0 252 33043
x 0 33044
p 0 225 33044
x 0 33045
p 0 229 33045
x 0 33046
p 0 231 33046
x 0 33047
p 0 258 33047
x 0 33048
p 0 246 33048
x 0 33049
p 0 268 33049
x 0 33050
p 0 227 33050
x 0 33051
p 0 226 33051
x 0 33052
p 0 222 33052
x 0 33053
p 0 226 33053
x 0 33054
p 0 223 33054
x 0 33055
p 0 223 33055
x 0 33056
p 0 224 33056
x 0 33057
p 0 223 33057
x 0 33058
p 0 227 33058
x 0 33059
p 0 225 33059
x 0 33060
p 0 223 33060
x 0 33061
p 0 224 33061
x 0 33062
p 0 225 33062
x 0 33000
x 1 33001
h 1 10.0.0.12
p 1 759 33001
x 2 33002
h 2 10.0.0.12
p 2 231 33002
x 0 33003
h 0 10.0.0.12
p 0 231 33003
x 1 33004
p 1 147 33004
p 0 1024611 33000
x 0 33005
p 0 228 33005
x 0 33006
p 0 196 33006
x 0 33007
p 0 281 33007
x 0 33008
p 0 231 33008
x 0 33009
p 0 269 33009
x 0 33010
p 0 229 33010
x 0 33011
p 0 232 33011
x 0 33012
p 0 230 33012
x 0 33013
p 0 230 33013
x 0 33014
p 0 273 33014
x 0 33015
p 0 233 33015
x 0 33016
p 0 231 33016
x 0 33017
p 0 229 33017
x 0 33018
p 0 240 33018
x 0 33019
p 0 233 33019
x 0 33020
p 0 228 33020
x 0 33021
p 0 272 33021
x 0 33022
p 0 233 33022
x 0 33023
p 0 234 33023
x 0 33024
p 0 243 33024
x 0 33025
p 0 242 33025
x 0 33026
p 0 235 33026
x 0 33027
p 0 235 33027
x 0 33028
p 0 233 33028
x 0 33029
p 0 234 33029
x 0 33030
p 0 231 33030
x 0 33031
p 0 228 33031
x 0 33032
p 0 231 33032
x 0 33033
p 0 236 33033
x 0 33034
p 0 235 33034
x 0 33035
p 0 232 33035
x 0 33036
p 0 244 33036
x 0 33037
p 0 229 33037
x 0 33038
p 0 226 33038
x 0 33039
p 0 235 33039
x 0 33040
p 0 233 33040
x 0 33041
p 0 232 33041
x 0 33042
p 0 231 33042
x 0 33043
p 0 237 33043
x 0 33044
p 0 246 33044
x 0 33045
p 0 237 33045
x 0 33046
p 0 236 33046
x 0 33047
p 0 331 33047
x 0 33048
p 0 236 33048
x 0 33049
p 0 242 33049
x 0 33050
p 0 234 33050
x 0 33051
p 0 244 33051
x 0 33052
p 0 244 33052
x 0 33053
p 0 248 33053
x 0 33054
p 0 248 33054
x 0 33055
p 0 247 33055
x 0 33056
p 0 310 33056
x 0 33057
p 0 255 33057
x 0 33058
p 0 248 33058
x 0 33059
p 0 257 33059
x 0 33060
p 0 241 33060
x 0 33061
p 0 239 33061
x 0 33062
p 0 237 33062
x 0 33000
x 1 33001
h 1 10.0.0.12
p 1 884 33001
x 2 33002
h 2 10.0.0.12
p 2 235 33002
x 0 33003
h 0 10.0.0.12
p 0 236 33003
x 1 33004
p 1 229 33004
p 0 1021549 33000
x 0 33005
p 0 226 33005
x 0 33006
p 0 236 33006
x 0 33007
p 0 226 33007
x 0 33008
p 0 223 33008
x 0 33009
p 0 222 33009
x 0 33010
p 0 225 33010
x 0 33011
p 0 226 33011
x 0 33012
p 0 228 33012
x 0 33013
p 0 225 33013
x 0 33014
p 0 222 33014
x 0 33015
p 0 226 33015
x 0 33016
p 0 225 33016
x 0 33017
p 0 221 33017
x 0 33018
p 0 225 33018
x 0 33019
p 0 225 33019
x 0 33020
p 0 261 33020
x 0 33021
p 0 224 33021
x 0 33022
p 0 339 33022
x 0 33023
p 0 329 33023
x 0 33024
p 0 227 33024
x 0 33025
p 0 227 33025
x 0 33026
p 0 288 33026
x 0 33027
p 0 224 33027
x 0 33028
p 0 271 33028
x 0 33029
p 0 228 33029
x 0 33030
p 0 225 33030
x 0 33031
p 0 230 33031
x 0 33032
p 0 295 33032
x 0 33033
p 0 232 33033
x 0 33034
p 0 213 33034
x 0 33035
p 0 230 33035
x 0 33036
p 0 231 33036
x 0 33037
p 0 278 33037
x 0 33038
p 0 231 33038
x 0 33039
p 0 233 33039
x 0 33040
p 0 232 33040
x 0 33041
p 0 230 33041
x 0 33042
p 0 278 33042
x 0 33043
p 0 232 33043
x 0 33044
p 0 232 33044
x 0 33045
p 0 308 33045
x 0 33046
p 0 238 33046
x 0 33047
p 0 233 33047
x 0 33048
p 0 230 33048
x 0 33049
p 0 235 33049
x 0 33050
p 0 233 33050
x 0 33051
p 0 234 33051
x 0 33052
p 0 236 33052
x 0 33053
p 0 229 33053
x 0 33054
p 0 232 33054
x 0 33055
p 0 231 33055
x 0 33056
p 0 230 33056
x 0 33057
p 0 230 33057
x 0 33058
p 0 229 33058
x 0 33059
p 0 239 33059
x 0 33060
p 0 231 33060
x 0 33061
p 0 234 33061
x 0 33062
p 0 230 33062
x 0 33000
x 1 33001
h 1 10.0.0.12
p 1 1259 33001
x 2 33002
h 2 10.0.0.12
p 2 321 33002
x 0 33003
h 0 10.0.0.12
p 0 238 33003
x 1 33004
p 1 246 33004
p 0 1006218 33000
x 0 33005
p 0 327 33005
x 0 33006
p 0 202 33006
x 0 33007
p 0 202 33007
x 0 33008
p 0 204 33008
x 0 33009
p 0 277 33009
x 0 33010
p 0 263 33010
x 0 33011
p 0 245 33011
x 0 33012
p 0 304 33012
x 0 33013
p 0 231 33013
x 0 33014
p 0 232 33014
x 0 33015
p 0 233 33015
x 0 33016
p 0 242 33016
x 0 33017
p 0 236 33017
x 0 33018
p 0 402 33018
x 0 33019
p 0 384 33019
x 0 33020
p 0 241 33020
x 0 33021
p 0 244 33021
x 0 33022
p 0 240 33022
x 0 33023
p 0 239 33023
x 0 33024
p 0 229 33024
x 0 33025
p 0 233 33025
x 0 33026
p 0 230 33026
x 0 33027
p 0 235 33027
x 0 33028
p 0 228 33028
x 0 33029
p 0 231 33029
x 0 33030
p 0 236 33030
x 0 33031
p 0 241 33031
x 0 33032
p 0 234 33032
x 0 33033
p 0 233 33033
x 0 33034
p 0 231 33034
x 0 33035
p 0 228 33035
x 0 33036
p 0 266 33036
x 0 33037
p 0 251 33037
x 0 33038
p 0 256 33038
x 0 33039
p 0 263 33039
x 0 33040
p 0 240 33040
x 0 33041
p 0 247 33041
x 0 33042
p 0 237 33042
x 0 33043
p 0 240 33043
x 0 33044
p 0 233 33044
x 0 33045
p 0 236 33045
x 0 33046
p 0 241 33046
x 0 33047
p 0 261 33047
x 0 33048
p 0 241 33048
x 0 33049
p 0 236 33049
x 0 33050
p 0 244 33050
x 0 33051
p 0 245 33051
x 0 33052
p 0 236 33052
x 0 33053
p 0 237 33053
x 0 33054
p 0 242 33054
x 0 33055
p 0 236 33055
x 0 33056
p 0 239 33056
x 0 33057
p 0 241 33057
x 0 33058
p 0 260 33058
x 0 33059
p 0 232 33059
x 0 33060
p 0 232 33060
x 0 33061
p 0 234 33061
x 0 33062
p 0 236 33062
x 0 33000
x 1 33001
h 1 10.0.0.12
p 1 915 33001
x 2 33002
h 2 10.0.0.12
p 2 226 33002
x 0 33003
h 0 10.0.0.12
p 0 260 33003
x 1 33004
p 1 223 33004
p 0 1032366 33000
x 0 33005
p 0 254 33005
x 0 33006
p 0 222 33006
x 0 33007
p 0 226 33007
x 0 33008
p 0 223 33008
x 0 33009
p 0 230 33009
x 0 33010
p 0 232 33010
x 0 33011
p 0 226 33011
x 0 33012
p 0 221 33012
x 0 33013
p 0 315 33013
x 0 33014
p 0 233 33014
x 0 33015
p 0 221 33015
x 0 33016
p 0 185 33016
x 0 33017
p 0 275 33017
x 0 33018
p 0 192 33018
x 0 33019
p 0 182 33019
x 0 33020
p 0 197 33020
x 0 33021
p 0 127 33021
x 0 33022
p 0 325 33022
x 0 33023
p 0 177 33023
x 0 33024
p 0 184 33024
x 0 33025
p 0 192 33025
x 0 33026
p 0 174 33026
x 0 33027
p 0 223 33027
x 0 33028
p 0 219 33028
x 0 33029
p 0 220 33029
x 0 33030
p 0 220 33030
x 0 33031
p 0 219 33031
x 0 33032
p 0 221 33032
x 0 33033
p 0 220 33033
x 0 33034
p 0 226 33034
x 0 33035
p 0 220 33035
x 0 33036
p 0 221 33036
x 0 33037
p 0 191 33037
x 0 33038
p 0 222 33038
x 0 33039
p 0 223 33039
x 0 33040
p 0 226 33040
x 0 33041
p 0 225 33041
x 0 33042
p 0 224 33042
x 0 33043
p 0 225 33043
x 0 33044
p 0 194 33044
x 0 33045
p 0 226 33045
x 0 33046
p 0 227 33046
x 0 33047
p 0 223 33047
x 0 33048
p 0 225 33048
x 0 33049
p 0 200 33049
x 0 33050
p 0 226 33050
x 0 33051
p 0 226 33051
x 0 33052
p 0 273 33052
x 0 33053
p 0 225 33053
x 0 33054
p 0 269 33054
x 0 33055
p 0 221 33055
x 0 33056
p 0 223 33056
x 0 33057
p 0 225 33057
x 0 33058
p 0 225 33058
x 0 33059
p 0 225 33059
x 0 33060
p 0 222 33060
x 0 33061
p 0 224 33061
x 0 33062
p 0 221 33062
x 0 33000
x 1 33001
h 1 10.0.0.12
p 1 796 33001
x 2 33002
h 2 10.0.0.12
p 2 228 33002
x 0 33003
h 0 10.0.0.12
p 0 227 33003
x 1 33004
p 1 239 33004
p 0 1016004 33000
x 0 33005
p 0 225 33005
x 0 33006
p 0 175 33006
x 0 33007
p 0 179 33007
x 0 33008
p 0 184 33008
x 0 33009
p 0 291 33009
x 0 33010
p 0 246 33010
x 0 33011
p 0 261 33011
x 0 33012
p 0 286 33012
x 0 33013
p 0 228 33013
x 0 33014
p 0 226 33014
x 0 33015
p 0 233 33015
x 0 33016
p 0 235 33016
x 0 33017
p 0 276 33017
x 0 33018
p 0 228 33018
x 0 33019
p 0 228 33019
x 0 33020
p 0 230 33020
x 0 33021
p 0 205 33021
x 0 33022
p 0 230 33022
x 0 33023
p 0 227 33023
x 0 33024
p 0 227 33024
x 0 33025
p 0 230 33025
x 0 33026
p 0 227 33026
x 0 33027
p 0 233 33027
x 0 33028
p 0 260 33028
x 0 33029
p 0 234 33029
x 0 33030
p 0 233 33030
x 0 33031
p 0 232 33031
x 0 33032
p 0 229 33032
x 0 33033
p 0 228 33033
x 0 33034
p 0 230 33034
x 0 33035
p 0 240 33035
x 0 33036
p 0 232 33036
x 0 33037
p 0 235 33037
x 0 33038
p 0 227 33038
x 0 33039
p 0 233 33039
x 0 33040
p 0 232 33040
x 0 33041
p 0 229 33041
x 0 33042
p 0 226 33042
x 0 33043
p 0 229 33043
x 0 33044
p 0 232 33044
x 0 33045
p 0 231 33045
x 0 33046
p 0 238 33046
x 0 33047
p 0 238 33047
x 0 33048
p 0 234 33048
x 0 33049
p 0 233 33049
x 0 33050
p 0 231 33050
x 0 33051
p 0 229 33051
x 0 33052
p 0 230 33052
x 0 33053
p 0 229 33053
x 0 33054
p 0 231 33054
x 0 33055
p 0 229 33055
x 0 33056
p 0 272 33056
x 0 33057
p 0 236 33057
x 0 33058
p 0 229 33058
x 0 33059
p 0 234 33059
x 0 33060
p 0 229 33060
x 0 33061
p 0 229 33061
x 0 33062
p 0 227 33062
