x 0 33000
x 1 33001
h 1 10.0.0.8
p 1 75534 33001
h 0 10.0.0.8
p 0 175588 33000
x 2 33002
h 2 10.0.0.8
p 2 154 33002
x 0 33003
p 0 204 33003
x 0 33004
p 0 209 33004
x 0 33005
p 0 224 33005
x 0 33006
p 0 210 33006
x 0 33007
p 0 206 33007
x 0 33008
p 0 276 33008
x 0 33009
p 0 211 33009
x 0 33010
p 0 221 33010
x 0 33011
p 0 207 33011
x 0 33012
p 0 214 33012
x 0 33013
p 0 221 33013
x 0 33014
p 0 224 33014
x 0 33015
p 0 241 33015
x 0 33016
p 0 205 33016
x 0 33017
p 0 209 33017
x 0 33018
p 0 216 33018
x 0 33019
p 0 208 33019
x 0 33020
p 0 123 33020
x 0 33021
p 0 205 33021
x 0 33022
p 0 207 33022
x 0 33023
p 0 212 33023
x 0 33024
p 0 205 33024
x 0 33025
p 0 210 33025
x 0 33026
p 0 201 33026
x 0 33027
p 0 243 33027
x 0 33028
p 0 94 33028
x 0 33029
p 0 211 33029
x 0 33030
p 0 253 33030
x 0 33031
p 0 209 33031
x 0 33032
p 0 212 33032
x 0 33033
p 0 220 33033
x 0 33034
p 0 208 33034
x 0 33035
p 0 230 33035
x 0 33036
p 0 215 33036
x 0 33037
p 0 206 33037
x 0 33038
p 0 244 33038
x 0 33039
p 0 211 33039
x 0 33040
p 0 209 33040
x 0 33041
p 0 202 33041
x 0 33042
p 0 217 33042
x 0 33043
p 0 217 33043
x 0 33044
p 0 205 33044
x 0 33045
p 0 214 33045
x 0 33046
p 0 211 33046
x 0 33047
p 0 217 33047
x 0 33048
p 0 249 33048
x 0 33049
p 0 215 33049
x 0 33050
p 0 412 33050
x 0 33051
p 0 248 33051
x 0 33052
p 0 210 33052
x 0 33053
p 0 214 33053
x 0 33054
p 0 206 33054
x 0 33055
p 0 281 33055
x 0 33056
p 0 247 33056
x 0 33057
p 0 245 33057
x 0 33058
p 0 256 33058
x 0 33059
p 0 253 33059
x 0 33060
p 0 252 33060
x 0 33061
p 0 247 33061
x 0 33000
x 1 33001
h 0 10.0.0.8
p 0 129318 33000
x 2 33002
h 2 10.0.0.8
p 2 686 33002
h 1 10.0.0.8
p 1 327287 33001
x 0 33003
p 0 185 33003
x 0 33004
p 0 226 33004
x 0 33005
p 0 248 33005
x 0 33006
p 0 219 33006
x 0 33007
p 0 211 33007
x 0 33008
p 0 191 33008
x 0 33009
p 0 245 33009
x 0 33010
p 0 351 33010
x 0 33011
p 0 231 33011
x 0 33012
p 0 358 33012
x 0 33013
p 0 273 33013
x 0 33014
p 0 345 33014
x 0 33015
p 0 319 33015
x 0 33016
p 0 314 33016
x 0 33017
p 0 382 33017
x 0 33018
p 0 346 33018
x 0 33019
p 0 310 33019
x 0 33020
p 0 413 33020
x 0 33021
p 0 322 33021
x 0 33022
p 0 227 33022
x 0 33023
p 0 232 33023
x 0 33024
p 0 205 33024
x 0 33025
p 0 222 33025
x 0 33026
p 0 227 33026
x 0 33027
p 0 242 33027
x 0 33028
p 0 238 33028
x 0 33029
p 0 250 33029
x 0 33030
p 0 217 33030
x 0 33031
p 0 245 33031
x 0 33032
p 0 230 33032
x 0 33033
p 0 222 33033
x 0 33034
p 0 219 33034
x 0 33035
p 0 232 33035
x 0 33036
p 0 236 33036
x 0 33037
p 0 237 33037
x 0 33038
p 0 230 33038
x 0 33039
p 0 212 33039
x 0 33040
p 0 216 33040
x 0 33041
p 0 138 33041
x 0 33042
p 0 243 33042
x 0 33043
p 0 267 33043
x 0 33044
p 0 233 33044
x 0 33045
p 0 288 33045
x 0 33046
p 0 215 33046
x 0 33047
p 0 219 33047
x 0 33048
p 0 228 33048
x 0 33049
p 0 220 33049
x 0 33050
p 0 209 33050
x 0 33051
p 0 211 33051
x 0 33052
p 0 339 33052
x 0 33053
p 0 213 33053
x 0 33054
p 0 208 33054
x 0 33055
p 0 229 33055
x 0 33056
p 0 205 33056
x 0 33057
p 0 273 33057
x 0 33058
p 0 339 33058
x 0 33059
p 0 316 33059
x 0 33060
p 0 213 33060
x 0 33061
p 0 211 33061
x 0 33000
x 1 33001
h 1 10.0.0.8
p 1 886 33001
h 0 10.0.0.8
p 0 105575 33000
x 2 33002
h 2 10.0.0.8
p 2 225 33002
x 0 33003
p 0 208 33003
x 0 33004
p 0 220 33004
x 0 33005
p 0 216 33005
x 0 33006
p 0 233 33006
x 0 33007
p 0 252 33007
x 0 33008
p 0 279 33008
x 0 33009
p 0 205 33009
x 0 33010
p 0 291 33010
x 0 33011
p 0 210 33011
x 0 33012
p 0 202 33012
x 0 33013
p 0 215 33013
x 0 33014
p 0 203 33014
x 0 33015
p 0 202 33015
x 0 33016
p 0 206 33016
x 0 33017
p 0 288 33017
x 0 33018
p 0 205 33018
x 0 33019
p 0 209 33019
x 0 33020
p 0 201 33020
x 0 33021
p 0 205 33021
x 0 33022
p 0 119 33022
x 0 33023
p 0 216 33023
x 0 33024
p 0 205 33024
x 0 33025
p 0 208 33025
x 0 33026
p 0 211 33026
x 0 33027
p 0 201 33027
x 0 33028
p 0 202 33028
x 0 33029
p 0 203 33029
x 0 33030
p 0 202 33030
x 0 33031
p 0 287 33031
x 0 33032
p 0 209 33032
x 0 33033
p 0 211 33033
x 0 33034
p 0 207 33034
x 0 33035
p 0 257 33035
x 0 33036
p 0 218 33036
x 0 33037
p 0 206 33037
x 0 33038
p 0 351 33038
x 0 33039
p 0 215 33039
x 0 33040
p 0 207 33040
x 0 33041
p 0 209 33041
x 0 33042
p 0 197 33042
x 0 33043
p 0 227 33043
x 0 33044
p 0 361 33044
x 0 33045
p 0 258 33045
x 0 33046
p 0 198 33046
x 0 33047
p 0 217 33047
x 0 33048
p 0 322 33048
x 0 33049
p 0 318 33049
x 0 33050
p 0 236 33050
x 0 33051
p 0 202 33051
x 0 33052
p 0 248 33052
x 0 33053
p 0 200 33053
x 0 33054
p 0 206 33054
x 0 33055
p 0 195 33055
x 0 33056
p 0 209 33056
x 0 33057
p 0 231 33057
x 0 33058
p 0 203 33058
x 0 33059
p 0 289 33059
x 0 33060
p 0 198 33060
x 0 33061
p 0 203 33061
x 0 33000
h 0 10.0.0.8
p 0 87918 33000
x 1 33001
h 1 10.0.0.8
p 1 875 33001
x 0 33002
p 0 211 33002
x 0 33003
p 0 210 33003
x 0 33004
p 0 209 33004
x 0 33005
p 0 206 33005
x 0 33006
p 0 210 33006
x 0 33007
p 0 209 33007
x 0 33008
p 0 211 33008
x 0 33009
p 0 213 33009
x 0 33010
p 0 201 33010
x 0 33011
p 0 176 33011
x 0 33012
p 0 201 33012
x 0 33013
p 0 205 33013
x 0 33014
p 0 198 33014
x 0 33015
p 0 199 33015
x 0 33016
p 0 208 33016
x 0 33017
p 0 241 33017
x 0 33018
p 0 206 33018
x 0 33019
p 0 195 33019
x 0 33020
p 0 193 33020
x 0 33021
p 0 153 33021
x 0 33022
p 0 196 33022
x 0 33023
p 0 203 33023
x 0 33024
p 0 195 33024
x 0 33025
p 0 199 33025
x 0 33026
p 0 197 33026
x 0 33027
p 0 233 33027
x 0 33028
p 0 203 33028
x 0 33029
p 0 240 33029
x 0 33030
p 0 201 33030
x 0 33031
p 0 202 33031
x 0 33032
p 0 199 33032
x 0 33033
p 0 204 33033
x 0 33034
p 0 234 33034
x 0 33035
p 0 195 33035
x 0 33036
p 0 231 33036
x 0 33037
p 0 197 33037
x 0 33038
p 0 200 33038
x 0 33039
p 0 196 33039
x 0 33040
p 0 192 33040
x 0 33041
p 0 201 33041
x 0 33042
p 0 202 33042
x 0 33043
p 0 201 33043
x 0 33044
p 0 198 33044
x 0 33045
p 0 199 33045
x 0 33046
p 0 197 33046
x 0 33047
p 0 202 33047
x 0 33048
p 0 201 33048
x 0 33049
p 0 199 33049
x 0 33050
p 0 200 33050
x 0 33051
p 0 196 33051
x 0 33052
p 0 195 33052
x 0 33053
p 0 223 33053
x 0 33054
p 0 192 33054
x 0 33055
p 0 195 33055
x 0 33056
p 0 193 33056
x 0 33057
p 0 197 33057
x 0 33058
p 0 199 33058
x 0 33059
p 0 194 33059
x 0 33060
p 0 193 33060
x 0 33000
h 0 10.0.0.8
p 0 26633 33000
x 1 33001
h 1 10.0.0.8
p 1 755 33001
x 0 33002
p 0 201 33002
x 0 33003
p 0 197 33003
x 0 33004
p 0 195 33004
x 0 33005
p 0 194 33005
x 0 33006
p 0 195 33006
x 0 33007
p 0 197 33007
x 0 33008
p 0 193 33008
x 0 33009
p 0 192 33009
x 0 33010
p 0 251 33010
x 0 33011
p 0 193 33011
x 0 33012
p 0 194 33012
x 0 33013
p 0 192 33013
x 0 33014
p 0 192 33014
x 0 33015
p 0 251 33015
x 0 33016
p 0 193 33016
x 0 33017
p 0 84 33017
x 0 33018
p 0 192 33018
x 0 33019
p 0 192 33019
x 0 33020
p 0 194 33020
x 0 33021
p 0 191 33021
x 0 33022
p 0 191 33022
x 0 33023
p 0 75 33023
x 0 33024
p 0 193 33024
x 0 33025
p 0 192 33025
x 0 33026
p 0 193 33026
x 0 33027
p 0 200 33027
x 0 33028
p 0 194 33028
x 0 33029
p 0 195 33029
x 0 33030
p 0 195 33030
x 0 33031
p 0 193 33031
x 0 33032
p 0 87 33032
x 0 33033
p 0 224 33033
x 0 33034
p 0 194 33034
x 0 33035
p 0 237 33035
x 0 33036
p 0 196 33036
x 0 33037
p 0 83 33037
x 0 33038
p 0 195 33038
x 0 33039
p 0 194 33039
x 0 33040
p 0 200 33040
x 0 33041
p 0 194 33041
x 0 33042
p 0 252 33042
x 0 33043
p 0 194 33043
x 0 33044
p 0 194 33044
x 0 33045
p 0 201 33045
x 0 33046
p 0 192 33046
x 0 33047
p 0 199 33047
x 0 33048
p 0 194 33048
x 0 33049
p 0 195 33049
x 0 33050
p 0 199 33050
x 0 33051
p 0 197 33051
x 0 33052
p 0 177 33052
x 0 33053
p 0 196 33053
x 0 33054
p 0 196 33054
x 0 33055
p 0 202 33055
x 0 33056
p 0 194 33056
x 0 33057
p 0 195 33057
x 0 33058
p 0 194 33058
x 0 33059
p 0 193 33059
x 0 33060
p 0 198 33060
x 0 33000
x 1 33001
h 0 10.0.0.8
p 0 174571 33000
x 2 33002
h 2 10.0.0.8
p 2 393 33002
h 1 10.0.0.8
p 1 357549 33001
x 0 33003
p 0 221 33003
x 0 33004
p 0 215 33004
x 0 33005
p 0 210 33005
x 0 33006
p 0 198 33006
x 0 33007
p 0 207 33007
x 0 33008
p 0 220 33008
x 0 33009
p 0 199 33009
x 0 33010
p 0 214 33010
x 0 33011
p 0 203 33011
x 0 33012
p 0 212 33012
x 0 33013
p 0 198 33013
x 0 33014
p 0 197 33014
x 0 33015
p 0 197 33015
x 0 33016
p 0 199 33016
x 0 33017
p 0 258 33017
x 0 33018
p 0 205 33018
x 0 33019
p 0 202 33019
x 0 33020
p 0 246 33020
x 0 33021
p 0 210 33021
x 0 33022
p 0 208 33022
x 0 33023
p 0 241 33023
x 0 33024
p 0 207 33024
x 0 33025
p 0 216 33025
x 0 33026
p 0 277 33026
x 0 33027
p 0 215 33027
x 0 33028
p 0 199 33028
x 0 33029
p 0 204 33029
x 0 33030
p 0 203 33030
x 0 33031
p 0 199 33031
x 0 33032
p 0 215 33032
x 0 33033
p 0 204 33033
x 0 33034
p 0 202 33034
x 0 33035
p 0 195 33035
x 0 33036
p 0 191 33036
x 0 33037
p 0 219 33037
x 0 33038
p 0 202 33038
x 0 33039
p 0 130 33039
x 0 33040
p 0 198 33040
x 0 33041
p 0 193 33041
x 0 33042
p 0 207 33042
x 0 33043
p 0 196 33043
x 0 33044
p 0 201 33044
x 0 33045
p 0 197 33045
x 0 33046
p 0 198 33046
x 0 33047
p 0 241 33047
x 0 33048
p 0 199 33048
x 0 33049
p 0 200 33049
x 0 33050
p 0 199 33050
x 0 33051
p 0 199 33051
x 0 33052
p 0 214 33052
x 0 33053
p 0 199 33053
x 0 33054
p 0 199 33054
x 0 33055
p 0 199 33055
x 0 33056
p 0 290 33056
x 0 33057
p 0 241 33057
x 0 33058
p 0 201 33058
x 0 33059
p 0 195 33059
x 0 33060
p 0 199 33060
x 0 33061
p 0 197 33061
x 0 33000
x 1 33001
h 1 10.0.0.8
p 1 966 33001
h 0 10.0.0.8
p 0 115584 33000
x 2 33002
h 2 10.0.0.8
p 2 266 33002
x 0 33003
p 0 215 33003
x 0 33004
p 0 222 33004
x 0 33005
p 0 217 33005
x 0 33006
p 0 285 33006
x 0 33007
p 0 223 33007
x 0 33008
p 0 240 33008
x 0 33009
p 0 214 33009
x 0 33010
p 0 205 33010
x 0 33011
p 0 241 33011
x 0 33012
p 0 212 33012
x 0 33013
p 0 217 33013
x 0 33014
p 0 217 33014
x 0 33015
p 0 224 33015
x 0 33016
p 0 237 33016
x 0 33017
p 0 217 33017
x 0 33018
p 0 226 33018
x 0 33019
p 0 218 33019
x 0 33020
p 0 209 33020
x 0 33021
p 0 230 33021
x 0 33022
p 0 217 33022
x 0 33023
p 0 214 33023
x 0 33024
p 0 210 33024
x 0 33025
p 0 208 33025
x 0 33026
p 0 233 33026
x 0 33027
p 0 273 33027
x 0 33028
p 0 222 33028
x 0 33029
p 0 219 33029
x 0 33030
p 0 228 33030
x 0 33031
p 0 236 33031
x 0 33032
p 0 312 33032
x 0 33033
p 0 234 33033
x 0 33034
p 0 225 33034
x 0 33035
p 0 216 33035
x 0 33036
p 0 240 33036
x 0 33037
p 0 311 33037
x 0 33038
p 0 219 33038
x 0 33039
p 0 221 33039
x 0 33040
p 0 284 33040
x 0 33041
p 0 267 33041
x 0 33042
p 0 352 33042
x 0 33043
p 0 283 33043
x 0 33044
p 0 214 33044
x 0 33045
p 0 220 33045
x 0 33046
p 0 242 33046
x 0 33047
p 0 325 33047
x 0 33048
p 0 257 33048
x 0 33049
p 0 297 33049
x 0 33050
p 0 270 33050
x 0 33051
p 0 233 33051
x 0 33052
p 0 214 33052
x 0 33053
p 0 217 33053
x 0 33054
p 0 218 33054
x 0 33055
p 0 258 33055
x 0 33056
p 0 232 33056
x 0 33057
p 0 333 33057
x 0 33058
p 0 255 33058
x 0 33059
p 0 252 33059
x 0 33060
p 0 211 33060
x 0 33061
p 0 239 33061
x 0 33000
x 1 33001
h 0 10.0.0.8
p 0 117024 33000
x 2 33002
h 2 10.0.0.8
p 2 775 33002
h 1 10.0.0.8
p 1 307650 33001
x 0 33003
p 0 583 33003
x 0 33004
p 0 214 33004
x 0 33005
p 0 264 33005
x 0 33006
p 0 265 33006
x 0 33007
p 0 280 33007
x 0 33008
p 0 268 33008
x 0 33009
p 0 212 33009
x 0 33010
p 0 261 33010
x 0 33011
p 0 230 33011
x 0 33012
p 0 220 33012
x 0 33013
p 0 244 33013
x 0 33014
p 0 223 33014
x 0 33015
p 0 255 33015
x 0 33016
p 0 252 33016
x 0 33017
p 0 264 33017
x 0 33018
p 0 220 33018
x 0 33019
p 0 221 33019
x 0 33020
p 0 232 33020
x 0 33021
p 0 272 33021
x 0 33022
p 0 237 33022
x 0 33023
p 0 225 33023
x 0 33024
p 0 211 33024
x 0 33025
p 0 231 33025
x 0 33026
p 0 241 33026
x 0 33027
p 0 234 33027
x 0 33028
p 0 221 33028
x 0 33029
p 0 224 33029
x 0 33030
p 0 227 33030
x 0 33031
p 0 226 33031
x 0 33032
p 0 213 33032
x 0 33033
p 0 235 33033
x 0 33034
p 0 206 33034
x 0 33035
p 0 157 33035
x 0 33036
p 0 241 33036
x 0 33037
p 0 227 33037
x 0 33038
p 0 217 33038
x 0 33039
p 0 223 33039
x 0 33040
p 0 240 33040
x 0 33041
p 0 225 33041
x 0 33042
p 0 217 33042
x 0 33043
p 0 231 33043
x 0 33044
p 0 209 33044
x 0 33045
p 0 227 33045
x 0 33046
p 0 214 33046
x 0 33047
p 0 256 33047
x 0 33048
p 0 270 33048
x 0 33049
p 0 224 33049
x 0 33050
p 0 223 33050
x 0 33051
p 0 255 33051
x 0 33052
p 0 237 33052
x 0 33053
p 0 227 33053
x 0 33054
p 0 218 33054
x 0 33055
p 0 271 33055
x 0 33056
p 0 224 33056
x 0 33057
p 0 220 33057
x 0 33058
p 0 235 33058
x 0 33059
p 0 208 33059
x 0 33060
p 0 257 33060
x 0 33061
p 0 222 33061
x 0 33000
x 1 33001
h 0 10.0.0.8
p 0 136709 33000
x 2 33002
h 2 10.0.0.8
p 2 535 33002
h 1 10.0.0.8
p 1 343998 33001
x 0 33003
p 0 249 33003
x 0 33004
p 0 227 33004
x 0 33005
p 0 221 33005
x 0 33006
p 0 242 33006
x 0 33007
p 0 231 33007
x 0 33008
p 0 253 33008
x 0 33009
p 0 226 33009
x 0 33010
p 0 216 33010
x 0 33011
p 0 176 33011
x 0 33012
p 0 147 33012
x 0 33013
p 0 199 33013
x 0 33014
p 0 240 33014
x 0 33015
p 0 153 33015
x 0 33016
p 0 223 33016
x 0 33017
p 0 155 33017
x 0 33018
p 0 211 33018
x 0 33019
p 0 213 33019
x 0 33020
p 0 192 33020
x 0 33021
p 0 149 33021
x 0 33022
p 0 213 33022
x 0 33023
p 0 146 33023
x 0 33024
p 0 226 33024
x 0 33025
p 0 184 33025
x 0 33026
p 0 253 33026
x 0 33027
p 0 172 33027
x 0 33028
p 0 205 33028
x 0 33029
p 0 149 33029
x 0 33030
p 0 221 33030
x 0 33031
p 0 208 33031
x 0 33032
p 0 187 33032
x 0 33033
p 0 202 33033
x 0 33034
p 0 227 33034
x 0 33035
p 0 213 33035
x 0 33036
p 0 263 33036
x 0 33037
p 0 220 33037
x 0 33038
p 0 216 33038
x 0 33039
p 0 218 33039
x 0 33040
p 0 234 33040
x 0 33041
p 0 210 33041
x 0 33042
p 0 232 33042
x 0 33043
p 0 201 33043
x 0 33044
p 0 252 33044
x 0 33045
p 0 220 33045
x 0 33046
p 0 245 33046
x 0 33047
p 0 221 33047
x 0 33048
p 0 221 33048
x 0 33049
p 0 224 33049
x 0 33050
p 0 217 33050
x 0 33051
p 0 148 33051
x 0 33052
p 0 273 33052
x 0 33053
p 0 161 33053
x 0 33054
p 0 147 33054
x 0 33055
p 0 219 33055
x 0 33056
p 0 252 33056
x 0 33057
p 0 219 33057
x 0 33058
p 0 149 33058
x 0 33059
p 0 153 33059
x 0 33060
p 0 161 33060
x 0 33061
p 0 247 33061
x 0 33000
h 0 10.0.0.8
p 0 82937 33000
x 1 33001
h 1 10.0.0.8
p 1 623 33001
x 0 33002
p 0 165 33002
x 0 33003
p 0 201 33003
x 0 33004
p 0 199 33004
x 0 33005
p 0 198 33005
x 0 33006
p 0 199 33006
x 0 33007
p 0 195 33007
x 0 33008
p 0 196 33008
x 0 33009
p 0 232 33009
x 0 33010
p 0 193 33010
x 0 33011
p 0 224 33011
x 0 33012
p 0 193 33012
x 0 33013
p 0 192 33013
x 0 33014
p 0 197 33014
x 0 33015
p 0 193 33015
x 0 33016
p 0 195 33016
x 0 33017
p 0 215 33017
x 0 33018
p 0 203 33018
x 0 33019
p 0 201 33019
x 0 33020
p 0 201 33020
x 0 33021
p 0 170 33021
x 0 33022
p 0 169 33022
x 0 33023
p 0 226 33023
x 0 33024
p 0 170 33024
x 0 33025
p 0 170 33025
x 0 33026
p 0 195 33026
x 0 33027
p 0 192 33027
x 0 33028
p 0 177 33028
x 0 33029
p 0 195 33029
x 0 33030
p 0 194 33030
x 0 33031
p 0 193 33031
x 0 33032
p 0 194 33032
x 0 33033
p 0 194 33033
x 0 33034
p 0 195 33034
x 0 33035
p 0 196 33035
x 0 33036
p 0 177 33036
x 0 33037
p 0 234 33037
x 0 33038
p 0 243 33038
x 0 33039
p 0 129 33039
x 0 33040
p 0 196 33040
x 0 33041
p 0 195 33041
x 0 33042
p 0 195 33042
x 0 33043
p 0 195 33043
x 0 33044
p 0 196 33044
x 0 33045
p 0 197 33045
x 0 33046
p 0 198 33046
x 0 33047
p 0 192 33047
x 0 33048
p 0 245 33048
x 0 33049
p 0 206 33049
x 0 33050
p 0 247 33050
x 0 33051
p 0 214 33051
x 0 33052
p 0 221 33052
x 0 33053
p 0 190 33053
x 0 33054
p 0 192 33054
x 0 33055
p 0 194 33055
x 0 33056
p 0 191 33056
x 0 33057
p 0 191 33057
x 0 33058
p 0 192 33058
x 0 33059
p 0 192 33059
x 0 33060
p 0 192 33060
x 0 33000
x 1 33001
h 0 10.0.0.8
p 0 164018 33000
x 2 33002
h 2 10.0.0.8
p 2 675 33002
h 1 10.0.0.8
p 1 321906 33001
x 0 33003
p 0 234 33003
x 0 33004
p 0 204 33004
x 0 33005
p 0 244 33005
x 0 33006
p 0 199 33006
x 0 33007
p 0 200 33007
x 0 33008
p 0 247 33008
x 0 33009
p 0 211 33009
x 0 33010
p 0 212 33010
x 0 33011
p 0 221 33011
x 0 33012
p 0 277 33012
x 0 33013
p 0 205 33013
x 0 33014
p 0 217 33014
x 0 33015
p 0 228 33015
x 0 33016
p 0 216 33016
x 0 33017
p 0 246 33017
x 0 33018
p 0 213 33018
x 0 33019
p 0 254 33019
x 0 33020
p 0 203 33020
x 0 33021
p 0 203 33021
x 0 33022
p 0 215 33022
x 0 33023
p 0 205 33023
x 0 33024
p 0 204 33024
x 0 33025
p 0 211 33025
x 0 33026
p 0 239 33026
x 0 33027
p 0 203 33027
x 0 33028
p 0 202 33028
x 0 33029
p 0 197 33029
x 0 33030
p 0 201 33030
x 0 33031
p 0 202 33031
x 0 33032
p 0 206 33032
x 0 33033
p 0 249 33033
x 0 33034
p 0 207 33034
x 0 33035
p 0 204 33035
x 0 33036
p 0 205 33036
x 0 33037
p 0 209 33037
x 0 33038
p 0 206 33038
x 0 33039
p 0 204 33039
x 0 33040
p 0 278 33040
x 0 33041
p 0 202 33041
x 0 33042
p 0 209 33042
x 0 33043
p 0 202 33043
x 0 33044
p 0 201 33044
x 0 33045
p 0 197 33045
x 0 33046
p 0 200 33046
x 0 33047
p 0 290 33047
x 0 33048
p 0 200 33048
x 0 33049
p 0 202 33049
x 0 33050
p 0 201 33050
x 0 33051
p 0 202 33051
x 0 33052
p 0 210 33052
x 0 33053
p 0 240 33053
x 0 33054
p 0 292 33054
x 0 33055
p 0 202 33055
x 0 33056
p 0 207 33056
x 0 33057
p 0 210 33057
x 0 33058
p 0 203 33058
x 0 33059
p 0 200 33059
x 0 33060
p 0 201 33060
x 0 33061
p 0 201 33061
x 0 33000
x 1 33001
x 2 33002
h 0 10.0.0.8
p 0 258840 33000
x 3 33003
h 3 10.0.0.8
p 3 750 33003
h 1 10.0.0.8
p 1 296073 33001
h 2 10.0.0.8
p 2 199444 33002
x 0 33004
p 0 226 33004
x 0 33005
p 0 200 33005
x 0 33006
p 0 211 33006
x 0 33007
p 0 205 33007
x 0 33008
p 0 198 33008
x 0 33009
p 0 207 33009
x 0 33010
p 0 211 33010
x 0 33011
p 0 156 33011
x 0 33012
p 0 173 33012
x 0 33013
p 0 195 33013
x 0 33014
p 0 289 33014
x 0 33015
p 0 242 33015
x 0 33016
p 0 189 33016
x 0 33017
p 0 230 33017
x 0 33018
p 0 229 33018
x 0 33019
p 0 222 33019
x 0 33020
p 0 205 33020
x 0 33021
p 0 165 33021
x 0 33022
p 0 196 33022
x 0 33023
p 0 272 33023
x 0 33024
p 0 183 33024
x 0 33025
p 0 185 33025
x 0 33026
p 0 180 33026
x 0 33027
p 0 159 33027
x 0 33028
p 0 145 33028
x 0 33029
p 0 149 33029
x 0 33030
p 0 152 33030
x 0 33031
p 0 167 33031
x 0 33032
p 0 145 33032
x 0 33033
p 0 148 33033
x 0 33034
p 0 134 33034
x 0 33035
p 0 146 33035
x 0 33036
p 0 152 33036
x 0 33037
p 0 199 33037
x 0 33038
p 0 202 33038
x 0 33039
p 0 202 33039
x 0 33040
p 0 202 33040
x 0 33041
p 0 203 33041
x 0 33042
p 0 266 33042
x 0 33043
p 0 198 33043
x 0 33044
p 0 195 33044
x 0 33045
p 0 195 33045
x 0 33046
p 0 194 33046
x 0 33047
p 0 196 33047
x 0 33048
p 0 282 33048
x 0 33049
p 0 194 33049
x 0 33050
p 0 197 33050
x 0 33051
p 0 196 33051
x 0 33052
p 0 200 33052
x 0 33053
p 0 199 33053
x 0 33054
p 0 197 33054
x 0 33055
p 0 198 33055
x 0 33056
p 0 198 33056
x 0 33057
p 0 217 33057
x 0 33058
p 0 201 33058
x 0 33059
p 0 202 33059
x 0 33060
p 0 228 33060
x 0 33061
p 0 193 33061
x 0 33062
p 0 196 33062
x 0 33000
x 1 33001
h 0 10.0.0.8
p 0 116902 33000
x 2 33002
h 2 10.0.0.8
p 2 707 33002
h 1 10.0.0.8
p 1 275436 33001
x 0 33003
p 0 207 33003
x 0 33004
p 0 224 33004
x 0 33005
p 0 224 33005
x 0 33006
p 0 209 33006
x 0 33007
p 0 240 33007
x 0 33008
p 0 269 33008
x 0 33009
p 0 219 33009
x 0 33010
p 0 252 33010
x 0 33011
p 0 253 33011
x 0 33012
p 0 218 33012
x 0 33013
p 0 219 33013
x 0 33014
p 0 215 33014
x 0 33015
p 0 242 33015
x 0 33016
p 0 206 33016
x 0 33017
p 0 266 33017
x 0 33018
p 0 224 33018
x 0 33019
p 0 231 33019
x 0 33020
p 0 238 33020
x 0 33021
p 0 221 33021
x 0 33022
p 0 218 33022
x 0 33023
p 0 237 33023
x 0 33024
p 0 226 33024
x 0 33025
p 0 251 33025
x 0 33026
p 0 210 33026
x 0 33027
p 0 224 33027
x 0 33028
p 0 216 33028
x 0 33029
p 0 216 33029
x 0 33030
p 0 228 33030
x 0 33031
p 0 218 33031
x 0 33032
p 0 215 33032
x 0 33033
p 0 227 33033
x 0 33034
p 0 218 33034
x 0 33035
p 0 246 33035
x 0 33036
p 0 233 33036
x 0 33037
p 0 229 33037
x 0 33038
p 0 228 33038
x 0 33039
p 0 215 33039
x 0 33040
p 0 273 33040
x 0 33041
p 0 205 33041
x 0 33042
p 0 211 33042
x 0 33043
p 0 225 33043
x 0 33044
p 0 212 33044
x 0 33045
p 0 222 33045
x 0 33046
p 0 201 33046
x 0 33047
p 0 236 33047
x 0 33048
p 0 152 33048
x 0 33049
p 0 217 33049
x 0 33050
p 0 233 33050
x 0 33051
p 0 276 33051
x 0 33052
p 0 239 33052
x 0 33053
p 0 230 33053
x 0 33054
p 0 233 33054
x 0 33055
p 0 250 33055
x 0 33056
p 0 208 33056
x 0 33057
p 0 231 33057
x 0 33058
p 0 307 33058
x 0 33059
p 0 222 33059
x 0 33060
p 0 232 33060
x 0 33061
p 0 213 33061
x 0 33000
x 1 33001
h 0 10.0.0.8
p 0 127946 33000
x 2 33002
h 2 10.0.0.8
p 2 767 33002
h 1 10.0.0.8
p 1 294193 33001
x 0 33003
p 0 213 33003
x 0 33004
p 0 228 33004
x 0 33005
p 0 248 33005
x 0 33006
p 0 220 33006
x 0 33007
p 0 223 33007
x 0 33008
p 0 261 33008
x 0 33009
p 0 231 33009
x 0 33010
p 0 219 33010
x 0 33011
p 0 213 33011
x 0 33012
p 0 223 33012
x 0 33013
p 0 213 33013
x 0 33014
p 0 234 33014
x 0 33015
p 0 216 33015
x 0 33016
p 0 217 33016
x 0 33017
p 0 214 33017
x 0 33018
p 0 220 33018
x 0 33019
p 0 223 33019
x 0 33020
p 0 215 33020
x 0 33021
p 0 235 33021
x 0 33022
p 0 230 33022
x 0 33023
p 0 214 33023
x 0 33024
p 0 223 33024
x 0 33025
p 0 213 33025
x 0 33026
p 0 219 33026
x 0 33027
p 0 221 33027
x 0 33028
p 0 213 33028
x 0 33029
p 0 215 33029
x 0 33030
p 0 205 33030
x 0 33031
p 0 209 33031
x 0 33032
p 0 210 33032
x 0 33033
p 0 303 33033
x 0 33034
p 0 212 33034
x 0 33035
p 0 238 33035
x 0 33036
p 0 236 33036
x 0 33037
p 0 292 33037
x 0 33038
p 0 225 33038
x 0 33039
p 0 221 33039
x 0 33040
p 0 208 33040
x 0 33041
p 0 216 33041
x 0 33042
p 0 228 33042
x 0 33043
p 0 217 33043
x 0 33044
p 0 284 33044
x 0 33045
p 0 213 33045
x 0 33046
p 0 208 33046
x 0 33047
p 0 208 33047
x 0 33048
p 0 208 33048
x 0 33049
p 0 215 33049
x 0 33050
p 0 265 33050
x 0 33051
p 0 245 33051
x 0 33052
p 0 214 33052
x 0 33053
p 0 264 33053
x 0 33054
p 0 215 33054
x 0 33055
p 0 231 33055
x 0 33056
p 0 213 33056
x 0 33057
p 0 285 33057
x 0 33058
p 0 242 33058
x 0 33059
p 0 229 33059
x 0 33060
p 0 202 33060
x 0 33061
p 0 221 33061
x 0 33000
h 0 10.0.0.8
p 0 96349 33000
x 1 33001
h 1 10.0.0.8
p 1 454 33001
x 0 33002
p 0 204 33002
x 0 33003
p 0 198 33003
x 0 33004
p 0 194 33004
x 0 33005
p 0 195 33005
x 0 33006
p 0 193 33006
x 0 33007
p 0 195 33007
x 0 33008
p 0 193 33008
x 0 33009
p 0 197 33009
x 0 33010
p 0 197 33010
x 0 33011
p 0 200 33011
x 0 33012
p 0 203 33012
x 0 33013
p 0 204 33013
x 0 33014
p 0 201 33014
x 0 33015
p 0 203 33015
x 0 33016
p 0 203 33016
x 0 33017
p 0 203 33017
x 0 33018
p 0 203 33018
x 0 33019
p 0 203 33019
x 0 33020
p 0 208 33020
x 0 33021
p 0 196 33021
x 0 33022
p 0 203 33022
x 0 33023
p 0 208 33023
x 0 33024
p 0 207 33024
x 0 33025
p 0 210 33025
x 0 33026
p 0 205 33026
x 0 33027
p 0 206 33027
x 0 33028
p 0 204 33028
x 0 33029
p 0 203 33029
x 0 33030
p 0 207 33030
x 0 33031
p 0 205 33031
x 0 33032
p 0 233 33032
x 0 33033
p 0 203 33033
x 0 33034
p 0 207 33034
x 0 33035
p 0 205 33035
x 0 33036
p 0 204 33036
x 0 33037
p 0 209 33037
x 0 33038
p 0 203 33038
x 0 33039
p 0 204 33039
x 0 33040
p 0 243 33040
x 0 33041
p 0 203 33041
x 0 33042
p 0 243 33042
x 0 33043
p 0 199 33043
x 0 33044
p 0 202 33044
x 0 33045
p 0 197 33045
x 0 33046
p 0 206 33046
x 0 33047
p 0 205 33047
x 0 33048
p 0 197 33048
x 0 33049
p 0 204 33049
x 0 33050
p 0 181 33050
x 0 33051
p 0 207 33051
x 0 33052
p 0 205 33052
x 0 33053
p 0 204 33053
x 0 33054
p 0 206 33054
x 0 33055
p 0 207 33055
x 0 33056
p 0 201 33056
x 0 33057
p 0 205 33057
x 0 33058
p 0 205 33058
x 0 33059
p 0 203 33059
x 0 33060
p 0 199 33060
x 0 33000
h 0 10.0.0.8
p 0 91548 33000
x 1 33001
h 1 10.0.0.8
p 1 776 33001
x 0 33002
p 0 206 33002
x 0 33003
p 0 202 33003
x 0 33004
p 0 201 33004
x 0 33005
p 0 202 33005
x 0 33006
p 0 201 33006
x 0 33007
p 0 201 33007
x 0 33008
p 0 200 33008
x 0 33009
p 0 241 33009
x 0 33010
p 0 202 33010
x 0 33011
p 0 203 33011
x 0 33012
p 0 192 33012
x 0 33013
p 0 198 33013
x 0 33014
p 0 194 33014
x 0 33015
p 0 232 33015
x 0 33016
p 0 191 33016
x 0 33017
p 0 192 33017
x 0 33018
p 0 193 33018
x 0 33019
p 0 192 33019
x 0 33020
p 0 189 33020
x 0 33021
p 0 193 33021
x 0 33022
p 0 191 33022
x 0 33023
p 0 194 33023
x 0 33024
p 0 194 33024
x 0 33025
p 0 219 33025
x 0 33026
p 0 191 33026
x 0 33027
p 0 194 33027
x 0 33028
p 0 252 33028
x 0 33029
p 0 191 33029
x 0 33030
p 0 191 33030
x 0 33031
p 0 193 33031
x 0 33032
p 0 193 33032
x 0 33033
p 0 190 33033
x 0 33034
p 0 221 33034
x 0 33035
p 0 195 33035
x 0 33036
p 0 211 33036
x 0 33037
p 0 192 33037
x 0 33038
p 0 193 33038
x 0 33039
p 0 228 33039
x 0 33040
p 0 193 33040
x 0 33041
p 0 193 33041
x 0 33042
p 0 193 33042
x 0 33043
p 0 195 33043
x 0 33044
p 0 193 33044
x 0 33045
p 0 194 33045
x 0 33046
p 0 230 33046
x 0 33047
p 0 196 33047
x 0 33048
p 0 194 33048
x 0 33049
p 0 194 33049
x 0 33050
p 0 195 33050
x 0 33051
p 0 196 33051
x 0 33052
p 0 193 33052
x 0 33053
p 0 210 33053
x 0 33054
p 0 195 33054
x 0 33055
p 0 199 33055
x 0 33056
p 0 197 33056
x 0 33057
p 0 195 33057
x 0 33058
p 0 200 33058
x 0 33059
p 0 193 33059
x 0 33060
p 0 196 33060
x 0 33000
x 1 33001
h 0 10.0.0.8
p 0 114732 33000
x 2 33002
h 2 10.0.0.8
p 2 805 33002
h 1 10.0.0.8
p 1 327349 33001
x 0 33003
p 0 207 33003
x 0 33004
p 0 223 33004
x 0 33005
p 0 219 33005
x 0 33006
p 0 215 33006
x 0 33007
p 0 327 33007
x 0 33008
p 0 242 33008
x 0 33009
p 0 315 33009
x 0 33010
p 0 210 33010
x 0 33011
p 0 153 33011
x 0 33012
p 0 264 33012
x 0 33013
p 0 180 33013
x 0 33014
p 0 425 33014
x 0 33015
p 0 117 33015
x 0 33016
p 0 282 33016
x 0 33017
p 0 247 33017
x 0 33018
p 0 290 33018
x 0 33019
p 0 286 33019
x 0 33020
p 0 277 33020
x 0 33021
p 0 294 33021
x 0 33022
p 0 273 33022
x 0 33023
p 0 223 33023
x 0 33024
p 0 245 33024
x 0 33025
p 0 208 33025
x 0 33026
p 0 222 33026
x 0 33027
p 0 232 33027
x 0 33028
p 0 209 33028
x 0 33029
p 0 222 33029
x 0 33030
p 0 227 33030
x 0 33031
p 0 210 33031
x 0 33032
p 0 207 33032
x 0 33033
p 0 220 33033
x 0 33034
p 0 247 33034
x 0 33035
p 0 213 33035
x 0 33036
p 0 216 33036
x 0 33037
p 0 207 33037
x 0 33038
p 0 209 33038
x 0 33039
p 0 206 33039
x 0 33040
p 0 198 33040
x 0 33041
p 0 316 33041
x 0 33042
p 0 244 33042
x 0 33043
p 0 248 33043
x 0 33044
p 0 242 33044
x 0 33045
p 0 236 33045
x 0 33046
p 0 219 33046
x 0 33047
p 0 208 33047
x 0 33048
p 0 212 33048
x 0 33049
p 0 299 33049
x 0 33050
p 0 209 33050
x 0 33051
p 0 217 33051
x 0 33052
p 0 207 33052
x 0 33053
p 0 225 33053
x 0 33054
p 0 228 33054
x 0 33055
p 0 218 33055
x 0 33056
p 0 212 33056
x 0 33057
p 0 208 33057
x 0 33058
p 0 203 33058
x 0 33059
p 0 243 33059
x 0 33060
p 0 217 33060
x 0 33061
p 0 209 33061
x 0 33000
h 0 10.0.0.8
p 0 82591 33000
x 1 33001
h 1 10.0.0.8
p 1 911 33001
x 0 33002
p 0 199 33002
x 0 33003
p 0 122 33003
x 0 33004
p 0 121 33004
x 0 33005
p 0 222 33005
x 0 33006
p 0 197 33006
x 0 33007
p 0 195 33007
x 0 33008
p 0 207 33008
x 0 33009
p 0 193 33009
x 0 33010
p 0 193 33010
x 0 33011
p 0 199 33011
x 0 33012
p 0 202 33012
x 0 33013
p 0 202 33013
x 0 33014
p 0 198 33014
x 0 33015
p 0 195 33015
x 0 33016
p 0 194 33016
x 0 33017
p 0 240 33017
x 0 33018
p 0 202 33018
x 0 33019
p 0 195 33019
x 0 33020
p 0 196 33020
x 0 33021
p 0 192 33021
x 0 33022
p 0 210 33022
x 0 33023
p 0 207 33023
x 0 33024
p 0 196 33024
x 0 33025
p 0 201 33025
x 0 33026
p 0 197 33026
x 0 33027
p 0 193 33027
x 0 33028
p 0 200 33028
x 0 33029
p 0 152 33029
x 0 33030
p 0 192 33030
x 0 33031
p 0 193 33031
x 0 33032
p 0 142 33032
x 0 33033
p 0 202 33033
x 0 33034
p 0 195 33034
x 0 33035
p 0 194 33035
x 0 33036
p 0 199 33036
x 0 33037
p 0 191 33037
x 0 33038
p 0 198 33038
x 0 33039
p 0 198 33039
x 0 33040
p 0 196 33040
x 0 33041
p 0 192 33041
x 0 33042
p 0 195 33042
x 0 33043
p 0 200 33043
x 0 33044
p 0 198 33044
x 0 33045
p 0 199 33045
x 0 33046
p 0 196 33046
x 0 33047
p 0 192 33047
x 0 33048
p 0 194 33048
x 0 33049
p 0 194 33049
x 0 33050
p 0 195 33050
x 0 33051
p 0 196 33051
x 0 33052
p 0 217 33052
x 0 33053
p 0 200 33053
x 0 33054
p 0 196 33054
x 0 33055
p 0 198 33055
x 0 33056
p 0 198 33056
x 0 33057
p 0 196 33057
x 0 33058
p 0 197 33058
x 0 33059
p 0 226 33059
x 0 33060
p 0 194 33060
x 0 33000
h 0 10.0.0.8
p 0 69287 33000
x 1 33001
h 1 10.0.0.8
p 1 810 33001
x 0 33002
p 0 270 33002
x 0 33003
p 0 207 33003
x 0 33004
p 0 235 33004
x 0 33005
p 0 221 33005
x 0 33006
p 0 198 33006
x 0 33007
p 0 198 33007
x 0 33008
p 0 191 33008
x 0 33009
p 0 193 33009
x 0 33010
p 0 195 33010
x 0 33011
p 0 206 33011
x 0 33012
p 0 193 33012
x 0 33013
p 0 194 33013
x 0 33014
p 0 193 33014
x 0 33015
p 0 199 33015
x 0 33016
p 0 191 33016
x 0 33017
p 0 232 33017
x 0 33018
p 0 194 33018
x 0 33019
p 0 195 33019
x 0 33020
p 0 199 33020
x 0 33021
p 0 193 33021
x 0 33022
p 0 191 33022
x 0 33023
p 0 2930 33023
x 0 33024
p 0 252 33024
x 0 33025
p 0 199 33025
x 0 33026
p 0 193 33026
x 0 33027
p 0 194 33027
x 0 33028
p 0 257 33028
x 0 33029
p 0 190 33029
x 0 33030
p 0 199 33030
x 0 33031
p 0 230 33031
x 0 33032
p 0 192 33032
x 0 33033
p 0 193 33033
x 0 33034
p 0 194 33034
x 0 33035
p 0 197 33035
x 0 33036
p 0 192 33036
x 0 33037
p 0 193 33037
x 0 33038
p 0 222 33038
x 0 33039
p 0 194 33039
x 0 33040
p 0 197 33040
x 0 33041
p 0 192 33041
x 0 33042
p 0 194 33042
x 0 33043
p 0 193 33043
x 0 33044
p 0 194 33044
x 0 33045
p 0 237 33045
x 0 33046
p 0 194 33046
x 0 33047
p 0 208 33047
x 0 33048
p 0 194 33048
x 0 33049
p 0 190 33049
x 0 33050
p 0 194 33050
x 0 33051
p 0 194 33051
x 0 33052
p 0 254 33052
x 0 33053
p 0 193 33053
x 0 33054
p 0 193 33054
x 0 33055
p 0 197 33055
x 0 33056
p 0 192 33056
x 0 33057
p 0 196 33057
x 0 33058
p 0 193 33058
x 0 33059
p 0 260 33059
x 0 33060
p 0 195 33060
x 0 33000
h 0 10.0.0.8
p 0 57073 33000
x 1 33001
h 1 10.0.0.8
p 1 782 33001
x 0 33002
p 0 201 33002
x 0 33003
p 0 197 33003
x 0 33004
p 0 196 33004
x 0 33005
p 0 195 33005
x 0 33006
p 0 200 33006
x 0 33007
p 0 203 33007
x 0 33008
p 0 195 33008
x 0 33009
p 0 193 33009
x 0 33010
p 0 195 33010
x 0 33011
p 0 200 33011
x 0 33012
p 0 197 33012
x 0 33013
p 0 197 33013
x 0 33014
p 0 195 33014
x 0 33015
p 0 191 33015
x 0 33016
p 0 198 33016
x 0 33017
p 0 197 33017
x 0 33018
p 0 197 33018
x 0 33019
p 0 197 33019
x 0 33020
p 0 193 33020
x 0 33021
p 0 198 33021
x 0 33022
p 0 196 33022
x 0 33023
p 0 193 33023
x 0 33024
p 0 193 33024
x 0 33025
p 0 195 33025
x 0 33026
p 0 197 33026
x 0 33027
p 0 194 33027
x 0 33028
p 0 200 33028
x 0 33029
p 0 202 33029
x 0 33030
p 0 201 33030
x 0 33031
p 0 202 33031
x 0 33032
p 0 201 33032
x 0 33033
p 0 199 33033
x 0 33034
p 0 199 33034
x 0 33035
p 0 196 33035
x 0 33036
p 0 306 33036
x 0 33037
p 0 201 33037
x 0 33038
p 0 200 33038
x 0 33039
p 0 198 33039
x 0 33040
p 0 201 33040
x 0 33041
p 0 200 33041
x 0 33042
p 0 200 33042
x 0 33043
p 0 300 33043
x 0 33044
p 0 198 33044
x 0 33045
p 0 198 33045
x 0 33046
p 0 201 33046
x 0 33047
p 0 199 33047
x 0 33048
p 0 196 33048
x 0 33049
p 0 195 33049
x 0 33050
p 0 263 33050
x 0 33051
p 0 202 33051
x 0 33052
p 0 201 33052
x 0 33053
p 0 200 33053
x 0 33054
p 0 198 33054
x 0 33055
p 0 196 33055
x 0 33056
p 0 198 33056
x 0 33057
p 0 261 33057
x 0 33058
p 0 198 33058
x 0 33059
p 0 199 33059
x 0 33060
p 0 195 33060
x 0 33000
h 0 10.0.0.8
p 0 94741 33000
x 1 33001
h 1 10.0.0.8
p 1 790 33001
x 0 33002
p 0 194 33002
x 0 33003
p 0 214 33003
x 0 33004
p 0 202 33004
x 0 33005
p 0 205 33005
x 0 33006
p 0 225 33006
x 0 33007
p 0 204 33007
x 0 33008
p 0 202 33008
x 0 33009
p 0 179 33009
x 0 33010
p 0 201 33010
x 0 33011
p 0 179 33011
x 0 33012
p 0 202 33012
x 0 33013
p 0 201 33013
x 0 33014
p 0 200 33014
x 0 33015
p 0 199 33015
x 0 33016
p 0 180 33016
x 0 33017
p 0 253 33017
x 0 33018
p 0 196 33018
x 0 33019
p 0 198 33019
x 0 33020
p 0 221 33020
x 0 33021
p 0 211 33021
x 0 33022
p 0 218 33022
x 0 33023
p 0 212 33023
x 0 33024
p 0 244 33024
x 0 33025
p 0 196 33025
x 0 33026
p 0 198 33026
x 0 33027
p 0 198 33027
x 0 33028
p 0 197 33028
x 0 33029
p 0 197 33029
x 0 33030
p 0 199 33030
x 0 33031
p 0 231 33031
x 0 33032
p 0 197 33032
x 0 33033
p 0 196 33033
x 0 33034
p 0 195 33034
x 0 33035
p 0 198 33035
x 0 33036
p 0 198 33036
x 0 33037
p 0 196 33037
x 0 33038
p 0 251 33038
x 0 33039
p 0 197 33039
x 0 33040
p 0 195 33040
x 0 33041
p 0 229 33041
x 0 33042
p 0 199 33042
x 0 33043
p 0 108 33043
x 0 33044
p 0 196 33044
x 0 33045
p 0 239 33045
x 0 33046
p 0 204 33046
x 0 33047
p 0 196 33047
x 0 33048
p 0 195 33048
x 0 33049
p 0 194 33049
x 0 33050
p 0 217 33050
x 0 33051
p 0 171 33051
x 0 33052
p 0 169 33052
x 0 33053
p 0 197 33053
x 0 33054
p 0 187 33054
x 0 33055
p 0 210 33055
x 0 33056
p 0 200 33056
x 0 33057
p 0 233 33057
x 0 33058
p 0 174 33058
x 0 33059
p 0 200 33059
x 0 33060
p 0 199 33060
x 0 33000
h 0 10.0.0.8
p 0 49187 33000
x 1 33001
h 1 10.0.0.8
p 1 752 33001
x 0 33002
p 0 210 33002
x 0 33003
p 0 209 33003
x 0 33004
p 0 212 33004
x 0 33005
p 0 242 33005
x 0 33006
p 0 170 33006
x 0 33007
p 0 207 33007
x 0 33008
p 0 202 33008
x 0 33009
p 0 204 33009
x 0 33010
p 0 201 33010
x 0 33011
p 0 208 33011
x 0 33012
p 0 202 33012
x 0 33013
p 0 204 33013
x 0 33014
p 0 205 33014
x 0 33015
p 0 203 33015
x 0 33016
p 0 203 33016
x 0 33017
p 0 204 33017
x 0 33018
p 0 198 33018
x 0 33019
p 0 202 33019
x 0 33020
p 0 200 33020
x 0 33021
p 0 244 33021
x 0 33022
p 0 205 33022
x 0 33023
p 0 203 33023
x 0 33024
p 0 169 33024
x 0 33025
p 0 211 33025
x 0 33026
p 0 236 33026
x 0 33027
p 0 166 33027
x 0 33028
p 0 201 33028
x 0 33029
p 0 205 33029
x 0 33030
p 0 202 33030
x 0 33031
p 0 206 33031
x 0 33032
p 0 209 33032
x 0 33033
p 0 215 33033
x 0 33034
p 0 209 33034
x 0 33035
p 0 207 33035
x 0 33036
p 0 207 33036
x 0 33037
p 0 205 33037
x 0 33038
p 0 205 33038
x 0 33039
p 0 207 33039
x 0 33040
p 0 223 33040
x 0 33041
p 0 204 33041
x 0 33042
p 0 205 33042
x 0 33043
p 0 203 33043
x 0 33044
p 0 208 33044
x 0 33045
p 0 202 33045
x 0 33046
p 0 205 33046
x 0 33047
p 0 265 33047
x 0 33048
p 0 199 33048
x 0 33049
p 0 202 33049
x 0 33050
p 0 203 33050
x 0 33051
p 0 250 33051
x 0 33052
p 0 202 33052
x 0 33053
p 0 201 33053
x 0 33054
p 0 257 33054
x 0 33055
p 0 202 33055
x 0 33056
p 0 204 33056
x 0 33057
p 0 207 33057
x 0 33058
p 0 205 33058
x 0 33059
p 0 208 33059
x 0 33060
p 0 207 33060
x 0 33000
x 1 33001
h 0 10.0.0.8
p 0 133262 33000
x 2 33002
h 2 10.0.0.8
p 2 617 33002
h 1 10.0.0.8
p 1 338895 33001
x 0 33003
p 0 231 33003
x 0 33004
p 0 206 33004
x 0 33005
p 0 329 33005
x 0 33006
p 0 279 33006
x 0 33007
p 0 280 33007
x 0 33008
p 0 228 33008
x 0 33009
p 0 292 33009
x 0 33010
p 0 296 33010
x 0 33011
p 0 262 33011
x 0 33012
p 0 300 33012
x 0 33013
p 0 246 33013
x 0 33014
p 0 186 33014
x 0 33015
p 0 159 33015
x 0 33016
p 0 166 33016
x 0 33017
p 0 208 33017
x 0 33018
p 0 162 33018
x 0 33019
p 0 170 33019
x 0 33020
p 0 267 33020
x 0 33021
p 0 165 33021
x 0 33022
p 0 194 33022
x 0 33023
p 0 165 33023
x 0 33024
p 0 199 33024
x 0 33025
p 0 167 33025
x 0 33026
p 0 165 33026
x 0 33027
p 0 178 33027
x 0 33028
p 0 162 33028
x 0 33029
p 0 172 33029
x 0 33030
p 0 167 33030
x 0 33031
p 0 255 33031
x 0 33032
p 0 174 33032
x 0 33033
p 0 224 33033
x 0 33034
p 0 229 33034
x 0 33035
p 0 256 33035
x 0 33036
p 0 216 33036
x 0 33037
p 0 270 33037
x 0 33038
p 0 207 33038
x 0 33039
p 0 231 33039
x 0 33040
p 0 225 33040
x 0 33041
p 0 290 33041
x 0 33042
p 0 443 33042
x 0 33043
p 0 220 33043
x 0 33044
p 0 237 33044
x 0 33045
p 0 307 33045
x 0 33046
p 0 222 33046
x 0 33047
p 0 334 33047
x 0 33048
p 0 216 33048
x 0 33049
p 0 227 33049
x 0 33050
p 0 224 33050
x 0 33051
p 0 216 33051
x 0 33052
p 0 299 33052
x 0 33053
p 0 209 33053
x 0 33054
p 0 209 33054
x 0 33055
p 0 207 33055
x 0 33056
p 0 211 33056
x 0 33057
p 0 205 33057
x 0 33058
p 0 205 33058
x 0 33059
p 0 215 33059
x 0 33060
p 0 207 33060
x 0 33061
p 0 210 33061
x 0 33000
h 0 10.0.0.8
p 0 72090 33000
x 1 33001
h 1 10.0.0.8
p 1 872 33001
x 0 33002
p 0 201 33002
x 0 33003
p 0 171 33003
x 0 33004
p 0 212 33004
x 0 33005
p 0 169 33005
x 0 33006
p 0 198 33006
x 0 33007
p 0 201 33007
x 0 33008
p 0 202 33008
x 0 33009
p 0 234 33009
x 0 33010
p 0 198 33010
x 0 33011
p 0 204 33011
x 0 33012
p 0 201 33012
x 0 33013
p 0 200 33013
x 0 33014
p 0 201 33014
x 0 33015
p 0 201 33015
x 0 33016
p 0 282 33016
x 0 33017
p 0 182 33017
x 0 33018
p 0 202 33018
x 0 33019
p 0 200 33019
x 0 33020
p 0 238 33020
x 0 33021
p 0 201 33021
x 0 33022
p 0 196 33022
x 0 33023
p 0 140 33023
x 0 33024
p 0 172 33024
x 0 33025
p 0 197 33025
x 0 33026
p 0 194 33026
x 0 33027
p 0 202 33027
x 0 33028
p 0 204 33028
x 0 33029
p 0 201 33029
x 0 33030
p 0 201 33030
x 0 33031
p 0 204 33031
x 0 33032
p 0 203 33032
x 0 33033
p 0 200 33033
x 0 33034
p 0 204 33034
x 0 33035
p 0 200 33035
x 0 33036
p 0 196 33036
x 0 33037
p 0 197 33037
x 0 33038
p 0 201 33038
x 0 33039
p 0 197 33039
x 0 33040
p 0 224 33040
x 0 33041
p 0 197 33041
x 0 33042
p 0 203 33042
x 0 33043
p 0 198 33043
x 0 33044
p 0 196 33044
x 0 33045
p 0 200 33045
x 0 33046
p 0 258 33046
x 0 33047
p 0 196 33047
x 0 33048
p 0 193 33048
x 0 33049
p 0 196 33049
x 0 33050
p 0 196 33050
x 0 33051
p 0 234 33051
x 0 33052
p 0 193 33052
x 0 33053
p 0 196 33053
x 0 33054
p 0 197 33054
x 0 33055
p 0 196 33055
x 0 33056
p 0 195 33056
x 0 33057
p 0 201 33057
x 0 33058
p 0 254 33058
x 0 33059
p 0 197 33059
x 0 33060
p 0 200 33060
x 0 33000
h 0 10.0.0.8
p 0 69262 33000
x 1 33001
h 1 10.0.0.8
p 1 734 33001
x 0 33002
p 0 206 33002
x 0 33003
p 0 220 33003
x 0 33004
p 0 206 33004
x 0 33005
p 0 205 33005
x 0 33006
p 0 204 33006
x 0 33007
p 0 202 33007
x 0 33008
p 0 204 33008
x 0 33009
p 0 204 33009
x 0 33010
p 0 242 33010
x 0 33011
p 0 205 33011
x 0 33012
p 0 210 33012
x 0 33013
p 0 204 33013
x 0 33014
p 0 204 33014
x 0 33015
p 0 206 33015
x 0 33016
p 0 204 33016
x 0 33017
p 0 209 33017
x 0 33018
p 0 209 33018
x 0 33019
p 0 203 33019
x 0 33020
p 0 211 33020
x 0 33021
p 0 210 33021
x 0 33022
p 0 205 33022
x 0 33023
p 0 205 33023
x 0 33024
p 0 201 33024
x 0 33025
p 0 162 33025
x 0 33026
p 0 166 33026
x 0 33027
p 0 168 33027
x 0 33028
p 0 149 33028
x 0 33029
p 0 148 33029
x 0 33030
p 0 146 33030
x 0 33031
p 0 154 33031
x 0 33032
p 0 205 33032
x 0 33033
p 0 149 33033
x 0 33034
p 0 150 33034
x 0 33035
p 0 146 33035
x 0 33036
p 0 152 33036
x 0 33037
p 0 155 33037
x 0 33038
p 0 241 33038
x 0 33039
p 0 151 33039
x 0 33040
p 0 154 33040
x 0 33041
p 0 168 33041
x 0 33042
p 0 205 33042
x 0 33043
p 0 150 33043
x 0 33044
p 0 612 33044
x 0 33045
p 0 155 33045
x 0 33046
p 0 199 33046
x 0 33047
p 0 148 33047
x 0 33048
p 0 200 33048
x 0 33049
p 0 146 33049
x 0 33050
p 0 198 33050
x 0 33051
p 0 617 33051
x 0 33052
p 0 154 33052
x 0 33053
p 0 199 33053
x 0 33054
p 0 149 33054
x 0 33055
p 0 178 33055
x 0 33056
p 0 116 33056
x 0 33057
p 0 176 33057
x 0 33058
p 0 161 33058
x 0 33059
p 0 179 33059
x 0 33060
p 0 180 33060
x 0 33000
h 0 10.0.0.8
p 0 93244 33000
x 1 33001
h 1 10.0.0.8
p 1 506 33001
x 0 33002
p 0 194 33002
x 0 33003
p 0 191 33003
x 0 33004
p 0 256 33004
x 0 33005
p 0 194 33005
x 0 33006
p 0 196 33006
x 0 33007
p 0 196 33007
x 0 33008
p 0 202 33008
x 0 33009
p 0 197 33009
x 0 33010
p 0 199 33010
x 0 33011
p 0 241 33011
x 0 33012
p 0 197 33012
x 0 33013
p 0 198 33013
x 0 33014
p 0 198 33014
x 0 33015
p 0 199 33015
x 0 33016
p 0 195 33016
x 0 33017
p 0 196 33017
x 0 33018
p 0 196 33018
x 0 33019
p 0 201 33019
x 0 33020
p 0 196 33020
x 0 33021
p 0 197 33021
x 0 33022
p 0 197 33022
x 0 33023
p 0 194 33023
x 0 33024
p 0 197 33024
x 0 33025
p 0 194 33025
x 0 33026
p 0 196 33026
x 0 33027
p 0 200 33027
x 0 33028
p 0 201 33028
x 0 33029
p 0 199 33029
x 0 33030
p 0 200 33030
x 0 33031
p 0 199 33031
x 0 33032
p 0 207 33032
x 0 33033
p 0 206 33033
x 0 33034
p 0 206 33034
x 0 33035
p 0 211 33035
x 0 33036
p 0 209 33036
x 0 33037
p 0 229 33037
x 0 33038
p 0 202 33038
x 0 33039
p 0 205 33039
x 0 33040
p 0 208 33040
x 0 33041
p 0 204 33041
x 0 33042
p 0 180 33042
x 0 33043
p 0 237 33043
x 0 33044
p 0 235 33044
x 0 33045
p 0 204 33045
x 0 33046
p 0 202 33046
x 0 33047
p 0 200 33047
x 0 33048
p 0 213 33048
x 0 33049
p 0 198 33049
x 0 33050
p 0 201 33050
x 0 33051
p 0 225 33051
x 0 33052
p 0 198 33052
x 0 33053
p 0 193 33053
x 0 33054
p 0 203 33054
x 0 33055
p 0 204 33055
x 0 33056
p 0 259 33056
x 0 33057
p 0 201 33057
x 0 33058
p 0 228 33058
x 0 33059
p 0 196 33059
x 0 33060
p 0 204 33060
x 0 33000
x 1 33001
h 0 10.0.0.8
p 0 117531 33000
x 2 33002
h 2 10.0.0.8
p 2 877 33002
h 1 10.0.0.8
p 1 298036 33001
x 0 33003
p 0 258 33003
x 0 33004
p 0 226 33004
x 0 33005
p 0 233 33005
x 0 33006
p 0 221 33006
x 0 33007
p 0 259 33007
x 0 33008
p 0 260 33008
x 0 33009
p 0 232 33009
x 0 33010
p 0 228 33010
x 0 33011
p 0 268 33011
x 0 33012
p 0 242 33012
x 0 33013
p 0 278 33013
x 0 33014
p 0 231 33014
x 0 33015
p 0 228 33015
x 0 33016
p 0 229 33016
x 0 33017
p 0 229 33017
x 0 33018
p 0 231 33018
x 0 33019
p 0 223 33019
x 0 33020
p 0 303 33020
x 0 33021
p 0 243 33021
x 0 33022
p 0 228 33022
x 0 33023
p 0 225 33023
x 0 33024
p 0 221 33024
x 0 33025
p 0 255 33025
x 0 33026
p 0 223 33026
x 0 33027
p 0 278 33027
x 0 33028
p 0 223 33028
x 0 33029
p 0 219 33029
x 0 33030
p 0 225 33030
x 0 33031
p 0 232 33031
x 0 33032
p 0 214 33032
x 0 33033
p 0 215 33033
x 0 33034
p 0 281 33034
x 0 33035
p 0 210 33035
x 0 33036
p 0 209 33036
x 0 33037
p 0 204 33037
x 0 33038
p 0 232 33038
x 0 33039
p 0 237 33039
x 0 33040
p 0 287 33040
x 0 33041
p 0 217 33041
x 0 33042
p 0 208 33042
x 0 33043
p 0 214 33043
x 0 33044
p 0 210 33044
x 0 33045
p 0 209 33045
x 0 33046
p 0 210 33046
x 0 33047
p 0 211 33047
x 0 33048
p 0 205 33048
x 0 33049
p 0 206 33049
x 0 33050
p 0 236 33050
x 0 33051
p 0 215 33051
x 0 33052
p 0 207 33052
x 0 33053
p 0 209 33053
x 0 33054
p 0 93 33054
x 0 33055
p 0 207 33055
x 0 33056
p 0 212 33056
x 0 33057
p 0 209 33057
x 0 33058
p 0 202 33058
x 0 33059
p 0 211 33059
x 0 33060
p 0 213 33060
x 0 33061
p 0 214 33061
x 0 33000
x 1 33001
h 0 10.0.0.8
p 0 118179 33000
x 2 33002
h 2 10.0.0.8
p 2 644 33002
h 1 10.0.0.8
p 1 305798 33001
x 0 33003
p 0 269 33003
x 0 33004
p 0 340 33004
x 0 33005
p 0 213 33005
x 0 33006
p 0 218 33006
x 0 33007
p 0 217 33007
x 0 33008
p 0 220 33008
x 0 33009
p 0 212 33009
x 0 33010
p 0 214 33010
x 0 33011
p 0 295 33011
x 0 33012
p 0 219 33012
x 0 33013
p 0 228 33013
x 0 33014
p 0 224 33014
x 0 33015
p 0 320 33015
x 0 33016
p 0 235 33016
x 0 33017
p 0 225 33017
x 0 33018
p 0 322 33018
x 0 33019
p 0 256 33019
x 0 33020
p 0 245 33020
x 0 33021
p 0 238 33021
x 0 33022
p 0 224 33022
x 0 33023
p 0 114 33023
x 0 33024
p 0 206 33024
x 0 33025
p 0 215 33025
x 0 33026
p 0 223 33026
x 0 33027
p 0 219 33027
x 0 33028
p 0 151 33028
x 0 33029
p 0 216 33029
x 0 33030
p 0 214 33030
x 0 33031
p 0 240 33031
x 0 33032
p 0 226 33032
x 0 33033
p 0 221 33033
x 0 33034
p 0 252 33034
x 0 33035
p 0 262 33035
x 0 33036
p 0 277 33036
x 0 33037
p 0 233 33037
x 0 33038
p 0 265 33038
x 0 33039
p 0 212 33039
x 0 33040
p 0 258 33040
x 0 33041
p 0 262 33041
x 0 33042
p 0 225 33042
x 0 33043
p 0 221 33043
x 0 33044
p 0 223 33044
x 0 33045
p 0 213 33045
x 0 33046
p 0 226 33046
x 0 33047
p 0 222 33047
x 0 33048
p 0 128 33048
x 0 33049
p 0 210 33049
x 0 33050
p 0 297 33050
x 0 33051
p 0 243 33051
x 0 33052
p 0 232 33052
x 0 33053
p 0 217 33053
x 0 33054
p 0 220 33054
x 0 33055
p 0 245 33055
x 0 33056
p 0 231 33056
x 0 33057
p 0 338 33057
x 0 33058
p 0 125 33058
x 0 33059
p 0 212 33059
x 0 33060
p 0 214 33060
x 0 33061
p 0 228 33061
x 0 33000
x 1 33001
h 0 10.0.0.8
p 0 169864 33000
x 2 33002
h 2 10.0.0.8
p 2 527 33002
h 1 10.0.0.8
p 1 322342 33001
x 0 33003
p 0 203 33003
x 0 33004
p 0 206 33004
x 0 33005
p 0 268 33005
x 0 33006
p 0 206 33006
x 0 33007
p 0 226 33007
x 0 33008
p 0 204 33008
x 0 33009
p 0 208 33009
x 0 33010
p 0 257 33010
x 0 33011
p 0 216 33011
x 0 33012
p 0 219 33012
x 0 33013
p 0 209 33013
x 0 33014
p 0 214 33014
x 0 33015
p 0 230 33015
x 0 33016
p 0 218 33016
x 0 33017
p 0 220 33017
x 0 33018
p 0 208 33018
x 0 33019
p 0 208 33019
x 0 33020
p 0 229 33020
x 0 33021
p 0 217 33021
x 0 33022
p 0 219 33022
x 0 33023
p 0 230 33023
x 0 33024
p 0 241 33024
x 0 33025
p 0 206 33025
x 0 33026
p 0 222 33026
x 0 33027
p 0 219 33027
x 0 33028
p 0 207 33028
x 0 33029
p 0 211 33029
x 0 33030
p 0 226 33030
x 0 33031
p 0 239 33031
x 0 33032
p 0 225 33032
x 0 33033
p 0 259 33033
x 0 33034
p 0 213 33034
x 0 33035
p 0 218 33035
x 0 33036
p 0 220 33036
x 0 33037
p 0 218 33037
x 0 33038
p 0 212 33038
x 0 33039
p 0 204 33039
x 0 33040
p 0 217 33040
x 0 33041
p 0 221 33041
x 0 33042
p 0 223 33042
x 0 33043
p 0 220 33043
x 0 33044
p 0 208 33044
x 0 33045
p 0 218 33045
x 0 33046
p 0 216 33046
x 0 33047
p 0 223 33047
x 0 33048
p 0 211 33048
x 0 33049
p 0 204 33049
x 0 33050
p 0 211 33050
x 0 33051
p 0 220 33051
x 0 33052
p 0 220 33052
x 0 33053
p 0 212 33053
x 0 33054
p 0 206 33054
x 0 33055
p 0 220 33055
x 0 33056
p 0 235 33056
x 0 33057
p 0 221 33057
x 0 33058
p 0 231 33058
x 0 33059
p 0 218 33059
x 0 33060
p 0 218 33060
x 0 33061
p 0 221 33061
x 0 33000
x 1 33001
h 1 10.0.0.8
p 1 1160 33001
h 0 10.0.0.8
p 0 107176 33000
x 2 33002
h 2 10.0.0.8
p 2 220 33002
x 0 33003
p 0 214 33003
x 0 33004
p 0 332 33004
x 0 33005
p 0 222 33005
x 0 33006
p 0 236 33006
x 0 33007
p 0 223 33007
x 0 33008
p 0 257 33008
x 0 33009
p 0 222 33009
x 0 33010
p 0 258 33010
x 0 33011
p 0 228 33011
x 0 33012
p 0 215 33012
x 0 33013
p 0 205 33013
x 0 33014
p 0 270 33014
x 0 33015
p 0 244 33015
x 0 33016
p 0 230 33016
x 0 33017
p 0 217 33017
x 0 33018
p 0 205 33018
x 0 33019
p 0 229 33019
x 0 33020
p 0 243 33020
x 0 33021
p 0 273 33021
x 0 33022
p 0 214 33022
x 0 33023
p 0 206 33023
x 0 33024
p 0 215 33024
x 0 33025
p 0 217 33025
x 0 33026
p 0 221 33026
x 0 33027
p 0 214 33027
x 0 33028
p 0 210 33028
x 0 33029
p 0 216 33029
x 0 33030
p 0 226 33030
x 0 33031
p 0 220 33031
x 0 33032
p 0 208 33032
x 0 33033
p 0 214 33033
x 0 33034
p 0 217 33034
x 0 33035
p 0 218 33035
x 0 33036
p 0 233 33036
x 0 33037
p 0 230 33037
x 0 33038
p 0 238 33038
x 0 33039
p 0 212 33039
x 0 33040
p 0 213 33040
x 0 33041
p 0 228 33041
x 0 33042
p 0 215 33042
x 0 33043
p 0 213 33043
x 0 33044
p 0 228 33044
x 0 33045
p 0 211 33045
x 0 33046
p 0 213 33046
x 0 33047
p 0 218 33047
x 0 33048
p 0 206 33048
x 0 33049
p 0 162 33049
x 0 33050
p 0 248 33050
x 0 33051
p 0 258 33051
x 0 33052
p 0 218 33052
x 0 33053
p 0 207 33053
x 0 33054
p 0 215 33054
x 0 33055
p 0 209 33055
x 0 33056
p 0 221 33056
x 0 33057
p 0 215 33057
x 0 33058
p 0 247 33058
x 0 33059
p 0 213 33059
x 0 33060
p 0 228 33060
x 0 33061
p 0 236 33061
x 0 33000
x 1 33001
h 0 10.0.0.8
p 0 139635 33000
x 2 33002
h 2 10.0.0.8
p 2 647 33002
h 1 10.0.0.8
p 1 339471 33001
x 0 33003
p 0 371 33003
x 0 33004
p 0 199 33004
x 0 33005
p 0 198 33005
x 0 33006
p 0 199 33006
x 0 33007
p 0 199 33007
x 0 33008
p 0 199 33008
x 0 33009
p 0 194 33009
x 0 33010
p 0 197 33010
x 0 33011
p 0 236 33011
x 0 33012
p 0 198 33012
x 0 33013
p 0 197 33013
x 0 33014
p 0 196 33014
x 0 33015
p 0 191 33015
x 0 33016
p 0 199 33016
x 0 33017
p 0 193 33017
x 0 33018
p 0 194 33018
x 0 33019
p 0 81 33019
x 0 33020
p 0 200 33020
x 0 33021
p 0 301 33021
x 0 33022
p 0 286 33022
x 0 33023
p 0 199 33023
x 0 33024
p 0 222 33024
x 0 33025
p 0 199 33025
x 0 33026
p 0 197 33026
x 0 33027
p 0 232 33027
x 0 33028
p 0 238 33028
x 0 33029
p 0 199 33029
x 0 33030
p 0 287 33030
x 0 33031
p 0 237 33031
x 0 33032
p 0 240 33032
x 0 33033
p 0 252 33033
x 0 33034
p 0 197 33034
x 0 33035
p 0 198 33035
x 0 33036
p 0 201 33036
x 0 33037
p 0 197 33037
x 0 33038
p 0 317 33038
x 0 33039
p 0 195 33039
x 0 33040
p 0 230 33040
x 0 33041
p 0 197 33041
x 0 33042
p 0 193 33042
x 0 33043
p 0 195 33043
x 0 33044
p 0 200 33044
x 0 33045
p 0 204 33045
x 0 33046
p 0 199 33046
x 0 33047
p 0 239 33047
x 0 33048
p 0 204 33048
x 0 33049
p 0 202 33049
x 0 33050
p 0 208 33050
x 0 33051
p 0 207 33051
x 0 33052
p 0 202 33052
x 0 33053
p 0 202 33053
x 0 33054
p 0 244 33054
x 0 33055
p 0 203 33055
x 0 33056
p 0 297 33056
x 0 33057
p 0 338 33057
x 0 33058
p 0 205 33058
x 0 33059
p 0 198 33059
x 0 33060
p 0 203 33060
x 0 33061
p 0 237 33061
x 0 33000
x 1 33001
h 1 10.0.0.8
p 1 2893 33001
h 0 10.0.0.8
p 0 105576 33000
x 2 33002
h 2 10.0.0.8
p 2 85 33002
x 0 33003
p 0 201 33003
x 0 33004
p 0 287 33004
x 0 33005
p 0 204 33005
x 0 33006
p 0 226 33006
x 0 33007
p 0 191 33007
x 0 33008
p 0 200 33008
x 0 33009
p 0 200 33009
x 0 33010
p 0 192 33010
x 0 33011
p 0 194 33011
x 0 33012
p 0 196 33012
x 0 33013
p 0 223 33013
x 0 33014
p 0 195 33014
x 0 33015
p 0 192 33015
x 0 33016
p 0 192 33016
x 0 33017
p 0 193 33017
x 0 33018
p 0 196 33018
x 0 33019
p 0 208 33019
x 0 33020
p 0 237 33020
x 0 33021
p 0 226 33021
x 0 33022
p 0 216 33022
x 0 33023
p 0 219 33023
x 0 33024
p 0 228 33024
x 0 33025
p 0 278 33025
x 0 33026
p 0 208 33026
x 0 33027
p 0 215 33027
x 0 33028
p 0 218 33028
x 0 33029
p 0 229 33029
x 0 33030
p 0 230 33030
x 0 33031
p 0 207 33031
x 0 33032
p 0 303 33032
x 0 33033
p 0 221 33033
x 0 33034
p 0 265 33034
x 0 33035
p 0 241 33035
x 0 33036
p 0 213 33036
x 0 33037
p 0 220 33037
x 0 33038
p 0 219 33038
x 0 33039
p 0 222 33039
x 0 33040
p 0 222 33040
x 0 33041
p 0 253 33041
x 0 33042
p 0 215 33042
x 0 33043
p 0 215 33043
x 0 33044
p 0 229 33044
x 0 33045
p 0 207 33045
x 0 33046
p 0 206 33046
x 0 33047
p 0 237 33047
x 0 33048
p 0 219 33048
x 0 33049
p 0 284 33049
x 0 33050
p 0 336 33050
x 0 33051
p 0 262 33051
x 0 33052
p 0 230 33052
x 0 33053
p 0 208 33053
x 0 33054
p 0 240 33054
x 0 33055
p 0 275 33055
x 0 33056
p 0 206 33056
x 0 33057
p 0 220 33057
x 0 33058
p 0 218 33058
x 0 33059
p 0 229 33059
x 0 33060
p 0 499 33060
x 0 33061
p 0 216 33061
x 0 33000
x 1 33001
h 0 10.0.0.8
p 0 148762 33000
x 2 33002
h 2 10.0.0.8
p 2 468 33002
h 1 10.0.0.8
p 1 313137 33001
x 0 33003
p 0 203 33003
x 0 33004
p 0 242 33004
x 0 33005
p 0 209 33005
x 0 33006
p 0 205 33006
x 0 33007
p 0 213 33007
x 0 33008
p 0 202 33008
x 0 33009
p 0 208 33009
x 0 33010
p 0 203 33010
x 0 33011
p 0 205 33011
x 0 33012
p 0 211 33012
x 0 33013
p 0 222 33013
x 0 33014
p 0 206 33014
x 0 33015
p 0 204 33015
x 0 33016
p 0 204 33016
x 0 33017
p 0 211 33017
x 0 33018
p 0 208 33018
x 0 33019
p 0 209 33019
x 0 33020
p 0 200 33020
x 0 33021
p 0 209 33021
x 0 33022
p 0 209 33022
x 0 33023
p 0 324 33023
x 0 33024
p 0 204 33024
x 0 33025
p 0 201 33025
x 0 33026
p 0 314 33026
x 0 33027
p 0 291 33027
x 0 33028
p 0 228 33028
x 0 33029
p 0 235 33029
x 0 33030
p 0 205 33030
x 0 33031
p 0 210 33031
x 0 33032
p 0 372 33032
x 0 33033
p 0 209 33033
x 0 33034
p 0 188 33034
x 0 33035
p 0 174 33035
x 0 33036
p 0 245 33036
x 0 33037
p 0 341 33037
x 0 33038
p 0 368 33038
x 0 33039
p 0 333 33039
x 0 33040
p 0 385 33040
x 0 33041
p 0 360 33041
x 0 33042
p 0 178 33042
x 0 33043
p 0 298 33043
x 0 33044
p 0 175 33044
x 0 33045
p 0 282 33045
x 0 33046
p 0 227 33046
x 0 33047
p 0 404 33047
x 0 33048
p 0 226 33048
x 0 33049
p 0 206 33049
x 0 33050
p 0 203 33050
x 0 33051
p 0 203 33051
x 0 33052
p 0 214 33052
x 0 33053
p 0 172 33053
x 0 33054
p 0 174 33054
x 0 33055
p 0 165 33055
x 0 33056
p 0 262 33056
x 0 33057
p 0 149 33057
x 0 33058
p 0 209 33058
x 0 33059
p 0 174 33059
x 0 33060
p 0 174 33060
x 0 33061
p 0 171 33061
x 0 33000
x 1 33001
h 0 10.0.0.8
p 0 136515 33000
x 2 33002
h 2 10.0.0.8
p 2 763 33002
h 1 10.0.0.8
p 1 324252 33001
x 0 33003
p 0 218 33003
x 0 33004
p 0 206 33004
x 0 33005
p 0 199 33005
x 0 33006
p 0 208 33006
x 0 33007
p 0 227 33007
x 0 33008
p 0 210 33008
x 0 33009
p 0 230 33009
x 0 33010
p 0 217 33010
x 0 33011
p 0 217 33011
x 0 33012
p 0 232 33012
x 0 33013
p 0 254 33013
x 0 33014
p 0 244 33014
x 0 33015
p 0 210 33015
x 0 33016
p 0 222 33016
x 0 33017
p 0 236 33017
x 0 33018
p 0 214 33018
x 0 33019
p 0 239 33019
x 0 33020
p 0 215 33020
x 0 33021
p 0 1150 33021
x 0 33022
p 0 302 33022
x 0 33023
p 0 225 33023
x 0 33024
p 0 207 33024
x 0 33025
p 0 211 33025
x 0 33026
p 0 208 33026
x 0 33027
p 0 229 33027
x 0 33028
p 0 204 33028
x 0 33029
p 0 235 33029
x 0 33030
p 0 205 33030
x 0 33031
p 0 207 33031
x 0 33032
p 0 224 33032
x 0 33033
p 0 212 33033
x 0 33034
p 0 199 33034
x 0 33035
p 0 215 33035
x 0 33036
p 0 220 33036
x 0 33037
p 0 237 33037
x 0 33038
p 0 205 33038
x 0 33039
p 0 238 33039
x 0 33040
p 0 205 33040
x 0 33041
p 0 217 33041
x 0 33042
p 0 230 33042
x 0 33043
p 0 223 33043
x 0 33044
p 0 196 33044
x 0 33045
p 0 204 33045
x 0 33046
p 0 207 33046
x 0 33047
p 0 259 33047
x 0 33048
p 0 217 33048
x 0 33049
p 0 241 33049
x 0 33050
p 0 222 33050
x 0 33051
p 0 219 33051
x 0 33052
p 0 237 33052
x 0 33053
p 0 210 33053
x 0 33054
p 0 239 33054
x 0 33055
p 0 210 33055
x 0 33056
p 0 210 33056
x 0 33057
p 0 396 33057
x 0 33058
p 0 253 33058
x 0 33059
p 0 246 33059
x 0 33060
p 0 240 33060
x 0 33061
p 0 248 33061
x 0 33000
x 1 33001
h 0 10.0.0.8
p 0 117496 33000
x 2 33002
h 2 10.0.0.8
p 2 647 33002
h 1 10.0.0.8
p 1 310399 33001
x 0 33003
p 0 209 33003
x 0 33004
p 0 214 33004
x 0 33005
p 0 285 33005
x 0 33006
p 0 198 33006
x 0 33007
p 0 196 33007
x 0 33008
p 0 210 33008
x 0 33009
p 0 231 33009
x 0 33010
p 0 198 33010
x 0 33011
p 0 196 33011
x 0 33012
p 0 270 33012
x 0 33013
p 0 258 33013
x 0 33014
p 0 213 33014
x 0 33015
p 0 218 33015
x 0 33016
p 0 224 33016
x 0 33017
p 0 242 33017
x 0 33018
p 0 207 33018
x 0 33019
p 0 219 33019
x 0 33020
p 0 240 33020
x 0 33021
p 0 230 33021
x 0 33022
p 0 206 33022
x 0 33023
p 0 208 33023
x 0 33024
p 0 206 33024
x 0 33025
p 0 205 33025
x 0 33026
p 0 230 33026
x 0 33027
p 0 211 33027
x 0 33028
p 0 208 33028
x 0 33029
p 0 245 33029
x 0 33030
p 0 217 33030
x 0 33031
p 0 262 33031
x 0 33032
p 0 224 33032
x 0 33033
p 0 250 33033
x 0 33034
p 0 218 33034
x 0 33035
p 0 222 33035
x 0 33036
p 0 329 33036
x 0 33037
p 0 206 33037
x 0 33038
p 0 207 33038
x 0 33039
p 0 242 33039
x 0 33040
p 0 214 33040
x 0 33041
p 0 224 33041
x 0 33042
p 0 200 33042
x 0 33043
p 0 259 33043
x 0 33044
p 0 235 33044
x 0 33045
p 0 218 33045
x 0 33046
p 0 226 33046
x 0 33047
p 0 208 33047
x 0 33048
p 0 209 33048
x 0 33049
p 0 237 33049
x 0 33050
p 0 270 33050
x 0 33051
p 0 255 33051
x 0 33052
p 0 171 33052
x 0 33053
p 0 209 33053
x 0 33054
p 0 202 33054
x 0 33055
p 0 208 33055
x 0 33056
p 0 226 33056
x 0 33057
p 0 204 33057
x 0 33058
p 0 234 33058
x 0 33059
p 0 226 33059
x 0 33060
p 0 212 33060
x 0 33061
p 0 225 33061
x 0 33000
x 1 33001
h 0 10.0.0.8
p 0 148333 33000
x 2 33002
h 2 10.0.0.8
p 2 439 33002
h 1 10.0.0.8
p 1 311451 33001
x 0 33003
p 0 163 33003
x 0 33004
p 0 204 33004
x 0 33005
p 0 171 33005
x 0 33006
p 0 169 33006
x 0 33007
p 0 216 33007
x 0 33008
p 0 214 33008
x 0 33009
p 0 205 33009
x 0 33010
p 0 207 33010
x 0 33011
p 0 230 33011
x 0 33012
p 0 205 33012
x 0 33013
p 0 201 33013
x 0 33014
p 0 286 33014
x 0 33015
p 0 206 33015
x 0 33016
p 0 211 33016
x 0 33017
p 0 202 33017
x 0 33018
p 0 239 33018
x 0 33019
p 0 202 33019
x 0 33020
p 0 206 33020
x 0 33021
p 0 201 33021
x 0 33022
p 0 206 33022
x 0 33023
p 0 200 33023
x 0 33024
p 0 203 33024
x 0 33025
p 0 212 33025
x 0 33026
p 0 203 33026
x 0 33027
p 0 201 33027
x 0 33028
p 0 260 33028
x 0 33029
p 0 209 33029
x 0 33030
p 0 211 33030
x 0 33031
p 0 203 33031
x 0 33032
p 0 202 33032
x 0 33033
p 0 199 33033
x 0 33034
p 0 199 33034
x 0 33035
p 0 230 33035
x 0 33036
p 0 204 33036
x 0 33037
p 0 200 33037
x 0 33038
p 0 199 33038
x 0 33039
p 0 207 33039
x 0 33040
p 0 210 33040
x 0 33041
p 0 204 33041
x 0 33042
p 0 205 33042
x 0 33043
p 0 201 33043
x 0 33044
p 0 204 33044
x 0 33045
p 0 207 33045
x 0 33046
p 0 202 33046
x 0 33047
p 0 205 33047
x 0 33048
p 0 210 33048
x 0 33049
p 0 207 33049
x 0 33050
p 0 248 33050
x 0 33051
p 0 208 33051
x 0 33052
p 0 206 33052
x 0 33053
p 0 203 33053
x 0 33054
p 0 211 33054
x 0 33055
p 0 209 33055
x 0 33056
p 0 204 33056
x 0 33057
p 0 152 33057
x 0 33058
p 0 151 33058
x 0 33059
p 0 154 33059
x 0 33060
p 0 208 33060
x 0 33061
p 0 207 33061
x 0 33000
h 0 10.0.0.8
p 0 90490 33000
x 1 33001
h 1 10.0.0.8
p 1 553 33001
x 0 33002
p 0 197 33002
x 0 33003
p 0 227 33003
x 0 33004
p 0 196 33004
x 0 33005
p 0 193 33005
x 0 33006
p 0 195 33006
x 0 33007
p 0 196 33007
x 0 33008
p 0 196 33008
x 0 33009
p 0 195 33009
x 0 33010
p 0 191 33010
x 0 33011
p 0 195 33011
x 0 33012
p 0 194 33012
x 0 33013
p 0 195 33013
x 0 33014
p 0 192 33014
x 0 33015
p 0 194 33015
x 0 33016
p 0 194 33016
x 0 33017
p 0 191 33017
x 0 33018
p 0 196 33018
x 0 33019
p 0 196 33019
x 0 33020
p 0 196 33020
x 0 33021
p 0 193 33021
x 0 33022
p 0 194 33022
x 0 33023
p 0 194 33023
x 0 33024
p 0 190 33024
x 0 33025
p 0 194 33025
x 0 33026
p 0 193 33026
x 0 33027
p 0 192 33027
x 0 33028
p 0 192 33028
x 0 33029
p 0 194 33029
x 0 33030
p 0 300 33030
x 0 33031
p 0 196 33031
x 0 33032
p 0 192 33032
x 0 33033
p 0 194 33033
x 0 33034
p 0 194 33034
x 0 33035
p 0 229 33035
x 0 33036
p 0 193 33036
x 0 33037
p 0 193 33037
x 0 33038
p 0 226 33038
x 0 33039
p 0 191 33039
x 0 33040
p 0 195 33040
x 0 33041
p 0 200 33041
x 0 33042
p 0 194 33042
x 0 33043
p 0 194 33043
x 0 33044
p 0 192 33044
x 0 33045
p 0 193 33045
x 0 33046
p 0 176 33046
x 0 33047
p 0 160 33047
x 0 33048
p 0 226 33048
x 0 33049
p 0 192 33049
x 0 33050
p 0 195 33050
x 0 33051
p 0 152 33051
x 0 33052
p 0 195 33052
x 0 33053
p 0 200 33053
x 0 33054
p 0 194 33054
x 0 33055
p 0 194 33055
x 0 33056
p 0 195 33056
x 0 33057
p 0 241 33057
x 0 33058
p 0 194 33058
x 0 33059
p 0 195 33059
x 0 33060
p 0 198 33060
x 0 33000
x 1 33001
x 2 33002
x 3 33003
h 0 10.0.0.8
p 0 366369 33000
x 4 33004
h 4 10.0.0.8
p 4 665 33004
h 1 10.0.0.8
p 1 319511 33001
h 2 10.0.0.8
p 2 223648 33002
h 3 10.0.0.8
p 3 126282 33003
x 0 33005
p 0 234 33005
x 0 33006
p 0 197 33006
x 0 33007
p 0 195 33007
x 0 33008
p 0 196 33008
x 0 33009
p 0 179 33009
x 0 33010
p 0 174 33010
x 0 33011
p 0 174 33011
x 0 33012
p 0 168 33012
x 0 33013
p 0 173 33013
x 0 33014
p 0 166 33014
x 0 33015
p 0 167 33015
x 0 33016
p 0 195 33016
x 0 33017
p 0 170 33017
x 0 33018
p 0 171 33018
x 0 33019
p 0 169 33019
x 0 33020
p 0 247 33020
x 0 33021
p 0 167 33021
x 0 33022
p 0 167 33022
x 0 33023
p 0 170 33023
x 0 33024
p 0 168 33024
x 0 33025
p 0 170 33025
x 0 33026
p 0 167 33026
x 0 33027
p 0 170 33027
x 0 33028
p 0 172 33028
x 0 33029
p 0 167 33029
x 0 33030
p 0 255 33030
x 0 33031
p 0 242 33031
x 0 33032
p 0 172 33032
x 0 33033
p 0 193 33033
x 0 33034
p 0 193 33034
x 0 33035
p 0 192 33035
x 0 33036
p 0 165 33036
x 0 33037
p 0 149 33037
x 0 33038
p 0 164 33038
x 0 33039
p 0 144 33039
x 0 33040
p 0 148 33040
x 0 33041
p 0 97 33041
x 0 33042
p 0 145 33042
x 0 33043
p 0 148 33043
x 0 33044
p 0 146 33044
x 0 33045
p 0 232 33045
x 0 33046
p 0 145 33046
x 0 33047
p 0 143 33047
x 0 33048
p 0 147 33048
x 0 33049
p 0 198 33049
x 0 33050
p 0 208 33050
x 0 33051
p 0 199 33051
x 0 33052
p 0 192 33052
x 0 33053
p 0 191 33053
x 0 33054
p 0 268 33054
x 0 33055
p 0 195 33055
x 0 33056
p 0 197 33056
x 0 33057
p 0 197 33057
x 0 33058
p 0 192 33058
x 0 33059
p 0 192 33059
x 0 33060
p 0 194 33060
x 0 33061
p 0 192 33061
x 0 33062
p 0 193 33062
x 0 33063
p 0 193 33063
x 0 33000
x 1 33001
h 0 10.0.0.8
p 0 113163 33000
x 2 33002
h 2 10.0.0.8
p 2 630 33002
h 1 10.0.0.8
p 1 289481 33001
x 0 33003
p 0 204 33003
x 0 33004
p 0 226 33004
x 0 33005
p 0 210 33005
x 0 33006
p 0 289 33006
x 0 33007
p 0 233 33007
x 0 33008
p 0 254 33008
x 0 33009
p 0 241 33009
x 0 33010
p 0 200 33010
x 0 33011
p 0 241 33011
x 0 33012
p 0 235 33012
x 0 33013
p 0 219 33013
x 0 33014
p 0 213 33014
x 0 33015
p 0 235 33015
x 0 33016
p 0 218 33016
x 0 33017
p 0 215 33017
x 0 33018
p 0 238 33018
x 0 33019
p 0 218 33019
x 0 33020
p 0 205 33020
x 0 33021
p 0 208 33021
x 0 33022
p 0 283 33022
x 0 33023
p 0 217 33023
x 0 33024
p 0 240 33024
x 0 33025
p 0 203 33025
x 0 33026
p 0 221 33026
x 0 33027
p 0 228 33027
x 0 33028
p 0 252 33028
x 0 33029
p 0 270 33029
x 0 33030
p 0 220 33030
x 0 33031
p 0 201 33031
x 0 33032
p 0 236 33032
x 0 33033
p 0 215 33033
x 0 33034
p 0 233 33034
x 0 33035
p 0 208 33035
x 0 33036
p 0 231 33036
x 0 33037
p 0 228 33037
x 0 33038
p 0 233 33038
x 0 33039
p 0 243 33039
x 0 33040
p 0 204 33040
x 0 33041
p 0 196 33041
x 0 33042
p 0 218 33042
x 0 33043
p 0 225 33043
x 0 33044
p 0 209 33044
x 0 33045
p 0 215 33045
x 0 33046
p 0 199 33046
x 0 33047
p 0 228 33047
x 0 33048
p 0 221 33048
x 0 33049
p 0 259 33049
x 0 33050
p 0 277 33050
x 0 33051
p 0 216 33051
x 0 33052
p 0 231 33052
x 0 33053
p 0 232 33053
x 0 33054
p 0 217 33054
x 0 33055
p 0 224 33055
x 0 33056
p 0 196 33056
x 0 33057
p 0 224 33057
x 0 33058
p 0 239 33058
x 0 33059
p 0 214 33059
x 0 33060
p 0 251 33060
x 0 33061
p 0 209 33061
x 0 33000
x 1 33001
h 0 10.0.0.8
p 0 115481 33000
x 2 33002
h 2 10.0.0.8
p 2 739 33002
h 1 10.0.0.8
p 1 274103 33001
x 0 33003
p 0 184 33003
x 0 33004
p 0 220 33004
x 0 33005
p 0 209 33005
x 0 33006
p 0 271 33006
x 0 33007
p 0 245 33007
x 0 33008
p 0 235 33008
x 0 33009
p 0 211 33009
x 0 33010
p 0 199 33010
x 0 33011
p 0 225 33011
x 0 33012
p 0 262 33012
x 0 33013
p 0 253 33013
x 0 33014
p 0 217 33014
x 0 33015
p 0 210 33015
x 0 33016
p 0 222 33016
x 0 33017
p 0 248 33017
x 0 33018
p 0 212 33018
x 0 33019
p 0 212 33019
x 0 33020
p 0 244 33020
x 0 33021
p 0 223 33021
x 0 33022
p 0 214 33022
x 0 33023
p 0 216 33023
x 0 33024
p 0 207 33024
x 0 33025
p 0 197 33025
x 0 33026
p 0 217 33026
x 0 33027
p 0 267 33027
x 0 33028
p 0 215 33028
x 0 33029
p 0 228 33029
x 0 33030
p 0 197 33030
x 0 33031
p 0 251 33031
x 0 33032
p 0 214 33032
x 0 33033
p 0 214 33033
x 0 33034
p 0 214 33034
x 0 33035
p 0 205 33035
x 0 33036
p 0 218 33036
x 0 33037
p 0 243 33037
x 0 33038
p 0 324 33038
x 0 33039
p 0 217 33039
x 0 33040
p 0 206 33040
x 0 33041
p 0 203 33041
x 0 33042
p 0 223 33042
x 0 33043
p 0 221 33043
x 0 33044
p 0 206 33044
x 0 33045
p 0 199 33045
x 0 33046
p 0 212 33046
x 0 33047
p 0 202 33047
x 0 33048
p 0 235 33048
x 0 33049
p 0 200 33049
x 0 33050
p 0 203 33050
x 0 33051
p 0 201 33051
x 0 33052
p 0 201 33052
x 0 33053
p 0 201 33053
x 0 33054
p 0 204 33054
x 0 33055
p 0 236 33055
x 0 33056
p 0 207 33056
x 0 33057
p 0 204 33057
x 0 33058
p 0 209 33058
x 0 33059
p 0 202 33059
x 0 33060
p 0 198 33060
x 0 33061
p 0 198 33061
x 0 33000
h 0 10.0.0.8
p 0 72227 33000
x 1 33001
h 1 10.0.0.8
p 1 750 33001
x 0 33002
p 0 208 33002
x 0 33003
p 0 204 33003
x 0 33004
p 0 208 33004
x 0 33005
p 0 204 33005
x 0 33006
p 0 207 33006
x 0 33007
p 0 203 33007
x 0 33008
p 0 205 33008
x 0 33009
p 0 208 33009
x 0 33010
p 0 207 33010
x 0 33011
p 0 206 33011
x 0 33012
p 0 202 33012
x 0 33013
p 0 203 33013
x 0 33014
p 0 206 33014
x 0 33015
p 0 206 33015
x 0 33016
p 0 207 33016
x 0 33017
p 0 204 33017
x 0 33018
p 0 200 33018
x 0 33019
p 0 242 33019
x 0 33020
p 0 200 33020
x 0 33021
p 0 321 33021
x 0 33022
p 0 201 33022
x 0 33023
p 0 203 33023
x 0 33024
p 0 203 33024
x 0 33025
p 0 205 33025
x 0 33026
p 0 262 33026
x 0 33027
p 0 202 33027
x 0 33028
p 0 207 33028
x 0 33029
p 0 203 33029
x 0 33030
p 0 205 33030
x 0 33031
p 0 205 33031
x 0 33032
p 0 202 33032
x 0 33033
p 0 268 33033
x 0 33034
p 0 200 33034
x 0 33035
p 0 175 33035
x 0 33036
p 0 201 33036
x 0 33037
p 0 200 33037
x 0 33038
p 0 200 33038
x 0 33039
p 0 201 33039
x 0 33040
p 0 199 33040
x 0 33041
p 0 274 33041
x 0 33042
p 0 199 33042
x 0 33043
p 0 241 33043
x 0 33044
p 0 202 33044
x 0 33045
p 0 201 33045
x 0 33046
p 0 202 33046
x 0 33047
p 0 203 33047
x 0 33048
p 0 184 33048
x 0 33049
p 0 168 33049
x 0 33050
p 0 166 33050
x 0 33051
p 0 196 33051
x 0 33052
p 0 196 33052
x 0 33053
p 0 283 33053
x 0 33054
p 0 196 33054
x 0 33055
p 0 225 33055
x 0 33056
p 0 194 33056
x 0 33057
p 0 195 33057
x 0 33058
p 0 256 33058
x 0 33059
p 0 192 33059
x 0 33060
p 0 197 33060
x 0 33000
x 1 33001
h 0 10.0.0.8
p 0 127392 33000
x 2 33002
h 2 10.0.0.8
p 2 749 33002
h 1 10.0.0.8
p 1 320374 33001
x 0 33003
p 0 226 33003
x 0 33004
p 0 226 33004
x 0 33005
p 0 287 33005
x 0 33006
p 0 275 33006
x 0 33007
p 0 240 33007
x 0 33008
p 0 249 33008
x 0 33009
p 0 219 33009
x 0 33010
p 0 274 33010
x 0 33011
p 0 221 33011
x 0 33012
p 0 246 33012
x 0 33013
p 0 207 33013
x 0 33014
p 0 220 33014
x 0 33015
p 0 251 33015
x 0 33016
p 0 255 33016
x 0 33017
p 0 273 33017
x 0 33018
p 0 205 33018
x 0 33019
p 0 217 33019
x 0 33020
p 0 239 33020
x 0 33021
p 0 249 33021
x 0 33022
p 0 252 33022
x 0 33023
p 0 284 33023
x 0 33024
p 0 262 33024
x 0 33025
p 0 226 33025
x 0 33026
p 0 297 33026
x 0 33027
p 0 313 33027
x 0 33028
p 0 245 33028
x 0 33029
p 0 219 33029
x 0 33030
p 0 243 33030
x 0 33031
p 0 221 33031
x 0 33032
p 0 214 33032
x 0 33033
p 0 235 33033
x 0 33034
p 0 264 33034
x 0 33035
p 0 255 33035
x 0 33036
p 0 264 33036
x 0 33037
p 0 303 33037
x 0 33038
p 0 207 33038
x 0 33039
p 0 284 33039
x 0 33040
p 0 250 33040
x 0 33041
p 0 270 33041
x 0 33042
p 0 215 33042
x 0 33043
p 0 259 33043
x 0 33044
p 0 272 33044
x 0 33045
p 0 227 33045
x 0 33046
p 0 229 33046
x 0 33047
p 0 282 33047
x 0 33048
p 0 250 33048
x 0 33049
p 0 216 33049
x 0 33050
p 0 233 33050
x 0 33051
p 0 284 33051
x 0 33052
p 0 213 33052
x 0 33053
p 0 335 33053
x 0 33054
p 0 218 33054
x 0 33055
p 0 249 33055
x 0 33056
p 0 265 33056
x 0 33057
p 0 278 33057
x 0 33058
p 0 184 33058
x 0 33059
p 0 248 33059
x 0 33060
p 0 246 33060
x 0 33061
p 0 263 33061
x 0 33000
h 0 10.0.0.8
p 0 61967 33000
x 1 33001
h 1 10.0.0.8
p 1 622 33001
x 0 33002
p 0 200 33002
x 0 33003
p 0 201 33003
x 0 33004
p 0 201 33004
x 0 33005
p 0 203 33005
x 0 33006
p 0 230 33006
x 0 33007
p 0 227 33007
x 0 33008
p 0 199 33008
x 0 33009
p 0 236 33009
x 0 33010
p 0 199 33010
x 0 33011
p 0 194 33011
x 0 33012
p 0 193 33012
x 0 33013
p 0 192 33013
x 0 33014
p 0 194 33014
x 0 33015
p 0 201 33015
x 0 33016
p 0 256 33016
x 0 33017
p 0 194 33017
x 0 33018
p 0 201 33018
x 0 33019
p 0 194 33019
x 0 33020
p 0 192 33020
x 0 33021
p 0 217 33021
x 0 33022
p 0 193 33022
x 0 33023
p 0 194 33023
x 0 33024
p 0 232 33024
x 0 33025
p 0 200 33025
x 0 33026
p 0 198 33026
x 0 33027
p 0 193 33027
x 0 33028
p 0 194 33028
x 0 33029
p 0 195 33029
x 0 33030
p 0 194 33030
x 0 33031
p 0 194 33031
x 0 33032
p 0 196 33032
x 0 33033
p 0 194 33033
x 0 33034
p 0 220 33034
x 0 33035
p 0 196 33035
x 0 33036
p 0 195 33036
x 0 33037
p 0 193 33037
x 0 33038
p 0 194 33038
x 0 33039
p 0 222 33039
x 0 33040
p 0 195 33040
x 0 33041
p 0 198 33041
x 0 33042
p 0 193 33042
x 0 33043
p 0 194 33043
x 0 33044
p 0 194 33044
x 0 33045
p 0 137 33045
x 0 33046
p 0 265 33046
x 0 33047
p 0 195 33047
x 0 33048
p 0 196 33048
x 0 33049
p 0 194 33049
x 0 33050
p 0 194 33050
x 0 33051
p 0 198 33051
x 0 33052
p 0 80 33052
x 0 33053
p 0 196 33053
x 0 33054
p 0 195 33054
x 0 33055
p 0 196 33055
x 0 33056
p 0 197 33056
x 0 33057
p 0 194 33057
x 0 33058
p 0 193 33058
x 0 33059
p 0 196 33059
x 0 33060
p 0 191 33060
x 0 33000
h 0 10.0.0.8
p 0 92471 33000
x 1 33001
h 1 10.0.0.8
p 1 828 33001
x 0 33002
p 0 318 33002
x 0 33003
p 0 198 33003
x 0 33004
p 0 232 33004
x 0 33005
p 0 192 33005
x 0 33006
p 0 190 33006
x 0 33007
p 0 272 33007
x 0 33008
p 0 167 33008
x 0 33009
p 0 191 33009
x 0 33010
p 0 194 33010
x 0 33011
p 0 193 33011
x 0 33012
p 0 191 33012
x 0 33013
p 0 193 33013
x 0 33014
p 0 194 33014
x 0 33015
p 0 194 33015
x 0 33016
p 0 157 33016
x 0 33017
p 0 166 33017
x 0 33018
p 0 194 33018
x 0 33019
p 0 193 33019
x 0 33020
p 0 193 33020
x 0 33021
p 0 164 33021
x 0 33022
p 0 191 33022
x 0 33023
p 0 192 33023
x 0 33024
p 0 167 33024
x 0 33025
p 0 166 33025
x 0 33026
p 0 166 33026
x 0 33027
p 0 159 33027
x 0 33028
p 0 163 33028
x 0 33029
p 0 375 33029
x 0 33030
p 0 161 33030
x 0 33031
p 0 161 33031
x 0 33032
p 0 161 33032
x 0 33033
p 0 141 33033
x 0 33034
p 0 139 33034
x 0 33035
p 0 197 33035
x 0 33036
p 0 196 33036
x 0 33037
p 0 198 33037
x 0 33038
p 0 201 33038
x 0 33039
p 0 197 33039
x 0 33040
p 0 235 33040
x 0 33041
p 0 232 33041
x 0 33042
p 0 203 33042
x 0 33043
p 0 203 33043
x 0 33044
p 0 200 33044
x 0 33045
p 0 219 33045
x 0 33046
p 0 200 33046
x 0 33047
p 0 256 33047
x 0 33048
p 0 201 33048
x 0 33049
p 0 202 33049
x 0 33050
p 0 242 33050
x 0 33051
p 0 233 33051
x 0 33052
p 0 246 33052
x 0 33053
p 0 257 33053
x 0 33054
p 0 335 33054
x 0 33055
p 0 264 33055
x 0 33056
p 0 267 33056
x 0 33057
p 0 261 33057
x 0 33058
p 0 258 33058
x 0 33059
p 0 259 33059
x 0 33060
p 0 264 33060
x 0 33000
h 0 10.0.0.8
p 0 76167 33000
x 1 33001
h 1 10.0.0.8
p 1 679 33001
x 0 33002
p 0 202 33002
x 0 33003
p 0 200 33003
x 0 33004
p 0 208 33004
x 0 33005
p 0 210 33005
x 0 33006
p 0 199 33006
x 0 33007
p 0 159 33007
x 0 33008
p 0 201 33008
x 0 33009
p 0 203 33009
x 0 33010
p 0 200 33010
x 0 33011
p 0 204 33011
x 0 33012
p 0 205 33012
x 0 33013
p 0 273 33013
x 0 33014
p 0 203 33014
x 0 33015
p 0 254 33015
x 0 33016
p 0 201 33016
x 0 33017
p 0 202 33017
x 0 33018
p 0 199 33018
x 0 33019
p 0 204 33019
x 0 33020
p 0 180 33020
x 0 33021
p 0 173 33021
x 0 33022
p 0 172 33022
x 0 33023
p 0 171 33023
x 0 33024
p 0 177 33024
x 0 33025
p 0 178 33025
x 0 33026
p 0 173 33026
x 0 33027
p 0 207 33027
x 0 33028
p 0 171 33028
x 0 33029
p 0 174 33029
x 0 33030
p 0 174 33030
x 0 33031
p 0 234 33031
x 0 33032
p 0 172 33032
x 0 33033
p 0 169 33033
x 0 33034
p 0 177 33034
x 0 33035
p 0 217 33035
x 0 33036
p 0 177 33036
x 0 33037
p 0 205 33037
x 0 33038
p 0 384 33038
x 0 33039
p 0 202 33039
x 0 33040
p 0 198 33040
x 0 33041
p 0 202 33041
x 0 33042
p 0 204 33042
x 0 33043
p 0 197 33043
x 0 33044
p 0 201 33044
x 0 33045
p 0 205 33045
x 0 33046
p 0 227 33046
x 0 33047
p 0 199 33047
x 0 33048
p 0 197 33048
x 0 33049
p 0 201 33049
x 0 33050
p 0 255 33050
x 0 33051
p 0 195 33051
x 0 33052
p 0 197 33052
x 0 33053
p 0 198 33053
x 0 33054
p 0 203 33054
x 0 33055
p 0 207 33055
x 0 33056
p 0 200 33056
x 0 33057
p 0 200 33057
x 0 33058
p 0 248 33058
x 0 33059
p 0 173 33059
x 0 33060
p 0 173 33060
x 0 33000
h 0 10.0.0.8
p 0 48246 33000
x 1 33001
h 1 10.0.0.8
p 1 818 33001
x 0 33002
p 0 250 33002
x 0 33003
p 0 197 33003
x 0 33004
p 0 196 33004
x 0 33005
p 0 196 33005
x 0 33006
p 0 200 33006
x 0 33007
p 0 257 33007
x 0 33008
p 0 197 33008
x 0 33009
p 0 194 33009
x 0 33010
p 0 198 33010
x 0 33011
p 0 198 33011
x 0 33012
p 0 272 33012
x 0 33013
p 0 200 33013
x 0 33014
p 0 199 33014
x 0 33015
p 0 199 33015
x 0 33016
p 0 200 33016
x 0 33017
p 0 233 33017
x 0 33018
p 0 201 33018
x 0 33019
p 0 199 33019
x 0 33020
p 0 199 33020
x 0 33021
p 0 192 33021
x 0 33022
p 0 193 33022
x 0 33023
p 0 193 33023
x 0 33024
p 0 191 33024
x 0 33025
p 0 190 33025
x 0 33026
p 0 194 33026
x 0 33027
p 0 192 33027
x 0 33028
p 0 194 33028
x 0 33029
p 0 194 33029
x 0 33030
p 0 192 33030
x 0 33031
p 0 191 33031
x 0 33032
p 0 228 33032
x 0 33033
p 0 269 33033
x 0 33034
p 0 281 33034
x 0 33035
p 0 287 33035
x 0 33036
p 0 301 33036
x 0 33037
p 0 192 33037
x 0 33038
p 0 196 33038
x 0 33039
p 0 224 33039
x 0 33040
p 0 291 33040
x 0 33041
p 0 192 33041
x 0 33042
p 0 193 33042
x 0 33043
p 0 192 33043
x 0 33044
p 0 191 33044
x 0 33045
p 0 192 33045
x 0 33046
p 0 193 33046
x 0 33047
p 0 193 33047
x 0 33048
p 0 193 33048
x 0 33049
p 0 194 33049
x 0 33050
p 0 193 33050
x 0 33051
p 0 193 33051
x 0 33052
p 0 191 33052
x 0 33053
p 0 193 33053
x 0 33054
p 0 221 33054
x 0 33055
p 0 192 33055
x 0 33056
p 0 189 33056
x 0 33057
p 0 192 33057
x 0 33058
p 0 193 33058
x 0 33059
p 0 206 33059
x 0 33060
p 0 193 33060
x 0 33000
x 1 33001
h 1 10.0.0.8
p 1 1017 33001
h 0 10.0.0.8
p 0 101945 33000
x 2 33002
h 2 10.0.0.8
p 2 213 33002
x 0 33003
p 0 210 33003
x 0 33004
p 0 202 33004
x 0 33005
p 0 197 33005
x 0 33006
p 0 200 33006
x 0 33007
p 0 195 33007
x 0 33008
p 0 226 33008
x 0 33009
p 0 216 33009
x 0 33010
p 0 211 33010
x 0 33011
p 0 225 33011
x 0 33012
p 0 206 33012
x 0 33013
p 0 227 33013
x 0 33014
p 0 256 33014
x 0 33015
p 0 222 33015
x 0 33016
p 0 225 33016
x 0 33017
p 0 208 33017
x 0 33018
p 0 225 33018
x 0 33019
p 0 219 33019
x 0 33020
p 0 215 33020
x 0 33021
p 0 289 33021
x 0 33022
p 0 203 33022
x 0 33023
p 0 222 33023
x 0 33024
p 0 216 33024
x 0 33025
p 0 210 33025
x 0 33026
p 0 228 33026
x 0 33027
p 0 201 33027
x 0 33028
p 0 302 33028
x 0 33029
p 0 213 33029
x 0 33030
p 0 215 33030
x 0 33031
p 0 224 33031
x 0 33032
p 0 206 33032
x 0 33033
p 0 264 33033
x 0 33034
p 0 207 33034
x 0 33035
p 0 283 33035
x 0 33036
p 0 235 33036
x 0 33037
p 0 207 33037
x 0 33038
p 0 214 33038
x 0 33039
p 0 218 33039
x 0 33040
p 0 209 33040
x 0 33041
p 0 211 33041
x 0 33042
p 0 260 33042
x 0 33043
p 0 208 33043
x 0 33044
p 0 207 33044
x 0 33045
p 0 206 33045
x 0 33046
p 0 212 33046
x 0 33047
p 0 200 33047
x 0 33048
p 0 208 33048
x 0 33049
p 0 247 33049
x 0 33050
p 0 205 33050
x 0 33051
p 0 207 33051
x 0 33052
p 0 203 33052
x 0 33053
p 0 211 33053
x 0 33054
p 0 212 33054
x 0 33055
p 0 206 33055
x 0 33056
p 0 257 33056
x 0 33057
p 0 207 33057
x 0 33058
p 0 211 33058
x 0 33059
p 0 208 33059
x 0 33060
p 0 212 33060
x 0 33061
p 0 208 33061
x 0 33000
x 1 33001
h 0 10.0.0.8
p 0 114617 33000
x 2 33002
h 2 10.0.0.8
p 2 724 33002
h 1 10.0.0.8
p 1 293056 33001
x 0 33003
p 0 204 33003
x 0 33004
p 0 221 33004
x 0 33005
p 0 297 33005
x 0 33006
p 0 204 33006
x 0 33007
p 0 617 33007
x 0 33008
p 0 256 33008
x 0 33009
p 0 226 33009
x 0 33010
p 0 229 33010
x 0 33011
p 0 202 33011
x 0 33012
p 0 221 33012
x 0 33013
p 0 222 33013
x 0 33014
p 0 228 33014
x 0 33015
p 0 249 33015
x 0 33016
p 0 218 33016
x 0 33017
p 0 228 33017
x 0 33018
p 0 263 33018
x 0 33019
p 0 268 33019
x 0 33020
p 0 218 33020
x 0 33021
p 0 201 33021
x 0 33022
p 0 224 33022
x 0 33023
p 0 229 33023
x 0 33024
p 0 443 33024
x 0 33025
p 0 276 33025
x 0 33026
p 0 263 33026
x 0 33027
p 0 252 33027
x 0 33028
p 0 254 33028
x 0 33029
p 0 258 33029
x 0 33030
p 0 324 33030
x 0 33031
p 0 243 33031
x 0 33032
p 0 257 33032
x 0 33033
p 0 214 33033
x 0 33034
p 0 258 33034
x 0 33035
p 0 224 33035
x 0 33036
p 0 213 33036
x 0 33037
p 0 222 33037
x 0 33038
p 0 222 33038
x 0 33039
p 0 222 33039
x 0 33040
p 0 252 33040
x 0 33041
p 0 245 33041
x 0 33042
p 0 278 33042
x 0 33043
p 0 244 33043
x 0 33044
p 0 220 33044
x 0 33045
p 0 213 33045
x 0 33046
p 0 224 33046
x 0 33047
p 0 222 33047
x 0 33048
p 0 289 33048
x 0 33049
p 0 226 33049
x 0 33050
p 0 245 33050
x 0 33051
p 0 241 33051
x 0 33052
p 0 224 33052
x 0 33053
p 0 222 33053
x 0 33054
p 0 220 33054
x 0 33055
p 0 226 33055
x 0 33056
p 0 247 33056
x 0 33057
p 0 257 33057
x 0 33058
p 0 221 33058
x 0 33059
p 0 231 33059
x 0 33060
p 0 221 33060
x 0 33061
p 0 227 33061
x 0 33000
h 0 10.0.0.8
p 0 49051 33000
x 1 33001
h 1 10.0.0.8
p 1 867 33001
x 0 33002
p 0 197 33002
x 0 33003
p 0 194 33003
x 0 33004
p 0 198 33004
x 0 33005
p 0 194 33005
x 0 33006
p 0 281 33006
x 0 33007
p 0 198 33007
x 0 33008
p 0 195 33008
x 0 33009
p 0 267 33009
x 0 33010
p 0 195 33010
x 0 33011
p 0 198 33011
x 0 33012
p 0 196 33012
x 0 33013
p 0 172 33013
x 0 33014
p 0 200 33014
x 0 33015
p 0 232 33015
x 0 33016
p 0 197 33016
x 0 33017
p 0 196 33017
x 0 33018
p 0 197 33018
x 0 33019
p 0 195 33019
x 0 33020
p 0 197 33020
x 0 33021
p 0 175 33021
x 0 33022
p 0 199 33022
x 0 33023
p 0 194 33023
x 0 33024
p 0 199 33024
x 0 33025
p 0 197 33025
x 0 33026
p 0 196 33026
x 0 33027
p 0 251 33027
x 0 33028
p 0 195 33028
x 0 33029
p 0 198 33029
x 0 33030
p 0 200 33030
x 0 33031
p 0 200 33031
x 0 33032
p 0 203 33032
x 0 33033
p 0 190 33033
x 0 33034
p 0 204 33034
x 0 33035
p 0 202 33035
x 0 33036
p 0 205 33036
x 0 33037
p 0 196 33037
x 0 33038
p 0 199 33038
x 0 33039
p 0 202 33039
x 0 33040
p 0 203 33040
x 0 33041
p 0 196 33041
x 0 33042
p 0 195 33042
x 0 33043
p 0 198 33043
x 0 33044
p 0 198 33044
x 0 33045
p 0 197 33045
x 0 33046
p 0 196 33046
x 0 33047
p 0 174 33047
x 0 33048
p 0 196 33048
x 0 33049
p 0 197 33049
x 0 33050
p 0 195 33050
x 0 33051
p 0 267 33051
x 0 33052
p 0 197 33052
x 0 33053
p 0 197 33053
x 0 33054
p 0 198 33054
x 0 33055
p 0 198 33055
x 0 33056
p 0 177 33056
x 0 33057
p 0 173 33057
x 0 33058
p 0 201 33058
x 0 33059
p 0 199 33059
x 0 33060
p 0 201 33060
x 0 33000
x 1 33001
h 0 10.0.0.8
p 0 139564 33000
x 2 33002
h 2 10.0.0.8
p 2 469 33002
h 1 10.0.0.8
p 1 343197 33001
x 0 33003
p 0 60 33003
x 0 33004
p 0 199 33004
x 0 33005
p 0 200 33005
x 0 33006
p 0 202 33006
x 0 33007
p 0 230 33007
x 0 33008
p 0 207 33008
x 0 33009
p 0 204 33009
x 0 33010
p 0 204 33010
x 0 33011
p 0 222 33011
x 0 33012
p 0 203 33012
x 0 33013
p 0 202 33013
x 0 33014
p 0 202 33014
x 0 33015
p 0 204 33015
x 0 33016
p 0 204 33016
x 0 33017
p 0 234 33017
x 0 33018
p 0 204 33018
x 0 33019
p 0 204 33019
x 0 33020
p 0 206 33020
x 0 33021
p 0 203 33021
x 0 33022
p 0 204 33022
x 0 33023
p 0 203 33023
x 0 33024
p 0 203 33024
x 0 33025
p 0 205 33025
x 0 33026
p 0 205 33026
x 0 33027
p 0 204 33027
x 0 33028
p 0 204 33028
x 0 33029
p 0 240 33029
x 0 33030
p 0 204 33030
x 0 33031
p 0 205 33031
x 0 33032
p 0 202 33032
x 0 33033
p 0 217 33033
x 0 33034
p 0 205 33034
x 0 33035
p 0 208 33035
x 0 33036
p 0 293 33036
x 0 33037
p 0 246 33037
x 0 33038
p 0 238 33038
x 0 33039
p 0 204 33039
x 0 33040
p 0 206 33040
x 0 33041
p 0 203 33041
x 0 33042
p 0 202 33042
x 0 33043
p 0 204 33043
x 0 33044
p 0 341 33044
x 0 33045
p 0 223 33045
x 0 33046
p 0 206 33046
x 0 33047
p 0 333 33047
x 0 33048
p 0 205 33048
x 0 33049
p 0 203 33049
x 0 33050
p 0 207 33050
x 0 33051
p 0 235 33051
x 0 33052
p 0 201 33052
x 0 33053
p 0 204 33053
x 0 33054
p 0 202 33054
x 0 33055
p 0 234 33055
x 0 33056
p 0 205 33056
x 0 33057
p 0 202 33057
x 0 33058
p 0 236 33058
x 0 33059
p 0 205 33059
x 0 33060
p 0 210 33060
x 0 33061
p 0 202 33061
