x 0 33000
h 0 10.0.0.2
p 0 39539 33000
x 1 33001
h 1 10.0.0.2
p 1 227 33001
x 0 33002
p 0 227 33002
x 0 33003
p 0 183 33003
x 0 33004
p 0 254 33004
x 0 33005
p 0 234 33005
x 0 33006
p 0 220 33006
x 0 33007
p 0 188 33007
x 0 33008
p 0 221 33008
x 0 33009
p 0 185 33009
x 0 33010
p 0 219 33010
x 0 33011
p 0 192 33011
x 0 33012
p 0 195 33012
x 0 33013
p 0 169 33013
x 0 33014
p 0 216 33014
x 0 33015
p 0 194 33015
x 0 33016
p 0 166 33016
x 0 33017
p 0 265 33017
x 0 33018
p 0 161 33018
x 0 33019
p 0 155 33019
x 0 33020
p 0 155 33020
x 0 33021
p 0 204 33021
x 0 33022
p 0 246 33022
x 0 33023
p 0 181 33023
x 0 33024
p 0 214 33024
x 0 33025
p 0 215 33025
x 0 33026
p 0 211 33026
x 0 33027
p 0 178 33027
x 0 33028
p 0 212 33028
x 0 33029
p 0 211 33029
x 0 33030
p 0 212 33030
x 0 33031
p 0 178 33031
x 0 33032
p 0 212 33032
x 0 33033
p 0 212 33033
x 0 33034
p 0 175 33034
x 0 33035
p 0 185 33035
x 0 33036
p 0 213 33036
x 0 33037
p 0 182 33037
x 0 33038
p 0 220 33038
x 0 33039
p 0 186 33039
x 0 33040
p 0 186 33040
x 0 33041
p 0 221 33041
x 0 33042
p 0 185 33042
x 0 33043
p 0 181 33043
x 0 33044
p 0 226 33044
x 0 33045
p 0 225 33045
x 0 33046
p 0 228 33046
x 0 33047
p 0 193 33047
x 0 33048
p 0 228 33048
x 0 33049
p 0 224 33049
x 0 33050
p 0 256 33050
x 0 33051
p 0 197 33051
x 0 33052
p 0 225 33052
x 0 33053
p 0 224 33053
x 0 33054
p 0 226 33054
x 0 33055
p 0 195 33055
x 0 33056
p 0 90 33056
x 0 33057
p 0 193 33057
x 0 33058
p 0 193 33058
x 0 33059
p 0 249 33059
x 0 33060
p 0 325 33060
x 0 33000
h 0 10.0.0.2
p 0 24101 33000
x 1 33001
h 1 10.0.0.2
p 1 1229 33001
x 0 33002
p 0 449 33002
x 0 33003
p 0 288 33003
x 0 33004
p 0 253 33004
x 0 33005
p 0 253 33005
x 0 33006
p 0 187 33006
x 0 33007
p 0 189 33007
x 0 33008
p 0 221 33008
x 0 33009
p 0 187 33009
x 0 33010
p 0 187 33010
x 0 33011
p 0 185 33011
x 0 33012
p 0 182 33012
x 0 33013
p 0 183 33013
x 0 33014
p 0 184 33014
x 0 33015
p 0 181 33015
x 0 33016
p 0 185 33016
x 0 33017
p 0 184 33017
x 0 33018
p 0 164 33018
x 0 33019
p 0 167 33019
x 0 33020
p 0 169 33020
x 0 33021
p 0 198 33021
x 0 33022
p 0 231 33022
x 0 33023
p 0 230 33023
x 0 33024
p 0 198 33024
x 0 33025
p 0 229 33025
x 0 33026
p 0 241 33026
x 0 33027
p 0 233 33027
x 0 33028
p 0 230 33028
x 0 33029
p 0 227 33029
x 0 33030
p 0 223 33030
x 0 33031
p 0 225 33031
x 0 33032
p 0 260 33032
x 0 33033
p 0 230 33033
x 0 33034
p 0 233 33034
x 0 33035
p 0 229 33035
x 0 33036
p 0 228 33036
x 0 33037
p 0 230 33037
x 0 33038
p 0 275 33038
x 0 33039
p 0 229 33039
x 0 33040
p 0 225 33040
x 0 33041
p 0 232 33041
x 0 33042
p 0 231 33042
x 0 33043
p 0 227 33043
x 0 33044
p 0 223 33044
x 0 33045
p 0 266 33045
x 0 33046
p 0 231 33046
x 0 33047
p 0 226 33047
x 0 33048
p 0 222 33048
x 0 33049
p 0 310 33049
x 0 33050
p 0 232 33050
x 0 33051
p 0 236 33051
x 0 33052
p 0 240 33052
x 0 33053
p 0 279 33053
x 0 33054
p 0 242 33054
x 0 33055
p 0 265 33055
x 0 33056
p 0 244 33056
x 0 33057
p 0 249 33057
x 0 33058
p 0 242 33058
x 0 33059
p 0 247 33059
x 0 33060
p 0 275 33060
x 0 33000
h 0 10.0.0.2
p 0 25363 33000
x 1 33001
h 1 10.0.0.2
p 1 1263 33001
x 0 33002
p 0 225 33002
x 0 33003
p 0 225 33003
x 0 33004
p 0 219 33004
x 0 33005
p 0 240 33005
x 0 33006
p 0 170 33006
x 0 33007
p 0 244 33007
x 0 33008
p 0 243 33008
x 0 33009
p 0 311 33009
x 0 33010
p 0 231 33010
x 0 33011
p 0 232 33011
x 0 33012
p 0 230 33012
x 0 33013
p 0 264 33013
x 0 33014
p 0 234 33014
x 0 33015
p 0 230 33015
x 0 33016
p 0 338 33016
x 0 33017
p 0 240 33017
x 0 33018
p 0 238 33018
x 0 33019
p 0 236 33019
x 0 33020
p 0 234 33020
x 0 33021
p 0 233 33021
x 0 33022
p 0 235 33022
x 0 33023
p 0 232 33023
x 0 33024
p 0 232 33024
x 0 33025
p 0 220 33025
x 0 33026
p 0 215 33026
x 0 33027
p 0 211 33027
x 0 33028
p 0 257 33028
x 0 33029
p 0 221 33029
x 0 33030
p 0 215 33030
x 0 33031
p 0 211 33031
x 0 33032
p 0 215 33032
x 0 33033
p 0 226 33033
x 0 33034
p 0 223 33034
x 0 33035
p 0 216 33035
x 0 33036
p 0 222 33036
x 0 33037
p 0 225 33037
x 0 33038
p 0 227 33038
x 0 33039
p 0 224 33039
x 0 33040
p 0 214 33040
x 0 33041
p 0 224 33041
x 0 33042
p 0 302 33042
x 0 33043
p 0 233 33043
x 0 33044
p 0 229 33044
x 0 33045
p 0 219 33045
x 0 33046
p 0 215 33046
x 0 33047
p 0 228 33047
x 0 33048
p 0 227 33048
x 0 33049
p 0 231 33049
x 0 33050
p 0 225 33050
x 0 33051
p 0 214 33051
x 0 33052
p 0 217 33052
x 0 33053
p 0 225 33053
x 0 33054
p 0 227 33054
x 0 33055
p 0 215 33055
x 0 33056
p 0 260 33056
x 0 33057
p 0 302 33057
x 0 33058
p 0 234 33058
x 0 33059
p 0 235 33059
x 0 33060
p 0 331 33060
x 0 33000
h 0 10.0.0.2
p 0 25704 33000
x 1 33001
h 1 10.0.0.2
p 1 1322 33001
x 0 33002
p 0 206 33002
x 0 33003
p 0 226 33003
x 0 33004
p 0 225 33004
x 0 33005
p 0 227 33005
x 0 33006
p 0 230 33006
x 0 33007
p 0 159 33007
x 0 33008
p 0 213 33008
x 0 33009
p 0 156 33009
x 0 33010
p 0 218 33010
x 0 33011
p 0 161 33011
x 0 33012
p 0 192 33012
x 0 33013
p 0 190 33013
x 0 33014
p 0 190 33014
x 0 33015
p 0 188 33015
x 0 33016
p 0 192 33016
x 0 33017
p 0 191 33017
x 0 33018
p 0 159 33018
x 0 33019
p 0 188 33019
x 0 33020
p 0 238 33020
x 0 33021
p 0 235 33021
x 0 33022
p 0 294 33022
x 0 33023
p 0 278 33023
x 0 33024
p 0 268 33024
x 0 33025
p 0 287 33025
x 0 33026
p 0 220 33026
x 0 33027
p 0 212 33027
x 0 33028
p 0 216 33028
x 0 33029
p 0 161 33029
x 0 33030
p 0 228 33030
x 0 33031
p 0 224 33031
x 0 33032
p 0 225 33032
x 0 33033
p 0 223 33033
x 0 33034
p 0 323 33034
x 0 33035
p 0 224 33035
x 0 33036
p 0 226 33036
x 0 33037
p 0 227 33037
x 0 33038
p 0 326 33038
x 0 33039
p 0 326 33039
x 0 33040
p 0 221 33040
x 0 33041
p 0 220 33041
x 0 33042
p 0 218 33042
x 0 33043
p 0 213 33043
x 0 33044
p 0 218 33044
x 0 33045
p 0 218 33045
x 0 33046
p 0 223 33046
x 0 33047
p 0 225 33047
x 0 33048
p 0 226 33048
x 0 33049
p 0 224 33049
x 0 33050
p 0 240 33050
x 0 33051
p 0 231 33051
x 0 33052
p 0 254 33052
x 0 33053
p 0 230 33053
x 0 33054
p 0 267 33054
x 0 33055
p 0 234 33055
x 0 33056
p 0 234 33056
x 0 33057
p 0 378 33057
x 0 33058
p 0 235 33058
x 0 33059
p 0 243 33059
x 0 33060
p 0 134 33060
x 0 33000
h 0 10.0.0.2
p 0 24046 33000
x 1 33001
h 1 10.0.0.2
p 1 1233 33001
x 0 33002
p 0 223 33002
x 0 33003
p 0 220 33003
x 0 33004
p 0 248 33004
x 0 33005
p 0 218 33005
x 0 33006
p 0 214 33006
x 0 33007
p 0 213 33007
x 0 33008
p 0 217 33008
x 0 33009
p 0 214 33009
x 0 33010
p 0 214 33010
x 0 33011
p 0 213 33011
x 0 33012
p 0 216 33012
x 0 33013
p 0 214 33013
x 0 33014
p 0 217 33014
x 0 33015
p 0 215 33015
x 0 33016
p 0 216 33016
x 0 33017
p 0 213 33017
x 0 33018
p 0 214 33018
x 0 33019
p 0 213 33019
x 0 33020
p 0 196 33020
x 0 33021
p 0 213 33021
x 0 33022
p 0 214 33022
x 0 33023
p 0 212 33023
x 0 33024
p 0 113 33024
x 0 33025
p 0 218 33025
x 0 33026
p 0 216 33026
x 0 33027
p 0 214 33027
x 0 33028
p 0 218 33028
x 0 33029
p 0 221 33029
x 0 33030
p 0 216 33030
x 0 33031
p 0 240 33031
x 0 33032
p 0 216 33032
x 0 33033
p 0 217 33033
x 0 33034
p 0 221 33034
x 0 33035
p 0 217 33035
x 0 33036
p 0 218 33036
x 0 33037
p 0 214 33037
x 0 33038
p 0 215 33038
x 0 33039
p 0 214 33039
x 0 33040
p 0 212 33040
x 0 33041
p 0 213 33041
x 0 33042
p 0 191 33042
x 0 33043
p 0 376 33043
x 0 33044
p 0 326 33044
x 0 33045
p 0 309 33045
x 0 33046
p 0 305 33046
x 0 33047
p 0 217 33047
x 0 33048
p 0 215 33048
x 0 33049
p 0 216 33049
x 0 33050
p 0 218 33050
x 0 33051
p 0 218 33051
x 0 33052
p 0 216 33052
x 0 33053
p 0 225 33053
x 0 33054
p 0 223 33054
x 0 33055
p 0 214 33055
x 0 33056
p 0 227 33056
x 0 33057
p 0 219 33057
x 0 33058
p 0 221 33058
x 0 33059
p 0 226 33059
x 0 33060
p 0 231 33060
x 0 33000
h 0 10.0.0.2
p 0 23660 33000
x 1 33001
h 1 10.0.0.2
p 1 1156 33001
x 0 33002
p 0 221 33002
x 0 33003
p 0 233 33003
x 0 33004
p 0 232 33004
x 0 33005
p 0 270 33005
x 0 33006
p 0 183 33006
x 0 33007
p 0 179 33007
x 0 33008
p 0 221 33008
x 0 33009
p 0 222 33009
x 0 33010
p 0 192 33010
x 0 33011
p 0 224 33011
x 0 33012
p 0 224 33012
x 0 33013
p 0 192 33013
x 0 33014
p 0 226 33014
x 0 33015
p 0 223 33015
x 0 33016
p 0 226 33016
x 0 33017
p 0 222 33017
x 0 33018
p 0 222 33018
x 0 33019
p 0 216 33019
x 0 33020
p 0 215 33020
x 0 33021
p 0 219 33021
x 0 33022
p 0 217 33022
x 0 33023
p 0 221 33023
x 0 33024
p 0 215 33024
x 0 33025
p 0 216 33025
x 0 33026
p 0 220 33026
x 0 33027
p 0 216 33027
x 0 33028
p 0 218 33028
x 0 33029
p 0 219 33029
x 0 33030
p 0 218 33030
x 0 33031
p 0 217 33031
x 0 33032
p 0 192 33032
x 0 33033
p 0 220 33033
x 0 33034
p 0 133 33034
x 0 33035
p 0 186 33035
x 0 33036
p 0 219 33036
x 0 33037
p 0 217 33037
x 0 33038
p 0 185 33038
x 0 33039
p 0 74 33039
x 0 33040
p 0 211 33040
x 0 33041
p 0 257 33041
x 0 33042
p 0 219 33042
x 0 33043
p 0 219 33043
x 0 33044
p 0 224 33044
x 0 33045
p 0 220 33045
x 0 33046
p 0 220 33046
x 0 33047
p 0 220 33047
x 0 33048
p 0 224 33048
x 0 33049
p 0 224 33049
x 0 33050
p 0 227 33050
x 0 33051
p 0 220 33051
x 0 33052
p 0 216 33052
x 0 33053
p 0 216 33053
x 0 33054
p 0 263 33054
x 0 33055
p 0 223 33055
x 0 33056
p 0 227 33056
x 0 33057
p 0 230 33057
x 0 33058
p 0 237 33058
x 0 33059
p 0 237 33059
x 0 33060
p 0 235 33060
x 0 33000
h 0 10.0.0.2
p 0 23790 33000
x 1 33001
h 1 10.0.0.2
p 1 1162 33001
x 0 33002
p 0 200 33002
x 0 33003
p 0 230 33003
x 0 33004
p 0 201 33004
x 0 33005
p 0 259 33005
x 0 33006
p 0 120 33006
x 0 33007
p 0 213 33007
x 0 33008
p 0 210 33008
x 0 33009
p 0 214 33009
x 0 33010
p 0 187 33010
x 0 33011
p 0 214 33011
x 0 33012
p 0 215 33012
x 0 33013
p 0 226 33013
x 0 33014
p 0 222 33014
x 0 33015
p 0 224 33015
x 0 33016
p 0 224 33016
x 0 33017
p 0 225 33017
x 0 33018
p 0 226 33018
x 0 33019
p 0 213 33019
x 0 33020
p 0 229 33020
x 0 33021
p 0 224 33021
x 0 33022
p 0 212 33022
x 0 33023
p 0 217 33023
x 0 33024
p 0 219 33024
x 0 33025
p 0 217 33025
x 0 33026
p 0 216 33026
x 0 33027
p 0 216 33027
x 0 33028
p 0 219 33028
x 0 33029
p 0 219 33029
x 0 33030
p 0 229 33030
x 0 33031
p 0 229 33031
x 0 33032
p 0 230 33032
x 0 33033
p 0 228 33033
x 0 33034
p 0 228 33034
x 0 33035
p 0 229 33035
x 0 33036
p 0 227 33036
x 0 33037
p 0 227 33037
x 0 33038
p 0 227 33038
x 0 33039
p 0 220 33039
x 0 33040
p 0 222 33040
x 0 33041
p 0 216 33041
x 0 33042
p 0 218 33042
x 0 33043
p 0 219 33043
x 0 33044
p 0 220 33044
x 0 33045
p 0 217 33045
x 0 33046
p 0 225 33046
x 0 33047
p 0 222 33047
x 0 33048
p 0 226 33048
x 0 33049
p 0 224 33049
x 0 33050
p 0 226 33050
x 0 33051
p 0 227 33051
x 0 33052
p 0 225 33052
x 0 33053
p 0 221 33053
x 0 33054
p 0 221 33054
x 0 33055
p 0 224 33055
x 0 33056
p 0 223 33056
x 0 33057
p 0 223 33057
x 0 33058
p 0 199 33058
x 0 33059
p 0 224 33059
x 0 33060
p 0 255 33060
x 0 33000
h 0 10.0.0.2
p 0 23742 33000
x 1 33001
h 1 10.0.0.2
p 1 888 33001
x 0 33002
p 0 197 33002
x 0 33003
p 0 190 33003
x 0 33004
p 0 222 33004
x 0 33005
p 0 220 33005
x 0 33006
p 0 219 33006
x 0 33007
p 0 221 33007
x 0 33008
p 0 214 33008
x 0 33009
p 0 220 33009
x 0 33010
p 0 214 33010
x 0 33011
p 0 216 33011
x 0 33012
p 0 213 33012
x 0 33013
p 0 214 33013
x 0 33014
p 0 213 33014
x 0 33015
p 0 214 33015
x 0 33016
p 0 210 33016
x 0 33017
p 0 211 33017
x 0 33018
p 0 246 33018
x 0 33019
p 0 215 33019
x 0 33020
p 0 218 33020
x 0 33021
p 0 222 33021
x 0 33022
p 0 222 33022
x 0 33023
p 0 217 33023
x 0 33024
p 0 256 33024
x 0 33025
p 0 220 33025
x 0 33026
p 0 97 33026
x 0 33027
p 0 221 33027
x 0 33028
p 0 215 33028
x 0 33029
p 0 215 33029
x 0 33030
p 0 210 33030
x 0 33031
p 0 214 33031
x 0 33032
p 0 212 33032
x 0 33033
p 0 216 33033
x 0 33034
p 0 213 33034
x 0 33035
p 0 216 33035
x 0 33036
p 0 212 33036
x 0 33037
p 0 217 33037
x 0 33038
p 0 209 33038
x 0 33039
p 0 210 33039
x 0 33040
p 0 213 33040
x 0 33041
p 0 209 33041
x 0 33042
p 0 210 33042
x 0 33043
p 0 213 33043
x 0 33044
p 0 217 33044
x 0 33045
p 0 210 33045
x 0 33046
p 0 212 33046
x 0 33047
p 0 241 33047
x 0 33048
p 0 228 33048
x 0 33049
p 0 232 33049
x 0 33050
p 0 228 33050
x 0 33051
p 0 135 33051
x 0 33052
p 0 213 33052
x 0 33053
p 0 219 33053
x 0 33054
p 0 215 33054
x 0 33055
p 0 220 33055
x 0 33056
p 0 221 33056
x 0 33057
p 0 223 33057
x 0 33058
p 0 218 33058
x 0 33059
p 0 252 33059
x 0 33060
p 0 219 33060
x 0 33000
h 0 10.0.0.2
p 0 25001 33000
x 1 33001
h 1 10.0.0.2
p 1 1115 33001
x 0 33002
p 0 221 33002
x 0 33003
p 0 229 33003
x 0 33004
p 0 218 33004
x 0 33005
p 0 274 33005
x 0 33006
p 0 243 33006
x 0 33007
p 0 228 33007
x 0 33008
p 0 215 33008
x 0 33009
p 0 241 33009
x 0 33010
p 0 210 33010
x 0 33011
p 0 210 33011
x 0 33012
p 0 212 33012
x 0 33013
p 0 237 33013
x 0 33014
p 0 214 33014
x 0 33015
p 0 214 33015
x 0 33016
p 0 208 33016
x 0 33017
p 0 239 33017
x 0 33018
p 0 211 33018
x 0 33019
p 0 216 33019
x 0 33020
p 0 212 33020
x 0 33021
p 0 236 33021
x 0 33022
p 0 211 33022
x 0 33023
p 0 213 33023
x 0 33024
p 0 212 33024
x 0 33025
p 0 256 33025
x 0 33026
p 0 214 33026
x 0 33027
p 0 217 33027
x 0 33028
p 0 214 33028
x 0 33029
p 0 244 33029
x 0 33030
p 0 212 33030
x 0 33031
p 0 212 33031
x 0 33032
p 0 212 33032
x 0 33033
p 0 247 33033
x 0 33034
p 0 214 33034
x 0 33035
p 0 216 33035
x 0 33036
p 0 216 33036
x 0 33037
p 0 243 33037
x 0 33038
p 0 216 33038
x 0 33039
p 0 216 33039
x 0 33040
p 0 217 33040
x 0 33041
p 0 212 33041
x 0 33042
p 0 245 33042
x 0 33043
p 0 217 33043
x 0 33044
p 0 217 33044
x 0 33045
p 0 213 33045
x 0 33046
p 0 216 33046
x 0 33047
p 0 248 33047
x 0 33048
p 0 214 33048
x 0 33049
p 0 216 33049
x 0 33050
p 0 189 33050
x 0 33051
p 0 198 33051
x 0 33052
p 0 188 33052
x 0 33053
p 0 224 33053
x 0 33054
p 0 230 33054
x 0 33055
p 0 233 33055
x 0 33056
p 0 236 33056
x 0 33057
p 0 222 33057
x 0 33058
p 0 231 33058
x 0 33059
p 0 238 33059
x 0 33060
p 0 222 33060
x 0 33000
h 0 10.0.0.2
p 0 25015 33000
x 1 33001
h 1 10.0.0.2
p 1 1192 33001
x 0 33002
p 0 274 33002
x 0 33003
p 0 218 33003
x 0 33004
p 0 225 33004
x 0 33005
p 0 221 33005
x 0 33006
p 0 168 33006
x 0 33007
p 0 176 33007
x 0 33008
p 0 206 33008
x 0 33009
p 0 194 33009
x 0 33010
p 0 208 33010
x 0 33011
p 0 217 33011
x 0 33012
p 0 218 33012
x 0 33013
p 0 218 33013
x 0 33014
p 0 217 33014
x 0 33015
p 0 180 33015
x 0 33016
p 0 214 33016
x 0 33017
p 0 166 33017
x 0 33018
p 0 165 33018
x 0 33019
p 0 168 33019
x 0 33020
p 0 299 33020
x 0 33021
p 0 194 33021
x 0 33022
p 0 202 33022
x 0 33023
p 0 196 33023
x 0 33024
p 0 220 33024
x 0 33025
p 0 217 33025
x 0 33026
p 0 216 33026
x 0 33027
p 0 218 33027
x 0 33028
p 0 150 33028
x 0 33029
p 0 158 33029
x 0 33030
p 0 266 33030
x 0 33031
p 0 221 33031
x 0 33032
p 0 203 33032
x 0 33033
p 0 223 33033
x 0 33034
p 0 226 33034
x 0 33035
p 0 301 33035
x 0 33036
p 0 299 33036
x 0 33037
p 0 260 33037
x 0 33038
p 0 292 33038
x 0 33039
p 0 198 33039
x 0 33040
p 0 217 33040
x 0 33041
p 0 219 33041
x 0 33042
p 0 179 33042
x 0 33043
p 0 215 33043
x 0 33044
p 0 214 33044
x 0 33045
p 0 215 33045
x 0 33046
p 0 215 33046
x 0 33047
p 0 214 33047
x 0 33048
p 0 215 33048
x 0 33049
p 0 218 33049
x 0 33050
p 0 187 33050
x 0 33051
p 0 162 33051
x 0 33052
p 0 176 33052
x 0 33053
p 0 156 33053
x 0 33054
p 0 172 33054
x 0 33055
p 0 188 33055
x 0 33056
p 0 178 33056
x 0 33057
p 0 176 33057
x 0 33058
p 0 168 33058
x 0 33059
p 0 291 33059
x 0 33060
p 0 240 33060
x 0 33000
h 0 10.0.0.2
p 0 25386 33000
x 1 33001
h 1 10.0.0.2
p 1 1348 33001
x 0 33002
p 0 220 33002
x 0 33003
p 0 249 33003
x 0 33004
p 0 241 33004
x 0 33005
p 0 187 33005
x 0 33006
p 0 244 33006
x 0 33007
p 0 230 33007
x 0 33008
p 0 228 33008
x 0 33009
p 0 232 33009
x 0 33010
p 0 230 33010
x 0 33011
p 0 234 33011
x 0 33012
p 0 232 33012
x 0 33013
p 0 235 33013
x 0 33014
p 0 125 33014
x 0 33015
p 0 229 33015
x 0 33016
p 0 233 33016
x 0 33017
p 0 228 33017
x 0 33018
p 0 227 33018
x 0 33019
p 0 237 33019
x 0 33020
p 0 234 33020
x 0 33021
p 0 240 33021
x 0 33022
p 0 236 33022
x 0 33023
p 0 225 33023
x 0 33024
p 0 216 33024
x 0 33025
p 0 220 33025
x 0 33026
p 0 218 33026
x 0 33027
p 0 221 33027
x 0 33028
p 0 216 33028
x 0 33029
p 0 213 33029
x 0 33030
p 0 211 33030
x 0 33031
p 0 214 33031
x 0 33032
p 0 230 33032
x 0 33033
p 0 212 33033
x 0 33034
p 0 211 33034
x 0 33035
p 0 220 33035
x 0 33036
p 0 215 33036
x 0 33037
p 0 220 33037
x 0 33038
p 0 219 33038
x 0 33039
p 0 215 33039
x 0 33040
p 0 215 33040
x 0 33041
p 0 217 33041
x 0 33042
p 0 220 33042
x 0 33043
p 0 217 33043
x 0 33044
p 0 193 33044
x 0 33045
p 0 217 33045
x 0 33046
p 0 217 33046
x 0 33047
p 0 215 33047
x 0 33048
p 0 244 33048
x 0 33049
p 0 213 33049
x 0 33050
p 0 214 33050
x 0 33051
p 0 218 33051
x 0 33052
p 0 218 33052
x 0 33053
p 0 219 33053
x 0 33054
p 0 256 33054
x 0 33055
p 0 253 33055
x 0 33056
p 0 226 33056
x 0 33057
p 0 222 33057
x 0 33058
p 0 219 33058
x 0 33059
p 0 241 33059
x 0 33060
p 0 226 33060
x 0 33000
h 0 10.0.0.2
p 0 27215 33000
x 1 33001
h 1 10.0.0.2
p 1 1308 33001
x 0 33002
p 0 256 33002
x 0 33003
p 0 260 33003
x 0 33004
p 0 227 33004
x 0 33005
p 0 315 33005
x 0 33006
p 0 195 33006
x 0 33007
p 0 182 33007
x 0 33008
p 0 212 33008
x 0 33009
p 0 179 33009
x 0 33010
p 0 187 33010
x 0 33011
p 0 180 33011
x 0 33012
p 0 292 33012
x 0 33013
p 0 384 33013
x 0 33014
p 0 425 33014
x 0 33015
p 0 217 33015
x 0 33016
p 0 222 33016
x 0 33017
p 0 220 33017
x 0 33018
p 0 221 33018
x 0 33019
p 0 252 33019
x 0 33020
p 0 312 33020
x 0 33021
p 0 224 33021
x 0 33022
p 0 298 33022
x 0 33023
p 0 221 33023
x 0 33024
p 0 221 33024
x 0 33025
p 0 222 33025
x 0 33026
p 0 220 33026
x 0 33027
p 0 226 33027
x 0 33028
p 0 219 33028
x 0 33029
p 0 223 33029
x 0 33030
p 0 222 33030
x 0 33031
p 0 216 33031
x 0 33032
p 0 220 33032
x 0 33033
p 0 250 33033
x 0 33034
p 0 223 33034
x 0 33035
p 0 217 33035
x 0 33036
p 0 219 33036
x 0 33037
p 0 155 33037
x 0 33038
p 0 156 33038
x 0 33039
p 0 218 33039
x 0 33040
p 0 290 33040
x 0 33041
p 0 226 33041
x 0 33042
p 0 226 33042
x 0 33043
p 0 219 33043
x 0 33044
p 0 228 33044
x 0 33045
p 0 228 33045
x 0 33046
p 0 226 33046
x 0 33047
p 0 227 33047
x 0 33048
p 0 226 33048
x 0 33049
p 0 227 33049
x 0 33050
p 0 226 33050
x 0 33051
p 0 273 33051
x 0 33052
p 0 220 33052
x 0 33053
p 0 220 33053
x 0 33054
p 0 221 33054
x 0 33055
p 0 222 33055
x 0 33056
p 0 245 33056
x 0 33057
p 0 272 33057
x 0 33058
p 0 233 33058
x 0 33059
p 0 238 33059
x 0 33060
p 0 231 33060
x 0 33000
h 0 10.0.0.2
p 0 24208 33000
x 1 33001
h 1 10.0.0.2
p 1 1232 33001
x 0 33002
p 0 224 33002
x 0 33003
p 0 221 33003
x 0 33004
p 0 219 33004
x 0 33005
p 0 222 33005
x 0 33006
p 0 258 33006
x 0 33007
p 0 214 33007
x 0 33008
p 0 211 33008
x 0 33009
p 0 213 33009
x 0 33010
p 0 214 33010
x 0 33011
p 0 209 33011
x 0 33012
p 0 211 33012
x 0 33013
p 0 212 33013
x 0 33014
p 0 210 33014
x 0 33015
p 0 216 33015
x 0 33016
p 0 213 33016
x 0 33017
p 0 217 33017
x 0 33018
p 0 150 33018
x 0 33019
p 0 215 33019
x 0 33020
p 0 216 33020
x 0 33021
p 0 229 33021
x 0 33022
p 0 213 33022
x 0 33023
p 0 213 33023
x 0 33024
p 0 212 33024
x 0 33025
p 0 213 33025
x 0 33026
p 0 216 33026
x 0 33027
p 0 213 33027
x 0 33028
p 0 213 33028
x 0 33029
p 0 217 33029
x 0 33030
p 0 235 33030
x 0 33031
p 0 219 33031
x 0 33032
p 0 217 33032
x 0 33033
p 0 216 33033
x 0 33034
p 0 219 33034
x 0 33035
p 0 224 33035
x 0 33036
p 0 219 33036
x 0 33037
p 0 219 33037
x 0 33038
p 0 221 33038
x 0 33039
p 0 220 33039
x 0 33040
p 0 165 33040
x 0 33041
p 0 210 33041
x 0 33042
p 0 211 33042
x 0 33043
p 0 212 33043
x 0 33044
p 0 213 33044
x 0 33045
p 0 218 33045
x 0 33046
p 0 222 33046
x 0 33047
p 0 224 33047
x 0 33048
p 0 222 33048
x 0 33049
p 0 226 33049
x 0 33050
p 0 230 33050
x 0 33051
p 0 222 33051
x 0 33052
p 0 224 33052
x 0 33053
p 0 220 33053
x 0 33054
p 0 233 33054
x 0 33055
p 0 240 33055
x 0 33056
p 0 252 33056
x 0 33057
p 0 227 33057
x 0 33058
p 0 224 33058
x 0 33059
p 0 245 33059
x 0 33060
p 0 249 33060
x 0 33000
h 0 10.0.0.2
p 0 23294 33000
x 1 33001
h 1 10.0.0.2
p 1 839 33001
x 0 33002
p 0 793 33002
x 0 33003
p 0 232 33003
x 0 33004
p 0 563 33004
x 0 33005
p 0 231 33005
x 0 33006
p 0 223 33006
x 0 33007
p 0 221 33007
x 0 33008
p 0 217 33008
x 0 33009
p 0 218 33009
x 0 33010
p 0 218 33010
x 0 33011
p 0 222 33011
x 0 33012
p 0 216 33012
x 0 33013
p 0 216 33013
x 0 33014
p 0 215 33014
x 0 33015
p 0 216 33015
x 0 33016
p 0 221 33016
x 0 33017
p 0 221 33017
x 0 33018
p 0 214 33018
x 0 33019
p 0 214 33019
x 0 33020
p 0 219 33020
x 0 33021
p 0 216 33021
x 0 33022
p 0 220 33022
x 0 33023
p 0 218 33023
x 0 33024
p 0 214 33024
x 0 33025
p 0 220 33025
x 0 33026
p 0 220 33026
x 0 33027
p 0 222 33027
x 0 33028
p 0 221 33028
x 0 33029
p 0 221 33029
x 0 33030
p 0 213 33030
x 0 33031
p 0 220 33031
x 0 33032
p 0 219 33032
x 0 33033
p 0 217 33033
x 0 33034
p 0 220 33034
x 0 33035
p 0 210 33035
x 0 33036
p 0 221 33036
x 0 33037
p 0 217 33037
x 0 33038
p 0 248 33038
x 0 33039
p 0 220 33039
x 0 33040
p 0 199 33040
x 0 33041
p 0 223 33041
x 0 33042
p 0 219 33042
x 0 33043
p 0 194 33043
x 0 33044
p 0 216 33044
x 0 33045
p 0 218 33045
x 0 33046
p 0 218 33046
x 0 33047
p 0 229 33047
x 0 33048
p 0 194 33048
x 0 33049
p 0 192 33049
x 0 33050
p 0 224 33050
x 0 33051
p 0 226 33051
x 0 33052
p 0 230 33052
x 0 33053
p 0 227 33053
x 0 33054
p 0 231 33054
x 0 33055
p 0 231 33055
x 0 33056
p 0 278 33056
x 0 33057
p 0 238 33057
x 0 33058
p 0 303 33058
x 0 33059
p 0 255 33059
x 0 33060
p 0 256 33060
x 0 33000
h 0 10.0.0.2
p 0 23210 33000
x 1 33001
h 1 10.0.0.2
p 1 1344 33001
x 0 33002
p 0 220 33002
x 0 33003
p 0 214 33003
x 0 33004
p 0 236 33004
x 0 33005
p 0 214 33005
x 0 33006
p 0 213 33006
x 0 33007
p 0 214 33007
x 0 33008
p 0 214 33008
x 0 33009
p 0 215 33009
x 0 33010
p 0 212 33010
x 0 33011
p 0 190 33011
x 0 33012
p 0 214 33012
x 0 33013
p 0 215 33013
x 0 33014
p 0 213 33014
x 0 33015
p 0 214 33015
x 0 33016
p 0 213 33016
x 0 33017
p 0 214 33017
x 0 33018
p 0 214 33018
x 0 33019
p 0 216 33019
x 0 33020
p 0 214 33020
x 0 33021
p 0 161 33021
x 0 33022
p 0 165 33022
x 0 33023
p 0 165 33023
x 0 33024
p 0 161 33024
x 0 33025
p 0 159 33025
x 0 33026
p 0 214 33026
x 0 33027
p 0 272 33027
x 0 33028
p 0 214 33028
x 0 33029
p 0 188 33029
x 0 33030
p 0 216 33030
x 0 33031
p 0 259 33031
x 0 33032
p 0 213 33032
x 0 33033
p 0 187 33033
x 0 33034
p 0 214 33034
x 0 33035
p 0 188 33035
x 0 33036
p 0 213 33036
x 0 33037
p 0 153 33037
x 0 33038
p 0 157 33038
x 0 33039
p 0 257 33039
x 0 33040
p 0 163 33040
x 0 33041
p 0 158 33041
x 0 33042
p 0 162 33042
x 0 33043
p 0 169 33043
x 0 33044
p 0 217 33044
x 0 33045
p 0 213 33045
x 0 33046
p 0 221 33046
x 0 33047
p 0 280 33047
x 0 33048
p 0 212 33048
x 0 33049
p 0 216 33049
x 0 33050
p 0 213 33050
x 0 33051
p 0 216 33051
x 0 33052
p 0 223 33052
x 0 33053
p 0 220 33053
x 0 33054
p 0 218 33054
x 0 33055
p 0 223 33055
x 0 33056
p 0 222 33056
x 0 33057
p 0 232 33057
x 0 33058
p 0 292 33058
x 0 33059
p 0 234 33059
x 0 33060
p 0 229 33060
x 0 33000
h 0 10.0.0.2
p 0 24219 33000
x 1 33001
h 1 10.0.0.2
p 1 1240 33001
x 0 33002
p 0 216 33002
x 0 33003
p 0 194 33003
x 0 33004
p 0 214 33004
x 0 33005
p 0 221 33005
x 0 33006
p 0 217 33006
x 0 33007
p 0 190 33007
x 0 33008
p 0 216 33008
x 0 33009
p 0 216 33009
x 0 33010
p 0 213 33010
x 0 33011
p 0 214 33011
x 0 33012
p 0 214 33012
x 0 33013
p 0 305 33013
x 0 33014
p 0 214 33014
x 0 33015
p 0 213 33015
x 0 33016
p 0 198 33016
x 0 33017
p 0 212 33017
x 0 33018
p 0 216 33018
x 0 33019
p 0 218 33019
x 0 33020
p 0 214 33020
x 0 33021
p 0 357 33021
x 0 33022
p 0 214 33022
x 0 33023
p 0 216 33023
x 0 33024
p 0 300 33024
x 0 33025
p 0 313 33025
x 0 33026
p 0 191 33026
x 0 33027
p 0 213 33027
x 0 33028
p 0 221 33028
x 0 33029
p 0 247 33029
x 0 33030
p 0 222 33030
x 0 33031
p 0 218 33031
x 0 33032
p 0 220 33032
x 0 33033
p 0 219 33033
x 0 33034
p 0 223 33034
x 0 33035
p 0 222 33035
x 0 33036
p 0 219 33036
x 0 33037
p 0 219 33037
x 0 33038
p 0 217 33038
x 0 33039
p 0 415 33039
x 0 33040
p 0 213 33040
x 0 33041
p 0 213 33041
x 0 33042
p 0 218 33042
x 0 33043
p 0 211 33043
x 0 33044
p 0 216 33044
x 0 33045
p 0 213 33045
x 0 33046
p 0 212 33046
x 0 33047
p 0 218 33047
x 0 33048
p 0 214 33048
x 0 33049
p 0 215 33049
x 0 33050
p 0 216 33050
x 0 33051
p 0 212 33051
x 0 33052
p 0 214 33052
x 0 33053
p 0 186 33053
x 0 33054
p 0 182 33054
x 0 33055
p 0 249 33055
x 0 33056
p 0 221 33056
x 0 33057
p 0 223 33057
x 0 33058
p 0 222 33058
x 0 33059
p 0 245 33059
x 0 33060
p 0 245 33060
x 0 33000
h 0 10.0.0.2
p 0 23208 33000
x 1 33001
h 1 10.0.0.2
p 1 1198 33001
x 0 33002
p 0 254 33002
x 0 33003
p 0 213 33003
x 0 33004
p 0 210 33004
x 0 33005
p 0 211 33005
x 0 33006
p 0 245 33006
x 0 33007
p 0 210 33007
x 0 33008
p 0 212 33008
x 0 33009
p 0 210 33009
x 0 33010
p 0 211 33010
x 0 33011
p 0 209 33011
x 0 33012
p 0 212 33012
x 0 33013
p 0 211 33013
x 0 33014
p 0 210 33014
x 0 33015
p 0 209 33015
x 0 33016
p 0 212 33016
x 0 33017
p 0 212 33017
x 0 33018
p 0 209 33018
x 0 33019
p 0 209 33019
x 0 33020
p 0 209 33020
x 0 33021
p 0 207 33021
x 0 33022
p 0 210 33022
x 0 33023
p 0 212 33023
x 0 33024
p 0 210 33024
x 0 33025
p 0 210 33025
x 0 33026
p 0 209 33026
x 0 33027
p 0 210 33027
x 0 33028
p 0 210 33028
x 0 33029
p 0 210 33029
x 0 33030
p 0 211 33030
x 0 33031
p 0 239 33031
x 0 33032
p 0 216 33032
x 0 33033
p 0 211 33033
x 0 33034
p 0 211 33034
x 0 33035
p 0 247 33035
x 0 33036
p 0 210 33036
x 0 33037
p 0 210 33037
x 0 33038
p 0 211 33038
x 0 33039
p 0 241 33039
x 0 33040
p 0 210 33040
x 0 33041
p 0 212 33041
x 0 33042
p 0 185 33042
x 0 33043
p 0 213 33043
x 0 33044
p 0 211 33044
x 0 33045
p 0 212 33045
x 0 33046
p 0 210 33046
x 0 33047
p 0 244 33047
x 0 33048
p 0 221 33048
x 0 33049
p 0 213 33049
x 0 33050
p 0 185 33050
x 0 33051
p 0 214 33051
x 0 33052
p 0 217 33052
x 0 33053
p 0 220 33053
x 0 33054
p 0 218 33054
x 0 33055
p 0 217 33055
x 0 33056
p 0 217 33056
x 0 33057
p 0 215 33057
x 0 33058
p 0 220 33058
x 0 33059
p 0 214 33059
x 0 33060
p 0 221 33060
x 0 33000
h 0 10.0.0.2
p 0 23921 33000
x 1 33001
h 1 10.0.0.2
p 1 1276 33001
x 0 33002
p 0 183 33002
x 0 33003
p 0 216 33003
x 0 33004
p 0 225 33004
x 0 33005
p 0 225 33005
x 0 33006
p 0 214 33006
x 0 33007
p 0 212 33007
x 0 33008
p 0 214 33008
x 0 33009
p 0 317 33009
x 0 33010
p 0 214 33010
x 0 33011
p 0 212 33011
x 0 33012
p 0 211 33012
x 0 33013
p 0 212 33013
x 0 33014
p 0 210 33014
x 0 33015
p 0 253 33015
x 0 33016
p 0 217 33016
x 0 33017
p 0 215 33017
x 0 33018
p 0 213 33018
x 0 33019
p 0 214 33019
x 0 33020
p 0 212 33020
x 0 33021
p 0 214 33021
x 0 33022
p 0 254 33022
x 0 33023
p 0 218 33023
x 0 33024
p 0 215 33024
x 0 33025
p 0 215 33025
x 0 33026
p 0 219 33026
x 0 33027
p 0 290 33027
x 0 33028
p 0 216 33028
x 0 33029
p 0 216 33029
x 0 33030
p 0 214 33030
x 0 33031
p 0 217 33031
x 0 33032
p 0 210 33032
x 0 33033
p 0 215 33033
x 0 33034
p 0 208 33034
x 0 33035
p 0 215 33035
x 0 33036
p 0 212 33036
x 0 33037
p 0 211 33037
x 0 33038
p 0 210 33038
x 0 33039
p 0 215 33039
x 0 33040
p 0 207 33040
x 0 33041
p 0 212 33041
x 0 33042
p 0 214 33042
x 0 33043
p 0 220 33043
x 0 33044
p 0 213 33044
x 0 33045
p 0 215 33045
x 0 33046
p 0 219 33046
x 0 33047
p 0 213 33047
x 0 33048
p 0 216 33048
x 0 33049
p 0 217 33049
x 0 33050
p 0 215 33050
x 0 33051
p 0 217 33051
x 0 33052
p 0 211 33052
x 0 33053
p 0 212 33053
x 0 33054
p 0 213 33054
x 0 33055
p 0 223 33055
x 0 33056
p 0 258 33056
x 0 33057
p 0 218 33057
x 0 33058
p 0 221 33058
x 0 33059
p 0 224 33059
x 0 33060
p 0 244 33060
x 0 33000
h 0 10.0.0.2
p 0 24174 33000
x 1 33001
h 1 10.0.0.2
p 1 1211 33001
x 0 33002
p 0 214 33002
x 0 33003
p 0 214 33003
x 0 33004
p 0 214 33004
x 0 33005
p 0 264 33005
x 0 33006
p 0 215 33006
x 0 33007
p 0 211 33007
x 0 33008
p 0 212 33008
x 0 33009
p 0 245 33009
x 0 33010
p 0 231 33010
x 0 33011
p 0 189 33011
x 0 33012
p 0 211 33012
x 0 33013
p 0 210 33013
x 0 33014
p 0 236 33014
x 0 33015
p 0 210 33015
x 0 33016
p 0 210 33016
x 0 33017
p 0 210 33017
x 0 33018
p 0 214 33018
x 0 33019
p 0 212 33019
x 0 33020
p 0 210 33020
x 0 33021
p 0 303 33021
x 0 33022
p 0 214 33022
x 0 33023
p 0 238 33023
x 0 33024
p 0 210 33024
x 0 33025
p 0 213 33025
x 0 33026
p 0 213 33026
x 0 33027
p 0 237 33027
x 0 33028
p 0 216 33028
x 0 33029
p 0 217 33029
x 0 33030
p 0 240 33030
x 0 33031
p 0 243 33031
x 0 33032
p 0 187 33032
x 0 33033
p 0 189 33033
x 0 33034
p 0 186 33034
x 0 33035
p 0 186 33035
x 0 33036
p 0 188 33036
x 0 33037
p 0 190 33037
x 0 33038
p 0 216 33038
x 0 33039
p 0 213 33039
x 0 33040
p 0 242 33040
x 0 33041
p 0 209 33041
x 0 33042
p 0 212 33042
x 0 33043
p 0 213 33043
x 0 33044
p 0 248 33044
x 0 33045
p 0 210 33045
x 0 33046
p 0 213 33046
x 0 33047
p 0 213 33047
x 0 33048
p 0 215 33048
x 0 33049
p 0 248 33049
x 0 33050
p 0 220 33050
x 0 33051
p 0 218 33051
x 0 33052
p 0 241 33052
x 0 33053
p 0 215 33053
x 0 33054
p 0 219 33054
x 0 33055
p 0 220 33055
x 0 33056
p 0 246 33056
x 0 33057
p 0 269 33057
x 0 33058
p 0 234 33058
x 0 33059
p 0 244 33059
x 0 33060
p 0 249 33060
x 0 33000
h 0 10.0.0.2
p 0 24525 33000
x 1 33001
h 1 10.0.0.2
p 1 584 33001
x 0 33002
p 0 219 33002
x 0 33003
p 0 245 33003
x 0 33004
p 0 217 33004
x 0 33005
p 0 213 33005
x 0 33006
p 0 211 33006
x 0 33007
p 0 234 33007
x 0 33008
p 0 211 33008
x 0 33009
p 0 213 33009
x 0 33010
p 0 211 33010
x 0 33011
p 0 240 33011
x 0 33012
p 0 212 33012
x 0 33013
p 0 210 33013
x 0 33014
p 0 293 33014
x 0 33015
p 0 243 33015
x 0 33016
p 0 212 33016
x 0 33017
p 0 90 33017
x 0 33018
p 0 214 33018
x 0 33019
p 0 240 33019
x 0 33020
p 0 210 33020
x 0 33021
p 0 218 33021
x 0 33022
p 0 214 33022
x 0 33023
p 0 213 33023
x 0 33024
p 0 219 33024
x 0 33025
p 0 211 33025
x 0 33026
p 0 305 33026
x 0 33027
p 0 214 33027
x 0 33028
p 0 241 33028
x 0 33029
p 0 213 33029
x 0 33030
p 0 212 33030
x 0 33031
p 0 225 33031
x 0 33032
p 0 248 33032
x 0 33033
p 0 213 33033
x 0 33034
p 0 214 33034
x 0 33035
p 0 214 33035
x 0 33036
p 0 248 33036
x 0 33037
p 0 214 33037
x 0 33038
p 0 211 33038
x 0 33039
p 0 212 33039
x 0 33040
p 0 241 33040
x 0 33041
p 0 217 33041
x 0 33042
p 0 217 33042
x 0 33043
p 0 219 33043
x 0 33044
p 0 248 33044
x 0 33045
p 0 212 33045
x 0 33046
p 0 216 33046
x 0 33047
p 0 178 33047
x 0 33048
p 0 217 33048
x 0 33049
p 0 214 33049
x 0 33050
p 0 217 33050
x 0 33051
p 0 220 33051
x 0 33052
p 0 260 33052
x 0 33053
p 0 227 33053
x 0 33054
p 0 218 33054
x 0 33055
p 0 224 33055
x 0 33056
p 0 260 33056
x 0 33057
p 0 226 33057
x 0 33058
p 0 238 33058
x 0 33059
p 0 226 33059
x 0 33060
p 0 234 33060
x 0 33000
h 0 10.0.0.2
p 0 24337 33000
x 1 33001
h 1 10.0.0.2
p 1 1267 33001
x 0 33002
p 0 212 33002
x 0 33003
p 0 282 33003
x 0 33004
p 0 241 33004
x 0 33005
p 0 230 33005
x 0 33006
p 0 224 33006
x 0 33007
p 0 221 33007
x 0 33008
p 0 222 33008
x 0 33009
p 0 221 33009
x 0 33010
p 0 220 33010
x 0 33011
p 0 218 33011
x 0 33012
p 0 223 33012
x 0 33013
p 0 203 33013
x 0 33014
p 0 223 33014
x 0 33015
p 0 220 33015
x 0 33016
p 0 190 33016
x 0 33017
p 0 207 33017
x 0 33018
p 0 223 33018
x 0 33019
p 0 218 33019
x 0 33020
p 0 219 33020
x 0 33021
p 0 283 33021
x 0 33022
p 0 312 33022
x 0 33023
p 0 222 33023
x 0 33024
p 0 193 33024
x 0 33025
p 0 260 33025
x 0 33026
p 0 219 33026
x 0 33027
p 0 196 33027
x 0 33028
p 0 191 33028
x 0 33029
p 0 254 33029
x 0 33030
p 0 172 33030
x 0 33031
p 0 366 33031
x 0 33032
p 0 211 33032
x 0 33033
p 0 211 33033
x 0 33034
p 0 213 33034
x 0 33035
p 0 213 33035
x 0 33036
p 0 212 33036
x 0 33037
p 0 240 33037
x 0 33038
p 0 234 33038
x 0 33039
p 0 295 33039
x 0 33040
p 0 286 33040
x 0 33041
p 0 234 33041
x 0 33042
p 0 210 33042
x 0 33043
p 0 216 33043
x 0 33044
p 0 214 33044
x 0 33045
p 0 243 33045
x 0 33046
p 0 214 33046
x 0 33047
p 0 212 33047
x 0 33048
p 0 213 33048
x 0 33049
p 0 214 33049
x 0 33050
p 0 212 33050
x 0 33051
p 0 214 33051
x 0 33052
p 0 212 33052
x 0 33053
p 0 253 33053
x 0 33054
p 0 216 33054
x 0 33055
p 0 225 33055
x 0 33056
p 0 225 33056
x 0 33057
p 0 217 33057
x 0 33058
p 0 224 33058
x 0 33059
p 0 227 33059
x 0 33060
p 0 215 33060
x 0 33000
h 0 10.0.0.2
p 0 23705 33000
x 1 33001
h 1 10.0.0.2
p 1 1186 33001
x 0 33002
p 0 257 33002
x 0 33003
p 0 222 33003
x 0 33004
p 0 221 33004
x 0 33005
p 0 271 33005
x 0 33006
p 0 222 33006
x 0 33007
p 0 218 33007
x 0 33008
p 0 218 33008
x 0 33009
p 0 221 33009
x 0 33010
p 0 220 33010
x 0 33011
p 0 248 33011
x 0 33012
p 0 217 33012
x 0 33013
p 0 234 33013
x 0 33014
p 0 220 33014
x 0 33015
p 0 221 33015
x 0 33016
p 0 302 33016
x 0 33017
p 0 218 33017
x 0 33018
p 0 218 33018
x 0 33019
p 0 216 33019
x 0 33020
p 0 216 33020
x 0 33021
p 0 217 33021
x 0 33022
p 0 253 33022
x 0 33023
p 0 215 33023
x 0 33024
p 0 218 33024
x 0 33025
p 0 245 33025
x 0 33026
p 0 218 33026
x 0 33027
p 0 218 33027
x 0 33028
p 0 219 33028
x 0 33029
p 0 220 33029
x 0 33030
p 0 218 33030
x 0 33031
p 0 216 33031
x 0 33032
p 0 249 33032
x 0 33033
p 0 112 33033
x 0 33034
p 0 221 33034
x 0 33035
p 0 219 33035
x 0 33036
p 0 222 33036
x 0 33037
p 0 232 33037
x 0 33038
p 0 220 33038
x 0 33039
p 0 251 33039
x 0 33040
p 0 219 33040
x 0 33041
p 0 216 33041
x 0 33042
p 0 217 33042
x 0 33043
p 0 214 33043
x 0 33044
p 0 243 33044
x 0 33045
p 0 317 33045
x 0 33046
p 0 220 33046
x 0 33047
p 0 217 33047
x 0 33048
p 0 228 33048
x 0 33049
p 0 224 33049
x 0 33050
p 0 218 33050
x 0 33051
p 0 218 33051
x 0 33052
p 0 256 33052
x 0 33053
p 0 221 33053
x 0 33054
p 0 219 33054
x 0 33055
p 0 222 33055
x 0 33056
p 0 293 33056
x 0 33057
p 0 241 33057
x 0 33058
p 0 98 33058
x 0 33059
p 0 260 33059
x 0 33060
p 0 239 33060
x 0 33000
h 0 10.0.0.2
p 0 23455 33000
x 1 33001
h 1 10.0.0.2
p 1 860 33001
x 0 33002
p 0 233 33002
x 0 33003
p 0 225 33003
x 0 33004
p 0 225 33004
x 0 33005
p 0 251 33005
x 0 33006
p 0 248 33006
x 0 33007
p 0 191 33007
x 0 33008
p 0 214 33008
x 0 33009
p 0 215 33009
x 0 33010
p 0 211 33010
x 0 33011
p 0 279 33011
x 0 33012
p 0 213 33012
x 0 33013
p 0 162 33013
x 0 33014
p 0 215 33014
x 0 33015
p 0 159 33015
x 0 33016
p 0 212 33016
x 0 33017
p 0 160 33017
x 0 33018
p 0 296 33018
x 0 33019
p 0 217 33019
x 0 33020
p 0 215 33020
x 0 33021
p 0 218 33021
x 0 33022
p 0 215 33022
x 0 33023
p 0 219 33023
x 0 33024
p 0 157 33024
x 0 33025
p 0 159 33025
x 0 33026
p 0 168 33026
x 0 33027
p 0 158 33027
x 0 33028
p 0 192 33028
x 0 33029
p 0 267 33029
x 0 33030
p 0 221 33030
x 0 33031
p 0 219 33031
x 0 33032
p 0 221 33032
x 0 33033
p 0 215 33033
x 0 33034
p 0 214 33034
x 0 33035
p 0 214 33035
x 0 33036
p 0 213 33036
x 0 33037
p 0 213 33037
x 0 33038
p 0 213 33038
x 0 33039
p 0 214 33039
x 0 33040
p 0 214 33040
x 0 33041
p 0 217 33041
x 0 33042
p 0 213 33042
x 0 33043
p 0 213 33043
x 0 33044
p 0 214 33044
x 0 33045
p 0 212 33045
x 0 33046
p 0 211 33046
x 0 33047
p 0 211 33047
x 0 33048
p 0 210 33048
x 0 33049
p 0 208 33049
x 0 33050
p 0 210 33050
x 0 33051
p 0 213 33051
x 0 33052
p 0 213 33052
x 0 33053
p 0 209 33053
x 0 33054
p 0 211 33054
x 0 33055
p 0 211 33055
x 0 33056
p 0 237 33056
x 0 33057
p 0 227 33057
x 0 33058
p 0 259 33058
x 0 33059
p 0 228 33059
x 0 33060
p 0 222 33060
x 0 33000
h 0 10.0.0.2
p 0 22851 33000
x 1 33001
h 1 10.0.0.2
p 1 1054 33001
x 0 33002
p 0 216 33002
x 0 33003
p 0 175 33003
x 0 33004
p 0 213 33004
x 0 33005
p 0 245 33005
x 0 33006
p 0 214 33006
x 0 33007
p 0 158 33007
x 0 33008
p 0 157 33008
x 0 33009
p 0 261 33009
x 0 33010
p 0 159 33010
x 0 33011
p 0 211 33011
x 0 33012
p 0 159 33012
x 0 33013
p 0 161 33013
x 0 33014
p 0 210 33014
x 0 33015
p 0 210 33015
x 0 33016
p 0 158 33016
x 0 33017
p 0 210 33017
x 0 33018
p 0 156 33018
x 0 33019
p 0 229 33019
x 0 33020
p 0 251 33020
x 0 33021
p 0 214 33021
x 0 33022
p 0 267 33022
x 0 33023
p 0 216 33023
x 0 33024
p 0 165 33024
x 0 33025
p 0 219 33025
x 0 33026
p 0 218 33026
x 0 33027
p 0 217 33027
x 0 33028
p 0 215 33028
x 0 33029
p 0 216 33029
x 0 33030
p 0 213 33030
x 0 33031
p 0 215 33031
x 0 33032
p 0 216 33032
x 0 33033
p 0 215 33033
x 0 33034
p 0 214 33034
x 0 33035
p 0 305 33035
x 0 33036
p 0 216 33036
x 0 33037
p 0 223 33037
x 0 33038
p 0 218 33038
x 0 33039
p 0 219 33039
x 0 33040
p 0 216 33040
x 0 33041
p 0 218 33041
x 0 33042
p 0 217 33042
x 0 33043
p 0 215 33043
x 0 33044
p 0 214 33044
x 0 33045
p 0 217 33045
x 0 33046
p 0 215 33046
x 0 33047
p 0 256 33047
x 0 33048
p 0 253 33048
x 0 33049
p 0 285 33049
x 0 33050
p 0 211 33050
x 0 33051
p 0 210 33051
x 0 33052
p 0 218 33052
x 0 33053
p 0 215 33053
x 0 33054
p 0 212 33054
x 0 33055
p 0 236 33055
x 0 33056
p 0 253 33056
x 0 33057
p 0 216 33057
x 0 33058
p 0 213 33058
x 0 33059
p 0 214 33059
x 0 33060
p 0 216 33060
x 0 33000
h 0 10.0.0.2
p 0 23733 33000
x 1 33001
h 1 10.0.0.2
p 1 1344 33001
x 0 33002
p 0 221 33002
x 0 33003
p 0 221 33003
x 0 33004
p 0 301 33004
x 0 33005
p 0 232 33005
x 0 33006
p 0 225 33006
x 0 33007
p 0 198 33007
x 0 33008
p 0 223 33008
x 0 33009
p 0 218 33009
x 0 33010
p 0 252 33010
x 0 33011
p 0 217 33011
x 0 33012
p 0 218 33012
x 0 33013
p 0 218 33013
x 0 33014
p 0 213 33014
x 0 33015
p 0 195 33015
x 0 33016
p 0 216 33016
x 0 33017
p 0 216 33017
x 0 33018
p 0 218 33018
x 0 33019
p 0 213 33019
x 0 33020
p 0 219 33020
x 0 33021
p 0 217 33021
x 0 33022
p 0 217 33022
x 0 33023
p 0 217 33023
x 0 33024
p 0 216 33024
x 0 33025
p 0 215 33025
x 0 33026
p 0 218 33026
x 0 33027
p 0 218 33027
x 0 33028
p 0 217 33028
x 0 33029
p 0 213 33029
x 0 33030
p 0 217 33030
x 0 33031
p 0 214 33031
x 0 33032
p 0 218 33032
x 0 33033
p 0 270 33033
x 0 33034
p 0 216 33034
x 0 33035
p 0 215 33035
x 0 33036
p 0 217 33036
x 0 33037
p 0 217 33037
x 0 33038
p 0 218 33038
x 0 33039
p 0 220 33039
x 0 33040
p 0 316 33040
x 0 33041
p 0 217 33041
x 0 33042
p 0 219 33042
x 0 33043
p 0 219 33043
x 0 33044
p 0 219 33044
x 0 33045
p 0 219 33045
x 0 33046
p 0 219 33046
x 0 33047
p 0 257 33047
x 0 33048
p 0 222 33048
x 0 33049
p 0 226 33049
x 0 33050
p 0 220 33050
x 0 33051
p 0 230 33051
x 0 33052
p 0 222 33052
x 0 33053
p 0 220 33053
x 0 33054
p 0 282 33054
x 0 33055
p 0 227 33055
x 0 33056
p 0 221 33056
x 0 33057
p 0 216 33057
x 0 33058
p 0 221 33058
x 0 33059
p 0 237 33059
x 0 33060
p 0 254 33060
x 0 33000
h 0 10.0.0.2
p 0 23720 33000
x 1 33001
h 1 10.0.0.2
p 1 3918 33001
x 0 33002
p 0 1236 33002
x 0 33003
p 0 262 33003
x 0 33004
p 0 227 33004
x 0 33005
p 0 225 33005
x 0 33006
p 0 226 33006
x 0 33007
p 0 219 33007
x 0 33008
p 0 212 33008
x 0 33009
p 0 215 33009
x 0 33010
p 0 215 33010
x 0 33011
p 0 194 33011
x 0 33012
p 0 307 33012
x 0 33013
p 0 322 33013
x 0 33014
p 0 219 33014
x 0 33015
p 0 216 33015
x 0 33016
p 0 309 33016
x 0 33017
p 0 215 33017
x 0 33018
p 0 211 33018
x 0 33019
p 0 324 33019
x 0 33020
p 0 333 33020
x 0 33021
p 0 197 33021
x 0 33022
p 0 270 33022
x 0 33023
p 0 192 33023
x 0 33024
p 0 222 33024
x 0 33025
p 0 186 33025
x 0 33026
p 0 223 33026
x 0 33027
p 0 484 33027
x 0 33028
p 0 220 33028
x 0 33029
p 0 182 33029
x 0 33030
p 0 175 33030
x 0 33031
p 0 178 33031
x 0 33032
p 0 190 33032
x 0 33033
p 0 185 33033
x 0 33034
p 0 186 33034
x 0 33035
p 0 215 33035
x 0 33036
p 0 225 33036
x 0 33037
p 0 164 33037
x 0 33038
p 0 248 33038
x 0 33039
p 0 165 33039
x 0 33040
p 0 215 33040
x 0 33041
p 0 162 33041
x 0 33042
p 0 224 33042
x 0 33043
p 0 246 33043
x 0 33044
p 0 203 33044
x 0 33045
p 0 214 33045
x 0 33046
p 0 220 33046
x 0 33047
p 0 217 33047
x 0 33048
p 0 224 33048
x 0 33049
p 0 167 33049
x 0 33050
p 0 216 33050
x 0 33051
p 0 227 33051
x 0 33052
p 0 228 33052
x 0 33053
p 0 221 33053
x 0 33054
p 0 196 33054
x 0 33055
p 0 214 33055
x 0 33056
p 0 256 33056
x 0 33057
p 0 227 33057
x 0 33058
p 0 226 33058
x 0 33059
p 0 224 33059
x 0 33060
p 0 305 33060
x 0 33000
h 0 10.0.0.2
p 0 24482 33000
x 1 33001
h 1 10.0.0.2
p 1 1175 33001
x 0 33002
p 0 214 33002
x 0 33003
p 0 216 33003
x 0 33004
p 0 217 33004
x 0 33005
p 0 215 33005
x 0 33006
p 0 213 33006
x 0 33007
p 0 216 33007
x 0 33008
p 0 214 33008
x 0 33009
p 0 207 33009
x 0 33010
p 0 214 33010
x 0 33011
p 0 214 33011
x 0 33012
p 0 216 33012
x 0 33013
p 0 216 33013
x 0 33014
p 0 217 33014
x 0 33015
p 0 218 33015
x 0 33016
p 0 216 33016
x 0 33017
p 0 214 33017
x 0 33018
p 0 217 33018
x 0 33019
p 0 214 33019
x 0 33020
p 0 215 33020
x 0 33021
p 0 215 33021
x 0 33022
p 0 216 33022
x 0 33023
p 0 219 33023
x 0 33024
p 0 220 33024
x 0 33025
p 0 218 33025
x 0 33026
p 0 217 33026
x 0 33027
p 0 221 33027
x 0 33028
p 0 218 33028
x 0 33029
p 0 248 33029
x 0 33030
p 0 213 33030
x 0 33031
p 0 216 33031
x 0 33032
p 0 218 33032
x 0 33033
p 0 217 33033
x 0 33034
p 0 321 33034
x 0 33035
p 0 250 33035
x 0 33036
p 0 211 33036
x 0 33037
p 0 228 33037
x 0 33038
p 0 211 33038
x 0 33039
p 0 211 33039
x 0 33040
p 0 211 33040
x 0 33041
p 0 212 33041
x 0 33042
p 0 214 33042
x 0 33043
p 0 217 33043
x 0 33044
p 0 247 33044
x 0 33045
p 0 227 33045
x 0 33046
p 0 224 33046
x 0 33047
p 0 218 33047
x 0 33048
p 0 220 33048
x 0 33049
p 0 217 33049
x 0 33050
p 0 245 33050
x 0 33051
p 0 217 33051
x 0 33052
p 0 224 33052
x 0 33053
p 0 299 33053
x 0 33054
p 0 225 33054
x 0 33055
p 0 223 33055
x 0 33056
p 0 224 33056
x 0 33057
p 0 224 33057
x 0 33058
p 0 225 33058
x 0 33059
p 0 223 33059
x 0 33060
p 0 232 33060
x 0 33000
h 0 10.0.0.2
p 0 24419 33000
x 1 33001
h 1 10.0.0.2
p 1 1122 33001
x 0 33002
p 0 219 33002
x 0 33003
p 0 216 33003
x 0 33004
p 0 224 33004
x 0 33005
p 0 271 33005
x 0 33006
p 0 218 33006
x 0 33007
p 0 220 33007
x 0 33008
p 0 218 33008
x 0 33009
p 0 247 33009
x 0 33010
p 0 225 33010
x 0 33011
p 0 213 33011
x 0 33012
p 0 213 33012
x 0 33013
p 0 214 33013
x 0 33014
p 0 326 33014
x 0 33015
p 0 218 33015
x 0 33016
p 0 245 33016
x 0 33017
p 0 218 33017
x 0 33018
p 0 218 33018
x 0 33019
p 0 217 33019
x 0 33020
p 0 216 33020
x 0 33021
p 0 216 33021
x 0 33022
p 0 214 33022
x 0 33023
p 0 239 33023
x 0 33024
p 0 219 33024
x 0 33025
p 0 216 33025
x 0 33026
p 0 214 33026
x 0 33027
p 0 217 33027
x 0 33028
p 0 228 33028
x 0 33029
p 0 215 33029
x 0 33030
p 0 214 33030
x 0 33031
p 0 212 33031
x 0 33032
p 0 213 33032
x 0 33033
p 0 215 33033
x 0 33034
p 0 217 33034
x 0 33035
p 0 217 33035
x 0 33036
p 0 214 33036
x 0 33037
p 0 242 33037
x 0 33038
p 0 221 33038
x 0 33039
p 0 216 33039
x 0 33040
p 0 217 33040
x 0 33041
p 0 214 33041
x 0 33042
p 0 214 33042
x 0 33043
p 0 213 33043
x 0 33044
p 0 219 33044
x 0 33045
p 0 228 33045
x 0 33046
p 0 263 33046
x 0 33047
p 0 221 33047
x 0 33048
p 0 217 33048
x 0 33049
p 0 220 33049
x 0 33050
p 0 221 33050
x 0 33051
p 0 220 33051
x 0 33052
p 0 212 33052
x 0 33053
p 0 300 33053
x 0 33054
p 0 219 33054
x 0 33055
p 0 255 33055
x 0 33056
p 0 219 33056
x 0 33057
p 0 221 33057
x 0 33058
p 0 222 33058
x 0 33059
p 0 224 33059
x 0 33060
p 0 308 33060
x 0 33000
h 0 10.0.0.2
p 0 23796 33000
x 1 33001
h 1 10.0.0.2
p 1 1224 33001
x 0 33002
p 0 218 33002
x 0 33003
p 0 171 33003
x 0 33004
p 0 220 33004
x 0 33005
p 0 220 33005
x 0 33006
p 0 222 33006
x 0 33007
p 0 288 33007
x 0 33008
p 0 226 33008
x 0 33009
p 0 244 33009
x 0 33010
p 0 210 33010
x 0 33011
p 0 222 33011
x 0 33012
p 0 212 33012
x 0 33013
p 0 181 33013
x 0 33014
p 0 212 33014
x 0 33015
p 0 212 33015
x 0 33016
p 0 213 33016
x 0 33017
p 0 213 33017
x 0 33018
p 0 188 33018
x 0 33019
p 0 208 33019
x 0 33020
p 0 207 33020
x 0 33021
p 0 180 33021
x 0 33022
p 0 182 33022
x 0 33023
p 0 174 33023
x 0 33024
p 0 178 33024
x 0 33025
p 0 183 33025
x 0 33026
p 0 211 33026
x 0 33027
p 0 177 33027
x 0 33028
p 0 178 33028
x 0 33029
p 0 182 33029
x 0 33030
p 0 177 33030
x 0 33031
p 0 180 33031
x 0 33032
p 0 180 33032
x 0 33033
p 0 174 33033
x 0 33034
p 0 189 33034
x 0 33035
p 0 185 33035
x 0 33036
p 0 189 33036
x 0 33037
p 0 187 33037
x 0 33038
p 0 181 33038
x 0 33039
p 0 179 33039
x 0 33040
p 0 182 33040
x 0 33041
p 0 71 33041
x 0 33042
p 0 183 33042
x 0 33043
p 0 179 33043
x 0 33044
p 0 182 33044
x 0 33045
p 0 176 33045
x 0 33046
p 0 182 33046
x 0 33047
p 0 114 33047
x 0 33048
p 0 209 33048
x 0 33049
p 0 207 33049
x 0 33050
p 0 180 33050
x 0 33051
p 0 209 33051
x 0 33052
p 0 164 33052
x 0 33053
p 0 348 33053
x 0 33054
p 0 216 33054
x 0 33055
p 0 206 33055
x 0 33056
p 0 212 33056
x 0 33057
p 0 211 33057
x 0 33058
p 0 209 33058
x 0 33059
p 0 221 33059
x 0 33060
p 0 211 33060
x 0 33000
h 0 10.0.0.2
p 0 23243 33000
x 1 33001
h 1 10.0.0.2
p 1 1153 33001
x 0 33002
p 0 242 33002
x 0 33003
p 0 257 33003
x 0 33004
p 0 217 33004
x 0 33005
p 0 223 33005
x 0 33006
p 0 215 33006
x 0 33007
p 0 164 33007
x 0 33008
p 0 217 33008
x 0 33009
p 0 211 33009
x 0 33010
p 0 172 33010
x 0 33011
p 0 208 33011
x 0 33012
p 0 210 33012
x 0 33013
p 0 208 33013
x 0 33014
p 0 212 33014
x 0 33015
p 0 181 33015
x 0 33016
p 0 190 33016
x 0 33017
p 0 185 33017
x 0 33018
p 0 186 33018
x 0 33019
p 0 212 33019
x 0 33020
p 0 191 33020
x 0 33021
p 0 183 33021
x 0 33022
p 0 212 33022
x 0 33023
p 0 210 33023
x 0 33024
p 0 183 33024
x 0 33025
p 0 181 33025
x 0 33026
p 0 178 33026
x 0 33027
p 0 210 33027
x 0 33028
p 0 178 33028
x 0 33029
p 0 188 33029
x 0 33030
p 0 208 33030
x 0 33031
p 0 215 33031
x 0 33032
p 0 182 33032
x 0 33033
p 0 178 33033
x 0 33034
p 0 211 33034
x 0 33035
p 0 214 33035
x 0 33036
p 0 180 33036
x 0 33037
p 0 184 33037
x 0 33038
p 0 182 33038
x 0 33039
p 0 210 33039
x 0 33040
p 0 177 33040
x 0 33041
p 0 189 33041
x 0 33042
p 0 183 33042
x 0 33043
p 0 182 33043
x 0 33044
p 0 184 33044
x 0 33045
p 0 181 33045
x 0 33046
p 0 215 33046
x 0 33047
p 0 216 33047
x 0 33048
p 0 189 33048
x 0 33049
p 0 182 33049
x 0 33050
p 0 215 33050
x 0 33051
p 0 213 33051
x 0 33052
p 0 209 33052
x 0 33053
p 0 182 33053
x 0 33054
p 0 182 33054
x 0 33055
p 0 220 33055
x 0 33056
p 0 224 33056
x 0 33057
p 0 189 33057
x 0 33058
p 0 189 33058
x 0 33059
p 0 190 33059
x 0 33060
p 0 241 33060
x 0 33000
h 0 10.0.0.2
p 0 23475 33000
x 1 33001
h 1 10.0.0.2
p 1 1274 33001
x 0 33002
p 0 214 33002
x 0 33003
p 0 217 33003
x 0 33004
p 0 215 33004
x 0 33005
p 0 217 33005
x 0 33006
p 0 177 33006
x 0 33007
p 0 219 33007
x 0 33008
p 0 174 33008
x 0 33009
p 0 214 33009
x 0 33010
p 0 184 33010
x 0 33011
p 0 178 33011
x 0 33012
p 0 181 33012
x 0 33013
p 0 183 33013
x 0 33014
p 0 186 33014
x 0 33015
p 0 221 33015
x 0 33016
p 0 220 33016
x 0 33017
p 0 173 33017
x 0 33018
p 0 174 33018
x 0 33019
p 0 172 33019
x 0 33020
p 0 172 33020
x 0 33021
p 0 228 33021
x 0 33022
p 0 222 33022
x 0 33023
p 0 247 33023
x 0 33024
p 0 213 33024
x 0 33025
p 0 214 33025
x 0 33026
p 0 213 33026
x 0 33027
p 0 251 33027
x 0 33028
p 0 215 33028
x 0 33029
p 0 215 33029
x 0 33030
p 0 251 33030
x 0 33031
p 0 216 33031
x 0 33032
p 0 212 33032
x 0 33033
p 0 240 33033
x 0 33034
p 0 220 33034
x 0 33035
p 0 215 33035
x 0 33036
p 0 261 33036
x 0 33037
p 0 214 33037
x 0 33038
p 0 220 33038
x 0 33039
p 0 226 33039
x 0 33040
p 0 213 33040
x 0 33041
p 0 220 33041
x 0 33042
p 0 214 33042
x 0 33043
p 0 225 33043
x 0 33044
p 0 231 33044
x 0 33045
p 0 230 33045
x 0 33046
p 0 228 33046
x 0 33047
p 0 233 33047
x 0 33048
p 0 281 33048
x 0 33049
p 0 232 33049
x 0 33050
p 0 111 33050
x 0 33051
p 0 234 33051
x 0 33052
p 0 229 33052
x 0 33053
p 0 229 33053
x 0 33054
p 0 229 33054
x 0 33055
p 0 229 33055
x 0 33056
p 0 236 33056
x 0 33057
p 0 232 33057
x 0 33058
p 0 245 33058
x 0 33059
p 0 237 33059
x 0 33060
p 0 239 33060
x 0 33000
h 0 10.0.0.2
p 0 21407 33000
x 1 33001
h 1 10.0.0.2
p 1 868 33001
x 0 33002
p 0 224 33002
x 0 33003
p 0 222 33003
x 0 33004
p 0 215 33004
x 0 33005
p 0 121 33005
x 0 33006
p 0 221 33006
x 0 33007
p 0 217 33007
x 0 33008
p 0 217 33008
x 0 33009
p 0 211 33009
x 0 33010
p 0 212 33010
x 0 33011
p 0 216 33011
x 0 33012
p 0 222 33012
x 0 33013
p 0 220 33013
x 0 33014
p 0 215 33014
x 0 33015
p 0 213 33015
x 0 33016
p 0 251 33016
x 0 33017
p 0 218 33017
x 0 33018
p 0 212 33018
x 0 33019
p 0 233 33019
x 0 33020
p 0 219 33020
x 0 33021
p 0 250 33021
x 0 33022
p 0 215 33022
x 0 33023
p 0 267 33023
x 0 33024
p 0 211 33024
x 0 33025
p 0 213 33025
x 0 33026
p 0 213 33026
x 0 33027
p 0 217 33027
x 0 33028
p 0 244 33028
x 0 33029
p 0 215 33029
x 0 33030
p 0 254 33030
x 0 33031
p 0 219 33031
x 0 33032
p 0 216 33032
x 0 33033
p 0 214 33033
x 0 33034
p 0 217 33034
x 0 33035
p 0 245 33035
x 0 33036
p 0 213 33036
x 0 33037
p 0 260 33037
x 0 33038
p 0 218 33038
x 0 33039
p 0 212 33039
x 0 33040
p 0 223 33040
x 0 33041
p 0 219 33041
x 0 33042
p 0 225 33042
x 0 33043
p 0 218 33043
x 0 33044
p 0 278 33044
x 0 33045
p 0 218 33045
x 0 33046
p 0 216 33046
x 0 33047
p 0 221 33047
x 0 33048
p 0 221 33048
x 0 33049
p 0 237 33049
x 0 33050
p 0 219 33050
x 0 33051
p 0 255 33051
x 0 33052
p 0 225 33052
x 0 33053
p 0 223 33053
x 0 33054
p 0 219 33054
x 0 33055
p 0 219 33055
x 0 33056
p 0 222 33056
x 0 33057
p 0 227 33057
x 0 33058
p 0 221 33058
x 0 33059
p 0 253 33059
x 0 33060
p 0 225 33060
x 0 33000
h 0 10.0.0.2
p 0 23105 33000
x 1 33001
h 1 10.0.0.2
p 1 1202 33001
x 0 33002
p 0 217 33002
x 0 33003
p 0 216 33003
x 0 33004
p 0 216 33004
x 0 33005
p 0 215 33005
x 0 33006
p 0 142 33006
x 0 33007
p 0 209 33007
x 0 33008
p 0 209 33008
x 0 33009
p 0 209 33009
x 0 33010
p 0 211 33010
x 0 33011
p 0 206 33011
x 0 33012
p 0 260 33012
x 0 33013
p 0 209 33013
x 0 33014
p 0 211 33014
x 0 33015
p 0 209 33015
x 0 33016
p 0 207 33016
x 0 33017
p 0 210 33017
x 0 33018
p 0 211 33018
x 0 33019
p 0 210 33019
x 0 33020
p 0 210 33020
x 0 33021
p 0 209 33021
x 0 33022
p 0 211 33022
x 0 33023
p 0 210 33023
x 0 33024
p 0 212 33024
x 0 33025
p 0 212 33025
x 0 33026
p 0 214 33026
x 0 33027
p 0 212 33027
x 0 33028
p 0 124 33028
x 0 33029
p 0 213 33029
x 0 33030
p 0 211 33030
x 0 33031
p 0 215 33031
x 0 33032
p 0 214 33032
x 0 33033
p 0 212 33033
x 0 33034
p 0 213 33034
x 0 33035
p 0 213 33035
x 0 33036
p 0 208 33036
x 0 33037
p 0 213 33037
x 0 33038
p 0 213 33038
x 0 33039
p 0 213 33039
x 0 33040
p 0 214 33040
x 0 33041
p 0 213 33041
x 0 33042
p 0 215 33042
x 0 33043
p 0 216 33043
x 0 33044
p 0 313 33044
x 0 33045
p 0 355 33045
x 0 33046
p 0 302 33046
x 0 33047
p 0 304 33047
x 0 33048
p 0 318 33048
x 0 33049
p 0 302 33049
x 0 33050
p 0 309 33050
x 0 33051
p 0 228 33051
x 0 33052
p 0 306 33052
x 0 33053
p 0 241 33053
x 0 33054
p 0 321 33054
x 0 33055
p 0 220 33055
x 0 33056
p 0 222 33056
x 0 33057
p 0 229 33057
x 0 33058
p 0 225 33058
x 0 33059
p 0 233 33059
x 0 33060
p 0 232 33060
x 0 33000
h 0 10.0.0.2
p 0 24172 33000
x 1 33001
h 1 10.0.0.2
p 1 1255 33001
x 0 33002
p 0 217 33002
x 0 33003
p 0 217 33003
x 0 33004
p 0 248 33004
x 0 33005
p 0 218 33005
x 0 33006
p 0 281 33006
x 0 33007
p 0 214 33007
x 0 33008
p 0 214 33008
x 0 33009
p 0 215 33009
x 0 33010
p 0 217 33010
x 0 33011
p 0 217 33011
x 0 33012
p 0 214 33012
x 0 33013
p 0 217 33013
x 0 33014
p 0 215 33014
x 0 33015
p 0 213 33015
x 0 33016
p 0 147 33016
x 0 33017
p 0 221 33017
x 0 33018
p 0 217 33018
x 0 33019
p 0 292 33019
x 0 33020
p 0 216 33020
x 0 33021
p 0 217 33021
x 0 33022
p 0 213 33022
x 0 33023
p 0 215 33023
x 0 33024
p 0 213 33024
x 0 33025
p 0 215 33025
x 0 33026
p 0 215 33026
x 0 33027
p 0 220 33027
x 0 33028
p 0 218 33028
x 0 33029
p 0 286 33029
x 0 33030
p 0 249 33030
x 0 33031
p 0 218 33031
x 0 33032
p 0 264 33032
x 0 33033
p 0 215 33033
x 0 33034
p 0 212 33034
x 0 33035
p 0 217 33035
x 0 33036
p 0 212 33036
x 0 33037
p 0 214 33037
x 0 33038
p 0 216 33038
x 0 33039
p 0 679 33039
x 0 33040
p 0 199 33040
x 0 33041
p 0 200 33041
x 0 33042
p 0 199 33042
x 0 33043
p 0 195 33043
x 0 33044
p 0 201 33044
x 0 33045
p 0 222 33045
x 0 33046
p 0 224 33046
x 0 33047
p 0 223 33047
x 0 33048
p 0 265 33048
x 0 33049
p 0 229 33049
x 0 33050
p 0 739 33050
x 0 33051
p 0 211 33051
x 0 33052
p 0 231 33052
x 0 33053
p 0 226 33053
x 0 33054
p 0 221 33054
x 0 33055
p 0 224 33055
x 0 33056
p 0 231 33056
x 0 33057
p 0 226 33057
x 0 33058
p 0 348 33058
x 0 33059
p 0 221 33059
x 0 33060
p 0 220 33060
x 0 33000
h 0 10.0.0.2
p 0 24586 33000
x 1 33001
h 1 10.0.0.2
p 1 1299 33001
x 0 33002
p 0 221 33002
x 0 33003
p 0 216 33003
x 0 33004
p 0 216 33004
x 0 33005
p 0 216 33005
x 0 33006
p 0 219 33006
x 0 33007
p 0 215 33007
x 0 33008
p 0 218 33008
x 0 33009
p 0 217 33009
x 0 33010
p 0 215 33010
x 0 33011
p 0 218 33011
x 0 33012
p 0 313 33012
x 0 33013
p 0 306 33013
x 0 33014
p 0 308 33014
x 0 33015
p 0 218 33015
x 0 33016
p 0 217 33016
x 0 33017
p 0 197 33017
x 0 33018
p 0 321 33018
x 0 33019
p 0 217 33019
x 0 33020
p 0 217 33020
x 0 33021
p 0 251 33021
x 0 33022
p 0 306 33022
x 0 33023
p 0 306 33023
x 0 33024
p 0 303 33024
x 0 33025
p 0 215 33025
x 0 33026
p 0 214 33026
x 0 33027
p 0 216 33027
x 0 33028
p 0 214 33028
x 0 33029
p 0 178 33029
x 0 33030
p 0 308 33030
x 0 33031
p 0 309 33031
x 0 33032
p 0 216 33032
x 0 33033
p 0 221 33033
x 0 33034
p 0 215 33034
x 0 33035
p 0 214 33035
x 0 33036
p 0 219 33036
x 0 33037
p 0 187 33037
x 0 33038
p 0 192 33038
x 0 33039
p 0 187 33039
x 0 33040
p 0 191 33040
x 0 33041
p 0 383 33041
x 0 33042
p 0 219 33042
x 0 33043
p 0 217 33043
x 0 33044
p 0 250 33044
x 0 33045
p 0 219 33045
x 0 33046
p 0 297 33046
x 0 33047
p 0 214 33047
x 0 33048
p 0 216 33048
x 0 33049
p 0 216 33049
x 0 33050
p 0 227 33050
x 0 33051
p 0 230 33051
x 0 33052
p 0 242 33052
x 0 33053
p 0 244 33053
x 0 33054
p 0 248 33054
x 0 33055
p 0 239 33055
x 0 33056
p 0 244 33056
x 0 33057
p 0 242 33057
x 0 33058
p 0 237 33058
x 0 33059
p 0 237 33059
x 0 33060
p 0 273 33060
x 0 33000
h 0 10.0.0.2
p 0 24194 33000
x 1 33001
h 1 10.0.0.2
p 1 1043 33001
x 0 33002
p 0 215 33002
x 0 33003
p 0 273 33003
x 0 33004
p 0 256 33004
x 0 33005
p 0 271 33005
x 0 33006
p 0 218 33006
x 0 33007
p 0 244 33007
x 0 33008
p 0 245 33008
x 0 33009
p 0 223 33009
x 0 33010
p 0 245 33010
x 0 33011
p 0 217 33011
x 0 33012
p 0 248 33012
x 0 33013
p 0 229 33013
x 0 33014
p 0 209 33014
x 0 33015
p 0 240 33015
x 0 33016
p 0 147 33016
x 0 33017
p 0 243 33017
x 0 33018
p 0 291 33018
x 0 33019
p 0 245 33019
x 0 33020
p 0 212 33020
x 0 33021
p 0 217 33021
x 0 33022
p 0 344 33022
x 0 33023
p 0 244 33023
x 0 33024
p 0 214 33024
x 0 33025
p 0 275 33025
x 0 33026
p 0 325 33026
x 0 33027
p 0 218 33027
x 0 33028
p 0 214 33028
x 0 33029
p 0 216 33029
x 0 33030
p 0 302 33030
x 0 33031
p 0 214 33031
x 0 33032
p 0 219 33032
x 0 33033
p 0 218 33033
x 0 33034
p 0 319 33034
x 0 33035
p 0 284 33035
x 0 33036
p 0 213 33036
x 0 33037
p 0 305 33037
x 0 33038
p 0 239 33038
x 0 33039
p 0 216 33039
x 0 33040
p 0 192 33040
x 0 33041
p 0 216 33041
x 0 33042
p 0 219 33042
x 0 33043
p 0 307 33043
x 0 33044
p 0 216 33044
x 0 33045
p 0 214 33045
x 0 33046
p 0 216 33046
x 0 33047
p 0 214 33047
x 0 33048
p 0 215 33048
x 0 33049
p 0 215 33049
x 0 33050
p 0 256 33050
x 0 33051
p 0 214 33051
x 0 33052
p 0 217 33052
x 0 33053
p 0 217 33053
x 0 33054
p 0 222 33054
x 0 33055
p 0 226 33055
x 0 33056
p 0 255 33056
x 0 33057
p 0 231 33057
x 0 33058
p 0 230 33058
x 0 33059
p 0 236 33059
x 0 33060
p 0 244 33060
x 0 33000
h 0 10.0.0.2
p 0 23356 33000
x 1 33001
h 1 10.0.0.2
p 1 1263 33001
x 0 33002
p 0 265 33002
x 0 33003
p 0 217 33003
x 0 33004
p 0 235 33004
x 0 33005
p 0 200 33005
x 0 33006
p 0 214 33006
x 0 33007
p 0 217 33007
x 0 33008
p 0 214 33008
x 0 33009
p 0 215 33009
x 0 33010
p 0 215 33010
x 0 33011
p 0 216 33011
x 0 33012
p 0 216 33012
x 0 33013
p 0 215 33013
x 0 33014
p 0 212 33014
x 0 33015
p 0 219 33015
x 0 33016
p 0 215 33016
x 0 33017
p 0 214 33017
x 0 33018
p 0 214 33018
x 0 33019
p 0 215 33019
x 0 33020
p 0 217 33020
x 0 33021
p 0 213 33021
x 0 33022
p 0 212 33022
x 0 33023
p 0 214 33023
x 0 33024
p 0 214 33024
x 0 33025
p 0 215 33025
x 0 33026
p 0 206 33026
x 0 33027
p 0 219 33027
x 0 33028
p 0 217 33028
x 0 33029
p 0 214 33029
x 0 33030
p 0 214 33030
x 0 33031
p 0 217 33031
x 0 33032
p 0 217 33032
x 0 33033
p 0 214 33033
x 0 33034
p 0 214 33034
x 0 33035
p 0 217 33035
x 0 33036
p 0 215 33036
x 0 33037
p 0 192 33037
x 0 33038
p 0 215 33038
x 0 33039
p 0 218 33039
x 0 33040
p 0 194 33040
x 0 33041
p 0 211 33041
x 0 33042
p 0 213 33042
x 0 33043
p 0 212 33043
x 0 33044
p 0 269 33044
x 0 33045
p 0 299 33045
x 0 33046
p 0 191 33046
x 0 33047
p 0 215 33047
x 0 33048
p 0 216 33048
x 0 33049
p 0 221 33049
x 0 33050
p 0 198 33050
x 0 33051
p 0 199 33051
x 0 33052
p 0 230 33052
x 0 33053
p 0 195 33053
x 0 33054
p 0 199 33054
x 0 33055
p 0 197 33055
x 0 33056
p 0 216 33056
x 0 33057
p 0 207 33057
x 0 33058
p 0 283 33058
x 0 33059
p 0 249 33059
x 0 33060
p 0 289 33060
x 0 33000
h 0 10.0.0.2
p 0 25210 33000
x 1 33001
h 1 10.0.0.2
p 1 1141 33001
x 0 33002
p 0 237 33002
x 0 33003
p 0 211 33003
x 0 33004
p 0 239 33004
x 0 33005
p 0 215 33005
x 0 33006
p 0 216 33006
x 0 33007
p 0 214 33007
x 0 33008
p 0 209 33008
x 0 33009
p 0 210 33009
x 0 33010
p 0 211 33010
x 0 33011
p 0 213 33011
x 0 33012
p 0 214 33012
x 0 33013
p 0 211 33013
x 0 33014
p 0 213 33014
x 0 33015
p 0 181 33015
x 0 33016
p 0 213 33016
x 0 33017
p 0 212 33017
x 0 33018
p 0 182 33018
x 0 33019
p 0 215 33019
x 0 33020
p 0 235 33020
x 0 33021
p 0 225 33021
x 0 33022
p 0 223 33022
x 0 33023
p 0 212 33023
x 0 33024
p 0 303 33024
x 0 33025
p 0 210 33025
x 0 33026
p 0 211 33026
x 0 33027
p 0 216 33027
x 0 33028
p 0 212 33028
x 0 33029
p 0 174 33029
x 0 33030
p 0 210 33030
x 0 33031
p 0 210 33031
x 0 33032
p 0 207 33032
x 0 33033
p 0 208 33033
x 0 33034
p 0 209 33034
x 0 33035
p 0 210 33035
x 0 33036
p 0 211 33036
x 0 33037
p 0 211 33037
x 0 33038
p 0 209 33038
x 0 33039
p 0 211 33039
x 0 33040
p 0 210 33040
x 0 33041
p 0 207 33041
x 0 33042
p 0 208 33042
x 0 33043
p 0 210 33043
x 0 33044
p 0 210 33044
x 0 33045
p 0 210 33045
x 0 33046
p 0 207 33046
x 0 33047
p 0 209 33047
x 0 33048
p 0 210 33048
x 0 33049
p 0 209 33049
x 0 33050
p 0 210 33050
x 0 33051
p 0 212 33051
x 0 33052
p 0 210 33052
x 0 33053
p 0 210 33053
x 0 33054
p 0 210 33054
x 0 33055
p 0 217 33055
x 0 33056
p 0 220 33056
x 0 33057
p 0 216 33057
x 0 33058
p 0 216 33058
x 0 33059
p 0 218 33059
x 0 33060
p 0 254 33060
x 0 33000
h 0 10.0.0.2
p 0 23762 33000
x 1 33001
h 1 10.0.0.2
p 1 1257 33001
x 0 33002
p 0 398 33002
x 0 33003
p 0 216 33003
x 0 33004
p 0 217 33004
x 0 33005
p 0 230 33005
x 0 33006
p 0 213 33006
x 0 33007
p 0 196 33007
x 0 33008
p 0 177 33008
x 0 33009
p 0 177 33009
x 0 33010
p 0 212 33010
x 0 33011
p 0 209 33011
x 0 33012
p 0 84 33012
x 0 33013
p 0 209 33013
x 0 33014
p 0 209 33014
x 0 33015
p 0 210 33015
x 0 33016
p 0 246 33016
x 0 33017
p 0 209 33017
x 0 33018
p 0 213 33018
x 0 33019
p 0 210 33019
x 0 33020
p 0 179 33020
x 0 33021
p 0 211 33021
x 0 33022
p 0 170 33022
x 0 33023
p 0 213 33023
x 0 33024
p 0 209 33024
x 0 33025
p 0 210 33025
x 0 33026
p 0 219 33026
x 0 33027
p 0 213 33027
x 0 33028
p 0 209 33028
x 0 33029
p 0 210 33029
x 0 33030
p 0 195 33030
x 0 33031
p 0 212 33031
x 0 33032
p 0 210 33032
x 0 33033
p 0 235 33033
x 0 33034
p 0 216 33034
x 0 33035
p 0 211 33035
x 0 33036
p 0 211 33036
x 0 33037
p 0 211 33037
x 0 33038
p 0 225 33038
x 0 33039
p 0 216 33039
x 0 33040
p 0 212 33040
x 0 33041
p 0 210 33041
x 0 33042
p 0 214 33042
x 0 33043
p 0 214 33043
x 0 33044
p 0 220 33044
x 0 33045
p 0 104 33045
x 0 33046
p 0 211 33046
x 0 33047
p 0 302 33047
x 0 33048
p 0 237 33048
x 0 33049
p 0 220 33049
x 0 33050
p 0 223 33050
x 0 33051
p 0 220 33051
x 0 33052
p 0 224 33052
x 0 33053
p 0 234 33053
x 0 33054
p 0 226 33054
x 0 33055
p 0 222 33055
x 0 33056
p 0 217 33056
x 0 33057
p 0 232 33057
x 0 33058
p 0 229 33058
x 0 33059
p 0 227 33059
x 0 33060
p 0 242 33060
x 0 33000
h 0 10.0.0.2
p 0 24167 33000
x 1 33001
h 1 10.0.0.2
p 1 1266 33001
x 0 33002
p 0 213 33002
x 0 33003
p 0 221 33003
x 0 33004
p 0 219 33004
x 0 33005
p 0 216 33005
x 0 33006
p 0 218 33006
x 0 33007
p 0 214 33007
x 0 33008
p 0 210 33008
x 0 33009
p 0 213 33009
x 0 33010
p 0 211 33010
x 0 33011
p 0 209 33011
x 0 33012
p 0 210 33012
x 0 33013
p 0 212 33013
x 0 33014
p 0 214 33014
x 0 33015
p 0 213 33015
x 0 33016
p 0 215 33016
x 0 33017
p 0 218 33017
x 0 33018
p 0 214 33018
x 0 33019
p 0 214 33019
x 0 33020
p 0 208 33020
x 0 33021
p 0 212 33021
x 0 33022
p 0 212 33022
x 0 33023
p 0 211 33023
x 0 33024
p 0 214 33024
x 0 33025
p 0 210 33025
x 0 33026
p 0 209 33026
x 0 33027
p 0 210 33027
x 0 33028
p 0 209 33028
x 0 33029
p 0 213 33029
x 0 33030
p 0 247 33030
x 0 33031
p 0 212 33031
x 0 33032
p 0 272 33032
x 0 33033
p 0 213 33033
x 0 33034
p 0 215 33034
x 0 33035
p 0 216 33035
x 0 33036
p 0 214 33036
x 0 33037
p 0 263 33037
x 0 33038
p 0 215 33038
x 0 33039
p 0 216 33039
x 0 33040
p 0 214 33040
x 0 33041
p 0 214 33041
x 0 33042
p 0 212 33042
x 0 33043
p 0 215 33043
x 0 33044
p 0 213 33044
x 0 33045
p 0 218 33045
x 0 33046
p 0 216 33046
x 0 33047
p 0 216 33047
x 0 33048
p 0 218 33048
x 0 33049
p 0 220 33049
x 0 33050
p 0 222 33050
x 0 33051
p 0 224 33051
x 0 33052
p 0 215 33052
x 0 33053
p 0 233 33053
x 0 33054
p 0 232 33054
x 0 33055
p 0 230 33055
x 0 33056
p 0 230 33056
x 0 33057
p 0 231 33057
x 0 33058
p 0 232 33058
x 0 33059
p 0 241 33059
x 0 33060
p 0 252 33060
x 0 33000
h 0 10.0.0.2
p 0 25251 33000
x 1 33001
h 1 10.0.0.2
p 1 1263 33001
x 0 33002
p 0 254 33002
x 0 33003
p 0 215 33003
x 0 33004
p 0 216 33004
x 0 33005
p 0 214 33005
x 0 33006
p 0 219 33006
x 0 33007
p 0 214 33007
x 0 33008
p 0 214 33008
x 0 33009
p 0 224 33009
x 0 33010
p 0 217 33010
x 0 33011
p 0 215 33011
x 0 33012
p 0 215 33012
x 0 33013
p 0 213 33013
x 0 33014
p 0 313 33014
x 0 33015
p 0 213 33015
x 0 33016
p 0 253 33016
x 0 33017
p 0 214 33017
x 0 33018
p 0 282 33018
x 0 33019
p 0 216 33019
x 0 33020
p 0 214 33020
x 0 33021
p 0 137 33021
x 0 33022
p 0 216 33022
x 0 33023
p 0 211 33023
x 0 33024
p 0 213 33024
x 0 33025
p 0 211 33025
x 0 33026
p 0 215 33026
x 0 33027
p 0 212 33027
x 0 33028
p 0 216 33028
x 0 33029
p 0 213 33029
x 0 33030
p 0 217 33030
x 0 33031
p 0 183 33031
x 0 33032
p 0 213 33032
x 0 33033
p 0 188 33033
x 0 33034
p 0 181 33034
x 0 33035
p 0 214 33035
x 0 33036
p 0 185 33036
x 0 33037
p 0 186 33037
x 0 33038
p 0 184 33038
x 0 33039
p 0 177 33039
x 0 33040
p 0 205 33040
x 0 33041
p 0 181 33041
x 0 33042
p 0 211 33042
x 0 33043
p 0 178 33043
x 0 33044
p 0 185 33044
x 0 33045
p 0 174 33045
x 0 33046
p 0 170 33046
x 0 33047
p 0 170 33047
x 0 33048
p 0 181 33048
x 0 33049
p 0 221 33049
x 0 33050
p 0 225 33050
x 0 33051
p 0 175 33051
x 0 33052
p 0 219 33052
x 0 33053
p 0 156 33053
x 0 33054
p 0 161 33054
x 0 33055
p 0 155 33055
x 0 33056
p 0 174 33056
x 0 33057
p 0 226 33057
x 0 33058
p 0 170 33058
x 0 33059
p 0 226 33059
x 0 33060
p 0 245 33060
x 0 33000
h 0 10.0.0.2
p 0 23854 33000
x 1 33001
h 1 10.0.0.2
p 1 1206 33001
x 0 33002
p 0 269 33002
x 0 33003
p 0 254 33003
x 0 33004
p 0 259 33004
x 0 33005
p 0 213 33005
x 0 33006
p 0 186 33006
x 0 33007
p 0 180 33007
x 0 33008
p 0 211 33008
x 0 33009
p 0 183 33009
x 0 33010
p 0 176 33010
x 0 33011
p 0 176 33011
x 0 33012
p 0 192 33012
x 0 33013
p 0 181 33013
x 0 33014
p 0 207 33014
x 0 33015
p 0 103 33015
x 0 33016
p 0 192 33016
x 0 33017
p 0 180 33017
x 0 33018
p 0 180 33018
x 0 33019
p 0 178 33019
x 0 33020
p 0 208 33020
x 0 33021
p 0 177 33021
x 0 33022
p 0 179 33022
x 0 33023
p 0 178 33023
x 0 33024
p 0 214 33024
x 0 33025
p 0 177 33025
x 0 33026
p 0 177 33026
x 0 33027
p 0 178 33027
x 0 33028
p 0 215 33028
x 0 33029
p 0 181 33029
x 0 33030
p 0 176 33030
x 0 33031
p 0 175 33031
x 0 33032
p 0 213 33032
x 0 33033
p 0 215 33033
x 0 33034
p 0 180 33034
x 0 33035
p 0 214 33035
x 0 33036
p 0 215 33036
x 0 33037
p 0 213 33037
x 0 33038
p 0 180 33038
x 0 33039
p 0 215 33039
x 0 33040
p 0 214 33040
x 0 33041
p 0 211 33041
x 0 33042
p 0 183 33042
x 0 33043
p 0 213 33043
x 0 33044
p 0 214 33044
x 0 33045
p 0 212 33045
x 0 33046
p 0 179 33046
x 0 33047
p 0 214 33047
x 0 33048
p 0 213 33048
x 0 33049
p 0 219 33049
x 0 33050
p 0 182 33050
x 0 33051
p 0 212 33051
x 0 33052
p 0 209 33052
x 0 33053
p 0 177 33053
x 0 33054
p 0 182 33054
x 0 33055
p 0 217 33055
x 0 33056
p 0 215 33056
x 0 33057
p 0 216 33057
x 0 33058
p 0 244 33058
x 0 33059
p 0 187 33059
x 0 33060
p 0 231 33060
x 0 33000
h 0 10.0.0.2
p 0 23676 33000
x 1 33001
h 1 10.0.0.2
p 1 1230 33001
x 0 33002
p 0 254 33002
x 0 33003
p 0 167 33003
x 0 33004
p 0 196 33004
x 0 33005
p 0 214 33005
x 0 33006
p 0 210 33006
x 0 33007
p 0 214 33007
x 0 33008
p 0 212 33008
x 0 33009
p 0 263 33009
x 0 33010
p 0 213 33010
x 0 33011
p 0 233 33011
x 0 33012
p 0 213 33012
x 0 33013
p 0 214 33013
x 0 33014
p 0 214 33014
x 0 33015
p 0 213 33015
x 0 33016
p 0 213 33016
x 0 33017
p 0 287 33017
x 0 33018
p 0 211 33018
x 0 33019
p 0 266 33019
x 0 33020
p 0 196 33020
x 0 33021
p 0 257 33021
x 0 33022
p 0 213 33022
x 0 33023
p 0 151 33023
x 0 33024
p 0 152 33024
x 0 33025
p 0 195 33025
x 0 33026
p 0 155 33026
x 0 33027
p 0 215 33027
x 0 33028
p 0 210 33028
x 0 33029
p 0 179 33029
x 0 33030
p 0 174 33030
x 0 33031
p 0 212 33031
x 0 33032
p 0 333 33032
x 0 33033
p 0 305 33033
x 0 33034
p 0 191 33034
x 0 33035
p 0 212 33035
x 0 33036
p 0 216 33036
x 0 33037
p 0 221 33037
x 0 33038
p 0 215 33038
x 0 33039
p 0 211 33039
x 0 33040
p 0 243 33040
x 0 33041
p 0 218 33041
x 0 33042
p 0 214 33042
x 0 33043
p 0 216 33043
x 0 33044
p 0 218 33044
x 0 33045
p 0 173 33045
x 0 33046
p 0 195 33046
x 0 33047
p 0 195 33047
x 0 33048
p 0 205 33048
x 0 33049
p 0 219 33049
x 0 33050
p 0 215 33050
x 0 33051
p 0 214 33051
x 0 33052
p 0 214 33052
x 0 33053
p 0 215 33053
x 0 33054
p 0 218 33054
x 0 33055
p 0 219 33055
x 0 33056
p 0 203 33056
x 0 33057
p 0 228 33057
x 0 33058
p 0 227 33058
x 0 33059
p 0 236 33059
x 0 33060
p 0 225 33060
x 0 33000
h 0 10.0.0.2
p 0 20738 33000
x 1 33001
h 1 10.0.0.2
p 1 1171 33001
x 0 33002
p 0 217 33002
x 0 33003
p 0 257 33003
x 0 33004
p 0 217 33004
x 0 33005
p 0 217 33005
x 0 33006
p 0 216 33006
x 0 33007
p 0 224 33007
x 0 33008
p 0 355 33008
x 0 33009
p 0 324 33009
x 0 33010
p 0 219 33010
x 0 33011
p 0 217 33011
x 0 33012
p 0 180 33012
x 0 33013
p 0 211 33013
x 0 33014
p 0 213 33014
x 0 33015
p 0 212 33015
x 0 33016
p 0 210 33016
x 0 33017
p 0 175 33017
x 0 33018
p 0 214 33018
x 0 33019
p 0 195 33019
x 0 33020
p 0 216 33020
x 0 33021
p 0 216 33021
x 0 33022
p 0 219 33022
x 0 33023
p 0 213 33023
x 0 33024
p 0 216 33024
x 0 33025
p 0 218 33025
x 0 33026
p 0 218 33026
x 0 33027
p 0 214 33027
x 0 33028
p 0 192 33028
x 0 33029
p 0 217 33029
x 0 33030
p 0 219 33030
x 0 33031
p 0 215 33031
x 0 33032
p 0 218 33032
x 0 33033
p 0 245 33033
x 0 33034
p 0 217 33034
x 0 33035
p 0 349 33035
x 0 33036
p 0 219 33036
x 0 33037
p 0 219 33037
x 0 33038
p 0 217 33038
x 0 33039
p 0 220 33039
x 0 33040
p 0 214 33040
x 0 33041
p 0 216 33041
x 0 33042
p 0 204 33042
x 0 33043
p 0 214 33043
x 0 33044
p 0 214 33044
x 0 33045
p 0 213 33045
x 0 33046
p 0 214 33046
x 0 33047
p 0 155 33047
x 0 33048
p 0 209 33048
x 0 33049
p 0 221 33049
x 0 33050
p 0 220 33050
x 0 33051
p 0 222 33051
x 0 33052
p 0 223 33052
x 0 33053
p 0 222 33053
x 0 33054
p 0 221 33054
x 0 33055
p 0 223 33055
x 0 33056
p 0 222 33056
x 0 33057
p 0 226 33057
x 0 33058
p 0 261 33058
x 0 33059
p 0 229 33059
x 0 33060
p 0 279 33060
x 0 33000
h 0 10.0.0.2
p 0 23458 33000
x 1 33001
h 1 10.0.0.2
p 1 1208 33001
x 0 33002
p 0 214 33002
x 0 33003
p 0 169 33003
x 0 33004
p 0 169 33004
x 0 33005
p 0 214 33005
x 0 33006
p 0 213 33006
x 0 33007
p 0 205 33007
x 0 33008
p 0 209 33008
x 0 33009
p 0 209 33009
x 0 33010
p 0 209 33010
x 0 33011
p 0 208 33011
x 0 33012
p 0 213 33012
x 0 33013
p 0 212 33013
x 0 33014
p 0 213 33014
x 0 33015
p 0 207 33015
x 0 33016
p 0 207 33016
x 0 33017
p 0 209 33017
x 0 33018
p 0 212 33018
x 0 33019
p 0 213 33019
x 0 33020
p 0 210 33020
x 0 33021
p 0 212 33021
x 0 33022
p 0 213 33022
x 0 33023
p 0 213 33023
x 0 33024
p 0 212 33024
x 0 33025
p 0 212 33025
x 0 33026
p 0 212 33026
x 0 33027
p 0 253 33027
x 0 33028
p 0 214 33028
x 0 33029
p 0 211 33029
x 0 33030
p 0 214 33030
x 0 33031
p 0 210 33031
x 0 33032
p 0 213 33032
x 0 33033
p 0 215 33033
x 0 33034
p 0 242 33034
x 0 33035
p 0 240 33035
x 0 33036
p 0 212 33036
x 0 33037
p 0 279 33037
x 0 33038
p 0 217 33038
x 0 33039
p 0 215 33039
x 0 33040
p 0 215 33040
x 0 33041
p 0 214 33041
x 0 33042
p 0 220 33042
x 0 33043
p 0 215 33043
x 0 33044
p 0 218 33044
x 0 33045
p 0 213 33045
x 0 33046
p 0 211 33046
x 0 33047
p 0 214 33047
x 0 33048
p 0 251 33048
x 0 33049
p 0 219 33049
x 0 33050
p 0 251 33050
x 0 33051
p 0 214 33051
x 0 33052
p 0 218 33052
x 0 33053
p 0 222 33053
x 0 33054
p 0 230 33054
x 0 33055
p 0 234 33055
x 0 33056
p 0 221 33056
x 0 33057
p 0 243 33057
x 0 33058
p 0 239 33058
x 0 33059
p 0 237 33059
x 0 33060
p 0 233 33060
x 0 33000
h 0 10.0.0.2
p 0 26951 33000
x 1 33001
h 1 10.0.0.2
p 1 1142 33001
x 0 33002
p 0 247 33002
x 0 33003
p 0 259 33003
x 0 33004
p 0 194 33004
x 0 33005
p 0 191 33005
x 0 33006
p 0 218 33006
x 0 33007
p 0 258 33007
x 0 33008
p 0 180 33008
x 0 33009
p 0 178 33009
x 0 33010
p 0 178 33010
x 0 33011
p 0 212 33011
x 0 33012
p 0 146 33012
x 0 33013
p 0 177 33013
x 0 33014
p 0 171 33014
x 0 33015
p 0 212 33015
x 0 33016
p 0 210 33016
x 0 33017
p 0 176 33017
x 0 33018
p 0 209 33018
x 0 33019
p 0 210 33019
x 0 33020
p 0 262 33020
x 0 33021
p 0 184 33021
x 0 33022
p 0 189 33022
x 0 33023
p 0 212 33023
x 0 33024
p 0 209 33024
x 0 33025
p 0 205 33025
x 0 33026
p 0 211 33026
x 0 33027
p 0 244 33027
x 0 33028
p 0 212 33028
x 0 33029
p 0 177 33029
x 0 33030
p 0 239 33030
x 0 33031
p 0 213 33031
x 0 33032
p 0 210 33032
x 0 33033
p 0 179 33033
x 0 33034
p 0 208 33034
x 0 33035
p 0 212 33035
x 0 33036
p 0 217 33036
x 0 33037
p 0 212 33037
x 0 33038
p 0 212 33038
x 0 33039
p 0 213 33039
x 0 33040
p 0 213 33040
x 0 33041
p 0 213 33041
x 0 33042
p 0 208 33042
x 0 33043
p 0 212 33043
x 0 33044
p 0 212 33044
x 0 33045
p 0 211 33045
x 0 33046
p 0 217 33046
x 0 33047
p 0 386 33047
x 0 33048
p 0 245 33048
x 0 33049
p 0 226 33049
x 0 33050
p 0 278 33050
x 0 33051
p 0 318 33051
x 0 33052
p 0 340 33052
x 0 33053
p 0 219 33053
x 0 33054
p 0 223 33054
x 0 33055
p 0 228 33055
x 0 33056
p 0 266 33056
x 0 33057
p 0 236 33057
x 0 33058
p 0 291 33058
x 0 33059
p 0 226 33059
x 0 33060
p 0 232 33060
x 0 33000
h 0 10.0.0.2
p 0 23048 33000
x 1 33001
h 1 10.0.0.2
p 1 1061 33001
x 0 33002
p 0 252 33002
x 0 33003
p 0 219 33003
x 0 33004
p 0 215 33004
x 0 33005
p 0 216 33005
x 0 33006
p 0 215 33006
x 0 33007
p 0 213 33007
x 0 33008
p 0 212 33008
x 0 33009
p 0 214 33009
x 0 33010
p 0 213 33010
x 0 33011
p 0 87 33011
x 0 33012
p 0 217 33012
x 0 33013
p 0 216 33013
x 0 33014
p 0 296 33014
x 0 33015
p 0 216 33015
x 0 33016
p 0 246 33016
x 0 33017
p 0 243 33017
x 0 33018
p 0 216 33018
x 0 33019
p 0 256 33019
x 0 33020
p 0 215 33020
x 0 33021
p 0 244 33021
x 0 33022
p 0 215 33022
x 0 33023
p 0 251 33023
x 0 33024
p 0 216 33024
x 0 33025
p 0 215 33025
x 0 33026
p 0 218 33026
x 0 33027
p 0 247 33027
x 0 33028
p 0 220 33028
x 0 33029
p 0 224 33029
x 0 33030
p 0 310 33030
x 0 33031
p 0 222 33031
x 0 33032
p 0 219 33032
x 0 33033
p 0 220 33033
x 0 33034
p 0 216 33034
x 0 33035
p 0 217 33035
x 0 33036
p 0 220 33036
x 0 33037
p 0 268 33037
x 0 33038
p 0 224 33038
x 0 33039
p 0 220 33039
x 0 33040
p 0 217 33040
x 0 33041
p 0 220 33041
x 0 33042
p 0 211 33042
x 0 33043
p 0 124 33043
x 0 33044
p 0 258 33044
x 0 33045
p 0 355 33045
x 0 33046
p 0 219 33046
x 0 33047
p 0 260 33047
x 0 33048
p 0 336 33048
x 0 33049
p 0 254 33049
x 0 33050
p 0 249 33050
x 0 33051
p 0 207 33051
x 0 33052
p 0 254 33052
x 0 33053
p 0 351 33053
x 0 33054
p 0 416 33054
x 0 33055
p 0 266 33055
x 0 33056
p 0 220 33056
x 0 33057
p 0 254 33057
x 0 33058
p 0 279 33058
x 0 33059
p 0 259 33059
x 0 33060
p 0 328 33060
x 0 33000
h 0 10.0.0.2
p 0 27378 33000
x 1 33001
h 1 10.0.0.2
p 1 1344 33001
x 0 33002
p 0 263 33002
x 0 33003
p 0 217 33003
x 0 33004
p 0 218 33004
x 0 33005
p 0 216 33005
x 0 33006
p 0 197 33006
x 0 33007
p 0 175 33007
x 0 33008
p 0 211 33008
x 0 33009
p 0 209 33009
x 0 33010
p 0 209 33010
x 0 33011
p 0 208 33011
x 0 33012
p 0 211 33012
x 0 33013
p 0 209 33013
x 0 33014
p 0 209 33014
x 0 33015
p 0 176 33015
x 0 33016
p 0 211 33016
x 0 33017
p 0 212 33017
x 0 33018
p 0 209 33018
x 0 33019
p 0 179 33019
x 0 33020
p 0 209 33020
x 0 33021
p 0 211 33021
x 0 33022
p 0 208 33022
x 0 33023
p 0 174 33023
x 0 33024
p 0 213 33024
x 0 33025
p 0 211 33025
x 0 33026
p 0 213 33026
x 0 33027
p 0 181 33027
x 0 33028
p 0 215 33028
x 0 33029
p 0 219 33029
x 0 33030
p 0 212 33030
x 0 33031
p 0 181 33031
x 0 33032
p 0 210 33032
x 0 33033
p 0 213 33033
x 0 33034
p 0 210 33034
x 0 33035
p 0 178 33035
x 0 33036
p 0 210 33036
x 0 33037
p 0 212 33037
x 0 33038
p 0 150 33038
x 0 33039
p 0 210 33039
x 0 33040
p 0 180 33040
x 0 33041
p 0 213 33041
x 0 33042
p 0 212 33042
x 0 33043
p 0 190 33043
x 0 33044
p 0 214 33044
x 0 33045
p 0 213 33045
x 0 33046
p 0 215 33046
x 0 33047
p 0 211 33047
x 0 33048
p 0 212 33048
x 0 33049
p 0 213 33049
x 0 33050
p 0 212 33050
x 0 33051
p 0 116 33051
x 0 33052
p 0 211 33052
x 0 33053
p 0 221 33053
x 0 33054
p 0 214 33054
x 0 33055
p 0 214 33055
x 0 33056
p 0 190 33056
x 0 33057
p 0 99 33057
x 0 33058
p 0 220 33058
x 0 33059
p 0 99 33059
x 0 33060
p 0 246 33060
x 0 33000
h 0 10.0.0.2
p 0 24519 33000
x 1 33001
h 1 10.0.0.2
p 1 1184 33001
x 0 33002
p 0 180 33002
x 0 33003
p 0 222 33003
x 0 33004
p 0 215 33004
x 0 33005
p 0 214 33005
x 0 33006
p 0 215 33006
x 0 33007
p 0 212 33007
x 0 33008
p 0 226 33008
x 0 33009
p 0 213 33009
x 0 33010
p 0 211 33010
x 0 33011
p 0 211 33011
x 0 33012
p 0 210 33012
x 0 33013
p 0 212 33013
x 0 33014
p 0 214 33014
x 0 33015
p 0 213 33015
x 0 33016
p 0 211 33016
x 0 33017
p 0 212 33017
x 0 33018
p 0 210 33018
x 0 33019
p 0 212 33019
x 0 33020
p 0 213 33020
x 0 33021
p 0 219 33021
x 0 33022
p 0 215 33022
x 0 33023
p 0 216 33023
x 0 33024
p 0 219 33024
x 0 33025
p 0 219 33025
x 0 33026
p 0 220 33026
x 0 33027
p 0 217 33027
x 0 33028
p 0 220 33028
x 0 33029
p 0 217 33029
x 0 33030
p 0 221 33030
x 0 33031
p 0 218 33031
x 0 33032
p 0 216 33032
x 0 33033
p 0 212 33033
x 0 33034
p 0 215 33034
x 0 33035
p 0 319 33035
x 0 33036
p 0 256 33036
x 0 33037
p 0 256 33037
x 0 33038
p 0 179 33038
x 0 33039
p 0 181 33039
x 0 33040
p 0 177 33040
x 0 33041
p 0 174 33041
x 0 33042
p 0 176 33042
x 0 33043
p 0 175 33043
x 0 33044
p 0 173 33044
x 0 33045
p 0 229 33045
x 0 33046
p 0 222 33046
x 0 33047
p 0 171 33047
x 0 33048
p 0 178 33048
x 0 33049
p 0 182 33049
x 0 33050
p 0 192 33050
x 0 33051
p 0 182 33051
x 0 33052
p 0 212 33052
x 0 33053
p 0 305 33053
x 0 33054
p 0 178 33054
x 0 33055
p 0 187 33055
x 0 33056
p 0 189 33056
x 0 33057
p 0 191 33057
x 0 33058
p 0 180 33058
x 0 33059
p 0 183 33059
x 0 33060
p 0 233 33060
x 0 33000
h 0 10.0.0.2
p 0 24227 33000
x 1 33001
h 1 10.0.0.2
p 1 1237 33001
x 0 33002
p 0 258 33002
x 0 33003
p 0 263 33003
x 0 33004
p 0 228 33004
x 0 33005
p 0 219 33005
x 0 33006
p 0 223 33006
x 0 33007
p 0 350 33007
x 0 33008
p 0 249 33008
x 0 33009
p 0 223 33009
x 0 33010
p 0 227 33010
x 0 33011
p 0 224 33011
x 0 33012
p 0 257 33012
x 0 33013
p 0 222 33013
x 0 33014
p 0 223 33014
x 0 33015
p 0 222 33015
x 0 33016
p 0 253 33016
x 0 33017
p 0 223 33017
x 0 33018
p 0 244 33018
x 0 33019
p 0 226 33019
x 0 33020
p 0 228 33020
x 0 33021
p 0 237 33021
x 0 33022
p 0 232 33022
x 0 33023
p 0 237 33023
x 0 33024
p 0 234 33024
x 0 33025
p 0 234 33025
x 0 33026
p 0 287 33026
x 0 33027
p 0 263 33027
x 0 33028
p 0 230 33028
x 0 33029
p 0 322 33029
x 0 33030
p 0 232 33030
x 0 33031
p 0 256 33031
x 0 33032
p 0 224 33032
x 0 33033
p 0 260 33033
x 0 33034
p 0 221 33034
x 0 33035
p 0 223 33035
x 0 33036
p 0 225 33036
x 0 33037
p 0 226 33037
x 0 33038
p 0 247 33038
x 0 33039
p 0 225 33039
x 0 33040
p 0 283 33040
x 0 33041
p 0 227 33041
x 0 33042
p 0 249 33042
x 0 33043
p 0 227 33043
x 0 33044
p 0 220 33044
x 0 33045
p 0 225 33045
x 0 33046
p 0 258 33046
x 0 33047
p 0 225 33047
x 0 33048
p 0 265 33048
x 0 33049
p 0 222 33049
x 0 33050
p 0 222 33050
x 0 33051
p 0 258 33051
x 0 33052
p 0 226 33052
x 0 33053
p 0 281 33053
x 0 33054
p 0 269 33054
x 0 33055
p 0 104 33055
x 0 33056
p 0 226 33056
x 0 33057
p 0 228 33057
x 0 33058
p 0 219 33058
x 0 33059
p 0 227 33059
x 0 33060
p 0 227 33060
