Connecting to host 10.0.0.13, port 80
[  5] local 10.0.0.10 port 34228 connected to 10.0.0.13 port 80
Connecting to host 10.0.0.13, port 80
[  5] local 10.0.0.10 port 34238 connected to 10.0.0.13 port 80
[ ID] Interval           Transfer     Bitrate         Retr  Cwnd
[  5]   0.00-1.00   sec  13.8 MBytes   116 Mbits/sec    0    584 KBytes       
[  5]   1.00-2.00   sec  98.7 MBytes   828 Mbits/sec    0   5.13 MBytes       
[  5]   2.00-3.01   sec  77.5 MBytes   646 Mbits/sec    0   8.35 MBytes       
[  5]   3.01-4.00   sec  65.0 MBytes   548 Mbits/sec    0   8.35 MBytes       
[  5]   4.00-5.00   sec  68.8 MBytes   576 Mbits/sec    0   8.35 MBytes       
[  5]   5.00-6.00   sec  50.0 MBytes   420 Mbits/sec   32   8.35 MBytes       
[  5]   6.00-7.00   sec  21.2 MBytes   178 Mbits/sec    0   8.35 MBytes       
[  5]   7.00-8.00   sec  93.8 MBytes   787 Mbits/sec    0   8.35 MBytes       
[  5]   8.00-9.00   sec  53.8 MBytes   450 Mbits/sec    0   8.35 MBytes       
[  5]   9.00-10.00  sec  32.5 MBytes   273 Mbits/sec   15   8.35 MBytes       
- - - - - - - - - - - - - - - - - - - - - - - - -
[ ID] Interval           Transfer     Bitrate         Retr
[  5]   0.00-10.00  sec   575 MBytes   482 Mbits/sec   47             sender
[  5]   0.00-10.08  sec   572 MBytes   476 Mbits/sec                  receiver

iperf Done.
Connecting to host 10.0.0.13, port 80
[  5] local 10.0.0.10 port 34248 connected to 10.0.0.13 port 80
[ ID] Interval           Transfer     Bitrate         Retr  Cwnd
[  5]   0.00-1.00   sec  75.8 MBytes   635 Mbits/sec    2   4.28 MBytes       
[  5]   1.00-2.00   sec  52.5 MBytes   441 Mbits/sec    0   4.29 MBytes       
[  5]   2.00-3.00   sec  51.2 MBytes   430 Mbits/sec    0   4.30 MBytes       
[  5]   3.00-4.00   sec  98.8 MBytes   828 Mbits/sec    0   4.31 MBytes       
[  5]   4.00-5.00   sec  86.2 MBytes   723 Mbits/sec    0   4.33 MBytes       
[  5]   5.00-6.00   sec  88.8 MBytes   745 Mbits/sec    0   4.35 MBytes       
[  5]   6.00-7.00   sec  58.8 MBytes   493 Mbits/sec    0   4.40 MBytes       
[  5]   7.00-8.00   sec   100 MBytes   839 Mbits/sec    0   4.47 MBytes       
[  5]   8.00-9.00   sec  65.0 MBytes   544 Mbits/sec    0   4.55 MBytes       
[  5]   9.00-10.00  sec  98.8 MBytes   830 Mbits/sec   17   4.57 MBytes       
- - - - - - - - - - - - - - - - - - - - - - - - -
[ ID] Interval           Transfer     Bitrate         Retr
[  5]   0.00-10.00  sec   776 MBytes   651 Mbits/sec   19             sender
[  5]   0.00-10.04  sec   769 MBytes   642 Mbits/sec                  receiver

iperf Done.
Connecting to host 10.0.0.13, port 80
[  5] local 10.0.0.10 port 34254 connected to 10.0.0.13 port 80
[ ID] Interval           Transfer     Bitrate         Retr  Cwnd
[  5]   0.00-1.00   sec  86.8 MBytes   725 Mbits/sec    0   5.01 MBytes       
[  5]   1.00-2.00   sec  38.8 MBytes   326 Mbits/sec    0   6.97 MBytes       
[  5]   2.00-3.00   sec  67.5 MBytes   566 Mbits/sec    5   7.94 MBytes       
[  5]   3.00-4.00   sec  52.5 MBytes   439 Mbits/sec    8   8.35 MBytes       
[  5]   4.00-5.00   sec  72.5 MBytes   610 Mbits/sec    0   8.35 MBytes       
[  5]   5.00-6.02   sec  61.2 MBytes   503 Mbits/sec    0   8.35 MBytes       
[  5]   6.02-7.00   sec  33.8 MBytes   289 Mbits/sec    0   8.35 MBytes       
[  5]   7.00-8.01   sec  47.5 MBytes   394 Mbits/sec    0   8.35 MBytes       
[  5]   8.01-9.02   sec  81.2 MBytes   678 Mbits/sec    0   8.35 MBytes       
[  5]   9.02-10.02  sec  70.0 MBytes   584 Mbits/sec    0   8.35 MBytes       
- - - - - - - - - - - - - - - - - - - - - - - - -
[ ID] Interval           Transfer     Bitrate         Retr
[  5]   0.00-10.02  sec   612 MBytes   512 Mbits/sec   13             sender
[  5]   0.00-10.13  sec   608 MBytes   504 Mbits/sec                  receiver

iperf Done.
Connecting to host 10.0.0.13, port 80
[  5] local 10.0.0.10 port 34260 connected to 10.0.0.13 port 80
[ ID] Interval           Transfer     Bitrate         Retr  Cwnd
[  5]   0.00-1.00   sec  91.4 MBytes   764 Mbits/sec    0   4.88 MBytes       
[  5]   1.00-2.01   sec  48.8 MBytes   405 Mbits/sec    9   6.36 MBytes       
[  5]   2.01-3.00   sec  41.2 MBytes   350 Mbits/sec    0   6.37 MBytes       
[  5]   3.00-4.00   sec  55.0 MBytes   462 Mbits/sec    0   6.37 MBytes       
[  5]   4.00-5.00   sec  70.0 MBytes   587 Mbits/sec    0   6.38 MBytes       
[  5]   5.00-6.00   sec  60.0 MBytes   504 Mbits/sec    0   6.40 MBytes       
[  5]   6.00-7.00   sec  70.0 MBytes   587 Mbits/sec    0   6.43 MBytes       
[  5]   7.00-8.00   sec  82.5 MBytes   692 Mbits/sec    0   6.49 MBytes       
[  5]   8.00-9.00   sec  47.5 MBytes   398 Mbits/sec    0   6.38 MBytes       
[  5]   9.00-10.00  sec  86.2 MBytes   723 Mbits/sec    0   6.61 MBytes       
- - - - - - - - - - - - - - - - - - - - - - - - -
[ ID] Interval           Transfer     Bitrate         Retr
[  5]   0.00-10.00  sec   653 MBytes   547 Mbits/sec    9             sender
[  5]   0.00-10.14  sec   648 MBytes   536 Mbits/sec                  receiver

iperf Done.
Connecting to host 10.0.0.13, port 80
[  5] local 10.0.0.10 port 34270 connected to 10.0.0.13 port 80
[ ID] Interval           Transfer     Bitrate         Retr  Cwnd
[  5]   0.00-1.00   sec  5.90 MBytes  49.4 Mbits/sec    5    134 KBytes       
[  5]   1.00-2.00   sec  9.20 MBytes  77.0 Mbits/sec    0    177 KBytes       
[  5]   2.00-3.03   sec  8.20 MBytes  67.2 Mbits/sec    0    211 KBytes       
[  5]   3.03-4.00   sec  16.2 MBytes   140 Mbits/sec    0    260 KBytes       
[  5]   4.00-5.00   sec  17.6 MBytes   148 Mbits/sec    0    310 KBytes       
[  5]   5.00-6.00   sec  21.2 MBytes   178 Mbits/sec    0    358 KBytes       
[  5]   6.00-7.00   sec  19.5 MBytes   163 Mbits/sec    0    397 KBytes       
[  5]   7.00-8.00   sec  29.3 MBytes   245 Mbits/sec    0    450 KBytes       
[  5]   8.00-9.00   sec  38.7 MBytes   325 Mbits/sec    0    510 KBytes       
[  5]   9.00-10.00  sec  34.9 MBytes   293 Mbits/sec    0    621 KBytes       
- - - - - - - - - - - - - - - - - - - - - - - - -
[ ID] Interval           Transfer     Bitrate         Retr
[  5]   0.00-10.00  sec   201 MBytes   168 Mbits/sec    5             sender
[  5]   0.00-10.01  sec   198 MBytes   166 Mbits/sec                  receiver

iperf Done.
Connecting to host 10.0.0.13, port 80
[  5] local 10.0.0.10 port 34276 connected to 10.0.0.13 port 80
[ ID] Interval           Transfer     Bitrate         Retr  Cwnd
[  5]   0.00-1.01   sec  6.64 MBytes  55.0 Mbits/sec    2    141 KBytes       
[  5]   1.01-2.00   sec  10.7 MBytes  90.9 Mbits/sec    0    189 KBytes       
[  5]   2.00-3.00   sec  8.39 MBytes  70.4 Mbits/sec    0    221 KBytes       
[  5]   3.00-4.00   sec  16.2 MBytes   135 Mbits/sec    0    270 KBytes       
[  5]   4.00-5.00   sec  28.2 MBytes   235 Mbits/sec    0    339 KBytes       
[  5]   5.00-6.00   sec  28.5 MBytes   240 Mbits/sec    0    399 KBytes       
[  5]   6.00-7.00   sec  40.4 MBytes   339 Mbits/sec    0    471 KBytes       
[  5]   7.00-8.00   sec  46.9 MBytes   393 Mbits/sec    0    542 KBytes       
[  5]   8.00-9.01   sec  30.7 MBytes   257 Mbits/sec    2    584 KBytes       
[  5]   9.01-10.00  sec  39.1 MBytes   330 Mbits/sec    0    631 KBytes       
- - - - - - - - - - - - - - - - - - - - - - - - -
[ ID] Interval           Transfer     Bitrate         Retr
[  5]   0.00-10.00  sec   256 MBytes   214 Mbits/sec    4             sender
[  5]   0.00-10.01  sec   253 MBytes   212 Mbits/sec                  receiver

iperf Done.
Connecting to host 10.0.0.13, port 80
[  5] local 10.0.0.10 port 34282 connected to 10.0.0.13 port 80
[ ID] Interval           Transfer     Bitrate         Retr  Cwnd
[  5]   0.00-1.00   sec   109 MBytes   916 Mbits/sec    0   5.77 MBytes       
[  5]   1.00-2.00   sec  51.2 MBytes   430 Mbits/sec    1   8.02 MBytes       
[  5]   2.00-3.00   sec  47.5 MBytes   398 Mbits/sec    5   8.02 MBytes       
[  5]   3.00-4.00   sec  46.2 MBytes   387 Mbits/sec    0   8.02 MBytes       
[  5]   4.00-5.00   sec  46.2 MBytes   388 Mbits/sec    0   8.02 MBytes       
[  5]   5.00-6.00   sec  91.2 MBytes   767 Mbits/sec    0   8.02 MBytes       
[  5]   6.00-7.00   sec  57.5 MBytes   483 Mbits/sec    0   8.02 MBytes       
[  5]   7.00-8.00   sec  88.8 MBytes   744 Mbits/sec    0   8.02 MBytes       
[  5]   8.00-9.00   sec  37.5 MBytes   315 Mbits/sec    0   8.02 MBytes       
[  5]   9.00-10.00  sec  47.5 MBytes   398 Mbits/sec   32   8.02 MBytes       
- - - - - - - - - - - - - - - - - - - - - - - - -
[ ID] Interval           Transfer     Bitrate         Retr
[  5]   0.00-10.00  sec   623 MBytes   522 Mbits/sec   38             sender
[  5]   0.00-10.20  sec   620 MBytes   510 Mbits/sec                  receiver

iperf Done.
Connecting to host 10.0.0.13, port 80
[  5] local 10.0.0.10 port 34296 connected to 10.0.0.13 port 80
[ ID] Interval           Transfer     Bitrate         Retr  Cwnd
[  5]   0.00-1.00   sec  25.5 MBytes   214 Mbits/sec    0   1.10 MBytes       
[  5]   1.00-2.00   sec  98.8 MBytes   828 Mbits/sec    0   5.69 MBytes       
[  5]   2.00-3.00   sec  35.0 MBytes   294 Mbits/sec    0   7.47 MBytes       
[  5]   3.00-4.00   sec  52.5 MBytes   440 Mbits/sec    0   8.35 MBytes       
[  5]   4.00-5.00   sec  73.8 MBytes   620 Mbits/sec    0   8.35 MBytes       
[  5]   5.00-6.00   sec  32.5 MBytes   271 Mbits/sec    0   8.35 MBytes       
[  5]   6.00-7.01   sec  52.5 MBytes   440 Mbits/sec    0   8.35 MBytes       
[  5]   7.01-8.00   sec  18.8 MBytes   158 Mbits/sec   61   8.35 MBytes       
[  5]   8.00-9.00   sec  51.2 MBytes   429 Mbits/sec    0   8.35 MBytes       
[  5]   9.00-10.00  sec  62.5 MBytes   525 Mbits/sec    0   8.35 MBytes       
- - - - - - - - - - - - - - - - - - - - - - - - -
[ ID] Interval           Transfer     Bitrate         Retr
[  5]   0.00-10.00  sec   503 MBytes   422 Mbits/sec   61             sender
[  5]   0.00-10.22  sec   501 MBytes   411 Mbits/sec                  receiver

iperf Done.
Connecting to host 10.0.0.13, port 80
[  5] local 10.0.0.10 port 34304 connected to 10.0.0.13 port 80
[ ID] Interval           Transfer     Bitrate         Retr  Cwnd
[  5]   0.00-1.00   sec  27.8 MBytes   233 Mbits/sec    4    700 KBytes       
[  5]   1.00-2.00   sec  55.0 MBytes   461 Mbits/sec    0    758 KBytes       
[  5]   2.00-3.00   sec  26.2 MBytes   220 Mbits/sec    0    783 KBytes       
[  5]   3.00-4.00   sec  48.8 MBytes   409 Mbits/sec    0    830 KBytes       
[  5]   4.00-5.00   sec  61.2 MBytes   514 Mbits/sec    0    885 KBytes       
[  5]   5.00-6.00   sec  92.5 MBytes   776 Mbits/sec    0    963 KBytes       
[  5]   6.00-7.00   sec  90.0 MBytes   755 Mbits/sec    0   1.01 MBytes       
[  5]   7.00-8.00   sec  78.8 MBytes   661 Mbits/sec    0   1.06 MBytes       
[  5]   8.00-9.00   sec  65.0 MBytes   545 Mbits/sec    0   1.11 MBytes       
[  5]   9.00-10.00  sec  42.5 MBytes   357 Mbits/sec    0   1.18 MBytes       
- - - - - - - - - - - - - - - - - - - - - - - - -
[ ID] Interval           Transfer     Bitrate         Retr
[  5]   0.00-10.00  sec   588 MBytes   493 Mbits/sec    4             sender
[  5]   0.00-10.01  sec   583 MBytes   489 Mbits/sec                  receiver

iperf Done.
Connecting to host 10.0.0.13, port 80
[  5] local 10.0.0.10 port 34312 connected to 10.0.0.13 port 80
[ ID] Interval           Transfer     Bitrate         Retr  Cwnd
[  5]   0.00-1.00   sec  98.5 MBytes   826 Mbits/sec    0   5.07 MBytes       
[  5]   1.00-2.00   sec  62.5 MBytes   524 Mbits/sec    0   8.21 MBytes       
[  5]   2.00-3.00   sec  76.2 MBytes   640 Mbits/sec    0   8.35 MBytes       
[  5]   3.00-4.00   sec  70.0 MBytes   587 Mbits/sec    2   8.35 MBytes       
[  5]   4.00-5.01   sec  52.5 MBytes   438 Mbits/sec    0   8.35 MBytes       
[  5]   5.01-6.00   sec  67.5 MBytes   570 Mbits/sec    0   8.35 MBytes       
[  5]   6.00-7.00   sec  87.5 MBytes   734 Mbits/sec    0   8.35 MBytes       
[  5]   7.00-8.00   sec  35.0 MBytes   293 Mbits/sec    0   8.35 MBytes       
[  5]   8.00-9.00   sec  65.0 MBytes   546 Mbits/sec    0   8.35 MBytes       
[  5]   9.00-10.00  sec  77.5 MBytes   650 Mbits/sec    0   8.35 MBytes       
- - - - - - - - - - - - - - - - - - - - - - - - -
[ ID] Interval           Transfer     Bitrate         Retr
[  5]   0.00-10.00  sec   692 MBytes   581 Mbits/sec    2             sender
[  5]   0.00-10.09  sec   689 MBytes   572 Mbits/sec                  receiver

iperf Done.
Connecting to host 10.0.0.13, port 80
[  5] local 10.0.0.10 port 34320 connected to 10.0.0.13 port 80
[ ID] Interval           Transfer     Bitrate         Retr  Cwnd
[  5]   0.00-1.00   sec  5.03 MBytes  42.2 Mbits/sec    2    105 KBytes       
[  5]   1.00-2.00   sec  9.63 MBytes  80.8 Mbits/sec    0    161 KBytes       
[  5]   2.00-3.00   sec  9.26 MBytes  77.4 Mbits/sec    0    201 KBytes       
[  5]   3.00-4.00   sec  19.1 MBytes   161 Mbits/sec    0    262 KBytes       
[  5]   4.00-5.01   sec  16.0 MBytes   133 Mbits/sec    5    305 KBytes       
[  5]   5.01-6.00   sec  21.3 MBytes   179 Mbits/sec    0    352 KBytes       
[  5]   6.00-7.00   sec  22.4 MBytes   188 Mbits/sec    0    397 KBytes       
[  5]   7.00-8.00   sec  30.7 MBytes   258 Mbits/sec    0    452 KBytes       
[  5]   8.00-9.00   sec  33.4 MBytes   280 Mbits/sec    0    508 KBytes       
[  5]   9.00-10.00  sec  22.6 MBytes   189 Mbits/sec    0    540 KBytes       
- - - - - - - - - - - - - - - - - - - - - - - - -
[ ID] Interval           Transfer     Bitrate         Retr
[  5]   0.00-10.00  sec   189 MBytes   159 Mbits/sec    7             sender
[  5]   0.00-10.03  sec   187 MBytes   157 Mbits/sec                  receiver

iperf Done.
Connecting to host 10.0.0.13, port 80
[  5] local 10.0.0.10 port 34326 connected to 10.0.0.13 port 80
[ ID] Interval           Transfer     Bitrate         Retr  Cwnd
[  5]   0.00-1.00   sec  17.8 MBytes   149 Mbits/sec   12    277 KBytes       
[  5]   1.00-2.00   sec  26.7 MBytes   224 Mbits/sec    0    342 KBytes       
[  5]   2.00-3.00   sec  29.2 MBytes   245 Mbits/sec    0    403 KBytes       
[  5]   3.00-4.00   sec  39.2 MBytes   329 Mbits/sec    0    471 KBytes       
[  5]   4.00-5.00   sec  33.4 MBytes   280 Mbits/sec    0    523 KBytes       
[  5]   5.00-6.00   sec  15.5 MBytes   130 Mbits/sec    0    543 KBytes       
[  5]   6.00-7.00   sec  41.9 MBytes   352 Mbits/sec    0    602 KBytes       
[  5]   7.00-8.00   sec  66.0 MBytes   554 Mbits/sec    0    680 KBytes       
[  5]   8.00-9.00   sec  46.2 MBytes   388 Mbits/sec   14    728 KBytes       
[  5]   9.00-10.00  sec  51.2 MBytes   430 Mbits/sec    0    782 KBytes       
- - - - - - - - - - - - - - - - - - - - - - - - -
[ ID] Interval           Transfer     Bitrate         Retr
[  5]   0.00-10.00  sec   367 MBytes   308 Mbits/sec   26             sender
[  5]   0.00-10.06  sec   364 MBytes   304 Mbits/sec                  receiver

iperf Done.
Connecting to host 10.0.0.13, port 80
[  5] local 10.0.0.10 port 34336 connected to 10.0.0.13 port 80
[ ID] Interval           Transfer     Bitrate         Retr  Cwnd
[  5]   0.00-1.00   sec  4.12 MBytes  34.5 Mbits/sec    2   84.8 KBytes       
[  5]   1.00-2.00   sec  6.03 MBytes  50.6 Mbits/sec    3    127 KBytes       
[  5]   2.00-3.00   sec  10.6 MBytes  88.6 Mbits/sec    0    180 KBytes       
[  5]   3.00-4.00   sec  19.6 MBytes   165 Mbits/sec    0    249 KBytes       
[  5]   4.00-5.00   sec  23.6 MBytes   197 Mbits/sec    0    313 KBytes       
[  5]   5.00-6.00   sec  25.6 MBytes   215 Mbits/sec    0    370 KBytes       
[  5]   6.00-7.00   sec  30.5 MBytes   256 Mbits/sec    0    427 KBytes       
[  5]   7.00-8.00   sec  32.4 MBytes   272 Mbits/sec    0    484 KBytes       
[  5]   8.00-9.00   sec  36.5 MBytes   307 Mbits/sec    0    539 KBytes       
[  5]   9.00-10.00  sec  42.9 MBytes   360 Mbits/sec    0    595 KBytes       
- - - - - - - - - - - - - - - - - - - - - - - - -
[ ID] Interval           Transfer     Bitrate         Retr
[  5]   0.00-10.00  sec   232 MBytes   194 Mbits/sec    5             sender
[  5]   0.00-10.47  sec   228 MBytes   183 Mbits/sec                  receiver

iperf Done.
Connecting to host 10.0.0.13, port 80
[  5] local 10.0.0.10 port 34344 connected to 10.0.0.13 port 80
[ ID] Interval           Transfer     Bitrate         Retr  Cwnd
[  5]   0.00-1.00   sec  21.4 MBytes   180 Mbits/sec    0    957 KBytes       
[  5]   1.00-2.00   sec  87.5 MBytes   734 Mbits/sec    0   4.97 MBytes       
[  5]   2.00-3.00   sec  50.0 MBytes   419 Mbits/sec    0   7.48 MBytes       
[  5]   3.00-4.00   sec  82.5 MBytes   692 Mbits/sec    0   8.36 MBytes       
[  5]   4.00-5.00   sec  65.0 MBytes   545 Mbits/sec    0   8.36 MBytes       
[  5]   5.00-6.00   sec  71.2 MBytes   597 Mbits/sec    0   8.36 MBytes       
[  5]   6.00-7.00   sec  75.0 MBytes   631 Mbits/sec    1   8.36 MBytes       
[  5]   7.00-8.13   sec  41.2 MBytes   306 Mbits/sec    1   8.36 MBytes       
[  5]   8.13-9.00   sec  80.0 MBytes   771 Mbits/sec    0   8.36 MBytes       
[  5]   9.00-10.00  sec  83.8 MBytes   703 Mbits/sec    0   8.36 MBytes       
- - - - - - - - - - - - - - - - - - - - - - - - -
[ ID] Interval           Transfer     Bitrate         Retr
[  5]   0.00-10.00  sec   658 MBytes   552 Mbits/sec    2             sender
[  5]   0.00-10.07  sec   655 MBytes   545 Mbits/sec                  receiver

iperf Done.
Connecting to host 10.0.0.13, port 80
[  5] local 10.0.0.10 port 34352 connected to 10.0.0.13 port 80
[ ID] Interval           Transfer     Bitrate         Retr  Cwnd
[  5]   0.00-1.00   sec  69.0 MBytes   579 Mbits/sec    0   3.04 MBytes       
[  5]   1.00-2.00   sec   106 MBytes   891 Mbits/sec    0   8.31 MBytes       
[  5]   2.00-3.00   sec   106 MBytes   891 Mbits/sec    0   8.35 MBytes       
[  5]   3.00-4.00   sec  53.8 MBytes   451 Mbits/sec    0   8.35 MBytes       
[  5]   4.00-5.00   sec  53.8 MBytes   451 Mbits/sec    0   7.55 MBytes       
[  5]   5.00-6.01   sec  82.5 MBytes   687 Mbits/sec    0   8.35 MBytes       
[  5]   6.01-7.00   sec  41.2 MBytes   348 Mbits/sec    1   8.35 MBytes       
[  5]   7.00-8.00   sec  80.0 MBytes   672 Mbits/sec    0   8.35 MBytes       
[  5]   8.00-9.01   sec  51.2 MBytes   427 Mbits/sec    0   8.35 MBytes       
[  5]   9.01-10.01  sec  77.5 MBytes   647 Mbits/sec    0   8.35 MBytes       
- - - - - - - - - - - - - - - - - - - - - - - - -
[ ID] Interval           Transfer     Bitrate         Retr
[  5]   0.00-10.01  sec   722 MBytes   605 Mbits/sec    1             sender
[  5]   0.00-10.22  sec   719 MBytes   590 Mbits/sec                  receiver

iperf Done.
Connecting to host 10.0.0.13, port 80
[  5] local 10.0.0.10 port 34360 connected to 10.0.0.13 port 80
[ ID] Interval           Transfer     Bitrate         Retr  Cwnd
[  5]   0.00-1.00   sec   102 MBytes   853 Mbits/sec    0   5.46 MBytes       
[  5]   1.00-2.00   sec   102 MBytes   862 Mbits/sec    0   8.35 MBytes       
[  5]   2.00-3.01   sec  72.5 MBytes   605 Mbits/sec    0   8.35 MBytes       
[  5]   3.01-4.00   sec  77.5 MBytes   654 Mbits/sec   32   8.35 MBytes       
[  5]   4.00-5.00   sec  66.2 MBytes   556 Mbits/sec    0   8.35 MBytes       
[  5]   5.00-6.00   sec  47.5 MBytes   398 Mbits/sec    0   8.35 MBytes       
[  5]   6.00-7.00   sec  46.2 MBytes   387 Mbits/sec    0   8.35 MBytes       
[  5]   7.00-8.00   sec  83.8 MBytes   704 Mbits/sec    0   8.35 MBytes       
[  5]   8.00-9.00   sec  50.0 MBytes   418 Mbits/sec    0   8.35 MBytes       
[  5]   9.00-10.00  sec  85.0 MBytes   715 Mbits/sec    0   8.35 MBytes       
- - - - - - - - - - - - - - - - - - - - - - - - -
[ ID] Interval           Transfer     Bitrate         Retr
[  5]   0.00-10.00  sec   733 MBytes   615 Mbits/sec   32             sender
[  5]   0.00-10.09  sec   730 MBytes   607 Mbits/sec                  receiver

iperf Done.
Connecting to host 10.0.0.13, port 80
[  5] local 10.0.0.10 port 34368 connected to 10.0.0.13 port 80
[ ID] Interval           Transfer     Bitrate         Retr  Cwnd
[  5]   0.00-1.00   sec  40.4 MBytes   339 Mbits/sec    0   1.70 MBytes       
[  5]   1.00-2.00   sec  97.5 MBytes   818 Mbits/sec    0   6.38 MBytes       
[  5]   2.00-3.00   sec  41.2 MBytes   346 Mbits/sec    7   6.66 MBytes       
[  5]   3.00-4.00   sec  55.0 MBytes   461 Mbits/sec    0   6.67 MBytes       
[  5]   4.00-5.00   sec  81.2 MBytes   682 Mbits/sec    0   6.68 MBytes       
[  5]   5.00-6.00   sec  88.8 MBytes   745 Mbits/sec    0   6.69 MBytes       
[  5]   6.00-7.00   sec  72.5 MBytes   606 Mbits/sec    0   6.71 MBytes       
[  5]   7.00-8.00   sec  66.2 MBytes   558 Mbits/sec    0   6.76 MBytes       
[  5]   8.00-9.01   sec  82.5 MBytes   684 Mbits/sec    0   6.82 MBytes       
[  5]   9.01-10.00  sec  67.5 MBytes   572 Mbits/sec    0   6.90 MBytes       
- - - - - - - - - - - - - - - - - - - - - - - - -
[ ID] Interval           Transfer     Bitrate         Retr
[  5]   0.00-10.00  sec   693 MBytes   581 Mbits/sec    7             sender
[  5]   0.00-10.22  sec   689 MBytes   565 Mbits/sec                  receiver

iperf Done.
Connecting to host 10.0.0.13, port 80
[  5] local 10.0.0.10 port 34374 connected to 10.0.0.13 port 80
[ ID] Interval           Transfer     Bitrate         Retr  Cwnd
[  5]   0.00-1.00   sec  7.52 MBytes  63.0 Mbits/sec    2    157 KBytes       
[  5]   1.00-2.01   sec  12.7 MBytes   106 Mbits/sec    0    211 KBytes       
[  5]   2.01-3.00   sec  15.1 MBytes   127 Mbits/sec    0    260 KBytes       
[  5]   3.00-4.00   sec  16.5 MBytes   138 Mbits/sec    0    304 KBytes       
[  5]   4.00-5.00   sec  19.1 MBytes   160 Mbits/sec    0    349 KBytes       
[  5]   5.00-6.00   sec  15.2 MBytes   127 Mbits/sec    0    380 KBytes       
[  5]   6.00-7.00   sec  32.3 MBytes   272 Mbits/sec    0    441 KBytes       
[  5]   7.00-8.00   sec  33.6 MBytes   282 Mbits/sec    0    495 KBytes       
[  5]   8.00-9.00   sec  36.6 MBytes   307 Mbits/sec    0    549 KBytes       
[  5]   9.00-10.00  sec  46.0 MBytes   386 Mbits/sec   21    608 KBytes       
- - - - - - - - - - - - - - - - - - - - - - - - -
[ ID] Interval           Transfer     Bitrate         Retr
[  5]   0.00-10.00  sec   235 MBytes   197 Mbits/sec   23             sender
[  5]   0.00-10.01  sec   232 MBytes   194 Mbits/sec                  receiver

iperf Done.
Connecting to host 10.0.0.13, port 80
[  5] local 10.0.0.10 port 34380 connected to 10.0.0.13 port 80
[ ID] Interval           Transfer     Bitrate         Retr  Cwnd
[  5]   0.00-1.00   sec   105 MBytes   881 Mbits/sec    0   6.27 MBytes       
[  5]   1.00-2.00   sec  91.2 MBytes   765 Mbits/sec    0   8.35 MBytes       
[  5]   2.00-3.31   sec  47.5 MBytes   304 Mbits/sec    2   8.35 MBytes       
[  5]   3.31-4.00   sec  63.8 MBytes   775 Mbits/sec    0   8.35 MBytes       
[  5]   4.00-5.00   sec  30.0 MBytes   252 Mbits/sec    1   8.35 MBytes       
[  5]   5.00-6.00   sec  42.5 MBytes   357 Mbits/sec    0   8.35 MBytes       
[  5]   6.00-7.00   sec  80.0 MBytes   671 Mbits/sec    0   8.35 MBytes       
[  5]   7.00-8.00   sec  83.8 MBytes   703 Mbits/sec    0   8.35 MBytes       
[  5]   8.00-9.00   sec  56.2 MBytes   472 Mbits/sec    0   8.35 MBytes       
[  5]   9.00-10.00  sec  40.0 MBytes   335 Mbits/sec    0   8.35 MBytes       
- - - - - - - - - - - - - - - - - - - - - - - - -
[ ID] Interval           Transfer     Bitrate         Retr
[  5]   0.00-10.00  sec   640 MBytes   537 Mbits/sec    3             sender
[  5]   0.00-10.29  sec   637 MBytes   519 Mbits/sec                  receiver

iperf Done.
