x 0 33000
x 1 33001
x 2 33002
h 0 10.0.0.7
p 0 212907 33000
h 1 10.0.0.7
p 1 114178 33001
h 2 10.0.0.7
p 2 32898 33002
x 3 33003
h 3 10.0.0.7
p 3 705 33003
x 0 33004
p 0 146 33004
x 0 33005
p 0 205 33005
x 0 33006
p 0 210 33006
x 0 33007
p 0 323 33007
x 0 33008
p 0 212 33008
x 0 33009
p 0 207 33009
x 0 33010
p 0 210 33010
x 0 33011
p 0 208 33011
x 0 33012
p 0 204 33012
x 0 33013
p 0 190 33013
x 0 33014
p 0 202 33014
x 0 33015
p 0 194 33015
x 0 33016
p 0 196 33016
x 0 33017
p 0 206 33017
x 0 33018
p 0 202 33018
x 0 33019
p 0 206 33019
x 0 33020
p 0 199 33020
x 0 33021
p 0 222 33021
x 0 33022
p 0 98 33022
x 0 33023
p 0 212 33023
x 0 33024
p 0 127 33024
x 0 33025
p 0 196 33025
x 0 33026
p 0 206 33026
x 0 33027
p 0 207 33027
x 0 33028
p 0 205 33028
x 0 33029
p 0 202 33029
x 0 33030
p 0 196 33030
x 0 33031
p 0 203 33031
x 0 33032
p 0 211 33032
x 0 33033
p 0 208 33033
x 0 33034
p 0 197 33034
x 0 33035
p 0 201 33035
x 0 33036
p 0 204 33036
x 0 33037
p 0 201 33037
x 0 33038
p 0 209 33038
x 0 33039
p 0 194 33039
x 0 33040
p 0 196 33040
x 0 33041
p 0 198 33041
x 0 33042
p 0 198 33042
x 0 33043
p 0 202 33043
x 0 33044
p 0 202 33044
x 0 33045
p 0 193 33045
x 0 33046
p 0 194 33046
x 0 33047
p 0 202 33047
x 0 33048
p 0 202 33048
x 0 33049
p 0 198 33049
x 0 33050
p 0 200 33050
x 0 33051
p 0 204 33051
x 0 33052
p 0 223 33052
x 0 33053
p 0 226 33053
x 0 33054
p 0 227 33054
x 0 33055
p 0 225 33055
x 0 33056
p 0 221 33056
x 0 33057
p 0 79 33057
x 0 33058
p 0 217 33058
x 0 33059
p 0 217 33059
x 0 33060
p 0 217 33060
x 0 33061
p 0 215 33061
x 0 33062
p 0 221 33062
x 0 33000
h 0 10.0.0.7
p 0 1505 33000
x 1 33001
h 1 10.0.0.7
p 1 193 33001
x 0 33002
p 0 195 33002
x 0 33003
p 0 214 33003
x 0 33004
p 0 203 33004
x 0 33005
p 0 219 33005
x 0 33006
p 0 215 33006
x 0 33007
p 0 215 33007
x 0 33008
p 0 200 33008
x 0 33009
p 0 203 33009
x 0 33010
p 0 259 33010
x 0 33011
p 0 247 33011
x 0 33012
p 0 225 33012
x 0 33013
p 0 212 33013
x 0 33014
p 0 232 33014
x 0 33015
p 0 224 33015
x 0 33016
p 0 204 33016
x 0 33017
p 0 142 33017
x 0 33018
p 0 203 33018
x 0 33019
p 0 210 33019
x 0 33020
p 0 267 33020
x 0 33021
p 0 242 33021
x 0 33022
p 0 228 33022
x 0 33023
p 0 222 33023
x 0 33024
p 0 200 33024
x 0 33025
p 0 238 33025
x 0 33026
p 0 204 33026
x 0 33027
p 0 233 33027
x 0 33028
p 0 205 33028
x 0 33029
p 0 216 33029
x 0 33030
p 0 266 33030
x 0 33031
p 0 261 33031
x 0 33032
p 0 245 33032
x 0 33033
p 0 199 33033
x 0 33034
p 0 246 33034
x 0 33035
p 0 243 33035
x 0 33036
p 0 164 33036
x 0 33037
p 0 165 33037
x 0 33038
p 0 238 33038
x 0 33039
p 0 163 33039
x 0 33040
p 0 237 33040
x 0 33041
p 0 237 33041
x 0 33042
p 0 230 33042
x 0 33043
p 0 207 33043
x 0 33044
p 0 211 33044
x 0 33045
p 0 335 33045
x 0 33046
p 0 220 33046
x 0 33047
p 0 211 33047
x 0 33048
p 0 197 33048
x 0 33049
p 0 204 33049
x 0 33050
p 0 248 33050
x 0 33051
p 0 239 33051
x 0 33052
p 0 304 33052
x 0 33053
p 0 228 33053
x 0 33054
p 0 202 33054
x 0 33055
p 0 223 33055
x 0 33056
p 0 211 33056
x 0 33057
p 0 205 33057
x 0 33058
p 0 203 33058
x 0 33059
p 0 204 33059
x 0 33060
p 0 238 33060
x 0 33000
h 0 10.0.0.7
p 0 18437 33000
x 1 33001
h 1 10.0.0.7
p 1 508 33001
x 0 33002
p 0 282 33002
x 0 33003
p 0 197 33003
x 0 33004
p 0 169 33004
x 0 33005
p 0 173 33005
x 0 33006
p 0 239 33006
x 0 33007
p 0 208 33007
x 0 33008
p 0 195 33008
x 0 33009
p 0 273 33009
x 0 33010
p 0 200 33010
x 0 33011
p 0 223 33011
x 0 33012
p 0 207 33012
x 0 33013
p 0 194 33013
x 0 33014
p 0 208 33014
x 0 33015
p 0 209 33015
x 0 33016
p 0 239 33016
x 0 33017
p 0 197 33017
x 0 33018
p 0 204 33018
x 0 33019
p 0 212 33019
x 0 33020
p 0 197 33020
x 0 33021
p 0 221 33021
x 0 33022
p 0 262 33022
x 0 33023
p 0 199 33023
x 0 33024
p 0 213 33024
x 0 33025
p 0 199 33025
x 0 33026
p 0 199 33026
x 0 33027
p 0 202 33027
x 0 33028
p 0 201 33028
x 0 33029
p 0 202 33029
x 0 33030
p 0 258 33030
x 0 33031
p 0 205 33031
x 0 33032
p 0 203 33032
x 0 33033
p 0 205 33033
x 0 33034
p 0 203 33034
x 0 33035
p 0 230 33035
x 0 33036
p 0 240 33036
x 0 33037
p 0 367 33037
x 0 33038
p 0 205 33038
x 0 33039
p 0 199 33039
x 0 33040
p 0 207 33040
x 0 33041
p 0 299 33041
x 0 33042
p 0 293 33042
x 0 33043
p 0 257 33043
x 0 33044
p 0 277 33044
x 0 33045
p 0 249 33045
x 0 33046
p 0 288 33046
x 0 33047
p 0 221 33047
x 0 33048
p 0 270 33048
x 0 33049
p 0 378 33049
x 0 33050
p 0 299 33050
x 0 33051
p 0 353 33051
x 0 33052
p 0 269 33052
x 0 33053
p 0 307 33053
x 0 33054
p 0 274 33054
x 0 33055
p 0 268 33055
x 0 33056
p 0 331 33056
x 0 33057
p 0 303 33057
x 0 33058
p 0 327 33058
x 0 33059
p 0 260 33059
x 0 33060
p 0 258 33060
x 0 33000
h 0 10.0.0.7
p 0 1670 33000
x 1 33001
h 1 10.0.0.7
p 1 191 33001
x 0 33002
p 0 238 33002
x 0 33003
p 0 214 33003
x 0 33004
p 0 254 33004
x 0 33005
p 0 222 33005
x 0 33006
p 0 224 33006
x 0 33007
p 0 242 33007
x 0 33008
p 0 250 33008
x 0 33009
p 0 236 33009
x 0 33010
p 0 231 33010
x 0 33011
p 0 248 33011
x 0 33012
p 0 220 33012
x 0 33013
p 0 236 33013
x 0 33014
p 0 223 33014
x 0 33015
p 0 222 33015
x 0 33016
p 0 232 33016
x 0 33017
p 0 215 33017
x 0 33018
p 0 228 33018
x 0 33019
p 0 224 33019
x 0 33020
p 0 226 33020
x 0 33021
p 0 237 33021
x 0 33022
p 0 225 33022
x 0 33023
p 0 258 33023
x 0 33024
p 0 233 33024
x 0 33025
p 0 227 33025
x 0 33026
p 0 231 33026
x 0 33027
p 0 286 33027
x 0 33028
p 0 235 33028
x 0 33029
p 0 228 33029
x 0 33030
p 0 231 33030
x 0 33031
p 0 265 33031
x 0 33032
p 0 271 33032
x 0 33033
p 0 224 33033
x 0 33034
p 0 238 33034
x 0 33035
p 0 237 33035
x 0 33036
p 0 222 33036
x 0 33037
p 0 223 33037
x 0 33038
p 0 297 33038
x 0 33039
p 0 253 33039
x 0 33040
p 0 263 33040
x 0 33041
p 0 237 33041
x 0 33042
p 0 239 33042
x 0 33043
p 0 231 33043
x 0 33044
p 0 224 33044
x 0 33045
p 0 332 33045
x 0 33046
p 0 312 33046
x 0 33047
p 0 265 33047
x 0 33048
p 0 214 33048
x 0 33049
p 0 229 33049
x 0 33050
p 0 231 33050
x 0 33051
p 0 220 33051
x 0 33052
p 0 345 33052
x 0 33053
p 0 228 33053
x 0 33054
p 0 265 33054
x 0 33055
p 0 229 33055
x 0 33056
p 0 222 33056
x 0 33057
p 0 220 33057
x 0 33058
p 0 161 33058
x 0 33059
p 0 171 33059
x 0 33060
p 0 230 33060
x 0 33000
h 0 10.0.0.7
p 0 10044 33000
x 1 33001
h 1 10.0.0.7
p 1 784 33001
x 0 33002
p 0 185 33002
x 0 33003
p 0 208 33003
x 0 33004
p 0 225 33004
x 0 33005
p 0 259 33005
x 0 33006
p 0 198 33006
x 0 33007
p 0 107 33007
x 0 33008
p 0 231 33008
x 0 33009
p 0 194 33009
x 0 33010
p 0 500 33010
x 0 33011
p 0 194 33011
x 0 33012
p 0 199 33012
x 0 33013
p 0 233 33013
x 0 33014
p 0 194 33014
x 0 33015
p 0 195 33015
x 0 33016
p 0 191 33016
x 0 33017
p 0 197 33017
x 0 33018
p 0 237 33018
x 0 33019
p 0 230 33019
x 0 33020
p 0 193 33020
x 0 33021
p 0 195 33021
x 0 33022
p 0 202 33022
x 0 33023
p 0 194 33023
x 0 33024
p 0 195 33024
x 0 33025
p 0 195 33025
x 0 33026
p 0 195 33026
x 0 33027
p 0 197 33027
x 0 33028
p 0 190 33028
x 0 33029
p 0 193 33029
x 0 33030
p 0 194 33030
x 0 33031
p 0 194 33031
x 0 33032
p 0 176 33032
x 0 33033
p 0 193 33033
x 0 33034
p 0 224 33034
x 0 33035
p 0 192 33035
x 0 33036
p 0 195 33036
x 0 33037
p 0 201 33037
x 0 33038
p 0 191 33038
x 0 33039
p 0 192 33039
x 0 33040
p 0 197 33040
x 0 33041
p 0 195 33041
x 0 33042
p 0 197 33042
x 0 33043
p 0 193 33043
x 0 33044
p 0 192 33044
x 0 33045
p 0 192 33045
x 0 33046
p 0 195 33046
x 0 33047
p 0 197 33047
x 0 33048
p 0 191 33048
x 0 33049
p 0 197 33049
x 0 33050
p 0 192 33050
x 0 33051
p 0 197 33051
x 0 33052
p 0 198 33052
x 0 33053
p 0 211 33053
x 0 33054
p 0 193 33054
x 0 33055
p 0 194 33055
x 0 33056
p 0 194 33056
x 0 33057
p 0 196 33057
x 0 33058
p 0 197 33058
x 0 33059
p 0 191 33059
x 0 33060
p 0 192 33060
x 0 33000
h 0 10.0.0.7
p 0 1219 33000
x 1 33001
h 1 10.0.0.7
p 1 267 33001
x 0 33002
p 0 186 33002
x 0 33003
p 0 208 33003
x 0 33004
p 0 213 33004
x 0 33005
p 0 212 33005
x 0 33006
p 0 206 33006
x 0 33007
p 0 214 33007
x 0 33008
p 0 247 33008
x 0 33009
p 0 206 33009
x 0 33010
p 0 204 33010
x 0 33011
p 0 226 33011
x 0 33012
p 0 207 33012
x 0 33013
p 0 203 33013
x 0 33014
p 0 206 33014
x 0 33015
p 0 201 33015
x 0 33016
p 0 201 33016
x 0 33017
p 0 208 33017
x 0 33018
p 0 199 33018
x 0 33019
p 0 198 33019
x 0 33020
p 0 205 33020
x 0 33021
p 0 199 33021
x 0 33022
p 0 208 33022
x 0 33023
p 0 205 33023
x 0 33024
p 0 204 33024
x 0 33025
p 0 233 33025
x 0 33026
p 0 205 33026
x 0 33027
p 0 208 33027
x 0 33028
p 0 200 33028
x 0 33029
p 0 202 33029
x 0 33030
p 0 204 33030
x 0 33031
p 0 202 33031
x 0 33032
p 0 253 33032
x 0 33033
p 0 207 33033
x 0 33034
p 0 197 33034
x 0 33035
p 0 205 33035
x 0 33036
p 0 211 33036
x 0 33037
p 0 207 33037
x 0 33038
p 0 202 33038
x 0 33039
p 0 229 33039
x 0 33040
p 0 292 33040
x 0 33041
p 0 199 33041
x 0 33042
p 0 219 33042
x 0 33043
p 0 211 33043
x 0 33044
p 0 223 33044
x 0 33045
p 0 199 33045
x 0 33046
p 0 200 33046
x 0 33047
p 0 206 33047
x 0 33048
p 0 204 33048
x 0 33049
p 0 198 33049
x 0 33050
p 0 201 33050
x 0 33051
p 0 206 33051
x 0 33052
p 0 205 33052
x 0 33053
p 0 202 33053
x 0 33054
p 0 235 33054
x 0 33055
p 0 214 33055
x 0 33056
p 0 215 33056
x 0 33057
p 0 206 33057
x 0 33058
p 0 203 33058
x 0 33059
p 0 238 33059
x 0 33060
p 0 225 33060
x 0 33000
h 0 10.0.0.7
p 0 12576 33000
x 1 33001
h 1 10.0.0.7
p 1 747 33001
x 0 33002
p 0 199 33002
x 0 33003
p 0 197 33003
x 0 33004
p 0 192 33004
x 0 33005
p 0 230 33005
x 0 33006
p 0 220 33006
x 0 33007
p 0 200 33007
x 0 33008
p 0 193 33008
x 0 33009
p 0 199 33009
x 0 33010
p 0 278 33010
x 0 33011
p 0 175 33011
x 0 33012
p 0 176 33012
x 0 33013
p 0 171 33013
x 0 33014
p 0 174 33014
x 0 33015
p 0 174 33015
x 0 33016
p 0 174 33016
x 0 33017
p 0 207 33017
x 0 33018
p 0 174 33018
x 0 33019
p 0 176 33019
x 0 33020
p 0 172 33020
x 0 33021
p 0 233 33021
x 0 33022
p 0 172 33022
x 0 33023
p 0 167 33023
x 0 33024
p 0 170 33024
x 0 33025
p 0 167 33025
x 0 33026
p 0 172 33026
x 0 33027
p 0 173 33027
x 0 33028
p 0 214 33028
x 0 33029
p 0 267 33029
x 0 33030
p 0 181 33030
x 0 33031
p 0 172 33031
x 0 33032
p 0 212 33032
x 0 33033
p 0 171 33033
x 0 33034
p 0 184 33034
x 0 33035
p 0 310 33035
x 0 33036
p 0 224 33036
x 0 33037
p 0 218 33037
x 0 33038
p 0 210 33038
x 0 33039
p 0 257 33039
x 0 33040
p 0 203 33040
x 0 33041
p 0 341 33041
x 0 33042
p 0 438 33042
x 0 33043
p 0 202 33043
x 0 33044
p 0 205 33044
x 0 33045
p 0 203 33045
x 0 33046
p 0 392 33046
x 0 33047
p 0 372 33047
x 0 33048
p 0 363 33048
x 0 33049
p 0 371 33049
x 0 33050
p 0 359 33050
x 0 33051
p 0 368 33051
x 0 33052
p 0 380 33052
x 0 33053
p 0 405 33053
x 0 33054
p 0 169 33054
x 0 33055
p 0 168 33055
x 0 33056
p 0 171 33056
x 0 33057
p 0 176 33057
x 0 33058
p 0 166 33058
x 0 33059
p 0 170 33059
x 0 33060
p 0 175 33060
x 0 33000
h 0 10.0.0.7
p 0 1601 33000
x 1 33001
h 1 10.0.0.7
p 1 320 33001
x 0 33002
p 0 237 33002
x 0 33003
p 0 197 33003
x 0 33004
p 0 200 33004
x 0 33005
p 0 202 33005
x 0 33006
p 0 243 33006
x 0 33007
p 0 207 33007
x 0 33008
p 0 205 33008
x 0 33009
p 0 203 33009
x 0 33010
p 0 204 33010
x 0 33011
p 0 209 33011
x 0 33012
p 0 428 33012
x 0 33013
p 0 378 33013
x 0 33014
p 0 383 33014
x 0 33015
p 0 371 33015
x 0 33016
p 0 368 33016
x 0 33017
p 0 332 33017
x 0 33018
p 0 355 33018
x 0 33019
p 0 405 33019
x 0 33020
p 0 183 33020
x 0 33021
p 0 290 33021
x 0 33022
p 0 210 33022
x 0 33023
p 0 206 33023
x 0 33024
p 0 178 33024
x 0 33025
p 0 205 33025
x 0 33026
p 0 208 33026
x 0 33027
p 0 208 33027
x 0 33028
p 0 207 33028
x 0 33029
p 0 204 33029
x 0 33030
p 0 205 33030
x 0 33031
p 0 180 33031
x 0 33032
p 0 211 33032
x 0 33033
p 0 170 33033
x 0 33034
p 0 199 33034
x 0 33035
p 0 199 33035
x 0 33036
p 0 174 33036
x 0 33037
p 0 199 33037
x 0 33038
p 0 176 33038
x 0 33039
p 0 209 33039
x 0 33040
p 0 208 33040
x 0 33041
p 0 185 33041
x 0 33042
p 0 181 33042
x 0 33043
p 0 200 33043
x 0 33044
p 0 174 33044
x 0 33045
p 0 179 33045
x 0 33046
p 0 207 33046
x 0 33047
p 0 206 33047
x 0 33048
p 0 202 33048
x 0 33049
p 0 177 33049
x 0 33050
p 0 199 33050
x 0 33051
p 0 307 33051
x 0 33052
p 0 174 33052
x 0 33053
p 0 198 33053
x 0 33054
p 0 260 33054
x 0 33055
p 0 179 33055
x 0 33056
p 0 180 33056
x 0 33057
p 0 227 33057
x 0 33058
p 0 169 33058
x 0 33059
p 0 269 33059
x 0 33060
p 0 173 33060
x 0 33000
h 0 10.0.0.7
p 0 13414 33000
x 1 33001
h 1 10.0.0.7
p 1 1086 33001
x 0 33002
p 0 324 33002
x 0 33003
p 0 210 33003
x 0 33004
p 0 211 33004
x 0 33005
p 0 217 33005
x 0 33006
p 0 235 33006
x 0 33007
p 0 205 33007
x 0 33008
p 0 196 33008
x 0 33009
p 0 202 33009
x 0 33010
p 0 241 33010
x 0 33011
p 0 253 33011
x 0 33012
p 0 196 33012
x 0 33013
p 0 213 33013
x 0 33014
p 0 199 33014
x 0 33015
p 0 204 33015
x 0 33016
p 0 196 33016
x 0 33017
p 0 246 33017
x 0 33018
p 0 192 33018
x 0 33019
p 0 206 33019
x 0 33020
p 0 203 33020
x 0 33021
p 0 201 33021
x 0 33022
p 0 192 33022
x 0 33023
p 0 194 33023
x 0 33024
p 0 234 33024
x 0 33025
p 0 195 33025
x 0 33026
p 0 194 33026
x 0 33027
p 0 191 33027
x 0 33028
p 0 222 33028
x 0 33029
p 0 213 33029
x 0 33030
p 0 221 33030
x 0 33031
p 0 207 33031
x 0 33032
p 0 295 33032
x 0 33033
p 0 193 33033
x 0 33034
p 0 194 33034
x 0 33035
p 0 196 33035
x 0 33036
p 0 195 33036
x 0 33037
p 0 297 33037
x 0 33038
p 0 191 33038
x 0 33039
p 0 195 33039
x 0 33040
p 0 227 33040
x 0 33041
p 0 196 33041
x 0 33042
p 0 192 33042
x 0 33043
p 0 188 33043
x 0 33044
p 0 223 33044
x 0 33045
p 0 197 33045
x 0 33046
p 0 190 33046
x 0 33047
p 0 192 33047
x 0 33048
p 0 191 33048
x 0 33049
p 0 190 33049
x 0 33050
p 0 269 33050
x 0 33051
p 0 202 33051
x 0 33052
p 0 192 33052
x 0 33053
p 0 192 33053
x 0 33054
p 0 195 33054
x 0 33055
p 0 198 33055
x 0 33056
p 0 194 33056
x 0 33057
p 0 192 33057
x 0 33058
p 0 191 33058
x 0 33059
p 0 191 33059
x 0 33060
p 0 199 33060
x 0 33000
h 0 10.0.0.7
p 0 797 33000
x 1 33001
h 1 10.0.0.7
p 1 215 33001
x 0 33002
p 0 203 33002
x 0 33003
p 0 198 33003
x 0 33004
p 0 195 33004
x 0 33005
p 0 204 33005
x 0 33006
p 0 200 33006
x 0 33007
p 0 207 33007
x 0 33008
p 0 199 33008
x 0 33009
p 0 204 33009
x 0 33010
p 0 208 33010
x 0 33011
p 0 202 33011
x 0 33012
p 0 204 33012
x 0 33013
p 0 196 33013
x 0 33014
p 0 206 33014
x 0 33015
p 0 202 33015
x 0 33016
p 0 205 33016
x 0 33017
p 0 200 33017
x 0 33018
p 0 197 33018
x 0 33019
p 0 203 33019
x 0 33020
p 0 206 33020
x 0 33021
p 0 231 33021
x 0 33022
p 0 203 33022
x 0 33023
p 0 202 33023
x 0 33024
p 0 201 33024
x 0 33025
p 0 202 33025
x 0 33026
p 0 198 33026
x 0 33027
p 0 202 33027
x 0 33028
p 0 198 33028
x 0 33029
p 0 199 33029
x 0 33030
p 0 203 33030
x 0 33031
p 0 200 33031
x 0 33032
p 0 203 33032
x 0 33033
p 0 199 33033
x 0 33034
p 0 197 33034
x 0 33035
p 0 207 33035
x 0 33036
p 0 197 33036
x 0 33037
p 0 203 33037
x 0 33038
p 0 197 33038
x 0 33039
p 0 201 33039
x 0 33040
p 0 242 33040
x 0 33041
p 0 217 33041
x 0 33042
p 0 204 33042
x 0 33043
p 0 201 33043
x 0 33044
p 0 203 33044
x 0 33045
p 0 212 33045
x 0 33046
p 0 202 33046
x 0 33047
p 0 197 33047
x 0 33048
p 0 192 33048
x 0 33049
p 0 203 33049
x 0 33050
p 0 201 33050
x 0 33051
p 0 195 33051
x 0 33052
p 0 206 33052
x 0 33053
p 0 202 33053
x 0 33054
p 0 198 33054
x 0 33055
p 0 200 33055
x 0 33056
p 0 198 33056
x 0 33057
p 0 196 33057
x 0 33058
p 0 195 33058
x 0 33059
p 0 196 33059
x 0 33060
p 0 196 33060
x 0 33000
h 0 10.0.0.7
p 0 6701 33000
x 1 33001
h 1 10.0.0.7
p 1 804 33001
x 0 33002
p 0 247 33002
x 0 33003
p 0 243 33003
x 0 33004
p 0 199 33004
x 0 33005
p 0 199 33005
x 0 33006
p 0 217 33006
x 0 33007
p 0 201 33007
x 0 33008
p 0 199 33008
x 0 33009
p 0 204 33009
x 0 33010
p 0 197 33010
x 0 33011
p 0 234 33011
x 0 33012
p 0 204 33012
x 0 33013
p 0 199 33013
x 0 33014
p 0 202 33014
x 0 33015
p 0 199 33015
x 0 33016
p 0 201 33016
x 0 33017
p 0 197 33017
x 0 33018
p 0 229 33018
x 0 33019
p 0 198 33019
x 0 33020
p 0 193 33020
x 0 33021
p 0 198 33021
x 0 33022
p 0 201 33022
x 0 33023
p 0 196 33023
x 0 33024
p 0 202 33024
x 0 33025
p 0 244 33025
x 0 33026
p 0 198 33026
x 0 33027
p 0 201 33027
x 0 33028
p 0 202 33028
x 0 33029
p 0 199 33029
x 0 33030
p 0 199 33030
x 0 33031
p 0 201 33031
x 0 33032
p 0 206 33032
x 0 33033
p 0 198 33033
x 0 33034
p 0 201 33034
x 0 33035
p 0 195 33035
x 0 33036
p 0 202 33036
x 0 33037
p 0 198 33037
x 0 33038
p 0 295 33038
x 0 33039
p 0 204 33039
x 0 33040
p 0 197 33040
x 0 33041
p 0 199 33041
x 0 33042
p 0 202 33042
x 0 33043
p 0 203 33043
x 0 33044
p 0 203 33044
x 0 33045
p 0 200 33045
x 0 33046
p 0 233 33046
x 0 33047
p 0 201 33047
x 0 33048
p 0 202 33048
x 0 33049
p 0 203 33049
x 0 33050
p 0 201 33050
x 0 33051
p 0 201 33051
x 0 33052
p 0 207 33052
x 0 33053
p 0 204 33053
x 0 33054
p 0 207 33054
x 0 33055
p 0 204 33055
x 0 33056
p 0 247 33056
x 0 33057
p 0 201 33057
x 0 33058
p 0 217 33058
x 0 33059
p 0 209 33059
x 0 33060
p 0 205 33060
x 0 33000
h 0 10.0.0.7
p 0 962 33000
x 1 33001
h 1 10.0.0.7
p 1 203 33001
x 0 33002
p 0 159 33002
x 0 33003
p 0 198 33003
x 0 33004
p 0 154 33004
x 0 33005
p 0 154 33005
x 0 33006
p 0 251 33006
x 0 33007
p 0 208 33007
x 0 33008
p 0 198 33008
x 0 33009
p 0 214 33009
x 0 33010
p 0 200 33010
x 0 33011
p 0 203 33011
x 0 33012
p 0 204 33012
x 0 33013
p 0 198 33013
x 0 33014
p 0 245 33014
x 0 33015
p 0 198 33015
x 0 33016
p 0 201 33016
x 0 33017
p 0 197 33017
x 0 33018
p 0 206 33018
x 0 33019
p 0 207 33019
x 0 33020
p 0 202 33020
x 0 33021
p 0 230 33021
x 0 33022
p 0 205 33022
x 0 33023
p 0 201 33023
x 0 33024
p 0 203 33024
x 0 33025
p 0 202 33025
x 0 33026
p 0 201 33026
x 0 33027
p 0 197 33027
x 0 33028
p 0 198 33028
x 0 33029
p 0 202 33029
x 0 33030
p 0 198 33030
x 0 33031
p 0 201 33031
x 0 33032
p 0 205 33032
x 0 33033
p 0 202 33033
x 0 33034
p 0 199 33034
x 0 33035
p 0 198 33035
x 0 33036
p 0 199 33036
x 0 33037
p 0 197 33037
x 0 33038
p 0 197 33038
x 0 33039
p 0 200 33039
x 0 33040
p 0 200 33040
x 0 33041
p 0 198 33041
x 0 33042
p 0 202 33042
x 0 33043
p 0 209 33043
x 0 33044
p 0 214 33044
x 0 33045
p 0 200 33045
x 0 33046
p 0 156 33046
x 0 33047
p 0 206 33047
x 0 33048
p 0 209 33048
x 0 33049
p 0 210 33049
x 0 33050
p 0 204 33050
x 0 33051
p 0 242 33051
x 0 33052
p 0 196 33052
x 0 33053
p 0 218 33053
x 0 33054
p 0 208 33054
x 0 33055
p 0 210 33055
x 0 33056
p 0 208 33056
x 0 33057
p 0 234 33057
x 0 33058
p 0 202 33058
x 0 33059
p 0 216 33059
x 0 33060
p 0 197 33060
x 0 33000
h 0 10.0.0.7
p 0 10735 33000
x 1 33001
h 1 10.0.0.7
p 1 815 33001
x 0 33002
p 0 241 33002
x 0 33003
p 0 206 33003
x 0 33004
p 0 243 33004
x 0 33005
p 0 231 33005
x 0 33006
p 0 214 33006
x 0 33007
p 0 236 33007
x 0 33008
p 0 245 33008
x 0 33009
p 0 232 33009
x 0 33010
p 0 200 33010
x 0 33011
p 0 229 33011
x 0 33012
p 0 216 33012
x 0 33013
p 0 244 33013
x 0 33014
p 0 231 33014
x 0 33015
p 0 203 33015
x 0 33016
p 0 201 33016
x 0 33017
p 0 201 33017
x 0 33018
p 0 203 33018
x 0 33019
p 0 201 33019
x 0 33020
p 0 202 33020
x 0 33021
p 0 237 33021
x 0 33022
p 0 202 33022
x 0 33023
p 0 205 33023
x 0 33024
p 0 200 33024
x 0 33025
p 0 197 33025
x 0 33026
p 0 206 33026
x 0 33027
p 0 262 33027
x 0 33028
p 0 215 33028
x 0 33029
p 0 200 33029
x 0 33030
p 0 195 33030
x 0 33031
p 0 172 33031
x 0 33032
p 0 421 33032
x 0 33033
p 0 175 33033
x 0 33034
p 0 241 33034
x 0 33035
p 0 175 33035
x 0 33036
p 0 182 33036
x 0 33037
p 0 174 33037
x 0 33038
p 0 259 33038
x 0 33039
p 0 200 33039
x 0 33040
p 0 173 33040
x 0 33041
p 0 171 33041
x 0 33042
p 0 217 33042
x 0 33043
p 0 209 33043
x 0 33044
p 0 203 33044
x 0 33045
p 0 202 33045
x 0 33046
p 0 322 33046
x 0 33047
p 0 193 33047
x 0 33048
p 0 204 33048
x 0 33049
p 0 200 33049
x 0 33050
p 0 208 33050
x 0 33051
p 0 202 33051
x 0 33052
p 0 216 33052
x 0 33053
p 0 209 33053
x 0 33054
p 0 207 33054
x 0 33055
p 0 211 33055
x 0 33056
p 0 204 33056
x 0 33057
p 0 203 33057
x 0 33058
p 0 199 33058
x 0 33059
p 0 199 33059
x 0 33060
p 0 200 33060
x 0 33000
h 0 10.0.0.7
p 0 1393 33000
x 1 33001
h 1 10.0.0.7
p 1 205 33001
x 0 33002
p 0 194 33002
x 0 33003
p 0 195 33003
x 0 33004
p 0 195 33004
x 0 33005
p 0 191 33005
x 0 33006
p 0 192 33006
x 0 33007
p 0 207 33007
x 0 33008
p 0 194 33008
x 0 33009
p 0 190 33009
x 0 33010
p 0 192 33010
x 0 33011
p 0 199 33011
x 0 33012
p 0 194 33012
x 0 33013
p 0 202 33013
x 0 33014
p 0 195 33014
x 0 33015
p 0 192 33015
x 0 33016
p 0 200 33016
x 0 33017
p 0 196 33017
x 0 33018
p 0 195 33018
x 0 33019
p 0 193 33019
x 0 33020
p 0 193 33020
x 0 33021
p 0 270 33021
x 0 33022
p 0 192 33022
x 0 33023
p 0 310 33023
x 0 33024
p 0 190 33024
x 0 33025
p 0 291 33025
x 0 33026
p 0 196 33026
x 0 33027
p 0 303 33027
x 0 33028
p 0 197 33028
x 0 33029
p 0 195 33029
x 0 33030
p 0 193 33030
x 0 33031
p 0 194 33031
x 0 33032
p 0 198 33032
x 0 33033
p 0 251 33033
x 0 33034
p 0 193 33034
x 0 33035
p 0 199 33035
x 0 33036
p 0 229 33036
x 0 33037
p 0 198 33037
x 0 33038
p 0 198 33038
x 0 33039
p 0 206 33039
x 0 33040
p 0 191 33040
x 0 33041
p 0 199 33041
x 0 33042
p 0 197 33042
x 0 33043
p 0 198 33043
x 0 33044
p 0 199 33044
x 0 33045
p 0 193 33045
x 0 33046
p 0 194 33046
x 0 33047
p 0 163 33047
x 0 33048
p 0 194 33048
x 0 33049
p 0 192 33049
x 0 33050
p 0 195 33050
x 0 33051
p 0 195 33051
x 0 33052
p 0 234 33052
x 0 33053
p 0 226 33053
x 0 33054
p 0 192 33054
x 0 33055
p 0 190 33055
x 0 33056
p 0 203 33056
x 0 33057
p 0 201 33057
x 0 33058
p 0 196 33058
x 0 33059
p 0 230 33059
x 0 33060
p 0 195 33060
x 0 33000
h 0 10.0.0.7
p 0 9982 33000
x 1 33001
h 1 10.0.0.7
p 1 709 33001
x 0 33002
p 0 220 33002
x 0 33003
p 0 207 33003
x 0 33004
p 0 199 33004
x 0 33005
p 0 199 33005
x 0 33006
p 0 209 33006
x 0 33007
p 0 208 33007
x 0 33008
p 0 196 33008
x 0 33009
p 0 246 33009
x 0 33010
p 0 199 33010
x 0 33011
p 0 200 33011
x 0 33012
p 0 198 33012
x 0 33013
p 0 205 33013
x 0 33014
p 0 351 33014
x 0 33015
p 0 204 33015
x 0 33016
p 0 224 33016
x 0 33017
p 0 203 33017
x 0 33018
p 0 201 33018
x 0 33019
p 0 214 33019
x 0 33020
p 0 207 33020
x 0 33021
p 0 320 33021
x 0 33022
p 0 302 33022
x 0 33023
p 0 289 33023
x 0 33024
p 0 202 33024
x 0 33025
p 0 211 33025
x 0 33026
p 0 208 33026
x 0 33027
p 0 22008 33027
x 0 33028
p 0 222 33028
x 0 33029
p 0 210 33029
x 0 33030
p 0 215 33030
x 0 33031
p 0 268 33031
x 0 33032
p 0 236 33032
x 0 33033
p 0 213 33033
x 0 33034
p 0 222 33034
x 0 33035
p 0 217 33035
x 0 33036
p 0 222 33036
x 0 33037
p 0 265 33037
x 0 33038
p 0 213 33038
x 0 33039
p 0 205 33039
x 0 33040
p 0 211 33040
x 0 33041
p 0 214 33041
x 0 33042
p 0 239 33042
x 0 33043
p 0 263 33043
x 0 33044
p 0 213 33044
x 0 33045
p 0 218 33045
x 0 33046
p 0 225 33046
x 0 33047
p 0 215 33047
x 0 33048
p 0 215 33048
x 0 33049
p 0 243 33049
x 0 33050
p 0 252 33050
x 0 33051
p 0 234 33051
x 0 33052
p 0 210 33052
x 0 33053
p 0 227 33053
x 0 33054
p 0 213 33054
x 0 33055
p 0 214 33055
x 0 33056
p 0 286 33056
x 0 33057
p 0 197 33057
x 0 33058
p 0 197 33058
x 0 33059
p 0 199 33059
x 0 33060
p 0 211 33060
x 0 33000
h 0 10.0.0.7
p 0 782 33000
x 1 33001
h 1 10.0.0.7
p 1 195 33001
x 0 33002
p 0 195 33002
x 0 33003
p 0 203 33003
x 0 33004
p 0 211 33004
x 0 33005
p 0 219 33005
x 0 33006
p 0 220 33006
x 0 33007
p 0 218 33007
x 0 33008
p 0 338 33008
x 0 33009
p 0 308 33009
x 0 33010
p 0 296 33010
x 0 33011
p 0 228 33011
x 0 33012
p 0 208 33012
x 0 33013
p 0 247 33013
x 0 33014
p 0 221 33014
x 0 33015
p 0 326 33015
x 0 33016
p 0 231 33016
x 0 33017
p 0 297 33017
x 0 33018
p 0 306 33018
x 0 33019
p 0 225 33019
x 0 33020
p 0 222 33020
x 0 33021
p 0 224 33021
x 0 33022
p 0 238 33022
x 0 33023
p 0 230 33023
x 0 33024
p 0 206 33024
x 0 33025
p 0 295 33025
x 0 33026
p 0 221 33026
x 0 33027
p 0 252 33027
x 0 33028
p 0 225 33028
x 0 33029
p 0 257 33029
x 0 33030
p 0 217 33030
x 0 33031
p 0 261 33031
x 0 33032
p 0 272 33032
x 0 33033
p 0 231 33033
x 0 33034
p 0 241 33034
x 0 33035
p 0 214 33035
x 0 33036
p 0 225 33036
x 0 33037
p 0 282 33037
x 0 33038
p 0 299 33038
x 0 33039
p 0 302 33039
x 0 33040
p 0 305 33040
x 0 33041
p 0 273 33041
x 0 33042
p 0 360 33042
x 0 33043
p 0 240 33043
x 0 33044
p 0 254 33044
x 0 33045
p 0 230 33045
x 0 33046
p 0 221 33046
x 0 33047
p 0 213 33047
x 0 33048
p 0 226 33048
x 0 33049
p 0 216 33049
x 0 33050
p 0 259 33050
x 0 33051
p 0 249 33051
x 0 33052
p 0 211 33052
x 0 33053
p 0 233 33053
x 0 33054
p 0 215 33054
x 0 33055
p 0 250 33055
x 0 33056
p 0 233 33056
x 0 33057
p 0 219 33057
x 0 33058
p 0 227 33058
x 0 33059
p 0 302 33059
x 0 33060
p 0 223 33060
x 0 33000
h 0 10.0.0.7
p 0 9166 33000
x 1 33001
h 1 10.0.0.7
p 1 706 33001
x 0 33002
p 0 267 33002
x 0 33003
p 0 218 33003
x 0 33004
p 0 247 33004
x 0 33005
p 0 217 33005
x 0 33006
p 0 246 33006
x 0 33007
p 0 226 33007
x 0 33008
p 0 227 33008
x 0 33009
p 0 229 33009
x 0 33010
p 0 216 33010
x 0 33011
p 0 200 33011
x 0 33012
p 0 209 33012
x 0 33013
p 0 211 33013
x 0 33014
p 0 217 33014
x 0 33015
p 0 214 33015
x 0 33016
p 0 206 33016
x 0 33017
p 0 206 33017
x 0 33018
p 0 208 33018
x 0 33019
p 0 242 33019
x 0 33020
p 0 211 33020
x 0 33021
p 0 200 33021
x 0 33022
p 0 243 33022
x 0 33023
p 0 218 33023
x 0 33024
p 0 214 33024
x 0 33025
p 0 212 33025
x 0 33026
p 0 206 33026
x 0 33027
p 0 247 33027
x 0 33028
p 0 205 33028
x 0 33029
p 0 249 33029
x 0 33030
p 0 202 33030
x 0 33031
p 0 198 33031
x 0 33032
p 0 206 33032
x 0 33033
p 0 202 33033
x 0 33034
p 0 196 33034
x 0 33035
p 0 215 33035
x 0 33036
p 0 199 33036
x 0 33037
p 0 204 33037
x 0 33038
p 0 245 33038
x 0 33039
p 0 203 33039
x 0 33040
p 0 199 33040
x 0 33041
p 0 201 33041
x 0 33042
p 0 201 33042
x 0 33043
p 0 204 33043
x 0 33044
p 0 203 33044
x 0 33045
p 0 267 33045
x 0 33046
p 0 148 33046
x 0 33047
p 0 154 33047
x 0 33048
p 0 149 33048
x 0 33049
p 0 155 33049
x 0 33050
p 0 192 33050
x 0 33051
p 0 157 33051
x 0 33052
p 0 152 33052
x 0 33053
p 0 156 33053
x 0 33054
p 0 194 33054
x 0 33055
p 0 156 33055
x 0 33056
p 0 163 33056
x 0 33057
p 0 160 33057
x 0 33058
p 0 196 33058
x 0 33059
p 0 159 33059
x 0 33060
p 0 159 33060
x 0 33000
h 0 10.0.0.7
p 0 1142 33000
x 1 33001
h 1 10.0.0.7
p 1 231 33001
x 0 33002
p 0 215 33002
x 0 33003
p 0 227 33003
x 0 33004
p 0 254 33004
x 0 33005
p 0 221 33005
x 0 33006
p 0 335 33006
x 0 33007
p 0 209 33007
x 0 33008
p 0 204 33008
x 0 33009
p 0 202 33009
x 0 33010
p 0 205 33010
x 0 33011
p 0 257 33011
x 0 33012
p 0 198 33012
x 0 33013
p 0 204 33013
x 0 33014
p 0 175 33014
x 0 33015
p 0 217 33015
x 0 33016
p 0 201 33016
x 0 33017
p 0 234 33017
x 0 33018
p 0 204 33018
x 0 33019
p 0 201 33019
x 0 33020
p 0 202 33020
x 0 33021
p 0 207 33021
x 0 33022
p 0 235 33022
x 0 33023
p 0 172 33023
x 0 33024
p 0 204 33024
x 0 33025
p 0 201 33025
x 0 33026
p 0 205 33026
x 0 33027
p 0 203 33027
x 0 33028
p 0 201 33028
x 0 33029
p 0 204 33029
x 0 33030
p 0 200 33030
x 0 33031
p 0 199 33031
x 0 33032
p 0 198 33032
x 0 33033
p 0 204 33033
x 0 33034
p 0 206 33034
x 0 33035
p 0 208 33035
x 0 33036
p 0 233 33036
x 0 33037
p 0 201 33037
x 0 33038
p 0 222 33038
x 0 33039
p 0 203 33039
x 0 33040
p 0 204 33040
x 0 33041
p 0 201 33041
x 0 33042
p 0 204 33042
x 0 33043
p 0 205 33043
x 0 33044
p 0 191 33044
x 0 33045
p 0 202 33045
x 0 33046
p 0 240 33046
x 0 33047
p 0 202 33047
x 0 33048
p 0 205 33048
x 0 33049
p 0 215 33049
x 0 33050
p 0 211 33050
x 0 33051
p 0 238 33051
x 0 33052
p 0 200 33052
x 0 33053
p 0 207 33053
x 0 33054
p 0 209 33054
x 0 33055
p 0 237 33055
x 0 33056
p 0 210 33056
x 0 33057
p 0 200 33057
x 0 33058
p 0 215 33058
x 0 33059
p 0 207 33059
x 0 33060
p 0 210 33060
x 0 33000
h 0 10.0.0.7
p 0 5524 33000
x 1 33001
h 1 10.0.0.7
p 1 834 33001
x 0 33002
p 0 300 33002
x 0 33003
p 0 216 33003
x 0 33004
p 0 211 33004
x 0 33005
p 0 209 33005
x 0 33006
p 0 204 33006
x 0 33007
p 0 199 33007
x 0 33008
p 0 199 33008
x 0 33009
p 0 198 33009
x 0 33010
p 0 238 33010
x 0 33011
p 0 200 33011
x 0 33012
p 0 199 33012
x 0 33013
p 0 199 33013
x 0 33014
p 0 202 33014
x 0 33015
p 0 199 33015
x 0 33016
p 0 196 33016
x 0 33017
p 0 237 33017
x 0 33018
p 0 197 33018
x 0 33019
p 0 199 33019
x 0 33020
p 0 198 33020
x 0 33021
p 0 232 33021
x 0 33022
p 0 201 33022
x 0 33023
p 0 199 33023
x 0 33024
p 0 244 33024
x 0 33025
p 0 201 33025
x 0 33026
p 0 197 33026
x 0 33027
p 0 229 33027
x 0 33028
p 0 201 33028
x 0 33029
p 0 202 33029
x 0 33030
p 0 200 33030
x 0 33031
p 0 238 33031
x 0 33032
p 0 150 33032
x 0 33033
p 0 201 33033
x 0 33034
p 0 199 33034
x 0 33035
p 0 197 33035
x 0 33036
p 0 197 33036
x 0 33037
p 0 233 33037
x 0 33038
p 0 198 33038
x 0 33039
p 0 202 33039
x 0 33040
p 0 202 33040
x 0 33041
p 0 204 33041
x 0 33042
p 0 242 33042
x 0 33043
p 0 202 33043
x 0 33044
p 0 241 33044
x 0 33045
p 0 192 33045
x 0 33046
p 0 191 33046
x 0 33047
p 0 155 33047
x 0 33048
p 0 193 33048
x 0 33049
p 0 190 33049
x 0 33050
p 0 194 33050
x 0 33051
p 0 192 33051
x 0 33052
p 0 227 33052
x 0 33053
p 0 194 33053
x 0 33054
p 0 195 33054
x 0 33055
p 0 193 33055
x 0 33056
p 0 224 33056
x 0 33057
p 0 194 33057
x 0 33058
p 0 155 33058
x 0 33059
p 0 275 33059
x 0 33060
p 0 194 33060
x 0 33000
h 0 10.0.0.7
p 0 1716 33000
x 1 33001
h 1 10.0.0.7
p 1 225 33001
x 0 33002
p 0 195 33002
x 0 33003
p 0 240 33003
x 0 33004
p 0 224 33004
x 0 33005
p 0 246 33005
x 0 33006
p 0 248 33006
x 0 33007
p 0 201 33007
x 0 33008
p 0 197 33008
x 0 33009
p 0 250 33009
x 0 33010
p 0 202 33010
x 0 33011
p 0 198 33011
x 0 33012
p 0 241 33012
x 0 33013
p 0 205 33013
x 0 33014
p 0 217 33014
x 0 33015
p 0 219 33015
x 0 33016
p 0 197 33016
x 0 33017
p 0 198 33017
x 0 33018
p 0 203 33018
x 0 33019
p 0 203 33019
x 0 33020
p 0 197 33020
x 0 33021
p 0 194 33021
x 0 33022
p 0 200 33022
x 0 33023
p 0 204 33023
x 0 33024
p 0 200 33024
x 0 33025
p 0 198 33025
x 0 33026
p 0 194 33026
x 0 33027
p 0 196 33027
x 0 33028
p 0 198 33028
x 0 33029
p 0 203 33029
x 0 33030
p 0 203 33030
x 0 33031
p 0 195 33031
x 0 33032
p 0 195 33032
x 0 33033
p 0 197 33033
x 0 33034
p 0 198 33034
x 0 33035
p 0 197 33035
x 0 33036
p 0 194 33036
x 0 33037
p 0 198 33037
x 0 33038
p 0 153 33038
x 0 33039
p 0 201 33039
x 0 33040
p 0 204 33040
x 0 33041
p 0 199 33041
x 0 33042
p 0 195 33042
x 0 33043
p 0 287 33043
x 0 33044
p 0 203 33044
x 0 33045
p 0 198 33045
x 0 33046
p 0 199 33046
x 0 33047
p 0 196 33047
x 0 33048
p 0 201 33048
x 0 33049
p 0 221 33049
x 0 33050
p 0 198 33050
x 0 33051
p 0 197 33051
x 0 33052
p 0 199 33052
x 0 33053
p 0 200 33053
x 0 33054
p 0 201 33054
x 0 33055
p 0 200 33055
x 0 33056
p 0 200 33056
x 0 33057
p 0 196 33057
x 0 33058
p 0 201 33058
x 0 33059
p 0 201 33059
x 0 33060
p 0 197 33060
x 0 33000
h 0 10.0.0.7
p 0 7781 33000
x 1 33001
h 1 10.0.0.7
p 1 1091 33001
x 0 33002
p 0 222 33002
x 0 33003
p 0 202 33003
x 0 33004
p 0 200 33004
x 0 33005
p 0 154 33005
x 0 33006
p 0 332 33006
x 0 33007
p 0 199 33007
x 0 33008
p 0 202 33008
x 0 33009
p 0 203 33009
x 0 33010
p 0 195 33010
x 0 33011
p 0 199 33011
x 0 33012
p 0 82 33012
x 0 33013
p 0 204 33013
x 0 33014
p 0 197 33014
x 0 33015
p 0 218 33015
x 0 33016
p 0 199 33016
x 0 33017
p 0 199 33017
x 0 33018
p 0 203 33018
x 0 33019
p 0 199 33019
x 0 33020
p 0 199 33020
x 0 33021
p 0 199 33021
x 0 33022
p 0 228 33022
x 0 33023
p 0 204 33023
x 0 33024
p 0 201 33024
x 0 33025
p 0 226 33025
x 0 33026
p 0 265 33026
x 0 33027
p 0 198 33027
x 0 33028
p 0 212 33028
x 0 33029
p 0 200 33029
x 0 33030
p 0 198 33030
x 0 33031
p 0 196 33031
x 0 33032
p 0 225 33032
x 0 33033
p 0 266 33033
x 0 33034
p 0 201 33034
x 0 33035
p 0 192 33035
x 0 33036
p 0 197 33036
x 0 33037
p 0 202 33037
x 0 33038
p 0 202 33038
x 0 33039
p 0 202 33039
x 0 33040
p 0 249 33040
x 0 33041
p 0 195 33041
x 0 33042
p 0 197 33042
x 0 33043
p 0 200 33043
x 0 33044
p 0 201 33044
x 0 33045
p 0 141 33045
x 0 33046
p 0 195 33046
x 0 33047
p 0 231 33047
x 0 33048
p 0 199 33048
x 0 33049
p 0 201 33049
x 0 33050
p 0 192 33050
x 0 33051
p 0 194 33051
x 0 33052
p 0 204 33052
x 0 33053
p 0 205 33053
x 0 33054
p 0 194 33054
x 0 33055
p 0 195 33055
x 0 33056
p 0 194 33056
x 0 33057
p 0 204 33057
x 0 33058
p 0 199 33058
x 0 33059
p 0 201 33059
x 0 33060
p 0 191 33060
x 0 33000
h 0 10.0.0.7
p 0 1139 33000
x 1 33001
h 1 10.0.0.7
p 1 195 33001
x 0 33002
p 0 197 33002
x 0 33003
p 0 237 33003
x 0 33004
p 0 207 33004
x 0 33005
p 0 207 33005
x 0 33006
p 0 230 33006
x 0 33007
p 0 203 33007
x 0 33008
p 0 204 33008
x 0 33009
p 0 252 33009
x 0 33010
p 0 251 33010
x 0 33011
p 0 340 33011
x 0 33012
p 0 246 33012
x 0 33013
p 0 242 33013
x 0 33014
p 0 233 33014
x 0 33015
p 0 234 33015
x 0 33016
p 0 230 33016
x 0 33017
p 0 404 33017
x 0 33018
p 0 205 33018
x 0 33019
p 0 235 33019
x 0 33020
p 0 228 33020
x 0 33021
p 0 237 33021
x 0 33022
p 0 203 33022
x 0 33023
p 0 205 33023
x 0 33024
p 0 247 33024
x 0 33025
p 0 206 33025
x 0 33026
p 0 199 33026
x 0 33027
p 0 200 33027
x 0 33028
p 0 206 33028
x 0 33029
p 0 202 33029
x 0 33030
p 0 237 33030
x 0 33031
p 0 239 33031
x 0 33032
p 0 228 33032
x 0 33033
p 0 204 33033
x 0 33034
p 0 204 33034
x 0 33035
p 0 200 33035
x 0 33036
p 0 199 33036
x 0 33037
p 0 199 33037
x 0 33038
p 0 204 33038
x 0 33039
p 0 201 33039
x 0 33040
p 0 199 33040
x 0 33041
p 0 235 33041
x 0 33042
p 0 259 33042
x 0 33043
p 0 178 33043
x 0 33044
p 0 209 33044
x 0 33045
p 0 202 33045
x 0 33046
p 0 151 33046
x 0 33047
p 0 191 33047
x 0 33048
p 0 180 33048
x 0 33049
p 0 196 33049
x 0 33050
p 0 176 33050
x 0 33051
p 0 171 33051
x 0 33052
p 0 199 33052
x 0 33053
p 0 272 33053
x 0 33054
p 0 161 33054
x 0 33055
p 0 167 33055
x 0 33056
p 0 163 33056
x 0 33057
p 0 152 33057
x 0 33058
p 0 159 33058
x 0 33059
p 0 152 33059
x 0 33060
p 0 155 33060
x 0 33000
h 0 10.0.0.7
p 0 8947 33000
x 1 33001
h 1 10.0.0.7
p 1 782 33001
x 0 33002
p 0 206 33002
x 0 33003
p 0 221 33003
x 0 33004
p 0 207 33004
x 0 33005
p 0 200 33005
x 0 33006
p 0 215 33006
x 0 33007
p 0 215 33007
x 0 33008
p 0 201 33008
x 0 33009
p 0 213 33009
x 0 33010
p 0 235 33010
x 0 33011
p 0 212 33011
x 0 33012
p 0 208 33012
x 0 33013
p 0 214 33013
x 0 33014
p 0 202 33014
x 0 33015
p 0 210 33015
x 0 33016
p 0 226 33016
x 0 33017
p 0 247 33017
x 0 33018
p 0 205 33018
x 0 33019
p 0 203 33019
x 0 33020
p 0 231 33020
x 0 33021
p 0 225 33021
x 0 33022
p 0 203 33022
x 0 33023
p 0 215 33023
x 0 33024
p 0 238 33024
x 0 33025
p 0 205 33025
x 0 33026
p 0 210 33026
x 0 33027
p 0 196 33027
x 0 33028
p 0 202 33028
x 0 33029
p 0 198 33029
x 0 33030
p 0 195 33030
x 0 33031
p 0 256 33031
x 0 33032
p 0 198 33032
x 0 33033
p 0 209 33033
x 0 33034
p 0 212 33034
x 0 33035
p 0 223 33035
x 0 33036
p 0 203 33036
x 0 33037
p 0 215 33037
x 0 33038
p 0 244 33038
x 0 33039
p 0 210 33039
x 0 33040
p 0 208 33040
x 0 33041
p 0 225 33041
x 0 33042
p 0 200 33042
x 0 33043
p 0 215 33043
x 0 33044
p 0 223 33044
x 0 33045
p 0 248 33045
x 0 33046
p 0 210 33046
x 0 33047
p 0 197 33047
x 0 33048
p 0 222 33048
x 0 33049
p 0 196 33049
x 0 33050
p 0 199 33050
x 0 33051
p 0 203 33051
x 0 33052
p 0 200 33052
x 0 33053
p 0 198 33053
x 0 33054
p 0 208 33054
x 0 33055
p 0 228 33055
x 0 33056
p 0 213 33056
x 0 33057
p 0 199 33057
x 0 33058
p 0 204 33058
x 0 33059
p 0 203 33059
x 0 33060
p 0 197 33060
x 0 33000
h 0 10.0.0.7
p 0 1663 33000
x 1 33001
h 1 10.0.0.7
p 1 163 33001
x 0 33002
p 0 196 33002
x 0 33003
p 0 339 33003
x 0 33004
p 0 229 33004
x 0 33005
p 0 206 33005
x 0 33006
p 0 250 33006
x 0 33007
p 0 222 33007
x 0 33008
p 0 210 33008
x 0 33009
p 0 205 33009
x 0 33010
p 0 211 33010
x 0 33011
p 0 342 33011
x 0 33012
p 0 353 33012
x 0 33013
p 0 380 33013
x 0 33014
p 0 402 33014
x 0 33015
p 0 344 33015
x 0 33016
p 0 408 33016
x 0 33017
p 0 415 33017
x 0 33018
p 0 371 33018
x 0 33019
p 0 340 33019
x 0 33020
p 0 371 33020
x 0 33021
p 0 495 33021
x 0 33022
p 0 227 33022
x 0 33023
p 0 216 33023
x 0 33024
p 0 358 33024
x 0 33025
p 0 350 33025
x 0 33026
p 0 222 33026
x 0 33027
p 0 213 33027
x 0 33028
p 0 294 33028
x 0 33029
p 0 215 33029
x 0 33030
p 0 303 33030
x 0 33031
p 0 305 33031
x 0 33032
p 0 294 33032
x 0 33033
p 0 298 33033
x 0 33034
p 0 234 33034
x 0 33035
p 0 207 33035
x 0 33036
p 0 221 33036
x 0 33037
p 0 203 33037
x 0 33038
p 0 208 33038
x 0 33039
p 0 213 33039
x 0 33040
p 0 201 33040
x 0 33041
p 0 222 33041
x 0 33042
p 0 204 33042
x 0 33043
p 0 205 33043
x 0 33044
p 0 232 33044
x 0 33045
p 0 208 33045
x 0 33046
p 0 220 33046
x 0 33047
p 0 214 33047
x 0 33048
p 0 211 33048
x 0 33049
p 0 221 33049
x 0 33050
p 0 297 33050
x 0 33051
p 0 228 33051
x 0 33052
p 0 202 33052
x 0 33053
p 0 295 33053
x 0 33054
p 0 235 33054
x 0 33055
p 0 215 33055
x 0 33056
p 0 226 33056
x 0 33057
p 0 209 33057
x 0 33058
p 0 207 33058
x 0 33059
p 0 211 33059
x 0 33060
p 0 211 33060
x 0 33000
h 0 10.0.0.7
p 0 11703 33000
x 1 33001
h 1 10.0.0.7
p 1 918 33001
x 0 33002
p 0 215 33002
x 0 33003
p 0 195 33003
x 0 33004
p 0 228 33004
x 0 33005
p 0 200 33005
x 0 33006
p 0 203 33006
x 0 33007
p 0 213 33007
x 0 33008
p 0 240 33008
x 0 33009
p 0 202 33009
x 0 33010
p 0 204 33010
x 0 33011
p 0 201 33011
x 0 33012
p 0 235 33012
x 0 33013
p 0 202 33013
x 0 33014
p 0 202 33014
x 0 33015
p 0 203 33015
x 0 33016
p 0 200 33016
x 0 33017
p 0 202 33017
x 0 33018
p 0 197 33018
x 0 33019
p 0 201 33019
x 0 33020
p 0 200 33020
x 0 33021
p 0 195 33021
x 0 33022
p 0 202 33022
x 0 33023
p 0 198 33023
x 0 33024
p 0 200 33024
x 0 33025
p 0 205 33025
x 0 33026
p 0 197 33026
x 0 33027
p 0 198 33027
x 0 33028
p 0 209 33028
x 0 33029
p 0 205 33029
x 0 33030
p 0 204 33030
x 0 33031
p 0 201 33031
x 0 33032
p 0 203 33032
x 0 33033
p 0 196 33033
x 0 33034
p 0 235 33034
x 0 33035
p 0 225 33035
x 0 33036
p 0 201 33036
x 0 33037
p 0 200 33037
x 0 33038
p 0 201 33038
x 0 33039
p 0 201 33039
x 0 33040
p 0 213 33040
x 0 33041
p 0 196 33041
x 0 33042
p 0 223 33042
x 0 33043
p 0 201 33043
x 0 33044
p 0 218 33044
x 0 33045
p 0 214 33045
x 0 33046
p 0 198 33046
x 0 33047
p 0 240 33047
x 0 33048
p 0 203 33048
x 0 33049
p 0 203 33049
x 0 33050
p 0 214 33050
x 0 33051
p 0 244 33051
x 0 33052
p 0 198 33052
x 0 33053
p 0 200 33053
x 0 33054
p 0 228 33054
x 0 33055
p 0 206 33055
x 0 33056
p 0 200 33056
x 0 33057
p 0 199 33057
x 0 33058
p 0 200 33058
x 0 33059
p 0 205 33059
x 0 33060
p 0 206 33060
x 0 33000
h 0 10.0.0.7
p 0 1230 33000
x 1 33001
h 1 10.0.0.7
p 1 201 33001
x 0 33002
p 0 204 33002
x 0 33003
p 0 195 33003
x 0 33004
p 0 195 33004
x 0 33005
p 0 199 33005
x 0 33006
p 0 211 33006
x 0 33007
p 0 338 33007
x 0 33008
p 0 295 33008
x 0 33009
p 0 218 33009
x 0 33010
p 0 217 33010
x 0 33011
p 0 217 33011
x 0 33012
p 0 212 33012
x 0 33013
p 0 207 33013
x 0 33014
p 0 210 33014
x 0 33015
p 0 218 33015
x 0 33016
p 0 204 33016
x 0 33017
p 0 206 33017
x 0 33018
p 0 203 33018
x 0 33019
p 0 241 33019
x 0 33020
p 0 214 33020
x 0 33021
p 0 207 33021
x 0 33022
p 0 208 33022
x 0 33023
p 0 210 33023
x 0 33024
p 0 208 33024
x 0 33025
p 0 212 33025
x 0 33026
p 0 191 33026
x 0 33027
p 0 212 33027
x 0 33028
p 0 206 33028
x 0 33029
p 0 215 33029
x 0 33030
p 0 215 33030
x 0 33031
p 0 205 33031
x 0 33032
p 0 204 33032
x 0 33033
p 0 214 33033
x 0 33034
p 0 212 33034
x 0 33035
p 0 215 33035
x 0 33036
p 0 208 33036
x 0 33037
p 0 212 33037
x 0 33038
p 0 209 33038
x 0 33039
p 0 217 33039
x 0 33040
p 0 216 33040
x 0 33041
p 0 210 33041
x 0 33042
p 0 208 33042
x 0 33043
p 0 206 33043
x 0 33044
p 0 210 33044
x 0 33045
p 0 252 33045
x 0 33046
p 0 208 33046
x 0 33047
p 0 210 33047
x 0 33048
p 0 210 33048
x 0 33049
p 0 259 33049
x 0 33050
p 0 216 33050
x 0 33051
p 0 210 33051
x 0 33052
p 0 243 33052
x 0 33053
p 0 207 33053
x 0 33054
p 0 242 33054
x 0 33055
p 0 239 33055
x 0 33056
p 0 211 33056
x 0 33057
p 0 211 33057
x 0 33058
p 0 209 33058
x 0 33059
p 0 210 33059
x 0 33060
p 0 252 33060
x 0 33000
h 0 10.0.0.7
p 0 10991 33000
x 1 33001
h 1 10.0.0.7
p 1 640 33001
x 0 33002
p 0 224 33002
x 0 33003
p 0 207 33003
x 0 33004
p 0 231 33004
x 0 33005
p 0 209 33005
x 0 33006
p 0 215 33006
x 0 33007
p 0 249 33007
x 0 33008
p 0 221 33008
x 0 33009
p 0 229 33009
x 0 33010
p 0 211 33010
x 0 33011
p 0 229 33011
x 0 33012
p 0 217 33012
x 0 33013
p 0 216 33013
x 0 33014
p 0 241 33014
x 0 33015
p 0 197 33015
x 0 33016
p 0 207 33016
x 0 33017
p 0 223 33017
x 0 33018
p 0 290 33018
x 0 33019
p 0 226 33019
x 0 33020
p 0 212 33020
x 0 33021
p 0 214 33021
x 0 33022
p 0 213 33022
x 0 33023
p 0 225 33023
x 0 33024
p 0 227 33024
x 0 33025
p 0 272 33025
x 0 33026
p 0 214 33026
x 0 33027
p 0 226 33027
x 0 33028
p 0 221 33028
x 0 33029
p 0 231 33029
x 0 33030
p 0 210 33030
x 0 33031
p 0 348 33031
x 0 33032
p 0 218 33032
x 0 33033
p 0 208 33033
x 0 33034
p 0 231 33034
x 0 33035
p 0 209 33035
x 0 33036
p 0 223 33036
x 0 33037
p 0 295 33037
x 0 33038
p 0 227 33038
x 0 33039
p 0 230 33039
x 0 33040
p 0 259 33040
x 0 33041
p 0 217 33041
x 0 33042
p 0 222 33042
x 0 33043
p 0 227 33043
x 0 33044
p 0 225 33044
x 0 33045
p 0 203 33045
x 0 33046
p 0 210 33046
x 0 33047
p 0 247 33047
x 0 33048
p 0 220 33048
x 0 33049
p 0 224 33049
x 0 33050
p 0 212 33050
x 0 33051
p 0 212 33051
x 0 33052
p 0 212 33052
x 0 33053
p 0 211 33053
x 0 33054
p 0 265 33054
x 0 33055
p 0 199 33055
x 0 33056
p 0 220 33056
x 0 33057
p 0 215 33057
x 0 33058
p 0 211 33058
x 0 33059
p 0 242 33059
x 0 33060
p 0 211 33060
x 0 33000
h 0 10.0.0.7
p 0 1539 33000
x 1 33001
h 1 10.0.0.7
p 1 199 33001
x 0 33002
p 0 201 33002
x 0 33003
p 0 203 33003
x 0 33004
p 0 208 33004
x 0 33005
p 0 203 33005
x 0 33006
p 0 206 33006
x 0 33007
p 0 201 33007
x 0 33008
p 0 205 33008
x 0 33009
p 0 233 33009
x 0 33010
p 0 282 33010
x 0 33011
p 0 205 33011
x 0 33012
p 0 206 33012
x 0 33013
p 0 206 33013
x 0 33014
p 0 209 33014
x 0 33015
p 0 204 33015
x 0 33016
p 0 202 33016
x 0 33017
p 0 269 33017
x 0 33018
p 0 205 33018
x 0 33019
p 0 206 33019
x 0 33020
p 0 200 33020
x 0 33021
p 0 204 33021
x 0 33022
p 0 202 33022
x 0 33023
p 0 290 33023
x 0 33024
p 0 208 33024
x 0 33025
p 0 204 33025
x 0 33026
p 0 204 33026
x 0 33027
p 0 205 33027
x 0 33028
p 0 297 33028
x 0 33029
p 0 308 33029
x 0 33030
p 0 284 33030
x 0 33031
p 0 317 33031
x 0 33032
p 0 290 33032
x 0 33033
p 0 291 33033
x 0 33034
p 0 212 33034
x 0 33035
p 0 210 33035
x 0 33036
p 0 288 33036
x 0 33037
p 0 320 33037
x 0 33038
p 0 290 33038
x 0 33039
p 0 182 33039
x 0 33040
p 0 280 33040
x 0 33041
p 0 199 33041
x 0 33042
p 0 278 33042
x 0 33043
p 0 201 33043
x 0 33044
p 0 249 33044
x 0 33045
p 0 203 33045
x 0 33046
p 0 200 33046
x 0 33047
p 0 199 33047
x 0 33048
p 0 201 33048
x 0 33049
p 0 209 33049
x 0 33050
p 0 202 33050
x 0 33051
p 0 199 33051
x 0 33052
p 0 216 33052
x 0 33053
p 0 212 33053
x 0 33054
p 0 276 33054
x 0 33055
p 0 218 33055
x 0 33056
p 0 215 33056
x 0 33057
p 0 217 33057
x 0 33058
p 0 210 33058
x 0 33059
p 0 217 33059
x 0 33060
p 0 204 33060
x 0 33000
h 0 10.0.0.7
p 0 8760 33000
x 1 33001
h 1 10.0.0.7
p 1 1152 33001
x 0 33002
p 0 204 33002
x 0 33003
p 0 218 33003
x 0 33004
p 0 235 33004
x 0 33005
p 0 202 33005
x 0 33006
p 0 204 33006
x 0 33007
p 0 223 33007
x 0 33008
p 0 225 33008
x 0 33009
p 0 203 33009
x 0 33010
p 0 194 33010
x 0 33011
p 0 206 33011
x 0 33012
p 0 216 33012
x 0 33013
p 0 223 33013
x 0 33014
p 0 316 33014
x 0 33015
p 0 204 33015
x 0 33016
p 0 207 33016
x 0 33017
p 0 209 33017
x 0 33018
p 0 227 33018
x 0 33019
p 0 204 33019
x 0 33020
p 0 206 33020
x 0 33021
p 0 242 33021
x 0 33022
p 0 257 33022
x 0 33023
p 0 222 33023
x 0 33024
p 0 243 33024
x 0 33025
p 0 198 33025
x 0 33026
p 0 209 33026
x 0 33027
p 0 258 33027
x 0 33028
p 0 250 33028
x 0 33029
p 0 207 33029
x 0 33030
p 0 218 33030
x 0 33031
p 0 215 33031
x 0 33032
p 0 294 33032
x 0 33033
p 0 242 33033
x 0 33034
p 0 247 33034
x 0 33035
p 0 207 33035
x 0 33036
p 0 208 33036
x 0 33037
p 0 214 33037
x 0 33038
p 0 224 33038
x 0 33039
p 0 252 33039
x 0 33040
p 0 196 33040
x 0 33041
p 0 201 33041
x 0 33042
p 0 217 33042
x 0 33043
p 0 228 33043
x 0 33044
p 0 231 33044
x 0 33045
p 0 226 33045
x 0 33046
p 0 214 33046
x 0 33047
p 0 257 33047
x 0 33048
p 0 224 33048
x 0 33049
p 0 212 33049
x 0 33050
p 0 194 33050
x 0 33051
p 0 248 33051
x 0 33052
p 0 215 33052
x 0 33053
p 0 222 33053
x 0 33054
p 0 210 33054
x 0 33055
p 0 230 33055
x 0 33056
p 0 203 33056
x 0 33057
p 0 229 33057
x 0 33058
p 0 237 33058
x 0 33059
p 0 221 33059
x 0 33060
p 0 198 33060
x 0 33000
h 0 10.0.0.7
p 0 1368 33000
x 1 33001
h 1 10.0.0.7
p 1 195 33001
x 0 33002
p 0 196 33002
x 0 33003
p 0 206 33003
x 0 33004
p 0 244 33004
x 0 33005
p 0 207 33005
x 0 33006
p 0 203 33006
x 0 33007
p 0 259 33007
x 0 33008
p 0 222 33008
x 0 33009
p 0 219 33009
x 0 33010
p 0 210 33010
x 0 33011
p 0 259 33011
x 0 33012
p 0 209 33012
x 0 33013
p 0 219 33013
x 0 33014
p 0 243 33014
x 0 33015
p 0 248 33015
x 0 33016
p 0 209 33016
x 0 33017
p 0 212 33017
x 0 33018
p 0 222 33018
x 0 33019
p 0 213 33019
x 0 33020
p 0 206 33020
x 0 33021
p 0 240 33021
x 0 33022
p 0 208 33022
x 0 33023
p 0 371 33023
x 0 33024
p 0 219 33024
x 0 33025
p 0 261 33025
x 0 33026
p 0 207 33026
x 0 33027
p 0 209 33027
x 0 33028
p 0 248 33028
x 0 33029
p 0 210 33029
x 0 33030
p 0 219 33030
x 0 33031
p 0 210 33031
x 0 33032
p 0 274 33032
x 0 33033
p 0 215 33033
x 0 33034
p 0 210 33034
x 0 33035
p 0 257 33035
x 0 33036
p 0 218 33036
x 0 33037
p 0 210 33037
x 0 33038
p 0 215 33038
x 0 33039
p 0 258 33039
x 0 33040
p 0 212 33040
x 0 33041
p 0 208 33041
x 0 33042
p 0 249 33042
x 0 33043
p 0 246 33043
x 0 33044
p 0 214 33044
x 0 33045
p 0 220 33045
x 0 33046
p 0 264 33046
x 0 33047
p 0 211 33047
x 0 33048
p 0 215 33048
x 0 33049
p 0 286 33049
x 0 33050
p 0 208 33050
x 0 33051
p 0 207 33051
x 0 33052
p 0 132 33052
x 0 33053
p 0 220 33053
x 0 33054
p 0 218 33054
x 0 33055
p 0 239 33055
x 0 33056
p 0 261 33056
x 0 33057
p 0 214 33057
x 0 33058
p 0 216 33058
x 0 33059
p 0 217 33059
x 0 33060
p 0 210 33060
x 0 33000
h 0 10.0.0.7
p 0 11966 33000
x 1 33001
h 1 10.0.0.7
p 1 1337 33001
x 0 33002
p 0 247 33002
x 0 33003
p 0 234 33003
x 0 33004
p 0 201 33004
x 0 33005
p 0 262 33005
x 0 33006
p 0 252 33006
x 0 33007
p 0 310 33007
x 0 33008
p 0 256 33008
x 0 33009
p 0 284 33009
x 0 33010
p 0 221 33010
x 0 33011
p 0 244 33011
x 0 33012
p 0 222 33012
x 0 33013
p 0 251 33013
x 0 33014
p 0 275 33014
x 0 33015
p 0 265 33015
x 0 33016
p 0 221 33016
x 0 33017
p 0 200 33017
x 0 33018
p 0 217 33018
x 0 33019
p 0 240 33019
x 0 33020
p 0 208 33020
x 0 33021
p 0 306 33021
x 0 33022
p 0 218 33022
x 0 33023
p 0 207 33023
x 0 33024
p 0 215 33024
x 0 33025
p 0 210 33025
x 0 33026
p 0 209 33026
x 0 33027
p 0 219 33027
x 0 33028
p 0 281 33028
x 0 33029
p 0 209 33029
x 0 33030
p 0 211 33030
x 0 33031
p 0 210 33031
x 0 33032
p 0 246 33032
x 0 33033
p 0 358 33033
x 0 33034
p 0 212 33034
x 0 33035
p 0 212 33035
x 0 33036
p 0 245 33036
x 0 33037
p 0 223 33037
x 0 33038
p 0 208 33038
x 0 33039
p 0 209 33039
x 0 33040
p 0 208 33040
x 0 33041
p 0 208 33041
x 0 33042
p 0 213 33042
x 0 33043
p 0 211 33043
x 0 33044
p 0 206 33044
x 0 33045
p 0 205 33045
x 0 33046
p 0 203 33046
x 0 33047
p 0 208 33047
x 0 33048
p 0 251 33048
x 0 33049
p 0 204 33049
x 0 33050
p 0 200 33050
x 0 33051
p 0 202 33051
x 0 33052
p 0 205 33052
x 0 33053
p 0 233 33053
x 0 33054
p 0 199 33054
x 0 33055
p 0 203 33055
x 0 33056
p 0 200 33056
x 0 33057
p 0 207 33057
x 0 33058
p 0 207 33058
x 0 33059
p 0 198 33059
x 0 33060
p 0 302 33060
x 0 33000
h 0 10.0.0.7
p 0 936 33000
x 1 33001
h 1 10.0.0.7
p 1 196 33001
x 0 33002
p 0 197 33002
x 0 33003
p 0 205 33003
x 0 33004
p 0 210 33004
x 0 33005
p 0 238 33005
x 0 33006
p 0 298 33006
x 0 33007
p 0 275 33007
x 0 33008
p 0 249 33008
x 0 33009
p 0 254 33009
x 0 33010
p 0 248 33010
x 0 33011
p 0 263 33011
x 0 33012
p 0 218 33012
x 0 33013
p 0 208 33013
x 0 33014
p 0 207 33014
x 0 33015
p 0 216 33015
x 0 33016
p 0 209 33016
x 0 33017
p 0 213 33017
x 0 33018
p 0 215 33018
x 0 33019
p 0 211 33019
x 0 33020
p 0 205 33020
x 0 33021
p 0 304 33021
x 0 33022
p 0 208 33022
x 0 33023
p 0 202 33023
x 0 33024
p 0 216 33024
x 0 33025
p 0 217 33025
x 0 33026
p 0 206 33026
x 0 33027
p 0 212 33027
x 0 33028
p 0 217 33028
x 0 33029
p 0 212 33029
x 0 33030
p 0 203 33030
x 0 33031
p 0 211 33031
x 0 33032
p 0 217 33032
x 0 33033
p 0 210 33033
x 0 33034
p 0 203 33034
x 0 33035
p 0 222 33035
x 0 33036
p 0 242 33036
x 0 33037
p 0 255 33037
x 0 33038
p 0 216 33038
x 0 33039
p 0 201 33039
x 0 33040
p 0 208 33040
x 0 33041
p 0 177 33041
x 0 33042
p 0 199 33042
x 0 33043
p 0 201 33043
x 0 33044
p 0 218 33044
x 0 33045
p 0 215 33045
x 0 33046
p 0 215 33046
x 0 33047
p 0 213 33047
x 0 33048
p 0 252 33048
x 0 33049
p 0 203 33049
x 0 33050
p 0 209 33050
x 0 33051
p 0 215 33051
x 0 33052
p 0 212 33052
x 0 33053
p 0 204 33053
x 0 33054
p 0 200 33054
x 0 33055
p 0 157 33055
x 0 33056
p 0 186 33056
x 0 33057
p 0 204 33057
x 0 33058
p 0 200 33058
x 0 33059
p 0 206 33059
x 0 33060
p 0 200 33060
x 0 33000
h 0 10.0.0.7
p 0 8554 33000
x 1 33001
h 1 10.0.0.7
p 1 1003 33001
x 0 33002
p 0 202 33002
x 0 33003
p 0 202 33003
x 0 33004
p 0 230 33004
x 0 33005
p 0 298 33005
x 0 33006
p 0 245 33006
x 0 33007
p 0 201 33007
x 0 33008
p 0 234 33008
x 0 33009
p 0 197 33009
x 0 33010
p 0 203 33010
x 0 33011
p 0 202 33011
x 0 33012
p 0 194 33012
x 0 33013
p 0 200 33013
x 0 33014
p 0 197 33014
x 0 33015
p 0 218 33015
x 0 33016
p 0 217 33016
x 0 33017
p 0 197 33017
x 0 33018
p 0 203 33018
x 0 33019
p 0 202 33019
x 0 33020
p 0 209 33020
x 0 33021
p 0 203 33021
x 0 33022
p 0 211 33022
x 0 33023
p 0 173 33023
x 0 33024
p 0 198 33024
x 0 33025
p 0 220 33025
x 0 33026
p 0 210 33026
x 0 33027
p 0 207 33027
x 0 33028
p 0 212 33028
x 0 33029
p 0 207 33029
x 0 33030
p 0 221 33030
x 0 33031
p 0 214 33031
x 0 33032
p 0 211 33032
x 0 33033
p 0 218 33033
x 0 33034
p 0 237 33034
x 0 33035
p 0 225 33035
x 0 33036
p 0 214 33036
x 0 33037
p 0 215 33037
x 0 33038
p 0 206 33038
x 0 33039
p 0 202 33039
x 0 33040
p 0 216 33040
x 0 33041
p 0 250 33041
x 0 33042
p 0 202 33042
x 0 33043
p 0 199 33043
x 0 33044
p 0 153 33044
x 0 33045
p 0 208 33045
x 0 33046
p 0 200 33046
x 0 33047
p 0 203 33047
x 0 33048
p 0 240 33048
x 0 33049
p 0 198 33049
x 0 33050
p 0 203 33050
x 0 33051
p 0 198 33051
x 0 33052
p 0 284 33052
x 0 33053
p 0 208 33053
x 0 33054
p 0 200 33054
x 0 33055
p 0 223 33055
x 0 33056
p 0 211 33056
x 0 33057
p 0 244 33057
x 0 33058
p 0 200 33058
x 0 33059
p 0 204 33059
x 0 33060
p 0 218 33060
x 0 33000
h 0 10.0.0.7
p 0 1180 33000
x 1 33001
h 1 10.0.0.7
p 1 195 33001
x 0 33002
p 0 199 33002
x 0 33003
p 0 239 33003
x 0 33004
p 0 202 33004
x 0 33005
p 0 192 33005
x 0 33006
p 0 216 33006
x 0 33007
p 0 279 33007
x 0 33008
p 0 201 33008
x 0 33009
p 0 231 33009
x 0 33010
p 0 216 33010
x 0 33011
p 0 218 33011
x 0 33012
p 0 202 33012
x 0 33013
p 0 208 33013
x 0 33014
p 0 207 33014
x 0 33015
p 0 208 33015
x 0 33016
p 0 230 33016
x 0 33017
p 0 215 33017
x 0 33018
p 0 209 33018
x 0 33019
p 0 196 33019
x 0 33020
p 0 275 33020
x 0 33021
p 0 207 33021
x 0 33022
p 0 200 33022
x 0 33023
p 0 201 33023
x 0 33024
p 0 198 33024
x 0 33025
p 0 156 33025
x 0 33026
p 0 204 33026
x 0 33027
p 0 202 33027
x 0 33028
p 0 241 33028
x 0 33029
p 0 200 33029
x 0 33030
p 0 204 33030
x 0 33031
p 0 201 33031
x 0 33032
p 0 199 33032
x 0 33033
p 0 206 33033
x 0 33034
p 0 208 33034
x 0 33035
p 0 202 33035
x 0 33036
p 0 180 33036
x 0 33037
p 0 171 33037
x 0 33038
p 0 204 33038
x 0 33039
p 0 206 33039
x 0 33040
p 0 213 33040
x 0 33041
p 0 240 33041
x 0 33042
p 0 218 33042
x 0 33043
p 0 218 33043
x 0 33044
p 0 198 33044
x 0 33045
p 0 216 33045
x 0 33046
p 0 228 33046
x 0 33047
p 0 204 33047
x 0 33048
p 0 239 33048
x 0 33049
p 0 195 33049
x 0 33050
p 0 212 33050
x 0 33051
p 0 215 33051
x 0 33052
p 0 204 33052
x 0 33053
p 0 208 33053
x 0 33054
p 0 643 33054
x 0 33055
p 0 238 33055
x 0 33056
p 0 204 33056
x 0 33057
p 0 202 33057
x 0 33058
p 0 199 33058
x 0 33059
p 0 196 33059
x 0 33060
p 0 227 33060
x 0 33000
h 0 10.0.0.7
p 0 8090 33000
x 1 33001
h 1 10.0.0.7
p 1 1054 33001
x 0 33002
p 0 197 33002
x 0 33003
p 0 195 33003
x 0 33004
p 0 197 33004
x 0 33005
p 0 204 33005
x 0 33006
p 0 204 33006
x 0 33007
p 0 202 33007
x 0 33008
p 0 194 33008
x 0 33009
p 0 199 33009
x 0 33010
p 0 200 33010
x 0 33011
p 0 201 33011
x 0 33012
p 0 203 33012
x 0 33013
p 0 213 33013
x 0 33014
p 0 202 33014
x 0 33015
p 0 200 33015
x 0 33016
p 0 202 33016
x 0 33017
p 0 203 33017
x 0 33018
p 0 197 33018
x 0 33019
p 0 201 33019
x 0 33020
p 0 201 33020
x 0 33021
p 0 198 33021
x 0 33022
p 0 201 33022
x 0 33023
p 0 198 33023
x 0 33024
p 0 204 33024
x 0 33025
p 0 206 33025
x 0 33026
p 0 201 33026
x 0 33027
p 0 201 33027
x 0 33028
p 0 198 33028
x 0 33029
p 0 203 33029
x 0 33030
p 0 201 33030
x 0 33031
p 0 207 33031
x 0 33032
p 0 203 33032
x 0 33033
p 0 206 33033
x 0 33034
p 0 205 33034
x 0 33035
p 0 205 33035
x 0 33036
p 0 201 33036
x 0 33037
p 0 202 33037
x 0 33038
p 0 204 33038
x 0 33039
p 0 200 33039
x 0 33040
p 0 199 33040
x 0 33041
p 0 204 33041
x 0 33042
p 0 197 33042
x 0 33043
p 0 196 33043
x 0 33044
p 0 203 33044
x 0 33045
p 0 212 33045
x 0 33046
p 0 202 33046
x 0 33047
p 0 203 33047
x 0 33048
p 0 199 33048
x 0 33049
p 0 201 33049
x 0 33050
p 0 199 33050
x 0 33051
p 0 201 33051
x 0 33052
p 0 198 33052
x 0 33053
p 0 179 33053
x 0 33054
p 0 207 33054
x 0 33055
p 0 218 33055
x 0 33056
p 0 205 33056
x 0 33057
p 0 231 33057
x 0 33058
p 0 216 33058
x 0 33059
p 0 284 33059
x 0 33060
p 0 238 33060
x 0 33000
h 0 10.0.0.7
p 0 1395 33000
x 1 33001
h 1 10.0.0.7
p 1 194 33001
x 0 33002
p 0 207 33002
x 0 33003
p 0 223 33003
x 0 33004
p 0 208 33004
x 0 33005
p 0 202 33005
x 0 33006
p 0 217 33006
x 0 33007
p 0 220 33007
x 0 33008
p 0 211 33008
x 0 33009
p 0 211 33009
x 0 33010
p 0 272 33010
x 0 33011
p 0 199 33011
x 0 33012
p 0 217 33012
x 0 33013
p 0 198 33013
x 0 33014
p 0 217 33014
x 0 33015
p 0 250 33015
x 0 33016
p 0 226 33016
x 0 33017
p 0 199 33017
x 0 33018
p 0 214 33018
x 0 33019
p 0 219 33019
x 0 33020
p 0 204 33020
x 0 33021
p 0 212 33021
x 0 33022
p 0 248 33022
x 0 33023
p 0 203 33023
x 0 33024
p 0 234 33024
x 0 33025
p 0 198 33025
x 0 33026
p 0 227 33026
x 0 33027
p 0 204 33027
x 0 33028
p 0 209 33028
x 0 33029
p 0 257 33029
x 0 33030
p 0 204 33030
x 0 33031
p 0 232 33031
x 0 33032
p 0 199 33032
x 0 33033
p 0 208 33033
x 0 33034
p 0 228 33034
x 0 33035
p 0 202 33035
x 0 33036
p 0 221 33036
x 0 33037
p 0 204 33037
x 0 33038
p 0 203 33038
x 0 33039
p 0 214 33039
x 0 33040
p 0 196 33040
x 0 33041
p 0 204 33041
x 0 33042
p 0 207 33042
x 0 33043
p 0 200 33043
x 0 33044
p 0 206 33044
x 0 33045
p 0 206 33045
x 0 33046
p 0 228 33046
x 0 33047
p 0 211 33047
x 0 33048
p 0 156 33048
x 0 33049
p 0 214 33049
x 0 33050
p 0 204 33050
x 0 33051
p 0 274 33051
x 0 33052
p 0 222 33052
x 0 33053
p 0 244 33053
x 0 33054
p 0 240 33054
x 0 33055
p 0 213 33055
x 0 33056
p 0 232 33056
x 0 33057
p 0 208 33057
x 0 33058
p 0 275 33058
x 0 33059
p 0 211 33059
x 0 33060
p 0 232 33060
x 0 33000
h 0 10.0.0.7
p 0 6336 33000
x 1 33001
h 1 10.0.0.7
p 1 1013 33001
x 0 33002
p 0 202 33002
x 0 33003
p 0 203 33003
x 0 33004
p 0 199 33004
x 0 33005
p 0 206 33005
x 0 33006
p 0 204 33006
x 0 33007
p 0 250 33007
x 0 33008
p 0 183 33008
x 0 33009
p 0 199 33009
x 0 33010
p 0 200 33010
x 0 33011
p 0 201 33011
x 0 33012
p 0 197 33012
x 0 33013
p 0 199 33013
x 0 33014
p 0 200 33014
x 0 33015
p 0 199 33015
x 0 33016
p 0 203 33016
x 0 33017
p 0 199 33017
x 0 33018
p 0 202 33018
x 0 33019
p 0 198 33019
x 0 33020
p 0 200 33020
x 0 33021
p 0 304 33021
x 0 33022
p 0 258 33022
x 0 33023
p 0 260 33023
x 0 33024
p 0 262 33024
x 0 33025
p 0 255 33025
x 0 33026
p 0 199 33026
x 0 33027
p 0 202 33027
x 0 33028
p 0 205 33028
x 0 33029
p 0 190 33029
x 0 33030
p 0 206 33030
x 0 33031
p 0 203 33031
x 0 33032
p 0 167 33032
x 0 33033
p 0 201 33033
x 0 33034
p 0 199 33034
x 0 33035
p 0 194 33035
x 0 33036
p 0 201 33036
x 0 33037
p 0 197 33037
x 0 33038
p 0 207 33038
x 0 33039
p 0 198 33039
x 0 33040
p 0 200 33040
x 0 33041
p 0 195 33041
x 0 33042
p 0 143 33042
x 0 33043
p 0 203 33043
x 0 33044
p 0 205 33044
x 0 33045
p 0 199 33045
x 0 33046
p 0 206 33046
x 0 33047
p 0 197 33047
x 0 33048
p 0 210 33048
x 0 33049
p 0 204 33049
x 0 33050
p 0 200 33050
x 0 33051
p 0 209 33051
x 0 33052
p 0 200 33052
x 0 33053
p 0 204 33053
x 0 33054
p 0 200 33054
x 0 33055
p 0 206 33055
x 0 33056
p 0 220 33056
x 0 33057
p 0 203 33057
x 0 33058
p 0 210 33058
x 0 33059
p 0 202 33059
x 0 33060
p 0 200 33060
x 0 33000
h 0 10.0.0.7
p 0 1337 33000
x 1 33001
h 1 10.0.0.7
p 1 191 33001
x 0 33002
p 0 120 33002
x 0 33003
p 0 208 33003
x 0 33004
p 0 201 33004
x 0 33005
p 0 202 33005
x 0 33006
p 0 206 33006
x 0 33007
p 0 286 33007
x 0 33008
p 0 191 33008
x 0 33009
p 0 257 33009
x 0 33010
p 0 206 33010
x 0 33011
p 0 204 33011
x 0 33012
p 0 205 33012
x 0 33013
p 0 204 33013
x 0 33014
p 0 202 33014
x 0 33015
p 0 203 33015
x 0 33016
p 0 241 33016
x 0 33017
p 0 204 33017
x 0 33018
p 0 200 33018
x 0 33019
p 0 202 33019
x 0 33020
p 0 207 33020
x 0 33021
p 0 203 33021
x 0 33022
p 0 204 33022
x 0 33023
p 0 261 33023
x 0 33024
p 0 170 33024
x 0 33025
p 0 210 33025
x 0 33026
p 0 201 33026
x 0 33027
p 0 204 33027
x 0 33028
p 0 205 33028
x 0 33029
p 0 208 33029
x 0 33030
p 0 242 33030
x 0 33031
p 0 207 33031
x 0 33032
p 0 278 33032
x 0 33033
p 0 199 33033
x 0 33034
p 0 207 33034
x 0 33035
p 0 203 33035
x 0 33036
p 0 202 33036
x 0 33037
p 0 249 33037
x 0 33038
p 0 201 33038
x 0 33039
p 0 230 33039
x 0 33040
p 0 203 33040
x 0 33041
p 0 201 33041
x 0 33042
p 0 199 33042
x 0 33043
p 0 203 33043
x 0 33044
p 0 203 33044
x 0 33045
p 0 199 33045
x 0 33046
p 0 228 33046
x 0 33047
p 0 200 33047
x 0 33048
p 0 200 33048
x 0 33049
p 0 198 33049
x 0 33050
p 0 202 33050
x 0 33051
p 0 201 33051
x 0 33052
p 0 202 33052
x 0 33053
p 0 233 33053
x 0 33054
p 0 199 33054
x 0 33055
p 0 196 33055
x 0 33056
p 0 199 33056
x 0 33057
p 0 198 33057
x 0 33058
p 0 198 33058
x 0 33059
p 0 200 33059
x 0 33060
p 0 223 33060
x 0 33000
h 0 10.0.0.7
p 0 12976 33000
x 1 33001
h 1 10.0.0.7
p 1 855 33001
x 0 33002
p 0 223 33002
x 0 33003
p 0 214 33003
x 0 33004
p 0 213 33004
x 0 33005
p 0 220 33005
x 0 33006
p 0 223 33006
x 0 33007
p 0 358 33007
x 0 33008
p 0 198 33008
x 0 33009
p 0 194 33009
x 0 33010
p 0 194 33010
x 0 33011
p 0 227 33011
x 0 33012
p 0 199 33012
x 0 33013
p 0 279 33013
x 0 33014
p 0 285 33014
x 0 33015
p 0 197 33015
x 0 33016
p 0 196 33016
x 0 33017
p 0 198 33017
x 0 33018
p 0 195 33018
x 0 33019
p 0 194 33019
x 0 33020
p 0 204 33020
x 0 33021
p 0 192 33021
x 0 33022
p 0 198 33022
x 0 33023
p 0 195 33023
x 0 33024
p 0 195 33024
x 0 33025
p 0 195 33025
x 0 33026
p 0 144 33026
x 0 33027
p 0 156 33027
x 0 33028
p 0 143 33028
x 0 33029
p 0 158 33029
x 0 33030
p 0 157 33030
x 0 33031
p 0 149 33031
x 0 33032
p 0 159 33032
x 0 33033
p 0 151 33033
x 0 33034
p 0 177 33034
x 0 33035
p 0 153 33035
x 0 33036
p 0 162 33036
x 0 33037
p 0 197 33037
x 0 33038
p 0 161 33038
x 0 33039
p 0 143 33039
x 0 33040
p 0 154 33040
x 0 33041
p 0 183 33041
x 0 33042
p 0 302 33042
x 0 33043
p 0 140 33043
x 0 33044
p 0 142 33044
x 0 33045
p 0 189 33045
x 0 33046
p 0 145 33046
x 0 33047
p 0 142 33047
x 0 33048
p 0 146 33048
x 0 33049
p 0 189 33049
x 0 33050
p 0 144 33050
x 0 33051
p 0 181 33051
x 0 33052
p 0 148 33052
x 0 33053
p 0 191 33053
x 0 33054
p 0 144 33054
x 0 33055
p 0 143 33055
x 0 33056
p 0 142 33056
x 0 33057
p 0 196 33057
x 0 33058
p 0 141 33058
x 0 33059
p 0 141 33059
x 0 33060
p 0 140 33060
x 0 33000
h 0 10.0.0.7
p 0 843 33000
x 1 33001
h 1 10.0.0.7
p 1 194 33001
x 0 33002
p 0 194 33002
x 0 33003
p 0 195 33003
x 0 33004
p 0 197 33004
x 0 33005
p 0 198 33005
x 0 33006
p 0 194 33006
x 0 33007
p 0 199 33007
x 0 33008
p 0 417 33008
x 0 33009
p 0 206 33009
x 0 33010
p 0 202 33010
x 0 33011
p 0 198 33011
x 0 33012
p 0 199 33012
x 0 33013
p 0 197 33013
x 0 33014
p 0 199 33014
x 0 33015
p 0 257 33015
x 0 33016
p 0 195 33016
x 0 33017
p 0 197 33017
x 0 33018
p 0 296 33018
x 0 33019
p 0 200 33019
x 0 33020
p 0 197 33020
x 0 33021
p 0 232 33021
x 0 33022
p 0 257 33022
x 0 33023
p 0 194 33023
x 0 33024
p 0 195 33024
x 0 33025
p 0 195 33025
x 0 33026
p 0 195 33026
x 0 33027
p 0 198 33027
x 0 33028
p 0 195 33028
x 0 33029
p 0 197 33029
x 0 33030
p 0 195 33030
x 0 33031
p 0 231 33031
x 0 33032
p 0 200 33032
x 0 33033
p 0 192 33033
x 0 33034
p 0 198 33034
x 0 33035
p 0 197 33035
x 0 33036
p 0 200 33036
x 0 33037
p 0 205 33037
x 0 33038
p 0 227 33038
x 0 33039
p 0 152 33039
x 0 33040
p 0 200 33040
x 0 33041
p 0 202 33041
x 0 33042
p 0 200 33042
x 0 33043
p 0 157 33043
x 0 33044
p 0 155 33044
x 0 33045
p 0 229 33045
x 0 33046
p 0 196 33046
x 0 33047
p 0 201 33047
x 0 33048
p 0 195 33048
x 0 33049
p 0 193 33049
x 0 33050
p 0 195 33050
x 0 33051
p 0 193 33051
x 0 33052
p 0 198 33052
x 0 33053
p 0 192 33053
x 0 33054
p 0 148 33054
x 0 33055
p 0 177 33055
x 0 33056
p 0 150 33056
x 0 33057
p 0 159 33057
x 0 33058
p 0 191 33058
x 0 33059
p 0 195 33059
x 0 33060
p 0 148 33060
x 0 33000
h 0 10.0.0.7
p 0 5583 33000
x 1 33001
h 1 10.0.0.7
p 1 1452 33001
x 0 33002
p 0 196 33002
x 0 33003
p 0 206 33003
x 0 33004
p 0 211 33004
x 0 33005
p 0 203 33005
x 0 33006
p 0 222 33006
x 0 33007
p 0 206 33007
x 0 33008
p 0 217 33008
x 0 33009
p 0 205 33009
x 0 33010
p 0 201 33010
x 0 33011
p 0 204 33011
x 0 33012
p 0 198 33012
x 0 33013
p 0 200 33013
x 0 33014
p 0 202 33014
x 0 33015
p 0 236 33015
x 0 33016
p 0 205 33016
x 0 33017
p 0 195 33017
x 0 33018
p 0 200 33018
x 0 33019
p 0 201 33019
x 0 33020
p 0 199 33020
x 0 33021
p 0 207 33021
x 0 33022
p 0 230 33022
x 0 33023
p 0 197 33023
x 0 33024
p 0 196 33024
x 0 33025
p 0 200 33025
x 0 33026
p 0 204 33026
x 0 33027
p 0 194 33027
x 0 33028
p 0 201 33028
x 0 33029
p 0 199 33029
x 0 33030
p 0 202 33030
x 0 33031
p 0 201 33031
x 0 33032
p 0 200 33032
x 0 33033
p 0 198 33033
x 0 33034
p 0 201 33034
x 0 33035
p 0 198 33035
x 0 33036
p 0 251 33036
x 0 33037
p 0 202 33037
x 0 33038
p 0 200 33038
x 0 33039
p 0 200 33039
x 0 33040
p 0 203 33040
x 0 33041
p 0 203 33041
x 0 33042
p 0 199 33042
x 0 33043
p 0 237 33043
x 0 33044
p 0 203 33044
x 0 33045
p 0 196 33045
x 0 33046
p 0 269 33046
x 0 33047
p 0 197 33047
x 0 33048
p 0 195 33048
x 0 33049
p 0 217 33049
x 0 33050
p 0 211 33050
x 0 33051
p 0 229 33051
x 0 33052
p 0 220 33052
x 0 33053
p 0 218 33053
x 0 33054
p 0 212 33054
x 0 33055
p 0 253 33055
x 0 33056
p 0 323 33056
x 0 33057
p 0 229 33057
x 0 33058
p 0 201 33058
x 0 33059
p 0 220 33059
x 0 33060
p 0 226 33060
x 0 33000
h 0 10.0.0.7
p 0 1985 33000
x 1 33001
h 1 10.0.0.7
p 1 193 33001
x 0 33002
p 0 208 33002
x 0 33003
p 0 204 33003
x 0 33004
p 0 249 33004
x 0 33005
p 0 205 33005
x 0 33006
p 0 219 33006
x 0 33007
p 0 218 33007
x 0 33008
p 0 232 33008
x 0 33009
p 0 202 33009
x 0 33010
p 0 206 33010
x 0 33011
p 0 274 33011
x 0 33012
p 0 204 33012
x 0 33013
p 0 198 33013
x 0 33014
p 0 203 33014
x 0 33015
p 0 214 33015
x 0 33016
p 0 103 33016
x 0 33017
p 0 222 33017
x 0 33018
p 0 199 33018
x 0 33019
p 0 202 33019
x 0 33020
p 0 214 33020
x 0 33021
p 0 190 33021
x 0 33022
p 0 222 33022
x 0 33023
p 0 193 33023
x 0 33024
p 0 193 33024
x 0 33025
p 0 191 33025
x 0 33026
p 0 193 33026
x 0 33027
p 0 195 33027
x 0 33028
p 0 194 33028
x 0 33029
p 0 195 33029
x 0 33030
p 0 198 33030
x 0 33031
p 0 196 33031
x 0 33032
p 0 195 33032
x 0 33033
p 0 192 33033
x 0 33034
p 0 254 33034
x 0 33035
p 0 193 33035
x 0 33036
p 0 210 33036
x 0 33037
p 0 197 33037
x 0 33038
p 0 194 33038
x 0 33039
p 0 192 33039
x 0 33040
p 0 173 33040
x 0 33041
p 0 193 33041
x 0 33042
p 0 194 33042
x 0 33043
p 0 192 33043
x 0 33044
p 0 192 33044
x 0 33045
p 0 159 33045
x 0 33046
p 0 198 33046
x 0 33047
p 0 194 33047
x 0 33048
p 0 162 33048
x 0 33049
p 0 135 33049
x 0 33050
p 0 195 33050
x 0 33051
p 0 182 33051
x 0 33052
p 0 193 33052
x 0 33053
p 0 174 33053
x 0 33054
p 0 192 33054
x 0 33055
p 0 160 33055
x 0 33056
p 0 195 33056
x 0 33057
p 0 195 33057
x 0 33058
p 0 195 33058
x 0 33059
p 0 171 33059
x 0 33060
p 0 194 33060
x 0 33000
h 0 10.0.0.7
p 0 12286 33000
x 1 33001
h 1 10.0.0.7
p 1 1217 33001
x 0 33002
p 0 194 33002
x 0 33003
p 0 201 33003
x 0 33004
p 0 244 33004
x 0 33005
p 0 220 33005
x 0 33006
p 0 183 33006
x 0 33007
p 0 202 33007
x 0 33008
p 0 247 33008
x 0 33009
p 0 235 33009
x 0 33010
p 0 205 33010
x 0 33011
p 0 262 33011
x 0 33012
p 0 202 33012
x 0 33013
p 0 239 33013
x 0 33014
p 0 204 33014
x 0 33015
p 0 213 33015
x 0 33016
p 0 234 33016
x 0 33017
p 0 198 33017
x 0 33018
p 0 199 33018
x 0 33019
p 0 204 33019
x 0 33020
p 0 201 33020
x 0 33021
p 0 361 33021
x 0 33022
p 0 199 33022
x 0 33023
p 0 203 33023
x 0 33024
p 0 205 33024
x 0 33025
p 0 206 33025
x 0 33026
p 0 370 33026
x 0 33027
p 0 197 33027
x 0 33028
p 0 204 33028
x 0 33029
p 0 209 33029
x 0 33030
p 0 202 33030
x 0 33031
p 0 204 33031
x 0 33032
p 0 230 33032
x 0 33033
p 0 205 33033
x 0 33034
p 0 245 33034
x 0 33035
p 0 200 33035
x 0 33036
p 0 205 33036
x 0 33037
p 0 206 33037
x 0 33038
p 0 199 33038
x 0 33039
p 0 203 33039
x 0 33040
p 0 197 33040
x 0 33041
p 0 211 33041
x 0 33042
p 0 199 33042
x 0 33043
p 0 237 33043
x 0 33044
p 0 205 33044
x 0 33045
p 0 201 33045
x 0 33046
p 0 232 33046
x 0 33047
p 0 203 33047
x 0 33048
p 0 321 33048
x 0 33049
p 0 201 33049
x 0 33050
p 0 233 33050
x 0 33051
p 0 203 33051
x 0 33052
p 0 198 33052
x 0 33053
p 0 201 33053
x 0 33054
p 0 198 33054
x 0 33055
p 0 198 33055
x 0 33056
p 0 297 33056
x 0 33057
p 0 313 33057
x 0 33058
p 0 197 33058
x 0 33059
p 0 206 33059
x 0 33060
p 0 200 33060
x 0 33000
h 0 10.0.0.7
p 0 1448 33000
x 1 33001
h 1 10.0.0.7
p 1 195 33001
x 0 33002
p 0 257 33002
x 0 33003
p 0 211 33003
x 0 33004
p 0 201 33004
x 0 33005
p 0 215 33005
x 0 33006
p 0 205 33006
x 0 33007
p 0 293 33007
x 0 33008
p 0 213 33008
x 0 33009
p 0 249 33009
x 0 33010
p 0 233 33010
x 0 33011
p 0 217 33011
x 0 33012
p 0 211 33012
x 0 33013
p 0 206 33013
x 0 33014
p 0 258 33014
x 0 33015
p 0 214 33015
x 0 33016
p 0 210 33016
x 0 33017
p 0 214 33017
x 0 33018
p 0 207 33018
x 0 33019
p 0 214 33019
x 0 33020
p 0 212 33020
x 0 33021
p 0 211 33021
x 0 33022
p 0 209 33022
x 0 33023
p 0 209 33023
x 0 33024
p 0 241 33024
x 0 33025
p 0 214 33025
x 0 33026
p 0 216 33026
x 0 33027
p 0 213 33027
x 0 33028
p 0 203 33028
x 0 33029
p 0 219 33029
x 0 33030
p 0 212 33030
x 0 33031
p 0 209 33031
x 0 33032
p 0 206 33032
x 0 33033
p 0 210 33033
x 0 33034
p 0 216 33034
x 0 33035
p 0 214 33035
x 0 33036
p 0 221 33036
x 0 33037
p 0 213 33037
x 0 33038
p 0 210 33038
x 0 33039
p 0 153 33039
x 0 33040
p 0 219 33040
x 0 33041
p 0 255 33041
x 0 33042
p 0 217 33042
x 0 33043
p 0 206 33043
x 0 33044
p 0 219 33044
x 0 33045
p 0 223 33045
x 0 33046
p 0 215 33046
x 0 33047
p 0 216 33047
x 0 33048
p 0 211 33048
x 0 33049
p 0 226 33049
x 0 33050
p 0 239 33050
x 0 33051
p 0 216 33051
x 0 33052
p 0 227 33052
x 0 33053
p 0 209 33053
x 0 33054
p 0 221 33054
x 0 33055
p 0 216 33055
x 0 33056
p 0 215 33056
x 0 33057
p 0 262 33057
x 0 33058
p 0 205 33058
x 0 33059
p 0 222 33059
x 0 33060
p 0 212 33060
x 0 33000
h 0 10.0.0.7
p 0 9029 33000
x 1 33001
h 1 10.0.0.7
p 1 714 33001
x 0 33002
p 0 201 33002
x 0 33003
p 0 203 33003
x 0 33004
p 0 198 33004
x 0 33005
p 0 198 33005
x 0 33006
p 0 204 33006
x 0 33007
p 0 174 33007
x 0 33008
p 0 212 33008
x 0 33009
p 0 196 33009
x 0 33010
p 0 201 33010
x 0 33011
p 0 209 33011
x 0 33012
p 0 198 33012
x 0 33013
p 0 208 33013
x 0 33014
p 0 205 33014
x 0 33015
p 0 200 33015
x 0 33016
p 0 199 33016
x 0 33017
p 0 218 33017
x 0 33018
p 0 205 33018
x 0 33019
p 0 205 33019
x 0 33020
p 0 204 33020
x 0 33021
p 0 211 33021
x 0 33022
p 0 199 33022
x 0 33023
p 0 239 33023
x 0 33024
p 0 197 33024
x 0 33025
p 0 200 33025
x 0 33026
p 0 209 33026
x 0 33027
p 0 204 33027
x 0 33028
p 0 207 33028
x 0 33029
p 0 206 33029
x 0 33030
p 0 232 33030
x 0 33031
p 0 167 33031
x 0 33032
p 0 199 33032
x 0 33033
p 0 205 33033
x 0 33034
p 0 197 33034
x 0 33035
p 0 203 33035
x 0 33036
p 0 212 33036
x 0 33037
p 0 277 33037
x 0 33038
p 0 217 33038
x 0 33039
p 0 206 33039
x 0 33040
p 0 203 33040
x 0 33041
p 0 141 33041
x 0 33042
p 0 206 33042
x 0 33043
p 0 216 33043
x 0 33044
p 0 231 33044
x 0 33045
p 0 206 33045
x 0 33046
p 0 202 33046
x 0 33047
p 0 219 33047
x 0 33048
p 0 210 33048
x 0 33049
p 0 201 33049
x 0 33050
p 0 197 33050
x 0 33051
p 0 216 33051
x 0 33052
p 0 198 33052
x 0 33053
p 0 249 33053
x 0 33054
p 0 204 33054
x 0 33055
p 0 201 33055
x 0 33056
p 0 202 33056
x 0 33057
p 0 223 33057
x 0 33058
p 0 213 33058
x 0 33059
p 0 198 33059
x 0 33060
p 0 208 33060
x 0 33000
h 0 10.0.0.7
p 0 1158 33000
x 1 33001
h 1 10.0.0.7
p 1 193 33001
x 0 33002
p 0 196 33002
x 0 33003
p 0 212 33003
x 0 33004
p 0 200 33004
x 0 33005
p 0 202 33005
x 0 33006
p 0 171 33006
x 0 33007
p 0 168 33007
x 0 33008
p 0 169 33008
x 0 33009
p 0 163 33009
x 0 33010
p 0 161 33010
x 0 33011
p 0 206 33011
x 0 33012
p 0 146 33012
x 0 33013
p 0 291 33013
x 0 33014
p 0 141 33014
x 0 33015
p 0 217 33015
x 0 33016
p 0 145 33016
x 0 33017
p 0 227 33017
x 0 33018
p 0 147 33018
x 0 33019
p 0 146 33019
x 0 33020
p 0 203 33020
x 0 33021
p 0 213 33021
x 0 33022
p 0 144 33022
x 0 33023
p 0 209 33023
x 0 33024
p 0 147 33024
x 0 33025
p 0 202 33025
x 0 33026
p 0 143 33026
x 0 33027
p 0 213 33027
x 0 33028
p 0 212 33028
x 0 33029
p 0 180 33029
x 0 33030
p 0 209 33030
x 0 33031
p 0 155 33031
x 0 33032
p 0 201 33032
x 0 33033
p 0 479 33033
x 0 33034
p 0 146 33034
x 0 33035
p 0 205 33035
x 0 33036
p 0 143 33036
x 0 33037
p 0 146 33037
x 0 33038
p 0 211 33038
x 0 33039
p 0 145 33039
x 0 33040
p 0 208 33040
x 0 33041
p 0 149 33041
x 0 33042
p 0 140 33042
x 0 33043
p 0 189 33043
x 0 33044
p 0 200 33044
x 0 33045
p 0 145 33045
x 0 33046
p 0 379 33046
x 0 33047
p 0 239 33047
x 0 33048
p 0 224 33048
x 0 33049
p 0 216 33049
x 0 33050
p 0 201 33050
x 0 33051
p 0 696 33051
x 0 33052
p 0 208 33052
x 0 33053
p 0 536 33053
x 0 33054
p 0 242 33054
x 0 33055
p 0 203 33055
x 0 33056
p 0 369 33056
x 0 33057
p 0 141 33057
x 0 33058
p 0 148 33058
x 0 33059
p 0 201 33059
x 0 33060
p 0 196 33060
x 0 33000
h 0 10.0.0.7
p 0 8186 33000
x 1 33001
h 1 10.0.0.7
p 1 974 33001
x 0 33002
p 0 273 33002
x 0 33003
p 0 204 33003
x 0 33004
p 0 198 33004
x 0 33005
p 0 250 33005
x 0 33006
p 0 212 33006
x 0 33007
p 0 205 33007
x 0 33008
p 0 203 33008
x 0 33009
p 0 200 33009
x 0 33010
p 0 200 33010
x 0 33011
p 0 201 33011
x 0 33012
p 0 202 33012
x 0 33013
p 0 204 33013
x 0 33014
p 0 201 33014
x 0 33015
p 0 205 33015
x 0 33016
p 0 195 33016
x 0 33017
p 0 155 33017
x 0 33018
p 0 204 33018
x 0 33019
p 0 202 33019
x 0 33020
p 0 200 33020
x 0 33021
p 0 243 33021
x 0 33022
p 0 206 33022
x 0 33023
p 0 200 33023
x 0 33024
p 0 206 33024
x 0 33025
p 0 203 33025
x 0 33026
p 0 204 33026
x 0 33027
p 0 205 33027
x 0 33028
p 0 246 33028
x 0 33029
p 0 207 33029
x 0 33030
p 0 204 33030
x 0 33031
p 0 200 33031
x 0 33032
p 0 205 33032
x 0 33033
p 0 204 33033
x 0 33034
p 0 204 33034
x 0 33035
p 0 243 33035
x 0 33036
p 0 203 33036
x 0 33037
p 0 304 33037
x 0 33038
p 0 206 33038
x 0 33039
p 0 205 33039
x 0 33040
p 0 200 33040
x 0 33041
p 0 200 33041
x 0 33042
p 0 204 33042
x 0 33043
p 0 298 33043
x 0 33044
p 0 208 33044
x 0 33045
p 0 201 33045
x 0 33046
p 0 202 33046
x 0 33047
p 0 203 33047
x 0 33048
p 0 199 33048
x 0 33049
p 0 242 33049
x 0 33050
p 0 200 33050
x 0 33051
p 0 200 33051
x 0 33052
p 0 227 33052
x 0 33053
p 0 199 33053
x 0 33054
p 0 200 33054
x 0 33055
p 0 200 33055
x 0 33056
p 0 264 33056
x 0 33057
p 0 222 33057
x 0 33058
p 0 229 33058
x 0 33059
p 0 395 33059
x 0 33060
p 0 285 33060
x 0 33000
h 0 10.0.0.7
p 0 1045 33000
x 1 33001
h 1 10.0.0.7
p 1 225 33001
x 0 33002
p 0 200 33002
x 0 33003
p 0 203 33003
x 0 33004
p 0 205 33004
x 0 33005
p 0 275 33005
x 0 33006
p 0 243 33006
x 0 33007
p 0 205 33007
x 0 33008
p 0 170 33008
x 0 33009
p 0 232 33009
x 0 33010
p 0 167 33010
x 0 33011
p 0 198 33011
x 0 33012
p 0 208 33012
x 0 33013
p 0 163 33013
x 0 33014
p 0 166 33014
x 0 33015
p 0 161 33015
x 0 33016
p 0 169 33016
x 0 33017
p 0 164 33017
x 0 33018
p 0 168 33018
x 0 33019
p 0 167 33019
x 0 33020
p 0 161 33020
x 0 33021
p 0 168 33021
x 0 33022
p 0 228 33022
x 0 33023
p 0 208 33023
x 0 33024
p 0 204 33024
x 0 33025
p 0 215 33025
x 0 33026
p 0 206 33026
x 0 33027
p 0 220 33027
x 0 33028
p 0 231 33028
x 0 33029
p 0 224 33029
x 0 33030
p 0 241 33030
x 0 33031
p 0 149 33031
x 0 33032
p 0 211 33032
x 0 33033
p 0 148 33033
x 0 33034
p 0 210 33034
x 0 33035
p 0 152 33035
x 0 33036
p 0 147 33036
x 0 33037
p 0 261 33037
x 0 33038
p 0 152 33038
x 0 33039
p 0 205 33039
x 0 33040
p 0 144 33040
x 0 33041
p 0 220 33041
x 0 33042
p 0 150 33042
x 0 33043
p 0 223 33043
x 0 33044
p 0 147 33044
x 0 33045
p 0 207 33045
x 0 33046
p 0 144 33046
x 0 33047
p 0 218 33047
x 0 33048
p 0 150 33048
x 0 33049
p 0 221 33049
x 0 33050
p 0 148 33050
x 0 33051
p 0 148 33051
x 0 33052
p 0 208 33052
x 0 33053
p 0 218 33053
x 0 33054
p 0 145 33054
x 0 33055
p 0 147 33055
x 0 33056
p 0 297 33056
x 0 33057
p 0 147 33057
x 0 33058
p 0 148 33058
x 0 33059
p 0 213 33059
x 0 33060
p 0 147 33060
x 0 33000
h 0 10.0.0.7
p 0 16426 33000
x 1 33001
h 1 10.0.0.7
p 1 923 33001
x 0 33002
p 0 256 33002
x 0 33003
p 0 208 33003
x 0 33004
p 0 196 33004
x 0 33005
p 0 197 33005
x 0 33006
p 0 229 33006
x 0 33007
p 0 246 33007
x 0 33008
p 0 204 33008
x 0 33009
p 0 209 33009
x 0 33010
p 0 209 33010
x 0 33011
p 0 208 33011
x 0 33012
p 0 212 33012
x 0 33013
p 0 217 33013
x 0 33014
p 0 208 33014
x 0 33015
p 0 218 33015
x 0 33016
p 0 217 33016
x 0 33017
p 0 220 33017
x 0 33018
p 0 217 33018
x 0 33019
p 0 209 33019
x 0 33020
p 0 224 33020
x 0 33021
p 0 233 33021
x 0 33022
p 0 245 33022
x 0 33023
p 0 212 33023
x 0 33024
p 0 203 33024
x 0 33025
p 0 223 33025
x 0 33026
p 0 280 33026
x 0 33027
p 0 168 33027
x 0 33028
p 0 171 33028
x 0 33029
p 0 227 33029
x 0 33030
p 0 192 33030
x 0 33031
p 0 330 33031
x 0 33032
p 0 202 33032
x 0 33033
p 0 208 33033
x 0 33034
p 0 219 33034
x 0 33035
p 0 246 33035
x 0 33036
p 0 354 33036
x 0 33037
p 0 291 33037
x 0 33038
p 0 219 33038
x 0 33039
p 0 205 33039
x 0 33040
p 0 215 33040
x 0 33041
p 0 292 33041
x 0 33042
p 0 207 33042
x 0 33043
p 0 215 33043
x 0 33044
p 0 202 33044
x 0 33045
p 0 205 33045
x 0 33046
p 0 262 33046
x 0 33047
p 0 212 33047
x 0 33048
p 0 211 33048
x 0 33049
p 0 211 33049
x 0 33050
p 0 221 33050
x 0 33051
p 0 212 33051
x 0 33052
p 0 244 33052
x 0 33053
p 0 201 33053
x 0 33054
p 0 204 33054
x 0 33055
p 0 219 33055
x 0 33056
p 0 221 33056
x 0 33057
p 0 201 33057
x 0 33058
p 0 226 33058
x 0 33059
p 0 239 33059
x 0 33060
p 0 205 33060
x 0 33000
h 0 10.0.0.7
p 0 1261 33000
x 1 33001
h 1 10.0.0.7
p 1 224 33001
x 0 33002
p 0 199 33002
x 0 33003
p 0 204 33003
x 0 33004
p 0 203 33004
x 0 33005
p 0 204 33005
x 0 33006
p 0 216 33006
x 0 33007
p 0 210 33007
x 0 33008
p 0 220 33008
x 0 33009
p 0 208 33009
x 0 33010
p 0 207 33010
x 0 33011
p 0 257 33011
x 0 33012
p 0 205 33012
x 0 33013
p 0 206 33013
x 0 33014
p 0 205 33014
x 0 33015
p 0 207 33015
x 0 33016
p 0 214 33016
x 0 33017
p 0 214 33017
x 0 33018
p 0 207 33018
x 0 33019
p 0 202 33019
x 0 33020
p 0 203 33020
x 0 33021
p 0 203 33021
x 0 33022
p 0 237 33022
x 0 33023
p 0 202 33023
x 0 33024
p 0 208 33024
x 0 33025
p 0 208 33025
x 0 33026
p 0 206 33026
x 0 33027
p 0 201 33027
x 0 33028
p 0 204 33028
x 0 33029
p 0 246 33029
x 0 33030
p 0 204 33030
x 0 33031
p 0 209 33031
x 0 33032
p 0 203 33032
x 0 33033
p 0 292 33033
x 0 33034
p 0 204 33034
x 0 33035
p 0 297 33035
x 0 33036
p 0 207 33036
x 0 33037
p 0 201 33037
x 0 33038
p 0 206 33038
x 0 33039
p 0 201 33039
x 0 33040
p 0 201 33040
x 0 33041
p 0 311 33041
x 0 33042
p 0 199 33042
x 0 33043
p 0 203 33043
x 0 33044
p 0 208 33044
x 0 33045
p 0 208 33045
x 0 33046
p 0 209 33046
x 0 33047
p 0 202 33047
x 0 33048
p 0 204 33048
x 0 33049
p 0 201 33049
x 0 33050
p 0 203 33050
x 0 33051
p 0 206 33051
x 0 33052
p 0 202 33052
x 0 33053
p 0 204 33053
x 0 33054
p 0 204 33054
x 0 33055
p 0 204 33055
x 0 33056
p 0 205 33056
x 0 33057
p 0 202 33057
x 0 33058
p 0 213 33058
x 0 33059
p 0 205 33059
x 0 33060
p 0 210 33060
