x 0 33000
x 1 33001
h 0 10.0.0.12
p 0 138699 33000
h 1 10.0.0.12
p 1 67454 33001
x 2 33002
h 2 10.0.0.12
p 2 589 33002
x 0 33003
p 0 230 33003
x 0 33004
p 0 245 33004
x 0 33005
p 0 204 33005
x 0 33006
p 0 144 33006
x 0 33007
p 0 208 33007
x 0 33008
p 0 244 33008
x 0 33009
p 0 214 33009
x 0 33010
p 0 208 33010
x 0 33011
p 0 203 33011
x 0 33012
p 0 203 33012
x 0 33013
p 0 205 33013
x 0 33014
p 0 198 33014
x 0 33015
p 0 204 33015
x 0 33016
p 0 206 33016
x 0 33017
p 0 204 33017
x 0 33018
p 0 122 33018
x 0 33019
p 0 206 33019
x 0 33020
p 0 203 33020
x 0 33021
p 0 188 33021
x 0 33022
p 0 205 33022
x 0 33023
p 0 204 33023
x 0 33024
p 0 207 33024
x 0 33025
p 0 207 33025
x 0 33026
p 0 157 33026
x 0 33027
p 0 154 33027
x 0 33028
p 0 158 33028
x 0 33029
p 0 155 33029
x 0 33030
p 0 152 33030
x 0 33031
p 0 158 33031
x 0 33032
p 0 161 33032
x 0 33033
p 0 153 33033
x 0 33034
p 0 152 33034
x 0 33035
p 0 165 33035
x 0 33036
p 0 155 33036
x 0 33037
p 0 153 33037
x 0 33038
p 0 150 33038
x 0 33039
p 0 150 33039
x 0 33040
p 0 154 33040
x 0 33041
p 0 153 33041
x 0 33042
p 0 151 33042
x 0 33043
p 0 190 33043
x 0 33044
p 0 154 33044
x 0 33045
p 0 155 33045
x 0 33046
p 0 161 33046
x 0 33047
p 0 160 33047
x 0 33048
p 0 153 33048
x 0 33049
p 0 158 33049
x 0 33050
p 0 161 33050
x 0 33051
p 0 155 33051
x 0 33052
p 0 154 33052
x 0 33053
p 0 150 33053
x 0 33054
p 0 192 33054
x 0 33055
p 0 159 33055
x 0 33056
p 0 89 33056
x 0 33057
p 0 151 33057
x 0 33058
p 0 163 33058
x 0 33059
p 0 155 33059
x 0 33060
p 0 150 33060
x 0 33061
p 0 162 33061
x 0 33000
h 0 10.0.0.12
p 0 1269 33000
x 1 33001
h 1 10.0.0.12
p 1 202 33001
x 0 33002
p 0 193 33002
x 0 33003
p 0 255 33003
x 0 33004
p 0 203 33004
x 0 33005
p 0 209 33005
x 0 33006
p 0 207 33006
x 0 33007
p 0 261 33007
x 0 33008
p 0 215 33008
x 0 33009
p 0 207 33009
x 0 33010
p 0 216 33010
x 0 33011
p 0 215 33011
x 0 33012
p 0 220 33012
x 0 33013
p 0 216 33013
x 0 33014
p 0 217 33014
x 0 33015
p 0 245 33015
x 0 33016
p 0 209 33016
x 0 33017
p 0 200 33017
x 0 33018
p 0 233 33018
x 0 33019
p 0 205 33019
x 0 33020
p 0 214 33020
x 0 33021
p 0 221 33021
x 0 33022
p 0 209 33022
x 0 33023
p 0 217 33023
x 0 33024
p 0 198 33024
x 0 33025
p 0 268 33025
x 0 33026
p 0 206 33026
x 0 33027
p 0 209 33027
x 0 33028
p 0 212 33028
x 0 33029
p 0 212 33029
x 0 33030
p 0 341 33030
x 0 33031
p 0 218 33031
x 0 33032
p 0 265 33032
x 0 33033
p 0 204 33033
x 0 33034
p 0 220 33034
x 0 33035
p 0 313 33035
x 0 33036
p 0 211 33036
x 0 33037
p 0 216 33037
x 0 33038
p 0 207 33038
x 0 33039
p 0 209 33039
x 0 33040
p 0 216 33040
x 0 33041
p 0 212 33041
x 0 33042
p 0 209 33042
x 0 33043
p 0 209 33043
x 0 33044
p 0 209 33044
x 0 33045
p 0 216 33045
x 0 33046
p 0 176 33046
x 0 33047
p 0 184 33047
x 0 33048
p 0 169 33048
x 0 33049
p 0 177 33049
x 0 33050
p 0 185 33050
x 0 33051
p 0 211 33051
x 0 33052
p 0 173 33052
x 0 33053
p 0 175 33053
x 0 33054
p 0 177 33054
x 0 33055
p 0 184 33055
x 0 33056
p 0 173 33056
x 0 33057
p 0 173 33057
x 0 33058
p 0 172 33058
x 0 33059
p 0 209 33059
x 0 33060
p 0 210 33060
x 0 33000
h 0 10.0.0.12
p 0 6822 33000
x 1 33001
h 1 10.0.0.12
p 1 706 33001
x 0 33002
p 0 249 33002
x 0 33003
p 0 221 33003
x 0 33004
p 0 212 33004
x 0 33005
p 0 219 33005
x 0 33006
p 0 214 33006
x 0 33007
p 0 212 33007
x 0 33008
p 0 233 33008
x 0 33009
p 0 203 33009
x 0 33010
p 0 201 33010
x 0 33011
p 0 235 33011
x 0 33012
p 0 201 33012
x 0 33013
p 0 196 33013
x 0 33014
p 0 204 33014
x 0 33015
p 0 237 33015
x 0 33016
p 0 198 33016
x 0 33017
p 0 199 33017
x 0 33018
p 0 205 33018
x 0 33019
p 0 202 33019
x 0 33020
p 0 224 33020
x 0 33021
p 0 202 33021
x 0 33022
p 0 203 33022
x 0 33023
p 0 200 33023
x 0 33024
p 0 204 33024
x 0 33025
p 0 237 33025
x 0 33026
p 0 202 33026
x 0 33027
p 0 202 33027
x 0 33028
p 0 207 33028
x 0 33029
p 0 179 33029
x 0 33030
p 0 184 33030
x 0 33031
p 0 201 33031
x 0 33032
p 0 209 33032
x 0 33033
p 0 206 33033
x 0 33034
p 0 203 33034
x 0 33035
p 0 203 33035
x 0 33036
p 0 205 33036
x 0 33037
p 0 244 33037
x 0 33038
p 0 202 33038
x 0 33039
p 0 155 33039
x 0 33040
p 0 204 33040
x 0 33041
p 0 285 33041
x 0 33042
p 0 259 33042
x 0 33043
p 0 224 33043
x 0 33044
p 0 205 33044
x 0 33045
p 0 243 33045
x 0 33046
p 0 204 33046
x 0 33047
p 0 234 33047
x 0 33048
p 0 233 33048
x 0 33049
p 0 232 33049
x 0 33050
p 0 200 33050
x 0 33051
p 0 206 33051
x 0 33052
p 0 244 33052
x 0 33053
p 0 204 33053
x 0 33054
p 0 203 33054
x 0 33055
p 0 203 33055
x 0 33056
p 0 162 33056
x 0 33057
p 0 203 33057
x 0 33058
p 0 231 33058
x 0 33059
p 0 275 33059
x 0 33060
p 0 201 33060
x 0 33000
h 0 10.0.0.12
p 0 516 33000
x 1 33001
h 1 10.0.0.12
p 1 192 33001
x 0 33002
p 0 202 33002
x 0 33003
p 0 169 33003
x 0 33004
p 0 173 33004
x 0 33005
p 0 167 33005
x 0 33006
p 0 203 33006
x 0 33007
p 0 196 33007
x 0 33008
p 0 198 33008
x 0 33009
p 0 228 33009
x 0 33010
p 0 198 33010
x 0 33011
p 0 197 33011
x 0 33012
p 0 195 33012
x 0 33013
p 0 194 33013
x 0 33014
p 0 180 33014
x 0 33015
p 0 196 33015
x 0 33016
p 0 198 33016
x 0 33017
p 0 198 33017
x 0 33018
p 0 197 33018
x 0 33019
p 0 198 33019
x 0 33020
p 0 196 33020
x 0 33021
p 0 195 33021
x 0 33022
p 0 200 33022
x 0 33023
p 0 285 33023
x 0 33024
p 0 198 33024
x 0 33025
p 0 196 33025
x 0 33026
p 0 196 33026
x 0 33027
p 0 198 33027
x 0 33028
p 0 197 33028
x 0 33029
p 0 200 33029
x 0 33030
p 0 177 33030
x 0 33031
p 0 138 33031
x 0 33032
p 0 208 33032
x 0 33033
p 0 266 33033
x 0 33034
p 0 208 33034
x 0 33035
p 0 207 33035
x 0 33036
p 0 221 33036
x 0 33037
p 0 208 33037
x 0 33038
p 0 269 33038
x 0 33039
p 0 300 33039
x 0 33040
p 0 175 33040
x 0 33041
p 0 283 33041
x 0 33042
p 0 172 33042
x 0 33043
p 0 175 33043
x 0 33044
p 0 174 33044
x 0 33045
p 0 173 33045
x 0 33046
p 0 187 33046
x 0 33047
p 0 177 33047
x 0 33048
p 0 176 33048
x 0 33049
p 0 179 33049
x 0 33050
p 0 180 33050
x 0 33051
p 0 204 33051
x 0 33052
p 0 176 33052
x 0 33053
p 0 209 33053
x 0 33054
p 0 171 33054
x 0 33055
p 0 168 33055
x 0 33056
p 0 170 33056
x 0 33057
p 0 210 33057
x 0 33058
p 0 210 33058
x 0 33059
p 0 231 33059
x 0 33060
p 0 346 33060
x 0 33000
h 0 10.0.0.12
p 0 17208 33000
x 1 33001
h 1 10.0.0.12
p 1 1157 33001
x 0 33002
p 0 189 33002
x 0 33003
p 0 156 33003
x 0 33004
p 0 206 33004
x 0 33005
p 0 162 33005
x 0 33006
p 0 208 33006
x 0 33007
p 0 274 33007
x 0 33008
p 0 177 33008
x 0 33009
p 0 241 33009
x 0 33010
p 0 202 33010
x 0 33011
p 0 206 33011
x 0 33012
p 0 207 33012
x 0 33013
p 0 204 33013
x 0 33014
p 0 202 33014
x 0 33015
p 0 206 33015
x 0 33016
p 0 328 33016
x 0 33017
p 0 155 33017
x 0 33018
p 0 137 33018
x 0 33019
p 0 205 33019
x 0 33020
p 0 201 33020
x 0 33021
p 0 201 33021
x 0 33022
p 0 153 33022
x 0 33023
p 0 205 33023
x 0 33024
p 0 229 33024
x 0 33025
p 0 203 33025
x 0 33026
p 0 205 33026
x 0 33027
p 0 199 33027
x 0 33028
p 0 202 33028
x 0 33029
p 0 201 33029
x 0 33030
p 0 162 33030
x 0 33031
p 0 164 33031
x 0 33032
p 0 163 33032
x 0 33033
p 0 162 33033
x 0 33034
p 0 163 33034
x 0 33035
p 0 159 33035
x 0 33036
p 0 170 33036
x 0 33037
p 0 166 33037
x 0 33038
p 0 263 33038
x 0 33039
p 0 287 33039
x 0 33040
p 0 230 33040
x 0 33041
p 0 206 33041
x 0 33042
p 0 209 33042
x 0 33043
p 0 229 33043
x 0 33044
p 0 197 33044
x 0 33045
p 0 198 33045
x 0 33046
p 0 197 33046
x 0 33047
p 0 195 33047
x 0 33048
p 0 196 33048
x 0 33049
p 0 197 33049
x 0 33050
p 0 195 33050
x 0 33051
p 0 196 33051
x 0 33052
p 0 198 33052
x 0 33053
p 0 197 33053
x 0 33054
p 0 195 33054
x 0 33055
p 0 196 33055
x 0 33056
p 0 196 33056
x 0 33057
p 0 166 33057
x 0 33058
p 0 195 33058
x 0 33059
p 0 353 33059
x 0 33060
p 0 325 33060
x 0 33000
h 0 10.0.0.12
p 0 610 33000
x 1 33001
h 1 10.0.0.12
p 1 197 33001
x 0 33002
p 0 121 33002
x 0 33003
p 0 205 33003
x 0 33004
p 0 208 33004
x 0 33005
p 0 206 33005
x 0 33006
p 0 205 33006
x 0 33007
p 0 207 33007
x 0 33008
p 0 202 33008
x 0 33009
p 0 204 33009
x 0 33010
p 0 261 33010
x 0 33011
p 0 206 33011
x 0 33012
p 0 207 33012
x 0 33013
p 0 202 33013
x 0 33014
p 0 207 33014
x 0 33015
p 0 205 33015
x 0 33016
p 0 182 33016
x 0 33017
p 0 246 33017
x 0 33018
p 0 201 33018
x 0 33019
p 0 285 33019
x 0 33020
p 0 207 33020
x 0 33021
p 0 204 33021
x 0 33022
p 0 206 33022
x 0 33023
p 0 207 33023
x 0 33024
p 0 202 33024
x 0 33025
p 0 241 33025
x 0 33026
p 0 287 33026
x 0 33027
p 0 205 33027
x 0 33028
p 0 204 33028
x 0 33029
p 0 203 33029
x 0 33030
p 0 206 33030
x 0 33031
p 0 205 33031
x 0 33032
p 0 240 33032
x 0 33033
p 0 202 33033
x 0 33034
p 0 203 33034
x 0 33035
p 0 206 33035
x 0 33036
p 0 204 33036
x 0 33037
p 0 209 33037
x 0 33038
p 0 208 33038
x 0 33039
p 0 204 33039
x 0 33040
p 0 206 33040
x 0 33041
p 0 202 33041
x 0 33042
p 0 209 33042
x 0 33043
p 0 209 33043
x 0 33044
p 0 210 33044
x 0 33045
p 0 204 33045
x 0 33046
p 0 201 33046
x 0 33047
p 0 206 33047
x 0 33048
p 0 207 33048
x 0 33049
p 0 198 33049
x 0 33050
p 0 203 33050
x 0 33051
p 0 207 33051
x 0 33052
p 0 224 33052
x 0 33053
p 0 207 33053
x 0 33054
p 0 207 33054
x 0 33055
p 0 204 33055
x 0 33056
p 0 205 33056
x 0 33057
p 0 213 33057
x 0 33058
p 0 212 33058
x 0 33059
p 0 210 33059
x 0 33060
p 0 221 33060
x 0 33000
h 0 10.0.0.12
p 0 11645 33000
x 1 33001
h 1 10.0.0.12
p 1 841 33001
x 0 33002
p 0 223 33002
x 0 33003
p 0 256 33003
x 0 33004
p 0 206 33004
x 0 33005
p 0 208 33005
x 0 33006
p 0 206 33006
x 0 33007
p 0 240 33007
x 0 33008
p 0 196 33008
x 0 33009
p 0 204 33009
x 0 33010
p 0 219 33010
x 0 33011
p 0 220 33011
x 0 33012
p 0 201 33012
x 0 33013
p 0 205 33013
x 0 33014
p 0 204 33014
x 0 33015
p 0 203 33015
x 0 33016
p 0 257 33016
x 0 33017
p 0 212 33017
x 0 33018
p 0 204 33018
x 0 33019
p 0 209 33019
x 0 33020
p 0 199 33020
x 0 33021
p 0 209 33021
x 0 33022
p 0 239 33022
x 0 33023
p 0 200 33023
x 0 33024
p 0 225 33024
x 0 33025
p 0 203 33025
x 0 33026
p 0 206 33026
x 0 33027
p 0 170 33027
x 0 33028
p 0 168 33028
x 0 33029
p 0 248 33029
x 0 33030
p 0 190 33030
x 0 33031
p 0 151 33031
x 0 33032
p 0 149 33032
x 0 33033
p 0 151 33033
x 0 33034
p 0 156 33034
x 0 33035
p 0 157 33035
x 0 33036
p 0 157 33036
x 0 33037
p 0 227 33037
x 0 33038
p 0 144 33038
x 0 33039
p 0 143 33039
x 0 33040
p 0 204 33040
x 0 33041
p 0 157 33041
x 0 33042
p 0 183 33042
x 0 33043
p 0 173 33043
x 0 33044
p 0 216 33044
x 0 33045
p 0 160 33045
x 0 33046
p 0 172 33046
x 0 33047
p 0 172 33047
x 0 33048
p 0 170 33048
x 0 33049
p 0 175 33049
x 0 33050
p 0 173 33050
x 0 33051
p 0 218 33051
x 0 33052
p 0 175 33052
x 0 33053
p 0 168 33053
x 0 33054
p 0 169 33054
x 0 33055
p 0 166 33055
x 0 33056
p 0 213 33056
x 0 33057
p 0 203 33057
x 0 33058
p 0 203 33058
x 0 33059
p 0 208 33059
x 0 33060
p 0 241 33060
x 0 33000
h 0 10.0.0.12
p 0 787 33000
x 1 33001
h 1 10.0.0.12
p 1 279 33001
x 0 33002
p 0 218 33002
x 0 33003
p 0 171 33003
x 0 33004
p 0 171 33004
x 0 33005
p 0 186 33005
x 0 33006
p 0 194 33006
x 0 33007
p 0 216 33007
x 0 33008
p 0 208 33008
x 0 33009
p 0 207 33009
x 0 33010
p 0 206 33010
x 0 33011
p 0 182 33011
x 0 33012
p 0 219 33012
x 0 33013
p 0 306 33013
x 0 33014
p 0 212 33014
x 0 33015
p 0 212 33015
x 0 33016
p 0 206 33016
x 0 33017
p 0 208 33017
x 0 33018
p 0 202 33018
x 0 33019
p 0 204 33019
x 0 33020
p 0 210 33020
x 0 33021
p 0 207 33021
x 0 33022
p 0 215 33022
x 0 33023
p 0 212 33023
x 0 33024
p 0 213 33024
x 0 33025
p 0 207 33025
x 0 33026
p 0 214 33026
x 0 33027
p 0 216 33027
x 0 33028
p 0 218 33028
x 0 33029
p 0 210 33029
x 0 33030
p 0 211 33030
x 0 33031
p 0 215 33031
x 0 33032
p 0 220 33032
x 0 33033
p 0 203 33033
x 0 33034
p 0 292 33034
x 0 33035
p 0 401 33035
x 0 33036
p 0 209 33036
x 0 33037
p 0 205 33037
x 0 33038
p 0 188 33038
x 0 33039
p 0 218 33039
x 0 33040
p 0 217 33040
x 0 33041
p 0 221 33041
x 0 33042
p 0 220 33042
x 0 33043
p 0 212 33043
x 0 33044
p 0 213 33044
x 0 33045
p 0 211 33045
x 0 33046
p 0 183 33046
x 0 33047
p 0 215 33047
x 0 33048
p 0 211 33048
x 0 33049
p 0 172 33049
x 0 33050
p 0 172 33050
x 0 33051
p 0 212 33051
x 0 33052
p 0 214 33052
x 0 33053
p 0 206 33053
x 0 33054
p 0 209 33054
x 0 33055
p 0 220 33055
x 0 33056
p 0 220 33056
x 0 33057
p 0 229 33057
x 0 33058
p 0 210 33058
x 0 33059
p 0 217 33059
x 0 33060
p 0 210 33060
x 0 33000
h 0 10.0.0.12
p 0 13306 33000
x 1 33001
h 1 10.0.0.12
p 1 946 33001
x 0 33002
p 0 192 33002
x 0 33003
p 0 204 33003
x 0 33004
p 0 202 33004
x 0 33005
p 0 202 33005
x 0 33006
p 0 212 33006
x 0 33007
p 0 192 33007
x 0 33008
p 0 205 33008
x 0 33009
p 0 205 33009
x 0 33010
p 0 174 33010
x 0 33011
p 0 90 33011
x 0 33012
p 0 206 33012
x 0 33013
p 0 156 33013
x 0 33014
p 0 207 33014
x 0 33015
p 0 207 33015
x 0 33016
p 0 207 33016
x 0 33017
p 0 204 33017
x 0 33018
p 0 251 33018
x 0 33019
p 0 159 33019
x 0 33020
p 0 168 33020
x 0 33021
p 0 166 33021
x 0 33022
p 0 170 33022
x 0 33023
p 0 170 33023
x 0 33024
p 0 260 33024
x 0 33025
p 0 294 33025
x 0 33026
p 0 236 33026
x 0 33027
p 0 204 33027
x 0 33028
p 0 200 33028
x 0 33029
p 0 205 33029
x 0 33030
p 0 240 33030
x 0 33031
p 0 205 33031
x 0 33032
p 0 206 33032
x 0 33033
p 0 204 33033
x 0 33034
p 0 316 33034
x 0 33035
p 0 209 33035
x 0 33036
p 0 203 33036
x 0 33037
p 0 494 33037
x 0 33038
p 0 241 33038
x 0 33039
p 0 205 33039
x 0 33040
p 0 214 33040
x 0 33041
p 0 211 33041
x 0 33042
p 0 341 33042
x 0 33043
p 0 296 33043
x 0 33044
p 0 207 33044
x 0 33045
p 0 211 33045
x 0 33046
p 0 209 33046
x 0 33047
p 0 207 33047
x 0 33048
p 0 210 33048
x 0 33049
p 0 213 33049
x 0 33050
p 0 210 33050
x 0 33051
p 0 211 33051
x 0 33052
p 0 211 33052
x 0 33053
p 0 211 33053
x 0 33054
p 0 210 33054
x 0 33055
p 0 209 33055
x 0 33056
p 0 241 33056
x 0 33057
p 0 208 33057
x 0 33058
p 0 205 33058
x 0 33059
p 0 208 33059
x 0 33060
p 0 209 33060
x 0 33000
h 0 10.0.0.12
p 0 616 33000
x 1 33001
h 1 10.0.0.12
p 1 241 33001
x 0 33002
p 0 204 33002
x 0 33003
p 0 203 33003
x 0 33004
p 0 201 33004
x 0 33005
p 0 182 33005
x 0 33006
p 0 208 33006
x 0 33007
p 0 203 33007
x 0 33008
p 0 203 33008
x 0 33009
p 0 234 33009
x 0 33010
p 0 206 33010
x 0 33011
p 0 202 33011
x 0 33012
p 0 245 33012
x 0 33013
p 0 203 33013
x 0 33014
p 0 200 33014
x 0 33015
p 0 202 33015
x 0 33016
p 0 237 33016
x 0 33017
p 0 201 33017
x 0 33018
p 0 202 33018
x 0 33019
p 0 238 33019
x 0 33020
p 0 204 33020
x 0 33021
p 0 202 33021
x 0 33022
p 0 206 33022
x 0 33023
p 0 201 33023
x 0 33024
p 0 277 33024
x 0 33025
p 0 208 33025
x 0 33026
p 0 257 33026
x 0 33027
p 0 204 33027
x 0 33028
p 0 201 33028
x 0 33029
p 0 205 33029
x 0 33030
p 0 200 33030
x 0 33031
p 0 200 33031
x 0 33032
p 0 206 33032
x 0 33033
p 0 258 33033
x 0 33034
p 0 201 33034
x 0 33035
p 0 206 33035
x 0 33036
p 0 202 33036
x 0 33037
p 0 203 33037
x 0 33038
p 0 202 33038
x 0 33039
p 0 203 33039
x 0 33040
p 0 268 33040
x 0 33041
p 0 200 33041
x 0 33042
p 0 204 33042
x 0 33043
p 0 200 33043
x 0 33044
p 0 229 33044
x 0 33045
p 0 201 33045
x 0 33046
p 0 201 33046
x 0 33047
p 0 201 33047
x 0 33048
p 0 198 33048
x 0 33049
p 0 204 33049
x 0 33050
p 0 204 33050
x 0 33051
p 0 238 33051
x 0 33052
p 0 207 33052
x 0 33053
p 0 203 33053
x 0 33054
p 0 195 33054
x 0 33055
p 0 198 33055
x 0 33056
p 0 201 33056
x 0 33057
p 0 200 33057
x 0 33058
p 0 200 33058
x 0 33059
p 0 204 33059
x 0 33060
p 0 199 33060
x 0 33000
h 0 10.0.0.12
p 0 14271 33000
x 1 33001
h 1 10.0.0.12
p 1 710 33001
x 0 33002
p 0 118 33002
x 0 33003
p 0 238 33003
x 0 33004
p 0 200 33004
x 0 33005
p 0 198 33005
x 0 33006
p 0 202 33006
x 0 33007
p 0 199 33007
x 0 33008
p 0 199 33008
x 0 33009
p 0 200 33009
x 0 33010
p 0 198 33010
x 0 33011
p 0 199 33011
x 0 33012
p 0 199 33012
x 0 33013
p 0 198 33013
x 0 33014
p 0 180 33014
x 0 33015
p 0 198 33015
x 0 33016
p 0 199 33016
x 0 33017
p 0 200 33017
x 0 33018
p 0 199 33018
x 0 33019
p 0 200 33019
x 0 33020
p 0 198 33020
x 0 33021
p 0 258 33021
x 0 33022
p 0 243 33022
x 0 33023
p 0 173 33023
x 0 33024
p 0 240 33024
x 0 33025
p 0 199 33025
x 0 33026
p 0 199 33026
x 0 33027
p 0 168 33027
x 0 33028
p 0 201 33028
x 0 33029
p 0 200 33029
x 0 33030
p 0 168 33030
x 0 33031
p 0 168 33031
x 0 33032
p 0 270 33032
x 0 33033
p 0 222 33033
x 0 33034
p 0 223 33034
x 0 33035
p 0 207 33035
x 0 33036
p 0 224 33036
x 0 33037
p 0 220 33037
x 0 33038
p 0 178 33038
x 0 33039
p 0 173 33039
x 0 33040
p 0 172 33040
x 0 33041
p 0 176 33041
x 0 33042
p 0 205 33042
x 0 33043
p 0 164 33043
x 0 33044
p 0 164 33044
x 0 33045
p 0 164 33045
x 0 33046
p 0 161 33046
x 0 33047
p 0 156 33047
x 0 33048
p 0 162 33048
x 0 33049
p 0 160 33049
x 0 33050
p 0 162 33050
x 0 33051
p 0 164 33051
x 0 33052
p 0 165 33052
x 0 33053
p 0 158 33053
x 0 33054
p 0 162 33054
x 0 33055
p 0 189 33055
x 0 33056
p 0 160 33056
x 0 33057
p 0 210 33057
x 0 33058
p 0 162 33058
x 0 33059
p 0 173 33059
x 0 33060
p 0 200 33060
x 0 33000
h 0 10.0.0.12
p 0 926 33000
x 1 33001
h 1 10.0.0.12
p 1 206 33001
x 0 33002
p 0 170 33002
x 0 33003
p 0 203 33003
x 0 33004
p 0 205 33004
x 0 33005
p 0 205 33005
x 0 33006
p 0 279 33006
x 0 33007
p 0 343 33007
x 0 33008
p 0 364 33008
x 0 33009
p 0 180 33009
x 0 33010
p 0 367 33010
x 0 33011
p 0 344 33011
x 0 33012
p 0 325 33012
x 0 33013
p 0 315 33013
x 0 33014
p 0 274 33014
x 0 33015
p 0 345 33015
x 0 33016
p 0 325 33016
x 0 33017
p 0 333 33017
x 0 33018
p 0 156 33018
x 0 33019
p 0 202 33019
x 0 33020
p 0 202 33020
x 0 33021
p 0 207 33021
x 0 33022
p 0 209 33022
x 0 33023
p 0 204 33023
x 0 33024
p 0 203 33024
x 0 33025
p 0 203 33025
x 0 33026
p 0 204 33026
x 0 33027
p 0 202 33027
x 0 33028
p 0 203 33028
x 0 33029
p 0 204 33029
x 0 33030
p 0 201 33030
x 0 33031
p 0 204 33031
x 0 33032
p 0 207 33032
x 0 33033
p 0 205 33033
x 0 33034
p 0 205 33034
x 0 33035
p 0 202 33035
x 0 33036
p 0 203 33036
x 0 33037
p 0 206 33037
x 0 33038
p 0 200 33038
x 0 33039
p 0 203 33039
x 0 33040
p 0 205 33040
x 0 33041
p 0 201 33041
x 0 33042
p 0 207 33042
x 0 33043
p 0 206 33043
x 0 33044
p 0 204 33044
x 0 33045
p 0 204 33045
x 0 33046
p 0 204 33046
x 0 33047
p 0 206 33047
x 0 33048
p 0 206 33048
x 0 33049
p 0 206 33049
x 0 33050
p 0 205 33050
x 0 33051
p 0 211 33051
x 0 33052
p 0 201 33052
x 0 33053
p 0 209 33053
x 0 33054
p 0 211 33054
x 0 33055
p 0 206 33055
x 0 33056
p 0 208 33056
x 0 33057
p 0 202 33057
x 0 33058
p 0 199 33058
x 0 33059
p 0 202 33059
x 0 33060
p 0 200 33060
x 0 33000
h 0 10.0.0.12
p 0 12984 33000
x 1 33001
h 1 10.0.0.12
p 1 780 33001
x 0 33002
p 0 261 33002
x 0 33003
p 0 236 33003
x 0 33004
p 0 234 33004
x 0 33005
p 0 249 33005
x 0 33006
p 0 253 33006
x 0 33007
p 0 236 33007
x 0 33008
p 0 212 33008
x 0 33009
p 0 230 33009
x 0 33010
p 0 229 33010
x 0 33011
p 0 226 33011
x 0 33012
p 0 196 33012
x 0 33013
p 0 225 33013
x 0 33014
p 0 196 33014
x 0 33015
p 0 250 33015
x 0 33016
p 0 198 33016
x 0 33017
p 0 201 33017
x 0 33018
p 0 200 33018
x 0 33019
p 0 231 33019
x 0 33020
p 0 199 33020
x 0 33021
p 0 199 33021
x 0 33022
p 0 227 33022
x 0 33023
p 0 231 33023
x 0 33024
p 0 173 33024
x 0 33025
p 0 197 33025
x 0 33026
p 0 198 33026
x 0 33027
p 0 192 33027
x 0 33028
p 0 168 33028
x 0 33029
p 0 231 33029
x 0 33030
p 0 199 33030
x 0 33031
p 0 197 33031
x 0 33032
p 0 177 33032
x 0 33033
p 0 200 33033
x 0 33034
p 0 170 33034
x 0 33035
p 0 166 33035
x 0 33036
p 0 168 33036
x 0 33037
p 0 166 33037
x 0 33038
p 0 170 33038
x 0 33039
p 0 203 33039
x 0 33040
p 0 206 33040
x 0 33041
p 0 158 33041
x 0 33042
p 0 259 33042
x 0 33043
p 0 205 33043
x 0 33044
p 0 156 33044
x 0 33045
p 0 155 33045
x 0 33046
p 0 200 33046
x 0 33047
p 0 154 33047
x 0 33048
p 0 159 33048
x 0 33049
p 0 259 33049
x 0 33050
p 0 207 33050
x 0 33051
p 0 155 33051
x 0 33052
p 0 200 33052
x 0 33053
p 0 204 33053
x 0 33054
p 0 155 33054
x 0 33055
p 0 143 33055
x 0 33056
p 0 254 33056
x 0 33057
p 0 195 33057
x 0 33058
p 0 200 33058
x 0 33059
p 0 193 33059
x 0 33060
p 0 81 33060
x 0 33000
h 0 10.0.0.12
p 0 649 33000
x 1 33001
h 1 10.0.0.12
p 1 162 33001
x 0 33002
p 0 271 33002
x 0 33003
p 0 204 33003
x 0 33004
p 0 204 33004
x 0 33005
p 0 210 33005
x 0 33006
p 0 246 33006
x 0 33007
p 0 277 33007
x 0 33008
p 0 217 33008
x 0 33009
p 0 287 33009
x 0 33010
p 0 250 33010
x 0 33011
p 0 286 33011
x 0 33012
p 0 209 33012
x 0 33013
p 0 300 33013
x 0 33014
p 0 251 33014
x 0 33015
p 0 288 33015
x 0 33016
p 0 250 33016
x 0 33017
p 0 133 33017
x 0 33018
p 0 253 33018
x 0 33019
p 0 285 33019
x 0 33020
p 0 254 33020
x 0 33021
p 0 311 33021
x 0 33022
p 0 155 33022
x 0 33023
p 0 289 33023
x 0 33024
p 0 250 33024
x 0 33025
p 0 313 33025
x 0 33026
p 0 247 33026
x 0 33027
p 0 173 33027
x 0 33028
p 0 253 33028
x 0 33029
p 0 293 33029
x 0 33030
p 0 245 33030
x 0 33031
p 0 252 33031
x 0 33032
p 0 143 33032
x 0 33033
p 0 252 33033
x 0 33034
p 0 320 33034
x 0 33035
p 0 255 33035
x 0 33036
p 0 286 33036
x 0 33037
p 0 178 33037
x 0 33038
p 0 250 33038
x 0 33039
p 0 249 33039
x 0 33040
p 0 286 33040
x 0 33041
p 0 247 33041
x 0 33042
p 0 311 33042
x 0 33043
p 0 248 33043
x 0 33044
p 0 177 33044
x 0 33045
p 0 202 33045
x 0 33046
p 0 204 33046
x 0 33047
p 0 208 33047
x 0 33048
p 0 202 33048
x 0 33049
p 0 263 33049
x 0 33050
p 0 207 33050
x 0 33051
p 0 256 33051
x 0 33052
p 0 191 33052
x 0 33053
p 0 193 33053
x 0 33054
p 0 205 33054
x 0 33055
p 0 204 33055
x 0 33056
p 0 205 33056
x 0 33057
p 0 203 33057
x 0 33058
p 0 203 33058
x 0 33059
p 0 204 33059
x 0 33060
p 0 239 33060
x 0 33000
h 0 10.0.0.12
p 0 2496 33000
x 1 33001
h 1 10.0.0.12
p 1 775 33001
x 0 33002
p 0 199 33002
x 0 33003
p 0 216 33003
x 0 33004
p 0 197 33004
x 0 33005
p 0 200 33005
x 0 33006
p 0 203 33006
x 0 33007
p 0 253 33007
x 0 33008
p 0 227 33008
x 0 33009
p 0 225 33009
x 0 33010
p 0 223 33010
x 0 33011
p 0 251 33011
x 0 33012
p 0 232 33012
x 0 33013
p 0 255 33013
x 0 33014
p 0 230 33014
x 0 33015
p 0 254 33015
x 0 33016
p 0 214 33016
x 0 33017
p 0 211 33017
x 0 33018
p 0 297 33018
x 0 33019
p 0 264 33019
x 0 33020
p 0 239 33020
x 0 33021
p 0 255 33021
x 0 33022
p 0 254 33022
x 0 33023
p 0 250 33023
x 0 33024
p 0 227 33024
x 0 33025
p 0 210 33025
x 0 33026
p 0 230 33026
x 0 33027
p 0 423 33027
x 0 33028
p 0 728 33028
x 0 33029
p 0 284 33029
x 0 33030
p 0 419 33030
x 0 33031
p 0 206 33031
x 0 33032
p 0 156 33032
x 0 33033
p 0 205 33033
x 0 33034
p 0 151 33034
x 0 33035
p 0 206 33035
x 0 33036
p 0 250 33036
x 0 33037
p 0 149 33037
x 0 33038
p 0 198 33038
x 0 33039
p 0 198 33039
x 0 33040
p 0 200 33040
x 0 33041
p 0 205 33041
x 0 33042
p 0 203 33042
x 0 33043
p 0 197 33043
x 0 33044
p 0 203 33044
x 0 33045
p 0 205 33045
x 0 33046
p 0 302 33046
x 0 33047
p 0 206 33047
x 0 33048
p 0 167 33048
x 0 33049
p 0 200 33049
x 0 33050
p 0 171 33050
x 0 33051
p 0 134 33051
x 0 33052
p 0 202 33052
x 0 33053
p 0 207 33053
x 0 33054
p 0 199 33054
x 0 33055
p 0 199 33055
x 0 33056
p 0 241 33056
x 0 33057
p 0 200 33057
x 0 33058
p 0 199 33058
x 0 33059
p 0 201 33059
x 0 33060
p 0 199 33060
x 0 33000
h 0 10.0.0.12
p 0 628 33000
x 1 33001
h 1 10.0.0.12
p 1 201 33001
x 0 33002
p 0 203 33002
x 0 33003
p 0 207 33003
x 0 33004
p 0 205 33004
x 0 33005
p 0 209 33005
x 0 33006
p 0 208 33006
x 0 33007
p 0 209 33007
x 0 33008
p 0 212 33008
x 0 33009
p 0 207 33009
x 0 33010
p 0 210 33010
x 0 33011
p 0 210 33011
x 0 33012
p 0 205 33012
x 0 33013
p 0 214 33013
x 0 33014
p 0 209 33014
x 0 33015
p 0 225 33015
x 0 33016
p 0 209 33016
x 0 33017
p 0 206 33017
x 0 33018
p 0 206 33018
x 0 33019
p 0 204 33019
x 0 33020
p 0 205 33020
x 0 33021
p 0 205 33021
x 0 33022
p 0 199 33022
x 0 33023
p 0 204 33023
x 0 33024
p 0 200 33024
x 0 33025
p 0 202 33025
x 0 33026
p 0 206 33026
x 0 33027
p 0 228 33027
x 0 33028
p 0 205 33028
x 0 33029
p 0 206 33029
x 0 33030
p 0 205 33030
x 0 33031
p 0 204 33031
x 0 33032
p 0 191 33032
x 0 33033
p 0 206 33033
x 0 33034
p 0 209 33034
x 0 33035
p 0 179 33035
x 0 33036
p 0 203 33036
x 0 33037
p 0 199 33037
x 0 33038
p 0 94 33038
x 0 33039
p 0 205 33039
x 0 33040
p 0 208 33040
x 0 33041
p 0 287 33041
x 0 33042
p 0 206 33042
x 0 33043
p 0 209 33043
x 0 33044
p 0 204 33044
x 0 33045
p 0 209 33045
x 0 33046
p 0 208 33046
x 0 33047
p 0 206 33047
x 0 33048
p 0 205 33048
x 0 33049
p 0 203 33049
x 0 33050
p 0 204 33050
x 0 33051
p 0 206 33051
x 0 33052
p 0 203 33052
x 0 33053
p 0 206 33053
x 0 33054
p 0 176 33054
x 0 33055
p 0 204 33055
x 0 33056
p 0 188 33056
x 0 33057
p 0 212 33057
x 0 33058
p 0 184 33058
x 0 33059
p 0 231 33059
x 0 33060
p 0 179 33060
x 0 33000
h 0 10.0.0.12
p 0 3397 33000
x 1 33001
h 1 10.0.0.12
p 1 608 33001
x 0 33002
p 0 209 33002
x 0 33003
p 0 204 33003
x 0 33004
p 0 205 33004
x 0 33005
p 0 205 33005
x 0 33006
p 0 200 33006
x 0 33007
p 0 180 33007
x 0 33008
p 0 214 33008
x 0 33009
p 0 207 33009
x 0 33010
p 0 201 33010
x 0 33011
p 0 66 33011
x 0 33012
p 0 195 33012
x 0 33013
p 0 202 33013
x 0 33014
p 0 261 33014
x 0 33015
p 0 196 33015
x 0 33016
p 0 155 33016
x 0 33017
p 0 194 33017
x 0 33018
p 0 199 33018
x 0 33019
p 0 198 33019
x 0 33020
p 0 197 33020
x 0 33021
p 0 208 33021
x 0 33022
p 0 98 33022
x 0 33023
p 0 198 33023
x 0 33024
p 0 294 33024
x 0 33025
p 0 110 33025
x 0 33026
p 0 165 33026
x 0 33027
p 0 164 33027
x 0 33028
p 0 294 33028
x 0 33029
p 0 185 33029
x 0 33030
p 0 284 33030
x 0 33031
p 0 187 33031
x 0 33032
p 0 206 33032
x 0 33033
p 0 207 33033
x 0 33034
p 0 204 33034
x 0 33035
p 0 201 33035
x 0 33036
p 0 374 33036
x 0 33037
p 0 201 33037
x 0 33038
p 0 293 33038
x 0 33039
p 0 200 33039
x 0 33040
p 0 198 33040
x 0 33041
p 0 183 33041
x 0 33042
p 0 205 33042
x 0 33043
p 0 199 33043
x 0 33044
p 0 201 33044
x 0 33045
p 0 202 33045
x 0 33046
p 0 182 33046
x 0 33047
p 0 196 33047
x 0 33048
p 0 197 33048
x 0 33049
p 0 197 33049
x 0 33050
p 0 199 33050
x 0 33051
p 0 200 33051
x 0 33052
p 0 293 33052
x 0 33053
p 0 297 33053
x 0 33054
p 0 175 33054
x 0 33055
p 0 197 33055
x 0 33056
p 0 199 33056
x 0 33057
p 0 201 33057
x 0 33058
p 0 371 33058
x 0 33059
p 0 201 33059
x 0 33060
p 0 304 33060
x 0 33000
h 0 10.0.0.12
p 0 506 33000
x 1 33001
h 1 10.0.0.12
p 1 200 33001
x 0 33002
p 0 205 33002
x 0 33003
p 0 202 33003
x 0 33004
p 0 203 33004
x 0 33005
p 0 182 33005
x 0 33006
p 0 261 33006
x 0 33007
p 0 203 33007
x 0 33008
p 0 205 33008
x 0 33009
p 0 206 33009
x 0 33010
p 0 207 33010
x 0 33011
p 0 196 33011
x 0 33012
p 0 202 33012
x 0 33013
p 0 206 33013
x 0 33014
p 0 207 33014
x 0 33015
p 0 203 33015
x 0 33016
p 0 208 33016
x 0 33017
p 0 114 33017
x 0 33018
p 0 207 33018
x 0 33019
p 0 206 33019
x 0 33020
p 0 206 33020
x 0 33021
p 0 208 33021
x 0 33022
p 0 205 33022
x 0 33023
p 0 241 33023
x 0 33024
p 0 206 33024
x 0 33025
p 0 206 33025
x 0 33026
p 0 208 33026
x 0 33027
p 0 182 33027
x 0 33028
p 0 265 33028
x 0 33029
p 0 206 33029
x 0 33030
p 0 211 33030
x 0 33031
p 0 207 33031
x 0 33032
p 0 206 33032
x 0 33033
p 0 209 33033
x 0 33034
p 0 208 33034
x 0 33035
p 0 208 33035
x 0 33036
p 0 207 33036
x 0 33037
p 0 234 33037
x 0 33038
p 0 206 33038
x 0 33039
p 0 226 33039
x 0 33040
p 0 182 33040
x 0 33041
p 0 210 33041
x 0 33042
p 0 206 33042
x 0 33043
p 0 207 33043
x 0 33044
p 0 209 33044
x 0 33045
p 0 204 33045
x 0 33046
p 0 205 33046
x 0 33047
p 0 203 33047
x 0 33048
p 0 207 33048
x 0 33049
p 0 206 33049
x 0 33050
p 0 204 33050
x 0 33051
p 0 180 33051
x 0 33052
p 0 203 33052
x 0 33053
p 0 274 33053
x 0 33054
p 0 185 33054
x 0 33055
p 0 204 33055
x 0 33056
p 0 278 33056
x 0 33057
p 0 203 33057
x 0 33058
p 0 205 33058
x 0 33059
p 0 210 33059
x 0 33060
p 0 205 33060
x 0 33000
h 0 10.0.0.12
p 0 4547 33000
x 1 33001
h 1 10.0.0.12
p 1 748 33001
x 0 33002
p 0 165 33002
x 0 33003
p 0 162 33003
x 0 33004
p 0 197 33004
x 0 33005
p 0 231 33005
x 0 33006
p 0 199 33006
x 0 33007
p 0 200 33007
x 0 33008
p 0 247 33008
x 0 33009
p 0 246 33009
x 0 33010
p 0 166 33010
x 0 33011
p 0 124 33011
x 0 33012
p 0 162 33012
x 0 33013
p 0 191 33013
x 0 33014
p 0 169 33014
x 0 33015
p 0 166 33015
x 0 33016
p 0 163 33016
x 0 33017
p 0 243 33017
x 0 33018
p 0 164 33018
x 0 33019
p 0 169 33019
x 0 33020
p 0 164 33020
x 0 33021
p 0 192 33021
x 0 33022
p 0 164 33022
x 0 33023
p 0 163 33023
x 0 33024
p 0 170 33024
x 0 33025
p 0 196 33025
x 0 33026
p 0 161 33026
x 0 33027
p 0 167 33027
x 0 33028
p 0 200 33028
x 0 33029
p 0 199 33029
x 0 33030
p 0 166 33030
x 0 33031
p 0 195 33031
x 0 33032
p 0 167 33032
x 0 33033
p 0 240 33033
x 0 33034
p 0 203 33034
x 0 33035
p 0 197 33035
x 0 33036
p 0 197 33036
x 0 33037
p 0 225 33037
x 0 33038
p 0 196 33038
x 0 33039
p 0 203 33039
x 0 33040
p 0 159 33040
x 0 33041
p 0 196 33041
x 0 33042
p 0 193 33042
x 0 33043
p 0 196 33043
x 0 33044
p 0 155 33044
x 0 33045
p 0 149 33045
x 0 33046
p 0 147 33046
x 0 33047
p 0 170 33047
x 0 33048
p 0 165 33048
x 0 33049
p 0 163 33049
x 0 33050
p 0 156 33050
x 0 33051
p 0 167 33051
x 0 33052
p 0 160 33052
x 0 33053
p 0 163 33053
x 0 33054
p 0 161 33054
x 0 33055
p 0 158 33055
x 0 33056
p 0 167 33056
x 0 33057
p 0 161 33057
x 0 33058
p 0 188 33058
x 0 33059
p 0 158 33059
x 0 33060
p 0 155 33060
x 0 33000
h 0 10.0.0.12
p 0 1014 33000
x 1 33001
h 1 10.0.0.12
p 1 145 33001
x 0 33002
p 0 150 33002
x 0 33003
p 0 150 33003
x 0 33004
p 0 152 33004
x 0 33005
p 0 214 33005
x 0 33006
p 0 162 33006
x 0 33007
p 0 216 33007
x 0 33008
p 0 159 33008
x 0 33009
p 0 207 33009
x 0 33010
p 0 202 33010
x 0 33011
p 0 201 33011
x 0 33012
p 0 202 33012
x 0 33013
p 0 209 33013
x 0 33014
p 0 203 33014
x 0 33015
p 0 216 33015
x 0 33016
p 0 197 33016
x 0 33017
p 0 195 33017
x 0 33018
p 0 199 33018
x 0 33019
p 0 200 33019
x 0 33020
p 0 196 33020
x 0 33021
p 0 198 33021
x 0 33022
p 0 197 33022
x 0 33023
p 0 199 33023
x 0 33024
p 0 198 33024
x 0 33025
p 0 197 33025
x 0 33026
p 0 197 33026
x 0 33027
p 0 199 33027
x 0 33028
p 0 196 33028
x 0 33029
p 0 197 33029
x 0 33030
p 0 205 33030
x 0 33031
p 0 200 33031
x 0 33032
p 0 200 33032
x 0 33033
p 0 197 33033
x 0 33034
p 0 210 33034
x 0 33035
p 0 198 33035
x 0 33036
p 0 200 33036
x 0 33037
p 0 198 33037
x 0 33038
p 0 231 33038
x 0 33039
p 0 193 33039
x 0 33040
p 0 196 33040
x 0 33041
p 0 196 33041
x 0 33042
p 0 194 33042
x 0 33043
p 0 278 33043
x 0 33044
p 0 234 33044
x 0 33045
p 0 197 33045
x 0 33046
p 0 178 33046
x 0 33047
p 0 196 33047
x 0 33048
p 0 195 33048
x 0 33049
p 0 215 33049
x 0 33050
p 0 177 33050
x 0 33051
p 0 206 33051
x 0 33052
p 0 203 33052
x 0 33053
p 0 193 33053
x 0 33054
p 0 204 33054
x 0 33055
p 0 205 33055
x 0 33056
p 0 203 33056
x 0 33057
p 0 168 33057
x 0 33058
p 0 205 33058
x 0 33059
p 0 210 33059
x 0 33060
p 0 204 33060
x 0 33000
h 0 10.0.0.12
p 0 12312 33000
x 1 33001
h 1 10.0.0.12
p 1 1078 33001
x 0 33002
p 0 215 33002
x 0 33003
p 0 173 33003
x 0 33004
p 0 171 33004
x 0 33005
p 0 169 33005
x 0 33006
p 0 115 33006
x 0 33007
p 0 209 33007
x 0 33008
p 0 209 33008
x 0 33009
p 0 242 33009
x 0 33010
p 0 264 33010
x 0 33011
p 0 200 33011
x 0 33012
p 0 197 33012
x 0 33013
p 0 198 33013
x 0 33014
p 0 202 33014
x 0 33015
p 0 298 33015
x 0 33016
p 0 194 33016
x 0 33017
p 0 234 33017
x 0 33018
p 0 201 33018
x 0 33019
p 0 197 33019
x 0 33020
p 0 197 33020
x 0 33021
p 0 197 33021
x 0 33022
p 0 197 33022
x 0 33023
p 0 211 33023
x 0 33024
p 0 209 33024
x 0 33025
p 0 204 33025
x 0 33026
p 0 199 33026
x 0 33027
p 0 203 33027
x 0 33028
p 0 207 33028
x 0 33029
p 0 203 33029
x 0 33030
p 0 206 33030
x 0 33031
p 0 199 33031
x 0 33032
p 0 201 33032
x 0 33033
p 0 211 33033
x 0 33034
p 0 207 33034
x 0 33035
p 0 199 33035
x 0 33036
p 0 204 33036
x 0 33037
p 0 207 33037
x 0 33038
p 0 218 33038
x 0 33039
p 0 212 33039
x 0 33040
p 0 238 33040
x 0 33041
p 0 200 33041
x 0 33042
p 0 249 33042
x 0 33043
p 0 215 33043
x 0 33044
p 0 208 33044
x 0 33045
p 0 208 33045
x 0 33046
p 0 199 33046
x 0 33047
p 0 315 33047
x 0 33048
p 0 297 33048
x 0 33049
p 0 205 33049
x 0 33050
p 0 203 33050
x 0 33051
p 0 197 33051
x 0 33052
p 0 200 33052
x 0 33053
p 0 213 33053
x 0 33054
p 0 174 33054
x 0 33055
p 0 203 33055
x 0 33056
p 0 195 33056
x 0 33057
p 0 201 33057
x 0 33058
p 0 202 33058
x 0 33059
p 0 199 33059
x 0 33060
p 0 197 33060
x 0 33000
h 0 10.0.0.12
p 0 649 33000
x 1 33001
h 1 10.0.0.12
p 1 198 33001
x 0 33002
p 0 203 33002
x 0 33003
p 0 210 33003
x 0 33004
p 0 206 33004
x 0 33005
p 0 203 33005
x 0 33006
p 0 206 33006
x 0 33007
p 0 205 33007
x 0 33008
p 0 208 33008
x 0 33009
p 0 134 33009
x 0 33010
p 0 329 33010
x 0 33011
p 0 330 33011
x 0 33012
p 0 243 33012
x 0 33013
p 0 247 33013
x 0 33014
p 0 237 33014
x 0 33015
p 0 231 33015
x 0 33016
p 0 244 33016
x 0 33017
p 0 261 33017
x 0 33018
p 0 229 33018
x 0 33019
p 0 235 33019
x 0 33020
p 0 199 33020
x 0 33021
p 0 202 33021
x 0 33022
p 0 234 33022
x 0 33023
p 0 200 33023
x 0 33024
p 0 204 33024
x 0 33025
p 0 240 33025
x 0 33026
p 0 204 33026
x 0 33027
p 0 201 33027
x 0 33028
p 0 201 33028
x 0 33029
p 0 235 33029
x 0 33030
p 0 202 33030
x 0 33031
p 0 201 33031
x 0 33032
p 0 246 33032
x 0 33033
p 0 233 33033
x 0 33034
p 0 202 33034
x 0 33035
p 0 197 33035
x 0 33036
p 0 202 33036
x 0 33037
p 0 204 33037
x 0 33038
p 0 234 33038
x 0 33039
p 0 242 33039
x 0 33040
p 0 205 33040
x 0 33041
p 0 201 33041
x 0 33042
p 0 214 33042
x 0 33043
p 0 206 33043
x 0 33044
p 0 204 33044
x 0 33045
p 0 151 33045
x 0 33046
p 0 251 33046
x 0 33047
p 0 148 33047
x 0 33048
p 0 203 33048
x 0 33049
p 0 147 33049
x 0 33050
p 0 203 33050
x 0 33051
p 0 148 33051
x 0 33052
p 0 199 33052
x 0 33053
p 0 244 33053
x 0 33054
p 0 152 33054
x 0 33055
p 0 147 33055
x 0 33056
p 0 204 33056
x 0 33057
p 0 202 33057
x 0 33058
p 0 206 33058
x 0 33059
p 0 200 33059
x 0 33060
p 0 201 33060
x 0 33000
h 0 10.0.0.12
p 0 10250 33000
x 1 33001
h 1 10.0.0.12
p 1 733 33001
x 0 33002
p 0 204 33002
x 0 33003
p 0 169 33003
x 0 33004
p 0 168 33004
x 0 33005
p 0 168 33005
x 0 33006
p 0 169 33006
x 0 33007
p 0 199 33007
x 0 33008
p 0 173 33008
x 0 33009
p 0 204 33009
x 0 33010
p 0 200 33010
x 0 33011
p 0 176 33011
x 0 33012
p 0 174 33012
x 0 33013
p 0 178 33013
x 0 33014
p 0 198 33014
x 0 33015
p 0 200 33015
x 0 33016
p 0 180 33016
x 0 33017
p 0 203 33017
x 0 33018
p 0 201 33018
x 0 33019
p 0 198 33019
x 0 33020
p 0 180 33020
x 0 33021
p 0 295 33021
x 0 33022
p 0 201 33022
x 0 33023
p 0 176 33023
x 0 33024
p 0 201 33024
x 0 33025
p 0 202 33025
x 0 33026
p 0 165 33026
x 0 33027
p 0 200 33027
x 0 33028
p 0 201 33028
x 0 33029
p 0 200 33029
x 0 33030
p 0 198 33030
x 0 33031
p 0 203 33031
x 0 33032
p 0 200 33032
x 0 33033
p 0 205 33033
x 0 33034
p 0 202 33034
x 0 33035
p 0 267 33035
x 0 33036
p 0 201 33036
x 0 33037
p 0 207 33037
x 0 33038
p 0 201 33038
x 0 33039
p 0 202 33039
x 0 33040
p 0 201 33040
x 0 33041
p 0 185 33041
x 0 33042
p 0 203 33042
x 0 33043
p 0 207 33043
x 0 33044
p 0 180 33044
x 0 33045
p 0 204 33045
x 0 33046
p 0 204 33046
x 0 33047
p 0 201 33047
x 0 33048
p 0 197 33048
x 0 33049
p 0 201 33049
x 0 33050
p 0 199 33050
x 0 33051
p 0 201 33051
x 0 33052
p 0 203 33052
x 0 33053
p 0 199 33053
x 0 33054
p 0 203 33054
x 0 33055
p 0 201 33055
x 0 33056
p 0 205 33056
x 0 33057
p 0 200 33057
x 0 33058
p 0 319 33058
x 0 33059
p 0 198 33059
x 0 33060
p 0 171 33060
x 0 33000
h 0 10.0.0.12
p 0 660 33000
x 1 33001
h 1 10.0.0.12
p 1 154 33001
x 0 33002
p 0 200 33002
x 0 33003
p 0 163 33003
x 0 33004
p 0 238 33004
x 0 33005
p 0 159 33005
x 0 33006
p 0 128 33006
x 0 33007
p 0 213 33007
x 0 33008
p 0 274 33008
x 0 33009
p 0 301 33009
x 0 33010
p 0 204 33010
x 0 33011
p 0 199 33011
x 0 33012
p 0 205 33012
x 0 33013
p 0 204 33013
x 0 33014
p 0 205 33014
x 0 33015
p 0 206 33015
x 0 33016
p 0 206 33016
x 0 33017
p 0 200 33017
x 0 33018
p 0 203 33018
x 0 33019
p 0 205 33019
x 0 33020
p 0 199 33020
x 0 33021
p 0 205 33021
x 0 33022
p 0 208 33022
x 0 33023
p 0 206 33023
x 0 33024
p 0 270 33024
x 0 33025
p 0 263 33025
x 0 33026
p 0 161 33026
x 0 33027
p 0 170 33027
x 0 33028
p 0 165 33028
x 0 33029
p 0 163 33029
x 0 33030
p 0 167 33030
x 0 33031
p 0 162 33031
x 0 33032
p 0 165 33032
x 0 33033
p 0 152 33033
x 0 33034
p 0 180 33034
x 0 33035
p 0 150 33035
x 0 33036
p 0 242 33036
x 0 33037
p 0 204 33037
x 0 33038
p 0 206 33038
x 0 33039
p 0 149 33039
x 0 33040
p 0 199 33040
x 0 33041
p 0 151 33041
x 0 33042
p 0 151 33042
x 0 33043
p 0 206 33043
x 0 33044
p 0 206 33044
x 0 33045
p 0 153 33045
x 0 33046
p 0 207 33046
x 0 33047
p 0 151 33047
x 0 33048
p 0 206 33048
x 0 33049
p 0 208 33049
x 0 33050
p 0 170 33050
x 0 33051
p 0 193 33051
x 0 33052
p 0 217 33052
x 0 33053
p 0 218 33053
x 0 33054
p 0 211 33054
x 0 33055
p 0 326 33055
x 0 33056
p 0 226 33056
x 0 33057
p 0 339 33057
x 0 33058
p 0 258 33058
x 0 33059
p 0 220 33059
x 0 33060
p 0 218 33060
x 0 33000
h 0 10.0.0.12
p 0 14003 33000
x 1 33001
h 1 10.0.0.12
p 1 653 33001
x 0 33002
p 0 157 33002
x 0 33003
p 0 205 33003
x 0 33004
p 0 205 33004
x 0 33005
p 0 204 33005
x 0 33006
p 0 206 33006
x 0 33007
p 0 204 33007
x 0 33008
p 0 200 33008
x 0 33009
p 0 203 33009
x 0 33010
p 0 206 33010
x 0 33011
p 0 207 33011
x 0 33012
p 0 206 33012
x 0 33013
p 0 206 33013
x 0 33014
p 0 205 33014
x 0 33015
p 0 204 33015
x 0 33016
p 0 207 33016
x 0 33017
p 0 205 33017
x 0 33018
p 0 202 33018
x 0 33019
p 0 204 33019
x 0 33020
p 0 202 33020
x 0 33021
p 0 200 33021
x 0 33022
p 0 202 33022
x 0 33023
p 0 207 33023
x 0 33024
p 0 204 33024
x 0 33025
p 0 203 33025
x 0 33026
p 0 206 33026
x 0 33027
p 0 205 33027
x 0 33028
p 0 208 33028
x 0 33029
p 0 203 33029
x 0 33030
p 0 205 33030
x 0 33031
p 0 205 33031
x 0 33032
p 0 210 33032
x 0 33033
p 0 203 33033
x 0 33034
p 0 204 33034
x 0 33035
p 0 236 33035
x 0 33036
p 0 202 33036
x 0 33037
p 0 201 33037
x 0 33038
p 0 205 33038
x 0 33039
p 0 269 33039
x 0 33040
p 0 201 33040
x 0 33041
p 0 203 33041
x 0 33042
p 0 206 33042
x 0 33043
p 0 246 33043
x 0 33044
p 0 208 33044
x 0 33045
p 0 208 33045
x 0 33046
p 0 203 33046
x 0 33047
p 0 205 33047
x 0 33048
p 0 205 33048
x 0 33049
p 0 278 33049
x 0 33050
p 0 209 33050
x 0 33051
p 0 242 33051
x 0 33052
p 0 197 33052
x 0 33053
p 0 197 33053
x 0 33054
p 0 198 33054
x 0 33055
p 0 166 33055
x 0 33056
p 0 197 33056
x 0 33057
p 0 169 33057
x 0 33058
p 0 204 33058
x 0 33059
p 0 205 33059
x 0 33060
p 0 202 33060
x 0 33000
h 0 10.0.0.12
p 0 649 33000
x 1 33001
h 1 10.0.0.12
p 1 365 33001
x 0 33002
p 0 244 33002
x 0 33003
p 0 200 33003
x 0 33004
p 0 201 33004
x 0 33005
p 0 207 33005
x 0 33006
p 0 208 33006
x 0 33007
p 0 208 33007
x 0 33008
p 0 209 33008
x 0 33009
p 0 211 33009
x 0 33010
p 0 272 33010
x 0 33011
p 0 271 33011
x 0 33012
p 0 273 33012
x 0 33013
p 0 289 33013
x 0 33014
p 0 193 33014
x 0 33015
p 0 178 33015
x 0 33016
p 0 186 33016
x 0 33017
p 0 202 33017
x 0 33018
p 0 172 33018
x 0 33019
p 0 178 33019
x 0 33020
p 0 175 33020
x 0 33021
p 0 292 33021
x 0 33022
p 0 268 33022
x 0 33023
p 0 290 33023
x 0 33024
p 0 208 33024
x 0 33025
p 0 182 33025
x 0 33026
p 0 179 33026
x 0 33027
p 0 183 33027
x 0 33028
p 0 232 33028
x 0 33029
p 0 180 33029
x 0 33030
p 0 180 33030
x 0 33031
p 0 202 33031
x 0 33032
p 0 175 33032
x 0 33033
p 0 180 33033
x 0 33034
p 0 204 33034
x 0 33035
p 0 266 33035
x 0 33036
p 0 177 33036
x 0 33037
p 0 206 33037
x 0 33038
p 0 205 33038
x 0 33039
p 0 206 33039
x 0 33040
p 0 204 33040
x 0 33041
p 0 204 33041
x 0 33042
p 0 205 33042
x 0 33043
p 0 204 33043
x 0 33044
p 0 209 33044
x 0 33045
p 0 208 33045
x 0 33046
p 0 204 33046
x 0 33047
p 0 202 33047
x 0 33048
p 0 207 33048
x 0 33049
p 0 346 33049
x 0 33050
p 0 203 33050
x 0 33051
p 0 203 33051
x 0 33052
p 0 202 33052
x 0 33053
p 0 202 33053
x 0 33054
p 0 204 33054
x 0 33055
p 0 204 33055
x 0 33056
p 0 238 33056
x 0 33057
p 0 206 33057
x 0 33058
p 0 208 33058
x 0 33059
p 0 207 33059
x 0 33060
p 0 208 33060
x 0 33000
h 0 10.0.0.12
p 0 11757 33000
x 1 33001
h 1 10.0.0.12
p 1 964 33001
x 0 33002
p 0 238 33002
x 0 33003
p 0 254 33003
x 0 33004
p 0 290 33004
x 0 33005
p 0 216 33005
x 0 33006
p 0 216 33006
x 0 33007
p 0 237 33007
x 0 33008
p 0 209 33008
x 0 33009
p 0 204 33009
x 0 33010
p 0 203 33010
x 0 33011
p 0 207 33011
x 0 33012
p 0 202 33012
x 0 33013
p 0 134 33013
x 0 33014
p 0 259 33014
x 0 33015
p 0 200 33015
x 0 33016
p 0 202 33016
x 0 33017
p 0 199 33017
x 0 33018
p 0 210 33018
x 0 33019
p 0 200 33019
x 0 33020
p 0 197 33020
x 0 33021
p 0 225 33021
x 0 33022
p 0 199 33022
x 0 33023
p 0 205 33023
x 0 33024
p 0 212 33024
x 0 33025
p 0 241 33025
x 0 33026
p 0 204 33026
x 0 33027
p 0 199 33027
x 0 33028
p 0 204 33028
x 0 33029
p 0 214 33029
x 0 33030
p 0 200 33030
x 0 33031
p 0 206 33031
x 0 33032
p 0 197 33032
x 0 33033
p 0 201 33033
x 0 33034
p 0 201 33034
x 0 33035
p 0 198 33035
x 0 33036
p 0 198 33036
x 0 33037
p 0 196 33037
x 0 33038
p 0 201 33038
x 0 33039
p 0 202 33039
x 0 33040
p 0 199 33040
x 0 33041
p 0 197 33041
x 0 33042
p 0 196 33042
x 0 33043
p 0 196 33043
x 0 33044
p 0 203 33044
x 0 33045
p 0 202 33045
x 0 33046
p 0 199 33046
x 0 33047
p 0 197 33047
x 0 33048
p 0 199 33048
x 0 33049
p 0 209 33049
x 0 33050
p 0 200 33050
x 0 33051
p 0 199 33051
x 0 33052
p 0 196 33052
x 0 33053
p 0 198 33053
x 0 33054
p 0 207 33054
x 0 33055
p 0 200 33055
x 0 33056
p 0 197 33056
x 0 33057
p 0 199 33057
x 0 33058
p 0 197 33058
x 0 33059
p 0 206 33059
x 0 33060
p 0 200 33060
x 0 33000
h 0 10.0.0.12
p 0 613 33000
x 1 33001
h 1 10.0.0.12
p 1 229 33001
x 0 33002
p 0 165 33002
x 0 33003
p 0 201 33003
x 0 33004
p 0 205 33004
x 0 33005
p 0 173 33005
x 0 33006
p 0 201 33006
x 0 33007
p 0 202 33007
x 0 33008
p 0 203 33008
x 0 33009
p 0 208 33009
x 0 33010
p 0 200 33010
x 0 33011
p 0 203 33011
x 0 33012
p 0 205 33012
x 0 33013
p 0 204 33013
x 0 33014
p 0 204 33014
x 0 33015
p 0 202 33015
x 0 33016
p 0 172 33016
x 0 33017
p 0 204 33017
x 0 33018
p 0 203 33018
x 0 33019
p 0 203 33019
x 0 33020
p 0 205 33020
x 0 33021
p 0 203 33021
x 0 33022
p 0 203 33022
x 0 33023
p 0 206 33023
x 0 33024
p 0 207 33024
x 0 33025
p 0 206 33025
x 0 33026
p 0 204 33026
x 0 33027
p 0 203 33027
x 0 33028
p 0 207 33028
x 0 33029
p 0 206 33029
x 0 33030
p 0 202 33030
x 0 33031
p 0 202 33031
x 0 33032
p 0 199 33032
x 0 33033
p 0 204 33033
x 0 33034
p 0 203 33034
x 0 33035
p 0 201 33035
x 0 33036
p 0 199 33036
x 0 33037
p 0 202 33037
x 0 33038
p 0 200 33038
x 0 33039
p 0 205 33039
x 0 33040
p 0 198 33040
x 0 33041
p 0 233 33041
x 0 33042
p 0 201 33042
x 0 33043
p 0 202 33043
x 0 33044
p 0 202 33044
x 0 33045
p 0 202 33045
x 0 33046
p 0 201 33046
x 0 33047
p 0 202 33047
x 0 33048
p 0 200 33048
x 0 33049
p 0 202 33049
x 0 33050
p 0 205 33050
x 0 33051
p 0 202 33051
x 0 33052
p 0 206 33052
x 0 33053
p 0 203 33053
x 0 33054
p 0 257 33054
x 0 33055
p 0 209 33055
x 0 33056
p 0 205 33056
x 0 33057
p 0 173 33057
x 0 33058
p 0 210 33058
x 0 33059
p 0 211 33059
x 0 33060
p 0 202 33060
x 0 33000
h 0 10.0.0.12
p 0 4070 33000
x 1 33001
h 1 10.0.0.12
p 1 1042 33001
x 0 33002
p 0 204 33002
x 0 33003
p 0 182 33003
x 0 33004
p 0 136 33004
x 0 33005
p 0 236 33005
x 0 33006
p 0 169 33006
x 0 33007
p 0 204 33007
x 0 33008
p 0 207 33008
x 0 33009
p 0 207 33009
x 0 33010
p 0 205 33010
x 0 33011
p 0 182 33011
x 0 33012
p 0 200 33012
x 0 33013
p 0 201 33013
x 0 33014
p 0 202 33014
x 0 33015
p 0 201 33015
x 0 33016
p 0 204 33016
x 0 33017
p 0 201 33017
x 0 33018
p 0 207 33018
x 0 33019
p 0 205 33019
x 0 33020
p 0 208 33020
x 0 33021
p 0 299 33021
x 0 33022
p 0 295 33022
x 0 33023
p 0 293 33023
x 0 33024
p 0 399 33024
x 0 33025
p 0 419 33025
x 0 33026
p 0 374 33026
x 0 33027
p 0 377 33027
x 0 33028
p 0 505 33028
x 0 33029
p 0 186 33029
x 0 33030
p 0 187 33030
x 0 33031
p 0 192 33031
x 0 33032
p 0 195 33032
x 0 33033
p 0 501 33033
x 0 33034
p 0 379 33034
x 0 33035
p 0 226 33035
x 0 33036
p 0 475 33036
x 0 33037
p 0 362 33037
x 0 33038
p 0 369 33038
x 0 33039
p 0 359 33039
x 0 33040
p 0 378 33040
x 0 33041
p 0 215 33041
x 0 33042
p 0 223 33042
x 0 33043
p 0 202 33043
x 0 33044
p 0 268 33044
x 0 33045
p 0 187 33045
x 0 33046
p 0 182 33046
x 0 33047
p 0 185 33047
x 0 33048
p 0 189 33048
x 0 33049
p 0 186 33049
x 0 33050
p 0 174 33050
x 0 33051
p 0 112 33051
x 0 33052
p 0 213 33052
x 0 33053
p 0 255 33053
x 0 33054
p 0 191 33054
x 0 33055
p 0 227 33055
x 0 33056
p 0 214 33056
x 0 33057
p 0 91 33057
x 0 33058
p 0 218 33058
x 0 33059
p 0 216 33059
x 0 33060
p 0 214 33060
x 0 33000
h 0 10.0.0.12
p 0 778 33000
x 1 33001
h 1 10.0.0.12
p 1 215 33001
x 0 33002
p 0 209 33002
x 0 33003
p 0 220 33003
x 0 33004
p 0 213 33004
x 0 33005
p 0 211 33005
x 0 33006
p 0 212 33006
x 0 33007
p 0 211 33007
x 0 33008
p 0 220 33008
x 0 33009
p 0 219 33009
x 0 33010
p 0 213 33010
x 0 33011
p 0 219 33011
x 0 33012
p 0 213 33012
x 0 33013
p 0 222 33013
x 0 33014
p 0 212 33014
x 0 33015
p 0 232 33015
x 0 33016
p 0 212 33016
x 0 33017
p 0 218 33017
x 0 33018
p 0 226 33018
x 0 33019
p 0 216 33019
x 0 33020
p 0 212 33020
x 0 33021
p 0 210 33021
x 0 33022
p 0 215 33022
x 0 33023
p 0 334 33023
x 0 33024
p 0 226 33024
x 0 33025
p 0 221 33025
x 0 33026
p 0 213 33026
x 0 33027
p 0 212 33027
x 0 33028
p 0 225 33028
x 0 33029
p 0 217 33029
x 0 33030
p 0 222 33030
x 0 33031
p 0 245 33031
x 0 33032
p 0 218 33032
x 0 33033
p 0 221 33033
x 0 33034
p 0 220 33034
x 0 33035
p 0 219 33035
x 0 33036
p 0 222 33036
x 0 33037
p 0 225 33037
x 0 33038
p 0 229 33038
x 0 33039
p 0 216 33039
x 0 33040
p 0 217 33040
x 0 33041
p 0 211 33041
x 0 33042
p 0 293 33042
x 0 33043
p 0 308 33043
x 0 33044
p 0 215 33044
x 0 33045
p 0 222 33045
x 0 33046
p 0 319 33046
x 0 33047
p 0 217 33047
x 0 33048
p 0 220 33048
x 0 33049
p 0 214 33049
x 0 33050
p 0 215 33050
x 0 33051
p 0 211 33051
x 0 33052
p 0 189 33052
x 0 33053
p 0 186 33053
x 0 33054
p 0 179 33054
x 0 33055
p 0 184 33055
x 0 33056
p 0 217 33056
x 0 33057
p 0 185 33057
x 0 33058
p 0 179 33058
x 0 33059
p 0 176 33059
x 0 33060
p 0 177 33060
x 0 33000
h 0 10.0.0.12
p 0 5304 33000
x 1 33001
h 1 10.0.0.12
p 1 1550 33001
x 0 33002
p 0 246 33002
x 0 33003
p 0 240 33003
x 0 33004
p 0 298 33004
x 0 33005
p 0 186 33005
x 0 33006
p 0 359 33006
x 0 33007
p 0 337 33007
x 0 33008
p 0 226 33008
x 0 33009
p 0 228 33009
x 0 33010
p 0 230 33010
x 0 33011
p 0 225 33011
x 0 33012
p 0 197 33012
x 0 33013
p 0 240 33013
x 0 33014
p 0 200 33014
x 0 33015
p 0 329 33015
x 0 33016
p 0 198 33016
x 0 33017
p 0 172 33017
x 0 33018
p 0 172 33018
x 0 33019
p 0 202 33019
x 0 33020
p 0 172 33020
x 0 33021
p 0 172 33021
x 0 33022
p 0 200 33022
x 0 33023
p 0 223 33023
x 0 33024
p 0 198 33024
x 0 33025
p 0 214 33025
x 0 33026
p 0 210 33026
x 0 33027
p 0 174 33027
x 0 33028
p 0 198 33028
x 0 33029
p 0 228 33029
x 0 33030
p 0 199 33030
x 0 33031
p 0 196 33031
x 0 33032
p 0 198 33032
x 0 33033
p 0 176 33033
x 0 33034
p 0 201 33034
x 0 33035
p 0 203 33035
x 0 33036
p 0 200 33036
x 0 33037
p 0 158 33037
x 0 33038
p 0 181 33038
x 0 33039
p 0 166 33039
x 0 33040
p 0 151 33040
x 0 33041
p 0 176 33041
x 0 33042
p 0 192 33042
x 0 33043
p 0 198 33043
x 0 33044
p 0 197 33044
x 0 33045
p 0 197 33045
x 0 33046
p 0 179 33046
x 0 33047
p 0 198 33047
x 0 33048
p 0 198 33048
x 0 33049
p 0 197 33049
x 0 33050
p 0 226 33050
x 0 33051
p 0 200 33051
x 0 33052
p 0 231 33052
x 0 33053
p 0 196 33053
x 0 33054
p 0 197 33054
x 0 33055
p 0 202 33055
x 0 33056
p 0 224 33056
x 0 33057
p 0 197 33057
x 0 33058
p 0 198 33058
x 0 33059
p 0 198 33059
x 0 33060
p 0 171 33060
x 0 33000
h 0 10.0.0.12
p 0 447 33000
x 1 33001
h 1 10.0.0.12
p 1 152 33001
x 0 33002
p 0 114 33002
x 0 33003
p 0 203 33003
x 0 33004
p 0 198 33004
x 0 33005
p 0 212 33005
x 0 33006
p 0 148 33006
x 0 33007
p 0 174 33007
x 0 33008
p 0 198 33008
x 0 33009
p 0 205 33009
x 0 33010
p 0 202 33010
x 0 33011
p 0 220 33011
x 0 33012
p 0 206 33012
x 0 33013
p 0 206 33013
x 0 33014
p 0 203 33014
x 0 33015
p 0 177 33015
x 0 33016
p 0 106 33016
x 0 33017
p 0 205 33017
x 0 33018
p 0 202 33018
x 0 33019
p 0 293 33019
x 0 33020
p 0 202 33020
x 0 33021
p 0 158 33021
x 0 33022
p 0 201 33022
x 0 33023
p 0 181 33023
x 0 33024
p 0 204 33024
x 0 33025
p 0 288 33025
x 0 33026
p 0 163 33026
x 0 33027
p 0 204 33027
x 0 33028
p 0 206 33028
x 0 33029
p 0 203 33029
x 0 33030
p 0 202 33030
x 0 33031
p 0 171 33031
x 0 33032
p 0 204 33032
x 0 33033
p 0 205 33033
x 0 33034
p 0 205 33034
x 0 33035
p 0 206 33035
x 0 33036
p 0 207 33036
x 0 33037
p 0 207 33037
x 0 33038
p 0 204 33038
x 0 33039
p 0 205 33039
x 0 33040
p 0 204 33040
x 0 33041
p 0 207 33041
x 0 33042
p 0 201 33042
x 0 33043
p 0 201 33043
x 0 33044
p 0 204 33044
x 0 33045
p 0 207 33045
x 0 33046
p 0 205 33046
x 0 33047
p 0 205 33047
x 0 33048
p 0 205 33048
x 0 33049
p 0 205 33049
x 0 33050
p 0 167 33050
x 0 33051
p 0 206 33051
x 0 33052
p 0 202 33052
x 0 33053
p 0 204 33053
x 0 33054
p 0 213 33054
x 0 33055
p 0 228 33055
x 0 33056
p 0 160 33056
x 0 33057
p 0 270 33057
x 0 33058
p 0 273 33058
x 0 33059
p 0 209 33059
x 0 33060
p 0 206 33060
x 0 33000
h 0 10.0.0.12
p 0 17818 33000
x 1 33001
h 1 10.0.0.12
p 1 655 33001
x 0 33002
p 0 258 33002
x 0 33003
p 0 217 33003
x 0 33004
p 0 213 33004
x 0 33005
p 0 219 33005
x 0 33006
p 0 247 33006
x 0 33007
p 0 219 33007
x 0 33008
p 0 222 33008
x 0 33009
p 0 211 33009
x 0 33010
p 0 221 33010
x 0 33011
p 0 223 33011
x 0 33012
p 0 176 33012
x 0 33013
p 0 174 33013
x 0 33014
p 0 174 33014
x 0 33015
p 0 179 33015
x 0 33016
p 0 178 33016
x 0 33017
p 0 175 33017
x 0 33018
p 0 176 33018
x 0 33019
p 0 177 33019
x 0 33020
p 0 208 33020
x 0 33021
p 0 203 33021
x 0 33022
p 0 204 33022
x 0 33023
p 0 204 33023
x 0 33024
p 0 205 33024
x 0 33025
p 0 174 33025
x 0 33026
p 0 204 33026
x 0 33027
p 0 205 33027
x 0 33028
p 0 205 33028
x 0 33029
p 0 241 33029
x 0 33030
p 0 205 33030
x 0 33031
p 0 208 33031
x 0 33032
p 0 208 33032
x 0 33033
p 0 208 33033
x 0 33034
p 0 203 33034
x 0 33035
p 0 208 33035
x 0 33036
p 0 238 33036
x 0 33037
p 0 206 33037
x 0 33038
p 0 206 33038
x 0 33039
p 0 206 33039
x 0 33040
p 0 207 33040
x 0 33041
p 0 205 33041
x 0 33042
p 0 201 33042
x 0 33043
p 0 201 33043
x 0 33044
p 0 206 33044
x 0 33045
p 0 269 33045
x 0 33046
p 0 177 33046
x 0 33047
p 0 206 33047
x 0 33048
p 0 202 33048
x 0 33049
p 0 204 33049
x 0 33050
p 0 206 33050
x 0 33051
p 0 208 33051
x 0 33052
p 0 181 33052
x 0 33053
p 0 204 33053
x 0 33054
p 0 246 33054
x 0 33055
p 0 204 33055
x 0 33056
p 0 206 33056
x 0 33057
p 0 181 33057
x 0 33058
p 0 205 33058
x 0 33059
p 0 238 33059
x 0 33060
p 0 205 33060
x 0 33000
h 0 10.0.0.12
p 0 482 33000
x 1 33001
h 1 10.0.0.12
p 1 211 33001
x 0 33002
p 0 276 33002
x 0 33003
p 0 209 33003
x 0 33004
p 0 205 33004
x 0 33005
p 0 253 33005
x 0 33006
p 0 219 33006
x 0 33007
p 0 219 33007
x 0 33008
p 0 214 33008
x 0 33009
p 0 201 33009
x 0 33010
p 0 235 33010
x 0 33011
p 0 201 33011
x 0 33012
p 0 204 33012
x 0 33013
p 0 236 33013
x 0 33014
p 0 199 33014
x 0 33015
p 0 180 33015
x 0 33016
p 0 201 33016
x 0 33017
p 0 255 33017
x 0 33018
p 0 231 33018
x 0 33019
p 0 196 33019
x 0 33020
p 0 90 33020
x 0 33021
p 0 200 33021
x 0 33022
p 0 200 33022
x 0 33023
p 0 202 33023
x 0 33024
p 0 197 33024
x 0 33025
p 0 168 33025
x 0 33026
p 0 206 33026
x 0 33027
p 0 204 33027
x 0 33028
p 0 202 33028
x 0 33029
p 0 204 33029
x 0 33030
p 0 204 33030
x 0 33031
p 0 216 33031
x 0 33032
p 0 205 33032
x 0 33033
p 0 206 33033
x 0 33034
p 0 206 33034
x 0 33035
p 0 238 33035
x 0 33036
p 0 204 33036
x 0 33037
p 0 206 33037
x 0 33038
p 0 204 33038
x 0 33039
p 0 176 33039
x 0 33040
p 0 203 33040
x 0 33041
p 0 207 33041
x 0 33042
p 0 176 33042
x 0 33043
p 0 211 33043
x 0 33044
p 0 202 33044
x 0 33045
p 0 210 33045
x 0 33046
p 0 205 33046
x 0 33047
p 0 203 33047
x 0 33048
p 0 206 33048
x 0 33049
p 0 198 33049
x 0 33050
p 0 178 33050
x 0 33051
p 0 203 33051
x 0 33052
p 0 173 33052
x 0 33053
p 0 204 33053
x 0 33054
p 0 167 33054
x 0 33055
p 0 205 33055
x 0 33056
p 0 174 33056
x 0 33057
p 0 198 33057
x 0 33058
p 0 167 33058
x 0 33059
p 0 165 33059
x 0 33060
p 0 168 33060
x 0 33000
h 0 10.0.0.12
p 0 5328 33000
x 1 33001
h 1 10.0.0.12
p 1 648 33001
x 0 33002
p 0 170 33002
x 0 33003
p 0 203 33003
x 0 33004
p 0 207 33004
x 0 33005
p 0 206 33005
x 0 33006
p 0 168 33006
x 0 33007
p 0 156 33007
x 0 33008
p 0 163 33008
x 0 33009
p 0 197 33009
x 0 33010
p 0 199 33010
x 0 33011
p 0 200 33011
x 0 33012
p 0 201 33012
x 0 33013
p 0 217 33013
x 0 33014
p 0 202 33014
x 0 33015
p 0 200 33015
x 0 33016
p 0 201 33016
x 0 33017
p 0 198 33017
x 0 33018
p 0 202 33018
x 0 33019
p 0 196 33019
x 0 33020
p 0 196 33020
x 0 33021
p 0 198 33021
x 0 33022
p 0 205 33022
x 0 33023
p 0 199 33023
x 0 33024
p 0 202 33024
x 0 33025
p 0 200 33025
x 0 33026
p 0 197 33026
x 0 33027
p 0 202 33027
x 0 33028
p 0 177 33028
x 0 33029
p 0 200 33029
x 0 33030
p 0 198 33030
x 0 33031
p 0 202 33031
x 0 33032
p 0 177 33032
x 0 33033
p 0 200 33033
x 0 33034
p 0 177 33034
x 0 33035
p 0 201 33035
x 0 33036
p 0 199 33036
x 0 33037
p 0 198 33037
x 0 33038
p 0 200 33038
x 0 33039
p 0 198 33039
x 0 33040
p 0 197 33040
x 0 33041
p 0 199 33041
x 0 33042
p 0 197 33042
x 0 33043
p 0 198 33043
x 0 33044
p 0 199 33044
x 0 33045
p 0 201 33045
x 0 33046
p 0 198 33046
x 0 33047
p 0 256 33047
x 0 33048
p 0 200 33048
x 0 33049
p 0 199 33049
x 0 33050
p 0 199 33050
x 0 33051
p 0 202 33051
x 0 33052
p 0 205 33052
x 0 33053
p 0 199 33053
x 0 33054
p 0 199 33054
x 0 33055
p 0 201 33055
x 0 33056
p 0 199 33056
x 0 33057
p 0 200 33057
x 0 33058
p 0 201 33058
x 0 33059
p 0 199 33059
x 0 33060
p 0 197 33060
x 0 33000
h 0 10.0.0.12
p 0 637 33000
x 1 33001
h 1 10.0.0.12
p 1 198 33001
x 0 33002
p 0 172 33002
x 0 33003
p 0 161 33003
x 0 33004
p 0 157 33004
x 0 33005
p 0 151 33005
x 0 33006
p 0 172 33006
x 0 33007
p 0 280 33007
x 0 33008
p 0 179 33008
x 0 33009
p 0 176 33009
x 0 33010
p 0 176 33010
x 0 33011
p 0 237 33011
x 0 33012
p 0 179 33012
x 0 33013
p 0 175 33013
x 0 33014
p 0 175 33014
x 0 33015
p 0 177 33015
x 0 33016
p 0 176 33016
x 0 33017
p 0 175 33017
x 0 33018
p 0 275 33018
x 0 33019
p 0 253 33019
x 0 33020
p 0 275 33020
x 0 33021
p 0 200 33021
x 0 33022
p 0 203 33022
x 0 33023
p 0 173 33023
x 0 33024
p 0 211 33024
x 0 33025
p 0 179 33025
x 0 33026
p 0 210 33026
x 0 33027
p 0 179 33027
x 0 33028
p 0 206 33028
x 0 33029
p 0 172 33029
x 0 33030
p 0 174 33030
x 0 33031
p 0 169 33031
x 0 33032
p 0 169 33032
x 0 33033
p 0 174 33033
x 0 33034
p 0 180 33034
x 0 33035
p 0 169 33035
x 0 33036
p 0 206 33036
x 0 33037
p 0 162 33037
x 0 33038
p 0 164 33038
x 0 33039
p 0 169 33039
x 0 33040
p 0 163 33040
x 0 33041
p 0 164 33041
x 0 33042
p 0 148 33042
x 0 33043
p 0 166 33043
x 0 33044
p 0 168 33044
x 0 33045
p 0 167 33045
x 0 33046
p 0 211 33046
x 0 33047
p 0 201 33047
x 0 33048
p 0 114 33048
x 0 33049
p 0 168 33049
x 0 33050
p 0 215 33050
x 0 33051
p 0 170 33051
x 0 33052
p 0 19459 33052
x 0 33053
p 0 166 33053
x 0 33054
p 0 201 33054
x 0 33055
p 0 166 33055
x 0 33056
p 0 165 33056
x 0 33057
p 0 164 33057
x 0 33058
p 0 169 33058
x 0 33059
p 0 166 33059
x 0 33060
p 0 164 33060
x 0 33000
h 0 10.0.0.12
p 0 18693 33000
x 1 33001
h 1 10.0.0.12
p 1 1210 33001
x 0 33002
p 0 216 33002
x 0 33003
p 0 179 33003
x 0 33004
p 0 178 33004
x 0 33005
p 0 178 33005
x 0 33006
p 0 179 33006
x 0 33007
p 0 187 33007
x 0 33008
p 0 197 33008
x 0 33009
p 0 196 33009
x 0 33010
p 0 199 33010
x 0 33011
p 0 200 33011
x 0 33012
p 0 200 33012
x 0 33013
p 0 200 33013
x 0 33014
p 0 198 33014
x 0 33015
p 0 211 33015
x 0 33016
p 0 201 33016
x 0 33017
p 0 200 33017
x 0 33018
p 0 201 33018
x 0 33019
p 0 198 33019
x 0 33020
p 0 299 33020
x 0 33021
p 0 152 33021
x 0 33022
p 0 149 33022
x 0 33023
p 0 202 33023
x 0 33024
p 0 150 33024
x 0 33025
p 0 150 33025
x 0 33026
p 0 186 33026
x 0 33027
p 0 158 33027
x 0 33028
p 0 201 33028
x 0 33029
p 0 138 33029
x 0 33030
p 0 203 33030
x 0 33031
p 0 202 33031
x 0 33032
p 0 169 33032
x 0 33033
p 0 166 33033
x 0 33034
p 0 166 33034
x 0 33035
p 0 168 33035
x 0 33036
p 0 201 33036
x 0 33037
p 0 199 33037
x 0 33038
p 0 150 33038
x 0 33039
p 0 164 33039
x 0 33040
p 0 197 33040
x 0 33041
p 0 229 33041
x 0 33042
p 0 150 33042
x 0 33043
p 0 158 33043
x 0 33044
p 0 660 33044
x 0 33045
p 0 204 33045
x 0 33046
p 0 205 33046
x 0 33047
p 0 154 33047
x 0 33048
p 0 204 33048
x 0 33049
p 0 202 33049
x 0 33050
p 0 150 33050
x 0 33051
p 0 268 33051
x 0 33052
p 0 151 33052
x 0 33053
p 0 149 33053
x 0 33054
p 0 228 33054
x 0 33055
p 0 154 33055
x 0 33056
p 0 202 33056
x 0 33057
p 0 151 33057
x 0 33058
p 0 199 33058
x 0 33059
p 0 153 33059
x 0 33060
p 0 198 33060
x 0 33000
h 0 10.0.0.12
p 0 778 33000
x 1 33001
h 1 10.0.0.12
p 1 201 33001
x 0 33002
p 0 207 33002
x 0 33003
p 0 204 33003
x 0 33004
p 0 201 33004
x 0 33005
p 0 205 33005
x 0 33006
p 0 209 33006
x 0 33007
p 0 206 33007
x 0 33008
p 0 205 33008
x 0 33009
p 0 203 33009
x 0 33010
p 0 200 33010
x 0 33011
p 0 197 33011
x 0 33012
p 0 197 33012
x 0 33013
p 0 200 33013
x 0 33014
p 0 197 33014
x 0 33015
p 0 200 33015
x 0 33016
p 0 199 33016
x 0 33017
p 0 198 33017
x 0 33018
p 0 204 33018
x 0 33019
p 0 201 33019
x 0 33020
p 0 197 33020
x 0 33021
p 0 198 33021
x 0 33022
p 0 199 33022
x 0 33023
p 0 201 33023
x 0 33024
p 0 180 33024
x 0 33025
p 0 201 33025
x 0 33026
p 0 205 33026
x 0 33027
p 0 200 33027
x 0 33028
p 0 206 33028
x 0 33029
p 0 202 33029
x 0 33030
p 0 199 33030
x 0 33031
p 0 201 33031
x 0 33032
p 0 201 33032
x 0 33033
p 0 204 33033
x 0 33034
p 0 199 33034
x 0 33035
p 0 200 33035
x 0 33036
p 0 205 33036
x 0 33037
p 0 201 33037
x 0 33038
p 0 199 33038
x 0 33039
p 0 198 33039
x 0 33040
p 0 199 33040
x 0 33041
p 0 196 33041
x 0 33042
p 0 200 33042
x 0 33043
p 0 207 33043
x 0 33044
p 0 200 33044
x 0 33045
p 0 159 33045
x 0 33046
p 0 221 33046
x 0 33047
p 0 210 33047
x 0 33048
p 0 211 33048
x 0 33049
p 0 207 33049
x 0 33050
p 0 269 33050
x 0 33051
p 0 206 33051
x 0 33052
p 0 205 33052
x 0 33053
p 0 207 33053
x 0 33054
p 0 209 33054
x 0 33055
p 0 204 33055
x 0 33056
p 0 206 33056
x 0 33057
p 0 160 33057
x 0 33058
p 0 168 33058
x 0 33059
p 0 169 33059
x 0 33060
p 0 171 33060
x 0 33000
h 0 10.0.0.12
p 0 15434 33000
x 1 33001
h 1 10.0.0.12
p 1 1057 33001
x 0 33002
p 0 206 33002
x 0 33003
p 0 242 33003
x 0 33004
p 0 253 33004
x 0 33005
p 0 206 33005
x 0 33006
p 0 236 33006
x 0 33007
p 0 202 33007
x 0 33008
p 0 152 33008
x 0 33009
p 0 172 33009
x 0 33010
p 0 177 33010
x 0 33011
p 0 211 33011
x 0 33012
p 0 201 33012
x 0 33013
p 0 202 33013
x 0 33014
p 0 202 33014
x 0 33015
p 0 251 33015
x 0 33016
p 0 203 33016
x 0 33017
p 0 203 33017
x 0 33018
p 0 202 33018
x 0 33019
p 0 200 33019
x 0 33020
p 0 202 33020
x 0 33021
p 0 203 33021
x 0 33022
p 0 242 33022
x 0 33023
p 0 202 33023
x 0 33024
p 0 223 33024
x 0 33025
p 0 203 33025
x 0 33026
p 0 204 33026
x 0 33027
p 0 206 33027
x 0 33028
p 0 202 33028
x 0 33029
p 0 255 33029
x 0 33030
p 0 204 33030
x 0 33031
p 0 213 33031
x 0 33032
p 0 208 33032
x 0 33033
p 0 202 33033
x 0 33034
p 0 203 33034
x 0 33035
p 0 156 33035
x 0 33036
p 0 124 33036
x 0 33037
p 0 163 33037
x 0 33038
p 0 219 33038
x 0 33039
p 0 202 33039
x 0 33040
p 0 202 33040
x 0 33041
p 0 201 33041
x 0 33042
p 0 153 33042
x 0 33043
p 0 205 33043
x 0 33044
p 0 207 33044
x 0 33045
p 0 232 33045
x 0 33046
p 0 210 33046
x 0 33047
p 0 206 33047
x 0 33048
p 0 203 33048
x 0 33049
p 0 205 33049
x 0 33050
p 0 202 33050
x 0 33051
p 0 203 33051
x 0 33052
p 0 251 33052
x 0 33053
p 0 203 33053
x 0 33054
p 0 204 33054
x 0 33055
p 0 205 33055
x 0 33056
p 0 209 33056
x 0 33057
p 0 207 33057
x 0 33058
p 0 203 33058
x 0 33059
p 0 266 33059
x 0 33060
p 0 200 33060
x 0 33000
h 0 10.0.0.12
p 0 507 33000
x 1 33001
h 1 10.0.0.12
p 1 203 33001
x 0 33002
p 0 182 33002
x 0 33003
p 0 205 33003
x 0 33004
p 0 208 33004
x 0 33005
p 0 208 33005
x 0 33006
p 0 208 33006
x 0 33007
p 0 203 33007
x 0 33008
p 0 202 33008
x 0 33009
p 0 205 33009
x 0 33010
p 0 207 33010
x 0 33011
p 0 208 33011
x 0 33012
p 0 206 33012
x 0 33013
p 0 206 33013
x 0 33014
p 0 203 33014
x 0 33015
p 0 204 33015
x 0 33016
p 0 210 33016
x 0 33017
p 0 213 33017
x 0 33018
p 0 201 33018
x 0 33019
p 0 207 33019
x 0 33020
p 0 203 33020
x 0 33021
p 0 204 33021
x 0 33022
p 0 208 33022
x 0 33023
p 0 206 33023
x 0 33024
p 0 201 33024
x 0 33025
p 0 206 33025
x 0 33026
p 0 210 33026
x 0 33027
p 0 210 33027
x 0 33028
p 0 209 33028
x 0 33029
p 0 206 33029
x 0 33030
p 0 237 33030
x 0 33031
p 0 211 33031
x 0 33032
p 0 209 33032
x 0 33033
p 0 202 33033
x 0 33034
p 0 204 33034
x 0 33035
p 0 204 33035
x 0 33036
p 0 210 33036
x 0 33037
p 0 233 33037
x 0 33038
p 0 207 33038
x 0 33039
p 0 202 33039
x 0 33040
p 0 205 33040
x 0 33041
p 0 204 33041
x 0 33042
p 0 204 33042
x 0 33043
p 0 204 33043
x 0 33044
p 0 206 33044
x 0 33045
p 0 205 33045
x 0 33046
p 0 206 33046
x 0 33047
p 0 209 33047
x 0 33048
p 0 207 33048
x 0 33049
p 0 207 33049
x 0 33050
p 0 207 33050
x 0 33051
p 0 208 33051
x 0 33052
p 0 208 33052
x 0 33053
p 0 204 33053
x 0 33054
p 0 207 33054
x 0 33055
p 0 206 33055
x 0 33056
p 0 206 33056
x 0 33057
p 0 207 33057
x 0 33058
p 0 235 33058
x 0 33059
p 0 206 33059
x 0 33060
p 0 210 33060
x 0 33000
h 0 10.0.0.12
p 0 14374 33000
x 1 33001
h 1 10.0.0.12
p 1 1000 33001
x 0 33002
p 0 205 33002
x 0 33003
p 0 205 33003
x 0 33004
p 0 206 33004
x 0 33005
p 0 207 33005
x 0 33006
p 0 209 33006
x 0 33007
p 0 247 33007
x 0 33008
p 0 192 33008
x 0 33009
p 0 172 33009
x 0 33010
p 0 169 33010
x 0 33011
p 0 185 33011
x 0 33012
p 0 249 33012
x 0 33013
p 0 248 33013
x 0 33014
p 0 248 33014
x 0 33015
p 0 302 33015
x 0 33016
p 0 251 33016
x 0 33017
p 0 283 33017
x 0 33018
p 0 247 33018
x 0 33019
p 0 282 33019
x 0 33020
p 0 247 33020
x 0 33021
p 0 211 33021
x 0 33022
p 0 247 33022
x 0 33023
p 0 245 33023
x 0 33024
p 0 248 33024
x 0 33025
p 0 211 33025
x 0 33026
p 0 247 33026
x 0 33027
p 0 283 33027
x 0 33028
p 0 249 33028
x 0 33029
p 0 244 33029
x 0 33030
p 0 245 33030
x 0 33031
p 0 293 33031
x 0 33032
p 0 249 33032
x 0 33033
p 0 246 33033
x 0 33034
p 0 246 33034
x 0 33035
p 0 297 33035
x 0 33036
p 0 244 33036
x 0 33037
p 0 247 33037
x 0 33038
p 0 245 33038
x 0 33039
p 0 286 33039
x 0 33040
p 0 200 33040
x 0 33041
p 0 198 33041
x 0 33042
p 0 264 33042
x 0 33043
p 0 213 33043
x 0 33044
p 0 342 33044
x 0 33045
p 0 199 33045
x 0 33046
p 0 202 33046
x 0 33047
p 0 204 33047
x 0 33048
p 0 172 33048
x 0 33049
p 0 204 33049
x 0 33050
p 0 463 33050
x 0 33051
p 0 153 33051
x 0 33052
p 0 63 33052
x 0 33053
p 0 262 33053
x 0 33054
p 0 158 33054
x 0 33055
p 0 186 33055
x 0 33056
p 0 157 33056
x 0 33057
p 0 165 33057
x 0 33058
p 0 164 33058
x 0 33059
p 0 229 33059
x 0 33060
p 0 198 33060
x 0 33000
h 0 10.0.0.12
p 0 1109 33000
x 1 33001
h 1 10.0.0.12
p 1 272 33001
x 0 33002
p 0 273 33002
x 0 33003
p 0 205 33003
x 0 33004
p 0 256 33004
x 0 33005
p 0 209 33005
x 0 33006
p 0 245 33006
x 0 33007
p 0 208 33007
x 0 33008
p 0 203 33008
x 0 33009
p 0 204 33009
x 0 33010
p 0 202 33010
x 0 33011
p 0 205 33011
x 0 33012
p 0 204 33012
x 0 33013
p 0 202 33013
x 0 33014
p 0 202 33014
x 0 33015
p 0 257 33015
x 0 33016
p 0 203 33016
x 0 33017
p 0 205 33017
x 0 33018
p 0 200 33018
x 0 33019
p 0 202 33019
x 0 33020
p 0 202 33020
x 0 33021
p 0 153 33021
x 0 33022
p 0 204 33022
x 0 33023
p 0 201 33023
x 0 33024
p 0 202 33024
x 0 33025
p 0 201 33025
x 0 33026
p 0 206 33026
x 0 33027
p 0 208 33027
x 0 33028
p 0 231 33028
x 0 33029
p 0 207 33029
x 0 33030
p 0 204 33030
x 0 33031
p 0 201 33031
x 0 33032
p 0 205 33032
x 0 33033
p 0 203 33033
x 0 33034
p 0 160 33034
x 0 33035
p 0 169 33035
x 0 33036
p 0 193 33036
x 0 33037
p 0 168 33037
x 0 33038
p 0 155 33038
x 0 33039
p 0 160 33039
x 0 33040
p 0 161 33040
x 0 33041
p 0 164 33041
x 0 33042
p 0 163 33042
x 0 33043
p 0 145 33043
x 0 33044
p 0 161 33044
x 0 33045
p 0 164 33045
x 0 33046
p 0 164 33046
x 0 33047
p 0 163 33047
x 0 33048
p 0 166 33048
x 0 33049
p 0 163 33049
x 0 33050
p 0 161 33050
x 0 33051
p 0 165 33051
x 0 33052
p 0 194 33052
x 0 33053
p 0 162 33053
x 0 33054
p 0 200 33054
x 0 33055
p 0 164 33055
x 0 33056
p 0 170 33056
x 0 33057
p 0 166 33057
x 0 33058
p 0 257 33058
x 0 33059
p 0 202 33059
x 0 33060
p 0 204 33060
x 0 33000
h 0 10.0.0.12
p 0 18531 33000
x 1 33001
h 1 10.0.0.12
p 1 981 33001
x 0 33002
p 0 306 33002
x 0 33003
p 0 231 33003
x 0 33004
p 0 232 33004
x 0 33005
p 0 250 33005
x 0 33006
p 0 232 33006
x 0 33007
p 0 202 33007
x 0 33008
p 0 241 33008
x 0 33009
p 0 289 33009
x 0 33010
p 0 233 33010
x 0 33011
p 0 255 33011
x 0 33012
p 0 202 33012
x 0 33013
p 0 228 33013
x 0 33014
p 0 204 33014
x 0 33015
p 0 235 33015
x 0 33016
p 0 209 33016
x 0 33017
p 0 206 33017
x 0 33018
p 0 204 33018
x 0 33019
p 0 208 33019
x 0 33020
p 0 237 33020
x 0 33021
p 0 204 33021
x 0 33022
p 0 233 33022
x 0 33023
p 0 207 33023
x 0 33024
p 0 211 33024
x 0 33025
p 0 208 33025
x 0 33026
p 0 206 33026
x 0 33027
p 0 228 33027
x 0 33028
p 0 204 33028
x 0 33029
p 0 236 33029
x 0 33030
p 0 203 33030
x 0 33031
p 0 204 33031
x 0 33032
p 0 202 33032
x 0 33033
p 0 208 33033
x 0 33034
p 0 204 33034
x 0 33035
p 0 205 33035
x 0 33036
p 0 257 33036
x 0 33037
p 0 206 33037
x 0 33038
p 0 203 33038
x 0 33039
p 0 203 33039
x 0 33040
p 0 203 33040
x 0 33041
p 0 205 33041
x 0 33042
p 0 201 33042
x 0 33043
p 0 244 33043
x 0 33044
p 0 205 33044
x 0 33045
p 0 204 33045
x 0 33046
p 0 203 33046
x 0 33047
p 0 206 33047
x 0 33048
p 0 204 33048
x 0 33049
p 0 203 33049
x 0 33050
p 0 279 33050
x 0 33051
p 0 205 33051
x 0 33052
p 0 202 33052
x 0 33053
p 0 204 33053
x 0 33054
p 0 201 33054
x 0 33055
p 0 201 33055
x 0 33056
p 0 188 33056
x 0 33057
p 0 203 33057
x 0 33058
p 0 203 33058
x 0 33059
p 0 240 33059
x 0 33060
p 0 200 33060
x 0 33000
h 0 10.0.0.12
p 0 505 33000
x 1 33001
h 1 10.0.0.12
p 1 255 33001
x 0 33002
p 0 346 33002
x 0 33003
p 0 166 33003
x 0 33004
p 0 265 33004
x 0 33005
p 0 207 33005
x 0 33006
p 0 338 33006
x 0 33007
p 0 162 33007
x 0 33008
p 0 210 33008
x 0 33009
p 0 211 33009
x 0 33010
p 0 213 33010
x 0 33011
p 0 205 33011
x 0 33012
p 0 202 33012
x 0 33013
p 0 200 33013
x 0 33014
p 0 209 33014
x 0 33015
p 0 205 33015
x 0 33016
p 0 204 33016
x 0 33017
p 0 202 33017
x 0 33018
p 0 196 33018
x 0 33019
p 0 204 33019
x 0 33020
p 0 203 33020
x 0 33021
p 0 203 33021
x 0 33022
p 0 201 33022
x 0 33023
p 0 199 33023
x 0 33024
p 0 218 33024
x 0 33025
p 0 204 33025
x 0 33026
p 0 207 33026
x 0 33027
p 0 240 33027
x 0 33028
p 0 196 33028
x 0 33029
p 0 207 33029
x 0 33030
p 0 198 33030
x 0 33031
p 0 200 33031
x 0 33032
p 0 199 33032
x 0 33033
p 0 201 33033
x 0 33034
p 0 244 33034
x 0 33035
p 0 203 33035
x 0 33036
p 0 208 33036
x 0 33037
p 0 206 33037
x 0 33038
p 0 198 33038
x 0 33039
p 0 222 33039
x 0 33040
p 0 206 33040
x 0 33041
p 0 207 33041
x 0 33042
p 0 205 33042
x 0 33043
p 0 226 33043
x 0 33044
p 0 209 33044
x 0 33045
p 0 209 33045
x 0 33046
p 0 206 33046
x 0 33047
p 0 204 33047
x 0 33048
p 0 201 33048
x 0 33049
p 0 208 33049
x 0 33050
p 0 229 33050
x 0 33051
p 0 205 33051
x 0 33052
p 0 210 33052
x 0 33053
p 0 200 33053
x 0 33054
p 0 214 33054
x 0 33055
p 0 204 33055
x 0 33056
p 0 201 33056
x 0 33057
p 0 246 33057
x 0 33058
p 0 198 33058
x 0 33059
p 0 209 33059
x 0 33060
p 0 201 33060
x 0 33000
h 0 10.0.0.12
p 0 9206 33000
x 1 33001
h 1 10.0.0.12
p 1 457 33001
x 0 33002
p 0 254 33002
x 0 33003
p 0 163 33003
x 0 33004
p 0 167 33004
x 0 33005
p 0 340 33005
x 0 33006
p 0 262 33006
x 0 33007
p 0 375 33007
x 0 33008
p 0 250 33008
x 0 33009
p 0 195 33009
x 0 33010
p 0 172 33010
x 0 33011
p 0 195 33011
x 0 33012
p 0 194 33012
x 0 33013
p 0 179 33013
x 0 33014
p 0 159 33014
x 0 33015
p 0 195 33015
x 0 33016
p 0 194 33016
x 0 33017
p 0 198 33017
x 0 33018
p 0 163 33018
x 0 33019
p 0 193 33019
x 0 33020
p 0 197 33020
x 0 33021
p 0 198 33021
x 0 33022
p 0 198 33022
x 0 33023
p 0 195 33023
x 0 33024
p 0 197 33024
x 0 33025
p 0 198 33025
x 0 33026
p 0 197 33026
x 0 33027
p 0 195 33027
x 0 33028
p 0 195 33028
x 0 33029
p 0 195 33029
x 0 33030
p 0 161 33030
x 0 33031
p 0 201 33031
x 0 33032
p 0 197 33032
x 0 33033
p 0 163 33033
x 0 33034
p 0 163 33034
x 0 33035
p 0 197 33035
x 0 33036
p 0 164 33036
x 0 33037
p 0 198 33037
x 0 33038
p 0 164 33038
x 0 33039
p 0 197 33039
x 0 33040
p 0 199 33040
x 0 33041
p 0 206 33041
x 0 33042
p 0 166 33042
x 0 33043
p 0 163 33043
x 0 33044
p 0 198 33044
x 0 33045
p 0 203 33045
x 0 33046
p 0 160 33046
x 0 33047
p 0 197 33047
x 0 33048
p 0 161 33048
x 0 33049
p 0 161 33049
x 0 33050
p 0 162 33050
x 0 33051
p 0 163 33051
x 0 33052
p 0 160 33052
x 0 33053
p 0 161 33053
x 0 33054
p 0 159 33054
x 0 33055
p 0 166 33055
x 0 33056
p 0 161 33056
x 0 33057
p 0 160 33057
x 0 33058
p 0 159 33058
x 0 33059
p 0 159 33059
x 0 33060
p 0 160 33060
x 0 33000
h 0 10.0.0.12
p 0 684 33000
x 1 33001
h 1 10.0.0.12
p 1 201 33001
x 0 33002
p 0 202 33002
x 0 33003
p 0 204 33003
x 0 33004
p 0 245 33004
x 0 33005
p 0 201 33005
x 0 33006
p 0 202 33006
x 0 33007
p 0 208 33007
x 0 33008
p 0 213 33008
x 0 33009
p 0 211 33009
x 0 33010
p 0 214 33010
x 0 33011
p 0 206 33011
x 0 33012
p 0 209 33012
x 0 33013
p 0 271 33013
x 0 33014
p 0 204 33014
x 0 33015
p 0 211 33015
x 0 33016
p 0 205 33016
x 0 33017
p 0 210 33017
x 0 33018
p 0 208 33018
x 0 33019
p 0 204 33019
x 0 33020
p 0 199 33020
x 0 33021
p 0 205 33021
x 0 33022
p 0 234 33022
x 0 33023
p 0 205 33023
x 0 33024
p 0 205 33024
x 0 33025
p 0 201 33025
x 0 33026
p 0 203 33026
x 0 33027
p 0 206 33027
x 0 33028
p 0 202 33028
x 0 33029
p 0 183 33029
x 0 33030
p 0 203 33030
x 0 33031
p 0 264 33031
x 0 33032
p 0 205 33032
x 0 33033
p 0 188 33033
x 0 33034
p 0 206 33034
x 0 33035
p 0 204 33035
x 0 33036
p 0 206 33036
x 0 33037
p 0 206 33037
x 0 33038
p 0 210 33038
x 0 33039
p 0 206 33039
x 0 33040
p 0 235 33040
x 0 33041
p 0 205 33041
x 0 33042
p 0 201 33042
x 0 33043
p 0 209 33043
x 0 33044
p 0 202 33044
x 0 33045
p 0 204 33045
x 0 33046
p 0 203 33046
x 0 33047
p 0 205 33047
x 0 33048
p 0 206 33048
x 0 33049
p 0 204 33049
x 0 33050
p 0 204 33050
x 0 33051
p 0 204 33051
x 0 33052
p 0 202 33052
x 0 33053
p 0 205 33053
x 0 33054
p 0 201 33054
x 0 33055
p 0 205 33055
x 0 33056
p 0 248 33056
x 0 33057
p 0 203 33057
x 0 33058
p 0 208 33058
x 0 33059
p 0 178 33059
x 0 33060
p 0 199 33060
x 0 33000
h 0 10.0.0.12
p 0 12962 33000
x 1 33001
h 1 10.0.0.12
p 1 459 33001
x 0 33002
p 0 258 33002
x 0 33003
p 0 208 33003
x 0 33004
p 0 207 33004
x 0 33005
p 0 244 33005
x 0 33006
p 0 207 33006
x 0 33007
p 0 205 33007
x 0 33008
p 0 291 33008
x 0 33009
p 0 197 33009
x 0 33010
p 0 196 33010
x 0 33011
p 0 198 33011
x 0 33012
p 0 198 33012
x 0 33013
p 0 197 33013
x 0 33014
p 0 196 33014
x 0 33015
p 0 195 33015
x 0 33016
p 0 198 33016
x 0 33017
p 0 199 33017
x 0 33018
p 0 201 33018
x 0 33019
p 0 198 33019
x 0 33020
p 0 201 33020
x 0 33021
p 0 200 33021
x 0 33022
p 0 198 33022
x 0 33023
p 0 198 33023
x 0 33024
p 0 201 33024
x 0 33025
p 0 199 33025
x 0 33026
p 0 210 33026
x 0 33027
p 0 199 33027
x 0 33028
p 0 202 33028
x 0 33029
p 0 199 33029
x 0 33030
p 0 201 33030
x 0 33031
p 0 199 33031
x 0 33032
p 0 204 33032
x 0 33033
p 0 200 33033
x 0 33034
p 0 200 33034
x 0 33035
p 0 199 33035
x 0 33036
p 0 200 33036
x 0 33037
p 0 239 33037
x 0 33038
p 0 200 33038
x 0 33039
p 0 202 33039
x 0 33040
p 0 245 33040
x 0 33041
p 0 200 33041
x 0 33042
p 0 204 33042
x 0 33043
p 0 319 33043
x 0 33044
p 0 235 33044
x 0 33045
p 0 231 33045
x 0 33046
p 0 202 33046
x 0 33047
p 0 206 33047
x 0 33048
p 0 205 33048
x 0 33049
p 0 202 33049
x 0 33050
p 0 201 33050
x 0 33051
p 0 201 33051
x 0 33052
p 0 206 33052
x 0 33053
p 0 199 33053
x 0 33054
p 0 199 33054
x 0 33055
p 0 204 33055
x 0 33056
p 0 201 33056
x 0 33057
p 0 204 33057
x 0 33058
p 0 199 33058
x 0 33059
p 0 246 33059
x 0 33060
p 0 203 33060
x 0 33000
h 0 10.0.0.12
p 0 656 33000
x 1 33001
h 1 10.0.0.12
p 1 158 33001
x 0 33002
p 0 114 33002
x 0 33003
p 0 189 33003
x 0 33004
p 0 157 33004
x 0 33005
p 0 178 33005
x 0 33006
p 0 167 33006
x 0 33007
p 0 180 33007
x 0 33008
p 0 237 33008
x 0 33009
p 0 202 33009
x 0 33010
p 0 171 33010
x 0 33011
p 0 203 33011
x 0 33012
p 0 203 33012
x 0 33013
p 0 203 33013
x 0 33014
p 0 173 33014
x 0 33015
p 0 201 33015
x 0 33016
p 0 202 33016
x 0 33017
p 0 203 33017
x 0 33018
p 0 171 33018
x 0 33019
p 0 202 33019
x 0 33020
p 0 200 33020
x 0 33021
p 0 204 33021
x 0 33022
p 0 173 33022
x 0 33023
p 0 201 33023
x 0 33024
p 0 200 33024
x 0 33025
p 0 172 33025
x 0 33026
p 0 172 33026
x 0 33027
p 0 200 33027
x 0 33028
p 0 203 33028
x 0 33029
p 0 207 33029
x 0 33030
p 0 175 33030
x 0 33031
p 0 210 33031
x 0 33032
p 0 206 33032
x 0 33033
p 0 206 33033
x 0 33034
p 0 176 33034
x 0 33035
p 0 206 33035
x 0 33036
p 0 176 33036
x 0 33037
p 0 211 33037
x 0 33038
p 0 209 33038
x 0 33039
p 0 173 33039
x 0 33040
p 0 201 33040
x 0 33041
p 0 207 33041
x 0 33042
p 0 205 33042
x 0 33043
p 0 206 33043
x 0 33044
p 0 203 33044
x 0 33045
p 0 205 33045
x 0 33046
p 0 201 33046
x 0 33047
p 0 186 33047
x 0 33048
p 0 203 33048
x 0 33049
p 0 202 33049
x 0 33050
p 0 202 33050
x 0 33051
p 0 203 33051
x 0 33052
p 0 218 33052
x 0 33053
p 0 204 33053
x 0 33054
p 0 202 33054
x 0 33055
p 0 175 33055
x 0 33056
p 0 201 33056
x 0 33057
p 0 202 33057
x 0 33058
p 0 202 33058
x 0 33059
p 0 200 33059
x 0 33060
p 0 201 33060
x 0 33000
h 0 10.0.0.12
p 0 12288 33000
x 1 33001
h 1 10.0.0.12
p 1 928 33001
x 0 33002
p 0 183 33002
x 0 33003
p 0 201 33003
x 0 33004
p 0 201 33004
x 0 33005
p 0 204 33005
x 0 33006
p 0 203 33006
x 0 33007
p 0 196 33007
x 0 33008
p 0 200 33008
x 0 33009
p 0 203 33009
x 0 33010
p 0 205 33010
x 0 33011
p 0 199 33011
x 0 33012
p 0 208 33012
x 0 33013
p 0 235 33013
x 0 33014
p 0 200 33014
x 0 33015
p 0 208 33015
x 0 33016
p 0 203 33016
x 0 33017
p 0 207 33017
x 0 33018
p 0 201 33018
x 0 33019
p 0 205 33019
x 0 33020
p 0 238 33020
x 0 33021
p 0 205 33021
x 0 33022
p 0 199 33022
x 0 33023
p 0 203 33023
x 0 33024
p 0 263 33024
x 0 33025
p 0 203 33025
x 0 33026
p 0 205 33026
x 0 33027
p 0 205 33027
x 0 33028
p 0 205 33028
x 0 33029
p 0 203 33029
x 0 33030
p 0 205 33030
x 0 33031
p 0 203 33031
x 0 33032
p 0 200 33032
x 0 33033
p 0 207 33033
x 0 33034
p 0 244 33034
x 0 33035
p 0 121 33035
x 0 33036
p 0 210 33036
x 0 33037
p 0 210 33037
x 0 33038
p 0 204 33038
x 0 33039
p 0 206 33039
x 0 33040
p 0 205 33040
x 0 33041
p 0 209 33041
x 0 33042
p 0 206 33042
x 0 33043
p 0 204 33043
x 0 33044
p 0 213 33044
x 0 33045
p 0 205 33045
x 0 33046
p 0 210 33046
x 0 33047
p 0 209 33047
x 0 33048
p 0 206 33048
x 0 33049
p 0 211 33049
x 0 33050
p 0 237 33050
x 0 33051
p 0 208 33051
x 0 33052
p 0 208 33052
x 0 33053
p 0 205 33053
x 0 33054
p 0 206 33054
x 0 33055
p 0 208 33055
x 0 33056
p 0 309 33056
x 0 33057
p 0 210 33057
x 0 33058
p 0 209 33058
x 0 33059
p 0 212 33059
x 0 33060
p 0 208 33060
x 0 33000
h 0 10.0.0.12
p 0 797 33000
x 1 33001
h 1 10.0.0.12
p 1 212 33001
x 0 33002
p 0 212 33002
x 0 33003
p 0 378 33003
x 0 33004
p 0 212 33004
x 0 33005
p 0 214 33005
x 0 33006
p 0 205 33006
x 0 33007
p 0 197 33007
x 0 33008
p 0 198 33008
x 0 33009
p 0 173 33009
x 0 33010
p 0 204 33010
x 0 33011
p 0 204 33011
x 0 33012
p 0 296 33012
x 0 33013
p 0 206 33013
x 0 33014
p 0 290 33014
x 0 33015
p 0 289 33015
x 0 33016
p 0 206 33016
x 0 33017
p 0 179 33017
x 0 33018
p 0 205 33018
x 0 33019
p 0 198 33019
x 0 33020
p 0 287 33020
x 0 33021
p 0 175 33021
x 0 33022
p 0 199 33022
x 0 33023
p 0 279 33023
x 0 33024
p 0 199 33024
x 0 33025
p 0 199 33025
x 0 33026
p 0 198 33026
x 0 33027
p 0 198 33027
x 0 33028
p 0 201 33028
x 0 33029
p 0 198 33029
x 0 33030
p 0 197 33030
x 0 33031
p 0 198 33031
x 0 33032
p 0 197 33032
x 0 33033
p 0 200 33033
x 0 33034
p 0 197 33034
x 0 33035
p 0 197 33035
x 0 33036
p 0 197 33036
x 0 33037
p 0 202 33037
x 0 33038
p 0 199 33038
x 0 33039
p 0 198 33039
x 0 33040
p 0 198 33040
x 0 33041
p 0 198 33041
x 0 33042
p 0 197 33042
x 0 33043
p 0 200 33043
x 0 33044
p 0 197 33044
x 0 33045
p 0 200 33045
x 0 33046
p 0 202 33046
x 0 33047
p 0 201 33047
x 0 33048
p 0 198 33048
x 0 33049
p 0 199 33049
x 0 33050
p 0 200 33050
x 0 33051
p 0 260 33051
x 0 33052
p 0 197 33052
x 0 33053
p 0 197 33053
x 0 33054
p 0 208 33054
x 0 33055
p 0 199 33055
x 0 33056
p 0 199 33056
x 0 33057
p 0 197 33057
x 0 33058
p 0 199 33058
x 0 33059
p 0 197 33059
x 0 33060
p 0 197 33060
