x 0 33000
h 0 10.0.0.12
p 0 24674 33000
x 1 33001
h 1 10.0.0.12
p 1 1760 33001
x 0 33002
p 0 229 33002
x 0 33003
p 0 205 33003
x 0 33004
p 0 202 33004
x 0 33005
p 0 204 33005
x 0 33006
p 0 199 33006
x 0 33007
p 0 231 33007
x 0 33008
p 0 199 33008
x 0 33009
p 0 202 33009
x 0 33010
p 0 209 33010
x 0 33011
p 0 173 33011
x 0 33012
p 0 247 33012
x 0 33013
p 0 212 33013
x 0 33014
p 0 211 33014
x 0 33015
p 0 203 33015
x 0 33016
p 0 169 33016
x 0 33017
p 0 213 33017
x 0 33018
p 0 177 33018
x 0 33019
p 0 175 33019
x 0 33020
p 0 304 33020
x 0 33021
p 0 214 33021
x 0 33022
p 0 209 33022
x 0 33023
p 0 292 33023
x 0 33024
p 0 181 33024
x 0 33025
p 0 209 33025
x 0 33026
p 0 207 33026
x 0 33027
p 0 209 33027
x 0 33028
p 0 242 33028
x 0 33029
p 0 206 33029
x 0 33030
p 0 236 33030
x 0 33031
p 0 227 33031
x 0 33032
p 0 322 33032
x 0 33033
p 0 294 33033
x 0 33034
p 0 166 33034
x 0 33035
p 0 170 33035
x 0 33036
p 0 171 33036
x 0 33037
p 0 204 33037
x 0 33038
p 0 293 33038
x 0 33039
p 0 172 33039
x 0 33040
p 0 188 33040
