x 0 33000
x 1 33001
x 2 33002
x 3 33003
h 1 10.0.0.13
p 1 233653 33001
h 0 10.0.0.13
p 0 333307 33000
h 3 10.0.0.13
p 3 33359 33003
h 2 10.0.0.13
p 2 136790 33002
x 4 33004
h 4 10.0.0.13
p 4 241 33004
x 0 33005
p 0 229 33005
x 0 33006
p 0 226 33006
x 0 33007
p 0 226 33007
x 0 33008
p 0 227 33008
x 0 33009
p 0 225 33009
x 0 33010
p 0 246 33010
x 0 33011
p 0 223 33011
x 0 33012
p 0 226 33012
x 0 33013
p 0 222 33013
x 0 33014
p 0 223 33014
x 0 33015
p 0 220 33015
x 0 33016
p 0 219 33016
x 0 33017
p 0 229 33017
x 0 33018
p 0 227 33018
x 0 33019
p 0 224 33019
x 0 33020
p 0 228 33020
x 0 33021
p 0 227 33021
x 0 33022
p 0 228 33022
x 0 33023
p 0 230 33023
x 0 33024
p 0 230 33024
x 0 33025
p 0 226 33025
x 0 33026
p 0 227 33026
x 0 33027
p 0 226 33027
x 0 33028
p 0 225 33028
x 0 33029
p 0 225 33029
x 0 33030
p 0 225 33030
x 0 33031
p 0 225 33031
x 0 33032
p 0 226 33032
x 0 33033
p 0 224 33033
x 0 33034
p 0 224 33034
x 0 33035
p 0 219 33035
x 0 33036
p 0 221 33036
x 0 33037
p 0 218 33037
x 0 33038
p 0 217 33038
x 0 33039
p 0 219 33039
x 0 33040
p 0 219 33040
x 0 33041
p 0 220 33041
x 0 33042
p 0 218 33042
x 0 33043
p 0 220 33043
x 0 33044
p 0 220 33044
x 0 33045
p 0 229 33045
x 0 33046
p 0 191 33046
x 0 33047
p 0 304 33047
x 0 33048
p 0 228 33048
x 0 33049
p 0 224 33049
x 0 33050
p 0 224 33050
x 0 33051
p 0 190 33051
x 0 33052
p 0 227 33052
x 0 33053
p 0 226 33053
x 0 33054
p 0 225 33054
x 0 33055
p 0 189 33055
x 0 33056
p 0 228 33056
x 0 33057
p 0 223 33057
x 0 33058
p 0 191 33058
x 0 33059
p 0 193 33059
x 0 33060
p 0 259 33060
x 0 33061
p 0 263 33061
x 0 33062
p 0 190 33062
x 0 33063
p 0 194 33063
x 0 33000
h 0 10.0.0.13
p 0 667 33000
x 1 33001
h 1 10.0.0.13
p 1 257 33001
x 0 33002
p 0 190 33002
x 0 33003
p 0 310 33003
x 0 33004
p 0 230 33004
x 0 33005
p 0 226 33005
x 0 33006
p 0 230 33006
x 0 33007
p 0 317 33007
x 0 33008
p 0 125 33008
x 0 33009
p 0 129 33009
x 0 33010
p 0 230 33010
x 0 33011
p 0 321 33011
x 0 33012
p 0 212 33012
x 0 33013
p 0 232 33013
x 0 33014
p 0 226 33014
x 0 33015
p 0 331 33015
x 0 33016
p 0 308 33016
x 0 33017
p 0 228 33017
x 0 33018
p 0 220 33018
x 0 33019
p 0 229 33019
x 0 33020
p 0 225 33020
x 0 33021
p 0 226 33021
x 0 33022
p 0 230 33022
x 0 33023
p 0 221 33023
x 0 33024
p 0 218 33024
x 0 33025
p 0 224 33025
x 0 33026
p 0 220 33026
x 0 33027
p 0 217 33027
x 0 33028
p 0 220 33028
x 0 33029
p 0 181 33029
x 0 33030
p 0 192 33030
x 0 33031
p 0 225 33031
x 0 33032
p 0 198 33032
x 0 33033
p 0 232 33033
x 0 33034
p 0 181 33034
x 0 33035
p 0 179 33035
x 0 33036
p 0 343 33036
x 0 33037
p 0 336 33037
x 0 33038
p 0 274 33038
x 0 33039
p 0 309 33039
x 0 33040
p 0 138 33040
x 0 33041
p 0 180 33041
x 0 33042
p 0 137 33042
x 0 33043
p 0 145 33043
x 0 33044
p 0 191 33044
x 0 33045
p 0 241 33045
x 0 33046
p 0 194 33046
x 0 33047
p 0 178 33047
x 0 33048
p 0 191 33048
x 0 33049
p 0 194 33049
x 0 33050
p 0 223 33050
x 0 33051
p 0 129 33051
x 0 33052
p 0 191 33052
x 0 33053
p 0 240 33053
x 0 33054
p 0 195 33054
x 0 33055
p 0 196 33055
x 0 33056
p 0 190 33056
x 0 33057
p 0 191 33057
x 0 33058
p 0 196 33058
x 0 33059
p 0 195 33059
x 0 33060
p 0 195 33060
x 0 33000
h 0 10.0.0.13
p 0 848 33000
x 1 33001
h 1 10.0.0.13
p 1 219 33001
x 0 33002
p 0 153 33002
x 0 33003
p 0 224 33003
x 0 33004
p 0 226 33004
x 0 33005
p 0 223 33005
x 0 33006
p 0 228 33006
x 0 33007
p 0 224 33007
x 0 33008
p 0 224 33008
x 0 33009
p 0 222 33009
x 0 33010
p 0 220 33010
x 0 33011
p 0 221 33011
x 0 33012
p 0 221 33012
x 0 33013
p 0 222 33013
x 0 33014
p 0 226 33014
x 0 33015
p 0 220 33015
x 0 33016
p 0 225 33016
x 0 33017
p 0 222 33017
x 0 33018
p 0 220 33018
x 0 33019
p 0 220 33019
x 0 33020
p 0 226 33020
x 0 33021
p 0 220 33021
x 0 33022
p 0 223 33022
x 0 33023
p 0 219 33023
x 0 33024
p 0 224 33024
x 0 33025
p 0 221 33025
x 0 33026
p 0 225 33026
x 0 33027
p 0 226 33027
x 0 33028
p 0 221 33028
x 0 33029
p 0 223 33029
x 0 33030
p 0 222 33030
x 0 33031
p 0 225 33031
x 0 33032
p 0 202 33032
x 0 33033
p 0 223 33033
x 0 33034
p 0 221 33034
x 0 33035
p 0 224 33035
x 0 33036
p 0 223 33036
x 0 33037
p 0 225 33037
x 0 33038
p 0 225 33038
x 0 33039
p 0 223 33039
x 0 33040
p 0 223 33040
x 0 33041
p 0 313 33041
x 0 33042
p 0 226 33042
x 0 33043
p 0 225 33043
x 0 33044
p 0 222 33044
x 0 33045
p 0 227 33045
x 0 33046
p 0 224 33046
x 0 33047
p 0 225 33047
x 0 33048
p 0 222 33048
x 0 33049
p 0 224 33049
x 0 33050
p 0 223 33050
x 0 33051
p 0 221 33051
x 0 33052
p 0 220 33052
x 0 33053
p 0 222 33053
x 0 33054
p 0 223 33054
x 0 33055
p 0 219 33055
x 0 33056
p 0 194 33056
x 0 33057
p 0 220 33057
x 0 33058
p 0 193 33058
x 0 33059
p 0 196 33059
x 0 33060
p 0 225 33060
x 0 33000
h 0 10.0.0.13
p 0 21014 33000
x 1 33001
h 1 10.0.0.13
p 1 116 33001
x 0 33002
p 0 303 33002
x 0 33003
p 0 196 33003
x 0 33004
p 0 194 33004
x 0 33005
p 0 238 33005
x 0 33006
p 0 232 33006
x 0 33007
p 0 236 33007
x 0 33008
p 0 229 33008
x 0 33009
p 0 313 33009
x 0 33010
p 0 230 33010
x 0 33011
p 0 229 33011
x 0 33012
p 0 206 33012
x 0 33013
p 0 190 33013
x 0 33014
p 0 231 33014
x 0 33015
p 0 229 33015
x 0 33016
p 0 240 33016
x 0 33017
p 0 234 33017
x 0 33018
p 0 336 33018
x 0 33019
p 0 877 33019
x 0 33020
p 0 235 33020
x 0 33021
p 0 240 33021
x 0 33022
p 0 240 33022
x 0 33023
p 0 238 33023
x 0 33024
p 0 242 33024
x 0 33025
p 0 235 33025
x 0 33026
p 0 240 33026
x 0 33027
p 0 242 33027
x 0 33028
p 0 237 33028
x 0 33029
p 0 239 33029
x 0 33030
p 0 240 33030
x 0 33031
p 0 235 33031
x 0 33032
p 0 260 33032
x 0 33033
p 0 232 33033
x 0 33034
p 0 308 33034
x 0 33035
p 0 234 33035
x 0 33036
p 0 191 33036
x 0 33037
p 0 216 33037
x 0 33038
p 0 231 33038
x 0 33039
p 0 236 33039
x 0 33040
p 0 234 33040
x 0 33041
p 0 232 33041
x 0 33042
p 0 467 33042
x 0 33043
p 0 286 33043
x 0 33044
p 0 283 33044
x 0 33045
p 0 285 33045
x 0 33046
p 0 339 33046
x 0 33047
p 0 232 33047
x 0 33048
p 0 230 33048
x 0 33049
p 0 230 33049
x 0 33050
p 0 271 33050
x 0 33051
p 0 235 33051
x 0 33052
p 0 235 33052
x 0 33053
p 0 234 33053
x 0 33054
p 0 351 33054
x 0 33055
p 0 240 33055
x 0 33056
p 0 230 33056
x 0 33057
p 0 231 33057
x 0 33058
p 0 229 33058
x 0 33059
p 0 219 33059
x 0 33060
p 0 220 33060
x 0 33000
h 0 10.0.0.13
p 0 777 33000
x 1 33001
h 1 10.0.0.13
p 1 175 33001
x 0 33002
p 0 232 33002
x 0 33003
p 0 182 33003
x 0 33004
p 0 184 33004
x 0 33005
p 0 172 33005
x 0 33006
p 0 175 33006
x 0 33007
p 0 225 33007
x 0 33008
p 0 319 33008
x 0 33009
p 0 325 33009
x 0 33010
p 0 189 33010
x 0 33011
p 0 219 33011
x 0 33012
p 0 221 33012
x 0 33013
p 0 226 33013
x 0 33014
p 0 190 33014
x 0 33015
p 0 378 33015
x 0 33016
p 0 119 33016
x 0 33017
p 0 205 33017
x 0 33018
p 0 228 33018
x 0 33019
p 0 207 33019
x 0 33020
p 0 244 33020
x 0 33021
p 0 261 33021
x 0 33022
p 0 190 33022
x 0 33023
p 0 187 33023
x 0 33024
p 0 588 33024
x 0 33025
p 0 292 33025
x 0 33026
p 0 232 33026
x 0 33027
p 0 225 33027
x 0 33028
p 0 236 33028
x 0 33029
p 0 228 33029
x 0 33030
p 0 233 33030
x 0 33031
p 0 204 33031
x 0 33032
p 0 238 33032
x 0 33033
p 0 281 33033
x 0 33034
p 0 516 33034
x 0 33035
p 0 250 33035
x 0 33036
p 0 311 33036
x 0 33037
p 0 248 33037
x 0 33038
p 0 238 33038
x 0 33039
p 0 249 33039
x 0 33040
p 0 277 33040
x 0 33041
p 0 242 33041
x 0 33042
p 0 252 33042
x 0 33043
p 0 273 33043
x 0 33044
p 0 250 33044
x 0 33045
p 0 247 33045
x 0 33046
p 0 256 33046
x 0 33047
p 0 271 33047
x 0 33048
p 0 226 33048
x 0 33049
p 0 234 33049
x 0 33050
p 0 240 33050
x 0 33051
p 0 241 33051
x 0 33052
p 0 240 33052
x 0 33053
p 0 1205 33053
x 0 33054
p 0 278 33054
x 0 33055
p 0 234 33055
x 0 33056
p 0 247 33056
x 0 33057
p 0 243 33057
x 0 33058
p 0 239 33058
x 0 33059
p 0 242 33059
x 0 33060
p 0 272 33060
x 0 33000
h 0 10.0.0.13
p 0 26765 33000
x 1 33001
h 1 10.0.0.13
p 1 227 33001
x 0 33002
p 0 209 33002
x 0 33003
p 0 223 33003
x 0 33004
p 0 225 33004
x 0 33005
p 0 226 33005
x 0 33006
p 0 221 33006
x 0 33007
p 0 236 33007
x 0 33008
p 0 229 33008
x 0 33009
p 0 228 33009
x 0 33010
p 0 232 33010
x 0 33011
p 0 263 33011
x 0 33012
p 0 230 33012
x 0 33013
p 0 230 33013
x 0 33014
p 0 276 33014
x 0 33015
p 0 234 33015
x 0 33016
p 0 234 33016
x 0 33017
p 0 210 33017
x 0 33018
p 0 228 33018
x 0 33019
p 0 261 33019
x 0 33020
p 0 229 33020
x 0 33021
p 0 230 33021
x 0 33022
p 0 232 33022
x 0 33023
p 0 226 33023
x 0 33024
p 0 236 33024
x 0 33025
p 0 229 33025
x 0 33026
p 0 230 33026
x 0 33027
p 0 317 33027
x 0 33028
p 0 268 33028
x 0 33029
p 0 226 33029
x 0 33030
p 0 254 33030
x 0 33031
p 0 227 33031
x 0 33032
p 0 230 33032
x 0 33033
p 0 263 33033
x 0 33034
p 0 230 33034
x 0 33035
p 0 231 33035
x 0 33036
p 0 231 33036
x 0 33037
p 0 229 33037
x 0 33038
p 0 224 33038
x 0 33039
p 0 230 33039
x 0 33040
p 0 235 33040
x 0 33041
p 0 234 33041
x 0 33042
p 0 234 33042
x 0 33043
p 0 231 33043
x 0 33044
p 0 231 33044
x 0 33045
p 0 225 33045
x 0 33046
p 0 421 33046
x 0 33047
p 0 421 33047
x 0 33048
p 0 378 33048
x 0 33049
p 0 431 33049
x 0 33050
p 0 232 33050
x 0 33051
p 0 194 33051
x 0 33052
p 0 193 33052
x 0 33053
p 0 196 33053
x 0 33054
p 0 226 33054
x 0 33055
p 0 225 33055
x 0 33056
p 0 221 33056
x 0 33057
p 0 224 33057
x 0 33058
p 0 264 33058
x 0 33059
p 0 223 33059
x 0 33060
p 0 293 33060
x 0 33000
h 0 10.0.0.13
p 0 840 33000
x 1 33001
h 1 10.0.0.13
p 1 173 33001
x 0 33002
p 0 172 33002
x 0 33003
p 0 172 33003
x 0 33004
p 0 176 33004
x 0 33005
p 0 219 33005
x 0 33006
p 0 237 33006
x 0 33007
p 0 166 33007
x 0 33008
p 0 225 33008
x 0 33009
p 0 228 33009
x 0 33010
p 0 253 33010
x 0 33011
p 0 322 33011
x 0 33012
p 0 146 33012
x 0 33013
p 0 223 33013
x 0 33014
p 0 343 33014
x 0 33015
p 0 145 33015
x 0 33016
p 0 219 33016
x 0 33017
p 0 311 33017
x 0 33018
p 0 341 33018
x 0 33019
p 0 229 33019
x 0 33020
p 0 229 33020
x 0 33021
p 0 332 33021
x 0 33022
p 0 353 33022
x 0 33023
p 0 329 33023
x 0 33024
p 0 233 33024
x 0 33025
p 0 233 33025
x 0 33026
p 0 139 33026
x 0 33027
p 0 240 33027
x 0 33028
p 0 238 33028
x 0 33029
p 0 227 33029
x 0 33030
p 0 226 33030
x 0 33031
p 0 317 33031
x 0 33032
p 0 349 33032
x 0 33033
p 0 197 33033
x 0 33034
p 0 227 33034
x 0 33035
p 0 268 33035
x 0 33036
p 0 230 33036
x 0 33037
p 0 231 33037
x 0 33038
p 0 249 33038
x 0 33039
p 0 265 33039
x 0 33040
p 0 236 33040
x 0 33041
p 0 205 33041
x 0 33042
p 0 341 33042
x 0 33043
p 0 375 33043
x 0 33044
p 0 238 33044
x 0 33045
p 0 230 33045
x 0 33046
p 0 231 33046
x 0 33047
p 0 259 33047
x 0 33048
p 0 228 33048
x 0 33049
p 0 231 33049
x 0 33050
p 0 231 33050
x 0 33051
p 0 262 33051
x 0 33052
p 0 234 33052
x 0 33053
p 0 233 33053
x 0 33054
p 0 233 33054
x 0 33055
p 0 263 33055
x 0 33056
p 0 236 33056
x 0 33057
p 0 233 33057
x 0 33058
p 0 232 33058
x 0 33059
p 0 261 33059
x 0 33060
p 0 212 33060
x 0 33000
h 0 10.0.0.13
p 0 4552 33000
x 1 33001
h 1 10.0.0.13
p 1 220 33001
x 0 33002
p 0 224 33002
x 0 33003
p 0 220 33003
x 0 33004
p 0 220 33004
x 0 33005
p 0 221 33005
x 0 33006
p 0 222 33006
x 0 33007
p 0 204 33007
x 0 33008
p 0 220 33008
x 0 33009
p 0 211 33009
x 0 33010
p 0 229 33010
x 0 33011
p 0 224 33011
x 0 33012
p 0 229 33012
x 0 33013
p 0 226 33013
x 0 33014
p 0 232 33014
x 0 33015
p 0 239 33015
x 0 33016
p 0 292 33016
x 0 33017
p 0 237 33017
x 0 33018
p 0 232 33018
x 0 33019
p 0 244 33019
x 0 33020
p 0 235 33020
x 0 33021
p 0 263 33021
x 0 33022
p 0 256 33022
x 0 33023
p 0 279 33023
x 0 33024
p 0 125 33024
x 0 33025
p 0 230 33025
x 0 33026
p 0 198 33026
x 0 33027
p 0 197 33027
x 0 33028
p 0 198 33028
x 0 33029
p 0 157 33029
x 0 33030
p 0 196 33030
x 0 33031
p 0 247 33031
x 0 33032
p 0 206 33032
x 0 33033
p 0 242 33033
x 0 33034
p 0 173 33034
x 0 33035
p 0 200 33035
x 0 33036
p 0 200 33036
x 0 33037
p 0 199 33037
x 0 33038
p 0 198 33038
x 0 33039
p 0 112 33039
x 0 33040
p 0 202 33040
x 0 33041
p 0 230 33041
x 0 33042
p 0 202 33042
x 0 33043
p 0 194 33043
x 0 33044
p 0 140 33044
x 0 33045
p 0 211 33045
x 0 33046
p 0 213 33046
x 0 33047
p 0 274 33047
x 0 33048
p 0 207 33048
x 0 33049
p 0 149 33049
x 0 33050
p 0 206 33050
x 0 33051
p 0 209 33051
x 0 33052
p 0 243 33052
x 0 33053
p 0 212 33053
x 0 33054
p 0 213 33054
x 0 33055
p 0 237 33055
x 0 33056
p 0 223 33056
x 0 33057
p 0 227 33057
x 0 33058
p 0 226 33058
x 0 33059
p 0 225 33059
x 0 33060
p 0 226 33060
x 0 33000
h 0 10.0.0.13
p 0 1023 33000
x 1 33001
h 1 10.0.0.13
p 1 208 33001
x 0 33002
p 0 224 33002
x 0 33003
p 0 272 33003
x 0 33004
p 0 221 33004
x 0 33005
p 0 221 33005
x 0 33006
p 0 221 33006
x 0 33007
p 0 201 33007
x 0 33008
p 0 222 33008
x 0 33009
p 0 268 33009
x 0 33010
p 0 273 33010
x 0 33011
p 0 230 33011
x 0 33012
p 0 225 33012
x 0 33013
p 0 323 33013
x 0 33014
p 0 209 33014
x 0 33015
p 0 318 33015
x 0 33016
p 0 317 33016
x 0 33017
p 0 317 33017
x 0 33018
p 0 319 33018
x 0 33019
p 0 317 33019
x 0 33020
p 0 223 33020
x 0 33021
p 0 220 33021
x 0 33022
p 0 313 33022
x 0 33023
p 0 224 33023
x 0 33024
p 0 309 33024
x 0 33025
p 0 166 33025
x 0 33026
p 0 227 33026
x 0 33027
p 0 245 33027
x 0 33028
p 0 226 33028
x 0 33029
p 0 406 33029
x 0 33030
p 0 323 33030
x 0 33031
p 0 225 33031
x 0 33032
p 0 230 33032
x 0 33033
p 0 203 33033
x 0 33034
p 0 322 33034
x 0 33035
p 0 320 33035
x 0 33036
p 0 305 33036
x 0 33037
p 0 223 33037
x 0 33038
p 0 308 33038
x 0 33039
p 0 220 33039
x 0 33040
p 0 220 33040
x 0 33041
p 0 224 33041
x 0 33042
p 0 221 33042
x 0 33043
p 0 228 33043
x 0 33044
p 0 226 33044
x 0 33045
p 0 225 33045
x 0 33046
p 0 224 33046
x 0 33047
p 0 225 33047
x 0 33048
p 0 226 33048
x 0 33049
p 0 229 33049
x 0 33050
p 0 222 33050
x 0 33051
p 0 227 33051
x 0 33052
p 0 227 33052
x 0 33053
p 0 222 33053
x 0 33054
p 0 219 33054
x 0 33055
p 0 177 33055
x 0 33056
p 0 227 33056
x 0 33057
p 0 226 33057
x 0 33058
p 0 101 33058
x 0 33059
p 0 227 33059
x 0 33060
p 0 319 33060
x 0 33000
h 0 10.0.0.13
p 0 951 33000
x 1 33001
h 1 10.0.0.13
p 1 176 33001
x 0 33002
p 0 538 33002
x 0 33003
p 0 200 33003
x 0 33004
p 0 175 33004
x 0 33005
p 0 595 33005
x 0 33006
p 0 559 33006
x 0 33007
p 0 592 33007
x 0 33008
p 0 650 33008
x 0 33009
p 0 199 33009
x 0 33010
p 0 192 33010
x 0 33011
p 0 204 33011
x 0 33012
p 0 218 33012
x 0 33013
p 0 320 33013
x 0 33014
p 0 193 33014
x 0 33015
p 0 194 33015
x 0 33016
p 0 320 33016
x 0 33017
p 0 320 33017
x 0 33018
p 0 294 33018
x 0 33019
p 0 199 33019
x 0 33020
p 0 312 33020
x 0 33021
p 0 222 33021
x 0 33022
p 0 285 33022
x 0 33023
p 0 190 33023
x 0 33024
p 0 318 33024
x 0 33025
p 0 193 33025
x 0 33026
p 0 193 33026
x 0 33027
p 0 190 33027
x 0 33028
p 0 228 33028
x 0 33029
p 0 220 33029
x 0 33030
p 0 299 33030
x 0 33031
p 0 138 33031
x 0 33032
p 0 317 33032
x 0 33033
p 0 385 33033
x 0 33034
p 0 221 33034
x 0 33035
p 0 220 33035
x 0 33036
p 0 302 33036
x 0 33037
p 0 395 33037
x 0 33038
p 0 219 33038
x 0 33039
p 0 220 33039
x 0 33040
p 0 218 33040
x 0 33041
p 0 266 33041
x 0 33042
p 0 394 33042
x 0 33043
p 0 258 33043
x 0 33044
p 0 194 33044
x 0 33045
p 0 186 33045
x 0 33046
p 0 219 33046
x 0 33047
p 0 299 33047
x 0 33048
p 0 224 33048
x 0 33049
p 0 188 33049
x 0 33050
p 0 190 33050
x 0 33051
p 0 189 33051
x 0 33052
p 0 196 33052
x 0 33053
p 0 194 33053
x 0 33054
p 0 202 33054
x 0 33055
p 0 191 33055
x 0 33056
p 0 227 33056
x 0 33057
p 0 221 33057
x 0 33058
p 0 189 33058
x 0 33059
p 0 205 33059
x 0 33060
p 0 224 33060
x 0 33000
h 0 10.0.0.13
p 0 947 33000
x 1 33001
h 1 10.0.0.13
p 1 263 33001
x 0 33002
p 0 259 33002
x 0 33003
p 0 231 33003
x 0 33004
p 0 227 33004
x 0 33005
p 0 76 33005
x 0 33006
p 0 329 33006
x 0 33007
p 0 285 33007
x 0 33008
p 0 284 33008
x 0 33009
p 0 262 33009
x 0 33010
p 0 283 33010
x 0 33011
p 0 284 33011
x 0 33012
p 0 282 33012
x 0 33013
p 0 260 33013
x 0 33014
p 0 333 33014
x 0 33015
p 0 287 33015
x 0 33016
p 0 281 33016
x 0 33017
p 0 262 33017
x 0 33018
p 0 331 33018
x 0 33019
p 0 220 33019
x 0 33020
p 0 221 33020
x 0 33021
p 0 195 33021
x 0 33022
p 0 219 33022
x 0 33023
p 0 346 33023
x 0 33024
p 0 192 33024
x 0 33025
p 0 174 33025
x 0 33026
p 0 182 33026
x 0 33027
p 0 193 33027
x 0 33028
p 0 177 33028
x 0 33029
p 0 184 33029
x 0 33030
p 0 239 33030
x 0 33031
p 0 213 33031
x 0 33032
p 0 178 33032
x 0 33033
p 0 191 33033
x 0 33034
p 0 219 33034
x 0 33035
p 0 220 33035
x 0 33036
p 0 190 33036
x 0 33037
p 0 191 33037
x 0 33038
p 0 219 33038
x 0 33039
p 0 222 33039
x 0 33040
p 0 219 33040
x 0 33041
p 0 189 33041
x 0 33042
p 0 212 33042
x 0 33043
p 0 191 33043
x 0 33044
p 0 223 33044
x 0 33045
p 0 196 33045
x 0 33046
p 0 197 33046
x 0 33047
p 0 223 33047
x 0 33048
p 0 221 33048
x 0 33049
p 0 193 33049
x 0 33050
p 0 195 33050
x 0 33051
p 0 226 33051
x 0 33052
p 0 222 33052
x 0 33053
p 0 147 33053
x 0 33054
p 0 192 33054
x 0 33055
p 0 219 33055
x 0 33056
p 0 194 33056
x 0 33057
p 0 193 33057
x 0 33058
p 0 192 33058
x 0 33059
p 0 222 33059
x 0 33060
p 0 188 33060
x 0 33000
h 0 10.0.0.13
p 0 796 33000
x 1 33001
h 1 10.0.0.13
p 1 214 33001
x 0 33002
p 0 246 33002
x 0 33003
p 0 219 33003
x 0 33004
p 0 220 33004
x 0 33005
p 0 217 33005
x 0 33006
p 0 219 33006
x 0 33007
p 0 220 33007
x 0 33008
p 0 245 33008
x 0 33009
p 0 217 33009
x 0 33010
p 0 216 33010
x 0 33011
p 0 226 33011
x 0 33012
p 0 217 33012
x 0 33013
p 0 174 33013
x 0 33014
p 0 216 33014
x 0 33015
p 0 186 33015
x 0 33016
p 0 216 33016
x 0 33017
p 0 221 33017
x 0 33018
p 0 216 33018
x 0 33019
p 0 222 33019
x 0 33020
p 0 217 33020
x 0 33021
p 0 217 33021
x 0 33022
p 0 241 33022
x 0 33023
p 0 218 33023
x 0 33024
p 0 220 33024
x 0 33025
p 0 188 33025
x 0 33026
p 0 218 33026
x 0 33027
p 0 219 33027
x 0 33028
p 0 188 33028
x 0 33029
p 0 221 33029
x 0 33030
p 0 219 33030
x 0 33031
p 0 219 33031
x 0 33032
p 0 220 33032
x 0 33033
p 0 221 33033
x 0 33034
p 0 223 33034
x 0 33035
p 0 217 33035
x 0 33036
p 0 185 33036
x 0 33037
p 0 220 33037
x 0 33038
p 0 217 33038
x 0 33039
p 0 185 33039
x 0 33040
p 0 186 33040
x 0 33041
p 0 201 33041
x 0 33042
p 0 169 33042
x 0 33043
p 0 179 33043
x 0 33044
p 0 198 33044
x 0 33045
p 0 183 33045
x 0 33046
p 0 186 33046
x 0 33047
p 0 183 33047
x 0 33048
p 0 188 33048
x 0 33049
p 0 180 33049
x 0 33050
p 0 171 33050
x 0 33051
p 0 179 33051
x 0 33052
p 0 229 33052
x 0 33053
p 0 223 33053
x 0 33054
p 0 226 33054
x 0 33055
p 0 287 33055
x 0 33056
p 0 223 33056
x 0 33057
p 0 199 33057
x 0 33058
p 0 199 33058
x 0 33059
p 0 229 33059
x 0 33060
p 0 281 33060
x 0 33000
h 0 10.0.0.13
p 0 782 33000
x 1 33001
h 1 10.0.0.13
p 1 248 33001
x 0 33002
p 0 203 33002
x 0 33003
p 0 193 33003
x 0 33004
p 0 261 33004
x 0 33005
p 0 200 33005
x 0 33006
p 0 222 33006
x 0 33007
p 0 222 33007
x 0 33008
p 0 219 33008
x 0 33009
p 0 222 33009
x 0 33010
p 0 221 33010
x 0 33011
p 0 217 33011
x 0 33012
p 0 218 33012
x 0 33013
p 0 220 33013
x 0 33014
p 0 223 33014
x 0 33015
p 0 218 33015
x 0 33016
p 0 313 33016
x 0 33017
p 0 223 33017
x 0 33018
p 0 220 33018
x 0 33019
p 0 223 33019
x 0 33020
p 0 220 33020
x 0 33021
p 0 219 33021
x 0 33022
p 0 222 33022
x 0 33023
p 0 220 33023
x 0 33024
p 0 229 33024
x 0 33025
p 0 223 33025
x 0 33026
p 0 227 33026
x 0 33027
p 0 309 33027
x 0 33028
p 0 229 33028
x 0 33029
p 0 236 33029
x 0 33030
p 0 225 33030
x 0 33031
p 0 224 33031
x 0 33032
p 0 229 33032
x 0 33033
p 0 232 33033
x 0 33034
p 0 225 33034
x 0 33035
p 0 224 33035
x 0 33036
p 0 223 33036
x 0 33037
p 0 222 33037
x 0 33038
p 0 228 33038
x 0 33039
p 0 225 33039
x 0 33040
p 0 263 33040
x 0 33041
p 0 227 33041
x 0 33042
p 0 228 33042
x 0 33043
p 0 240 33043
x 0 33044
p 0 232 33044
x 0 33045
p 0 234 33045
x 0 33046
p 0 98 33046
x 0 33047
p 0 236 33047
x 0 33048
p 0 240 33048
x 0 33049
p 0 236 33049
x 0 33050
p 0 234 33050
x 0 33051
p 0 225 33051
x 0 33052
p 0 226 33052
x 0 33053
p 0 229 33053
x 0 33054
p 0 227 33054
x 0 33055
p 0 228 33055
x 0 33056
p 0 224 33056
x 0 33057
p 0 230 33057
x 0 33058
p 0 231 33058
x 0 33059
p 0 232 33059
x 0 33060
p 0 234 33060
x 0 33000
h 0 10.0.0.13
p 0 1060 33000
x 1 33001
h 1 10.0.0.13
p 1 186 33001
x 0 33002
p 0 122 33002
x 0 33003
p 0 184 33003
x 0 33004
p 0 189 33004
x 0 33005
p 0 227 33005
x 0 33006
p 0 229 33006
x 0 33007
p 0 164 33007
x 0 33008
p 0 202 33008
x 0 33009
p 0 227 33009
x 0 33010
p 0 229 33010
x 0 33011
p 0 224 33011
x 0 33012
p 0 239 33012
x 0 33013
p 0 225 33013
x 0 33014
p 0 221 33014
x 0 33015
p 0 223 33015
x 0 33016
p 0 225 33016
x 0 33017
p 0 267 33017
x 0 33018
p 0 174 33018
x 0 33019
p 0 229 33019
x 0 33020
p 0 223 33020
x 0 33021
p 0 221 33021
x 0 33022
p 0 220 33022
x 0 33023
p 0 219 33023
x 0 33024
p 0 220 33024
x 0 33025
p 0 220 33025
x 0 33026
p 0 218 33026
x 0 33027
p 0 272 33027
x 0 33028
p 0 219 33028
x 0 33029
p 0 221 33029
x 0 33030
p 0 220 33030
x 0 33031
p 0 221 33031
x 0 33032
p 0 218 33032
x 0 33033
p 0 218 33033
x 0 33034
p 0 219 33034
x 0 33035
p 0 220 33035
x 0 33036
p 0 225 33036
x 0 33037
p 0 221 33037
x 0 33038
p 0 224 33038
x 0 33039
p 0 228 33039
x 0 33040
p 0 225 33040
x 0 33041
p 0 225 33041
x 0 33042
p 0 226 33042
x 0 33043
p 0 225 33043
x 0 33044
p 0 226 33044
x 0 33045
p 0 225 33045
x 0 33046
p 0 223 33046
x 0 33047
p 0 219 33047
x 0 33048
p 0 223 33048
x 0 33049
p 0 222 33049
x 0 33050
p 0 222 33050
x 0 33051
p 0 221 33051
x 0 33052
p 0 224 33052
x 0 33053
p 0 228 33053
x 0 33054
p 0 231 33054
x 0 33055
p 0 330 33055
x 0 33056
p 0 233 33056
x 0 33057
p 0 343 33057
x 0 33058
p 0 231 33058
x 0 33059
p 0 333 33059
x 0 33060
p 0 269 33060
x 0 33000
h 0 10.0.0.13
p 0 908 33000
x 1 33001
h 1 10.0.0.13
p 1 216 33001
x 0 33002
p 0 218 33002
x 0 33003
p 0 220 33003
x 0 33004
p 0 220 33004
x 0 33005
p 0 220 33005
x 0 33006
p 0 223 33006
x 0 33007
p 0 227 33007
x 0 33008
p 0 219 33008
x 0 33009
p 0 219 33009
x 0 33010
p 0 224 33010
x 0 33011
p 0 217 33011
x 0 33012
p 0 220 33012
x 0 33013
p 0 220 33013
x 0 33014
p 0 221 33014
x 0 33015
p 0 229 33015
x 0 33016
p 0 229 33016
x 0 33017
p 0 230 33017
x 0 33018
p 0 228 33018
x 0 33019
p 0 233 33019
x 0 33020
p 0 231 33020
x 0 33021
p 0 227 33021
x 0 33022
p 0 228 33022
x 0 33023
p 0 231 33023
x 0 33024
p 0 228 33024
x 0 33025
p 0 227 33025
x 0 33026
p 0 219 33026
x 0 33027
p 0 191 33027
x 0 33028
p 0 193 33028
x 0 33029
p 0 220 33029
x 0 33030
p 0 220 33030
x 0 33031
p 0 202 33031
x 0 33032
p 0 203 33032
x 0 33033
p 0 231 33033
x 0 33034
p 0 232 33034
x 0 33035
p 0 200 33035
x 0 33036
p 0 203 33036
x 0 33037
p 0 202 33037
x 0 33038
p 0 233 33038
x 0 33039
p 0 200 33039
x 0 33040
p 0 204 33040
x 0 33041
p 0 232 33041
x 0 33042
p 0 223 33042
x 0 33043
p 0 192 33043
x 0 33044
p 0 193 33044
x 0 33045
p 0 221 33045
x 0 33046
p 0 210 33046
x 0 33047
p 0 260 33047
x 0 33048
p 0 192 33048
x 0 33049
p 0 228 33049
x 0 33050
p 0 197 33050
x 0 33051
p 0 179 33051
x 0 33052
p 0 202 33052
x 0 33053
p 0 200 33053
x 0 33054
p 0 266 33054
x 0 33055
p 0 225 33055
x 0 33056
p 0 201 33056
x 0 33057
p 0 244 33057
x 0 33058
p 0 224 33058
x 0 33059
p 0 184 33059
x 0 33060
p 0 197 33060
x 0 33000
h 0 10.0.0.13
p 0 1102 33000
x 1 33001
h 1 10.0.0.13
p 1 234 33001
x 0 33002
p 0 281 33002
x 0 33003
p 0 236 33003
x 0 33004
p 0 236 33004
x 0 33005
p 0 234 33005
x 0 33006
p 0 330 33006
x 0 33007
p 0 140 33007
x 0 33008
p 0 190 33008
x 0 33009
p 0 224 33009
x 0 33010
p 0 180 33010
x 0 33011
p 0 233 33011
x 0 33012
p 0 205 33012
x 0 33013
p 0 211 33013
x 0 33014
p 0 227 33014
x 0 33015
p 0 155 33015
x 0 33016
p 0 207 33016
x 0 33017
p 0 212 33017
x 0 33018
p 0 208 33018
x 0 33019
p 0 235 33019
x 0 33020
p 0 211 33020
x 0 33021
p 0 206 33021
x 0 33022
p 0 203 33022
x 0 33023
p 0 155 33023
x 0 33024
p 0 202 33024
x 0 33025
p 0 220 33025
x 0 33026
p 0 219 33026
x 0 33027
p 0 209 33027
x 0 33028
p 0 307 33028
x 0 33029
p 0 229 33029
x 0 33030
p 0 227 33030
x 0 33031
p 0 200 33031
x 0 33032
p 0 225 33032
x 0 33033
p 0 226 33033
x 0 33034
p 0 199 33034
x 0 33035
p 0 225 33035
x 0 33036
p 0 224 33036
x 0 33037
p 0 199 33037
x 0 33038
p 0 223 33038
x 0 33039
p 0 223 33039
x 0 33040
p 0 221 33040
x 0 33041
p 0 224 33041
x 0 33042
p 0 197 33042
x 0 33043
p 0 221 33043
x 0 33044
p 0 303 33044
x 0 33045
p 0 239 33045
x 0 33046
p 0 236 33046
x 0 33047
p 0 269 33047
x 0 33048
p 0 204 33048
x 0 33049
p 0 203 33049
x 0 33050
p 0 233 33050
x 0 33051
p 0 235 33051
x 0 33052
p 0 206 33052
x 0 33053
p 0 195 33053
x 0 33054
p 0 187 33054
x 0 33055
p 0 187 33055
x 0 33056
p 0 195 33056
x 0 33057
p 0 180 33057
x 0 33058
p 0 194 33058
x 0 33059
p 0 196 33059
x 0 33060
p 0 119 33060
x 0 33000
h 0 10.0.0.13
p 0 8561 33000
x 1 33001
h 1 10.0.0.13
p 1 222 33001
x 0 33002
p 0 158 33002
x 0 33003
p 0 222 33003
x 0 33004
p 0 241 33004
x 0 33005
p 0 222 33005
x 0 33006
p 0 230 33006
x 0 33007
p 0 266 33007
x 0 33008
p 0 195 33008
x 0 33009
p 0 228 33009
x 0 33010
p 0 226 33010
x 0 33011
p 0 256 33011
x 0 33012
p 0 212 33012
x 0 33013
p 0 230 33013
x 0 33014
p 0 197 33014
x 0 33015
p 0 257 33015
x 0 33016
p 0 190 33016
x 0 33017
p 0 179 33017
x 0 33018
p 0 216 33018
x 0 33019
p 0 214 33019
x 0 33020
p 0 186 33020
x 0 33021
p 0 216 33021
x 0 33022
p 0 214 33022
x 0 33023
p 0 186 33023
x 0 33024
p 0 196 33024
x 0 33025
p 0 221 33025
x 0 33026
p 0 220 33026
x 0 33027
p 0 250 33027
x 0 33028
p 0 201 33028
x 0 33029
p 0 219 33029
x 0 33030
p 0 232 33030
x 0 33031
p 0 272 33031
x 0 33032
p 0 188 33032
x 0 33033
p 0 217 33033
x 0 33034
p 0 225 33034
x 0 33035
p 0 249 33035
x 0 33036
p 0 138 33036
x 0 33037
p 0 183 33037
x 0 33038
p 0 216 33038
x 0 33039
p 0 254 33039
x 0 33040
p 0 157 33040
x 0 33041
p 0 222 33041
x 0 33042
p 0 219 33042
x 0 33043
p 0 252 33043
x 0 33044
p 0 189 33044
x 0 33045
p 0 221 33045
x 0 33046
p 0 221 33046
x 0 33047
p 0 250 33047
x 0 33048
p 0 188 33048
x 0 33049
p 0 220 33049
x 0 33050
p 0 219 33050
x 0 33051
p 0 247 33051
x 0 33052
p 0 184 33052
x 0 33053
p 0 189 33053
x 0 33054
p 0 218 33054
x 0 33055
p 0 250 33055
x 0 33056
p 0 184 33056
x 0 33057
p 0 219 33057
x 0 33058
p 0 216 33058
x 0 33059
p 0 248 33059
x 0 33060
p 0 186 33060
x 0 33000
h 0 10.0.0.13
p 0 12002 33000
x 1 33001
h 1 10.0.0.13
p 1 198 33001
x 0 33002
p 0 228 33002
x 0 33003
p 0 170 33003
x 0 33004
p 0 228 33004
x 0 33005
p 0 241 33005
x 0 33006
p 0 199 33006
x 0 33007
p 0 154 33007
x 0 33008
p 0 204 33008
x 0 33009
p 0 171 33009
x 0 33010
p 0 149 33010
x 0 33011
p 0 208 33011
x 0 33012
p 0 230 33012
x 0 33013
p 0 205 33013
x 0 33014
p 0 153 33014
x 0 33015
p 0 223 33015
x 0 33016
p 0 146 33016
x 0 33017
p 0 114 33017
x 0 33018
p 0 154 33018
x 0 33019
p 0 212 33019
x 0 33020
p 0 223 33020
x 0 33021
p 0 212 33021
x 0 33022
p 0 138 33022
x 0 33023
p 0 197 33023
x 0 33024
p 0 205 33024
x 0 33025
p 0 154 33025
x 0 33026
p 0 157 33026
x 0 33027
p 0 168 33027
x 0 33028
p 0 180 33028
x 0 33029
p 0 144 33029
x 0 33030
p 0 173 33030
x 0 33031
p 0 223 33031
x 0 33032
p 0 142 33032
x 0 33033
p 0 153 33033
x 0 33034
p 0 197 33034
x 0 33035
p 0 226 33035
x 0 33036
p 0 224 33036
x 0 33037
p 0 84 33037
x 0 33038
p 0 361 33038
x 0 33039
p 0 273 33039
x 0 33040
p 0 337 33040
x 0 33041
p 0 299 33041
x 0 33042
p 0 195 33042
x 0 33043
p 0 379 33043
x 0 33044
p 0 224 33044
x 0 33045
p 0 223 33045
x 0 33046
p 0 500 33046
x 0 33047
p 0 228 33047
x 0 33048
p 0 207 33048
x 0 33049
p 0 242 33049
x 0 33050
p 0 266 33050
x 0 33051
p 0 374 33051
x 0 33052
p 0 192 33052
x 0 33053
p 0 160 33053
x 0 33054
p 0 223 33054
x 0 33055
p 0 424 33055
x 0 33056
p 0 191 33056
x 0 33057
p 0 185 33057
x 0 33058
p 0 236 33058
x 0 33059
p 0 190 33059
x 0 33060
p 0 177 33060
x 0 33000
h 0 10.0.0.13
p 0 1446 33000
x 1 33001
h 1 10.0.0.13
p 1 252 33001
x 0 33002
p 0 272 33002
x 0 33003
p 0 267 33003
x 0 33004
p 0 225 33004
x 0 33005
p 0 222 33005
x 0 33006
p 0 223 33006
x 0 33007
p 0 223 33007
x 0 33008
p 0 186 33008
x 0 33009
p 0 185 33009
x 0 33010
p 0 179 33010
x 0 33011
p 0 178 33011
x 0 33012
p 0 181 33012
x 0 33013
p 0 182 33013
x 0 33014
p 0 217 33014
x 0 33015
p 0 215 33015
x 0 33016
p 0 265 33016
x 0 33017
p 0 185 33017
x 0 33018
p 0 198 33018
x 0 33019
p 0 181 33019
x 0 33020
p 0 182 33020
x 0 33021
p 0 186 33021
x 0 33022
p 0 181 33022
x 0 33023
p 0 189 33023
x 0 33024
p 0 184 33024
x 0 33025
p 0 163 33025
x 0 33026
p 0 200 33026
x 0 33027
p 0 279 33027
x 0 33028
p 0 215 33028
x 0 33029
p 0 176 33029
x 0 33030
p 0 176 33030
x 0 33031
p 0 171 33031
x 0 33032
p 0 177 33032
x 0 33033
p 0 76 33033
x 0 33034
p 0 175 33034
x 0 33035
p 0 212 33035
x 0 33036
p 0 172 33036
x 0 33037
p 0 171 33037
x 0 33038
p 0 171 33038
x 0 33039
p 0 267 33039
x 0 33040
p 0 302 33040
x 0 33041
p 0 223 33041
x 0 33042
p 0 236 33042
x 0 33043
p 0 216 33043
x 0 33044
p 0 230 33044
x 0 33045
p 0 224 33045
x 0 33046
p 0 228 33046
x 0 33047
p 0 225 33047
x 0 33048
p 0 225 33048
x 0 33049
p 0 227 33049
x 0 33050
p 0 227 33050
x 0 33051
p 0 171 33051
x 0 33052
p 0 224 33052
x 0 33053
p 0 272 33053
x 0 33054
p 0 222 33054
x 0 33055
p 0 224 33055
x 0 33056
p 0 223 33056
x 0 33057
p 0 256 33057
x 0 33058
p 0 202 33058
x 0 33059
p 0 735 33059
x 0 33060
p 0 225 33060
x 0 33000
h 0 10.0.0.13
p 0 9308 33000
x 1 33001
h 1 10.0.0.13
p 1 279 33001
x 0 33002
p 0 309 33002
x 0 33003
p 0 305 33003
x 0 33004
p 0 305 33004
x 0 33005
p 0 314 33005
x 0 33006
p 0 339 33006
x 0 33007
p 0 251 33007
x 0 33008
p 0 250 33008
x 0 33009
p 0 225 33009
x 0 33010
p 0 221 33010
x 0 33011
p 0 256 33011
x 0 33012
p 0 224 33012
x 0 33013
p 0 241 33013
x 0 33014
p 0 222 33014
x 0 33015
p 0 344 33015
x 0 33016
p 0 224 33016
x 0 33017
p 0 222 33017
x 0 33018
p 0 225 33018
x 0 33019
p 0 347 33019
x 0 33020
p 0 226 33020
x 0 33021
p 0 223 33021
x 0 33022
p 0 222 33022
x 0 33023
p 0 247 33023
x 0 33024
p 0 223 33024
x 0 33025
p 0 222 33025
x 0 33026
p 0 217 33026
x 0 33027
p 0 254 33027
x 0 33028
p 0 222 33028
x 0 33029
p 0 220 33029
x 0 33030
p 0 218 33030
x 0 33031
p 0 255 33031
x 0 33032
p 0 222 33032
x 0 33033
p 0 239 33033
x 0 33034
p 0 226 33034
x 0 33035
p 0 255 33035
x 0 33036
p 0 218 33036
x 0 33037
p 0 219 33037
x 0 33038
p 0 222 33038
x 0 33039
p 0 250 33039
x 0 33040
p 0 220 33040
x 0 33041
p 0 221 33041
x 0 33042
p 0 222 33042
x 0 33043
p 0 254 33043
x 0 33044
p 0 222 33044
x 0 33045
p 0 218 33045
x 0 33046
p 0 218 33046
x 0 33047
p 0 332 33047
x 0 33048
p 0 226 33048
x 0 33049
p 0 218 33049
x 0 33050
p 0 259 33050
x 0 33051
p 0 257 33051
x 0 33052
p 0 314 33052
x 0 33053
p 0 297 33053
x 0 33054
p 0 329 33054
x 0 33055
p 0 254 33055
x 0 33056
p 0 223 33056
x 0 33057
p 0 222 33057
x 0 33058
p 0 222 33058
x 0 33059
p 0 256 33059
x 0 33060
p 0 202 33060
x 0 33000
h 0 10.0.0.13
p 0 2858 33000
x 1 33001
h 1 10.0.0.13
p 1 275 33001
x 0 33002
p 0 225 33002
x 0 33003
p 0 220 33003
x 0 33004
p 0 222 33004
x 0 33005
p 0 267 33005
x 0 33006
p 0 242 33006
x 0 33007
p 0 218 33007
x 0 33008
p 0 226 33008
x 0 33009
p 0 219 33009
x 0 33010
p 0 253 33010
x 0 33011
p 0 217 33011
x 0 33012
p 0 217 33012
x 0 33013
p 0 222 33013
x 0 33014
p 0 255 33014
x 0 33015
p 0 220 33015
x 0 33016
p 0 220 33016
x 0 33017
p 0 219 33017
x 0 33018
p 0 255 33018
x 0 33019
p 0 222 33019
x 0 33020
p 0 222 33020
x 0 33021
p 0 221 33021
x 0 33022
p 0 203 33022
x 0 33023
p 0 222 33023
x 0 33024
p 0 215 33024
x 0 33025
p 0 220 33025
x 0 33026
p 0 243 33026
x 0 33027
p 0 217 33027
x 0 33028
p 0 219 33028
x 0 33029
p 0 218 33029
x 0 33030
p 0 248 33030
x 0 33031
p 0 218 33031
x 0 33032
p 0 218 33032
x 0 33033
p 0 221 33033
x 0 33034
p 0 254 33034
x 0 33035
p 0 219 33035
x 0 33036
p 0 221 33036
x 0 33037
p 0 218 33037
x 0 33038
p 0 252 33038
x 0 33039
p 0 220 33039
x 0 33040
p 0 217 33040
x 0 33041
p 0 216 33041
x 0 33042
p 0 250 33042
x 0 33043
p 0 219 33043
x 0 33044
p 0 218 33044
x 0 33045
p 0 217 33045
x 0 33046
p 0 249 33046
x 0 33047
p 0 221 33047
x 0 33048
p 0 220 33048
x 0 33049
p 0 220 33049
x 0 33050
p 0 248 33050
x 0 33051
p 0 216 33051
x 0 33052
p 0 217 33052
x 0 33053
p 0 218 33053
x 0 33054
p 0 216 33054
x 0 33055
p 0 215 33055
x 0 33056
p 0 221 33056
x 0 33057
p 0 213 33057
x 0 33058
p 0 253 33058
x 0 33059
p 0 218 33059
x 0 33060
p 0 216 33060
x 0 33000
h 0 10.0.0.13
p 0 907 33000
x 1 33001
h 1 10.0.0.13
p 1 232 33001
x 0 33002
p 0 179 33002
x 0 33003
p 0 240 33003
x 0 33004
p 0 220 33004
x 0 33005
p 0 222 33005
x 0 33006
p 0 222 33006
x 0 33007
p 0 181 33007
x 0 33008
p 0 182 33008
x 0 33009
p 0 226 33009
x 0 33010
p 0 225 33010
x 0 33011
p 0 260 33011
x 0 33012
p 0 223 33012
x 0 33013
p 0 222 33013
x 0 33014
p 0 223 33014
x 0 33015
p 0 249 33015
x 0 33016
p 0 219 33016
x 0 33017
p 0 219 33017
x 0 33018
p 0 249 33018
x 0 33019
p 0 338 33019
x 0 33020
p 0 221 33020
x 0 33021
p 0 220 33021
x 0 33022
p 0 218 33022
x 0 33023
p 0 253 33023
x 0 33024
p 0 218 33024
x 0 33025
p 0 219 33025
x 0 33026
p 0 219 33026
x 0 33027
p 0 251 33027
x 0 33028
p 0 216 33028
x 0 33029
p 0 223 33029
x 0 33030
p 0 221 33030
x 0 33031
p 0 327 33031
x 0 33032
p 0 290 33032
x 0 33033
p 0 291 33033
x 0 33034
p 0 327 33034
x 0 33035
p 0 252 33035
x 0 33036
p 0 218 33036
x 0 33037
p 0 221 33037
x 0 33038
p 0 222 33038
x 0 33039
p 0 215 33039
x 0 33040
p 0 253 33040
x 0 33041
p 0 219 33041
x 0 33042
p 0 220 33042
x 0 33043
p 0 223 33043
x 0 33044
p 0 251 33044
x 0 33045
p 0 219 33045
x 0 33046
p 0 220 33046
x 0 33047
p 0 326 33047
x 0 33048
p 0 222 33048
x 0 33049
p 0 222 33049
x 0 33050
p 0 224 33050
x 0 33051
p 0 191 33051
x 0 33052
p 0 222 33052
x 0 33053
p 0 267 33053
x 0 33054
p 0 223 33054
x 0 33055
p 0 220 33055
x 0 33056
p 0 251 33056
x 0 33057
p 0 191 33057
x 0 33058
p 0 222 33058
x 0 33059
p 0 218 33059
x 0 33060
p 0 214 33060
x 0 33000
h 0 10.0.0.13
p 0 2794 33000
x 1 33001
h 1 10.0.0.13
p 1 218 33001
x 0 33002
p 0 312 33002
x 0 33003
p 0 224 33003
x 0 33004
p 0 190 33004
x 0 33005
p 0 221 33005
x 0 33006
p 0 221 33006
x 0 33007
p 0 250 33007
x 0 33008
p 0 221 33008
x 0 33009
p 0 187 33009
x 0 33010
p 0 181 33010
x 0 33011
p 0 223 33011
x 0 33012
p 0 185 33012
x 0 33013
p 0 184 33013
x 0 33014
p 0 183 33014
x 0 33015
p 0 218 33015
x 0 33016
p 0 182 33016
x 0 33017
p 0 180 33017
x 0 33018
p 0 172 33018
x 0 33019
p 0 181 33019
x 0 33020
p 0 185 33020
x 0 33021
p 0 246 33021
x 0 33022
p 0 259 33022
x 0 33023
p 0 303 33023
x 0 33024
p 0 258 33024
x 0 33025
p 0 226 33025
x 0 33026
p 0 239 33026
x 0 33027
p 0 242 33027
x 0 33028
p 0 194 33028
x 0 33029
p 0 190 33029
x 0 33030
p 0 190 33030
x 0 33031
p 0 235 33031
x 0 33032
p 0 189 33032
x 0 33033
p 0 309 33033
x 0 33034
p 0 225 33034
x 0 33035
p 0 222 33035
x 0 33036
p 0 222 33036
x 0 33037
p 0 223 33037
x 0 33038
p 0 263 33038
x 0 33039
p 0 215 33039
x 0 33040
p 0 223 33040
x 0 33041
p 0 222 33041
x 0 33042
p 0 222 33042
x 0 33043
p 0 225 33043
x 0 33044
p 0 225 33044
x 0 33045
p 0 256 33045
x 0 33046
p 0 225 33046
x 0 33047
p 0 223 33047
x 0 33048
p 0 223 33048
x 0 33049
p 0 158 33049
x 0 33050
p 0 225 33050
x 0 33051
p 0 224 33051
x 0 33052
p 0 252 33052
x 0 33053
p 0 220 33053
x 0 33054
p 0 224 33054
x 0 33055
p 0 227 33055
x 0 33056
p 0 223 33056
x 0 33057
p 0 223 33057
x 0 33058
p 0 226 33058
x 0 33059
p 0 222 33059
x 0 33060
p 0 224 33060
x 0 33000
h 0 10.0.0.13
p 0 938 33000
x 1 33001
h 1 10.0.0.13
p 1 235 33001
x 0 33002
p 0 239 33002
x 0 33003
p 0 239 33003
x 0 33004
p 0 239 33004
x 0 33005
p 0 240 33005
x 0 33006
p 0 274 33006
x 0 33007
p 0 249 33007
x 0 33008
p 0 313 33008
x 0 33009
p 0 218 33009
x 0 33010
p 0 220 33010
x 0 33011
p 0 247 33011
x 0 33012
p 0 218 33012
x 0 33013
p 0 218 33013
x 0 33014
p 0 220 33014
x 0 33015
p 0 218 33015
x 0 33016
p 0 219 33016
x 0 33017
p 0 221 33017
x 0 33018
p 0 216 33018
x 0 33019
p 0 218 33019
x 0 33020
p 0 216 33020
x 0 33021
p 0 252 33021
x 0 33022
p 0 218 33022
x 0 33023
p 0 219 33023
x 0 33024
p 0 218 33024
x 0 33025
p 0 223 33025
x 0 33026
p 0 222 33026
x 0 33027
p 0 225 33027
x 0 33028
p 0 223 33028
x 0 33029
p 0 221 33029
x 0 33030
p 0 220 33030
x 0 33031
p 0 221 33031
x 0 33032
p 0 224 33032
x 0 33033
p 0 250 33033
x 0 33034
p 0 224 33034
x 0 33035
p 0 223 33035
x 0 33036
p 0 232 33036
x 0 33037
p 0 223 33037
x 0 33038
p 0 343 33038
x 0 33039
p 0 219 33039
x 0 33040
p 0 217 33040
x 0 33041
p 0 220 33041
x 0 33042
p 0 215 33042
x 0 33043
p 0 217 33043
x 0 33044
p 0 220 33044
x 0 33045
p 0 218 33045
x 0 33046
p 0 221 33046
x 0 33047
p 0 154 33047
x 0 33048
p 0 190 33048
x 0 33049
p 0 219 33049
x 0 33050
p 0 219 33050
x 0 33051
p 0 197 33051
x 0 33052
p 0 326 33052
x 0 33053
p 0 277 33053
x 0 33054
p 0 278 33054
x 0 33055
p 0 279 33055
x 0 33056
p 0 335 33056
x 0 33057
p 0 261 33057
x 0 33058
p 0 286 33058
x 0 33059
p 0 282 33059
x 0 33060
p 0 286 33060
x 0 33000
h 0 10.0.0.13
p 0 2423 33000
x 1 33001
h 1 10.0.0.13
p 1 187 33001
x 0 33002
p 0 232 33002
x 0 33003
p 0 195 33003
x 0 33004
p 0 195 33004
x 0 33005
p 0 189 33005
x 0 33006
p 0 225 33006
x 0 33007
p 0 266 33007
x 0 33008
p 0 221 33008
x 0 33009
p 0 216 33009
x 0 33010
p 0 217 33010
x 0 33011
p 0 221 33011
x 0 33012
p 0 218 33012
x 0 33013
p 0 216 33013
x 0 33014
p 0 215 33014
x 0 33015
p 0 222 33015
x 0 33016
p 0 220 33016
x 0 33017
p 0 219 33017
x 0 33018
p 0 222 33018
x 0 33019
p 0 226 33019
x 0 33020
p 0 226 33020
x 0 33021
p 0 227 33021
x 0 33022
p 0 231 33022
x 0 33023
p 0 228 33023
x 0 33024
p 0 228 33024
x 0 33025
p 0 234 33025
x 0 33026
p 0 234 33026
x 0 33027
p 0 224 33027
x 0 33028
p 0 224 33028
x 0 33029
p 0 218 33029
x 0 33030
p 0 220 33030
x 0 33031
p 0 217 33031
x 0 33032
p 0 218 33032
x 0 33033
p 0 217 33033
x 0 33034
p 0 220 33034
x 0 33035
p 0 218 33035
x 0 33036
p 0 223 33036
x 0 33037
p 0 218 33037
x 0 33038
p 0 220 33038
x 0 33039
p 0 218 33039
x 0 33040
p 0 220 33040
x 0 33041
p 0 219 33041
x 0 33042
p 0 217 33042
x 0 33043
p 0 218 33043
x 0 33044
p 0 217 33044
x 0 33045
p 0 220 33045
x 0 33046
p 0 219 33046
x 0 33047
p 0 220 33047
x 0 33048
p 0 220 33048
x 0 33049
p 0 219 33049
x 0 33050
p 0 221 33050
x 0 33051
p 0 220 33051
x 0 33052
p 0 225 33052
x 0 33053
p 0 227 33053
x 0 33054
p 0 226 33054
x 0 33055
p 0 224 33055
x 0 33056
p 0 223 33056
x 0 33057
p 0 225 33057
x 0 33058
p 0 254 33058
x 0 33059
p 0 223 33059
x 0 33060
p 0 223 33060
x 0 33000
h 0 10.0.0.13
p 0 919 33000
x 1 33001
h 1 10.0.0.13
p 1 252 33001
x 0 33002
p 0 347 33002
x 0 33003
p 0 225 33003
x 0 33004
p 0 225 33004
x 0 33005
p 0 226 33005
x 0 33006
p 0 260 33006
x 0 33007
p 0 225 33007
x 0 33008
p 0 189 33008
x 0 33009
p 0 305 33009
x 0 33010
p 0 300 33010
x 0 33011
p 0 221 33011
x 0 33012
p 0 190 33012
x 0 33013
p 0 303 33013
x 0 33014
p 0 221 33014
x 0 33015
p 0 314 33015
x 0 33016
p 0 190 33016
x 0 33017
p 0 221 33017
x 0 33018
p 0 222 33018
x 0 33019
p 0 222 33019
x 0 33020
p 0 188 33020
x 0 33021
p 0 222 33021
x 0 33022
p 0 221 33022
x 0 33023
p 0 305 33023
x 0 33024
p 0 188 33024
x 0 33025
p 0 210 33025
x 0 33026
p 0 222 33026
x 0 33027
p 0 318 33027
x 0 33028
p 0 190 33028
x 0 33029
p 0 227 33029
x 0 33030
p 0 225 33030
x 0 33031
p 0 223 33031
x 0 33032
p 0 188 33032
x 0 33033
p 0 188 33033
x 0 33034
p 0 221 33034
x 0 33035
p 0 206 33035
x 0 33036
p 0 186 33036
x 0 33037
p 0 191 33037
x 0 33038
p 0 184 33038
x 0 33039
p 0 174 33039
x 0 33040
p 0 228 33040
x 0 33041
p 0 221 33041
x 0 33042
p 0 222 33042
x 0 33043
p 0 224 33043
x 0 33044
p 0 223 33044
x 0 33045
p 0 224 33045
x 0 33046
p 0 221 33046
x 0 33047
p 0 233 33047
x 0 33048
p 0 230 33048
x 0 33049
p 0 231 33049
x 0 33050
p 0 230 33050
x 0 33051
p 0 230 33051
x 0 33052
p 0 229 33052
x 0 33053
p 0 231 33053
x 0 33054
p 0 234 33054
x 0 33055
p 0 237 33055
x 0 33056
p 0 228 33056
x 0 33057
p 0 223 33057
x 0 33058
p 0 224 33058
x 0 33059
p 0 223 33059
x 0 33060
p 0 223 33060
x 0 33000
h 0 10.0.0.13
p 0 1200 33000
x 1 33001
h 1 10.0.0.13
p 1 220 33001
x 0 33002
p 0 225 33002
x 0 33003
p 0 222 33003
x 0 33004
p 0 222 33004
x 0 33005
p 0 192 33005
x 0 33006
p 0 222 33006
x 0 33007
p 0 192 33007
x 0 33008
p 0 194 33008
x 0 33009
p 0 223 33009
x 0 33010
p 0 191 33010
x 0 33011
p 0 156 33011
x 0 33012
p 0 195 33012
x 0 33013
p 0 223 33013
x 0 33014
p 0 221 33014
x 0 33015
p 0 192 33015
x 0 33016
p 0 193 33016
x 0 33017
p 0 224 33017
x 0 33018
p 0 238 33018
x 0 33019
p 0 221 33019
x 0 33020
p 0 193 33020
x 0 33021
p 0 251 33021
x 0 33022
p 0 220 33022
x 0 33023
p 0 220 33023
x 0 33024
p 0 189 33024
x 0 33025
p 0 259 33025
x 0 33026
p 0 224 33026
x 0 33027
p 0 225 33027
x 0 33028
p 0 194 33028
x 0 33029
p 0 258 33029
x 0 33030
p 0 228 33030
x 0 33031
p 0 225 33031
x 0 33032
p 0 199 33032
x 0 33033
p 0 176 33033
x 0 33034
p 0 229 33034
x 0 33035
p 0 197 33035
x 0 33036
p 0 195 33036
x 0 33037
p 0 259 33037
x 0 33038
p 0 191 33038
x 0 33039
p 0 223 33039
x 0 33040
p 0 191 33040
x 0 33041
p 0 222 33041
x 0 33042
p 0 190 33042
x 0 33043
p 0 191 33043
x 0 33044
p 0 193 33044
x 0 33045
p 0 252 33045
x 0 33046
p 0 192 33046
x 0 33047
p 0 192 33047
x 0 33048
p 0 194 33048
x 0 33049
p 0 223 33049
x 0 33050
p 0 218 33050
x 0 33051
p 0 199 33051
x 0 33052
p 0 195 33052
x 0 33053
p 0 225 33053
x 0 33054
p 0 188 33054
x 0 33055
p 0 224 33055
x 0 33056
p 0 214 33056
x 0 33057
p 0 228 33057
x 0 33058
p 0 225 33058
x 0 33059
p 0 197 33059
x 0 33060
p 0 195 33060
x 0 33000
h 0 10.0.0.13
p 0 8248 33000
x 1 33001
h 1 10.0.0.13
p 1 226 33001
x 0 33002
p 0 221 33002
x 0 33003
p 0 223 33003
x 0 33004
p 0 225 33004
x 0 33005
p 0 227 33005
x 0 33006
p 0 226 33006
x 0 33007
p 0 225 33007
x 0 33008
p 0 225 33008
x 0 33009
p 0 225 33009
x 0 33010
p 0 231 33010
x 0 33011
p 0 234 33011
x 0 33012
p 0 270 33012
x 0 33013
p 0 227 33013
x 0 33014
p 0 233 33014
x 0 33015
p 0 229 33015
x 0 33016
p 0 230 33016
x 0 33017
p 0 231 33017
x 0 33018
p 0 239 33018
x 0 33019
p 0 224 33019
x 0 33020
p 0 226 33020
x 0 33021
p 0 231 33021
x 0 33022
p 0 231 33022
x 0 33023
p 0 287 33023
x 0 33024
p 0 227 33024
x 0 33025
p 0 232 33025
x 0 33026
p 0 232 33026
x 0 33027
p 0 240 33027
x 0 33028
p 0 232 33028
x 0 33029
p 0 230 33029
x 0 33030
p 0 226 33030
x 0 33031
p 0 172 33031
x 0 33032
p 0 230 33032
x 0 33033
p 0 233 33033
x 0 33034
p 0 232 33034
x 0 33035
p 0 229 33035
x 0 33036
p 0 224 33036
x 0 33037
p 0 199 33037
x 0 33038
p 0 227 33038
x 0 33039
p 0 227 33039
x 0 33040
p 0 226 33040
x 0 33041
p 0 227 33041
x 0 33042
p 0 231 33042
x 0 33043
p 0 202 33043
x 0 33044
p 0 232 33044
x 0 33045
p 0 227 33045
x 0 33046
p 0 231 33046
x 0 33047
p 0 237 33047
x 0 33048
p 0 249 33048
x 0 33049
p 0 231 33049
x 0 33050
p 0 227 33050
x 0 33051
p 0 198 33051
x 0 33052
p 0 230 33052
x 0 33053
p 0 229 33053
x 0 33054
p 0 204 33054
x 0 33055
p 0 228 33055
x 0 33056
p 0 203 33056
x 0 33057
p 0 208 33057
x 0 33058
p 0 203 33058
x 0 33059
p 0 280 33059
x 0 33060
p 0 191 33060
x 0 33000
h 0 10.0.0.13
p 0 855 33000
x 1 33001
h 1 10.0.0.13
p 1 270 33001
x 0 33002
p 0 164 33002
x 0 33003
p 0 228 33003
x 0 33004
p 0 269 33004
x 0 33005
p 0 268 33005
x 0 33006
p 0 261 33006
x 0 33007
p 0 135 33007
x 0 33008
p 0 222 33008
x 0 33009
p 0 221 33009
x 0 33010
p 0 221 33010
x 0 33011
p 0 256 33011
x 0 33012
p 0 90 33012
x 0 33013
p 0 221 33013
x 0 33014
p 0 222 33014
x 0 33015
p 0 246 33015
x 0 33016
p 0 216 33016
x 0 33017
p 0 146 33017
x 0 33018
p 0 225 33018
x 0 33019
p 0 260 33019
x 0 33020
p 0 229 33020
x 0 33021
p 0 221 33021
x 0 33022
p 0 92 33022
x 0 33023
p 0 247 33023
x 0 33024
p 0 228 33024
x 0 33025
p 0 229 33025
x 0 33026
p 0 188 33026
x 0 33027
p 0 156 33027
x 0 33028
p 0 226 33028
x 0 33029
p 0 227 33029
x 0 33030
p 0 223 33030
x 0 33031
p 0 145 33031
x 0 33032
p 0 217 33032
x 0 33033
p 0 238 33033
x 0 33034
p 0 230 33034
x 0 33035
p 0 236 33035
x 0 33036
p 0 233 33036
x 0 33037
p 0 132 33037
x 0 33038
p 0 235 33038
x 0 33039
p 0 248 33039
x 0 33040
p 0 232 33040
x 0 33041
p 0 208 33041
x 0 33042
p 0 231 33042
x 0 33043
p 0 222 33043
x 0 33044
p 0 221 33044
x 0 33045
p 0 224 33045
x 0 33046
p 0 221 33046
x 0 33047
p 0 222 33047
x 0 33048
p 0 223 33048
x 0 33049
p 0 222 33049
x 0 33050
p 0 235 33050
x 0 33051
p 0 147 33051
x 0 33052
p 0 234 33052
x 0 33053
p 0 234 33053
x 0 33054
p 0 232 33054
x 0 33055
p 0 231 33055
x 0 33056
p 0 236 33056
x 0 33057
p 0 235 33057
x 0 33058
p 0 204 33058
x 0 33059
p 0 233 33059
x 0 33060
p 0 226 33060
x 0 33000
h 0 10.0.0.13
p 0 1605 33000
x 1 33001
h 1 10.0.0.13
p 1 194 33001
x 0 33002
p 0 201 33002
x 0 33003
p 0 195 33003
x 0 33004
p 0 198 33004
x 0 33005
p 0 194 33005
x 0 33006
p 0 229 33006
x 0 33007
p 0 226 33007
x 0 33008
p 0 225 33008
x 0 33009
p 0 225 33009
x 0 33010
p 0 222 33010
x 0 33011
p 0 223 33011
x 0 33012
p 0 229 33012
x 0 33013
p 0 227 33013
x 0 33014
p 0 230 33014
x 0 33015
p 0 230 33015
x 0 33016
p 0 228 33016
x 0 33017
p 0 229 33017
x 0 33018
p 0 173 33018
x 0 33019
p 0 230 33019
x 0 33020
p 0 259 33020
x 0 33021
p 0 226 33021
x 0 33022
p 0 203 33022
x 0 33023
p 0 224 33023
x 0 33024
p 0 221 33024
x 0 33025
p 0 225 33025
x 0 33026
p 0 222 33026
x 0 33027
p 0 225 33027
x 0 33028
p 0 197 33028
x 0 33029
p 0 223 33029
x 0 33030
p 0 197 33030
x 0 33031
p 0 226 33031
x 0 33032
p 0 228 33032
x 0 33033
p 0 223 33033
x 0 33034
p 0 222 33034
x 0 33035
p 0 270 33035
x 0 33036
p 0 252 33036
x 0 33037
p 0 225 33037
x 0 33038
p 0 273 33038
x 0 33039
p 0 228 33039
x 0 33040
p 0 226 33040
x 0 33041
p 0 227 33041
x 0 33042
p 0 223 33042
x 0 33043
p 0 226 33043
x 0 33044
p 0 224 33044
x 0 33045
p 0 227 33045
x 0 33046
p 0 229 33046
x 0 33047
p 0 314 33047
x 0 33048
p 0 230 33048
x 0 33049
p 0 227 33049
x 0 33050
p 0 229 33050
x 0 33051
p 0 241 33051
x 0 33052
p 0 232 33052
x 0 33053
p 0 229 33053
x 0 33054
p 0 228 33054
x 0 33055
p 0 226 33055
x 0 33056
p 0 223 33056
x 0 33057
p 0 221 33057
x 0 33058
p 0 224 33058
x 0 33059
p 0 224 33059
x 0 33060
p 0 226 33060
x 0 33000
h 0 10.0.0.13
p 0 887 33000
x 1 33001
h 1 10.0.0.13
p 1 232 33001
x 0 33002
p 0 224 33002
x 0 33003
p 0 189 33003
x 0 33004
p 0 227 33004
x 0 33005
p 0 257 33005
x 0 33006
p 0 320 33006
x 0 33007
p 0 239 33007
x 0 33008
p 0 229 33008
x 0 33009
p 0 226 33009
x 0 33010
p 0 116 33010
x 0 33011
p 0 222 33011
x 0 33012
p 0 330 33012
x 0 33013
p 0 241 33013
x 0 33014
p 0 222 33014
x 0 33015
p 0 223 33015
x 0 33016
p 0 220 33016
x 0 33017
p 0 689 33017
x 0 33018
p 0 180 33018
x 0 33019
p 0 168 33019
x 0 33020
p 0 197 33020
x 0 33021
p 0 519 33021
x 0 33022
p 0 434 33022
x 0 33023
p 0 219 33023
x 0 33024
p 0 228 33024
x 0 33025
p 0 254 33025
x 0 33026
p 0 259 33026
x 0 33027
p 0 232 33027
x 0 33028
p 0 227 33028
x 0 33029
p 0 229 33029
x 0 33030
p 0 180 33030
x 0 33031
p 0 179 33031
x 0 33032
p 0 187 33032
x 0 33033
p 0 180 33033
x 0 33034
p 0 182 33034
x 0 33035
p 0 188 33035
x 0 33036
p 0 175 33036
x 0 33037
p 0 189 33037
x 0 33038
p 0 184 33038
x 0 33039
p 0 220 33039
x 0 33040
p 0 218 33040
x 0 33041
p 0 212 33041
x 0 33042
p 0 186 33042
x 0 33043
p 0 194 33043
x 0 33044
p 0 249 33044
x 0 33045
p 0 221 33045
x 0 33046
p 0 502 33046
x 0 33047
p 0 128 33047
x 0 33048
p 0 223 33048
x 0 33049
p 0 224 33049
x 0 33050
p 0 139 33050
x 0 33051
p 0 516 33051
x 0 33052
p 0 418 33052
x 0 33053
p 0 186 33053
x 0 33054
p 0 210 33054
x 0 33055
p 0 237 33055
x 0 33056
p 0 236 33056
x 0 33057
p 0 233 33057
x 0 33058
p 0 236 33058
x 0 33059
p 0 235 33059
x 0 33060
p 0 237 33060
x 0 33000
h 0 10.0.0.13
p 0 874 33000
x 1 33001
h 1 10.0.0.13
p 1 311 33001
x 0 33002
p 0 229 33002
x 0 33003
p 0 326 33003
x 0 33004
p 0 364 33004
x 0 33005
p 0 228 33005
x 0 33006
p 0 223 33006
x 0 33007
p 0 223 33007
x 0 33008
p 0 224 33008
x 0 33009
p 0 224 33009
x 0 33010
p 0 315 33010
x 0 33011
p 0 306 33011
x 0 33012
p 0 282 33012
x 0 33013
p 0 219 33013
x 0 33014
p 0 140 33014
x 0 33015
p 0 220 33015
x 0 33016
p 0 221 33016
x 0 33017
p 0 312 33017
x 0 33018
p 0 279 33018
x 0 33019
p 0 245 33019
x 0 33020
p 0 222 33020
x 0 33021
p 0 315 33021
x 0 33022
p 0 311 33022
x 0 33023
p 0 313 33023
x 0 33024
p 0 222 33024
x 0 33025
p 0 218 33025
x 0 33026
p 0 222 33026
x 0 33027
p 0 222 33027
x 0 33028
p 0 221 33028
x 0 33029
p 0 223 33029
x 0 33030
p 0 222 33030
x 0 33031
p 0 227 33031
x 0 33032
p 0 261 33032
x 0 33033
p 0 221 33033
x 0 33034
p 0 307 33034
x 0 33035
p 0 307 33035
x 0 33036
p 0 366 33036
x 0 33037
p 0 222 33037
x 0 33038
p 0 220 33038
x 0 33039
p 0 227 33039
x 0 33040
p 0 253 33040
x 0 33041
p 0 218 33041
x 0 33042
p 0 222 33042
x 0 33043
p 0 220 33043
x 0 33044
p 0 252 33044
x 0 33045
p 0 181 33045
x 0 33046
p 0 220 33046
x 0 33047
p 0 221 33047
x 0 33048
p 0 284 33048
x 0 33049
p 0 220 33049
x 0 33050
p 0 221 33050
x 0 33051
p 0 220 33051
x 0 33052
p 0 248 33052
x 0 33053
p 0 217 33053
x 0 33054
p 0 220 33054
x 0 33055
p 0 219 33055
x 0 33056
p 0 248 33056
x 0 33057
p 0 218 33057
x 0 33058
p 0 217 33058
x 0 33059
p 0 221 33059
x 0 33060
p 0 256 33060
x 0 33000
h 0 10.0.0.13
p 0 891 33000
x 1 33001
h 1 10.0.0.13
p 1 222 33001
x 0 33002
p 0 148 33002
x 0 33003
p 0 225 33003
x 0 33004
p 0 221 33004
x 0 33005
p 0 219 33005
x 0 33006
p 0 263 33006
x 0 33007
p 0 224 33007
x 0 33008
p 0 190 33008
x 0 33009
p 0 193 33009
x 0 33010
p 0 190 33010
x 0 33011
p 0 225 33011
x 0 33012
p 0 193 33012
x 0 33013
p 0 194 33013
x 0 33014
p 0 190 33014
x 0 33015
p 0 240 33015
x 0 33016
p 0 203 33016
x 0 33017
p 0 235 33017
x 0 33018
p 0 232 33018
x 0 33019
p 0 233 33019
x 0 33020
p 0 237 33020
x 0 33021
p 0 237 33021
x 0 33022
p 0 237 33022
x 0 33023
p 0 235 33023
x 0 33024
p 0 233 33024
x 0 33025
p 0 223 33025
x 0 33026
p 0 222 33026
x 0 33027
p 0 226 33027
x 0 33028
p 0 224 33028
x 0 33029
p 0 225 33029
x 0 33030
p 0 225 33030
x 0 33031
p 0 227 33031
x 0 33032
p 0 224 33032
x 0 33033
p 0 224 33033
x 0 33034
p 0 225 33034
x 0 33035
p 0 295 33035
x 0 33036
p 0 224 33036
x 0 33037
p 0 222 33037
x 0 33038
p 0 223 33038
x 0 33039
p 0 292 33039
x 0 33040
p 0 224 33040
x 0 33041
p 0 220 33041
x 0 33042
p 0 220 33042
x 0 33043
p 0 219 33043
x 0 33044
p 0 222 33044
x 0 33045
p 0 223 33045
x 0 33046
p 0 223 33046
x 0 33047
p 0 221 33047
x 0 33048
p 0 221 33048
x 0 33049
p 0 222 33049
x 0 33050
p 0 222 33050
x 0 33051
p 0 223 33051
x 0 33052
p 0 221 33052
x 0 33053
p 0 221 33053
x 0 33054
p 0 222 33054
x 0 33055
p 0 221 33055
x 0 33056
p 0 222 33056
x 0 33057
p 0 223 33057
x 0 33058
p 0 222 33058
x 0 33059
p 0 221 33059
x 0 33060
p 0 223 33060
x 0 33000
h 0 10.0.0.13
p 0 593 33000
x 1 33001
h 1 10.0.0.13
p 1 224 33001
x 0 33002
p 0 135 33002
x 0 33003
p 0 221 33003
x 0 33004
p 0 122 33004
x 0 33005
p 0 229 33005
x 0 33006
p 0 228 33006
x 0 33007
p 0 212 33007
x 0 33008
p 0 220 33008
x 0 33009
p 0 222 33009
x 0 33010
p 0 224 33010
x 0 33011
p 0 226 33011
x 0 33012
p 0 227 33012
x 0 33013
p 0 225 33013
x 0 33014
p 0 203 33014
x 0 33015
p 0 191 33015
x 0 33016
p 0 221 33016
x 0 33017
p 0 226 33017
x 0 33018
p 0 221 33018
x 0 33019
p 0 224 33019
x 0 33020
p 0 224 33020
x 0 33021
p 0 192 33021
x 0 33022
p 0 225 33022
x 0 33023
p 0 226 33023
x 0 33024
p 0 222 33024
x 0 33025
p 0 225 33025
x 0 33026
p 0 224 33026
x 0 33027
p 0 226 33027
x 0 33028
p 0 222 33028
x 0 33029
p 0 222 33029
x 0 33030
p 0 224 33030
x 0 33031
p 0 227 33031
x 0 33032
p 0 206 33032
x 0 33033
p 0 223 33033
x 0 33034
p 0 223 33034
x 0 33035
p 0 203 33035
x 0 33036
p 0 223 33036
x 0 33037
p 0 198 33037
x 0 33038
p 0 244 33038
x 0 33039
p 0 226 33039
x 0 33040
p 0 256 33040
x 0 33041
p 0 223 33041
x 0 33042
p 0 224 33042
x 0 33043
p 0 220 33043
x 0 33044
p 0 220 33044
x 0 33045
p 0 222 33045
x 0 33046
p 0 222 33046
x 0 33047
p 0 225 33047
x 0 33048
p 0 223 33048
x 0 33049
p 0 221 33049
x 0 33050
p 0 223 33050
x 0 33051
p 0 225 33051
x 0 33052
p 0 223 33052
x 0 33053
p 0 224 33053
x 0 33054
p 0 223 33054
x 0 33055
p 0 226 33055
x 0 33056
p 0 221 33056
x 0 33057
p 0 221 33057
x 0 33058
p 0 222 33058
x 0 33059
p 0 220 33059
x 0 33060
p 0 223 33060
x 0 33000
h 0 10.0.0.13
p 0 752 33000
x 1 33001
h 1 10.0.0.13
p 1 220 33001
x 0 33002
p 0 313 33002
x 0 33003
p 0 226 33003
x 0 33004
p 0 254 33004
x 0 33005
p 0 366 33005
x 0 33006
p 0 236 33006
x 0 33007
p 0 188 33007
x 0 33008
p 0 190 33008
x 0 33009
p 0 211 33009
x 0 33010
p 0 200 33010
x 0 33011
p 0 215 33011
x 0 33012
p 0 202 33012
x 0 33013
p 0 201 33013
x 0 33014
p 0 87 33014
x 0 33015
p 0 397 33015
x 0 33016
p 0 375 33016
x 0 33017
p 0 401 33017
x 0 33018
p 0 428 33018
x 0 33019
p 0 465 33019
x 0 33020
p 0 235 33020
x 0 33021
p 0 1325 33021
x 0 33022
p 0 1146 33022
x 0 33023
p 0 182 33023
x 0 33024
p 0 220 33024
x 0 33025
p 0 220 33025
x 0 33026
p 0 302 33026
x 0 33027
p 0 197 33027
x 0 33028
p 0 465 33028
x 0 33029
p 0 183 33029
x 0 33030
p 0 176 33030
x 0 33031
p 0 178 33031
x 0 33032
p 0 171 33032
x 0 33033
p 0 182 33033
x 0 33034
p 0 176 33034
x 0 33035
p 0 177 33035
x 0 33036
p 0 172 33036
x 0 33037
p 0 180 33037
x 0 33038
p 0 186 33038
x 0 33039
p 0 173 33039
x 0 33040
p 0 172 33040
x 0 33041
p 0 181 33041
x 0 33042
p 0 177 33042
x 0 33043
p 0 172 33043
x 0 33044
p 0 173 33044
x 0 33045
p 0 169 33045
x 0 33046
p 0 201 33046
x 0 33047
p 0 193 33047
x 0 33048
p 0 222 33048
x 0 33049
p 0 189 33049
x 0 33050
p 0 192 33050
x 0 33051
p 0 290 33051
x 0 33052
p 0 223 33052
x 0 33053
p 0 189 33053
x 0 33054
p 0 98 33054
x 0 33055
p 0 191 33055
x 0 33056
p 0 324 33056
x 0 33057
p 0 189 33057
x 0 33058
p 0 189 33058
x 0 33059
p 0 187 33059
x 0 33060
p 0 220 33060
x 0 33000
h 0 10.0.0.13
p 0 4234 33000
x 1 33001
h 1 10.0.0.13
p 1 180 33001
x 0 33002
p 0 207 33002
x 0 33003
p 0 221 33003
x 0 33004
p 0 181 33004
x 0 33005
p 0 225 33005
x 0 33006
p 0 223 33006
x 0 33007
p 0 257 33007
x 0 33008
p 0 225 33008
x 0 33009
p 0 246 33009
x 0 33010
p 0 222 33010
x 0 33011
p 0 244 33011
x 0 33012
p 0 226 33012
x 0 33013
p 0 225 33013
x 0 33014
p 0 223 33014
x 0 33015
p 0 250 33015
x 0 33016
p 0 219 33016
x 0 33017
p 0 223 33017
x 0 33018
p 0 220 33018
x 0 33019
p 0 222 33019
x 0 33020
p 0 219 33020
x 0 33021
p 0 214 33021
x 0 33022
p 0 182 33022
x 0 33023
p 0 245 33023
x 0 33024
p 0 222 33024
x 0 33025
p 0 224 33025
x 0 33026
p 0 226 33026
x 0 33027
p 0 224 33027
x 0 33028
p 0 253 33028
x 0 33029
p 0 219 33029
x 0 33030
p 0 237 33030
x 0 33031
p 0 223 33031
x 0 33032
p 0 253 33032
x 0 33033
p 0 226 33033
x 0 33034
p 0 224 33034
x 0 33035
p 0 225 33035
x 0 33036
p 0 217 33036
x 0 33037
p 0 225 33037
x 0 33038
p 0 222 33038
x 0 33039
p 0 220 33039
x 0 33040
p 0 226 33040
x 0 33041
p 0 221 33041
x 0 33042
p 0 232 33042
x 0 33043
p 0 222 33043
x 0 33044
p 0 222 33044
x 0 33045
p 0 221 33045
x 0 33046
p 0 220 33046
x 0 33047
p 0 193 33047
x 0 33048
p 0 222 33048
x 0 33049
p 0 219 33049
x 0 33050
p 0 227 33050
x 0 33051
p 0 220 33051
x 0 33052
p 0 227 33052
x 0 33053
p 0 222 33053
x 0 33054
p 0 222 33054
x 0 33055
p 0 223 33055
x 0 33056
p 0 218 33056
x 0 33057
p 0 224 33057
x 0 33058
p 0 221 33058
x 0 33059
p 0 218 33059
x 0 33060
p 0 223 33060
x 0 33000
h 0 10.0.0.13
p 0 2446 33000
x 1 33001
h 1 10.0.0.13
p 1 302 33001
x 0 33002
p 0 278 33002
x 0 33003
p 0 215 33003
x 0 33004
p 0 222 33004
x 0 33005
p 0 183 33005
x 0 33006
p 0 226 33006
x 0 33007
p 0 222 33007
x 0 33008
p 0 223 33008
x 0 33009
p 0 250 33009
x 0 33010
p 0 222 33010
x 0 33011
p 0 226 33011
x 0 33012
p 0 230 33012
x 0 33013
p 0 231 33013
x 0 33014
p 0 275 33014
x 0 33015
p 0 200 33015
x 0 33016
p 0 262 33016
x 0 33017
p 0 153 33017
x 0 33018
p 0 222 33018
x 0 33019
p 0 195 33019
x 0 33020
p 0 197 33020
x 0 33021
p 0 192 33021
x 0 33022
p 0 198 33022
x 0 33023
p 0 222 33023
x 0 33024
p 0 195 33024
x 0 33025
p 0 223 33025
x 0 33026
p 0 192 33026
x 0 33027
p 0 223 33027
x 0 33028
p 0 204 33028
x 0 33029
p 0 245 33029
x 0 33030
p 0 243 33030
x 0 33031
p 0 243 33031
x 0 33032
p 0 283 33032
x 0 33033
p 0 194 33033
x 0 33034
p 0 189 33034
x 0 33035
p 0 187 33035
x 0 33036
p 0 192 33036
x 0 33037
p 0 189 33037
x 0 33038
p 0 193 33038
x 0 33039
p 0 263 33039
x 0 33040
p 0 196 33040
x 0 33041
p 0 225 33041
x 0 33042
p 0 225 33042
x 0 33043
p 0 270 33043
x 0 33044
p 0 220 33044
x 0 33045
p 0 231 33045
x 0 33046
p 0 222 33046
x 0 33047
p 0 230 33047
x 0 33048
p 0 224 33048
x 0 33049
p 0 221 33049
x 0 33050
p 0 263 33050
x 0 33051
p 0 204 33051
x 0 33052
p 0 224 33052
x 0 33053
p 0 222 33053
x 0 33054
p 0 223 33054
x 0 33055
p 0 224 33055
x 0 33056
p 0 228 33056
x 0 33057
p 0 223 33057
x 0 33058
p 0 223 33058
x 0 33059
p 0 219 33059
x 0 33060
p 0 222 33060
x 0 33000
h 0 10.0.0.13
p 0 4365 33000
x 1 33001
h 1 10.0.0.13
p 1 221 33001
x 0 33002
p 0 188 33002
x 0 33003
p 0 232 33003
x 0 33004
p 0 322 33004
x 0 33005
p 0 222 33005
x 0 33006
p 0 224 33006
x 0 33007
p 0 260 33007
x 0 33008
p 0 224 33008
x 0 33009
p 0 323 33009
x 0 33010
p 0 311 33010
x 0 33011
p 0 318 33011
x 0 33012
p 0 227 33012
x 0 33013
p 0 333 33013
x 0 33014
p 0 314 33014
x 0 33015
p 0 314 33015
x 0 33016
p 0 223 33016
x 0 33017
p 0 225 33017
x 0 33018
p 0 224 33018
x 0 33019
p 0 225 33019
x 0 33020
p 0 221 33020
x 0 33021
p 0 223 33021
x 0 33022
p 0 225 33022
x 0 33023
p 0 197 33023
x 0 33024
p 0 316 33024
x 0 33025
p 0 314 33025
x 0 33026
p 0 208 33026
x 0 33027
p 0 325 33027
x 0 33028
p 0 226 33028
x 0 33029
p 0 290 33029
x 0 33030
p 0 195 33030
x 0 33031
p 0 197 33031
x 0 33032
p 0 188 33032
x 0 33033
p 0 223 33033
x 0 33034
p 0 191 33034
x 0 33035
p 0 220 33035
x 0 33036
p 0 225 33036
x 0 33037
p 0 194 33037
x 0 33038
p 0 192 33038
x 0 33039
p 0 220 33039
x 0 33040
p 0 196 33040
x 0 33041
p 0 194 33041
x 0 33042
p 0 190 33042
x 0 33043
p 0 221 33043
x 0 33044
p 0 186 33044
x 0 33045
p 0 220 33045
x 0 33046
p 0 202 33046
x 0 33047
p 0 218 33047
x 0 33048
p 0 177 33048
x 0 33049
p 0 183 33049
x 0 33050
p 0 203 33050
x 0 33051
p 0 146 33051
x 0 33052
p 0 174 33052
x 0 33053
p 0 175 33053
x 0 33054
p 0 171 33054
x 0 33055
p 0 173 33055
x 0 33056
p 0 105 33056
x 0 33057
p 0 173 33057
x 0 33058
p 0 183 33058
x 0 33059
p 0 182 33059
x 0 33060
p 0 217 33060
x 0 33000
h 0 10.0.0.13
p 0 1822 33000
x 1 33001
h 1 10.0.0.13
p 1 190 33001
x 0 33002
p 0 232 33002
x 0 33003
p 0 169 33003
x 0 33004
p 0 219 33004
x 0 33005
p 0 219 33005
x 0 33006
p 0 220 33006
x 0 33007
p 0 190 33007
x 0 33008
p 0 216 33008
x 0 33009
p 0 186 33009
x 0 33010
p 0 240 33010
x 0 33011
p 0 215 33011
x 0 33012
p 0 218 33012
x 0 33013
p 0 188 33013
x 0 33014
p 0 198 33014
x 0 33015
p 0 200 33015
x 0 33016
p 0 221 33016
x 0 33017
p 0 193 33017
x 0 33018
p 0 217 33018
x 0 33019
p 0 217 33019
x 0 33020
p 0 288 33020
x 0 33021
p 0 186 33021
x 0 33022
p 0 249 33022
x 0 33023
p 0 200 33023
x 0 33024
p 0 219 33024
x 0 33025
p 0 211 33025
x 0 33026
p 0 215 33026
x 0 33027
p 0 217 33027
x 0 33028
p 0 182 33028
x 0 33029
p 0 184 33029
x 0 33030
p 0 215 33030
x 0 33031
p 0 186 33031
x 0 33032
p 0 217 33032
x 0 33033
p 0 202 33033
x 0 33034
p 0 218 33034
x 0 33035
p 0 221 33035
x 0 33036
p 0 186 33036
x 0 33037
p 0 185 33037
x 0 33038
p 0 219 33038
x 0 33039
p 0 186 33039
x 0 33040
p 0 216 33040
x 0 33041
p 0 217 33041
x 0 33042
p 0 219 33042
x 0 33043
p 0 216 33043
x 0 33044
p 0 186 33044
x 0 33045
p 0 216 33045
x 0 33046
p 0 186 33046
x 0 33047
p 0 186 33047
x 0 33048
p 0 216 33048
x 0 33049
p 0 302 33049
x 0 33050
p 0 199 33050
x 0 33051
p 0 216 33051
x 0 33052
p 0 216 33052
x 0 33053
p 0 215 33053
x 0 33054
p 0 185 33054
x 0 33055
p 0 192 33055
x 0 33056
p 0 219 33056
x 0 33057
p 0 218 33057
x 0 33058
p 0 185 33058
x 0 33059
p 0 298 33059
x 0 33060
p 0 216 33060
x 0 33000
h 0 10.0.0.13
p 0 4754 33000
x 1 33001
h 1 10.0.0.13
p 1 224 33001
x 0 33002
p 0 270 33002
x 0 33003
p 0 224 33003
x 0 33004
p 0 272 33004
x 0 33005
p 0 217 33005
x 0 33006
p 0 219 33006
x 0 33007
p 0 221 33007
x 0 33008
p 0 219 33008
x 0 33009
p 0 254 33009
x 0 33010
p 0 222 33010
x 0 33011
p 0 223 33011
x 0 33012
p 0 246 33012
x 0 33013
p 0 221 33013
x 0 33014
p 0 221 33014
x 0 33015
p 0 223 33015
x 0 33016
p 0 220 33016
x 0 33017
p 0 221 33017
x 0 33018
p 0 223 33018
x 0 33019
p 0 222 33019
x 0 33020
p 0 221 33020
x 0 33021
p 0 223 33021
x 0 33022
p 0 221 33022
x 0 33023
p 0 219 33023
x 0 33024
p 0 248 33024
x 0 33025
p 0 222 33025
x 0 33026
p 0 222 33026
x 0 33027
p 0 222 33027
x 0 33028
p 0 245 33028
x 0 33029
p 0 219 33029
x 0 33030
p 0 221 33030
x 0 33031
p 0 223 33031
x 0 33032
p 0 251 33032
x 0 33033
p 0 222 33033
x 0 33034
p 0 225 33034
x 0 33035
p 0 224 33035
x 0 33036
p 0 249 33036
x 0 33037
p 0 224 33037
x 0 33038
p 0 222 33038
x 0 33039
p 0 223 33039
x 0 33040
p 0 246 33040
x 0 33041
p 0 223 33041
x 0 33042
p 0 221 33042
x 0 33043
p 0 221 33043
x 0 33044
p 0 256 33044
x 0 33045
p 0 220 33045
x 0 33046
p 0 192 33046
x 0 33047
p 0 224 33047
x 0 33048
p 0 245 33048
x 0 33049
p 0 204 33049
x 0 33050
p 0 220 33050
x 0 33051
p 0 222 33051
x 0 33052
p 0 248 33052
x 0 33053
p 0 222 33053
x 0 33054
p 0 222 33054
x 0 33055
p 0 224 33055
x 0 33056
p 0 249 33056
x 0 33057
p 0 223 33057
x 0 33058
p 0 221 33058
x 0 33059
p 0 221 33059
x 0 33060
p 0 249 33060
x 0 33000
h 0 10.0.0.13
p 0 3702 33000
x 1 33001
h 1 10.0.0.13
p 1 140 33001
x 0 33002
p 0 228 33002
x 0 33003
p 0 175 33003
x 0 33004
p 0 233 33004
x 0 33005
p 0 230 33005
x 0 33006
p 0 225 33006
x 0 33007
p 0 414 33007
x 0 33008
p 0 256 33008
x 0 33009
p 0 327 33009
x 0 33010
p 0 226 33010
x 0 33011
p 0 227 33011
x 0 33012
p 0 343 33012
x 0 33013
p 0 224 33013
x 0 33014
p 0 225 33014
x 0 33015
p 0 226 33015
x 0 33016
p 0 367 33016
x 0 33017
p 0 320 33017
x 0 33018
p 0 278 33018
x 0 33019
p 0 282 33019
x 0 33020
p 0 253 33020
x 0 33021
p 0 223 33021
x 0 33022
p 0 222 33022
x 0 33023
p 0 222 33023
x 0 33024
p 0 259 33024
x 0 33025
p 0 233 33025
x 0 33026
p 0 235 33026
x 0 33027
p 0 231 33027
x 0 33028
p 0 249 33028
x 0 33029
p 0 223 33029
x 0 33030
p 0 222 33030
x 0 33031
p 0 232 33031
x 0 33032
p 0 227 33032
x 0 33033
p 0 224 33033
x 0 33034
p 0 222 33034
x 0 33035
p 0 233 33035
x 0 33036
p 0 326 33036
x 0 33037
p 0 227 33037
x 0 33038
p 0 225 33038
x 0 33039
p 0 323 33039
x 0 33040
p 0 373 33040
x 0 33041
p 0 226 33041
x 0 33042
p 0 321 33042
x 0 33043
p 0 320 33043
x 0 33044
p 0 222 33044
x 0 33045
p 0 224 33045
x 0 33046
p 0 220 33046
x 0 33047
p 0 222 33047
x 0 33048
p 0 223 33048
x 0 33049
p 0 223 33049
x 0 33050
p 0 225 33050
x 0 33051
p 0 323 33051
x 0 33052
p 0 281 33052
x 0 33053
p 0 224 33053
x 0 33054
p 0 277 33054
x 0 33055
p 0 283 33055
x 0 33056
p 0 228 33056
x 0 33057
p 0 221 33057
x 0 33058
p 0 221 33058
x 0 33059
p 0 223 33059
x 0 33060
p 0 223 33060
x 0 33000
h 0 10.0.0.13
p 0 1554 33000
x 1 33001
h 1 10.0.0.13
p 1 163 33001
x 0 33002
p 0 165 33002
x 0 33003
p 0 167 33003
x 0 33004
p 0 168 33004
x 0 33005
p 0 226 33005
x 0 33006
p 0 227 33006
x 0 33007
p 0 227 33007
x 0 33008
p 0 221 33008
x 0 33009
p 0 221 33009
x 0 33010
p 0 383 33010
x 0 33011
p 0 224 33011
x 0 33012
p 0 221 33012
x 0 33013
p 0 274 33013
x 0 33014
p 0 224 33014
x 0 33015
p 0 255 33015
x 0 33016
p 0 222 33016
x 0 33017
p 0 221 33017
x 0 33018
p 0 222 33018
x 0 33019
p 0 225 33019
x 0 33020
p 0 269 33020
x 0 33021
p 0 371 33021
x 0 33022
p 0 217 33022
x 0 33023
p 0 398 33023
x 0 33024
p 0 219 33024
x 0 33025
p 0 224 33025
x 0 33026
p 0 235 33026
x 0 33027
p 0 223 33027
x 0 33028
p 0 219 33028
x 0 33029
p 0 193 33029
x 0 33030
p 0 221 33030
x 0 33031
p 0 222 33031
x 0 33032
p 0 211 33032
x 0 33033
p 0 218 33033
x 0 33034
p 0 220 33034
x 0 33035
p 0 221 33035
x 0 33036
p 0 221 33036
x 0 33037
p 0 198 33037
x 0 33038
p 0 223 33038
x 0 33039
p 0 225 33039
x 0 33040
p 0 221 33040
x 0 33041
p 0 295 33041
x 0 33042
p 0 223 33042
x 0 33043
p 0 222 33043
x 0 33044
p 0 224 33044
x 0 33045
p 0 197 33045
x 0 33046
p 0 227 33046
x 0 33047
p 0 222 33047
x 0 33048
p 0 194 33048
x 0 33049
p 0 223 33049
x 0 33050
p 0 219 33050
x 0 33051
p 0 221 33051
x 0 33052
p 0 221 33052
x 0 33053
p 0 232 33053
x 0 33054
p 0 211 33054
x 0 33055
p 0 197 33055
x 0 33056
p 0 193 33056
x 0 33057
p 0 190 33057
x 0 33058
p 0 200 33058
x 0 33059
p 0 189 33059
x 0 33060
p 0 221 33060
x 0 33000
h 0 10.0.0.13
p 0 4075 33000
x 1 33001
h 1 10.0.0.13
p 1 200 33001
x 0 33002
p 0 182 33002
x 0 33003
p 0 222 33003
x 0 33004
p 0 223 33004
x 0 33005
p 0 224 33005
x 0 33006
p 0 222 33006
x 0 33007
p 0 219 33007
x 0 33008
p 0 222 33008
x 0 33009
p 0 262 33009
x 0 33010
p 0 220 33010
x 0 33011
p 0 251 33011
x 0 33012
p 0 219 33012
x 0 33013
p 0 218 33013
x 0 33014
p 0 220 33014
x 0 33015
p 0 221 33015
x 0 33016
p 0 217 33016
x 0 33017
p 0 180 33017
x 0 33018
p 0 221 33018
x 0 33019
p 0 218 33019
x 0 33020
p 0 223 33020
x 0 33021
p 0 221 33021
x 0 33022
p 0 222 33022
x 0 33023
p 0 218 33023
x 0 33024
p 0 221 33024
x 0 33025
p 0 223 33025
x 0 33026
p 0 223 33026
x 0 33027
p 0 221 33027
x 0 33028
p 0 223 33028
x 0 33029
p 0 310 33029
x 0 33030
p 0 152 33030
x 0 33031
p 0 219 33031
x 0 33032
p 0 220 33032
x 0 33033
p 0 221 33033
x 0 33034
p 0 222 33034
x 0 33035
p 0 222 33035
x 0 33036
p 0 221 33036
x 0 33037
p 0 221 33037
x 0 33038
p 0 224 33038
x 0 33039
p 0 220 33039
x 0 33040
p 0 221 33040
x 0 33041
p 0 219 33041
x 0 33042
p 0 219 33042
x 0 33043
p 0 221 33043
x 0 33044
p 0 221 33044
x 0 33045
p 0 220 33045
x 0 33046
p 0 318 33046
x 0 33047
p 0 218 33047
x 0 33048
p 0 219 33048
x 0 33049
p 0 220 33049
x 0 33050
p 0 222 33050
x 0 33051
p 0 224 33051
x 0 33052
p 0 221 33052
x 0 33053
p 0 221 33053
x 0 33054
p 0 224 33054
x 0 33055
p 0 221 33055
x 0 33056
p 0 234 33056
x 0 33057
p 0 222 33057
x 0 33058
p 0 220 33058
x 0 33059
p 0 220 33059
x 0 33060
p 0 219 33060
x 0 33000
h 0 10.0.0.13
p 0 1440 33000
x 1 33001
h 1 10.0.0.13
p 1 226 33001
x 0 33002
p 0 238 33002
x 0 33003
p 0 229 33003
x 0 33004
p 0 228 33004
x 0 33005
p 0 225 33005
x 0 33006
p 0 225 33006
x 0 33007
p 0 330 33007
x 0 33008
p 0 320 33008
x 0 33009
p 0 321 33009
x 0 33010
p 0 346 33010
x 0 33011
p 0 320 33011
x 0 33012
p 0 223 33012
x 0 33013
p 0 191 33013
x 0 33014
p 0 224 33014
x 0 33015
p 0 219 33015
x 0 33016
p 0 136 33016
x 0 33017
p 0 218 33017
x 0 33018
p 0 216 33018
x 0 33019
p 0 112 33019
x 0 33020
p 0 346 33020
x 0 33021
p 0 335 33021
x 0 33022
p 0 315 33022
x 0 33023
p 0 220 33023
x 0 33024
p 0 223 33024
x 0 33025
p 0 220 33025
x 0 33026
p 0 224 33026
x 0 33027
p 0 221 33027
x 0 33028
p 0 220 33028
x 0 33029
p 0 221 33029
x 0 33030
p 0 194 33030
x 0 33031
p 0 299 33031
x 0 33032
p 0 192 33032
x 0 33033
p 0 222 33033
x 0 33034
p 0 223 33034
x 0 33035
p 0 223 33035
x 0 33036
p 0 218 33036
x 0 33037
p 0 271 33037
x 0 33038
p 0 221 33038
x 0 33039
p 0 219 33039
x 0 33040
p 0 193 33040
x 0 33041
p 0 180 33041
x 0 33042
p 0 188 33042
x 0 33043
p 0 226 33043
x 0 33044
p 0 225 33044
x 0 33045
p 0 226 33045
x 0 33046
p 0 271 33046
x 0 33047
p 0 224 33047
x 0 33048
p 0 222 33048
x 0 33049
p 0 227 33049
x 0 33050
p 0 266 33050
x 0 33051
p 0 252 33051
x 0 33052
p 0 224 33052
x 0 33053
p 0 184 33053
x 0 33054
p 0 215 33054
x 0 33055
p 0 184 33055
x 0 33056
p 0 186 33056
x 0 33057
p 0 225 33057
x 0 33058
p 0 185 33058
x 0 33059
p 0 184 33059
x 0 33060
p 0 182 33060
x 0 33000
h 0 10.0.0.13
p 0 1152 33000
x 1 33001
h 1 10.0.0.13
p 1 219 33001
x 0 33002
p 0 184 33002
x 0 33003
p 0 196 33003
x 0 33004
p 0 180 33004
x 0 33005
p 0 221 33005
x 0 33006
p 0 257 33006
x 0 33007
p 0 290 33007
x 0 33008
p 0 226 33008
x 0 33009
p 0 310 33009
x 0 33010
p 0 219 33010
x 0 33011
p 0 242 33011
x 0 33012
p 0 220 33012
x 0 33013
p 0 221 33013
x 0 33014
p 0 220 33014
x 0 33015
p 0 220 33015
x 0 33016
p 0 219 33016
x 0 33017
p 0 221 33017
x 0 33018
p 0 221 33018
x 0 33019
p 0 447 33019
x 0 33020
p 0 281 33020
x 0 33021
p 0 221 33021
x 0 33022
p 0 274 33022
x 0 33023
p 0 340 33023
x 0 33024
p 0 247 33024
x 0 33025
p 0 217 33025
x 0 33026
p 0 282 33026
x 0 33027
p 0 315 33027
x 0 33028
p 0 284 33028
x 0 33029
p 0 220 33029
x 0 33030
p 0 284 33030
x 0 33031
p 0 275 33031
x 0 33032
p 0 217 33032
x 0 33033
p 0 217 33033
x 0 33034
p 0 218 33034
x 0 33035
p 0 217 33035
x 0 33036
p 0 218 33036
x 0 33037
p 0 259 33037
x 0 33038
p 0 217 33038
x 0 33039
p 0 219 33039
x 0 33040
p 0 219 33040
x 0 33041
p 0 220 33041
x 0 33042
p 0 222 33042
x 0 33043
p 0 223 33043
x 0 33044
p 0 222 33044
x 0 33045
p 0 238 33045
x 0 33046
p 0 240 33046
x 0 33047
p 0 225 33047
x 0 33048
p 0 228 33048
x 0 33049
p 0 308 33049
x 0 33050
p 0 222 33050
x 0 33051
p 0 310 33051
x 0 33052
p 0 336 33052
x 0 33053
p 0 305 33053
x 0 33054
p 0 296 33054
x 0 33055
p 0 219 33055
x 0 33056
p 0 219 33056
x 0 33057
p 0 220 33057
x 0 33058
p 0 131 33058
x 0 33059
p 0 222 33059
x 0 33060
p 0 217 33060
x 0 33000
h 0 10.0.0.13
p 0 1972 33000
x 1 33001
h 1 10.0.0.13
p 1 174 33001
x 0 33002
p 0 217 33002
x 0 33003
p 0 217 33003
x 0 33004
p 0 255 33004
x 0 33005
p 0 181 33005
x 0 33006
p 0 217 33006
x 0 33007
p 0 222 33007
x 0 33008
p 0 219 33008
x 0 33009
p 0 186 33009
x 0 33010
p 0 216 33010
x 0 33011
p 0 217 33011
x 0 33012
p 0 217 33012
x 0 33013
p 0 183 33013
x 0 33014
p 0 185 33014
x 0 33015
p 0 215 33015
x 0 33016
p 0 217 33016
x 0 33017
p 0 183 33017
x 0 33018
p 0 216 33018
x 0 33019
p 0 217 33019
x 0 33020
p 0 219 33020
x 0 33021
p 0 185 33021
x 0 33022
p 0 219 33022
x 0 33023
p 0 219 33023
x 0 33024
p 0 219 33024
x 0 33025
p 0 186 33025
x 0 33026
p 0 219 33026
x 0 33027
p 0 220 33027
x 0 33028
p 0 229 33028
x 0 33029
p 0 185 33029
x 0 33030
p 0 197 33030
x 0 33031
p 0 220 33031
x 0 33032
p 0 219 33032
x 0 33033
p 0 236 33033
x 0 33034
p 0 218 33034
x 0 33035
p 0 219 33035
x 0 33036
p 0 252 33036
x 0 33037
p 0 187 33037
x 0 33038
p 0 217 33038
x 0 33039
p 0 217 33039
x 0 33040
p 0 245 33040
x 0 33041
p 0 187 33041
x 0 33042
p 0 216 33042
x 0 33043
p 0 217 33043
x 0 33044
p 0 214 33044
x 0 33045
p 0 188 33045
x 0 33046
p 0 195 33046
x 0 33047
p 0 215 33047
x 0 33048
p 0 252 33048
x 0 33049
p 0 187 33049
x 0 33050
p 0 217 33050
x 0 33051
p 0 217 33051
x 0 33052
p 0 250 33052
x 0 33053
p 0 184 33053
x 0 33054
p 0 216 33054
x 0 33055
p 0 184 33055
x 0 33056
p 0 252 33056
x 0 33057
p 0 187 33057
x 0 33058
p 0 185 33058
x 0 33059
p 0 217 33059
x 0 33060
p 0 252 33060
x 0 33000
h 0 10.0.0.13
p 0 3424 33000
x 1 33001
h 1 10.0.0.13
p 1 204 33001
x 0 33002
p 0 136 33002
x 0 33003
p 0 224 33003
x 0 33004
p 0 205 33004
x 0 33005
p 0 225 33005
x 0 33006
p 0 222 33006
x 0 33007
p 0 263 33007
x 0 33008
p 0 222 33008
x 0 33009
p 0 221 33009
x 0 33010
p 0 250 33010
x 0 33011
p 0 220 33011
x 0 33012
p 0 217 33012
x 0 33013
p 0 220 33013
x 0 33014
p 0 253 33014
x 0 33015
p 0 219 33015
x 0 33016
p 0 218 33016
x 0 33017
p 0 219 33017
x 0 33018
p 0 218 33018
x 0 33019
p 0 217 33019
x 0 33020
p 0 217 33020
x 0 33021
p 0 217 33021
x 0 33022
p 0 322 33022
x 0 33023
p 0 218 33023
x 0 33024
p 0 219 33024
x 0 33025
p 0 221 33025
x 0 33026
p 0 252 33026
x 0 33027
p 0 218 33027
x 0 33028
p 0 218 33028
x 0 33029
p 0 220 33029
x 0 33030
p 0 286 33030
x 0 33031
p 0 216 33031
x 0 33032
p 0 218 33032
x 0 33033
p 0 219 33033
x 0 33034
p 0 250 33034
x 0 33035
p 0 219 33035
x 0 33036
p 0 365 33036
x 0 33037
p 0 166 33037
x 0 33038
p 0 178 33038
x 0 33039
p 0 219 33039
x 0 33040
p 0 216 33040
x 0 33041
p 0 217 33041
x 0 33042
p 0 250 33042
x 0 33043
p 0 217 33043
x 0 33044
p 0 216 33044
x 0 33045
p 0 218 33045
x 0 33046
p 0 251 33046
x 0 33047
p 0 220 33047
x 0 33048
p 0 221 33048
x 0 33049
p 0 225 33049
x 0 33050
p 0 255 33050
x 0 33051
p 0 218 33051
x 0 33052
p 0 219 33052
x 0 33053
p 0 218 33053
x 0 33054
p 0 253 33054
x 0 33055
p 0 252 33055
x 0 33056
p 0 219 33056
x 0 33057
p 0 218 33057
x 0 33058
p 0 218 33058
x 0 33059
p 0 253 33059
x 0 33060
p 0 219 33060
x 0 33000
h 0 10.0.0.13
p 0 14429 33000
x 1 33001
h 1 10.0.0.13
p 1 241 33001
x 0 33002
p 0 158 33002
x 0 33003
p 0 220 33003
x 0 33004
p 0 219 33004
x 0 33005
p 0 250 33005
x 0 33006
p 0 219 33006
x 0 33007
p 0 218 33007
x 0 33008
p 0 219 33008
x 0 33009
p 0 220 33009
x 0 33010
p 0 219 33010
x 0 33011
p 0 219 33011
x 0 33012
p 0 220 33012
x 0 33013
p 0 255 33013
x 0 33014
p 0 218 33014
x 0 33015
p 0 217 33015
x 0 33016
p 0 219 33016
x 0 33017
p 0 217 33017
x 0 33018
p 0 216 33018
x 0 33019
p 0 219 33019
x 0 33020
p 0 223 33020
x 0 33021
p 0 224 33021
x 0 33022
p 0 219 33022
x 0 33023
p 0 219 33023
x 0 33024
p 0 221 33024
x 0 33025
p 0 219 33025
x 0 33026
p 0 217 33026
x 0 33027
p 0 220 33027
x 0 33028
p 0 326 33028
x 0 33029
p 0 227 33029
x 0 33030
p 0 222 33030
x 0 33031
p 0 219 33031
x 0 33032
p 0 218 33032
x 0 33033
p 0 216 33033
x 0 33034
p 0 218 33034
x 0 33035
p 0 219 33035
x 0 33036
p 0 218 33036
x 0 33037
p 0 366 33037
x 0 33038
p 0 218 33038
x 0 33039
p 0 217 33039
x 0 33040
p 0 218 33040
x 0 33041
p 0 219 33041
x 0 33042
p 0 219 33042
x 0 33043
p 0 195 33043
x 0 33044
p 0 220 33044
x 0 33045
p 0 222 33045
x 0 33046
p 0 195 33046
x 0 33047
p 0 214 33047
x 0 33048
p 0 218 33048
x 0 33049
p 0 216 33049
x 0 33050
p 0 217 33050
x 0 33051
p 0 220 33051
x 0 33052
p 0 197 33052
x 0 33053
p 0 219 33053
x 0 33054
p 0 219 33054
x 0 33055
p 0 216 33055
x 0 33056
p 0 219 33056
x 0 33057
p 0 219 33057
x 0 33058
p 0 217 33058
x 0 33059
p 0 219 33059
x 0 33060
p 0 224 33060
x 0 33000
h 0 10.0.0.13
p 0 991 33000
x 1 33001
h 1 10.0.0.13
p 1 224 33001
x 0 33002
p 0 225 33002
x 0 33003
p 0 223 33003
x 0 33004
p 0 223 33004
x 0 33005
p 0 224 33005
x 0 33006
p 0 222 33006
x 0 33007
p 0 190 33007
x 0 33008
p 0 187 33008
x 0 33009
p 0 189 33009
x 0 33010
p 0 218 33010
x 0 33011
p 0 419 33011
x 0 33012
p 0 202 33012
x 0 33013
p 0 238 33013
x 0 33014
p 0 196 33014
x 0 33015
p 0 398 33015
x 0 33016
p 0 362 33016
x 0 33017
p 0 330 33017
x 0 33018
p 0 420 33018
x 0 33019
p 0 369 33019
x 0 33020
p 0 358 33020
x 0 33021
p 0 366 33021
x 0 33022
p 0 476 33022
x 0 33023
p 0 367 33023
x 0 33024
p 0 372 33024
x 0 33025
p 0 367 33025
x 0 33026
p 0 452 33026
x 0 33027
p 0 367 33027
x 0 33028
p 0 300 33028
x 0 33029
p 0 385 33029
x 0 33030
p 0 441 33030
x 0 33031
p 0 165 33031
x 0 33032
p 0 218 33032
x 0 33033
p 0 141 33033
x 0 33034
p 0 218 33034
x 0 33035
p 0 365 33035
x 0 33036
p 0 359 33036
x 0 33037
p 0 364 33037
x 0 33038
p 0 434 33038
x 0 33039
p 0 218 33039
x 0 33040
p 0 219 33040
x 0 33041
p 0 222 33041
x 0 33042
p 0 220 33042
x 0 33043
p 0 219 33043
x 0 33044
p 0 220 33044
x 0 33045
p 0 214 33045
x 0 33046
p 0 221 33046
x 0 33047
p 0 218 33047
x 0 33048
p 0 221 33048
x 0 33049
p 0 223 33049
x 0 33050
p 0 223 33050
x 0 33051
p 0 221 33051
x 0 33052
p 0 223 33052
x 0 33053
p 0 221 33053
x 0 33054
p 0 222 33054
x 0 33055
p 0 221 33055
x 0 33056
p 0 214 33056
x 0 33057
p 0 219 33057
x 0 33058
p 0 244 33058
x 0 33059
p 0 199 33059
x 0 33060
p 0 195 33060
x 0 33000
h 0 10.0.0.13
p 0 3086 33000
x 1 33001
h 1 10.0.0.13
p 1 202 33001
x 0 33002
p 0 195 33002
x 0 33003
p 0 197 33003
x 0 33004
p 0 222 33004
x 0 33005
p 0 225 33005
x 0 33006
p 0 187 33006
x 0 33007
p 0 173 33007
x 0 33008
p 0 232 33008
x 0 33009
p 0 229 33009
x 0 33010
p 0 230 33010
x 0 33011
p 0 227 33011
x 0 33012
p 0 225 33012
x 0 33013
p 0 222 33013
x 0 33014
p 0 193 33014
x 0 33015
p 0 220 33015
x 0 33016
p 0 219 33016
x 0 33017
p 0 219 33017
x 0 33018
p 0 261 33018
x 0 33019
p 0 220 33019
x 0 33020
p 0 218 33020
x 0 33021
p 0 221 33021
x 0 33022
p 0 219 33022
x 0 33023
p 0 221 33023
x 0 33024
p 0 219 33024
x 0 33025
p 0 218 33025
x 0 33026
p 0 221 33026
x 0 33027
p 0 221 33027
x 0 33028
p 0 219 33028
x 0 33029
p 0 226 33029
x 0 33030
p 0 326 33030
x 0 33031
p 0 190 33031
x 0 33032
p 0 345 33032
x 0 33033
p 0 279 33033
x 0 33034
p 0 221 33034
x 0 33035
p 0 360 33035
x 0 33036
p 0 218 33036
x 0 33037
p 0 220 33037
x 0 33038
p 0 219 33038
x 0 33039
p 0 220 33039
x 0 33040
p 0 217 33040
x 0 33041
p 0 386 33041
x 0 33042
p 0 221 33042
x 0 33043
p 0 283 33043
x 0 33044
p 0 218 33044
x 0 33045
p 0 316 33045
x 0 33046
p 0 316 33046
x 0 33047
p 0 222 33047
x 0 33048
p 0 218 33048
x 0 33049
p 0 276 33049
x 0 33050
p 0 220 33050
x 0 33051
p 0 220 33051
x 0 33052
p 0 218 33052
x 0 33053
p 0 219 33053
x 0 33054
p 0 224 33054
x 0 33055
p 0 221 33055
x 0 33056
p 0 222 33056
x 0 33057
p 0 219 33057
x 0 33058
p 0 223 33058
x 0 33059
p 0 363 33059
x 0 33060
p 0 352 33060
