x 0 33000
h 0 10.0.0.10
p 0 19882 33000
x 1 33001
h 1 10.0.0.10
p 1 872 33001
x 0 33002
p 0 210 33002
x 0 33003
p 0 222 33003
x 0 33004
p 0 257 33004
x 0 33005
p 0 224 33005
x 0 33006
p 0 212 33006
x 0 33007
p 0 209 33007
x 0 33008
p 0 178 33008
x 0 33009
p 0 209 33009
x 0 33010
p 0 247 33010
x 0 33011
p 0 178 33011
x 0 33012
p 0 178 33012
x 0 33013
p 0 179 33013
x 0 33014
p 0 211 33014
x 0 33015
p 0 208 33015
x 0 33016
p 0 212 33016
x 0 33017
p 0 183 33017
x 0 33018
p 0 180 33018
x 0 33019
p 0 184 33019
x 0 33020
p 0 183 33020
x 0 33021
p 0 287 33021
x 0 33022
p 0 251 33022
x 0 33023
p 0 237 33023
x 0 33024
p 0 187 33024
x 0 33025
p 0 221 33025
x 0 33026
p 0 188 33026
x 0 33027
p 0 184 33027
x 0 33028
p 0 183 33028
x 0 33029
p 0 175 33029
x 0 33030
p 0 186 33030
x 0 33031
p 0 184 33031
x 0 33032
p 0 182 33032
x 0 33033
p 0 184 33033
x 0 33034
p 0 184 33034
x 0 33035
p 0 186 33035
x 0 33036
p 0 184 33036
x 0 33037
p 0 179 33037
x 0 33038
p 0 182 33038
x 0 33039
p 0 184 33039
x 0 33040
p 0 213 33040
x 0 33041
p 0 187 33041
x 0 33042
p 0 184 33042
x 0 33043
p 0 183 33043
x 0 33044
p 0 177 33044
x 0 33045
p 0 212 33045
x 0 33046
p 0 184 33046
x 0 33047
p 0 155 33047
x 0 33048
p 0 183 33048
x 0 33049
p 0 177 33049
x 0 33050
p 0 167 33050
x 0 33051
p 0 186 33051
x 0 33052
p 0 155 33052
x 0 33053
p 0 183 33053
x 0 33054
p 0 187 33054
x 0 33055
p 0 191 33055
x 0 33056
p 0 221 33056
x 0 33057
p 0 215 33057
x 0 33058
p 0 207 33058
x 0 33059
p 0 183 33059
x 0 33060
p 0 212 33060
x 0 33000
h 0 10.0.0.10
p 0 11578 33000
x 1 33001
h 1 10.0.0.10
p 1 871 33001
x 0 33002
p 0 181 33002
x 0 33003
p 0 182 33003
x 0 33004
p 0 180 33004
x 0 33005
p 0 181 33005
x 0 33006
p 0 211 33006
x 0 33007
p 0 177 33007
x 0 33008
p 0 178 33008
x 0 33009
p 0 180 33009
x 0 33010
p 0 256 33010
x 0 33011
p 0 179 33011
x 0 33012
p 0 180 33012
x 0 33013
p 0 182 33013
x 0 33014
p 0 207 33014
x 0 33015
p 0 179 33015
x 0 33016
p 0 181 33016
x 0 33017
p 0 182 33017
x 0 33018
p 0 210 33018
x 0 33019
p 0 179 33019
x 0 33020
p 0 179 33020
x 0 33021
p 0 181 33021
x 0 33022
p 0 212 33022
x 0 33023
p 0 209 33023
x 0 33024
p 0 180 33024
x 0 33025
p 0 179 33025
x 0 33026
p 0 182 33026
x 0 33027
p 0 203 33027
x 0 33028
p 0 181 33028
x 0 33029
p 0 179 33029
x 0 33030
p 0 180 33030
x 0 33031
p 0 211 33031
x 0 33032
p 0 186 33032
x 0 33033
p 0 181 33033
x 0 33034
p 0 178 33034
x 0 33035
p 0 210 33035
x 0 33036
p 0 180 33036
x 0 33037
p 0 176 33037
x 0 33038
p 0 180 33038
x 0 33039
p 0 207 33039
x 0 33040
p 0 179 33040
x 0 33041
p 0 180 33041
x 0 33042
p 0 175 33042
x 0 33043
p 0 209 33043
x 0 33044
p 0 177 33044
x 0 33045
p 0 182 33045
x 0 33046
p 0 181 33046
x 0 33047
p 0 278 33047
x 0 33048
p 0 244 33048
x 0 33049
p 0 181 33049
x 0 33050
p 0 182 33050
x 0 33051
p 0 279 33051
x 0 33052
p 0 197 33052
x 0 33053
p 0 181 33053
x 0 33054
p 0 191 33054
x 0 33055
p 0 194 33055
x 0 33056
p 0 185 33056
x 0 33057
p 0 182 33057
x 0 33058
p 0 258 33058
x 0 33059
p 0 182 33059
x 0 33060
p 0 194 33060
x 0 33000
h 0 10.0.0.10
p 0 10515 33000
x 1 33001
h 1 10.0.0.10
p 1 718 33001
x 0 33002
p 0 202 33002
x 0 33003
p 0 193 33003
x 0 33004
p 0 183 33004
x 0 33005
p 0 217 33005
x 0 33006
p 0 182 33006
x 0 33007
p 0 182 33007
x 0 33008
p 0 181 33008
x 0 33009
p 0 212 33009
x 0 33010
p 0 183 33010
x 0 33011
p 0 204 33011
x 0 33012
p 0 184 33012
x 0 33013
p 0 249 33013
x 0 33014
p 0 183 33014
x 0 33015
p 0 257 33015
x 0 33016
p 0 225 33016
x 0 33017
p 0 183 33017
x 0 33018
p 0 185 33018
x 0 33019
p 0 223 33019
x 0 33020
p 0 184 33020
x 0 33021
p 0 186 33021
x 0 33022
p 0 192 33022
x 0 33023
p 0 228 33023
x 0 33024
p 0 186 33024
x 0 33025
p 0 199 33025
x 0 33026
p 0 182 33026
x 0 33027
p 0 276 33027
x 0 33028
p 0 181 33028
x 0 33029
p 0 266 33029
x 0 33030
p 0 170 33030
x 0 33031
p 0 181 33031
x 0 33032
p 0 181 33032
x 0 33033
p 0 194 33033
x 0 33034
p 0 182 33034
x 0 33035
p 0 184 33035
x 0 33036
p 0 183 33036
x 0 33037
p 0 182 33037
x 0 33038
p 0 182 33038
x 0 33039
p 0 185 33039
x 0 33040
p 0 185 33040
x 0 33041
p 0 212 33041
x 0 33042
p 0 182 33042
x 0 33043
p 0 184 33043
x 0 33044
p 0 182 33044
x 0 33045
p 0 78 33045
x 0 33046
p 0 185 33046
x 0 33047
p 0 185 33047
x 0 33048
p 0 143 33048
x 0 33049
p 0 140 33049
x 0 33050
p 0 133 33050
x 0 33051
p 0 185 33051
x 0 33052
p 0 209 33052
x 0 33053
p 0 182 33053
x 0 33054
p 0 268 33054
x 0 33055
p 0 235 33055
x 0 33056
p 0 182 33056
x 0 33057
p 0 177 33057
x 0 33058
p 0 207 33058
x 0 33059
p 0 181 33059
x 0 33060
p 0 225 33060
x 0 33000
h 0 10.0.0.10
p 0 11556 33000
x 1 33001
h 1 10.0.0.10
p 1 879 33001
x 0 33002
p 0 183 33002
x 0 33003
p 0 185 33003
x 0 33004
p 0 226 33004
x 0 33005
p 0 184 33005
x 0 33006
p 0 184 33006
x 0 33007
p 0 181 33007
x 0 33008
p 0 179 33008
x 0 33009
p 0 182 33009
x 0 33010
p 0 178 33010
x 0 33011
p 0 182 33011
x 0 33012
p 0 178 33012
x 0 33013
p 0 180 33013
x 0 33014
p 0 183 33014
x 0 33015
p 0 181 33015
x 0 33016
p 0 185 33016
x 0 33017
p 0 180 33017
x 0 33018
p 0 181 33018
x 0 33019
p 0 232 33019
x 0 33020
p 0 183 33020
x 0 33021
p 0 98 33021
x 0 33022
p 0 182 33022
x 0 33023
p 0 183 33023
x 0 33024
p 0 182 33024
x 0 33025
p 0 186 33025
x 0 33026
p 0 181 33026
x 0 33027
p 0 181 33027
x 0 33028
p 0 179 33028
x 0 33029
p 0 177 33029
x 0 33030
p 0 179 33030
x 0 33031
p 0 179 33031
x 0 33032
p 0 184 33032
x 0 33033
p 0 182 33033
x 0 33034
p 0 179 33034
x 0 33035
p 0 182 33035
x 0 33036
p 0 183 33036
x 0 33037
p 0 181 33037
x 0 33038
p 0 179 33038
x 0 33039
p 0 154 33039
x 0 33040
p 0 179 33040
x 0 33041
p 0 182 33041
x 0 33042
p 0 207 33042
x 0 33043
p 0 183 33043
x 0 33044
p 0 181 33044
x 0 33045
p 0 155 33045
x 0 33046
p 0 184 33046
x 0 33047
p 0 180 33047
x 0 33048
p 0 179 33048
x 0 33049
p 0 184 33049
x 0 33050
p 0 180 33050
x 0 33051
p 0 168 33051
x 0 33052
p 0 162 33052
x 0 33053
p 0 191 33053
x 0 33054
p 0 185 33054
x 0 33055
p 0 195 33055
x 0 33056
p 0 200 33056
x 0 33057
p 0 189 33057
x 0 33058
p 0 196 33058
x 0 33059
p 0 202 33059
x 0 33060
p 0 191 33060
x 0 33000
h 0 10.0.0.10
p 0 9592 33000
x 1 33001
h 1 10.0.0.10
p 1 778 33001
x 0 33002
p 0 189 33002
x 0 33003
p 0 185 33003
x 0 33004
p 0 181 33004
x 0 33005
p 0 182 33005
x 0 33006
p 0 250 33006
x 0 33007
p 0 180 33007
x 0 33008
p 0 250 33008
x 0 33009
p 0 181 33009
x 0 33010
p 0 181 33010
x 0 33011
p 0 180 33011
x 0 33012
p 0 259 33012
x 0 33013
p 0 266 33013
x 0 33014
p 0 271 33014
x 0 33015
p 0 184 33015
x 0 33016
p 0 181 33016
x 0 33017
p 0 177 33017
x 0 33018
p 0 181 33018
x 0 33019
p 0 206 33019
x 0 33020
p 0 177 33020
x 0 33021
p 0 179 33021
x 0 33022
p 0 175 33022
x 0 33023
p 0 194 33023
x 0 33024
p 0 182 33024
x 0 33025
p 0 181 33025
x 0 33026
p 0 183 33026
x 0 33027
p 0 178 33027
x 0 33028
p 0 178 33028
x 0 33029
p 0 178 33029
x 0 33030
p 0 183 33030
x 0 33031
p 0 193 33031
x 0 33032
p 0 177 33032
x 0 33033
p 0 179 33033
x 0 33034
p 0 181 33034
x 0 33035
p 0 181 33035
x 0 33036
p 0 178 33036
x 0 33037
p 0 179 33037
x 0 33038
p 0 178 33038
x 0 33039
p 0 179 33039
x 0 33040
p 0 180 33040
x 0 33041
p 0 178 33041
x 0 33042
p 0 177 33042
x 0 33043
p 0 179 33043
x 0 33044
p 0 181 33044
x 0 33045
p 0 181 33045
x 0 33046
p 0 180 33046
x 0 33047
p 0 181 33047
x 0 33048
p 0 179 33048
x 0 33049
p 0 178 33049
x 0 33050
p 0 183 33050
x 0 33051
p 0 181 33051
x 0 33052
p 0 182 33052
x 0 33053
p 0 208 33053
x 0 33054
p 0 186 33054
x 0 33055
p 0 198 33055
x 0 33056
p 0 217 33056
x 0 33057
p 0 191 33057
x 0 33058
p 0 190 33058
x 0 33059
p 0 191 33059
x 0 33060
p 0 201 33060
x 0 33000
h 0 10.0.0.10
p 0 8957 33000
x 1 33001
h 1 10.0.0.10
p 1 923 33001
x 0 33002
p 0 180 33002
x 0 33003
p 0 180 33003
x 0 33004
p 0 208 33004
x 0 33005
p 0 179 33005
x 0 33006
p 0 180 33006
x 0 33007
p 0 196 33007
x 0 33008
p 0 179 33008
x 0 33009
p 0 180 33009
x 0 33010
p 0 180 33010
x 0 33011
p 0 178 33011
x 0 33012
p 0 181 33012
x 0 33013
p 0 180 33013
x 0 33014
p 0 180 33014
x 0 33015
p 0 179 33015
x 0 33016
p 0 181 33016
x 0 33017
p 0 179 33017
x 0 33018
p 0 181 33018
x 0 33019
p 0 177 33019
x 0 33020
p 0 180 33020
x 0 33021
p 0 178 33021
x 0 33022
p 0 179 33022
x 0 33023
p 0 178 33023
x 0 33024
p 0 178 33024
x 0 33025
p 0 243 33025
x 0 33026
p 0 267 33026
x 0 33027
p 0 180 33027
x 0 33028
p 0 262 33028
x 0 33029
p 0 109 33029
x 0 33030
p 0 176 33030
x 0 33031
p 0 214 33031
x 0 33032
p 0 180 33032
x 0 33033
p 0 179 33033
x 0 33034
p 0 90 33034
x 0 33035
p 0 175 33035
x 0 33036
p 0 177 33036
x 0 33037
p 0 90 33037
x 0 33038
p 0 198 33038
x 0 33039
p 0 89 33039
x 0 33040
p 0 181 33040
x 0 33041
p 0 177 33041
x 0 33042
p 0 176 33042
x 0 33043
p 0 179 33043
x 0 33044
p 0 180 33044
x 0 33045
p 0 265 33045
x 0 33046
p 0 232 33046
x 0 33047
p 0 144 33047
x 0 33048
p 0 219 33048
x 0 33049
p 0 167 33049
x 0 33050
p 0 204 33050
x 0 33051
p 0 198 33051
x 0 33052
p 0 185 33052
x 0 33053
p 0 205 33053
x 0 33054
p 0 181 33054
x 0 33055
p 0 179 33055
x 0 33056
p 0 179 33056
x 0 33057
p 0 211 33057
x 0 33058
p 0 219 33058
x 0 33059
p 0 185 33059
x 0 33060
p 0 187 33060
x 0 33000
h 0 10.0.0.10
p 0 8374 33000
x 1 33001
h 1 10.0.0.10
p 1 747 33001
x 0 33002
p 0 175 33002
x 0 33003
p 0 227 33003
x 0 33004
p 0 202 33004
x 0 33005
p 0 196 33005
x 0 33006
p 0 197 33006
x 0 33007
p 0 144 33007
x 0 33008
p 0 191 33008
x 0 33009
p 0 198 33009
x 0 33010
p 0 195 33010
x 0 33011
p 0 194 33011
x 0 33012
p 0 189 33012
x 0 33013
p 0 194 33013
x 0 33014
p 0 207 33014
x 0 33015
p 0 176 33015
x 0 33016
p 0 334 33016
x 0 33017
p 0 193 33017
x 0 33018
p 0 197 33018
x 0 33019
p 0 199 33019
x 0 33020
p 0 210 33020
x 0 33021
p 0 199 33021
x 0 33022
p 0 180 33022
x 0 33023
p 0 248 33023
x 0 33024
p 0 211 33024
x 0 33025
p 0 198 33025
x 0 33026
p 0 176 33026
x 0 33027
p 0 174 33027
x 0 33028
p 0 205 33028
x 0 33029
p 0 187 33029
x 0 33030
p 0 234 33030
x 0 33031
p 0 207 33031
x 0 33032
p 0 178 33032
x 0 33033
p 0 186 33033
x 0 33034
p 0 182 33034
x 0 33035
p 0 211 33035
x 0 33036
p 0 175 33036
x 0 33037
p 0 223 33037
x 0 33038
p 0 197 33038
x 0 33039
p 0 202 33039
x 0 33040
p 0 180 33040
x 0 33041
p 0 199 33041
x 0 33042
p 0 178 33042
x 0 33043
p 0 192 33043
x 0 33044
p 0 192 33044
x 0 33045
p 0 226 33045
x 0 33046
p 0 179 33046
x 0 33047
p 0 192 33047
x 0 33048
p 0 213 33048
x 0 33049
p 0 187 33049
x 0 33050
p 0 211 33050
x 0 33051
p 0 179 33051
x 0 33052
p 0 243 33052
x 0 33053
p 0 190 33053
x 0 33054
p 0 188 33054
x 0 33055
p 0 194 33055
x 0 33056
p 0 251 33056
x 0 33057
p 0 178 33057
x 0 33058
p 0 107 33058
x 0 33059
p 0 181 33059
x 0 33060
p 0 209 33060
x 0 33000
h 0 10.0.0.10
p 0 10073 33000
x 1 33001
h 1 10.0.0.10
p 1 887 33001
x 0 33002
p 0 179 33002
x 0 33003
p 0 180 33003
x 0 33004
p 0 175 33004
x 0 33005
p 0 179 33005
x 0 33006
p 0 182 33006
x 0 33007
p 0 176 33007
x 0 33008
p 0 225 33008
x 0 33009
p 0 200 33009
x 0 33010
p 0 185 33010
x 0 33011
p 0 184 33011
x 0 33012
p 0 179 33012
x 0 33013
p 0 181 33013
x 0 33014
p 0 184 33014
x 0 33015
p 0 181 33015
x 0 33016
p 0 181 33016
x 0 33017
p 0 182 33017
x 0 33018
p 0 181 33018
x 0 33019
p 0 180 33019
x 0 33020
p 0 185 33020
x 0 33021
p 0 178 33021
x 0 33022
p 0 183 33022
x 0 33023
p 0 179 33023
x 0 33024
p 0 179 33024
x 0 33025
p 0 180 33025
x 0 33026
p 0 181 33026
x 0 33027
p 0 214 33027
x 0 33028
p 0 178 33028
x 0 33029
p 0 225 33029
x 0 33030
p 0 180 33030
x 0 33031
p 0 180 33031
x 0 33032
p 0 175 33032
x 0 33033
p 0 175 33033
x 0 33034
p 0 179 33034
x 0 33035
p 0 185 33035
x 0 33036
p 0 175 33036
x 0 33037
p 0 175 33037
x 0 33038
p 0 175 33038
x 0 33039
p 0 199 33039
x 0 33040
p 0 180 33040
x 0 33041
p 0 177 33041
x 0 33042
p 0 176 33042
x 0 33043
p 0 181 33043
x 0 33044
p 0 179 33044
x 0 33045
p 0 182 33045
x 0 33046
p 0 179 33046
x 0 33047
p 0 179 33047
x 0 33048
p 0 179 33048
x 0 33049
p 0 180 33049
x 0 33050
p 0 190 33050
x 0 33051
p 0 178 33051
x 0 33052
p 0 181 33052
x 0 33053
p 0 178 33053
x 0 33054
p 0 190 33054
x 0 33055
p 0 184 33055
x 0 33056
p 0 180 33056
x 0 33057
p 0 180 33057
x 0 33058
p 0 180 33058
x 0 33059
p 0 195 33059
x 0 33060
p 0 245 33060
x 0 33000
h 0 10.0.0.10
p 0 13631 33000
x 1 33001
h 1 10.0.0.10
p 1 970 33001
x 0 33002
p 0 211 33002
x 0 33003
p 0 219 33003
x 0 33004
p 0 187 33004
x 0 33005
p 0 186 33005
x 0 33006
p 0 185 33006
x 0 33007
p 0 178 33007
x 0 33008
p 0 183 33008
x 0 33009
p 0 185 33009
x 0 33010
p 0 250 33010
x 0 33011
p 0 183 33011
x 0 33012
p 0 183 33012
x 0 33013
p 0 183 33013
x 0 33014
p 0 181 33014
x 0 33015
p 0 183 33015
x 0 33016
p 0 184 33016
x 0 33017
p 0 183 33017
x 0 33018
p 0 182 33018
x 0 33019
p 0 181 33019
x 0 33020
p 0 183 33020
x 0 33021
p 0 184 33021
x 0 33022
p 0 185 33022
x 0 33023
p 0 184 33023
x 0 33024
p 0 182 33024
x 0 33025
p 0 188 33025
x 0 33026
p 0 183 33026
x 0 33027
p 0 184 33027
x 0 33028
p 0 123 33028
x 0 33029
p 0 183 33029
x 0 33030
p 0 185 33030
x 0 33031
p 0 140 33031
x 0 33032
p 0 211 33032
x 0 33033
p 0 187 33033
x 0 33034
p 0 183 33034
x 0 33035
p 0 183 33035
x 0 33036
p 0 137 33036
x 0 33037
p 0 179 33037
x 0 33038
p 0 123 33038
x 0 33039
p 0 213 33039
x 0 33040
p 0 184 33040
x 0 33041
p 0 194 33041
x 0 33042
p 0 182 33042
x 0 33043
p 0 181 33043
x 0 33044
p 0 181 33044
x 0 33045
p 0 181 33045
x 0 33046
p 0 182 33046
x 0 33047
p 0 178 33047
x 0 33048
p 0 226 33048
x 0 33049
p 0 182 33049
x 0 33050
p 0 183 33050
x 0 33051
p 0 183 33051
x 0 33052
p 0 183 33052
x 0 33053
p 0 182 33053
x 0 33054
p 0 184 33054
x 0 33055
p 0 232 33055
x 0 33056
p 0 152 33056
x 0 33057
p 0 171 33057
x 0 33058
p 0 149 33058
x 0 33059
p 0 129 33059
x 0 33060
p 0 133 33060
x 0 33000
h 0 10.0.0.10
p 0 11148 33000
x 1 33001
h 1 10.0.0.10
p 1 777 33001
x 0 33002
p 0 183 33002
x 0 33003
p 0 235 33003
x 0 33004
p 0 182 33004
x 0 33005
p 0 183 33005
x 0 33006
p 0 184 33006
x 0 33007
p 0 245 33007
x 0 33008
p 0 185 33008
x 0 33009
p 0 184 33009
x 0 33010
p 0 182 33010
x 0 33011
p 0 187 33011
x 0 33012
p 0 183 33012
x 0 33013
p 0 182 33013
x 0 33014
p 0 241 33014
x 0 33015
p 0 187 33015
x 0 33016
p 0 187 33016
x 0 33017
p 0 185 33017
x 0 33018
p 0 187 33018
x 0 33019
p 0 111 33019
x 0 33020
p 0 183 33020
x 0 33021
p 0 220 33021
x 0 33022
p 0 185 33022
x 0 33023
p 0 181 33023
x 0 33024
p 0 184 33024
x 0 33025
p 0 184 33025
x 0 33026
p 0 211 33026
x 0 33027
p 0 189 33027
x 0 33028
p 0 224 33028
x 0 33029
p 0 185 33029
x 0 33030
p 0 188 33030
x 0 33031
p 0 185 33031
x 0 33032
p 0 188 33032
x 0 33033
p 0 189 33033
x 0 33034
p 0 182 33034
x 0 33035
p 0 185 33035
x 0 33036
p 0 181 33036
x 0 33037
p 0 178 33037
x 0 33038
p 0 125 33038
x 0 33039
p 0 125 33039
x 0 33040
p 0 214 33040
x 0 33041
p 0 180 33041
x 0 33042
p 0 165 33042
x 0 33043
p 0 181 33043
x 0 33044
p 0 185 33044
x 0 33045
p 0 136 33045
x 0 33046
p 0 181 33046
x 0 33047
p 0 124 33047
x 0 33048
p 0 181 33048
x 0 33049
p 0 234 33049
x 0 33050
p 0 157 33050
x 0 33051
p 0 126 33051
x 0 33052
p 0 181 33052
x 0 33053
p 0 180 33053
x 0 33054
p 0 187 33054
x 0 33055
p 0 184 33055
x 0 33056
p 0 240 33056
x 0 33057
p 0 186 33057
x 0 33058
p 0 212 33058
x 0 33059
p 0 176 33059
x 0 33060
p 0 201 33060
x 0 33000
h 0 10.0.0.10
p 0 7879 33000
x 1 33001
h 1 10.0.0.10
p 1 829 33001
x 0 33002
p 0 182 33002
x 0 33003
p 0 180 33003
x 0 33004
p 0 186 33004
x 0 33005
p 0 211 33005
x 0 33006
p 0 185 33006
x 0 33007
p 0 177 33007
x 0 33008
p 0 174 33008
x 0 33009
p 0 176 33009
x 0 33010
p 0 181 33010
x 0 33011
p 0 183 33011
x 0 33012
p 0 180 33012
x 0 33013
p 0 178 33013
x 0 33014
p 0 178 33014
x 0 33015
p 0 211 33015
x 0 33016
p 0 180 33016
x 0 33017
p 0 180 33017
x 0 33018
p 0 175 33018
x 0 33019
p 0 126 33019
x 0 33020
p 0 127 33020
x 0 33021
p 0 179 33021
x 0 33022
p 0 159 33022
x 0 33023
p 0 177 33023
x 0 33024
p 0 179 33024
x 0 33025
p 0 180 33025
x 0 33026
p 0 179 33026
x 0 33027
p 0 182 33027
x 0 33028
p 0 174 33028
x 0 33029
p 0 177 33029
x 0 33030
p 0 175 33030
x 0 33031
p 0 178 33031
x 0 33032
p 0 175 33032
x 0 33033
p 0 175 33033
x 0 33034
p 0 176 33034
x 0 33035
p 0 177 33035
x 0 33036
p 0 174 33036
x 0 33037
p 0 173 33037
x 0 33038
p 0 175 33038
x 0 33039
p 0 174 33039
x 0 33040
p 0 179 33040
x 0 33041
p 0 177 33041
x 0 33042
p 0 174 33042
x 0 33043
p 0 174 33043
x 0 33044
p 0 175 33044
x 0 33045
p 0 177 33045
x 0 33046
p 0 175 33046
x 0 33047
p 0 177 33047
x 0 33048
p 0 174 33048
x 0 33049
p 0 174 33049
x 0 33050
p 0 145 33050
x 0 33051
p 0 129 33051
x 0 33052
p 0 126 33052
x 0 33053
p 0 149 33053
x 0 33054
p 0 175 33054
x 0 33055
p 0 185 33055
x 0 33056
p 0 181 33056
x 0 33057
p 0 175 33057
x 0 33058
p 0 177 33058
x 0 33059
p 0 175 33059
x 0 33060
p 0 174 33060
x 0 33000
h 0 10.0.0.10
p 0 9207 33000
x 1 33001
h 1 10.0.0.10
p 1 852 33001
x 0 33002
p 0 179 33002
x 0 33003
p 0 180 33003
x 0 33004
p 0 184 33004
x 0 33005
p 0 179 33005
x 0 33006
p 0 180 33006
x 0 33007
p 0 180 33007
x 0 33008
p 0 176 33008
x 0 33009
p 0 178 33009
x 0 33010
p 0 126 33010
x 0 33011
p 0 127 33011
x 0 33012
p 0 125 33012
x 0 33013
p 0 190 33013
x 0 33014
p 0 179 33014
x 0 33015
p 0 214 33015
x 0 33016
p 0 179 33016
x 0 33017
p 0 177 33017
x 0 33018
p 0 175 33018
x 0 33019
p 0 190 33019
x 0 33020
p 0 176 33020
x 0 33021
p 0 177 33021
x 0 33022
p 0 177 33022
x 0 33023
p 0 182 33023
x 0 33024
p 0 179 33024
x 0 33025
p 0 180 33025
x 0 33026
p 0 177 33026
x 0 33027
p 0 230 33027
x 0 33028
p 0 219 33028
x 0 33029
p 0 209 33029
x 0 33030
p 0 207 33030
x 0 33031
p 0 219 33031
x 0 33032
p 0 232 33032
x 0 33033
p 0 176 33033
x 0 33034
p 0 212 33034
x 0 33035
p 0 175 33035
x 0 33036
p 0 176 33036
x 0 33037
p 0 175 33037
x 0 33038
p 0 209 33038
x 0 33039
p 0 201 33039
x 0 33040
p 0 238 33040
x 0 33041
p 0 206 33041
x 0 33042
p 0 173 33042
x 0 33043
p 0 203 33043
x 0 33044
p 0 204 33044
x 0 33045
p 0 204 33045
x 0 33046
p 0 205 33046
x 0 33047
p 0 171 33047
x 0 33048
p 0 234 33048
x 0 33049
p 0 176 33049
x 0 33050
p 0 174 33050
x 0 33051
p 0 174 33051
x 0 33052
p 0 178 33052
x 0 33053
p 0 245 33053
x 0 33054
p 0 175 33054
x 0 33055
p 0 218 33055
x 0 33056
p 0 181 33056
x 0 33057
p 0 243 33057
x 0 33058
p 0 185 33058
x 0 33059
p 0 181 33059
x 0 33060
p 0 187 33060
x 0 33000
h 0 10.0.0.10
p 0 7706 33000
x 1 33001
h 1 10.0.0.10
p 1 771 33001
x 0 33002
p 0 180 33002
x 0 33003
p 0 180 33003
x 0 33004
p 0 183 33004
x 0 33005
p 0 184 33005
x 0 33006
p 0 184 33006
x 0 33007
p 0 223 33007
x 0 33008
p 0 186 33008
x 0 33009
p 0 178 33009
x 0 33010
p 0 193 33010
x 0 33011
p 0 179 33011
x 0 33012
p 0 177 33012
x 0 33013
p 0 180 33013
x 0 33014
p 0 177 33014
x 0 33015
p 0 180 33015
x 0 33016
p 0 209 33016
x 0 33017
p 0 183 33017
x 0 33018
p 0 214 33018
x 0 33019
p 0 179 33019
x 0 33020
p 0 179 33020
x 0 33021
p 0 180 33021
x 0 33022
p 0 180 33022
x 0 33023
p 0 88 33023
x 0 33024
p 0 182 33024
x 0 33025
p 0 179 33025
x 0 33026
p 0 178 33026
x 0 33027
p 0 176 33027
x 0 33028
p 0 178 33028
x 0 33029
p 0 234 33029
x 0 33030
p 0 179 33030
x 0 33031
p 0 121 33031
x 0 33032
p 0 174 33032
x 0 33033
p 0 172 33033
x 0 33034
p 0 124 33034
x 0 33035
p 0 174 33035
x 0 33036
p 0 173 33036
x 0 33037
p 0 174 33037
x 0 33038
p 0 126 33038
x 0 33039
p 0 176 33039
x 0 33040
p 0 237 33040
x 0 33041
p 0 175 33041
x 0 33042
p 0 173 33042
x 0 33043
p 0 174 33043
x 0 33044
p 0 175 33044
x 0 33045
p 0 177 33045
x 0 33046
p 0 176 33046
x 0 33047
p 0 246 33047
x 0 33048
p 0 175 33048
x 0 33049
p 0 175 33049
x 0 33050
p 0 176 33050
x 0 33051
p 0 174 33051
x 0 33052
p 0 175 33052
x 0 33053
p 0 173 33053
x 0 33054
p 0 174 33054
x 0 33055
p 0 179 33055
x 0 33056
p 0 177 33056
x 0 33057
p 0 176 33057
x 0 33058
p 0 177 33058
x 0 33059
p 0 176 33059
x 0 33060
p 0 179 33060
x 0 33000
h 0 10.0.0.10
p 0 10628 33000
x 1 33001
h 1 10.0.0.10
p 1 759 33001
x 0 33002
p 0 186 33002
x 0 33003
p 0 187 33003
x 0 33004
p 0 185 33004
x 0 33005
p 0 184 33005
x 0 33006
p 0 186 33006
x 0 33007
p 0 101 33007
x 0 33008
p 0 252 33008
x 0 33009
p 0 183 33009
x 0 33010
p 0 187 33010
x 0 33011
p 0 184 33011
x 0 33012
p 0 182 33012
x 0 33013
p 0 185 33013
x 0 33014
p 0 182 33014
x 0 33015
p 0 185 33015
x 0 33016
p 0 184 33016
x 0 33017
p 0 220 33017
x 0 33018
p 0 185 33018
x 0 33019
p 0 183 33019
x 0 33020
p 0 186 33020
x 0 33021
p 0 135 33021
x 0 33022
p 0 184 33022
x 0 33023
p 0 253 33023
x 0 33024
p 0 183 33024
x 0 33025
p 0 182 33025
x 0 33026
p 0 183 33026
x 0 33027
p 0 182 33027
x 0 33028
p 0 179 33028
x 0 33029
p 0 180 33029
x 0 33030
p 0 181 33030
x 0 33031
p 0 179 33031
x 0 33032
p 0 181 33032
x 0 33033
p 0 187 33033
x 0 33034
p 0 265 33034
x 0 33035
p 0 269 33035
x 0 33036
p 0 181 33036
x 0 33037
p 0 181 33037
x 0 33038
p 0 181 33038
x 0 33039
p 0 183 33039
x 0 33040
p 0 222 33040
x 0 33041
p 0 176 33041
x 0 33042
p 0 180 33042
x 0 33043
p 0 183 33043
x 0 33044
p 0 180 33044
x 0 33045
p 0 187 33045
x 0 33046
p 0 182 33046
x 0 33047
p 0 184 33047
x 0 33048
p 0 182 33048
x 0 33049
p 0 210 33049
x 0 33050
p 0 185 33050
x 0 33051
p 0 179 33051
x 0 33052
p 0 184 33052
x 0 33053
p 0 184 33053
x 0 33054
p 0 186 33054
x 0 33055
p 0 186 33055
x 0 33056
p 0 177 33056
x 0 33057
p 0 182 33057
x 0 33058
p 0 193 33058
x 0 33059
p 0 184 33059
x 0 33060
p 0 183 33060
x 0 33000
h 0 10.0.0.10
p 0 8398 33000
x 1 33001
h 1 10.0.0.10
p 1 770 33001
x 0 33002
p 0 185 33002
x 0 33003
p 0 182 33003
x 0 33004
p 0 191 33004
x 0 33005
p 0 183 33005
x 0 33006
p 0 187 33006
x 0 33007
p 0 181 33007
x 0 33008
p 0 151 33008
x 0 33009
p 0 186 33009
x 0 33010
p 0 136 33010
x 0 33011
p 0 167 33011
x 0 33012
p 0 184 33012
x 0 33013
p 0 135 33013
x 0 33014
p 0 138 33014
x 0 33015
p 0 125 33015
x 0 33016
p 0 183 33016
x 0 33017
p 0 125 33017
x 0 33018
p 0 183 33018
x 0 33019
p 0 124 33019
x 0 33020
p 0 183 33020
x 0 33021
p 0 126 33021
x 0 33022
p 0 129 33022
x 0 33023
p 0 185 33023
x 0 33024
p 0 189 33024
x 0 33025
p 0 157 33025
x 0 33026
p 0 187 33026
x 0 33027
p 0 186 33027
x 0 33028
p 0 183 33028
x 0 33029
p 0 183 33029
x 0 33030
p 0 179 33030
x 0 33031
p 0 74 33031
x 0 33032
p 0 183 33032
x 0 33033
p 0 179 33033
x 0 33034
p 0 132 33034
x 0 33035
p 0 159 33035
x 0 33036
p 0 155 33036
x 0 33037
p 0 207 33037
x 0 33038
p 0 227 33038
x 0 33039
p 0 204 33039
x 0 33040
p 0 227 33040
x 0 33041
p 0 148 33041
x 0 33042
p 0 151 33042
x 0 33043
p 0 154 33043
x 0 33044
p 0 143 33044
x 0 33045
p 0 187 33045
x 0 33046
p 0 230 33046
x 0 33047
p 0 190 33047
x 0 33048
p 0 226 33048
x 0 33049
p 0 187 33049
x 0 33050
p 0 141 33050
x 0 33051
p 0 167 33051
x 0 33052
p 0 161 33052
x 0 33053
p 0 153 33053
x 0 33054
p 0 168 33054
x 0 33055
p 0 157 33055
x 0 33056
p 0 156 33056
x 0 33057
p 0 237 33057
x 0 33058
p 0 233 33058
x 0 33059
p 0 234 33059
x 0 33060
p 0 295 33060
x 0 33000
h 0 10.0.0.10
p 0 9348 33000
x 1 33001
h 1 10.0.0.10
p 1 847 33001
x 0 33002
p 0 181 33002
x 0 33003
p 0 304 33003
x 0 33004
p 0 215 33004
x 0 33005
p 0 212 33005
x 0 33006
p 0 184 33006
x 0 33007
p 0 123 33007
x 0 33008
p 0 182 33008
x 0 33009
p 0 124 33009
x 0 33010
p 0 123 33010
x 0 33011
p 0 122 33011
x 0 33012
p 0 122 33012
x 0 33013
p 0 122 33013
x 0 33014
p 0 120 33014
x 0 33015
p 0 151 33015
x 0 33016
p 0 121 33016
x 0 33017
p 0 121 33017
x 0 33018
p 0 121 33018
x 0 33019
p 0 122 33019
x 0 33020
p 0 183 33020
x 0 33021
p 0 135 33021
x 0 33022
p 0 107 33022
x 0 33023
p 0 129 33023
x 0 33024
p 0 185 33024
x 0 33025
p 0 187 33025
x 0 33026
p 0 126 33026
x 0 33027
p 0 182 33027
x 0 33028
p 0 122 33028
x 0 33029
p 0 184 33029
x 0 33030
p 0 129 33030
x 0 33031
p 0 125 33031
x 0 33032
p 0 182 33032
x 0 33033
p 0 125 33033
x 0 33034
p 0 184 33034
x 0 33035
p 0 121 33035
x 0 33036
p 0 184 33036
x 0 33037
p 0 119 33037
x 0 33038
p 0 183 33038
x 0 33039
p 0 119 33039
x 0 33040
p 0 183 33040
x 0 33041
p 0 140 33041
x 0 33042
p 0 180 33042
x 0 33043
p 0 183 33043
x 0 33044
p 0 127 33044
x 0 33045
p 0 137 33045
x 0 33046
p 0 186 33046
x 0 33047
p 0 119 33047
x 0 33048
p 0 185 33048
x 0 33049
p 0 118 33049
x 0 33050
p 0 186 33050
x 0 33051
p 0 184 33051
x 0 33052
p 0 183 33052
x 0 33053
p 0 181 33053
x 0 33054
p 0 185 33054
x 0 33055
p 0 182 33055
x 0 33056
p 0 181 33056
x 0 33057
p 0 183 33057
x 0 33058
p 0 201 33058
x 0 33059
p 0 237 33059
x 0 33060
p 0 227 33060
x 0 33000
h 0 10.0.0.10
p 0 9182 33000
x 1 33001
h 1 10.0.0.10
p 1 885 33001
x 0 33002
p 0 210 33002
x 0 33003
p 0 218 33003
x 0 33004
p 0 243 33004
x 0 33005
p 0 183 33005
x 0 33006
p 0 186 33006
x 0 33007
p 0 182 33007
x 0 33008
p 0 180 33008
x 0 33009
p 0 214 33009
x 0 33010
p 0 600 33010
x 0 33011
p 0 128 33011
x 0 33012
p 0 124 33012
x 0 33013
p 0 181 33013
x 0 33014
p 0 182 33014
x 0 33015
p 0 124 33015
x 0 33016
p 0 183 33016
x 0 33017
p 0 238 33017
x 0 33018
p 0 134 33018
x 0 33019
p 0 223 33019
x 0 33020
p 0 124 33020
x 0 33021
p 0 180 33021
x 0 33022
p 0 182 33022
x 0 33023
p 0 179 33023
x 0 33024
p 0 575 33024
x 0 33025
p 0 125 33025
x 0 33026
p 0 181 33026
x 0 33027
p 0 127 33027
x 0 33028
p 0 181 33028
x 0 33029
p 0 182 33029
x 0 33030
p 0 125 33030
x 0 33031
p 0 181 33031
x 0 33032
p 0 129 33032
x 0 33033
p 0 178 33033
x 0 33034
p 0 180 33034
x 0 33035
p 0 184 33035
x 0 33036
p 0 180 33036
x 0 33037
p 0 179 33037
x 0 33038
p 0 182 33038
x 0 33039
p 0 212 33039
x 0 33040
p 0 182 33040
x 0 33041
p 0 185 33041
x 0 33042
p 0 179 33042
x 0 33043
p 0 181 33043
x 0 33044
p 0 184 33044
x 0 33045
p 0 245 33045
x 0 33046
p 0 88 33046
x 0 33047
p 0 182 33047
x 0 33048
p 0 184 33048
x 0 33049
p 0 181 33049
x 0 33050
p 0 183 33050
x 0 33051
p 0 180 33051
x 0 33052
p 0 180 33052
x 0 33053
p 0 181 33053
x 0 33054
p 0 233 33054
x 0 33055
p 0 184 33055
x 0 33056
p 0 185 33056
x 0 33057
p 0 184 33057
x 0 33058
p 0 206 33058
x 0 33059
p 0 197 33059
x 0 33060
p 0 242 33060
x 0 33000
h 0 10.0.0.10
p 0 8264 33000
x 1 33001
h 1 10.0.0.10
p 1 845 33001
x 0 33002
p 0 182 33002
x 0 33003
p 0 221 33003
x 0 33004
p 0 185 33004
x 0 33005
p 0 183 33005
x 0 33006
p 0 237 33006
x 0 33007
p 0 181 33007
x 0 33008
p 0 179 33008
x 0 33009
p 0 184 33009
x 0 33010
p 0 218 33010
x 0 33011
p 0 183 33011
x 0 33012
p 0 185 33012
x 0 33013
p 0 186 33013
x 0 33014
p 0 220 33014
x 0 33015
p 0 182 33015
x 0 33016
p 0 184 33016
x 0 33017
p 0 180 33017
x 0 33018
p 0 127 33018
x 0 33019
p 0 126 33019
x 0 33020
p 0 128 33020
x 0 33021
p 0 182 33021
x 0 33022
p 0 125 33022
x 0 33023
p 0 181 33023
x 0 33024
p 0 127 33024
x 0 33025
p 0 186 33025
x 0 33026
p 0 183 33026
x 0 33027
p 0 123 33027
x 0 33028
p 0 184 33028
x 0 33029
p 0 124 33029
x 0 33030
p 0 146 33030
x 0 33031
p 0 185 33031
x 0 33032
p 0 180 33032
x 0 33033
p 0 127 33033
x 0 33034
p 0 184 33034
x 0 33035
p 0 182 33035
x 0 33036
p 0 127 33036
x 0 33037
p 0 126 33037
x 0 33038
p 0 117 33038
x 0 33039
p 0 116 33039
x 0 33040
p 0 115 33040
x 0 33041
p 0 118 33041
x 0 33042
p 0 118 33042
x 0 33043
p 0 118 33043
x 0 33044
p 0 117 33044
x 0 33045
p 0 121 33045
x 0 33046
p 0 117 33046
x 0 33047
p 0 116 33047
x 0 33048
p 0 116 33048
x 0 33049
p 0 174 33049
x 0 33050
p 0 117 33050
x 0 33051
p 0 124 33051
x 0 33052
p 0 151 33052
x 0 33053
p 0 857 33053
x 0 33054
p 0 122 33054
x 0 33055
p 0 123 33055
x 0 33056
p 0 182 33056
x 0 33057
p 0 180 33057
x 0 33058
p 0 182 33058
x 0 33059
p 0 196 33059
x 0 33060
p 0 150 33060
x 0 33000
h 0 10.0.0.10
p 0 8279 33000
x 1 33001
h 1 10.0.0.10
p 1 866 33001
x 0 33002
p 0 187 33002
x 0 33003
p 0 181 33003
x 0 33004
p 0 183 33004
x 0 33005
p 0 178 33005
x 0 33006
p 0 180 33006
x 0 33007
p 0 179 33007
x 0 33008
p 0 153 33008
x 0 33009
p 0 178 33009
x 0 33010
p 0 177 33010
x 0 33011
p 0 177 33011
x 0 33012
p 0 180 33012
x 0 33013
p 0 180 33013
x 0 33014
p 0 150 33014
x 0 33015
p 0 180 33015
x 0 33016
p 0 180 33016
x 0 33017
p 0 180 33017
x 0 33018
p 0 178 33018
x 0 33019
p 0 180 33019
x 0 33020
p 0 180 33020
x 0 33021
p 0 197 33021
x 0 33022
p 0 192 33022
x 0 33023
p 0 183 33023
x 0 33024
p 0 152 33024
x 0 33025
p 0 180 33025
x 0 33026
p 0 179 33026
x 0 33027
p 0 177 33027
x 0 33028
p 0 177 33028
x 0 33029
p 0 177 33029
x 0 33030
p 0 182 33030
x 0 33031
p 0 184 33031
x 0 33032
p 0 195 33032
x 0 33033
p 0 181 33033
x 0 33034
p 0 183 33034
x 0 33035
p 0 190 33035
x 0 33036
p 0 189 33036
x 0 33037
p 0 186 33037
x 0 33038
p 0 181 33038
x 0 33039
p 0 178 33039
x 0 33040
p 0 193 33040
x 0 33041
p 0 180 33041
x 0 33042
p 0 194 33042
x 0 33043
p 0 149 33043
x 0 33044
p 0 177 33044
x 0 33045
p 0 183 33045
x 0 33046
p 0 177 33046
x 0 33047
p 0 178 33047
x 0 33048
p 0 178 33048
x 0 33049
p 0 182 33049
x 0 33050
p 0 186 33050
x 0 33051
p 0 181 33051
x 0 33052
p 0 186 33052
x 0 33053
p 0 181 33053
x 0 33054
p 0 182 33054
x 0 33055
p 0 185 33055
x 0 33056
p 0 182 33056
x 0 33057
p 0 185 33057
x 0 33058
p 0 200 33058
x 0 33059
p 0 188 33059
x 0 33060
p 0 201 33060
x 0 33000
h 0 10.0.0.10
p 0 8540 33000
x 1 33001
h 1 10.0.0.10
p 1 921 33001
x 0 33002
p 0 184 33002
x 0 33003
p 0 181 33003
x 0 33004
p 0 183 33004
x 0 33005
p 0 245 33005
x 0 33006
p 0 219 33006
x 0 33007
p 0 178 33007
x 0 33008
p 0 183 33008
x 0 33009
p 0 181 33009
x 0 33010
p 0 180 33010
x 0 33011
p 0 182 33011
x 0 33012
p 0 183 33012
x 0 33013
p 0 182 33013
x 0 33014
p 0 184 33014
x 0 33015
p 0 182 33015
x 0 33016
p 0 182 33016
x 0 33017
p 0 184 33017
x 0 33018
p 0 182 33018
x 0 33019
p 0 185 33019
x 0 33020
p 0 184 33020
x 0 33021
p 0 127 33021
x 0 33022
p 0 124 33022
x 0 33023
p 0 131 33023
x 0 33024
p 0 132 33024
x 0 33025
p 0 128 33025
x 0 33026
p 0 126 33026
x 0 33027
p 0 125 33027
x 0 33028
p 0 181 33028
x 0 33029
p 0 127 33029
x 0 33030
p 0 183 33030
x 0 33031
p 0 182 33031
x 0 33032
p 0 125 33032
x 0 33033
p 0 182 33033
x 0 33034
p 0 125 33034
x 0 33035
p 0 186 33035
x 0 33036
p 0 125 33036
x 0 33037
p 0 181 33037
x 0 33038
p 0 163 33038
x 0 33039
p 0 127 33039
x 0 33040
p 0 184 33040
x 0 33041
p 0 128 33041
x 0 33042
p 0 182 33042
x 0 33043
p 0 182 33043
x 0 33044
p 0 126 33044
x 0 33045
p 0 184 33045
x 0 33046
p 0 181 33046
x 0 33047
p 0 124 33047
x 0 33048
p 0 260 33048
x 0 33049
p 0 126 33049
x 0 33050
p 0 127 33050
x 0 33051
p 0 181 33051
x 0 33052
p 0 163 33052
x 0 33053
p 0 127 33053
x 0 33054
p 0 185 33054
x 0 33055
p 0 131 33055
x 0 33056
p 0 180 33056
x 0 33057
p 0 185 33057
x 0 33058
p 0 178 33058
x 0 33059
p 0 269 33059
x 0 33060
p 0 122 33060
x 0 33000
h 0 10.0.0.10
p 0 7857 33000
x 1 33001
h 1 10.0.0.10
p 1 786 33001
x 0 33002
p 0 183 33002
x 0 33003
p 0 184 33003
x 0 33004
p 0 181 33004
x 0 33005
p 0 179 33005
x 0 33006
p 0 183 33006
x 0 33007
p 0 247 33007
x 0 33008
p 0 182 33008
x 0 33009
p 0 183 33009
x 0 33010
p 0 184 33010
x 0 33011
p 0 124 33011
x 0 33012
p 0 124 33012
x 0 33013
p 0 181 33013
x 0 33014
p 0 126 33014
x 0 33015
p 0 184 33015
x 0 33016
p 0 183 33016
x 0 33017
p 0 134 33017
x 0 33018
p 0 221 33018
x 0 33019
p 0 128 33019
x 0 33020
p 0 184 33020
x 0 33021
p 0 224 33021
x 0 33022
p 0 125 33022
x 0 33023
p 0 181 33023
x 0 33024
p 0 182 33024
x 0 33025
p 0 124 33025
x 0 33026
p 0 183 33026
x 0 33027
p 0 125 33027
x 0 33028
p 0 233 33028
x 0 33029
p 0 230 33029
x 0 33030
p 0 124 33030
x 0 33031
p 0 182 33031
x 0 33032
p 0 184 33032
x 0 33033
p 0 181 33033
x 0 33034
p 0 183 33034
x 0 33035
p 0 134 33035
x 0 33036
p 0 183 33036
x 0 33037
p 0 182 33037
x 0 33038
p 0 183 33038
x 0 33039
p 0 185 33039
x 0 33040
p 0 180 33040
x 0 33041
p 0 184 33041
x 0 33042
p 0 184 33042
x 0 33043
p 0 178 33043
x 0 33044
p 0 182 33044
x 0 33045
p 0 179 33045
x 0 33046
p 0 181 33046
x 0 33047
p 0 219 33047
x 0 33048
p 0 212 33048
x 0 33049
p 0 183 33049
x 0 33050
p 0 180 33050
x 0 33051
p 0 185 33051
x 0 33052
p 0 181 33052
x 0 33053
p 0 182 33053
x 0 33054
p 0 209 33054
x 0 33055
p 0 181 33055
x 0 33056
p 0 185 33056
x 0 33057
p 0 189 33057
x 0 33058
p 0 186 33058
x 0 33059
p 0 193 33059
x 0 33060
p 0 189 33060
x 0 33000
h 0 10.0.0.10
p 0 8226 33000
x 1 33001
h 1 10.0.0.10
p 1 708 33001
x 0 33002
p 0 183 33002
x 0 33003
p 0 210 33003
x 0 33004
p 0 186 33004
x 0 33005
p 0 223 33005
x 0 33006
p 0 213 33006
x 0 33007
p 0 214 33007
x 0 33008
p 0 183 33008
x 0 33009
p 0 122 33009
x 0 33010
p 0 211 33010
x 0 33011
p 0 121 33011
x 0 33012
p 0 182 33012
x 0 33013
p 0 183 33013
x 0 33014
p 0 214 33014
x 0 33015
p 0 265 33015
x 0 33016
p 0 217 33016
x 0 33017
p 0 182 33017
x 0 33018
p 0 183 33018
x 0 33019
p 0 183 33019
x 0 33020
p 0 181 33020
x 0 33021
p 0 182 33021
x 0 33022
p 0 218 33022
x 0 33023
p 0 184 33023
x 0 33024
p 0 183 33024
x 0 33025
p 0 210 33025
x 0 33026
p 0 184 33026
x 0 33027
p 0 135 33027
x 0 33028
p 0 119 33028
x 0 33029
p 0 122 33029
x 0 33030
p 0 181 33030
x 0 33031
p 0 181 33031
x 0 33032
p 0 311 33032
x 0 33033
p 0 811 33033
x 0 33034
p 0 183 33034
x 0 33035
p 0 183 33035
x 0 33036
p 0 258 33036
x 0 33037
p 0 183 33037
x 0 33038
p 0 185 33038
x 0 33039
p 0 184 33039
x 0 33040
p 0 185 33040
x 0 33041
p 0 184 33041
x 0 33042
p 0 181 33042
x 0 33043
p 0 180 33043
x 0 33044
p 0 206 33044
x 0 33045
p 0 182 33045
x 0 33046
p 0 216 33046
x 0 33047
p 0 123 33047
x 0 33048
p 0 123 33048
x 0 33049
p 0 121 33049
x 0 33050
p 0 123 33050
x 0 33051
p 0 123 33051
x 0 33052
p 0 122 33052
x 0 33053
p 0 127 33053
x 0 33054
p 0 122 33054
x 0 33055
p 0 121 33055
x 0 33056
p 0 123 33056
x 0 33057
p 0 123 33057
x 0 33058
p 0 125 33058
x 0 33059
p 0 126 33059
x 0 33060
p 0 126 33060
x 0 33000
h 0 10.0.0.10
p 0 8433 33000
x 1 33001
h 1 10.0.0.10
p 1 788 33001
x 0 33002
p 0 153 33002
x 0 33003
p 0 185 33003
x 0 33004
p 0 193 33004
x 0 33005
p 0 193 33005
x 0 33006
p 0 200 33006
x 0 33007
p 0 210 33007
x 0 33008
p 0 186 33008
x 0 33009
p 0 197 33009
x 0 33010
p 0 190 33010
x 0 33011
p 0 189 33011
x 0 33012
p 0 193 33012
x 0 33013
p 0 191 33013
x 0 33014
p 0 231 33014
x 0 33015
p 0 196 33015
x 0 33016
p 0 192 33016
x 0 33017
p 0 196 33017
x 0 33018
p 0 230 33018
x 0 33019
p 0 139 33019
x 0 33020
p 0 245 33020
x 0 33021
p 0 213 33021
x 0 33022
p 0 184 33022
x 0 33023
p 0 179 33023
x 0 33024
p 0 190 33024
x 0 33025
p 0 193 33025
x 0 33026
p 0 189 33026
x 0 33027
p 0 188 33027
x 0 33028
p 0 208 33028
x 0 33029
p 0 190 33029
x 0 33030
p 0 196 33030
x 0 33031
p 0 186 33031
x 0 33032
p 0 189 33032
x 0 33033
p 0 180 33033
x 0 33034
p 0 209 33034
x 0 33035
p 0 194 33035
x 0 33036
p 0 186 33036
x 0 33037
p 0 188 33037
x 0 33038
p 0 178 33038
x 0 33039
p 0 188 33039
x 0 33040
p 0 223 33040
x 0 33041
p 0 189 33041
x 0 33042
p 0 187 33042
x 0 33043
p 0 179 33043
x 0 33044
p 0 197 33044
x 0 33045
p 0 194 33045
x 0 33046
p 0 190 33046
x 0 33047
p 0 182 33047
x 0 33048
p 0 183 33048
x 0 33049
p 0 232 33049
x 0 33050
p 0 226 33050
x 0 33051
p 0 190 33051
x 0 33052
p 0 187 33052
x 0 33053
p 0 177 33053
x 0 33054
p 0 192 33054
x 0 33055
p 0 191 33055
x 0 33056
p 0 213 33056
x 0 33057
p 0 192 33057
x 0 33058
p 0 207 33058
x 0 33059
p 0 198 33059
x 0 33060
p 0 199 33060
x 0 33000
h 0 10.0.0.10
p 0 8453 33000
x 1 33001
h 1 10.0.0.10
p 1 978 33001
x 0 33002
p 0 407 33002
x 0 33003
p 0 180 33003
x 0 33004
p 0 216 33004
x 0 33005
p 0 131 33005
x 0 33006
p 0 167 33006
x 0 33007
p 0 209 33007
x 0 33008
p 0 186 33008
x 0 33009
p 0 126 33009
x 0 33010
p 0 160 33010
x 0 33011
p 0 141 33011
x 0 33012
p 0 94 33012
x 0 33013
p 0 169 33013
x 0 33014
p 0 67 33014
x 0 33015
p 0 195 33015
x 0 33016
p 0 175 33016
x 0 33017
p 0 166 33017
x 0 33018
p 0 196 33018
x 0 33019
p 0 172 33019
x 0 33020
p 0 172 33020
x 0 33021
p 0 143 33021
x 0 33022
p 0 175 33022
x 0 33023
p 0 175 33023
x 0 33024
p 0 147 33024
x 0 33025
p 0 175 33025
x 0 33026
p 0 143 33026
x 0 33027
p 0 174 33027
x 0 33028
p 0 158 33028
x 0 33029
p 0 243 33029
x 0 33030
p 0 175 33030
x 0 33031
p 0 146 33031
x 0 33032
p 0 150 33032
x 0 33033
p 0 131 33033
x 0 33034
p 0 115 33034
x 0 33035
p 0 146 33035
x 0 33036
p 0 146 33036
x 0 33037
p 0 309 33037
x 0 33038
p 0 239 33038
x 0 33039
p 0 175 33039
x 0 33040
p 0 157 33040
x 0 33041
p 0 143 33041
x 0 33042
p 0 146 33042
x 0 33043
p 0 149 33043
x 0 33044
p 0 143 33044
x 0 33045
p 0 140 33045
x 0 33046
p 0 145 33046
x 0 33047
p 0 106 33047
x 0 33048
p 0 187 33048
x 0 33049
p 0 154 33049
x 0 33050
p 0 158 33050
x 0 33051
p 0 124 33051
x 0 33052
p 0 184 33052
x 0 33053
p 0 182 33053
x 0 33054
p 0 184 33054
x 0 33055
p 0 127 33055
x 0 33056
p 0 181 33056
x 0 33057
p 0 127 33057
x 0 33058
p 0 246 33058
x 0 33059
p 0 121 33059
x 0 33060
p 0 200 33060
x 0 33000
h 0 10.0.0.10
p 0 7655 33000
x 1 33001
h 1 10.0.0.10
p 1 758 33001
x 0 33002
p 0 220 33002
x 0 33003
p 0 201 33003
x 0 33004
p 0 214 33004
x 0 33005
p 0 184 33005
x 0 33006
p 0 178 33006
x 0 33007
p 0 203 33007
x 0 33008
p 0 176 33008
x 0 33009
p 0 178 33009
x 0 33010
p 0 178 33010
x 0 33011
p 0 178 33011
x 0 33012
p 0 179 33012
x 0 33013
p 0 179 33013
x 0 33014
p 0 196 33014
x 0 33015
p 0 181 33015
x 0 33016
p 0 175 33016
x 0 33017
p 0 177 33017
x 0 33018
p 0 178 33018
x 0 33019
p 0 174 33019
x 0 33020
p 0 181 33020
x 0 33021
p 0 206 33021
x 0 33022
p 0 174 33022
x 0 33023
p 0 178 33023
x 0 33024
p 0 174 33024
x 0 33025
p 0 176 33025
x 0 33026
p 0 176 33026
x 0 33027
p 0 173 33027
x 0 33028
p 0 207 33028
x 0 33029
p 0 177 33029
x 0 33030
p 0 175 33030
x 0 33031
p 0 174 33031
x 0 33032
p 0 172 33032
x 0 33033
p 0 212 33033
x 0 33034
p 0 177 33034
x 0 33035
p 0 176 33035
x 0 33036
p 0 171 33036
x 0 33037
p 0 174 33037
x 0 33038
p 0 178 33038
x 0 33039
p 0 173 33039
x 0 33040
p 0 174 33040
x 0 33041
p 0 174 33041
x 0 33042
p 0 173 33042
x 0 33043
p 0 175 33043
x 0 33044
p 0 176 33044
x 0 33045
p 0 173 33045
x 0 33046
p 0 173 33046
x 0 33047
p 0 174 33047
x 0 33048
p 0 178 33048
x 0 33049
p 0 176 33049
x 0 33050
p 0 177 33050
x 0 33051
p 0 175 33051
x 0 33052
p 0 173 33052
x 0 33053
p 0 173 33053
x 0 33054
p 0 178 33054
x 0 33055
p 0 174 33055
x 0 33056
p 0 194 33056
x 0 33057
p 0 173 33057
x 0 33058
p 0 173 33058
x 0 33059
p 0 174 33059
x 0 33060
p 0 173 33060
x 0 33000
h 0 10.0.0.10
p 0 8237 33000
x 1 33001
h 1 10.0.0.10
p 1 821 33001
x 0 33002
p 0 180 33002
x 0 33003
p 0 178 33003
x 0 33004
p 0 181 33004
x 0 33005
p 0 186 33005
x 0 33006
p 0 187 33006
x 0 33007
p 0 182 33007
x 0 33008
p 0 216 33008
x 0 33009
p 0 180 33009
x 0 33010
p 0 187 33010
x 0 33011
p 0 134 33011
x 0 33012
p 0 122 33012
x 0 33013
p 0 240 33013
x 0 33014
p 0 121 33014
x 0 33015
p 0 197 33015
x 0 33016
p 0 122 33016
x 0 33017
p 0 123 33017
x 0 33018
p 0 122 33018
x 0 33019
p 0 123 33019
x 0 33020
p 0 126 33020
x 0 33021
p 0 182 33021
x 0 33022
p 0 124 33022
x 0 33023
p 0 181 33023
x 0 33024
p 0 185 33024
x 0 33025
p 0 121 33025
x 0 33026
p 0 121 33026
x 0 33027
p 0 182 33027
x 0 33028
p 0 180 33028
x 0 33029
p 0 126 33029
x 0 33030
p 0 180 33030
x 0 33031
p 0 181 33031
x 0 33032
p 0 120 33032
x 0 33033
p 0 180 33033
x 0 33034
p 0 202 33034
x 0 33035
p 0 125 33035
x 0 33036
p 0 181 33036
x 0 33037
p 0 179 33037
x 0 33038
p 0 206 33038
x 0 33039
p 0 125 33039
x 0 33040
p 0 181 33040
x 0 33041
p 0 124 33041
x 0 33042
p 0 177 33042
x 0 33043
p 0 159 33043
x 0 33044
p 0 124 33044
x 0 33045
p 0 256 33045
x 0 33046
p 0 145 33046
x 0 33047
p 0 181 33047
x 0 33048
p 0 124 33048
x 0 33049
p 0 182 33049
x 0 33050
p 0 125 33050
x 0 33051
p 0 185 33051
x 0 33052
p 0 123 33052
x 0 33053
p 0 182 33053
x 0 33054
p 0 123 33054
x 0 33055
p 0 172 33055
x 0 33056
p 0 174 33056
x 0 33057
p 0 133 33057
x 0 33058
p 0 196 33058
x 0 33059
p 0 192 33059
x 0 33060
p 0 173 33060
x 0 33000
x 1 33001
h 0 10.0.0.10
p 0 185970 33000
h 1 10.0.0.10
p 1 88806 33001
x 2 33002
h 2 10.0.0.10
p 2 863 33002
x 0 33003
p 0 265 33003
x 0 33004
p 0 196 33004
x 0 33005
p 0 270 33005
x 0 33006
p 0 243 33006
x 0 33007
p 0 221 33007
x 0 33008
p 0 220 33008
x 0 33009
p 0 245 33009
x 0 33010
p 0 224 33010
x 0 33011
p 0 210 33011
x 0 33012
p 0 241 33012
x 0 33013
p 0 195 33013
x 0 33014
p 0 222 33014
x 0 33015
p 0 259 33015
x 0 33016
p 0 220 33016
x 0 33017
p 0 192 33017
x 0 33018
p 0 184 33018
x 0 33019
p 0 259 33019
x 0 33020
p 0 188 33020
x 0 33021
p 0 219 33021
x 0 33022
p 0 187 33022
x 0 33023
p 0 188 33023
x 0 33024
p 0 185 33024
x 0 33025
p 0 209 33025
x 0 33026
p 0 264 33026
x 0 33027
p 0 190 33027
x 0 33028
p 0 182 33028
x 0 33029
p 0 201 33029
x 0 33030
p 0 200 33030
x 0 33031
p 0 236 33031
x 0 33032
p 0 180 33032
x 0 33033
p 0 233 33033
x 0 33034
p 0 178 33034
x 0 33035
p 0 222 33035
x 0 33036
p 0 175 33036
x 0 33037
p 0 228 33037
x 0 33038
p 0 187 33038
x 0 33039
p 0 181 33039
x 0 33040
p 0 240 33040
x 0 33041
p 0 189 33041
x 0 33042
p 0 182 33042
x 0 33043
p 0 190 33043
x 0 33044
p 0 188 33044
x 0 33045
p 0 196 33045
x 0 33046
p 0 177 33046
x 0 33047
p 0 185 33047
x 0 33048
p 0 190 33048
x 0 33049
p 0 189 33049
x 0 33050
p 0 197 33050
x 0 33051
p 0 181 33051
x 0 33052
p 0 183 33052
x 0 33053
p 0 194 33053
x 0 33054
p 0 195 33054
x 0 33055
p 0 200 33055
x 0 33056
p 0 181 33056
x 0 33057
p 0 178 33057
x 0 33058
p 0 186 33058
x 0 33059
p 0 190 33059
x 0 33060
p 0 195 33060
x 0 33061
p 0 182 33061
x 0 33000
h 0 10.0.0.10
p 0 8703 33000
x 1 33001
h 1 10.0.0.10
p 1 832 33001
x 0 33002
p 0 183 33002
x 0 33003
p 0 176 33003
x 0 33004
p 0 220 33004
x 0 33005
p 0 180 33005
x 0 33006
p 0 194 33006
x 0 33007
p 0 179 33007
x 0 33008
p 0 153 33008
x 0 33009
p 0 161 33009
x 0 33010
p 0 176 33010
x 0 33011
p 0 166 33011
x 0 33012
p 0 152 33012
x 0 33013
p 0 61 33013
x 0 33014
p 0 148 33014
x 0 33015
p 0 150 33015
x 0 33016
p 0 150 33016
x 0 33017
p 0 175 33017
x 0 33018
p 0 107 33018
x 0 33019
p 0 179 33019
x 0 33020
p 0 149 33020
x 0 33021
p 0 148 33021
x 0 33022
p 0 180 33022
x 0 33023
p 0 149 33023
x 0 33024
p 0 152 33024
x 0 33025
p 0 151 33025
x 0 33026
p 0 147 33026
x 0 33027
p 0 149 33027
x 0 33028
p 0 183 33028
x 0 33029
p 0 185 33029
x 0 33030
p 0 186 33030
x 0 33031
p 0 179 33031
x 0 33032
p 0 181 33032
x 0 33033
p 0 185 33033
x 0 33034
p 0 158 33034
x 0 33035
p 0 180 33035
x 0 33036
p 0 193 33036
x 0 33037
p 0 180 33037
x 0 33038
p 0 185 33038
x 0 33039
p 0 181 33039
x 0 33040
p 0 145 33040
x 0 33041
p 0 136 33041
x 0 33042
p 0 138 33042
x 0 33043
p 0 76 33043
x 0 33044
p 0 144 33044
x 0 33045
p 0 210 33045
x 0 33046
p 0 179 33046
x 0 33047
p 0 130 33047
x 0 33048
p 0 167 33048
x 0 33049
p 0 171 33049
x 0 33050
p 0 183 33050
x 0 33051
p 0 182 33051
x 0 33052
p 0 132 33052
x 0 33053
p 0 121 33053
x 0 33054
p 0 184 33054
x 0 33055
p 0 180 33055
x 0 33056
p 0 209 33056
x 0 33057
p 0 181 33057
x 0 33058
p 0 185 33058
x 0 33059
p 0 197 33059
x 0 33060
p 0 205 33060
x 0 33000
h 0 10.0.0.10
p 0 8439 33000
x 1 33001
h 1 10.0.0.10
p 1 905 33001
x 0 33002
p 0 185 33002
x 0 33003
p 0 186 33003
x 0 33004
p 0 185 33004
x 0 33005
p 0 181 33005
x 0 33006
p 0 185 33006
x 0 33007
p 0 176 33007
x 0 33008
p 0 176 33008
x 0 33009
p 0 181 33009
x 0 33010
p 0 177 33010
x 0 33011
p 0 178 33011
x 0 33012
p 0 179 33012
x 0 33013
p 0 180 33013
x 0 33014
p 0 177 33014
x 0 33015
p 0 178 33015
x 0 33016
p 0 179 33016
x 0 33017
p 0 262 33017
x 0 33018
p 0 179 33018
x 0 33019
p 0 178 33019
x 0 33020
p 0 178 33020
x 0 33021
p 0 192 33021
x 0 33022
p 0 160 33022
x 0 33023
p 0 188 33023
x 0 33024
p 0 177 33024
x 0 33025
p 0 176 33025
x 0 33026
p 0 177 33026
x 0 33027
p 0 175 33027
x 0 33028
p 0 176 33028
x 0 33029
p 0 176 33029
x 0 33030
p 0 177 33030
x 0 33031
p 0 175 33031
x 0 33032
p 0 179 33032
x 0 33033
p 0 175 33033
x 0 33034
p 0 176 33034
x 0 33035
p 0 150 33035
x 0 33036
p 0 178 33036
x 0 33037
p 0 176 33037
x 0 33038
p 0 210 33038
x 0 33039
p 0 178 33039
x 0 33040
p 0 177 33040
x 0 33041
p 0 176 33041
x 0 33042
p 0 177 33042
x 0 33043
p 0 174 33043
x 0 33044
p 0 263 33044
x 0 33045
p 0 175 33045
x 0 33046
p 0 173 33046
x 0 33047
p 0 196 33047
x 0 33048
p 0 177 33048
x 0 33049
p 0 181 33049
x 0 33050
p 0 178 33050
x 0 33051
p 0 179 33051
x 0 33052
p 0 179 33052
x 0 33053
p 0 187 33053
x 0 33054
p 0 190 33054
x 0 33055
p 0 69 33055
x 0 33056
p 0 199 33056
x 0 33057
p 0 233 33057
x 0 33058
p 0 206 33058
x 0 33059
p 0 205 33059
x 0 33060
p 0 266 33060
x 0 33000
h 0 10.0.0.10
p 0 8200 33000
x 1 33001
h 1 10.0.0.10
p 1 784 33001
x 0 33002
p 0 221 33002
x 0 33003
p 0 184 33003
x 0 33004
p 0 182 33004
x 0 33005
p 0 178 33005
x 0 33006
p 0 182 33006
x 0 33007
p 0 181 33007
x 0 33008
p 0 177 33008
x 0 33009
p 0 177 33009
x 0 33010
p 0 176 33010
x 0 33011
p 0 181 33011
x 0 33012
p 0 178 33012
x 0 33013
p 0 178 33013
x 0 33014
p 0 180 33014
x 0 33015
p 0 149 33015
x 0 33016
p 0 179 33016
x 0 33017
p 0 179 33017
x 0 33018
p 0 181 33018
x 0 33019
p 0 179 33019
x 0 33020
p 0 136 33020
x 0 33021
p 0 182 33021
x 0 33022
p 0 178 33022
x 0 33023
p 0 180 33023
x 0 33024
p 0 181 33024
x 0 33025
p 0 128 33025
x 0 33026
p 0 182 33026
x 0 33027
p 0 181 33027
x 0 33028
p 0 157 33028
x 0 33029
p 0 163 33029
x 0 33030
p 0 179 33030
x 0 33031
p 0 182 33031
x 0 33032
p 0 154 33032
x 0 33033
p 0 175 33033
x 0 33034
p 0 180 33034
x 0 33035
p 0 179 33035
x 0 33036
p 0 182 33036
x 0 33037
p 0 176 33037
x 0 33038
p 0 179 33038
x 0 33039
p 0 180 33039
x 0 33040
p 0 174 33040
x 0 33041
p 0 177 33041
x 0 33042
p 0 172 33042
x 0 33043
p 0 173 33043
x 0 33044
p 0 173 33044
x 0 33045
p 0 172 33045
x 0 33046
p 0 174 33046
x 0 33047
p 0 172 33047
x 0 33048
p 0 146 33048
x 0 33049
p 0 172 33049
x 0 33050
p 0 176 33050
x 0 33051
p 0 175 33051
x 0 33052
p 0 174 33052
x 0 33053
p 0 174 33053
x 0 33054
p 0 178 33054
x 0 33055
p 0 193 33055
x 0 33056
p 0 191 33056
x 0 33057
p 0 184 33057
x 0 33058
p 0 179 33058
x 0 33059
p 0 191 33059
x 0 33060
p 0 184 33060
x 0 33000
h 0 10.0.0.10
p 0 8634 33000
x 1 33001
h 1 10.0.0.10
p 1 920 33001
x 0 33002
p 0 178 33002
x 0 33003
p 0 177 33003
x 0 33004
p 0 176 33004
x 0 33005
p 0 183 33005
x 0 33006
p 0 178 33006
x 0 33007
p 0 179 33007
x 0 33008
p 0 179 33008
x 0 33009
p 0 177 33009
x 0 33010
p 0 178 33010
x 0 33011
p 0 178 33011
x 0 33012
p 0 128 33012
x 0 33013
p 0 179 33013
x 0 33014
p 0 177 33014
x 0 33015
p 0 178 33015
x 0 33016
p 0 357 33016
x 0 33017
p 0 177 33017
x 0 33018
p 0 179 33018
x 0 33019
p 0 180 33019
x 0 33020
p 0 149 33020
x 0 33021
p 0 177 33021
x 0 33022
p 0 176 33022
x 0 33023
p 0 176 33023
x 0 33024
p 0 179 33024
x 0 33025
p 0 179 33025
x 0 33026
p 0 182 33026
x 0 33027
p 0 179 33027
x 0 33028
p 0 180 33028
x 0 33029
p 0 176 33029
x 0 33030
p 0 175 33030
x 0 33031
p 0 177 33031
x 0 33032
p 0 176 33032
x 0 33033
p 0 175 33033
x 0 33034
p 0 176 33034
x 0 33035
p 0 178 33035
x 0 33036
p 0 176 33036
x 0 33037
p 0 176 33037
x 0 33038
p 0 177 33038
x 0 33039
p 0 178 33039
x 0 33040
p 0 179 33040
x 0 33041
p 0 174 33041
x 0 33042
p 0 175 33042
x 0 33043
p 0 177 33043
x 0 33044
p 0 178 33044
x 0 33045
p 0 179 33045
x 0 33046
p 0 179 33046
x 0 33047
p 0 178 33047
x 0 33048
p 0 179 33048
x 0 33049
p 0 177 33049
x 0 33050
p 0 180 33050
x 0 33051
p 0 181 33051
x 0 33052
p 0 178 33052
x 0 33053
p 0 182 33053
x 0 33054
p 0 182 33054
x 0 33055
p 0 186 33055
x 0 33056
p 0 191 33056
x 0 33057
p 0 203 33057
x 0 33058
p 0 188 33058
x 0 33059
p 0 200 33059
x 0 33060
p 0 196 33060
x 0 33000
h 0 10.0.0.10
p 0 8619 33000
x 1 33001
h 1 10.0.0.10
p 1 786 33001
x 0 33002
p 0 158 33002
x 0 33003
p 0 175 33003
x 0 33004
p 0 177 33004
x 0 33005
p 0 173 33005
x 0 33006
p 0 179 33006
x 0 33007
p 0 176 33007
x 0 33008
p 0 178 33008
x 0 33009
p 0 177 33009
x 0 33010
p 0 176 33010
x 0 33011
p 0 179 33011
x 0 33012
p 0 179 33012
x 0 33013
p 0 177 33013
x 0 33014
p 0 179 33014
x 0 33015
p 0 181 33015
x 0 33016
p 0 179 33016
x 0 33017
p 0 182 33017
x 0 33018
p 0 229 33018
x 0 33019
p 0 180 33019
x 0 33020
p 0 221 33020
x 0 33021
p 0 179 33021
x 0 33022
p 0 178 33022
x 0 33023
p 0 178 33023
x 0 33024
p 0 178 33024
x 0 33025
p 0 179 33025
x 0 33026
p 0 181 33026
x 0 33027
p 0 180 33027
x 0 33028
p 0 179 33028
x 0 33029
p 0 181 33029
x 0 33030
p 0 179 33030
x 0 33031
p 0 179 33031
x 0 33032
p 0 178 33032
x 0 33033
p 0 159 33033
x 0 33034
p 0 252 33034
x 0 33035
p 0 220 33035
x 0 33036
p 0 184 33036
x 0 33037
p 0 167 33037
x 0 33038
p 0 205 33038
x 0 33039
p 0 220 33039
x 0 33040
p 0 213 33040
x 0 33041
p 0 202 33041
x 0 33042
p 0 173 33042
x 0 33043
p 0 202 33043
x 0 33044
p 0 182 33044
x 0 33045
p 0 143 33045
x 0 33046
p 0 175 33046
x 0 33047
p 0 168 33047
x 0 33048
p 0 195 33048
x 0 33049
p 0 143 33049
x 0 33050
p 0 177 33050
x 0 33051
p 0 142 33051
x 0 33052
p 0 146 33052
x 0 33053
p 0 174 33053
x 0 33054
p 0 144 33054
x 0 33055
p 0 151 33055
x 0 33056
p 0 142 33056
x 0 33057
p 0 146 33057
x 0 33058
p 0 392 33058
x 0 33059
p 0 209 33059
x 0 33060
p 0 195 33060
x 0 33000
h 0 10.0.0.10
p 0 8135 33000
x 1 33001
h 1 10.0.0.10
p 1 890 33001
x 0 33002
p 0 178 33002
x 0 33003
p 0 152 33003
x 0 33004
p 0 145 33004
x 0 33005
p 0 142 33005
x 0 33006
p 0 146 33006
x 0 33007
p 0 142 33007
x 0 33008
p 0 143 33008
x 0 33009
p 0 141 33009
x 0 33010
p 0 131 33010
x 0 33011
p 0 249 33011
x 0 33012
p 0 126 33012
x 0 33013
p 0 113 33013
x 0 33014
p 0 128 33014
x 0 33015
p 0 176 33015
x 0 33016
p 0 182 33016
x 0 33017
p 0 145 33017
x 0 33018
p 0 214 33018
x 0 33019
p 0 146 33019
x 0 33020
p 0 153 33020
x 0 33021
p 0 147 33021
x 0 33022
p 0 181 33022
x 0 33023
p 0 144 33023
x 0 33024
p 0 156 33024
x 0 33025
p 0 183 33025
x 0 33026
p 0 180 33026
x 0 33027
p 0 144 33027
x 0 33028
p 0 143 33028
x 0 33029
p 0 145 33029
x 0 33030
p 0 182 33030
x 0 33031
p 0 142 33031
x 0 33032
p 0 152 33032
x 0 33033
p 0 147 33033
x 0 33034
p 0 143 33034
x 0 33035
p 0 147 33035
x 0 33036
p 0 152 33036
x 0 33037
p 0 145 33037
x 0 33038
p 0 180 33038
x 0 33039
p 0 147 33039
x 0 33040
p 0 150 33040
x 0 33041
p 0 143 33041
x 0 33042
p 0 180 33042
x 0 33043
p 0 179 33043
x 0 33044
p 0 146 33044
x 0 33045
p 0 144 33045
x 0 33046
p 0 181 33046
x 0 33047
p 0 143 33047
x 0 33048
p 0 141 33048
x 0 33049
p 0 145 33049
x 0 33050
p 0 144 33050
x 0 33051
p 0 163 33051
x 0 33052
p 0 150 33052
x 0 33053
p 0 146 33053
x 0 33054
p 0 157 33054
x 0 33055
p 0 148 33055
x 0 33056
p 0 147 33056
x 0 33057
p 0 151 33057
x 0 33058
p 0 191 33058
x 0 33059
p 0 196 33059
x 0 33060
p 0 203 33060
x 0 33000
h 0 10.0.0.10
p 0 7609 33000
x 1 33001
h 1 10.0.0.10
p 1 815 33001
x 0 33002
p 0 180 33002
x 0 33003
p 0 176 33003
x 0 33004
p 0 176 33004
x 0 33005
p 0 178 33005
x 0 33006
p 0 207 33006
x 0 33007
p 0 177 33007
x 0 33008
p 0 229 33008
x 0 33009
p 0 174 33009
x 0 33010
p 0 178 33010
x 0 33011
p 0 178 33011
x 0 33012
p 0 178 33012
x 0 33013
p 0 179 33013
x 0 33014
p 0 178 33014
x 0 33015
p 0 178 33015
x 0 33016
p 0 236 33016
x 0 33017
p 0 236 33017
x 0 33018
p 0 238 33018
x 0 33019
p 0 178 33019
x 0 33020
p 0 154 33020
x 0 33021
p 0 182 33021
x 0 33022
p 0 83 33022
x 0 33023
p 0 179 33023
x 0 33024
p 0 178 33024
x 0 33025
p 0 179 33025
x 0 33026
p 0 178 33026
x 0 33027
p 0 176 33027
x 0 33028
p 0 150 33028
x 0 33029
p 0 179 33029
x 0 33030
p 0 179 33030
x 0 33031
p 0 314 33031
x 0 33032
p 0 302 33032
x 0 33033
p 0 321 33033
x 0 33034
p 0 365 33034
x 0 33035
p 0 120 33035
x 0 33036
p 0 307 33036
x 0 33037
p 0 284 33037
x 0 33038
p 0 406 33038
x 0 33039
p 0 309 33039
x 0 33040
p 0 312 33040
x 0 33041
p 0 302 33041
x 0 33042
p 0 406 33042
x 0 33043
p 0 324 33043
x 0 33044
p 0 324 33044
x 0 33045
p 0 326 33045
x 0 33046
p 0 366 33046
x 0 33047
p 0 310 33047
x 0 33048
p 0 326 33048
x 0 33049
p 0 307 33049
x 0 33050
p 0 412 33050
x 0 33051
p 0 323 33051
x 0 33052
p 0 311 33052
x 0 33053
p 0 325 33053
x 0 33054
p 0 365 33054
x 0 33055
p 0 186 33055
x 0 33056
p 0 180 33056
x 0 33057
p 0 183 33057
x 0 33058
p 0 204 33058
x 0 33059
p 0 180 33059
x 0 33060
p 0 211 33060
x 0 33000
h 0 10.0.0.10
p 0 7094 33000
x 1 33001
h 1 10.0.0.10
p 1 740 33001
x 0 33002
p 0 176 33002
x 0 33003
p 0 180 33003
x 0 33004
p 0 181 33004
x 0 33005
p 0 176 33005
x 0 33006
p 0 182 33006
x 0 33007
p 0 211 33007
x 0 33008
p 0 179 33008
x 0 33009
p 0 176 33009
x 0 33010
p 0 180 33010
x 0 33011
p 0 176 33011
x 0 33012
p 0 180 33012
x 0 33013
p 0 268 33013
x 0 33014
p 0 210 33014
x 0 33015
p 0 179 33015
x 0 33016
p 0 178 33016
x 0 33017
p 0 414 33017
x 0 33018
p 0 182 33018
x 0 33019
p 0 180 33019
x 0 33020
p 0 183 33020
x 0 33021
p 0 212 33021
x 0 33022
p 0 178 33022
x 0 33023
p 0 179 33023
x 0 33024
p 0 178 33024
x 0 33025
p 0 181 33025
x 0 33026
p 0 181 33026
x 0 33027
p 0 171 33027
x 0 33028
p 0 175 33028
x 0 33029
p 0 178 33029
x 0 33030
p 0 176 33030
x 0 33031
p 0 173 33031
x 0 33032
p 0 174 33032
x 0 33033
p 0 128 33033
x 0 33034
p 0 132 33034
x 0 33035
p 0 132 33035
x 0 33036
p 0 147 33036
x 0 33037
p 0 145 33037
x 0 33038
p 0 145 33038
x 0 33039
p 0 181 33039
x 0 33040
p 0 128 33040
x 0 33041
p 0 127 33041
x 0 33042
p 0 124 33042
x 0 33043
p 0 127 33043
x 0 33044
p 0 127 33044
x 0 33045
p 0 126 33045
x 0 33046
p 0 148 33046
x 0 33047
p 0 177 33047
x 0 33048
p 0 177 33048
x 0 33049
p 0 178 33049
x 0 33050
p 0 187 33050
x 0 33051
p 0 177 33051
x 0 33052
p 0 174 33052
x 0 33053
p 0 175 33053
x 0 33054
p 0 181 33054
x 0 33055
p 0 183 33055
x 0 33056
p 0 176 33056
x 0 33057
p 0 179 33057
x 0 33058
p 0 175 33058
x 0 33059
p 0 177 33059
x 0 33060
p 0 178 33060
x 0 33000
h 0 10.0.0.10
p 0 8320 33000
x 1 33001
h 1 10.0.0.10
p 1 818 33001
x 0 33002
p 0 298 33002
x 0 33003
p 0 184 33003
x 0 33004
p 0 185 33004
x 0 33005
p 0 182 33005
x 0 33006
p 0 181 33006
x 0 33007
p 0 181 33007
x 0 33008
p 0 180 33008
x 0 33009
p 0 181 33009
x 0 33010
p 0 180 33010
x 0 33011
p 0 185 33011
x 0 33012
p 0 183 33012
x 0 33013
p 0 181 33013
x 0 33014
p 0 182 33014
x 0 33015
p 0 182 33015
x 0 33016
p 0 262 33016
x 0 33017
p 0 182 33017
x 0 33018
p 0 216 33018
x 0 33019
p 0 182 33019
x 0 33020
p 0 184 33020
x 0 33021
p 0 182 33021
x 0 33022
p 0 178 33022
x 0 33023
p 0 175 33023
x 0 33024
p 0 180 33024
x 0 33025
p 0 180 33025
x 0 33026
p 0 180 33026
x 0 33027
p 0 176 33027
x 0 33028
p 0 174 33028
x 0 33029
p 0 179 33029
x 0 33030
p 0 177 33030
x 0 33031
p 0 178 33031
x 0 33032
p 0 178 33032
x 0 33033
p 0 178 33033
x 0 33034
p 0 177 33034
x 0 33035
p 0 177 33035
x 0 33036
p 0 180 33036
x 0 33037
p 0 178 33037
x 0 33038
p 0 175 33038
x 0 33039
p 0 178 33039
x 0 33040
p 0 176 33040
x 0 33041
p 0 175 33041
x 0 33042
p 0 175 33042
x 0 33043
p 0 174 33043
x 0 33044
p 0 179 33044
x 0 33045
p 0 177 33045
x 0 33046
p 0 176 33046
x 0 33047
p 0 177 33047
x 0 33048
p 0 176 33048
x 0 33049
p 0 179 33049
x 0 33050
p 0 266 33050
x 0 33051
p 0 176 33051
x 0 33052
p 0 204 33052
x 0 33053
p 0 175 33053
x 0 33054
p 0 178 33054
x 0 33055
p 0 178 33055
x 0 33056
p 0 178 33056
x 0 33057
p 0 242 33057
x 0 33058
p 0 225 33058
x 0 33059
p 0 189 33059
x 0 33060
p 0 191 33060
x 0 33000
h 0 10.0.0.10
p 0 8515 33000
x 1 33001
h 1 10.0.0.10
p 1 777 33001
x 0 33002
p 0 181 33002
x 0 33003
p 0 177 33003
x 0 33004
p 0 176 33004
x 0 33005
p 0 176 33005
x 0 33006
p 0 177 33006
x 0 33007
p 0 176 33007
x 0 33008
p 0 174 33008
x 0 33009
p 0 175 33009
x 0 33010
p 0 175 33010
x 0 33011
p 0 177 33011
x 0 33012
p 0 178 33012
x 0 33013
p 0 206 33013
x 0 33014
p 0 178 33014
x 0 33015
p 0 252 33015
x 0 33016
p 0 187 33016
x 0 33017
p 0 247 33017
x 0 33018
p 0 181 33018
x 0 33019
p 0 179 33019
x 0 33020
p 0 177 33020
x 0 33021
p 0 126 33021
x 0 33022
p 0 209 33022
x 0 33023
p 0 177 33023
x 0 33024
p 0 177 33024
x 0 33025
p 0 178 33025
x 0 33026
p 0 180 33026
x 0 33027
p 0 177 33027
x 0 33028
p 0 181 33028
x 0 33029
p 0 180 33029
x 0 33030
p 0 181 33030
x 0 33031
p 0 178 33031
x 0 33032
p 0 175 33032
x 0 33033
p 0 194 33033
x 0 33034
p 0 156 33034
x 0 33035
p 0 180 33035
x 0 33036
p 0 176 33036
x 0 33037
p 0 179 33037
x 0 33038
p 0 180 33038
x 0 33039
p 0 182 33039
x 0 33040
p 0 180 33040
x 0 33041
p 0 180 33041
x 0 33042
p 0 185 33042
x 0 33043
p 0 181 33043
x 0 33044
p 0 177 33044
x 0 33045
p 0 168 33045
x 0 33046
p 0 180 33046
x 0 33047
p 0 216 33047
x 0 33048
p 0 153 33048
x 0 33049
p 0 154 33049
x 0 33050
p 0 214 33050
x 0 33051
p 0 192 33051
x 0 33052
p 0 235 33052
x 0 33053
p 0 320 33053
x 0 33054
p 0 393 33054
x 0 33055
p 0 274 33055
x 0 33056
p 0 192 33056
x 0 33057
p 0 191 33057
x 0 33058
p 0 190 33058
x 0 33059
p 0 191 33059
x 0 33060
p 0 190 33060
x 0 33000
h 0 10.0.0.10
p 0 7579 33000
x 1 33001
h 1 10.0.0.10
p 1 799 33001
x 0 33002
p 0 182 33002
x 0 33003
p 0 180 33003
x 0 33004
p 0 180 33004
x 0 33005
p 0 182 33005
x 0 33006
p 0 179 33006
x 0 33007
p 0 175 33007
x 0 33008
p 0 176 33008
x 0 33009
p 0 179 33009
x 0 33010
p 0 178 33010
x 0 33011
p 0 176 33011
x 0 33012
p 0 189 33012
x 0 33013
p 0 177 33013
x 0 33014
p 0 176 33014
x 0 33015
p 0 174 33015
x 0 33016
p 0 175 33016
x 0 33017
p 0 173 33017
x 0 33018
p 0 173 33018
x 0 33019
p 0 174 33019
x 0 33020
p 0 174 33020
x 0 33021
p 0 177 33021
x 0 33022
p 0 175 33022
x 0 33023
p 0 171 33023
x 0 33024
p 0 176 33024
x 0 33025
p 0 175 33025
x 0 33026
p 0 179 33026
x 0 33027
p 0 175 33027
x 0 33028
p 0 176 33028
x 0 33029
p 0 176 33029
x 0 33030
p 0 174 33030
x 0 33031
p 0 179 33031
x 0 33032
p 0 174 33032
x 0 33033
p 0 173 33033
x 0 33034
p 0 172 33034
x 0 33035
p 0 177 33035
x 0 33036
p 0 174 33036
x 0 33037
p 0 175 33037
x 0 33038
p 0 175 33038
x 0 33039
p 0 178 33039
x 0 33040
p 0 177 33040
x 0 33041
p 0 181 33041
x 0 33042
p 0 176 33042
x 0 33043
p 0 175 33043
x 0 33044
p 0 175 33044
x 0 33045
p 0 178 33045
x 0 33046
p 0 177 33046
x 0 33047
p 0 177 33047
x 0 33048
p 0 175 33048
x 0 33049
p 0 179 33049
x 0 33050
p 0 182 33050
x 0 33051
p 0 184 33051
x 0 33052
p 0 177 33052
x 0 33053
p 0 174 33053
x 0 33054
p 0 176 33054
x 0 33055
p 0 187 33055
x 0 33056
p 0 180 33056
x 0 33057
p 0 179 33057
x 0 33058
p 0 177 33058
x 0 33059
p 0 188 33059
x 0 33060
p 0 186 33060
x 0 33000
h 0 10.0.0.10
p 0 7780 33000
x 1 33001
h 1 10.0.0.10
p 1 930 33001
x 0 33002
p 0 227 33002
x 0 33003
p 0 224 33003
x 0 33004
p 0 182 33004
x 0 33005
p 0 222 33005
x 0 33006
p 0 206 33006
x 0 33007
p 0 204 33007
x 0 33008
p 0 176 33008
x 0 33009
p 0 206 33009
x 0 33010
p 0 201 33010
x 0 33011
p 0 179 33011
x 0 33012
p 0 177 33012
x 0 33013
p 0 181 33013
x 0 33014
p 0 208 33014
x 0 33015
p 0 176 33015
x 0 33016
p 0 208 33016
x 0 33017
p 0 178 33017
x 0 33018
p 0 177 33018
x 0 33019
p 0 176 33019
x 0 33020
p 0 178 33020
x 0 33021
p 0 208 33021
x 0 33022
p 0 205 33022
x 0 33023
p 0 174 33023
x 0 33024
p 0 174 33024
x 0 33025
p 0 187 33025
x 0 33026
p 0 182 33026
x 0 33027
p 0 176 33027
x 0 33028
p 0 180 33028
x 0 33029
p 0 179 33029
x 0 33030
p 0 185 33030
x 0 33031
p 0 182 33031
x 0 33032
p 0 181 33032
x 0 33033
p 0 179 33033
x 0 33034
p 0 180 33034
x 0 33035
p 0 88 33035
x 0 33036
p 0 179 33036
x 0 33037
p 0 178 33037
x 0 33038
p 0 178 33038
x 0 33039
p 0 180 33039
x 0 33040
p 0 269 33040
x 0 33041
p 0 255 33041
x 0 33042
p 0 178 33042
x 0 33043
p 0 186 33043
x 0 33044
p 0 233 33044
x 0 33045
p 0 180 33045
x 0 33046
p 0 180 33046
x 0 33047
p 0 179 33047
x 0 33048
p 0 180 33048
x 0 33049
p 0 180 33049
x 0 33050
p 0 182 33050
x 0 33051
p 0 213 33051
x 0 33052
p 0 179 33052
x 0 33053
p 0 178 33053
x 0 33054
p 0 178 33054
x 0 33055
p 0 183 33055
x 0 33056
p 0 179 33056
x 0 33057
p 0 184 33057
x 0 33058
p 0 215 33058
x 0 33059
p 0 187 33059
x 0 33060
p 0 192 33060
x 0 33000
h 0 10.0.0.10
p 0 8728 33000
x 1 33001
h 1 10.0.0.10
p 1 859 33001
x 0 33002
p 0 182 33002
x 0 33003
p 0 180 33003
x 0 33004
p 0 179 33004
x 0 33005
p 0 179 33005
x 0 33006
p 0 181 33006
x 0 33007
p 0 175 33007
x 0 33008
p 0 177 33008
x 0 33009
p 0 179 33009
x 0 33010
p 0 177 33010
x 0 33011
p 0 226 33011
x 0 33012
p 0 178 33012
x 0 33013
p 0 150 33013
x 0 33014
p 0 182 33014
x 0 33015
p 0 174 33015
x 0 33016
p 0 178 33016
x 0 33017
p 0 178 33017
x 0 33018
p 0 178 33018
x 0 33019
p 0 87 33019
x 0 33020
p 0 179 33020
x 0 33021
p 0 153 33021
x 0 33022
p 0 186 33022
x 0 33023
p 0 179 33023
x 0 33024
p 0 178 33024
x 0 33025
p 0 178 33025
x 0 33026
p 0 186 33026
x 0 33027
p 0 179 33027
x 0 33028
p 0 155 33028
x 0 33029
p 0 100 33029
x 0 33030
p 0 180 33030
x 0 33031
p 0 143 33031
x 0 33032
p 0 178 33032
x 0 33033
p 0 149 33033
x 0 33034
p 0 180 33034
x 0 33035
p 0 180 33035
x 0 33036
p 0 152 33036
x 0 33037
p 0 180 33037
x 0 33038
p 0 178 33038
x 0 33039
p 0 182 33039
x 0 33040
p 0 178 33040
x 0 33041
p 0 180 33041
x 0 33042
p 0 140 33042
x 0 33043
p 0 139 33043
x 0 33044
p 0 130 33044
x 0 33045
p 0 355 33045
x 0 33046
p 0 564 33046
x 0 33047
p 0 126 33047
x 0 33048
p 0 125 33048
x 0 33049
p 0 235 33049
x 0 33050
p 0 178 33050
x 0 33051
p 0 182 33051
x 0 33052
p 0 182 33052
x 0 33053
p 0 178 33053
x 0 33054
p 0 182 33054
x 0 33055
p 0 182 33055
x 0 33056
p 0 231 33056
x 0 33057
p 0 138 33057
x 0 33058
p 0 178 33058
x 0 33059
p 0 170 33059
x 0 33060
p 0 182 33060
x 0 33000
h 0 10.0.0.10
p 0 7798 33000
x 1 33001
h 1 10.0.0.10
p 1 815 33001
x 0 33002
p 0 180 33002
x 0 33003
p 0 178 33003
x 0 33004
p 0 178 33004
x 0 33005
p 0 177 33005
x 0 33006
p 0 75 33006
x 0 33007
p 0 263 33007
x 0 33008
p 0 181 33008
x 0 33009
p 0 262 33009
x 0 33010
p 0 203 33010
x 0 33011
p 0 177 33011
x 0 33012
p 0 190 33012
x 0 33013
p 0 178 33013
x 0 33014
p 0 210 33014
x 0 33015
p 0 176 33015
x 0 33016
p 0 174 33016
x 0 33017
p 0 176 33017
x 0 33018
p 0 208 33018
x 0 33019
p 0 176 33019
x 0 33020
p 0 174 33020
x 0 33021
p 0 174 33021
x 0 33022
p 0 175 33022
x 0 33023
p 0 179 33023
x 0 33024
p 0 178 33024
x 0 33025
p 0 176 33025
x 0 33026
p 0 218 33026
x 0 33027
p 0 178 33027
x 0 33028
p 0 176 33028
x 0 33029
p 0 176 33029
x 0 33030
p 0 247 33030
x 0 33031
p 0 144 33031
x 0 33032
p 0 147 33032
x 0 33033
p 0 173 33033
x 0 33034
p 0 171 33034
x 0 33035
p 0 150 33035
x 0 33036
p 0 174 33036
x 0 33037
p 0 172 33037
x 0 33038
p 0 171 33038
x 0 33039
p 0 149 33039
x 0 33040
p 0 174 33040
x 0 33041
p 0 173 33041
x 0 33042
p 0 172 33042
x 0 33043
p 0 145 33043
x 0 33044
p 0 179 33044
x 0 33045
p 0 175 33045
x 0 33046
p 0 173 33046
x 0 33047
p 0 153 33047
x 0 33048
p 0 174 33048
x 0 33049
p 0 177 33049
x 0 33050
p 0 172 33050
x 0 33051
p 0 175 33051
x 0 33052
p 0 175 33052
x 0 33053
p 0 174 33053
x 0 33054
p 0 175 33054
x 0 33055
p 0 157 33055
x 0 33056
p 0 105 33056
x 0 33057
p 0 188 33057
x 0 33058
p 0 179 33058
x 0 33059
p 0 167 33059
x 0 33060
p 0 185 33060
x 0 33000
h 0 10.0.0.10
p 0 8135 33000
x 1 33001
h 1 10.0.0.10
p 1 812 33001
x 0 33002
p 0 182 33002
x 0 33003
p 0 198 33003
x 0 33004
p 0 201 33004
x 0 33005
p 0 210 33005
x 0 33006
p 0 180 33006
x 0 33007
p 0 208 33007
x 0 33008
p 0 122 33008
x 0 33009
p 0 122 33009
x 0 33010
p 0 134 33010
x 0 33011
p 0 178 33011
x 0 33012
p 0 179 33012
x 0 33013
p 0 206 33013
x 0 33014
p 0 183 33014
x 0 33015
p 0 161 33015
x 0 33016
p 0 179 33016
x 0 33017
p 0 179 33017
x 0 33018
p 0 179 33018
x 0 33019
p 0 183 33019
x 0 33020
p 0 179 33020
x 0 33021
p 0 180 33021
x 0 33022
p 0 179 33022
x 0 33023
p 0 126 33023
x 0 33024
p 0 183 33024
x 0 33025
p 0 181 33025
x 0 33026
p 0 137 33026
x 0 33027
p 0 179 33027
x 0 33028
p 0 224 33028
x 0 33029
p 0 179 33029
x 0 33030
p 0 179 33030
x 0 33031
p 0 175 33031
x 0 33032
p 0 178 33032
x 0 33033
p 0 177 33033
x 0 33034
p 0 177 33034
x 0 33035
p 0 177 33035
x 0 33036
p 0 178 33036
x 0 33037
p 0 178 33037
x 0 33038
p 0 176 33038
x 0 33039
p 0 182 33039
x 0 33040
p 0 179 33040
x 0 33041
p 0 177 33041
x 0 33042
p 0 218 33042
x 0 33043
p 0 177 33043
x 0 33044
p 0 182 33044
x 0 33045
p 0 180 33045
x 0 33046
p 0 181 33046
x 0 33047
p 0 177 33047
x 0 33048
p 0 178 33048
x 0 33049
p 0 167 33049
x 0 33050
p 0 181 33050
x 0 33051
p 0 188 33051
x 0 33052
p 0 228 33052
x 0 33053
p 0 218 33053
x 0 33054
p 0 240 33054
x 0 33055
p 0 229 33055
x 0 33056
p 0 225 33056
x 0 33057
p 0 229 33057
x 0 33058
p 0 234 33058
x 0 33059
p 0 244 33059
x 0 33060
p 0 205 33060
x 0 33000
h 0 10.0.0.10
p 0 9473 33000
x 1 33001
h 1 10.0.0.10
p 1 815 33001
x 0 33002
p 0 180 33002
x 0 33003
p 0 182 33003
x 0 33004
p 0 224 33004
x 0 33005
p 0 177 33005
x 0 33006
p 0 178 33006
x 0 33007
p 0 174 33007
x 0 33008
p 0 118 33008
x 0 33009
p 0 177 33009
x 0 33010
p 0 154 33010
x 0 33011
p 0 155 33011
x 0 33012
p 0 179 33012
x 0 33013
p 0 178 33013
x 0 33014
p 0 179 33014
x 0 33015
p 0 179 33015
x 0 33016
p 0 180 33016
x 0 33017
p 0 177 33017
x 0 33018
p 0 155 33018
x 0 33019
p 0 179 33019
x 0 33020
p 0 152 33020
x 0 33021
p 0 178 33021
x 0 33022
p 0 158 33022
x 0 33023
p 0 156 33023
x 0 33024
p 0 180 33024
x 0 33025
p 0 179 33025
x 0 33026
p 0 155 33026
x 0 33027
p 0 151 33027
x 0 33028
p 0 179 33028
x 0 33029
p 0 153 33029
x 0 33030
p 0 183 33030
x 0 33031
p 0 179 33031
x 0 33032
p 0 176 33032
x 0 33033
p 0 177 33033
x 0 33034
p 0 178 33034
x 0 33035
p 0 174 33035
x 0 33036
p 0 177 33036
x 0 33037
p 0 175 33037
x 0 33038
p 0 179 33038
x 0 33039
p 0 179 33039
x 0 33040
p 0 179 33040
x 0 33041
p 0 178 33041
x 0 33042
p 0 176 33042
x 0 33043
p 0 176 33043
x 0 33044
p 0 177 33044
x 0 33045
p 0 180 33045
x 0 33046
p 0 205 33046
x 0 33047
p 0 177 33047
x 0 33048
p 0 179 33048
x 0 33049
p 0 178 33049
x 0 33050
p 0 177 33050
x 0 33051
p 0 177 33051
x 0 33052
p 0 177 33052
x 0 33053
p 0 175 33053
x 0 33054
p 0 214 33054
x 0 33055
p 0 176 33055
x 0 33056
p 0 174 33056
x 0 33057
p 0 179 33057
x 0 33058
p 0 186 33058
x 0 33059
p 0 192 33059
x 0 33060
p 0 177 33060
x 0 33000
h 0 10.0.0.10
p 0 7913 33000
x 1 33001
h 1 10.0.0.10
p 1 808 33001
x 0 33002
p 0 182 33002
x 0 33003
p 0 179 33003
x 0 33004
p 0 203 33004
x 0 33005
p 0 176 33005
x 0 33006
p 0 180 33006
x 0 33007
p 0 175 33007
x 0 33008
p 0 178 33008
x 0 33009
p 0 175 33009
x 0 33010
p 0 179 33010
x 0 33011
p 0 176 33011
x 0 33012
p 0 178 33012
x 0 33013
p 0 179 33013
x 0 33014
p 0 180 33014
x 0 33015
p 0 183 33015
x 0 33016
p 0 182 33016
x 0 33017
p 0 178 33017
x 0 33018
p 0 179 33018
x 0 33019
p 0 180 33019
x 0 33020
p 0 180 33020
x 0 33021
p 0 214 33021
x 0 33022
p 0 179 33022
x 0 33023
p 0 180 33023
x 0 33024
p 0 180 33024
x 0 33025
p 0 182 33025
x 0 33026
p 0 219 33026
x 0 33027
p 0 222 33027
x 0 33028
p 0 180 33028
x 0 33029
p 0 179 33029
x 0 33030
p 0 205 33030
x 0 33031
p 0 187 33031
x 0 33032
p 0 179 33032
x 0 33033
p 0 177 33033
x 0 33034
p 0 203 33034
x 0 33035
p 0 180 33035
x 0 33036
p 0 179 33036
x 0 33037
p 0 176 33037
x 0 33038
p 0 229 33038
x 0 33039
p 0 239 33039
x 0 33040
p 0 180 33040
x 0 33041
p 0 177 33041
x 0 33042
p 0 236 33042
x 0 33043
p 0 178 33043
x 0 33044
p 0 179 33044
x 0 33045
p 0 186 33045
x 0 33046
p 0 201 33046
x 0 33047
p 0 179 33047
x 0 33048
p 0 178 33048
x 0 33049
p 0 178 33049
x 0 33050
p 0 202 33050
x 0 33051
p 0 177 33051
x 0 33052
p 0 179 33052
x 0 33053
p 0 183 33053
x 0 33054
p 0 183 33054
x 0 33055
p 0 193 33055
x 0 33056
p 0 218 33056
x 0 33057
p 0 187 33057
x 0 33058
p 0 186 33058
x 0 33059
p 0 184 33059
x 0 33060
p 0 198 33060
x 0 33000
h 0 10.0.0.10
p 0 8665 33000
x 1 33001
h 1 10.0.0.10
p 1 1146 33001
x 0 33002
p 0 184 33002
x 0 33003
p 0 184 33003
x 0 33004
p 0 263 33004
x 0 33005
p 0 182 33005
x 0 33006
p 0 180 33006
x 0 33007
p 0 191 33007
x 0 33008
p 0 180 33008
x 0 33009
p 0 180 33009
x 0 33010
p 0 178 33010
x 0 33011
p 0 178 33011
x 0 33012
p 0 177 33012
x 0 33013
p 0 180 33013
x 0 33014
p 0 182 33014
x 0 33015
p 0 186 33015
x 0 33016
p 0 132 33016
x 0 33017
p 0 183 33017
x 0 33018
p 0 182 33018
x 0 33019
p 0 183 33019
x 0 33020
p 0 183 33020
x 0 33021
p 0 184 33021
x 0 33022
p 0 182 33022
x 0 33023
p 0 112 33023
x 0 33024
p 0 156 33024
x 0 33025
p 0 236 33025
x 0 33026
p 0 179 33026
x 0 33027
p 0 177 33027
x 0 33028
p 0 155 33028
x 0 33029
p 0 185 33029
x 0 33030
p 0 178 33030
x 0 33031
p 0 145 33031
x 0 33032
p 0 152 33032
x 0 33033
p 0 146 33033
x 0 33034
p 0 152 33034
x 0 33035
p 0 146 33035
x 0 33036
p 0 171 33036
x 0 33037
p 0 173 33037
x 0 33038
p 0 174 33038
x 0 33039
p 0 234 33039
x 0 33040
p 0 173 33040
x 0 33041
p 0 173 33041
x 0 33042
p 0 173 33042
x 0 33043
p 0 171 33043
x 0 33044
p 0 183 33044
x 0 33045
p 0 174 33045
x 0 33046
p 0 103 33046
x 0 33047
p 0 193 33047
x 0 33048
p 0 175 33048
x 0 33049
p 0 188 33049
x 0 33050
p 0 206 33050
x 0 33051
p 0 136 33051
x 0 33052
p 0 127 33052
x 0 33053
p 0 173 33053
x 0 33054
p 0 189 33054
x 0 33055
p 0 191 33055
x 0 33056
p 0 123 33056
x 0 33057
p 0 182 33057
x 0 33058
p 0 123 33058
x 0 33059
p 0 193 33059
x 0 33060
p 0 126 33060
x 0 33000
h 0 10.0.0.10
p 0 7871 33000
x 1 33001
h 1 10.0.0.10
p 1 1346 33001
x 0 33002
p 0 180 33002
x 0 33003
p 0 198 33003
x 0 33004
p 0 178 33004
x 0 33005
p 0 207 33005
x 0 33006
p 0 180 33006
x 0 33007
p 0 227 33007
x 0 33008
p 0 234 33008
x 0 33009
p 0 176 33009
x 0 33010
p 0 69 33010
x 0 33011
p 0 180 33011
x 0 33012
p 0 238 33012
x 0 33013
p 0 194 33013
x 0 33014
p 0 225 33014
x 0 33015
p 0 219 33015
x 0 33016
p 0 236 33016
x 0 33017
p 0 343 33017
x 0 33018
p 0 135 33018
x 0 33019
p 0 125 33019
x 0 33020
p 0 127 33020
x 0 33021
p 0 124 33021
x 0 33022
p 0 124 33022
x 0 33023
p 0 304 33023
x 0 33024
p 0 157 33024
x 0 33025
p 0 257 33025
x 0 33026
p 0 175 33026
x 0 33027
p 0 220 33027
x 0 33028
p 0 199 33028
x 0 33029
p 0 731 33029
x 0 33030
p 0 182 33030
x 0 33031
p 0 290 33031
x 0 33032
p 0 237 33032
x 0 33033
p 0 306 33033
x 0 33034
p 0 326 33034
x 0 33035
p 0 320 33035
x 0 33036
p 0 288 33036
x 0 33037
p 0 279 33037
x 0 33038
p 0 410 33038
x 0 33039
p 0 323 33039
x 0 33040
p 0 275 33040
x 0 33041
p 0 319 33041
x 0 33042
p 0 376 33042
x 0 33043
p 0 290 33043
x 0 33044
p 0 285 33044
x 0 33045
p 0 319 33045
x 0 33046
p 0 365 33046
x 0 33047
p 0 318 33047
x 0 33048
p 0 282 33048
x 0 33049
p 0 325 33049
x 0 33050
p 0 418 33050
x 0 33051
p 0 297 33051
x 0 33052
p 0 280 33052
x 0 33053
p 0 259 33053
x 0 33054
p 0 179 33054
x 0 33055
p 0 184 33055
x 0 33056
p 0 185 33056
x 0 33057
p 0 183 33057
x 0 33058
p 0 184 33058
x 0 33059
p 0 190 33059
x 0 33060
p 0 189 33060
x 0 33000
h 0 10.0.0.10
p 0 7961 33000
x 1 33001
h 1 10.0.0.10
p 1 782 33001
x 0 33002
p 0 177 33002
x 0 33003
p 0 177 33003
x 0 33004
p 0 178 33004
x 0 33005
p 0 180 33005
x 0 33006
p 0 256 33006
x 0 33007
p 0 180 33007
x 0 33008
p 0 181 33008
x 0 33009
p 0 184 33009
x 0 33010
p 0 222 33010
x 0 33011
p 0 182 33011
x 0 33012
p 0 182 33012
x 0 33013
p 0 291 33013
x 0 33014
p 0 182 33014
x 0 33015
p 0 183 33015
x 0 33016
p 0 182 33016
x 0 33017
p 0 181 33017
x 0 33018
p 0 181 33018
x 0 33019
p 0 184 33019
x 0 33020
p 0 185 33020
x 0 33021
p 0 182 33021
x 0 33022
p 0 182 33022
x 0 33023
p 0 183 33023
x 0 33024
p 0 179 33024
x 0 33025
p 0 184 33025
x 0 33026
p 0 184 33026
x 0 33027
p 0 176 33027
x 0 33028
p 0 178 33028
x 0 33029
p 0 180 33029
x 0 33030
p 0 181 33030
x 0 33031
p 0 177 33031
x 0 33032
p 0 176 33032
x 0 33033
p 0 175 33033
x 0 33034
p 0 206 33034
x 0 33035
p 0 181 33035
x 0 33036
p 0 181 33036
x 0 33037
p 0 176 33037
x 0 33038
p 0 230 33038
x 0 33039
p 0 177 33039
x 0 33040
p 0 183 33040
x 0 33041
p 0 224 33041
x 0 33042
p 0 176 33042
x 0 33043
p 0 178 33043
x 0 33044
p 0 179 33044
x 0 33045
p 0 336 33045
x 0 33046
p 0 181 33046
x 0 33047
p 0 177 33047
x 0 33048
p 0 181 33048
x 0 33049
p 0 176 33049
x 0 33050
p 0 179 33050
x 0 33051
p 0 181 33051
x 0 33052
p 0 174 33052
x 0 33053
p 0 177 33053
x 0 33054
p 0 175 33054
x 0 33055
p 0 182 33055
x 0 33056
p 0 179 33056
x 0 33057
p 0 174 33057
x 0 33058
p 0 177 33058
x 0 33059
p 0 179 33059
x 0 33060
p 0 197 33060
x 0 33000
h 0 10.0.0.10
p 0 8278 33000
x 1 33001
h 1 10.0.0.10
p 1 778 33001
x 0 33002
p 0 178 33002
x 0 33003
p 0 177 33003
x 0 33004
p 0 212 33004
x 0 33005
p 0 179 33005
x 0 33006
p 0 181 33006
x 0 33007
p 0 178 33007
x 0 33008
p 0 178 33008
x 0 33009
p 0 179 33009
x 0 33010
p 0 177 33010
x 0 33011
p 0 180 33011
x 0 33012
p 0 177 33012
x 0 33013
p 0 177 33013
x 0 33014
p 0 177 33014
x 0 33015
p 0 263 33015
x 0 33016
p 0 176 33016
x 0 33017
p 0 178 33017
x 0 33018
p 0 185 33018
x 0 33019
p 0 184 33019
x 0 33020
p 0 182 33020
x 0 33021
p 0 178 33021
x 0 33022
p 0 176 33022
x 0 33023
p 0 178 33023
x 0 33024
p 0 178 33024
x 0 33025
p 0 173 33025
x 0 33026
p 0 177 33026
x 0 33027
p 0 174 33027
x 0 33028
p 0 174 33028
x 0 33029
p 0 176 33029
x 0 33030
p 0 176 33030
x 0 33031
p 0 176 33031
x 0 33032
p 0 178 33032
x 0 33033
p 0 180 33033
x 0 33034
p 0 178 33034
x 0 33035
p 0 176 33035
x 0 33036
p 0 177 33036
x 0 33037
p 0 173 33037
x 0 33038
p 0 173 33038
x 0 33039
p 0 179 33039
x 0 33040
p 0 172 33040
x 0 33041
p 0 177 33041
x 0 33042
p 0 94 33042
x 0 33043
p 0 174 33043
x 0 33044
p 0 179 33044
x 0 33045
p 0 178 33045
x 0 33046
p 0 180 33046
x 0 33047
p 0 175 33047
x 0 33048
p 0 174 33048
x 0 33049
p 0 180 33049
x 0 33050
p 0 144 33050
x 0 33051
p 0 175 33051
x 0 33052
p 0 176 33052
x 0 33053
p 0 175 33053
x 0 33054
p 0 187 33054
x 0 33055
p 0 182 33055
x 0 33056
p 0 190 33056
x 0 33057
p 0 180 33057
x 0 33058
p 0 177 33058
x 0 33059
p 0 187 33059
x 0 33060
p 0 180 33060
x 0 33000
h 0 10.0.0.10
p 0 8413 33000
x 1 33001
h 1 10.0.0.10
p 1 888 33001
x 0 33002
p 0 206 33002
x 0 33003
p 0 178 33003
x 0 33004
p 0 135 33004
x 0 33005
p 0 174 33005
x 0 33006
p 0 177 33006
x 0 33007
p 0 175 33007
x 0 33008
p 0 171 33008
x 0 33009
p 0 171 33009
x 0 33010
p 0 172 33010
x 0 33011
p 0 172 33011
x 0 33012
p 0 171 33012
x 0 33013
p 0 171 33013
x 0 33014
p 0 172 33014
x 0 33015
p 0 171 33015
x 0 33016
p 0 170 33016
x 0 33017
p 0 175 33017
x 0 33018
p 0 174 33018
x 0 33019
p 0 176 33019
x 0 33020
p 0 175 33020
x 0 33021
p 0 174 33021
x 0 33022
p 0 175 33022
x 0 33023
p 0 176 33023
x 0 33024
p 0 174 33024
x 0 33025
p 0 174 33025
x 0 33026
p 0 176 33026
x 0 33027
p 0 174 33027
x 0 33028
p 0 170 33028
x 0 33029
p 0 173 33029
x 0 33030
p 0 173 33030
x 0 33031
p 0 171 33031
x 0 33032
p 0 172 33032
x 0 33033
p 0 175 33033
x 0 33034
p 0 175 33034
x 0 33035
p 0 173 33035
x 0 33036
p 0 173 33036
x 0 33037
p 0 172 33037
x 0 33038
p 0 173 33038
x 0 33039
p 0 175 33039
x 0 33040
p 0 148 33040
x 0 33041
p 0 171 33041
x 0 33042
p 0 174 33042
x 0 33043
p 0 173 33043
x 0 33044
p 0 174 33044
x 0 33045
p 0 176 33045
x 0 33046
p 0 173 33046
x 0 33047
p 0 160 33047
x 0 33048
p 0 145 33048
x 0 33049
p 0 180 33049
x 0 33050
p 0 179 33050
x 0 33051
p 0 177 33051
x 0 33052
p 0 210 33052
x 0 33053
p 0 148 33053
x 0 33054
p 0 149 33054
x 0 33055
p 0 149 33055
x 0 33056
p 0 175 33056
x 0 33057
p 0 175 33057
x 0 33058
p 0 189 33058
x 0 33059
p 0 189 33059
x 0 33060
p 0 192 33060
x 0 33000
h 0 10.0.0.10
p 0 8210 33000
x 1 33001
h 1 10.0.0.10
p 1 835 33001
x 0 33002
p 0 180 33002
x 0 33003
p 0 179 33003
x 0 33004
p 0 193 33004
x 0 33005
p 0 181 33005
x 0 33006
p 0 184 33006
x 0 33007
p 0 179 33007
x 0 33008
p 0 177 33008
x 0 33009
p 0 178 33009
x 0 33010
p 0 180 33010
x 0 33011
p 0 178 33011
x 0 33012
p 0 178 33012
x 0 33013
p 0 180 33013
x 0 33014
p 0 178 33014
x 0 33015
p 0 180 33015
x 0 33016
p 0 203 33016
x 0 33017
p 0 213 33017
x 0 33018
p 0 179 33018
x 0 33019
p 0 181 33019
x 0 33020
p 0 182 33020
x 0 33021
p 0 222 33021
x 0 33022
p 0 177 33022
x 0 33023
p 0 177 33023
x 0 33024
p 0 179 33024
x 0 33025
p 0 237 33025
x 0 33026
p 0 174 33026
x 0 33027
p 0 172 33027
x 0 33028
p 0 173 33028
x 0 33029
p 0 177 33029
x 0 33030
p 0 175 33030
x 0 33031
p 0 143 33031
x 0 33032
p 0 176 33032
x 0 33033
p 0 174 33033
x 0 33034
p 0 144 33034
x 0 33035
p 0 171 33035
x 0 33036
p 0 174 33036
x 0 33037
p 0 223 33037
x 0 33038
p 0 173 33038
x 0 33039
p 0 174 33039
x 0 33040
p 0 171 33040
x 0 33041
p 0 171 33041
x 0 33042
p 0 241 33042
x 0 33043
p 0 178 33043
x 0 33044
p 0 174 33044
x 0 33045
p 0 151 33045
x 0 33046
p 0 175 33046
x 0 33047
p 0 174 33047
x 0 33048
p 0 240 33048
x 0 33049
p 0 174 33049
x 0 33050
p 0 175 33050
x 0 33051
p 0 222 33051
x 0 33052
p 0 173 33052
x 0 33053
p 0 229 33053
x 0 33054
p 0 152 33054
x 0 33055
p 0 177 33055
x 0 33056
p 0 180 33056
x 0 33057
p 0 179 33057
x 0 33058
p 0 176 33058
x 0 33059
p 0 181 33059
x 0 33060
p 0 177 33060
